Wells (G - ground energy, D - dissociation limit, kcal/mol):
                            W         G         D
                C5O2nexammeze         0      1.28
      FakeW-C5H6O(645)z+OH(4)       -26       -23

Bimolecular Products (G - ground energy, kcal/mol):
                      P         G
      C5H6O(645)z+OH(4)       -23

Well-to-Bimolecular Barriers (H/G - barrier height/well depth, kcal/mol)
                            B         H                       W         G                 P
      FakeB-C5H6O(645)z+OH(4)       -23 FakeW-C5H6O(645)z+OH(4)       -26 C5H6O(645)z+OH(4)

Well-to-Well Barriers (H/G - barrier height/well depth, kcal/mol):
            B         H                      W1        G1                      W2        G2
      ts_3_45      1.28           C5O2nexammeze         0 FakeW-C5H6O(645)z+OH(4)       -26

Bound Groups: dissociation barrier (name/ground energy, kcal/mol): wells (name/ground energy, kcal/mol):
     C1/-23:  FakeW-C5H6O(645)z+OH(4)/-26

     B1/1.28:  C5O2nexammeze/0

________________________________________________________________________________________

Names Translation Tables (<short name> - <original name>):
Wells:
   W1 - C5O2nexammeze
   W2 - FakeW-C5H6O(645)z+OH(4)
Bimolecular products:
   P1 - C5H6O(645)z+OH(4)
Inner Barriers:
   B1 - ts_3_45
Outer Barriers:
   C1 - FakeB-C5H6O(645)z+OH(4)
Unimolecular Rate Units: 1/sec;  Bimolecular Rate Units: cm^3/sec

______________________________________________________________________________________

Species-Species Rate Tables:

Temperature = 500 K

High Pressure Rate Coefficients:

From\To         W1        W2        P1
W1             ***   2.1e+12       ***
W2            1.23       ***  1.36e+14
P1             ***  2.41e-10       ***

Temperature = 500 K    Pressure = 0.1 atm

From\To         W1        W2        P1
W1        3.33e+10 -2.13e+04  3.33e+10
W2       -3.66e-13  7.43e+10  7.43e+10
P1        3.31e-26  1.17e-13  1.17e-13

Temperature = 500 K    Pressure = 1 atm

From\To         W1        W2        P1
W1        9.81e+10  6.25e+04  9.81e+10
W2        1.65e-12  3.62e+11  3.62e+11
P1           1e-25  6.08e-13  6.08e-13

Temperature = 500 K    Pressure = 10 atm

From\To         W1        W2        P1
W1        2.44e+11  5.88e+05  2.44e+11
W2        -7.9e-12  1.48e+12  1.48e+12
P1        2.52e-25  2.57e-12  2.57e-12

Temperature = 500 K    Pressure = 100 atm

From\To         W1        W2        P1
W1        5.14e+11  4.52e+06  5.14e+11
W2        -7.7e-11  4.97e+12  4.97e+12
P1        5.32e-25  8.77e-12  8.77e-12

Temperature = 600 K

High Pressure Rate Coefficients:

From\To         W1        W2        P1
W1             ***   2.6e+12       ***
W2            95.3       ***  1.82e+14
P1             ***  2.48e-10       ***

Temperature = 600 K    Pressure = 0.1 atm

From\To         W1        W2        P1
W1        2.73e+10       ***  2.73e+10
W2             ***       ***       ***
P1         1.3e-24       ***  4.19e-23

Temperature = 600 K    Pressure = 1 atm

From\To         W1        W2        P1
W1        8.05e+10  1.35e+05  8.05e+10
W2        2.77e-10   9.6e+11   9.6e+11
P1        3.96e-24  1.13e-12  1.13e-12

Temperature = 600 K    Pressure = 10 atm

From\To         W1        W2        P1
W1        2.05e+11  1.19e+06  2.05e+11
W2       -4.42e-09  3.07e+12  3.07e+12
P1        1.02e-23  3.98e-12  3.98e-12

Temperature = 600 K    Pressure = 100 atm

From\To         W1        W2        P1
W1         4.5e+11  7.56e+06   4.5e+11
W2       -4.14e-08  8.71e+12  8.71e+12
P1        2.24e-23  1.17e-11  1.17e-11

Temperature = 700 K

High Pressure Rate Coefficients:

From\To         W1        W2        P1
W1             ***  3.04e+12       ***
W2        2.09e+03       ***  2.14e+14
P1             ***  2.54e-10       ***

Temperature = 700 K    Pressure = 0.1 atm

From\To         W1        W2        P1
W1        1.99e+10       ***  1.99e+10
W2             ***       ***       ***
P1        1.57e-23       ***  4.88e-24

Temperature = 700 K    Pressure = 1 atm

From\To         W1        W2        P1
W1        5.97e+10       ***  5.97e+10
W2             ***       ***       ***
P1        4.83e-23       ***  6.02e-23

Temperature = 700 K    Pressure = 10 atm

From\To         W1        W2        P1
W1        1.57e+11  1.72e+06  1.57e+11
W2       -4.54e-07  5.32e+12  5.32e+12
P1        1.28e-22  5.85e-12  5.85e-12

Temperature = 700 K    Pressure = 100 atm

From\To         W1        W2        P1
W1         3.6e+11  9.81e+06   3.6e+11
W2       -4.09e-06  1.32e+13  1.32e+13
P1        2.94e-22  1.54e-11  1.54e-11

Temperature = 800 K

High Pressure Rate Coefficients:

From\To         W1        W2        P1
W1             ***  3.44e+12       ***
W2        2.09e+04       ***  2.31e+14
P1             ***   2.6e-10       ***

Temperature = 800 K    Pressure = 0.1 atm

From\To         W1        W2        P1
W1        1.54e+10       ***  1.54e+10
W2             ***       ***       ***
P1        1.02e-22       ***  9.23e-23

Temperature = 800 K    Pressure = 1 atm

From\To         W1        W2        P1
W1        4.65e+10       ***  4.65e+10
W2             ***       ***       ***
P1        3.14e-22       ***  3.11e-22

Temperature = 800 K    Pressure = 10 atm

From\To         W1        W2        P1
W1        1.25e+11  1.86e+06  1.25e+11
W2        1.05e-05  6.98e+12  6.98e+12
P1        8.49e-22  7.05e-12  7.05e-12

Temperature = 800 K    Pressure = 100 atm

From\To         W1        W2        P1
W1        2.94e+11  1.03e+07  2.94e+11
W2         0.00042  1.61e+13  1.61e+13
P1        2.01e-21  1.76e-11  1.76e-11

Temperature = 900 K

High Pressure Rate Coefficients:

From\To         W1        W2        P1
W1             ***  3.79e+12       ***
W2        1.24e+05       ***  2.38e+14
P1             ***  2.65e-10       ***

Temperature = 900 K    Pressure = 0.1 atm

From\To         W1        W2        P1
W1        1.18e+10       ***  1.18e+10
W2             ***       ***       ***
P1        4.16e-22       ***  4.06e-22

Temperature = 900 K    Pressure = 1 atm

From\To         W1        W2        P1
W1         3.6e+10       ***   3.6e+10
W2             ***       ***       ***
P1         1.3e-21       ***   1.3e-21

Temperature = 900 K    Pressure = 10 atm

From\To         W1        W2        P1
W1        9.81e+10   1.8e+06  9.81e+10
W2         0.00013  8.23e+12  8.23e+12
P1        3.56e-21  8.03e-12  8.03e-12

Temperature = 900 K    Pressure = 100 atm

From\To         W1        W2        P1
W1        2.38e+11  9.81e+06  2.38e+11
W2         0.00552   1.8e+13   1.8e+13
P1        8.64e-21  1.95e-11  1.95e-11

Temperature = 1e+03 K

High Pressure Rate Coefficients:

From\To         W1        W2        P1
W1             ***  4.11e+12       ***
W2        5.11e+05       ***  2.37e+14
P1             ***   2.7e-10       ***

Temperature = 1e+03 K    Pressure = 0.1 atm

From\To         W1        W2        P1
W1        9.31e+09       ***  9.31e+09
W2             ***       ***       ***
P1        1.27e-21       ***  1.26e-21

Temperature = 1e+03 K    Pressure = 1 atm

From\To         W1        W2        P1
W1        2.84e+10       ***  2.84e+10
W2             ***       ***       ***
P1        3.98e-21       ***  3.98e-21

Temperature = 1e+03 K    Pressure = 10 atm

From\To         W1        W2        P1
W1        7.87e+10  1.71e+06  7.87e+10
W2         0.00215  8.72e+12  8.72e+12
P1        1.11e-20  8.54e-12  8.54e-12

Temperature = 1e+03 K    Pressure = 100 atm

From\To         W1        W2        P1
W1        1.95e+11  9.31e+06  1.95e+11
W2            0.08  1.86e+13  1.86e+13
P1        2.75e-20  2.04e-11  2.04e-11

Temperature = 1.1e+03 K

High Pressure Rate Coefficients:

From\To         W1        W2        P1
W1             ***  4.41e+12       ***
W2        1.62e+06       ***  2.32e+14
P1             ***  2.74e-10       ***

Temperature = 1.1e+03 K    Pressure = 0.1 atm

From\To         W1        W2        P1
W1        7.67e+09       ***  7.67e+09
W2             ***       ***       ***
P1        3.22e-21       ***  3.21e-21

Temperature = 1.1e+03 K    Pressure = 1 atm

From\To         W1        W2        P1
W1        2.35e+10       ***  2.35e+10
W2             ***       ***       ***
P1        1.01e-20       ***  1.01e-20

Temperature = 1.1e+03 K    Pressure = 10 atm

From\To         W1        W2        P1
W1        6.55e+10  3.34e+06  6.55e+10
W2          0.0768  9.47e+12  9.47e+12
P1        2.84e-20  9.45e-12  9.45e-12

Temperature = 1.1e+03 K    Pressure = 100 atm

From\To         W1        W2        P1
W1        1.64e+11   1.8e+07  1.64e+11
W2            2.47  1.96e+13  1.96e+13
P1        7.14e-20  2.22e-11  2.22e-11

Temperature = 1.2e+03 K

High Pressure Rate Coefficients:

From\To         W1        W2        P1
W1             ***  4.68e+12       ***
W2        4.24e+06       ***  2.24e+14
P1             ***  2.78e-10       ***

Temperature = 1.2e+03 K    Pressure = 0.1 atm

From\To         W1        W2        P1
W1        6.75e+09       ***  6.75e+09
W2             ***       ***       ***
P1        7.32e-21       ***  7.31e-21

Temperature = 1.2e+03 K    Pressure = 1 atm

From\To         W1        W2        P1
W1        2.06e+10       ***  2.06e+10
W2             ***       ***       ***
P1        2.29e-20       ***  2.29e-20

Temperature = 1.2e+03 K    Pressure = 10 atm

From\To         W1        W2        P1
W1        5.76e+10   1.3e+07  5.76e+10
W2             1.9  9.78e+12  9.78e+12
P1        6.45e-20  1.01e-11  1.01e-11

Temperature = 1.2e+03 K    Pressure = 100 atm

From\To         W1        W2        P1
W1        1.45e+11  8.17e+07  1.45e+11
W2            50.1  1.98e+13  1.98e+13
P1        1.63e-19  2.35e-11  2.35e-11

Temperature = 1.3e+03 K

High Pressure Rate Coefficients:

From\To         W1        W2        P1
W1             ***  4.94e+12       ***
W2        9.53e+06       ***  2.14e+14
P1             ***  2.82e-10       ***

Temperature = 1.3e+03 K    Pressure = 0.1 atm

From\To         W1        W2        P1
W1        5.63e+09       ***  5.63e+09
W2             ***       ***       ***
P1        1.38e-20       ***  1.38e-20

Temperature = 1.3e+03 K    Pressure = 1 atm

From\To         W1        W2        P1
W1        1.72e+10       ***  1.72e+10
W2             ***       ***       ***
P1        4.33e-20       ***  4.33e-20

Temperature = 1.3e+03 K    Pressure = 10 atm

From\To         W1        W2        P1
W1        4.85e+10  4.89e+07  4.85e+10
W2            28.4  9.62e+12  9.62e+12
P1        1.23e-19  1.05e-11  1.05e-11

Temperature = 1.3e+03 K    Pressure = 100 atm

From\To         W1        W2        P1
W1        1.24e+11   3.2e+08  1.24e+11
W2             496  1.92e+13  1.92e+13
P1        3.15e-19  2.42e-11  2.42e-11

Temperature = 1.4e+03 K

High Pressure Rate Coefficients:

From\To         W1        W2        P1
W1             ***  5.19e+12       ***
W2        1.91e+07       ***  2.03e+14
P1             ***  2.86e-10       ***

Temperature = 1.4e+03 K    Pressure = 0.1 atm

From\To         W1        W2        P1
W1        5.12e+09       ***  5.12e+09
W2             ***       ***       ***
P1        2.55e-20       ***  2.55e-20

Temperature = 1.4e+03 K    Pressure = 1 atm

From\To         W1        W2        P1
W1        1.56e+10       ***  1.56e+10
W2             ***       ***       ***
P1        7.97e-20       ***  7.97e-20

Temperature = 1.4e+03 K    Pressure = 10 atm

From\To         W1        W2        P1
W1        4.39e+10  2.21e+08  4.37e+10
W2             372  1.01e+13  1.01e+13
P1        2.26e-19  1.16e-11  1.16e-11

Temperature = 1.4e+03 K    Pressure = 100 atm

From\To         W1        W2        P1
W1        1.13e+11  1.19e+09  1.12e+11
W2        3.76e+03  1.97e+13  1.97e+13
P1        5.78e-19  2.63e-11  2.63e-11

Temperature = 1.5e+03 K

High Pressure Rate Coefficients:

From\To         W1        W2        P1
W1             ***  5.42e+12       ***
W2        3.48e+07       ***  1.92e+14
P1             ***  2.89e-10       ***

Temperature = 1.5e+03 K    Pressure = 0.1 atm

From\To         W1        W2        P1
W1        4.48e+09       ***  4.48e+09
W2             ***       ***       ***
P1        4.16e-20       ***  4.16e-20

Temperature = 1.5e+03 K    Pressure = 1 atm

From\To         W1        W2        P1
W1        1.36e+10       ***  1.36e+10
W2             ***       ***       ***
P1         1.3e-19       ***   1.3e-19

Temperature = 1.5e+03 K    Pressure = 10 atm

From\To         W1        W2        P1
W1        3.86e+10  5.27e+08  3.81e+10
W2        1.96e+03  9.53e+12  9.53e+12
P1        3.69e-19  1.17e-11  1.17e-11

Temperature = 1.5e+03 K    Pressure = 100 atm

From\To         W1        W2        P1
W1        9.99e+10  2.42e+09  9.75e+10
W2        1.39e+04  1.85e+13  1.85e+13
P1        9.44e-19  2.65e-11  2.65e-11

Temperature = 1.6e+03 K

High Pressure Rate Coefficients:

From\To         W1        W2        P1
W1             ***  5.64e+12       ***
W2        5.89e+07       ***  1.81e+14
P1             ***  2.92e-10       ***

Temperature = 1.6e+03 K    Pressure = 0.1 atm

From\To         W1        W2        P1
W1        3.77e+09       ***  3.77e+09
W2             ***       ***       ***
P1         6.1e-20       ***   6.1e-20

Temperature = 1.6e+03 K    Pressure = 1 atm

From\To         W1        W2        P1
W1        1.16e+10       ***  1.16e+10
W2             ***       ***       ***
P1        1.92e-19       ***  1.92e-19

Temperature = 1.6e+03 K    Pressure = 10 atm

From\To         W1        W2        P1
W1         3.3e+10   1.3e+09  3.17e+10
W2        8.68e+03  9.53e+12  9.53e+12
P1        5.42e-19  1.24e-11  1.24e-11

Temperature = 1.6e+03 K    Pressure = 100 atm

From\To         W1        W2        P1
W1        8.63e+10  5.04e+09  8.13e+10
W2         4.8e+04  1.82e+13  1.82e+13
P1        1.38e-18  2.79e-11  2.79e-11

Temperature = 1.7e+03 K

High Pressure Rate Coefficients:

From\To         W1        W2        P1
W1             ***  5.86e+12       ***
W2        9.36e+07       ***   1.7e+14
P1             ***  2.95e-10       ***

Temperature = 1.7e+03 K    Pressure = 0.1 atm

From\To         W1        W2        P1
W1        2.98e+09       ***  2.98e+09
W2             ***       ***       ***
P1        7.98e-20       ***  7.99e-20

Temperature = 1.7e+03 K    Pressure = 1 atm

From\To         W1        W2        P1
W1        9.43e+09       ***  9.43e+09
W2             ***       ***       ***
P1        2.58e-19       ***  2.58e-19

Temperature = 1.7e+03 K    Pressure = 10 atm

From\To         W1        W2        P1
W1        2.74e+10  2.04e+09  2.54e+10
W2        2.33e+04  9.12e+12  9.12e+12
P1        7.22e-19  1.31e-11  1.31e-11

Temperature = 1.7e+03 K    Pressure = 100 atm

From\To         W1        W2        P1
W1        7.28e+10  7.66e+09  6.52e+10
W2        1.15e+05  1.75e+13  1.75e+13
P1        1.82e-18   2.9e-11   2.9e-11

Temperature = 1.8e+03 K

High Pressure Rate Coefficients:

From\To         W1        W2        P1
W1             ***  6.06e+12       ***
W2        1.41e+08       ***   1.6e+14
P1             ***  2.98e-10       ***

Temperature = 1.8e+03 K    Pressure = 0.1 atm

From\To         W1        W2        P1
W1        2.56e+09       ***  2.56e+09
W2             ***       ***       ***
P1        1.07e-19       ***  1.07e-19

Temperature = 1.8e+03 K    Pressure = 1 atm

From\To         W1        W2        P1
W1        8.45e+09       ***  8.46e+09
W2             ***       ***       ***
P1        3.62e-19       ***  3.62e-19

Temperature = 1.8e+03 K    Pressure = 10 atm

From\To         W1        W2        P1
W1        2.49e+10  3.39e+09  2.15e+10
W2        4.39e+04  8.71e+12  8.71e+12
P1        1.01e-18   1.3e-11   1.3e-11

Temperature = 1.8e+03 K    Pressure = 100 atm

From\To         W1        W2        P1
W1        6.67e+10  1.14e+10  5.53e+10
W2        2.49e+05  1.65e+13  1.65e+13
P1        2.45e-18   2.9e-11   2.9e-11

Temperature = 1.9e+03 K

High Pressure Rate Coefficients:

From\To         W1        W2        P1
W1             ***  6.26e+12       ***
W2        2.05e+08       ***  1.51e+14
P1             ***     3e-10       ***

Temperature = 1.9e+03 K    Pressure = 0.1 atm

From\To         W1        W2        P1
W1        2.01e+09       ***  2.02e+09
W2             ***       ***       ***
P1        1.26e-19       ***  1.26e-19

Temperature = 1.9e+03 K    Pressure = 1 atm

From\To         W1        W2        P1
W1        7.26e+09       ***  7.26e+09
W2             ***       ***       ***
P1        4.67e-19       ***  4.67e-19

Temperature = 1.9e+03 K    Pressure = 10 atm

From\To         W1        W2        P1
W1        2.21e+10  4.75e+09  1.73e+10
W2        6.83e+04  8.36e+12  8.36e+12
P1        1.32e-18  1.34e-11  1.34e-11

Temperature = 1.9e+03 K    Pressure = 100 atm

From\To         W1        W2        P1
W1           6e+10  1.53e+10  4.48e+10
W2        4.71e+05  1.57e+13  1.57e+13
P1        3.02e-18  2.97e-11  2.97e-11

Temperature = 2e+03 K

High Pressure Rate Coefficients:

From\To         W1        W2        P1
W1             ***  6.45e+12       ***
W2        2.85e+08       ***  1.42e+14
P1             ***  3.03e-10       ***

Temperature = 2e+03 K    Pressure = 0.1 atm

From\To         W1        W2        P1
W1        1.42e+09       ***  1.42e+09
W2             ***       ***       ***
P1         1.3e-19       ***   1.3e-19

Temperature = 2e+03 K    Pressure = 1 atm

From\To         W1        W2        P1
W1         5.9e+09       ***   5.9e+09
W2             ***       ***       ***
P1        5.51e-19       ***  5.52e-19

Temperature = 2e+03 K    Pressure = 10 atm

From\To         W1        W2        P1
W1         1.9e+10  6.05e+09   1.3e+10
W2        6.94e+04  8.06e+12  8.06e+12
P1        1.67e-18  1.39e-11  1.39e-11

Temperature = 2e+03 K    Pressure = 100 atm

From\To         W1        W2        P1
W1         5.3e+10  1.89e+10  3.41e+10
W2        7.92e+05   1.5e+13   1.5e+13
P1         3.4e-18  3.05e-11  3.05e-11

______________________________________________________________________________________

High Pressure Rate Coefficients (Temperature-Species Rate Tables):

Reactant = W1
   T(K)        W1        W2        P1
    500       ***   2.1e+12       ***
    600       ***   2.6e+12       ***
    700       ***  3.04e+12       ***
    800       ***  3.44e+12       ***
    900       ***  3.79e+12       ***
  1e+03       ***  4.11e+12       ***
1.1e+03       ***  4.41e+12       ***
1.2e+03       ***  4.68e+12       ***
1.3e+03       ***  4.94e+12       ***
1.4e+03       ***  5.19e+12       ***
1.5e+03       ***  5.42e+12       ***
1.6e+03       ***  5.64e+12       ***
1.7e+03       ***  5.86e+12       ***
1.8e+03       ***  6.06e+12       ***
1.9e+03       ***  6.26e+12       ***
  2e+03       ***  6.45e+12       ***

Reactant = W2
   T(K)        W1        W2        P1
    500      1.23       ***  1.36e+14
    600      95.3       ***  1.82e+14
    700  2.09e+03       ***  2.14e+14
    800  2.09e+04       ***  2.31e+14
    900  1.24e+05       ***  2.38e+14
  1e+03  5.11e+05       ***  2.37e+14
1.1e+03  1.62e+06       ***  2.32e+14
1.2e+03  4.24e+06       ***  2.24e+14
1.3e+03  9.53e+06       ***  2.14e+14
1.4e+03  1.91e+07       ***  2.03e+14
1.5e+03  3.48e+07       ***  1.92e+14
1.6e+03  5.89e+07       ***  1.81e+14
1.7e+03  9.36e+07       ***   1.7e+14
1.8e+03  1.41e+08       ***   1.6e+14
1.9e+03  2.05e+08       ***  1.51e+14
  2e+03  2.85e+08       ***  1.42e+14

Reactant = P1
   T(K)        W1        W2        P1
    500       ***  2.41e-10       ***
    600       ***  2.48e-10       ***
    700       ***  2.54e-10       ***
    800       ***   2.6e-10       ***
    900       ***  2.65e-10       ***
  1e+03       ***   2.7e-10       ***
1.1e+03       ***  2.74e-10       ***
1.2e+03       ***  2.78e-10       ***
1.3e+03       ***  2.82e-10       ***
1.4e+03       ***  2.86e-10       ***
1.5e+03       ***  2.89e-10       ***
1.6e+03       ***  2.92e-10       ***
1.7e+03       ***  2.95e-10       ***
1.8e+03       ***  2.98e-10       ***
1.9e+03       ***     3e-10       ***
  2e+03       ***  3.03e-10       ***

Capture/Escape Rate Coefficients:

   T(K)        W1        W2        P1
    500   2.1e+12  1.36e+14  2.41e-10
    600   2.6e+12  1.82e+14  2.48e-10
    700  3.04e+12  2.14e+14  2.54e-10
    800  3.44e+12  2.31e+14   2.6e-10
    900  3.79e+12  2.38e+14  2.65e-10
  1e+03  4.11e+12  2.37e+14   2.7e-10
1.1e+03  4.41e+12  2.32e+14  2.74e-10
1.2e+03  4.68e+12  2.24e+14  2.78e-10
1.3e+03  4.94e+12  2.14e+14  2.82e-10
1.4e+03  5.19e+12  2.03e+14  2.86e-10
1.5e+03  5.42e+12  1.92e+14  2.89e-10
1.6e+03  5.64e+12  1.81e+14  2.92e-10
1.7e+03  5.86e+12   1.7e+14  2.95e-10
1.8e+03  6.06e+12   1.6e+14  2.98e-10
1.9e+03  6.26e+12  1.51e+14     3e-10
  2e+03  6.45e+12  1.42e+14  3.03e-10

______________________________________________________________________________________

Pressure-Species Rate Tables:

Reactant = W1   Temperature = 500 K

   P(atm)        W2        P1      Loss
      0.1 -2.13e+04  3.33e+10  3.33e+10
        1  6.25e+04  9.81e+10  9.81e+10
       10  5.88e+05  2.44e+11  2.44e+11
      100  4.52e+06  5.14e+11  5.14e+11
      O-O   2.1e+12       ***   2.1e+12

Reactant = W1   Temperature = 600 K

   P(atm)        W2        P1      Loss
      0.1       ***  2.73e+10  2.73e+10
        1  1.35e+05  8.05e+10  8.05e+10
       10  1.19e+06  2.05e+11  2.05e+11
      100  7.56e+06   4.5e+11   4.5e+11
      O-O   2.6e+12       ***   2.6e+12

Reactant = W1   Temperature = 700 K

   P(atm)        W2        P1      Loss
      0.1       ***  1.99e+10  1.99e+10
        1       ***  5.97e+10  5.97e+10
       10  1.72e+06  1.57e+11  1.57e+11
      100  9.81e+06   3.6e+11   3.6e+11
      O-O  3.04e+12       ***  3.04e+12

Reactant = W1   Temperature = 800 K

   P(atm)        W2        P1      Loss
      0.1       ***  1.54e+10  1.54e+10
        1       ***  4.65e+10  4.65e+10
       10  1.86e+06  1.25e+11  1.25e+11
      100  1.03e+07  2.94e+11  2.94e+11
      O-O  3.44e+12       ***  3.44e+12

Reactant = W1   Temperature = 900 K

   P(atm)        W2        P1      Loss
      0.1       ***  1.18e+10  1.18e+10
        1       ***   3.6e+10   3.6e+10
       10   1.8e+06  9.81e+10  9.81e+10
      100  9.81e+06  2.38e+11  2.38e+11
      O-O  3.79e+12       ***  3.79e+12

Reactant = W1   Temperature = 1e+03 K

   P(atm)        W2        P1      Loss
      0.1       ***  9.31e+09  9.31e+09
        1       ***  2.84e+10  2.84e+10
       10  1.71e+06  7.87e+10  7.87e+10
      100  9.31e+06  1.95e+11  1.95e+11
      O-O  4.11e+12       ***  4.11e+12

Reactant = W1   Temperature = 1.1e+03 K

   P(atm)        W2        P1      Loss
      0.1       ***  7.67e+09  7.67e+09
        1       ***  2.35e+10  2.35e+10
       10  3.34e+06  6.55e+10  6.55e+10
      100   1.8e+07  1.64e+11  1.64e+11
      O-O  4.41e+12       ***  4.41e+12

Reactant = W1   Temperature = 1.2e+03 K

   P(atm)        W2        P1      Loss
      0.1       ***  6.75e+09  6.75e+09
        1       ***  2.06e+10  2.06e+10
       10   1.3e+07  5.76e+10  5.76e+10
      100  8.17e+07  1.45e+11  1.45e+11
      O-O  4.68e+12       ***  4.68e+12

Reactant = W1   Temperature = 1.3e+03 K

   P(atm)        W2        P1      Loss
      0.1       ***  5.63e+09  5.63e+09
        1       ***  1.72e+10  1.72e+10
       10  4.89e+07  4.85e+10  4.85e+10
      100   3.2e+08  1.24e+11  1.24e+11
      O-O  4.94e+12       ***  4.94e+12

Reactant = W1   Temperature = 1.4e+03 K

   P(atm)        W2        P1      Loss
      0.1       ***  5.12e+09  5.12e+09
        1       ***  1.56e+10  1.56e+10
       10  2.21e+08  4.37e+10  4.39e+10
      100  1.19e+09  1.12e+11  1.13e+11
      O-O  5.19e+12       ***  5.19e+12

Reactant = W1   Temperature = 1.5e+03 K

   P(atm)        W2        P1      Loss
      0.1       ***  4.48e+09  4.48e+09
        1       ***  1.36e+10  1.36e+10
       10  5.27e+08  3.81e+10  3.86e+10
      100  2.42e+09  9.75e+10  9.99e+10
      O-O  5.42e+12       ***  5.42e+12

Reactant = W1   Temperature = 1.6e+03 K

   P(atm)        W2        P1      Loss
      0.1       ***  3.77e+09  3.77e+09
        1       ***  1.16e+10  1.16e+10
       10   1.3e+09  3.17e+10   3.3e+10
      100  5.04e+09  8.13e+10  8.63e+10
      O-O  5.64e+12       ***  5.64e+12

Reactant = W1   Temperature = 1.7e+03 K

   P(atm)        W2        P1      Loss
      0.1       ***  2.98e+09  2.98e+09
        1       ***  9.43e+09  9.43e+09
       10  2.04e+09  2.54e+10  2.74e+10
      100  7.66e+09  6.52e+10  7.28e+10
      O-O  5.86e+12       ***  5.86e+12

Reactant = W1   Temperature = 1.8e+03 K

   P(atm)        W2        P1      Loss
      0.1       ***  2.56e+09  2.56e+09
        1       ***  8.46e+09  8.45e+09
       10  3.39e+09  2.15e+10  2.49e+10
      100  1.14e+10  5.53e+10  6.67e+10
      O-O  6.06e+12       ***  6.06e+12

Reactant = W1   Temperature = 1.9e+03 K

   P(atm)        W2        P1      Loss
      0.1       ***  2.02e+09  2.01e+09
        1       ***  7.26e+09  7.26e+09
       10  4.75e+09  1.73e+10  2.21e+10
      100  1.53e+10  4.48e+10     6e+10
      O-O  6.26e+12       ***  6.26e+12

Reactant = W1   Temperature = 2e+03 K

   P(atm)        W2        P1      Loss
      0.1       ***  1.42e+09  1.42e+09
        1       ***   5.9e+09   5.9e+09
       10  6.05e+09   1.3e+10   1.9e+10
      100  1.89e+10  3.41e+10   5.3e+10
      O-O  6.45e+12       ***  6.45e+12

Reactant = W2   Temperature = 500 K

   P(atm)        W1        P1      Loss
      0.1 -3.66e-13  7.43e+10  7.43e+10
        1  1.65e-12  3.62e+11  3.62e+11
       10  -7.9e-12  1.48e+12  1.48e+12
      100  -7.7e-11  4.97e+12  4.97e+12
      O-O      1.23  1.36e+14  1.36e+14

Reactant = W2   Temperature = 600 K

   P(atm)        W1        P1      Loss
      0.1       ***       ***       ***
        1  2.77e-10   9.6e+11   9.6e+11
       10 -4.42e-09  3.07e+12  3.07e+12
      100 -4.14e-08  8.71e+12  8.71e+12
      O-O      95.3  1.82e+14  1.82e+14

Reactant = W2   Temperature = 700 K

   P(atm)        W1        P1      Loss
      0.1       ***       ***       ***
        1       ***       ***       ***
       10 -4.54e-07  5.32e+12  5.32e+12
      100 -4.09e-06  1.32e+13  1.32e+13
      O-O  2.09e+03  2.14e+14  2.14e+14

Reactant = W2   Temperature = 800 K

   P(atm)        W1        P1      Loss
      0.1       ***       ***       ***
        1       ***       ***       ***
       10  1.05e-05  6.98e+12  6.98e+12
      100   0.00042  1.61e+13  1.61e+13
      O-O  2.09e+04  2.31e+14  2.31e+14

Reactant = W2   Temperature = 900 K

   P(atm)        W1        P1      Loss
      0.1       ***       ***       ***
        1       ***       ***       ***
       10   0.00013  8.23e+12  8.23e+12
      100   0.00552   1.8e+13   1.8e+13
      O-O  1.24e+05  2.38e+14  2.38e+14

Reactant = W2   Temperature = 1e+03 K

   P(atm)        W1        P1      Loss
      0.1       ***       ***       ***
        1       ***       ***       ***
       10   0.00215  8.72e+12  8.72e+12
      100      0.08  1.86e+13  1.86e+13
      O-O  5.11e+05  2.37e+14  2.37e+14

Reactant = W2   Temperature = 1.1e+03 K

   P(atm)        W1        P1      Loss
      0.1       ***       ***       ***
        1       ***       ***       ***
       10    0.0768  9.47e+12  9.47e+12
      100      2.47  1.96e+13  1.96e+13
      O-O  1.62e+06  2.32e+14  2.32e+14

Reactant = W2   Temperature = 1.2e+03 K

   P(atm)        W1        P1      Loss
      0.1       ***       ***       ***
        1       ***       ***       ***
       10       1.9  9.78e+12  9.78e+12
      100      50.1  1.98e+13  1.98e+13
      O-O  4.24e+06  2.24e+14  2.24e+14

Reactant = W2   Temperature = 1.3e+03 K

   P(atm)        W1        P1      Loss
      0.1       ***       ***       ***
        1       ***       ***       ***
       10      28.4  9.62e+12  9.62e+12
      100       496  1.92e+13  1.92e+13
      O-O  9.53e+06  2.14e+14  2.14e+14

Reactant = W2   Temperature = 1.4e+03 K

   P(atm)        W1        P1      Loss
      0.1       ***       ***       ***
        1       ***       ***       ***
       10       372  1.01e+13  1.01e+13
      100  3.76e+03  1.97e+13  1.97e+13
      O-O  1.91e+07  2.03e+14  2.03e+14

Reactant = W2   Temperature = 1.5e+03 K

   P(atm)        W1        P1      Loss
      0.1       ***       ***       ***
        1       ***       ***       ***
       10  1.96e+03  9.53e+12  9.53e+12
      100  1.39e+04  1.85e+13  1.85e+13
      O-O  3.48e+07  1.92e+14  1.92e+14

Reactant = W2   Temperature = 1.6e+03 K

   P(atm)        W1        P1      Loss
      0.1       ***       ***       ***
        1       ***       ***       ***
       10  8.68e+03  9.53e+12  9.53e+12
      100   4.8e+04  1.82e+13  1.82e+13
      O-O  5.89e+07  1.81e+14  1.81e+14

Reactant = W2   Temperature = 1.7e+03 K

   P(atm)        W1        P1      Loss
      0.1       ***       ***       ***
        1       ***       ***       ***
       10  2.33e+04  9.12e+12  9.12e+12
      100  1.15e+05  1.75e+13  1.75e+13
      O-O  9.36e+07   1.7e+14   1.7e+14

Reactant = W2   Temperature = 1.8e+03 K

   P(atm)        W1        P1      Loss
      0.1       ***       ***       ***
        1       ***       ***       ***
       10  4.39e+04  8.71e+12  8.71e+12
      100  2.49e+05  1.65e+13  1.65e+13
      O-O  1.41e+08   1.6e+14   1.6e+14

Reactant = W2   Temperature = 1.9e+03 K

   P(atm)        W1        P1      Loss
      0.1       ***       ***       ***
        1       ***       ***       ***
       10  6.83e+04  8.36e+12  8.36e+12
      100  4.71e+05  1.57e+13  1.57e+13
      O-O  2.05e+08  1.51e+14  1.51e+14

Reactant = W2   Temperature = 2e+03 K

   P(atm)        W1        P1      Loss
      0.1       ***       ***       ***
        1       ***       ***       ***
       10  6.94e+04  8.06e+12  8.06e+12
      100  7.92e+05   1.5e+13   1.5e+13
      O-O  2.85e+08  1.42e+14  1.42e+14

Reactant = P1   Temperature = 500 K

   P(atm)        W1        W2      Loss
      0.1  3.31e-26  1.17e-13  1.17e-13
        1     1e-25  6.08e-13  6.08e-13
       10  2.52e-25  2.57e-12  2.57e-12
      100  5.32e-25  8.77e-12  8.77e-12
      O-O       ***  2.41e-10  2.41e-10

Reactant = P1   Temperature = 600 K

   P(atm)        W1        W2      Loss
      0.1   1.3e-24       ***  4.19e-23
        1  3.96e-24  1.13e-12  1.13e-12
       10  1.02e-23  3.98e-12  3.98e-12
      100  2.24e-23  1.17e-11  1.17e-11
      O-O       ***  2.48e-10  2.48e-10

Reactant = P1   Temperature = 700 K

   P(atm)        W1        W2      Loss
      0.1  1.57e-23       ***  4.88e-24
        1  4.83e-23       ***  6.02e-23
       10  1.28e-22  5.85e-12  5.85e-12
      100  2.94e-22  1.54e-11  1.54e-11
      O-O       ***  2.54e-10  2.54e-10

Reactant = P1   Temperature = 800 K

   P(atm)        W1        W2      Loss
      0.1  1.02e-22       ***  9.23e-23
        1  3.14e-22       ***  3.11e-22
       10  8.49e-22  7.05e-12  7.05e-12
      100  2.01e-21  1.76e-11  1.76e-11
      O-O       ***   2.6e-10   2.6e-10

Reactant = P1   Temperature = 900 K

   P(atm)        W1        W2      Loss
      0.1  4.16e-22       ***  4.06e-22
        1   1.3e-21       ***   1.3e-21
       10  3.56e-21  8.03e-12  8.03e-12
      100  8.64e-21  1.95e-11  1.95e-11
      O-O       ***  2.65e-10  2.65e-10

Reactant = P1   Temperature = 1e+03 K

   P(atm)        W1        W2      Loss
      0.1  1.27e-21       ***  1.26e-21
        1  3.98e-21       ***  3.98e-21
       10  1.11e-20  8.54e-12  8.54e-12
      100  2.75e-20  2.04e-11  2.04e-11
      O-O       ***   2.7e-10   2.7e-10

Reactant = P1   Temperature = 1.1e+03 K

   P(atm)        W1        W2      Loss
      0.1  3.22e-21       ***  3.21e-21
        1  1.01e-20       ***  1.01e-20
       10  2.84e-20  9.45e-12  9.45e-12
      100  7.14e-20  2.22e-11  2.22e-11
      O-O       ***  2.74e-10  2.74e-10

Reactant = P1   Temperature = 1.2e+03 K

   P(atm)        W1        W2      Loss
      0.1  7.32e-21       ***  7.31e-21
        1  2.29e-20       ***  2.29e-20
       10  6.45e-20  1.01e-11  1.01e-11
      100  1.63e-19  2.35e-11  2.35e-11
      O-O       ***  2.78e-10  2.78e-10

Reactant = P1   Temperature = 1.3e+03 K

   P(atm)        W1        W2      Loss
      0.1  1.38e-20       ***  1.38e-20
        1  4.33e-20       ***  4.33e-20
       10  1.23e-19  1.05e-11  1.05e-11
      100  3.15e-19  2.42e-11  2.42e-11
      O-O       ***  2.82e-10  2.82e-10

Reactant = P1   Temperature = 1.4e+03 K

   P(atm)        W1        W2      Loss
      0.1  2.55e-20       ***  2.55e-20
        1  7.97e-20       ***  7.97e-20
       10  2.26e-19  1.16e-11  1.16e-11
      100  5.78e-19  2.63e-11  2.63e-11
      O-O       ***  2.86e-10  2.86e-10

Reactant = P1   Temperature = 1.5e+03 K

   P(atm)        W1        W2      Loss
      0.1  4.16e-20       ***  4.16e-20
        1   1.3e-19       ***   1.3e-19
       10  3.69e-19  1.17e-11  1.17e-11
      100  9.44e-19  2.65e-11  2.65e-11
      O-O       ***  2.89e-10  2.89e-10

Reactant = P1   Temperature = 1.6e+03 K

   P(atm)        W1        W2      Loss
      0.1   6.1e-20       ***   6.1e-20
        1  1.92e-19       ***  1.92e-19
       10  5.42e-19  1.24e-11  1.24e-11
      100  1.38e-18  2.79e-11  2.79e-11
      O-O       ***  2.92e-10  2.92e-10

Reactant = P1   Temperature = 1.7e+03 K

   P(atm)        W1        W2      Loss
      0.1  7.98e-20       ***  7.99e-20
        1  2.58e-19       ***  2.58e-19
       10  7.22e-19  1.31e-11  1.31e-11
      100  1.82e-18   2.9e-11   2.9e-11
      O-O       ***  2.95e-10  2.95e-10

Reactant = P1   Temperature = 1.8e+03 K

   P(atm)        W1        W2      Loss
      0.1  1.07e-19       ***  1.07e-19
        1  3.62e-19       ***  3.62e-19
       10  1.01e-18   1.3e-11   1.3e-11
      100  2.45e-18   2.9e-11   2.9e-11
      O-O       ***  2.98e-10  2.98e-10

Reactant = P1   Temperature = 1.9e+03 K

   P(atm)        W1        W2      Loss
      0.1  1.26e-19       ***  1.26e-19
        1  4.67e-19       ***  4.67e-19
       10  1.32e-18  1.34e-11  1.34e-11
      100  3.02e-18  2.97e-11  2.97e-11
      O-O       ***     3e-10     3e-10

Reactant = P1   Temperature = 2e+03 K

   P(atm)        W1        W2      Loss
      0.1   1.3e-19       ***   1.3e-19
        1  5.51e-19       ***  5.52e-19
       10  1.67e-18  1.39e-11  1.39e-11
      100   3.4e-18  3.05e-11  3.05e-11
      O-O       ***  3.03e-10  3.03e-10

______________________________________________________________________________________

Temperature-Species Rate Tables:

Reactant = W1   Pressure = 0.1 atm

   T(K)        W2        P1      Loss   Capture
    500 -2.13e+04  3.33e+10  3.33e+10   2.1e+12
    600       ***  2.73e+10  2.73e+10   2.6e+12
    700       ***  1.99e+10  1.99e+10  3.04e+12
    800       ***  1.54e+10  1.54e+10  3.44e+12
    900       ***  1.18e+10  1.18e+10  3.79e+12
  1e+03       ***  9.31e+09  9.31e+09  4.11e+12
1.1e+03       ***  7.67e+09  7.67e+09  4.41e+12
1.2e+03       ***  6.75e+09  6.75e+09  4.68e+12
1.3e+03       ***  5.63e+09  5.63e+09  4.94e+12
1.4e+03       ***  5.12e+09  5.12e+09  5.19e+12
1.5e+03       ***  4.48e+09  4.48e+09  5.42e+12
1.6e+03       ***  3.77e+09  3.77e+09  5.64e+12
1.7e+03       ***  2.98e+09  2.98e+09  5.86e+12
1.8e+03       ***  2.56e+09  2.56e+09  6.06e+12
1.9e+03       ***  2.02e+09  2.01e+09  6.26e+12
  2e+03       ***  1.42e+09  1.42e+09  6.45e+12

Reactant = W1   Pressure = 1 atm

   T(K)        W2        P1      Loss   Capture
    500  6.25e+04  9.81e+10  9.81e+10   2.1e+12
    600  1.35e+05  8.05e+10  8.05e+10   2.6e+12
    700       ***  5.97e+10  5.97e+10  3.04e+12
    800       ***  4.65e+10  4.65e+10  3.44e+12
    900       ***   3.6e+10   3.6e+10  3.79e+12
  1e+03       ***  2.84e+10  2.84e+10  4.11e+12
1.1e+03       ***  2.35e+10  2.35e+10  4.41e+12
1.2e+03       ***  2.06e+10  2.06e+10  4.68e+12
1.3e+03       ***  1.72e+10  1.72e+10  4.94e+12
1.4e+03       ***  1.56e+10  1.56e+10  5.19e+12
1.5e+03       ***  1.36e+10  1.36e+10  5.42e+12
1.6e+03       ***  1.16e+10  1.16e+10  5.64e+12
1.7e+03       ***  9.43e+09  9.43e+09  5.86e+12
1.8e+03       ***  8.46e+09  8.45e+09  6.06e+12
1.9e+03       ***  7.26e+09  7.26e+09  6.26e+12
  2e+03       ***   5.9e+09   5.9e+09  6.45e+12

Reactant = W1   Pressure = 10 atm

   T(K)        W2        P1      Loss   Capture
    500  5.88e+05  2.44e+11  2.44e+11   2.1e+12
    600  1.19e+06  2.05e+11  2.05e+11   2.6e+12
    700  1.72e+06  1.57e+11  1.57e+11  3.04e+12
    800  1.86e+06  1.25e+11  1.25e+11  3.44e+12
    900   1.8e+06  9.81e+10  9.81e+10  3.79e+12
  1e+03  1.71e+06  7.87e+10  7.87e+10  4.11e+12
1.1e+03  3.34e+06  6.55e+10  6.55e+10  4.41e+12
1.2e+03   1.3e+07  5.76e+10  5.76e+10  4.68e+12
1.3e+03  4.89e+07  4.85e+10  4.85e+10  4.94e+12
1.4e+03  2.21e+08  4.37e+10  4.39e+10  5.19e+12
1.5e+03  5.27e+08  3.81e+10  3.86e+10  5.42e+12
1.6e+03   1.3e+09  3.17e+10   3.3e+10  5.64e+12
1.7e+03  2.04e+09  2.54e+10  2.74e+10  5.86e+12
1.8e+03  3.39e+09  2.15e+10  2.49e+10  6.06e+12
1.9e+03  4.75e+09  1.73e+10  2.21e+10  6.26e+12
  2e+03  6.05e+09   1.3e+10   1.9e+10  6.45e+12

Reactant = W1   Pressure = 100 atm

   T(K)        W2        P1      Loss   Capture
    500  4.52e+06  5.14e+11  5.14e+11   2.1e+12
    600  7.56e+06   4.5e+11   4.5e+11   2.6e+12
    700  9.81e+06   3.6e+11   3.6e+11  3.04e+12
    800  1.03e+07  2.94e+11  2.94e+11  3.44e+12
    900  9.81e+06  2.38e+11  2.38e+11  3.79e+12
  1e+03  9.31e+06  1.95e+11  1.95e+11  4.11e+12
1.1e+03   1.8e+07  1.64e+11  1.64e+11  4.41e+12
1.2e+03  8.17e+07  1.45e+11  1.45e+11  4.68e+12
1.3e+03   3.2e+08  1.24e+11  1.24e+11  4.94e+12
1.4e+03  1.19e+09  1.12e+11  1.13e+11  5.19e+12
1.5e+03  2.42e+09  9.75e+10  9.99e+10  5.42e+12
1.6e+03  5.04e+09  8.13e+10  8.63e+10  5.64e+12
1.7e+03  7.66e+09  6.52e+10  7.28e+10  5.86e+12
1.8e+03  1.14e+10  5.53e+10  6.67e+10  6.06e+12
1.9e+03  1.53e+10  4.48e+10     6e+10  6.26e+12
  2e+03  1.89e+10  3.41e+10   5.3e+10  6.45e+12

Reactant = W2   Pressure = 0.1 atm

   T(K)        W1        P1      Loss   Capture
    500 -3.66e-13  7.43e+10  7.43e+10  1.36e+14
    600       ***       ***       ***  1.82e+14
    700       ***       ***       ***  2.14e+14
    800       ***       ***       ***  2.31e+14
    900       ***       ***       ***  2.38e+14
  1e+03       ***       ***       ***  2.37e+14
1.1e+03       ***       ***       ***  2.32e+14
1.2e+03       ***       ***       ***  2.24e+14
1.3e+03       ***       ***       ***  2.14e+14
1.4e+03       ***       ***       ***  2.03e+14
1.5e+03       ***       ***       ***  1.92e+14
1.6e+03       ***       ***       ***  1.81e+14
1.7e+03       ***       ***       ***   1.7e+14
1.8e+03       ***       ***       ***   1.6e+14
1.9e+03       ***       ***       ***  1.51e+14
  2e+03       ***       ***       ***  1.42e+14

Reactant = W2   Pressure = 1 atm

   T(K)        W1        P1      Loss   Capture
    500  1.65e-12  3.62e+11  3.62e+11  1.36e+14
    600  2.77e-10   9.6e+11   9.6e+11  1.82e+14
    700       ***       ***       ***  2.14e+14
    800       ***       ***       ***  2.31e+14
    900       ***       ***       ***  2.38e+14
  1e+03       ***       ***       ***  2.37e+14
1.1e+03       ***       ***       ***  2.32e+14
1.2e+03       ***       ***       ***  2.24e+14
1.3e+03       ***       ***       ***  2.14e+14
1.4e+03       ***       ***       ***  2.03e+14
1.5e+03       ***       ***       ***  1.92e+14
1.6e+03       ***       ***       ***  1.81e+14
1.7e+03       ***       ***       ***   1.7e+14
1.8e+03       ***       ***       ***   1.6e+14
1.9e+03       ***       ***       ***  1.51e+14
  2e+03       ***       ***       ***  1.42e+14

Reactant = W2   Pressure = 10 atm

   T(K)        W1        P1      Loss   Capture
    500  -7.9e-12  1.48e+12  1.48e+12  1.36e+14
    600 -4.42e-09  3.07e+12  3.07e+12  1.82e+14
    700 -4.54e-07  5.32e+12  5.32e+12  2.14e+14
    800  1.05e-05  6.98e+12  6.98e+12  2.31e+14
    900   0.00013  8.23e+12  8.23e+12  2.38e+14
  1e+03   0.00215  8.72e+12  8.72e+12  2.37e+14
1.1e+03    0.0768  9.47e+12  9.47e+12  2.32e+14
1.2e+03       1.9  9.78e+12  9.78e+12  2.24e+14
1.3e+03      28.4  9.62e+12  9.62e+12  2.14e+14
1.4e+03       372  1.01e+13  1.01e+13  2.03e+14
1.5e+03  1.96e+03  9.53e+12  9.53e+12  1.92e+14
1.6e+03  8.68e+03  9.53e+12  9.53e+12  1.81e+14
1.7e+03  2.33e+04  9.12e+12  9.12e+12   1.7e+14
1.8e+03  4.39e+04  8.71e+12  8.71e+12   1.6e+14
1.9e+03  6.83e+04  8.36e+12  8.36e+12  1.51e+14
  2e+03  6.94e+04  8.06e+12  8.06e+12  1.42e+14

Reactant = W2   Pressure = 100 atm

   T(K)        W1        P1      Loss   Capture
    500  -7.7e-11  4.97e+12  4.97e+12  1.36e+14
    600 -4.14e-08  8.71e+12  8.71e+12  1.82e+14
    700 -4.09e-06  1.32e+13  1.32e+13  2.14e+14
    800   0.00042  1.61e+13  1.61e+13  2.31e+14
    900   0.00552   1.8e+13   1.8e+13  2.38e+14
  1e+03      0.08  1.86e+13  1.86e+13  2.37e+14
1.1e+03      2.47  1.96e+13  1.96e+13  2.32e+14
1.2e+03      50.1  1.98e+13  1.98e+13  2.24e+14
1.3e+03       496  1.92e+13  1.92e+13  2.14e+14
1.4e+03  3.76e+03  1.97e+13  1.97e+13  2.03e+14
1.5e+03  1.39e+04  1.85e+13  1.85e+13  1.92e+14
1.6e+03   4.8e+04  1.82e+13  1.82e+13  1.81e+14
1.7e+03  1.15e+05  1.75e+13  1.75e+13   1.7e+14
1.8e+03  2.49e+05  1.65e+13  1.65e+13   1.6e+14
1.9e+03  4.71e+05  1.57e+13  1.57e+13  1.51e+14
  2e+03  7.92e+05   1.5e+13   1.5e+13  1.42e+14

Reactant = P1   Pressure = 0.1 atm

   T(K)        W1        W2      Loss   Capture
    500  3.31e-26  1.17e-13  1.17e-13  2.41e-10
    600   1.3e-24       ***  4.19e-23  2.48e-10
    700  1.57e-23       ***  4.88e-24  2.54e-10
    800  1.02e-22       ***  9.23e-23   2.6e-10
    900  4.16e-22       ***  4.06e-22  2.65e-10
  1e+03  1.27e-21       ***  1.26e-21   2.7e-10
1.1e+03  3.22e-21       ***  3.21e-21  2.74e-10
1.2e+03  7.32e-21       ***  7.31e-21  2.78e-10
1.3e+03  1.38e-20       ***  1.38e-20  2.82e-10
1.4e+03  2.55e-20       ***  2.55e-20  2.86e-10
1.5e+03  4.16e-20       ***  4.16e-20  2.89e-10
1.6e+03   6.1e-20       ***   6.1e-20  2.92e-10
1.7e+03  7.98e-20       ***  7.99e-20  2.95e-10
1.8e+03  1.07e-19       ***  1.07e-19  2.98e-10
1.9e+03  1.26e-19       ***  1.26e-19     3e-10
  2e+03   1.3e-19       ***   1.3e-19  3.03e-10

Reactant = P1   Pressure = 1 atm

   T(K)        W1        W2      Loss   Capture
    500     1e-25  6.08e-13  6.08e-13  2.41e-10
    600  3.96e-24  1.13e-12  1.13e-12  2.48e-10
    700  4.83e-23       ***  6.02e-23  2.54e-10
    800  3.14e-22       ***  3.11e-22   2.6e-10
    900   1.3e-21       ***   1.3e-21  2.65e-10
  1e+03  3.98e-21       ***  3.98e-21   2.7e-10
1.1e+03  1.01e-20       ***  1.01e-20  2.74e-10
1.2e+03  2.29e-20       ***  2.29e-20  2.78e-10
1.3e+03  4.33e-20       ***  4.33e-20  2.82e-10
1.4e+03  7.97e-20       ***  7.97e-20  2.86e-10
1.5e+03   1.3e-19       ***   1.3e-19  2.89e-10
1.6e+03  1.92e-19       ***  1.92e-19  2.92e-10
1.7e+03  2.58e-19       ***  2.58e-19  2.95e-10
1.8e+03  3.62e-19       ***  3.62e-19  2.98e-10
1.9e+03  4.67e-19       ***  4.67e-19     3e-10
  2e+03  5.51e-19       ***  5.52e-19  3.03e-10

Reactant = P1   Pressure = 10 atm

   T(K)        W1        W2      Loss   Capture
    500  2.52e-25  2.57e-12  2.57e-12  2.41e-10
    600  1.02e-23  3.98e-12  3.98e-12  2.48e-10
    700  1.28e-22  5.85e-12  5.85e-12  2.54e-10
    800  8.49e-22  7.05e-12  7.05e-12   2.6e-10
    900  3.56e-21  8.03e-12  8.03e-12  2.65e-10
  1e+03  1.11e-20  8.54e-12  8.54e-12   2.7e-10
1.1e+03  2.84e-20  9.45e-12  9.45e-12  2.74e-10
1.2e+03  6.45e-20  1.01e-11  1.01e-11  2.78e-10
1.3e+03  1.23e-19  1.05e-11  1.05e-11  2.82e-10
1.4e+03  2.26e-19  1.16e-11  1.16e-11  2.86e-10
1.5e+03  3.69e-19  1.17e-11  1.17e-11  2.89e-10
1.6e+03  5.42e-19  1.24e-11  1.24e-11  2.92e-10
1.7e+03  7.22e-19  1.31e-11  1.31e-11  2.95e-10
1.8e+03  1.01e-18   1.3e-11   1.3e-11  2.98e-10
1.9e+03  1.32e-18  1.34e-11  1.34e-11     3e-10
  2e+03  1.67e-18  1.39e-11  1.39e-11  3.03e-10

Reactant = P1   Pressure = 100 atm

   T(K)        W1        W2      Loss   Capture
    500  5.32e-25  8.77e-12  8.77e-12  2.41e-10
    600  2.24e-23  1.17e-11  1.17e-11  2.48e-10
    700  2.94e-22  1.54e-11  1.54e-11  2.54e-10
    800  2.01e-21  1.76e-11  1.76e-11   2.6e-10
    900  8.64e-21  1.95e-11  1.95e-11  2.65e-10
  1e+03  2.75e-20  2.04e-11  2.04e-11   2.7e-10
1.1e+03  7.14e-20  2.22e-11  2.22e-11  2.74e-10
1.2e+03  1.63e-19  2.35e-11  2.35e-11  2.78e-10
1.3e+03  3.15e-19  2.42e-11  2.42e-11  2.82e-10
1.4e+03  5.78e-19  2.63e-11  2.63e-11  2.86e-10
1.5e+03  9.44e-19  2.65e-11  2.65e-11  2.89e-10
1.6e+03  1.38e-18  2.79e-11  2.79e-11  2.92e-10
1.7e+03  1.82e-18   2.9e-11   2.9e-11  2.95e-10
1.8e+03  2.45e-18   2.9e-11   2.9e-11  2.98e-10
1.9e+03  3.02e-18  2.97e-11  2.97e-11     3e-10
  2e+03   3.4e-18  3.05e-11  3.05e-11  3.03e-10

______________________________________________________________________________________

Temperature-Pressure Rate Tables:

W1->W2

P\T           500       600       700       800       900     1e+03   1.1e+03   1.2e+03   1.3e+03   1.4e+03   1.5e+03   1.6e+03   1.7e+03   1.8e+03   1.9e+03     2e+03
0.1     -2.13e+04       ***       ***       ***       ***       ***       ***       ***       ***       ***       ***       ***       ***       ***       ***       ***
1        6.25e+04  1.35e+05       ***       ***       ***       ***       ***       ***       ***       ***       ***       ***       ***       ***       ***       ***
10       5.88e+05  1.19e+06  1.72e+06  1.86e+06   1.8e+06  1.71e+06  3.34e+06   1.3e+07  4.89e+07  2.21e+08  5.27e+08   1.3e+09  2.04e+09  3.39e+09  4.75e+09  6.05e+09
100      4.52e+06  7.56e+06  9.81e+06  1.03e+07  9.81e+06  9.31e+06   1.8e+07  8.17e+07   3.2e+08  1.19e+09  2.42e+09  5.04e+09  7.66e+09  1.14e+10  1.53e+10  1.89e+10
O-O       2.1e+12   2.6e+12  3.04e+12  3.44e+12  3.79e+12  4.11e+12  4.41e+12  4.68e+12  4.94e+12  5.19e+12  5.42e+12  5.64e+12  5.86e+12  6.06e+12  6.26e+12  6.45e+12

W1->P1

P\T           500       600       700       800       900     1e+03   1.1e+03   1.2e+03   1.3e+03   1.4e+03   1.5e+03   1.6e+03   1.7e+03   1.8e+03   1.9e+03     2e+03
0.1      3.33e+10  2.73e+10  1.99e+10  1.54e+10  1.18e+10  9.31e+09  7.67e+09  6.75e+09  5.63e+09  5.12e+09  4.48e+09  3.77e+09  2.98e+09  2.56e+09  2.02e+09  1.42e+09
1        9.81e+10  8.05e+10  5.97e+10  4.65e+10   3.6e+10  2.84e+10  2.35e+10  2.06e+10  1.72e+10  1.56e+10  1.36e+10  1.16e+10  9.43e+09  8.46e+09  7.26e+09   5.9e+09
10       2.44e+11  2.05e+11  1.57e+11  1.25e+11  9.81e+10  7.87e+10  6.55e+10  5.76e+10  4.85e+10  4.37e+10  3.81e+10  3.17e+10  2.54e+10  2.15e+10  1.73e+10   1.3e+10
100      5.14e+11   4.5e+11   3.6e+11  2.94e+11  2.38e+11  1.95e+11  1.64e+11  1.45e+11  1.24e+11  1.12e+11  9.75e+10  8.13e+10  6.52e+10  5.53e+10  4.48e+10  3.41e+10
O-O           ***       ***       ***       ***       ***       ***       ***       ***       ***       ***       ***       ***       ***       ***       ***       ***

W2->W1

P\T           500       600       700       800       900     1e+03   1.1e+03   1.2e+03   1.3e+03   1.4e+03   1.5e+03   1.6e+03   1.7e+03   1.8e+03   1.9e+03     2e+03
0.1     -3.66e-13       ***       ***       ***       ***       ***       ***       ***       ***       ***       ***       ***       ***       ***       ***       ***
1        1.65e-12  2.77e-10       ***       ***       ***       ***       ***       ***       ***       ***       ***       ***       ***       ***       ***       ***
10       -7.9e-12 -4.42e-09 -4.54e-07  1.05e-05   0.00013   0.00215    0.0768       1.9      28.4       372  1.96e+03  8.68e+03  2.33e+04  4.39e+04  6.83e+04  6.94e+04
100      -7.7e-11 -4.14e-08 -4.09e-06   0.00042   0.00552      0.08      2.47      50.1       496  3.76e+03  1.39e+04   4.8e+04  1.15e+05  2.49e+05  4.71e+05  7.92e+05
O-O          1.23      95.3  2.09e+03  2.09e+04  1.24e+05  5.11e+05  1.62e+06  4.24e+06  9.53e+06  1.91e+07  3.48e+07  5.89e+07  9.36e+07  1.41e+08  2.05e+08  2.85e+08

W2->P1

P\T           500       600       700       800       900     1e+03   1.1e+03   1.2e+03   1.3e+03   1.4e+03   1.5e+03   1.6e+03   1.7e+03   1.8e+03   1.9e+03     2e+03
0.1      7.43e+10       ***       ***       ***       ***       ***       ***       ***       ***       ***       ***       ***       ***       ***       ***       ***
1        3.62e+11   9.6e+11       ***       ***       ***       ***       ***       ***       ***       ***       ***       ***       ***       ***       ***       ***
10       1.48e+12  3.07e+12  5.32e+12  6.98e+12  8.23e+12  8.72e+12  9.47e+12  9.78e+12  9.62e+12  1.01e+13  9.53e+12  9.53e+12  9.12e+12  8.71e+12  8.36e+12  8.06e+12
100      4.97e+12  8.71e+12  1.32e+13  1.61e+13   1.8e+13  1.86e+13  1.96e+13  1.98e+13  1.92e+13  1.97e+13  1.85e+13  1.82e+13  1.75e+13  1.65e+13  1.57e+13   1.5e+13
O-O      1.36e+14  1.82e+14  2.14e+14  2.31e+14  2.38e+14  2.37e+14  2.32e+14  2.24e+14  2.14e+14  2.03e+14  1.92e+14  1.81e+14   1.7e+14   1.6e+14  1.51e+14  1.42e+14

P1->W1

P\T           500       600       700       800       900     1e+03   1.1e+03   1.2e+03   1.3e+03   1.4e+03   1.5e+03   1.6e+03   1.7e+03   1.8e+03   1.9e+03     2e+03
0.1      3.31e-26   1.3e-24  1.57e-23  1.02e-22  4.16e-22  1.27e-21  3.22e-21  7.32e-21  1.38e-20  2.55e-20  4.16e-20   6.1e-20  7.98e-20  1.07e-19  1.26e-19   1.3e-19
1           1e-25  3.96e-24  4.83e-23  3.14e-22   1.3e-21  3.98e-21  1.01e-20  2.29e-20  4.33e-20  7.97e-20   1.3e-19  1.92e-19  2.58e-19  3.62e-19  4.67e-19  5.51e-19
10       2.52e-25  1.02e-23  1.28e-22  8.49e-22  3.56e-21  1.11e-20  2.84e-20  6.45e-20  1.23e-19  2.26e-19  3.69e-19  5.42e-19  7.22e-19  1.01e-18  1.32e-18  1.67e-18
100      5.32e-25  2.24e-23  2.94e-22  2.01e-21  8.64e-21  2.75e-20  7.14e-20  1.63e-19  3.15e-19  5.78e-19  9.44e-19  1.38e-18  1.82e-18  2.45e-18  3.02e-18   3.4e-18
O-O           ***       ***       ***       ***       ***       ***       ***       ***       ***       ***       ***       ***       ***       ***       ***       ***

P1->W2

P\T           500       600       700       800       900     1e+03   1.1e+03   1.2e+03   1.3e+03   1.4e+03   1.5e+03   1.6e+03   1.7e+03   1.8e+03   1.9e+03     2e+03
0.1      1.17e-13       ***       ***       ***       ***       ***       ***       ***       ***       ***       ***       ***       ***       ***       ***       ***
1        6.08e-13  1.13e-12       ***       ***       ***       ***       ***       ***       ***       ***       ***       ***       ***       ***       ***       ***
10       2.57e-12  3.98e-12  5.85e-12  7.05e-12  8.03e-12  8.54e-12  9.45e-12  1.01e-11  1.05e-11  1.16e-11  1.17e-11  1.24e-11  1.31e-11   1.3e-11  1.34e-11  1.39e-11
100      8.77e-12  1.17e-11  1.54e-11  1.76e-11  1.95e-11  2.04e-11  2.22e-11  2.35e-11  2.42e-11  2.63e-11  2.65e-11  2.79e-11   2.9e-11   2.9e-11  2.97e-11  3.05e-11
O-O      2.41e-10  2.48e-10  2.54e-10   2.6e-10  2.65e-10   2.7e-10  2.74e-10  2.78e-10  2.82e-10  2.86e-10  2.89e-10  2.92e-10  2.95e-10  2.98e-10     3e-10  3.03e-10

W1-> 

P\T           500       600       700       800       900     1e+03   1.1e+03   1.2e+03   1.3e+03   1.4e+03   1.5e+03   1.6e+03   1.7e+03   1.8e+03   1.9e+03     2e+03
0.1      3.33e+10  2.73e+10  1.99e+10  1.54e+10  1.18e+10  9.31e+09  7.67e+09  6.75e+09  5.63e+09  5.12e+09  4.48e+09  3.77e+09  2.98e+09  2.56e+09  2.01e+09  1.42e+09
1        9.81e+10  8.05e+10  5.97e+10  4.65e+10   3.6e+10  2.84e+10  2.35e+10  2.06e+10  1.72e+10  1.56e+10  1.36e+10  1.16e+10  9.43e+09  8.45e+09  7.26e+09   5.9e+09
10       2.44e+11  2.05e+11  1.57e+11  1.25e+11  9.81e+10  7.87e+10  6.55e+10  5.76e+10  4.85e+10  4.39e+10  3.86e+10   3.3e+10  2.74e+10  2.49e+10  2.21e+10   1.9e+10
100      5.14e+11   4.5e+11   3.6e+11  2.94e+11  2.38e+11  1.95e+11  1.64e+11  1.45e+11  1.24e+11  1.13e+11  9.99e+10  8.63e+10  7.28e+10  6.67e+10     6e+10   5.3e+10
O-O       2.1e+12   2.6e+12  3.04e+12  3.44e+12  3.79e+12  4.11e+12  4.41e+12  4.68e+12  4.94e+12  5.19e+12  5.42e+12  5.64e+12  5.86e+12  6.06e+12  6.26e+12  6.45e+12

W2-> 

P\T           500       600       700       800       900     1e+03   1.1e+03   1.2e+03   1.3e+03   1.4e+03   1.5e+03   1.6e+03   1.7e+03   1.8e+03   1.9e+03     2e+03
0.1      7.43e+10       ***       ***       ***       ***       ***       ***       ***       ***       ***       ***       ***       ***       ***       ***       ***
1        3.62e+11   9.6e+11       ***       ***       ***       ***       ***       ***       ***       ***       ***       ***       ***       ***       ***       ***
10       1.48e+12  3.07e+12  5.32e+12  6.98e+12  8.23e+12  8.72e+12  9.47e+12  9.78e+12  9.62e+12  1.01e+13  9.53e+12  9.53e+12  9.12e+12  8.71e+12  8.36e+12  8.06e+12
100      4.97e+12  8.71e+12  1.32e+13  1.61e+13   1.8e+13  1.86e+13  1.96e+13  1.98e+13  1.92e+13  1.97e+13  1.85e+13  1.82e+13  1.75e+13  1.65e+13  1.57e+13   1.5e+13
O-O      1.36e+14  1.82e+14  2.14e+14  2.31e+14  2.38e+14  2.37e+14  2.32e+14  2.24e+14  2.14e+14  2.03e+14  1.92e+14  1.81e+14   1.7e+14   1.6e+14  1.51e+14  1.42e+14

P1-> 

P\T           500       600       700       800       900     1e+03   1.1e+03   1.2e+03   1.3e+03   1.4e+03   1.5e+03   1.6e+03   1.7e+03   1.8e+03   1.9e+03     2e+03
0.1      1.17e-13  4.19e-23  4.88e-24  9.23e-23  4.06e-22  1.26e-21  3.21e-21  7.31e-21  1.38e-20  2.55e-20  4.16e-20   6.1e-20  7.99e-20  1.07e-19  1.26e-19   1.3e-19
1        6.08e-13  1.13e-12  6.02e-23  3.11e-22   1.3e-21  3.98e-21  1.01e-20  2.29e-20  4.33e-20  7.97e-20   1.3e-19  1.92e-19  2.58e-19  3.62e-19  4.67e-19  5.52e-19
10       2.57e-12  3.98e-12  5.85e-12  7.05e-12  8.03e-12  8.54e-12  9.45e-12  1.01e-11  1.05e-11  1.16e-11  1.17e-11  1.24e-11  1.31e-11   1.3e-11  1.34e-11  1.39e-11
100      8.77e-12  1.17e-11  1.54e-11  1.76e-11  1.95e-11  2.04e-11  2.22e-11  2.35e-11  2.42e-11  2.63e-11  2.65e-11  2.79e-11   2.9e-11   2.9e-11  2.97e-11  3.05e-11
O-O      2.41e-10  2.48e-10  2.54e-10   2.6e-10  2.65e-10   2.7e-10  2.74e-10  2.78e-10  2.82e-10  2.86e-10  2.89e-10  2.92e-10  2.95e-10  2.98e-10     3e-10  3.03e-10

