Wells (G - ground energy, D - dissociation limit, kcal/mol):
                             W         G         D
         Fake(CPT(563)+HO2(8))        -3         0
      Fake(C5H9(553)+H2O2(10))       5.7       8.7

Bimolecular Products (G - ground energy, kcal/mol):
                       P         G
         CPT(563)+HO2(8)         0
      C5H9(553)+H2O2(10)       8.7

Well-to-Bimolecular Barriers (H/G - barrier height/well depth, kcal/mol)
                             B         H                        W         G                  P
         FakeB-CPT(563)+HO2(8)         0    Fake(CPT(563)+HO2(8))        -3    CPT(563)+HO2(8)
      FakeB-C5H9(553)+H2O2(10)       8.7 Fake(C5H9(553)+H2O2(10))       5.7 C5H9(553)+H2O2(10)

Well-to-Well Barriers (H/G - barrier height/well depth, kcal/mol):
           B         H                       W1        G1                       W2        G2
      ts_8_1      14.5    Fake(CPT(563)+HO2(8))        -3 Fake(C5H9(553)+H2O2(10))       5.7

Bound Groups: dissociation barrier (name/ground energy, kcal/mol): wells (name/ground energy, kcal/mol):
     C1/0:  Fake(CPT(563)+HO2(8))/-3

     C2/8.7:  Fake(C5H9(553)+H2O2(10))/5.7

________________________________________________________________________________________

Names Translation Tables (<short name> - <original name>):
Wells:
   W1 - Fake(CPT(563)+HO2(8))
   W2 - Fake(C5H9(553)+H2O2(10))
Bimolecular products:
   P1 - CPT(563)+HO2(8)
   P2 - C5H9(553)+H2O2(10)
Inner Barriers:
   B1 - ts_8_1
Outer Barriers:
   C1 - FakeB-CPT(563)+HO2(8)
   C2 - FakeB-C5H9(553)+H2O2(10)
Unimolecular Rate Units: 1/sec;  Bimolecular Rate Units: cm^3/sec

______________________________________________________________________________________

Species-Species Rate Tables:

Temperature = 500 K

High Pressure Rate Coefficients:

From\To         W1        W2        P1        P2
W1             ***      14.2  2.06e+11       ***
W2        1.54e+06       ***       ***  3.69e+11
P1        1.91e-10       ***       ***       ***
P2             ***  1.89e-10       ***       ***

Temperature = 500 K    Pressure = 0.1 atm

From\To         W1        W2        P1        P2
W1        1.09e+10  3.12e-07  1.09e+10  1.34e-05
W2         -0.0986  1.75e+10  8.08e+03  1.75e+10
P1        9.89e-12  6.72e-23  9.89e-12   1.3e-20
P2        8.99e-22  8.76e-12  7.83e-16  8.76e-12

Temperature = 500 K    Pressure = 1 atm

From\To         W1        W2        P1        P2
W1        2.74e+10 -4.34e-07  2.74e+10   1.4e-05
W2           -1.02  4.31e+10   2.6e+04  4.31e+10
P1        2.52e-11  2.21e-22  2.52e-11  1.29e-20
P2        2.08e-21   2.2e-11  7.73e-16   2.2e-11

Temperature = 500 K    Pressure = 10 atm

From\To         W1        W2        P1        P2
W1        5.61e+10  0.000961  5.61e+10  0.000352
W2            98.1  8.88e+10  7.66e+04  8.88e+10
P1        5.18e-11  6.53e-22  5.18e-11  1.24e-20
P2        2.76e-20  4.55e-11  7.47e-16  4.55e-11

Temperature = 500 K    Pressure = 100 atm

From\To         W1        W2        P1        P2
W1        9.91e+10     0.067  9.91e+10    0.0598
W2        7.23e+03  1.57e+11  2.09e+05  1.57e+11
P1        9.16e-11  1.78e-21  9.16e-11  1.12e-20
P2        3.36e-18  8.03e-11  6.73e-16  8.03e-11

Temperature = 600 K

High Pressure Rate Coefficients:

From\To         W1        W2        P1        P2
W1             ***       175  2.14e+11       ***
W2        3.81e+06       ***       ***  3.83e+11
P1        1.96e-10       ***       ***       ***
P2             ***  1.95e-10       ***       ***

Temperature = 600 K    Pressure = 0.1 atm

From\To         W1        W2        P1        P2
W1        1.77e+10  2.39e-05  1.77e+10  8.14e-06
W2          -0.163   2.6e+10  2.45e+04   2.6e+10
P1        1.58e-11  9.95e-22  1.58e-11  1.59e-19
P2        1.12e-21  1.28e-11  1.92e-15  1.28e-11

Temperature = 600 K    Pressure = 1 atm

From\To         W1        W2        P1        P2
W1        3.69e+10 -5.64e-05  3.69e+10  0.000237
W2           -5.34   5.5e+10  7.83e+04   5.5e+10
P1        3.37e-11  3.28e-21  3.37e-11  1.57e-19
P2        8.79e-21  2.78e-11  1.89e-15  2.78e-11

Temperature = 600 K    Pressure = 10 atm

From\To         W1        W2        P1        P2
W1         6.7e+10    0.0473   6.7e+10   0.00869
W2        1.01e+03  1.03e+11  2.21e+05  1.03e+11
P1        6.15e-11   9.3e-21  6.15e-11  1.51e-19
P2        1.28e-19  5.22e-11  1.82e-15  5.22e-11

Temperature = 600 K    Pressure = 100 atm

From\To         W1        W2        P1        P2
W1        1.08e+11      1.35  1.08e+11     0.791
W2        2.94e+04  1.69e+11  5.38e+05  1.69e+11
P1         9.9e-11  2.27e-20   9.9e-11  1.35e-19
P2        8.89e-18  8.59e-11  1.64e-15  8.59e-11

Temperature = 700 K

High Pressure Rate Coefficients:

From\To         W1        W2        P1        P2
W1             ***  1.13e+03  2.05e+11       ***
W2        7.66e+06       ***       ***  3.67e+11
P1        2.02e-10       ***       ***       ***
P2             ***     2e-10       ***       ***

Temperature = 700 K    Pressure = 0.1 atm

From\To         W1        W2        P1        P2
W1        1.97e+10   0.00134  1.97e+10  8.92e-05
W2            2.88  2.96e+10  7.26e+04  2.96e+10
P1        1.88e-11     1e-20  1.88e-11   1.1e-18
P2        1.01e-20  1.54e-11  4.13e-15  1.54e-11

Temperature = 700 K    Pressure = 1 atm

From\To         W1        W2        P1        P2
W1        3.84e+10    0.0582  3.84e+10   0.00268
W2             374  5.83e+10  2.11e+05  5.83e+10
P1        3.75e-11  3.02e-20  3.75e-11  1.08e-18
P2        4.42e-20  3.15e-11  4.05e-15  3.15e-11

Temperature = 700 K    Pressure = 10 atm

From\To         W1        W2        P1        P2
W1        6.64e+10      1.23  6.64e+10    0.0987
W2        8.26e+03  1.04e+11  5.38e+05  1.04e+11
P1        6.52e-11  7.78e-20  6.52e-11  1.03e-18
P2        4.72e-19  5.64e-11  3.87e-15  5.64e-11

Temperature = 700 K    Pressure = 100 atm

From\To         W1        W2        P1        P2
W1        1.03e+11      15.4  1.03e+11      5.68
W2        1.04e+05  1.64e+11  1.16e+06  1.64e+11
P1        1.01e-10  1.69e-19  1.01e-10  9.17e-19
P2        2.13e-17  8.94e-11  3.45e-15  8.94e-11

Temperature = 800 K

High Pressure Rate Coefficients:

From\To         W1        W2        P1        P2
W1             ***  4.75e+03  1.89e+11       ***
W2        1.33e+07       ***       ***  3.38e+11
P1        2.06e-10       ***       ***       ***
P2             ***  2.05e-10       ***       ***

Temperature = 800 K    Pressure = 0.1 atm

From\To         W1        W2        P1        P2
W1        2.06e+10    0.0416  2.06e+10  0.000689
W2            62.8  3.11e+10  1.92e+05  3.11e+10
P1        2.17e-11  7.08e-20  2.17e-11  5.09e-18
P2        9.48e-20  1.78e-11  7.91e-15  1.78e-11

Temperature = 800 K    Pressure = 1 atm

From\To         W1        W2        P1        P2
W1        3.82e+10      1.44  3.82e+10     0.021
W2        3.92e+03  5.86e+10  4.97e+05  5.86e+10
P1        4.14e-11  1.92e-19  4.14e-11  4.97e-18
P2        2.63e-19  3.51e-11  7.72e-15  3.51e-11

Temperature = 800 K    Pressure = 10 atm

From\To         W1        W2        P1        P2
W1        6.38e+10      17.6  6.38e+10     0.804
W2        4.91e+04  1.01e+11  1.14e+06  1.01e+11
P1        6.96e-11  4.43e-19  6.96e-11   4.7e-18
P2        1.73e-18  6.07e-11   7.3e-15  6.07e-11

Temperature = 800 K    Pressure = 100 atm

From\To         W1        W2        P1        P2
W1        9.61e+10       120  9.61e+10      29.2
W2        3.34e+05  1.55e+11  2.19e+06  1.55e+11
P1        1.05e-10  8.54e-19  1.05e-10  4.15e-18
P2        5.02e-17  9.35e-11  6.44e-15  9.35e-11

Temperature = 900 K

High Pressure Rate Coefficients:

From\To         W1        W2        P1        P2
W1             ***  1.49e+04   1.7e+11       ***
W2        2.08e+07       ***       ***  3.05e+11
P1         2.1e-10       ***       ***       ***
P2             ***  2.09e-10       ***       ***

Temperature = 900 K    Pressure = 0.1 atm

From\To         W1        W2        P1        P2
W1        1.98e+10     0.581  1.98e+10  0.000596
W2             534  3.03e+10  4.05e+05  3.03e+10
P1        2.34e-11  3.38e-19  2.34e-11  1.79e-17
P2        5.43e-19  1.95e-11  1.39e-14  1.96e-11

Temperature = 900 K    Pressure = 1 atm

From\To         W1        W2        P1        P2
W1        3.57e+10      15.2  3.57e+10     0.157
W2        2.07e+04  5.55e+10  9.61e+05  5.55e+10
P1        4.37e-11   8.4e-19  4.37e-11  1.74e-17
P2        1.17e-18  3.76e-11  1.35e-14  3.76e-11

Temperature = 900 K    Pressure = 10 atm

From\To         W1        W2        P1        P2
W1        5.84e+10       124  5.84e+10      4.66
W2        1.73e+05  9.31e+10     2e+06  9.31e+10
P1         7.2e-11  1.77e-18   7.2e-11  1.63e-17
P2        5.47e-18  6.36e-11  1.26e-14  6.36e-11

Temperature = 900 K    Pressure = 100 atm

From\To         W1        W2        P1        P2
W1        8.65e+10       587  8.65e+10       110
W2        8.19e+05  1.41e+11  3.54e+06  1.41e+11
P1        1.07e-10  3.13e-18  1.07e-10  1.42e-17
P2        1.07e-16  9.62e-11   1.1e-14  9.62e-11

Temperature = 1e+03 K

High Pressure Rate Coefficients:

From\To         W1        W2        P1        P2
W1             ***  3.75e+04  1.52e+11       ***
W2        2.99e+07       ***       ***  2.72e+11
P1        2.14e-10       ***       ***       ***
P2             ***  2.12e-10       ***       ***

Temperature = 1e+03 K    Pressure = 0.1 atm

From\To         W1        W2        P1        P2
W1        1.86e+10      5.62  1.86e+10   -0.0159
W2        3.46e+03  2.82e+10  7.19e+05  2.82e+10
P1        2.51e-11   1.2e-18  2.51e-11  5.12e-17
P2        2.39e-18  2.08e-11  2.27e-14  2.08e-11

Temperature = 1e+03 K    Pressure = 1 atm

From\To         W1        W2        P1        P2
W1        3.29e+10       100  3.29e+10      1.56
W2        7.87e+04  5.09e+10  1.58e+06  5.09e+10
P1         4.6e-11  2.76e-18   4.6e-11  4.95e-17
P2        4.37e-18  3.93e-11  2.19e-14  3.93e-11

Temperature = 1e+03 K    Pressure = 10 atm

From\To         W1        W2        P1        P2
W1        5.29e+10       583  5.29e+10      23.4
W2        4.65e+05  8.41e+10  3.05e+06  8.41e+10
P1        7.44e-11  5.37e-18  7.44e-11  4.62e-17
P2         1.7e-17  6.56e-11  2.05e-14  6.56e-11

Temperature = 1e+03 K    Pressure = 100 atm

From\To         W1        W2        P1        P2
W1        7.73e+10  2.14e+03  7.73e+10       351
W2         1.7e+06  1.26e+11  5.04e+06  1.26e+11
P1        1.09e-10  8.89e-18  1.09e-10     4e-17
P2        2.22e-16   9.8e-11  1.77e-14   9.8e-11

Temperature = 1.1e+03 K

High Pressure Rate Coefficients:

From\To         W1        W2        P1        P2
W1             ***  8.05e+04  1.35e+11       ***
W2        4.06e+07       ***       ***  2.41e+11
P1        2.17e-10       ***       ***       ***
P2             ***  2.16e-10       ***       ***

Temperature = 1.1e+03 K    Pressure = 0.1 atm

From\To         W1        W2        P1        P2
W1        1.73e+10      39.7  1.73e+10    0.0693
W2        1.72e+04  2.57e+10  1.12e+06  2.57e+10
P1        2.67e-11  3.39e-18  2.67e-11  1.25e-16
P2        8.47e-18  2.16e-11  3.51e-14  2.17e-11

Temperature = 1.1e+03 K    Pressure = 1 atm

From\To         W1        W2        P1        P2
W1        3.01e+10       458  3.01e+10      12.7
W2        2.29e+05  4.58e+10  2.29e+06  4.58e+10
P1        4.82e-11  7.24e-18  4.82e-11  1.21e-16
P2        1.45e-17  4.04e-11  3.38e-14  4.05e-11

Temperature = 1.1e+03 K    Pressure = 10 atm

From\To         W1        W2        P1        P2
W1        4.77e+10  2.03e+03  4.77e+10       101
W2        1.02e+06  7.49e+10  4.13e+06  7.49e+10
P1        7.68e-11  1.32e-17  7.68e-11  1.12e-16
P2        5.02e-17  6.68e-11  3.14e-14  6.68e-11

Temperature = 1.1e+03 K    Pressure = 100 atm

From\To         W1        W2        P1        P2
W1        6.89e+10  6.16e+03  6.89e+10       982
W2        3.11e+06  1.11e+11   6.5e+06  1.11e+11
P1        1.11e-10  2.08e-17  1.11e-10  9.64e-17
P2        4.47e-16  9.91e-11   2.7e-14  9.91e-11

Temperature = 1.2e+03 K

High Pressure Rate Coefficients:

From\To         W1        W2        P1        P2
W1             ***  1.53e+05   1.2e+11       ***
W2        5.27e+07       ***       ***  2.14e+11
P1        2.21e-10       ***       ***       ***
P2             ***  2.19e-10       ***       ***

Temperature = 1.2e+03 K    Pressure = 0.1 atm

From\To         W1        W2        P1        P2
W1        1.55e+10       133  1.55e+10     0.246
W2        3.95e+04  2.38e+10  1.71e+06  2.38e+10
P1        2.74e-11  8.68e-18  2.74e-11   2.7e-16
P2        1.99e-17   2.3e-11  5.16e-14   2.3e-11

Temperature = 1.2e+03 K    Pressure = 1 atm

From\To         W1        W2        P1        P2
W1        2.67e+10  1.28e+03  2.67e+10      40.1
W2        4.38e+05  4.19e+10  3.29e+06  4.19e+10
P1         4.9e-11  1.75e-17   4.9e-11  2.59e-16
P2        3.18e-17  4.23e-11  4.95e-14  4.24e-11

Temperature = 1.2e+03 K    Pressure = 10 atm

From\To         W1        W2        P1        P2
W1        4.21e+10  5.06e+03  4.21e+10       259
W2        1.74e+06  6.77e+10  5.64e+06  6.77e+10
P1        7.76e-11  3.02e-17  7.76e-11  2.39e-16
P2        9.97e-17  6.91e-11  4.57e-14  6.91e-11

Temperature = 1.2e+03 K    Pressure = 100 atm

From\To         W1        W2        P1        P2
W1        6.05e+10   1.4e+04  6.05e+10  2.07e+03
W2        4.83e+06  9.92e+10  8.52e+06  9.91e+10
P1        1.12e-10  4.56e-17  1.12e-10  2.04e-16
P2        7.33e-16  1.01e-10   3.9e-14  1.01e-10

Temperature = 1.3e+03 K

High Pressure Rate Coefficients:

From\To         W1        W2        P1        P2
W1             ***  2.64e+05  1.06e+11       ***
W2        6.58e+07       ***       ***   1.9e+11
P1        2.23e-10       ***       ***       ***
P2             ***  2.22e-10       ***       ***

Temperature = 1.3e+03 K    Pressure = 0.1 atm

From\To         W1        W2        P1        P2
W1        1.43e+10       482  1.43e+10      5.39
W2        1.08e+05  2.18e+10  2.37e+06  2.18e+10
P1        2.89e-11  1.91e-17  2.89e-11   5.3e-16
P2        4.83e-17  2.41e-11  7.32e-14  2.41e-11

Temperature = 1.3e+03 K    Pressure = 1 atm

From\To         W1        W2        P1        P2
W1        2.44e+10  3.48e+03  2.44e+10       153
W2         8.6e+05  3.79e+10  4.28e+06  3.79e+10
P1         5.1e-11   3.6e-17   5.1e-11  5.06e-16
P2        7.84e-17  4.39e-11     7e-14  4.39e-11

Temperature = 1.3e+03 K    Pressure = 10 atm

From\To         W1        W2        P1        P2
W1        3.79e+10  1.18e+04  3.79e+10       722
W2        2.94e+06  6.08e+10     7e+06  6.07e+10
P1        7.99e-11  5.92e-17  7.99e-11  4.64e-16
P2        2.25e-16  7.09e-11  6.42e-14   7.1e-11

Temperature = 1.3e+03 K    Pressure = 100 atm

From\To         W1        W2        P1        P2
W1         5.4e+10  2.95e+04   5.4e+10   4.4e+03
W2        7.36e+06  8.83e+10  1.02e+07  8.83e+10
P1        1.14e-10  8.63e-17  1.14e-10  3.92e-16
P2        1.29e-15  1.03e-10  5.42e-14  1.03e-10

Temperature = 1.4e+03 K

High Pressure Rate Coefficients:

From\To         W1        W2        P1        P2
W1             ***  4.22e+05  9.41e+10       ***
W2        7.98e+07       ***       ***  1.68e+11
P1        2.26e-10       ***       ***       ***
P2             ***  2.25e-10       ***       ***

Temperature = 1.4e+03 K    Pressure = 0.1 atm

From\To         W1        W2        P1        P2
W1        1.28e+10  1.17e+03  1.28e+10      19.5
W2        2.02e+05  1.98e+10   3.1e+06  1.98e+10
P1        2.95e-11  3.78e-17  2.95e-11   9.6e-16
P2           9e-17  2.49e-11  1.01e-13   2.5e-11

Temperature = 1.4e+03 K    Pressure = 1 atm

From\To         W1        W2        P1        P2
W1        2.17e+10  7.19e+03  2.17e+10       365
W2        1.35e+06  3.42e+10  5.38e+06  3.42e+10
P1        5.17e-11   6.8e-17  5.17e-11  9.14e-16
P2        1.47e-16  4.51e-11  9.59e-14  4.52e-11

Temperature = 1.4e+03 K    Pressure = 10 atm

From\To         W1        W2        P1        P2
W1        3.36e+10  2.25e+04  3.36e+10  1.48e+03
W2        4.25e+06  5.44e+10  8.51e+06  5.44e+10
P1        8.07e-11  1.08e-16  8.07e-11  8.35e-16
P2        3.95e-16  7.24e-11  8.75e-14  7.25e-11

Temperature = 1.4e+03 K    Pressure = 100 atm

From\To         W1        W2        P1        P2
W1        4.77e+10   5.3e+04  4.77e+10  7.82e+03
W2           1e+07  7.86e+10  1.21e+07  7.86e+10
P1        1.15e-10  1.54e-16  1.15e-10     7e-16
P2        1.98e-15  1.05e-10  7.34e-14  1.05e-10

Temperature = 1.5e+03 K

High Pressure Rate Coefficients:

From\To         W1        W2        P1        P2
W1             ***  6.35e+05  8.37e+10       ***
W2        9.45e+07       ***       ***   1.5e+11
P1        2.29e-10       ***       ***       ***
P2             ***  2.27e-10       ***       ***

Temperature = 1.5e+03 K    Pressure = 0.1 atm

From\To         W1        W2        P1        P2
W1        1.18e+10   3.1e+03  1.18e+10       106
W2        4.32e+05  1.79e+10  3.78e+06  1.79e+10
P1        3.09e-11  6.68e-17  3.09e-11  1.63e-15
P2         1.8e-16  2.57e-11  1.35e-13  2.58e-11

Temperature = 1.5e+03 K    Pressure = 1 atm

From\To         W1        W2        P1        P2
W1        1.98e+10  1.49e+04  1.98e+10  1.03e+03
W2        2.21e+06  3.07e+10  6.23e+06  3.07e+10
P1        5.36e-11  1.14e-16  5.36e-11  1.55e-15
P2        3.19e-16  4.61e-11  1.28e-13  4.62e-11

Temperature = 1.5e+03 K    Pressure = 10 atm

From\To         W1        W2        P1        P2
W1        3.04e+10  4.18e+04  3.04e+10  3.38e+03
W2        6.22e+06  4.86e+10  9.53e+06  4.86e+10
P1        8.29e-11  1.75e-16  8.29e-11  1.41e-15
P2        7.93e-16  7.36e-11  1.16e-13  7.37e-11

Temperature = 1.5e+03 K    Pressure = 100 atm

From\To         W1        W2        P1        P2
W1        4.28e+10  9.18e+04  4.28e+10  1.45e+04
W2        1.37e+07     7e+10  1.33e+07     7e+10
P1        1.17e-10  2.44e-16  1.17e-10  1.17e-15
P2        3.28e-15  1.06e-10  9.67e-14  1.06e-10

Temperature = 1.6e+03 K

High Pressure Rate Coefficients:

From\To         W1        W2        P1        P2
W1             ***  9.07e+05  7.47e+10       ***
W2         1.1e+08       ***       ***  1.34e+11
P1        2.31e-10       ***       ***       ***
P2             ***   2.3e-10       ***       ***

Temperature = 1.6e+03 K    Pressure = 0.1 atm

From\To         W1        W2        P1        P2
W1        1.06e+10  5.25e+03  1.06e+10       171
W2        5.92e+05  1.66e+10  4.86e+06  1.66e+10
P1        3.15e-11   1.2e-16  3.15e-11  2.61e-15
P2        2.75e-16   2.7e-11  1.75e-13  2.72e-11

Temperature = 1.6e+03 K    Pressure = 1 atm

From\To         W1        W2        P1        P2
W1        1.77e+10  2.44e+04  1.77e+10  1.64e+03
W2        2.93e+06  2.83e+10  7.78e+06  2.83e+10
P1        5.43e-11  1.98e-16  5.43e-11  2.47e-15
P2        4.67e-16   4.8e-11  1.66e-13  4.81e-11

Temperature = 1.6e+03 K    Pressure = 10 atm

From\To         W1        W2        P1        P2
W1        2.71e+10  6.63e+04  2.71e+10  5.17e+03
W2        8.01e+06  4.43e+10  1.16e+07  4.43e+10
P1        8.37e-11  2.97e-16  8.37e-11  2.23e-15
P2        1.12e-15  7.59e-11   1.5e-13   7.6e-11

Temperature = 1.6e+03 K    Pressure = 100 atm

From\To         W1        W2        P1        P2
W1        3.81e+10  1.42e+05  3.81e+10  2.13e+04
W2        1.71e+07  6.33e+10  1.58e+07  6.32e+10
P1        1.18e-10  4.06e-16  1.18e-10  1.84e-15
P2        4.43e-15  1.09e-10  1.23e-13  1.09e-10

Temperature = 1.7e+03 K

High Pressure Rate Coefficients:

From\To         W1        W2        P1        P2
W1             ***  1.24e+06  6.69e+10       ***
W2        1.25e+08       ***       ***   1.2e+11
P1        2.34e-10       ***       ***       ***
P2             ***  2.32e-10       ***       ***

Temperature = 1.7e+03 K    Pressure = 0.1 atm

From\To         W1        W2        P1        P2
W1         9.7e+09  1.05e+04   9.7e+09       504
W2        1.01e+06  1.53e+10  5.51e+06  1.53e+10
P1        3.29e-11  1.86e-16  3.29e-11  4.03e-15
P2        4.05e-16  2.83e-11  2.25e-13  2.85e-11

Temperature = 1.7e+03 K    Pressure = 1 atm

From\To         W1        W2        P1        P2
W1        1.61e+10  4.06e+04  1.61e+10  3.23e+03
W2        4.07e+06  2.59e+10  8.66e+06  2.59e+10
P1        5.61e-11  2.99e-16  5.61e-11   3.8e-15
P2        7.74e-16  4.96e-11  2.12e-13  4.99e-11

Temperature = 1.7e+03 K    Pressure = 10 atm

From\To         W1        W2        P1        P2
W1        2.46e+10  1.02e+05  2.46e+10  8.77e+03
W2        1.03e+07  4.03e+10  1.28e+07  4.03e+10
P1        8.57e-11  4.42e-16  8.57e-11  3.42e-15
P2        1.76e-15  7.79e-11  1.91e-13  7.81e-11

Temperature = 1.7e+03 K    Pressure = 100 atm

From\To         W1        W2        P1        P2
W1        3.44e+10  2.09e+05  3.44e+10  3.24e+04
W2        2.11e+07  5.72e+10  1.73e+07  5.72e+10
P1         1.2e-10  5.99e-16   1.2e-10  2.81e-15
P2        6.34e-15  1.11e-10  1.57e-13  1.11e-10

Temperature = 1.8e+03 K

High Pressure Rate Coefficients:

From\To         W1        W2        P1        P2
W1             ***  1.64e+06  6.01e+10       ***
W2        1.41e+08       ***       ***  1.07e+11
P1        2.36e-10       ***       ***       ***
P2             ***  2.34e-10       ***       ***

Temperature = 1.8e+03 K    Pressure = 0.1 atm

From\To         W1        W2        P1        P2
W1         8.8e+09  1.87e+04   8.8e+09  1.32e+03
W2        1.54e+06  1.35e+10  5.97e+06  1.35e+10
P1        3.33e-11  2.67e-16  3.34e-11  5.96e-15
P2        7.52e-16  2.79e-11  2.83e-13  2.82e-11

Temperature = 1.8e+03 K    Pressure = 1 atm

From\To         W1        W2        P1        P2
W1        1.46e+10  6.41e+04  1.46e+10  6.58e+03
W2        5.48e+06  2.28e+10  9.04e+06  2.28e+10
P1        5.68e-11  4.13e-16  5.68e-11  5.61e-15
P2        1.46e-15  4.91e-11  2.67e-13  4.94e-11

Temperature = 1.8e+03 K    Pressure = 10 atm

From\To         W1        W2        P1        P2
W1        2.21e+10  1.53e+05  2.21e+10  1.62e+04
W2        1.31e+07  3.56e+10   1.3e+07  3.55e+10
P1        8.66e-11  5.96e-16  8.66e-11  5.04e-15
P2         3.1e-15  7.73e-11   2.4e-13  7.75e-11

Temperature = 1.8e+03 K    Pressure = 100 atm

From\To         W1        W2        P1        P2
W1        3.08e+10  3.01e+05  3.08e+10  5.21e+04
W2        2.58e+07  5.06e+10  1.75e+07  5.06e+10
P1        1.21e-10  8.04e-16  1.21e-10  4.11e-15
P2        9.77e-15   1.1e-10  1.96e-13   1.1e-10

Temperature = 1.9e+03 K

High Pressure Rate Coefficients:

From\To         W1        W2        P1        P2
W1             ***  2.11e+06  5.41e+10       ***
W2        1.57e+08       ***       ***  9.68e+10
P1        2.38e-10       ***       ***       ***
P2             ***  2.36e-10       ***       ***

Temperature = 1.9e+03 K    Pressure = 0.1 atm

From\To         W1        W2        P1        P2
W1        7.96e+09  2.67e+04  7.96e+09  1.86e+03
W2        1.91e+06  1.25e+10  7.05e+06  1.25e+10
P1        3.39e-11  4.07e-16  3.39e-11   8.5e-15
P2        1.02e-15  2.89e-11   3.5e-13  2.93e-11

Temperature = 1.9e+03 K    Pressure = 1 atm

From\To         W1        W2        P1        P2
W1        1.31e+10  8.94e+04  1.31e+10  9.03e+03
W2        6.62e+06   2.1e+10  1.05e+07  2.09e+10
P1        5.74e-11   6.2e-16  5.75e-11  7.97e-15
P2        1.93e-15  5.06e-11  3.29e-13  5.09e-11

Temperature = 1.9e+03 K    Pressure = 10 atm

From\To         W1        W2        P1        P2
W1        1.99e+10  2.09e+05  1.99e+10  2.17e+04
W2        1.56e+07  3.25e+10  1.49e+07  3.25e+10
P1        8.74e-11  8.81e-16  8.74e-11  7.13e-15
P2        4.03e-15  7.91e-11  2.94e-13  7.94e-11

Temperature = 1.9e+03 K    Pressure = 100 atm

From\To         W1        W2        P1        P2
W1        2.77e+10  4.05e+05  2.77e+10  6.84e+04
W2        3.01e+07   4.6e+10  1.98e+07   4.6e+10
P1        1.22e-10  1.17e-15  1.22e-10  5.77e-15
P2        1.24e-14  1.12e-10  2.38e-13  1.12e-10

Temperature = 2e+03 K

High Pressure Rate Coefficients:

From\To         W1        W2        P1        P2
W1             ***  2.63e+06  4.89e+10       ***
W2        1.72e+08       ***       ***  8.75e+10
P1         2.4e-10       ***       ***       ***
P2             ***  2.38e-10       ***       ***

Temperature = 2e+03 K    Pressure = 0.1 atm

From\To         W1        W2        P1        P2
W1         7.4e+09  4.22e+04   7.4e+09  3.58e+03
W2        2.67e+06  1.16e+10  7.81e+06  1.15e+10
P1        3.51e-11  5.75e-16  3.51e-11  1.18e-14
P2        1.57e-15  2.99e-11  4.27e-13  3.03e-11

Temperature = 2e+03 K    Pressure = 1 atm

From\To         W1        W2        P1        P2
W1        1.21e+10   1.3e+05  1.21e+10  1.48e+04
W2        8.45e+06  1.93e+10  1.14e+07  1.93e+10
P1        5.92e-11  8.52e-16  5.92e-11   1.1e-14
P2        3.02e-15   5.2e-11  3.99e-13  5.24e-11

Temperature = 2e+03 K    Pressure = 10 atm

From\To         W1        W2        P1        P2
W1        1.82e+10  2.91e+05  1.82e+10  3.31e+04
W2         1.9e+07  2.97e+10  1.58e+07  2.97e+10
P1        8.94e-11  1.19e-15  8.95e-11  9.78e-15
P2        6.01e-15  8.08e-11  3.55e-13  8.11e-11

Temperature = 2e+03 K    Pressure = 100 atm

From\To         W1        W2        P1        P2
W1        2.53e+10  5.46e+05  2.53e+10  9.59e+04
W2        3.57e+07  4.19e+10  2.08e+07  4.18e+10
P1        1.24e-10  1.57e-15  1.24e-10  7.84e-15
P2        1.71e-14  1.14e-10  2.84e-13  1.14e-10

______________________________________________________________________________________

High Pressure Rate Coefficients (Temperature-Species Rate Tables):

Reactant = W1
   T(K)        W1        W2        P1        P2
    500       ***      14.2  2.06e+11       ***
    600       ***       175  2.14e+11       ***
    700       ***  1.13e+03  2.05e+11       ***
    800       ***  4.75e+03  1.89e+11       ***
    900       ***  1.49e+04   1.7e+11       ***
  1e+03       ***  3.75e+04  1.52e+11       ***
1.1e+03       ***  8.05e+04  1.35e+11       ***
1.2e+03       ***  1.53e+05   1.2e+11       ***
1.3e+03       ***  2.64e+05  1.06e+11       ***
1.4e+03       ***  4.22e+05  9.41e+10       ***
1.5e+03       ***  6.35e+05  8.37e+10       ***
1.6e+03       ***  9.07e+05  7.47e+10       ***
1.7e+03       ***  1.24e+06  6.69e+10       ***
1.8e+03       ***  1.64e+06  6.01e+10       ***
1.9e+03       ***  2.11e+06  5.41e+10       ***
  2e+03       ***  2.63e+06  4.89e+10       ***

Reactant = W2
   T(K)        W1        W2        P1        P2
    500  1.54e+06       ***       ***  3.69e+11
    600  3.81e+06       ***       ***  3.83e+11
    700  7.66e+06       ***       ***  3.67e+11
    800  1.33e+07       ***       ***  3.38e+11
    900  2.08e+07       ***       ***  3.05e+11
  1e+03  2.99e+07       ***       ***  2.72e+11
1.1e+03  4.06e+07       ***       ***  2.41e+11
1.2e+03  5.27e+07       ***       ***  2.14e+11
1.3e+03  6.58e+07       ***       ***   1.9e+11
1.4e+03  7.98e+07       ***       ***  1.68e+11
1.5e+03  9.45e+07       ***       ***   1.5e+11
1.6e+03   1.1e+08       ***       ***  1.34e+11
1.7e+03  1.25e+08       ***       ***   1.2e+11
1.8e+03  1.41e+08       ***       ***  1.07e+11
1.9e+03  1.57e+08       ***       ***  9.68e+10
  2e+03  1.72e+08       ***       ***  8.75e+10

Reactant = P1
   T(K)        W1        W2        P1        P2
    500  1.91e-10       ***       ***       ***
    600  1.96e-10       ***       ***       ***
    700  2.02e-10       ***       ***       ***
    800  2.06e-10       ***       ***       ***
    900   2.1e-10       ***       ***       ***
  1e+03  2.14e-10       ***       ***       ***
1.1e+03  2.17e-10       ***       ***       ***
1.2e+03  2.21e-10       ***       ***       ***
1.3e+03  2.23e-10       ***       ***       ***
1.4e+03  2.26e-10       ***       ***       ***
1.5e+03  2.29e-10       ***       ***       ***
1.6e+03  2.31e-10       ***       ***       ***
1.7e+03  2.34e-10       ***       ***       ***
1.8e+03  2.36e-10       ***       ***       ***
1.9e+03  2.38e-10       ***       ***       ***
  2e+03   2.4e-10       ***       ***       ***

Reactant = P2
   T(K)        W1        W2        P1        P2
    500       ***  1.89e-10       ***       ***
    600       ***  1.95e-10       ***       ***
    700       ***     2e-10       ***       ***
    800       ***  2.05e-10       ***       ***
    900       ***  2.09e-10       ***       ***
  1e+03       ***  2.12e-10       ***       ***
1.1e+03       ***  2.16e-10       ***       ***
1.2e+03       ***  2.19e-10       ***       ***
1.3e+03       ***  2.22e-10       ***       ***
1.4e+03       ***  2.25e-10       ***       ***
1.5e+03       ***  2.27e-10       ***       ***
1.6e+03       ***   2.3e-10       ***       ***
1.7e+03       ***  2.32e-10       ***       ***
1.8e+03       ***  2.34e-10       ***       ***
1.9e+03       ***  2.36e-10       ***       ***
  2e+03       ***  2.38e-10       ***       ***

Capture/Escape Rate Coefficients:

   T(K)        W1        W2        P1        P2
    500  2.06e+11  3.69e+11  1.91e-10  1.89e-10
    600  2.14e+11  3.83e+11  1.96e-10  1.95e-10
    700  2.05e+11  3.67e+11  2.02e-10     2e-10
    800  1.89e+11  3.38e+11  2.06e-10  2.05e-10
    900   1.7e+11  3.05e+11   2.1e-10  2.09e-10
  1e+03  1.52e+11  2.72e+11  2.14e-10  2.12e-10
1.1e+03  1.35e+11  2.41e+11  2.17e-10  2.16e-10
1.2e+03   1.2e+11  2.14e+11  2.21e-10  2.19e-10
1.3e+03  1.06e+11   1.9e+11  2.23e-10  2.22e-10
1.4e+03  9.41e+10  1.68e+11  2.26e-10  2.25e-10
1.5e+03  8.37e+10   1.5e+11  2.29e-10  2.27e-10
1.6e+03  7.47e+10  1.34e+11  2.31e-10   2.3e-10
1.7e+03  6.69e+10   1.2e+11  2.34e-10  2.32e-10
1.8e+03  6.01e+10  1.08e+11  2.36e-10  2.34e-10
1.9e+03  5.41e+10   9.7e+10  2.38e-10  2.36e-10
  2e+03  4.89e+10  8.76e+10   2.4e-10  2.38e-10

______________________________________________________________________________________

Pressure-Species Rate Tables:

Reactant = W1   Temperature = 500 K

   P(atm)        W2        P1        P2      Loss
      0.1  3.12e-07  1.09e+10  1.34e-05  1.09e+10
        1 -4.34e-07  2.74e+10   1.4e-05  2.74e+10
       10  0.000961  5.61e+10  0.000352  5.61e+10
      100     0.067  9.91e+10    0.0598  9.91e+10
      O-O      14.2  2.06e+11       ***  2.06e+11

Reactant = W1   Temperature = 600 K

   P(atm)        W2        P1        P2      Loss
      0.1  2.39e-05  1.77e+10  8.14e-06  1.77e+10
        1 -5.64e-05  3.69e+10  0.000237  3.69e+10
       10    0.0473   6.7e+10   0.00869   6.7e+10
      100      1.35  1.08e+11     0.791  1.08e+11
      O-O       175  2.14e+11       ***  2.14e+11

Reactant = W1   Temperature = 700 K

   P(atm)        W2        P1        P2      Loss
      0.1   0.00134  1.97e+10  8.92e-05  1.97e+10
        1    0.0582  3.84e+10   0.00268  3.84e+10
       10      1.23  6.64e+10    0.0987  6.64e+10
      100      15.4  1.03e+11      5.68  1.03e+11
      O-O  1.13e+03  2.05e+11       ***  2.05e+11

Reactant = W1   Temperature = 800 K

   P(atm)        W2        P1        P2      Loss
      0.1    0.0416  2.06e+10  0.000689  2.06e+10
        1      1.44  3.82e+10     0.021  3.82e+10
       10      17.6  6.38e+10     0.804  6.38e+10
      100       120  9.61e+10      29.2  9.61e+10
      O-O  4.75e+03  1.89e+11       ***  1.89e+11

Reactant = W1   Temperature = 900 K

   P(atm)        W2        P1        P2      Loss
      0.1     0.581  1.98e+10  0.000596  1.98e+10
        1      15.2  3.57e+10     0.157  3.57e+10
       10       124  5.84e+10      4.66  5.84e+10
      100       587  8.65e+10       110  8.65e+10
      O-O  1.49e+04   1.7e+11       ***   1.7e+11

Reactant = W1   Temperature = 1e+03 K

   P(atm)        W2        P1        P2      Loss
      0.1      5.62  1.86e+10   -0.0159  1.86e+10
        1       100  3.29e+10      1.56  3.29e+10
       10       583  5.29e+10      23.4  5.29e+10
      100  2.14e+03  7.73e+10       351  7.73e+10
      O-O  3.75e+04  1.52e+11       ***  1.52e+11

Reactant = W1   Temperature = 1.1e+03 K

   P(atm)        W2        P1        P2      Loss
      0.1      39.7  1.73e+10    0.0693  1.73e+10
        1       458  3.01e+10      12.7  3.01e+10
       10  2.03e+03  4.77e+10       101  4.77e+10
      100  6.16e+03  6.89e+10       982  6.89e+10
      O-O  8.05e+04  1.35e+11       ***  1.35e+11

Reactant = W1   Temperature = 1.2e+03 K

   P(atm)        W2        P1        P2      Loss
      0.1       133  1.55e+10     0.246  1.55e+10
        1  1.28e+03  2.67e+10      40.1  2.67e+10
       10  5.06e+03  4.21e+10       259  4.21e+10
      100   1.4e+04  6.05e+10  2.07e+03  6.05e+10
      O-O  1.53e+05   1.2e+11       ***   1.2e+11

Reactant = W1   Temperature = 1.3e+03 K

   P(atm)        W2        P1        P2      Loss
      0.1       482  1.43e+10      5.39  1.43e+10
        1  3.48e+03  2.44e+10       153  2.44e+10
       10  1.18e+04  3.79e+10       722  3.79e+10
      100  2.95e+04   5.4e+10   4.4e+03   5.4e+10
      O-O  2.64e+05  1.06e+11       ***  1.06e+11

Reactant = W1   Temperature = 1.4e+03 K

   P(atm)        W2        P1        P2      Loss
      0.1  1.17e+03  1.28e+10      19.5  1.28e+10
        1  7.19e+03  2.17e+10       365  2.17e+10
       10  2.25e+04  3.36e+10  1.48e+03  3.36e+10
      100   5.3e+04  4.77e+10  7.82e+03  4.77e+10
      O-O  4.22e+05  9.41e+10       ***  9.41e+10

Reactant = W1   Temperature = 1.5e+03 K

   P(atm)        W2        P1        P2      Loss
      0.1   3.1e+03  1.18e+10       106  1.18e+10
        1  1.49e+04  1.98e+10  1.03e+03  1.98e+10
       10  4.18e+04  3.04e+10  3.38e+03  3.04e+10
      100  9.18e+04  4.28e+10  1.45e+04  4.28e+10
      O-O  6.35e+05  8.37e+10       ***  8.37e+10

Reactant = W1   Temperature = 1.6e+03 K

   P(atm)        W2        P1        P2      Loss
      0.1  5.25e+03  1.06e+10       171  1.06e+10
        1  2.44e+04  1.77e+10  1.64e+03  1.77e+10
       10  6.63e+04  2.71e+10  5.17e+03  2.71e+10
      100  1.42e+05  3.81e+10  2.13e+04  3.81e+10
      O-O  9.07e+05  7.47e+10       ***  7.47e+10

Reactant = W1   Temperature = 1.7e+03 K

   P(atm)        W2        P1        P2      Loss
      0.1  1.05e+04   9.7e+09       504   9.7e+09
        1  4.06e+04  1.61e+10  3.23e+03  1.61e+10
       10  1.02e+05  2.46e+10  8.77e+03  2.46e+10
      100  2.09e+05  3.44e+10  3.24e+04  3.44e+10
      O-O  1.24e+06  6.69e+10       ***  6.69e+10

Reactant = W1   Temperature = 1.8e+03 K

   P(atm)        W2        P1        P2      Loss
      0.1  1.87e+04   8.8e+09  1.32e+03   8.8e+09
        1  6.41e+04  1.46e+10  6.58e+03  1.46e+10
       10  1.53e+05  2.21e+10  1.62e+04  2.21e+10
      100  3.01e+05  3.08e+10  5.21e+04  3.08e+10
      O-O  1.64e+06  6.01e+10       ***  6.01e+10

Reactant = W1   Temperature = 1.9e+03 K

   P(atm)        W2        P1        P2      Loss
      0.1  2.67e+04  7.96e+09  1.86e+03  7.96e+09
        1  8.94e+04  1.31e+10  9.03e+03  1.31e+10
       10  2.09e+05  1.99e+10  2.17e+04  1.99e+10
      100  4.05e+05  2.77e+10  6.84e+04  2.77e+10
      O-O  2.11e+06  5.41e+10       ***  5.41e+10

Reactant = W1   Temperature = 2e+03 K

   P(atm)        W2        P1        P2      Loss
      0.1  4.22e+04   7.4e+09  3.58e+03   7.4e+09
        1   1.3e+05  1.21e+10  1.48e+04  1.21e+10
       10  2.91e+05  1.82e+10  3.31e+04  1.82e+10
      100  5.46e+05  2.53e+10  9.59e+04  2.53e+10
      O-O  2.63e+06  4.89e+10       ***  4.89e+10

Reactant = W2   Temperature = 500 K

   P(atm)        W1        P1        P2      Loss
      0.1   -0.0986  8.08e+03  1.75e+10  1.75e+10
        1     -1.02   2.6e+04  4.31e+10  4.31e+10
       10      98.1  7.66e+04  8.88e+10  8.88e+10
      100  7.23e+03  2.09e+05  1.57e+11  1.57e+11
      O-O  1.54e+06       ***  3.69e+11  3.69e+11

Reactant = W2   Temperature = 600 K

   P(atm)        W1        P1        P2      Loss
      0.1    -0.163  2.45e+04   2.6e+10   2.6e+10
        1     -5.34  7.83e+04   5.5e+10   5.5e+10
       10  1.01e+03  2.21e+05  1.03e+11  1.03e+11
      100  2.94e+04  5.38e+05  1.69e+11  1.69e+11
      O-O  3.81e+06       ***  3.83e+11  3.83e+11

Reactant = W2   Temperature = 700 K

   P(atm)        W1        P1        P2      Loss
      0.1      2.88  7.26e+04  2.96e+10  2.96e+10
        1       374  2.11e+05  5.83e+10  5.83e+10
       10  8.26e+03  5.38e+05  1.04e+11  1.04e+11
      100  1.04e+05  1.16e+06  1.64e+11  1.64e+11
      O-O  7.66e+06       ***  3.67e+11  3.67e+11

Reactant = W2   Temperature = 800 K

   P(atm)        W1        P1        P2      Loss
      0.1      62.8  1.92e+05  3.11e+10  3.11e+10
        1  3.92e+03  4.97e+05  5.86e+10  5.86e+10
       10  4.91e+04  1.14e+06  1.01e+11  1.01e+11
      100  3.34e+05  2.19e+06  1.55e+11  1.55e+11
      O-O  1.33e+07       ***  3.38e+11  3.38e+11

Reactant = W2   Temperature = 900 K

   P(atm)        W1        P1        P2      Loss
      0.1       534  4.05e+05  3.03e+10  3.03e+10
        1  2.07e+04  9.61e+05  5.55e+10  5.55e+10
       10  1.73e+05     2e+06  9.31e+10  9.31e+10
      100  8.19e+05  3.54e+06  1.41e+11  1.41e+11
      O-O  2.08e+07       ***  3.05e+11  3.05e+11

Reactant = W2   Temperature = 1e+03 K

   P(atm)        W1        P1        P2      Loss
      0.1  3.46e+03  7.19e+05  2.82e+10  2.82e+10
        1  7.87e+04  1.58e+06  5.09e+10  5.09e+10
       10  4.65e+05  3.05e+06  8.41e+10  8.41e+10
      100   1.7e+06  5.04e+06  1.26e+11  1.26e+11
      O-O  2.99e+07       ***  2.72e+11  2.72e+11

Reactant = W2   Temperature = 1.1e+03 K

   P(atm)        W1        P1        P2      Loss
      0.1  1.72e+04  1.12e+06  2.57e+10  2.57e+10
        1  2.29e+05  2.29e+06  4.58e+10  4.58e+10
       10  1.02e+06  4.13e+06  7.49e+10  7.49e+10
      100  3.11e+06   6.5e+06  1.11e+11  1.11e+11
      O-O  4.06e+07       ***  2.41e+11  2.41e+11

Reactant = W2   Temperature = 1.2e+03 K

   P(atm)        W1        P1        P2      Loss
      0.1  3.95e+04  1.71e+06  2.38e+10  2.38e+10
        1  4.38e+05  3.29e+06  4.19e+10  4.19e+10
       10  1.74e+06  5.64e+06  6.77e+10  6.77e+10
      100  4.83e+06  8.52e+06  9.91e+10  9.92e+10
      O-O  5.27e+07       ***  2.14e+11  2.14e+11

Reactant = W2   Temperature = 1.3e+03 K

   P(atm)        W1        P1        P2      Loss
      0.1  1.08e+05  2.37e+06  2.18e+10  2.18e+10
        1   8.6e+05  4.28e+06  3.79e+10  3.79e+10
       10  2.94e+06     7e+06  6.07e+10  6.08e+10
      100  7.36e+06  1.02e+07  8.83e+10  8.83e+10
      O-O  6.58e+07       ***   1.9e+11   1.9e+11

Reactant = W2   Temperature = 1.4e+03 K

   P(atm)        W1        P1        P2      Loss
      0.1  2.02e+05   3.1e+06  1.98e+10  1.98e+10
        1  1.35e+06  5.38e+06  3.42e+10  3.42e+10
       10  4.25e+06  8.51e+06  5.44e+10  5.44e+10
      100     1e+07  1.21e+07  7.86e+10  7.86e+10
      O-O  7.98e+07       ***  1.68e+11  1.68e+11

Reactant = W2   Temperature = 1.5e+03 K

   P(atm)        W1        P1        P2      Loss
      0.1  4.32e+05  3.78e+06  1.79e+10  1.79e+10
        1  2.21e+06  6.23e+06  3.07e+10  3.07e+10
       10  6.22e+06  9.53e+06  4.86e+10  4.86e+10
      100  1.37e+07  1.33e+07     7e+10     7e+10
      O-O  9.45e+07       ***   1.5e+11   1.5e+11

Reactant = W2   Temperature = 1.6e+03 K

   P(atm)        W1        P1        P2      Loss
      0.1  5.92e+05  4.86e+06  1.66e+10  1.66e+10
        1  2.93e+06  7.78e+06  2.83e+10  2.83e+10
       10  8.01e+06  1.16e+07  4.43e+10  4.43e+10
      100  1.71e+07  1.58e+07  6.32e+10  6.33e+10
      O-O   1.1e+08       ***  1.34e+11  1.34e+11

Reactant = W2   Temperature = 1.7e+03 K

   P(atm)        W1        P1        P2      Loss
      0.1  1.01e+06  5.51e+06  1.53e+10  1.53e+10
        1  4.07e+06  8.66e+06  2.59e+10  2.59e+10
       10  1.03e+07  1.28e+07  4.03e+10  4.03e+10
      100  2.11e+07  1.73e+07  5.72e+10  5.72e+10
      O-O  1.25e+08       ***   1.2e+11   1.2e+11

Reactant = W2   Temperature = 1.8e+03 K

   P(atm)        W1        P1        P2      Loss
      0.1  1.54e+06  5.97e+06  1.35e+10  1.35e+10
        1  5.48e+06  9.04e+06  2.28e+10  2.28e+10
       10  1.31e+07   1.3e+07  3.55e+10  3.56e+10
      100  2.58e+07  1.75e+07  5.06e+10  5.06e+10
      O-O  1.41e+08       ***  1.07e+11  1.08e+11

Reactant = W2   Temperature = 1.9e+03 K

   P(atm)        W1        P1        P2      Loss
      0.1  1.91e+06  7.05e+06  1.25e+10  1.25e+10
        1  6.62e+06  1.05e+07  2.09e+10   2.1e+10
       10  1.56e+07  1.49e+07  3.25e+10  3.25e+10
      100  3.01e+07  1.98e+07   4.6e+10   4.6e+10
      O-O  1.57e+08       ***  9.68e+10   9.7e+10

Reactant = W2   Temperature = 2e+03 K

   P(atm)        W1        P1        P2      Loss
      0.1  2.67e+06  7.81e+06  1.15e+10  1.16e+10
        1  8.45e+06  1.14e+07  1.93e+10  1.93e+10
       10   1.9e+07  1.58e+07  2.97e+10  2.97e+10
      100  3.57e+07  2.08e+07  4.18e+10  4.19e+10
      O-O  1.72e+08       ***  8.75e+10  8.76e+10

Reactant = P1   Temperature = 500 K

   P(atm)        W1        W2        P2      Loss
      0.1  9.89e-12  6.72e-23   1.3e-20  9.89e-12
        1  2.52e-11  2.21e-22  1.29e-20  2.52e-11
       10  5.18e-11  6.53e-22  1.24e-20  5.18e-11
      100  9.16e-11  1.78e-21  1.12e-20  9.16e-11
      O-O  1.91e-10       ***       ***  1.91e-10

Reactant = P1   Temperature = 600 K

   P(atm)        W1        W2        P2      Loss
      0.1  1.58e-11  9.95e-22  1.59e-19  1.58e-11
        1  3.37e-11  3.28e-21  1.57e-19  3.37e-11
       10  6.15e-11   9.3e-21  1.51e-19  6.15e-11
      100   9.9e-11  2.27e-20  1.35e-19   9.9e-11
      O-O  1.96e-10       ***       ***  1.96e-10

Reactant = P1   Temperature = 700 K

   P(atm)        W1        W2        P2      Loss
      0.1  1.88e-11     1e-20   1.1e-18  1.88e-11
        1  3.75e-11  3.02e-20  1.08e-18  3.75e-11
       10  6.52e-11  7.78e-20  1.03e-18  6.52e-11
      100  1.01e-10  1.69e-19  9.17e-19  1.01e-10
      O-O  2.02e-10       ***       ***  2.02e-10

Reactant = P1   Temperature = 800 K

   P(atm)        W1        W2        P2      Loss
      0.1  2.17e-11  7.08e-20  5.09e-18  2.17e-11
        1  4.14e-11  1.92e-19  4.97e-18  4.14e-11
       10  6.96e-11  4.43e-19   4.7e-18  6.96e-11
      100  1.05e-10  8.54e-19  4.15e-18  1.05e-10
      O-O  2.06e-10       ***       ***  2.06e-10

Reactant = P1   Temperature = 900 K

   P(atm)        W1        W2        P2      Loss
      0.1  2.34e-11  3.38e-19  1.79e-17  2.34e-11
        1  4.37e-11   8.4e-19  1.74e-17  4.37e-11
       10   7.2e-11  1.77e-18  1.63e-17   7.2e-11
      100  1.07e-10  3.13e-18  1.42e-17  1.07e-10
      O-O   2.1e-10       ***       ***   2.1e-10

Reactant = P1   Temperature = 1e+03 K

   P(atm)        W1        W2        P2      Loss
      0.1  2.51e-11   1.2e-18  5.12e-17  2.51e-11
        1   4.6e-11  2.76e-18  4.95e-17   4.6e-11
       10  7.44e-11  5.37e-18  4.62e-17  7.44e-11
      100  1.09e-10  8.89e-18     4e-17  1.09e-10
      O-O  2.14e-10       ***       ***  2.14e-10

Reactant = P1   Temperature = 1.1e+03 K

   P(atm)        W1        W2        P2      Loss
      0.1  2.67e-11  3.39e-18  1.25e-16  2.67e-11
        1  4.82e-11  7.24e-18  1.21e-16  4.82e-11
       10  7.68e-11  1.32e-17  1.12e-16  7.68e-11
      100  1.11e-10  2.08e-17  9.64e-17  1.11e-10
      O-O  2.17e-10       ***       ***  2.17e-10

Reactant = P1   Temperature = 1.2e+03 K

   P(atm)        W1        W2        P2      Loss
      0.1  2.74e-11  8.68e-18   2.7e-16  2.74e-11
        1   4.9e-11  1.75e-17  2.59e-16   4.9e-11
       10  7.76e-11  3.02e-17  2.39e-16  7.76e-11
      100  1.12e-10  4.56e-17  2.04e-16  1.12e-10
      O-O  2.21e-10       ***       ***  2.21e-10

Reactant = P1   Temperature = 1.3e+03 K

   P(atm)        W1        W2        P2      Loss
      0.1  2.89e-11  1.91e-17   5.3e-16  2.89e-11
        1   5.1e-11   3.6e-17  5.06e-16   5.1e-11
       10  7.99e-11  5.92e-17  4.64e-16  7.99e-11
      100  1.14e-10  8.63e-17  3.92e-16  1.14e-10
      O-O  2.23e-10       ***       ***  2.23e-10

Reactant = P1   Temperature = 1.4e+03 K

   P(atm)        W1        W2        P2      Loss
      0.1  2.95e-11  3.78e-17   9.6e-16  2.95e-11
        1  5.17e-11   6.8e-17  9.14e-16  5.17e-11
       10  8.07e-11  1.08e-16  8.35e-16  8.07e-11
      100  1.15e-10  1.54e-16     7e-16  1.15e-10
      O-O  2.26e-10       ***       ***  2.26e-10

Reactant = P1   Temperature = 1.5e+03 K

   P(atm)        W1        W2        P2      Loss
      0.1  3.09e-11  6.68e-17  1.63e-15  3.09e-11
        1  5.36e-11  1.14e-16  1.55e-15  5.36e-11
       10  8.29e-11  1.75e-16  1.41e-15  8.29e-11
      100  1.17e-10  2.44e-16  1.17e-15  1.17e-10
      O-O  2.29e-10       ***       ***  2.29e-10

Reactant = P1   Temperature = 1.6e+03 K

   P(atm)        W1        W2        P2      Loss
      0.1  3.15e-11   1.2e-16  2.61e-15  3.15e-11
        1  5.43e-11  1.98e-16  2.47e-15  5.43e-11
       10  8.37e-11  2.97e-16  2.23e-15  8.37e-11
      100  1.18e-10  4.06e-16  1.84e-15  1.18e-10
      O-O  2.31e-10       ***       ***  2.31e-10

Reactant = P1   Temperature = 1.7e+03 K

   P(atm)        W1        W2        P2      Loss
      0.1  3.29e-11  1.86e-16  4.03e-15  3.29e-11
        1  5.61e-11  2.99e-16   3.8e-15  5.61e-11
       10  8.57e-11  4.42e-16  3.42e-15  8.57e-11
      100   1.2e-10  5.99e-16  2.81e-15   1.2e-10
      O-O  2.34e-10       ***       ***  2.34e-10

Reactant = P1   Temperature = 1.8e+03 K

   P(atm)        W1        W2        P2      Loss
      0.1  3.33e-11  2.67e-16  5.96e-15  3.34e-11
        1  5.68e-11  4.13e-16  5.61e-15  5.68e-11
       10  8.66e-11  5.96e-16  5.04e-15  8.66e-11
      100  1.21e-10  8.04e-16  4.11e-15  1.21e-10
      O-O  2.36e-10       ***       ***  2.36e-10

Reactant = P1   Temperature = 1.9e+03 K

   P(atm)        W1        W2        P2      Loss
      0.1  3.39e-11  4.07e-16   8.5e-15  3.39e-11
        1  5.74e-11   6.2e-16  7.97e-15  5.75e-11
       10  8.74e-11  8.81e-16  7.13e-15  8.74e-11
      100  1.22e-10  1.17e-15  5.77e-15  1.22e-10
      O-O  2.38e-10       ***       ***  2.38e-10

Reactant = P1   Temperature = 2e+03 K

   P(atm)        W1        W2        P2      Loss
      0.1  3.51e-11  5.75e-16  1.18e-14  3.51e-11
        1  5.92e-11  8.52e-16   1.1e-14  5.92e-11
       10  8.94e-11  1.19e-15  9.78e-15  8.95e-11
      100  1.24e-10  1.57e-15  7.84e-15  1.24e-10
      O-O   2.4e-10       ***       ***   2.4e-10

Reactant = P2   Temperature = 500 K

   P(atm)        W1        W2        P1      Loss
      0.1  8.99e-22  8.76e-12  7.83e-16  8.76e-12
        1  2.08e-21   2.2e-11  7.73e-16   2.2e-11
       10  2.76e-20  4.55e-11  7.47e-16  4.55e-11
      100  3.36e-18  8.03e-11  6.73e-16  8.03e-11
      O-O       ***  1.89e-10       ***  1.89e-10

Reactant = P2   Temperature = 600 K

   P(atm)        W1        W2        P1      Loss
      0.1  1.12e-21  1.28e-11  1.92e-15  1.28e-11
        1  8.79e-21  2.78e-11  1.89e-15  2.78e-11
       10  1.28e-19  5.22e-11  1.82e-15  5.22e-11
      100  8.89e-18  8.59e-11  1.64e-15  8.59e-11
      O-O       ***  1.95e-10       ***  1.95e-10

Reactant = P2   Temperature = 700 K

   P(atm)        W1        W2        P1      Loss
      0.1  1.01e-20  1.54e-11  4.13e-15  1.54e-11
        1  4.42e-20  3.15e-11  4.05e-15  3.15e-11
       10  4.72e-19  5.64e-11  3.87e-15  5.64e-11
      100  2.13e-17  8.94e-11  3.45e-15  8.94e-11
      O-O       ***     2e-10       ***     2e-10

Reactant = P2   Temperature = 800 K

   P(atm)        W1        W2        P1      Loss
      0.1  9.48e-20  1.78e-11  7.91e-15  1.78e-11
        1  2.63e-19  3.51e-11  7.72e-15  3.51e-11
       10  1.73e-18  6.07e-11   7.3e-15  6.07e-11
      100  5.02e-17  9.35e-11  6.44e-15  9.35e-11
      O-O       ***  2.05e-10       ***  2.05e-10

Reactant = P2   Temperature = 900 K

   P(atm)        W1        W2        P1      Loss
      0.1  5.43e-19  1.95e-11  1.39e-14  1.96e-11
        1  1.17e-18  3.76e-11  1.35e-14  3.76e-11
       10  5.47e-18  6.36e-11  1.26e-14  6.36e-11
      100  1.07e-16  9.62e-11   1.1e-14  9.62e-11
      O-O       ***  2.09e-10       ***  2.09e-10

Reactant = P2   Temperature = 1e+03 K

   P(atm)        W1        W2        P1      Loss
      0.1  2.39e-18  2.08e-11  2.27e-14  2.08e-11
        1  4.37e-18  3.93e-11  2.19e-14  3.93e-11
       10   1.7e-17  6.56e-11  2.05e-14  6.56e-11
      100  2.22e-16   9.8e-11  1.77e-14   9.8e-11
      O-O       ***  2.12e-10       ***  2.12e-10

Reactant = P2   Temperature = 1.1e+03 K

   P(atm)        W1        W2        P1      Loss
      0.1  8.47e-18  2.16e-11  3.51e-14  2.17e-11
        1  1.45e-17  4.04e-11  3.38e-14  4.05e-11
       10  5.02e-17  6.68e-11  3.14e-14  6.68e-11
      100  4.47e-16  9.91e-11   2.7e-14  9.91e-11
      O-O       ***  2.16e-10       ***  2.16e-10

Reactant = P2   Temperature = 1.2e+03 K

   P(atm)        W1        W2        P1      Loss
      0.1  1.99e-17   2.3e-11  5.16e-14   2.3e-11
        1  3.18e-17  4.23e-11  4.95e-14  4.24e-11
       10  9.97e-17  6.91e-11  4.57e-14  6.91e-11
      100  7.33e-16  1.01e-10   3.9e-14  1.01e-10
      O-O       ***  2.19e-10       ***  2.19e-10

Reactant = P2   Temperature = 1.3e+03 K

   P(atm)        W1        W2        P1      Loss
      0.1  4.83e-17  2.41e-11  7.32e-14  2.41e-11
        1  7.84e-17  4.39e-11     7e-14  4.39e-11
       10  2.25e-16  7.09e-11  6.42e-14   7.1e-11
      100  1.29e-15  1.03e-10  5.42e-14  1.03e-10
      O-O       ***  2.22e-10       ***  2.22e-10

Reactant = P2   Temperature = 1.4e+03 K

   P(atm)        W1        W2        P1      Loss
      0.1     9e-17  2.49e-11  1.01e-13   2.5e-11
        1  1.47e-16  4.51e-11  9.59e-14  4.52e-11
       10  3.95e-16  7.24e-11  8.75e-14  7.25e-11
      100  1.98e-15  1.05e-10  7.34e-14  1.05e-10
      O-O       ***  2.25e-10       ***  2.25e-10

Reactant = P2   Temperature = 1.5e+03 K

   P(atm)        W1        W2        P1      Loss
      0.1   1.8e-16  2.57e-11  1.35e-13  2.58e-11
        1  3.19e-16  4.61e-11  1.28e-13  4.62e-11
       10  7.93e-16  7.36e-11  1.16e-13  7.37e-11
      100  3.28e-15  1.06e-10  9.67e-14  1.06e-10
      O-O       ***  2.27e-10       ***  2.27e-10

Reactant = P2   Temperature = 1.6e+03 K

   P(atm)        W1        W2        P1      Loss
      0.1  2.75e-16   2.7e-11  1.75e-13  2.72e-11
        1  4.67e-16   4.8e-11  1.66e-13  4.81e-11
       10  1.12e-15  7.59e-11   1.5e-13   7.6e-11
      100  4.43e-15  1.09e-10  1.23e-13  1.09e-10
      O-O       ***   2.3e-10       ***   2.3e-10

Reactant = P2   Temperature = 1.7e+03 K

   P(atm)        W1        W2        P1      Loss
      0.1  4.05e-16  2.83e-11  2.25e-13  2.85e-11
        1  7.74e-16  4.96e-11  2.12e-13  4.99e-11
       10  1.76e-15  7.79e-11  1.91e-13  7.81e-11
      100  6.34e-15  1.11e-10  1.57e-13  1.11e-10
      O-O       ***  2.32e-10       ***  2.32e-10

Reactant = P2   Temperature = 1.8e+03 K

   P(atm)        W1        W2        P1      Loss
      0.1  7.52e-16  2.79e-11  2.83e-13  2.82e-11
        1  1.46e-15  4.91e-11  2.67e-13  4.94e-11
       10   3.1e-15  7.73e-11   2.4e-13  7.75e-11
      100  9.77e-15   1.1e-10  1.96e-13   1.1e-10
      O-O       ***  2.34e-10       ***  2.34e-10

Reactant = P2   Temperature = 1.9e+03 K

   P(atm)        W1        W2        P1      Loss
      0.1  1.02e-15  2.89e-11   3.5e-13  2.93e-11
        1  1.93e-15  5.06e-11  3.29e-13  5.09e-11
       10  4.03e-15  7.91e-11  2.94e-13  7.94e-11
      100  1.24e-14  1.12e-10  2.38e-13  1.12e-10
      O-O       ***  2.36e-10       ***  2.36e-10

Reactant = P2   Temperature = 2e+03 K

   P(atm)        W1        W2        P1      Loss
      0.1  1.57e-15  2.99e-11  4.27e-13  3.03e-11
        1  3.02e-15   5.2e-11  3.99e-13  5.24e-11
       10  6.01e-15  8.08e-11  3.55e-13  8.11e-11
      100  1.71e-14  1.14e-10  2.84e-13  1.14e-10
      O-O       ***  2.38e-10       ***  2.38e-10

______________________________________________________________________________________

Temperature-Species Rate Tables:

Reactant = W1   Pressure = 0.1 atm

   T(K)        W2        P1        P2      Loss   Capture
    500  3.12e-07  1.09e+10  1.34e-05  1.09e+10  2.06e+11
    600  2.39e-05  1.77e+10  8.14e-06  1.77e+10  2.14e+11
    700   0.00134  1.97e+10  8.92e-05  1.97e+10  2.05e+11
    800    0.0416  2.06e+10  0.000689  2.06e+10  1.89e+11
    900     0.581  1.98e+10  0.000596  1.98e+10   1.7e+11
  1e+03      5.62  1.86e+10   -0.0159  1.86e+10  1.52e+11
1.1e+03      39.7  1.73e+10    0.0693  1.73e+10  1.35e+11
1.2e+03       133  1.55e+10     0.246  1.55e+10   1.2e+11
1.3e+03       482  1.43e+10      5.39  1.43e+10  1.06e+11
1.4e+03  1.17e+03  1.28e+10      19.5  1.28e+10  9.41e+10
1.5e+03   3.1e+03  1.18e+10       106  1.18e+10  8.37e+10
1.6e+03  5.25e+03  1.06e+10       171  1.06e+10  7.47e+10
1.7e+03  1.05e+04   9.7e+09       504   9.7e+09  6.69e+10
1.8e+03  1.87e+04   8.8e+09  1.32e+03   8.8e+09  6.01e+10
1.9e+03  2.67e+04  7.96e+09  1.86e+03  7.96e+09  5.41e+10
  2e+03  4.22e+04   7.4e+09  3.58e+03   7.4e+09  4.89e+10

Reactant = W1   Pressure = 1 atm

   T(K)        W2        P1        P2      Loss   Capture
    500 -4.34e-07  2.74e+10   1.4e-05  2.74e+10  2.06e+11
    600 -5.64e-05  3.69e+10  0.000237  3.69e+10  2.14e+11
    700    0.0582  3.84e+10   0.00268  3.84e+10  2.05e+11
    800      1.44  3.82e+10     0.021  3.82e+10  1.89e+11
    900      15.2  3.57e+10     0.157  3.57e+10   1.7e+11
  1e+03       100  3.29e+10      1.56  3.29e+10  1.52e+11
1.1e+03       458  3.01e+10      12.7  3.01e+10  1.35e+11
1.2e+03  1.28e+03  2.67e+10      40.1  2.67e+10   1.2e+11
1.3e+03  3.48e+03  2.44e+10       153  2.44e+10  1.06e+11
1.4e+03  7.19e+03  2.17e+10       365  2.17e+10  9.41e+10
1.5e+03  1.49e+04  1.98e+10  1.03e+03  1.98e+10  8.37e+10
1.6e+03  2.44e+04  1.77e+10  1.64e+03  1.77e+10  7.47e+10
1.7e+03  4.06e+04  1.61e+10  3.23e+03  1.61e+10  6.69e+10
1.8e+03  6.41e+04  1.46e+10  6.58e+03  1.46e+10  6.01e+10
1.9e+03  8.94e+04  1.31e+10  9.03e+03  1.31e+10  5.41e+10
  2e+03   1.3e+05  1.21e+10  1.48e+04  1.21e+10  4.89e+10

Reactant = W1   Pressure = 10 atm

   T(K)        W2        P1        P2      Loss   Capture
    500  0.000961  5.61e+10  0.000352  5.61e+10  2.06e+11
    600    0.0473   6.7e+10   0.00869   6.7e+10  2.14e+11
    700      1.23  6.64e+10    0.0987  6.64e+10  2.05e+11
    800      17.6  6.38e+10     0.804  6.38e+10  1.89e+11
    900       124  5.84e+10      4.66  5.84e+10   1.7e+11
  1e+03       583  5.29e+10      23.4  5.29e+10  1.52e+11
1.1e+03  2.03e+03  4.77e+10       101  4.77e+10  1.35e+11
1.2e+03  5.06e+03  4.21e+10       259  4.21e+10   1.2e+11
1.3e+03  1.18e+04  3.79e+10       722  3.79e+10  1.06e+11
1.4e+03  2.25e+04  3.36e+10  1.48e+03  3.36e+10  9.41e+10
1.5e+03  4.18e+04  3.04e+10  3.38e+03  3.04e+10  8.37e+10
1.6e+03  6.63e+04  2.71e+10  5.17e+03  2.71e+10  7.47e+10
1.7e+03  1.02e+05  2.46e+10  8.77e+03  2.46e+10  6.69e+10
1.8e+03  1.53e+05  2.21e+10  1.62e+04  2.21e+10  6.01e+10
1.9e+03  2.09e+05  1.99e+10  2.17e+04  1.99e+10  5.41e+10
  2e+03  2.91e+05  1.82e+10  3.31e+04  1.82e+10  4.89e+10

Reactant = W1   Pressure = 100 atm

   T(K)        W2        P1        P2      Loss   Capture
    500     0.067  9.91e+10    0.0598  9.91e+10  2.06e+11
    600      1.35  1.08e+11     0.791  1.08e+11  2.14e+11
    700      15.4  1.03e+11      5.68  1.03e+11  2.05e+11
    800       120  9.61e+10      29.2  9.61e+10  1.89e+11
    900       587  8.65e+10       110  8.65e+10   1.7e+11
  1e+03  2.14e+03  7.73e+10       351  7.73e+10  1.52e+11
1.1e+03  6.16e+03  6.89e+10       982  6.89e+10  1.35e+11
1.2e+03   1.4e+04  6.05e+10  2.07e+03  6.05e+10   1.2e+11
1.3e+03  2.95e+04   5.4e+10   4.4e+03   5.4e+10  1.06e+11
1.4e+03   5.3e+04  4.77e+10  7.82e+03  4.77e+10  9.41e+10
1.5e+03  9.18e+04  4.28e+10  1.45e+04  4.28e+10  8.37e+10
1.6e+03  1.42e+05  3.81e+10  2.13e+04  3.81e+10  7.47e+10
1.7e+03  2.09e+05  3.44e+10  3.24e+04  3.44e+10  6.69e+10
1.8e+03  3.01e+05  3.08e+10  5.21e+04  3.08e+10  6.01e+10
1.9e+03  4.05e+05  2.77e+10  6.84e+04  2.77e+10  5.41e+10
  2e+03  5.46e+05  2.53e+10  9.59e+04  2.53e+10  4.89e+10

Reactant = W2   Pressure = 0.1 atm

   T(K)        W1        P1        P2      Loss   Capture
    500   -0.0986  8.08e+03  1.75e+10  1.75e+10  3.69e+11
    600    -0.163  2.45e+04   2.6e+10   2.6e+10  3.83e+11
    700      2.88  7.26e+04  2.96e+10  2.96e+10  3.67e+11
    800      62.8  1.92e+05  3.11e+10  3.11e+10  3.38e+11
    900       534  4.05e+05  3.03e+10  3.03e+10  3.05e+11
  1e+03  3.46e+03  7.19e+05  2.82e+10  2.82e+10  2.72e+11
1.1e+03  1.72e+04  1.12e+06  2.57e+10  2.57e+10  2.41e+11
1.2e+03  3.95e+04  1.71e+06  2.38e+10  2.38e+10  2.14e+11
1.3e+03  1.08e+05  2.37e+06  2.18e+10  2.18e+10   1.9e+11
1.4e+03  2.02e+05   3.1e+06  1.98e+10  1.98e+10  1.68e+11
1.5e+03  4.32e+05  3.78e+06  1.79e+10  1.79e+10   1.5e+11
1.6e+03  5.92e+05  4.86e+06  1.66e+10  1.66e+10  1.34e+11
1.7e+03  1.01e+06  5.51e+06  1.53e+10  1.53e+10   1.2e+11
1.8e+03  1.54e+06  5.97e+06  1.35e+10  1.35e+10  1.08e+11
1.9e+03  1.91e+06  7.05e+06  1.25e+10  1.25e+10   9.7e+10
  2e+03  2.67e+06  7.81e+06  1.15e+10  1.16e+10  8.76e+10

Reactant = W2   Pressure = 1 atm

   T(K)        W1        P1        P2      Loss   Capture
    500     -1.02   2.6e+04  4.31e+10  4.31e+10  3.69e+11
    600     -5.34  7.83e+04   5.5e+10   5.5e+10  3.83e+11
    700       374  2.11e+05  5.83e+10  5.83e+10  3.67e+11
    800  3.92e+03  4.97e+05  5.86e+10  5.86e+10  3.38e+11
    900  2.07e+04  9.61e+05  5.55e+10  5.55e+10  3.05e+11
  1e+03  7.87e+04  1.58e+06  5.09e+10  5.09e+10  2.72e+11
1.1e+03  2.29e+05  2.29e+06  4.58e+10  4.58e+10  2.41e+11
1.2e+03  4.38e+05  3.29e+06  4.19e+10  4.19e+10  2.14e+11
1.3e+03   8.6e+05  4.28e+06  3.79e+10  3.79e+10   1.9e+11
1.4e+03  1.35e+06  5.38e+06  3.42e+10  3.42e+10  1.68e+11
1.5e+03  2.21e+06  6.23e+06  3.07e+10  3.07e+10   1.5e+11
1.6e+03  2.93e+06  7.78e+06  2.83e+10  2.83e+10  1.34e+11
1.7e+03  4.07e+06  8.66e+06  2.59e+10  2.59e+10   1.2e+11
1.8e+03  5.48e+06  9.04e+06  2.28e+10  2.28e+10  1.08e+11
1.9e+03  6.62e+06  1.05e+07  2.09e+10   2.1e+10   9.7e+10
  2e+03  8.45e+06  1.14e+07  1.93e+10  1.93e+10  8.76e+10

Reactant = W2   Pressure = 10 atm

   T(K)        W1        P1        P2      Loss   Capture
    500      98.1  7.66e+04  8.88e+10  8.88e+10  3.69e+11
    600  1.01e+03  2.21e+05  1.03e+11  1.03e+11  3.83e+11
    700  8.26e+03  5.38e+05  1.04e+11  1.04e+11  3.67e+11
    800  4.91e+04  1.14e+06  1.01e+11  1.01e+11  3.38e+11
    900  1.73e+05     2e+06  9.31e+10  9.31e+10  3.05e+11
  1e+03  4.65e+05  3.05e+06  8.41e+10  8.41e+10  2.72e+11
1.1e+03  1.02e+06  4.13e+06  7.49e+10  7.49e+10  2.41e+11
1.2e+03  1.74e+06  5.64e+06  6.77e+10  6.77e+10  2.14e+11
1.3e+03  2.94e+06     7e+06  6.07e+10  6.08e+10   1.9e+11
1.4e+03  4.25e+06  8.51e+06  5.44e+10  5.44e+10  1.68e+11
1.5e+03  6.22e+06  9.53e+06  4.86e+10  4.86e+10   1.5e+11
1.6e+03  8.01e+06  1.16e+07  4.43e+10  4.43e+10  1.34e+11
1.7e+03  1.03e+07  1.28e+07  4.03e+10  4.03e+10   1.2e+11
1.8e+03  1.31e+07   1.3e+07  3.55e+10  3.56e+10  1.08e+11
1.9e+03  1.56e+07  1.49e+07  3.25e+10  3.25e+10   9.7e+10
  2e+03   1.9e+07  1.58e+07  2.97e+10  2.97e+10  8.76e+10

Reactant = W2   Pressure = 100 atm

   T(K)        W1        P1        P2      Loss   Capture
    500  7.23e+03  2.09e+05  1.57e+11  1.57e+11  3.69e+11
    600  2.94e+04  5.38e+05  1.69e+11  1.69e+11  3.83e+11
    700  1.04e+05  1.16e+06  1.64e+11  1.64e+11  3.67e+11
    800  3.34e+05  2.19e+06  1.55e+11  1.55e+11  3.38e+11
    900  8.19e+05  3.54e+06  1.41e+11  1.41e+11  3.05e+11
  1e+03   1.7e+06  5.04e+06  1.26e+11  1.26e+11  2.72e+11
1.1e+03  3.11e+06   6.5e+06  1.11e+11  1.11e+11  2.41e+11
1.2e+03  4.83e+06  8.52e+06  9.91e+10  9.92e+10  2.14e+11
1.3e+03  7.36e+06  1.02e+07  8.83e+10  8.83e+10   1.9e+11
1.4e+03     1e+07  1.21e+07  7.86e+10  7.86e+10  1.68e+11
1.5e+03  1.37e+07  1.33e+07     7e+10     7e+10   1.5e+11
1.6e+03  1.71e+07  1.58e+07  6.32e+10  6.33e+10  1.34e+11
1.7e+03  2.11e+07  1.73e+07  5.72e+10  5.72e+10   1.2e+11
1.8e+03  2.58e+07  1.75e+07  5.06e+10  5.06e+10  1.08e+11
1.9e+03  3.01e+07  1.98e+07   4.6e+10   4.6e+10   9.7e+10
  2e+03  3.57e+07  2.08e+07  4.18e+10  4.19e+10  8.76e+10

Reactant = P1   Pressure = 0.1 atm

   T(K)        W1        W2        P2      Loss   Capture
    500  9.89e-12  6.72e-23   1.3e-20  9.89e-12  1.91e-10
    600  1.58e-11  9.95e-22  1.59e-19  1.58e-11  1.96e-10
    700  1.88e-11     1e-20   1.1e-18  1.88e-11  2.02e-10
    800  2.17e-11  7.08e-20  5.09e-18  2.17e-11  2.06e-10
    900  2.34e-11  3.38e-19  1.79e-17  2.34e-11   2.1e-10
  1e+03  2.51e-11   1.2e-18  5.12e-17  2.51e-11  2.14e-10
1.1e+03  2.67e-11  3.39e-18  1.25e-16  2.67e-11  2.17e-10
1.2e+03  2.74e-11  8.68e-18   2.7e-16  2.74e-11  2.21e-10
1.3e+03  2.89e-11  1.91e-17   5.3e-16  2.89e-11  2.23e-10
1.4e+03  2.95e-11  3.78e-17   9.6e-16  2.95e-11  2.26e-10
1.5e+03  3.09e-11  6.68e-17  1.63e-15  3.09e-11  2.29e-10
1.6e+03  3.15e-11   1.2e-16  2.61e-15  3.15e-11  2.31e-10
1.7e+03  3.29e-11  1.86e-16  4.03e-15  3.29e-11  2.34e-10
1.8e+03  3.33e-11  2.67e-16  5.96e-15  3.34e-11  2.36e-10
1.9e+03  3.39e-11  4.07e-16   8.5e-15  3.39e-11  2.38e-10
  2e+03  3.51e-11  5.75e-16  1.18e-14  3.51e-11   2.4e-10

Reactant = P1   Pressure = 1 atm

   T(K)        W1        W2        P2      Loss   Capture
    500  2.52e-11  2.21e-22  1.29e-20  2.52e-11  1.91e-10
    600  3.37e-11  3.28e-21  1.57e-19  3.37e-11  1.96e-10
    700  3.75e-11  3.02e-20  1.08e-18  3.75e-11  2.02e-10
    800  4.14e-11  1.92e-19  4.97e-18  4.14e-11  2.06e-10
    900  4.37e-11   8.4e-19  1.74e-17  4.37e-11   2.1e-10
  1e+03   4.6e-11  2.76e-18  4.95e-17   4.6e-11  2.14e-10
1.1e+03  4.82e-11  7.24e-18  1.21e-16  4.82e-11  2.17e-10
1.2e+03   4.9e-11  1.75e-17  2.59e-16   4.9e-11  2.21e-10
1.3e+03   5.1e-11   3.6e-17  5.06e-16   5.1e-11  2.23e-10
1.4e+03  5.17e-11   6.8e-17  9.14e-16  5.17e-11  2.26e-10
1.5e+03  5.36e-11  1.14e-16  1.55e-15  5.36e-11  2.29e-10
1.6e+03  5.43e-11  1.98e-16  2.47e-15  5.43e-11  2.31e-10
1.7e+03  5.61e-11  2.99e-16   3.8e-15  5.61e-11  2.34e-10
1.8e+03  5.68e-11  4.13e-16  5.61e-15  5.68e-11  2.36e-10
1.9e+03  5.74e-11   6.2e-16  7.97e-15  5.75e-11  2.38e-10
  2e+03  5.92e-11  8.52e-16   1.1e-14  5.92e-11   2.4e-10

Reactant = P1   Pressure = 10 atm

   T(K)        W1        W2        P2      Loss   Capture
    500  5.18e-11  6.53e-22  1.24e-20  5.18e-11  1.91e-10
    600  6.15e-11   9.3e-21  1.51e-19  6.15e-11  1.96e-10
    700  6.52e-11  7.78e-20  1.03e-18  6.52e-11  2.02e-10
    800  6.96e-11  4.43e-19   4.7e-18  6.96e-11  2.06e-10
    900   7.2e-11  1.77e-18  1.63e-17   7.2e-11   2.1e-10
  1e+03  7.44e-11  5.37e-18  4.62e-17  7.44e-11  2.14e-10
1.1e+03  7.68e-11  1.32e-17  1.12e-16  7.68e-11  2.17e-10
1.2e+03  7.76e-11  3.02e-17  2.39e-16  7.76e-11  2.21e-10
1.3e+03  7.99e-11  5.92e-17  4.64e-16  7.99e-11  2.23e-10
1.4e+03  8.07e-11  1.08e-16  8.35e-16  8.07e-11  2.26e-10
1.5e+03  8.29e-11  1.75e-16  1.41e-15  8.29e-11  2.29e-10
1.6e+03  8.37e-11  2.97e-16  2.23e-15  8.37e-11  2.31e-10
1.7e+03  8.57e-11  4.42e-16  3.42e-15  8.57e-11  2.34e-10
1.8e+03  8.66e-11  5.96e-16  5.04e-15  8.66e-11  2.36e-10
1.9e+03  8.74e-11  8.81e-16  7.13e-15  8.74e-11  2.38e-10
  2e+03  8.94e-11  1.19e-15  9.78e-15  8.95e-11   2.4e-10

Reactant = P1   Pressure = 100 atm

   T(K)        W1        W2        P2      Loss   Capture
    500  9.16e-11  1.78e-21  1.12e-20  9.16e-11  1.91e-10
    600   9.9e-11  2.27e-20  1.35e-19   9.9e-11  1.96e-10
    700  1.01e-10  1.69e-19  9.17e-19  1.01e-10  2.02e-10
    800  1.05e-10  8.54e-19  4.15e-18  1.05e-10  2.06e-10
    900  1.07e-10  3.13e-18  1.42e-17  1.07e-10   2.1e-10
  1e+03  1.09e-10  8.89e-18     4e-17  1.09e-10  2.14e-10
1.1e+03  1.11e-10  2.08e-17  9.64e-17  1.11e-10  2.17e-10
1.2e+03  1.12e-10  4.56e-17  2.04e-16  1.12e-10  2.21e-10
1.3e+03  1.14e-10  8.63e-17  3.92e-16  1.14e-10  2.23e-10
1.4e+03  1.15e-10  1.54e-16     7e-16  1.15e-10  2.26e-10
1.5e+03  1.17e-10  2.44e-16  1.17e-15  1.17e-10  2.29e-10
1.6e+03  1.18e-10  4.06e-16  1.84e-15  1.18e-10  2.31e-10
1.7e+03   1.2e-10  5.99e-16  2.81e-15   1.2e-10  2.34e-10
1.8e+03  1.21e-10  8.04e-16  4.11e-15  1.21e-10  2.36e-10
1.9e+03  1.22e-10  1.17e-15  5.77e-15  1.22e-10  2.38e-10
  2e+03  1.24e-10  1.57e-15  7.84e-15  1.24e-10   2.4e-10

Reactant = P2   Pressure = 0.1 atm

   T(K)        W1        W2        P1      Loss   Capture
    500  8.99e-22  8.76e-12  7.83e-16  8.76e-12  1.89e-10
    600  1.12e-21  1.28e-11  1.92e-15  1.28e-11  1.95e-10
    700  1.01e-20  1.54e-11  4.13e-15  1.54e-11     2e-10
    800  9.48e-20  1.78e-11  7.91e-15  1.78e-11  2.05e-10
    900  5.43e-19  1.95e-11  1.39e-14  1.96e-11  2.09e-10
  1e+03  2.39e-18  2.08e-11  2.27e-14  2.08e-11  2.12e-10
1.1e+03  8.47e-18  2.16e-11  3.51e-14  2.17e-11  2.16e-10
1.2e+03  1.99e-17   2.3e-11  5.16e-14   2.3e-11  2.19e-10
1.3e+03  4.83e-17  2.41e-11  7.32e-14  2.41e-11  2.22e-10
1.4e+03     9e-17  2.49e-11  1.01e-13   2.5e-11  2.25e-10
1.5e+03   1.8e-16  2.57e-11  1.35e-13  2.58e-11  2.27e-10
1.6e+03  2.75e-16   2.7e-11  1.75e-13  2.72e-11   2.3e-10
1.7e+03  4.05e-16  2.83e-11  2.25e-13  2.85e-11  2.32e-10
1.8e+03  7.52e-16  2.79e-11  2.83e-13  2.82e-11  2.34e-10
1.9e+03  1.02e-15  2.89e-11   3.5e-13  2.93e-11  2.36e-10
  2e+03  1.57e-15  2.99e-11  4.27e-13  3.03e-11  2.38e-10

Reactant = P2   Pressure = 1 atm

   T(K)        W1        W2        P1      Loss   Capture
    500  2.08e-21   2.2e-11  7.73e-16   2.2e-11  1.89e-10
    600  8.79e-21  2.78e-11  1.89e-15  2.78e-11  1.95e-10
    700  4.42e-20  3.15e-11  4.05e-15  3.15e-11     2e-10
    800  2.63e-19  3.51e-11  7.72e-15  3.51e-11  2.05e-10
    900  1.17e-18  3.76e-11  1.35e-14  3.76e-11  2.09e-10
  1e+03  4.37e-18  3.93e-11  2.19e-14  3.93e-11  2.12e-10
1.1e+03  1.45e-17  4.04e-11  3.38e-14  4.05e-11  2.16e-10
1.2e+03  3.18e-17  4.23e-11  4.95e-14  4.24e-11  2.19e-10
1.3e+03  7.84e-17  4.39e-11     7e-14  4.39e-11  2.22e-10
1.4e+03  1.47e-16  4.51e-11  9.59e-14  4.52e-11  2.25e-10
1.5e+03  3.19e-16  4.61e-11  1.28e-13  4.62e-11  2.27e-10
1.6e+03  4.67e-16   4.8e-11  1.66e-13  4.81e-11   2.3e-10
1.7e+03  7.74e-16  4.96e-11  2.12e-13  4.99e-11  2.32e-10
1.8e+03  1.46e-15  4.91e-11  2.67e-13  4.94e-11  2.34e-10
1.9e+03  1.93e-15  5.06e-11  3.29e-13  5.09e-11  2.36e-10
  2e+03  3.02e-15   5.2e-11  3.99e-13  5.24e-11  2.38e-10

Reactant = P2   Pressure = 10 atm

   T(K)        W1        W2        P1      Loss   Capture
    500  2.76e-20  4.55e-11  7.47e-16  4.55e-11  1.89e-10
    600  1.28e-19  5.22e-11  1.82e-15  5.22e-11  1.95e-10
    700  4.72e-19  5.64e-11  3.87e-15  5.64e-11     2e-10
    800  1.73e-18  6.07e-11   7.3e-15  6.07e-11  2.05e-10
    900  5.47e-18  6.36e-11  1.26e-14  6.36e-11  2.09e-10
  1e+03   1.7e-17  6.56e-11  2.05e-14  6.56e-11  2.12e-10
1.1e+03  5.02e-17  6.68e-11  3.14e-14  6.68e-11  2.16e-10
1.2e+03  9.97e-17  6.91e-11  4.57e-14  6.91e-11  2.19e-10
1.3e+03  2.25e-16  7.09e-11  6.42e-14   7.1e-11  2.22e-10
1.4e+03  3.95e-16  7.24e-11  8.75e-14  7.25e-11  2.25e-10
1.5e+03  7.93e-16  7.36e-11  1.16e-13  7.37e-11  2.27e-10
1.6e+03  1.12e-15  7.59e-11   1.5e-13   7.6e-11   2.3e-10
1.7e+03  1.76e-15  7.79e-11  1.91e-13  7.81e-11  2.32e-10
1.8e+03   3.1e-15  7.73e-11   2.4e-13  7.75e-11  2.34e-10
1.9e+03  4.03e-15  7.91e-11  2.94e-13  7.94e-11  2.36e-10
  2e+03  6.01e-15  8.08e-11  3.55e-13  8.11e-11  2.38e-10

Reactant = P2   Pressure = 100 atm

   T(K)        W1        W2        P1      Loss   Capture
    500  3.36e-18  8.03e-11  6.73e-16  8.03e-11  1.89e-10
    600  8.89e-18  8.59e-11  1.64e-15  8.59e-11  1.95e-10
    700  2.13e-17  8.94e-11  3.45e-15  8.94e-11     2e-10
    800  5.02e-17  9.35e-11  6.44e-15  9.35e-11  2.05e-10
    900  1.07e-16  9.62e-11   1.1e-14  9.62e-11  2.09e-10
  1e+03  2.22e-16   9.8e-11  1.77e-14   9.8e-11  2.12e-10
1.1e+03  4.47e-16  9.91e-11   2.7e-14  9.91e-11  2.16e-10
1.2e+03  7.33e-16  1.01e-10   3.9e-14  1.01e-10  2.19e-10
1.3e+03  1.29e-15  1.03e-10  5.42e-14  1.03e-10  2.22e-10
1.4e+03  1.98e-15  1.05e-10  7.34e-14  1.05e-10  2.25e-10
1.5e+03  3.28e-15  1.06e-10  9.67e-14  1.06e-10  2.27e-10
1.6e+03  4.43e-15  1.09e-10  1.23e-13  1.09e-10   2.3e-10
1.7e+03  6.34e-15  1.11e-10  1.57e-13  1.11e-10  2.32e-10
1.8e+03  9.77e-15   1.1e-10  1.96e-13   1.1e-10  2.34e-10
1.9e+03  1.24e-14  1.12e-10  2.38e-13  1.12e-10  2.36e-10
  2e+03  1.71e-14  1.14e-10  2.84e-13  1.14e-10  2.38e-10

______________________________________________________________________________________

Temperature-Pressure Rate Tables:

W1->W2

P\T           500       600       700       800       900     1e+03   1.1e+03   1.2e+03   1.3e+03   1.4e+03   1.5e+03   1.6e+03   1.7e+03   1.8e+03   1.9e+03     2e+03
0.1      3.12e-07  2.39e-05   0.00134    0.0416     0.581      5.62      39.7       133       482  1.17e+03   3.1e+03  5.25e+03  1.05e+04  1.87e+04  2.67e+04  4.22e+04
1       -4.34e-07 -5.64e-05    0.0582      1.44      15.2       100       458  1.28e+03  3.48e+03  7.19e+03  1.49e+04  2.44e+04  4.06e+04  6.41e+04  8.94e+04   1.3e+05
10       0.000961    0.0473      1.23      17.6       124       583  2.03e+03  5.06e+03  1.18e+04  2.25e+04  4.18e+04  6.63e+04  1.02e+05  1.53e+05  2.09e+05  2.91e+05
100         0.067      1.35      15.4       120       587  2.14e+03  6.16e+03   1.4e+04  2.95e+04   5.3e+04  9.18e+04  1.42e+05  2.09e+05  3.01e+05  4.05e+05  5.46e+05
O-O          14.2       175  1.13e+03  4.75e+03  1.49e+04  3.75e+04  8.05e+04  1.53e+05  2.64e+05  4.22e+05  6.35e+05  9.07e+05  1.24e+06  1.64e+06  2.11e+06  2.63e+06

W1->P1

P\T           500       600       700       800       900     1e+03   1.1e+03   1.2e+03   1.3e+03   1.4e+03   1.5e+03   1.6e+03   1.7e+03   1.8e+03   1.9e+03     2e+03
0.1      1.09e+10  1.77e+10  1.97e+10  2.06e+10  1.98e+10  1.86e+10  1.73e+10  1.55e+10  1.43e+10  1.28e+10  1.18e+10  1.06e+10   9.7e+09   8.8e+09  7.96e+09   7.4e+09
1        2.74e+10  3.69e+10  3.84e+10  3.82e+10  3.57e+10  3.29e+10  3.01e+10  2.67e+10  2.44e+10  2.17e+10  1.98e+10  1.77e+10  1.61e+10  1.46e+10  1.31e+10  1.21e+10
10       5.61e+10   6.7e+10  6.64e+10  6.38e+10  5.84e+10  5.29e+10  4.77e+10  4.21e+10  3.79e+10  3.36e+10  3.04e+10  2.71e+10  2.46e+10  2.21e+10  1.99e+10  1.82e+10
100      9.91e+10  1.08e+11  1.03e+11  9.61e+10  8.65e+10  7.73e+10  6.89e+10  6.05e+10   5.4e+10  4.77e+10  4.28e+10  3.81e+10  3.44e+10  3.08e+10  2.77e+10  2.53e+10
O-O      2.06e+11  2.14e+11  2.05e+11  1.89e+11   1.7e+11  1.52e+11  1.35e+11   1.2e+11  1.06e+11  9.41e+10  8.37e+10  7.47e+10  6.69e+10  6.01e+10  5.41e+10  4.89e+10

W1->P2

P\T           500       600       700       800       900     1e+03   1.1e+03   1.2e+03   1.3e+03   1.4e+03   1.5e+03   1.6e+03   1.7e+03   1.8e+03   1.9e+03     2e+03
0.1      1.34e-05  8.14e-06  8.92e-05  0.000689  0.000596   -0.0159    0.0693     0.246      5.39      19.5       106       171       504  1.32e+03  1.86e+03  3.58e+03
1         1.4e-05  0.000237   0.00268     0.021     0.157      1.56      12.7      40.1       153       365  1.03e+03  1.64e+03  3.23e+03  6.58e+03  9.03e+03  1.48e+04
10       0.000352   0.00869    0.0987     0.804      4.66      23.4       101       259       722  1.48e+03  3.38e+03  5.17e+03  8.77e+03  1.62e+04  2.17e+04  3.31e+04
100        0.0598     0.791      5.68      29.2       110       351       982  2.07e+03   4.4e+03  7.82e+03  1.45e+04  2.13e+04  3.24e+04  5.21e+04  6.84e+04  9.59e+04
O-O           ***       ***       ***       ***       ***       ***       ***       ***       ***       ***       ***       ***       ***       ***       ***       ***

W2->W1

P\T           500       600       700       800       900     1e+03   1.1e+03   1.2e+03   1.3e+03   1.4e+03   1.5e+03   1.6e+03   1.7e+03   1.8e+03   1.9e+03     2e+03
0.1       -0.0986    -0.163      2.88      62.8       534  3.46e+03  1.72e+04  3.95e+04  1.08e+05  2.02e+05  4.32e+05  5.92e+05  1.01e+06  1.54e+06  1.91e+06  2.67e+06
1           -1.02     -5.34       374  3.92e+03  2.07e+04  7.87e+04  2.29e+05  4.38e+05   8.6e+05  1.35e+06  2.21e+06  2.93e+06  4.07e+06  5.48e+06  6.62e+06  8.45e+06
10           98.1  1.01e+03  8.26e+03  4.91e+04  1.73e+05  4.65e+05  1.02e+06  1.74e+06  2.94e+06  4.25e+06  6.22e+06  8.01e+06  1.03e+07  1.31e+07  1.56e+07   1.9e+07
100      7.23e+03  2.94e+04  1.04e+05  3.34e+05  8.19e+05   1.7e+06  3.11e+06  4.83e+06  7.36e+06     1e+07  1.37e+07  1.71e+07  2.11e+07  2.58e+07  3.01e+07  3.57e+07
O-O      1.54e+06  3.81e+06  7.66e+06  1.33e+07  2.08e+07  2.99e+07  4.06e+07  5.27e+07  6.58e+07  7.98e+07  9.45e+07   1.1e+08  1.25e+08  1.41e+08  1.57e+08  1.72e+08

W2->P1

P\T           500       600       700       800       900     1e+03   1.1e+03   1.2e+03   1.3e+03   1.4e+03   1.5e+03   1.6e+03   1.7e+03   1.8e+03   1.9e+03     2e+03
0.1      8.08e+03  2.45e+04  7.26e+04  1.92e+05  4.05e+05  7.19e+05  1.12e+06  1.71e+06  2.37e+06   3.1e+06  3.78e+06  4.86e+06  5.51e+06  5.97e+06  7.05e+06  7.81e+06
1         2.6e+04  7.83e+04  2.11e+05  4.97e+05  9.61e+05  1.58e+06  2.29e+06  3.29e+06  4.28e+06  5.38e+06  6.23e+06  7.78e+06  8.66e+06  9.04e+06  1.05e+07  1.14e+07
10       7.66e+04  2.21e+05  5.38e+05  1.14e+06     2e+06  3.05e+06  4.13e+06  5.64e+06     7e+06  8.51e+06  9.53e+06  1.16e+07  1.28e+07   1.3e+07  1.49e+07  1.58e+07
100      2.09e+05  5.38e+05  1.16e+06  2.19e+06  3.54e+06  5.04e+06   6.5e+06  8.52e+06  1.02e+07  1.21e+07  1.33e+07  1.58e+07  1.73e+07  1.75e+07  1.98e+07  2.08e+07
O-O           ***       ***       ***       ***       ***       ***       ***       ***       ***       ***       ***       ***       ***       ***       ***       ***

W2->P2

P\T           500       600       700       800       900     1e+03   1.1e+03   1.2e+03   1.3e+03   1.4e+03   1.5e+03   1.6e+03   1.7e+03   1.8e+03   1.9e+03     2e+03
0.1      1.75e+10   2.6e+10  2.96e+10  3.11e+10  3.03e+10  2.82e+10  2.57e+10  2.38e+10  2.18e+10  1.98e+10  1.79e+10  1.66e+10  1.53e+10  1.35e+10  1.25e+10  1.15e+10
1        4.31e+10   5.5e+10  5.83e+10  5.86e+10  5.55e+10  5.09e+10  4.58e+10  4.19e+10  3.79e+10  3.42e+10  3.07e+10  2.83e+10  2.59e+10  2.28e+10  2.09e+10  1.93e+10
10       8.88e+10  1.03e+11  1.04e+11  1.01e+11  9.31e+10  8.41e+10  7.49e+10  6.77e+10  6.07e+10  5.44e+10  4.86e+10  4.43e+10  4.03e+10  3.55e+10  3.25e+10  2.97e+10
100      1.57e+11  1.69e+11  1.64e+11  1.55e+11  1.41e+11  1.26e+11  1.11e+11  9.91e+10  8.83e+10  7.86e+10     7e+10  6.32e+10  5.72e+10  5.06e+10   4.6e+10  4.18e+10
O-O      3.69e+11  3.83e+11  3.67e+11  3.38e+11  3.05e+11  2.72e+11  2.41e+11  2.14e+11   1.9e+11  1.68e+11   1.5e+11  1.34e+11   1.2e+11  1.07e+11  9.68e+10  8.75e+10

P1->W1

P\T           500       600       700       800       900     1e+03   1.1e+03   1.2e+03   1.3e+03   1.4e+03   1.5e+03   1.6e+03   1.7e+03   1.8e+03   1.9e+03     2e+03
0.1      9.89e-12  1.58e-11  1.88e-11  2.17e-11  2.34e-11  2.51e-11  2.67e-11  2.74e-11  2.89e-11  2.95e-11  3.09e-11  3.15e-11  3.29e-11  3.33e-11  3.39e-11  3.51e-11
1        2.52e-11  3.37e-11  3.75e-11  4.14e-11  4.37e-11   4.6e-11  4.82e-11   4.9e-11   5.1e-11  5.17e-11  5.36e-11  5.43e-11  5.61e-11  5.68e-11  5.74e-11  5.92e-11
10       5.18e-11  6.15e-11  6.52e-11  6.96e-11   7.2e-11  7.44e-11  7.68e-11  7.76e-11  7.99e-11  8.07e-11  8.29e-11  8.37e-11  8.57e-11  8.66e-11  8.74e-11  8.94e-11
100      9.16e-11   9.9e-11  1.01e-10  1.05e-10  1.07e-10  1.09e-10  1.11e-10  1.12e-10  1.14e-10  1.15e-10  1.17e-10  1.18e-10   1.2e-10  1.21e-10  1.22e-10  1.24e-10
O-O      1.91e-10  1.96e-10  2.02e-10  2.06e-10   2.1e-10  2.14e-10  2.17e-10  2.21e-10  2.23e-10  2.26e-10  2.29e-10  2.31e-10  2.34e-10  2.36e-10  2.38e-10   2.4e-10

P1->W2

P\T           500       600       700       800       900     1e+03   1.1e+03   1.2e+03   1.3e+03   1.4e+03   1.5e+03   1.6e+03   1.7e+03   1.8e+03   1.9e+03     2e+03
0.1      6.72e-23  9.95e-22     1e-20  7.08e-20  3.38e-19   1.2e-18  3.39e-18  8.68e-18  1.91e-17  3.78e-17  6.68e-17   1.2e-16  1.86e-16  2.67e-16  4.07e-16  5.75e-16
1        2.21e-22  3.28e-21  3.02e-20  1.92e-19   8.4e-19  2.76e-18  7.24e-18  1.75e-17   3.6e-17   6.8e-17  1.14e-16  1.98e-16  2.99e-16  4.13e-16   6.2e-16  8.52e-16
10       6.53e-22   9.3e-21  7.78e-20  4.43e-19  1.77e-18  5.37e-18  1.32e-17  3.02e-17  5.92e-17  1.08e-16  1.75e-16  2.97e-16  4.42e-16  5.96e-16  8.81e-16  1.19e-15
100      1.78e-21  2.27e-20  1.69e-19  8.54e-19  3.13e-18  8.89e-18  2.08e-17  4.56e-17  8.63e-17  1.54e-16  2.44e-16  4.06e-16  5.99e-16  8.04e-16  1.17e-15  1.57e-15
O-O           ***       ***       ***       ***       ***       ***       ***       ***       ***       ***       ***       ***       ***       ***       ***       ***

P1->P2

P\T           500       600       700       800       900     1e+03   1.1e+03   1.2e+03   1.3e+03   1.4e+03   1.5e+03   1.6e+03   1.7e+03   1.8e+03   1.9e+03     2e+03
0.1       1.3e-20  1.59e-19   1.1e-18  5.09e-18  1.79e-17  5.12e-17  1.25e-16   2.7e-16   5.3e-16   9.6e-16  1.63e-15  2.61e-15  4.03e-15  5.96e-15   8.5e-15  1.18e-14
1        1.29e-20  1.57e-19  1.08e-18  4.97e-18  1.74e-17  4.95e-17  1.21e-16  2.59e-16  5.06e-16  9.14e-16  1.55e-15  2.47e-15   3.8e-15  5.61e-15  7.97e-15   1.1e-14
10       1.24e-20  1.51e-19  1.03e-18   4.7e-18  1.63e-17  4.62e-17  1.12e-16  2.39e-16  4.64e-16  8.35e-16  1.41e-15  2.23e-15  3.42e-15  5.04e-15  7.13e-15  9.78e-15
100      1.12e-20  1.35e-19  9.17e-19  4.15e-18  1.42e-17     4e-17  9.64e-17  2.04e-16  3.92e-16     7e-16  1.17e-15  1.84e-15  2.81e-15  4.11e-15  5.77e-15  7.84e-15
O-O           ***       ***       ***       ***       ***       ***       ***       ***       ***       ***       ***       ***       ***       ***       ***       ***

P2->W1

P\T           500       600       700       800       900     1e+03   1.1e+03   1.2e+03   1.3e+03   1.4e+03   1.5e+03   1.6e+03   1.7e+03   1.8e+03   1.9e+03     2e+03
0.1      8.99e-22  1.12e-21  1.01e-20  9.48e-20  5.43e-19  2.39e-18  8.47e-18  1.99e-17  4.83e-17     9e-17   1.8e-16  2.75e-16  4.05e-16  7.52e-16  1.02e-15  1.57e-15
1        2.08e-21  8.79e-21  4.42e-20  2.63e-19  1.17e-18  4.37e-18  1.45e-17  3.18e-17  7.84e-17  1.47e-16  3.19e-16  4.67e-16  7.74e-16  1.46e-15  1.93e-15  3.02e-15
10       2.76e-20  1.28e-19  4.72e-19  1.73e-18  5.47e-18   1.7e-17  5.02e-17  9.97e-17  2.25e-16  3.95e-16  7.93e-16  1.12e-15  1.76e-15   3.1e-15  4.03e-15  6.01e-15
100      3.36e-18  8.89e-18  2.13e-17  5.02e-17  1.07e-16  2.22e-16  4.47e-16  7.33e-16  1.29e-15  1.98e-15  3.28e-15  4.43e-15  6.34e-15  9.77e-15  1.24e-14  1.71e-14
O-O           ***       ***       ***       ***       ***       ***       ***       ***       ***       ***       ***       ***       ***       ***       ***       ***

P2->W2

P\T           500       600       700       800       900     1e+03   1.1e+03   1.2e+03   1.3e+03   1.4e+03   1.5e+03   1.6e+03   1.7e+03   1.8e+03   1.9e+03     2e+03
0.1      8.76e-12  1.28e-11  1.54e-11  1.78e-11  1.95e-11  2.08e-11  2.16e-11   2.3e-11  2.41e-11  2.49e-11  2.57e-11   2.7e-11  2.83e-11  2.79e-11  2.89e-11  2.99e-11
1         2.2e-11  2.78e-11  3.15e-11  3.51e-11  3.76e-11  3.93e-11  4.04e-11  4.23e-11  4.39e-11  4.51e-11  4.61e-11   4.8e-11  4.96e-11  4.91e-11  5.06e-11   5.2e-11
10       4.55e-11  5.22e-11  5.64e-11  6.07e-11  6.36e-11  6.56e-11  6.68e-11  6.91e-11  7.09e-11  7.24e-11  7.36e-11  7.59e-11  7.79e-11  7.73e-11  7.91e-11  8.08e-11
100      8.03e-11  8.59e-11  8.94e-11  9.35e-11  9.62e-11   9.8e-11  9.91e-11  1.01e-10  1.03e-10  1.05e-10  1.06e-10  1.09e-10  1.11e-10   1.1e-10  1.12e-10  1.14e-10
O-O      1.89e-10  1.95e-10     2e-10  2.05e-10  2.09e-10  2.12e-10  2.16e-10  2.19e-10  2.22e-10  2.25e-10  2.27e-10   2.3e-10  2.32e-10  2.34e-10  2.36e-10  2.38e-10

P2->P1

P\T           500       600       700       800       900     1e+03   1.1e+03   1.2e+03   1.3e+03   1.4e+03   1.5e+03   1.6e+03   1.7e+03   1.8e+03   1.9e+03     2e+03
0.1      7.83e-16  1.92e-15  4.13e-15  7.91e-15  1.39e-14  2.27e-14  3.51e-14  5.16e-14  7.32e-14  1.01e-13  1.35e-13  1.75e-13  2.25e-13  2.83e-13   3.5e-13  4.27e-13
1        7.73e-16  1.89e-15  4.05e-15  7.72e-15  1.35e-14  2.19e-14  3.38e-14  4.95e-14     7e-14  9.59e-14  1.28e-13  1.66e-13  2.12e-13  2.67e-13  3.29e-13  3.99e-13
10       7.47e-16  1.82e-15  3.87e-15   7.3e-15  1.26e-14  2.05e-14  3.14e-14  4.57e-14  6.42e-14  8.75e-14  1.16e-13   1.5e-13  1.91e-13   2.4e-13  2.94e-13  3.55e-13
100      6.73e-16  1.64e-15  3.45e-15  6.44e-15   1.1e-14  1.77e-14   2.7e-14   3.9e-14  5.42e-14  7.34e-14  9.67e-14  1.23e-13  1.57e-13  1.96e-13  2.38e-13  2.84e-13
O-O           ***       ***       ***       ***       ***       ***       ***       ***       ***       ***       ***       ***       ***       ***       ***       ***

W1-> 

P\T           500       600       700       800       900     1e+03   1.1e+03   1.2e+03   1.3e+03   1.4e+03   1.5e+03   1.6e+03   1.7e+03   1.8e+03   1.9e+03     2e+03
0.1      1.09e+10  1.77e+10  1.97e+10  2.06e+10  1.98e+10  1.86e+10  1.73e+10  1.55e+10  1.43e+10  1.28e+10  1.18e+10  1.06e+10   9.7e+09   8.8e+09  7.96e+09   7.4e+09
1        2.74e+10  3.69e+10  3.84e+10  3.82e+10  3.57e+10  3.29e+10  3.01e+10  2.67e+10  2.44e+10  2.17e+10  1.98e+10  1.77e+10  1.61e+10  1.46e+10  1.31e+10  1.21e+10
10       5.61e+10   6.7e+10  6.64e+10  6.38e+10  5.84e+10  5.29e+10  4.77e+10  4.21e+10  3.79e+10  3.36e+10  3.04e+10  2.71e+10  2.46e+10  2.21e+10  1.99e+10  1.82e+10
100      9.91e+10  1.08e+11  1.03e+11  9.61e+10  8.65e+10  7.73e+10  6.89e+10  6.05e+10   5.4e+10  4.77e+10  4.28e+10  3.81e+10  3.44e+10  3.08e+10  2.77e+10  2.53e+10
O-O      2.06e+11  2.14e+11  2.05e+11  1.89e+11   1.7e+11  1.52e+11  1.35e+11   1.2e+11  1.06e+11  9.41e+10  8.37e+10  7.47e+10  6.69e+10  6.01e+10  5.41e+10  4.89e+10

W2-> 

P\T           500       600       700       800       900     1e+03   1.1e+03   1.2e+03   1.3e+03   1.4e+03   1.5e+03   1.6e+03   1.7e+03   1.8e+03   1.9e+03     2e+03
0.1      1.75e+10   2.6e+10  2.96e+10  3.11e+10  3.03e+10  2.82e+10  2.57e+10  2.38e+10  2.18e+10  1.98e+10  1.79e+10  1.66e+10  1.53e+10  1.35e+10  1.25e+10  1.16e+10
1        4.31e+10   5.5e+10  5.83e+10  5.86e+10  5.55e+10  5.09e+10  4.58e+10  4.19e+10  3.79e+10  3.42e+10  3.07e+10  2.83e+10  2.59e+10  2.28e+10   2.1e+10  1.93e+10
10       8.88e+10  1.03e+11  1.04e+11  1.01e+11  9.31e+10  8.41e+10  7.49e+10  6.77e+10  6.08e+10  5.44e+10  4.86e+10  4.43e+10  4.03e+10  3.56e+10  3.25e+10  2.97e+10
100      1.57e+11  1.69e+11  1.64e+11  1.55e+11  1.41e+11  1.26e+11  1.11e+11  9.92e+10  8.83e+10  7.86e+10     7e+10  6.33e+10  5.72e+10  5.06e+10   4.6e+10  4.19e+10
O-O      3.69e+11  3.83e+11  3.67e+11  3.38e+11  3.05e+11  2.72e+11  2.41e+11  2.14e+11   1.9e+11  1.68e+11   1.5e+11  1.34e+11   1.2e+11  1.08e+11   9.7e+10  8.76e+10

P1-> 

P\T           500       600       700       800       900     1e+03   1.1e+03   1.2e+03   1.3e+03   1.4e+03   1.5e+03   1.6e+03   1.7e+03   1.8e+03   1.9e+03     2e+03
0.1      9.89e-12  1.58e-11  1.88e-11  2.17e-11  2.34e-11  2.51e-11  2.67e-11  2.74e-11  2.89e-11  2.95e-11  3.09e-11  3.15e-11  3.29e-11  3.34e-11  3.39e-11  3.51e-11
1        2.52e-11  3.37e-11  3.75e-11  4.14e-11  4.37e-11   4.6e-11  4.82e-11   4.9e-11   5.1e-11  5.17e-11  5.36e-11  5.43e-11  5.61e-11  5.68e-11  5.75e-11  5.92e-11
10       5.18e-11  6.15e-11  6.52e-11  6.96e-11   7.2e-11  7.44e-11  7.68e-11  7.76e-11  7.99e-11  8.07e-11  8.29e-11  8.37e-11  8.57e-11  8.66e-11  8.74e-11  8.95e-11
100      9.16e-11   9.9e-11  1.01e-10  1.05e-10  1.07e-10  1.09e-10  1.11e-10  1.12e-10  1.14e-10  1.15e-10  1.17e-10  1.18e-10   1.2e-10  1.21e-10  1.22e-10  1.24e-10
O-O      1.91e-10  1.96e-10  2.02e-10  2.06e-10   2.1e-10  2.14e-10  2.17e-10  2.21e-10  2.23e-10  2.26e-10  2.29e-10  2.31e-10  2.34e-10  2.36e-10  2.38e-10   2.4e-10

P2-> 

P\T           500       600       700       800       900     1e+03   1.1e+03   1.2e+03   1.3e+03   1.4e+03   1.5e+03   1.6e+03   1.7e+03   1.8e+03   1.9e+03     2e+03
0.1      8.76e-12  1.28e-11  1.54e-11  1.78e-11  1.96e-11  2.08e-11  2.17e-11   2.3e-11  2.41e-11   2.5e-11  2.58e-11  2.72e-11  2.85e-11  2.82e-11  2.93e-11  3.03e-11
1         2.2e-11  2.78e-11  3.15e-11  3.51e-11  3.76e-11  3.93e-11  4.05e-11  4.24e-11  4.39e-11  4.52e-11  4.62e-11  4.81e-11  4.99e-11  4.94e-11  5.09e-11  5.24e-11
10       4.55e-11  5.22e-11  5.64e-11  6.07e-11  6.36e-11  6.56e-11  6.68e-11  6.91e-11   7.1e-11  7.25e-11  7.37e-11   7.6e-11  7.81e-11  7.75e-11  7.94e-11  8.11e-11
100      8.03e-11  8.59e-11  8.94e-11  9.35e-11  9.62e-11   9.8e-11  9.91e-11  1.01e-10  1.03e-10  1.05e-10  1.06e-10  1.09e-10  1.11e-10   1.1e-10  1.12e-10  1.14e-10
O-O      1.89e-10  1.95e-10     2e-10  2.05e-10  2.09e-10  2.12e-10  2.16e-10  2.19e-10  2.22e-10  2.25e-10  2.27e-10   2.3e-10  2.32e-10  2.34e-10  2.36e-10  2.38e-10

