Wells (G - ground energy, D - dissociation limit, kcal/mol):
                           W         G         D
       FakeW-C5H8(522)+OH(4)        -3     -0.94
      FakeW-C5H7(504)+H2O(5)     -25.6     -22.6

Bimolecular Products (G - ground energy, kcal/mol):
                     P         G
       C5H8(522)+OH(4)         0
      C5H7(504)+H2O(5)     -22.6

Well-to-Bimolecular Barriers (H/G - barrier height/well depth, kcal/mol)
                           B         H                      W         G                P
       FakeB-C5H8(522)+OH(4)         0  FakeW-C5H8(522)+OH(4)        -3  C5H8(522)+OH(4)
      FakeB-C5H7(504)+H2O(5)     -22.6 FakeW-C5H7(504)+H2O(5)     -25.6 C5H7(504)+H2O(5)

Well-to-Well Barriers (H/G - barrier height/well depth, kcal/mol):
            B         H                     W1        G1                     W2        G2
      ts_5_17     -0.94  FakeW-C5H8(522)+OH(4)        -3 FakeW-C5H7(504)+H2O(5)     -25.6

Bound Groups: dissociation barrier (name/ground energy, kcal/mol): wells (name/ground energy, kcal/mol):
     C2/-22.6:  FakeW-C5H7(504)+H2O(5)/-25.6

     B1/-0.94:  FakeW-C5H8(522)+OH(4)/-3

________________________________________________________________________________________

Names Translation Tables (<short name> - <original name>):
Wells:
   W1 - FakeW-C5H8(522)+OH(4)
   W2 - FakeW-C5H7(504)+H2O(5)
Bimolecular products:
   P1 - C5H8(522)+OH(4)
   P2 - C5H7(504)+H2O(5)
Inner Barriers:
   B1 - ts_5_17
Outer Barriers:
   C1 - FakeB-C5H8(522)+OH(4)
   C2 - FakeB-C5H7(504)+H2O(5)
Unimolecular Rate Units: 1/sec;  Bimolecular Rate Units: cm^3/sec

______________________________________________________________________________________

Species-Species Rate Tables:

Temperature = 500 K

High Pressure Rate Coefficients:

From\To         W1        W2        P1        P2
W1             ***  1.77e+08  8.65e+09       ***
W2          0.0526       ***       ***  1.82e+10
P1        2.45e-10       ***       ***       ***
P2             ***   2.4e-10       ***       ***

Temperature = 500 K    Pressure = 0.1 atm

From\To         W1        W2        P1        P2
W1        1.34e+09   1.1e+03  1.31e+09  3.29e+07
W2        5.57e-10  2.44e+09     1e-10  2.44e+09
P1        3.69e-11  3.61e-17  4.09e-11  3.98e-12
P2        1.28e-22  3.19e-11   5.5e-22  3.19e-11

Temperature = 500 K    Pressure = 1 atm

From\To         W1        W2        P1        P2
W1        2.82e+09  4.95e+03  2.76e+09   6.2e+07
W2        1.07e-07  5.19e+09  1.71e-08  5.19e+09
P1        7.81e-11  1.49e-16  8.13e-11  3.18e-12
P2        2.42e-22  6.82e-11  4.38e-22  6.82e-11

Temperature = 500 K    Pressure = 10 atm

From\To         W1        W2        P1        P2
W1        5.28e+09  6.69e+05  5.17e+09  1.08e+08
W2        0.000195  9.55e+09  4.87e-05  9.55e+09
P1        1.46e-10   5.1e-15  1.48e-10  1.88e-12
P2        4.21e-22  1.26e-10   2.6e-22  1.26e-10

Temperature = 500 K    Pressure = 100 atm

From\To         W1        W2        P1        P2
W1        7.94e+09  6.09e+07  7.78e+09  9.84e+07
W2          0.0181  1.54e+10    0.0017  1.54e+10
P1         2.2e-10  1.63e-13  2.21e-10  3.11e-13
P2        3.85e-22  2.02e-10   4.3e-23  2.02e-10

Temperature = 600 K

High Pressure Rate Coefficients:

From\To         W1        W2        P1        P2
W1             ***  1.96e+08  9.69e+09       ***
W2            2.15       ***       ***  1.89e+10
P1        2.52e-10       ***       ***       ***
P2             ***  2.47e-10       ***       ***

Temperature = 600 K    Pressure = 0.1 atm

From\To         W1        W2        P1        P2
W1        1.74e+09  1.62e+03   1.7e+09  3.52e+07
W2        1.53e-07  3.08e+09  2.33e-08  3.08e+09
P1        4.42e-11  5.15e-17  4.83e-11   4.1e-12
P2        5.03e-21  4.01e-11  2.25e-20  4.01e-11

Temperature = 600 K    Pressure = 1 atm

From\To         W1        W2        P1        P2
W1        3.32e+09  7.52e+03  3.25e+09  6.49e+07
W2        1.75e-05  5.92e+09  1.88e-06  5.92e+09
P1        8.47e-11  1.92e-16   8.8e-11  3.34e-12
P2        9.28e-21  7.74e-11  1.83e-20  7.74e-11

Temperature = 600 K    Pressure = 10 atm

From\To         W1        W2        P1        P2
W1        5.73e+09  9.29e+05  5.62e+09   1.1e+08
W2         0.00999     1e+10   0.00226     1e+10
P1        1.46e-10  5.92e-15  1.49e-10  2.15e-12
P2        1.58e-20  1.31e-10  1.18e-20  1.31e-10

Temperature = 600 K    Pressure = 100 atm

From\To         W1        W2        P1        P2
W1        8.67e+09  6.23e+07   8.5e+09  1.09e+08
W2           0.681  1.56e+10    0.0838  1.56e+10
P1        2.21e-10     2e-13  2.22e-10  4.36e-13
P2        1.55e-20  2.04e-10  2.39e-21  2.04e-10

Temperature = 700 K

High Pressure Rate Coefficients:

From\To         W1        W2        P1        P2
W1             ***  2.11e+08  9.93e+09       ***
W2            29.8       ***       ***  1.81e+10
P1        2.59e-10       ***       ***       ***
P2             ***  2.53e-10       ***       ***

Temperature = 700 K    Pressure = 0.1 atm

From\To         W1        W2        P1        P2
W1        1.98e+09  2.23e+03  1.95e+09  3.76e+07
W2        9.73e-06  3.48e+09   1.2e-06  3.48e+09
P1        5.06e-11  7.06e-17   5.5e-11   4.4e-12
P2        7.42e-20  4.85e-11  3.34e-19  4.85e-11

Temperature = 700 K    Pressure = 1 atm

From\To         W1        W2        P1        P2
W1        3.56e+09  1.35e+04  3.49e+09  6.79e+07
W2        0.000881  6.24e+09  6.73e-05  6.24e+09
P1         9.1e-11  2.49e-16  9.46e-11  3.63e-12
P2        1.34e-19  8.72e-11  2.75e-19  8.72e-11

Temperature = 700 K    Pressure = 10 atm

From\To         W1        W2        P1        P2
W1        5.83e+09  1.49e+06  5.71e+09  1.13e+08
W2           0.208  9.95e+09    0.0403  9.95e+09
P1        1.49e-10  8.07e-15  1.51e-10  2.44e-12
P2        2.22e-19  1.39e-10  1.85e-19  1.39e-10

Temperature = 700 K    Pressure = 100 atm

From\To         W1        W2        P1        P2
W1        8.74e+09   6.6e+07  8.57e+09  1.12e+08
W2            9.32  1.49e+10      1.34  1.49e+10
P1        2.23e-10  2.47e-13  2.24e-10   5.6e-13
P2        2.22e-19  2.09e-10  4.25e-20  2.09e-10

Temperature = 800 K

High Pressure Rate Coefficients:

From\To         W1        W2        P1        P2
W1             ***  2.23e+08  9.71e+09       ***
W2             213       ***       ***  1.67e+10
P1        2.65e-10       ***       ***       ***
P2             ***  2.59e-10       ***       ***

Temperature = 800 K    Pressure = 0.1 atm

From\To         W1        W2        P1        P2
W1        2.15e+09  2.48e+03  2.11e+09  4.12e+07
W2         0.00021  3.45e+09     2e-05  3.45e+09
P1        5.74e-11  9.95e-17  6.22e-11   4.8e-12
P2        6.08e-19  5.33e-11   2.6e-18  5.33e-11

Temperature = 800 K    Pressure = 1 atm

From\To         W1        W2        P1        P2
W1        3.68e+09   2.5e+04  3.61e+09  7.25e+07
W2          0.0169  5.96e+09  0.000938  5.96e+09
P1        9.84e-11  3.39e-16  1.02e-10  3.96e-12
P2        1.07e-18  9.24e-11  2.15e-18  9.24e-11

Temperature = 800 K    Pressure = 10 atm

From\To         W1        W2        P1        P2
W1        5.76e+09   2.3e+06  5.65e+09  1.16e+08
W2            2.18  9.23e+09     0.345  9.23e+09
P1        1.54e-10  1.07e-14  1.57e-10  2.72e-12
P2        1.72e-18  1.43e-10  1.47e-18  1.43e-10

Temperature = 800 K    Pressure = 100 atm

From\To         W1        W2        P1        P2
W1        8.46e+09  7.04e+07  8.28e+09  1.15e+08
W2            67.1  1.36e+10      10.1  1.36e+10
P1        2.26e-10   2.9e-13  2.27e-10  6.69e-13
P2         1.7e-18  2.11e-10  3.63e-19  2.11e-10

Temperature = 900 K

High Pressure Rate Coefficients:

From\To         W1        W2        P1        P2
W1             ***  2.33e+08  9.23e+09       ***
W2             975       ***       ***   1.5e+10
P1         2.7e-10       ***       ***       ***
P2             ***  2.64e-10       ***       ***

Temperature = 900 K    Pressure = 0.1 atm

From\To         W1        W2        P1        P2
W1        2.13e+09  3.08e+03  2.08e+09  4.28e+07
W2         0.00269  3.32e+09   0.00021  3.32e+09
P1        6.07e-11  1.23e-16   6.6e-11  5.34e-12
P2        3.13e-18   5.8e-11  1.34e-17   5.8e-11

Temperature = 900 K    Pressure = 1 atm

From\To         W1        W2        P1        P2
W1        3.55e+09  5.51e+04  3.48e+09  7.45e+07
W2           0.199  5.57e+09   0.00877  5.57e+09
P1        1.02e-10  4.34e-16  1.06e-10  4.43e-12
P2        5.47e-18  9.78e-11  1.11e-17  9.78e-11

Temperature = 900 K    Pressure = 10 atm

From\To         W1        W2        P1        P2
W1        5.44e+09  3.61e+06  5.32e+09  1.17e+08
W2              15  8.42e+09      2.09  8.42e+09
P1        1.56e-10  1.55e-14  1.59e-10   3.1e-12
P2         8.6e-18  1.48e-10   7.8e-18  1.48e-10

Temperature = 900 K    Pressure = 100 atm

From\To         W1        W2        P1        P2
W1        7.94e+09   7.6e+07  7.75e+09  1.14e+08
W2             318  1.22e+10      51.1  1.22e+10
P1        2.27e-10  3.58e-13  2.28e-10  8.03e-13
P2        8.34e-18  2.14e-10  2.02e-18  2.14e-10

Temperature = 1e+03 K

High Pressure Rate Coefficients:

From\To         W1        W2        P1        P2
W1             ***  2.41e+08  8.64e+09       ***
W2        3.29e+03       ***       ***  1.34e+10
P1        2.75e-10       ***       ***       ***
P2             ***  2.69e-10       ***       ***

Temperature = 1e+03 K    Pressure = 0.1 atm

From\To         W1        W2        P1        P2
W1        2.07e+09  4.11e+03  2.03e+09  4.49e+07
W2          0.0224   3.1e+09   0.00138   3.1e+09
P1        6.41e-11  1.55e-16  7.01e-11  5.96e-12
P2        1.22e-17  6.18e-11  5.11e-17  6.18e-11

Temperature = 1e+03 K    Pressure = 1 atm

From\To         W1        W2        P1        P2
W1        3.39e+09  1.21e+05  3.31e+09  7.71e+07
W2            1.54   5.1e+09    0.0537   5.1e+09
P1        1.05e-10  5.79e-16   1.1e-10  4.95e-12
P2         2.1e-17  1.02e-10  4.25e-17  1.02e-10

Temperature = 1e+03 K    Pressure = 10 atm

From\To         W1        W2        P1        P2
W1         5.1e+09  5.47e+06  4.97e+09  1.18e+08
W2            74.3  7.57e+09      9.02  7.57e+09
P1        1.58e-10  2.21e-14  1.62e-10   3.5e-12
P2        3.22e-17  1.52e-10     3e-17  1.52e-10

Temperature = 1e+03 K    Pressure = 100 atm

From\To         W1        W2        P1        P2
W1        7.37e+09  8.23e+07  7.17e+09  1.11e+08
W2        1.12e+03  1.08e+10       185  1.08e+10
P1        2.28e-10  4.32e-13  2.29e-10   9.3e-13
P2        3.04e-17  2.16e-10  7.98e-18  2.16e-10

Temperature = 1.1e+03 K

High Pressure Rate Coefficients:

From\To         W1        W2        P1        P2
W1             ***  2.49e+08  8.01e+09       ***
W2        8.87e+03       ***       ***  1.19e+10
P1        2.79e-10       ***       ***       ***
P2             ***  2.73e-10       ***       ***

Temperature = 1.1e+03 K    Pressure = 0.1 atm

From\To         W1        W2        P1        P2
W1        1.94e+09  6.63e+03   1.9e+09  4.58e+07
W2           0.151  2.82e+09   0.00649  2.82e+09
P1        6.58e-11  1.86e-16  7.25e-11   6.7e-12
P2        3.73e-17  6.42e-11  1.57e-16  6.42e-11

Temperature = 1.1e+03 K    Pressure = 1 atm

From\To         W1        W2        P1        P2
W1        3.15e+09  2.66e+05  3.07e+09   7.8e+07
W2            9.23  4.57e+09     0.246  4.57e+09
P1        1.07e-10   7.7e-16  1.13e-10  5.59e-12
P2        6.38e-17  1.05e-10  1.31e-16  1.05e-10

Temperature = 1.1e+03 K    Pressure = 10 atm

From\To         W1        W2        P1        P2
W1        4.69e+09   7.9e+06  4.57e+09  1.17e+08
W2             281  6.71e+09      30.9  6.71e+09
P1        1.59e-10  3.13e-14  1.63e-10     4e-12
P2        9.54e-17  1.54e-10  9.38e-17  1.54e-10

Temperature = 1.1e+03 K    Pressure = 100 atm

From\To         W1        W2        P1        P2
W1        6.77e+09  8.81e+07  6.57e+09  1.08e+08
W2        3.14e+03  9.53e+09       538  9.53e+09
P1        2.29e-10  5.26e-13   2.3e-10  1.08e-12
P2        8.86e-17  2.18e-10  2.55e-17  2.18e-10

Temperature = 1.2e+03 K

High Pressure Rate Coefficients:

From\To         W1        W2        P1        P2
W1             ***  2.55e+08  7.39e+09       ***
W2        2.03e+04       ***       ***  1.06e+10
P1        2.83e-10       ***       ***       ***
P2             ***  2.77e-10       ***       ***

Temperature = 1.2e+03 K    Pressure = 0.1 atm

From\To         W1        W2        P1        P2
W1        1.84e+09  1.64e+04   1.8e+09  4.77e+07
W2             1.1  2.58e+09    0.0198  2.58e+09
P1        6.85e-11   2.5e-16   7.6e-11  7.46e-12
P2        9.92e-17  6.73e-11  4.06e-16  6.73e-11

Temperature = 1.2e+03 K    Pressure = 1 atm

From\To         W1        W2        P1        P2
W1        2.95e+09  6.54e+05  2.87e+09  8.01e+07
W2            51.5  4.12e+09     0.882  4.12e+09
P1         1.1e-10  1.09e-15  1.16e-10  6.22e-12
P2        1.67e-16  1.08e-10  3.39e-16  1.08e-10

Temperature = 1.2e+03 K    Pressure = 10 atm

From\To         W1        W2        P1        P2
W1        4.34e+09  1.14e+07  4.21e+09  1.16e+08
W2             908  5.98e+09      88.1  5.98e+09
P1        1.61e-10  4.37e-14  1.66e-10  4.46e-12
P2        2.42e-16  1.57e-10  2.43e-16  1.57e-10

Temperature = 1.2e+03 K    Pressure = 100 atm

From\To         W1        W2        P1        P2
W1        6.21e+09  9.53e+07  6.01e+09  1.04e+08
W2        7.58e+03  8.41e+09  1.29e+03  8.41e+09
P1         2.3e-10  6.24e-13  2.32e-10  1.21e-12
P2        2.18e-16  2.21e-10  6.61e-17  2.21e-10

Temperature = 1.3e+03 K

High Pressure Rate Coefficients:

From\To         W1        W2        P1        P2
W1             ***   2.6e+08   6.8e+09       ***
W2        4.08e+04       ***       ***  9.36e+09
P1        2.87e-10       ***       ***       ***
P2             ***  2.81e-10       ***       ***

Temperature = 1.3e+03 K    Pressure = 0.1 atm

From\To         W1        W2        P1        P2
W1        1.72e+09  4.24e+04  1.67e+09  4.88e+07
W2            6.21   2.3e+09    0.0288   2.3e+09
P1        7.02e-11  3.45e-16  7.85e-11  8.32e-12
P2        2.28e-16  6.86e-11  9.27e-16  6.86e-11

Temperature = 1.3e+03 K    Pressure = 1 atm

From\To         W1        W2        P1        P2
W1        2.73e+09  1.33e+06  2.65e+09  8.08e+07
W2             208  3.65e+09      2.48  3.65e+09
P1        1.12e-10  1.49e-15  1.19e-10  6.95e-12
P2         3.8e-16  1.09e-10  7.75e-16  1.09e-10

Temperature = 1.3e+03 K    Pressure = 10 atm

From\To         W1        W2        P1        P2
W1        3.99e+09   1.5e+07  3.86e+09  1.14e+08
W2        2.35e+03  5.28e+09       210  5.28e+09
P1        1.63e-10   5.8e-14  1.68e-10     5e-12
P2        5.35e-16  1.58e-10  5.57e-16  1.58e-10

Temperature = 1.3e+03 K    Pressure = 100 atm

From\To         W1        W2        P1        P2
W1        5.69e+09  1.01e+08  5.49e+09  1.01e+08
W2        1.58e+04  7.42e+09  2.72e+03  7.42e+09
P1        2.32e-10  7.33e-13  2.34e-10  1.37e-12
P2        4.76e-16  2.23e-10  1.52e-16  2.23e-10

Temperature = 1.4e+03 K

High Pressure Rate Coefficients:

From\To         W1        W2        P1        P2
W1             ***  2.65e+08  6.25e+09       ***
W2        7.41e+04       ***       ***  8.31e+09
P1        2.91e-10       ***       ***       ***
P2             ***  2.84e-10       ***       ***

Temperature = 1.4e+03 K    Pressure = 0.1 atm

From\To         W1        W2        P1        P2
W1        1.59e+09  1.18e+05  1.54e+09  4.92e+07
W2            32.1  2.06e+09   -0.0598  2.06e+09
P1        7.11e-11  5.11e-16  8.04e-11  9.28e-12
P2        4.69e-16  7.01e-11  1.91e-15  7.01e-11

Temperature = 1.4e+03 K    Pressure = 1 atm

From\To         W1        W2        P1        P2
W1         2.5e+09  2.53e+06  2.42e+09  8.02e+07
W2             708  3.25e+09      6.68  3.25e+09
P1        1.12e-10  2.12e-15   1.2e-10  7.78e-12
P2        7.68e-16  1.11e-10   1.6e-15  1.11e-10

Temperature = 1.4e+03 K    Pressure = 10 atm

From\To         W1        W2        P1        P2
W1        3.65e+09  1.93e+07  3.52e+09   1.1e+08
W2         5.4e+03  4.68e+09       463  4.68e+09
P1        1.63e-10  7.85e-14  1.69e-10  5.62e-12
P2        1.05e-15   1.6e-10  1.16e-15   1.6e-10

Temperature = 1.4e+03 K    Pressure = 100 atm

From\To         W1        W2        P1        P2
W1        5.21e+09  1.07e+08  5.01e+09  9.72e+07
W2        2.99e+04  6.57e+09  5.24e+03  6.57e+09
P1        2.33e-10   8.7e-13  2.35e-10  1.54e-12
P2        9.31e-16  2.25e-10  3.17e-16  2.25e-10

Temperature = 1.5e+03 K

High Pressure Rate Coefficients:

From\To         W1        W2        P1        P2
W1             ***  2.69e+08  5.75e+09       ***
W2        1.24e+05       ***       ***   7.4e+09
P1        2.94e-10       ***       ***       ***
P2             ***  2.88e-10       ***       ***

Temperature = 1.5e+03 K    Pressure = 0.1 atm

From\To         W1        W2        P1        P2
W1        1.49e+09  3.35e+05  1.44e+09  5.08e+07
W2             153  1.91e+09    -0.676  1.91e+09
P1        7.35e-11  8.74e-16  8.37e-11  1.02e-11
P2        9.11e-16  7.39e-11   3.6e-15  7.39e-11

Temperature = 1.5e+03 K    Pressure = 1 atm

From\To         W1        W2        P1        P2
W1        2.34e+09  4.66e+06  2.26e+09  8.04e+07
W2        2.15e+03  2.98e+09      18.7  2.98e+09
P1        1.15e-10  3.38e-15  1.24e-10  8.54e-12
P2        1.45e-15  1.16e-10  3.01e-15  1.16e-10

Temperature = 1.5e+03 K    Pressure = 10 atm

From\To         W1        W2        P1        P2
W1        3.38e+09  2.54e+07  3.25e+09  1.07e+08
W2        1.18e+04  4.23e+09       975  4.23e+09
P1        1.66e-10  1.09e-13  1.72e-10  6.14e-12
P2        1.92e-15  1.64e-10  2.16e-15  1.64e-10

Temperature = 1.5e+03 K    Pressure = 100 atm

From\To         W1        W2        P1        P2
W1        4.79e+09  1.15e+08  4.58e+09  9.13e+07
W2        5.33e+04  5.86e+09  9.18e+03  5.86e+09
P1        2.34e-10  1.01e-12  2.37e-10  1.64e-12
P2        1.64e-15  2.28e-10  5.77e-16  2.28e-10

Temperature = 1.6e+03 K

High Pressure Rate Coefficients:

From\To         W1        W2        P1        P2
W1             ***  2.72e+08  5.29e+09       ***
W2        1.96e+05       ***       ***   6.6e+09
P1        2.97e-10       ***       ***       ***
P2             ***  2.91e-10       ***       ***

Temperature = 1.6e+03 K    Pressure = 0.1 atm

From\To         W1        W2        P1        P2
W1         1.4e+09  5.02e+05  1.35e+09   5.2e+07
W2             358  1.69e+09     -1.81  1.69e+09
P1        7.53e-11  1.17e-15  8.65e-11  1.12e-11
P2        1.64e-15  7.39e-11  6.33e-15  7.39e-11

Temperature = 1.6e+03 K    Pressure = 1 atm

From\To         W1        W2        P1        P2
W1        2.18e+09  5.86e+06  2.09e+09   8.1e+07
W2        4.21e+03  2.62e+09      35.1  2.62e+09
P1        1.17e-10  4.31e-15  1.27e-10  9.37e-12
P2        2.56e-15  1.15e-10  5.29e-15  1.15e-10

Temperature = 1.6e+03 K    Pressure = 10 atm

From\To         W1        W2        P1        P2
W1        3.13e+09  2.83e+07  2.99e+09  1.06e+08
W2        2.04e+04  3.74e+09  1.64e+03  3.74e+09
P1        1.68e-10   1.3e-13  1.75e-10  6.73e-12
P2        3.34e-15  1.65e-10   3.8e-15  1.65e-10

Temperature = 1.6e+03 K    Pressure = 100 atm

From\To         W1        W2        P1        P2
W1        4.41e+09  1.19e+08   4.2e+09  8.99e+07
W2        8.54e+04  5.21e+09  1.45e+04  5.21e+09
P1        2.36e-10  1.13e-12  2.39e-10  1.79e-12
P2        2.85e-15  2.29e-10  1.01e-15  2.29e-10

Temperature = 1.7e+03 K

High Pressure Rate Coefficients:

From\To         W1        W2        P1        P2
W1             ***  2.75e+08  4.87e+09       ***
W2        2.92e+05       ***       ***  5.91e+09
P1           3e-10       ***       ***       ***
P2             ***  2.94e-10       ***       ***

Temperature = 1.7e+03 K    Pressure = 0.1 atm

From\To         W1        W2        P1        P2
W1        1.29e+09  1.34e+06  1.23e+09  5.07e+07
W2        1.41e+03  1.56e+09     -3.94  1.56e+09
P1        7.57e-11  1.66e-15  8.82e-11  1.25e-11
P2        2.67e-15   7.7e-11  1.07e-14  7.71e-11

Temperature = 1.7e+03 K    Pressure = 1 atm

From\To         W1        W2        P1        P2
W1           2e+09  9.32e+06  1.91e+09  7.68e+07
W2        9.88e+03   2.4e+09      98.2   2.4e+09
P1        1.18e-10  7.22e-15  1.28e-10  1.05e-11
P2        4.05e-15  1.19e-10  8.97e-15  1.19e-10

Temperature = 1.7e+03 K    Pressure = 10 atm

From\To         W1        W2        P1        P2
W1        2.87e+09  3.45e+07  2.74e+09  9.86e+07
W2        3.66e+04  3.39e+09  3.07e+03  3.39e+09
P1        1.69e-10   1.8e-13  1.76e-10  7.56e-12
P2         5.2e-15  1.69e-10  6.47e-15  1.69e-10

Temperature = 1.7e+03 K    Pressure = 100 atm

From\To         W1        W2        P1        P2
W1        4.07e+09  1.25e+08  3.86e+09  8.44e+07
W2        1.33e+05  4.69e+09  2.34e+04  4.69e+09
P1        2.38e-10  1.36e-12  2.41e-10  1.99e-12
P2        4.45e-15  2.33e-10  1.71e-15  2.33e-10

Temperature = 1.8e+03 K

High Pressure Rate Coefficients:

From\To         W1        W2        P1        P2
W1             ***  2.77e+08   4.5e+09       ***
W2        4.16e+05       ***       ***  5.31e+09
P1        3.03e-10       ***       ***       ***
P2             ***  2.97e-10       ***       ***

Temperature = 1.8e+03 K    Pressure = 0.1 atm

From\To         W1        W2        P1        P2
W1        1.21e+09  1.64e+06  1.16e+09  5.24e+07
W2        2.45e+03   1.4e+09     -8.37   1.4e+09
P1        7.77e-11  2.62e-15  9.12e-11  1.35e-11
P2        4.38e-15   7.8e-11  1.67e-14   7.8e-11

Temperature = 1.8e+03 K    Pressure = 1 atm

From\To         W1        W2        P1        P2
W1        1.87e+09  1.09e+07  1.78e+09  7.78e+07
W2        1.64e+04  2.15e+09       172  2.15e+09
P1         1.2e-10  9.94e-15  1.31e-10  1.12e-11
P2        6.51e-15   1.2e-10   1.4e-14   1.2e-10

Temperature = 1.8e+03 K    Pressure = 10 atm

From\To         W1        W2        P1        P2
W1        2.67e+09  3.85e+07  2.54e+09  9.76e+07
W2        5.76e+04  3.04e+09   4.8e+03  3.04e+09
P1        1.71e-10  2.18e-13  1.79e-10  8.04e-12
P2        8.18e-15   1.7e-10     1e-14   1.7e-10

Temperature = 1.8e+03 K    Pressure = 100 atm

From\To         W1        W2        P1        P2
W1        3.76e+09   1.3e+08  3.55e+09  8.13e+07
W2        1.95e+05  4.19e+09  3.31e+04  4.19e+09
P1        2.39e-10  1.49e-12  2.42e-10  2.06e-12
P2        6.81e-15  2.34e-10  2.56e-15  2.34e-10

Temperature = 1.9e+03 K

High Pressure Rate Coefficients:

From\To         W1        W2        P1        P2
W1             ***  2.79e+08  4.16e+09       ***
W2         5.7e+05       ***       ***  4.78e+09
P1        3.06e-10       ***       ***       ***
P2             ***  2.99e-10       ***       ***

Temperature = 1.9e+03 K    Pressure = 0.1 atm

From\To         W1        W2        P1        P2
W1        1.13e+09  2.66e+06  1.07e+09  5.18e+07
W2        5.41e+03  1.29e+09     -6.74  1.29e+09
P1        7.85e-11  3.97e-15  9.32e-11  1.47e-11
P2        6.59e-15  8.01e-11  2.56e-14  8.01e-11

Temperature = 1.9e+03 K    Pressure = 1 atm

From\To         W1        W2        P1        P2
W1        1.74e+09  1.41e+07  1.65e+09  7.51e+07
W2        2.87e+04  1.96e+09       362  1.96e+09
P1        1.21e-10  1.56e-14  1.33e-10  1.23e-11
P2        9.59e-15  1.23e-10  2.13e-14  1.23e-10

Temperature = 1.9e+03 K    Pressure = 10 atm

From\To         W1        W2        P1        P2
W1        2.47e+09  4.37e+07  2.34e+09  9.28e+07
W2        8.92e+04  2.75e+09  7.77e+03  2.75e+09
P1        1.72e-10  2.82e-13  1.81e-10  8.77e-12
P2        1.19e-14  1.72e-10  1.52e-14  1.72e-10

Temperature = 1.9e+03 K    Pressure = 100 atm

From\To         W1        W2        P1        P2
W1        3.48e+09  1.35e+08  3.27e+09  7.68e+07
W2        2.77e+05  3.78e+09  4.74e+04  3.78e+09
P1         2.4e-10  1.71e-12  2.44e-10   2.2e-12
P2        9.82e-15  2.37e-10  3.82e-15  2.37e-10

Temperature = 2e+03 K

High Pressure Rate Coefficients:

From\To         W1        W2        P1        P2
W1             ***  2.81e+08  3.85e+09       ***
W2        7.58e+05       ***       ***  4.32e+09
P1        3.08e-10       ***       ***       ***
P2             ***  3.02e-10       ***       ***

Temperature = 2e+03 K    Pressure = 0.1 atm

From\To         W1        W2        P1        P2
W1        1.04e+09  4.02e+06   9.9e+08  5.05e+07
W2        1.08e+04  1.18e+09      20.1  1.18e+09
P1         7.9e-11  6.22e-15  9.51e-11   1.6e-11
P2        9.49e-15  8.23e-11  3.77e-14  8.23e-11

Temperature = 2e+03 K    Pressure = 1 atm

From\To         W1        W2        P1        P2
W1        1.61e+09  1.75e+07  1.52e+09  7.17e+07
W2        4.71e+04  1.79e+09       733  1.79e+09
P1        1.22e-10  2.47e-14  1.35e-10  1.34e-11
P2        1.35e-14  1.25e-10  3.15e-14  1.25e-10

Temperature = 2e+03 K    Pressure = 10 atm

From\To         W1        W2        P1        P2
W1        2.29e+09   4.9e+07  2.15e+09  8.75e+07
W2        1.32e+05   2.5e+09  1.22e+04   2.5e+09
P1        1.73e-10  3.65e-13  1.82e-10  9.54e-12
P2        1.65e-14  1.75e-10  2.24e-14  1.75e-10

Temperature = 2e+03 K    Pressure = 100 atm

From\To         W1        W2        P1        P2
W1        3.23e+09   1.4e+08  3.01e+09  7.23e+07
W2        3.79e+05  3.42e+09  6.58e+04  3.42e+09
P1        2.42e-10  1.96e-12  2.46e-10  2.34e-12
P2        1.36e-14  2.39e-10  5.51e-15  2.39e-10

______________________________________________________________________________________

High Pressure Rate Coefficients (Temperature-Species Rate Tables):

Reactant = W1
   T(K)        W1        W2        P1        P2
    500       ***  1.77e+08  8.65e+09       ***
    600       ***  1.96e+08  9.69e+09       ***
    700       ***  2.11e+08  9.93e+09       ***
    800       ***  2.23e+08  9.71e+09       ***
    900       ***  2.33e+08  9.23e+09       ***
  1e+03       ***  2.41e+08  8.64e+09       ***
1.1e+03       ***  2.49e+08  8.01e+09       ***
1.2e+03       ***  2.55e+08  7.39e+09       ***
1.3e+03       ***   2.6e+08   6.8e+09       ***
1.4e+03       ***  2.65e+08  6.25e+09       ***
1.5e+03       ***  2.69e+08  5.75e+09       ***
1.6e+03       ***  2.72e+08  5.29e+09       ***
1.7e+03       ***  2.75e+08  4.87e+09       ***
1.8e+03       ***  2.77e+08   4.5e+09       ***
1.9e+03       ***  2.79e+08  4.16e+09       ***
  2e+03       ***  2.81e+08  3.85e+09       ***

Reactant = W2
   T(K)        W1        W2        P1        P2
    500    0.0526       ***       ***  1.82e+10
    600      2.15       ***       ***  1.89e+10
    700      29.8       ***       ***  1.81e+10
    800       213       ***       ***  1.67e+10
    900       975       ***       ***   1.5e+10
  1e+03  3.29e+03       ***       ***  1.34e+10
1.1e+03  8.87e+03       ***       ***  1.19e+10
1.2e+03  2.03e+04       ***       ***  1.06e+10
1.3e+03  4.08e+04       ***       ***  9.36e+09
1.4e+03  7.41e+04       ***       ***  8.31e+09
1.5e+03  1.24e+05       ***       ***   7.4e+09
1.6e+03  1.96e+05       ***       ***   6.6e+09
1.7e+03  2.92e+05       ***       ***  5.91e+09
1.8e+03  4.16e+05       ***       ***  5.31e+09
1.9e+03   5.7e+05       ***       ***  4.78e+09
  2e+03  7.58e+05       ***       ***  4.32e+09

Reactant = P1
   T(K)        W1        W2        P1        P2
    500  2.45e-10       ***       ***       ***
    600  2.52e-10       ***       ***       ***
    700  2.59e-10       ***       ***       ***
    800  2.65e-10       ***       ***       ***
    900   2.7e-10       ***       ***       ***
  1e+03  2.75e-10       ***       ***       ***
1.1e+03  2.79e-10       ***       ***       ***
1.2e+03  2.83e-10       ***       ***       ***
1.3e+03  2.87e-10       ***       ***       ***
1.4e+03  2.91e-10       ***       ***       ***
1.5e+03  2.94e-10       ***       ***       ***
1.6e+03  2.97e-10       ***       ***       ***
1.7e+03     3e-10       ***       ***       ***
1.8e+03  3.03e-10       ***       ***       ***
1.9e+03  3.06e-10       ***       ***       ***
  2e+03  3.08e-10       ***       ***       ***

Reactant = P2
   T(K)        W1        W2        P1        P2
    500       ***   2.4e-10       ***       ***
    600       ***  2.47e-10       ***       ***
    700       ***  2.53e-10       ***       ***
    800       ***  2.59e-10       ***       ***
    900       ***  2.64e-10       ***       ***
  1e+03       ***  2.69e-10       ***       ***
1.1e+03       ***  2.73e-10       ***       ***
1.2e+03       ***  2.77e-10       ***       ***
1.3e+03       ***  2.81e-10       ***       ***
1.4e+03       ***  2.84e-10       ***       ***
1.5e+03       ***  2.88e-10       ***       ***
1.6e+03       ***  2.91e-10       ***       ***
1.7e+03       ***  2.94e-10       ***       ***
1.8e+03       ***  2.97e-10       ***       ***
1.9e+03       ***  2.99e-10       ***       ***
  2e+03       ***  3.02e-10       ***       ***

Capture/Escape Rate Coefficients:

   T(K)        W1        W2        P1        P2
    500  8.83e+09  1.82e+10  2.45e-10   2.4e-10
    600  9.88e+09  1.89e+10  2.52e-10  2.47e-10
    700  1.01e+10  1.81e+10  2.59e-10  2.53e-10
    800  9.93e+09  1.67e+10  2.65e-10  2.59e-10
    900  9.46e+09   1.5e+10   2.7e-10  2.64e-10
  1e+03  8.88e+09  1.34e+10  2.75e-10  2.69e-10
1.1e+03  8.26e+09  1.19e+10  2.79e-10  2.73e-10
1.2e+03  7.65e+09  1.06e+10  2.83e-10  2.77e-10
1.3e+03  7.06e+09  9.36e+09  2.87e-10  2.81e-10
1.4e+03  6.52e+09  8.31e+09  2.91e-10  2.84e-10
1.5e+03  6.02e+09   7.4e+09  2.94e-10  2.88e-10
1.6e+03  5.56e+09   6.6e+09  2.97e-10  2.91e-10
1.7e+03  5.15e+09  5.91e+09     3e-10  2.94e-10
1.8e+03  4.77e+09  5.31e+09  3.03e-10  2.97e-10
1.9e+03  4.43e+09  4.78e+09  3.06e-10  2.99e-10
  2e+03  4.13e+09  4.32e+09  3.08e-10  3.02e-10

______________________________________________________________________________________

Pressure-Species Rate Tables:

Reactant = W1   Temperature = 500 K

   P(atm)        W2        P1        P2      Loss
      0.1   1.1e+03  1.31e+09  3.29e+07  1.34e+09
        1  4.95e+03  2.76e+09   6.2e+07  2.82e+09
       10  6.69e+05  5.17e+09  1.08e+08  5.28e+09
      100  6.09e+07  7.78e+09  9.84e+07  7.94e+09
      O-O  1.77e+08  8.65e+09       ***  8.83e+09

Reactant = W1   Temperature = 600 K

   P(atm)        W2        P1        P2      Loss
      0.1  1.62e+03   1.7e+09  3.52e+07  1.74e+09
        1  7.52e+03  3.25e+09  6.49e+07  3.32e+09
       10  9.29e+05  5.62e+09   1.1e+08  5.73e+09
      100  6.23e+07   8.5e+09  1.09e+08  8.67e+09
      O-O  1.96e+08  9.69e+09       ***  9.88e+09

Reactant = W1   Temperature = 700 K

   P(atm)        W2        P1        P2      Loss
      0.1  2.23e+03  1.95e+09  3.76e+07  1.98e+09
        1  1.35e+04  3.49e+09  6.79e+07  3.56e+09
       10  1.49e+06  5.71e+09  1.13e+08  5.83e+09
      100   6.6e+07  8.57e+09  1.12e+08  8.74e+09
      O-O  2.11e+08  9.93e+09       ***  1.01e+10

Reactant = W1   Temperature = 800 K

   P(atm)        W2        P1        P2      Loss
      0.1  2.48e+03  2.11e+09  4.12e+07  2.15e+09
        1   2.5e+04  3.61e+09  7.25e+07  3.68e+09
       10   2.3e+06  5.65e+09  1.16e+08  5.76e+09
      100  7.04e+07  8.28e+09  1.15e+08  8.46e+09
      O-O  2.23e+08  9.71e+09       ***  9.93e+09

Reactant = W1   Temperature = 900 K

   P(atm)        W2        P1        P2      Loss
      0.1  3.08e+03  2.08e+09  4.28e+07  2.13e+09
        1  5.51e+04  3.48e+09  7.45e+07  3.55e+09
       10  3.61e+06  5.32e+09  1.17e+08  5.44e+09
      100   7.6e+07  7.75e+09  1.14e+08  7.94e+09
      O-O  2.33e+08  9.23e+09       ***  9.46e+09

Reactant = W1   Temperature = 1e+03 K

   P(atm)        W2        P1        P2      Loss
      0.1  4.11e+03  2.03e+09  4.49e+07  2.07e+09
        1  1.21e+05  3.31e+09  7.71e+07  3.39e+09
       10  5.47e+06  4.97e+09  1.18e+08   5.1e+09
      100  8.23e+07  7.17e+09  1.11e+08  7.37e+09
      O-O  2.41e+08  8.64e+09       ***  8.88e+09

Reactant = W1   Temperature = 1.1e+03 K

   P(atm)        W2        P1        P2      Loss
      0.1  6.63e+03   1.9e+09  4.58e+07  1.94e+09
        1  2.66e+05  3.07e+09   7.8e+07  3.15e+09
       10   7.9e+06  4.57e+09  1.17e+08  4.69e+09
      100  8.81e+07  6.57e+09  1.08e+08  6.77e+09
      O-O  2.49e+08  8.01e+09       ***  8.26e+09

Reactant = W1   Temperature = 1.2e+03 K

   P(atm)        W2        P1        P2      Loss
      0.1  1.64e+04   1.8e+09  4.77e+07  1.84e+09
        1  6.54e+05  2.87e+09  8.01e+07  2.95e+09
       10  1.14e+07  4.21e+09  1.16e+08  4.34e+09
      100  9.53e+07  6.01e+09  1.04e+08  6.21e+09
      O-O  2.55e+08  7.39e+09       ***  7.65e+09

Reactant = W1   Temperature = 1.3e+03 K

   P(atm)        W2        P1        P2      Loss
      0.1  4.24e+04  1.67e+09  4.88e+07  1.72e+09
        1  1.33e+06  2.65e+09  8.08e+07  2.73e+09
       10   1.5e+07  3.86e+09  1.14e+08  3.99e+09
      100  1.01e+08  5.49e+09  1.01e+08  5.69e+09
      O-O   2.6e+08   6.8e+09       ***  7.06e+09

Reactant = W1   Temperature = 1.4e+03 K

   P(atm)        W2        P1        P2      Loss
      0.1  1.18e+05  1.54e+09  4.92e+07  1.59e+09
        1  2.53e+06  2.42e+09  8.02e+07   2.5e+09
       10  1.93e+07  3.52e+09   1.1e+08  3.65e+09
      100  1.07e+08  5.01e+09  9.72e+07  5.21e+09
      O-O  2.65e+08  6.25e+09       ***  6.52e+09

Reactant = W1   Temperature = 1.5e+03 K

   P(atm)        W2        P1        P2      Loss
      0.1  3.35e+05  1.44e+09  5.08e+07  1.49e+09
        1  4.66e+06  2.26e+09  8.04e+07  2.34e+09
       10  2.54e+07  3.25e+09  1.07e+08  3.38e+09
      100  1.15e+08  4.58e+09  9.13e+07  4.79e+09
      O-O  2.69e+08  5.75e+09       ***  6.02e+09

Reactant = W1   Temperature = 1.6e+03 K

   P(atm)        W2        P1        P2      Loss
      0.1  5.02e+05  1.35e+09   5.2e+07   1.4e+09
        1  5.86e+06  2.09e+09   8.1e+07  2.18e+09
       10  2.83e+07  2.99e+09  1.06e+08  3.13e+09
      100  1.19e+08   4.2e+09  8.99e+07  4.41e+09
      O-O  2.72e+08  5.29e+09       ***  5.56e+09

Reactant = W1   Temperature = 1.7e+03 K

   P(atm)        W2        P1        P2      Loss
      0.1  1.34e+06  1.23e+09  5.07e+07  1.29e+09
        1  9.32e+06  1.91e+09  7.68e+07     2e+09
       10  3.45e+07  2.74e+09  9.86e+07  2.87e+09
      100  1.25e+08  3.86e+09  8.44e+07  4.07e+09
      O-O  2.75e+08  4.87e+09       ***  5.15e+09

Reactant = W1   Temperature = 1.8e+03 K

   P(atm)        W2        P1        P2      Loss
      0.1  1.64e+06  1.16e+09  5.24e+07  1.21e+09
        1  1.09e+07  1.78e+09  7.78e+07  1.87e+09
       10  3.85e+07  2.54e+09  9.76e+07  2.67e+09
      100   1.3e+08  3.55e+09  8.13e+07  3.76e+09
      O-O  2.77e+08   4.5e+09       ***  4.77e+09

Reactant = W1   Temperature = 1.9e+03 K

   P(atm)        W2        P1        P2      Loss
      0.1  2.66e+06  1.07e+09  5.18e+07  1.13e+09
        1  1.41e+07  1.65e+09  7.51e+07  1.74e+09
       10  4.37e+07  2.34e+09  9.28e+07  2.47e+09
      100  1.35e+08  3.27e+09  7.68e+07  3.48e+09
      O-O  2.79e+08  4.16e+09       ***  4.43e+09

Reactant = W1   Temperature = 2e+03 K

   P(atm)        W2        P1        P2      Loss
      0.1  4.02e+06   9.9e+08  5.05e+07  1.04e+09
        1  1.75e+07  1.52e+09  7.17e+07  1.61e+09
       10   4.9e+07  2.15e+09  8.75e+07  2.29e+09
      100   1.4e+08  3.01e+09  7.23e+07  3.23e+09
      O-O  2.81e+08  3.85e+09       ***  4.13e+09

Reactant = W2   Temperature = 500 K

   P(atm)        W1        P1        P2      Loss
      0.1  5.57e-10     1e-10  2.44e+09  2.44e+09
        1  1.07e-07  1.71e-08  5.19e+09  5.19e+09
       10  0.000195  4.87e-05  9.55e+09  9.55e+09
      100    0.0181    0.0017  1.54e+10  1.54e+10
      O-O    0.0526       ***  1.82e+10  1.82e+10

Reactant = W2   Temperature = 600 K

   P(atm)        W1        P1        P2      Loss
      0.1  1.53e-07  2.33e-08  3.08e+09  3.08e+09
        1  1.75e-05  1.88e-06  5.92e+09  5.92e+09
       10   0.00999   0.00226     1e+10     1e+10
      100     0.681    0.0838  1.56e+10  1.56e+10
      O-O      2.15       ***  1.89e+10  1.89e+10

Reactant = W2   Temperature = 700 K

   P(atm)        W1        P1        P2      Loss
      0.1  9.73e-06   1.2e-06  3.48e+09  3.48e+09
        1  0.000881  6.73e-05  6.24e+09  6.24e+09
       10     0.208    0.0403  9.95e+09  9.95e+09
      100      9.32      1.34  1.49e+10  1.49e+10
      O-O      29.8       ***  1.81e+10  1.81e+10

Reactant = W2   Temperature = 800 K

   P(atm)        W1        P1        P2      Loss
      0.1   0.00021     2e-05  3.45e+09  3.45e+09
        1    0.0169  0.000938  5.96e+09  5.96e+09
       10      2.18     0.345  9.23e+09  9.23e+09
      100      67.1      10.1  1.36e+10  1.36e+10
      O-O       213       ***  1.67e+10  1.67e+10

Reactant = W2   Temperature = 900 K

   P(atm)        W1        P1        P2      Loss
      0.1   0.00269   0.00021  3.32e+09  3.32e+09
        1     0.199   0.00877  5.57e+09  5.57e+09
       10        15      2.09  8.42e+09  8.42e+09
      100       318      51.1  1.22e+10  1.22e+10
      O-O       975       ***   1.5e+10   1.5e+10

Reactant = W2   Temperature = 1e+03 K

   P(atm)        W1        P1        P2      Loss
      0.1    0.0224   0.00138   3.1e+09   3.1e+09
        1      1.54    0.0537   5.1e+09   5.1e+09
       10      74.3      9.02  7.57e+09  7.57e+09
      100  1.12e+03       185  1.08e+10  1.08e+10
      O-O  3.29e+03       ***  1.34e+10  1.34e+10

Reactant = W2   Temperature = 1.1e+03 K

   P(atm)        W1        P1        P2      Loss
      0.1     0.151   0.00649  2.82e+09  2.82e+09
        1      9.23     0.246  4.57e+09  4.57e+09
       10       281      30.9  6.71e+09  6.71e+09
      100  3.14e+03       538  9.53e+09  9.53e+09
      O-O  8.87e+03       ***  1.19e+10  1.19e+10

Reactant = W2   Temperature = 1.2e+03 K

   P(atm)        W1        P1        P2      Loss
      0.1       1.1    0.0198  2.58e+09  2.58e+09
        1      51.5     0.882  4.12e+09  4.12e+09
       10       908      88.1  5.98e+09  5.98e+09
      100  7.58e+03  1.29e+03  8.41e+09  8.41e+09
      O-O  2.03e+04       ***  1.06e+10  1.06e+10

Reactant = W2   Temperature = 1.3e+03 K

   P(atm)        W1        P1        P2      Loss
      0.1      6.21    0.0288   2.3e+09   2.3e+09
        1       208      2.48  3.65e+09  3.65e+09
       10  2.35e+03       210  5.28e+09  5.28e+09
      100  1.58e+04  2.72e+03  7.42e+09  7.42e+09
      O-O  4.08e+04       ***  9.36e+09  9.36e+09

Reactant = W2   Temperature = 1.4e+03 K

   P(atm)        W1        P1        P2      Loss
      0.1      32.1   -0.0598  2.06e+09  2.06e+09
        1       708      6.68  3.25e+09  3.25e+09
       10   5.4e+03       463  4.68e+09  4.68e+09
      100  2.99e+04  5.24e+03  6.57e+09  6.57e+09
      O-O  7.41e+04       ***  8.31e+09  8.31e+09

Reactant = W2   Temperature = 1.5e+03 K

   P(atm)        W1        P1        P2      Loss
      0.1       153    -0.676  1.91e+09  1.91e+09
        1  2.15e+03      18.7  2.98e+09  2.98e+09
       10  1.18e+04       975  4.23e+09  4.23e+09
      100  5.33e+04  9.18e+03  5.86e+09  5.86e+09
      O-O  1.24e+05       ***   7.4e+09   7.4e+09

Reactant = W2   Temperature = 1.6e+03 K

   P(atm)        W1        P1        P2      Loss
      0.1       358     -1.81  1.69e+09  1.69e+09
        1  4.21e+03      35.1  2.62e+09  2.62e+09
       10  2.04e+04  1.64e+03  3.74e+09  3.74e+09
      100  8.54e+04  1.45e+04  5.21e+09  5.21e+09
      O-O  1.96e+05       ***   6.6e+09   6.6e+09

Reactant = W2   Temperature = 1.7e+03 K

   P(atm)        W1        P1        P2      Loss
      0.1  1.41e+03     -3.94  1.56e+09  1.56e+09
        1  9.88e+03      98.2   2.4e+09   2.4e+09
       10  3.66e+04  3.07e+03  3.39e+09  3.39e+09
      100  1.33e+05  2.34e+04  4.69e+09  4.69e+09
      O-O  2.92e+05       ***  5.91e+09  5.91e+09

Reactant = W2   Temperature = 1.8e+03 K

   P(atm)        W1        P1        P2      Loss
      0.1  2.45e+03     -8.37   1.4e+09   1.4e+09
        1  1.64e+04       172  2.15e+09  2.15e+09
       10  5.76e+04   4.8e+03  3.04e+09  3.04e+09
      100  1.95e+05  3.31e+04  4.19e+09  4.19e+09
      O-O  4.16e+05       ***  5.31e+09  5.31e+09

Reactant = W2   Temperature = 1.9e+03 K

   P(atm)        W1        P1        P2      Loss
      0.1  5.41e+03     -6.74  1.29e+09  1.29e+09
        1  2.87e+04       362  1.96e+09  1.96e+09
       10  8.92e+04  7.77e+03  2.75e+09  2.75e+09
      100  2.77e+05  4.74e+04  3.78e+09  3.78e+09
      O-O   5.7e+05       ***  4.78e+09  4.78e+09

Reactant = W2   Temperature = 2e+03 K

   P(atm)        W1        P1        P2      Loss
      0.1  1.08e+04      20.1  1.18e+09  1.18e+09
        1  4.71e+04       733  1.79e+09  1.79e+09
       10  1.32e+05  1.22e+04   2.5e+09   2.5e+09
      100  3.79e+05  6.58e+04  3.42e+09  3.42e+09
      O-O  7.58e+05       ***  4.32e+09  4.32e+09

Reactant = P1   Temperature = 500 K

   P(atm)        W1        W2        P2      Loss
      0.1  3.69e-11  3.61e-17  3.98e-12  4.09e-11
        1  7.81e-11  1.49e-16  3.18e-12  8.13e-11
       10  1.46e-10   5.1e-15  1.88e-12  1.48e-10
      100   2.2e-10  1.63e-13  3.11e-13  2.21e-10
      O-O  2.45e-10       ***       ***  2.45e-10

Reactant = P1   Temperature = 600 K

   P(atm)        W1        W2        P2      Loss
      0.1  4.42e-11  5.15e-17   4.1e-12  4.83e-11
        1  8.47e-11  1.92e-16  3.34e-12   8.8e-11
       10  1.46e-10  5.92e-15  2.15e-12  1.49e-10
      100  2.21e-10     2e-13  4.36e-13  2.22e-10
      O-O  2.52e-10       ***       ***  2.52e-10

Reactant = P1   Temperature = 700 K

   P(atm)        W1        W2        P2      Loss
      0.1  5.06e-11  7.06e-17   4.4e-12   5.5e-11
        1   9.1e-11  2.49e-16  3.63e-12  9.46e-11
       10  1.49e-10  8.07e-15  2.44e-12  1.51e-10
      100  2.23e-10  2.47e-13   5.6e-13  2.24e-10
      O-O  2.59e-10       ***       ***  2.59e-10

Reactant = P1   Temperature = 800 K

   P(atm)        W1        W2        P2      Loss
      0.1  5.74e-11  9.95e-17   4.8e-12  6.22e-11
        1  9.84e-11  3.39e-16  3.96e-12  1.02e-10
       10  1.54e-10  1.07e-14  2.72e-12  1.57e-10
      100  2.26e-10   2.9e-13  6.69e-13  2.27e-10
      O-O  2.65e-10       ***       ***  2.65e-10

Reactant = P1   Temperature = 900 K

   P(atm)        W1        W2        P2      Loss
      0.1  6.07e-11  1.23e-16  5.34e-12   6.6e-11
        1  1.02e-10  4.34e-16  4.43e-12  1.06e-10
       10  1.56e-10  1.55e-14   3.1e-12  1.59e-10
      100  2.27e-10  3.58e-13  8.03e-13  2.28e-10
      O-O   2.7e-10       ***       ***   2.7e-10

Reactant = P1   Temperature = 1e+03 K

   P(atm)        W1        W2        P2      Loss
      0.1  6.41e-11  1.55e-16  5.96e-12  7.01e-11
        1  1.05e-10  5.79e-16  4.95e-12   1.1e-10
       10  1.58e-10  2.21e-14   3.5e-12  1.62e-10
      100  2.28e-10  4.32e-13   9.3e-13  2.29e-10
      O-O  2.75e-10       ***       ***  2.75e-10

Reactant = P1   Temperature = 1.1e+03 K

   P(atm)        W1        W2        P2      Loss
      0.1  6.58e-11  1.86e-16   6.7e-12  7.25e-11
        1  1.07e-10   7.7e-16  5.59e-12  1.13e-10
       10  1.59e-10  3.13e-14     4e-12  1.63e-10
      100  2.29e-10  5.26e-13  1.08e-12   2.3e-10
      O-O  2.79e-10       ***       ***  2.79e-10

Reactant = P1   Temperature = 1.2e+03 K

   P(atm)        W1        W2        P2      Loss
      0.1  6.85e-11   2.5e-16  7.46e-12   7.6e-11
        1   1.1e-10  1.09e-15  6.22e-12  1.16e-10
       10  1.61e-10  4.37e-14  4.46e-12  1.66e-10
      100   2.3e-10  6.24e-13  1.21e-12  2.32e-10
      O-O  2.83e-10       ***       ***  2.83e-10

Reactant = P1   Temperature = 1.3e+03 K

   P(atm)        W1        W2        P2      Loss
      0.1  7.02e-11  3.45e-16  8.32e-12  7.85e-11
        1  1.12e-10  1.49e-15  6.95e-12  1.19e-10
       10  1.63e-10   5.8e-14     5e-12  1.68e-10
      100  2.32e-10  7.33e-13  1.37e-12  2.34e-10
      O-O  2.87e-10       ***       ***  2.87e-10

Reactant = P1   Temperature = 1.4e+03 K

   P(atm)        W1        W2        P2      Loss
      0.1  7.11e-11  5.11e-16  9.28e-12  8.04e-11
        1  1.12e-10  2.12e-15  7.78e-12   1.2e-10
       10  1.63e-10  7.85e-14  5.62e-12  1.69e-10
      100  2.33e-10   8.7e-13  1.54e-12  2.35e-10
      O-O  2.91e-10       ***       ***  2.91e-10

Reactant = P1   Temperature = 1.5e+03 K

   P(atm)        W1        W2        P2      Loss
      0.1  7.35e-11  8.74e-16  1.02e-11  8.37e-11
        1  1.15e-10  3.38e-15  8.54e-12  1.24e-10
       10  1.66e-10  1.09e-13  6.14e-12  1.72e-10
      100  2.34e-10  1.01e-12  1.64e-12  2.37e-10
      O-O  2.94e-10       ***       ***  2.94e-10

Reactant = P1   Temperature = 1.6e+03 K

   P(atm)        W1        W2        P2      Loss
      0.1  7.53e-11  1.17e-15  1.12e-11  8.65e-11
        1  1.17e-10  4.31e-15  9.37e-12  1.27e-10
       10  1.68e-10   1.3e-13  6.73e-12  1.75e-10
      100  2.36e-10  1.13e-12  1.79e-12  2.39e-10
      O-O  2.97e-10       ***       ***  2.97e-10

Reactant = P1   Temperature = 1.7e+03 K

   P(atm)        W1        W2        P2      Loss
      0.1  7.57e-11  1.66e-15  1.25e-11  8.82e-11
        1  1.18e-10  7.22e-15  1.05e-11  1.28e-10
       10  1.69e-10   1.8e-13  7.56e-12  1.76e-10
      100  2.38e-10  1.36e-12  1.99e-12  2.41e-10
      O-O     3e-10       ***       ***     3e-10

Reactant = P1   Temperature = 1.8e+03 K

   P(atm)        W1        W2        P2      Loss
      0.1  7.77e-11  2.62e-15  1.35e-11  9.12e-11
        1   1.2e-10  9.94e-15  1.12e-11  1.31e-10
       10  1.71e-10  2.18e-13  8.04e-12  1.79e-10
      100  2.39e-10  1.49e-12  2.06e-12  2.42e-10
      O-O  3.03e-10       ***       ***  3.03e-10

Reactant = P1   Temperature = 1.9e+03 K

   P(atm)        W1        W2        P2      Loss
      0.1  7.85e-11  3.97e-15  1.47e-11  9.32e-11
        1  1.21e-10  1.56e-14  1.23e-11  1.33e-10
       10  1.72e-10  2.82e-13  8.77e-12  1.81e-10
      100   2.4e-10  1.71e-12   2.2e-12  2.44e-10
      O-O  3.06e-10       ***       ***  3.06e-10

Reactant = P1   Temperature = 2e+03 K

   P(atm)        W1        W2        P2      Loss
      0.1   7.9e-11  6.22e-15   1.6e-11  9.51e-11
        1  1.22e-10  2.47e-14  1.34e-11  1.35e-10
       10  1.73e-10  3.65e-13  9.54e-12  1.82e-10
      100  2.42e-10  1.96e-12  2.34e-12  2.46e-10
      O-O  3.08e-10       ***       ***  3.08e-10

Reactant = P2   Temperature = 500 K

   P(atm)        W1        W2        P1      Loss
      0.1  1.28e-22  3.19e-11   5.5e-22  3.19e-11
        1  2.42e-22  6.82e-11  4.38e-22  6.82e-11
       10  4.21e-22  1.26e-10   2.6e-22  1.26e-10
      100  3.85e-22  2.02e-10   4.3e-23  2.02e-10
      O-O       ***   2.4e-10       ***   2.4e-10

Reactant = P2   Temperature = 600 K

   P(atm)        W1        W2        P1      Loss
      0.1  5.03e-21  4.01e-11  2.25e-20  4.01e-11
        1  9.28e-21  7.74e-11  1.83e-20  7.74e-11
       10  1.58e-20  1.31e-10  1.18e-20  1.31e-10
      100  1.55e-20  2.04e-10  2.39e-21  2.04e-10
      O-O       ***  2.47e-10       ***  2.47e-10

Reactant = P2   Temperature = 700 K

   P(atm)        W1        W2        P1      Loss
      0.1  7.42e-20  4.85e-11  3.34e-19  4.85e-11
        1  1.34e-19  8.72e-11  2.75e-19  8.72e-11
       10  2.22e-19  1.39e-10  1.85e-19  1.39e-10
      100  2.22e-19  2.09e-10  4.25e-20  2.09e-10
      O-O       ***  2.53e-10       ***  2.53e-10

Reactant = P2   Temperature = 800 K

   P(atm)        W1        W2        P1      Loss
      0.1  6.08e-19  5.33e-11   2.6e-18  5.33e-11
        1  1.07e-18  9.24e-11  2.15e-18  9.24e-11
       10  1.72e-18  1.43e-10  1.47e-18  1.43e-10
      100   1.7e-18  2.11e-10  3.63e-19  2.11e-10
      O-O       ***  2.59e-10       ***  2.59e-10

Reactant = P2   Temperature = 900 K

   P(atm)        W1        W2        P1      Loss
      0.1  3.13e-18   5.8e-11  1.34e-17   5.8e-11
        1  5.47e-18  9.78e-11  1.11e-17  9.78e-11
       10   8.6e-18  1.48e-10   7.8e-18  1.48e-10
      100  8.34e-18  2.14e-10  2.02e-18  2.14e-10
      O-O       ***  2.64e-10       ***  2.64e-10

Reactant = P2   Temperature = 1e+03 K

   P(atm)        W1        W2        P1      Loss
      0.1  1.22e-17  6.18e-11  5.11e-17  6.18e-11
        1   2.1e-17  1.02e-10  4.25e-17  1.02e-10
       10  3.22e-17  1.52e-10     3e-17  1.52e-10
      100  3.04e-17  2.16e-10  7.98e-18  2.16e-10
      O-O       ***  2.69e-10       ***  2.69e-10

Reactant = P2   Temperature = 1.1e+03 K

   P(atm)        W1        W2        P1      Loss
      0.1  3.73e-17  6.42e-11  1.57e-16  6.42e-11
        1  6.38e-17  1.05e-10  1.31e-16  1.05e-10
       10  9.54e-17  1.54e-10  9.38e-17  1.54e-10
      100  8.86e-17  2.18e-10  2.55e-17  2.18e-10
      O-O       ***  2.73e-10       ***  2.73e-10

Reactant = P2   Temperature = 1.2e+03 K

   P(atm)        W1        W2        P1      Loss
      0.1  9.92e-17  6.73e-11  4.06e-16  6.73e-11
        1  1.67e-16  1.08e-10  3.39e-16  1.08e-10
       10  2.42e-16  1.57e-10  2.43e-16  1.57e-10
      100  2.18e-16  2.21e-10  6.61e-17  2.21e-10
      O-O       ***  2.77e-10       ***  2.77e-10

Reactant = P2   Temperature = 1.3e+03 K

   P(atm)        W1        W2        P1      Loss
      0.1  2.28e-16  6.86e-11  9.27e-16  6.86e-11
        1   3.8e-16  1.09e-10  7.75e-16  1.09e-10
       10  5.35e-16  1.58e-10  5.57e-16  1.58e-10
      100  4.76e-16  2.23e-10  1.52e-16  2.23e-10
      O-O       ***  2.81e-10       ***  2.81e-10

Reactant = P2   Temperature = 1.4e+03 K

   P(atm)        W1        W2        P1      Loss
      0.1  4.69e-16  7.01e-11  1.91e-15  7.01e-11
        1  7.68e-16  1.11e-10   1.6e-15  1.11e-10
       10  1.05e-15   1.6e-10  1.16e-15   1.6e-10
      100  9.31e-16  2.25e-10  3.17e-16  2.25e-10
      O-O       ***  2.84e-10       ***  2.84e-10

Reactant = P2   Temperature = 1.5e+03 K

   P(atm)        W1        W2        P1      Loss
      0.1  9.11e-16  7.39e-11   3.6e-15  7.39e-11
        1  1.45e-15  1.16e-10  3.01e-15  1.16e-10
       10  1.92e-15  1.64e-10  2.16e-15  1.64e-10
      100  1.64e-15  2.28e-10  5.77e-16  2.28e-10
      O-O       ***  2.88e-10       ***  2.88e-10

Reactant = P2   Temperature = 1.6e+03 K

   P(atm)        W1        W2        P1      Loss
      0.1  1.64e-15  7.39e-11  6.33e-15  7.39e-11
        1  2.56e-15  1.15e-10  5.29e-15  1.15e-10
       10  3.34e-15  1.65e-10   3.8e-15  1.65e-10
      100  2.85e-15  2.29e-10  1.01e-15  2.29e-10
      O-O       ***  2.91e-10       ***  2.91e-10

Reactant = P2   Temperature = 1.7e+03 K

   P(atm)        W1        W2        P1      Loss
      0.1  2.67e-15   7.7e-11  1.07e-14  7.71e-11
        1  4.05e-15  1.19e-10  8.97e-15  1.19e-10
       10   5.2e-15  1.69e-10  6.47e-15  1.69e-10
      100  4.45e-15  2.33e-10  1.71e-15  2.33e-10
      O-O       ***  2.94e-10       ***  2.94e-10

Reactant = P2   Temperature = 1.8e+03 K

   P(atm)        W1        W2        P1      Loss
      0.1  4.38e-15   7.8e-11  1.67e-14   7.8e-11
        1  6.51e-15   1.2e-10   1.4e-14   1.2e-10
       10  8.18e-15   1.7e-10     1e-14   1.7e-10
      100  6.81e-15  2.34e-10  2.56e-15  2.34e-10
      O-O       ***  2.97e-10       ***  2.97e-10

Reactant = P2   Temperature = 1.9e+03 K

   P(atm)        W1        W2        P1      Loss
      0.1  6.59e-15  8.01e-11  2.56e-14  8.01e-11
        1  9.59e-15  1.23e-10  2.13e-14  1.23e-10
       10  1.19e-14  1.72e-10  1.52e-14  1.72e-10
      100  9.82e-15  2.37e-10  3.82e-15  2.37e-10
      O-O       ***  2.99e-10       ***  2.99e-10

Reactant = P2   Temperature = 2e+03 K

   P(atm)        W1        W2        P1      Loss
      0.1  9.49e-15  8.23e-11  3.77e-14  8.23e-11
        1  1.35e-14  1.25e-10  3.15e-14  1.25e-10
       10  1.65e-14  1.75e-10  2.24e-14  1.75e-10
      100  1.36e-14  2.39e-10  5.51e-15  2.39e-10
      O-O       ***  3.02e-10       ***  3.02e-10

______________________________________________________________________________________

Temperature-Species Rate Tables:

Reactant = W1   Pressure = 0.1 atm

   T(K)        W2        P1        P2      Loss   Capture
    500   1.1e+03  1.31e+09  3.29e+07  1.34e+09  8.83e+09
    600  1.62e+03   1.7e+09  3.52e+07  1.74e+09  9.88e+09
    700  2.23e+03  1.95e+09  3.76e+07  1.98e+09  1.01e+10
    800  2.48e+03  2.11e+09  4.12e+07  2.15e+09  9.93e+09
    900  3.08e+03  2.08e+09  4.28e+07  2.13e+09  9.46e+09
  1e+03  4.11e+03  2.03e+09  4.49e+07  2.07e+09  8.88e+09
1.1e+03  6.63e+03   1.9e+09  4.58e+07  1.94e+09  8.26e+09
1.2e+03  1.64e+04   1.8e+09  4.77e+07  1.84e+09  7.65e+09
1.3e+03  4.24e+04  1.67e+09  4.88e+07  1.72e+09  7.06e+09
1.4e+03  1.18e+05  1.54e+09  4.92e+07  1.59e+09  6.52e+09
1.5e+03  3.35e+05  1.44e+09  5.08e+07  1.49e+09  6.02e+09
1.6e+03  5.02e+05  1.35e+09   5.2e+07   1.4e+09  5.56e+09
1.7e+03  1.34e+06  1.23e+09  5.07e+07  1.29e+09  5.15e+09
1.8e+03  1.64e+06  1.16e+09  5.24e+07  1.21e+09  4.77e+09
1.9e+03  2.66e+06  1.07e+09  5.18e+07  1.13e+09  4.43e+09
  2e+03  4.02e+06   9.9e+08  5.05e+07  1.04e+09  4.13e+09

Reactant = W1   Pressure = 1 atm

   T(K)        W2        P1        P2      Loss   Capture
    500  4.95e+03  2.76e+09   6.2e+07  2.82e+09  8.83e+09
    600  7.52e+03  3.25e+09  6.49e+07  3.32e+09  9.88e+09
    700  1.35e+04  3.49e+09  6.79e+07  3.56e+09  1.01e+10
    800   2.5e+04  3.61e+09  7.25e+07  3.68e+09  9.93e+09
    900  5.51e+04  3.48e+09  7.45e+07  3.55e+09  9.46e+09
  1e+03  1.21e+05  3.31e+09  7.71e+07  3.39e+09  8.88e+09
1.1e+03  2.66e+05  3.07e+09   7.8e+07  3.15e+09  8.26e+09
1.2e+03  6.54e+05  2.87e+09  8.01e+07  2.95e+09  7.65e+09
1.3e+03  1.33e+06  2.65e+09  8.08e+07  2.73e+09  7.06e+09
1.4e+03  2.53e+06  2.42e+09  8.02e+07   2.5e+09  6.52e+09
1.5e+03  4.66e+06  2.26e+09  8.04e+07  2.34e+09  6.02e+09
1.6e+03  5.86e+06  2.09e+09   8.1e+07  2.18e+09  5.56e+09
1.7e+03  9.32e+06  1.91e+09  7.68e+07     2e+09  5.15e+09
1.8e+03  1.09e+07  1.78e+09  7.78e+07  1.87e+09  4.77e+09
1.9e+03  1.41e+07  1.65e+09  7.51e+07  1.74e+09  4.43e+09
  2e+03  1.75e+07  1.52e+09  7.17e+07  1.61e+09  4.13e+09

Reactant = W1   Pressure = 10 atm

   T(K)        W2        P1        P2      Loss   Capture
    500  6.69e+05  5.17e+09  1.08e+08  5.28e+09  8.83e+09
    600  9.29e+05  5.62e+09   1.1e+08  5.73e+09  9.88e+09
    700  1.49e+06  5.71e+09  1.13e+08  5.83e+09  1.01e+10
    800   2.3e+06  5.65e+09  1.16e+08  5.76e+09  9.93e+09
    900  3.61e+06  5.32e+09  1.17e+08  5.44e+09  9.46e+09
  1e+03  5.47e+06  4.97e+09  1.18e+08   5.1e+09  8.88e+09
1.1e+03   7.9e+06  4.57e+09  1.17e+08  4.69e+09  8.26e+09
1.2e+03  1.14e+07  4.21e+09  1.16e+08  4.34e+09  7.65e+09
1.3e+03   1.5e+07  3.86e+09  1.14e+08  3.99e+09  7.06e+09
1.4e+03  1.93e+07  3.52e+09   1.1e+08  3.65e+09  6.52e+09
1.5e+03  2.54e+07  3.25e+09  1.07e+08  3.38e+09  6.02e+09
1.6e+03  2.83e+07  2.99e+09  1.06e+08  3.13e+09  5.56e+09
1.7e+03  3.45e+07  2.74e+09  9.86e+07  2.87e+09  5.15e+09
1.8e+03  3.85e+07  2.54e+09  9.76e+07  2.67e+09  4.77e+09
1.9e+03  4.37e+07  2.34e+09  9.28e+07  2.47e+09  4.43e+09
  2e+03   4.9e+07  2.15e+09  8.75e+07  2.29e+09  4.13e+09

Reactant = W1   Pressure = 100 atm

   T(K)        W2        P1        P2      Loss   Capture
    500  6.09e+07  7.78e+09  9.84e+07  7.94e+09  8.83e+09
    600  6.23e+07   8.5e+09  1.09e+08  8.67e+09  9.88e+09
    700   6.6e+07  8.57e+09  1.12e+08  8.74e+09  1.01e+10
    800  7.04e+07  8.28e+09  1.15e+08  8.46e+09  9.93e+09
    900   7.6e+07  7.75e+09  1.14e+08  7.94e+09  9.46e+09
  1e+03  8.23e+07  7.17e+09  1.11e+08  7.37e+09  8.88e+09
1.1e+03  8.81e+07  6.57e+09  1.08e+08  6.77e+09  8.26e+09
1.2e+03  9.53e+07  6.01e+09  1.04e+08  6.21e+09  7.65e+09
1.3e+03  1.01e+08  5.49e+09  1.01e+08  5.69e+09  7.06e+09
1.4e+03  1.07e+08  5.01e+09  9.72e+07  5.21e+09  6.52e+09
1.5e+03  1.15e+08  4.58e+09  9.13e+07  4.79e+09  6.02e+09
1.6e+03  1.19e+08   4.2e+09  8.99e+07  4.41e+09  5.56e+09
1.7e+03  1.25e+08  3.86e+09  8.44e+07  4.07e+09  5.15e+09
1.8e+03   1.3e+08  3.55e+09  8.13e+07  3.76e+09  4.77e+09
1.9e+03  1.35e+08  3.27e+09  7.68e+07  3.48e+09  4.43e+09
  2e+03   1.4e+08  3.01e+09  7.23e+07  3.23e+09  4.13e+09

Reactant = W2   Pressure = 0.1 atm

   T(K)        W1        P1        P2      Loss   Capture
    500  5.57e-10     1e-10  2.44e+09  2.44e+09  1.82e+10
    600  1.53e-07  2.33e-08  3.08e+09  3.08e+09  1.89e+10
    700  9.73e-06   1.2e-06  3.48e+09  3.48e+09  1.81e+10
    800   0.00021     2e-05  3.45e+09  3.45e+09  1.67e+10
    900   0.00269   0.00021  3.32e+09  3.32e+09   1.5e+10
  1e+03    0.0224   0.00138   3.1e+09   3.1e+09  1.34e+10
1.1e+03     0.151   0.00649  2.82e+09  2.82e+09  1.19e+10
1.2e+03       1.1    0.0198  2.58e+09  2.58e+09  1.06e+10
1.3e+03      6.21    0.0288   2.3e+09   2.3e+09  9.36e+09
1.4e+03      32.1   -0.0598  2.06e+09  2.06e+09  8.31e+09
1.5e+03       153    -0.676  1.91e+09  1.91e+09   7.4e+09
1.6e+03       358     -1.81  1.69e+09  1.69e+09   6.6e+09
1.7e+03  1.41e+03     -3.94  1.56e+09  1.56e+09  5.91e+09
1.8e+03  2.45e+03     -8.37   1.4e+09   1.4e+09  5.31e+09
1.9e+03  5.41e+03     -6.74  1.29e+09  1.29e+09  4.78e+09
  2e+03  1.08e+04      20.1  1.18e+09  1.18e+09  4.32e+09

Reactant = W2   Pressure = 1 atm

   T(K)        W1        P1        P2      Loss   Capture
    500  1.07e-07  1.71e-08  5.19e+09  5.19e+09  1.82e+10
    600  1.75e-05  1.88e-06  5.92e+09  5.92e+09  1.89e+10
    700  0.000881  6.73e-05  6.24e+09  6.24e+09  1.81e+10
    800    0.0169  0.000938  5.96e+09  5.96e+09  1.67e+10
    900     0.199   0.00877  5.57e+09  5.57e+09   1.5e+10
  1e+03      1.54    0.0537   5.1e+09   5.1e+09  1.34e+10
1.1e+03      9.23     0.246  4.57e+09  4.57e+09  1.19e+10
1.2e+03      51.5     0.882  4.12e+09  4.12e+09  1.06e+10
1.3e+03       208      2.48  3.65e+09  3.65e+09  9.36e+09
1.4e+03       708      6.68  3.25e+09  3.25e+09  8.31e+09
1.5e+03  2.15e+03      18.7  2.98e+09  2.98e+09   7.4e+09
1.6e+03  4.21e+03      35.1  2.62e+09  2.62e+09   6.6e+09
1.7e+03  9.88e+03      98.2   2.4e+09   2.4e+09  5.91e+09
1.8e+03  1.64e+04       172  2.15e+09  2.15e+09  5.31e+09
1.9e+03  2.87e+04       362  1.96e+09  1.96e+09  4.78e+09
  2e+03  4.71e+04       733  1.79e+09  1.79e+09  4.32e+09

Reactant = W2   Pressure = 10 atm

   T(K)        W1        P1        P2      Loss   Capture
    500  0.000195  4.87e-05  9.55e+09  9.55e+09  1.82e+10
    600   0.00999   0.00226     1e+10     1e+10  1.89e+10
    700     0.208    0.0403  9.95e+09  9.95e+09  1.81e+10
    800      2.18     0.345  9.23e+09  9.23e+09  1.67e+10
    900        15      2.09  8.42e+09  8.42e+09   1.5e+10
  1e+03      74.3      9.02  7.57e+09  7.57e+09  1.34e+10
1.1e+03       281      30.9  6.71e+09  6.71e+09  1.19e+10
1.2e+03       908      88.1  5.98e+09  5.98e+09  1.06e+10
1.3e+03  2.35e+03       210  5.28e+09  5.28e+09  9.36e+09
1.4e+03   5.4e+03       463  4.68e+09  4.68e+09  8.31e+09
1.5e+03  1.18e+04       975  4.23e+09  4.23e+09   7.4e+09
1.6e+03  2.04e+04  1.64e+03  3.74e+09  3.74e+09   6.6e+09
1.7e+03  3.66e+04  3.07e+03  3.39e+09  3.39e+09  5.91e+09
1.8e+03  5.76e+04   4.8e+03  3.04e+09  3.04e+09  5.31e+09
1.9e+03  8.92e+04  7.77e+03  2.75e+09  2.75e+09  4.78e+09
  2e+03  1.32e+05  1.22e+04   2.5e+09   2.5e+09  4.32e+09

Reactant = W2   Pressure = 100 atm

   T(K)        W1        P1        P2      Loss   Capture
    500    0.0181    0.0017  1.54e+10  1.54e+10  1.82e+10
    600     0.681    0.0838  1.56e+10  1.56e+10  1.89e+10
    700      9.32      1.34  1.49e+10  1.49e+10  1.81e+10
    800      67.1      10.1  1.36e+10  1.36e+10  1.67e+10
    900       318      51.1  1.22e+10  1.22e+10   1.5e+10
  1e+03  1.12e+03       185  1.08e+10  1.08e+10  1.34e+10
1.1e+03  3.14e+03       538  9.53e+09  9.53e+09  1.19e+10
1.2e+03  7.58e+03  1.29e+03  8.41e+09  8.41e+09  1.06e+10
1.3e+03  1.58e+04  2.72e+03  7.42e+09  7.42e+09  9.36e+09
1.4e+03  2.99e+04  5.24e+03  6.57e+09  6.57e+09  8.31e+09
1.5e+03  5.33e+04  9.18e+03  5.86e+09  5.86e+09   7.4e+09
1.6e+03  8.54e+04  1.45e+04  5.21e+09  5.21e+09   6.6e+09
1.7e+03  1.33e+05  2.34e+04  4.69e+09  4.69e+09  5.91e+09
1.8e+03  1.95e+05  3.31e+04  4.19e+09  4.19e+09  5.31e+09
1.9e+03  2.77e+05  4.74e+04  3.78e+09  3.78e+09  4.78e+09
  2e+03  3.79e+05  6.58e+04  3.42e+09  3.42e+09  4.32e+09

Reactant = P1   Pressure = 0.1 atm

   T(K)        W1        W2        P2      Loss   Capture
    500  3.69e-11  3.61e-17  3.98e-12  4.09e-11  2.45e-10
    600  4.42e-11  5.15e-17   4.1e-12  4.83e-11  2.52e-10
    700  5.06e-11  7.06e-17   4.4e-12   5.5e-11  2.59e-10
    800  5.74e-11  9.95e-17   4.8e-12  6.22e-11  2.65e-10
    900  6.07e-11  1.23e-16  5.34e-12   6.6e-11   2.7e-10
  1e+03  6.41e-11  1.55e-16  5.96e-12  7.01e-11  2.75e-10
1.1e+03  6.58e-11  1.86e-16   6.7e-12  7.25e-11  2.79e-10
1.2e+03  6.85e-11   2.5e-16  7.46e-12   7.6e-11  2.83e-10
1.3e+03  7.02e-11  3.45e-16  8.32e-12  7.85e-11  2.87e-10
1.4e+03  7.11e-11  5.11e-16  9.28e-12  8.04e-11  2.91e-10
1.5e+03  7.35e-11  8.74e-16  1.02e-11  8.37e-11  2.94e-10
1.6e+03  7.53e-11  1.17e-15  1.12e-11  8.65e-11  2.97e-10
1.7e+03  7.57e-11  1.66e-15  1.25e-11  8.82e-11     3e-10
1.8e+03  7.77e-11  2.62e-15  1.35e-11  9.12e-11  3.03e-10
1.9e+03  7.85e-11  3.97e-15  1.47e-11  9.32e-11  3.06e-10
  2e+03   7.9e-11  6.22e-15   1.6e-11  9.51e-11  3.08e-10

Reactant = P1   Pressure = 1 atm

   T(K)        W1        W2        P2      Loss   Capture
    500  7.81e-11  1.49e-16  3.18e-12  8.13e-11  2.45e-10
    600  8.47e-11  1.92e-16  3.34e-12   8.8e-11  2.52e-10
    700   9.1e-11  2.49e-16  3.63e-12  9.46e-11  2.59e-10
    800  9.84e-11  3.39e-16  3.96e-12  1.02e-10  2.65e-10
    900  1.02e-10  4.34e-16  4.43e-12  1.06e-10   2.7e-10
  1e+03  1.05e-10  5.79e-16  4.95e-12   1.1e-10  2.75e-10
1.1e+03  1.07e-10   7.7e-16  5.59e-12  1.13e-10  2.79e-10
1.2e+03   1.1e-10  1.09e-15  6.22e-12  1.16e-10  2.83e-10
1.3e+03  1.12e-10  1.49e-15  6.95e-12  1.19e-10  2.87e-10
1.4e+03  1.12e-10  2.12e-15  7.78e-12   1.2e-10  2.91e-10
1.5e+03  1.15e-10  3.38e-15  8.54e-12  1.24e-10  2.94e-10
1.6e+03  1.17e-10  4.31e-15  9.37e-12  1.27e-10  2.97e-10
1.7e+03  1.18e-10  7.22e-15  1.05e-11  1.28e-10     3e-10
1.8e+03   1.2e-10  9.94e-15  1.12e-11  1.31e-10  3.03e-10
1.9e+03  1.21e-10  1.56e-14  1.23e-11  1.33e-10  3.06e-10
  2e+03  1.22e-10  2.47e-14  1.34e-11  1.35e-10  3.08e-10

Reactant = P1   Pressure = 10 atm

   T(K)        W1        W2        P2      Loss   Capture
    500  1.46e-10   5.1e-15  1.88e-12  1.48e-10  2.45e-10
    600  1.46e-10  5.92e-15  2.15e-12  1.49e-10  2.52e-10
    700  1.49e-10  8.07e-15  2.44e-12  1.51e-10  2.59e-10
    800  1.54e-10  1.07e-14  2.72e-12  1.57e-10  2.65e-10
    900  1.56e-10  1.55e-14   3.1e-12  1.59e-10   2.7e-10
  1e+03  1.58e-10  2.21e-14   3.5e-12  1.62e-10  2.75e-10
1.1e+03  1.59e-10  3.13e-14     4e-12  1.63e-10  2.79e-10
1.2e+03  1.61e-10  4.37e-14  4.46e-12  1.66e-10  2.83e-10
1.3e+03  1.63e-10   5.8e-14     5e-12  1.68e-10  2.87e-10
1.4e+03  1.63e-10  7.85e-14  5.62e-12  1.69e-10  2.91e-10
1.5e+03  1.66e-10  1.09e-13  6.14e-12  1.72e-10  2.94e-10
1.6e+03  1.68e-10   1.3e-13  6.73e-12  1.75e-10  2.97e-10
1.7e+03  1.69e-10   1.8e-13  7.56e-12  1.76e-10     3e-10
1.8e+03  1.71e-10  2.18e-13  8.04e-12  1.79e-10  3.03e-10
1.9e+03  1.72e-10  2.82e-13  8.77e-12  1.81e-10  3.06e-10
  2e+03  1.73e-10  3.65e-13  9.54e-12  1.82e-10  3.08e-10

Reactant = P1   Pressure = 100 atm

   T(K)        W1        W2        P2      Loss   Capture
    500   2.2e-10  1.63e-13  3.11e-13  2.21e-10  2.45e-10
    600  2.21e-10     2e-13  4.36e-13  2.22e-10  2.52e-10
    700  2.23e-10  2.47e-13   5.6e-13  2.24e-10  2.59e-10
    800  2.26e-10   2.9e-13  6.69e-13  2.27e-10  2.65e-10
    900  2.27e-10  3.58e-13  8.03e-13  2.28e-10   2.7e-10
  1e+03  2.28e-10  4.32e-13   9.3e-13  2.29e-10  2.75e-10
1.1e+03  2.29e-10  5.26e-13  1.08e-12   2.3e-10  2.79e-10
1.2e+03   2.3e-10  6.24e-13  1.21e-12  2.32e-10  2.83e-10
1.3e+03  2.32e-10  7.33e-13  1.37e-12  2.34e-10  2.87e-10
1.4e+03  2.33e-10   8.7e-13  1.54e-12  2.35e-10  2.91e-10
1.5e+03  2.34e-10  1.01e-12  1.64e-12  2.37e-10  2.94e-10
1.6e+03  2.36e-10  1.13e-12  1.79e-12  2.39e-10  2.97e-10
1.7e+03  2.38e-10  1.36e-12  1.99e-12  2.41e-10     3e-10
1.8e+03  2.39e-10  1.49e-12  2.06e-12  2.42e-10  3.03e-10
1.9e+03   2.4e-10  1.71e-12   2.2e-12  2.44e-10  3.06e-10
  2e+03  2.42e-10  1.96e-12  2.34e-12  2.46e-10  3.08e-10

Reactant = P2   Pressure = 0.1 atm

   T(K)        W1        W2        P1      Loss   Capture
    500  1.28e-22  3.19e-11   5.5e-22  3.19e-11   2.4e-10
    600  5.03e-21  4.01e-11  2.25e-20  4.01e-11  2.47e-10
    700  7.42e-20  4.85e-11  3.34e-19  4.85e-11  2.53e-10
    800  6.08e-19  5.33e-11   2.6e-18  5.33e-11  2.59e-10
    900  3.13e-18   5.8e-11  1.34e-17   5.8e-11  2.64e-10
  1e+03  1.22e-17  6.18e-11  5.11e-17  6.18e-11  2.69e-10
1.1e+03  3.73e-17  6.42e-11  1.57e-16  6.42e-11  2.73e-10
1.2e+03  9.92e-17  6.73e-11  4.06e-16  6.73e-11  2.77e-10
1.3e+03  2.28e-16  6.86e-11  9.27e-16  6.86e-11  2.81e-10
1.4e+03  4.69e-16  7.01e-11  1.91e-15  7.01e-11  2.84e-10
1.5e+03  9.11e-16  7.39e-11   3.6e-15  7.39e-11  2.88e-10
1.6e+03  1.64e-15  7.39e-11  6.33e-15  7.39e-11  2.91e-10
1.7e+03  2.67e-15   7.7e-11  1.07e-14  7.71e-11  2.94e-10
1.8e+03  4.38e-15   7.8e-11  1.67e-14   7.8e-11  2.97e-10
1.9e+03  6.59e-15  8.01e-11  2.56e-14  8.01e-11  2.99e-10
  2e+03  9.49e-15  8.23e-11  3.77e-14  8.23e-11  3.02e-10

Reactant = P2   Pressure = 1 atm

   T(K)        W1        W2        P1      Loss   Capture
    500  2.42e-22  6.82e-11  4.38e-22  6.82e-11   2.4e-10
    600  9.28e-21  7.74e-11  1.83e-20  7.74e-11  2.47e-10
    700  1.34e-19  8.72e-11  2.75e-19  8.72e-11  2.53e-10
    800  1.07e-18  9.24e-11  2.15e-18  9.24e-11  2.59e-10
    900  5.47e-18  9.78e-11  1.11e-17  9.78e-11  2.64e-10
  1e+03   2.1e-17  1.02e-10  4.25e-17  1.02e-10  2.69e-10
1.1e+03  6.38e-17  1.05e-10  1.31e-16  1.05e-10  2.73e-10
1.2e+03  1.67e-16  1.08e-10  3.39e-16  1.08e-10  2.77e-10
1.3e+03   3.8e-16  1.09e-10  7.75e-16  1.09e-10  2.81e-10
1.4e+03  7.68e-16  1.11e-10   1.6e-15  1.11e-10  2.84e-10
1.5e+03  1.45e-15  1.16e-10  3.01e-15  1.16e-10  2.88e-10
1.6e+03  2.56e-15  1.15e-10  5.29e-15  1.15e-10  2.91e-10
1.7e+03  4.05e-15  1.19e-10  8.97e-15  1.19e-10  2.94e-10
1.8e+03  6.51e-15   1.2e-10   1.4e-14   1.2e-10  2.97e-10
1.9e+03  9.59e-15  1.23e-10  2.13e-14  1.23e-10  2.99e-10
  2e+03  1.35e-14  1.25e-10  3.15e-14  1.25e-10  3.02e-10

Reactant = P2   Pressure = 10 atm

   T(K)        W1        W2        P1      Loss   Capture
    500  4.21e-22  1.26e-10   2.6e-22  1.26e-10   2.4e-10
    600  1.58e-20  1.31e-10  1.18e-20  1.31e-10  2.47e-10
    700  2.22e-19  1.39e-10  1.85e-19  1.39e-10  2.53e-10
    800  1.72e-18  1.43e-10  1.47e-18  1.43e-10  2.59e-10
    900   8.6e-18  1.48e-10   7.8e-18  1.48e-10  2.64e-10
  1e+03  3.22e-17  1.52e-10     3e-17  1.52e-10  2.69e-10
1.1e+03  9.54e-17  1.54e-10  9.38e-17  1.54e-10  2.73e-10
1.2e+03  2.42e-16  1.57e-10  2.43e-16  1.57e-10  2.77e-10
1.3e+03  5.35e-16  1.58e-10  5.57e-16  1.58e-10  2.81e-10
1.4e+03  1.05e-15   1.6e-10  1.16e-15   1.6e-10  2.84e-10
1.5e+03  1.92e-15  1.64e-10  2.16e-15  1.64e-10  2.88e-10
1.6e+03  3.34e-15  1.65e-10   3.8e-15  1.65e-10  2.91e-10
1.7e+03   5.2e-15  1.69e-10  6.47e-15  1.69e-10  2.94e-10
1.8e+03  8.18e-15   1.7e-10     1e-14   1.7e-10  2.97e-10
1.9e+03  1.19e-14  1.72e-10  1.52e-14  1.72e-10  2.99e-10
  2e+03  1.65e-14  1.75e-10  2.24e-14  1.75e-10  3.02e-10

Reactant = P2   Pressure = 100 atm

   T(K)        W1        W2        P1      Loss   Capture
    500  3.85e-22  2.02e-10   4.3e-23  2.02e-10   2.4e-10
    600  1.55e-20  2.04e-10  2.39e-21  2.04e-10  2.47e-10
    700  2.22e-19  2.09e-10  4.25e-20  2.09e-10  2.53e-10
    800   1.7e-18  2.11e-10  3.63e-19  2.11e-10  2.59e-10
    900  8.34e-18  2.14e-10  2.02e-18  2.14e-10  2.64e-10
  1e+03  3.04e-17  2.16e-10  7.98e-18  2.16e-10  2.69e-10
1.1e+03  8.86e-17  2.18e-10  2.55e-17  2.18e-10  2.73e-10
1.2e+03  2.18e-16  2.21e-10  6.61e-17  2.21e-10  2.77e-10
1.3e+03  4.76e-16  2.23e-10  1.52e-16  2.23e-10  2.81e-10
1.4e+03  9.31e-16  2.25e-10  3.17e-16  2.25e-10  2.84e-10
1.5e+03  1.64e-15  2.28e-10  5.77e-16  2.28e-10  2.88e-10
1.6e+03  2.85e-15  2.29e-10  1.01e-15  2.29e-10  2.91e-10
1.7e+03  4.45e-15  2.33e-10  1.71e-15  2.33e-10  2.94e-10
1.8e+03  6.81e-15  2.34e-10  2.56e-15  2.34e-10  2.97e-10
1.9e+03  9.82e-15  2.37e-10  3.82e-15  2.37e-10  2.99e-10
  2e+03  1.36e-14  2.39e-10  5.51e-15  2.39e-10  3.02e-10

______________________________________________________________________________________

Temperature-Pressure Rate Tables:

W1->W2

P\T           500       600       700       800       900     1e+03   1.1e+03   1.2e+03   1.3e+03   1.4e+03   1.5e+03   1.6e+03   1.7e+03   1.8e+03   1.9e+03     2e+03
0.1       1.1e+03  1.62e+03  2.23e+03  2.48e+03  3.08e+03  4.11e+03  6.63e+03  1.64e+04  4.24e+04  1.18e+05  3.35e+05  5.02e+05  1.34e+06  1.64e+06  2.66e+06  4.02e+06
1        4.95e+03  7.52e+03  1.35e+04   2.5e+04  5.51e+04  1.21e+05  2.66e+05  6.54e+05  1.33e+06  2.53e+06  4.66e+06  5.86e+06  9.32e+06  1.09e+07  1.41e+07  1.75e+07
10       6.69e+05  9.29e+05  1.49e+06   2.3e+06  3.61e+06  5.47e+06   7.9e+06  1.14e+07   1.5e+07  1.93e+07  2.54e+07  2.83e+07  3.45e+07  3.85e+07  4.37e+07   4.9e+07
100      6.09e+07  6.23e+07   6.6e+07  7.04e+07   7.6e+07  8.23e+07  8.81e+07  9.53e+07  1.01e+08  1.07e+08  1.15e+08  1.19e+08  1.25e+08   1.3e+08  1.35e+08   1.4e+08
O-O      1.77e+08  1.96e+08  2.11e+08  2.23e+08  2.33e+08  2.41e+08  2.49e+08  2.55e+08   2.6e+08  2.65e+08  2.69e+08  2.72e+08  2.75e+08  2.77e+08  2.79e+08  2.81e+08

W1->P1

P\T           500       600       700       800       900     1e+03   1.1e+03   1.2e+03   1.3e+03   1.4e+03   1.5e+03   1.6e+03   1.7e+03   1.8e+03   1.9e+03     2e+03
0.1      1.31e+09   1.7e+09  1.95e+09  2.11e+09  2.08e+09  2.03e+09   1.9e+09   1.8e+09  1.67e+09  1.54e+09  1.44e+09  1.35e+09  1.23e+09  1.16e+09  1.07e+09   9.9e+08
1        2.76e+09  3.25e+09  3.49e+09  3.61e+09  3.48e+09  3.31e+09  3.07e+09  2.87e+09  2.65e+09  2.42e+09  2.26e+09  2.09e+09  1.91e+09  1.78e+09  1.65e+09  1.52e+09
10       5.17e+09  5.62e+09  5.71e+09  5.65e+09  5.32e+09  4.97e+09  4.57e+09  4.21e+09  3.86e+09  3.52e+09  3.25e+09  2.99e+09  2.74e+09  2.54e+09  2.34e+09  2.15e+09
100      7.78e+09   8.5e+09  8.57e+09  8.28e+09  7.75e+09  7.17e+09  6.57e+09  6.01e+09  5.49e+09  5.01e+09  4.58e+09   4.2e+09  3.86e+09  3.55e+09  3.27e+09  3.01e+09
O-O      8.65e+09  9.69e+09  9.93e+09  9.71e+09  9.23e+09  8.64e+09  8.01e+09  7.39e+09   6.8e+09  6.25e+09  5.75e+09  5.29e+09  4.87e+09   4.5e+09  4.16e+09  3.85e+09

W1->P2

P\T           500       600       700       800       900     1e+03   1.1e+03   1.2e+03   1.3e+03   1.4e+03   1.5e+03   1.6e+03   1.7e+03   1.8e+03   1.9e+03     2e+03
0.1      3.29e+07  3.52e+07  3.76e+07  4.12e+07  4.28e+07  4.49e+07  4.58e+07  4.77e+07  4.88e+07  4.92e+07  5.08e+07   5.2e+07  5.07e+07  5.24e+07  5.18e+07  5.05e+07
1         6.2e+07  6.49e+07  6.79e+07  7.25e+07  7.45e+07  7.71e+07   7.8e+07  8.01e+07  8.08e+07  8.02e+07  8.04e+07   8.1e+07  7.68e+07  7.78e+07  7.51e+07  7.17e+07
10       1.08e+08   1.1e+08  1.13e+08  1.16e+08  1.17e+08  1.18e+08  1.17e+08  1.16e+08  1.14e+08   1.1e+08  1.07e+08  1.06e+08  9.86e+07  9.76e+07  9.28e+07  8.75e+07
100      9.84e+07  1.09e+08  1.12e+08  1.15e+08  1.14e+08  1.11e+08  1.08e+08  1.04e+08  1.01e+08  9.72e+07  9.13e+07  8.99e+07  8.44e+07  8.13e+07  7.68e+07  7.23e+07
O-O           ***       ***       ***       ***       ***       ***       ***       ***       ***       ***       ***       ***       ***       ***       ***       ***

W2->W1

P\T           500       600       700       800       900     1e+03   1.1e+03   1.2e+03   1.3e+03   1.4e+03   1.5e+03   1.6e+03   1.7e+03   1.8e+03   1.9e+03     2e+03
0.1      5.57e-10  1.53e-07  9.73e-06   0.00021   0.00269    0.0224     0.151       1.1      6.21      32.1       153       358  1.41e+03  2.45e+03  5.41e+03  1.08e+04
1        1.07e-07  1.75e-05  0.000881    0.0169     0.199      1.54      9.23      51.5       208       708  2.15e+03  4.21e+03  9.88e+03  1.64e+04  2.87e+04  4.71e+04
10       0.000195   0.00999     0.208      2.18        15      74.3       281       908  2.35e+03   5.4e+03  1.18e+04  2.04e+04  3.66e+04  5.76e+04  8.92e+04  1.32e+05
100        0.0181     0.681      9.32      67.1       318  1.12e+03  3.14e+03  7.58e+03  1.58e+04  2.99e+04  5.33e+04  8.54e+04  1.33e+05  1.95e+05  2.77e+05  3.79e+05
O-O        0.0526      2.15      29.8       213       975  3.29e+03  8.87e+03  2.03e+04  4.08e+04  7.41e+04  1.24e+05  1.96e+05  2.92e+05  4.16e+05   5.7e+05  7.58e+05

W2->P1

P\T           500       600       700       800       900     1e+03   1.1e+03   1.2e+03   1.3e+03   1.4e+03   1.5e+03   1.6e+03   1.7e+03   1.8e+03   1.9e+03     2e+03
0.1         1e-10  2.33e-08   1.2e-06     2e-05   0.00021   0.00138   0.00649    0.0198    0.0288   -0.0598    -0.676     -1.81     -3.94     -8.37     -6.74      20.1
1        1.71e-08  1.88e-06  6.73e-05  0.000938   0.00877    0.0537     0.246     0.882      2.48      6.68      18.7      35.1      98.2       172       362       733
10       4.87e-05   0.00226    0.0403     0.345      2.09      9.02      30.9      88.1       210       463       975  1.64e+03  3.07e+03   4.8e+03  7.77e+03  1.22e+04
100        0.0017    0.0838      1.34      10.1      51.1       185       538  1.29e+03  2.72e+03  5.24e+03  9.18e+03  1.45e+04  2.34e+04  3.31e+04  4.74e+04  6.58e+04
O-O           ***       ***       ***       ***       ***       ***       ***       ***       ***       ***       ***       ***       ***       ***       ***       ***

W2->P2

P\T           500       600       700       800       900     1e+03   1.1e+03   1.2e+03   1.3e+03   1.4e+03   1.5e+03   1.6e+03   1.7e+03   1.8e+03   1.9e+03     2e+03
0.1      2.44e+09  3.08e+09  3.48e+09  3.45e+09  3.32e+09   3.1e+09  2.82e+09  2.58e+09   2.3e+09  2.06e+09  1.91e+09  1.69e+09  1.56e+09   1.4e+09  1.29e+09  1.18e+09
1        5.19e+09  5.92e+09  6.24e+09  5.96e+09  5.57e+09   5.1e+09  4.57e+09  4.12e+09  3.65e+09  3.25e+09  2.98e+09  2.62e+09   2.4e+09  2.15e+09  1.96e+09  1.79e+09
10       9.55e+09     1e+10  9.95e+09  9.23e+09  8.42e+09  7.57e+09  6.71e+09  5.98e+09  5.28e+09  4.68e+09  4.23e+09  3.74e+09  3.39e+09  3.04e+09  2.75e+09   2.5e+09
100      1.54e+10  1.56e+10  1.49e+10  1.36e+10  1.22e+10  1.08e+10  9.53e+09  8.41e+09  7.42e+09  6.57e+09  5.86e+09  5.21e+09  4.69e+09  4.19e+09  3.78e+09  3.42e+09
O-O      1.82e+10  1.89e+10  1.81e+10  1.67e+10   1.5e+10  1.34e+10  1.19e+10  1.06e+10  9.36e+09  8.31e+09   7.4e+09   6.6e+09  5.91e+09  5.31e+09  4.78e+09  4.32e+09

P1->W1

P\T           500       600       700       800       900     1e+03   1.1e+03   1.2e+03   1.3e+03   1.4e+03   1.5e+03   1.6e+03   1.7e+03   1.8e+03   1.9e+03     2e+03
0.1      3.69e-11  4.42e-11  5.06e-11  5.74e-11  6.07e-11  6.41e-11  6.58e-11  6.85e-11  7.02e-11  7.11e-11  7.35e-11  7.53e-11  7.57e-11  7.77e-11  7.85e-11   7.9e-11
1        7.81e-11  8.47e-11   9.1e-11  9.84e-11  1.02e-10  1.05e-10  1.07e-10   1.1e-10  1.12e-10  1.12e-10  1.15e-10  1.17e-10  1.18e-10   1.2e-10  1.21e-10  1.22e-10
10       1.46e-10  1.46e-10  1.49e-10  1.54e-10  1.56e-10  1.58e-10  1.59e-10  1.61e-10  1.63e-10  1.63e-10  1.66e-10  1.68e-10  1.69e-10  1.71e-10  1.72e-10  1.73e-10
100       2.2e-10  2.21e-10  2.23e-10  2.26e-10  2.27e-10  2.28e-10  2.29e-10   2.3e-10  2.32e-10  2.33e-10  2.34e-10  2.36e-10  2.38e-10  2.39e-10   2.4e-10  2.42e-10
O-O      2.45e-10  2.52e-10  2.59e-10  2.65e-10   2.7e-10  2.75e-10  2.79e-10  2.83e-10  2.87e-10  2.91e-10  2.94e-10  2.97e-10     3e-10  3.03e-10  3.06e-10  3.08e-10

P1->W2

P\T           500       600       700       800       900     1e+03   1.1e+03   1.2e+03   1.3e+03   1.4e+03   1.5e+03   1.6e+03   1.7e+03   1.8e+03   1.9e+03     2e+03
0.1      3.61e-17  5.15e-17  7.06e-17  9.95e-17  1.23e-16  1.55e-16  1.86e-16   2.5e-16  3.45e-16  5.11e-16  8.74e-16  1.17e-15  1.66e-15  2.62e-15  3.97e-15  6.22e-15
1        1.49e-16  1.92e-16  2.49e-16  3.39e-16  4.34e-16  5.79e-16   7.7e-16  1.09e-15  1.49e-15  2.12e-15  3.38e-15  4.31e-15  7.22e-15  9.94e-15  1.56e-14  2.47e-14
10        5.1e-15  5.92e-15  8.07e-15  1.07e-14  1.55e-14  2.21e-14  3.13e-14  4.37e-14   5.8e-14  7.85e-14  1.09e-13   1.3e-13   1.8e-13  2.18e-13  2.82e-13  3.65e-13
100      1.63e-13     2e-13  2.47e-13   2.9e-13  3.58e-13  4.32e-13  5.26e-13  6.24e-13  7.33e-13   8.7e-13  1.01e-12  1.13e-12  1.36e-12  1.49e-12  1.71e-12  1.96e-12
O-O           ***       ***       ***       ***       ***       ***       ***       ***       ***       ***       ***       ***       ***       ***       ***       ***

P1->P2

P\T           500       600       700       800       900     1e+03   1.1e+03   1.2e+03   1.3e+03   1.4e+03   1.5e+03   1.6e+03   1.7e+03   1.8e+03   1.9e+03     2e+03
0.1      3.98e-12   4.1e-12   4.4e-12   4.8e-12  5.34e-12  5.96e-12   6.7e-12  7.46e-12  8.32e-12  9.28e-12  1.02e-11  1.12e-11  1.25e-11  1.35e-11  1.47e-11   1.6e-11
1        3.18e-12  3.34e-12  3.63e-12  3.96e-12  4.43e-12  4.95e-12  5.59e-12  6.22e-12  6.95e-12  7.78e-12  8.54e-12  9.37e-12  1.05e-11  1.12e-11  1.23e-11  1.34e-11
10       1.88e-12  2.15e-12  2.44e-12  2.72e-12   3.1e-12   3.5e-12     4e-12  4.46e-12     5e-12  5.62e-12  6.14e-12  6.73e-12  7.56e-12  8.04e-12  8.77e-12  9.54e-12
100      3.11e-13  4.36e-13   5.6e-13  6.69e-13  8.03e-13   9.3e-13  1.08e-12  1.21e-12  1.37e-12  1.54e-12  1.64e-12  1.79e-12  1.99e-12  2.06e-12   2.2e-12  2.34e-12
O-O           ***       ***       ***       ***       ***       ***       ***       ***       ***       ***       ***       ***       ***       ***       ***       ***

P2->W1

P\T           500       600       700       800       900     1e+03   1.1e+03   1.2e+03   1.3e+03   1.4e+03   1.5e+03   1.6e+03   1.7e+03   1.8e+03   1.9e+03     2e+03
0.1      1.28e-22  5.03e-21  7.42e-20  6.08e-19  3.13e-18  1.22e-17  3.73e-17  9.92e-17  2.28e-16  4.69e-16  9.11e-16  1.64e-15  2.67e-15  4.38e-15  6.59e-15  9.49e-15
1        2.42e-22  9.28e-21  1.34e-19  1.07e-18  5.47e-18   2.1e-17  6.38e-17  1.67e-16   3.8e-16  7.68e-16  1.45e-15  2.56e-15  4.05e-15  6.51e-15  9.59e-15  1.35e-14
10       4.21e-22  1.58e-20  2.22e-19  1.72e-18   8.6e-18  3.22e-17  9.54e-17  2.42e-16  5.35e-16  1.05e-15  1.92e-15  3.34e-15   5.2e-15  8.18e-15  1.19e-14  1.65e-14
100      3.85e-22  1.55e-20  2.22e-19   1.7e-18  8.34e-18  3.04e-17  8.86e-17  2.18e-16  4.76e-16  9.31e-16  1.64e-15  2.85e-15  4.45e-15  6.81e-15  9.82e-15  1.36e-14
O-O           ***       ***       ***       ***       ***       ***       ***       ***       ***       ***       ***       ***       ***       ***       ***       ***

P2->W2

P\T           500       600       700       800       900     1e+03   1.1e+03   1.2e+03   1.3e+03   1.4e+03   1.5e+03   1.6e+03   1.7e+03   1.8e+03   1.9e+03     2e+03
0.1      3.19e-11  4.01e-11  4.85e-11  5.33e-11   5.8e-11  6.18e-11  6.42e-11  6.73e-11  6.86e-11  7.01e-11  7.39e-11  7.39e-11   7.7e-11   7.8e-11  8.01e-11  8.23e-11
1        6.82e-11  7.74e-11  8.72e-11  9.24e-11  9.78e-11  1.02e-10  1.05e-10  1.08e-10  1.09e-10  1.11e-10  1.16e-10  1.15e-10  1.19e-10   1.2e-10  1.23e-10  1.25e-10
10       1.26e-10  1.31e-10  1.39e-10  1.43e-10  1.48e-10  1.52e-10  1.54e-10  1.57e-10  1.58e-10   1.6e-10  1.64e-10  1.65e-10  1.69e-10   1.7e-10  1.72e-10  1.75e-10
100      2.02e-10  2.04e-10  2.09e-10  2.11e-10  2.14e-10  2.16e-10  2.18e-10  2.21e-10  2.23e-10  2.25e-10  2.28e-10  2.29e-10  2.33e-10  2.34e-10  2.37e-10  2.39e-10
O-O       2.4e-10  2.47e-10  2.53e-10  2.59e-10  2.64e-10  2.69e-10  2.73e-10  2.77e-10  2.81e-10  2.84e-10  2.88e-10  2.91e-10  2.94e-10  2.97e-10  2.99e-10  3.02e-10

P2->P1

P\T           500       600       700       800       900     1e+03   1.1e+03   1.2e+03   1.3e+03   1.4e+03   1.5e+03   1.6e+03   1.7e+03   1.8e+03   1.9e+03     2e+03
0.1       5.5e-22  2.25e-20  3.34e-19   2.6e-18  1.34e-17  5.11e-17  1.57e-16  4.06e-16  9.27e-16  1.91e-15   3.6e-15  6.33e-15  1.07e-14  1.67e-14  2.56e-14  3.77e-14
1        4.38e-22  1.83e-20  2.75e-19  2.15e-18  1.11e-17  4.25e-17  1.31e-16  3.39e-16  7.75e-16   1.6e-15  3.01e-15  5.29e-15  8.97e-15   1.4e-14  2.13e-14  3.15e-14
10        2.6e-22  1.18e-20  1.85e-19  1.47e-18   7.8e-18     3e-17  9.38e-17  2.43e-16  5.57e-16  1.16e-15  2.16e-15   3.8e-15  6.47e-15     1e-14  1.52e-14  2.24e-14
100       4.3e-23  2.39e-21  4.25e-20  3.63e-19  2.02e-18  7.98e-18  2.55e-17  6.61e-17  1.52e-16  3.17e-16  5.77e-16  1.01e-15  1.71e-15  2.56e-15  3.82e-15  5.51e-15
O-O           ***       ***       ***       ***       ***       ***       ***       ***       ***       ***       ***       ***       ***       ***       ***       ***

W1-> 

P\T           500       600       700       800       900     1e+03   1.1e+03   1.2e+03   1.3e+03   1.4e+03   1.5e+03   1.6e+03   1.7e+03   1.8e+03   1.9e+03     2e+03
0.1      1.34e+09  1.74e+09  1.98e+09  2.15e+09  2.13e+09  2.07e+09  1.94e+09  1.84e+09  1.72e+09  1.59e+09  1.49e+09   1.4e+09  1.29e+09  1.21e+09  1.13e+09  1.04e+09
1        2.82e+09  3.32e+09  3.56e+09  3.68e+09  3.55e+09  3.39e+09  3.15e+09  2.95e+09  2.73e+09   2.5e+09  2.34e+09  2.18e+09     2e+09  1.87e+09  1.74e+09  1.61e+09
10       5.28e+09  5.73e+09  5.83e+09  5.76e+09  5.44e+09   5.1e+09  4.69e+09  4.34e+09  3.99e+09  3.65e+09  3.38e+09  3.13e+09  2.87e+09  2.67e+09  2.47e+09  2.29e+09
100      7.94e+09  8.67e+09  8.74e+09  8.46e+09  7.94e+09  7.37e+09  6.77e+09  6.21e+09  5.69e+09  5.21e+09  4.79e+09  4.41e+09  4.07e+09  3.76e+09  3.48e+09  3.23e+09
O-O      8.83e+09  9.88e+09  1.01e+10  9.93e+09  9.46e+09  8.88e+09  8.26e+09  7.65e+09  7.06e+09  6.52e+09  6.02e+09  5.56e+09  5.15e+09  4.77e+09  4.43e+09  4.13e+09

W2-> 

P\T           500       600       700       800       900     1e+03   1.1e+03   1.2e+03   1.3e+03   1.4e+03   1.5e+03   1.6e+03   1.7e+03   1.8e+03   1.9e+03     2e+03
0.1      2.44e+09  3.08e+09  3.48e+09  3.45e+09  3.32e+09   3.1e+09  2.82e+09  2.58e+09   2.3e+09  2.06e+09  1.91e+09  1.69e+09  1.56e+09   1.4e+09  1.29e+09  1.18e+09
1        5.19e+09  5.92e+09  6.24e+09  5.96e+09  5.57e+09   5.1e+09  4.57e+09  4.12e+09  3.65e+09  3.25e+09  2.98e+09  2.62e+09   2.4e+09  2.15e+09  1.96e+09  1.79e+09
10       9.55e+09     1e+10  9.95e+09  9.23e+09  8.42e+09  7.57e+09  6.71e+09  5.98e+09  5.28e+09  4.68e+09  4.23e+09  3.74e+09  3.39e+09  3.04e+09  2.75e+09   2.5e+09
100      1.54e+10  1.56e+10  1.49e+10  1.36e+10  1.22e+10  1.08e+10  9.53e+09  8.41e+09  7.42e+09  6.57e+09  5.86e+09  5.21e+09  4.69e+09  4.19e+09  3.78e+09  3.42e+09
O-O      1.82e+10  1.89e+10  1.81e+10  1.67e+10   1.5e+10  1.34e+10  1.19e+10  1.06e+10  9.36e+09  8.31e+09   7.4e+09   6.6e+09  5.91e+09  5.31e+09  4.78e+09  4.32e+09

P1-> 

P\T           500       600       700       800       900     1e+03   1.1e+03   1.2e+03   1.3e+03   1.4e+03   1.5e+03   1.6e+03   1.7e+03   1.8e+03   1.9e+03     2e+03
0.1      4.09e-11  4.83e-11   5.5e-11  6.22e-11   6.6e-11  7.01e-11  7.25e-11   7.6e-11  7.85e-11  8.04e-11  8.37e-11  8.65e-11  8.82e-11  9.12e-11  9.32e-11  9.51e-11
1        8.13e-11   8.8e-11  9.46e-11  1.02e-10  1.06e-10   1.1e-10  1.13e-10  1.16e-10  1.19e-10   1.2e-10  1.24e-10  1.27e-10  1.28e-10  1.31e-10  1.33e-10  1.35e-10
10       1.48e-10  1.49e-10  1.51e-10  1.57e-10  1.59e-10  1.62e-10  1.63e-10  1.66e-10  1.68e-10  1.69e-10  1.72e-10  1.75e-10  1.76e-10  1.79e-10  1.81e-10  1.82e-10
100      2.21e-10  2.22e-10  2.24e-10  2.27e-10  2.28e-10  2.29e-10   2.3e-10  2.32e-10  2.34e-10  2.35e-10  2.37e-10  2.39e-10  2.41e-10  2.42e-10  2.44e-10  2.46e-10
O-O      2.45e-10  2.52e-10  2.59e-10  2.65e-10   2.7e-10  2.75e-10  2.79e-10  2.83e-10  2.87e-10  2.91e-10  2.94e-10  2.97e-10     3e-10  3.03e-10  3.06e-10  3.08e-10

P2-> 

P\T           500       600       700       800       900     1e+03   1.1e+03   1.2e+03   1.3e+03   1.4e+03   1.5e+03   1.6e+03   1.7e+03   1.8e+03   1.9e+03     2e+03
0.1      3.19e-11  4.01e-11  4.85e-11  5.33e-11   5.8e-11  6.18e-11  6.42e-11  6.73e-11  6.86e-11  7.01e-11  7.39e-11  7.39e-11  7.71e-11   7.8e-11  8.01e-11  8.23e-11
1        6.82e-11  7.74e-11  8.72e-11  9.24e-11  9.78e-11  1.02e-10  1.05e-10  1.08e-10  1.09e-10  1.11e-10  1.16e-10  1.15e-10  1.19e-10   1.2e-10  1.23e-10  1.25e-10
10       1.26e-10  1.31e-10  1.39e-10  1.43e-10  1.48e-10  1.52e-10  1.54e-10  1.57e-10  1.58e-10   1.6e-10  1.64e-10  1.65e-10  1.69e-10   1.7e-10  1.72e-10  1.75e-10
100      2.02e-10  2.04e-10  2.09e-10  2.11e-10  2.14e-10  2.16e-10  2.18e-10  2.21e-10  2.23e-10  2.25e-10  2.28e-10  2.29e-10  2.33e-10  2.34e-10  2.37e-10  2.39e-10
O-O       2.4e-10  2.47e-10  2.53e-10  2.59e-10  2.64e-10  2.69e-10  2.73e-10  2.77e-10  2.81e-10  2.84e-10  2.88e-10  2.91e-10  2.94e-10  2.97e-10  2.99e-10  3.02e-10

