Wells (G - ground energy, D - dissociation limit, kcal/mol):
                              W         G         D
         FakeW-C5H8(522)+HO2(8)        -3         0
      FakeW-C5H7(1202)+H2O2(10)      23.8      25.5

Bimolecular Products (G - ground energy, kcal/mol):
                        P         G
         C5H8(522)+HO2(8)         0
      C5H7(1202)+H2O2(10)      26.8

Well-to-Bimolecular Barriers (H/G - barrier height/well depth, kcal/mol)
                              B         H                         W         G                   P
         FakeB-C5H8(522)+HO2(8)         0    FakeW-C5H8(522)+HO2(8)        -3    C5H8(522)+HO2(8)
      FakeB-C5H7(1202)+H2O2(10)      26.8 FakeW-C5H7(1202)+H2O2(10)      23.8 C5H7(1202)+H2O2(10)

Well-to-Well Barriers (H/G - barrier height/well depth, kcal/mol):
           B         H                        W1        G1                        W2        G2
      ts_1_1      25.5    FakeW-C5H8(522)+HO2(8)        -3 FakeW-C5H7(1202)+H2O2(10)      23.8

Bound Groups: dissociation barrier (name/ground energy, kcal/mol): wells (name/ground energy, kcal/mol):
     C1/0:  FakeW-C5H8(522)+HO2(8)/-3

     B1/25.5:  FakeW-C5H7(1202)+H2O2(10)/23.8

________________________________________________________________________________________

Names Translation Tables (<short name> - <original name>):
Wells:
   W1 - FakeW-C5H8(522)+HO2(8)
   W2 - FakeW-C5H7(1202)+H2O2(10)
Bimolecular products:
   P1 - C5H8(522)+HO2(8)
   P2 - C5H7(1202)+H2O2(10)
Inner Barriers:
   B1 - ts_1_1
Outer Barriers:
   C1 - FakeB-C5H8(522)+HO2(8)
   C2 - FakeB-C5H7(1202)+H2O2(10)
Unimolecular Rate Units: 1/sec;  Bimolecular Rate Units: cm^3/sec

______________________________________________________________________________________

Species-Species Rate Tables:

Temperature = 500 K

High Pressure Rate Coefficients:

From\To         W1        W2        P1        P2
W1             ***   0.00618  2.13e+11       ***
W2        1.94e+09       ***       ***  3.87e+11
P1        1.91e-10       ***       ***       ***
P2             ***   1.9e-10       ***       ***

Temperature = 500 K    Pressure = 0.1 atm

From\To         W1        W2        P1        P2
W1        1.01e+10 -1.36e-17  1.01e+10  5.84e-16
W2       -2.31e+03  1.59e+10  1.37e+08  1.57e+10
P1        8.95e-12  3.86e-25  9.31e-12  5.08e-24
P2        2.92e-18  7.57e-12  8.69e-13  8.77e-12

Temperature = 500 K    Pressure = 1 atm

From\To         W1        W2        P1        P2
W1        2.72e+10  4.18e-13  2.72e+10  8.37e-16
W2       -1.35e+04  4.31e+10  2.86e+08  4.29e+10
P1        2.44e-11  8.17e-25   2.5e-11  4.63e-24
P2        1.72e-17  2.09e-11  7.92e-13  2.22e-11

Temperature = 500 K    Pressure = 10 atm

From\To         W1        W2        P1        P2
W1        5.82e+10  5.81e-10  5.82e+10  1.02e-10
W2       -5.78e+04  9.41e+10  5.35e+08  9.36e+10
P1        5.24e-11  1.53e-24  5.24e-11  3.95e-24
P2        7.19e-17  4.59e-11  6.76e-13  4.66e-11

Temperature = 500 K    Pressure = 100 atm

From\To         W1        W2        P1        P2
W1        1.07e+11   4.3e-06  1.07e+11  1.65e-06
W2        1.17e+06  1.73e+11  8.97e+08  1.72e+11
P1        9.61e-11  2.57e-24  9.61e-11  2.91e-24
P2        4.71e-16  8.44e-11  4.98e-13  8.49e-11

Temperature = 600 K

High Pressure Rate Coefficients:

From\To         W1        W2        P1        P2
W1             ***     0.633  2.21e+11       ***
W2        2.04e+09       ***       ***  4.01e+11
P1        1.97e-10       ***       ***       ***
P2             ***  1.96e-10       ***       ***

Temperature = 600 K    Pressure = 0.1 atm

From\To         W1        W2        P1        P2
W1        1.63e+10 -9.97e-13  1.63e+10  2.13e-13
W2       -3.67e+03  2.49e+10  1.33e+08  2.48e+10
P1        1.42e-11  3.56e-23  1.46e-11  5.16e-22
P2        4.86e-18  1.17e-11  9.09e-13-1.66e+208

Temperature = 600 K    Pressure = 1 atm

From\To         W1        W2        P1        P2
W1        3.62e+10  1.02e-09  3.62e+10  4.69e-11
W2       -1.84e+04  5.64e+10  2.78e+08  5.62e+10
P1        3.22e-11  7.66e-23  3.28e-11  4.74e-22
P2        2.43e-17  2.72e-11  8.34e-13  2.86e-11

Temperature = 600 K    Pressure = 10 atm

From\To         W1        W2        P1        P2
W1        6.84e+10  2.71e-07  6.84e+10  2.95e-08
W2       -7.14e+04   1.1e+11  5.21e+08  1.09e+11
P1        6.12e-11  1.44e-22  6.12e-11  4.09e-22
P2        9.15e-17  5.33e-11   7.2e-13  5.41e-11

Temperature = 600 K    Pressure = 100 atm

From\To         W1        W2        P1        P2
W1        1.14e+11   0.00058  1.14e+11   0.00019
W2        1.66e+06  1.86e+11  8.71e+08  1.85e+11
P1        1.02e-10  2.42e-22  1.02e-10  3.11e-22
P2        5.55e-16  9.03e-11  5.48e-13  9.08e-11

Temperature = 700 K

High Pressure Rate Coefficients:

From\To         W1        W2        P1        P2
W1             ***      17.6  2.11e+11       ***
W2        2.15e+09       ***       ***  3.85e+11
P1        2.03e-10       ***       ***       ***
P2             ***  2.01e-10       ***       ***

Temperature = 700 K    Pressure = 0.1 atm

From\To         W1        W2        P1        P2
W1        2.04e+10  4.01e-10  2.04e+10  1.82e-10
W2       -4.58e+03  2.99e+10  1.38e+08  2.98e+10
P1        1.89e-11  1.04e-21  1.94e-11  1.53e-20
P2        7.14e-18  1.49e-11  1.01e-12  1.63e-11

Temperature = 700 K    Pressure = 1 atm

From\To         W1        W2        P1        P2
W1        4.09e+10  1.89e-07  4.09e+10   1.8e-08
W2       -2.14e+04  6.19e+10  2.84e+08  6.17e+10
P1         3.9e-11  2.21e-21  3.95e-11   1.4e-20
P2        3.26e-17  3.19e-11  9.34e-13  3.34e-11

Temperature = 700 K    Pressure = 10 atm

From\To         W1        W2        P1        P2
W1        7.21e+10  3.25e-07  7.21e+10  3.07e-06
W2       -8.05e+04  1.13e+11  5.27e+08  1.13e+11
P1         6.9e-11  4.14e-21   6.9e-11  1.22e-20
P2        1.15e-16  5.89e-11  8.11e-13  5.97e-11

Temperature = 700 K    Pressure = 100 atm

From\To         W1        W2        P1        P2
W1        1.13e+11    0.0253  1.13e+11   0.00699
W2        2.86e+06  1.83e+11  8.75e+08  1.82e+11
P1        1.08e-10  6.87e-21  1.08e-10  9.45e-21
P2        7.52e-16   9.5e-11  6.28e-13  9.56e-11

Temperature = 800 K

High Pressure Rate Coefficients:

From\To         W1        W2        P1        P2
W1             ***       216  1.95e+11       ***
W2        2.25e+09       ***       ***  3.54e+11
P1        2.07e-10       ***       ***       ***
P2             ***  2.06e-10       ***       ***

Temperature = 800 K    Pressure = 0.1 atm

From\To         W1        W2        P1        P2
W1        2.06e+10 -2.91e-08  2.06e+10  5.18e-08
W2       -5.78e+03  3.11e+10  1.43e+08  3.09e+10
P1        2.12e-11  1.39e-20  2.16e-11  2.06e-19
P2        9.43e-18  1.71e-11  1.17e-12  1.87e-11

Temperature = 800 K    Pressure = 1 atm

From\To         W1        W2        P1        P2
W1        3.96e+10  8.45e-06  3.96e+10  9.25e-07
W2       -2.51e+04  6.12e+10  2.91e+08   6.1e+10
P1        4.18e-11  2.94e-20  4.24e-11   1.9e-19
P2        4.08e-17   3.5e-11  1.08e-12  3.66e-11

Temperature = 800 K    Pressure = 10 atm

From\To         W1        W2        P1        P2
W1        6.76e+10   0.00111  6.76e+10  9.22e-05
W2       -7.87e+04  1.08e+11  5.36e+08  1.08e+11
P1        7.18e-11  5.46e-20  7.18e-11  1.66e-19
P2        1.39e-16  6.24e-11  9.43e-13  6.33e-11

Temperature = 800 K    Pressure = 100 atm

From\To         W1        W2        P1        P2
W1        1.04e+11     0.469  1.04e+11     0.111
W2        4.65e+06   1.7e+11  8.83e+08  1.69e+11
P1         1.1e-10     9e-20   1.1e-10   1.3e-19
P2        1.03e-15   9.8e-11   7.4e-13  9.87e-11

Temperature = 900 K

High Pressure Rate Coefficients:

From\To         W1        W2        P1        P2
W1             ***  1.53e+03  1.76e+11       ***
W2        2.36e+09       ***       ***   3.2e+11
P1        2.11e-10       ***       ***       ***
P2             ***   2.1e-10       ***       ***

Temperature = 900 K    Pressure = 0.1 atm

From\To         W1        W2        P1        P2
W1        2.04e+10  5.91e-07  2.04e+10  8.36e-07
W2       -6.41e+03  3.04e+10  1.51e+08  3.03e+10
P1        2.36e-11  1.12e-19  2.41e-11  1.63e-18
P2        1.22e-17  1.88e-11  1.37e-12  2.06e-11

Temperature = 900 K    Pressure = 1 atm

From\To         W1        W2        P1        P2
W1        3.79e+10  0.000198  3.79e+10  2.08e-05
W2       -2.67e+04  5.81e+10  3.02e+08  5.78e+10
P1        4.52e-11  2.33e-19  4.57e-11  1.51e-18
P2        5.06e-17  3.75e-11  1.27e-12  3.93e-11

Temperature = 900 K    Pressure = 10 atm

From\To         W1        W2        P1        P2
W1         6.3e+10    0.0229   6.3e+10   0.00158
W2       -5.94e+04     1e+11  5.51e+08  9.96e+10
P1        7.56e-11   4.3e-19  7.56e-11  1.32e-18
P2        1.69e-16  6.52e-11  1.11e-12  6.63e-11

Temperature = 900 K    Pressure = 100 atm

From\To         W1        W2        P1        P2
W1        9.44e+10      5.39  9.44e+10      1.11
W2        8.05e+06  1.54e+11  8.98e+08  1.53e+11
P1        1.14e-10  7.01e-19  1.14e-10  1.04e-18
P2        1.54e-15  1.01e-10  8.75e-13  1.01e-10

Temperature = 1e+03 K

High Pressure Rate Coefficients:

From\To         W1        W2        P1        P2
W1             ***  7.36e+03  1.57e+11       ***
W2        2.46e+09       ***       ***  2.85e+11
P1        2.15e-10       ***       ***       ***
P2             ***  2.13e-10       ***       ***

Temperature = 1e+03 K    Pressure = 0.1 atm

From\To         W1        W2        P1        P2
W1        1.88e+10  3.48e-05  1.88e+10  8.87e-06
W2       -8.01e+03  2.92e+10  1.61e+08  2.91e+10
P1        2.49e-11  6.28e-19  2.54e-11  8.85e-18
P2        1.59e-17  2.06e-11  1.61e-12  2.26e-11

Temperature = 1e+03 K    Pressure = 1 atm

From\To         W1        W2        P1        P2
W1        3.43e+10   0.00236  3.43e+10   0.00022
W2       -3.12e+04  5.44e+10  3.19e+08  5.41e+10
P1        4.67e-11   1.3e-18  4.72e-11  8.16e-18
P2        6.39e-17  4.01e-11  1.49e-12   4.2e-11

Temperature = 1e+03 K    Pressure = 10 atm

From\To         W1        W2        P1        P2
W1        5.63e+10     0.252  5.63e+10    0.0145
W2        -2.3e+04   9.2e+10  5.75e+08  9.14e+10
P1        7.71e-11  2.36e-18  7.71e-11  7.14e-18
P2        2.09e-16  6.83e-11   1.3e-12  6.96e-11

Temperature = 1e+03 K    Pressure = 100 atm

From\To         W1        W2        P1        P2
W1        8.36e+10      38.5  8.36e+10      6.86
W2        1.26e+07  1.39e+11  9.25e+08  1.38e+11
P1        1.15e-10   3.8e-18  1.15e-10  5.65e-18
P2        2.22e-15  1.03e-10  1.03e-12  1.04e-10

Temperature = 1.1e+03 K

High Pressure Rate Coefficients:

From\To         W1        W2        P1        P2
W1             ***  2.66e+04  1.39e+11       ***
W2        2.55e+09       ***       ***  2.53e+11
P1        2.18e-10       ***       ***       ***
P2             ***  2.17e-10       ***       ***

Temperature = 1.1e+03 K    Pressure = 0.1 atm

From\To         W1        W2        P1        P2
W1        1.77e+10  0.000318  1.77e+10  7.38e-05
W2       -8.05e+03  2.69e+10  1.68e+08  2.67e+10
P1        2.67e-11   2.6e-18  2.72e-11  3.63e-17
P2        1.93e-17  2.17e-11   1.9e-12  2.39e-11

Temperature = 1.1e+03 K    Pressure = 1 atm

From\To         W1        W2        P1        P2
W1        3.16e+10    0.0231  3.16e+10   0.00187
W2       -2.97e+04  4.93e+10  3.29e+08   4.9e+10
P1        4.93e-11  5.33e-18  4.98e-11  3.35e-17
P2        7.59e-17  4.15e-11  1.75e-12  4.37e-11

Temperature = 1.1e+03 K    Pressure = 10 atm

From\To         W1        W2        P1        P2
W1         5.1e+10      2.29   5.1e+10     0.111
W2        1.13e+05  8.23e+10  5.89e+08  8.17e+10
P1           8e-11  9.65e-18     8e-11  2.94e-17
P2        2.49e-16  6.99e-11  1.54e-12  7.14e-11

Temperature = 1.1e+03 K    Pressure = 100 atm

From\To         W1        W2        P1        P2
W1        7.47e+10       220  7.47e+10      35.3
W2        2.08e+07  1.24e+11  9.35e+08  1.23e+11
P1        1.17e-10  1.53e-17  1.17e-10  2.34e-17
P2        3.47e-15  1.05e-10  1.22e-12  1.06e-10

Temperature = 1.2e+03 K

High Pressure Rate Coefficients:

From\To         W1        W2        P1        P2
W1             ***  7.79e+04  1.23e+11       ***
W2        2.64e+09       ***       ***  2.24e+11
P1        2.22e-10       ***       ***       ***
P2             ***   2.2e-10       ***       ***

Temperature = 1.2e+03 K    Pressure = 0.1 atm

From\To         W1        W2        P1        P2
W1        1.62e+10   0.00199  1.62e+10  0.000403
W2       -9.25e+03  2.51e+10  1.79e+08  2.49e+10
P1         2.8e-11     9e-18  2.85e-11   1.2e-16
P2        2.44e-17  2.31e-11  2.22e-12  2.57e-11

Temperature = 1.2e+03 K    Pressure = 1 atm

From\To         W1        W2        P1        P2
W1        2.86e+10     0.151  2.86e+10    0.0102
W2       -3.05e+04  4.53e+10  3.47e+08  4.49e+10
P1         5.1e-11  1.82e-17  5.15e-11  1.11e-16
P2        9.42e-17  4.36e-11  2.04e-12  4.61e-11

Temperature = 1.2e+03 K    Pressure = 10 atm

From\To         W1        W2        P1        P2
W1        4.56e+10      14.1  4.56e+10     0.576
W2        3.63e+05  7.45e+10  6.15e+08  7.39e+10
P1        8.18e-11  3.26e-17  8.18e-11   9.7e-17
P2        3.11e-16  7.23e-11  1.79e-12  7.41e-11

Temperature = 1.2e+03 K    Pressure = 100 atm

From\To         W1        W2        P1        P2
W1        6.62e+10       942  6.62e+10       135
W2        3.16e+07  1.11e+11  9.58e+08   1.1e+11
P1        1.19e-10  5.09e-17  1.19e-10   7.7e-17
P2        5.14e-15  1.07e-10  1.42e-12  1.09e-10

Temperature = 1.3e+03 K

High Pressure Rate Coefficients:

From\To         W1        W2        P1        P2
W1             ***  1.93e+05  1.09e+11       ***
W2        2.72e+09       ***       ***  1.99e+11
P1        2.25e-10       ***       ***       ***
P2             ***  2.23e-10       ***       ***

Temperature = 1.3e+03 K    Pressure = 0.1 atm

From\To         W1        W2        P1        P2
W1         1.5e+10    0.0114   1.5e+10   0.00192
W2       -9.42e+03  2.29e+10  1.87e+08  2.27e+10
P1        2.96e-11  2.59e-17  3.01e-11  3.37e-16
P2        2.96e-17  2.41e-11  2.59e-12  2.71e-11

Temperature = 1.3e+03 K    Pressure = 1 atm

From\To         W1        W2        P1        P2
W1        2.61e+10     0.931  2.61e+10    0.0503
W2       -2.33e+04  4.09e+10   3.6e+08  4.06e+10
P1        5.32e-11   5.2e-17  5.36e-11   3.1e-16
P2        1.13e-16   4.5e-11  2.38e-12  4.78e-11

Temperature = 1.3e+03 K    Pressure = 10 atm

From\To         W1        W2        P1        P2
W1        4.11e+10      78.8  4.11e+10      2.67
W2        9.92e+05  6.68e+10  6.33e+08  6.61e+10
P1        8.43e-11  9.23e-17  8.43e-11  2.72e-16
P2        3.87e-16   7.4e-11  2.09e-12  7.61e-11

Temperature = 1.3e+03 K    Pressure = 100 atm

From\To         W1        W2        P1        P2
W1        5.91e+10  3.49e+03  5.91e+10       455
W2        4.89e+07  9.83e+10  9.66e+08  9.73e+10
P1        1.21e-10  1.41e-16  1.21e-10  2.16e-16
P2        7.96e-15  1.09e-10  1.66e-12  1.11e-10

Temperature = 1.4e+03 K

High Pressure Rate Coefficients:

From\To         W1        W2        P1        P2
W1             ***   4.2e+05  9.71e+10       ***
W2        2.79e+09       ***       ***  1.77e+11
P1        2.27e-10       ***       ***       ***
P2             ***  2.26e-10       ***       ***

Temperature = 1.4e+03 K    Pressure = 0.1 atm

From\To         W1        W2        P1        P2
W1        1.35e+10     0.047  1.35e+10   0.00593
W2       -1.14e+04  2.14e+10  2.02e+08  2.12e+10
P1        3.05e-11  6.74e-17   3.1e-11  8.24e-16
P2        3.83e-17  2.56e-11  2.99e-12  2.91e-11

Temperature = 1.4e+03 K    Pressure = 1 atm

From\To         W1        W2        P1        P2
W1        2.33e+10      4.03  2.33e+10     0.156
W2       -1.61e+04  3.77e+10  3.83e+08  3.73e+10
P1        5.43e-11  1.34e-16  5.48e-11  7.57e-16
P2        1.43e-16  4.72e-11  2.74e-12  5.04e-11

Temperature = 1.4e+03 K    Pressure = 10 atm

From\To         W1        W2        P1        P2
W1        3.66e+10       314  3.66e+10      8.46
W2        1.95e+06  6.08e+10  6.66e+08  6.02e+10
P1        8.56e-11  2.34e-16  8.56e-11   6.6e-16
P2           5e-16  7.67e-11  2.39e-12  7.91e-11

Temperature = 1.4e+03 K    Pressure = 100 atm

From\To         W1        W2        P1        P2
W1        5.24e+10  1.02e+04  5.24e+10  1.19e+03
W2        6.74e+07  8.87e+10  9.91e+08  8.76e+10
P1        1.23e-10  3.49e-16  1.23e-10  5.21e-16
P2        1.11e-14  1.12e-10  1.89e-12  1.14e-10

Temperature = 1.5e+03 K

High Pressure Rate Coefficients:

From\To         W1        W2        P1        P2
W1             ***  8.23e+05  8.64e+10       ***
W2        2.86e+09       ***       ***  1.57e+11
P1         2.3e-10       ***       ***       ***
P2             ***  2.28e-10       ***       ***

Temperature = 1.5e+03 K    Pressure = 0.1 atm

From\To         W1        W2        P1        P2
W1        1.23e+10     0.311  1.23e+10    0.0134
W2       -1.22e+04  1.91e+10  2.05e+08  1.89e+10
P1        3.16e-11  1.49e-16   3.2e-11  1.83e-15
P2        5.15e-17  2.61e-11  3.46e-12  2.99e-11

Temperature = 1.5e+03 K    Pressure = 1 atm

From\To         W1        W2        P1        P2
W1        2.11e+10      26.4  2.11e+10     0.334
W2        4.67e+04  3.36e+10  3.87e+08  3.32e+10
P1        5.57e-11  2.94e-16  5.62e-11  1.68e-15
P2        1.77e-16  4.77e-11  3.18e-12  5.14e-11

Temperature = 1.5e+03 K    Pressure = 10 atm

From\To         W1        W2        P1        P2
W1        3.28e+10   1.5e+03  3.28e+10      26.9
W2        5.09e+06   5.4e+10  6.69e+08  5.33e+10
P1        8.72e-11  5.12e-16  8.72e-11  1.47e-15
P2        6.41e-16  7.73e-11  2.78e-12  8.01e-11

Temperature = 1.5e+03 K    Pressure = 100 atm

From\To         W1        W2        P1        P2
W1        4.67e+10  2.82e+04  4.67e+10  3.08e+03
W2        9.77e+07  7.85e+10   9.7e+08  7.75e+10
P1        1.24e-10  7.43e-16  1.24e-10  1.16e-15
P2        1.66e-14  1.12e-10   2.2e-12  1.15e-10

Temperature = 1.6e+03 K

High Pressure Rate Coefficients:

From\To         W1        W2        P1        P2
W1             ***  1.48e+06  7.71e+10       ***
W2        2.93e+09       ***       ***   1.4e+11
P1        2.32e-10       ***       ***       ***
P2             ***  2.31e-10       ***       ***

Temperature = 1.6e+03 K    Pressure = 0.1 atm

From\To         W1        W2        P1        P2
W1        1.13e+10      1.75  1.13e+10  -0.00157
W2       -1.61e+04  1.76e+10  2.15e+08  1.74e+10
P1        3.28e-11  3.12e-16  3.32e-11  3.68e-15
P2        8.54e-17  2.71e-11  3.96e-12  3.15e-11

Temperature = 1.6e+03 K    Pressure = 1 atm

From\To         W1        W2        P1        P2
W1        1.92e+10       141  1.92e+10    -0.205
W2        2.21e+05  3.06e+10  4.03e+08  3.02e+10
P1        5.74e-11   6.1e-16  5.78e-11  3.37e-15
P2        2.56e-16  4.92e-11  3.63e-12  5.33e-11

Temperature = 1.6e+03 K    Pressure = 10 atm

From\To         W1        W2        P1        P2
W1        2.96e+10  5.79e+03  2.96e+10      70.7
W2        1.13e+07  4.89e+10  6.86e+08  4.82e+10
P1        8.91e-11  1.05e-15  8.91e-11  2.95e-15
P2        8.73e-16  7.91e-11  3.17e-12  8.23e-11

Temperature = 1.6e+03 K    Pressure = 100 atm

From\To         W1        W2        P1        P2
W1        4.19e+10  6.82e+04  4.19e+10  6.94e+03
W2        1.34e+08  7.07e+10  9.64e+08  6.96e+10
P1        1.26e-10  1.47e-15  1.26e-10  2.32e-15
P2        2.37e-14  1.14e-10   2.5e-12  1.17e-10

Temperature = 1.7e+03 K

High Pressure Rate Coefficients:

From\To         W1        W2        P1        P2
W1             ***  2.49e+06   6.9e+10       ***
W2        2.98e+09       ***       ***  1.26e+11
P1        2.35e-10       ***       ***       ***
P2             ***  2.33e-10       ***       ***

Temperature = 1.7e+03 K    Pressure = 0.1 atm

From\To         W1        W2        P1        P2
W1        1.03e+10      9.28  1.03e+10    -0.194
W2       -1.61e+04  1.64e+10  2.26e+08  1.62e+10
P1         3.4e-11  6.13e-16  3.44e-11  6.91e-15
P2        1.29e-16  2.87e-11  4.53e-12  3.37e-11

Temperature = 1.7e+03 K    Pressure = 1 atm

From\To         W1        W2        P1        P2
W1        1.74e+10       678  1.74e+10     -4.94
W2        7.44e+05  2.83e+10  4.21e+08  2.79e+10
P1        5.88e-11  1.18e-15  5.93e-11  6.32e-15
P2         3.3e-16  5.14e-11  4.14e-12   5.6e-11

Temperature = 1.7e+03 K    Pressure = 10 atm

From\To         W1        W2        P1        P2
W1        2.67e+10  1.81e+04  2.67e+10       162
W2        2.16e+07  4.48e+10  7.01e+08  4.41e+10
P1        9.08e-11  1.98e-15  9.08e-11  5.51e-15
P2        1.04e-15  8.17e-11  3.61e-12  8.53e-11

Temperature = 1.7e+03 K    Pressure = 100 atm

From\To         W1        W2        P1        P2
W1        3.77e+10  1.44e+05  3.77e+10  1.35e+04
W2        1.72e+08  6.43e+10  9.59e+08  6.32e+10
P1        1.28e-10  2.72e-15  1.28e-10  4.33e-15
P2         3.1e-14  1.17e-10  2.84e-12   1.2e-10

Temperature = 1.8e+03 K

High Pressure Rate Coefficients:

From\To         W1        W2        P1        P2
W1             ***  3.93e+06   6.2e+10       ***
W2        3.04e+09       ***       ***  1.13e+11
P1        2.37e-10       ***       ***       ***
P2             ***  2.35e-10       ***       ***

Temperature = 1.8e+03 K    Pressure = 0.1 atm

From\To         W1        W2        P1        P2
W1        9.36e+09      37.7  9.36e+09     -1.09
W2       -1.98e+04  1.47e+10   2.3e+08  1.45e+10
P1        3.46e-11  1.08e-15  3.51e-11  1.22e-14
P2        2.68e-16  2.87e-11  5.13e-12  3.43e-11

Temperature = 1.8e+03 K    Pressure = 1 atm

From\To         W1        W2        P1        P2
W1        1.57e+10   2.4e+03  1.57e+10       -24
W2        1.74e+06  2.53e+10  4.25e+08  2.49e+10
P1        5.98e-11  2.09e-15  6.03e-11  1.11e-14
P2        6.05e-16  5.15e-11  4.68e-12  5.66e-11

Temperature = 1.8e+03 K    Pressure = 10 atm

From\To         W1        W2        P1        P2
W1        2.41e+10  4.61e+04  2.41e+10       420
W2        3.55e+07     4e+10  6.95e+08  3.93e+10
P1         9.2e-11  3.44e-15   9.2e-11   9.7e-15
P2        1.69e-15  8.18e-11  4.09e-12  8.59e-11

Temperature = 1.8e+03 K    Pressure = 100 atm

From\To         W1        W2        P1        P2
W1        3.39e+10  2.81e+05  3.39e+10  2.71e+04
W2        2.17e+08  5.74e+10  9.26e+08  5.63e+10
P1        1.29e-10  4.58e-15  1.29e-10   7.6e-15
P2         4.5e-14  1.17e-10   3.2e-12  1.21e-10

Temperature = 1.9e+03 K

High Pressure Rate Coefficients:

From\To         W1        W2        P1        P2
W1             ***  5.92e+06  5.58e+10       ***
W2        3.09e+09       ***       ***  1.02e+11
P1        2.39e-10       ***       ***       ***
P2             ***  2.37e-10       ***       ***

Temperature = 1.9e+03 K    Pressure = 0.1 atm

From\To         W1        W2        P1        P2
W1        8.49e+09      95.4  8.49e+09     -3.08
W2        -2.2e+04  1.38e+10  2.45e+08  1.36e+10
P1        3.52e-11  1.92e-15  3.57e-11  2.02e-14
P2         4.1e-16  3.02e-11  5.74e-12  3.63e-11

Temperature = 1.9e+03 K    Pressure = 1 atm

From\To         W1        W2        P1        P2
W1        1.42e+10  5.62e+03  1.42e+10     -60.3
W2        2.78e+06  2.36e+10  4.48e+08  2.31e+10
P1        6.06e-11  3.65e-15  6.11e-11  1.83e-14
P2        8.55e-16  5.35e-11  5.22e-12  5.92e-11

Temperature = 1.9e+03 K    Pressure = 10 atm

From\To         W1        W2        P1        P2
W1        2.17e+10  8.99e+04  2.17e+10       785
W2        4.67e+07  3.69e+10  7.18e+08  3.61e+10
P1        9.29e-11  5.89e-15  9.29e-11   1.6e-14
P2        2.22e-15  8.44e-11  4.54e-12  8.89e-11

Temperature = 1.9e+03 K    Pressure = 100 atm

From\To         W1        W2        P1        P2
W1        3.05e+10   4.8e+05  3.05e+10  4.45e+04
W2         2.5e+08  5.26e+10  9.36e+08  5.14e+10
P1        1.31e-10  7.69e-15  1.31e-10  1.24e-14
P2        5.58e-14   1.2e-10  3.53e-12  1.24e-10

Temperature = 2e+03 K

High Pressure Rate Coefficients:

From\To         W1        W2        P1        P2
W1             ***  8.54e+06  5.04e+10       ***
W2        3.13e+09       ***       ***  9.17e+10
P1        2.41e-10       ***       ***       ***
P2             ***  2.39e-10       ***       ***

Temperature = 2e+03 K    Pressure = 0.1 atm

From\To         W1        W2        P1        P2
W1        7.74e+09       322  7.74e+09     -10.7
W2        1.04e+04  1.26e+10  2.49e+08  1.23e+10
P1        3.59e-11   3.1e-15  3.63e-11  3.23e-14
P2        6.89e-16  3.06e-11  6.46e-12  3.76e-11

Temperature = 2e+03 K    Pressure = 1 atm

From\To         W1        W2        P1        P2
W1        1.29e+10  1.57e+04  1.29e+10      -157
W2        5.54e+06  2.14e+10  4.51e+08  2.09e+10
P1        6.15e-11  5.84e-15   6.2e-11  2.93e-14
P2        1.26e-15  5.42e-11  5.87e-12  6.05e-11

Temperature = 2e+03 K    Pressure = 10 atm

From\To         W1        W2        P1        P2
W1        1.96e+10   1.8e+05  1.96e+10  1.76e+03
W2        6.59e+07  3.34e+10  7.07e+08  3.27e+10
P1        9.39e-11  9.21e-15   9.4e-11  2.55e-14
P2        3.17e-15  8.51e-11  5.11e-12  9.02e-11

Temperature = 2e+03 K    Pressure = 100 atm

From\To         W1        W2        P1        P2
W1        2.76e+10  7.97e+05  2.76e+10  7.53e+04
W2        2.92e+08  4.76e+10  9.06e+08  4.64e+10
P1        1.32e-10  1.18e-14  1.32e-10  1.98e-14
P2        7.38e-14  1.21e-10  3.96e-12  1.25e-10

______________________________________________________________________________________

High Pressure Rate Coefficients (Temperature-Species Rate Tables):

Reactant = W1
   T(K)        W1        W2        P1        P2
    500       ***   0.00618  2.13e+11       ***
    600       ***     0.633  2.21e+11       ***
    700       ***      17.6  2.11e+11       ***
    800       ***       216  1.95e+11       ***
    900       ***  1.53e+03  1.76e+11       ***
  1e+03       ***  7.36e+03  1.57e+11       ***
1.1e+03       ***  2.66e+04  1.39e+11       ***
1.2e+03       ***  7.79e+04  1.23e+11       ***
1.3e+03       ***  1.93e+05  1.09e+11       ***
1.4e+03       ***   4.2e+05  9.71e+10       ***
1.5e+03       ***  8.23e+05  8.64e+10       ***
1.6e+03       ***  1.48e+06  7.71e+10       ***
1.7e+03       ***  2.49e+06   6.9e+10       ***
1.8e+03       ***  3.93e+06   6.2e+10       ***
1.9e+03       ***  5.92e+06  5.58e+10       ***
  2e+03       ***  8.54e+06  5.04e+10       ***

Reactant = W2
   T(K)        W1        W2        P1        P2
    500  1.94e+09       ***       ***  3.87e+11
    600  2.04e+09       ***       ***  4.01e+11
    700  2.15e+09       ***       ***  3.85e+11
    800  2.25e+09       ***       ***  3.54e+11
    900  2.36e+09       ***       ***   3.2e+11
  1e+03  2.46e+09       ***       ***  2.85e+11
1.1e+03  2.55e+09       ***       ***  2.53e+11
1.2e+03  2.64e+09       ***       ***  2.24e+11
1.3e+03  2.72e+09       ***       ***  1.99e+11
1.4e+03  2.79e+09       ***       ***  1.77e+11
1.5e+03  2.86e+09       ***       ***  1.57e+11
1.6e+03  2.93e+09       ***       ***   1.4e+11
1.7e+03  2.98e+09       ***       ***  1.26e+11
1.8e+03  3.04e+09       ***       ***  1.13e+11
1.9e+03  3.09e+09       ***       ***  1.02e+11
  2e+03  3.13e+09       ***       ***  9.17e+10

Reactant = P1
   T(K)        W1        W2        P1        P2
    500  1.91e-10       ***       ***       ***
    600  1.97e-10       ***       ***       ***
    700  2.03e-10       ***       ***       ***
    800  2.07e-10       ***       ***       ***
    900  2.11e-10       ***       ***       ***
  1e+03  2.15e-10       ***       ***       ***
1.1e+03  2.18e-10       ***       ***       ***
1.2e+03  2.22e-10       ***       ***       ***
1.3e+03  2.25e-10       ***       ***       ***
1.4e+03  2.27e-10       ***       ***       ***
1.5e+03   2.3e-10       ***       ***       ***
1.6e+03  2.32e-10       ***       ***       ***
1.7e+03  2.35e-10       ***       ***       ***
1.8e+03  2.37e-10       ***       ***       ***
1.9e+03  2.39e-10       ***       ***       ***
  2e+03  2.41e-10       ***       ***       ***

Reactant = P2
   T(K)        W1        W2        P1        P2
    500       ***   1.9e-10       ***       ***
    600       ***  1.96e-10       ***       ***
    700       ***  2.01e-10       ***       ***
    800       ***  2.06e-10       ***       ***
    900       ***   2.1e-10       ***       ***
  1e+03       ***  2.13e-10       ***       ***
1.1e+03       ***  2.17e-10       ***       ***
1.2e+03       ***   2.2e-10       ***       ***
1.3e+03       ***  2.23e-10       ***       ***
1.4e+03       ***  2.26e-10       ***       ***
1.5e+03       ***  2.28e-10       ***       ***
1.6e+03       ***  2.31e-10       ***       ***
1.7e+03       ***  2.33e-10       ***       ***
1.8e+03       ***  2.35e-10       ***       ***
1.9e+03       ***  2.37e-10       ***       ***
  2e+03       ***  2.39e-10       ***       ***

Capture/Escape Rate Coefficients:

   T(K)        W1        W2        P1        P2
    500  2.13e+11  3.89e+11  1.91e-10   1.9e-10
    600  2.21e+11  4.03e+11  1.97e-10  1.96e-10
    700  2.11e+11  3.87e+11  2.03e-10  2.01e-10
    800  1.95e+11  3.57e+11  2.07e-10  2.06e-10
    900  1.76e+11  3.22e+11  2.11e-10   2.1e-10
  1e+03  1.57e+11  2.88e+11  2.15e-10  2.13e-10
1.1e+03  1.39e+11  2.56e+11  2.18e-10  2.17e-10
1.2e+03  1.23e+11  2.27e+11  2.22e-10   2.2e-10
1.3e+03  1.09e+11  2.02e+11  2.25e-10  2.23e-10
1.4e+03  9.71e+10  1.79e+11  2.27e-10  2.26e-10
1.5e+03  8.64e+10   1.6e+11   2.3e-10  2.28e-10
1.6e+03  7.71e+10  1.43e+11  2.32e-10  2.31e-10
1.7e+03   6.9e+10  1.29e+11  2.35e-10  2.33e-10
1.8e+03   6.2e+10  1.16e+11  2.37e-10  2.35e-10
1.9e+03  5.58e+10  1.05e+11  2.39e-10  2.37e-10
  2e+03  5.04e+10  9.48e+10  2.41e-10  2.39e-10

______________________________________________________________________________________

Pressure-Species Rate Tables:

Reactant = W1   Temperature = 500 K

   P(atm)        W2        P1        P2      Loss
      0.1 -1.36e-17  1.01e+10  5.84e-16  1.01e+10
        1  4.18e-13  2.72e+10  8.37e-16  2.72e+10
       10  5.81e-10  5.82e+10  1.02e-10  5.82e+10
      100   4.3e-06  1.07e+11  1.65e-06  1.07e+11
      O-O   0.00618  2.13e+11       ***  2.13e+11

Reactant = W1   Temperature = 600 K

   P(atm)        W2        P1        P2      Loss
      0.1 -9.97e-13  1.63e+10  2.13e-13  1.63e+10
        1  1.02e-09  3.62e+10  4.69e-11  3.62e+10
       10  2.71e-07  6.84e+10  2.95e-08  6.84e+10
      100   0.00058  1.14e+11   0.00019  1.14e+11
      O-O     0.633  2.21e+11       ***  2.21e+11

Reactant = W1   Temperature = 700 K

   P(atm)        W2        P1        P2      Loss
      0.1  4.01e-10  2.04e+10  1.82e-10  2.04e+10
        1  1.89e-07  4.09e+10   1.8e-08  4.09e+10
       10  3.25e-07  7.21e+10  3.07e-06  7.21e+10
      100    0.0253  1.13e+11   0.00699  1.13e+11
      O-O      17.6  2.11e+11       ***  2.11e+11

Reactant = W1   Temperature = 800 K

   P(atm)        W2        P1        P2      Loss
      0.1 -2.91e-08  2.06e+10  5.18e-08  2.06e+10
        1  8.45e-06  3.96e+10  9.25e-07  3.96e+10
       10   0.00111  6.76e+10  9.22e-05  6.76e+10
      100     0.469  1.04e+11     0.111  1.04e+11
      O-O       216  1.95e+11       ***  1.95e+11

Reactant = W1   Temperature = 900 K

   P(atm)        W2        P1        P2      Loss
      0.1  5.91e-07  2.04e+10  8.36e-07  2.04e+10
        1  0.000198  3.79e+10  2.08e-05  3.79e+10
       10    0.0229   6.3e+10   0.00158   6.3e+10
      100      5.39  9.44e+10      1.11  9.44e+10
      O-O  1.53e+03  1.76e+11       ***  1.76e+11

Reactant = W1   Temperature = 1e+03 K

   P(atm)        W2        P1        P2      Loss
      0.1  3.48e-05  1.88e+10  8.87e-06  1.88e+10
        1   0.00236  3.43e+10   0.00022  3.43e+10
       10     0.252  5.63e+10    0.0145  5.63e+10
      100      38.5  8.36e+10      6.86  8.36e+10
      O-O  7.36e+03  1.57e+11       ***  1.57e+11

Reactant = W1   Temperature = 1.1e+03 K

   P(atm)        W2        P1        P2      Loss
      0.1  0.000318  1.77e+10  7.38e-05  1.77e+10
        1    0.0231  3.16e+10   0.00187  3.16e+10
       10      2.29   5.1e+10     0.111   5.1e+10
      100       220  7.47e+10      35.3  7.47e+10
      O-O  2.66e+04  1.39e+11       ***  1.39e+11

Reactant = W1   Temperature = 1.2e+03 K

   P(atm)        W2        P1        P2      Loss
      0.1   0.00199  1.62e+10  0.000403  1.62e+10
        1     0.151  2.86e+10    0.0102  2.86e+10
       10      14.1  4.56e+10     0.576  4.56e+10
      100       942  6.62e+10       135  6.62e+10
      O-O  7.79e+04  1.23e+11       ***  1.23e+11

Reactant = W1   Temperature = 1.3e+03 K

   P(atm)        W2        P1        P2      Loss
      0.1    0.0114   1.5e+10   0.00192   1.5e+10
        1     0.931  2.61e+10    0.0503  2.61e+10
       10      78.8  4.11e+10      2.67  4.11e+10
      100  3.49e+03  5.91e+10       455  5.91e+10
      O-O  1.93e+05  1.09e+11       ***  1.09e+11

Reactant = W1   Temperature = 1.4e+03 K

   P(atm)        W2        P1        P2      Loss
      0.1     0.047  1.35e+10   0.00593  1.35e+10
        1      4.03  2.33e+10     0.156  2.33e+10
       10       314  3.66e+10      8.46  3.66e+10
      100  1.02e+04  5.24e+10  1.19e+03  5.24e+10
      O-O   4.2e+05  9.71e+10       ***  9.71e+10

Reactant = W1   Temperature = 1.5e+03 K

   P(atm)        W2        P1        P2      Loss
      0.1     0.311  1.23e+10    0.0134  1.23e+10
        1      26.4  2.11e+10     0.334  2.11e+10
       10   1.5e+03  3.28e+10      26.9  3.28e+10
      100  2.82e+04  4.67e+10  3.08e+03  4.67e+10
      O-O  8.23e+05  8.64e+10       ***  8.64e+10

Reactant = W1   Temperature = 1.6e+03 K

   P(atm)        W2        P1        P2      Loss
      0.1      1.75  1.13e+10  -0.00157  1.13e+10
        1       141  1.92e+10    -0.205  1.92e+10
       10  5.79e+03  2.96e+10      70.7  2.96e+10
      100  6.82e+04  4.19e+10  6.94e+03  4.19e+10
      O-O  1.48e+06  7.71e+10       ***  7.71e+10

Reactant = W1   Temperature = 1.7e+03 K

   P(atm)        W2        P1        P2      Loss
      0.1      9.28  1.03e+10    -0.194  1.03e+10
        1       678  1.74e+10     -4.94  1.74e+10
       10  1.81e+04  2.67e+10       162  2.67e+10
      100  1.44e+05  3.77e+10  1.35e+04  3.77e+10
      O-O  2.49e+06   6.9e+10       ***   6.9e+10

Reactant = W1   Temperature = 1.8e+03 K

   P(atm)        W2        P1        P2      Loss
      0.1      37.7  9.36e+09     -1.09  9.36e+09
        1   2.4e+03  1.57e+10       -24  1.57e+10
       10  4.61e+04  2.41e+10       420  2.41e+10
      100  2.81e+05  3.39e+10  2.71e+04  3.39e+10
      O-O  3.93e+06   6.2e+10       ***   6.2e+10

Reactant = W1   Temperature = 1.9e+03 K

   P(atm)        W2        P1        P2      Loss
      0.1      95.4  8.49e+09     -3.08  8.49e+09
        1  5.62e+03  1.42e+10     -60.3  1.42e+10
       10  8.99e+04  2.17e+10       785  2.17e+10
      100   4.8e+05  3.05e+10  4.45e+04  3.05e+10
      O-O  5.92e+06  5.58e+10       ***  5.58e+10

Reactant = W1   Temperature = 2e+03 K

   P(atm)        W2        P1        P2      Loss
      0.1       322  7.74e+09     -10.7  7.74e+09
        1  1.57e+04  1.29e+10      -157  1.29e+10
       10   1.8e+05  1.96e+10  1.76e+03  1.96e+10
      100  7.97e+05  2.76e+10  7.53e+04  2.76e+10
      O-O  8.54e+06  5.04e+10       ***  5.04e+10

Reactant = W2   Temperature = 500 K

   P(atm)        W1        P1        P2      Loss
      0.1 -2.31e+03  1.37e+08  1.57e+10  1.59e+10
        1 -1.35e+04  2.86e+08  4.29e+10  4.31e+10
       10 -5.78e+04  5.35e+08  9.36e+10  9.41e+10
      100  1.17e+06  8.97e+08  1.72e+11  1.73e+11
      O-O  1.94e+09       ***  3.87e+11  3.89e+11

Reactant = W2   Temperature = 600 K

   P(atm)        W1        P1        P2      Loss
      0.1 -3.67e+03  1.33e+08  2.48e+10  2.49e+10
        1 -1.84e+04  2.78e+08  5.62e+10  5.64e+10
       10 -7.14e+04  5.21e+08  1.09e+11   1.1e+11
      100  1.66e+06  8.71e+08  1.85e+11  1.86e+11
      O-O  2.04e+09       ***  4.01e+11  4.03e+11

Reactant = W2   Temperature = 700 K

   P(atm)        W1        P1        P2      Loss
      0.1 -4.58e+03  1.38e+08  2.98e+10  2.99e+10
        1 -2.14e+04  2.84e+08  6.17e+10  6.19e+10
       10 -8.05e+04  5.27e+08  1.13e+11  1.13e+11
      100  2.86e+06  8.75e+08  1.82e+11  1.83e+11
      O-O  2.15e+09       ***  3.85e+11  3.87e+11

Reactant = W2   Temperature = 800 K

   P(atm)        W1        P1        P2      Loss
      0.1 -5.78e+03  1.43e+08  3.09e+10  3.11e+10
        1 -2.51e+04  2.91e+08   6.1e+10  6.12e+10
       10 -7.87e+04  5.36e+08  1.08e+11  1.08e+11
      100  4.65e+06  8.83e+08  1.69e+11   1.7e+11
      O-O  2.25e+09       ***  3.54e+11  3.57e+11

Reactant = W2   Temperature = 900 K

   P(atm)        W1        P1        P2      Loss
      0.1 -6.41e+03  1.51e+08  3.03e+10  3.04e+10
        1 -2.67e+04  3.02e+08  5.78e+10  5.81e+10
       10 -5.94e+04  5.51e+08  9.96e+10     1e+11
      100  8.05e+06  8.98e+08  1.53e+11  1.54e+11
      O-O  2.36e+09       ***   3.2e+11  3.22e+11

Reactant = W2   Temperature = 1e+03 K

   P(atm)        W1        P1        P2      Loss
      0.1 -8.01e+03  1.61e+08  2.91e+10  2.92e+10
        1 -3.12e+04  3.19e+08  5.41e+10  5.44e+10
       10  -2.3e+04  5.75e+08  9.14e+10   9.2e+10
      100  1.26e+07  9.25e+08  1.38e+11  1.39e+11
      O-O  2.46e+09       ***  2.85e+11  2.88e+11

Reactant = W2   Temperature = 1.1e+03 K

   P(atm)        W1        P1        P2      Loss
      0.1 -8.05e+03  1.68e+08  2.67e+10  2.69e+10
        1 -2.97e+04  3.29e+08   4.9e+10  4.93e+10
       10  1.13e+05  5.89e+08  8.17e+10  8.23e+10
      100  2.08e+07  9.35e+08  1.23e+11  1.24e+11
      O-O  2.55e+09       ***  2.53e+11  2.56e+11

Reactant = W2   Temperature = 1.2e+03 K

   P(atm)        W1        P1        P2      Loss
      0.1 -9.25e+03  1.79e+08  2.49e+10  2.51e+10
        1 -3.05e+04  3.47e+08  4.49e+10  4.53e+10
       10  3.63e+05  6.15e+08  7.39e+10  7.45e+10
      100  3.16e+07  9.58e+08   1.1e+11  1.11e+11
      O-O  2.64e+09       ***  2.24e+11  2.27e+11

Reactant = W2   Temperature = 1.3e+03 K

   P(atm)        W1        P1        P2      Loss
      0.1 -9.42e+03  1.87e+08  2.27e+10  2.29e+10
        1 -2.33e+04   3.6e+08  4.06e+10  4.09e+10
       10  9.92e+05  6.33e+08  6.61e+10  6.68e+10
      100  4.89e+07  9.66e+08  9.73e+10  9.83e+10
      O-O  2.72e+09       ***  1.99e+11  2.02e+11

Reactant = W2   Temperature = 1.4e+03 K

   P(atm)        W1        P1        P2      Loss
      0.1 -1.14e+04  2.02e+08  2.12e+10  2.14e+10
        1 -1.61e+04  3.83e+08  3.73e+10  3.77e+10
       10  1.95e+06  6.66e+08  6.02e+10  6.08e+10
      100  6.74e+07  9.91e+08  8.76e+10  8.87e+10
      O-O  2.79e+09       ***  1.77e+11  1.79e+11

Reactant = W2   Temperature = 1.5e+03 K

   P(atm)        W1        P1        P2      Loss
      0.1 -1.22e+04  2.05e+08  1.89e+10  1.91e+10
        1  4.67e+04  3.87e+08  3.32e+10  3.36e+10
       10  5.09e+06  6.69e+08  5.33e+10   5.4e+10
      100  9.77e+07   9.7e+08  7.75e+10  7.85e+10
      O-O  2.86e+09       ***  1.57e+11   1.6e+11

Reactant = W2   Temperature = 1.6e+03 K

   P(atm)        W1        P1        P2      Loss
      0.1 -1.61e+04  2.15e+08  1.74e+10  1.76e+10
        1  2.21e+05  4.03e+08  3.02e+10  3.06e+10
       10  1.13e+07  6.86e+08  4.82e+10  4.89e+10
      100  1.34e+08  9.64e+08  6.96e+10  7.07e+10
      O-O  2.93e+09       ***   1.4e+11  1.43e+11

Reactant = W2   Temperature = 1.7e+03 K

   P(atm)        W1        P1        P2      Loss
      0.1 -1.61e+04  2.26e+08  1.62e+10  1.64e+10
        1  7.44e+05  4.21e+08  2.79e+10  2.83e+10
       10  2.16e+07  7.01e+08  4.41e+10  4.48e+10
      100  1.72e+08  9.59e+08  6.32e+10  6.43e+10
      O-O  2.98e+09       ***  1.26e+11  1.29e+11

Reactant = W2   Temperature = 1.8e+03 K

   P(atm)        W1        P1        P2      Loss
      0.1 -1.98e+04   2.3e+08  1.45e+10  1.47e+10
        1  1.74e+06  4.25e+08  2.49e+10  2.53e+10
       10  3.55e+07  6.95e+08  3.93e+10     4e+10
      100  2.17e+08  9.26e+08  5.63e+10  5.74e+10
      O-O  3.04e+09       ***  1.13e+11  1.16e+11

Reactant = W2   Temperature = 1.9e+03 K

   P(atm)        W1        P1        P2      Loss
      0.1  -2.2e+04  2.45e+08  1.36e+10  1.38e+10
        1  2.78e+06  4.48e+08  2.31e+10  2.36e+10
       10  4.67e+07  7.18e+08  3.61e+10  3.69e+10
      100   2.5e+08  9.36e+08  5.14e+10  5.26e+10
      O-O  3.09e+09       ***  1.02e+11  1.05e+11

Reactant = W2   Temperature = 2e+03 K

   P(atm)        W1        P1        P2      Loss
      0.1  1.04e+04  2.49e+08  1.23e+10  1.26e+10
        1  5.54e+06  4.51e+08  2.09e+10  2.14e+10
       10  6.59e+07  7.07e+08  3.27e+10  3.34e+10
      100  2.92e+08  9.06e+08  4.64e+10  4.76e+10
      O-O  3.13e+09       ***  9.17e+10  9.48e+10

Reactant = P1   Temperature = 500 K

   P(atm)        W1        W2        P2      Loss
      0.1  8.95e-12  3.86e-25  5.08e-24  9.31e-12
        1  2.44e-11  8.17e-25  4.63e-24   2.5e-11
       10  5.24e-11  1.53e-24  3.95e-24  5.24e-11
      100  9.61e-11  2.57e-24  2.91e-24  9.61e-11
      O-O  1.91e-10       ***       ***  1.91e-10

Reactant = P1   Temperature = 600 K

   P(atm)        W1        W2        P2      Loss
      0.1  1.42e-11  3.56e-23  5.16e-22  1.46e-11
        1  3.22e-11  7.66e-23  4.74e-22  3.28e-11
       10  6.12e-11  1.44e-22  4.09e-22  6.12e-11
      100  1.02e-10  2.42e-22  3.11e-22  1.02e-10
      O-O  1.97e-10       ***       ***  1.97e-10

Reactant = P1   Temperature = 700 K

   P(atm)        W1        W2        P2      Loss
      0.1  1.89e-11  1.04e-21  1.53e-20  1.94e-11
        1   3.9e-11  2.21e-21   1.4e-20  3.95e-11
       10   6.9e-11  4.14e-21  1.22e-20   6.9e-11
      100  1.08e-10  6.87e-21  9.45e-21  1.08e-10
      O-O  2.03e-10       ***       ***  2.03e-10

Reactant = P1   Temperature = 800 K

   P(atm)        W1        W2        P2      Loss
      0.1  2.12e-11  1.39e-20  2.06e-19  2.16e-11
        1  4.18e-11  2.94e-20   1.9e-19  4.24e-11
       10  7.18e-11  5.46e-20  1.66e-19  7.18e-11
      100   1.1e-10     9e-20   1.3e-19   1.1e-10
      O-O  2.07e-10       ***       ***  2.07e-10

Reactant = P1   Temperature = 900 K

   P(atm)        W1        W2        P2      Loss
      0.1  2.36e-11  1.12e-19  1.63e-18  2.41e-11
        1  4.52e-11  2.33e-19  1.51e-18  4.57e-11
       10  7.56e-11   4.3e-19  1.32e-18  7.56e-11
      100  1.14e-10  7.01e-19  1.04e-18  1.14e-10
      O-O  2.11e-10       ***       ***  2.11e-10

Reactant = P1   Temperature = 1e+03 K

   P(atm)        W1        W2        P2      Loss
      0.1  2.49e-11  6.28e-19  8.85e-18  2.54e-11
        1  4.67e-11   1.3e-18  8.16e-18  4.72e-11
       10  7.71e-11  2.36e-18  7.14e-18  7.71e-11
      100  1.15e-10   3.8e-18  5.65e-18  1.15e-10
      O-O  2.15e-10       ***       ***  2.15e-10

Reactant = P1   Temperature = 1.1e+03 K

   P(atm)        W1        W2        P2      Loss
      0.1  2.67e-11   2.6e-18  3.63e-17  2.72e-11
        1  4.93e-11  5.33e-18  3.35e-17  4.98e-11
       10     8e-11  9.65e-18  2.94e-17     8e-11
      100  1.17e-10  1.53e-17  2.34e-17  1.17e-10
      O-O  2.18e-10       ***       ***  2.18e-10

Reactant = P1   Temperature = 1.2e+03 K

   P(atm)        W1        W2        P2      Loss
      0.1   2.8e-11     9e-18   1.2e-16  2.85e-11
        1   5.1e-11  1.82e-17  1.11e-16  5.15e-11
       10  8.18e-11  3.26e-17   9.7e-17  8.18e-11
      100  1.19e-10  5.09e-17   7.7e-17  1.19e-10
      O-O  2.22e-10       ***       ***  2.22e-10

Reactant = P1   Temperature = 1.3e+03 K

   P(atm)        W1        W2        P2      Loss
      0.1  2.96e-11  2.59e-17  3.37e-16  3.01e-11
        1  5.32e-11   5.2e-17   3.1e-16  5.36e-11
       10  8.43e-11  9.23e-17  2.72e-16  8.43e-11
      100  1.21e-10  1.41e-16  2.16e-16  1.21e-10
      O-O  2.25e-10       ***       ***  2.25e-10

Reactant = P1   Temperature = 1.4e+03 K

   P(atm)        W1        W2        P2      Loss
      0.1  3.05e-11  6.74e-17  8.24e-16   3.1e-11
        1  5.43e-11  1.34e-16  7.57e-16  5.48e-11
       10  8.56e-11  2.34e-16   6.6e-16  8.56e-11
      100  1.23e-10  3.49e-16  5.21e-16  1.23e-10
      O-O  2.27e-10       ***       ***  2.27e-10

Reactant = P1   Temperature = 1.5e+03 K

   P(atm)        W1        W2        P2      Loss
      0.1  3.16e-11  1.49e-16  1.83e-15   3.2e-11
        1  5.57e-11  2.94e-16  1.68e-15  5.62e-11
       10  8.72e-11  5.12e-16  1.47e-15  8.72e-11
      100  1.24e-10  7.43e-16  1.16e-15  1.24e-10
      O-O   2.3e-10       ***       ***   2.3e-10

Reactant = P1   Temperature = 1.6e+03 K

   P(atm)        W1        W2        P2      Loss
      0.1  3.28e-11  3.12e-16  3.68e-15  3.32e-11
        1  5.74e-11   6.1e-16  3.37e-15  5.78e-11
       10  8.91e-11  1.05e-15  2.95e-15  8.91e-11
      100  1.26e-10  1.47e-15  2.32e-15  1.26e-10
      O-O  2.32e-10       ***       ***  2.32e-10

Reactant = P1   Temperature = 1.7e+03 K

   P(atm)        W1        W2        P2      Loss
      0.1   3.4e-11  6.13e-16  6.91e-15  3.44e-11
        1  5.88e-11  1.18e-15  6.32e-15  5.93e-11
       10  9.08e-11  1.98e-15  5.51e-15  9.08e-11
      100  1.28e-10  2.72e-15  4.33e-15  1.28e-10
      O-O  2.35e-10       ***       ***  2.35e-10

Reactant = P1   Temperature = 1.8e+03 K

   P(atm)        W1        W2        P2      Loss
      0.1  3.46e-11  1.08e-15  1.22e-14  3.51e-11
        1  5.98e-11  2.09e-15  1.11e-14  6.03e-11
       10   9.2e-11  3.44e-15   9.7e-15   9.2e-11
      100  1.29e-10  4.58e-15   7.6e-15  1.29e-10
      O-O  2.37e-10       ***       ***  2.37e-10

Reactant = P1   Temperature = 1.9e+03 K

   P(atm)        W1        W2        P2      Loss
      0.1  3.52e-11  1.92e-15  2.02e-14  3.57e-11
        1  6.06e-11  3.65e-15  1.83e-14  6.11e-11
       10  9.29e-11  5.89e-15   1.6e-14  9.29e-11
      100  1.31e-10  7.69e-15  1.24e-14  1.31e-10
      O-O  2.39e-10       ***       ***  2.39e-10

Reactant = P1   Temperature = 2e+03 K

   P(atm)        W1        W2        P2      Loss
      0.1  3.59e-11   3.1e-15  3.23e-14  3.63e-11
        1  6.15e-11  5.84e-15  2.93e-14   6.2e-11
       10  9.39e-11  9.21e-15  2.55e-14   9.4e-11
      100  1.32e-10  1.18e-14  1.98e-14  1.32e-10
      O-O  2.41e-10       ***       ***  2.41e-10

Reactant = P2   Temperature = 500 K

   P(atm)        W1        W2        P1      Loss
      0.1  2.92e-18  7.57e-12  8.69e-13  8.77e-12
        1  1.72e-17  2.09e-11  7.92e-13  2.22e-11
       10  7.19e-17  4.59e-11  6.76e-13  4.66e-11
      100  4.71e-16  8.44e-11  4.98e-13  8.49e-11
      O-O       ***   1.9e-10       ***   1.9e-10

Reactant = P2   Temperature = 600 K

   P(atm)        W1        W2        P1      Loss
      0.1  4.86e-18  1.17e-11  9.09e-13-1.66e+208
        1  2.43e-17  2.72e-11  8.34e-13  2.86e-11
       10  9.15e-17  5.33e-11   7.2e-13  5.41e-11
      100  5.55e-16  9.03e-11  5.48e-13  9.08e-11
      O-O       ***  1.96e-10       ***  1.96e-10

Reactant = P2   Temperature = 700 K

   P(atm)        W1        W2        P1      Loss
      0.1  7.14e-18  1.49e-11  1.01e-12  1.63e-11
        1  3.26e-17  3.19e-11  9.34e-13  3.34e-11
       10  1.15e-16  5.89e-11  8.11e-13  5.97e-11
      100  7.52e-16   9.5e-11  6.28e-13  9.56e-11
      O-O       ***  2.01e-10       ***  2.01e-10

Reactant = P2   Temperature = 800 K

   P(atm)        W1        W2        P1      Loss
      0.1  9.43e-18  1.71e-11  1.17e-12  1.87e-11
        1  4.08e-17   3.5e-11  1.08e-12  3.66e-11
       10  1.39e-16  6.24e-11  9.43e-13  6.33e-11
      100  1.03e-15   9.8e-11   7.4e-13  9.87e-11
      O-O       ***  2.06e-10       ***  2.06e-10

Reactant = P2   Temperature = 900 K

   P(atm)        W1        W2        P1      Loss
      0.1  1.22e-17  1.88e-11  1.37e-12  2.06e-11
        1  5.06e-17  3.75e-11  1.27e-12  3.93e-11
       10  1.69e-16  6.52e-11  1.11e-12  6.63e-11
      100  1.54e-15  1.01e-10  8.75e-13  1.01e-10
      O-O       ***   2.1e-10       ***   2.1e-10

Reactant = P2   Temperature = 1e+03 K

   P(atm)        W1        W2        P1      Loss
      0.1  1.59e-17  2.06e-11  1.61e-12  2.26e-11
        1  6.39e-17  4.01e-11  1.49e-12   4.2e-11
       10  2.09e-16  6.83e-11   1.3e-12  6.96e-11
      100  2.22e-15  1.03e-10  1.03e-12  1.04e-10
      O-O       ***  2.13e-10       ***  2.13e-10

Reactant = P2   Temperature = 1.1e+03 K

   P(atm)        W1        W2        P1      Loss
      0.1  1.93e-17  2.17e-11   1.9e-12  2.39e-11
        1  7.59e-17  4.15e-11  1.75e-12  4.37e-11
       10  2.49e-16  6.99e-11  1.54e-12  7.14e-11
      100  3.47e-15  1.05e-10  1.22e-12  1.06e-10
      O-O       ***  2.17e-10       ***  2.17e-10

Reactant = P2   Temperature = 1.2e+03 K

   P(atm)        W1        W2        P1      Loss
      0.1  2.44e-17  2.31e-11  2.22e-12  2.57e-11
        1  9.42e-17  4.36e-11  2.04e-12  4.61e-11
       10  3.11e-16  7.23e-11  1.79e-12  7.41e-11
      100  5.14e-15  1.07e-10  1.42e-12  1.09e-10
      O-O       ***   2.2e-10       ***   2.2e-10

Reactant = P2   Temperature = 1.3e+03 K

   P(atm)        W1        W2        P1      Loss
      0.1  2.96e-17  2.41e-11  2.59e-12  2.71e-11
        1  1.13e-16   4.5e-11  2.38e-12  4.78e-11
       10  3.87e-16   7.4e-11  2.09e-12  7.61e-11
      100  7.96e-15  1.09e-10  1.66e-12  1.11e-10
      O-O       ***  2.23e-10       ***  2.23e-10

Reactant = P2   Temperature = 1.4e+03 K

   P(atm)        W1        W2        P1      Loss
      0.1  3.83e-17  2.56e-11  2.99e-12  2.91e-11
        1  1.43e-16  4.72e-11  2.74e-12  5.04e-11
       10     5e-16  7.67e-11  2.39e-12  7.91e-11
      100  1.11e-14  1.12e-10  1.89e-12  1.14e-10
      O-O       ***  2.26e-10       ***  2.26e-10

Reactant = P2   Temperature = 1.5e+03 K

   P(atm)        W1        W2        P1      Loss
      0.1  5.15e-17  2.61e-11  3.46e-12  2.99e-11
        1  1.77e-16  4.77e-11  3.18e-12  5.14e-11
       10  6.41e-16  7.73e-11  2.78e-12  8.01e-11
      100  1.66e-14  1.12e-10   2.2e-12  1.15e-10
      O-O       ***  2.28e-10       ***  2.28e-10

Reactant = P2   Temperature = 1.6e+03 K

   P(atm)        W1        W2        P1      Loss
      0.1  8.54e-17  2.71e-11  3.96e-12  3.15e-11
        1  2.56e-16  4.92e-11  3.63e-12  5.33e-11
       10  8.73e-16  7.91e-11  3.17e-12  8.23e-11
      100  2.37e-14  1.14e-10   2.5e-12  1.17e-10
      O-O       ***  2.31e-10       ***  2.31e-10

Reactant = P2   Temperature = 1.7e+03 K

   P(atm)        W1        W2        P1      Loss
      0.1  1.29e-16  2.87e-11  4.53e-12  3.37e-11
        1   3.3e-16  5.14e-11  4.14e-12   5.6e-11
       10  1.04e-15  8.17e-11  3.61e-12  8.53e-11
      100   3.1e-14  1.17e-10  2.84e-12   1.2e-10
      O-O       ***  2.33e-10       ***  2.33e-10

Reactant = P2   Temperature = 1.8e+03 K

   P(atm)        W1        W2        P1      Loss
      0.1  2.68e-16  2.87e-11  5.13e-12  3.43e-11
        1  6.05e-16  5.15e-11  4.68e-12  5.66e-11
       10  1.69e-15  8.18e-11  4.09e-12  8.59e-11
      100   4.5e-14  1.17e-10   3.2e-12  1.21e-10
      O-O       ***  2.35e-10       ***  2.35e-10

Reactant = P2   Temperature = 1.9e+03 K

   P(atm)        W1        W2        P1      Loss
      0.1   4.1e-16  3.02e-11  5.74e-12  3.63e-11
        1  8.55e-16  5.35e-11  5.22e-12  5.92e-11
       10  2.22e-15  8.44e-11  4.54e-12  8.89e-11
      100  5.58e-14   1.2e-10  3.53e-12  1.24e-10
      O-O       ***  2.37e-10       ***  2.37e-10

Reactant = P2   Temperature = 2e+03 K

   P(atm)        W1        W2        P1      Loss
      0.1  6.89e-16  3.06e-11  6.46e-12  3.76e-11
        1  1.26e-15  5.42e-11  5.87e-12  6.05e-11
       10  3.17e-15  8.51e-11  5.11e-12  9.02e-11
      100  7.38e-14  1.21e-10  3.96e-12  1.25e-10
      O-O       ***  2.39e-10       ***  2.39e-10

______________________________________________________________________________________

Temperature-Species Rate Tables:

Reactant = W1   Pressure = 0.1 atm

   T(K)        W2        P1        P2      Loss   Capture
    500 -1.36e-17  1.01e+10  5.84e-16  1.01e+10  2.13e+11
    600 -9.97e-13  1.63e+10  2.13e-13  1.63e+10  2.21e+11
    700  4.01e-10  2.04e+10  1.82e-10  2.04e+10  2.11e+11
    800 -2.91e-08  2.06e+10  5.18e-08  2.06e+10  1.95e+11
    900  5.91e-07  2.04e+10  8.36e-07  2.04e+10  1.76e+11
  1e+03  3.48e-05  1.88e+10  8.87e-06  1.88e+10  1.57e+11
1.1e+03  0.000318  1.77e+10  7.38e-05  1.77e+10  1.39e+11
1.2e+03   0.00199  1.62e+10  0.000403  1.62e+10  1.23e+11
1.3e+03    0.0114   1.5e+10   0.00192   1.5e+10  1.09e+11
1.4e+03     0.047  1.35e+10   0.00593  1.35e+10  9.71e+10
1.5e+03     0.311  1.23e+10    0.0134  1.23e+10  8.64e+10
1.6e+03      1.75  1.13e+10  -0.00157  1.13e+10  7.71e+10
1.7e+03      9.28  1.03e+10    -0.194  1.03e+10   6.9e+10
1.8e+03      37.7  9.36e+09     -1.09  9.36e+09   6.2e+10
1.9e+03      95.4  8.49e+09     -3.08  8.49e+09  5.58e+10
  2e+03       322  7.74e+09     -10.7  7.74e+09  5.04e+10

Reactant = W1   Pressure = 1 atm

   T(K)        W2        P1        P2      Loss   Capture
    500  4.18e-13  2.72e+10  8.37e-16  2.72e+10  2.13e+11
    600  1.02e-09  3.62e+10  4.69e-11  3.62e+10  2.21e+11
    700  1.89e-07  4.09e+10   1.8e-08  4.09e+10  2.11e+11
    800  8.45e-06  3.96e+10  9.25e-07  3.96e+10  1.95e+11
    900  0.000198  3.79e+10  2.08e-05  3.79e+10  1.76e+11
  1e+03   0.00236  3.43e+10   0.00022  3.43e+10  1.57e+11
1.1e+03    0.0231  3.16e+10   0.00187  3.16e+10  1.39e+11
1.2e+03     0.151  2.86e+10    0.0102  2.86e+10  1.23e+11
1.3e+03     0.931  2.61e+10    0.0503  2.61e+10  1.09e+11
1.4e+03      4.03  2.33e+10     0.156  2.33e+10  9.71e+10
1.5e+03      26.4  2.11e+10     0.334  2.11e+10  8.64e+10
1.6e+03       141  1.92e+10    -0.205  1.92e+10  7.71e+10
1.7e+03       678  1.74e+10     -4.94  1.74e+10   6.9e+10
1.8e+03   2.4e+03  1.57e+10       -24  1.57e+10   6.2e+10
1.9e+03  5.62e+03  1.42e+10     -60.3  1.42e+10  5.58e+10
  2e+03  1.57e+04  1.29e+10      -157  1.29e+10  5.04e+10

Reactant = W1   Pressure = 10 atm

   T(K)        W2        P1        P2      Loss   Capture
    500  5.81e-10  5.82e+10  1.02e-10  5.82e+10  2.13e+11
    600  2.71e-07  6.84e+10  2.95e-08  6.84e+10  2.21e+11
    700  3.25e-07  7.21e+10  3.07e-06  7.21e+10  2.11e+11
    800   0.00111  6.76e+10  9.22e-05  6.76e+10  1.95e+11
    900    0.0229   6.3e+10   0.00158   6.3e+10  1.76e+11
  1e+03     0.252  5.63e+10    0.0145  5.63e+10  1.57e+11
1.1e+03      2.29   5.1e+10     0.111   5.1e+10  1.39e+11
1.2e+03      14.1  4.56e+10     0.576  4.56e+10  1.23e+11
1.3e+03      78.8  4.11e+10      2.67  4.11e+10  1.09e+11
1.4e+03       314  3.66e+10      8.46  3.66e+10  9.71e+10
1.5e+03   1.5e+03  3.28e+10      26.9  3.28e+10  8.64e+10
1.6e+03  5.79e+03  2.96e+10      70.7  2.96e+10  7.71e+10
1.7e+03  1.81e+04  2.67e+10       162  2.67e+10   6.9e+10
1.8e+03  4.61e+04  2.41e+10       420  2.41e+10   6.2e+10
1.9e+03  8.99e+04  2.17e+10       785  2.17e+10  5.58e+10
  2e+03   1.8e+05  1.96e+10  1.76e+03  1.96e+10  5.04e+10

Reactant = W1   Pressure = 100 atm

   T(K)        W2        P1        P2      Loss   Capture
    500   4.3e-06  1.07e+11  1.65e-06  1.07e+11  2.13e+11
    600   0.00058  1.14e+11   0.00019  1.14e+11  2.21e+11
    700    0.0253  1.13e+11   0.00699  1.13e+11  2.11e+11
    800     0.469  1.04e+11     0.111  1.04e+11  1.95e+11
    900      5.39  9.44e+10      1.11  9.44e+10  1.76e+11
  1e+03      38.5  8.36e+10      6.86  8.36e+10  1.57e+11
1.1e+03       220  7.47e+10      35.3  7.47e+10  1.39e+11
1.2e+03       942  6.62e+10       135  6.62e+10  1.23e+11
1.3e+03  3.49e+03  5.91e+10       455  5.91e+10  1.09e+11
1.4e+03  1.02e+04  5.24e+10  1.19e+03  5.24e+10  9.71e+10
1.5e+03  2.82e+04  4.67e+10  3.08e+03  4.67e+10  8.64e+10
1.6e+03  6.82e+04  4.19e+10  6.94e+03  4.19e+10  7.71e+10
1.7e+03  1.44e+05  3.77e+10  1.35e+04  3.77e+10   6.9e+10
1.8e+03  2.81e+05  3.39e+10  2.71e+04  3.39e+10   6.2e+10
1.9e+03   4.8e+05  3.05e+10  4.45e+04  3.05e+10  5.58e+10
  2e+03  7.97e+05  2.76e+10  7.53e+04  2.76e+10  5.04e+10

Reactant = W2   Pressure = 0.1 atm

   T(K)        W1        P1        P2      Loss   Capture
    500 -2.31e+03  1.37e+08  1.57e+10  1.59e+10  3.89e+11
    600 -3.67e+03  1.33e+08  2.48e+10  2.49e+10  4.03e+11
    700 -4.58e+03  1.38e+08  2.98e+10  2.99e+10  3.87e+11
    800 -5.78e+03  1.43e+08  3.09e+10  3.11e+10  3.57e+11
    900 -6.41e+03  1.51e+08  3.03e+10  3.04e+10  3.22e+11
  1e+03 -8.01e+03  1.61e+08  2.91e+10  2.92e+10  2.88e+11
1.1e+03 -8.05e+03  1.68e+08  2.67e+10  2.69e+10  2.56e+11
1.2e+03 -9.25e+03  1.79e+08  2.49e+10  2.51e+10  2.27e+11
1.3e+03 -9.42e+03  1.87e+08  2.27e+10  2.29e+10  2.02e+11
1.4e+03 -1.14e+04  2.02e+08  2.12e+10  2.14e+10  1.79e+11
1.5e+03 -1.22e+04  2.05e+08  1.89e+10  1.91e+10   1.6e+11
1.6e+03 -1.61e+04  2.15e+08  1.74e+10  1.76e+10  1.43e+11
1.7e+03 -1.61e+04  2.26e+08  1.62e+10  1.64e+10  1.29e+11
1.8e+03 -1.98e+04   2.3e+08  1.45e+10  1.47e+10  1.16e+11
1.9e+03  -2.2e+04  2.45e+08  1.36e+10  1.38e+10  1.05e+11
  2e+03  1.04e+04  2.49e+08  1.23e+10  1.26e+10  9.48e+10

Reactant = W2   Pressure = 1 atm

   T(K)        W1        P1        P2      Loss   Capture
    500 -1.35e+04  2.86e+08  4.29e+10  4.31e+10  3.89e+11
    600 -1.84e+04  2.78e+08  5.62e+10  5.64e+10  4.03e+11
    700 -2.14e+04  2.84e+08  6.17e+10  6.19e+10  3.87e+11
    800 -2.51e+04  2.91e+08   6.1e+10  6.12e+10  3.57e+11
    900 -2.67e+04  3.02e+08  5.78e+10  5.81e+10  3.22e+11
  1e+03 -3.12e+04  3.19e+08  5.41e+10  5.44e+10  2.88e+11
1.1e+03 -2.97e+04  3.29e+08   4.9e+10  4.93e+10  2.56e+11
1.2e+03 -3.05e+04  3.47e+08  4.49e+10  4.53e+10  2.27e+11
1.3e+03 -2.33e+04   3.6e+08  4.06e+10  4.09e+10  2.02e+11
1.4e+03 -1.61e+04  3.83e+08  3.73e+10  3.77e+10  1.79e+11
1.5e+03  4.67e+04  3.87e+08  3.32e+10  3.36e+10   1.6e+11
1.6e+03  2.21e+05  4.03e+08  3.02e+10  3.06e+10  1.43e+11
1.7e+03  7.44e+05  4.21e+08  2.79e+10  2.83e+10  1.29e+11
1.8e+03  1.74e+06  4.25e+08  2.49e+10  2.53e+10  1.16e+11
1.9e+03  2.78e+06  4.48e+08  2.31e+10  2.36e+10  1.05e+11
  2e+03  5.54e+06  4.51e+08  2.09e+10  2.14e+10  9.48e+10

Reactant = W2   Pressure = 10 atm

   T(K)        W1        P1        P2      Loss   Capture
    500 -5.78e+04  5.35e+08  9.36e+10  9.41e+10  3.89e+11
    600 -7.14e+04  5.21e+08  1.09e+11   1.1e+11  4.03e+11
    700 -8.05e+04  5.27e+08  1.13e+11  1.13e+11  3.87e+11
    800 -7.87e+04  5.36e+08  1.08e+11  1.08e+11  3.57e+11
    900 -5.94e+04  5.51e+08  9.96e+10     1e+11  3.22e+11
  1e+03  -2.3e+04  5.75e+08  9.14e+10   9.2e+10  2.88e+11
1.1e+03  1.13e+05  5.89e+08  8.17e+10  8.23e+10  2.56e+11
1.2e+03  3.63e+05  6.15e+08  7.39e+10  7.45e+10  2.27e+11
1.3e+03  9.92e+05  6.33e+08  6.61e+10  6.68e+10  2.02e+11
1.4e+03  1.95e+06  6.66e+08  6.02e+10  6.08e+10  1.79e+11
1.5e+03  5.09e+06  6.69e+08  5.33e+10   5.4e+10   1.6e+11
1.6e+03  1.13e+07  6.86e+08  4.82e+10  4.89e+10  1.43e+11
1.7e+03  2.16e+07  7.01e+08  4.41e+10  4.48e+10  1.29e+11
1.8e+03  3.55e+07  6.95e+08  3.93e+10     4e+10  1.16e+11
1.9e+03  4.67e+07  7.18e+08  3.61e+10  3.69e+10  1.05e+11
  2e+03  6.59e+07  7.07e+08  3.27e+10  3.34e+10  9.48e+10

Reactant = W2   Pressure = 100 atm

   T(K)        W1        P1        P2      Loss   Capture
    500  1.17e+06  8.97e+08  1.72e+11  1.73e+11  3.89e+11
    600  1.66e+06  8.71e+08  1.85e+11  1.86e+11  4.03e+11
    700  2.86e+06  8.75e+08  1.82e+11  1.83e+11  3.87e+11
    800  4.65e+06  8.83e+08  1.69e+11   1.7e+11  3.57e+11
    900  8.05e+06  8.98e+08  1.53e+11  1.54e+11  3.22e+11
  1e+03  1.26e+07  9.25e+08  1.38e+11  1.39e+11  2.88e+11
1.1e+03  2.08e+07  9.35e+08  1.23e+11  1.24e+11  2.56e+11
1.2e+03  3.16e+07  9.58e+08   1.1e+11  1.11e+11  2.27e+11
1.3e+03  4.89e+07  9.66e+08  9.73e+10  9.83e+10  2.02e+11
1.4e+03  6.74e+07  9.91e+08  8.76e+10  8.87e+10  1.79e+11
1.5e+03  9.77e+07   9.7e+08  7.75e+10  7.85e+10   1.6e+11
1.6e+03  1.34e+08  9.64e+08  6.96e+10  7.07e+10  1.43e+11
1.7e+03  1.72e+08  9.59e+08  6.32e+10  6.43e+10  1.29e+11
1.8e+03  2.17e+08  9.26e+08  5.63e+10  5.74e+10  1.16e+11
1.9e+03   2.5e+08  9.36e+08  5.14e+10  5.26e+10  1.05e+11
  2e+03  2.92e+08  9.06e+08  4.64e+10  4.76e+10  9.48e+10

Reactant = P1   Pressure = 0.1 atm

   T(K)        W1        W2        P2      Loss   Capture
    500  8.95e-12  3.86e-25  5.08e-24  9.31e-12  1.91e-10
    600  1.42e-11  3.56e-23  5.16e-22  1.46e-11  1.97e-10
    700  1.89e-11  1.04e-21  1.53e-20  1.94e-11  2.03e-10
    800  2.12e-11  1.39e-20  2.06e-19  2.16e-11  2.07e-10
    900  2.36e-11  1.12e-19  1.63e-18  2.41e-11  2.11e-10
  1e+03  2.49e-11  6.28e-19  8.85e-18  2.54e-11  2.15e-10
1.1e+03  2.67e-11   2.6e-18  3.63e-17  2.72e-11  2.18e-10
1.2e+03   2.8e-11     9e-18   1.2e-16  2.85e-11  2.22e-10
1.3e+03  2.96e-11  2.59e-17  3.37e-16  3.01e-11  2.25e-10
1.4e+03  3.05e-11  6.74e-17  8.24e-16   3.1e-11  2.27e-10
1.5e+03  3.16e-11  1.49e-16  1.83e-15   3.2e-11   2.3e-10
1.6e+03  3.28e-11  3.12e-16  3.68e-15  3.32e-11  2.32e-10
1.7e+03   3.4e-11  6.13e-16  6.91e-15  3.44e-11  2.35e-10
1.8e+03  3.46e-11  1.08e-15  1.22e-14  3.51e-11  2.37e-10
1.9e+03  3.52e-11  1.92e-15  2.02e-14  3.57e-11  2.39e-10
  2e+03  3.59e-11   3.1e-15  3.23e-14  3.63e-11  2.41e-10

Reactant = P1   Pressure = 1 atm

   T(K)        W1        W2        P2      Loss   Capture
    500  2.44e-11  8.17e-25  4.63e-24   2.5e-11  1.91e-10
    600  3.22e-11  7.66e-23  4.74e-22  3.28e-11  1.97e-10
    700   3.9e-11  2.21e-21   1.4e-20  3.95e-11  2.03e-10
    800  4.18e-11  2.94e-20   1.9e-19  4.24e-11  2.07e-10
    900  4.52e-11  2.33e-19  1.51e-18  4.57e-11  2.11e-10
  1e+03  4.67e-11   1.3e-18  8.16e-18  4.72e-11  2.15e-10
1.1e+03  4.93e-11  5.33e-18  3.35e-17  4.98e-11  2.18e-10
1.2e+03   5.1e-11  1.82e-17  1.11e-16  5.15e-11  2.22e-10
1.3e+03  5.32e-11   5.2e-17   3.1e-16  5.36e-11  2.25e-10
1.4e+03  5.43e-11  1.34e-16  7.57e-16  5.48e-11  2.27e-10
1.5e+03  5.57e-11  2.94e-16  1.68e-15  5.62e-11   2.3e-10
1.6e+03  5.74e-11   6.1e-16  3.37e-15  5.78e-11  2.32e-10
1.7e+03  5.88e-11  1.18e-15  6.32e-15  5.93e-11  2.35e-10
1.8e+03  5.98e-11  2.09e-15  1.11e-14  6.03e-11  2.37e-10
1.9e+03  6.06e-11  3.65e-15  1.83e-14  6.11e-11  2.39e-10
  2e+03  6.15e-11  5.84e-15  2.93e-14   6.2e-11  2.41e-10

Reactant = P1   Pressure = 10 atm

   T(K)        W1        W2        P2      Loss   Capture
    500  5.24e-11  1.53e-24  3.95e-24  5.24e-11  1.91e-10
    600  6.12e-11  1.44e-22  4.09e-22  6.12e-11  1.97e-10
    700   6.9e-11  4.14e-21  1.22e-20   6.9e-11  2.03e-10
    800  7.18e-11  5.46e-20  1.66e-19  7.18e-11  2.07e-10
    900  7.56e-11   4.3e-19  1.32e-18  7.56e-11  2.11e-10
  1e+03  7.71e-11  2.36e-18  7.14e-18  7.71e-11  2.15e-10
1.1e+03     8e-11  9.65e-18  2.94e-17     8e-11  2.18e-10
1.2e+03  8.18e-11  3.26e-17   9.7e-17  8.18e-11  2.22e-10
1.3e+03  8.43e-11  9.23e-17  2.72e-16  8.43e-11  2.25e-10
1.4e+03  8.56e-11  2.34e-16   6.6e-16  8.56e-11  2.27e-10
1.5e+03  8.72e-11  5.12e-16  1.47e-15  8.72e-11   2.3e-10
1.6e+03  8.91e-11  1.05e-15  2.95e-15  8.91e-11  2.32e-10
1.7e+03  9.08e-11  1.98e-15  5.51e-15  9.08e-11  2.35e-10
1.8e+03   9.2e-11  3.44e-15   9.7e-15   9.2e-11  2.37e-10
1.9e+03  9.29e-11  5.89e-15   1.6e-14  9.29e-11  2.39e-10
  2e+03  9.39e-11  9.21e-15  2.55e-14   9.4e-11  2.41e-10

Reactant = P1   Pressure = 100 atm

   T(K)        W1        W2        P2      Loss   Capture
    500  9.61e-11  2.57e-24  2.91e-24  9.61e-11  1.91e-10
    600  1.02e-10  2.42e-22  3.11e-22  1.02e-10  1.97e-10
    700  1.08e-10  6.87e-21  9.45e-21  1.08e-10  2.03e-10
    800   1.1e-10     9e-20   1.3e-19   1.1e-10  2.07e-10
    900  1.14e-10  7.01e-19  1.04e-18  1.14e-10  2.11e-10
  1e+03  1.15e-10   3.8e-18  5.65e-18  1.15e-10  2.15e-10
1.1e+03  1.17e-10  1.53e-17  2.34e-17  1.17e-10  2.18e-10
1.2e+03  1.19e-10  5.09e-17   7.7e-17  1.19e-10  2.22e-10
1.3e+03  1.21e-10  1.41e-16  2.16e-16  1.21e-10  2.25e-10
1.4e+03  1.23e-10  3.49e-16  5.21e-16  1.23e-10  2.27e-10
1.5e+03  1.24e-10  7.43e-16  1.16e-15  1.24e-10   2.3e-10
1.6e+03  1.26e-10  1.47e-15  2.32e-15  1.26e-10  2.32e-10
1.7e+03  1.28e-10  2.72e-15  4.33e-15  1.28e-10  2.35e-10
1.8e+03  1.29e-10  4.58e-15   7.6e-15  1.29e-10  2.37e-10
1.9e+03  1.31e-10  7.69e-15  1.24e-14  1.31e-10  2.39e-10
  2e+03  1.32e-10  1.18e-14  1.98e-14  1.32e-10  2.41e-10

Reactant = P2   Pressure = 0.1 atm

   T(K)        W1        W2        P1      Loss   Capture
    500  2.92e-18  7.57e-12  8.69e-13  8.77e-12   1.9e-10
    600  4.86e-18  1.17e-11  9.09e-13-1.66e+208  1.96e-10
    700  7.14e-18  1.49e-11  1.01e-12  1.63e-11  2.01e-10
    800  9.43e-18  1.71e-11  1.17e-12  1.87e-11  2.06e-10
    900  1.22e-17  1.88e-11  1.37e-12  2.06e-11   2.1e-10
  1e+03  1.59e-17  2.06e-11  1.61e-12  2.26e-11  2.13e-10
1.1e+03  1.93e-17  2.17e-11   1.9e-12  2.39e-11  2.17e-10
1.2e+03  2.44e-17  2.31e-11  2.22e-12  2.57e-11   2.2e-10
1.3e+03  2.96e-17  2.41e-11  2.59e-12  2.71e-11  2.23e-10
1.4e+03  3.83e-17  2.56e-11  2.99e-12  2.91e-11  2.26e-10
1.5e+03  5.15e-17  2.61e-11  3.46e-12  2.99e-11  2.28e-10
1.6e+03  8.54e-17  2.71e-11  3.96e-12  3.15e-11  2.31e-10
1.7e+03  1.29e-16  2.87e-11  4.53e-12  3.37e-11  2.33e-10
1.8e+03  2.68e-16  2.87e-11  5.13e-12  3.43e-11  2.35e-10
1.9e+03   4.1e-16  3.02e-11  5.74e-12  3.63e-11  2.37e-10
  2e+03  6.89e-16  3.06e-11  6.46e-12  3.76e-11  2.39e-10

Reactant = P2   Pressure = 1 atm

   T(K)        W1        W2        P1      Loss   Capture
    500  1.72e-17  2.09e-11  7.92e-13  2.22e-11   1.9e-10
    600  2.43e-17  2.72e-11  8.34e-13  2.86e-11  1.96e-10
    700  3.26e-17  3.19e-11  9.34e-13  3.34e-11  2.01e-10
    800  4.08e-17   3.5e-11  1.08e-12  3.66e-11  2.06e-10
    900  5.06e-17  3.75e-11  1.27e-12  3.93e-11   2.1e-10
  1e+03  6.39e-17  4.01e-11  1.49e-12   4.2e-11  2.13e-10
1.1e+03  7.59e-17  4.15e-11  1.75e-12  4.37e-11  2.17e-10
1.2e+03  9.42e-17  4.36e-11  2.04e-12  4.61e-11   2.2e-10
1.3e+03  1.13e-16   4.5e-11  2.38e-12  4.78e-11  2.23e-10
1.4e+03  1.43e-16  4.72e-11  2.74e-12  5.04e-11  2.26e-10
1.5e+03  1.77e-16  4.77e-11  3.18e-12  5.14e-11  2.28e-10
1.6e+03  2.56e-16  4.92e-11  3.63e-12  5.33e-11  2.31e-10
1.7e+03   3.3e-16  5.14e-11  4.14e-12   5.6e-11  2.33e-10
1.8e+03  6.05e-16  5.15e-11  4.68e-12  5.66e-11  2.35e-10
1.9e+03  8.55e-16  5.35e-11  5.22e-12  5.92e-11  2.37e-10
  2e+03  1.26e-15  5.42e-11  5.87e-12  6.05e-11  2.39e-10

Reactant = P2   Pressure = 10 atm

   T(K)        W1        W2        P1      Loss   Capture
    500  7.19e-17  4.59e-11  6.76e-13  4.66e-11   1.9e-10
    600  9.15e-17  5.33e-11   7.2e-13  5.41e-11  1.96e-10
    700  1.15e-16  5.89e-11  8.11e-13  5.97e-11  2.01e-10
    800  1.39e-16  6.24e-11  9.43e-13  6.33e-11  2.06e-10
    900  1.69e-16  6.52e-11  1.11e-12  6.63e-11   2.1e-10
  1e+03  2.09e-16  6.83e-11   1.3e-12  6.96e-11  2.13e-10
1.1e+03  2.49e-16  6.99e-11  1.54e-12  7.14e-11  2.17e-10
1.2e+03  3.11e-16  7.23e-11  1.79e-12  7.41e-11   2.2e-10
1.3e+03  3.87e-16   7.4e-11  2.09e-12  7.61e-11  2.23e-10
1.4e+03     5e-16  7.67e-11  2.39e-12  7.91e-11  2.26e-10
1.5e+03  6.41e-16  7.73e-11  2.78e-12  8.01e-11  2.28e-10
1.6e+03  8.73e-16  7.91e-11  3.17e-12  8.23e-11  2.31e-10
1.7e+03  1.04e-15  8.17e-11  3.61e-12  8.53e-11  2.33e-10
1.8e+03  1.69e-15  8.18e-11  4.09e-12  8.59e-11  2.35e-10
1.9e+03  2.22e-15  8.44e-11  4.54e-12  8.89e-11  2.37e-10
  2e+03  3.17e-15  8.51e-11  5.11e-12  9.02e-11  2.39e-10

Reactant = P2   Pressure = 100 atm

   T(K)        W1        W2        P1      Loss   Capture
    500  4.71e-16  8.44e-11  4.98e-13  8.49e-11   1.9e-10
    600  5.55e-16  9.03e-11  5.48e-13  9.08e-11  1.96e-10
    700  7.52e-16   9.5e-11  6.28e-13  9.56e-11  2.01e-10
    800  1.03e-15   9.8e-11   7.4e-13  9.87e-11  2.06e-10
    900  1.54e-15  1.01e-10  8.75e-13  1.01e-10   2.1e-10
  1e+03  2.22e-15  1.03e-10  1.03e-12  1.04e-10  2.13e-10
1.1e+03  3.47e-15  1.05e-10  1.22e-12  1.06e-10  2.17e-10
1.2e+03  5.14e-15  1.07e-10  1.42e-12  1.09e-10   2.2e-10
1.3e+03  7.96e-15  1.09e-10  1.66e-12  1.11e-10  2.23e-10
1.4e+03  1.11e-14  1.12e-10  1.89e-12  1.14e-10  2.26e-10
1.5e+03  1.66e-14  1.12e-10   2.2e-12  1.15e-10  2.28e-10
1.6e+03  2.37e-14  1.14e-10   2.5e-12  1.17e-10  2.31e-10
1.7e+03   3.1e-14  1.17e-10  2.84e-12   1.2e-10  2.33e-10
1.8e+03   4.5e-14  1.17e-10   3.2e-12  1.21e-10  2.35e-10
1.9e+03  5.58e-14   1.2e-10  3.53e-12  1.24e-10  2.37e-10
  2e+03  7.38e-14  1.21e-10  3.96e-12  1.25e-10  2.39e-10

______________________________________________________________________________________

Temperature-Pressure Rate Tables:

W1->W2

P\T           500       600       700       800       900     1e+03   1.1e+03   1.2e+03   1.3e+03   1.4e+03   1.5e+03   1.6e+03   1.7e+03   1.8e+03   1.9e+03     2e+03
0.1     -1.36e-17 -9.97e-13  4.01e-10 -2.91e-08  5.91e-07  3.48e-05  0.000318   0.00199    0.0114     0.047     0.311      1.75      9.28      37.7      95.4       322
1        4.18e-13  1.02e-09  1.89e-07  8.45e-06  0.000198   0.00236    0.0231     0.151     0.931      4.03      26.4       141       678   2.4e+03  5.62e+03  1.57e+04
10       5.81e-10  2.71e-07  3.25e-07   0.00111    0.0229     0.252      2.29      14.1      78.8       314   1.5e+03  5.79e+03  1.81e+04  4.61e+04  8.99e+04   1.8e+05
100       4.3e-06   0.00058    0.0253     0.469      5.39      38.5       220       942  3.49e+03  1.02e+04  2.82e+04  6.82e+04  1.44e+05  2.81e+05   4.8e+05  7.97e+05
O-O       0.00618     0.633      17.6       216  1.53e+03  7.36e+03  2.66e+04  7.79e+04  1.93e+05   4.2e+05  8.23e+05  1.48e+06  2.49e+06  3.93e+06  5.92e+06  8.54e+06

W1->P1

P\T           500       600       700       800       900     1e+03   1.1e+03   1.2e+03   1.3e+03   1.4e+03   1.5e+03   1.6e+03   1.7e+03   1.8e+03   1.9e+03     2e+03
0.1      1.01e+10  1.63e+10  2.04e+10  2.06e+10  2.04e+10  1.88e+10  1.77e+10  1.62e+10   1.5e+10  1.35e+10  1.23e+10  1.13e+10  1.03e+10  9.36e+09  8.49e+09  7.74e+09
1        2.72e+10  3.62e+10  4.09e+10  3.96e+10  3.79e+10  3.43e+10  3.16e+10  2.86e+10  2.61e+10  2.33e+10  2.11e+10  1.92e+10  1.74e+10  1.57e+10  1.42e+10  1.29e+10
10       5.82e+10  6.84e+10  7.21e+10  6.76e+10   6.3e+10  5.63e+10   5.1e+10  4.56e+10  4.11e+10  3.66e+10  3.28e+10  2.96e+10  2.67e+10  2.41e+10  2.17e+10  1.96e+10
100      1.07e+11  1.14e+11  1.13e+11  1.04e+11  9.44e+10  8.36e+10  7.47e+10  6.62e+10  5.91e+10  5.24e+10  4.67e+10  4.19e+10  3.77e+10  3.39e+10  3.05e+10  2.76e+10
O-O      2.13e+11  2.21e+11  2.11e+11  1.95e+11  1.76e+11  1.57e+11  1.39e+11  1.23e+11  1.09e+11  9.71e+10  8.64e+10  7.71e+10   6.9e+10   6.2e+10  5.58e+10  5.04e+10

W1->P2

P\T           500       600       700       800       900     1e+03   1.1e+03   1.2e+03   1.3e+03   1.4e+03   1.5e+03   1.6e+03   1.7e+03   1.8e+03   1.9e+03     2e+03
0.1      5.84e-16  2.13e-13  1.82e-10  5.18e-08  8.36e-07  8.87e-06  7.38e-05  0.000403   0.00192   0.00593    0.0134  -0.00157    -0.194     -1.09     -3.08     -10.7
1        8.37e-16  4.69e-11   1.8e-08  9.25e-07  2.08e-05   0.00022   0.00187    0.0102    0.0503     0.156     0.334    -0.205     -4.94       -24     -60.3      -157
10       1.02e-10  2.95e-08  3.07e-06  9.22e-05   0.00158    0.0145     0.111     0.576      2.67      8.46      26.9      70.7       162       420       785  1.76e+03
100      1.65e-06   0.00019   0.00699     0.111      1.11      6.86      35.3       135       455  1.19e+03  3.08e+03  6.94e+03  1.35e+04  2.71e+04  4.45e+04  7.53e+04
O-O           ***       ***       ***       ***       ***       ***       ***       ***       ***       ***       ***       ***       ***       ***       ***       ***

W2->W1

P\T           500       600       700       800       900     1e+03   1.1e+03   1.2e+03   1.3e+03   1.4e+03   1.5e+03   1.6e+03   1.7e+03   1.8e+03   1.9e+03     2e+03
0.1     -2.31e+03 -3.67e+03 -4.58e+03 -5.78e+03 -6.41e+03 -8.01e+03 -8.05e+03 -9.25e+03 -9.42e+03 -1.14e+04 -1.22e+04 -1.61e+04 -1.61e+04 -1.98e+04  -2.2e+04  1.04e+04
1       -1.35e+04 -1.84e+04 -2.14e+04 -2.51e+04 -2.67e+04 -3.12e+04 -2.97e+04 -3.05e+04 -2.33e+04 -1.61e+04  4.67e+04  2.21e+05  7.44e+05  1.74e+06  2.78e+06  5.54e+06
10      -5.78e+04 -7.14e+04 -8.05e+04 -7.87e+04 -5.94e+04  -2.3e+04  1.13e+05  3.63e+05  9.92e+05  1.95e+06  5.09e+06  1.13e+07  2.16e+07  3.55e+07  4.67e+07  6.59e+07
100      1.17e+06  1.66e+06  2.86e+06  4.65e+06  8.05e+06  1.26e+07  2.08e+07  3.16e+07  4.89e+07  6.74e+07  9.77e+07  1.34e+08  1.72e+08  2.17e+08   2.5e+08  2.92e+08
O-O      1.94e+09  2.04e+09  2.15e+09  2.25e+09  2.36e+09  2.46e+09  2.55e+09  2.64e+09  2.72e+09  2.79e+09  2.86e+09  2.93e+09  2.98e+09  3.04e+09  3.09e+09  3.13e+09

W2->P1

P\T           500       600       700       800       900     1e+03   1.1e+03   1.2e+03   1.3e+03   1.4e+03   1.5e+03   1.6e+03   1.7e+03   1.8e+03   1.9e+03     2e+03
0.1      1.37e+08  1.33e+08  1.38e+08  1.43e+08  1.51e+08  1.61e+08  1.68e+08  1.79e+08  1.87e+08  2.02e+08  2.05e+08  2.15e+08  2.26e+08   2.3e+08  2.45e+08  2.49e+08
1        2.86e+08  2.78e+08  2.84e+08  2.91e+08  3.02e+08  3.19e+08  3.29e+08  3.47e+08   3.6e+08  3.83e+08  3.87e+08  4.03e+08  4.21e+08  4.25e+08  4.48e+08  4.51e+08
10       5.35e+08  5.21e+08  5.27e+08  5.36e+08  5.51e+08  5.75e+08  5.89e+08  6.15e+08  6.33e+08  6.66e+08  6.69e+08  6.86e+08  7.01e+08  6.95e+08  7.18e+08  7.07e+08
100      8.97e+08  8.71e+08  8.75e+08  8.83e+08  8.98e+08  9.25e+08  9.35e+08  9.58e+08  9.66e+08  9.91e+08   9.7e+08  9.64e+08  9.59e+08  9.26e+08  9.36e+08  9.06e+08
O-O           ***       ***       ***       ***       ***       ***       ***       ***       ***       ***       ***       ***       ***       ***       ***       ***

W2->P2

P\T           500       600       700       800       900     1e+03   1.1e+03   1.2e+03   1.3e+03   1.4e+03   1.5e+03   1.6e+03   1.7e+03   1.8e+03   1.9e+03     2e+03
0.1      1.57e+10  2.48e+10  2.98e+10  3.09e+10  3.03e+10  2.91e+10  2.67e+10  2.49e+10  2.27e+10  2.12e+10  1.89e+10  1.74e+10  1.62e+10  1.45e+10  1.36e+10  1.23e+10
1        4.29e+10  5.62e+10  6.17e+10   6.1e+10  5.78e+10  5.41e+10   4.9e+10  4.49e+10  4.06e+10  3.73e+10  3.32e+10  3.02e+10  2.79e+10  2.49e+10  2.31e+10  2.09e+10
10       9.36e+10  1.09e+11  1.13e+11  1.08e+11  9.96e+10  9.14e+10  8.17e+10  7.39e+10  6.61e+10  6.02e+10  5.33e+10  4.82e+10  4.41e+10  3.93e+10  3.61e+10  3.27e+10
100      1.72e+11  1.85e+11  1.82e+11  1.69e+11  1.53e+11  1.38e+11  1.23e+11   1.1e+11  9.73e+10  8.76e+10  7.75e+10  6.96e+10  6.32e+10  5.63e+10  5.14e+10  4.64e+10
O-O      3.87e+11  4.01e+11  3.85e+11  3.54e+11   3.2e+11  2.85e+11  2.53e+11  2.24e+11  1.99e+11  1.77e+11  1.57e+11   1.4e+11  1.26e+11  1.13e+11  1.02e+11  9.17e+10

P1->W1

P\T           500       600       700       800       900     1e+03   1.1e+03   1.2e+03   1.3e+03   1.4e+03   1.5e+03   1.6e+03   1.7e+03   1.8e+03   1.9e+03     2e+03
0.1      8.95e-12  1.42e-11  1.89e-11  2.12e-11  2.36e-11  2.49e-11  2.67e-11   2.8e-11  2.96e-11  3.05e-11  3.16e-11  3.28e-11   3.4e-11  3.46e-11  3.52e-11  3.59e-11
1        2.44e-11  3.22e-11   3.9e-11  4.18e-11  4.52e-11  4.67e-11  4.93e-11   5.1e-11  5.32e-11  5.43e-11  5.57e-11  5.74e-11  5.88e-11  5.98e-11  6.06e-11  6.15e-11
10       5.24e-11  6.12e-11   6.9e-11  7.18e-11  7.56e-11  7.71e-11     8e-11  8.18e-11  8.43e-11  8.56e-11  8.72e-11  8.91e-11  9.08e-11   9.2e-11  9.29e-11  9.39e-11
100      9.61e-11  1.02e-10  1.08e-10   1.1e-10  1.14e-10  1.15e-10  1.17e-10  1.19e-10  1.21e-10  1.23e-10  1.24e-10  1.26e-10  1.28e-10  1.29e-10  1.31e-10  1.32e-10
O-O      1.91e-10  1.97e-10  2.03e-10  2.07e-10  2.11e-10  2.15e-10  2.18e-10  2.22e-10  2.25e-10  2.27e-10   2.3e-10  2.32e-10  2.35e-10  2.37e-10  2.39e-10  2.41e-10

P1->W2

P\T           500       600       700       800       900     1e+03   1.1e+03   1.2e+03   1.3e+03   1.4e+03   1.5e+03   1.6e+03   1.7e+03   1.8e+03   1.9e+03     2e+03
0.1      3.86e-25  3.56e-23  1.04e-21  1.39e-20  1.12e-19  6.28e-19   2.6e-18     9e-18  2.59e-17  6.74e-17  1.49e-16  3.12e-16  6.13e-16  1.08e-15  1.92e-15   3.1e-15
1        8.17e-25  7.66e-23  2.21e-21  2.94e-20  2.33e-19   1.3e-18  5.33e-18  1.82e-17   5.2e-17  1.34e-16  2.94e-16   6.1e-16  1.18e-15  2.09e-15  3.65e-15  5.84e-15
10       1.53e-24  1.44e-22  4.14e-21  5.46e-20   4.3e-19  2.36e-18  9.65e-18  3.26e-17  9.23e-17  2.34e-16  5.12e-16  1.05e-15  1.98e-15  3.44e-15  5.89e-15  9.21e-15
100      2.57e-24  2.42e-22  6.87e-21     9e-20  7.01e-19   3.8e-18  1.53e-17  5.09e-17  1.41e-16  3.49e-16  7.43e-16  1.47e-15  2.72e-15  4.58e-15  7.69e-15  1.18e-14
O-O           ***       ***       ***       ***       ***       ***       ***       ***       ***       ***       ***       ***       ***       ***       ***       ***

P1->P2

P\T           500       600       700       800       900     1e+03   1.1e+03   1.2e+03   1.3e+03   1.4e+03   1.5e+03   1.6e+03   1.7e+03   1.8e+03   1.9e+03     2e+03
0.1      5.08e-24  5.16e-22  1.53e-20  2.06e-19  1.63e-18  8.85e-18  3.63e-17   1.2e-16  3.37e-16  8.24e-16  1.83e-15  3.68e-15  6.91e-15  1.22e-14  2.02e-14  3.23e-14
1        4.63e-24  4.74e-22   1.4e-20   1.9e-19  1.51e-18  8.16e-18  3.35e-17  1.11e-16   3.1e-16  7.57e-16  1.68e-15  3.37e-15  6.32e-15  1.11e-14  1.83e-14  2.93e-14
10       3.95e-24  4.09e-22  1.22e-20  1.66e-19  1.32e-18  7.14e-18  2.94e-17   9.7e-17  2.72e-16   6.6e-16  1.47e-15  2.95e-15  5.51e-15   9.7e-15   1.6e-14  2.55e-14
100      2.91e-24  3.11e-22  9.45e-21   1.3e-19  1.04e-18  5.65e-18  2.34e-17   7.7e-17  2.16e-16  5.21e-16  1.16e-15  2.32e-15  4.33e-15   7.6e-15  1.24e-14  1.98e-14
O-O           ***       ***       ***       ***       ***       ***       ***       ***       ***       ***       ***       ***       ***       ***       ***       ***

P2->W1

P\T           500       600       700       800       900     1e+03   1.1e+03   1.2e+03   1.3e+03   1.4e+03   1.5e+03   1.6e+03   1.7e+03   1.8e+03   1.9e+03     2e+03
0.1      2.92e-18  4.86e-18  7.14e-18  9.43e-18  1.22e-17  1.59e-17  1.93e-17  2.44e-17  2.96e-17  3.83e-17  5.15e-17  8.54e-17  1.29e-16  2.68e-16   4.1e-16  6.89e-16
1        1.72e-17  2.43e-17  3.26e-17  4.08e-17  5.06e-17  6.39e-17  7.59e-17  9.42e-17  1.13e-16  1.43e-16  1.77e-16  2.56e-16   3.3e-16  6.05e-16  8.55e-16  1.26e-15
10       7.19e-17  9.15e-17  1.15e-16  1.39e-16  1.69e-16  2.09e-16  2.49e-16  3.11e-16  3.87e-16     5e-16  6.41e-16  8.73e-16  1.04e-15  1.69e-15  2.22e-15  3.17e-15
100      4.71e-16  5.55e-16  7.52e-16  1.03e-15  1.54e-15  2.22e-15  3.47e-15  5.14e-15  7.96e-15  1.11e-14  1.66e-14  2.37e-14   3.1e-14   4.5e-14  5.58e-14  7.38e-14
O-O           ***       ***       ***       ***       ***       ***       ***       ***       ***       ***       ***       ***       ***       ***       ***       ***

P2->W2

P\T           500       600       700       800       900     1e+03   1.1e+03   1.2e+03   1.3e+03   1.4e+03   1.5e+03   1.6e+03   1.7e+03   1.8e+03   1.9e+03     2e+03
0.1      7.57e-12  1.17e-11  1.49e-11  1.71e-11  1.88e-11  2.06e-11  2.17e-11  2.31e-11  2.41e-11  2.56e-11  2.61e-11  2.71e-11  2.87e-11  2.87e-11  3.02e-11  3.06e-11
1        2.09e-11  2.72e-11  3.19e-11   3.5e-11  3.75e-11  4.01e-11  4.15e-11  4.36e-11   4.5e-11  4.72e-11  4.77e-11  4.92e-11  5.14e-11  5.15e-11  5.35e-11  5.42e-11
10       4.59e-11  5.33e-11  5.89e-11  6.24e-11  6.52e-11  6.83e-11  6.99e-11  7.23e-11   7.4e-11  7.67e-11  7.73e-11  7.91e-11  8.17e-11  8.18e-11  8.44e-11  8.51e-11
100      8.44e-11  9.03e-11   9.5e-11   9.8e-11  1.01e-10  1.03e-10  1.05e-10  1.07e-10  1.09e-10  1.12e-10  1.12e-10  1.14e-10  1.17e-10  1.17e-10   1.2e-10  1.21e-10
O-O       1.9e-10  1.96e-10  2.01e-10  2.06e-10   2.1e-10  2.13e-10  2.17e-10   2.2e-10  2.23e-10  2.26e-10  2.28e-10  2.31e-10  2.33e-10  2.35e-10  2.37e-10  2.39e-10

P2->P1

P\T           500       600       700       800       900     1e+03   1.1e+03   1.2e+03   1.3e+03   1.4e+03   1.5e+03   1.6e+03   1.7e+03   1.8e+03   1.9e+03     2e+03
0.1      8.69e-13  9.09e-13  1.01e-12  1.17e-12  1.37e-12  1.61e-12   1.9e-12  2.22e-12  2.59e-12  2.99e-12  3.46e-12  3.96e-12  4.53e-12  5.13e-12  5.74e-12  6.46e-12
1        7.92e-13  8.34e-13  9.34e-13  1.08e-12  1.27e-12  1.49e-12  1.75e-12  2.04e-12  2.38e-12  2.74e-12  3.18e-12  3.63e-12  4.14e-12  4.68e-12  5.22e-12  5.87e-12
10       6.76e-13   7.2e-13  8.11e-13  9.43e-13  1.11e-12   1.3e-12  1.54e-12  1.79e-12  2.09e-12  2.39e-12  2.78e-12  3.17e-12  3.61e-12  4.09e-12  4.54e-12  5.11e-12
100      4.98e-13  5.48e-13  6.28e-13   7.4e-13  8.75e-13  1.03e-12  1.22e-12  1.42e-12  1.66e-12  1.89e-12   2.2e-12   2.5e-12  2.84e-12   3.2e-12  3.53e-12  3.96e-12
O-O           ***       ***       ***       ***       ***       ***       ***       ***       ***       ***       ***       ***       ***       ***       ***       ***

W1-> 

P\T           500       600       700       800       900     1e+03   1.1e+03   1.2e+03   1.3e+03   1.4e+03   1.5e+03   1.6e+03   1.7e+03   1.8e+03   1.9e+03     2e+03
0.1      1.01e+10  1.63e+10  2.04e+10  2.06e+10  2.04e+10  1.88e+10  1.77e+10  1.62e+10   1.5e+10  1.35e+10  1.23e+10  1.13e+10  1.03e+10  9.36e+09  8.49e+09  7.74e+09
1        2.72e+10  3.62e+10  4.09e+10  3.96e+10  3.79e+10  3.43e+10  3.16e+10  2.86e+10  2.61e+10  2.33e+10  2.11e+10  1.92e+10  1.74e+10  1.57e+10  1.42e+10  1.29e+10
10       5.82e+10  6.84e+10  7.21e+10  6.76e+10   6.3e+10  5.63e+10   5.1e+10  4.56e+10  4.11e+10  3.66e+10  3.28e+10  2.96e+10  2.67e+10  2.41e+10  2.17e+10  1.96e+10
100      1.07e+11  1.14e+11  1.13e+11  1.04e+11  9.44e+10  8.36e+10  7.47e+10  6.62e+10  5.91e+10  5.24e+10  4.67e+10  4.19e+10  3.77e+10  3.39e+10  3.05e+10  2.76e+10
O-O      2.13e+11  2.21e+11  2.11e+11  1.95e+11  1.76e+11  1.57e+11  1.39e+11  1.23e+11  1.09e+11  9.71e+10  8.64e+10  7.71e+10   6.9e+10   6.2e+10  5.58e+10  5.04e+10

W2-> 

P\T           500       600       700       800       900     1e+03   1.1e+03   1.2e+03   1.3e+03   1.4e+03   1.5e+03   1.6e+03   1.7e+03   1.8e+03   1.9e+03     2e+03
0.1      1.59e+10  2.49e+10  2.99e+10  3.11e+10  3.04e+10  2.92e+10  2.69e+10  2.51e+10  2.29e+10  2.14e+10  1.91e+10  1.76e+10  1.64e+10  1.47e+10  1.38e+10  1.26e+10
1        4.31e+10  5.64e+10  6.19e+10  6.12e+10  5.81e+10  5.44e+10  4.93e+10  4.53e+10  4.09e+10  3.77e+10  3.36e+10  3.06e+10  2.83e+10  2.53e+10  2.36e+10  2.14e+10
10       9.41e+10   1.1e+11  1.13e+11  1.08e+11     1e+11   9.2e+10  8.23e+10  7.45e+10  6.68e+10  6.08e+10   5.4e+10  4.89e+10  4.48e+10     4e+10  3.69e+10  3.34e+10
100      1.73e+11  1.86e+11  1.83e+11   1.7e+11  1.54e+11  1.39e+11  1.24e+11  1.11e+11  9.83e+10  8.87e+10  7.85e+10  7.07e+10  6.43e+10  5.74e+10  5.26e+10  4.76e+10
O-O      3.89e+11  4.03e+11  3.87e+11  3.57e+11  3.22e+11  2.88e+11  2.56e+11  2.27e+11  2.02e+11  1.79e+11   1.6e+11  1.43e+11  1.29e+11  1.16e+11  1.05e+11  9.48e+10

P1-> 

P\T           500       600       700       800       900     1e+03   1.1e+03   1.2e+03   1.3e+03   1.4e+03   1.5e+03   1.6e+03   1.7e+03   1.8e+03   1.9e+03     2e+03
0.1      9.31e-12  1.46e-11  1.94e-11  2.16e-11  2.41e-11  2.54e-11  2.72e-11  2.85e-11  3.01e-11   3.1e-11   3.2e-11  3.32e-11  3.44e-11  3.51e-11  3.57e-11  3.63e-11
1         2.5e-11  3.28e-11  3.95e-11  4.24e-11  4.57e-11  4.72e-11  4.98e-11  5.15e-11  5.36e-11  5.48e-11  5.62e-11  5.78e-11  5.93e-11  6.03e-11  6.11e-11   6.2e-11
10       5.24e-11  6.12e-11   6.9e-11  7.18e-11  7.56e-11  7.71e-11     8e-11  8.18e-11  8.43e-11  8.56e-11  8.72e-11  8.91e-11  9.08e-11   9.2e-11  9.29e-11   9.4e-11
100      9.61e-11  1.02e-10  1.08e-10   1.1e-10  1.14e-10  1.15e-10  1.17e-10  1.19e-10  1.21e-10  1.23e-10  1.24e-10  1.26e-10  1.28e-10  1.29e-10  1.31e-10  1.32e-10
O-O      1.91e-10  1.97e-10  2.03e-10  2.07e-10  2.11e-10  2.15e-10  2.18e-10  2.22e-10  2.25e-10  2.27e-10   2.3e-10  2.32e-10  2.35e-10  2.37e-10  2.39e-10  2.41e-10

P2-> 

P\T           500       600       700       800       900     1e+03   1.1e+03   1.2e+03   1.3e+03   1.4e+03   1.5e+03   1.6e+03   1.7e+03   1.8e+03   1.9e+03     2e+03
0.1      8.77e-12-1.66e+208  1.63e-11  1.87e-11  2.06e-11  2.26e-11  2.39e-11  2.57e-11  2.71e-11  2.91e-11  2.99e-11  3.15e-11  3.37e-11  3.43e-11  3.63e-11  3.76e-11
1        2.22e-11  2.86e-11  3.34e-11  3.66e-11  3.93e-11   4.2e-11  4.37e-11  4.61e-11  4.78e-11  5.04e-11  5.14e-11  5.33e-11   5.6e-11  5.66e-11  5.92e-11  6.05e-11
10       4.66e-11  5.41e-11  5.97e-11  6.33e-11  6.63e-11  6.96e-11  7.14e-11  7.41e-11  7.61e-11  7.91e-11  8.01e-11  8.23e-11  8.53e-11  8.59e-11  8.89e-11  9.02e-11
100      8.49e-11  9.08e-11  9.56e-11  9.87e-11  1.01e-10  1.04e-10  1.06e-10  1.09e-10  1.11e-10  1.14e-10  1.15e-10  1.17e-10   1.2e-10  1.21e-10  1.24e-10  1.25e-10
O-O       1.9e-10  1.96e-10  2.01e-10  2.06e-10   2.1e-10  2.13e-10  2.17e-10   2.2e-10  2.23e-10  2.26e-10  2.28e-10  2.31e-10  2.33e-10  2.35e-10  2.37e-10  2.39e-10

