Wells (G - ground energy, D - dissociation limit, kcal/mol):
                            W         G         D
                    S(1206)r0         0      18.6
                    S(1210)r0      0.46      19.5
                    S(1206)r1         0      18.6
                    S(1210)r1      0.46      19.5
                    S(1209)r0      12.7      26.6
                C5O2pkpfsder0      45.1      57.4
                 C5O2sidwaoee      43.9        56
                 C5O2sidwaoez      44.3        58
                    S(1209)r1      12.7      26.6
                C5O2pkpfsder1      45.1      57.4
                       S(602)     -0.69      27.5
      FakeW-C5H6O(645)z+OH(4)     -14.4     -11.4
       FakeW-C5H6(478)+HO2(8)      11.9      14.9
       FakeW-OH(4)+S(1288)rs0     -4.08     -1.08
       FakeW-OH(4)+S(1288)rs1     -4.08     -1.08
      FakeW-C5Oqidgnvrs+OH(4)      18.3      21.3
        FakeW-C5H7(500)+O2(6)      15.6      18.6
        FakeW-C5H7(504)+O2(6)      27.4      30.4

Bimolecular Products (G - ground energy, kcal/mol):
                      P         G
      C5H6O(645)z+OH(4)     -11.4
       C5H6(478)+HO2(8)      14.9
       OH(4)+S(1288)rs0     -1.08
       OH(4)+S(1288)rs1     -1.08
      C5Oqidgnvrs+OH(4)      21.3
        C5H7(500)+O2(6)      18.6
        C5H7(504)+O2(6)      30.4

Well-to-Bimolecular Barriers (H/G - barrier height/well depth, kcal/mol)
                            B         H                       W         G                 P
      FakeB-C5H6O(645)z+OH(4)     -11.4 FakeW-C5H6O(645)z+OH(4)     -14.4 C5H6O(645)z+OH(4)
       FakeB-C5H6(478)+HO2(8)      14.9  FakeW-C5H6(478)+HO2(8)      11.9  C5H6(478)+HO2(8)
       FakeB-OH(4)+S(1288)rs0     -1.08  FakeW-OH(4)+S(1288)rs0     -4.08  OH(4)+S(1288)rs0
       FakeB-OH(4)+S(1288)rs1     -1.08  FakeW-OH(4)+S(1288)rs1     -4.08  OH(4)+S(1288)rs1
      FakeB-C5Oqidgnvrs+OH(4)      21.3 FakeW-C5Oqidgnvrs+OH(4)      18.3 C5Oqidgnvrs+OH(4)
        FakeB-C5H7(500)+O2(6)      18.6   FakeW-C5H7(500)+O2(6)      15.6   C5H7(500)+O2(6)
        FakeB-C5H7(504)+O2(6)      30.4   FakeW-C5H7(504)+O2(6)      27.4   C5H7(504)+O2(6)

Well-to-Well Barriers (H/G - barrier height/well depth, kcal/mol):
            B         H                      W1        G1                      W2        G2
       ts_1_1      29.4               S(1206)r0         0               S(1210)r0      0.46
       ts_1_2      29.4               S(1206)r1         0               S(1210)r1      0.46
       ts_1_3      57.4               S(1209)r0      12.7           C5O2pkpfsder0      45.1
       ts_1_4        56               S(1209)r0      12.7            C5O2sidwaoee      43.9
       ts_1_5        58               S(1209)r0      12.7            C5O2sidwaoez      44.3
       ts_1_6      34.8               S(1209)r0      12.7               S(1206)r0         0
       ts_1_7      57.4               S(1209)r1      12.7           C5O2pkpfsder1      45.1
       ts_1_8        56               S(1209)r1      12.7            C5O2sidwaoee      43.9
       ts_1_9        58               S(1209)r1      12.7            C5O2sidwaoez      44.3
      ts_1_10      34.8               S(1209)r1      12.7               S(1206)r1         0
      ts_1_11      42.1               S(1210)r0      0.46 FakeW-C5H6O(645)z+OH(4)     -14.4
      ts_1_12      42.1               S(1210)r1      0.46 FakeW-C5H6O(645)z+OH(4)     -14.4
      ts_1_13      28.9                  S(602)     -0.69               S(1210)r0      0.46
      ts_1_14      28.9                  S(602)     -0.69               S(1210)r1      0.46
      ts_1_16      25.1               S(1206)r0         0  FakeW-C5H6(478)+HO2(8)      11.9
      ts_1_17      25.1               S(1206)r1         0  FakeW-C5H6(478)+HO2(8)      11.9
      ts_1_18      28.4               S(1209)r0      12.7  FakeW-OH(4)+S(1288)rs0     -4.08
      ts_1_19      28.4               S(1209)r1      12.7  FakeW-OH(4)+S(1288)rs1     -4.08
      ts_1_20        48               S(1210)r0      0.46 FakeW-C5Oqidgnvrs+OH(4)      18.3
      ts_1_21      19.5               S(1210)r0      0.46  FakeW-OH(4)+S(1288)rs0     -4.08
      ts_1_22        48               S(1210)r1      0.46 FakeW-C5Oqidgnvrs+OH(4)      18.3
      ts_1_23      19.5               S(1210)r1      0.46  FakeW-OH(4)+S(1288)rs1     -4.08
      ts_1_24      27.5                  S(602)     -0.69  FakeW-C5H6(478)+HO2(8)      11.9
      ts_1_25      26.6  FakeW-C5H6(478)+HO2(8)      11.9               S(1209)r0      12.7
      ts_1_26      26.6  FakeW-C5H6(478)+HO2(8)      11.9               S(1209)r1      12.7
      ts_1_27      21.8  FakeW-C5H6(478)+HO2(8)      11.9               S(1210)r0      0.46
      ts_1_28      21.8  FakeW-C5H6(478)+HO2(8)      11.9               S(1210)r1      0.46
      ts_1_29      18.6   FakeW-C5H7(500)+O2(6)      15.6               S(1206)r0         0
      ts_1_30      18.6   FakeW-C5H7(500)+O2(6)      15.6               S(1206)r1         0
      ts_1_31      30.4   FakeW-C5H7(504)+O2(6)      27.4                  S(602)     -0.69

Bound Groups: dissociation barrier (name/ground energy, kcal/mol): wells (name/ground energy, kcal/mol):
     C1/-11.4:  FakeW-C5H6O(645)z+OH(4)/-14.4

     C3/-1.08:  FakeW-OH(4)+S(1288)rs0/-4.08

     C4/-1.08:  FakeW-OH(4)+S(1288)rs1/-4.08

     C2/14.9:  FakeW-C5H6(478)+HO2(8)/11.9

     C6/18.6:  S(1206)r0/0  S(1206)r1/0  FakeW-C5H7(500)+O2(6)/15.6

     B20/19.5:  S(1210)r0/0.46

     B22/19.5:  S(1210)r1/0.46

     C5/21.3:  FakeW-C5Oqidgnvrs+OH(4)/18.3

     B24/26.6:  S(1209)r0/12.7

     B25/26.6:  S(1209)r1/12.7

     B23/27.5:  S(602)/-0.69

     B30/30.4:  FakeW-C5H7(504)+O2(6)/27.4

     B4/56:  C5O2sidwaoee/43.9

     B3/57.4:  C5O2pkpfsder0/45.1

     B7/57.4:  C5O2pkpfsder1/45.1

     B5/58:  C5O2sidwaoez/44.3

________________________________________________________________________________________

Names Translation Tables (<short name> - <original name>):
Wells:
   W1 - S(1206)r0
   W2 - S(1210)r0
   W3 - S(1206)r1
   W4 - S(1210)r1
   W5 - S(1209)r0
   W6 - C5O2pkpfsder0
   W7 - C5O2sidwaoee
   W8 - C5O2sidwaoez
   W9 - S(1209)r1
  W10 - C5O2pkpfsder1
  W11 - S(602)
  W12 - FakeW-C5H6O(645)z+OH(4)
  W13 - FakeW-C5H6(478)+HO2(8)
  W14 - FakeW-OH(4)+S(1288)rs0
  W15 - FakeW-OH(4)+S(1288)rs1
  W16 - FakeW-C5Oqidgnvrs+OH(4)
  W17 - FakeW-C5H7(500)+O2(6)
  W18 - FakeW-C5H7(504)+O2(6)
Bimolecular products:
   P1 - C5H6O(645)z+OH(4)
   P2 - C5H6(478)+HO2(8)
   P3 - OH(4)+S(1288)rs0
   P4 - OH(4)+S(1288)rs1
   P5 - C5Oqidgnvrs+OH(4)
   P6 - C5H7(500)+O2(6)
   P7 - C5H7(504)+O2(6)
Inner Barriers:
   B1 - ts_1_1
   B2 - ts_1_2
   B3 - ts_1_3
   B4 - ts_1_4
   B5 - ts_1_5
   B6 - ts_1_6
   B7 - ts_1_7
   B8 - ts_1_8
   B9 - ts_1_9
  B10 - ts_1_10
  B11 - ts_1_11
  B12 - ts_1_12
  B13 - ts_1_13
  B14 - ts_1_14
  B15 - ts_1_16
  B16 - ts_1_17
  B17 - ts_1_18
  B18 - ts_1_19
  B19 - ts_1_20
  B20 - ts_1_21
  B21 - ts_1_22
  B22 - ts_1_23
  B23 - ts_1_24
  B24 - ts_1_25
  B25 - ts_1_26
  B26 - ts_1_27
  B27 - ts_1_28
  B28 - ts_1_29
  B29 - ts_1_30
  B30 - ts_1_31
Outer Barriers:
   C1 - FakeB-C5H6O(645)z+OH(4)
   C2 - FakeB-C5H6(478)+HO2(8)
   C3 - FakeB-OH(4)+S(1288)rs0
   C4 - FakeB-OH(4)+S(1288)rs1
   C5 - FakeB-C5Oqidgnvrs+OH(4)
   C6 - FakeB-C5H7(500)+O2(6)
   C7 - FakeB-C5H7(504)+O2(6)
Unimolecular Rate Units: 1/sec;  Bimolecular Rate Units: cm^3/sec

______________________________________________________________________________________

Species-Species Rate Tables:

Temperature = 500 K

High Pressure Rate Coefficients:

From\To         W1        W2        W3        W4        W5        W6        W7        W8        W9       W10       W11       W12       W13       W14       W15       W16       W17       W18        P1        P2        P3        P4        P5        P6        P7
W1             ***     0.317       ***       ***   0.00733       ***       ***       ***       ***       ***       ***       ***      16.9       ***       ***       ***  3.61e+06       ***       ***       ***       ***       ***       ***       ***       ***
W2           0.248       ***       ***       ***       ***       ***       ***       ***       ***       ***      2.28  5.24e-06  2.19e+03  1.75e+04       ***  4.52e-09       ***       ***       ***       ***       ***       ***       ***       ***       ***
W3             ***       ***       ***     0.317       ***       ***       ***       ***   0.00733       ***       ***       ***      16.9       ***       ***       ***  3.61e+06       ***       ***       ***       ***       ***       ***       ***       ***
W4             ***       ***     0.248       ***       ***       ***       ***       ***       ***       ***      2.28  5.24e-06  2.19e+03       ***  1.75e+04  4.52e-09       ***       ***       ***       ***       ***       ***       ***       ***       ***
W5        1.72e+03       ***       ***       ***       ***  5.11e-07  3.14e-06  7.43e-08       ***       ***       ***       ***   4.7e+06  9.57e+05       ***       ***       ***       ***       ***       ***       ***       ***       ***       ***       ***
W6             ***       ***       ***       ***  1.32e+06       ***       ***       ***       ***       ***       ***       ***       ***       ***       ***       ***       ***       ***       ***       ***       ***       ***       ***       ***       ***
W7             ***       ***       ***       ***  1.76e+06       ***       ***       ***  1.76e+06       ***       ***       ***       ***       ***       ***       ***       ***       ***       ***       ***       ***       ***       ***       ***       ***
W8             ***       ***       ***       ***  6.15e+04       ***       ***       ***  6.15e+04       ***       ***       ***       ***       ***       ***       ***       ***       ***       ***       ***       ***       ***       ***       ***       ***
W9             ***       ***  1.72e+03       ***       ***       ***  3.14e-06  7.43e-08       ***  5.11e-07       ***       ***   4.7e+06       ***  9.57e+05       ***       ***       ***       ***       ***       ***       ***       ***       ***       ***
W10            ***       ***       ***       ***       ***       ***       ***       ***  1.32e+06       ***       ***       ***       ***       ***       ***       ***       ***       ***       ***       ***       ***       ***       ***       ***       ***
W11            ***      7.26       ***      7.26       ***       ***       ***       ***       ***       ***       ***       ***      4.56       ***       ***       ***       ***        27       ***       ***       ***       ***       ***       ***       ***
W12            ***  6.68e-18       ***  6.68e-18       ***       ***       ***       ***       ***       ***       ***       ***       ***       ***       ***       ***       ***       ***  1.62e+10       ***       ***       ***       ***       ***       ***
W13            320  5.27e+04       320  5.27e+04       379       ***       ***       ***       379       ***      34.5       ***       ***       ***       ***       ***       ***       ***       ***  2.15e+11       ***       ***       ***       ***       ***
W14            ***     0.033       ***       ***  6.03e-06       ***       ***       ***       ***       ***       ***       ***       ***       ***       ***       ***       ***       ***       ***       ***  1.62e+10       ***       ***       ***       ***
W15            ***       ***       ***     0.033       ***       ***       ***       ***  6.03e-06       ***       ***       ***       ***       ***       ***       ***       ***       ***       ***       ***       ***  1.62e+10       ***       ***       ***
W16            ***  8.02e-05       ***  8.02e-05       ***       ***       ***       ***       ***       ***       ***       ***       ***       ***       ***       ***       ***       ***       ***       ***       ***       ***  7.16e+09       ***       ***
W17       3.43e+09       ***  3.43e+09       ***       ***       ***       ***       ***       ***       ***       ***       ***       ***       ***       ***       ***       ***       ***       ***       ***       ***       ***       ***  1.51e+11       ***
W18            ***       ***       ***       ***       ***       ***       ***       ***       ***       ***  3.52e+09       ***       ***       ***       ***       ***       ***       ***       ***       ***       ***       ***       ***       ***  1.55e+11
P1             ***       ***       ***       ***       ***       ***       ***       ***       ***       ***       ***  2.41e-10       ***       ***       ***       ***       ***       ***       ***       ***       ***       ***       ***       ***       ***
P2             ***       ***       ***       ***       ***       ***       ***       ***       ***       ***       ***       ***  1.92e-10       ***       ***       ***       ***       ***       ***       ***       ***       ***       ***       ***       ***
P3             ***       ***       ***       ***       ***       ***       ***       ***       ***       ***       ***       ***       ***  2.41e-10       ***       ***       ***       ***       ***       ***       ***       ***       ***       ***       ***
P4             ***       ***       ***       ***       ***       ***       ***       ***       ***       ***       ***       ***       ***       ***  2.41e-10       ***       ***       ***       ***       ***       ***       ***       ***       ***       ***
P5             ***       ***       ***       ***       ***       ***       ***       ***       ***       ***       ***       ***       ***       ***       ***  2.41e-10       ***       ***       ***       ***       ***       ***       ***       ***       ***
P6             ***       ***       ***       ***       ***       ***       ***       ***       ***       ***       ***       ***       ***       ***       ***       ***  1.94e-10       ***       ***       ***       ***       ***       ***       ***       ***
P7             ***       ***       ***       ***       ***       ***       ***       ***       ***       ***       ***       ***       ***       ***       ***       ***       ***  1.94e-10       ***       ***       ***       ***       ***       ***       ***

Temperature = 500 K    Pressure = 0.1 atm

From\To         W1        W2        W3        W4        W5        W6        W7        W8        W9       W10       W11       W12       W13       W14       W15       W16       W17       W18        P1        P2        P3        P4        P5        P6        P7
W1        4.24e+05    0.0168  2.51e+03  0.000144  6.03e-05  4.47e-26 -4.56e-26  6.29e-27   8.7e-07 -1.08e-26  -3.8e-07  4.43e-05     4e-06  -0.00414 -0.000844 -2.26e-10  8.65e+04  7.38e-13    0.0809    0.0508 -6.28e-06 -0.000161 -8.77e-11  3.35e+05  8.59e-11
W2          0.0131   1.6e+04  0.000114   0.00167  5.81e-06 -1.31e-20 -3.52e-20 -3.95e-21   5.8e-06 -7.34e-21      1.78   0.00013    0.0279       0.7  0.000627  5.52e-10   0.00121  0.000135    0.0964  1.43e+03  1.46e+04   0.00127  7.37e-11     0.148     0.008
W3        2.51e+03  0.000144  4.24e+05    0.0168  8.71e-07   1.8e-25  -2.7e-25  3.09e-26  6.03e-05 -5.27e-26 -9.92e-08 -2.12e-05  2.12e-06   0.00937   0.00793  2.33e-10  8.65e+04  1.86e-12    -0.156    0.0508 -0.000133  0.000158  1.15e-10  3.35e+05  1.13e-10
W4        0.000114   0.00167    0.0131   1.6e+04   5.8e-06 -1.06e-20  5.42e-20  -3.1e-22  5.81e-06  1.34e-20      1.78 -0.000179    0.0279  -0.00376     0.693 -1.08e-09   0.00121  0.000135     -0.14  1.43e+03   0.00115  1.46e+04  7.23e-11     0.148     0.008
W5            14.2      1.73     0.206      1.73   1.4e+06  4.53e-14 -6.29e-14  7.54e-15   0.00851 -1.33e-14   0.00352    0.0225      21.1      24.2      26.3  3.05e-05      1.62  3.99e-06      -124  1.17e+06  2.24e+05     0.447  2.92e-07       508  0.000212
W6          0.0742  -0.00953    -0.265  -0.00776     0.484  9.51e+05    0.0362   0.00153     0.524  0.000343   1.3e-05  1.58e+05      46.1  9.93e+06 -1.32e+07     0.113     0.079 -0.000302  1.05e+08  7.87e+05 -4.31e+06     2e+05     0.482       866      0.97
W7        -0.00567  -0.00478    0.0401    0.0102     0.415   0.00787  1.99e+06   0.00339     0.286   0.00707  2.98e-05  -1.5e+05      64.1 -1.37e+06  1.82e+06   -0.0974     0.438 -0.000111 -9.89e+07  1.64e+06  1.85e+06 -8.09e+06      8.27  1.88e+03      1.54