Wells (G - ground energy, D - dissociation limit, kcal/mol):
                           W         G         D
                    S(2258)e         0         0
      FakeW-C3H4O(165)+OH(4)     -31.3     -28.3

Bimolecular Products (G - ground energy, kcal/mol):
                     P         G
      C3H4O(165)+OH(4)     -28.3

Well-to-Bimolecular Barriers (H/G - barrier height/well depth, kcal/mol)
                           B         H                      W         G                P
      FakeB-C3H4O(165)+OH(4)     -28.3 FakeW-C3H4O(165)+OH(4)     -31.3 C3H4O(165)+OH(4)

Well-to-Well Barriers (H/G - barrier height/well depth, kcal/mol):
           B         H                     W1        G1                     W2        G2
      ts_1_1         0               S(2258)e         0 FakeW-C3H4O(165)+OH(4)     -31.3

Bound Groups: dissociation barrier (name/ground energy, kcal/mol): wells (name/ground energy, kcal/mol):
     C1/-28.3:  FakeW-C3H4O(165)+OH(4)/-31.3

     B1/0:  S(2258)e/0

________________________________________________________________________________________

Names Translation Tables (<short name> - <original name>):
Wells:
   W1 - S(2258)e
   W2 - FakeW-C3H4O(165)+OH(4)
Bimolecular products:
   P1 - C3H4O(165)+OH(4)
Inner Barriers:
   B1 - ts_1_1
Outer Barriers:
   C1 - FakeB-C3H4O(165)+OH(4)
Unimolecular Rate Units: 1/sec;  Bimolecular Rate Units: cm^3/sec

______________________________________________________________________________________

Species-Species Rate Tables:

Temperature = 500 K

High Pressure Rate Coefficients:

From\To         W1        W2        P1
W1             ***  1.93e+13       ***
W2        4.59e-06       ***  5.75e+09
P1             ***   2.5e-10       ***

Temperature = 500 K    Pressure = 0.1 atm

From\To         W1        W2        P1
W1        6.52e+10 -3.25e+08  6.55e+10
W2        2.85e-16  7.72e+08  7.72e+08
P1           6e-28  3.35e-11  3.35e-11

Temperature = 500 K    Pressure = 1 atm

From\To         W1        W2        P1
W1         3.7e+11 -1.07e+10  3.81e+11
W2        3.55e-12  1.84e+09  1.84e+09
P1        3.71e-27     8e-11     8e-11

Temperature = 500 K    Pressure = 10 atm

From\To         W1        W2        P1
W1        1.37e+12 -3.46e+10   1.4e+12
W2        1.92e-08  3.74e+09  3.74e+09
P1        1.42e-26  1.62e-10  1.62e-10

Temperature = 500 K    Pressure = 100 atm

From\To         W1        W2        P1
W1        3.67e+12  2.43e+12  1.24e+12
W2        5.94e-07  5.35e+09  5.35e+09
P1        1.27e-26  2.32e-10  2.32e-10

Temperature = 600 K

High Pressure Rate Coefficients:

From\To         W1        W2        P1
W1             ***  1.65e+13       ***
W2        0.000497       ***  6.44e+09
P1             ***  2.58e-10       ***

Temperature = 600 K    Pressure = 0.1 atm

From\To         W1        W2        P1
W1        4.69e+10 -1.64e+08  4.71e+10
W2        2.44e-13  1.02e+09  1.02e+09
P1        5.15e-26  4.06e-11  4.06e-11

Temperature = 600 K    Pressure = 1 atm

From\To         W1        W2        P1
W1         2.3e+11    -4e+09  2.34e+11
W2        9.89e-10  2.21e+09  2.21e+09
P1         2.7e-25  8.84e-11  8.84e-11

Temperature = 600 K    Pressure = 10 atm

From\To         W1        W2        P1
W1        8.15e+11  1.64e+10  7.99e+11
W2        1.68e-06  4.15e+09  4.15e+09
P1         9.5e-25  1.66e-10  1.66e-10

Temperature = 600 K    Pressure = 100 atm

From\To         W1        W2        P1
W1        2.24e+12  1.49e+12  7.46e+11
W2        4.58e-05  5.94e+09  5.94e+09
P1        8.95e-25  2.38e-10  2.38e-10

Temperature = 700 K

High Pressure Rate Coefficients:

From\To         W1        W2        P1
W1             ***  1.47e+13       ***
W2          0.0138       ***  6.61e+09
P1             ***  2.64e-10       ***

Temperature = 700 K    Pressure = 0.1 atm

From\To         W1        W2        P1
W1        3.69e+10 -1.05e+08   3.7e+10
W2        3.18e-11  1.16e+09  1.16e+09
P1        1.28e-24  4.64e-11  4.64e-11

Temperature = 700 K    Pressure = 1 atm

From\To         W1        W2        P1
W1        1.62e+11 -2.03e+09  1.64e+11
W2        6.72e-08  2.38e+09  2.38e+09
P1        5.95e-24  9.54e-11  9.54e-11

Temperature = 700 K    Pressure = 10 atm

From\To         W1        W2        P1
W1        5.58e+11   2.8e+10   5.3e+11
W2        4.41e-05  4.26e+09  4.26e+09
P1        1.97e-23   1.7e-10   1.7e-10

Temperature = 700 K    Pressure = 100 atm

From\To         W1        W2        P1
W1        1.55e+12  1.05e+12     5e+11
W2        0.000993  6.06e+09  6.06e+09
P1        1.87e-23  2.43e-10  2.43e-10

Temperature = 800 K

High Pressure Rate Coefficients:

From\To         W1        W2        P1
W1             ***  1.35e+13       ***
W2           0.165       ***  6.46e+09
P1             ***   2.7e-10       ***

Temperature = 800 K    Pressure = 0.1 atm

From\To         W1        W2        P1
W1         2.7e+10 -5.95e+07   2.7e+10
W2        -1.4e-09  1.28e+09  1.28e+09
P1        1.28e-23  5.35e-11  5.35e-11

Temperature = 800 K    Pressure = 1 atm

From\To         W1        W2        P1
W1        1.12e+11 -9.29e+08  1.13e+11
W2         1.8e-06  2.49e+09  2.49e+09
P1        5.61e-23  1.04e-10  1.04e-10

Temperature = 800 K    Pressure = 10 atm

From\To         W1        W2        P1
W1        3.84e+11  3.31e+10   3.5e+11
W2        0.000516  4.24e+09  4.24e+09
P1        1.77e-22  1.77e-10  1.77e-10

Temperature = 800 K    Pressure = 100 atm

From\To         W1        W2        P1
W1        1.08e+12  7.56e+11  3.29e+11
W2         0.00928  5.93e+09  5.93e+09
P1        1.67e-22  2.48e-10  2.48e-10

Temperature = 900 K

High Pressure Rate Coefficients:

From\To         W1        W2        P1
W1             ***  1.27e+13       ***
W2            1.13       ***  6.14e+09
P1             ***  2.76e-10       ***

Temperature = 900 K    Pressure = 0.1 atm

From\To         W1        W2        P1
W1        1.95e+10 -3.32e+07  1.96e+10
W2        3.84e-08   1.3e+09   1.3e+09
P1        7.33e-23   5.8e-11   5.8e-11

Temperature = 900 K    Pressure = 1 atm

From\To         W1        W2        P1
W1        7.94e+10 -3.23e+08  7.97e+10
W2        2.36e-05  2.44e+09  2.44e+09
P1         3.1e-22   1.1e-10   1.1e-10

Temperature = 900 K    Pressure = 10 atm

From\To         W1        W2        P1
W1        2.73e+11  3.42e+10  2.38e+11
W2         0.00346  4.05e+09  4.05e+09
P1        9.42e-22  1.82e-10  1.82e-10

Temperature = 900 K    Pressure = 100 atm

From\To         W1        W2        P1
W1        7.86e+11  5.64e+11  2.22e+11
W2          0.0503  5.63e+09  5.63e+09
P1        8.81e-22  2.53e-10  2.53e-10

Temperature = 1e+03 K

High Pressure Rate Coefficients:

From\To         W1        W2        P1
W1             ***  1.21e+13       ***
W2            5.23       ***  5.75e+09
P1             ***  2.81e-10       ***

Temperature = 1e+03 K    Pressure = 0.1 atm

From\To         W1        W2        P1
W1        1.48e+10 -1.98e+07  1.48e+10
W2        5.58e-07  1.32e+09  1.32e+09
P1        2.96e-22  6.42e-11  6.42e-11

Temperature = 1e+03 K    Pressure = 1 atm

From\To         W1        W2        P1
W1        5.95e+10  1.33e+08  5.93e+10
W2        0.000213   2.4e+09   2.4e+09
P1        1.22e-21  1.17e-10  1.17e-10

Temperature = 1e+03 K    Pressure = 10 atm

From\To         W1        W2        P1
W1        2.05e+11  3.64e+10  1.68e+11
W2          0.0169  3.85e+09  3.85e+09
P1        3.52e-21  1.88e-10  1.88e-10

Temperature = 1e+03 K    Pressure = 100 atm

From\To         W1        W2        P1
W1        5.99e+11  4.47e+11  1.52e+11
W2           0.194  5.28e+09  5.28e+09
P1         3.2e-21  2.58e-10  2.58e-10

Temperature = 1.1e+03 K

High Pressure Rate Coefficients:

From\To         W1        W2        P1
W1             ***  1.17e+13       ***
W2            18.3       ***  5.33e+09
P1             ***  2.85e-10       ***

Temperature = 1.1e+03 K    Pressure = 0.1 atm

From\To         W1        W2        P1
W1        1.22e+10 -8.04e+06  1.22e+10
W2        1.17e-05  1.25e+09  1.25e+09
P1        9.66e-22  6.68e-11  6.68e-11

Temperature = 1.1e+03 K    Pressure = 1 atm

From\To         W1        W2        P1
W1        4.82e+10  5.79e+08  4.76e+10
W2         0.00131  2.24e+09  2.24e+09
P1         3.9e-21   1.2e-10   1.2e-10

Temperature = 1.1e+03 K    Pressure = 10 atm

From\To         W1        W2        P1
W1        1.65e+11  3.84e+10  1.27e+11
W2          0.0628  3.57e+09  3.57e+09
P1        1.06e-20  1.91e-10  1.91e-10

Temperature = 1.1e+03 K    Pressure = 100 atm

From\To         W1        W2        P1
W1        4.87e+11  3.75e+11  1.13e+11
W2           0.588  4.88e+09  4.88e+09
P1        9.39e-21  2.61e-10  2.61e-10

Temperature = 1.2e+03 K

High Pressure Rate Coefficients:

From\To         W1        W2        P1
W1             ***  1.14e+13       ***
W2            51.8       ***  4.92e+09
P1             ***  2.89e-10       ***

Temperature = 1.2e+03 K    Pressure = 0.1 atm

From\To         W1        W2        P1
W1         1.1e+10  8.34e+06   1.1e+10
W2        0.000107  1.23e+09  1.23e+09
P1         2.8e-21  7.19e-11  7.19e-11

Temperature = 1.2e+03 K    Pressure = 1 atm

From\To         W1        W2        P1
W1        4.27e+10  1.45e+09  4.13e+10
W2         0.00761  2.14e+09  2.14e+09
P1        1.08e-20  1.26e-10  1.26e-10

Temperature = 1.2e+03 K    Pressure = 10 atm

From\To         W1        W2        P1
W1        1.45e+11  4.47e+10  1.01e+11
W2            0.21  3.34e+09  3.34e+09
P1        2.68e-20  1.96e-10  1.96e-10

Temperature = 1.2e+03 K    Pressure = 100 atm

From\To         W1        W2        P1
W1        4.27e+11  3.41e+11  8.57e+10
W2            1.56  4.51e+09  4.51e+09
P1        2.29e-20  2.65e-10  2.65e-10

Temperature = 1.3e+03 K

High Pressure Rate Coefficients:

From\To         W1        W2        P1
W1             ***  1.11e+13       ***
W2             125       ***  4.52e+09
P1             ***  2.93e-10       ***

Temperature = 1.3e+03 K    Pressure = 0.1 atm

From\To         W1        W2        P1
W1         9.5e+09  8.11e+07  9.42e+09
W2         0.00115  1.17e+09  1.17e+09
P1         6.5e-21  7.53e-11  7.53e-11

Temperature = 1.3e+03 K    Pressure = 1 atm

From\To         W1        W2        P1
W1        3.65e+10  3.22e+09  3.33e+10
W2          0.0381  2.01e+09  2.01e+09
P1        2.37e-20   1.3e-10   1.3e-10

Temperature = 1.3e+03 K    Pressure = 10 atm

From\To         W1        W2        P1
W1        1.24e+11  4.96e+10  7.43e+10
W2           0.566  3.09e+09  3.09e+09
P1        5.36e-20     2e-10     2e-10

Temperature = 1.3e+03 K    Pressure = 100 atm

From\To         W1        W2        P1
W1        3.65e+11  3.03e+11  6.26e+10
W2             3.4  4.15e+09  4.15e+09
P1        4.54e-20  2.69e-10  2.69e-10

Temperature = 1.4e+03 K

High Pressure Rate Coefficients:

From\To         W1        W2        P1
W1             ***   1.1e+13       ***
W2             265       ***  4.16e+09
P1             ***  2.97e-10       ***

Temperature = 1.4e+03 K    Pressure = 0.1 atm

From\To         W1        W2        P1
W1        7.85e+09  2.84e+08  7.57e+09
W2         0.00768  1.08e+09  1.08e+09
P1        1.25e-20  7.65e-11  7.65e-11

Temperature = 1.4e+03 K    Pressure = 1 atm

From\To         W1        W2        P1
W1        3.02e+10  5.75e+09  2.44e+10
W2           0.142  1.84e+09  1.84e+09
P1        4.14e-20  1.31e-10  1.31e-10

Temperature = 1.4e+03 K    Pressure = 10 atm

From\To         W1        W2        P1
W1        1.03e+11  5.18e+10   5.1e+10
W2            1.26  2.83e+09  2.83e+09
P1        8.75e-20  2.02e-10  2.02e-10

Temperature = 1.4e+03 K    Pressure = 100 atm

From\To         W1        W2        P1
W1        3.06e+11  2.62e+11  4.43e+10
W2            6.34  3.81e+09  3.81e+09
P1        7.62e-20  2.72e-10  2.72e-10

Temperature = 1.5e+03 K

High Pressure Rate Coefficients:

From\To         W1        W2        P1
W1             ***  1.08e+13       ***
W2             508       ***  3.82e+09
P1             ***     3e-10       ***

Temperature = 1.5e+03 K    Pressure = 0.1 atm

From\To         W1        W2        P1
W1        6.25e+09  8.37e+08  5.42e+09
W2          0.0413  1.05e+09  1.05e+09
P1        1.91e-20  8.23e-11  8.23e-11

Temperature = 1.5e+03 K    Pressure = 1 atm

From\To         W1        W2        P1
W1        2.42e+10  9.48e+09  1.47e+10
W2            0.45  1.76e+09  1.76e+09
P1        5.33e-20  1.38e-10  1.38e-10

Temperature = 1.5e+03 K    Pressure = 10 atm

From\To         W1        W2        P1
W1        8.31e+10  5.51e+10   2.8e+10
W2             2.6  2.65e+09  2.65e+09
P1        1.03e-19  2.08e-10  2.08e-10

Temperature = 1.5e+03 K    Pressure = 100 atm

From\To         W1        W2        P1
W1        2.51e+11  2.25e+11  2.62e+10
W2            10.6  3.51e+09  3.51e+09
P1        9.64e-20  2.76e-10  2.76e-10

Temperature = 1.6e+03 K

High Pressure Rate Coefficients:

From\To         W1        W2        P1
W1             ***  1.07e+13       ***
W2             899       ***  3.52e+09
P1             ***  3.03e-10       ***

Temperature = 1.6e+03 K    Pressure = 0.1 atm

From\To         W1        W2        P1
W1        5.67e+09  1.54e+09  4.13e+09
W2           0.133  9.93e+08  9.93e+08
P1        2.87e-20  8.53e-11  8.53e-11

Temperature = 1.6e+03 K    Pressure = 1 atm

From\To         W1        W2        P1
W1        2.18e+10  1.22e+10  9.55e+09
W2            1.03  1.64e+09  1.64e+09
P1        6.79e-20  1.42e-10  1.42e-10

Temperature = 1.6e+03 K    Pressure = 10 atm

From\To         W1        W2        P1
W1        7.46e+10  5.78e+10  1.68e+10
W2            4.85  2.46e+09  2.46e+09
P1        1.21e-19  2.12e-10  2.12e-10

Temperature = 1.6e+03 K    Pressure = 100 atm

From\To         W1        W2        P1
W1        2.25e+11  2.08e+11  1.71e+10
W2            17.5  3.24e+09  3.24e+09
P1        1.23e-19  2.79e-10  2.79e-10

Temperature = 1.7e+03 K

High Pressure Rate Coefficients:

From\To         W1        W2        P1
W1             ***  1.07e+13       ***
W2        1.48e+03       ***  3.24e+09
P1             ***  3.06e-10       ***

Temperature = 1.7e+03 K    Pressure = 0.1 atm

From\To         W1        W2        P1
W1        4.95e+09  2.01e+09  2.93e+09
W2           0.285  9.09e+08  9.09e+08
P1        3.75e-20  8.57e-11  8.57e-11

Temperature = 1.7e+03 K    Pressure = 1 atm

From\To         W1        W2        P1
W1         1.9e+10  1.29e+10  6.14e+09
W2             1.8   1.5e+09   1.5e+09
P1           8e-20  1.42e-10  1.42e-10

Temperature = 1.7e+03 K    Pressure = 10 atm

From\To         W1        W2        P1
W1        6.56e+10  5.53e+10  1.03e+10
W2            7.71  2.25e+09  2.25e+09
P1        1.36e-19  2.13e-10  2.13e-10

Temperature = 1.7e+03 K    Pressure = 100 atm

From\To         W1        W2        P1
W1        1.99e+11  1.88e+11  1.13e+10
W2            26.2  2.98e+09  2.98e+09
P1        1.49e-19  2.82e-10  2.82e-10

Temperature = 1.8e+03 K

High Pressure Rate Coefficients:

From\To         W1        W2        P1
W1             ***  1.06e+13       ***
W2        2.32e+03       ***  2.99e+09
P1             ***  3.09e-10       ***

Temperature = 1.8e+03 K    Pressure = 0.1 atm

From\To         W1        W2        P1
W1        4.32e+09   2.5e+09  1.81e+09
W2           0.553  8.68e+08  8.68e+08
P1        3.97e-20  8.96e-11  8.96e-11

Temperature = 1.8e+03 K    Pressure = 1 atm

From\To         W1        W2        P1
W1        1.65e+10  1.32e+10  3.36e+09
W2            2.88  1.42e+09  1.42e+09
P1        7.49e-20  1.47e-10  1.47e-10

Temperature = 1.8e+03 K    Pressure = 10 atm

From\To         W1        W2        P1
W1         5.7e+10  5.17e+10  5.25e+09
W2            11.3   2.1e+09   2.1e+09
P1        1.18e-19  2.17e-10  2.17e-10

Temperature = 1.8e+03 K    Pressure = 100 atm

From\To         W1        W2        P1
W1        1.74e+11  1.68e+11  6.05e+09
W2            36.8  2.75e+09  2.75e+09
P1        1.37e-19  2.84e-10  2.84e-10

Temperature = 1.9e+03 K

High Pressure Rate Coefficients:

From\To         W1        W2        P1
W1             ***  1.06e+13       ***
W2        3.45e+03       ***  2.76e+09
P1             ***  3.12e-10       ***

Temperature = 1.9e+03 K    Pressure = 0.1 atm

From\To         W1        W2        P1
W1        3.64e+09  2.54e+09   1.1e+09
W2           0.834  8.04e+08  8.04e+08
P1        3.95e-20  9.05e-11  9.05e-11

Temperature = 1.9e+03 K    Pressure = 1 atm

From\To         W1        W2        P1
W1         1.4e+10  1.21e+10  1.92e+09
W2            3.95  1.31e+09  1.31e+09
P1           7e-20  1.48e-10  1.48e-10

Temperature = 1.9e+03 K    Pressure = 10 atm

From\To         W1        W2        P1
W1        4.86e+10  4.57e+10  2.91e+09
W2            14.9  1.94e+09  1.94e+09
P1        1.07e-19  2.19e-10  2.19e-10

Temperature = 1.9e+03 K    Pressure = 100 atm

From\To         W1        W2        P1
W1         1.5e+11  1.47e+11  3.47e+09
W2            47.9  2.54e+09  2.54e+09
P1        1.28e-19  2.87e-10  2.87e-10

Temperature = 2e+03 K

High Pressure Rate Coefficients:

From\To         W1        W2        P1
W1             ***  1.06e+13       ***
W2        4.94e+03       ***  2.56e+09
P1             ***  3.15e-10       ***

Temperature = 2e+03 K    Pressure = 0.1 atm

From\To         W1        W2        P1
W1        3.56e+09  2.77e+09   7.9e+08
W2             1.3  7.48e+08  7.48e+08
P1        4.45e-20  9.19e-11  9.19e-11

Temperature = 2e+03 K    Pressure = 1 atm

From\To         W1        W2        P1
W1        1.36e+10  1.22e+10  1.32e+09
W2            5.73  1.21e+09  1.21e+09
P1        7.56e-20  1.49e-10  1.49e-10

Temperature = 2e+03 K    Pressure = 10 atm

From\To         W1        W2        P1
W1        4.68e+10  4.48e+10  1.96e+09
W2              21   1.8e+09   1.8e+09
P1        1.13e-19  2.21e-10  2.21e-10

Temperature = 2e+03 K    Pressure = 100 atm

From\To         W1        W2        P1
W1        1.44e+11  1.42e+11  2.37e+09
W2            66.2  2.35e+09  2.35e+09
P1        1.36e-19  2.89e-10  2.89e-10

______________________________________________________________________________________

High Pressure Rate Coefficients (Temperature-Species Rate Tables):

Reactant = W1
   T(K)        W1        W2        P1
    500       ***  1.93e+13       ***
    600       ***  1.65e+13       ***
    700       ***  1.47e+13       ***
    800       ***  1.35e+13       ***
    900       ***  1.27e+13       ***
  1e+03       ***  1.21e+13       ***
1.1e+03       ***  1.17e+13       ***
1.2e+03       ***  1.14e+13       ***
1.3e+03       ***  1.11e+13       ***
1.4e+03       ***   1.1e+13       ***
1.5e+03       ***  1.08e+13       ***
1.6e+03       ***  1.07e+13       ***
1.7e+03       ***  1.07e+13       ***
1.8e+03       ***  1.06e+13       ***
1.9e+03       ***  1.06e+13       ***
  2e+03       ***  1.06e+13       ***

Reactant = W2
   T(K)        W1        W2        P1
    500  4.59e-06       ***  5.75e+09
    600  0.000497       ***  6.44e+09
    700    0.0138       ***  6.61e+09
    800     0.165       ***  6.46e+09
    900      1.13       ***  6.14e+09
  1e+03      5.23       ***  5.75e+09
1.1e+03      18.3       ***  5.33e+09
1.2e+03      51.8       ***  4.92e+09
1.3e+03       125       ***  4.52e+09
1.4e+03       265       ***  4.16e+09
1.5e+03       508       ***  3.82e+09
1.6e+03       899       ***  3.52e+09
1.7e+03  1.48e+03       ***  3.24e+09
1.8e+03  2.32e+03       ***  2.99e+09
1.9e+03  3.45e+03       ***  2.76e+09
  2e+03  4.94e+03       ***  2.56e+09

Reactant = P1
   T(K)        W1        W2        P1
    500       ***   2.5e-10       ***
    600       ***  2.58e-10       ***
    700       ***  2.64e-10       ***
    800       ***   2.7e-10       ***
    900       ***  2.76e-10       ***
  1e+03       ***  2.81e-10       ***
1.1e+03       ***  2.85e-10       ***
1.2e+03       ***  2.89e-10       ***
1.3e+03       ***  2.93e-10       ***
1.4e+03       ***  2.97e-10       ***
1.5e+03       ***     3e-10       ***
1.6e+03       ***  3.03e-10       ***
1.7e+03       ***  3.06e-10       ***
1.8e+03       ***  3.09e-10       ***
1.9e+03       ***  3.12e-10       ***
  2e+03       ***  3.15e-10       ***

Capture/Escape Rate Coefficients:

   T(K)        W1        W2        P1
    500  1.93e+13  5.75e+09   2.5e-10
    600  1.65e+13  6.44e+09  2.58e-10
    700  1.47e+13  6.61e+09  2.64e-10
    800  1.35e+13  6.46e+09   2.7e-10
    900  1.27e+13  6.14e+09  2.76e-10
  1e+03  1.21e+13  5.75e+09  2.81e-10
1.1e+03  1.17e+13  5.33e+09  2.85e-10
1.2e+03  1.14e+13  4.92e+09  2.89e-10
1.3e+03  1.11e+13  4.52e+09  2.93e-10
1.4e+03   1.1e+13  4.16e+09  2.97e-10
1.5e+03  1.08e+13  3.82e+09     3e-10
1.6e+03  1.07e+13  3.52e+09  3.03e-10
1.7e+03  1.07e+13  3.24e+09  3.06e-10
1.8e+03  1.06e+13  2.99e+09  3.09e-10
1.9e+03  1.06e+13  2.76e+09  3.12e-10
  2e+03  1.06e+13  2.56e+09  3.15e-10

______________________________________________________________________________________

Pressure-Species Rate Tables:

Reactant = W1   Temperature = 500 K

   P(atm)        W2        P1      Loss
      0.1 -3.25e+08  6.55e+10  6.52e+10
        1 -1.07e+10  3.81e+11   3.7e+11
       10 -3.46e+10   1.4e+12  1.37e+12
      100  2.43e+12  1.24e+12  3.67e+12
      O-O  1.93e+13       ***  1.93e+13

Reactant = W1   Temperature = 600 K

   P(atm)        W2        P1      Loss
      0.1 -1.64e+08  4.71e+10  4.69e+10
        1    -4e+09  2.34e+11   2.3e+11
       10  1.64e+10  7.99e+11  8.15e+11
      100  1.49e+12  7.46e+11  2.24e+12
      O-O  1.65e+13       ***  1.65e+13

Reactant = W1   Temperature = 700 K

   P(atm)        W2        P1      Loss
      0.1 -1.05e+08   3.7e+10  3.69e+10
        1 -2.03e+09  1.64e+11  1.62e+11
       10   2.8e+10   5.3e+11  5.58e+11
      100  1.05e+12     5e+11  1.55e+12
      O-O  1.47e+13       ***  1.47e+13

Reactant = W1   Temperature = 800 K

   P(atm)        W2        P1      Loss
      0.1 -5.95e+07   2.7e+10   2.7e+10
        1 -9.29e+08  1.13e+11  1.12e+11
       10  3.31e+10   3.5e+11  3.84e+11
      100  7.56e+11  3.29e+11  1.08e+12
      O-O  1.35e+13       ***  1.35e+13

Reactant = W1   Temperature = 900 K

   P(atm)        W2        P1      Loss
      0.1 -3.32e+07  1.96e+10  1.95e+10
        1 -3.23e+08  7.97e+10  7.94e+10
       10  3.42e+10  2.38e+11  2.73e+11
      100  5.64e+11  2.22e+11  7.86e+11
      O-O  1.27e+13       ***  1.27e+13

Reactant = W1   Temperature = 1e+03 K

   P(atm)        W2        P1      Loss
      0.1 -1.98e+07  1.48e+10  1.48e+10
        1  1.33e+08  5.93e+10  5.95e+10
       10  3.64e+10  1.68e+11  2.05e+11
      100  4.47e+11  1.52e+11  5.99e+11
      O-O  1.21e+13       ***  1.21e+13

Reactant = W1   Temperature = 1.1e+03 K

   P(atm)        W2        P1      Loss
      0.1 -8.04e+06  1.22e+10  1.22e+10
        1  5.79e+08  4.76e+10  4.82e+10
       10  3.84e+10  1.27e+11  1.65e+11
      100  3.75e+11  1.13e+11  4.87e+11
      O-O  1.17e+13       ***  1.17e+13

Reactant = W1   Temperature = 1.2e+03 K

   P(atm)        W2        P1      Loss
      0.1  8.34e+06   1.1e+10   1.1e+10
        1  1.45e+09  4.13e+10  4.27e+10
       10  4.47e+10  1.01e+11  1.45e+11
      100  3.41e+11  8.57e+10  4.27e+11
      O-O  1.14e+13       ***  1.14e+13

Reactant = W1   Temperature = 1.3e+03 K

   P(atm)        W2        P1      Loss
      0.1  8.11e+07  9.42e+09   9.5e+09
        1  3.22e+09  3.33e+10  3.65e+10
       10  4.96e+10  7.43e+10  1.24e+11
      100  3.03e+11  6.26e+10  3.65e+11
      O-O  1.11e+13       ***  1.11e+13

Reactant = W1   Temperature = 1.4e+03 K

   P(atm)        W2        P1      Loss
      0.1  2.84e+08  7.57e+09  7.85e+09
        1  5.75e+09  2.44e+10  3.02e+10
       10  5.18e+10   5.1e+10  1.03e+11
      100  2.62e+11  4.43e+10  3.06e+11
      O-O   1.1e+13       ***   1.1e+13

Reactant = W1   Temperature = 1.5e+03 K

   P(atm)        W2        P1      Loss
      0.1  8.37e+08  5.42e+09  6.25e+09
        1  9.48e+09  1.47e+10  2.42e+10
       10  5.51e+10   2.8e+10  8.31e+10
      100  2.25e+11  2.62e+10  2.51e+11
      O-O  1.08e+13       ***  1.08e+13

Reactant = W1   Temperature = 1.6e+03 K

   P(atm)        W2        P1      Loss
      0.1  1.54e+09  4.13e+09  5.67e+09
        1  1.22e+10  9.55e+09  2.18e+10
       10  5.78e+10  1.68e+10  7.46e+10
      100  2.08e+11  1.71e+10  2.25e+11
      O-O  1.07e+13       ***  1.07e+13

Reactant = W1   Temperature = 1.7e+03 K

   P(atm)        W2        P1      Loss
      0.1  2.01e+09  2.93e+09  4.95e+09
        1  1.29e+10  6.14e+09   1.9e+10
       10  5.53e+10  1.03e+10  6.56e+10
      100  1.88e+11  1.13e+10  1.99e+11
      O-O  1.07e+13       ***  1.07e+13

Reactant = W1   Temperature = 1.8e+03 K

   P(atm)        W2        P1      Loss
      0.1   2.5e+09  1.81e+09  4.32e+09
        1  1.32e+10  3.36e+09  1.65e+10
       10  5.17e+10  5.25e+09   5.7e+10
      100  1.68e+11  6.05e+09  1.74e+11
      O-O  1.06e+13       ***  1.06e+13

Reactant = W1   Temperature = 1.9e+03 K

   P(atm)        W2        P1      Loss
      0.1  2.54e+09   1.1e+09  3.64e+09
        1  1.21e+10  1.92e+09   1.4e+10
       10  4.57e+10  2.91e+09  4.86e+10
      100  1.47e+11  3.47e+09   1.5e+11
      O-O  1.06e+13       ***  1.06e+13

Reactant = W1   Temperature = 2e+03 K

   P(atm)        W2        P1      Loss
      0.1  2.77e+09   7.9e+08  3.56e+09
        1  1.22e+10  1.32e+09  1.36e+10
       10  4.48e+10  1.96e+09  4.68e+10
      100  1.42e+11  2.37e+09  1.44e+11
      O-O  1.06e+13       ***  1.06e+13

Reactant = W2   Temperature = 500 K

   P(atm)        W1        P1      Loss
      0.1  2.85e-16  7.72e+08  7.72e+08
        1  3.55e-12  1.84e+09  1.84e+09
       10  1.92e-08  3.74e+09  3.74e+09
      100  5.94e-07  5.35e+09  5.35e+09
      O-O  4.59e-06  5.75e+09  5.75e+09

Reactant = W2   Temperature = 600 K

   P(atm)        W1        P1      Loss
      0.1  2.44e-13  1.02e+09  1.02e+09
        1  9.89e-10  2.21e+09  2.21e+09
       10  1.68e-06  4.15e+09  4.15e+09
      100  4.58e-05  5.94e+09  5.94e+09
      O-O  0.000497  6.44e+09  6.44e+09

Reactant = W2   Temperature = 700 K

   P(atm)        W1        P1      Loss
      0.1  3.18e-11  1.16e+09  1.16e+09
        1  6.72e-08  2.38e+09  2.38e+09
       10  4.41e-05  4.26e+09  4.26e+09
      100  0.000993  6.06e+09  6.06e+09
      O-O    0.0138  6.61e+09  6.61e+09

Reactant = W2   Temperature = 800 K

   P(atm)        W1        P1      Loss
      0.1  -1.4e-09  1.28e+09  1.28e+09
        1   1.8e-06  2.49e+09  2.49e+09
       10  0.000516  4.24e+09  4.24e+09
      100   0.00928  5.93e+09  5.93e+09
      O-O     0.165  6.46e+09  6.46e+09

Reactant = W2   Temperature = 900 K

   P(atm)        W1        P1      Loss
      0.1  3.84e-08   1.3e+09   1.3e+09
        1  2.36e-05  2.44e+09  2.44e+09
       10   0.00346  4.05e+09  4.05e+09
      100    0.0503  5.63e+09  5.63e+09
      O-O      1.13  6.14e+09  6.14e+09

Reactant = W2   Temperature = 1e+03 K

   P(atm)        W1        P1      Loss
      0.1  5.58e-07  1.32e+09  1.32e+09
        1  0.000213   2.4e+09   2.4e+09
       10    0.0169  3.85e+09  3.85e+09
      100     0.194  5.28e+09  5.28e+09
      O-O      5.23  5.75e+09  5.75e+09

Reactant = W2   Temperature = 1.1e+03 K

   P(atm)        W1        P1      Loss
      0.1  1.17e-05  1.25e+09  1.25e+09
        1   0.00131  2.24e+09  2.24e+09
       10    0.0628  3.57e+09  3.57e+09
      100     0.588  4.88e+09  4.88e+09
      O-O      18.3  5.33e+09  5.33e+09

Reactant = W2   Temperature = 1.2e+03 K

   P(atm)        W1        P1      Loss
      0.1  0.000107  1.23e+09  1.23e+09
        1   0.00761  2.14e+09  2.14e+09
       10      0.21  3.34e+09  3.34e+09
      100      1.56  4.51e+09  4.51e+09
      O-O      51.8  4.92e+09  4.92e+09

Reactant = W2   Temperature = 1.3e+03 K

   P(atm)        W1        P1      Loss
      0.1   0.00115  1.17e+09  1.17e+09
        1    0.0381  2.01e+09  2.01e+09
       10     0.566  3.09e+09  3.09e+09
      100       3.4  4.15e+09  4.15e+09
      O-O       125  4.52e+09  4.52e+09

Reactant = W2   Temperature = 1.4e+03 K

   P(atm)        W1        P1      Loss
      0.1   0.00768  1.08e+09  1.08e+09
        1     0.142  1.84e+09  1.84e+09
       10      1.26  2.83e+09  2.83e+09
      100      6.34  3.81e+09  3.81e+09
      O-O       265  4.16e+09  4.16e+09

Reactant = W2   Temperature = 1.5e+03 K

   P(atm)        W1        P1      Loss
      0.1    0.0413  1.05e+09  1.05e+09
        1      0.45  1.76e+09  1.76e+09
       10       2.6  2.65e+09  2.65e+09
      100      10.6  3.51e+09  3.51e+09
      O-O       508  3.82e+09  3.82e+09

Reactant = W2   Temperature = 1.6e+03 K

   P(atm)        W1        P1      Loss
      0.1     0.133  9.93e+08  9.93e+08
        1      1.03  1.64e+09  1.64e+09
       10      4.85  2.46e+09  2.46e+09
      100      17.5  3.24e+09  3.24e+09
      O-O       899  3.52e+09  3.52e+09

Reactant = W2   Temperature = 1.7e+03 K

   P(atm)        W1        P1      Loss
      0.1     0.285  9.09e+08  9.09e+08
        1       1.8   1.5e+09   1.5e+09
       10      7.71  2.25e+09  2.25e+09
      100      26.2  2.98e+09  2.98e+09
      O-O  1.48e+03  3.24e+09  3.24e+09

Reactant = W2   Temperature = 1.8e+03 K

   P(atm)        W1        P1      Loss
      0.1     0.553  8.68e+08  8.68e+08
        1      2.88  1.42e+09  1.42e+09
       10      11.3   2.1e+09   2.1e+09
      100      36.8  2.75e+09  2.75e+09
      O-O  2.32e+03  2.99e+09  2.99e+09

Reactant = W2   Temperature = 1.9e+03 K

   P(atm)        W1        P1      Loss
      0.1     0.834  8.04e+08  8.04e+08
        1      3.95  1.31e+09  1.31e+09
       10      14.9  1.94e+09  1.94e+09
      100      47.9  2.54e+09  2.54e+09
      O-O  3.45e+03  2.76e+09  2.76e+09

Reactant = W2   Temperature = 2e+03 K

   P(atm)        W1        P1      Loss
      0.1       1.3  7.48e+08  7.48e+08
        1      5.73  1.21e+09  1.21e+09
       10        21   1.8e+09   1.8e+09
      100      66.2  2.35e+09  2.35e+09
      O-O  4.94e+03  2.56e+09  2.56e+09

Reactant = P1   Temperature = 500 K

   P(atm)        W1        W2      Loss
      0.1     6e-28  3.35e-11  3.35e-11
        1  3.71e-27     8e-11     8e-11
       10  1.42e-26  1.62e-10  1.62e-10
      100  1.27e-26  2.32e-10  2.32e-10
      O-O       ***   2.5e-10   2.5e-10

Reactant = P1   Temperature = 600 K

   P(atm)        W1        W2      Loss
      0.1  5.15e-26  4.06e-11  4.06e-11
        1   2.7e-25  8.84e-11  8.84e-11
       10   9.5e-25  1.66e-10  1.66e-10
      100  8.95e-25  2.38e-10  2.38e-10
      O-O       ***  2.58e-10  2.58e-10

Reactant = P1   Temperature = 700 K

   P(atm)        W1        W2      Loss
      0.1  1.28e-24  4.64e-11  4.64e-11
        1  5.95e-24  9.54e-11  9.54e-11
       10  1.97e-23   1.7e-10   1.7e-10
      100  1.87e-23  2.43e-10  2.43e-10
      O-O       ***  2.64e-10  2.64e-10

Reactant = P1   Temperature = 800 K

   P(atm)        W1        W2      Loss
      0.1  1.28e-23  5.35e-11  5.35e-11
        1  5.61e-23  1.04e-10  1.04e-10
       10  1.77e-22  1.77e-10  1.77e-10
      100  1.67e-22  2.48e-10  2.48e-10
      O-O       ***   2.7e-10   2.7e-10

Reactant = P1   Temperature = 900 K

   P(atm)        W1        W2      Loss
      0.1  7.33e-23   5.8e-11   5.8e-11
        1   3.1e-22   1.1e-10   1.1e-10
       10  9.42e-22  1.82e-10  1.82e-10
      100  8.81e-22  2.53e-10  2.53e-10
      O-O       ***  2.76e-10  2.76e-10

Reactant = P1   Temperature = 1e+03 K

   P(atm)        W1        W2      Loss
      0.1  2.96e-22  6.42e-11  6.42e-11
        1  1.22e-21  1.17e-10  1.17e-10
       10  3.52e-21  1.88e-10  1.88e-10
      100   3.2e-21  2.58e-10  2.58e-10
      O-O       ***  2.81e-10  2.81e-10

Reactant = P1   Temperature = 1.1e+03 K

   P(atm)        W1        W2      Loss
      0.1  9.66e-22  6.68e-11  6.68e-11
        1   3.9e-21   1.2e-10   1.2e-10
       10  1.06e-20  1.91e-10  1.91e-10
      100  9.39e-21  2.61e-10  2.61e-10
      O-O       ***  2.85e-10  2.85e-10

Reactant = P1   Temperature = 1.2e+03 K

   P(atm)        W1        W2      Loss
      0.1   2.8e-21  7.19e-11  7.19e-11
        1  1.08e-20  1.26e-10  1.26e-10
       10  2.68e-20  1.96e-10  1.96e-10
      100  2.29e-20  2.65e-10  2.65e-10
      O-O       ***  2.89e-10  2.89e-10

Reactant = P1   Temperature = 1.3e+03 K

   P(atm)        W1        W2      Loss
      0.1   6.5e-21  7.53e-11  7.53e-11
        1  2.37e-20   1.3e-10   1.3e-10
       10  5.36e-20     2e-10     2e-10
      100  4.54e-20  2.69e-10  2.69e-10
      O-O       ***  2.93e-10  2.93e-10

Reactant = P1   Temperature = 1.4e+03 K

   P(atm)        W1        W2      Loss
      0.1  1.25e-20  7.65e-11  7.65e-11
        1  4.14e-20  1.31e-10  1.31e-10
       10  8.75e-20  2.02e-10  2.02e-10
      100  7.62e-20  2.72e-10  2.72e-10
      O-O       ***  2.97e-10  2.97e-10

Reactant = P1   Temperature = 1.5e+03 K

   P(atm)        W1        W2      Loss
      0.1  1.91e-20  8.23e-11  8.23e-11
        1  5.33e-20  1.38e-10  1.38e-10
       10  1.03e-19  2.08e-10  2.08e-10
      100  9.64e-20  2.76e-10  2.76e-10
      O-O       ***     3e-10     3e-10

Reactant = P1   Temperature = 1.6e+03 K

   P(atm)        W1        W2      Loss
      0.1  2.87e-20  8.53e-11  8.53e-11
        1  6.79e-20  1.42e-10  1.42e-10
       10  1.21e-19  2.12e-10  2.12e-10
      100  1.23e-19  2.79e-10  2.79e-10
      O-O       ***  3.03e-10  3.03e-10

Reactant = P1   Temperature = 1.7e+03 K

   P(atm)        W1        W2      Loss
      0.1  3.75e-20  8.57e-11  8.57e-11
        1     8e-20  1.42e-10  1.42e-10
       10  1.36e-19  2.13e-10  2.13e-10
      100  1.49e-19  2.82e-10  2.82e-10
      O-O       ***  3.06e-10  3.06e-10

Reactant = P1   Temperature = 1.8e+03 K

   P(atm)        W1        W2      Loss
      0.1  3.97e-20  8.96e-11  8.96e-11
        1  7.49e-20  1.47e-10  1.47e-10
       10  1.18e-19  2.17e-10  2.17e-10
      100  1.37e-19  2.84e-10  2.84e-10
      O-O       ***  3.09e-10  3.09e-10

Reactant = P1   Temperature = 1.9e+03 K

   P(atm)        W1        W2      Loss
      0.1  3.95e-20  9.05e-11  9.05e-11
        1     7e-20  1.48e-10  1.48e-10
       10  1.07e-19  2.19e-10  2.19e-10
      100  1.28e-19  2.87e-10  2.87e-10
      O-O       ***  3.12e-10  3.12e-10

Reactant = P1   Temperature = 2e+03 K

   P(atm)        W1        W2      Loss
      0.1  4.45e-20  9.19e-11  9.19e-11
        1  7.56e-20  1.49e-10  1.49e-10
       10  1.13e-19  2.21e-10  2.21e-10
      100  1.36e-19  2.89e-10  2.89e-10
      O-O       ***  3.15e-10  3.15e-10

______________________________________________________________________________________

Temperature-Species Rate Tables:

Reactant = W1   Pressure = 0.1 atm

   T(K)        W2        P1      Loss   Capture
    500 -3.25e+08  6.55e+10  6.52e+10  1.93e+13
    600 -1.64e+08  4.71e+10  4.69e+10  1.65e+13
    700 -1.05e+08   3.7e+10  3.69e+10  1.47e+13
    800 -5.95e+07   2.7e+10   2.7e+10  1.35e+13
    900 -3.32e+07  1.96e+10  1.95e+10  1.27e+13
  1e+03 -1.98e+07  1.48e+10  1.48e+10  1.21e+13
1.1e+03 -8.04e+06  1.22e+10  1.22e+10  1.17e+13
1.2e+03  8.34e+06   1.1e+10   1.1e+10  1.14e+13
1.3e+03  8.11e+07  9.42e+09   9.5e+09  1.11e+13
1.4e+03  2.84e+08  7.57e+09  7.85e+09   1.1e+13
1.5e+03  8.37e+08  5.42e+09  6.25e+09  1.08e+13
1.6e+03  1.54e+09  4.13e+09  5.67e+09  1.07e+13
1.7e+03  2.01e+09  2.93e+09  4.95e+09  1.07e+13
1.8e+03   2.5e+09  1.81e+09  4.32e+09  1.06e+13
1.9e+03  2.54e+09   1.1e+09  3.64e+09  1.06e+13
  2e+03  2.77e+09   7.9e+08  3.56e+09  1.06e+13

Reactant = W1   Pressure = 1 atm

   T(K)        W2        P1      Loss   Capture
    500 -1.07e+10  3.81e+11   3.7e+11  1.93e+13
    600    -4e+09  2.34e+11   2.3e+11  1.65e+13
    700 -2.03e+09  1.64e+11  1.62e+11  1.47e+13
    800 -9.29e+08  1.13e+11  1.12e+11  1.35e+13
    900 -3.23e+08  7.97e+10  7.94e+10  1.27e+13
  1e+03  1.33e+08  5.93e+10  5.95e+10  1.21e+13
1.1e+03  5.79e+08  4.76e+10  4.82e+10  1.17e+13
1.2e+03  1.45e+09  4.13e+10  4.27e+10  1.14e+13
1.3e+03  3.22e+09  3.33e+10  3.65e+10  1.11e+13
1.4e+03  5.75e+09  2.44e+10  3.02e+10   1.1e+13
1.5e+03  9.48e+09  1.47e+10  2.42e+10  1.08e+13
1.6e+03  1.22e+10  9.55e+09  2.18e+10  1.07e+13
1.7e+03  1.29e+10  6.14e+09   1.9e+10  1.07e+13
1.8e+03  1.32e+10  3.36e+09  1.65e+10  1.06e+13
1.9e+03  1.21e+10  1.92e+09   1.4e+10  1.06e+13
  2e+03  1.22e+10  1.32e+09  1.36e+10  1.06e+13

Reactant = W1   Pressure = 10 atm

   T(K)        W2        P1      Loss   Capture
    500 -3.46e+10   1.4e+12  1.37e+12  1.93e+13
    600  1.64e+10  7.99e+11  8.15e+11  1.65e+13
    700   2.8e+10   5.3e+11  5.58e+11  1.47e+13
    800  3.31e+10   3.5e+11  3.84e+11  1.35e+13
    900  3.42e+10  2.38e+11  2.73e+11  1.27e+13
  1e+03  3.64e+10  1.68e+11  2.05e+11  1.21e+13
1.1e+03  3.84e+10  1.27e+11  1.65e+11  1.17e+13
1.2e+03  4.47e+10  1.01e+11  1.45e+11  1.14e+13
1.3e+03  4.96e+10  7.43e+10  1.24e+11  1.11e+13
1.4e+03  5.18e+10   5.1e+10  1.03e+11   1.1e+13
1.5e+03  5.51e+10   2.8e+10  8.31e+10  1.08e+13
1.6e+03  5.78e+10  1.68e+10  7.46e+10  1.07e+13
1.7e+03  5.53e+10  1.03e+10  6.56e+10  1.07e+13
1.8e+03  5.17e+10  5.25e+09   5.7e+10  1.06e+13
1.9e+03  4.57e+10  2.91e+09  4.86e+10  1.06e+13
  2e+03  4.48e+10  1.96e+09  4.68e+10  1.06e+13

Reactant = W1   Pressure = 100 atm

   T(K)        W2        P1      Loss   Capture
    500  2.43e+12  1.24e+12  3.67e+12  1.93e+13
    600  1.49e+12  7.46e+11  2.24e+12  1.65e+13
    700  1.05e+12     5e+11  1.55e+12  1.47e+13
    800  7.56e+11  3.29e+11  1.08e+12  1.35e+13
    900  5.64e+11  2.22e+11  7.86e+11  1.27e+13
  1e+03  4.47e+11  1.52e+11  5.99e+11  1.21e+13
1.1e+03  3.75e+11  1.13e+11  4.87e+11  1.17e+13
1.2e+03  3.41e+11  8.57e+10  4.27e+11  1.14e+13
1.3e+03  3.03e+11  6.26e+10  3.65e+11  1.11e+13
1.4e+03  2.62e+11  4.43e+10  3.06e+11   1.1e+13
1.5e+03  2.25e+11  2.62e+10  2.51e+11  1.08e+13
1.6e+03  2.08e+11  1.71e+10  2.25e+11  1.07e+13
1.7e+03  1.88e+11  1.13e+10  1.99e+11  1.07e+13
1.8e+03  1.68e+11  6.05e+09  1.74e+11  1.06e+13
1.9e+03  1.47e+11  3.47e+09   1.5e+11  1.06e+13
  2e+03  1.42e+11  2.37e+09  1.44e+11  1.06e+13

Reactant = W2   Pressure = 0.1 atm

   T(K)        W1        P1      Loss   Capture
    500  2.85e-16  7.72e+08  7.72e+08  5.75e+09
    600  2.44e-13  1.02e+09  1.02e+09  6.44e+09
    700  3.18e-11  1.16e+09  1.16e+09  6.61e+09
    800  -1.4e-09  1.28e+09  1.28e+09  6.46e+09
    900  3.84e-08   1.3e+09   1.3e+09  6.14e+09
  1e+03  5.58e-07  1.32e+09  1.32e+09  5.75e+09
1.1e+03  1.17e-05  1.25e+09  1.25e+09  5.33e+09
1.2e+03  0.000107  1.23e+09  1.23e+09  4.92e+09
1.3e+03   0.00115  1.17e+09  1.17e+09  4.52e+09
1.4e+03   0.00768  1.08e+09  1.08e+09  4.16e+09
1.5e+03    0.0413  1.05e+09  1.05e+09  3.82e+09
1.6e+03     0.133  9.93e+08  9.93e+08  3.52e+09
1.7e+03     0.285  9.09e+08  9.09e+08  3.24e+09
1.8e+03     0.553  8.68e+08  8.68e+08  2.99e+09
1.9e+03     0.834  8.04e+08  8.04e+08  2.76e+09
  2e+03       1.3  7.48e+08  7.48e+08  2.56e+09

Reactant = W2   Pressure = 1 atm

   T(K)        W1        P1      Loss   Capture
    500  3.55e-12  1.84e+09  1.84e+09  5.75e+09
    600  9.89e-10  2.21e+09  2.21e+09  6.44e+09
    700  6.72e-08  2.38e+09  2.38e+09  6.61e+09
    800   1.8e-06  2.49e+09  2.49e+09  6.46e+09
    900  2.36e-05  2.44e+09  2.44e+09  6.14e+09
  1e+03  0.000213   2.4e+09   2.4e+09  5.75e+09
1.1e+03   0.00131  2.24e+09  2.24e+09  5.33e+09
1.2e+03   0.00761  2.14e+09  2.14e+09  4.92e+09
1.3e+03    0.0381  2.01e+09  2.01e+09  4.52e+09
1.4e+03     0.142  1.84e+09  1.84e+09  4.16e+09
1.5e+03      0.45  1.76e+09  1.76e+09  3.82e+09
1.6e+03      1.03  1.64e+09  1.64e+09  3.52e+09
1.7e+03       1.8   1.5e+09   1.5e+09  3.24e+09
1.8e+03      2.88  1.42e+09  1.42e+09  2.99e+09
1.9e+03      3.95  1.31e+09  1.31e+09  2.76e+09
  2e+03      5.73  1.21e+09  1.21e+09  2.56e+09

Reactant = W2   Pressure = 10 atm

   T(K)        W1        P1      Loss   Capture
    500  1.92e-08  3.74e+09  3.74e+09  5.75e+09
    600  1.68e-06  4.15e+09  4.15e+09  6.44e+09
    700  4.41e-05  4.26e+09  4.26e+09  6.61e+09
    800  0.000516  4.24e+09  4.24e+09  6.46e+09
    900   0.00346  4.05e+09  4.05e+09  6.14e+09
  1e+03    0.0169  3.85e+09  3.85e+09  5.75e+09
1.1e+03    0.0628  3.57e+09  3.57e+09  5.33e+09
1.2e+03      0.21  3.34e+09  3.34e+09  4.92e+09
1.3e+03     0.566  3.09e+09  3.09e+09  4.52e+09
1.4e+03      1.26  2.83e+09  2.83e+09  4.16e+09
1.5e+03       2.6  2.65e+09  2.65e+09  3.82e+09
1.6e+03      4.85  2.46e+09  2.46e+09  3.52e+09
1.7e+03      7.71  2.25e+09  2.25e+09  3.24e+09
1.8e+03      11.3   2.1e+09   2.1e+09  2.99e+09
1.9e+03      14.9  1.94e+09  1.94e+09  2.76e+09
  2e+03        21   1.8e+09   1.8e+09  2.56e+09

Reactant = W2   Pressure = 100 atm

   T(K)        W1        P1      Loss   Capture
    500  5.94e-07  5.35e+09  5.35e+09  5.75e+09
    600  4.58e-05  5.94e+09  5.94e+09  6.44e+09
    700  0.000993  6.06e+09  6.06e+09  6.61e+09
    800   0.00928  5.93e+09  5.93e+09  6.46e+09
    900    0.0503  5.63e+09  5.63e+09  6.14e+09
  1e+03     0.194  5.28e+09  5.28e+09  5.75e+09
1.1e+03     0.588  4.88e+09  4.88e+09  5.33e+09
1.2e+03      1.56  4.51e+09  4.51e+09  4.92e+09
1.3e+03       3.4  4.15e+09  4.15e+09  4.52e+09
1.4e+03      6.34  3.81e+09  3.81e+09  4.16e+09
1.5e+03      10.6  3.51e+09  3.51e+09  3.82e+09
1.6e+03      17.5  3.24e+09  3.24e+09  3.52e+09
1.7e+03      26.2  2.98e+09  2.98e+09  3.24e+09
1.8e+03      36.8  2.75e+09  2.75e+09  2.99e+09
1.9e+03      47.9  2.54e+09  2.54e+09  2.76e+09
  2e+03      66.2  2.35e+09  2.35e+09  2.56e+09

Reactant = P1   Pressure = 0.1 atm

   T(K)        W1        W2      Loss   Capture
    500     6e-28  3.35e-11  3.35e-11   2.5e-10
    600  5.15e-26  4.06e-11  4.06e-11  2.58e-10
    700  1.28e-24  4.64e-11  4.64e-11  2.64e-10
    800  1.28e-23  5.35e-11  5.35e-11   2.7e-10
    900  7.33e-23   5.8e-11   5.8e-11  2.76e-10
  1e+03  2.96e-22  6.42e-11  6.42e-11  2.81e-10
1.1e+03  9.66e-22  6.68e-11  6.68e-11  2.85e-10
1.2e+03   2.8e-21  7.19e-11  7.19e-11  2.89e-10
1.3e+03   6.5e-21  7.53e-11  7.53e-11  2.93e-10
1.4e+03  1.25e-20  7.65e-11  7.65e-11  2.97e-10
1.5e+03  1.91e-20  8.23e-11  8.23e-11     3e-10
1.6e+03  2.87e-20  8.53e-11  8.53e-11  3.03e-10
1.7e+03  3.75e-20  8.57e-11  8.57e-11  3.06e-10
1.8e+03  3.97e-20  8.96e-11  8.96e-11  3.09e-10
1.9e+03  3.95e-20  9.05e-11  9.05e-11  3.12e-10
  2e+03  4.45e-20  9.19e-11  9.19e-11  3.15e-10

Reactant = P1   Pressure = 1 atm

   T(K)        W1        W2      Loss   Capture
    500  3.71e-27     8e-11     8e-11   2.5e-10
    600   2.7e-25  8.84e-11  8.84e-11  2.58e-10
    700  5.95e-24  9.54e-11  9.54e-11  2.64e-10
    800  5.61e-23  1.04e-10  1.04e-10   2.7e-10
    900   3.1e-22   1.1e-10   1.1e-10  2.76e-10
  1e+03  1.22e-21  1.17e-10  1.17e-10  2.81e-10
1.1e+03   3.9e-21   1.2e-10   1.2e-10  2.85e-10
1.2e+03  1.08e-20  1.26e-10  1.26e-10  2.89e-10
1.3e+03  2.37e-20   1.3e-10   1.3e-10  2.93e-10
1.4e+03  4.14e-20  1.31e-10  1.31e-10  2.97e-10
1.5e+03  5.33e-20  1.38e-10  1.38e-10     3e-10
1.6e+03  6.79e-20  1.42e-10  1.42e-10  3.03e-10
1.7e+03     8e-20  1.42e-10  1.42e-10  3.06e-10
1.8e+03  7.49e-20  1.47e-10  1.47e-10  3.09e-10
1.9e+03     7e-20  1.48e-10  1.48e-10  3.12e-10
  2e+03  7.56e-20  1.49e-10  1.49e-10  3.15e-10

Reactant = P1   Pressure = 10 atm

   T(K)        W1        W2      Loss   Capture
    500  1.42e-26  1.62e-10  1.62e-10   2.5e-10
    600   9.5e-25  1.66e-10  1.66e-10  2.58e-10
    700  1.97e-23   1.7e-10   1.7e-10  2.64e-10
    800  1.77e-22  1.77e-10  1.77e-10   2.7e-10
    900  9.42e-22  1.82e-10  1.82e-10  2.76e-10
  1e+03  3.52e-21  1.88e-10  1.88e-10  2.81e-10
1.1e+03  1.06e-20  1.91e-10  1.91e-10  2.85e-10
1.2e+03  2.68e-20  1.96e-10  1.96e-10  2.89e-10
1.3e+03  5.36e-20     2e-10     2e-10  2.93e-10
1.4e+03  8.75e-20  2.02e-10  2.02e-10  2.97e-10
1.5e+03  1.03e-19  2.08e-10  2.08e-10     3e-10
1.6e+03  1.21e-19  2.12e-10  2.12e-10  3.03e-10
1.7e+03  1.36e-19  2.13e-10  2.13e-10  3.06e-10
1.8e+03  1.18e-19  2.17e-10  2.17e-10  3.09e-10
1.9e+03  1.07e-19  2.19e-10  2.19e-10  3.12e-10
  2e+03  1.13e-19  2.21e-10  2.21e-10  3.15e-10

Reactant = P1   Pressure = 100 atm

   T(K)        W1        W2      Loss   Capture
    500  1.27e-26  2.32e-10  2.32e-10   2.5e-10
    600  8.95e-25  2.38e-10  2.38e-10  2.58e-10
    700  1.87e-23  2.43e-10  2.43e-10  2.64e-10
    800  1.67e-22  2.48e-10  2.48e-10   2.7e-10
    900  8.81e-22  2.53e-10  2.53e-10  2.76e-10
  1e+03   3.2e-21  2.58e-10  2.58e-10  2.81e-10
1.1e+03  9.39e-21  2.61e-10  2.61e-10  2.85e-10
1.2e+03  2.29e-20  2.65e-10  2.65e-10  2.89e-10
1.3e+03  4.54e-20  2.69e-10  2.69e-10  2.93e-10
1.4e+03  7.62e-20  2.72e-10  2.72e-10  2.97e-10
1.5e+03  9.64e-20  2.76e-10  2.76e-10     3e-10
1.6e+03  1.23e-19  2.79e-10  2.79e-10  3.03e-10
1.7e+03  1.49e-19  2.82e-10  2.82e-10  3.06e-10
1.8e+03  1.37e-19  2.84e-10  2.84e-10  3.09e-10
1.9e+03  1.28e-19  2.87e-10  2.87e-10  3.12e-10
  2e+03  1.36e-19  2.89e-10  2.89e-10  3.15e-10

______________________________________________________________________________________

Temperature-Pressure Rate Tables:

W1->W2

P\T           500       600       700       800       900     1e+03   1.1e+03   1.2e+03   1.3e+03   1.4e+03   1.5e+03   1.6e+03   1.7e+03   1.8e+03   1.9e+03     2e+03
0.1     -3.25e+08 -1.64e+08 -1.05e+08 -5.95e+07 -3.32e+07 -1.98e+07 -8.04e+06  8.34e+06  8.11e+07  2.84e+08  8.37e+08  1.54e+09  2.01e+09   2.5e+09  2.54e+09  2.77e+09
1       -1.07e+10    -4e+09 -2.03e+09 -9.29e+08 -3.23e+08  1.33e+08  5.79e+08  1.45e+09  3.22e+09  5.75e+09  9.48e+09  1.22e+10  1.29e+10  1.32e+10  1.21e+10  1.22e+10
10      -3.46e+10  1.64e+10   2.8e+10  3.31e+10  3.42e+10  3.64e+10  3.84e+10  4.47e+10  4.96e+10  5.18e+10  5.51e+10  5.78e+10  5.53e+10  5.17e+10  4.57e+10  4.48e+10
100      2.43e+12  1.49e+12  1.05e+12  7.56e+11  5.64e+11  4.47e+11  3.75e+11  3.41e+11  3.03e+11  2.62e+11  2.25e+11  2.08e+11  1.88e+11  1.68e+11  1.47e+11  1.42e+11
O-O      1.93e+13  1.65e+13  1.47e+13  1.35e+13  1.27e+13  1.21e+13  1.17e+13  1.14e+13  1.11e+13   1.1e+13  1.08e+13  1.07e+13  1.07e+13  1.06e+13  1.06e+13  1.06e+13

W1->P1

P\T           500       600       700       800       900     1e+03   1.1e+03   1.2e+03   1.3e+03   1.4e+03   1.5e+03   1.6e+03   1.7e+03   1.8e+03   1.9e+03     2e+03
0.1      6.55e+10  4.71e+10   3.7e+10   2.7e+10  1.96e+10  1.48e+10  1.22e+10   1.1e+10  9.42e+09  7.57e+09  5.42e+09  4.13e+09  2.93e+09  1.81e+09   1.1e+09   7.9e+08
1        3.81e+11  2.34e+11  1.64e+11  1.13e+11  7.97e+10  5.93e+10  4.76e+10  4.13e+10  3.33e+10  2.44e+10  1.47e+10  9.55e+09  6.14e+09  3.36e+09  1.92e+09  1.32e+09
10        1.4e+12  7.99e+11   5.3e+11   3.5e+11  2.38e+11  1.68e+11  1.27e+11  1.01e+11  7.43e+10   5.1e+10   2.8e+10  1.68e+10  1.03e+10  5.25e+09  2.91e+09  1.96e+09
100      1.24e+12  7.46e+11     5e+11  3.29e+11  2.22e+11  1.52e+11  1.13e+11  8.57e+10  6.26e+10  4.43e+10  2.62e+10  1.71e+10  1.13e+10  6.05e+09  3.47e+09  2.37e+09
O-O           ***       ***       ***       ***       ***       ***       ***       ***       ***       ***       ***       ***       ***       ***       ***       ***

W2->W1

P\T           500       600       700       800       900     1e+03   1.1e+03   1.2e+03   1.3e+03   1.4e+03   1.5e+03   1.6e+03   1.7e+03   1.8e+03   1.9e+03     2e+03
0.1      2.85e-16  2.44e-13  3.18e-11  -1.4e-09  3.84e-08  5.58e-07  1.17e-05  0.000107   0.00115   0.00768    0.0413     0.133     0.285     0.553     0.834       1.3
1        3.55e-12  9.89e-10  6.72e-08   1.8e-06  2.36e-05  0.000213   0.00131   0.00761    0.0381     0.142      0.45      1.03       1.8      2.88      3.95      5.73
10       1.92e-08  1.68e-06  4.41e-05  0.000516   0.00346    0.0169    0.0628      0.21     0.566      1.26       2.6      4.85      7.71      11.3      14.9        21
100      5.94e-07  4.58e-05  0.000993   0.00928    0.0503     0.194     0.588      1.56       3.4      6.34      10.6      17.5      26.2      36.8      47.9      66.2
O-O      4.59e-06  0.000497    0.0138     0.165      1.13      5.23      18.3      51.8       125       265       508       899  1.48e+03  2.32e+03  3.45e+03  4.94e+03

W2->P1

P\T           500       600       700       800       900     1e+03   1.1e+03   1.2e+03   1.3e+03   1.4e+03   1.5e+03   1.6e+03   1.7e+03   1.8e+03   1.9e+03     2e+03
0.1      7.72e+08  1.02e+09  1.16e+09  1.28e+09   1.3e+09  1.32e+09  1.25e+09  1.23e+09  1.17e+09  1.08e+09  1.05e+09  9.93e+08  9.09e+08  8.68e+08  8.04e+08  7.48e+08
1        1.84e+09  2.21e+09  2.38e+09  2.49e+09  2.44e+09   2.4e+09  2.24e+09  2.14e+09  2.01e+09  1.84e+09  1.76e+09  1.64e+09   1.5e+09  1.42e+09  1.31e+09  1.21e+09
10       3.74e+09  4.15e+09  4.26e+09  4.24e+09  4.05e+09  3.85e+09  3.57e+09  3.34e+09  3.09e+09  2.83e+09  2.65e+09  2.46e+09  2.25e+09   2.1e+09  1.94e+09   1.8e+09
100      5.35e+09  5.94e+09  6.06e+09  5.93e+09  5.63e+09  5.28e+09  4.88e+09  4.51e+09  4.15e+09  3.81e+09  3.51e+09  3.24e+09  2.98e+09  2.75e+09  2.54e+09  2.35e+09
O-O      5.75e+09  6.44e+09  6.61e+09  6.46e+09  6.14e+09  5.75e+09  5.33e+09  4.92e+09  4.52e+09  4.16e+09  3.82e+09  3.52e+09  3.24e+09  2.99e+09  2.76e+09  2.56e+09

P1->W1

P\T           500       600       700       800       900     1e+03   1.1e+03   1.2e+03   1.3e+03   1.4e+03   1.5e+03   1.6e+03   1.7e+03   1.8e+03   1.9e+03     2e+03
0.1         6e-28  5.15e-26  1.28e-24  1.28e-23  7.33e-23  2.96e-22  9.66e-22   2.8e-21   6.5e-21  1.25e-20  1.91e-20  2.87e-20  3.75e-20  3.97e-20  3.95e-20  4.45e-20
1        3.71e-27   2.7e-25  5.95e-24  5.61e-23   3.1e-22  1.22e-21   3.9e-21  1.08e-20  2.37e-20  4.14e-20  5.33e-20  6.79e-20     8e-20  7.49e-20     7e-20  7.56e-20
10       1.42e-26   9.5e-25  1.97e-23  1.77e-22  9.42e-22  3.52e-21  1.06e-20  2.68e-20  5.36e-20  8.75e-20  1.03e-19  1.21e-19  1.36e-19  1.18e-19  1.07e-19  1.13e-19
100      1.27e-26  8.95e-25  1.87e-23  1.67e-22  8.81e-22   3.2e-21  9.39e-21  2.29e-20  4.54e-20  7.62e-20  9.64e-20  1.23e-19  1.49e-19  1.37e-19  1.28e-19  1.36e-19
O-O           ***       ***       ***       ***       ***       ***       ***       ***       ***       ***       ***       ***       ***       ***       ***       ***

P1->W2

P\T           500       600       700       800       900     1e+03   1.1e+03   1.2e+03   1.3e+03   1.4e+03   1.5e+03   1.6e+03   1.7e+03   1.8e+03   1.9e+03     2e+03
0.1      3.35e-11  4.06e-11  4.64e-11  5.35e-11   5.8e-11  6.42e-11  6.68e-11  7.19e-11  7.53e-11  7.65e-11  8.23e-11  8.53e-11  8.57e-11  8.96e-11  9.05e-11  9.19e-11
1           8e-11  8.84e-11  9.54e-11  1.04e-10   1.1e-10  1.17e-10   1.2e-10  1.26e-10   1.3e-10  1.31e-10  1.38e-10  1.42e-10  1.42e-10  1.47e-10  1.48e-10  1.49e-10
10       1.62e-10  1.66e-10   1.7e-10  1.77e-10  1.82e-10  1.88e-10  1.91e-10  1.96e-10     2e-10  2.02e-10  2.08e-10  2.12e-10  2.13e-10  2.17e-10  2.19e-10  2.21e-10
100      2.32e-10  2.38e-10  2.43e-10  2.48e-10  2.53e-10  2.58e-10  2.61e-10  2.65e-10  2.69e-10  2.72e-10  2.76e-10  2.79e-10  2.82e-10  2.84e-10  2.87e-10  2.89e-10
O-O       2.5e-10  2.58e-10  2.64e-10   2.7e-10  2.76e-10  2.81e-10  2.85e-10  2.89e-10  2.93e-10  2.97e-10     3e-10  3.03e-10  3.06e-10  3.09e-10  3.12e-10  3.15e-10

W1-> 

P\T           500       600       700       800       900     1e+03   1.1e+03   1.2e+03   1.3e+03   1.4e+03   1.5e+03   1.6e+03   1.7e+03   1.8e+03   1.9e+03     2e+03
0.1      6.52e+10  4.69e+10  3.69e+10   2.7e+10  1.95e+10  1.48e+10  1.22e+10   1.1e+10   9.5e+09  7.85e+09  6.25e+09  5.67e+09  4.95e+09  4.32e+09  3.64e+09  3.56e+09
1         3.7e+11   2.3e+11  1.62e+11  1.12e+11  7.94e+10  5.95e+10  4.82e+10  4.27e+10  3.65e+10  3.02e+10  2.42e+10  2.18e+10   1.9e+10  1.65e+10   1.4e+10  1.36e+10
10       1.37e+12  8.15e+11  5.58e+11  3.84e+11  2.73e+11  2.05e+11  1.65e+11  1.45e+11  1.24e+11  1.03e+11  8.31e+10  7.46e+10  6.56e+10   5.7e+10  4.86e+10  4.68e+10
100      3.67e+12  2.24e+12  1.55e+12  1.08e+12  7.86e+11  5.99e+11  4.87e+11  4.27e+11  3.65e+11  3.06e+11  2.51e+11  2.25e+11  1.99e+11  1.74e+11   1.5e+11  1.44e+11
O-O      1.93e+13  1.65e+13  1.47e+13  1.35e+13  1.27e+13  1.21e+13  1.17e+13  1.14e+13  1.11e+13   1.1e+13  1.08e+13  1.07e+13  1.07e+13  1.06e+13  1.06e+13  1.06e+13

W2-> 

P\T           500       600       700       800       900     1e+03   1.1e+03   1.2e+03   1.3e+03   1.4e+03   1.5e+03   1.6e+03   1.7e+03   1.8e+03   1.9e+03     2e+03
0.1      7.72e+08  1.02e+09  1.16e+09  1.28e+09   1.3e+09  1.32e+09  1.25e+09  1.23e+09  1.17e+09  1.08e+09  1.05e+09  9.93e+08  9.09e+08  8.68e+08  8.04e+08  7.48e+08
1        1.84e+09  2.21e+09  2.38e+09  2.49e+09  2.44e+09   2.4e+09  2.24e+09  2.14e+09  2.01e+09  1.84e+09  1.76e+09  1.64e+09   1.5e+09  1.42e+09  1.31e+09  1.21e+09
10       3.74e+09  4.15e+09  4.26e+09  4.24e+09  4.05e+09  3.85e+09  3.57e+09  3.34e+09  3.09e+09  2.83e+09  2.65e+09  2.46e+09  2.25e+09   2.1e+09  1.94e+09   1.8e+09
100      5.35e+09  5.94e+09  6.06e+09  5.93e+09  5.63e+09  5.28e+09  4.88e+09  4.51e+09  4.15e+09  3.81e+09  3.51e+09  3.24e+09  2.98e+09  2.75e+09  2.54e+09  2.35e+09
O-O      5.75e+09  6.44e+09  6.61e+09  6.46e+09  6.14e+09  5.75e+09  5.33e+09  4.92e+09  4.52e+09  4.16e+09  3.82e+09  3.52e+09  3.24e+09  2.99e+09  2.76e+09  2.56e+09

P1-> 

P\T           500       600       700       800       900     1e+03   1.1e+03   1.2e+03   1.3e+03   1.4e+03   1.5e+03   1.6e+03   1.7e+03   1.8e+03   1.9e+03     2e+03
0.1      3.35e-11  4.06e-11  4.64e-11  5.35e-11   5.8e-11  6.42e-11  6.68e-11  7.19e-11  7.53e-11  7.65e-11  8.23e-11  8.53e-11  8.57e-11  8.96e-11  9.05e-11  9.19e-11
1           8e-11  8.84e-11  9.54e-11  1.04e-10   1.1e-10  1.17e-10   1.2e-10  1.26e-10   1.3e-10  1.31e-10  1.38e-10  1.42e-10  1.42e-10  1.47e-10  1.48e-10  1.49e-10
10       1.62e-10  1.66e-10   1.7e-10  1.77e-10  1.82e-10  1.88e-10  1.91e-10  1.96e-10     2e-10  2.02e-10  2.08e-10  2.12e-10  2.13e-10  2.17e-10  2.19e-10  2.21e-10
100      2.32e-10  2.38e-10  2.43e-10  2.48e-10  2.53e-10  2.58e-10  2.61e-10  2.65e-10  2.69e-10  2.72e-10  2.76e-10  2.79e-10  2.82e-10  2.84e-10  2.87e-10  2.89e-10
O-O       2.5e-10  2.58e-10  2.64e-10   2.7e-10  2.76e-10  2.81e-10  2.85e-10  2.89e-10  2.93e-10  2.97e-10     3e-10  3.03e-10  3.06e-10  3.09e-10  3.12e-10  3.15e-10

