Wells (G - ground energy, D - dissociation limit, kcal/mol):
                           W         G         D
        Fake(CPT(563)+OH(4))        -3     -1.34
      Fake(C5H9(553)+H2O(5))       -26       -23

Bimolecular Products (G - ground energy, kcal/mol):
                     P         G
        CPT(563)+OH(4)         0
      C5H9(553)+H2O(5)       -23

Well-to-Bimolecular Barriers (H/G - barrier height/well depth, kcal/mol)
                           B         H                      W         G                P
        FakeB-CPT(563)+OH(4)         0   Fake(CPT(563)+OH(4))        -3   CPT(563)+OH(4)
      FakeB-C5H9(553)+H2O(5)       -23 Fake(C5H9(553)+H2O(5))       -26 C5H9(553)+H2O(5)

Well-to-Well Barriers (H/G - barrier height/well depth, kcal/mol):
           B         H                     W1        G1                     W2        G2
      ts_7_1     -1.34   Fake(CPT(563)+OH(4))        -3 Fake(C5H9(553)+H2O(5))       -26

Bound Groups: dissociation barrier (name/ground energy, kcal/mol): wells (name/ground energy, kcal/mol):
     C2/-23:  Fake(C5H9(553)+H2O(5))/-26

     B1/-1.34:  Fake(CPT(563)+OH(4))/-3

________________________________________________________________________________________

Names Translation Tables (<short name> - <original name>):
Wells:
   W1 - Fake(CPT(563)+OH(4))
   W2 - Fake(C5H9(553)+H2O(5))
Bimolecular products:
   P1 - CPT(563)+OH(4)
   P2 - C5H9(553)+H2O(5)
Inner Barriers:
   B1 - ts_7_1
Outer Barriers:
   C1 - FakeB-CPT(563)+OH(4)
   C2 - FakeB-C5H9(553)+H2O(5)
Unimolecular Rate Units: 1/sec;  Bimolecular Rate Units: cm^3/sec

______________________________________________________________________________________

Species-Species Rate Tables:

Temperature = 500 K

High Pressure Rate Coefficients:

From\To         W1        W2        P1        P2
W1             ***  1.98e+07  8.21e+09       ***
W2          0.0287       ***       ***  1.39e+10
P1        2.44e-10       ***       ***       ***
P2             ***  2.39e-10       ***       ***

Temperature = 500 K    Pressure = 0.1 atm

From\To         W1        W2        P1        P2
W1             ***       ***       ***       ***
W2             ***       ***       ***       ***
P1             ***       ***  5.84e-13  5.84e-13
P2             ***       ***  4.87e-22  4.87e-22

Temperature = 500 K    Pressure = 1 atm

From\To         W1        W2        P1        P2
W1             ***       ***       ***       ***
W2             ***       ***       ***       ***
P1             ***       ***  5.84e-13  5.84e-13
P2             ***       ***  4.87e-22  4.87e-22

Temperature = 500 K    Pressure = 10 atm

From\To         W1        W2        P1        P2
W1             ***       ***       ***       ***
W2             ***       ***       ***       ***
P1             ***       ***  5.84e-13  5.84e-13
P2             ***       ***  4.87e-22  4.89e-22

Temperature = 500 K    Pressure = 100 atm

From\To         W1        W2        P1        P2
W1             ***       ***       ***       ***
W2             ***       ***       ***       ***
P1             ***       ***  5.85e-13  5.85e-13
P2             ***       ***  4.88e-22  4.88e-22

Temperature = 600 K

High Pressure Rate Coefficients:

From\To         W1        W2        P1        P2
W1             ***  2.08e+07  9.19e+09       ***
W2            1.23       ***       ***  1.45e+10
P1        2.52e-10       ***       ***       ***
P2             ***  2.46e-10       ***       ***

Temperature = 600 K    Pressure = 0.1 atm

From\To         W1        W2        P1        P2
W1             ***       ***       ***       ***
W2             ***       ***       ***       ***
P1             ***       ***  5.65e-13  5.65e-13
P2             ***       ***  2.08e-20  2.08e-20

Temperature = 600 K    Pressure = 1 atm

From\To         W1        W2        P1        P2
W1             ***       ***       ***       ***
W2             ***       ***       ***       ***
P1             ***       ***  5.65e-13  5.65e-13
P2             ***       ***  2.08e-20  2.08e-20

Temperature = 600 K    Pressure = 10 atm

From\To         W1        W2        P1        P2
W1             ***       ***       ***       ***
W2             ***       ***       ***       ***
P1             ***       ***  5.65e-13  5.65e-13
P2             ***       ***  2.08e-20  2.08e-20

Temperature = 600 K    Pressure = 100 atm

From\To         W1        W2        P1        P2
W1             ***       ***       ***       ***
W2             ***       ***       ***       ***
P1             ***       ***  5.65e-13  5.65e-13
P2             ***       ***  2.08e-20  2.08e-20

Temperature = 700 K

High Pressure Rate Coefficients:

From\To         W1        W2        P1        P2
W1             ***  2.14e+07  9.43e+09       ***
W2            17.6       ***       ***  1.39e+10
P1        2.58e-10       ***       ***       ***
P2             ***  2.53e-10       ***       ***

Temperature = 700 K    Pressure = 0.1 atm

From\To         W1        W2        P1        P2
W1             ***       ***       ***       ***
W2             ***       ***       ***       ***
P1             ***       ***  5.83e-13  5.83e-13
P2             ***       ***  3.19e-19  3.19e-19

Temperature = 700 K    Pressure = 1 atm

From\To         W1        W2        P1        P2
W1             ***       ***       ***       ***
W2             ***       ***       ***       ***
P1             ***       ***  5.83e-13  5.83e-13
P2             ***       ***  3.19e-19  3.19e-19

Temperature = 700 K    Pressure = 10 atm

From\To         W1        W2        P1        P2
W1             ***       ***       ***       ***
W2             ***       ***       ***       ***
P1             ***       ***  5.83e-13  5.83e-13
P2             ***       ***  3.19e-19  3.19e-19

Temperature = 700 K    Pressure = 100 atm

From\To         W1        W2        P1        P2
W1             ***       ***       ***       ***
W2             ***       ***       ***       ***
P1             ***       ***  5.83e-13  5.83e-13
P2             ***       ***  3.19e-19  3.19e-19

Temperature = 800 K

High Pressure Rate Coefficients:

From\To         W1        W2        P1        P2
W1             ***  2.19e+07  9.21e+09       ***
W2             128       ***       ***  1.28e+10
P1        2.64e-10       ***       ***       ***
P2             ***  2.58e-10       ***       ***

Temperature = 800 K    Pressure = 0.1 atm

From\To         W1        W2        P1        P2
W1             ***       ***       ***       ***
W2             ***       ***       ***       ***
P1             ***       ***  6.24e-13  6.24e-13
P2             ***       ***  2.58e-18  2.58e-18

Temperature = 800 K    Pressure = 1 atm

From\To         W1        W2        P1        P2
W1             ***       ***       ***       ***
W2             ***       ***       ***       ***
P1             ***       ***  6.24e-13  6.24e-13
P2             ***       ***  2.58e-18  2.58e-18

Temperature = 800 K    Pressure = 10 atm

From\To         W1        W2        P1        P2
W1             ***       ***       ***       ***
W2             ***       ***       ***       ***
P1             ***       ***  6.24e-13  6.24e-13
P2             ***       ***  2.58e-18  2.58e-18

Temperature = 800 K    Pressure = 100 atm

From\To         W1        W2        P1        P2
W1             ***       ***       ***       ***
W2             ***       ***       ***       ***
P1             ***       ***  6.24e-13  6.24e-13
P2             ***       ***  2.58e-18  2.58e-18

Temperature = 900 K

High Pressure Rate Coefficients:

From\To         W1        W2        P1        P2
W1             ***  2.23e+07  8.76e+09       ***
W2             598       ***       ***  1.15e+10
P1        2.69e-10       ***       ***       ***
P2             ***  2.63e-10       ***       ***

Temperature = 900 K    Pressure = 0.1 atm

From\To         W1        W2        P1        P2
W1             ***       ***       ***       ***
W2             ***       ***       ***       ***
P1             ***       ***  6.81e-13  6.81e-13
P2             ***       ***  1.36e-17  1.36e-17

Temperature = 900 K    Pressure = 1 atm

From\To         W1        W2        P1        P2
W1             ***       ***       ***       ***
W2             ***       ***       ***       ***
P1             ***       ***  6.81e-13  6.81e-13
P2             ***       ***  1.36e-17  1.36e-17

Temperature = 900 K    Pressure = 10 atm

From\To         W1        W2        P1        P2
W1             ***       ***       ***       ***
W2             ***       ***       ***       ***
P1             ***       ***  6.81e-13  6.81e-13
P2             ***       ***  1.36e-17  1.36e-17

Temperature = 900 K    Pressure = 100 atm

From\To         W1        W2        P1        P2
W1             ***       ***       ***       ***
W2             ***       ***       ***       ***
P1             ***       ***  6.81e-13  6.81e-13
P2             ***       ***  1.36e-17  1.36e-17

Temperature = 1e+03 K

High Pressure Rate Coefficients:

From\To         W1        W2        P1        P2
W1             ***  2.26e+07   8.2e+09       ***
W2        2.04e+03       ***       ***  1.03e+10
P1        2.74e-10       ***       ***       ***
P2             ***  2.68e-10       ***       ***

Temperature = 1e+03 K    Pressure = 0.1 atm

From\To         W1        W2        P1        P2
W1             ***       ***       ***       ***
W2             ***       ***       ***       ***
P1             ***       ***   7.5e-13   7.5e-13
P2             ***       ***  5.31e-17  5.31e-17

Temperature = 1e+03 K    Pressure = 1 atm

From\To         W1        W2        P1        P2
W1             ***       ***       ***       ***
W2             ***       ***       ***       ***
P1             ***       ***   7.5e-13   7.5e-13
P2             ***       ***  5.31e-17  5.31e-17

Temperature = 1e+03 K    Pressure = 10 atm

From\To         W1        W2        P1        P2
W1             ***       ***       ***       ***
W2             ***       ***       ***       ***
P1             ***       ***   7.5e-13   7.5e-13
P2             ***       ***  5.31e-17  5.31e-17

Temperature = 1e+03 K    Pressure = 100 atm

From\To         W1        W2        P1        P2
W1             ***       ***       ***       ***
W2             ***       ***       ***       ***
P1             ***       ***   7.5e-13   7.5e-13
P2             ***       ***  5.31e-17  5.31e-17

Temperature = 1.1e+03 K

High Pressure Rate Coefficients:

From\To         W1        W2        P1        P2
W1             ***  2.28e+07   7.6e+09       ***
W2        5.57e+03       ***       ***  9.12e+09
P1        2.78e-10       ***       ***       ***
P2             ***  2.72e-10       ***       ***

Temperature = 1.1e+03 K    Pressure = 0.1 atm

From\To         W1        W2        P1        P2
W1             ***       ***       ***       ***
W2             ***       ***       ***       ***
P1             ***       ***  8.31e-13  8.31e-13
P2             ***       ***  1.66e-16  1.66e-16

Temperature = 1.1e+03 K    Pressure = 1 atm

From\To         W1        W2        P1        P2
W1             ***       ***       ***       ***
W2             ***       ***       ***       ***
P1             ***       ***  8.31e-13  8.31e-13
P2             ***       ***  1.66e-16  1.66e-16

Temperature = 1.1e+03 K    Pressure = 10 atm

From\To         W1        W2        P1        P2
W1             ***       ***       ***       ***
W2             ***       ***       ***       ***
P1             ***       ***  8.31e-13  8.31e-13
P2             ***       ***  1.66e-16  1.66e-16

Temperature = 1.1e+03 K    Pressure = 100 atm

From\To         W1        W2        P1        P2
W1        7.47e+09       ***  7.45e+09  2.14e+08
W2             ***       ***       ***       ***
P1        2.66e-10       ***  2.66e-10 -6.79e-12
P2        1.52e-15       *** -1.35e-15  2.09e-16

Temperature = 1.2e+03 K

High Pressure Rate Coefficients:

From\To         W1        W2        P1        P2
W1             ***   2.3e+07  7.02e+09       ***
W2        1.28e+04       ***       ***  8.08e+09
P1        2.82e-10       ***       ***       ***
P2             ***  2.76e-10       ***       ***

Temperature = 1.2e+03 K    Pressure = 0.1 atm

From\To         W1        W2        P1        P2
W1             ***       ***       ***       ***
W2             ***       ***       ***       ***
P1             ***       ***  9.21e-13  9.21e-13
P2             ***       ***  4.37e-16  4.37e-16

Temperature = 1.2e+03 K    Pressure = 1 atm

From\To         W1        W2        P1        P2
W1             ***       ***       ***       ***
W2             ***       ***       ***       ***
P1             ***       ***  9.21e-13  9.21e-13
P2             ***       ***  4.37e-16  4.37e-16

Temperature = 1.2e+03 K    Pressure = 10 atm

From\To         W1        W2        P1        P2
W1             ***       ***       ***       ***
W2             ***       ***       ***       ***
P1             ***       ***  9.21e-13  9.21e-13
P2             ***       ***  4.37e-16  4.37e-16

Temperature = 1.2e+03 K    Pressure = 100 atm

From\To         W1        W2        P1        P2
W1        6.87e+09  3.05e+07  6.85e+09 -7.51e+06
W2        1.81e+04  7.65e+09      -268  7.65e+09
P1         2.7e-10 -3.39e-13   2.7e-10  3.57e-13
P2        -3.1e-16  2.48e-10  1.69e-16  2.48e-10

Temperature = 1.3e+03 K

High Pressure Rate Coefficients:

From\To         W1        W2        P1        P2
W1             ***  2.32e+07  6.46e+09       ***
W2         2.6e+04       ***       ***  7.17e+09
P1        2.86e-10       ***       ***       ***
P2             ***   2.8e-10       ***       ***

Temperature = 1.3e+03 K    Pressure = 0.1 atm

From\To         W1        W2        P1        P2
W1             ***       ***       ***       ***
W2             ***       ***       ***       ***
P1             ***       ***  1.02e-12  1.02e-12
P2             ***       ***  1.01e-15  1.01e-15

Temperature = 1.3e+03 K    Pressure = 1 atm

From\To         W1        W2        P1        P2
W1             ***       ***       ***       ***
W2             ***       ***       ***       ***
P1             ***       ***  1.02e-12  1.02e-12
P2             ***       ***  1.01e-15  1.01e-15

Temperature = 1.3e+03 K    Pressure = 10 atm

From\To         W1        W2        P1        P2
W1             ***       ***       ***       ***
W2             ***       ***       ***       ***
P1             ***       ***  1.02e-12  1.02e-12
P2             ***       ***  1.01e-15  1.01e-15

Temperature = 1.3e+03 K    Pressure = 100 atm

From\To         W1        W2        P1        P2
W1        6.31e+09  3.06e+07  6.29e+09 -7.42e+06
W2        3.61e+04  6.76e+09      -610  6.76e+09
P1        2.72e-10 -3.86e-13  2.72e-10  4.08e-13
P2       -7.04e-16   2.5e-10  4.03e-16   2.5e-10

Temperature = 1.4e+03 K

High Pressure Rate Coefficients:

From\To         W1        W2        P1        P2
W1             ***  2.33e+07  5.94e+09       ***
W2        4.75e+04       ***       ***  6.36e+09
P1         2.9e-10       ***       ***       ***
P2             ***  2.84e-10       ***       ***

Temperature = 1.4e+03 K    Pressure = 0.1 atm

From\To         W1        W2        P1        P2
W1             ***       ***       ***       ***
W2             ***       ***       ***       ***
P1             ***       ***  1.13e-12  1.13e-12
P2             ***       ***  2.11e-15  2.11e-15

Temperature = 1.4e+03 K    Pressure = 1 atm

From\To         W1        W2        P1        P2
W1             ***       ***       ***       ***
W2             ***       ***       ***       ***
P1             ***       ***  1.13e-12  1.13e-12
P2             ***       ***  2.11e-15  2.11e-15

Temperature = 1.4e+03 K    Pressure = 10 atm

From\To         W1        W2        P1        P2
W1             ***       ***       ***       ***
W2             ***       ***       ***       ***
P1             ***       ***  1.13e-12  1.13e-12
P2             ***       ***  2.11e-15  2.11e-15

Temperature = 1.4e+03 K    Pressure = 100 atm

From\To         W1        W2        P1        P2
W1        5.78e+09  3.06e+07  5.76e+09 -7.26e+06
W2        6.48e+04  5.98e+09  -1.1e+03  5.98e+09
P1        2.74e-10 -4.23e-13  2.74e-10  4.51e-13
P2       -1.41e-15  2.52e-10   8.4e-16  2.52e-10

Temperature = 1.5e+03 K

High Pressure Rate Coefficients:

From\To         W1        W2        P1        P2
W1             ***  2.34e+07  5.46e+09       ***
W2        8.01e+04       ***       ***  5.66e+09
P1        2.93e-10       ***       ***       ***
P2             ***  2.87e-10       ***       ***

Temperature = 1.5e+03 K    Pressure = 0.1 atm

From\To         W1        W2        P1        P2
W1             ***       ***       ***       ***
W2             ***       ***       ***       ***
P1             ***       ***  1.25e-12  1.25e-12
P2             ***       ***  4.03e-15  4.03e-15

Temperature = 1.5e+03 K    Pressure = 1 atm

From\To         W1        W2        P1        P2
W1             ***       ***       ***       ***
W2             ***       ***       ***       ***
P1             ***       ***  1.25e-12  1.25e-12
P2             ***       ***  4.03e-15  4.03e-15

Temperature = 1.5e+03 K    Pressure = 10 atm

From\To         W1        W2        P1        P2
W1             ***       ***       ***       ***
W2             ***       ***       ***       ***
P1             ***       ***  1.25e-12  1.25e-12
P2             ***       ***  4.03e-15  4.03e-15

Temperature = 1.5e+03 K    Pressure = 100 atm

From\To         W1        W2        P1        P2
W1         5.3e+09  3.04e+07  5.27e+09 -7.05e+06
W2        1.07e+05  5.31e+09 -1.71e+03  5.31e+09
P1        2.75e-10 -4.54e-13  2.75e-10  4.89e-13
P2       -2.58e-15  2.53e-10  1.58e-15  2.53e-10

Temperature = 1.6e+03 K

High Pressure Rate Coefficients:

From\To         W1        W2        P1        P2
W1             ***  2.35e+07  5.02e+09       ***
W2        1.26e+05       ***       ***  5.06e+09
P1        2.96e-10       ***       ***       ***
P2             ***   2.9e-10       ***       ***

Temperature = 1.6e+03 K    Pressure = 0.1 atm

From\To         W1        W2        P1        P2
W1             ***       ***       ***       ***
W2             ***       ***       ***       ***
P1             ***       ***  1.38e-12  1.38e-12
P2             ***       ***  7.21e-15  7.21e-15

Temperature = 1.6e+03 K    Pressure = 1 atm

From\To         W1        W2        P1        P2
W1             ***       ***       ***       ***
W2             ***       ***       ***       ***
P1             ***       ***  1.38e-12  1.38e-12
P2             ***       ***  7.21e-15  7.21e-15

Temperature = 1.6e+03 K    Pressure = 10 atm

From\To         W1        W2        P1        P2
W1             ***       ***       ***       ***
W2             ***       ***       ***       ***
P1             ***       ***  1.38e-12  1.38e-12
P2             ***       ***  7.21e-15  7.21e-15

Temperature = 1.6e+03 K    Pressure = 100 atm

From\To         W1        W2        P1        P2
W1        4.86e+09  3.03e+07  4.84e+09 -6.81e+06
W2        1.66e+05  4.72e+09  -2.4e+03  4.72e+09
P1        2.76e-10 -4.78e-13  2.76e-10  5.23e-13
P2       -4.35e-15  2.55e-10  2.74e-15  2.55e-10

Temperature = 1.7e+03 K

High Pressure Rate Coefficients:

From\To         W1        W2        P1        P2
W1             ***  2.35e+07  4.63e+09       ***
W2        1.89e+05       ***       ***  4.53e+09
P1        2.99e-10       ***       ***       ***
P2             ***  2.93e-10       ***       ***

Temperature = 1.7e+03 K    Pressure = 0.1 atm

From\To         W1        W2        P1        P2
W1             ***       ***       ***       ***
W2             ***       ***       ***       ***
P1             ***       ***  1.51e-12  1.51e-12
P2             ***       ***  1.22e-14  1.22e-14

Temperature = 1.7e+03 K    Pressure = 1 atm

From\To         W1        W2        P1        P2
W1             ***       ***       ***       ***
W2             ***       ***       ***       ***
P1             ***       ***  1.51e-12  1.51e-12
P2             ***       ***  1.22e-14  1.22e-14

Temperature = 1.7e+03 K    Pressure = 10 atm

From\To         W1        W2        P1        P2
W1             ***       ***       ***       ***
W2             ***       ***       ***       ***
P1             ***       ***  1.51e-12  1.51e-12
P2             ***       ***  1.22e-14  1.22e-14

Temperature = 1.7e+03 K    Pressure = 100 atm

From\To         W1        W2        P1        P2
W1        4.47e+09  3.01e+07  4.44e+09 -6.55e+06
W2        2.44e+05  4.22e+09 -3.07e+03  4.22e+09
P1        2.77e-10 -4.97e-13  2.77e-10  5.52e-13
P2       -6.91e-15  2.57e-10  4.44e-15  2.57e-10

Temperature = 1.8e+03 K

High Pressure Rate Coefficients:

From\To         W1        W2        P1        P2
W1             ***  2.35e+07  4.27e+09       ***
W2         2.7e+05       ***       ***  4.06e+09
P1        3.02e-10       ***       ***       ***
P2             ***  2.96e-10       ***       ***

Temperature = 1.8e+03 K    Pressure = 0.1 atm

From\To         W1        W2        P1        P2
W1             ***       ***       ***       ***
W2             ***       ***       ***       ***
P1             ***       ***  1.66e-12  1.66e-12
P2             ***       ***  1.95e-14  1.95e-14

Temperature = 1.8e+03 K    Pressure = 1 atm

From\To         W1        W2        P1        P2
W1             ***       ***       ***       ***
W2             ***       ***       ***       ***
P1             ***       ***  1.66e-12  1.66e-12
P2             ***       ***  1.95e-14  1.95e-14

Temperature = 1.8e+03 K    Pressure = 10 atm

From\To         W1        W2        P1        P2
W1             ***       ***       ***       ***
W2             ***       ***       ***       ***
P1             ***       ***  1.66e-12  1.66e-12
P2             ***       ***  1.95e-14  1.95e-14

Temperature = 1.8e+03 K    Pressure = 100 atm

From\To         W1        W2        P1        P2
W1        4.11e+09  2.98e+07  4.09e+09 -6.28e+06
W2        3.43e+05  3.78e+09 -3.63e+03  3.78e+09
P1        2.78e-10 -5.12e-13  2.78e-10  5.77e-13
P2       -1.04e-14  2.59e-10  6.81e-15  2.59e-10

Temperature = 1.9e+03 K

High Pressure Rate Coefficients:

From\To         W1        W2        P1        P2
W1             ***  2.36e+07  3.94e+09       ***
W2        3.72e+05       ***       ***  3.66e+09
P1        3.05e-10       ***       ***       ***
P2             ***  2.98e-10       ***       ***

Temperature = 1.9e+03 K    Pressure = 0.1 atm

From\To         W1        W2        P1        P2
W1             ***       ***       ***       ***
W2             ***       ***       ***       ***
P1             ***       ***  1.81e-12  1.81e-12
P2             ***       ***  3.01e-14  3.01e-14

Temperature = 1.9e+03 K    Pressure = 1 atm

From\To         W1        W2        P1        P2
W1             ***       ***       ***       ***
W2             ***       ***       ***       ***
P1             ***       ***  1.81e-12  1.81e-12
P2             ***       ***  3.01e-14  3.01e-14

Temperature = 1.9e+03 K    Pressure = 10 atm

From\To         W1        W2        P1        P2
W1             ***       ***       ***       ***
W2             ***       ***       ***       ***
P1             ***       ***  1.81e-12  1.81e-12
P2             ***       ***  3.01e-14  3.01e-14

Temperature = 1.9e+03 K    Pressure = 100 atm

From\To         W1        W2        P1        P2
W1        3.79e+09  2.96e+07  3.77e+09 -6.02e+06
W2        4.63e+05   3.4e+09 -3.98e+03   3.4e+09
P1        2.79e-10 -5.23e-13  2.79e-10  5.99e-13
P2        -1.5e-14  2.61e-10  9.97e-15  2.61e-10

Temperature = 2e+03 K

High Pressure Rate Coefficients:

From\To         W1        W2        P1        P2
W1             ***  2.36e+07  3.65e+09       ***
W2        4.95e+05       ***       ***  3.31e+09
P1        3.07e-10       ***       ***       ***
P2             ***  3.01e-10       ***       ***

Temperature = 2e+03 K    Pressure = 0.1 atm

From\To         W1        W2        P1        P2
W1             ***       ***       ***       ***
W2             ***       ***       ***       ***
P1             ***       ***  1.97e-12  1.97e-12
P2             ***       ***  4.47e-14  4.47e-14

Temperature = 2e+03 K    Pressure = 1 atm

From\To         W1        W2        P1        P2
W1             ***       ***       ***       ***
W2             ***       ***       ***       ***
P1             ***       ***  1.97e-12  1.97e-12
P2             ***       ***  4.47e-14  4.47e-14

Temperature = 2e+03 K    Pressure = 10 atm

From\To         W1        W2        P1        P2
W1             ***       ***       ***       ***
W2             ***       ***       ***       ***
P1             ***       ***  1.97e-12  1.97e-12
P2             ***       ***  4.47e-14  4.47e-14

Temperature = 2e+03 K    Pressure = 100 atm

From\To         W1        W2        P1        P2
W1         3.5e+09  2.93e+07  3.48e+09 -5.75e+06
W2        6.08e+05  3.07e+09 -4.02e+03  3.07e+09
P1         2.8e-10  -5.3e-13   2.8e-10  6.18e-13
P2       -2.09e-14  2.64e-10   1.4e-14  2.64e-10

______________________________________________________________________________________

High Pressure Rate Coefficients (Temperature-Species Rate Tables):

Reactant = W1
   T(K)        W1        W2        P1        P2
    500       ***  1.98e+07  8.21e+09       ***
    600       ***  2.08e+07  9.19e+09       ***
    700       ***  2.14e+07  9.43e+09       ***
    800       ***  2.19e+07  9.21e+09       ***
    900       ***  2.23e+07  8.76e+09       ***
  1e+03       ***  2.26e+07   8.2e+09       ***
1.1e+03       ***  2.28e+07   7.6e+09       ***
1.2e+03       ***   2.3e+07  7.02e+09       ***
1.3e+03       ***  2.32e+07  6.46e+09       ***
1.4e+03       ***  2.33e+07  5.94e+09       ***
1.5e+03       ***  2.34e+07  5.46e+09       ***
1.6e+03       ***  2.35e+07  5.02e+09       ***
1.7e+03       ***  2.35e+07  4.63e+09       ***
1.8e+03       ***  2.35e+07  4.27e+09       ***
1.9e+03       ***  2.36e+07  3.94e+09       ***
  2e+03       ***  2.36e+07  3.65e+09       ***

Reactant = W2
   T(K)        W1        W2        P1        P2
    500    0.0287       ***       ***  1.39e+10
    600      1.23       ***       ***  1.45e+10
    700      17.6       ***       ***  1.39e+10
    800       128       ***       ***  1.28e+10
    900       598       ***       ***  1.15e+10
  1e+03  2.04e+03       ***       ***  1.03e+10
1.1e+03  5.57e+03       ***       ***  9.12e+09
1.2e+03  1.28e+04       ***       ***  8.08e+09
1.3e+03   2.6e+04       ***       ***  7.17e+09
1.4e+03  4.75e+04       ***       ***  6.36e+09
1.5e+03  8.01e+04       ***       ***  5.66e+09
1.6e+03  1.26e+05       ***       ***  5.06e+09
1.7e+03  1.89e+05       ***       ***  4.53e+09
1.8e+03   2.7e+05       ***       ***  4.06e+09
1.9e+03  3.72e+05       ***       ***  3.66e+09
  2e+03  4.95e+05       ***       ***  3.31e+09

Reactant = P1
   T(K)        W1        W2        P1        P2
    500  2.44e-10       ***       ***       ***
    600  2.52e-10       ***       ***       ***
    700  2.58e-10       ***       ***       ***
    800  2.64e-10       ***       ***       ***
    900  2.69e-10       ***       ***       ***
  1e+03  2.74e-10       ***       ***       ***
1.1e+03  2.78e-10       ***       ***       ***
1.2e+03  2.82e-10       ***       ***       ***
1.3e+03  2.86e-10       ***       ***       ***
1.4e+03   2.9e-10       ***       ***       ***
1.5e+03  2.93e-10       ***       ***       ***
1.6e+03  2.96e-10       ***       ***       ***
1.7e+03  2.99e-10       ***       ***       ***
1.8e+03  3.02e-10       ***       ***       ***
1.9e+03  3.05e-10       ***       ***       ***
  2e+03  3.07e-10       ***       ***       ***

Reactant = P2
   T(K)        W1        W2        P1        P2
    500       ***  2.39e-10       ***       ***
    600       ***  2.46e-10       ***       ***
    700       ***  2.53e-10       ***       ***
    800       ***  2.58e-10       ***       ***
    900       ***  2.63e-10       ***       ***
  1e+03       ***  2.68e-10       ***       ***
1.1e+03       ***  2.72e-10       ***       ***
1.2e+03       ***  2.76e-10       ***       ***
1.3e+03       ***   2.8e-10       ***       ***
1.4e+03       ***  2.84e-10       ***       ***
1.5e+03       ***  2.87e-10       ***       ***
1.6e+03       ***   2.9e-10       ***       ***
1.7e+03       ***  2.93e-10       ***       ***
1.8e+03       ***  2.96e-10       ***       ***
1.9e+03       ***  2.98e-10       ***       ***
  2e+03       ***  3.01e-10       ***       ***

Capture/Escape Rate Coefficients:

   T(K)        W1        W2        P1        P2
    500  8.23e+09  1.39e+10  2.44e-10  2.39e-10
    600  9.22e+09  1.45e+10  2.52e-10  2.46e-10
    700  9.45e+09  1.39e+10  2.58e-10  2.53e-10
    800  9.24e+09  1.28e+10  2.64e-10  2.58e-10
    900  8.78e+09  1.15e+10  2.69e-10  2.63e-10
  1e+03  8.22e+09  1.03e+10  2.74e-10  2.68e-10
1.1e+03  7.63e+09  9.12e+09  2.78e-10  2.72e-10
1.2e+03  7.04e+09  8.08e+09  2.82e-10  2.76e-10
1.3e+03  6.48e+09  7.17e+09  2.86e-10   2.8e-10
1.4e+03  5.96e+09  6.36e+09   2.9e-10  2.84e-10
1.5e+03  5.48e+09  5.66e+09  2.93e-10  2.87e-10
1.6e+03  5.05e+09  5.06e+09  2.96e-10   2.9e-10
1.7e+03  4.65e+09  4.53e+09  2.99e-10  2.93e-10
1.8e+03  4.29e+09  4.06e+09  3.02e-10  2.96e-10
1.9e+03  3.97e+09  3.66e+09  3.05e-10  2.98e-10
  2e+03  3.68e+09  3.31e+09  3.07e-10  3.01e-10

______________________________________________________________________________________

Pressure-Species Rate Tables:

Reactant = W1   Temperature = 500 K

   P(atm)        W2        P1        P2      Loss
      0.1       ***       ***       ***       ***
        1       ***       ***       ***       ***
       10       ***       ***       ***       ***
      100       ***       ***       ***       ***
      O-O  1.98e+07  8.21e+09       ***  8.23e+09

Reactant = W1   Temperature = 600 K

   P(atm)        W2        P1        P2      Loss
      0.1       ***       ***       ***       ***
        1       ***       ***       ***       ***
       10       ***       ***       ***       ***
      100       ***       ***       ***       ***
      O-O  2.08e+07  9.19e+09       ***  9.22e+09

Reactant = W1   Temperature = 700 K

   P(atm)        W2        P1        P2      Loss
      0.1       ***       ***       ***       ***
        1       ***       ***       ***       ***
       10       ***       ***       ***       ***
      100       ***       ***       ***       ***
      O-O  2.14e+07  9.43e+09       ***  9.45e+09

Reactant = W1   Temperature = 800 K

   P(atm)        W2        P1        P2      Loss
      0.1       ***       ***       ***       ***
        1       ***       ***       ***       ***
       10       ***       ***       ***       ***
      100       ***       ***       ***       ***
      O-O  2.19e+07  9.21e+09       ***  9.24e+09

Reactant = W1   Temperature = 900 K

   P(atm)        W2        P1        P2      Loss
      0.1       ***       ***       ***       ***
        1       ***       ***       ***       ***
       10       ***       ***       ***       ***
      100       ***       ***       ***       ***
      O-O  2.23e+07  8.76e+09       ***  8.78e+09

Reactant = W1   Temperature = 1e+03 K

   P(atm)        W2        P1        P2      Loss
      0.1       ***       ***       ***       ***
        1       ***       ***       ***       ***
       10       ***       ***       ***       ***
      100       ***       ***       ***       ***
      O-O  2.26e+07   8.2e+09       ***  8.22e+09

Reactant = W1   Temperature = 1.1e+03 K

   P(atm)        W2        P1        P2      Loss
      0.1       ***       ***       ***       ***
        1       ***       ***       ***       ***
       10       ***       ***       ***       ***
      100       ***  7.45e+09  2.14e+08  7.47e+09
      O-O  2.28e+07   7.6e+09       ***  7.63e+09

Reactant = W1   Temperature = 1.2e+03 K

   P(atm)        W2        P1        P2      Loss
      0.1       ***       ***       ***       ***
        1       ***       ***       ***       ***
       10       ***       ***       ***       ***
      100  3.05e+07  6.85e+09 -7.51e+06  6.87e+09
      O-O   2.3e+07  7.02e+09       ***  7.04e+09

Reactant = W1   Temperature = 1.3e+03 K

   P(atm)        W2        P1        P2      Loss
      0.1       ***       ***       ***       ***
        1       ***       ***       ***       ***
       10       ***       ***       ***       ***
      100  3.06e+07  6.29e+09 -7.42e+06  6.31e+09
      O-O  2.32e+07  6.46e+09       ***  6.48e+09

Reactant = W1   Temperature = 1.4e+03 K

   P(atm)        W2        P1        P2      Loss
      0.1       ***       ***       ***       ***
        1       ***       ***       ***       ***
       10       ***       ***       ***       ***
      100  3.06e+07  5.76e+09 -7.26e+06  5.78e+09
      O-O  2.33e+07  5.94e+09       ***  5.96e+09

Reactant = W1   Temperature = 1.5e+03 K

   P(atm)        W2        P1        P2      Loss
      0.1       ***       ***       ***       ***
        1       ***       ***       ***       ***
       10       ***       ***       ***       ***
      100  3.04e+07  5.27e+09 -7.05e+06   5.3e+09
      O-O  2.34e+07  5.46e+09       ***  5.48e+09

Reactant = W1   Temperature = 1.6e+03 K

   P(atm)        W2        P1        P2      Loss
      0.1       ***       ***       ***       ***
        1       ***       ***       ***       ***
       10       ***       ***       ***       ***
      100  3.03e+07  4.84e+09 -6.81e+06  4.86e+09
      O-O  2.35e+07  5.02e+09       ***  5.05e+09

Reactant = W1   Temperature = 1.7e+03 K

   P(atm)        W2        P1        P2      Loss
      0.1       ***       ***       ***       ***
        1       ***       ***       ***       ***
       10       ***       ***       ***       ***
      100  3.01e+07  4.44e+09 -6.55e+06  4.47e+09
      O-O  2.35e+07  4.63e+09       ***  4.65e+09

Reactant = W1   Temperature = 1.8e+03 K

   P(atm)        W2        P1        P2      Loss
      0.1       ***       ***       ***       ***
        1       ***       ***       ***       ***
       10       ***       ***       ***       ***
      100  2.98e+07  4.09e+09 -6.28e+06  4.11e+09
      O-O  2.35e+07  4.27e+09       ***  4.29e+09

Reactant = W1   Temperature = 1.9e+03 K

   P(atm)        W2        P1        P2      Loss
      0.1       ***       ***       ***       ***
        1       ***       ***       ***       ***
       10       ***       ***       ***       ***
      100  2.96e+07  3.77e+09 -6.02e+06  3.79e+09
      O-O  2.36e+07  3.94e+09       ***  3.97e+09

Reactant = W1   Temperature = 2e+03 K

   P(atm)        W2        P1        P2      Loss
      0.1       ***       ***       ***       ***
        1       ***       ***       ***       ***
       10       ***       ***       ***       ***
      100  2.93e+07  3.48e+09 -5.75e+06   3.5e+09
      O-O  2.36e+07  3.65e+09       ***  3.68e+09

Reactant = W2   Temperature = 500 K

   P(atm)        W1        P1        P2      Loss
      0.1       ***       ***       ***       ***
        1       ***       ***       ***       ***
       10       ***       ***       ***       ***
      100       ***       ***       ***       ***
      O-O    0.0287       ***  1.39e+10  1.39e+10

Reactant = W2   Temperature = 600 K

   P(atm)        W1        P1        P2      Loss
      0.1       ***       ***       ***       ***
        1       ***       ***       ***       ***
       10       ***       ***       ***       ***
      100       ***       ***       ***       ***
      O-O      1.23       ***  1.45e+10  1.45e+10

Reactant = W2   Temperature = 700 K

   P(atm)        W1        P1        P2      Loss
      0.1       ***       ***       ***       ***
        1       ***       ***       ***       ***
       10       ***       ***       ***       ***
      100       ***       ***       ***       ***
      O-O      17.6       ***  1.39e+10  1.39e+10

Reactant = W2   Temperature = 800 K

   P(atm)        W1        P1        P2      Loss
      0.1       ***       ***       ***       ***
        1       ***       ***       ***       ***
       10       ***       ***       ***       ***
      100       ***       ***       ***       ***
      O-O       128       ***  1.28e+10  1.28e+10

Reactant = W2   Temperature = 900 K

   P(atm)        W1        P1        P2      Loss
      0.1       ***       ***       ***       ***
        1       ***       ***       ***       ***
       10       ***       ***       ***       ***
      100       ***       ***       ***       ***
      O-O       598       ***  1.15e+10  1.15e+10

Reactant = W2   Temperature = 1e+03 K

   P(atm)        W1        P1        P2      Loss
      0.1       ***       ***       ***       ***
        1       ***       ***       ***       ***
       10       ***       ***       ***       ***
      100       ***       ***       ***       ***
      O-O  2.04e+03       ***  1.03e+10  1.03e+10

Reactant = W2   Temperature = 1.1e+03 K

   P(atm)        W1        P1        P2      Loss
      0.1       ***       ***       ***       ***
        1       ***       ***       ***       ***
       10       ***       ***       ***       ***
      100       ***       ***       ***       ***
      O-O  5.57e+03       ***  9.12e+09  9.12e+09

Reactant = W2   Temperature = 1.2e+03 K

   P(atm)        W1        P1        P2      Loss
      0.1       ***       ***       ***       ***
        1       ***       ***       ***       ***
       10       ***       ***       ***       ***
      100  1.81e+04      -268  7.65e+09  7.65e+09
      O-O  1.28e+04       ***  8.08e+09  8.08e+09

Reactant = W2   Temperature = 1.3e+03 K

   P(atm)        W1        P1        P2      Loss
      0.1       ***       ***       ***       ***
        1       ***       ***       ***       ***
       10       ***       ***       ***       ***
      100  3.61e+04      -610  6.76e+09  6.76e+09
      O-O   2.6e+04       ***  7.17e+09  7.17e+09

Reactant = W2   Temperature = 1.4e+03 K

   P(atm)        W1        P1        P2      Loss
      0.1       ***       ***       ***       ***
        1       ***       ***       ***       ***
       10       ***       ***       ***       ***
      100  6.48e+04  -1.1e+03  5.98e+09  5.98e+09
      O-O  4.75e+04       ***  6.36e+09  6.36e+09

Reactant = W2   Temperature = 1.5e+03 K

   P(atm)        W1        P1        P2      Loss
      0.1       ***       ***       ***       ***
        1       ***       ***       ***       ***
       10       ***       ***       ***       ***
      100  1.07e+05 -1.71e+03  5.31e+09  5.31e+09
      O-O  8.01e+04       ***  5.66e+09  5.66e+09

Reactant = W2   Temperature = 1.6e+03 K

   P(atm)        W1        P1        P2      Loss
      0.1       ***       ***       ***       ***
        1       ***       ***       ***       ***
       10       ***       ***       ***       ***
      100  1.66e+05  -2.4e+03  4.72e+09  4.72e+09
      O-O  1.26e+05       ***  5.06e+09  5.06e+09

Reactant = W2   Temperature = 1.7e+03 K

   P(atm)        W1        P1        P2      Loss
      0.1       ***       ***       ***       ***
        1       ***       ***       ***       ***
       10       ***       ***       ***       ***
      100  2.44e+05 -3.07e+03  4.22e+09  4.22e+09
      O-O  1.89e+05       ***  4.53e+09  4.53e+09

Reactant = W2   Temperature = 1.8e+03 K

   P(atm)        W1        P1        P2      Loss
      0.1       ***       ***       ***       ***
        1       ***       ***       ***       ***
       10       ***       ***       ***       ***
      100  3.43e+05 -3.63e+03  3.78e+09  3.78e+09
      O-O   2.7e+05       ***  4.06e+09  4.06e+09

Reactant = W2   Temperature = 1.9e+03 K

   P(atm)        W1        P1        P2      Loss
      0.1       ***       ***       ***       ***
        1       ***       ***       ***       ***
       10       ***       ***       ***       ***
      100  4.63e+05 -3.98e+03   3.4e+09   3.4e+09
      O-O  3.72e+05       ***  3.66e+09  3.66e+09

Reactant = W2   Temperature = 2e+03 K

   P(atm)        W1        P1        P2      Loss
      0.1       ***       ***       ***       ***
        1       ***       ***       ***       ***
       10       ***       ***       ***       ***
      100  6.08e+05 -4.02e+03  3.07e+09  3.07e+09
      O-O  4.95e+05       ***  3.31e+09  3.31e+09

Reactant = P1   Temperature = 500 K

   P(atm)        W1        W2        P2      Loss
      0.1       ***       ***  5.84e-13  5.84e-13
        1       ***       ***  5.84e-13  5.84e-13
       10       ***       ***  5.84e-13  5.84e-13
      100       ***       ***  5.85e-13  5.85e-13
      O-O  2.44e-10       ***       ***  2.44e-10

Reactant = P1   Temperature = 600 K

   P(atm)        W1        W2        P2      Loss
      0.1       ***       ***  5.65e-13  5.65e-13
        1       ***       ***  5.65e-13  5.65e-13
       10       ***       ***  5.65e-13  5.65e-13
      100       ***       ***  5.65e-13  5.65e-13
      O-O  2.52e-10       ***       ***  2.52e-10

Reactant = P1   Temperature = 700 K

   P(atm)        W1        W2        P2      Loss
      0.1       ***       ***  5.83e-13  5.83e-13
        1       ***       ***  5.83e-13  5.83e-13
       10       ***       ***  5.83e-13  5.83e-13
      100       ***       ***  5.83e-13  5.83e-13
      O-O  2.58e-10       ***       ***  2.58e-10

Reactant = P1   Temperature = 800 K

   P(atm)        W1        W2        P2      Loss
      0.1       ***       ***  6.24e-13  6.24e-13
        1       ***       ***  6.24e-13  6.24e-13
       10       ***       ***  6.24e-13  6.24e-13
      100       ***       ***  6.24e-13  6.24e-13
      O-O  2.64e-10       ***       ***  2.64e-10

Reactant = P1   Temperature = 900 K

   P(atm)        W1        W2        P2      Loss
      0.1       ***       ***  6.81e-13  6.81e-13
        1       ***       ***  6.81e-13  6.81e-13
       10       ***       ***  6.81e-13  6.81e-13
      100       ***       ***  6.81e-13  6.81e-13
      O-O  2.69e-10       ***       ***  2.69e-10

Reactant = P1   Temperature = 1e+03 K

   P(atm)        W1        W2        P2      Loss
      0.1       ***       ***   7.5e-13   7.5e-13
        1       ***       ***   7.5e-13   7.5e-13
       10       ***       ***   7.5e-13   7.5e-13
      100       ***       ***   7.5e-13   7.5e-13
      O-O  2.74e-10       ***       ***  2.74e-10

Reactant = P1   Temperature = 1.1e+03 K

   P(atm)        W1        W2        P2      Loss
      0.1       ***       ***  8.31e-13  8.31e-13
        1       ***       ***  8.31e-13  8.31e-13
       10       ***       ***  8.31e-13  8.31e-13
      100  2.66e-10       *** -6.79e-12  2.66e-10
      O-O  2.78e-10       ***       ***  2.78e-10

Reactant = P1   Temperature = 1.2e+03 K

   P(atm)        W1        W2        P2      Loss
      0.1       ***       ***  9.21e-13  9.21e-13
        1       ***       ***  9.21e-13  9.21e-13
       10       ***       ***  9.21e-13  9.21e-13
      100   2.7e-10 -3.39e-13  3.57e-13   2.7e-10
      O-O  2.82e-10       ***       ***  2.82e-10

Reactant = P1   Temperature = 1.3e+03 K

   P(atm)        W1        W2        P2      Loss
      0.1       ***       ***  1.02e-12  1.02e-12
        1       ***       ***  1.02e-12  1.02e-12
       10       ***       ***  1.02e-12  1.02e-12
      100  2.72e-10 -3.86e-13  4.08e-13  2.72e-10
      O-O  2.86e-10       ***       ***  2.86e-10

Reactant = P1   Temperature = 1.4e+03 K

   P(atm)        W1        W2        P2      Loss
      0.1       ***       ***  1.13e-12  1.13e-12
        1       ***       ***  1.13e-12  1.13e-12
       10       ***       ***  1.13e-12  1.13e-12
      100  2.74e-10 -4.23e-13  4.51e-13  2.74e-10
      O-O   2.9e-10       ***       ***   2.9e-10

Reactant = P1   Temperature = 1.5e+03 K

   P(atm)        W1        W2        P2      Loss
      0.1       ***       ***  1.25e-12  1.25e-12
        1       ***       ***  1.25e-12  1.25e-12
       10       ***       ***  1.25e-12  1.25e-12
      100  2.75e-10 -4.54e-13  4.89e-13  2.75e-10
      O-O  2.93e-10       ***       ***  2.93e-10

Reactant = P1   Temperature = 1.6e+03 K

   P(atm)        W1        W2        P2      Loss
      0.1       ***       ***  1.38e-12  1.38e-12
        1       ***       ***  1.38e-12  1.38e-12
       10       ***       ***  1.38e-12  1.38e-12
      100  2.76e-10 -4.78e-13  5.23e-13  2.76e-10
      O-O  2.96e-10       ***       ***  2.96e-10

Reactant = P1   Temperature = 1.7e+03 K

   P(atm)        W1        W2        P2      Loss
      0.1       ***       ***  1.51e-12  1.51e-12
        1       ***       ***  1.51e-12  1.51e-12
       10       ***       ***  1.51e-12  1.51e-12
      100  2.77e-10 -4.97e-13  5.52e-13  2.77e-10
      O-O  2.99e-10       ***       ***  2.99e-10

Reactant = P1   Temperature = 1.8e+03 K

   P(atm)        W1        W2        P2      Loss
      0.1       ***       ***  1.66e-12  1.66e-12
        1       ***       ***  1.66e-12  1.66e-12
       10       ***       ***  1.66e-12  1.66e-12
      100  2.78e-10 -5.12e-13  5.77e-13  2.78e-10
      O-O  3.02e-10       ***       ***  3.02e-10

Reactant = P1   Temperature = 1.9e+03 K

   P(atm)        W1        W2        P2      Loss
      0.1       ***       ***  1.81e-12  1.81e-12
        1       ***       ***  1.81e-12  1.81e-12
       10       ***       ***  1.81e-12  1.81e-12
      100  2.79e-10 -5.23e-13  5.99e-13  2.79e-10
      O-O  3.05e-10       ***       ***  3.05e-10

Reactant = P1   Temperature = 2e+03 K

   P(atm)        W1        W2        P2      Loss
      0.1       ***       ***  1.97e-12  1.97e-12
        1       ***       ***  1.97e-12  1.97e-12
       10       ***       ***  1.97e-12  1.97e-12
      100   2.8e-10  -5.3e-13  6.18e-13   2.8e-10
      O-O  3.07e-10       ***       ***  3.07e-10

Reactant = P2   Temperature = 500 K

   P(atm)        W1        W2        P1      Loss
      0.1       ***       ***  4.87e-22  4.87e-22
        1       ***       ***  4.87e-22  4.87e-22
       10       ***       ***  4.87e-22  4.89e-22
      100       ***       ***  4.88e-22  4.88e-22
      O-O       ***  2.39e-10       ***  2.39e-10

Reactant = P2   Temperature = 600 K

   P(atm)        W1        W2        P1      Loss
      0.1       ***       ***  2.08e-20  2.08e-20
        1       ***       ***  2.08e-20  2.08e-20
       10       ***       ***  2.08e-20  2.08e-20
      100       ***       ***  2.08e-20  2.08e-20
      O-O       ***  2.46e-10       ***  2.46e-10

Reactant = P2   Temperature = 700 K

   P(atm)        W1        W2        P1      Loss
      0.1       ***       ***  3.19e-19  3.19e-19
        1       ***       ***  3.19e-19  3.19e-19
       10       ***       ***  3.19e-19  3.19e-19
      100       ***       ***  3.19e-19  3.19e-19
      O-O       ***  2.53e-10       ***  2.53e-10

Reactant = P2   Temperature = 800 K

   P(atm)        W1        W2        P1      Loss
      0.1       ***       ***  2.58e-18  2.58e-18
        1       ***       ***  2.58e-18  2.58e-18
       10       ***       ***  2.58e-18  2.58e-18
      100       ***       ***  2.58e-18  2.58e-18
      O-O       ***  2.58e-10       ***  2.58e-10

Reactant = P2   Temperature = 900 K

   P(atm)        W1        W2        P1      Loss
      0.1       ***       ***  1.36e-17  1.36e-17
        1       ***       ***  1.36e-17  1.36e-17
       10       ***       ***  1.36e-17  1.36e-17
      100       ***       ***  1.36e-17  1.36e-17
      O-O       ***  2.63e-10       ***  2.63e-10

Reactant = P2   Temperature = 1e+03 K

   P(atm)        W1        W2        P1      Loss
      0.1       ***       ***  5.31e-17  5.31e-17
        1       ***       ***  5.31e-17  5.31e-17
       10       ***       ***  5.31e-17  5.31e-17
      100       ***       ***  5.31e-17  5.31e-17
      O-O       ***  2.68e-10       ***  2.68e-10

Reactant = P2   Temperature = 1.1e+03 K

   P(atm)        W1        W2        P1      Loss
      0.1       ***       ***  1.66e-16  1.66e-16
        1       ***       ***  1.66e-16  1.66e-16
       10       ***       ***  1.66e-16  1.66e-16
      100  1.52e-15       *** -1.35e-15  2.09e-16
      O-O       ***  2.72e-10       ***  2.72e-10

Reactant = P2   Temperature = 1.2e+03 K

   P(atm)        W1        W2        P1      Loss
      0.1       ***       ***  4.37e-16  4.37e-16
        1       ***       ***  4.37e-16  4.37e-16
       10       ***       ***  4.37e-16  4.37e-16
      100  -3.1e-16  2.48e-10  1.69e-16  2.48e-10
      O-O       ***  2.76e-10       ***  2.76e-10

Reactant = P2   Temperature = 1.3e+03 K

   P(atm)        W1        W2        P1      Loss
      0.1       ***       ***  1.01e-15  1.01e-15
        1       ***       ***  1.01e-15  1.01e-15
       10       ***       ***  1.01e-15  1.01e-15
      100 -7.04e-16   2.5e-10  4.03e-16   2.5e-10
      O-O       ***   2.8e-10       ***   2.8e-10

Reactant = P2   Temperature = 1.4e+03 K

   P(atm)        W1        W2        P1      Loss
      0.1       ***       ***  2.11e-15  2.11e-15
        1       ***       ***  2.11e-15  2.11e-15
       10       ***       ***  2.11e-15  2.11e-15
      100 -1.41e-15  2.52e-10   8.4e-16  2.52e-10
      O-O       ***  2.84e-10       ***  2.84e-10

Reactant = P2   Temperature = 1.5e+03 K

   P(atm)        W1        W2        P1      Loss
      0.1       ***       ***  4.03e-15  4.03e-15
        1       ***       ***  4.03e-15  4.03e-15
       10       ***       ***  4.03e-15  4.03e-15
      100 -2.58e-15  2.53e-10  1.58e-15  2.53e-10
      O-O       ***  2.87e-10       ***  2.87e-10

Reactant = P2   Temperature = 1.6e+03 K

   P(atm)        W1        W2        P1      Loss
      0.1       ***       ***  7.21e-15  7.21e-15
        1       ***       ***  7.21e-15  7.21e-15
       10       ***       ***  7.21e-15  7.21e-15
      100 -4.35e-15  2.55e-10  2.74e-15  2.55e-10
      O-O       ***   2.9e-10       ***   2.9e-10

Reactant = P2   Temperature = 1.7e+03 K

   P(atm)        W1        W2        P1      Loss
      0.1       ***       ***  1.22e-14  1.22e-14
        1       ***       ***  1.22e-14  1.22e-14
       10       ***       ***  1.22e-14  1.22e-14
      100 -6.91e-15  2.57e-10  4.44e-15  2.57e-10
      O-O       ***  2.93e-10       ***  2.93e-10

Reactant = P2   Temperature = 1.8e+03 K

   P(atm)        W1        W2        P1      Loss
      0.1       ***       ***  1.95e-14  1.95e-14
        1       ***       ***  1.95e-14  1.95e-14
       10       ***       ***  1.95e-14  1.95e-14
      100 -1.04e-14  2.59e-10  6.81e-15  2.59e-10
      O-O       ***  2.96e-10       ***  2.96e-10

Reactant = P2   Temperature = 1.9e+03 K

   P(atm)        W1        W2        P1      Loss
      0.1       ***       ***  3.01e-14  3.01e-14
        1       ***       ***  3.01e-14  3.01e-14
       10       ***       ***  3.01e-14  3.01e-14
      100  -1.5e-14  2.61e-10  9.97e-15  2.61e-10
      O-O       ***  2.98e-10       ***  2.98e-10

Reactant = P2   Temperature = 2e+03 K

   P(atm)        W1        W2        P1      Loss
      0.1       ***       ***  4.47e-14  4.47e-14
        1       ***       ***  4.47e-14  4.47e-14
       10       ***       ***  4.47e-14  4.47e-14
      100 -2.09e-14  2.64e-10   1.4e-14  2.64e-10
      O-O       ***  3.01e-10       ***  3.01e-10

______________________________________________________________________________________

Temperature-Species Rate Tables:

Reactant = W1   Pressure = 0.1 atm

   T(K)        W2        P1        P2      Loss   Capture
    500       ***       ***       ***       ***  8.23e+09
    600       ***       ***       ***       ***  9.22e+09
    700       ***       ***       ***       ***  9.45e+09
    800       ***       ***       ***       ***  9.24e+09
    900       ***       ***       ***       ***  8.78e+09
  1e+03       ***       ***       ***       ***  8.22e+09
1.1e+03       ***       ***       ***       ***  7.63e+09
1.2e+03       ***       ***       ***       ***  7.04e+09
1.3e+03       ***       ***       ***       ***  6.48e+09
1.4e+03       ***       ***       ***       ***  5.96e+09
1.5e+03       ***       ***       ***       ***  5.48e+09
1.6e+03       ***       ***       ***       ***  5.05e+09
1.7e+03       ***       ***       ***       ***  4.65e+09
1.8e+03       ***       ***       ***       ***  4.29e+09
1.9e+03       ***       ***       ***       ***  3.97e+09
  2e+03       ***       ***       ***       ***  3.68e+09

Reactant = W1   Pressure = 1 atm

   T(K)        W2        P1        P2      Loss   Capture
    500       ***       ***       ***       ***  8.23e+09
    600       ***       ***       ***       ***  9.22e+09
    700       ***       ***       ***       ***  9.45e+09
    800       ***       ***       ***       ***  9.24e+09
    900       ***       ***       ***       ***  8.78e+09
  1e+03       ***       ***       ***       ***  8.22e+09
1.1e+03       ***       ***       ***       ***  7.63e+09
1.2e+03       ***       ***       ***       ***  7.04e+09
1.3e+03       ***       ***       ***       ***  6.48e+09
1.4e+03       ***       ***       ***       ***  5.96e+09
1.5e+03       ***       ***       ***       ***  5.48e+09
1.6e+03       ***       ***       ***       ***  5.05e+09
1.7e+03       ***       ***       ***       ***  4.65e+09
1.8e+03       ***       ***       ***       ***  4.29e+09
1.9e+03       ***       ***       ***       ***  3.97e+09
  2e+03       ***       ***       ***       ***  3.68e+09

Reactant = W1   Pressure = 10 atm

   T(K)        W2        P1        P2      Loss   Capture
    500       ***       ***       ***       ***  8.23e+09
    600       ***       ***       ***       ***  9.22e+09
    700       ***       ***       ***       ***  9.45e+09
    800       ***       ***       ***       ***  9.24e+09
    900       ***       ***       ***       ***  8.78e+09
  1e+03       ***       ***       ***       ***  8.22e+09
1.1e+03       ***       ***       ***       ***  7.63e+09
1.2e+03       ***       ***       ***       ***  7.04e+09
1.3e+03       ***       ***       ***       ***  6.48e+09
1.4e+03       ***       ***       ***       ***  5.96e+09
1.5e+03       ***       ***       ***       ***  5.48e+09
1.6e+03       ***       ***       ***       ***  5.05e+09
1.7e+03       ***       ***       ***       ***  4.65e+09
1.8e+03       ***       ***       ***       ***  4.29e+09
1.9e+03       ***       ***       ***       ***  3.97e+09
  2e+03       ***       ***       ***       ***  3.68e+09

Reactant = W1   Pressure = 100 atm

   T(K)        W2        P1        P2      Loss   Capture
    500       ***       ***       ***       ***  8.23e+09
    600       ***       ***       ***       ***  9.22e+09
    700       ***       ***       ***       ***  9.45e+09
    800       ***       ***       ***       ***  9.24e+09
    900       ***       ***       ***       ***  8.78e+09
  1e+03       ***       ***       ***       ***  8.22e+09
1.1e+03       ***  7.45e+09  2.14e+08  7.47e+09  7.63e+09
1.2e+03  3.05e+07  6.85e+09 -7.51e+06  6.87e+09  7.04e+09
1.3e+03  3.06e+07  6.29e+09 -7.42e+06  6.31e+09  6.48e+09
1.4e+03  3.06e+07  5.76e+09 -7.26e+06  5.78e+09  5.96e+09
1.5e+03  3.04e+07  5.27e+09 -7.05e+06   5.3e+09  5.48e+09
1.6e+03  3.03e+07  4.84e+09 -6.81e+06  4.86e+09  5.05e+09
1.7e+03  3.01e+07  4.44e+09 -6.55e+06  4.47e+09  4.65e+09
1.8e+03  2.98e+07  4.09e+09 -6.28e+06  4.11e+09  4.29e+09
1.9e+03  2.96e+07  3.77e+09 -6.02e+06  3.79e+09  3.97e+09
  2e+03  2.93e+07  3.48e+09 -5.75e+06   3.5e+09  3.68e+09

Reactant = W2   Pressure = 0.1 atm

   T(K)        W1        P1        P2      Loss   Capture
    500       ***       ***       ***       ***  1.39e+10
    600       ***       ***       ***       ***  1.45e+10
    700       ***       ***       ***       ***  1.39e+10
    800       ***       ***       ***       ***  1.28e+10
    900       ***       ***       ***       ***  1.15e+10
  1e+03       ***       ***       ***       ***  1.03e+10
1.1e+03       ***       ***       ***       ***  9.12e+09
1.2e+03       ***       ***       ***       ***  8.08e+09
1.3e+03       ***       ***       ***       ***  7.17e+09
1.4e+03       ***       ***       ***       ***  6.36e+09
1.5e+03       ***       ***       ***       ***  5.66e+09
1.6e+03       ***       ***       ***       ***  5.06e+09
1.7e+03       ***       ***       ***       ***  4.53e+09
1.8e+03       ***       ***       ***       ***  4.06e+09
1.9e+03       ***       ***       ***       ***  3.66e+09
  2e+03       ***       ***       ***       ***  3.31e+09

Reactant = W2   Pressure = 1 atm

   T(K)        W1        P1        P2      Loss   Capture
    500       ***       ***       ***       ***  1.39e+10
    600       ***       ***       ***       ***  1.45e+10
    700       ***       ***       ***       ***  1.39e+10
    800       ***       ***       ***       ***  1.28e+10
    900       ***       ***       ***       ***  1.15e+10
  1e+03       ***       ***       ***       ***  1.03e+10
1.1e+03       ***       ***       ***       ***  9.12e+09
1.2e+03       ***       ***       ***       ***  8.08e+09
1.3e+03       ***       ***       ***       ***  7.17e+09
1.4e+03       ***       ***       ***       ***  6.36e+09
1.5e+03       ***       ***       ***       ***  5.66e+09
1.6e+03       ***       ***       ***       ***  5.06e+09
1.7e+03       ***       ***       ***       ***  4.53e+09
1.8e+03       ***       ***       ***       ***  4.06e+09
1.9e+03       ***       ***       ***       ***  3.66e+09
  2e+03       ***       ***       ***       ***  3.31e+09

Reactant = W2   Pressure = 10 atm

   T(K)        W1        P1        P2      Loss   Capture
    500       ***       ***       ***       ***  1.39e+10
    600       ***       ***       ***       ***  1.45e+10
    700       ***       ***       ***       ***  1.39e+10
    800       ***       ***       ***       ***  1.28e+10
    900       ***       ***       ***       ***  1.15e+10
  1e+03       ***       ***       ***       ***  1.03e+10
1.1e+03       ***       ***       ***       ***  9.12e+09
1.2e+03       ***       ***       ***       ***  8.08e+09
1.3e+03       ***       ***       ***       ***  7.17e+09
1.4e+03       ***       ***       ***       ***  6.36e+09
1.5e+03       ***       ***       ***       ***  5.66e+09
1.6e+03       ***       ***       ***       ***  5.06e+09
1.7e+03       ***       ***       ***       ***  4.53e+09
1.8e+03       ***       ***       ***       ***  4.06e+09
1.9e+03       ***       ***       ***       ***  3.66e+09
  2e+03       ***       ***       ***       ***  3.31e+09

Reactant = W2   Pressure = 100 atm

   T(K)        W1        P1        P2      Loss   Capture
    500       ***       ***       ***       ***  1.39e+10
    600       ***       ***       ***       ***  1.45e+10
    700       ***       ***       ***       ***  1.39e+10
    800       ***       ***       ***       ***  1.28e+10
    900       ***       ***       ***       ***  1.15e+10
  1e+03       ***       ***       ***       ***  1.03e+10
1.1e+03       ***       ***       ***       ***  9.12e+09
1.2e+03  1.81e+04      -268  7.65e+09  7.65e+09  8.08e+09
1.3e+03  3.61e+04      -610  6.76e+09  6.76e+09  7.17e+09
1.4e+03  6.48e+04  -1.1e+03  5.98e+09  5.98e+09  6.36e+09
1.5e+03  1.07e+05 -1.71e+03  5.31e+09  5.31e+09  5.66e+09
1.6e+03  1.66e+05  -2.4e+03  4.72e+09  4.72e+09  5.06e+09
1.7e+03  2.44e+05 -3.07e+03  4.22e+09  4.22e+09  4.53e+09
1.8e+03  3.43e+05 -3.63e+03  3.78e+09  3.78e+09  4.06e+09
1.9e+03  4.63e+05 -3.98e+03   3.4e+09   3.4e+09  3.66e+09
  2e+03  6.08e+05 -4.02e+03  3.07e+09  3.07e+09  3.31e+09

Reactant = P1   Pressure = 0.1 atm

   T(K)        W1        W2        P2      Loss   Capture
    500       ***       ***  5.84e-13  5.84e-13  2.44e-10
    600       ***       ***  5.65e-13  5.65e-13  2.52e-10
    700       ***       ***  5.83e-13  5.83e-13  2.58e-10
    800       ***       ***  6.24e-13  6.24e-13  2.64e-10
    900       ***       ***  6.81e-13  6.81e-13  2.69e-10
  1e+03       ***       ***   7.5e-13   7.5e-13  2.74e-10
1.1e+03       ***       ***  8.31e-13  8.31e-13  2.78e-10
1.2e+03       ***       ***  9.21e-13  9.21e-13  2.82e-10
1.3e+03       ***       ***  1.02e-12  1.02e-12  2.86e-10
1.4e+03       ***       ***  1.13e-12  1.13e-12   2.9e-10
1.5e+03       ***       ***  1.25e-12  1.25e-12  2.93e-10
1.6e+03       ***       ***  1.38e-12  1.38e-12  2.96e-10
1.7e+03       ***       ***  1.51e-12  1.51e-12  2.99e-10
1.8e+03       ***       ***  1.66e-12  1.66e-12  3.02e-10
1.9e+03       ***       ***  1.81e-12  1.81e-12  3.05e-10
  2e+03       ***       ***  1.97e-12  1.97e-12  3.07e-10

Reactant = P1   Pressure = 1 atm

   T(K)        W1        W2        P2      Loss   Capture
    500       ***       ***  5.84e-13  5.84e-13  2.44e-10
    600       ***       ***  5.65e-13  5.65e-13  2.52e-10
    700       ***       ***  5.83e-13  5.83e-13  2.58e-10
    800       ***       ***  6.24e-13  6.24e-13  2.64e-10
    900       ***       ***  6.81e-13  6.81e-13  2.69e-10
  1e+03       ***       ***   7.5e-13   7.5e-13  2.74e-10
1.1e+03       ***       ***  8.31e-13  8.31e-13  2.78e-10
1.2e+03       ***       ***  9.21e-13  9.21e-13  2.82e-10
1.3e+03       ***       ***  1.02e-12  1.02e-12  2.86e-10
1.4e+03       ***       ***  1.13e-12  1.13e-12   2.9e-10
1.5e+03       ***       ***  1.25e-12  1.25e-12  2.93e-10
1.6e+03       ***       ***  1.38e-12  1.38e-12  2.96e-10
1.7e+03       ***       ***  1.51e-12  1.51e-12  2.99e-10
1.8e+03       ***       ***  1.66e-12  1.66e-12  3.02e-10
1.9e+03       ***       ***  1.81e-12  1.81e-12  3.05e-10
  2e+03       ***       ***  1.97e-12  1.97e-12  3.07e-10

Reactant = P1   Pressure = 10 atm

   T(K)        W1        W2        P2      Loss   Capture
    500       ***       ***  5.84e-13  5.84e-13  2.44e-10
    600       ***       ***  5.65e-13  5.65e-13  2.52e-10
    700       ***       ***  5.83e-13  5.83e-13  2.58e-10
    800       ***       ***  6.24e-13  6.24e-13  2.64e-10
    900       ***       ***  6.81e-13  6.81e-13  2.69e-10
  1e+03       ***       ***   7.5e-13   7.5e-13  2.74e-10
1.1e+03       ***       ***  8.31e-13  8.31e-13  2.78e-10
1.2e+03       ***       ***  9.21e-13  9.21e-13  2.82e-10
1.3e+03       ***       ***  1.02e-12  1.02e-12  2.86e-10
1.4e+03       ***       ***  1.13e-12  1.13e-12   2.9e-10
1.5e+03       ***       ***  1.25e-12  1.25e-12  2.93e-10
1.6e+03       ***       ***  1.38e-12  1.38e-12  2.96e-10
1.7e+03       ***       ***  1.51e-12  1.51e-12  2.99e-10
1.8e+03       ***       ***  1.66e-12  1.66e-12  3.02e-10
1.9e+03       ***       ***  1.81e-12  1.81e-12  3.05e-10
  2e+03       ***       ***  1.97e-12  1.97e-12  3.07e-10

Reactant = P1   Pressure = 100 atm

   T(K)        W1        W2        P2      Loss   Capture
    500       ***       ***  5.85e-13  5.85e-13  2.44e-10
    600       ***       ***  5.65e-13  5.65e-13  2.52e-10
    700       ***       ***  5.83e-13  5.83e-13  2.58e-10
    800       ***       ***  6.24e-13  6.24e-13  2.64e-10
    900       ***       ***  6.81e-13  6.81e-13  2.69e-10
  1e+03       ***       ***   7.5e-13   7.5e-13  2.74e-10
1.1e+03  2.66e-10       *** -6.79e-12  2.66e-10  2.78e-10
1.2e+03   2.7e-10 -3.39e-13  3.57e-13   2.7e-10  2.82e-10
1.3e+03  2.72e-10 -3.86e-13  4.08e-13  2.72e-10  2.86e-10
1.4e+03  2.74e-10 -4.23e-13  4.51e-13  2.74e-10   2.9e-10
1.5e+03  2.75e-10 -4.54e-13  4.89e-13  2.75e-10  2.93e-10
1.6e+03  2.76e-10 -4.78e-13  5.23e-13  2.76e-10  2.96e-10
1.7e+03  2.77e-10 -4.97e-13  5.52e-13  2.77e-10  2.99e-10
1.8e+03  2.78e-10 -5.12e-13  5.77e-13  2.78e-10  3.02e-10
1.9e+03  2.79e-10 -5.23e-13  5.99e-13  2.79e-10  3.05e-10
  2e+03   2.8e-10  -5.3e-13  6.18e-13   2.8e-10  3.07e-10

Reactant = P2   Pressure = 0.1 atm

   T(K)        W1        W2        P1      Loss   Capture
    500       ***       ***  4.87e-22  4.87e-22  2.39e-10
    600       ***       ***  2.08e-20  2.08e-20  2.46e-10
    700       ***       ***  3.19e-19  3.19e-19  2.53e-10
    800       ***       ***  2.58e-18  2.58e-18  2.58e-10
    900       ***       ***  1.36e-17  1.36e-17  2.63e-10
  1e+03       ***       ***  5.31e-17  5.31e-17  2.68e-10
1.1e+03       ***       ***  1.66e-16  1.66e-16  2.72e-10
1.2e+03       ***       ***  4.37e-16  4.37e-16  2.76e-10
1.3e+03       ***       ***  1.01e-15  1.01e-15   2.8e-10
1.4e+03       ***       ***  2.11e-15  2.11e-15  2.84e-10
1.5e+03       ***       ***  4.03e-15  4.03e-15  2.87e-10
1.6e+03       ***       ***  7.21e-15  7.21e-15   2.9e-10
1.7e+03       ***       ***  1.22e-14  1.22e-14  2.93e-10
1.8e+03       ***       ***  1.95e-14  1.95e-14  2.96e-10
1.9e+03       ***       ***  3.01e-14  3.01e-14  2.98e-10
  2e+03       ***       ***  4.47e-14  4.47e-14  3.01e-10

Reactant = P2   Pressure = 1 atm

   T(K)        W1        W2        P1      Loss   Capture
    500       ***       ***  4.87e-22  4.87e-22  2.39e-10
    600       ***       ***  2.08e-20  2.08e-20  2.46e-10
    700       ***       ***  3.19e-19  3.19e-19  2.53e-10
    800       ***       ***  2.58e-18  2.58e-18  2.58e-10
    900       ***       ***  1.36e-17  1.36e-17  2.63e-10
  1e+03       ***       ***  5.31e-17  5.31e-17  2.68e-10
1.1e+03       ***       ***  1.66e-16  1.66e-16  2.72e-10
1.2e+03       ***       ***  4.37e-16  4.37e-16  2.76e-10
1.3e+03       ***       ***  1.01e-15  1.01e-15   2.8e-10
1.4e+03       ***       ***  2.11e-15  2.11e-15  2.84e-10
1.5e+03       ***       ***  4.03e-15  4.03e-15  2.87e-10
1.6e+03       ***       ***  7.21e-15  7.21e-15   2.9e-10
1.7e+03       ***       ***  1.22e-14  1.22e-14  2.93e-10
1.8e+03       ***       ***  1.95e-14  1.95e-14  2.96e-10
1.9e+03       ***       ***  3.01e-14  3.01e-14  2.98e-10
  2e+03       ***       ***  4.47e-14  4.47e-14  3.01e-10

Reactant = P2   Pressure = 10 atm

   T(K)        W1        W2        P1      Loss   Capture
    500       ***       ***  4.87e-22  4.89e-22  2.39e-10
    600       ***       ***  2.08e-20  2.08e-20  2.46e-10
    700       ***       ***  3.19e-19  3.19e-19  2.53e-10
    800       ***       ***  2.58e-18  2.58e-18  2.58e-10
    900       ***       ***  1.36e-17  1.36e-17  2.63e-10
  1e+03       ***       ***  5.31e-17  5.31e-17  2.68e-10
1.1e+03       ***       ***  1.66e-16  1.66e-16  2.72e-10
1.2e+03       ***       ***  4.37e-16  4.37e-16  2.76e-10
1.3e+03       ***       ***  1.01e-15  1.01e-15   2.8e-10
1.4e+03       ***       ***  2.11e-15  2.11e-15  2.84e-10
1.5e+03       ***       ***  4.03e-15  4.03e-15  2.87e-10
1.6e+03       ***       ***  7.21e-15  7.21e-15   2.9e-10
1.7e+03       ***       ***  1.22e-14  1.22e-14  2.93e-10
1.8e+03       ***       ***  1.95e-14  1.95e-14  2.96e-10
1.9e+03       ***       ***  3.01e-14  3.01e-14  2.98e-10
  2e+03       ***       ***  4.47e-14  4.47e-14  3.01e-10

Reactant = P2   Pressure = 100 atm

   T(K)        W1        W2        P1      Loss   Capture
    500       ***       ***  4.88e-22  4.88e-22  2.39e-10
    600       ***       ***  2.08e-20  2.08e-20  2.46e-10
    700       ***       ***  3.19e-19  3.19e-19  2.53e-10
    800       ***       ***  2.58e-18  2.58e-18  2.58e-10
    900       ***       ***  1.36e-17  1.36e-17  2.63e-10
  1e+03       ***       ***  5.31e-17  5.31e-17  2.68e-10
1.1e+03  1.52e-15       *** -1.35e-15  2.09e-16  2.72e-10
1.2e+03  -3.1e-16  2.48e-10  1.69e-16  2.48e-10  2.76e-10
1.3e+03 -7.04e-16   2.5e-10  4.03e-16   2.5e-10   2.8e-10
1.4e+03 -1.41e-15  2.52e-10   8.4e-16  2.52e-10  2.84e-10
1.5e+03 -2.58e-15  2.53e-10  1.58e-15  2.53e-10  2.87e-10
1.6e+03 -4.35e-15  2.55e-10  2.74e-15  2.55e-10   2.9e-10
1.7e+03 -6.91e-15  2.57e-10  4.44e-15  2.57e-10  2.93e-10
1.8e+03 -1.04e-14  2.59e-10  6.81e-15  2.59e-10  2.96e-10
1.9e+03  -1.5e-14  2.61e-10  9.97e-15  2.61e-10  2.98e-10
  2e+03 -2.09e-14  2.64e-10   1.4e-14  2.64e-10  3.01e-10

______________________________________________________________________________________

Temperature-Pressure Rate Tables:

W1->W2

P\T           500       600       700       800       900     1e+03   1.1e+03   1.2e+03   1.3e+03   1.4e+03   1.5e+03   1.6e+03   1.7e+03   1.8e+03   1.9e+03     2e+03
0.1           ***       ***       ***       ***       ***       ***       ***       ***       ***       ***       ***       ***       ***       ***       ***       ***
1             ***       ***       ***       ***       ***       ***       ***       ***       ***       ***       ***       ***       ***       ***       ***       ***
10            ***       ***       ***       ***       ***       ***       ***       ***       ***       ***       ***       ***       ***       ***       ***       ***
100           ***       ***       ***       ***       ***       ***       ***  3.05e+07  3.06e+07  3.06e+07  3.04e+07  3.03e+07  3.01e+07  2.98e+07  2.96e+07  2.93e+07
O-O      1.98e+07  2.08e+07  2.14e+07  2.19e+07  2.23e+07  2.26e+07  2.28e+07   2.3e+07  2.32e+07  2.33e+07  2.34e+07  2.35e+07  2.35e+07  2.35e+07  2.36e+07  2.36e+07

W1->P1

P\T           500       600       700       800       900     1e+03   1.1e+03   1.2e+03   1.3e+03   1.4e+03   1.5e+03   1.6e+03   1.7e+03   1.8e+03   1.9e+03     2e+03
0.1           ***       ***       ***       ***       ***       ***       ***       ***       ***       ***       ***       ***       ***       ***       ***       ***
1             ***       ***       ***       ***       ***       ***       ***       ***       ***       ***       ***       ***       ***       ***       ***       ***
10            ***       ***       ***       ***       ***       ***       ***       ***       ***       ***       ***       ***       ***       ***       ***       ***
100           ***       ***       ***       ***       ***       ***  7.45e+09  6.85e+09  6.29e+09  5.76e+09  5.27e+09  4.84e+09  4.44e+09  4.09e+09  3.77e+09  3.48e+09
O-O      8.21e+09  9.19e+09  9.43e+09  9.21e+09  8.76e+09   8.2e+09   7.6e+09  7.02e+09  6.46e+09  5.94e+09  5.46e+09  5.02e+09  4.63e+09  4.27e+09  3.94e+09  3.65e+09

W1->P2

P\T           500       600       700       800       900     1e+03   1.1e+03   1.2e+03   1.3e+03   1.4e+03   1.5e+03   1.6e+03   1.7e+03   1.8e+03   1.9e+03     2e+03
0.1           ***       ***       ***       ***       ***       ***       ***       ***       ***       ***       ***       ***       ***       ***       ***       ***
1             ***       ***       ***       ***       ***       ***       ***       ***       ***       ***       ***       ***       ***       ***       ***       ***
10            ***       ***       ***       ***       ***       ***       ***       ***       ***       ***       ***       ***       ***       ***       ***       ***
100           ***       ***       ***       ***       ***       ***  2.14e+08 -7.51e+06 -7.42e+06 -7.26e+06 -7.05e+06 -6.81e+06 -6.55e+06 -6.28e+06 -6.02e+06 -5.75e+06
O-O           ***       ***       ***       ***       ***       ***       ***       ***       ***       ***       ***       ***       ***       ***       ***       ***

W2->W1

P\T           500       600       700       800       900     1e+03   1.1e+03   1.2e+03   1.3e+03   1.4e+03   1.5e+03   1.6e+03   1.7e+03   1.8e+03   1.9e+03     2e+03
0.1           ***       ***       ***       ***       ***       ***       ***       ***       ***       ***       ***       ***       ***       ***       ***       ***
1             ***       ***       ***       ***       ***       ***       ***       ***       ***       ***       ***       ***       ***       ***       ***       ***
10            ***       ***       ***       ***       ***       ***       ***       ***       ***       ***       ***       ***       ***       ***       ***       ***
100           ***       ***       ***       ***       ***       ***       ***  1.81e+04  3.61e+04  6.48e+04  1.07e+05  1.66e+05  2.44e+05  3.43e+05  4.63e+05  6.08e+05
O-O        0.0287      1.23      17.6       128       598  2.04e+03  5.57e+03  1.28e+04   2.6e+04  4.75e+04  8.01e+04  1.26e+05  1.89e+05   2.7e+05  3.72e+05  4.95e+05

W2->P1

P\T           500       600       700       800       900     1e+03   1.1e+03   1.2e+03   1.3e+03   1.4e+03   1.5e+03   1.6e+03   1.7e+03   1.8e+03   1.9e+03     2e+03
0.1           ***       ***       ***       ***       ***       ***       ***       ***       ***       ***       ***       ***       ***       ***       ***       ***
1             ***       ***       ***       ***       ***       ***       ***       ***       ***       ***       ***       ***       ***       ***       ***       ***
10            ***       ***       ***       ***       ***       ***       ***       ***       ***       ***       ***       ***       ***       ***       ***       ***
100           ***       ***       ***       ***       ***       ***       ***      -268      -610  -1.1e+03 -1.71e+03  -2.4e+03 -3.07e+03 -3.63e+03 -3.98e+03 -4.02e+03
O-O           ***       ***       ***       ***       ***       ***       ***       ***       ***       ***       ***       ***       ***       ***       ***       ***

W2->P2

P\T           500       600       700       800       900     1e+03   1.1e+03   1.2e+03   1.3e+03   1.4e+03   1.5e+03   1.6e+03   1.7e+03   1.8e+03   1.9e+03     2e+03
0.1           ***       ***       ***       ***       ***       ***       ***       ***       ***       ***       ***       ***       ***       ***       ***       ***
1             ***       ***       ***       ***       ***       ***       ***       ***       ***       ***       ***       ***       ***       ***       ***       ***
10            ***       ***       ***       ***       ***       ***       ***       ***       ***       ***       ***       ***       ***       ***       ***       ***
100           ***       ***       ***       ***       ***       ***       ***  7.65e+09  6.76e+09  5.98e+09  5.31e+09  4.72e+09  4.22e+09  3.78e+09   3.4e+09  3.07e+09
O-O      1.39e+10  1.45e+10  1.39e+10  1.28e+10  1.15e+10  1.03e+10  9.12e+09  8.08e+09  7.17e+09  6.36e+09  5.66e+09  5.06e+09  4.53e+09  4.06e+09  3.66e+09  3.31e+09

P1->W1

P\T           500       600       700       800       900     1e+03   1.1e+03   1.2e+03   1.3e+03   1.4e+03   1.5e+03   1.6e+03   1.7e+03   1.8e+03   1.9e+03     2e+03
0.1           ***       ***       ***       ***       ***       ***       ***       ***       ***       ***       ***       ***       ***       ***       ***       ***
1             ***       ***       ***       ***       ***       ***       ***       ***       ***       ***       ***       ***       ***       ***       ***       ***
10            ***       ***       ***       ***       ***       ***       ***       ***       ***       ***       ***       ***       ***       ***       ***       ***
100           ***       ***       ***       ***       ***       ***  2.66e-10   2.7e-10  2.72e-10  2.74e-10  2.75e-10  2.76e-10  2.77e-10  2.78e-10  2.79e-10   2.8e-10
O-O      2.44e-10  2.52e-10  2.58e-10  2.64e-10  2.69e-10  2.74e-10  2.78e-10  2.82e-10  2.86e-10   2.9e-10  2.93e-10  2.96e-10  2.99e-10  3.02e-10  3.05e-10  3.07e-10

P1->W2

P\T           500       600       700       800       900     1e+03   1.1e+03   1.2e+03   1.3e+03   1.4e+03   1.5e+03   1.6e+03   1.7e+03   1.8e+03   1.9e+03     2e+03
0.1           ***       ***       ***       ***       ***       ***       ***       ***       ***       ***       ***       ***       ***       ***       ***       ***
1             ***       ***       ***       ***       ***       ***       ***       ***       ***       ***       ***       ***       ***       ***       ***       ***
10            ***       ***       ***       ***       ***       ***       ***       ***       ***       ***       ***       ***       ***       ***       ***       ***
100           ***       ***       ***       ***       ***       ***       *** -3.39e-13 -3.86e-13 -4.23e-13 -4.54e-13 -4.78e-13 -4.97e-13 -5.12e-13 -5.23e-13  -5.3e-13
O-O           ***       ***       ***       ***       ***       ***       ***       ***       ***       ***       ***       ***       ***       ***       ***       ***

P1->P2

P\T           500       600       700       800       900     1e+03   1.1e+03   1.2e+03   1.3e+03   1.4e+03   1.5e+03   1.6e+03   1.7e+03   1.8e+03   1.9e+03     2e+03
0.1      5.84e-13  5.65e-13  5.83e-13  6.24e-13  6.81e-13   7.5e-13  8.31e-13  9.21e-13  1.02e-12  1.13e-12  1.25e-12  1.38e-12  1.51e-12  1.66e-12  1.81e-12  1.97e-12
1        5.84e-13  5.65e-13  5.83e-13  6.24e-13  6.81e-13   7.5e-13  8.31e-13  9.21e-13  1.02e-12  1.13e-12  1.25e-12  1.38e-12  1.51e-12  1.66e-12  1.81e-12  1.97e-12
10       5.84e-13  5.65e-13  5.83e-13  6.24e-13  6.81e-13   7.5e-13  8.31e-13  9.21e-13  1.02e-12  1.13e-12  1.25e-12  1.38e-12  1.51e-12  1.66e-12  1.81e-12  1.97e-12
100      5.85e-13  5.65e-13  5.83e-13  6.24e-13  6.81e-13   7.5e-13 -6.79e-12  3.57e-13  4.08e-13  4.51e-13  4.89e-13  5.23e-13  5.52e-13  5.77e-13  5.99e-13  6.18e-13
O-O           ***       ***       ***       ***       ***       ***       ***       ***       ***       ***       ***       ***       ***       ***       ***       ***

P2->W1

P\T           500       600       700       800       900     1e+03   1.1e+03   1.2e+03   1.3e+03   1.4e+03   1.5e+03   1.6e+03   1.7e+03   1.8e+03   1.9e+03     2e+03
0.1           ***       ***       ***       ***       ***       ***       ***       ***       ***       ***       ***       ***       ***       ***       ***       ***
1             ***       ***       ***       ***       ***       ***       ***       ***       ***       ***       ***       ***       ***       ***       ***       ***
10            ***       ***       ***       ***       ***       ***       ***       ***       ***       ***       ***       ***       ***       ***       ***       ***
100           ***       ***       ***       ***       ***       ***  1.52e-15  -3.1e-16 -7.04e-16 -1.41e-15 -2.58e-15 -4.35e-15 -6.91e-15 -1.04e-14  -1.5e-14 -2.09e-14
O-O           ***       ***       ***       ***       ***       ***       ***       ***       ***       ***       ***       ***       ***       ***       ***       ***

P2->W2

P\T           500       600       700       800       900     1e+03   1.1e+03   1.2e+03   1.3e+03   1.4e+03   1.5e+03   1.6e+03   1.7e+03   1.8e+03   1.9e+03     2e+03
0.1           ***       ***       ***       ***       ***       ***       ***       ***       ***       ***       ***       ***       ***       ***       ***       ***
1             ***       ***       ***       ***       ***       ***       ***       ***       ***       ***       ***       ***       ***       ***       ***       ***
10            ***       ***       ***       ***       ***       ***       ***       ***       ***       ***       ***       ***       ***       ***       ***       ***
100           ***       ***       ***       ***       ***       ***       ***  2.48e-10   2.5e-10  2.52e-10  2.53e-10  2.55e-10  2.57e-10  2.59e-10  2.61e-10  2.64e-10
O-O      2.39e-10  2.46e-10  2.53e-10  2.58e-10  2.63e-10  2.68e-10  2.72e-10  2.76e-10   2.8e-10  2.84e-10  2.87e-10   2.9e-10  2.93e-10  2.96e-10  2.98e-10  3.01e-10

P2->P1

P\T           500       600       700       800       900     1e+03   1.1e+03   1.2e+03   1.3e+03   1.4e+03   1.5e+03   1.6e+03   1.7e+03   1.8e+03   1.9e+03     2e+03
0.1      4.87e-22  2.08e-20  3.19e-19  2.58e-18  1.36e-17  5.31e-17  1.66e-16  4.37e-16  1.01e-15  2.11e-15  4.03e-15  7.21e-15  1.22e-14  1.95e-14  3.01e-14  4.47e-14
1        4.87e-22  2.08e-20  3.19e-19  2.58e-18  1.36e-17  5.31e-17  1.66e-16  4.37e-16  1.01e-15  2.11e-15  4.03e-15  7.21e-15  1.22e-14  1.95e-14  3.01e-14  4.47e-14
10       4.87e-22  2.08e-20  3.19e-19  2.58e-18  1.36e-17  5.31e-17  1.66e-16  4.37e-16  1.01e-15  2.11e-15  4.03e-15  7.21e-15  1.22e-14  1.95e-14  3.01e-14  4.47e-14
100      4.88e-22  2.08e-20  3.19e-19  2.58e-18  1.36e-17  5.31e-17 -1.35e-15  1.69e-16  4.03e-16   8.4e-16  1.58e-15  2.74e-15  4.44e-15  6.81e-15  9.97e-15   1.4e-14
O-O           ***       ***       ***       ***       ***       ***       ***       ***       ***       ***       ***       ***       ***       ***       ***       ***

W1-> 

P\T           500       600       700       800       900     1e+03   1.1e+03   1.2e+03   1.3e+03   1.4e+03   1.5e+03   1.6e+03   1.7e+03   1.8e+03   1.9e+03     2e+03
0.1           ***       ***       ***       ***       ***       ***       ***       ***       ***       ***       ***       ***       ***       ***       ***       ***
1             ***       ***       ***       ***       ***       ***       ***       ***       ***       ***       ***       ***       ***       ***       ***       ***
10            ***       ***       ***       ***       ***       ***       ***       ***       ***       ***       ***       ***       ***       ***       ***       ***
100           ***       ***       ***       ***       ***       ***  7.47e+09  6.87e+09  6.31e+09  5.78e+09   5.3e+09  4.86e+09  4.47e+09  4.11e+09  3.79e+09   3.5e+09
O-O      8.23e+09  9.22e+09  9.45e+09  9.24e+09  8.78e+09  8.22e+09  7.63e+09  7.04e+09  6.48e+09  5.96e+09  5.48e+09  5.05e+09  4.65e+09  4.29e+09  3.97e+09  3.68e+09

W2-> 

P\T           500       600       700       800       900     1e+03   1.1e+03   1.2e+03   1.3e+03   1.4e+03   1.5e+03   1.6e+03   1.7e+03   1.8e+03   1.9e+03     2e+03
0.1           ***       ***       ***       ***       ***       ***       ***       ***       ***       ***       ***       ***       ***       ***       ***       ***
1             ***       ***       ***       ***       ***       ***       ***       ***       ***       ***       ***       ***       ***       ***       ***       ***
10            ***       ***       ***       ***       ***       ***       ***       ***       ***       ***       ***       ***       ***       ***       ***       ***
100           ***       ***       ***       ***       ***       ***       ***  7.65e+09  6.76e+09  5.98e+09  5.31e+09  4.72e+09  4.22e+09  3.78e+09   3.4e+09  3.07e+09
O-O      1.39e+10  1.45e+10  1.39e+10  1.28e+10  1.15e+10  1.03e+10  9.12e+09  8.08e+09  7.17e+09  6.36e+09  5.66e+09  5.06e+09  4.53e+09  4.06e+09  3.66e+09  3.31e+09

P1-> 

P\T           500       600       700       800       900     1e+03   1.1e+03   1.2e+03   1.3e+03   1.4e+03   1.5e+03   1.6e+03   1.7e+03   1.8e+03   1.9e+03     2e+03
0.1      5.84e-13  5.65e-13  5.83e-13  6.24e-13  6.81e-13   7.5e-13  8.31e-13  9.21e-13  1.02e-12  1.13e-12  1.25e-12  1.38e-12  1.51e-12  1.66e-12  1.81e-12  1.97e-12
1        5.84e-13  5.65e-13  5.83e-13  6.24e-13  6.81e-13   7.5e-13  8.31e-13  9.21e-13  1.02e-12  1.13e-12  1.25e-12  1.38e-12  1.51e-12  1.66e-12  1.81e-12  1.97e-12
10       5.84e-13  5.65e-13  5.83e-13  6.24e-13  6.81e-13   7.5e-13  8.31e-13  9.21e-13  1.02e-12  1.13e-12  1.25e-12  1.38e-12  1.51e-12  1.66e-12  1.81e-12  1.97e-12
100      5.85e-13  5.65e-13  5.83e-13  6.24e-13  6.81e-13   7.5e-13  2.66e-10   2.7e-10  2.72e-10  2.74e-10  2.75e-10  2.76e-10  2.77e-10  2.78e-10  2.79e-10   2.8e-10
O-O      2.44e-10  2.52e-10  2.58e-10  2.64e-10  2.69e-10  2.74e-10  2.78e-10  2.82e-10  2.86e-10   2.9e-10  2.93e-10  2.96e-10  2.99e-10  3.02e-10  3.05e-10  3.07e-10

P2-> 

P\T           500       600       700       800       900     1e+03   1.1e+03   1.2e+03   1.3e+03   1.4e+03   1.5e+03   1.6e+03   1.7e+03   1.8e+03   1.9e+03     2e+03
0.1      4.87e-22  2.08e-20  3.19e-19  2.58e-18  1.36e-17  5.31e-17  1.66e-16  4.37e-16  1.01e-15  2.11e-15  4.03e-15  7.21e-15  1.22e-14  1.95e-14  3.01e-14  4.47e-14
1        4.87e-22  2.08e-20  3.19e-19  2.58e-18  1.36e-17  5.31e-17  1.66e-16  4.37e-16  1.01e-15  2.11e-15  4.03e-15  7.21e-15  1.22e-14  1.95e-14  3.01e-14  4.47e-14
10       4.89e-22  2.08e-20  3.19e-19  2.58e-18  1.36e-17  5.31e-17  1.66e-16  4.37e-16  1.01e-15  2.11e-15  4.03e-15  7.21e-15  1.22e-14  1.95e-14  3.01e-14  4.47e-14
100      4.88e-22  2.08e-20  3.19e-19  2.58e-18  1.36e-17  5.31e-17  2.09e-16  2.48e-10   2.5e-10  2.52e-10  2.53e-10  2.55e-10  2.57e-10  2.59e-10  2.61e-10  2.64e-10
O-O      2.39e-10  2.46e-10  2.53e-10  2.58e-10  2.63e-10  2.68e-10  2.72e-10  2.76e-10   2.8e-10  2.84e-10  2.87e-10   2.9e-10  2.93e-10  2.96e-10  2.98e-10  3.01e-10

