Wells (G - ground energy, D - dissociation limit, kcal/mol):
                            W         G         D
                C5O2nexammzzz         0      2.78
      FakeW-C5H6O(645)z+OH(4)     -30.1     -27.1

Bimolecular Products (G - ground energy, kcal/mol):
                      P         G
      C5H6O(645)z+OH(4)     -27.1

Well-to-Bimolecular Barriers (H/G - barrier height/well depth, kcal/mol)
                            B         H                       W         G                 P
      FakeB-C5H6O(645)z+OH(4)     -27.1 FakeW-C5H6O(645)z+OH(4)     -30.1 C5H6O(645)z+OH(4)

Well-to-Well Barriers (H/G - barrier height/well depth, kcal/mol):
            B         H                      W1        G1                      W2        G2
      ts_3_49      2.78           C5O2nexammzzz         0 FakeW-C5H6O(645)z+OH(4)     -30.1

Bound Groups: dissociation barrier (name/ground energy, kcal/mol): wells (name/ground energy, kcal/mol):
     C1/-27.1:  FakeW-C5H6O(645)z+OH(4)/-30.1

     B1/2.78:  C5O2nexammzzz/0

________________________________________________________________________________________

Names Translation Tables (<short name> - <original name>):
Wells:
   W1 - C5O2nexammzzz
   W2 - FakeW-C5H6O(645)z+OH(4)
Bimolecular products:
   P1 - C5H6O(645)z+OH(4)
Inner Barriers:
   B1 - ts_3_49
Outer Barriers:
   C1 - FakeB-C5H6O(645)z+OH(4)
Unimolecular Rate Units: 1/sec;  Bimolecular Rate Units: cm^3/sec

______________________________________________________________________________________

Species-Species Rate Tables:

Temperature = 500 K

High Pressure Rate Coefficients:

From\To         W1        W2        P1
W1             ***  3.46e+11       ***
W2         0.00409       ***  1.36e+14
P1             ***  2.41e-10       ***

Temperature = 500 K    Pressure = 0.1 atm

From\To         W1        W2        P1
W1        7.66e+09  9.04e+04  7.67e+09
W2       -1.52e-15  7.05e+10  7.05e+10
P1        1.59e-28  1.11e-13  1.11e-13

Temperature = 500 K    Pressure = 1 atm

From\To         W1        W2        P1
W1        2.13e+10   2.7e+04  2.13e+10
W2       -1.06e-12  3.46e+11  3.46e+11
P1        4.46e-28  5.82e-13  5.82e-13

Temperature = 500 K    Pressure = 10 atm

From\To         W1        W2        P1
W1        5.04e+10  1.98e+05  5.04e+10
W2        1.38e-15  1.43e+12  1.43e+12
P1        1.05e-27  2.48e-12  2.48e-12

Temperature = 500 K    Pressure = 100 atm

From\To         W1        W2        P1
W1        1.09e+11  1.03e+06  1.09e+11
W2         7.5e-15  4.82e+12  4.82e+12
P1        2.28e-27  8.51e-12  8.51e-12

Temperature = 600 K

High Pressure Rate Coefficients:

From\To         W1        W2        P1
W1             ***  5.52e+11       ***
W2           0.764       ***  1.82e+14
P1             ***  2.48e-10       ***

Temperature = 600 K    Pressure = 0.1 atm

From\To         W1        W2        P1
W1        6.63e+09       ***  6.63e+09
W2             ***       ***       ***
P1        1.23e-26       ***  -1.7e-23

Temperature = 600 K    Pressure = 1 atm

From\To         W1        W2        P1
W1        1.93e+10 -6.61e+04  1.93e+10
W2        2.02e-13  9.82e+11  9.82e+11
P1        3.61e-26  1.15e-12  1.15e-12

Temperature = 600 K    Pressure = 10 atm

From\To         W1        W2        P1
W1        4.82e+10  3.32e+05  4.82e+10
W2        -4.3e-12  3.12e+12  3.12e+12
P1        9.06e-26  4.05e-12  4.05e-12

Temperature = 600 K    Pressure = 100 atm

From\To         W1        W2        P1
W1         1.1e+11  2.02e+06   1.1e+11
W2       -1.19e-11  8.83e+12  8.83e+12
P1        2.07e-25  1.19e-11  1.19e-11

Temperature = 700 K

High Pressure Rate Coefficients:

From\To         W1        W2        P1
W1             ***  7.88e+11       ***
W2            31.7       ***  2.14e+14
P1             ***  2.54e-10       ***

Temperature = 700 K    Pressure = 0.1 atm

From\To         W1        W2        P1
W1        5.62e+09       ***  5.62e+09
W2             ***       ***       ***
P1        2.66e-25       ***  1.57e-23

Temperature = 700 K    Pressure = 1 atm

From\To         W1        W2        P1
W1        1.68e+10       ***  1.68e+10
W2             ***       ***       ***
P1        7.99e-25       ***  7.19e-24

Temperature = 700 K    Pressure = 10 atm

From\To         W1        W2        P1
W1        4.37e+10  4.89e+05  4.37e+10
W2       -1.04e-09  5.28e+12  5.28e+12
P1        2.09e-24  5.81e-12  5.81e-12

Temperature = 700 K    Pressure = 100 atm

From\To         W1        W2        P1
W1        1.04e+11  2.96e+06  1.04e+11
W2       -7.91e-09  1.31e+13  1.31e+13
P1        4.96e-24  1.53e-11  1.53e-11

Temperature = 800 K

High Pressure Rate Coefficients:

From\To         W1        W2        P1
W1             ***  1.04e+12       ***
W2             512       ***  2.31e+14
P1             ***   2.6e-10       ***

Temperature = 800 K    Pressure = 0.1 atm

From\To         W1        W2        P1
W1        5.02e+09       ***  5.02e+09
W2             ***       ***       ***
P1        2.74e-24       ***  5.19e-24

Temperature = 800 K    Pressure = 1 atm

From\To         W1        W2        P1
W1        1.52e+10       ***  1.52e+10
W2             ***       ***       ***
P1        8.36e-24       ***  1.59e-23

Temperature = 800 K    Pressure = 10 atm

From\To         W1        W2        P1
W1        4.03e+10  5.99e+05  4.03e+10
W2       -5.54e-08  6.68e+12  6.68e+12
P1        2.23e-23  6.77e-12  6.77e-12

Temperature = 800 K    Pressure = 100 atm

From\To         W1        W2        P1
W1        9.77e+10  3.43e+06  9.77e+10
W2       -3.86e-07  1.55e+13  1.55e+13
P1         5.4e-23   1.7e-11   1.7e-11

Temperature = 900 K

High Pressure Rate Coefficients:

From\To         W1        W2        P1
W1             ***   1.3e+12       ***
W2        4.43e+03       ***  2.38e+14
P1             ***  2.65e-10       ***

Temperature = 900 K    Pressure = 0.1 atm

From\To         W1        W2        P1
W1        4.46e+09       ***  4.46e+09
W2             ***       ***       ***
P1        1.67e-23       ***  2.27e-24

Temperature = 900 K    Pressure = 1 atm

From\To         W1        W2        P1
W1        1.36e+10       ***  1.36e+10
W2             ***       ***       ***
P1        5.12e-23       ***  5.95e-23

Temperature = 900 K    Pressure = 10 atm

From\To         W1        W2        P1
W1        3.67e+10  6.75e+05  3.67e+10
W2        6.48e-07  7.95e+12  7.95e+12
P1        1.39e-22  7.79e-12  7.79e-12

Temperature = 900 K    Pressure = 100 atm

From\To         W1        W2        P1
W1        9.02e+10  2.71e+06  9.02e+10
W2         -0.0036  1.75e+13  1.75e+13
P1        3.41e-22   1.9e-11   1.9e-11

Temperature = 1e+03 K

High Pressure Rate Coefficients:

From\To         W1        W2        P1
W1             ***  1.57e+12       ***
W2        2.48e+04       ***  2.37e+14
P1             ***   2.7e-10       ***

Temperature = 1e+03 K    Pressure = 0.1 atm

From\To         W1        W2        P1
W1        4.06e+09       ***  4.06e+09
W2             ***       ***       ***
P1        7.18e-23       ***  7.66e-23

Temperature = 1e+03 K    Pressure = 1 atm

From\To         W1        W2        P1
W1        1.24e+10       ***  1.24e+10
W2             ***       ***       ***
P1        2.21e-22       ***  2.07e-22

Temperature = 1e+03 K    Pressure = 10 atm

From\To         W1        W2        P1
W1        3.38e+10  7.07e+05  3.38e+10
W2         7.7e-06  8.72e+12  8.72e+12
P1        6.07e-22  8.54e-12  8.54e-12

Temperature = 1e+03 K    Pressure = 100 atm

From\To         W1        W2        P1
W1        8.39e+10  3.85e+06  8.39e+10
W2        0.000345  1.86e+13  1.86e+13
P1        1.51e-21  2.04e-11  2.04e-11

Temperature = 1.1e+03 K

High Pressure Rate Coefficients:

From\To         W1        W2        P1
W1             ***  1.83e+12       ***
W2        1.01e+05       ***  2.32e+14
P1             ***  2.74e-10       ***

Temperature = 1.1e+03 K    Pressure = 0.1 atm

From\To         W1        W2        P1
W1        3.42e+09       ***  3.42e+09
W2             ***       ***       ***
P1        2.19e-22       ***  2.15e-22

Temperature = 1.1e+03 K    Pressure = 1 atm

From\To         W1        W2        P1
W1        1.05e+10       ***  1.05e+10
W2             ***       ***       ***
P1        6.83e-22       ***  6.74e-22

Temperature = 1.1e+03 K    Pressure = 10 atm

From\To         W1        W2        P1
W1        2.92e+10  6.95e+05  2.92e+10
W2        0.000109  9.31e+12  9.31e+12
P1         1.9e-21  9.31e-12  9.31e-12

Temperature = 1.1e+03 K    Pressure = 100 atm

From\To         W1        W2        P1
W1        7.38e+10  3.74e+06  7.38e+10
W2         0.00453  1.93e+13  1.93e+13
P1        4.81e-21  2.19e-11  2.19e-11

Temperature = 1.2e+03 K

High Pressure Rate Coefficients:

From\To         W1        W2        P1
W1             ***  2.08e+12       ***
W2        3.25e+05       ***  2.24e+14
P1             ***  2.78e-10       ***

Temperature = 1.2e+03 K    Pressure = 0.1 atm

From\To         W1        W2        P1
W1        3.05e+09       ***  3.05e+09
W2             ***       ***       ***
P1        5.81e-22       ***  5.94e-22

Temperature = 1.2e+03 K    Pressure = 1 atm

From\To         W1        W2        P1
W1        9.41e+09       ***  9.41e+09
W2             ***       ***       ***
P1        1.82e-21       ***  1.84e-21

Temperature = 1.2e+03 K    Pressure = 10 atm

From\To         W1        W2        P1
W1        2.64e+10     9e+05  2.64e+10
W2         0.00295  9.59e+12  9.59e+12
P1         5.1e-21  9.96e-12  9.96e-12

Temperature = 1.2e+03 K    Pressure = 100 atm

From\To         W1        W2        P1
W1        6.72e+10  4.61e+06  6.72e+10
W2           0.104  1.94e+13  1.94e+13
P1         1.3e-20  2.32e-11  2.32e-11

Temperature = 1.3e+03 K

High Pressure Rate Coefficients:

From\To         W1        W2        P1
W1             ***  2.33e+12       ***
W2        8.73e+05       ***  2.14e+14
P1             ***  2.82e-10       ***

Temperature = 1.3e+03 K    Pressure = 0.1 atm

From\To         W1        W2        P1
W1        2.93e+09       ***  2.93e+09
W2             ***       ***       ***
P1        1.42e-21       ***  1.42e-21

Temperature = 1.3e+03 K    Pressure = 1 atm

From\To         W1        W2        P1
W1           9e+09       ***     9e+09
W2             ***       ***       ***
P1        4.42e-21       ***  4.41e-21

Temperature = 1.3e+03 K    Pressure = 10 atm

From\To         W1        W2        P1
W1        2.52e+10  2.69e+06  2.52e+10
W2          0.0857  1.01e+13  1.01e+13
P1        1.24e-20  1.09e-11  1.09e-11

Temperature = 1.3e+03 K    Pressure = 100 atm

From\To         W1        W2        P1
W1        6.44e+10   1.4e+07  6.44e+10
W2            2.56  1.99e+13  1.99e+13
P1        3.18e-20  2.51e-11  2.51e-11

Temperature = 1.4e+03 K

High Pressure Rate Coefficients:

From\To         W1        W2        P1
W1             ***  2.57e+12       ***
W2        2.04e+06       ***  2.03e+14
P1             ***  2.86e-10       ***

Temperature = 1.4e+03 K    Pressure = 0.1 atm

From\To         W1        W2        P1
W1        2.36e+09       ***  2.36e+09
W2             ***       ***       ***
P1        2.58e-21       ***  2.57e-21

Temperature = 1.4e+03 K    Pressure = 1 atm

From\To         W1        W2        P1
W1        7.34e+09       ***  7.34e+09
W2             ***       ***       ***
P1        8.12e-21       ***  8.12e-21

Temperature = 1.4e+03 K    Pressure = 10 atm

From\To         W1        W2        P1
W1        2.09e+10  1.05e+07  2.09e+10
W2            1.68  1.01e+13  1.01e+13
P1        2.32e-20  1.16e-11  1.16e-11

Temperature = 1.4e+03 K    Pressure = 100 atm

From\To         W1        W2        P1
W1        5.44e+10  6.04e+07  5.43e+10
W2            34.2  1.97e+13  1.97e+13
P1        6.05e-20  2.63e-11  2.63e-11

Temperature = 1.5e+03 K

High Pressure Rate Coefficients:

From\To         W1        W2        P1
W1             ***   2.8e+12       ***
W2        4.24e+06       ***  1.92e+14
P1             ***  2.89e-10       ***

Temperature = 1.5e+03 K    Pressure = 0.1 atm

From\To         W1        W2        P1
W1        2.38e+09       ***  2.38e+09
W2             ***       ***       ***
P1        5.29e-21       ***  5.29e-21

Temperature = 1.5e+03 K    Pressure = 1 atm

From\To         W1        W2        P1
W1        7.32e+09       ***  7.32e+09
W2             ***       ***       ***
P1        1.65e-20       ***  1.65e-20

Temperature = 1.5e+03 K    Pressure = 10 atm

From\To         W1        W2        P1
W1        2.08e+10  3.35e+07  2.07e+10
W2            16.4   9.7e+12   9.7e+12
P1        4.71e-20  1.19e-11  1.19e-11

Temperature = 1.5e+03 K    Pressure = 100 atm

From\To         W1        W2        P1
W1        5.39e+10  1.87e+08  5.37e+10
W2             226  1.88e+13  1.88e+13
P1        1.22e-19  2.69e-11  2.69e-11

Temperature = 1.6e+03 K

High Pressure Rate Coefficients:

From\To         W1        W2        P1
W1             ***  3.02e+12       ***
W2        8.05e+06       ***  1.81e+14
P1             ***  2.92e-10       ***

Temperature = 1.6e+03 K    Pressure = 0.1 atm

From\To         W1        W2        P1
W1        2.02e+09       ***  2.02e+09
W2             ***       ***       ***
P1        8.48e-21       ***  8.48e-21

Temperature = 1.6e+03 K    Pressure = 1 atm

From\To         W1        W2        P1
W1        6.27e+09       ***  6.27e+09
W2             ***       ***       ***
P1        2.67e-20       ***  2.67e-20

Temperature = 1.6e+03 K    Pressure = 10 atm

From\To         W1        W2        P1
W1         1.8e+10     1e+08  1.79e+10
W2             121  9.42e+12  9.42e+12
P1        7.68e-20  1.23e-11  1.23e-11

Temperature = 1.6e+03 K    Pressure = 100 atm

From\To         W1        W2        P1
W1        4.72e+10  4.92e+08  4.67e+10
W2        1.11e+03   1.8e+13   1.8e+13
P1        2.01e-19  2.77e-11  2.77e-11

Temperature = 1.7e+03 K

High Pressure Rate Coefficients:

From\To         W1        W2        P1
W1             ***  3.24e+12       ***
W2        1.42e+07       ***   1.7e+14
P1             ***  2.95e-10       ***

Temperature = 1.7e+03 K    Pressure = 0.1 atm

From\To         W1        W2        P1
W1         1.9e+09       ***   1.9e+09
W2             ***       ***       ***
P1        1.41e-20       ***  1.41e-20

Temperature = 1.7e+03 K    Pressure = 1 atm

From\To         W1        W2        P1
W1        5.89e+09       ***  5.89e+09
W2             ***       ***       ***
P1        4.44e-20       ***  4.44e-20

Temperature = 1.7e+03 K    Pressure = 10 atm

From\To         W1        W2        P1
W1        1.69e+10  2.34e+08  1.67e+10
W2             620  9.24e+12  9.24e+12
P1        1.27e-19  1.33e-11  1.33e-11

Temperature = 1.7e+03 K    Pressure = 100 atm

From\To         W1        W2        P1
W1        4.47e+10  1.07e+09  4.36e+10
W2         4.2e+03  1.77e+13  1.77e+13
P1        3.31e-19  2.93e-11  2.93e-11

Temperature = 1.8e+03 K

High Pressure Rate Coefficients:

From\To         W1        W2        P1
W1             ***  3.44e+12       ***
W2        2.35e+07       ***   1.6e+14
P1             ***  2.98e-10       ***

Temperature = 1.8e+03 K    Pressure = 0.1 atm

From\To         W1        W2        P1
W1        1.75e+09       ***  1.75e+09
W2             ***       ***       ***
P1        2.16e-20       ***  2.16e-20

Temperature = 1.8e+03 K    Pressure = 1 atm

From\To         W1        W2        P1
W1        5.43e+09       ***  5.43e+09
W2             ***       ***       ***
P1        6.82e-20       ***  6.82e-20

Temperature = 1.8e+03 K    Pressure = 10 atm

From\To         W1        W2        P1
W1        1.57e+10  4.77e+08  1.52e+10
W2        1.85e+03  8.62e+12  8.62e+12
P1        1.95e-19  1.29e-11  1.29e-11

Temperature = 1.8e+03 K    Pressure = 100 atm

From\To         W1        W2        P1
W1        4.15e+10  1.89e+09  3.96e+10
W2        1.16e+04  1.63e+13  1.63e+13
P1        5.04e-19  2.88e-11  2.88e-11

Temperature = 1.9e+03 K

High Pressure Rate Coefficients:

From\To         W1        W2        P1
W1             ***  3.64e+12       ***
W2        3.68e+07       ***  1.51e+14
P1             ***     3e-10       ***

Temperature = 1.9e+03 K    Pressure = 0.1 atm

From\To         W1        W2        P1
W1        1.54e+09       ***  1.54e+09
W2             ***       ***       ***
P1        3.02e-20       ***  3.02e-20

Temperature = 1.9e+03 K    Pressure = 1 atm

From\To         W1        W2        P1
W1        4.86e+09       ***  4.86e+09
W2             ***       ***       ***
P1        9.72e-20       ***  9.72e-20

Temperature = 1.9e+03 K    Pressure = 10 atm

From\To         W1        W2        P1
W1        1.41e+10  9.38e+08  1.32e+10
W2        4.19e+03  8.52e+12  8.52e+12
P1        2.78e-19  1.37e-11  1.37e-11

Temperature = 1.9e+03 K    Pressure = 100 atm

From\To         W1        W2        P1
W1        3.78e+10   3.4e+09  3.44e+10
W2        3.15e+04   1.6e+13   1.6e+13
P1        7.02e-19  3.02e-11  3.02e-11

Temperature = 2e+03 K

High Pressure Rate Coefficients:

From\To         W1        W2        P1
W1             ***  3.83e+12       ***
W2        5.53e+07       ***  1.42e+14
P1             ***  3.03e-10       ***

Temperature = 2e+03 K    Pressure = 0.1 atm

From\To         W1        W2        P1
W1        1.29e+09       ***  1.29e+09
W2             ***       ***       ***
P1        3.88e-20       ***  3.88e-20

Temperature = 2e+03 K    Pressure = 1 atm

From\To         W1        W2        P1
W1        4.23e+09       ***  4.24e+09
W2             ***       ***       ***
P1         1.3e-19       ***   1.3e-19

Temperature = 2e+03 K    Pressure = 10 atm

From\To         W1        W2        P1
W1        1.25e+10  1.41e+09  1.11e+10
W2        7.18e+03  8.07e+12  8.07e+12
P1        3.74e-19  1.39e-11  1.39e-11

Temperature = 2e+03 K    Pressure = 100 atm

From\To         W1        W2        P1
W1        3.39e+10  4.87e+09   2.9e+10
W2        6.53e+04  1.51e+13  1.51e+13
P1        9.13e-19  3.06e-11  3.06e-11

______________________________________________________________________________________

High Pressure Rate Coefficients (Temperature-Species Rate Tables):

Reactant = W1
   T(K)        W1        W2        P1
    500       ***  3.46e+11       ***
    600       ***  5.52e+11       ***
    700       ***  7.88e+11       ***
    800       ***  1.04e+12       ***
    900       ***   1.3e+12       ***
  1e+03       ***  1.57e+12       ***
1.1e+03       ***  1.83e+12       ***
1.2e+03       ***  2.08e+12       ***
1.3e+03       ***  2.33e+12       ***
1.4e+03       ***  2.57e+12       ***
1.5e+03       ***   2.8e+12       ***
1.6e+03       ***  3.02e+12       ***
1.7e+03       ***  3.24e+12       ***
1.8e+03       ***  3.44e+12       ***
1.9e+03       ***  3.64e+12       ***
  2e+03       ***  3.83e+12       ***

Reactant = W2
   T(K)        W1        W2        P1
    500   0.00409       ***  1.36e+14
    600     0.764       ***  1.82e+14
    700      31.7       ***  2.14e+14
    800       512       ***  2.31e+14
    900  4.43e+03       ***  2.38e+14
  1e+03  2.48e+04       ***  2.37e+14
1.1e+03  1.01e+05       ***  2.32e+14
1.2e+03  3.25e+05       ***  2.24e+14
1.3e+03  8.73e+05       ***  2.14e+14
1.4e+03  2.04e+06       ***  2.03e+14
1.5e+03  4.24e+06       ***  1.92e+14
1.6e+03  8.05e+06       ***  1.81e+14
1.7e+03  1.42e+07       ***   1.7e+14
1.8e+03  2.35e+07       ***   1.6e+14
1.9e+03  3.68e+07       ***  1.51e+14
  2e+03  5.53e+07       ***  1.42e+14

Reactant = P1
   T(K)        W1        W2        P1
    500       ***  2.41e-10       ***
    600       ***  2.48e-10       ***
    700       ***  2.54e-10       ***
    800       ***   2.6e-10       ***
    900       ***  2.65e-10       ***
  1e+03       ***   2.7e-10       ***
1.1e+03       ***  2.74e-10       ***
1.2e+03       ***  2.78e-10       ***
1.3e+03       ***  2.82e-10       ***
1.4e+03       ***  2.86e-10       ***
1.5e+03       ***  2.89e-10       ***
1.6e+03       ***  2.92e-10       ***
1.7e+03       ***  2.95e-10       ***
1.8e+03       ***  2.98e-10       ***
1.9e+03       ***     3e-10       ***
  2e+03       ***  3.03e-10       ***

Capture/Escape Rate Coefficients:

   T(K)        W1        W2        P1
    500  3.46e+11  1.36e+14  2.41e-10
    600  5.52e+11  1.82e+14  2.48e-10
    700  7.88e+11  2.14e+14  2.54e-10
    800  1.04e+12  2.31e+14   2.6e-10
    900   1.3e+12  2.38e+14  2.65e-10
  1e+03  1.57e+12  2.37e+14   2.7e-10
1.1e+03  1.83e+12  2.32e+14  2.74e-10
1.2e+03  2.08e+12  2.24e+14  2.78e-10
1.3e+03  2.33e+12  2.14e+14  2.82e-10
1.4e+03  2.57e+12  2.03e+14  2.86e-10
1.5e+03   2.8e+12  1.92e+14  2.89e-10
1.6e+03  3.02e+12  1.81e+14  2.92e-10
1.7e+03  3.24e+12   1.7e+14  2.95e-10
1.8e+03  3.44e+12   1.6e+14  2.98e-10
1.9e+03  3.64e+12  1.51e+14     3e-10
  2e+03  3.83e+12  1.42e+14  3.03e-10

______________________________________________________________________________________

Pressure-Species Rate Tables:

Reactant = W1   Temperature = 500 K

   P(atm)        W2        P1      Loss
      0.1  9.04e+04  7.67e+09  7.66e+09
        1   2.7e+04  2.13e+10  2.13e+10
       10  1.98e+05  5.04e+10  5.04e+10
      100  1.03e+06  1.09e+11  1.09e+11
      O-O  3.46e+11       ***  3.46e+11

Reactant = W1   Temperature = 600 K

   P(atm)        W2        P1      Loss
      0.1       ***  6.63e+09  6.63e+09
        1 -6.61e+04  1.93e+10  1.93e+10
       10  3.32e+05  4.82e+10  4.82e+10
      100  2.02e+06   1.1e+11   1.1e+11
      O-O  5.52e+11       ***  5.52e+11

Reactant = W1   Temperature = 700 K

   P(atm)        W2        P1      Loss
      0.1       ***  5.62e+09  5.62e+09
        1       ***  1.68e+10  1.68e+10
       10  4.89e+05  4.37e+10  4.37e+10
      100  2.96e+06  1.04e+11  1.04e+11
      O-O  7.88e+11       ***  7.88e+11

Reactant = W1   Temperature = 800 K

   P(atm)        W2        P1      Loss
      0.1       ***  5.02e+09  5.02e+09
        1       ***  1.52e+10  1.52e+10
       10  5.99e+05  4.03e+10  4.03e+10
      100  3.43e+06  9.77e+10  9.77e+10
      O-O  1.04e+12       ***  1.04e+12

Reactant = W1   Temperature = 900 K

   P(atm)        W2        P1      Loss
      0.1       ***  4.46e+09  4.46e+09
        1       ***  1.36e+10  1.36e+10
       10  6.75e+05  3.67e+10  3.67e+10
      100  2.71e+06  9.02e+10  9.02e+10
      O-O   1.3e+12       ***   1.3e+12

Reactant = W1   Temperature = 1e+03 K

   P(atm)        W2        P1      Loss
      0.1       ***  4.06e+09  4.06e+09
        1       ***  1.24e+10  1.24e+10
       10  7.07e+05  3.38e+10  3.38e+10
      100  3.85e+06  8.39e+10  8.39e+10
      O-O  1.57e+12       ***  1.57e+12

Reactant = W1   Temperature = 1.1e+03 K

   P(atm)        W2        P1      Loss
      0.1       ***  3.42e+09  3.42e+09
        1       ***  1.05e+10  1.05e+10
       10  6.95e+05  2.92e+10  2.92e+10
      100  3.74e+06  7.38e+10  7.38e+10
      O-O  1.83e+12       ***  1.83e+12

Reactant = W1   Temperature = 1.2e+03 K

   P(atm)        W2        P1      Loss
      0.1       ***  3.05e+09  3.05e+09
        1       ***  9.41e+09  9.41e+09
       10     9e+05  2.64e+10  2.64e+10
      100  4.61e+06  6.72e+10  6.72e+10
      O-O  2.08e+12       ***  2.08e+12

Reactant = W1   Temperature = 1.3e+03 K

   P(atm)        W2        P1      Loss
      0.1       ***  2.93e+09  2.93e+09
        1       ***     9e+09     9e+09
       10  2.69e+06  2.52e+10  2.52e+10
      100   1.4e+07  6.44e+10  6.44e+10
      O-O  2.33e+12       ***  2.33e+12

Reactant = W1   Temperature = 1.4e+03 K

   P(atm)        W2        P1      Loss
      0.1       ***  2.36e+09  2.36e+09
        1       ***  7.34e+09  7.34e+09
       10  1.05e+07  2.09e+10  2.09e+10
      100  6.04e+07  5.43e+10  5.44e+10
      O-O  2.57e+12       ***  2.57e+12

Reactant = W1   Temperature = 1.5e+03 K

   P(atm)        W2        P1      Loss
      0.1       ***  2.38e+09  2.38e+09
        1       ***  7.32e+09  7.32e+09
       10  3.35e+07  2.07e+10  2.08e+10
      100  1.87e+08  5.37e+10  5.39e+10
      O-O   2.8e+12       ***   2.8e+12

Reactant = W1   Temperature = 1.6e+03 K

   P(atm)        W2        P1      Loss
      0.1       ***  2.02e+09  2.02e+09
        1       ***  6.27e+09  6.27e+09
       10     1e+08  1.79e+10   1.8e+10
      100  4.92e+08  4.67e+10  4.72e+10
      O-O  3.02e+12       ***  3.02e+12

Reactant = W1   Temperature = 1.7e+03 K

   P(atm)        W2        P1      Loss
      0.1       ***   1.9e+09   1.9e+09
        1       ***  5.89e+09  5.89e+09
       10  2.34e+08  1.67e+10  1.69e+10
      100  1.07e+09  4.36e+10  4.47e+10
      O-O  3.24e+12       ***  3.24e+12

Reactant = W1   Temperature = 1.8e+03 K

   P(atm)        W2        P1      Loss
      0.1       ***  1.75e+09  1.75e+09
        1       ***  5.43e+09  5.43e+09
       10  4.77e+08  1.52e+10  1.57e+10
      100  1.89e+09  3.96e+10  4.15e+10
      O-O  3.44e+12       ***  3.44e+12

Reactant = W1   Temperature = 1.9e+03 K

   P(atm)        W2        P1      Loss
      0.1       ***  1.54e+09  1.54e+09
        1       ***  4.86e+09  4.86e+09
       10  9.38e+08  1.32e+10  1.41e+10
      100   3.4e+09  3.44e+10  3.78e+10
      O-O  3.64e+12       ***  3.64e+12

Reactant = W1   Temperature = 2e+03 K

   P(atm)        W2        P1      Loss
      0.1       ***  1.29e+09  1.29e+09
        1       ***  4.24e+09  4.23e+09
       10  1.41e+09  1.11e+10  1.25e+10
      100  4.87e+09   2.9e+10  3.39e+10
      O-O  3.83e+12       ***  3.83e+12

Reactant = W2   Temperature = 500 K

   P(atm)        W1        P1      Loss
      0.1 -1.52e-15  7.05e+10  7.05e+10
        1 -1.06e-12  3.46e+11  3.46e+11
       10  1.38e-15  1.43e+12  1.43e+12
      100   7.5e-15  4.82e+12  4.82e+12
      O-O   0.00409  1.36e+14  1.36e+14

Reactant = W2   Temperature = 600 K

   P(atm)        W1        P1      Loss
      0.1       ***       ***       ***
        1  2.02e-13  9.82e+11  9.82e+11
       10  -4.3e-12  3.12e+12  3.12e+12
      100 -1.19e-11  8.83e+12  8.83e+12
      O-O     0.764  1.82e+14  1.82e+14

Reactant = W2   Temperature = 700 K

   P(atm)        W1        P1      Loss
      0.1       ***       ***       ***
        1       ***       ***       ***
       10 -1.04e-09  5.28e+12  5.28e+12
      100 -7.91e-09  1.31e+13  1.31e+13
      O-O      31.7  2.14e+14  2.14e+14

Reactant = W2   Temperature = 800 K

   P(atm)        W1        P1      Loss
      0.1       ***       ***       ***
        1       ***       ***       ***
       10 -5.54e-08  6.68e+12  6.68e+12
      100 -3.86e-07  1.55e+13  1.55e+13
      O-O       512  2.31e+14  2.31e+14

Reactant = W2   Temperature = 900 K

   P(atm)        W1        P1      Loss
      0.1       ***       ***       ***
        1       ***       ***       ***
       10  6.48e-07  7.95e+12  7.95e+12
      100   -0.0036  1.75e+13  1.75e+13
      O-O  4.43e+03  2.38e+14  2.38e+14

Reactant = W2   Temperature = 1e+03 K

   P(atm)        W1        P1      Loss
      0.1       ***       ***       ***
        1       ***       ***       ***
       10   7.7e-06  8.72e+12  8.72e+12
      100  0.000345  1.86e+13  1.86e+13
      O-O  2.48e+04  2.37e+14  2.37e+14

Reactant = W2   Temperature = 1.1e+03 K

   P(atm)        W1        P1      Loss
      0.1       ***       ***       ***
        1       ***       ***       ***
       10  0.000109  9.31e+12  9.31e+12
      100   0.00453  1.93e+13  1.93e+13
      O-O  1.01e+05  2.32e+14  2.32e+14

Reactant = W2   Temperature = 1.2e+03 K

   P(atm)        W1        P1      Loss
      0.1       ***       ***       ***
        1       ***       ***       ***
       10   0.00295  9.59e+12  9.59e+12
      100     0.104  1.94e+13  1.94e+13
      O-O  3.25e+05  2.24e+14  2.24e+14

Reactant = W2   Temperature = 1.3e+03 K

   P(atm)        W1        P1      Loss
      0.1       ***       ***       ***
        1       ***       ***       ***
       10    0.0857  1.01e+13  1.01e+13
      100      2.56  1.99e+13  1.99e+13
      O-O  8.73e+05  2.14e+14  2.14e+14

Reactant = W2   Temperature = 1.4e+03 K

   P(atm)        W1        P1      Loss
      0.1       ***       ***       ***
        1       ***       ***       ***
       10      1.68  1.01e+13  1.01e+13
      100      34.2  1.97e+13  1.97e+13
      O-O  2.04e+06  2.03e+14  2.03e+14

Reactant = W2   Temperature = 1.5e+03 K

   P(atm)        W1        P1      Loss
      0.1       ***       ***       ***
        1       ***       ***       ***
       10      16.4   9.7e+12   9.7e+12
      100       226  1.88e+13  1.88e+13
      O-O  4.24e+06  1.92e+14  1.92e+14

Reactant = W2   Temperature = 1.6e+03 K

   P(atm)        W1        P1      Loss
      0.1       ***       ***       ***
        1       ***       ***       ***
       10       121  9.42e+12  9.42e+12
      100  1.11e+03   1.8e+13   1.8e+13
      O-O  8.05e+06  1.81e+14  1.81e+14

Reactant = W2   Temperature = 1.7e+03 K

   P(atm)        W1        P1      Loss
      0.1       ***       ***       ***
        1       ***       ***       ***
       10       620  9.24e+12  9.24e+12
      100   4.2e+03  1.77e+13  1.77e+13
      O-O  1.42e+07   1.7e+14   1.7e+14

Reactant = W2   Temperature = 1.8e+03 K

   P(atm)        W1        P1      Loss
      0.1       ***       ***       ***
        1       ***       ***       ***
       10  1.85e+03  8.62e+12  8.62e+12
      100  1.16e+04  1.63e+13  1.63e+13
      O-O  2.35e+07   1.6e+14   1.6e+14

Reactant = W2   Temperature = 1.9e+03 K

   P(atm)        W1        P1      Loss
      0.1       ***       ***       ***
        1       ***       ***       ***
       10  4.19e+03  8.52e+12  8.52e+12
      100  3.15e+04   1.6e+13   1.6e+13
      O-O  3.68e+07  1.51e+14  1.51e+14

Reactant = W2   Temperature = 2e+03 K

   P(atm)        W1        P1      Loss
      0.1       ***       ***       ***
        1       ***       ***       ***
       10  7.18e+03  8.07e+12  8.07e+12
      100  6.53e+04  1.51e+13  1.51e+13
      O-O  5.53e+07  1.42e+14  1.42e+14

Reactant = P1   Temperature = 500 K

   P(atm)        W1        W2      Loss
      0.1  1.59e-28  1.11e-13  1.11e-13
        1  4.46e-28  5.82e-13  5.82e-13
       10  1.05e-27  2.48e-12  2.48e-12
      100  2.28e-27  8.51e-12  8.51e-12
      O-O       ***  2.41e-10  2.41e-10

Reactant = P1   Temperature = 600 K

   P(atm)        W1        W2      Loss
      0.1  1.23e-26       ***  -1.7e-23
        1  3.61e-26  1.15e-12  1.15e-12
       10  9.06e-26  4.05e-12  4.05e-12
      100  2.07e-25  1.19e-11  1.19e-11
      O-O       ***  2.48e-10  2.48e-10

Reactant = P1   Temperature = 700 K

   P(atm)        W1        W2      Loss
      0.1  2.66e-25       ***  1.57e-23
        1  7.99e-25       ***  7.19e-24
       10  2.09e-24  5.81e-12  5.81e-12
      100  4.96e-24  1.53e-11  1.53e-11
      O-O       ***  2.54e-10  2.54e-10

Reactant = P1   Temperature = 800 K

   P(atm)        W1        W2      Loss
      0.1  2.74e-24       ***  5.19e-24
        1  8.36e-24       ***  1.59e-23
       10  2.23e-23  6.77e-12  6.77e-12
      100   5.4e-23   1.7e-11   1.7e-11
      O-O       ***   2.6e-10   2.6e-10

Reactant = P1   Temperature = 900 K

   P(atm)        W1        W2      Loss
      0.1  1.67e-23       ***  2.27e-24
        1  5.12e-23       ***  5.95e-23
       10  1.39e-22  7.79e-12  7.79e-12
      100  3.41e-22   1.9e-11   1.9e-11
      O-O       ***  2.65e-10  2.65e-10

Reactant = P1   Temperature = 1e+03 K

   P(atm)        W1        W2      Loss
      0.1  7.18e-23       ***  7.66e-23
        1  2.21e-22       ***  2.07e-22
       10  6.07e-22  8.54e-12  8.54e-12
      100  1.51e-21  2.04e-11  2.04e-11
      O-O       ***   2.7e-10   2.7e-10

Reactant = P1   Temperature = 1.1e+03 K

   P(atm)        W1        W2      Loss
      0.1  2.19e-22       ***  2.15e-22
        1  6.83e-22       ***  6.74e-22
       10   1.9e-21  9.31e-12  9.31e-12
      100  4.81e-21  2.19e-11  2.19e-11
      O-O       ***  2.74e-10  2.74e-10

Reactant = P1   Temperature = 1.2e+03 K

   P(atm)        W1        W2      Loss
      0.1  5.81e-22       ***  5.94e-22
        1  1.82e-21       ***  1.84e-21
       10   5.1e-21  9.96e-12  9.96e-12
      100   1.3e-20  2.32e-11  2.32e-11
      O-O       ***  2.78e-10  2.78e-10

Reactant = P1   Temperature = 1.3e+03 K

   P(atm)        W1        W2      Loss
      0.1  1.42e-21       ***  1.42e-21
        1  4.42e-21       ***  4.41e-21
       10  1.24e-20  1.09e-11  1.09e-11
      100  3.18e-20  2.51e-11  2.51e-11
      O-O       ***  2.82e-10  2.82e-10

Reactant = P1   Temperature = 1.4e+03 K

   P(atm)        W1        W2      Loss
      0.1  2.58e-21       ***  2.57e-21
        1  8.12e-21       ***  8.12e-21
       10  2.32e-20  1.16e-11  1.16e-11
      100  6.05e-20  2.63e-11  2.63e-11
      O-O       ***  2.86e-10  2.86e-10

Reactant = P1   Temperature = 1.5e+03 K

   P(atm)        W1        W2      Loss
      0.1  5.29e-21       ***  5.29e-21
        1  1.65e-20       ***  1.65e-20
       10  4.71e-20  1.19e-11  1.19e-11
      100  1.22e-19  2.69e-11  2.69e-11
      O-O       ***  2.89e-10  2.89e-10

Reactant = P1   Temperature = 1.6e+03 K

   P(atm)        W1        W2      Loss
      0.1  8.48e-21       ***  8.48e-21
        1  2.67e-20       ***  2.67e-20
       10  7.68e-20  1.23e-11  1.23e-11
      100  2.01e-19  2.77e-11  2.77e-11
      O-O       ***  2.92e-10  2.92e-10

Reactant = P1   Temperature = 1.7e+03 K

   P(atm)        W1        W2      Loss
      0.1  1.41e-20       ***  1.41e-20
        1  4.44e-20       ***  4.44e-20
       10  1.27e-19  1.33e-11  1.33e-11
      100  3.31e-19  2.93e-11  2.93e-11
      O-O       ***  2.95e-10  2.95e-10

Reactant = P1   Temperature = 1.8e+03 K

   P(atm)        W1        W2      Loss
      0.1  2.16e-20       ***  2.16e-20
        1  6.82e-20       ***  6.82e-20
       10  1.95e-19  1.29e-11  1.29e-11
      100  5.04e-19  2.88e-11  2.88e-11
      O-O       ***  2.98e-10  2.98e-10

Reactant = P1   Temperature = 1.9e+03 K

   P(atm)        W1        W2      Loss
      0.1  3.02e-20       ***  3.02e-20
        1  9.72e-20       ***  9.72e-20
       10  2.78e-19  1.37e-11  1.37e-11
      100  7.02e-19  3.02e-11  3.02e-11
      O-O       ***     3e-10     3e-10

Reactant = P1   Temperature = 2e+03 K

   P(atm)        W1        W2      Loss
      0.1  3.88e-20       ***  3.88e-20
        1   1.3e-19       ***   1.3e-19
       10  3.74e-19  1.39e-11  1.39e-11
      100  9.13e-19  3.06e-11  3.06e-11
      O-O       ***  3.03e-10  3.03e-10

______________________________________________________________________________________

Temperature-Species Rate Tables:

Reactant = W1   Pressure = 0.1 atm

   T(K)        W2        P1      Loss   Capture
    500  9.04e+04  7.67e+09  7.66e+09  3.46e+11
    600       ***  6.63e+09  6.63e+09  5.52e+11
    700       ***  5.62e+09  5.62e+09  7.88e+11
    800       ***  5.02e+09  5.02e+09  1.04e+12
    900       ***  4.46e+09  4.46e+09   1.3e+12
  1e+03       ***  4.06e+09  4.06e+09  1.57e+12
1.1e+03       ***  3.42e+09  3.42e+09  1.83e+12
1.2e+03       ***  3.05e+09  3.05e+09  2.08e+12
1.3e+03       ***  2.93e+09  2.93e+09  2.33e+12
1.4e+03       ***  2.36e+09  2.36e+09  2.57e+12
1.5e+03       ***  2.38e+09  2.38e+09   2.8e+12
1.6e+03       ***  2.02e+09  2.02e+09  3.02e+12
1.7e+03       ***   1.9e+09   1.9e+09  3.24e+12
1.8e+03       ***  1.75e+09  1.75e+09  3.44e+12
1.9e+03       ***  1.54e+09  1.54e+09  3.64e+12
  2e+03       ***  1.29e+09  1.29e+09  3.83e+12

Reactant = W1   Pressure = 1 atm

   T(K)        W2        P1      Loss   Capture
    500   2.7e+04  2.13e+10  2.13e+10  3.46e+11
    600 -6.61e+04  1.93e+10  1.93e+10  5.52e+11
    700       ***  1.68e+10  1.68e+10  7.88e+11
    800       ***  1.52e+10  1.52e+10  1.04e+12
    900       ***  1.36e+10  1.36e+10   1.3e+12
  1e+03       ***  1.24e+10  1.24e+10  1.57e+12
1.1e+03       ***  1.05e+10  1.05e+10  1.83e+12
1.2e+03       ***  9.41e+09  9.41e+09  2.08e+12
1.3e+03       ***     9e+09     9e+09  2.33e+12
1.4e+03       ***  7.34e+09  7.34e+09  2.57e+12
1.5e+03       ***  7.32e+09  7.32e+09   2.8e+12
1.6e+03       ***  6.27e+09  6.27e+09  3.02e+12
1.7e+03       ***  5.89e+09  5.89e+09  3.24e+12
1.8e+03       ***  5.43e+09  5.43e+09  3.44e+12
1.9e+03       ***  4.86e+09  4.86e+09  3.64e+12
  2e+03       ***  4.24e+09  4.23e+09  3.83e+12

Reactant = W1   Pressure = 10 atm

   T(K)        W2        P1      Loss   Capture
    500  1.98e+05  5.04e+10  5.04e+10  3.46e+11
    600  3.32e+05  4.82e+10  4.82e+10  5.52e+11
    700  4.89e+05  4.37e+10  4.37e+10  7.88e+11
    800  5.99e+05  4.03e+10  4.03e+10  1.04e+12
    900  6.75e+05  3.67e+10  3.67e+10   1.3e+12
  1e+03  7.07e+05  3.38e+10  3.38e+10  1.57e+12
1.1e+03  6.95e+05  2.92e+10  2.92e+10  1.83e+12
1.2e+03     9e+05  2.64e+10  2.64e+10  2.08e+12
1.3e+03  2.69e+06  2.52e+10  2.52e+10  2.33e+12
1.4e+03  1.05e+07  2.09e+10  2.09e+10  2.57e+12
1.5e+03  3.35e+07  2.07e+10  2.08e+10   2.8e+12
1.6e+03     1e+08  1.79e+10   1.8e+10  3.02e+12
1.7e+03  2.34e+08  1.67e+10  1.69e+10  3.24e+12
1.8e+03  4.77e+08  1.52e+10  1.57e+10  3.44e+12
1.9e+03  9.38e+08  1.32e+10  1.41e+10  3.64e+12
  2e+03  1.41e+09  1.11e+10  1.25e+10  3.83e+12

Reactant = W1   Pressure = 100 atm

   T(K)        W2        P1      Loss   Capture
    500  1.03e+06  1.09e+11  1.09e+11  3.46e+11
    600  2.02e+06   1.1e+11   1.1e+11  5.52e+11
    700  2.96e+06  1.04e+11  1.04e+11  7.88e+11
    800  3.43e+06  9.77e+10  9.77e+10  1.04e+12
    900  2.71e+06  9.02e+10  9.02e+10   1.3e+12
  1e+03  3.85e+06  8.39e+10  8.39e+10  1.57e+12
1.1e+03  3.74e+06  7.38e+10  7.38e+10  1.83e+12
1.2e+03  4.61e+06  6.72e+10  6.72e+10  2.08e+12
1.3e+03   1.4e+07  6.44e+10  6.44e+10  2.33e+12
1.4e+03  6.04e+07  5.43e+10  5.44e+10  2.57e+12
1.5e+03  1.87e+08  5.37e+10  5.39e+10   2.8e+12
1.6e+03  4.92e+08  4.67e+10  4.72e+10  3.02e+12
1.7e+03  1.07e+09  4.36e+10  4.47e+10  3.24e+12
1.8e+03  1.89e+09  3.96e+10  4.15e+10  3.44e+12
1.9e+03   3.4e+09  3.44e+10  3.78e+10  3.64e+12
  2e+03  4.87e+09   2.9e+10  3.39e+10  3.83e+12

Reactant = W2   Pressure = 0.1 atm

   T(K)        W1        P1      Loss   Capture
    500 -1.52e-15  7.05e+10  7.05e+10  1.36e+14
    600       ***       ***       ***  1.82e+14
    700       ***       ***       ***  2.14e+14
    800       ***       ***       ***  2.31e+14
    900       ***       ***       ***  2.38e+14
  1e+03       ***       ***       ***  2.37e+14
1.1e+03       ***       ***       ***  2.32e+14
1.2e+03       ***       ***       ***  2.24e+14
1.3e+03       ***       ***       ***  2.14e+14
1.4e+03       ***       ***       ***  2.03e+14
1.5e+03       ***       ***       ***  1.92e+14
1.6e+03       ***       ***       ***  1.81e+14
1.7e+03       ***       ***       ***   1.7e+14
1.8e+03       ***       ***       ***   1.6e+14
1.9e+03       ***       ***       ***  1.51e+14
  2e+03       ***       ***       ***  1.42e+14

Reactant = W2   Pressure = 1 atm

   T(K)        W1        P1      Loss   Capture
    500 -1.06e-12  3.46e+11  3.46e+11  1.36e+14
    600  2.02e-13  9.82e+11  9.82e+11  1.82e+14
    700       ***       ***       ***  2.14e+14
    800       ***       ***       ***  2.31e+14
    900       ***       ***       ***  2.38e+14
  1e+03       ***       ***       ***  2.37e+14
1.1e+03       ***       ***       ***  2.32e+14
1.2e+03       ***       ***       ***  2.24e+14
1.3e+03       ***       ***       ***  2.14e+14
1.4e+03       ***       ***       ***  2.03e+14
1.5e+03       ***       ***       ***  1.92e+14
1.6e+03       ***       ***       ***  1.81e+14
1.7e+03       ***       ***       ***   1.7e+14
1.8e+03       ***       ***       ***   1.6e+14
1.9e+03       ***       ***       ***  1.51e+14
  2e+03       ***       ***       ***  1.42e+14

Reactant = W2   Pressure = 10 atm

   T(K)        W1        P1      Loss   Capture
    500  1.38e-15  1.43e+12  1.43e+12  1.36e+14
    600  -4.3e-12  3.12e+12  3.12e+12  1.82e+14
    700 -1.04e-09  5.28e+12  5.28e+12  2.14e+14
    800 -5.54e-08  6.68e+12  6.68e+12  2.31e+14
    900  6.48e-07  7.95e+12  7.95e+12  2.38e+14
  1e+03   7.7e-06  8.72e+12  8.72e+12  2.37e+14
1.1e+03  0.000109  9.31e+12  9.31e+12  2.32e+14
1.2e+03   0.00295  9.59e+12  9.59e+12  2.24e+14
1.3e+03    0.0857  1.01e+13  1.01e+13  2.14e+14
1.4e+03      1.68  1.01e+13  1.01e+13  2.03e+14
1.5e+03      16.4   9.7e+12   9.7e+12  1.92e+14
1.6e+03       121  9.42e+12  9.42e+12  1.81e+14
1.7e+03       620  9.24e+12  9.24e+12   1.7e+14
1.8e+03  1.85e+03  8.62e+12  8.62e+12   1.6e+14
1.9e+03  4.19e+03  8.52e+12  8.52e+12  1.51e+14
  2e+03  7.18e+03  8.07e+12  8.07e+12  1.42e+14

Reactant = W2   Pressure = 100 atm

   T(K)        W1        P1      Loss   Capture
    500   7.5e-15  4.82e+12  4.82e+12  1.36e+14
    600 -1.19e-11  8.83e+12  8.83e+12  1.82e+14
    700 -7.91e-09  1.31e+13  1.31e+13  2.14e+14
    800 -3.86e-07  1.55e+13  1.55e+13  2.31e+14
    900   -0.0036  1.75e+13  1.75e+13  2.38e+14
  1e+03  0.000345  1.86e+13  1.86e+13  2.37e+14
1.1e+03   0.00453  1.93e+13  1.93e+13  2.32e+14
1.2e+03     0.104  1.94e+13  1.94e+13  2.24e+14
1.3e+03      2.56  1.99e+13  1.99e+13  2.14e+14
1.4e+03      34.2  1.97e+13  1.97e+13  2.03e+14
1.5e+03       226  1.88e+13  1.88e+13  1.92e+14
1.6e+03  1.11e+03   1.8e+13   1.8e+13  1.81e+14
1.7e+03   4.2e+03  1.77e+13  1.77e+13   1.7e+14
1.8e+03  1.16e+04  1.63e+13  1.63e+13   1.6e+14
1.9e+03  3.15e+04   1.6e+13   1.6e+13  1.51e+14
  2e+03  6.53e+04  1.51e+13  1.51e+13  1.42e+14

Reactant = P1   Pressure = 0.1 atm

   T(K)        W1        W2      Loss   Capture
    500  1.59e-28  1.11e-13  1.11e-13  2.41e-10
    600  1.23e-26       ***  -1.7e-23  2.48e-10
    700  2.66e-25       ***  1.57e-23  2.54e-10
    800  2.74e-24       ***  5.19e-24   2.6e-10
    900  1.67e-23       ***  2.27e-24  2.65e-10
  1e+03  7.18e-23       ***  7.66e-23   2.7e-10
1.1e+03  2.19e-22       ***  2.15e-22  2.74e-10
1.2e+03  5.81e-22       ***  5.94e-22  2.78e-10
1.3e+03  1.42e-21       ***  1.42e-21  2.82e-10
1.4e+03  2.58e-21       ***  2.57e-21  2.86e-10
1.5e+03  5.29e-21       ***  5.29e-21  2.89e-10
1.6e+03  8.48e-21       ***  8.48e-21  2.92e-10
1.7e+03  1.41e-20       ***  1.41e-20  2.95e-10
1.8e+03  2.16e-20       ***  2.16e-20  2.98e-10
1.9e+03  3.02e-20       ***  3.02e-20     3e-10
  2e+03  3.88e-20       ***  3.88e-20  3.03e-10

Reactant = P1   Pressure = 1 atm

   T(K)        W1        W2      Loss   Capture
    500  4.46e-28  5.82e-13  5.82e-13  2.41e-10
    600  3.61e-26  1.15e-12  1.15e-12  2.48e-10
    700  7.99e-25       ***  7.19e-24  2.54e-10
    800  8.36e-24       ***  1.59e-23   2.6e-10
    900  5.12e-23       ***  5.95e-23  2.65e-10
  1e+03  2.21e-22       ***  2.07e-22   2.7e-10
1.1e+03  6.83e-22       ***  6.74e-22  2.74e-10
1.2e+03  1.82e-21       ***  1.84e-21  2.78e-10
1.3e+03  4.42e-21       ***  4.41e-21  2.82e-10
1.4e+03  8.12e-21       ***  8.12e-21  2.86e-10
1.5e+03  1.65e-20       ***  1.65e-20  2.89e-10
1.6e+03  2.67e-20       ***  2.67e-20  2.92e-10
1.7e+03  4.44e-20       ***  4.44e-20  2.95e-10
1.8e+03  6.82e-20       ***  6.82e-20  2.98e-10
1.9e+03  9.72e-20       ***  9.72e-20     3e-10
  2e+03   1.3e-19       ***   1.3e-19  3.03e-10

Reactant = P1   Pressure = 10 atm

   T(K)        W1        W2      Loss   Capture
    500  1.05e-27  2.48e-12  2.48e-12  2.41e-10
    600  9.06e-26  4.05e-12  4.05e-12  2.48e-10
    700  2.09e-24  5.81e-12  5.81e-12  2.54e-10
    800  2.23e-23  6.77e-12  6.77e-12   2.6e-10
    900  1.39e-22  7.79e-12  7.79e-12  2.65e-10
  1e+03  6.07e-22  8.54e-12  8.54e-12   2.7e-10
1.1e+03   1.9e-21  9.31e-12  9.31e-12  2.74e-10
1.2e+03   5.1e-21  9.96e-12  9.96e-12  2.78e-10
1.3e+03  1.24e-20  1.09e-11  1.09e-11  2.82e-10
1.4e+03  2.32e-20  1.16e-11  1.16e-11  2.86e-10
1.5e+03  4.71e-20  1.19e-11  1.19e-11  2.89e-10
1.6e+03  7.68e-20  1.23e-11  1.23e-11  2.92e-10
1.7e+03  1.27e-19  1.33e-11  1.33e-11  2.95e-10
1.8e+03  1.95e-19  1.29e-11  1.29e-11  2.98e-10
1.9e+03  2.78e-19  1.37e-11  1.37e-11     3e-10
  2e+03  3.74e-19  1.39e-11  1.39e-11  3.03e-10

Reactant = P1   Pressure = 100 atm

   T(K)        W1        W2      Loss   Capture
    500  2.28e-27  8.51e-12  8.51e-12  2.41e-10
    600  2.07e-25  1.19e-11  1.19e-11  2.48e-10
    700  4.96e-24  1.53e-11  1.53e-11  2.54e-10
    800   5.4e-23   1.7e-11   1.7e-11   2.6e-10
    900  3.41e-22   1.9e-11   1.9e-11  2.65e-10
  1e+03  1.51e-21  2.04e-11  2.04e-11   2.7e-10
1.1e+03  4.81e-21  2.19e-11  2.19e-11  2.74e-10
1.2e+03   1.3e-20  2.32e-11  2.32e-11  2.78e-10
1.3e+03  3.18e-20  2.51e-11  2.51e-11  2.82e-10
1.4e+03  6.05e-20  2.63e-11  2.63e-11  2.86e-10
1.5e+03  1.22e-19  2.69e-11  2.69e-11  2.89e-10
1.6e+03  2.01e-19  2.77e-11  2.77e-11  2.92e-10
1.7e+03  3.31e-19  2.93e-11  2.93e-11  2.95e-10
1.8e+03  5.04e-19  2.88e-11  2.88e-11  2.98e-10
1.9e+03  7.02e-19  3.02e-11  3.02e-11     3e-10
  2e+03  9.13e-19  3.06e-11  3.06e-11  3.03e-10

______________________________________________________________________________________

Temperature-Pressure Rate Tables:

W1->W2

P\T           500       600       700       800       900     1e+03   1.1e+03   1.2e+03   1.3e+03   1.4e+03   1.5e+03   1.6e+03   1.7e+03   1.8e+03   1.9e+03     2e+03
0.1      9.04e+04       ***       ***       ***       ***       ***       ***       ***       ***       ***       ***       ***       ***       ***       ***       ***
1         2.7e+04 -6.61e+04       ***       ***       ***       ***       ***       ***       ***       ***       ***       ***       ***       ***       ***       ***
10       1.98e+05  3.32e+05  4.89e+05  5.99e+05  6.75e+05  7.07e+05  6.95e+05     9e+05  2.69e+06  1.05e+07  3.35e+07     1e+08  2.34e+08  4.77e+08  9.38e+08  1.41e+09
100      1.03e+06  2.02e+06  2.96e+06  3.43e+06  2.71e+06  3.85e+06  3.74e+06  4.61e+06   1.4e+07  6.04e+07  1.87e+08  4.92e+08  1.07e+09  1.89e+09   3.4e+09  4.87e+09
O-O      3.46e+11  5.52e+11  7.88e+11  1.04e+12   1.3e+12  1.57e+12  1.83e+12  2.08e+12  2.33e+12  2.57e+12   2.8e+12  3.02e+12  3.24e+12  3.44e+12  3.64e+12  3.83e+12

W1->P1

P\T           500       600       700       800       900     1e+03   1.1e+03   1.2e+03   1.3e+03   1.4e+03   1.5e+03   1.6e+03   1.7e+03   1.8e+03   1.9e+03     2e+03
0.1      7.67e+09  6.63e+09  5.62e+09  5.02e+09  4.46e+09  4.06e+09  3.42e+09  3.05e+09  2.93e+09  2.36e+09  2.38e+09  2.02e+09   1.9e+09  1.75e+09  1.54e+09  1.29e+09
1        2.13e+10  1.93e+10  1.68e+10  1.52e+10  1.36e+10  1.24e+10  1.05e+10  9.41e+09     9e+09  7.34e+09  7.32e+09  6.27e+09  5.89e+09  5.43e+09  4.86e+09  4.24e+09
10       5.04e+10  4.82e+10  4.37e+10  4.03e+10  3.67e+10  3.38e+10  2.92e+10  2.64e+10  2.52e+10  2.09e+10  2.07e+10  1.79e+10  1.67e+10  1.52e+10  1.32e+10  1.11e+10
100      1.09e+11   1.1e+11  1.04e+11  9.77e+10  9.02e+10  8.39e+10  7.38e+10  6.72e+10  6.44e+10  5.43e+10  5.37e+10  4.67e+10  4.36e+10  3.96e+10  3.44e+10   2.9e+10
O-O           ***       ***       ***       ***       ***       ***       ***       ***       ***       ***       ***       ***       ***       ***       ***       ***

W2->W1

P\T           500       600       700       800       900     1e+03   1.1e+03   1.2e+03   1.3e+03   1.4e+03   1.5e+03   1.6e+03   1.7e+03   1.8e+03   1.9e+03     2e+03
0.1     -1.52e-15       ***       ***       ***       ***       ***       ***       ***       ***       ***       ***       ***       ***       ***       ***       ***
1       -1.06e-12  2.02e-13       ***       ***       ***       ***       ***       ***       ***       ***       ***       ***       ***       ***       ***       ***
10       1.38e-15  -4.3e-12 -1.04e-09 -5.54e-08  6.48e-07   7.7e-06  0.000109   0.00295    0.0857      1.68      16.4       121       620  1.85e+03  4.19e+03  7.18e+03
100       7.5e-15 -1.19e-11 -7.91e-09 -3.86e-07   -0.0036  0.000345   0.00453     0.104      2.56      34.2       226  1.11e+03   4.2e+03  1.16e+04  3.15e+04  6.53e+04
O-O       0.00409     0.764      31.7       512  4.43e+03  2.48e+04  1.01e+05  3.25e+05  8.73e+05  2.04e+06  4.24e+06  8.05e+06  1.42e+07  2.35e+07  3.68e+07  5.53e+07

W2->P1

P\T           500       600       700       800       900     1e+03   1.1e+03   1.2e+03   1.3e+03   1.4e+03   1.5e+03   1.6e+03   1.7e+03   1.8e+03   1.9e+03     2e+03
0.1      7.05e+10       ***       ***       ***       ***       ***       ***       ***       ***       ***       ***       ***       ***       ***       ***       ***
1        3.46e+11  9.82e+11       ***       ***       ***       ***       ***       ***       ***       ***       ***       ***       ***       ***       ***       ***
10       1.43e+12  3.12e+12  5.28e+12  6.68e+12  7.95e+12  8.72e+12  9.31e+12  9.59e+12  1.01e+13  1.01e+13   9.7e+12  9.42e+12  9.24e+12  8.62e+12  8.52e+12  8.07e+12
100      4.82e+12  8.83e+12  1.31e+13  1.55e+13  1.75e+13  1.86e+13  1.93e+13  1.94e+13  1.99e+13  1.97e+13  1.88e+13   1.8e+13  1.77e+13  1.63e+13   1.6e+13  1.51e+13
O-O      1.36e+14  1.82e+14  2.14e+14  2.31e+14  2.38e+14  2.37e+14  2.32e+14  2.24e+14  2.14e+14  2.03e+14  1.92e+14  1.81e+14   1.7e+14   1.6e+14  1.51e+14  1.42e+14

P1->W1

P\T           500       600       700       800       900     1e+03   1.1e+03   1.2e+03   1.3e+03   1.4e+03   1.5e+03   1.6e+03   1.7e+03   1.8e+03   1.9e+03     2e+03
0.1      1.59e-28  1.23e-26  2.66e-25  2.74e-24  1.67e-23  7.18e-23  2.19e-22  5.81e-22  1.42e-21  2.58e-21  5.29e-21  8.48e-21  1.41e-20  2.16e-20  3.02e-20  3.88e-20
1        4.46e-28  3.61e-26  7.99e-25  8.36e-24  5.12e-23  2.21e-22  6.83e-22  1.82e-21  4.42e-21  8.12e-21  1.65e-20  2.67e-20  4.44e-20  6.82e-20  9.72e-20   1.3e-19
10       1.05e-27  9.06e-26  2.09e-24  2.23e-23  1.39e-22  6.07e-22   1.9e-21   5.1e-21  1.24e-20  2.32e-20  4.71e-20  7.68e-20  1.27e-19  1.95e-19  2.78e-19  3.74e-19
100      2.28e-27  2.07e-25  4.96e-24   5.4e-23  3.41e-22  1.51e-21  4.81e-21   1.3e-20  3.18e-20  6.05e-20  1.22e-19  2.01e-19  3.31e-19  5.04e-19  7.02e-19  9.13e-19
O-O           ***       ***       ***       ***       ***       ***       ***       ***       ***       ***       ***       ***       ***       ***       ***       ***

P1->W2

P\T           500       600       700       800       900     1e+03   1.1e+03   1.2e+03   1.3e+03   1.4e+03   1.5e+03   1.6e+03   1.7e+03   1.8e+03   1.9e+03     2e+03
0.1      1.11e-13       ***       ***       ***       ***       ***       ***       ***       ***       ***       ***       ***       ***       ***       ***       ***
1        5.82e-13  1.15e-12       ***       ***       ***       ***       ***       ***       ***       ***       ***       ***       ***       ***       ***       ***
10       2.48e-12  4.05e-12  5.81e-12  6.77e-12  7.79e-12  8.54e-12  9.31e-12  9.96e-12  1.09e-11  1.16e-11  1.19e-11  1.23e-11  1.33e-11  1.29e-11  1.37e-11  1.39e-11
100      8.51e-12  1.19e-11  1.53e-11   1.7e-11   1.9e-11  2.04e-11  2.19e-11  2.32e-11  2.51e-11  2.63e-11  2.69e-11  2.77e-11  2.93e-11  2.88e-11  3.02e-11  3.06e-11
O-O      2.41e-10  2.48e-10  2.54e-10   2.6e-10  2.65e-10   2.7e-10  2.74e-10  2.78e-10  2.82e-10  2.86e-10  2.89e-10  2.92e-10  2.95e-10  2.98e-10     3e-10  3.03e-10

W1-> 

P\T           500       600       700       800       900     1e+03   1.1e+03   1.2e+03   1.3e+03   1.4e+03   1.5e+03   1.6e+03   1.7e+03   1.8e+03   1.9e+03     2e+03
0.1      7.66e+09  6.63e+09  5.62e+09  5.02e+09  4.46e+09  4.06e+09  3.42e+09  3.05e+09  2.93e+09  2.36e+09  2.38e+09  2.02e+09   1.9e+09  1.75e+09  1.54e+09  1.29e+09
1        2.13e+10  1.93e+10  1.68e+10  1.52e+10  1.36e+10  1.24e+10  1.05e+10  9.41e+09     9e+09  7.34e+09  7.32e+09  6.27e+09  5.89e+09  5.43e+09  4.86e+09  4.23e+09
10       5.04e+10  4.82e+10  4.37e+10  4.03e+10  3.67e+10  3.38e+10  2.92e+10  2.64e+10  2.52e+10  2.09e+10  2.08e+10   1.8e+10  1.69e+10  1.57e+10  1.41e+10  1.25e+10
100      1.09e+11   1.1e+11  1.04e+11  9.77e+10  9.02e+10  8.39e+10  7.38e+10  6.72e+10  6.44e+10  5.44e+10  5.39e+10  4.72e+10  4.47e+10  4.15e+10  3.78e+10  3.39e+10
O-O      3.46e+11  5.52e+11  7.88e+11  1.04e+12   1.3e+12  1.57e+12  1.83e+12  2.08e+12  2.33e+12  2.57e+12   2.8e+12  3.02e+12  3.24e+12  3.44e+12  3.64e+12  3.83e+12

W2-> 

P\T           500       600       700       800       900     1e+03   1.1e+03   1.2e+03   1.3e+03   1.4e+03   1.5e+03   1.6e+03   1.7e+03   1.8e+03   1.9e+03     2e+03
0.1      7.05e+10       ***       ***       ***       ***       ***       ***       ***       ***       ***       ***       ***       ***       ***       ***       ***
1        3.46e+11  9.82e+11       ***       ***       ***       ***       ***       ***       ***       ***       ***       ***       ***       ***       ***       ***
10       1.43e+12  3.12e+12  5.28e+12  6.68e+12  7.95e+12  8.72e+12  9.31e+12  9.59e+12  1.01e+13  1.01e+13   9.7e+12  9.42e+12  9.24e+12  8.62e+12  8.52e+12  8.07e+12
100      4.82e+12  8.83e+12  1.31e+13  1.55e+13  1.75e+13  1.86e+13  1.93e+13  1.94e+13  1.99e+13  1.97e+13  1.88e+13   1.8e+13  1.77e+13  1.63e+13   1.6e+13  1.51e+13
O-O      1.36e+14  1.82e+14  2.14e+14  2.31e+14  2.38e+14  2.37e+14  2.32e+14  2.24e+14  2.14e+14  2.03e+14  1.92e+14  1.81e+14   1.7e+14   1.6e+14  1.51e+14  1.42e+14

P1-> 

P\T           500       600       700       800       900     1e+03   1.1e+03   1.2e+03   1.3e+03   1.4e+03   1.5e+03   1.6e+03   1.7e+03   1.8e+03   1.9e+03     2e+03
0.1      1.11e-13  -1.7e-23  1.57e-23  5.19e-24  2.27e-24  7.66e-23  2.15e-22  5.94e-22  1.42e-21  2.57e-21  5.29e-21  8.48e-21  1.41e-20  2.16e-20  3.02e-20  3.88e-20
1        5.82e-13  1.15e-12  7.19e-24  1.59e-23  5.95e-23  2.07e-22  6.74e-22  1.84e-21  4.41e-21  8.12e-21  1.65e-20  2.67e-20  4.44e-20  6.82e-20  9.72e-20   1.3e-19
10       2.48e-12  4.05e-12  5.81e-12  6.77e-12  7.79e-12  8.54e-12  9.31e-12  9.96e-12  1.09e-11  1.16e-11  1.19e-11  1.23e-11  1.33e-11  1.29e-11  1.37e-11  1.39e-11
100      8.51e-12  1.19e-11  1.53e-11   1.7e-11   1.9e-11  2.04e-11  2.19e-11  2.32e-11  2.51e-11  2.63e-11  2.69e-11  2.77e-11  2.93e-11  2.88e-11  3.02e-11  3.06e-11
O-O      2.41e-10  2.48e-10  2.54e-10   2.6e-10  2.65e-10   2.7e-10  2.74e-10  2.78e-10  2.82e-10  2.86e-10  2.89e-10  2.92e-10  2.95e-10  2.98e-10     3e-10  3.03e-10

