Wells (G - ground energy, D - dissociation limit, kcal/mol):
                           W         G         D
                    S(2258)z         0       0.4
      FakeW-C3H4O(165)+OH(4)     -30.4     -27.4

Bimolecular Products (G - ground energy, kcal/mol):
                     P         G
      C3H4O(165)+OH(4)     -27.4

Well-to-Bimolecular Barriers (H/G - barrier height/well depth, kcal/mol)
                           B         H                      W         G                P
      FakeB-C3H4O(165)+OH(4)     -27.4 FakeW-C3H4O(165)+OH(4)     -30.4 C3H4O(165)+OH(4)

Well-to-Well Barriers (H/G - barrier height/well depth, kcal/mol):
           B         H                     W1        G1                     W2        G2
      ts_1_2       0.4               S(2258)z         0 FakeW-C3H4O(165)+OH(4)     -30.4

Bound Groups: dissociation barrier (name/ground energy, kcal/mol): wells (name/ground energy, kcal/mol):
     C1/-27.4:  FakeW-C3H4O(165)+OH(4)/-30.4

     B1/0.4:  S(2258)z/0

________________________________________________________________________________________

Names Translation Tables (<short name> - <original name>):
Wells:
   W1 - S(2258)z
   W2 - FakeW-C3H4O(165)+OH(4)
Bimolecular products:
   P1 - C3H4O(165)+OH(4)
Inner Barriers:
   B1 - ts_1_2
Outer Barriers:
   C1 - FakeB-C3H4O(165)+OH(4)
Unimolecular Rate Units: 1/sec;  Bimolecular Rate Units: cm^3/sec

______________________________________________________________________________________

Species-Species Rate Tables:

Temperature = 500 K

High Pressure Rate Coefficients:

From\To         W1        W2        P1
W1             ***  3.26e+12       ***
W2        2.09e-06       ***  5.75e+09
P1             ***   2.5e-10       ***

Temperature = 500 K    Pressure = 0.1 atm

From\To         W1        W2        P1
W1        1.33e+10 -1.25e+07  1.33e+10
W2        3.89e-17  7.93e+08  7.93e+08
P1        3.62e-28  3.44e-11  3.44e-11

Temperature = 500 K    Pressure = 1 atm

From\To         W1        W2        P1
W1        5.86e+10 -2.52e+08  5.88e+10
W2        7.53e-14  1.88e+09  1.88e+09
P1        1.63e-27  8.15e-11  8.15e-11

Temperature = 500 K    Pressure = 10 atm

From\To         W1        W2        P1
W1        2.02e+11  9.28e+09  1.93e+11
W2        7.44e-09  3.77e+09  3.77e+09
P1        5.37e-27  1.64e-10  1.64e-10

Temperature = 500 K    Pressure = 100 atm

From\To         W1        W2        P1
W1         5.4e+11  3.65e+11  1.75e+11
W2        2.35e-07  5.36e+09  5.36e+09
P1        4.88e-27  2.33e-10  2.33e-10

Temperature = 600 K

High Pressure Rate Coefficients:

From\To         W1        W2        P1
W1             ***   3.9e+12       ***
W2         0.00026       ***  6.44e+09
P1             ***  2.58e-10       ***

Temperature = 600 K    Pressure = 0.1 atm

From\To         W1        W2        P1
W1        1.19e+10 -9.79e+06  1.19e+10
W2        3.24e-14  1.04e+09  1.04e+09
P1        3.09e-26  4.16e-11  4.16e-11

Temperature = 600 K    Pressure = 1 atm

From\To         W1        W2        P1
W1         5.1e+10 -1.85e+08  5.11e+10
W2        4.21e-10  2.25e+09  2.25e+09
P1        1.35e-25  8.99e-11  8.99e-11

Temperature = 600 K    Pressure = 10 atm

From\To         W1        W2        P1
W1        1.75e+11  9.76e+09  1.65e+11
W2        7.66e-07  4.19e+09  4.19e+09
P1        4.38e-25  1.67e-10  1.67e-10

Temperature = 600 K    Pressure = 100 atm

From\To         W1        W2        P1
W1        4.76e+11   3.2e+11  1.56e+11
W2        2.14e-05  5.95e+09  5.95e+09
P1        4.14e-25  2.38e-10  2.38e-10

Temperature = 700 K

High Pressure Rate Coefficients:

From\To         W1        W2        P1
W1             ***  4.46e+12       ***
W2         0.00801       ***  6.61e+09
P1             ***  2.64e-10       ***

Temperature = 700 K    Pressure = 0.1 atm

From\To         W1        W2        P1
W1        9.89e+09 -6.92e+06   9.9e+09
W2        5.83e-11  1.14e+09  1.14e+09
P1        6.94e-25  4.56e-11  4.56e-11

Temperature = 700 K    Pressure = 1 atm

From\To         W1        W2        P1
W1        4.18e+10 -1.19e+08  4.19e+10
W2        2.72e-08  2.36e+09  2.36e+09
P1        2.98e-24  9.42e-11  9.42e-11

Temperature = 700 K    Pressure = 10 atm

From\To         W1        W2        P1
W1        1.43e+11  1.01e+10  1.33e+11
W2        2.03e-05  4.23e+09  4.23e+09
P1        9.54e-24  1.69e-10  1.69e-10

Temperature = 700 K    Pressure = 100 atm

From\To         W1        W2        P1
W1        3.99e+11   2.7e+11  1.29e+11
W2        0.000486  6.06e+09  6.06e+09
P1        9.25e-24  2.42e-10  2.42e-10

Temperature = 800 K

High Pressure Rate Coefficients:

From\To         W1        W2        P1
W1             ***  4.96e+12       ***
W2           0.104       ***  6.46e+09
P1             ***   2.7e-10       ***

Temperature = 800 K    Pressure = 0.1 atm

From\To         W1        W2        P1
W1        8.12e+09 -4.76e+06  8.12e+09
W2        2.49e-09  1.23e+09  1.23e+09
P1        6.97e-24  5.12e-11  5.12e-11

Temperature = 800 K    Pressure = 1 atm

From\To         W1        W2        P1
W1        3.38e+10 -5.95e+07  3.39e+10
W2        7.28e-07  2.42e+09  2.42e+09
P1        2.95e-23  1.01e-10  1.01e-10

Temperature = 800 K    Pressure = 10 atm

From\To         W1        W2        P1
W1        1.16e+11   1.1e+10  1.06e+11
W2        0.000248  4.17e+09  4.17e+09
P1        9.23e-23  1.75e-10  1.75e-10

Temperature = 800 K    Pressure = 100 atm

From\To         W1        W2        P1
W1        3.31e+11  2.29e+11  1.02e+11
W2         0.00482  5.91e+09  5.91e+09
P1        8.95e-23  2.47e-10  2.47e-10

Temperature = 900 K

High Pressure Rate Coefficients:

From\To         W1        W2        P1
W1             ***  5.39e+12       ***
W2           0.758       ***  6.14e+09
P1             ***  2.76e-10       ***

Temperature = 900 K    Pressure = 0.1 atm

From\To         W1        W2        P1
W1        6.84e+09 -3.27e+06  6.84e+09
W2        5.41e-08  1.29e+09  1.29e+09
P1        4.23e-23   5.8e-11   5.8e-11

Temperature = 900 K    Pressure = 1 atm

From\To         W1        W2        P1
W1        2.81e+10  7.47e+06  2.81e+10
W2         1.1e-05  2.44e+09  2.44e+09
P1        1.76e-22  1.09e-10  1.09e-10

Temperature = 900 K    Pressure = 10 atm

From\To         W1        W2        P1
W1        9.68e+10  1.24e+10  8.44e+10
W2         0.00184  4.04e+09  4.04e+09
P1        5.32e-22  1.82e-10  1.82e-10

Temperature = 900 K    Pressure = 100 atm

From\To         W1        W2        P1
W1         2.8e+11     2e+11  7.98e+10
W2          0.0282  5.63e+09  5.63e+09
P1        5.04e-22  2.53e-10  2.53e-10

Temperature = 1e+03 K

High Pressure Rate Coefficients:

From\To         W1        W2        P1
W1             ***  5.77e+12       ***
W2            3.71       ***  5.75e+09
P1             ***  2.81e-10       ***

Temperature = 1e+03 K    Pressure = 0.1 atm

From\To         W1        W2        P1
W1        6.09e+09 -3.02e+06   6.1e+09
W2         7.9e-08   1.3e+09   1.3e+09
P1        1.87e-22  6.32e-11  6.32e-11

Temperature = 1e+03 K    Pressure = 1 atm

From\To         W1        W2        P1
W1        2.46e+10  1.04e+08  2.45e+10
W2        0.000104  2.37e+09  2.37e+09
P1        7.62e-22  1.16e-10  1.16e-10

Temperature = 1e+03 K    Pressure = 10 atm

From\To         W1        W2        P1
W1        8.45e+10  1.44e+10     7e+10
W2         0.00958  3.83e+09  3.83e+09
P1        2.19e-21  1.87e-10  1.87e-10

Temperature = 1e+03 K    Pressure = 100 atm

From\To         W1        W2        P1
W1        2.46e+11  1.81e+11  6.42e+10
W2           0.117  5.27e+09  5.27e+09
P1        2.01e-21  2.57e-10  2.57e-10

Temperature = 1.1e+03 K

High Pressure Rate Coefficients:

From\To         W1        W2        P1
W1             ***  6.11e+12       ***
W2            13.6       ***  5.33e+09
P1             ***  2.85e-10       ***

Temperature = 1.1e+03 K    Pressure = 0.1 atm

From\To         W1        W2        P1
W1        5.05e+09  -2.1e+06  5.05e+09
W2        6.02e-07  1.29e+09  1.29e+09
P1        5.86e-22  6.86e-11  6.86e-11

Temperature = 1.1e+03 K    Pressure = 1 atm

From\To         W1        W2        P1
W1        2.03e+10  2.69e+08     2e+10
W2        0.000694  2.28e+09  2.28e+09
P1        2.36e-21  1.22e-10  1.22e-10

Temperature = 1.1e+03 K    Pressure = 10 atm

From\To         W1        W2        P1
W1        7.01e+10  1.61e+10   5.4e+10
W2          0.0364   3.6e+09   3.6e+09
P1        6.39e-21  1.93e-10  1.93e-10

Temperature = 1.1e+03 K    Pressure = 100 atm

From\To         W1        W2        P1
W1        2.07e+11  1.59e+11  4.81e+10
W2           0.353  4.89e+09  4.89e+09
P1         5.7e-21  2.62e-10  2.62e-10

Temperature = 1.2e+03 K

High Pressure Rate Coefficients:

From\To         W1        W2        P1
W1             ***  6.42e+12       ***
W2            39.9       ***  4.92e+09
P1             ***  2.89e-10       ***

Temperature = 1.2e+03 K    Pressure = 0.1 atm

From\To         W1        W2        P1
W1        4.59e+09  4.18e+06  4.58e+09
W2        3.97e-05  1.18e+09  1.18e+09
P1        1.64e-21  6.95e-11  6.95e-11

Temperature = 1.2e+03 K    Pressure = 1 atm

From\To         W1        W2        P1
W1        1.82e+10  5.08e+08  1.77e+10
W2          0.0034  2.09e+09  2.09e+09
P1        6.42e-21  1.23e-10  1.23e-10

Temperature = 1.2e+03 K    Pressure = 10 atm

From\To         W1        W2        P1
W1        6.27e+10  1.79e+10  4.48e+10
W2           0.113  3.29e+09  3.29e+09
P1        1.63e-20  1.94e-10  1.94e-10

Temperature = 1.2e+03 K    Pressure = 100 atm

From\To         W1        W2        P1
W1        1.86e+11  1.47e+11  3.93e+10
W2           0.912   4.5e+09   4.5e+09
P1        1.44e-20  2.65e-10  2.65e-10

Temperature = 1.3e+03 K

High Pressure Rate Coefficients:

From\To         W1        W2        P1
W1             ***   6.7e+12       ***
W2            99.3       ***  4.52e+09
P1             ***  2.93e-10       ***

Temperature = 1.3e+03 K    Pressure = 0.1 atm

From\To         W1        W2        P1
W1        3.97e+09  2.92e+07  3.94e+09
W2        0.000475  1.18e+09  1.18e+09
P1        3.69e-21  7.59e-11  7.59e-11

Temperature = 1.3e+03 K    Pressure = 1 atm

From\To         W1        W2        P1
W1        1.57e+10  1.22e+09  1.45e+10
W2          0.0185  2.02e+09  2.02e+09
P1        1.38e-20  1.31e-10  1.31e-10

Temperature = 1.3e+03 K    Pressure = 10 atm

From\To         W1        W2        P1
W1        5.42e+10   2.1e+10  3.32e+10
W2           0.314   3.1e+09   3.1e+09
P1        3.18e-20  2.01e-10  2.01e-10

Temperature = 1.3e+03 K    Pressure = 100 atm

From\To         W1        W2        P1
W1        1.62e+11  1.34e+11  2.84e+10
W2            1.98  4.16e+09  4.16e+09
P1        2.72e-20  2.69e-10  2.69e-10

Temperature = 1.4e+03 K

High Pressure Rate Coefficients:

From\To         W1        W2        P1
W1             ***  6.96e+12       ***
W2             217       ***  4.16e+09
P1             ***  2.97e-10       ***

Temperature = 1.4e+03 K    Pressure = 0.1 atm

From\To         W1        W2        P1
W1        3.84e+09  1.06e+08  3.74e+09
W2         0.00346  1.08e+09  1.08e+09
P1        8.11e-21  7.66e-11  7.66e-11

Temperature = 1.4e+03 K    Pressure = 1 atm

From\To         W1        W2        P1
W1         1.5e+10  2.37e+09  1.26e+10
W2          0.0748  1.84e+09  1.84e+09
P1        2.78e-20  1.31e-10  1.31e-10

Temperature = 1.4e+03 K    Pressure = 10 atm

From\To         W1        W2        P1
W1        5.13e+10  2.44e+10   2.7e+10
W2           0.763  2.83e+09  2.83e+09
P1        5.98e-20  2.02e-10  2.02e-10

Temperature = 1.4e+03 K    Pressure = 100 atm

From\To         W1        W2        P1
W1        1.53e+11   1.3e+11  2.33e+10
W2            4.05  3.81e+09  3.81e+09
P1        5.18e-20  2.72e-10  2.72e-10

Temperature = 1.5e+03 K

High Pressure Rate Coefficients:

From\To         W1        W2        P1
W1             ***   7.2e+12       ***
W2             427       ***  3.82e+09
P1             ***     3e-10       ***

Temperature = 1.5e+03 K    Pressure = 0.1 atm

From\To         W1        W2        P1
W1         3.6e+09  3.56e+08  3.24e+09
W2          0.0217  1.05e+09  1.05e+09
P1        1.47e-20   8.2e-11   8.2e-11

Temperature = 1.5e+03 K    Pressure = 1 atm

From\To         W1        W2        P1
W1        1.39e+10  4.54e+09  9.36e+09
W2           0.271  1.75e+09  1.75e+09
P1        4.31e-20  1.38e-10  1.38e-10

Temperature = 1.5e+03 K    Pressure = 10 atm

From\To         W1        W2        P1
W1        4.75e+10  2.91e+10  1.83e+10
W2            1.73  2.65e+09  2.65e+09
P1         8.5e-20  2.08e-10  2.08e-10

Temperature = 1.5e+03 K    Pressure = 100 atm

From\To         W1        W2        P1
W1        1.42e+11  1.25e+11  1.66e+10
W2            7.42  3.51e+09  3.51e+09
P1        7.69e-20  2.76e-10  2.76e-10

Temperature = 1.6e+03 K

High Pressure Rate Coefficients:

From\To         W1        W2        P1
W1             ***  7.43e+12       ***
W2             771       ***  3.52e+09
P1             ***  3.03e-10       ***

Temperature = 1.6e+03 K    Pressure = 0.1 atm

From\To         W1        W2        P1
W1        3.26e+09  7.09e+08  2.55e+09
W2          0.0747  9.84e+08  9.84e+08
P1        2.23e-20  8.46e-11  8.46e-11

Temperature = 1.6e+03 K    Pressure = 1 atm

From\To         W1        W2        P1
W1        1.26e+10  6.23e+09  6.34e+09
W2           0.648  1.63e+09  1.63e+09
P1        5.62e-20  1.41e-10  1.41e-10

Temperature = 1.6e+03 K    Pressure = 10 atm

From\To         W1        W2        P1
W1        4.29e+10  3.13e+10  1.16e+10
W2            3.26  2.45e+09  2.45e+09
P1        1.03e-19  2.11e-10  2.11e-10

Temperature = 1.6e+03 K    Pressure = 100 atm

From\To         W1        W2        P1
W1        1.29e+11  1.17e+11  1.13e+10
W2            12.2  3.23e+09  3.23e+09
P1        1.01e-19  2.79e-10  2.79e-10

Temperature = 1.7e+03 K

High Pressure Rate Coefficients:

From\To         W1        W2        P1
W1             ***  7.64e+12       ***
W2         1.3e+03       ***  3.24e+09
P1             ***  3.06e-10       ***

Temperature = 1.7e+03 K    Pressure = 0.1 atm

From\To         W1        W2        P1
W1        2.86e+09  1.09e+09  1.77e+09
W2           0.187  9.37e+08  9.37e+08
P1        2.79e-20  8.84e-11  8.84e-11

Temperature = 1.7e+03 K    Pressure = 1 atm

From\To         W1        W2        P1
W1        1.11e+10  7.24e+09  3.81e+09
W2            1.23  1.54e+09  1.54e+09
P1        6.08e-20  1.45e-10  1.45e-10

Temperature = 1.7e+03 K    Pressure = 10 atm

From\To         W1        W2        P1
W1         3.8e+10  3.15e+10  6.46e+09
W2            5.36  2.28e+09  2.28e+09
P1        1.04e-19  2.16e-10  2.16e-10

Temperature = 1.7e+03 K    Pressure = 100 atm

From\To         W1        W2        P1
W1        1.15e+11  1.08e+11  6.93e+09
W2            18.3  2.99e+09  2.99e+09
P1        1.11e-19  2.82e-10  2.82e-10

Temperature = 1.8e+03 K

High Pressure Rate Coefficients:

From\To         W1        W2        P1
W1             ***  7.84e+12       ***
W2        2.06e+03       ***  2.99e+09
P1             ***  3.09e-10       ***

Temperature = 1.8e+03 K    Pressure = 0.1 atm

From\To         W1        W2        P1
W1        2.48e+09  1.29e+09  1.19e+09
W2           0.341  8.55e+08  8.55e+08
P1        3.19e-20  8.82e-11  8.82e-11

Temperature = 1.8e+03 K    Pressure = 1 atm

From\To         W1        W2        P1
W1        9.59e+09  7.24e+09  2.34e+09
W2            1.91   1.4e+09   1.4e+09
P1        6.33e-20  1.45e-10  1.45e-10

Temperature = 1.8e+03 K    Pressure = 10 atm

From\To         W1        W2        P1
W1        3.31e+10  2.93e+10   3.8e+09
W2             7.7  2.09e+09  2.09e+09
P1        1.03e-19  2.16e-10  2.16e-10

Temperature = 1.8e+03 K    Pressure = 100 atm

From\To         W1        W2        P1
W1        1.01e+11  9.66e+10  4.36e+09
W2            25.4  2.75e+09  2.75e+09
P1        1.19e-19  2.84e-10  2.84e-10

Temperature = 1.9e+03 K

High Pressure Rate Coefficients:

From\To         W1        W2        P1
W1             ***  8.04e+12       ***
W2        3.12e+03       ***  2.76e+09
P1             ***  3.12e-10       ***

Temperature = 1.9e+03 K    Pressure = 0.1 atm

From\To         W1        W2        P1
W1        2.46e+09  1.63e+09  8.33e+08
W2           0.635  8.22e+08  8.22e+08
P1        3.61e-20  9.26e-11  9.26e-11

Temperature = 1.9e+03 K    Pressure = 1 atm

From\To         W1        W2        P1
W1        9.42e+09  7.93e+09  1.49e+09
W2            3.08  1.33e+09  1.33e+09
P1        6.52e-20   1.5e-10   1.5e-10

Temperature = 1.9e+03 K    Pressure = 10 atm

From\To         W1        W2        P1
W1        3.23e+10     3e+10  2.29e+09
W2            11.7  1.96e+09  1.96e+09
P1           1e-19  2.21e-10  2.21e-10

Temperature = 1.9e+03 K    Pressure = 100 atm

From\To         W1        W2        P1
W1        9.82e+10  9.55e+10   2.7e+09
W2            37.1  2.54e+09  2.54e+09
P1        1.18e-19  2.87e-10  2.87e-10

Temperature = 2e+03 K

High Pressure Rate Coefficients:

From\To         W1        W2        P1
W1             ***  8.22e+12       ***
W2        4.53e+03       ***  2.56e+09
P1             ***  3.15e-10       ***

Temperature = 2e+03 K    Pressure = 0.1 atm

From\To         W1        W2        P1
W1        2.04e+09  1.56e+09   4.8e+08
W2            0.86  7.63e+08  7.63e+08
P1        3.24e-20  9.36e-11  9.36e-11

Temperature = 2e+03 K    Pressure = 1 atm

From\To         W1        W2        P1
W1        7.87e+09  7.04e+09  8.24e+08
W2            3.88  1.23e+09  1.23e+09
P1        5.58e-20  1.51e-10  1.51e-10

Temperature = 2e+03 K    Pressure = 10 atm

From\To         W1        W2        P1
W1        2.73e+10   2.6e+10  1.24e+09
W2            14.4  1.81e+09  1.81e+09
P1        8.38e-20  2.23e-10  2.23e-10

Temperature = 2e+03 K    Pressure = 100 atm

From\To         W1        W2        P1
W1        8.41e+10  8.26e+10  1.51e+09
W2            45.5  2.35e+09  2.35e+09
P1        1.02e-19   2.9e-10   2.9e-10

______________________________________________________________________________________

High Pressure Rate Coefficients (Temperature-Species Rate Tables):

Reactant = W1
   T(K)        W1        W2        P1
    500       ***  3.26e+12       ***
    600       ***   3.9e+12       ***
    700       ***  4.46e+12       ***
    800       ***  4.96e+12       ***
    900       ***  5.39e+12       ***
  1e+03       ***  5.77e+12       ***
1.1e+03       ***  6.11e+12       ***
1.2e+03       ***  6.42e+12       ***
1.3e+03       ***   6.7e+12       ***
1.4e+03       ***  6.96e+12       ***
1.5e+03       ***   7.2e+12       ***
1.6e+03       ***  7.43e+12       ***
1.7e+03       ***  7.64e+12       ***
1.8e+03       ***  7.84e+12       ***
1.9e+03       ***  8.04e+12       ***
  2e+03       ***  8.22e+12       ***

Reactant = W2
   T(K)        W1        W2        P1
    500  2.09e-06       ***  5.75e+09
    600   0.00026       ***  6.44e+09
    700   0.00801       ***  6.61e+09
    800     0.104       ***  6.46e+09
    900     0.758       ***  6.14e+09
  1e+03      3.71       ***  5.75e+09
1.1e+03      13.6       ***  5.33e+09
1.2e+03      39.9       ***  4.92e+09
1.3e+03      99.3       ***  4.52e+09
1.4e+03       217       ***  4.16e+09
1.5e+03       427       ***  3.82e+09
1.6e+03       771       ***  3.52e+09
1.7e+03   1.3e+03       ***  3.24e+09
1.8e+03  2.06e+03       ***  2.99e+09
1.9e+03  3.12e+03       ***  2.76e+09
  2e+03  4.53e+03       ***  2.56e+09

Reactant = P1
   T(K)        W1        W2        P1
    500       ***   2.5e-10       ***
    600       ***  2.58e-10       ***
    700       ***  2.64e-10       ***
    800       ***   2.7e-10       ***
    900       ***  2.76e-10       ***
  1e+03       ***  2.81e-10       ***
1.1e+03       ***  2.85e-10       ***
1.2e+03       ***  2.89e-10       ***
1.3e+03       ***  2.93e-10       ***
1.4e+03       ***  2.97e-10       ***
1.5e+03       ***     3e-10       ***
1.6e+03       ***  3.03e-10       ***
1.7e+03       ***  3.06e-10       ***
1.8e+03       ***  3.09e-10       ***
1.9e+03       ***  3.12e-10       ***
  2e+03       ***  3.15e-10       ***

Capture/Escape Rate Coefficients:

   T(K)        W1        W2        P1
    500  3.26e+12  5.75e+09   2.5e-10
    600   3.9e+12  6.44e+09  2.58e-10
    700  4.46e+12  6.61e+09  2.64e-10
    800  4.96e+12  6.46e+09   2.7e-10
    900  5.39e+12  6.14e+09  2.76e-10
  1e+03  5.77e+12  5.75e+09  2.81e-10
1.1e+03  6.11e+12  5.33e+09  2.85e-10
1.2e+03  6.42e+12  4.92e+09  2.89e-10
1.3e+03   6.7e+12  4.52e+09  2.93e-10
1.4e+03  6.96e+12  4.16e+09  2.97e-10
1.5e+03   7.2e+12  3.82e+09     3e-10
1.6e+03  7.43e+12  3.52e+09  3.03e-10
1.7e+03  7.64e+12  3.24e+09  3.06e-10
1.8e+03  7.84e+12  2.99e+09  3.09e-10
1.9e+03  8.04e+12  2.76e+09  3.12e-10
  2e+03  8.22e+12  2.56e+09  3.15e-10

______________________________________________________________________________________

Pressure-Species Rate Tables:

Reactant = W1   Temperature = 500 K

   P(atm)        W2        P1      Loss
      0.1 -1.25e+07  1.33e+10  1.33e+10
        1 -2.52e+08  5.88e+10  5.86e+10
       10  9.28e+09  1.93e+11  2.02e+11
      100  3.65e+11  1.75e+11   5.4e+11
      O-O  3.26e+12       ***  3.26e+12

Reactant = W1   Temperature = 600 K

   P(atm)        W2        P1      Loss
      0.1 -9.79e+06  1.19e+10  1.19e+10
        1 -1.85e+08  5.11e+10   5.1e+10
       10  9.76e+09  1.65e+11  1.75e+11
      100   3.2e+11  1.56e+11  4.76e+11
      O-O   3.9e+12       ***   3.9e+12

Reactant = W1   Temperature = 700 K

   P(atm)        W2        P1      Loss
      0.1 -6.92e+06   9.9e+09  9.89e+09
        1 -1.19e+08  4.19e+10  4.18e+10
       10  1.01e+10  1.33e+11  1.43e+11
      100   2.7e+11  1.29e+11  3.99e+11
      O-O  4.46e+12       ***  4.46e+12

Reactant = W1   Temperature = 800 K

   P(atm)        W2        P1      Loss
      0.1 -4.76e+06  8.12e+09  8.12e+09
        1 -5.95e+07  3.39e+10  3.38e+10
       10   1.1e+10  1.06e+11  1.16e+11
      100  2.29e+11  1.02e+11  3.31e+11
      O-O  4.96e+12       ***  4.96e+12

Reactant = W1   Temperature = 900 K

   P(atm)        W2        P1      Loss
      0.1 -3.27e+06  6.84e+09  6.84e+09
        1  7.47e+06  2.81e+10  2.81e+10
       10  1.24e+10  8.44e+10  9.68e+10
      100     2e+11  7.98e+10   2.8e+11
      O-O  5.39e+12       ***  5.39e+12

Reactant = W1   Temperature = 1e+03 K

   P(atm)        W2        P1      Loss
      0.1 -3.02e+06   6.1e+09  6.09e+09
        1  1.04e+08  2.45e+10  2.46e+10
       10  1.44e+10     7e+10  8.45e+10
      100  1.81e+11  6.42e+10  2.46e+11
      O-O  5.77e+12       ***  5.77e+12

Reactant = W1   Temperature = 1.1e+03 K

   P(atm)        W2        P1      Loss
      0.1  -2.1e+06  5.05e+09  5.05e+09
        1  2.69e+08     2e+10  2.03e+10
       10  1.61e+10   5.4e+10  7.01e+10
      100  1.59e+11  4.81e+10  2.07e+11
      O-O  6.11e+12       ***  6.11e+12

Reactant = W1   Temperature = 1.2e+03 K

   P(atm)        W2        P1      Loss
      0.1  4.18e+06  4.58e+09  4.59e+09
        1  5.08e+08  1.77e+10  1.82e+10
       10  1.79e+10  4.48e+10  6.27e+10
      100  1.47e+11  3.93e+10  1.86e+11
      O-O  6.42e+12       ***  6.42e+12

Reactant = W1   Temperature = 1.3e+03 K

   P(atm)        W2        P1      Loss
      0.1  2.92e+07  3.94e+09  3.97e+09
        1  1.22e+09  1.45e+10  1.57e+10
       10   2.1e+10  3.32e+10  5.42e+10
      100  1.34e+11  2.84e+10  1.62e+11
      O-O   6.7e+12       ***   6.7e+12

Reactant = W1   Temperature = 1.4e+03 K

   P(atm)        W2        P1      Loss
      0.1  1.06e+08  3.74e+09  3.84e+09
        1  2.37e+09  1.26e+10   1.5e+10
       10  2.44e+10   2.7e+10  5.13e+10
      100   1.3e+11  2.33e+10  1.53e+11
      O-O  6.96e+12       ***  6.96e+12

Reactant = W1   Temperature = 1.5e+03 K

   P(atm)        W2        P1      Loss
      0.1  3.56e+08  3.24e+09   3.6e+09
        1  4.54e+09  9.36e+09  1.39e+10
       10  2.91e+10  1.83e+10  4.75e+10
      100  1.25e+11  1.66e+10  1.42e+11
      O-O   7.2e+12       ***   7.2e+12

Reactant = W1   Temperature = 1.6e+03 K

   P(atm)        W2        P1      Loss
      0.1  7.09e+08  2.55e+09  3.26e+09
        1  6.23e+09  6.34e+09  1.26e+10
       10  3.13e+10  1.16e+10  4.29e+10
      100  1.17e+11  1.13e+10  1.29e+11
      O-O  7.43e+12       ***  7.43e+12

Reactant = W1   Temperature = 1.7e+03 K

   P(atm)        W2        P1      Loss
      0.1  1.09e+09  1.77e+09  2.86e+09
        1  7.24e+09  3.81e+09  1.11e+10
       10  3.15e+10  6.46e+09   3.8e+10
      100  1.08e+11  6.93e+09  1.15e+11
      O-O  7.64e+12       ***  7.64e+12

Reactant = W1   Temperature = 1.8e+03 K

   P(atm)        W2        P1      Loss
      0.1  1.29e+09  1.19e+09  2.48e+09
        1  7.24e+09  2.34e+09  9.59e+09
       10  2.93e+10   3.8e+09  3.31e+10
      100  9.66e+10  4.36e+09  1.01e+11
      O-O  7.84e+12       ***  7.84e+12

Reactant = W1   Temperature = 1.9e+03 K

   P(atm)        W2        P1      Loss
      0.1  1.63e+09  8.33e+08  2.46e+09
        1  7.93e+09  1.49e+09  9.42e+09
       10     3e+10  2.29e+09  3.23e+10
      100  9.55e+10   2.7e+09  9.82e+10
      O-O  8.04e+12       ***  8.04e+12

Reactant = W1   Temperature = 2e+03 K

   P(atm)        W2        P1      Loss
      0.1  1.56e+09   4.8e+08  2.04e+09
        1  7.04e+09  8.24e+08  7.87e+09
       10   2.6e+10  1.24e+09  2.73e+10
      100  8.26e+10  1.51e+09  8.41e+10
      O-O  8.22e+12       ***  8.22e+12

Reactant = W2   Temperature = 500 K

   P(atm)        W1        P1      Loss
      0.1  3.89e-17  7.93e+08  7.93e+08
        1  7.53e-14  1.88e+09  1.88e+09
       10  7.44e-09  3.77e+09  3.77e+09
      100  2.35e-07  5.36e+09  5.36e+09
      O-O  2.09e-06  5.75e+09  5.75e+09

Reactant = W2   Temperature = 600 K

   P(atm)        W1        P1      Loss
      0.1  3.24e-14  1.04e+09  1.04e+09
        1  4.21e-10  2.25e+09  2.25e+09
       10  7.66e-07  4.19e+09  4.19e+09
      100  2.14e-05  5.95e+09  5.95e+09
      O-O   0.00026  6.44e+09  6.44e+09

Reactant = W2   Temperature = 700 K

   P(atm)        W1        P1      Loss
      0.1  5.83e-11  1.14e+09  1.14e+09
        1  2.72e-08  2.36e+09  2.36e+09
       10  2.03e-05  4.23e+09  4.23e+09
      100  0.000486  6.06e+09  6.06e+09
      O-O   0.00801  6.61e+09  6.61e+09

Reactant = W2   Temperature = 800 K

   P(atm)        W1        P1      Loss
      0.1  2.49e-09  1.23e+09  1.23e+09
        1  7.28e-07  2.42e+09  2.42e+09
       10  0.000248  4.17e+09  4.17e+09
      100   0.00482  5.91e+09  5.91e+09
      O-O     0.104  6.46e+09  6.46e+09

Reactant = W2   Temperature = 900 K

   P(atm)        W1        P1      Loss
      0.1  5.41e-08  1.29e+09  1.29e+09
        1   1.1e-05  2.44e+09  2.44e+09
       10   0.00184  4.04e+09  4.04e+09
      100    0.0282  5.63e+09  5.63e+09
      O-O     0.758  6.14e+09  6.14e+09

Reactant = W2   Temperature = 1e+03 K

   P(atm)        W1        P1      Loss
      0.1   7.9e-08   1.3e+09   1.3e+09
        1  0.000104  2.37e+09  2.37e+09
       10   0.00958  3.83e+09  3.83e+09
      100     0.117  5.27e+09  5.27e+09
      O-O      3.71  5.75e+09  5.75e+09

Reactant = W2   Temperature = 1.1e+03 K

   P(atm)        W1        P1      Loss
      0.1  6.02e-07  1.29e+09  1.29e+09
        1  0.000694  2.28e+09  2.28e+09
       10    0.0364   3.6e+09   3.6e+09
      100     0.353  4.89e+09  4.89e+09
      O-O      13.6  5.33e+09  5.33e+09

Reactant = W2   Temperature = 1.2e+03 K

   P(atm)        W1        P1      Loss
      0.1  3.97e-05  1.18e+09  1.18e+09
        1    0.0034  2.09e+09  2.09e+09
       10     0.113  3.29e+09  3.29e+09
      100     0.912   4.5e+09   4.5e+09
      O-O      39.9  4.92e+09  4.92e+09

Reactant = W2   Temperature = 1.3e+03 K

   P(atm)        W1        P1      Loss
      0.1  0.000475  1.18e+09  1.18e+09
        1    0.0185  2.02e+09  2.02e+09
       10     0.314   3.1e+09   3.1e+09
      100      1.98  4.16e+09  4.16e+09
      O-O      99.3  4.52e+09  4.52e+09

Reactant = W2   Temperature = 1.4e+03 K

   P(atm)        W1        P1      Loss
      0.1   0.00346  1.08e+09  1.08e+09
        1    0.0748  1.84e+09  1.84e+09
       10     0.763  2.83e+09  2.83e+09
      100      4.05  3.81e+09  3.81e+09
      O-O       217  4.16e+09  4.16e+09

Reactant = W2   Temperature = 1.5e+03 K

   P(atm)        W1        P1      Loss
      0.1    0.0217  1.05e+09  1.05e+09
        1     0.271  1.75e+09  1.75e+09
       10      1.73  2.65e+09  2.65e+09
      100      7.42  3.51e+09  3.51e+09
      O-O       427  3.82e+09  3.82e+09

Reactant = W2   Temperature = 1.6e+03 K

   P(atm)        W1        P1      Loss
      0.1    0.0747  9.84e+08  9.84e+08
        1     0.648  1.63e+09  1.63e+09
       10      3.26  2.45e+09  2.45e+09
      100      12.2  3.23e+09  3.23e+09
      O-O       771  3.52e+09  3.52e+09

Reactant = W2   Temperature = 1.7e+03 K

   P(atm)        W1        P1      Loss
      0.1     0.187  9.37e+08  9.37e+08
        1      1.23  1.54e+09  1.54e+09
       10      5.36  2.28e+09  2.28e+09
      100      18.3  2.99e+09  2.99e+09
      O-O   1.3e+03  3.24e+09  3.24e+09

Reactant = W2   Temperature = 1.8e+03 K

   P(atm)        W1        P1      Loss
      0.1     0.341  8.55e+08  8.55e+08
        1      1.91   1.4e+09   1.4e+09
       10       7.7  2.09e+09  2.09e+09
      100      25.4  2.75e+09  2.75e+09
      O-O  2.06e+03  2.99e+09  2.99e+09

Reactant = W2   Temperature = 1.9e+03 K

   P(atm)        W1        P1      Loss
      0.1     0.635  8.22e+08  8.22e+08
        1      3.08  1.33e+09  1.33e+09
       10      11.7  1.96e+09  1.96e+09
      100      37.1  2.54e+09  2.54e+09
      O-O  3.12e+03  2.76e+09  2.76e+09

Reactant = W2   Temperature = 2e+03 K

   P(atm)        W1        P1      Loss
      0.1      0.86  7.63e+08  7.63e+08
        1      3.88  1.23e+09  1.23e+09
       10      14.4  1.81e+09  1.81e+09
      100      45.5  2.35e+09  2.35e+09
      O-O  4.53e+03  2.56e+09  2.56e+09

Reactant = P1   Temperature = 500 K

   P(atm)        W1        W2      Loss
      0.1  3.62e-28  3.44e-11  3.44e-11
        1  1.63e-27  8.15e-11  8.15e-11
       10  5.37e-27  1.64e-10  1.64e-10
      100  4.88e-27  2.33e-10  2.33e-10
      O-O       ***   2.5e-10   2.5e-10

Reactant = P1   Temperature = 600 K

   P(atm)        W1        W2      Loss
      0.1  3.09e-26  4.16e-11  4.16e-11
        1  1.35e-25  8.99e-11  8.99e-11
       10  4.38e-25  1.67e-10  1.67e-10
      100  4.14e-25  2.38e-10  2.38e-10
      O-O       ***  2.58e-10  2.58e-10

Reactant = P1   Temperature = 700 K

   P(atm)        W1        W2      Loss
      0.1  6.94e-25  4.56e-11  4.56e-11
        1  2.98e-24  9.42e-11  9.42e-11
       10  9.54e-24  1.69e-10  1.69e-10
      100  9.25e-24  2.42e-10  2.42e-10
      O-O       ***  2.64e-10  2.64e-10

Reactant = P1   Temperature = 800 K

   P(atm)        W1        W2      Loss
      0.1  6.97e-24  5.12e-11  5.12e-11
        1  2.95e-23  1.01e-10  1.01e-10
       10  9.23e-23  1.75e-10  1.75e-10
      100  8.95e-23  2.47e-10  2.47e-10
      O-O       ***   2.7e-10   2.7e-10

Reactant = P1   Temperature = 900 K

   P(atm)        W1        W2      Loss
      0.1  4.23e-23   5.8e-11   5.8e-11
        1  1.76e-22  1.09e-10  1.09e-10
       10  5.32e-22  1.82e-10  1.82e-10
      100  5.04e-22  2.53e-10  2.53e-10
      O-O       ***  2.76e-10  2.76e-10

Reactant = P1   Temperature = 1e+03 K

   P(atm)        W1        W2      Loss
      0.1  1.87e-22  6.32e-11  6.32e-11
        1  7.62e-22  1.16e-10  1.16e-10
       10  2.19e-21  1.87e-10  1.87e-10
      100  2.01e-21  2.57e-10  2.57e-10
      O-O       ***  2.81e-10  2.81e-10

Reactant = P1   Temperature = 1.1e+03 K

   P(atm)        W1        W2      Loss
      0.1  5.86e-22  6.86e-11  6.86e-11
        1  2.36e-21  1.22e-10  1.22e-10
       10  6.39e-21  1.93e-10  1.93e-10
      100   5.7e-21  2.62e-10  2.62e-10
      O-O       ***  2.85e-10  2.85e-10

Reactant = P1   Temperature = 1.2e+03 K

   P(atm)        W1        W2      Loss
      0.1  1.64e-21  6.95e-11  6.95e-11
        1  6.42e-21  1.23e-10  1.23e-10
       10  1.63e-20  1.94e-10  1.94e-10
      100  1.44e-20  2.65e-10  2.65e-10
      O-O       ***  2.89e-10  2.89e-10

Reactant = P1   Temperature = 1.3e+03 K

   P(atm)        W1        W2      Loss
      0.1  3.69e-21  7.59e-11  7.59e-11
        1  1.38e-20  1.31e-10  1.31e-10
       10  3.18e-20  2.01e-10  2.01e-10
      100  2.72e-20  2.69e-10  2.69e-10
      O-O       ***  2.93e-10  2.93e-10

Reactant = P1   Temperature = 1.4e+03 K

   P(atm)        W1        W2      Loss
      0.1  8.11e-21  7.66e-11  7.66e-11
        1  2.78e-20  1.31e-10  1.31e-10
       10  5.98e-20  2.02e-10  2.02e-10
      100  5.18e-20  2.72e-10  2.72e-10
      O-O       ***  2.97e-10  2.97e-10

Reactant = P1   Temperature = 1.5e+03 K

   P(atm)        W1        W2      Loss
      0.1  1.47e-20   8.2e-11   8.2e-11
        1  4.31e-20  1.38e-10  1.38e-10
       10   8.5e-20  2.08e-10  2.08e-10
      100  7.69e-20  2.76e-10  2.76e-10
      O-O       ***     3e-10     3e-10

Reactant = P1   Temperature = 1.6e+03 K

   P(atm)        W1        W2      Loss
      0.1  2.23e-20  8.46e-11  8.46e-11
        1  5.62e-20  1.41e-10  1.41e-10
       10  1.03e-19  2.11e-10  2.11e-10
      100  1.01e-19  2.79e-10  2.79e-10
      O-O       ***  3.03e-10  3.03e-10

Reactant = P1   Temperature = 1.7e+03 K

   P(atm)        W1        W2      Loss
      0.1  2.79e-20  8.84e-11  8.84e-11
        1  6.08e-20  1.45e-10  1.45e-10
       10  1.04e-19  2.16e-10  2.16e-10
      100  1.11e-19  2.82e-10  2.82e-10
      O-O       ***  3.06e-10  3.06e-10

Reactant = P1   Temperature = 1.8e+03 K

   P(atm)        W1        W2      Loss
      0.1  3.19e-20  8.82e-11  8.82e-11
        1  6.33e-20  1.45e-10  1.45e-10
       10  1.03e-19  2.16e-10  2.16e-10
      100  1.19e-19  2.84e-10  2.84e-10
      O-O       ***  3.09e-10  3.09e-10

Reactant = P1   Temperature = 1.9e+03 K

   P(atm)        W1        W2      Loss
      0.1  3.61e-20  9.26e-11  9.26e-11
        1  6.52e-20   1.5e-10   1.5e-10
       10     1e-19  2.21e-10  2.21e-10
      100  1.18e-19  2.87e-10  2.87e-10
      O-O       ***  3.12e-10  3.12e-10

Reactant = P1   Temperature = 2e+03 K

   P(atm)        W1        W2      Loss
      0.1  3.24e-20  9.36e-11  9.36e-11
        1  5.58e-20  1.51e-10  1.51e-10
       10  8.38e-20  2.23e-10  2.23e-10
      100  1.02e-19   2.9e-10   2.9e-10
      O-O       ***  3.15e-10  3.15e-10

______________________________________________________________________________________

Temperature-Species Rate Tables:

Reactant = W1   Pressure = 0.1 atm

   T(K)        W2        P1      Loss   Capture
    500 -1.25e+07  1.33e+10  1.33e+10  3.26e+12
    600 -9.79e+06  1.19e+10  1.19e+10   3.9e+12
    700 -6.92e+06   9.9e+09  9.89e+09  4.46e+12
    800 -4.76e+06  8.12e+09  8.12e+09  4.96e+12
    900 -3.27e+06  6.84e+09  6.84e+09  5.39e+12
  1e+03 -3.02e+06   6.1e+09  6.09e+09  5.77e+12
1.1e+03  -2.1e+06  5.05e+09  5.05e+09  6.11e+12
1.2e+03  4.18e+06  4.58e+09  4.59e+09  6.42e+12
1.3e+03  2.92e+07  3.94e+09  3.97e+09   6.7e+12
1.4e+03  1.06e+08  3.74e+09  3.84e+09  6.96e+12
1.5e+03  3.56e+08  3.24e+09   3.6e+09   7.2e+12
1.6e+03  7.09e+08  2.55e+09  3.26e+09  7.43e+12
1.7e+03  1.09e+09  1.77e+09  2.86e+09  7.64e+12
1.8e+03  1.29e+09  1.19e+09  2.48e+09  7.84e+12
1.9e+03  1.63e+09  8.33e+08  2.46e+09  8.04e+12
  2e+03  1.56e+09   4.8e+08  2.04e+09  8.22e+12

Reactant = W1   Pressure = 1 atm

   T(K)        W2        P1      Loss   Capture
    500 -2.52e+08  5.88e+10  5.86e+10  3.26e+12
    600 -1.85e+08  5.11e+10   5.1e+10   3.9e+12
    700 -1.19e+08  4.19e+10  4.18e+10  4.46e+12
    800 -5.95e+07  3.39e+10  3.38e+10  4.96e+12
    900  7.47e+06  2.81e+10  2.81e+10  5.39e+12
  1e+03  1.04e+08  2.45e+10  2.46e+10  5.77e+12
1.1e+03  2.69e+08     2e+10  2.03e+10  6.11e+12
1.2e+03  5.08e+08  1.77e+10  1.82e+10  6.42e+12
1.3e+03  1.22e+09  1.45e+10  1.57e+10   6.7e+12
1.4e+03  2.37e+09  1.26e+10   1.5e+10  6.96e+12
1.5e+03  4.54e+09  9.36e+09  1.39e+10   7.2e+12
1.6e+03  6.23e+09  6.34e+09  1.26e+10  7.43e+12
1.7e+03  7.24e+09  3.81e+09  1.11e+10  7.64e+12
1.8e+03  7.24e+09  2.34e+09  9.59e+09  7.84e+12
1.9e+03  7.93e+09  1.49e+09  9.42e+09  8.04e+12
  2e+03  7.04e+09  8.24e+08  7.87e+09  8.22e+12

Reactant = W1   Pressure = 10 atm

   T(K)        W2        P1      Loss   Capture
    500  9.28e+09  1.93e+11  2.02e+11  3.26e+12
    600  9.76e+09  1.65e+11  1.75e+11   3.9e+12
    700  1.01e+10  1.33e+11  1.43e+11  4.46e+12
    800   1.1e+10  1.06e+11  1.16e+11  4.96e+12
    900  1.24e+10  8.44e+10  9.68e+10  5.39e+12
  1e+03  1.44e+10     7e+10  8.45e+10  5.77e+12
1.1e+03  1.61e+10   5.4e+10  7.01e+10  6.11e+12
1.2e+03  1.79e+10  4.48e+10  6.27e+10  6.42e+12
1.3e+03   2.1e+10  3.32e+10  5.42e+10   6.7e+12
1.4e+03  2.44e+10   2.7e+10  5.13e+10  6.96e+12
1.5e+03  2.91e+10  1.83e+10  4.75e+10   7.2e+12
1.6e+03  3.13e+10  1.16e+10  4.29e+10  7.43e+12
1.7e+03  3.15e+10  6.46e+09   3.8e+10  7.64e+12
1.8e+03  2.93e+10   3.8e+09  3.31e+10  7.84e+12
1.9e+03     3e+10  2.29e+09  3.23e+10  8.04e+12
  2e+03   2.6e+10  1.24e+09  2.73e+10  8.22e+12

Reactant = W1   Pressure = 100 atm

   T(K)        W2        P1      Loss   Capture
    500  3.65e+11  1.75e+11   5.4e+11  3.26e+12
    600   3.2e+11  1.56e+11  4.76e+11   3.9e+12
    700   2.7e+11  1.29e+11  3.99e+11  4.46e+12
    800  2.29e+11  1.02e+11  3.31e+11  4.96e+12
    900     2e+11  7.98e+10   2.8e+11  5.39e+12
  1e+03  1.81e+11  6.42e+10  2.46e+11  5.77e+12
1.1e+03  1.59e+11  4.81e+10  2.07e+11  6.11e+12
1.2e+03  1.47e+11  3.93e+10  1.86e+11  6.42e+12
1.3e+03  1.34e+11  2.84e+10  1.62e+11   6.7e+12
1.4e+03   1.3e+11  2.33e+10  1.53e+11  6.96e+12
1.5e+03  1.25e+11  1.66e+10  1.42e+11   7.2e+12
1.6e+03  1.17e+11  1.13e+10  1.29e+11  7.43e+12
1.7e+03  1.08e+11  6.93e+09  1.15e+11  7.64e+12
1.8e+03  9.66e+10  4.36e+09  1.01e+11  7.84e+12
1.9e+03  9.55e+10   2.7e+09  9.82e+10  8.04e+12
  2e+03  8.26e+10  1.51e+09  8.41e+10  8.22e+12

Reactant = W2   Pressure = 0.1 atm

   T(K)        W1        P1      Loss   Capture
    500  3.89e-17  7.93e+08  7.93e+08  5.75e+09
    600  3.24e-14  1.04e+09  1.04e+09  6.44e+09
    700  5.83e-11  1.14e+09  1.14e+09  6.61e+09
    800  2.49e-09  1.23e+09  1.23e+09  6.46e+09
    900  5.41e-08  1.29e+09  1.29e+09  6.14e+09
  1e+03   7.9e-08   1.3e+09   1.3e+09  5.75e+09
1.1e+03  6.02e-07  1.29e+09  1.29e+09  5.33e+09
1.2e+03  3.97e-05  1.18e+09  1.18e+09  4.92e+09
1.3e+03  0.000475  1.18e+09  1.18e+09  4.52e+09
1.4e+03   0.00346  1.08e+09  1.08e+09  4.16e+09
1.5e+03    0.0217  1.05e+09  1.05e+09  3.82e+09
1.6e+03    0.0747  9.84e+08  9.84e+08  3.52e+09
1.7e+03     0.187  9.37e+08  9.37e+08  3.24e+09
1.8e+03     0.341  8.55e+08  8.55e+08  2.99e+09
1.9e+03     0.635  8.22e+08  8.22e+08  2.76e+09
  2e+03      0.86  7.63e+08  7.63e+08  2.56e+09

Reactant = W2   Pressure = 1 atm

   T(K)        W1        P1      Loss   Capture
    500  7.53e-14  1.88e+09  1.88e+09  5.75e+09
    600  4.21e-10  2.25e+09  2.25e+09  6.44e+09
    700  2.72e-08  2.36e+09  2.36e+09  6.61e+09
    800  7.28e-07  2.42e+09  2.42e+09  6.46e+09
    900   1.1e-05  2.44e+09  2.44e+09  6.14e+09
  1e+03  0.000104  2.37e+09  2.37e+09  5.75e+09
1.1e+03  0.000694  2.28e+09  2.28e+09  5.33e+09
1.2e+03    0.0034  2.09e+09  2.09e+09  4.92e+09
1.3e+03    0.0185  2.02e+09  2.02e+09  4.52e+09
1.4e+03    0.0748  1.84e+09  1.84e+09  4.16e+09
1.5e+03     0.271  1.75e+09  1.75e+09  3.82e+09
1.6e+03     0.648  1.63e+09  1.63e+09  3.52e+09
1.7e+03      1.23  1.54e+09  1.54e+09  3.24e+09
1.8e+03      1.91   1.4e+09   1.4e+09  2.99e+09
1.9e+03      3.08  1.33e+09  1.33e+09  2.76e+09
  2e+03      3.88  1.23e+09  1.23e+09  2.56e+09

Reactant = W2   Pressure = 10 atm

   T(K)        W1        P1      Loss   Capture
    500  7.44e-09  3.77e+09  3.77e+09  5.75e+09
    600  7.66e-07  4.19e+09  4.19e+09  6.44e+09
    700  2.03e-05  4.23e+09  4.23e+09  6.61e+09
    800  0.000248  4.17e+09  4.17e+09  6.46e+09
    900   0.00184  4.04e+09  4.04e+09  6.14e+09
  1e+03   0.00958  3.83e+09  3.83e+09  5.75e+09
1.1e+03    0.0364   3.6e+09   3.6e+09  5.33e+09
1.2e+03     0.113  3.29e+09  3.29e+09  4.92e+09
1.3e+03     0.314   3.1e+09   3.1e+09  4.52e+09
1.4e+03     0.763  2.83e+09  2.83e+09  4.16e+09
1.5e+03      1.73  2.65e+09  2.65e+09  3.82e+09
1.6e+03      3.26  2.45e+09  2.45e+09  3.52e+09
1.7e+03      5.36  2.28e+09  2.28e+09  3.24e+09
1.8e+03       7.7  2.09e+09  2.09e+09  2.99e+09
1.9e+03      11.7  1.96e+09  1.96e+09  2.76e+09
  2e+03      14.4  1.81e+09  1.81e+09  2.56e+09

Reactant = W2   Pressure = 100 atm

   T(K)        W1        P1      Loss   Capture
    500  2.35e-07  5.36e+09  5.36e+09  5.75e+09
    600  2.14e-05  5.95e+09  5.95e+09  6.44e+09
    700  0.000486  6.06e+09  6.06e+09  6.61e+09
    800   0.00482  5.91e+09  5.91e+09  6.46e+09
    900    0.0282  5.63e+09  5.63e+09  6.14e+09
  1e+03     0.117  5.27e+09  5.27e+09  5.75e+09
1.1e+03     0.353  4.89e+09  4.89e+09  5.33e+09
1.2e+03     0.912   4.5e+09   4.5e+09  4.92e+09
1.3e+03      1.98  4.16e+09  4.16e+09  4.52e+09
1.4e+03      4.05  3.81e+09  3.81e+09  4.16e+09
1.5e+03      7.42  3.51e+09  3.51e+09  3.82e+09
1.6e+03      12.2  3.23e+09  3.23e+09  3.52e+09
1.7e+03      18.3  2.99e+09  2.99e+09  3.24e+09
1.8e+03      25.4  2.75e+09  2.75e+09  2.99e+09
1.9e+03      37.1  2.54e+09  2.54e+09  2.76e+09
  2e+03      45.5  2.35e+09  2.35e+09  2.56e+09

Reactant = P1   Pressure = 0.1 atm

   T(K)        W1        W2      Loss   Capture
    500  3.62e-28  3.44e-11  3.44e-11   2.5e-10
    600  3.09e-26  4.16e-11  4.16e-11  2.58e-10
    700  6.94e-25  4.56e-11  4.56e-11  2.64e-10
    800  6.97e-24  5.12e-11  5.12e-11   2.7e-10
    900  4.23e-23   5.8e-11   5.8e-11  2.76e-10
  1e+03  1.87e-22  6.32e-11  6.32e-11  2.81e-10
1.1e+03  5.86e-22  6.86e-11  6.86e-11  2.85e-10
1.2e+03  1.64e-21  6.95e-11  6.95e-11  2.89e-10
1.3e+03  3.69e-21  7.59e-11  7.59e-11  2.93e-10
1.4e+03  8.11e-21  7.66e-11  7.66e-11  2.97e-10
1.5e+03  1.47e-20   8.2e-11   8.2e-11     3e-10
1.6e+03  2.23e-20  8.46e-11  8.46e-11  3.03e-10
1.7e+03  2.79e-20  8.84e-11  8.84e-11  3.06e-10
1.8e+03  3.19e-20  8.82e-11  8.82e-11  3.09e-10
1.9e+03  3.61e-20  9.26e-11  9.26e-11  3.12e-10
  2e+03  3.24e-20  9.36e-11  9.36e-11  3.15e-10

Reactant = P1   Pressure = 1 atm

   T(K)        W1        W2      Loss   Capture
    500  1.63e-27  8.15e-11  8.15e-11   2.5e-10
    600  1.35e-25  8.99e-11  8.99e-11  2.58e-10
    700  2.98e-24  9.42e-11  9.42e-11  2.64e-10
    800  2.95e-23  1.01e-10  1.01e-10   2.7e-10
    900  1.76e-22  1.09e-10  1.09e-10  2.76e-10
  1e+03  7.62e-22  1.16e-10  1.16e-10  2.81e-10
1.1e+03  2.36e-21  1.22e-10  1.22e-10  2.85e-10
1.2e+03  6.42e-21  1.23e-10  1.23e-10  2.89e-10
1.3e+03  1.38e-20  1.31e-10  1.31e-10  2.93e-10
1.4e+03  2.78e-20  1.31e-10  1.31e-10  2.97e-10
1.5e+03  4.31e-20  1.38e-10  1.38e-10     3e-10
1.6e+03  5.62e-20  1.41e-10  1.41e-10  3.03e-10
1.7e+03  6.08e-20  1.45e-10  1.45e-10  3.06e-10
1.8e+03  6.33e-20  1.45e-10  1.45e-10  3.09e-10
1.9e+03  6.52e-20   1.5e-10   1.5e-10  3.12e-10
  2e+03  5.58e-20  1.51e-10  1.51e-10  3.15e-10

Reactant = P1   Pressure = 10 atm

   T(K)        W1        W2      Loss   Capture
    500  5.37e-27  1.64e-10  1.64e-10   2.5e-10
    600  4.38e-25  1.67e-10  1.67e-10  2.58e-10
    700  9.54e-24  1.69e-10  1.69e-10  2.64e-10
    800  9.23e-23  1.75e-10  1.75e-10   2.7e-10
    900  5.32e-22  1.82e-10  1.82e-10  2.76e-10
  1e+03  2.19e-21  1.87e-10  1.87e-10  2.81e-10
1.1e+03  6.39e-21  1.93e-10  1.93e-10  2.85e-10
1.2e+03  1.63e-20  1.94e-10  1.94e-10  2.89e-10
1.3e+03  3.18e-20  2.01e-10  2.01e-10  2.93e-10
1.4e+03  5.98e-20  2.02e-10  2.02e-10  2.97e-10
1.5e+03   8.5e-20  2.08e-10  2.08e-10     3e-10
1.6e+03  1.03e-19  2.11e-10  2.11e-10  3.03e-10
1.7e+03  1.04e-19  2.16e-10  2.16e-10  3.06e-10
1.8e+03  1.03e-19  2.16e-10  2.16e-10  3.09e-10
1.9e+03     1e-19  2.21e-10  2.21e-10  3.12e-10
  2e+03  8.38e-20  2.23e-10  2.23e-10  3.15e-10

Reactant = P1   Pressure = 100 atm

   T(K)        W1        W2      Loss   Capture
    500  4.88e-27  2.33e-10  2.33e-10   2.5e-10
    600  4.14e-25  2.38e-10  2.38e-10  2.58e-10
    700  9.25e-24  2.42e-10  2.42e-10  2.64e-10
    800  8.95e-23  2.47e-10  2.47e-10   2.7e-10
    900  5.04e-22  2.53e-10  2.53e-10  2.76e-10
  1e+03  2.01e-21  2.57e-10  2.57e-10  2.81e-10
1.1e+03   5.7e-21  2.62e-10  2.62e-10  2.85e-10
1.2e+03  1.44e-20  2.65e-10  2.65e-10  2.89e-10
1.3e+03  2.72e-20  2.69e-10  2.69e-10  2.93e-10
1.4e+03  5.18e-20  2.72e-10  2.72e-10  2.97e-10
1.5e+03  7.69e-20  2.76e-10  2.76e-10     3e-10
1.6e+03  1.01e-19  2.79e-10  2.79e-10  3.03e-10
1.7e+03  1.11e-19  2.82e-10  2.82e-10  3.06e-10
1.8e+03  1.19e-19  2.84e-10  2.84e-10  3.09e-10
1.9e+03  1.18e-19  2.87e-10  2.87e-10  3.12e-10
  2e+03  1.02e-19   2.9e-10   2.9e-10  3.15e-10

______________________________________________________________________________________

Temperature-Pressure Rate Tables:

W1->W2

P\T           500       600       700       800       900     1e+03   1.1e+03   1.2e+03   1.3e+03   1.4e+03   1.5e+03   1.6e+03   1.7e+03   1.8e+03   1.9e+03     2e+03
0.1     -1.25e+07 -9.79e+06 -6.92e+06 -4.76e+06 -3.27e+06 -3.02e+06  -2.1e+06  4.18e+06  2.92e+07  1.06e+08  3.56e+08  7.09e+08  1.09e+09  1.29e+09  1.63e+09  1.56e+09
1       -2.52e+08 -1.85e+08 -1.19e+08 -5.95e+07  7.47e+06  1.04e+08  2.69e+08  5.08e+08  1.22e+09  2.37e+09  4.54e+09  6.23e+09  7.24e+09  7.24e+09  7.93e+09  7.04e+09
10       9.28e+09  9.76e+09  1.01e+10   1.1e+10  1.24e+10  1.44e+10  1.61e+10  1.79e+10   2.1e+10  2.44e+10  2.91e+10  3.13e+10  3.15e+10  2.93e+10     3e+10   2.6e+10
100      3.65e+11   3.2e+11   2.7e+11  2.29e+11     2e+11  1.81e+11  1.59e+11  1.47e+11  1.34e+11   1.3e+11  1.25e+11  1.17e+11  1.08e+11  9.66e+10  9.55e+10  8.26e+10
O-O      3.26e+12   3.9e+12  4.46e+12  4.96e+12  5.39e+12  5.77e+12  6.11e+12  6.42e+12   6.7e+12  6.96e+12   7.2e+12  7.43e+12  7.64e+12  7.84e+12  8.04e+12  8.22e+12

W1->P1

P\T           500       600       700       800       900     1e+03   1.1e+03   1.2e+03   1.3e+03   1.4e+03   1.5e+03   1.6e+03   1.7e+03   1.8e+03   1.9e+03     2e+03
0.1      1.33e+10  1.19e+10   9.9e+09  8.12e+09  6.84e+09   6.1e+09  5.05e+09  4.58e+09  3.94e+09  3.74e+09  3.24e+09  2.55e+09  1.77e+09  1.19e+09  8.33e+08   4.8e+08
1        5.88e+10  5.11e+10  4.19e+10  3.39e+10  2.81e+10  2.45e+10     2e+10  1.77e+10  1.45e+10  1.26e+10  9.36e+09  6.34e+09  3.81e+09  2.34e+09  1.49e+09  8.24e+08
10       1.93e+11  1.65e+11  1.33e+11  1.06e+11  8.44e+10     7e+10   5.4e+10  4.48e+10  3.32e+10   2.7e+10  1.83e+10  1.16e+10  6.46e+09   3.8e+09  2.29e+09  1.24e+09
100      1.75e+11  1.56e+11  1.29e+11  1.02e+11  7.98e+10  6.42e+10  4.81e+10  3.93e+10  2.84e+10  2.33e+10  1.66e+10  1.13e+10  6.93e+09  4.36e+09   2.7e+09  1.51e+09
O-O           ***       ***       ***       ***       ***       ***       ***       ***       ***       ***       ***       ***       ***       ***       ***       ***

W2->W1

P\T           500       600       700       800       900     1e+03   1.1e+03   1.2e+03   1.3e+03   1.4e+03   1.5e+03   1.6e+03   1.7e+03   1.8e+03   1.9e+03     2e+03
0.1      3.89e-17  3.24e-14  5.83e-11  2.49e-09  5.41e-08   7.9e-08  6.02e-07  3.97e-05  0.000475   0.00346    0.0217    0.0747     0.187     0.341     0.635      0.86
1        7.53e-14  4.21e-10  2.72e-08  7.28e-07   1.1e-05  0.000104  0.000694    0.0034    0.0185    0.0748     0.271     0.648      1.23      1.91      3.08      3.88
10       7.44e-09  7.66e-07  2.03e-05  0.000248   0.00184   0.00958    0.0364     0.113     0.314     0.763      1.73      3.26      5.36       7.7      11.7      14.4
100      2.35e-07  2.14e-05  0.000486   0.00482    0.0282     0.117     0.353     0.912      1.98      4.05      7.42      12.2      18.3      25.4      37.1      45.5
O-O      2.09e-06   0.00026   0.00801     0.104     0.758      3.71      13.6      39.9      99.3       217       427       771   1.3e+03  2.06e+03  3.12e+03  4.53e+03

W2->P1

P\T           500       600       700       800       900     1e+03   1.1e+03   1.2e+03   1.3e+03   1.4e+03   1.5e+03   1.6e+03   1.7e+03   1.8e+03   1.9e+03     2e+03
0.1      7.93e+08  1.04e+09  1.14e+09  1.23e+09  1.29e+09   1.3e+09  1.29e+09  1.18e+09  1.18e+09  1.08e+09  1.05e+09  9.84e+08  9.37e+08  8.55e+08  8.22e+08  7.63e+08
1        1.88e+09  2.25e+09  2.36e+09  2.42e+09  2.44e+09  2.37e+09  2.28e+09  2.09e+09  2.02e+09  1.84e+09  1.75e+09  1.63e+09  1.54e+09   1.4e+09  1.33e+09  1.23e+09
10       3.77e+09  4.19e+09  4.23e+09  4.17e+09  4.04e+09  3.83e+09   3.6e+09  3.29e+09   3.1e+09  2.83e+09  2.65e+09  2.45e+09  2.28e+09  2.09e+09  1.96e+09  1.81e+09
100      5.36e+09  5.95e+09  6.06e+09  5.91e+09  5.63e+09  5.27e+09  4.89e+09   4.5e+09  4.16e+09  3.81e+09  3.51e+09  3.23e+09  2.99e+09  2.75e+09  2.54e+09  2.35e+09
O-O      5.75e+09  6.44e+09  6.61e+09  6.46e+09  6.14e+09  5.75e+09  5.33e+09  4.92e+09  4.52e+09  4.16e+09  3.82e+09  3.52e+09  3.24e+09  2.99e+09  2.76e+09  2.56e+09

P1->W1

P\T           500       600       700       800       900     1e+03   1.1e+03   1.2e+03   1.3e+03   1.4e+03   1.5e+03   1.6e+03   1.7e+03   1.8e+03   1.9e+03     2e+03
0.1      3.62e-28  3.09e-26  6.94e-25  6.97e-24  4.23e-23  1.87e-22  5.86e-22  1.64e-21  3.69e-21  8.11e-21  1.47e-20  2.23e-20  2.79e-20  3.19e-20  3.61e-20  3.24e-20
1        1.63e-27  1.35e-25  2.98e-24  2.95e-23  1.76e-22  7.62e-22  2.36e-21  6.42e-21  1.38e-20  2.78e-20  4.31e-20  5.62e-20  6.08e-20  6.33e-20  6.52e-20  5.58e-20
10       5.37e-27  4.38e-25  9.54e-24  9.23e-23  5.32e-22  2.19e-21  6.39e-21  1.63e-20  3.18e-20  5.98e-20   8.5e-20  1.03e-19  1.04e-19  1.03e-19     1e-19  8.38e-20
100      4.88e-27  4.14e-25  9.25e-24  8.95e-23  5.04e-22  2.01e-21   5.7e-21  1.44e-20  2.72e-20  5.18e-20  7.69e-20  1.01e-19  1.11e-19  1.19e-19  1.18e-19  1.02e-19
O-O           ***       ***       ***       ***       ***       ***       ***       ***       ***       ***       ***       ***       ***       ***       ***       ***

P1->W2

P\T           500       600       700       800       900     1e+03   1.1e+03   1.2e+03   1.3e+03   1.4e+03   1.5e+03   1.6e+03   1.7e+03   1.8e+03   1.9e+03     2e+03
0.1      3.44e-11  4.16e-11  4.56e-11  5.12e-11   5.8e-11  6.32e-11  6.86e-11  6.95e-11  7.59e-11  7.66e-11   8.2e-11  8.46e-11  8.84e-11  8.82e-11  9.26e-11  9.36e-11
1        8.15e-11  8.99e-11  9.42e-11  1.01e-10  1.09e-10  1.16e-10  1.22e-10  1.23e-10  1.31e-10  1.31e-10  1.38e-10  1.41e-10  1.45e-10  1.45e-10   1.5e-10  1.51e-10
10       1.64e-10  1.67e-10  1.69e-10  1.75e-10  1.82e-10  1.87e-10  1.93e-10  1.94e-10  2.01e-10  2.02e-10  2.08e-10  2.11e-10  2.16e-10  2.16e-10  2.21e-10  2.23e-10
100      2.33e-10  2.38e-10  2.42e-10  2.47e-10  2.53e-10  2.57e-10  2.62e-10  2.65e-10  2.69e-10  2.72e-10  2.76e-10  2.79e-10  2.82e-10  2.84e-10  2.87e-10   2.9e-10
O-O       2.5e-10  2.58e-10  2.64e-10   2.7e-10  2.76e-10  2.81e-10  2.85e-10  2.89e-10  2.93e-10  2.97e-10     3e-10  3.03e-10  3.06e-10  3.09e-10  3.12e-10  3.15e-10

W1-> 

P\T           500       600       700       800       900     1e+03   1.1e+03   1.2e+03   1.3e+03   1.4e+03   1.5e+03   1.6e+03   1.7e+03   1.8e+03   1.9e+03     2e+03
0.1      1.33e+10  1.19e+10  9.89e+09  8.12e+09  6.84e+09  6.09e+09  5.05e+09  4.59e+09  3.97e+09  3.84e+09   3.6e+09  3.26e+09  2.86e+09  2.48e+09  2.46e+09  2.04e+09
1        5.86e+10   5.1e+10  4.18e+10  3.38e+10  2.81e+10  2.46e+10  2.03e+10  1.82e+10  1.57e+10   1.5e+10  1.39e+10  1.26e+10  1.11e+10  9.59e+09  9.42e+09  7.87e+09
10       2.02e+11  1.75e+11  1.43e+11  1.16e+11  9.68e+10  8.45e+10  7.01e+10  6.27e+10  5.42e+10  5.13e+10  4.75e+10  4.29e+10   3.8e+10  3.31e+10  3.23e+10  2.73e+10
100       5.4e+11  4.76e+11  3.99e+11  3.31e+11   2.8e+11  2.46e+11  2.07e+11  1.86e+11  1.62e+11  1.53e+11  1.42e+11  1.29e+11  1.15e+11  1.01e+11  9.82e+10  8.41e+10
O-O      3.26e+12   3.9e+12  4.46e+12  4.96e+12  5.39e+12  5.77e+12  6.11e+12  6.42e+12   6.7e+12  6.96e+12   7.2e+12  7.43e+12  7.64e+12  7.84e+12  8.04e+12  8.22e+12

W2-> 

P\T           500       600       700       800       900     1e+03   1.1e+03   1.2e+03   1.3e+03   1.4e+03   1.5e+03   1.6e+03   1.7e+03   1.8e+03   1.9e+03     2e+03
0.1      7.93e+08  1.04e+09  1.14e+09  1.23e+09  1.29e+09   1.3e+09  1.29e+09  1.18e+09  1.18e+09  1.08e+09  1.05e+09  9.84e+08  9.37e+08  8.55e+08  8.22e+08  7.63e+08
1        1.88e+09  2.25e+09  2.36e+09  2.42e+09  2.44e+09  2.37e+09  2.28e+09  2.09e+09  2.02e+09  1.84e+09  1.75e+09  1.63e+09  1.54e+09   1.4e+09  1.33e+09  1.23e+09
10       3.77e+09  4.19e+09  4.23e+09  4.17e+09  4.04e+09  3.83e+09   3.6e+09  3.29e+09   3.1e+09  2.83e+09  2.65e+09  2.45e+09  2.28e+09  2.09e+09  1.96e+09  1.81e+09
100      5.36e+09  5.95e+09  6.06e+09  5.91e+09  5.63e+09  5.27e+09  4.89e+09   4.5e+09  4.16e+09  3.81e+09  3.51e+09  3.23e+09  2.99e+09  2.75e+09  2.54e+09  2.35e+09
O-O      5.75e+09  6.44e+09  6.61e+09  6.46e+09  6.14e+09  5.75e+09  5.33e+09  4.92e+09  4.52e+09  4.16e+09  3.82e+09  3.52e+09  3.24e+09  2.99e+09  2.76e+09  2.56e+09

P1-> 

P\T           500       600       700       800       900     1e+03   1.1e+03   1.2e+03   1.3e+03   1.4e+03   1.5e+03   1.6e+03   1.7e+03   1.8e+03   1.9e+03     2e+03
0.1      3.44e-11  4.16e-11  4.56e-11  5.12e-11   5.8e-11  6.32e-11  6.86e-11  6.95e-11  7.59e-11  7.66e-11   8.2e-11  8.46e-11  8.84e-11  8.82e-11  9.26e-11  9.36e-11
1        8.15e-11  8.99e-11  9.42e-11  1.01e-10  1.09e-10  1.16e-10  1.22e-10  1.23e-10  1.31e-10  1.31e-10  1.38e-10  1.41e-10  1.45e-10  1.45e-10   1.5e-10  1.51e-10
10       1.64e-10  1.67e-10  1.69e-10  1.75e-10  1.82e-10  1.87e-10  1.93e-10  1.94e-10  2.01e-10  2.02e-10  2.08e-10  2.11e-10  2.16e-10  2.16e-10  2.21e-10  2.23e-10
100      2.33e-10  2.38e-10  2.42e-10  2.47e-10  2.53e-10  2.57e-10  2.62e-10  2.65e-10  2.69e-10  2.72e-10  2.76e-10  2.79e-10  2.82e-10  2.84e-10  2.87e-10   2.9e-10
O-O       2.5e-10  2.58e-10  2.64e-10   2.7e-10  2.76e-10  2.81e-10  2.85e-10  2.89e-10  2.93e-10  2.97e-10     3e-10  3.03e-10  3.06e-10  3.09e-10  3.12e-10  3.15e-10

