Wells (G - ground energy, D - dissociation limit, kcal/mol):
                            W         G         D
                 C5O2sidwaozz         0      24.5
      FakeW-C2H2(40)+S(2258)z      5.03      8.03

Bimolecular Products (G - ground energy, kcal/mol):
                      P         G
      C2H2(40)+S(2258)z      8.03

Well-to-Bimolecular Barriers (H/G - barrier height/well depth, kcal/mol)
                            B         H                       W         G                 P
      FakeB-C2H2(40)+S(2258)z      8.03 FakeW-C2H2(40)+S(2258)z      5.03 C2H2(40)+S(2258)z

Well-to-Well Barriers (H/G - barrier height/well depth, kcal/mol):
            B         H                      W1        G1                      W2        G2
      ts_3_55      24.5            C5O2sidwaozz         0 FakeW-C2H2(40)+S(2258)z      5.03

Bound Groups: dissociation barrier (name/ground energy, kcal/mol): wells (name/ground energy, kcal/mol):
     C1/8.03:  FakeW-C2H2(40)+S(2258)z/5.03

     B1/24.5:  C5O2sidwaozz/0

________________________________________________________________________________________

Names Translation Tables (<short name> - <original name>):
Wells:
   W1 - C5O2sidwaozz
   W2 - FakeW-C2H2(40)+S(2258)z
Bimolecular products:
   P1 - C2H2(40)+S(2258)z
Inner Barriers:
   B1 - ts_3_55
Outer Barriers:
   C1 - FakeB-C2H2(40)+S(2258)z
Unimolecular Rate Units: 1/sec;  Bimolecular Rate Units: cm^3/sec

______________________________________________________________________________________

Species-Species Rate Tables:

Temperature = 500 K

High Pressure Rate Coefficients:

From\To         W1        W2        P1
W1             ***       258       ***
W2            34.1       ***  1.38e+11
P1             ***  2.06e-10       ***

Temperature = 500 K    Pressure = 0.1 atm

From\To         W1        W2        P1
W1             235   0.00607       235
W2        4.33e-06  8.17e+09  8.17e+09
P1        4.64e-20  1.21e-11  1.21e-11

Temperature = 500 K    Pressure = 1 atm

From\To         W1        W2        P1
W1             253    0.0159       253
W2       -3.54e-06  1.98e+10  1.98e+10
P1        4.99e-20  2.95e-11  2.95e-11

Temperature = 500 K    Pressure = 10 atm

From\To         W1        W2        P1
W1             256     0.084       256
W2         0.00679  4.04e+10  4.04e+10
P1        5.05e-20  6.02e-11  6.02e-11

Temperature = 500 K    Pressure = 100 atm

From\To         W1        W2        P1
W1             257      8.37       248
W2             1.1  7.61e+10  7.61e+10
P1        4.89e-20  1.13e-10  1.13e-10

Temperature = 600 K

High Pressure Rate Coefficients:

From\To         W1        W2        P1
W1             ***  1.83e+04       ***
W2             678       ***  1.55e+11
P1             ***  2.12e-10       ***

Temperature = 600 K    Pressure = 0.1 atm

From\To         W1        W2        P1
W1        1.31e+04      0.54  1.31e+04
W2       -4.98e-05  1.21e+10  1.21e+10
P1        6.65e-19  1.63e-11  1.63e-11

Temperature = 600 K    Pressure = 1 atm

From\To         W1        W2        P1
W1         1.7e+04      1.72   1.7e+04
W2         0.00587  2.64e+10  2.64e+10
P1         8.6e-19  3.61e-11  3.61e-11

Temperature = 600 K    Pressure = 10 atm

From\To         W1        W2        P1
W1        1.81e+04      10.3  1.81e+04
W2           0.263  4.96e+10  4.96e+10
P1        9.16e-19   6.8e-11   6.8e-11

Temperature = 600 K    Pressure = 100 atm

From\To         W1        W2        P1
W1        1.82e+04       608  1.76e+04
W2            22.3  8.54e+10  8.54e+10
P1        8.94e-19  1.17e-10  1.17e-10

Temperature = 700 K

High Pressure Rate Coefficients:

From\To         W1        W2        P1
W1             ***  4.01e+05       ***
W2        5.69e+03       ***  1.59e+11
P1             ***  2.18e-10       ***

Temperature = 700 K    Pressure = 0.1 atm

From\To         W1        W2        P1
W1        1.78e+05      9.44  1.78e+05
W2         0.00321  1.42e+10  1.42e+10
P1        3.46e-18  1.92e-11  1.92e-11

Temperature = 700 K    Pressure = 1 atm

From\To         W1        W2        P1
W1        3.12e+05      42.8  3.12e+05
W2           0.114  2.94e+10  2.94e+10
P1        6.08e-18  4.02e-11  4.02e-11

Temperature = 700 K    Pressure = 10 atm

From\To         W1        W2        P1
W1        3.82e+05       385  3.82e+05
W2            4.36   5.3e+10   5.3e+10
P1        7.43e-18  7.27e-11  7.27e-11

Temperature = 700 K    Pressure = 100 atm

From\To         W1        W2        P1
W1        3.97e+05  1.51e+04  3.82e+05
W2             213  8.73e+10  8.73e+10
P1        7.44e-18   1.2e-10   1.2e-10

Temperature = 800 K

High Pressure Rate Coefficients:

From\To         W1        W2        P1
W1             ***  4.16e+06       ***
W2        2.79e+04       ***  1.55e+11
P1             ***  2.23e-10       ***

Temperature = 800 K    Pressure = 0.1 atm

From\To         W1        W2        P1
W1        9.11e+05      67.2   9.1e+05
W2          0.0772  1.53e+10  1.53e+10
P1        8.76e-18  2.15e-11  2.15e-11

Temperature = 800 K    Pressure = 1 atm

From\To         W1        W2        P1
W1        2.31e+06       618  2.31e+06
W2            2.21  3.05e+10  3.05e+10
P1        2.22e-17  4.36e-11  4.36e-11

Temperature = 800 K    Pressure = 10 atm

From\To         W1        W2        P1
W1         3.6e+06  8.21e+03  3.59e+06
W2            49.6  5.35e+10  5.35e+10
P1        3.45e-17  7.67e-11  7.67e-11

Temperature = 800 K    Pressure = 100 atm

From\To         W1        W2        P1
W1        4.06e+06  1.91e+05  3.87e+06
W2        1.27e+03  8.54e+10  8.54e+10
P1        3.72e-17  1.22e-10  1.22e-10

Temperature = 900 K

High Pressure Rate Coefficients:

From\To         W1        W2        P1
W1             ***   2.6e+07       ***
W2        9.53e+04       ***  1.48e+11
P1             ***  2.27e-10       ***

Temperature = 900 K    Pressure = 0.1 atm

From\To         W1        W2        P1
W1        2.48e+06       974  2.48e+06
W2            2.51  1.59e+10  1.59e+10
P1         1.4e-17  2.38e-11  2.38e-11

Temperature = 900 K    Pressure = 1 atm

From\To         W1        W2        P1
W1        8.68e+06   1.2e+04  8.67e+06
W2              39  3.07e+10  3.07e+10
P1        4.89e-17  4.71e-11  4.71e-11

Temperature = 900 K    Pressure = 10 atm

From\To         W1        W2        P1
W1        1.85e+07  1.22e+05  1.84e+07
W2             431  5.26e+10  5.26e+10
P1        1.04e-16  8.09e-11  8.09e-11

Temperature = 900 K    Pressure = 100 atm

From\To         W1        W2        P1
W1        2.44e+07  1.55e+06  2.29e+07
W2        5.63e+03  8.19e+10  8.19e+10
P1        1.29e-16  1.26e-10  1.26e-10

Temperature = 1e+03 K

High Pressure Rate Coefficients:

From\To         W1        W2        P1
W1             ***  1.14e+08       ***
W2        2.54e+05       ***  1.38e+11
P1             ***  2.31e-10       ***

Temperature = 1e+03 K    Pressure = 0.1 atm

From\To         W1        W2        P1
W1         4.8e+06  1.59e+04  4.79e+06
W2            30.9  1.51e+10  1.51e+10
P1        1.78e-17  2.46e-11  2.46e-11

Temperature = 1e+03 K    Pressure = 1 atm

From\To         W1        W2        P1
W1        2.06e+07  1.37e+05  2.05e+07
W2             293  2.88e+10  2.88e+10
P1        7.64e-17   4.8e-11   4.8e-11

Temperature = 1e+03 K    Pressure = 10 atm

From\To         W1        W2        P1
W1        5.93e+07  9.69e+05  5.83e+07
W2        2.12e+03  4.88e+10  4.88e+10
P1        2.17e-16  8.16e-11  8.16e-11

Temperature = 1e+03 K    Pressure = 100 atm

From\To         W1        W2        P1
W1        9.83e+07  8.04e+06  9.03e+07
W2        1.78e+04  7.55e+10  7.55e+10
P1        3.36e-16  1.26e-10  1.26e-10

Temperature = 1.1e+03 K

High Pressure Rate Coefficients:

From\To         W1        W2        P1
W1             ***  3.85e+08       ***
W2        5.63e+05       ***  1.28e+11
P1             ***  2.35e-10       ***

Temperature = 1.1e+03 K    Pressure = 0.1 atm

From\To         W1        W2        P1
W1        8.04e+06  1.95e+05  7.84e+06
W2             262  1.52e+10  1.52e+10
P1        2.11e-17   2.7e-11   2.7e-11

Temperature = 1.1e+03 K    Pressure = 1 atm

From\To         W1        W2        P1
W1        3.72e+07  1.15e+06   3.6e+07
W2        1.65e+03  2.83e+10  2.83e+10
P1        9.68e-17  5.17e-11  5.17e-11

Temperature = 1.1e+03 K    Pressure = 10 atm

From\To         W1        W2        P1
W1        1.33e+08  5.94e+06  1.27e+08
W2        8.62e+03  4.71e+10  4.71e+10
P1        3.41e-16  8.63e-11  8.63e-11

Temperature = 1.1e+03 K    Pressure = 100 atm

From\To         W1        W2        P1
W1        2.86e+08  3.41e+07  2.52e+08
W2        4.98e+04  7.13e+10  7.13e+10
P1        6.76e-16  1.31e-10  1.31e-10

Temperature = 1.2e+03 K

High Pressure Rate Coefficients:

From\To         W1        W2        P1
W1             ***  1.07e+09       ***
W2        1.09e+06       ***  1.18e+11
P1             ***  2.38e-10       ***

Temperature = 1.2e+03 K    Pressure = 0.1 atm

From\To         W1        W2        P1
W1        1.15e+07  1.01e+06  1.05e+07
W2             967  1.41e+10  1.41e+10
P1        2.18e-17  2.75e-11  2.75e-11

Temperature = 1.2e+03 K    Pressure = 1 atm

From\To         W1        W2        P1
W1        5.42e+07  4.77e+06  4.95e+07
W2        4.79e+03   2.6e+10   2.6e+10
P1        1.02e-16  5.22e-11  5.22e-11

Temperature = 1.2e+03 K    Pressure = 10 atm

From\To         W1        W2        P1
W1        2.27e+08   2.1e+07  2.07e+08
W2        2.13e+04   4.3e+10   4.3e+10
P1        4.26e-16  8.67e-11  8.67e-11

Temperature = 1.2e+03 K    Pressure = 100 atm

From\To         W1        W2        P1
W1        6.31e+08  1.01e+08  5.31e+08
W2        1.03e+05  6.49e+10  6.49e+10
P1         1.1e-15  1.31e-10  1.31e-10

Temperature = 1.3e+03 K

High Pressure Rate Coefficients:

From\To         W1        W2        P1
W1             ***  2.53e+09       ***
W2         1.9e+06       ***  1.09e+11
P1             ***  2.42e-10       ***

Temperature = 1.3e+03 K    Pressure = 0.1 atm

From\To         W1        W2        P1
W1         1.5e+07  3.81e+06  1.12e+07
W2        2.72e+03  1.37e+10  1.37e+10
P1        1.91e-17  2.94e-11  2.94e-11

Temperature = 1.3e+03 K    Pressure = 1 atm

From\To         W1        W2        P1
W1        6.91e+07  1.53e+07  5.38e+07
W2        1.13e+04  2.49e+10  2.49e+10
P1        9.03e-17   5.5e-11   5.5e-11

Temperature = 1.3e+03 K    Pressure = 10 atm

From\To         W1        W2        P1
W1         3.2e+08  6.08e+07  2.59e+08
W2        4.54e+04  4.06e+10  4.06e+10
P1        4.33e-16  9.02e-11  9.02e-11

Temperature = 1.3e+03 K    Pressure = 100 atm

From\To         W1        W2        P1
W1        1.11e+09  2.55e+08  8.54e+08
W2        1.91e+05  6.05e+10  6.05e+10
P1        1.42e-15  1.34e-10  1.34e-10

Temperature = 1.4e+03 K

High Pressure Rate Coefficients:

From\To         W1        W2        P1
W1             ***  5.34e+09       ***
W2        3.06e+06       ***     1e+11
P1             ***  2.45e-10       ***

Temperature = 1.4e+03 K    Pressure = 0.1 atm

From\To         W1        W2        P1
W1        2.02e+07  9.46e+06  1.07e+07
W2         5.2e+03  1.28e+10  1.28e+10
P1         1.6e-17  3.03e-11  3.03e-11

Temperature = 1.4e+03 K    Pressure = 1 atm

From\To         W1        W2        P1
W1        8.55e+07  3.44e+07  5.11e+07
W2        1.93e+04  2.31e+10  2.31e+10
P1        7.27e-17  5.62e-11  5.62e-11

Temperature = 1.4e+03 K    Pressure = 10 atm

From\To         W1        W2        P1
W1        4.06e+08   1.3e+08  2.75e+08
W2        7.42e+04  3.75e+10  3.75e+10
P1        3.87e-16  9.16e-11  9.16e-11

Temperature = 1.4e+03 K    Pressure = 100 atm

From\To         W1        W2        P1
W1        1.64e+09  5.12e+08  1.13e+09
W2        2.93e+05  5.55e+10  5.55e+10
P1        1.58e-15  1.36e-10  1.36e-10

Temperature = 1.5e+03 K

High Pressure Rate Coefficients:

From\To         W1        W2        P1
W1             ***  1.02e+10       ***
W2        4.61e+06       ***   9.2e+10
P1             ***  2.48e-10       ***

Temperature = 1.5e+03 K    Pressure = 0.1 atm

From\To         W1        W2        P1
W1        2.64e+07  1.79e+07  8.53e+06
W2        7.75e+03   1.2e+10   1.2e+10
P1        1.18e-17  3.13e-11  3.13e-11

Temperature = 1.5e+03 K    Pressure = 1 atm

From\To         W1        W2        P1
W1        1.03e+08  6.17e+07  4.13e+07
W2        2.74e+04  2.15e+10  2.15e+10
P1        5.18e-17  5.76e-11  5.76e-11

Temperature = 1.5e+03 K    Pressure = 10 atm

From\To         W1        W2        P1
W1        4.79e+08  2.31e+08  2.48e+08
W2        1.04e+05  3.47e+10  3.47e+10
P1        3.03e-16  9.33e-11  9.33e-11

Temperature = 1.5e+03 K    Pressure = 100 atm

From\To         W1        W2        P1
W1        2.14e+09  8.86e+08  1.26e+09
W2        3.99e+05  5.11e+10  5.11e+10
P1        1.53e-15  1.37e-10  1.37e-10

Temperature = 1.6e+03 K

High Pressure Rate Coefficients:

From\To         W1        W2        P1
W1             ***   1.8e+10       ***
W2        6.58e+06       ***  8.46e+10
P1             ***   2.5e-10       ***

Temperature = 1.6e+03 K    Pressure = 0.1 atm

From\To         W1        W2        P1
W1        2.86e+07  2.41e+07  4.58e+06
W2        8.38e+03  1.13e+10  1.13e+10
P1        6.84e-18  3.24e-11  3.24e-11

Temperature = 1.6e+03 K    Pressure = 1 atm

From\To         W1        W2        P1
W1        1.12e+08  8.59e+07  2.65e+07
W2        3.08e+04  2.01e+10  2.01e+10
P1        3.07e-17  5.92e-11  5.92e-11

Temperature = 1.6e+03 K    Pressure = 10 atm

From\To         W1        W2        P1
W1        5.19e+08  3.34e+08  1.85e+08
W2        1.21e+05  3.22e+10  3.22e+10
P1        2.02e-16  9.52e-11  9.52e-11

Temperature = 1.6e+03 K    Pressure = 100 atm

From\To         W1        W2        P1
W1         2.5e+09  1.32e+09  1.18e+09
W2        4.82e+05  4.72e+10  4.72e+10
P1        1.27e-15  1.39e-10  1.39e-10

Temperature = 1.7e+03 K

High Pressure Rate Coefficients:

From\To         W1        W2        P1
W1             ***  2.99e+10       ***
W2        8.99e+06       ***   7.8e+10
P1             ***  2.53e-10       ***

Temperature = 1.7e+03 K    Pressure = 0.1 atm

From\To         W1        W2        P1
W1        3.21e+07  2.98e+07   2.3e+06
W2         8.6e+03  1.09e+10  1.09e+10
P1        4.17e-18  3.42e-11  3.42e-11

Temperature = 1.7e+03 K    Pressure = 1 atm

From\To         W1        W2        P1
W1        1.28e+08  1.12e+08  1.63e+07
W2        3.31e+04  1.91e+10  1.91e+10
P1        1.79e-17  6.18e-11  6.18e-11

Temperature = 1.7e+03 K    Pressure = 10 atm

From\To         W1        W2        P1
W1        5.65e+08   4.4e+08  1.26e+08
W2        1.32e+05  3.03e+10  3.03e+10
P1        1.25e-16  9.83e-11  9.83e-11

Temperature = 1.7e+03 K    Pressure = 100 atm

From\To         W1        W2        P1
W1         2.8e+09   1.8e+09  9.91e+08
W2        5.42e+05   4.4e+10   4.4e+10
P1        9.69e-16  1.43e-10  1.43e-10

Temperature = 1.8e+03 K

High Pressure Rate Coefficients:

From\To         W1        W2        P1
W1             ***  4.68e+10       ***
W2        1.19e+07       ***   7.2e+10
P1             ***  2.55e-10       ***

Temperature = 1.8e+03 K    Pressure = 0.1 atm

From\To         W1        W2        P1
W1        3.02e+07  2.94e+07  7.37e+05
W2        7.02e+03  9.78e+09  9.78e+09
P1        2.93e-18  3.36e-11  3.36e-11

Temperature = 1.8e+03 K    Pressure = 1 atm

From\To         W1        W2        P1
W1        1.36e+08  1.27e+08  9.59e+06
W2        3.15e+04  1.73e+10  1.73e+10
P1        1.11e-17  6.08e-11  6.08e-11

Temperature = 1.8e+03 K    Pressure = 10 atm

From\To         W1        W2        P1
W1        5.98e+08  5.14e+08  8.35e+07
W2        1.29e+05  2.74e+10  2.74e+10
P1        7.86e-17  9.72e-11  9.72e-11

Temperature = 1.8e+03 K    Pressure = 100 atm

From\To         W1        W2        P1
W1        2.99e+09   2.2e+09  7.89e+08
W2        5.55e+05     4e+10     4e+10
P1        7.13e-16  1.42e-10  1.42e-10

Temperature = 1.9e+03 K

High Pressure Rate Coefficients:

From\To         W1        W2        P1
W1             ***  7.01e+10       ***
W2        1.52e+07       ***  6.65e+10
P1             ***  2.57e-10       ***

Temperature = 1.9e+03 K    Pressure = 0.1 atm

From\To         W1        W2        P1
W1         2.4e+07   2.4e+07  -2.5e+04
W2        4.82e+03  9.29e+09  9.29e+09
P1        1.96e-18  3.49e-11  3.49e-11

Temperature = 1.9e+03 K    Pressure = 1 atm

From\To         W1        W2        P1
W1        1.33e+08  1.28e+08  4.47e+06
W2        2.72e+04  1.63e+10  1.63e+10
P1        6.36e-18  6.27e-11  6.27e-11

Temperature = 1.9e+03 K    Pressure = 10 atm

From\To         W1        W2        P1
W1        6.11e+08  5.63e+08  4.75e+07
W2        1.21e+05  2.57e+10  2.57e+10
P1        4.36e-17  9.94e-11  9.94e-11

Temperature = 1.9e+03 K    Pressure = 100 atm

From\To         W1        W2        P1
W1        3.09e+09  2.54e+09  5.41e+08
W2        5.49e+05  3.72e+10  3.72e+10
P1        4.58e-16  1.44e-10  1.44e-10

Temperature = 2e+03 K

High Pressure Rate Coefficients:

From\To         W1        W2        P1
W1             ***  1.01e+11       ***
W2        1.89e+07       ***  6.16e+10
P1             ***   2.6e-10       ***

Temperature = 2e+03 K    Pressure = 0.1 atm

From\To         W1        W2        P1
W1        1.66e+07  1.67e+07  -1.3e+05
W2        2.86e+03  8.85e+09  8.85e+09
P1         1.4e-18  3.62e-11  3.62e-11

Temperature = 2e+03 K    Pressure = 1 atm

From\To         W1        W2        P1
W1        1.16e+08  1.14e+08  1.78e+06
W2        2.08e+04  1.54e+10  1.54e+10
P1        3.95e-18  6.46e-11  6.46e-11

Temperature = 2e+03 K    Pressure = 10 atm

From\To         W1        W2        P1
W1        5.96e+08  5.71e+08  2.53e+07
W2        1.06e+05  2.41e+10  2.41e+10
P1         2.4e-17  1.02e-10  1.02e-10

Temperature = 2e+03 K    Pressure = 100 atm

From\To         W1        W2        P1
W1         3.1e+09  2.76e+09  3.39e+08
W2        5.15e+05  3.47e+10  3.47e+10
P1        2.74e-16  1.47e-10  1.47e-10

______________________________________________________________________________________

High Pressure Rate Coefficients (Temperature-Species Rate Tables):

Reactant = W1
   T(K)        W1        W2        P1
    500       ***       258       ***
    600       ***  1.83e+04       ***
    700       ***  4.01e+05       ***
    800       ***  4.16e+06       ***
    900       ***   2.6e+07       ***
  1e+03       ***  1.14e+08       ***
1.1e+03       ***  3.85e+08       ***
1.2e+03       ***  1.07e+09       ***
1.3e+03       ***  2.53e+09       ***
1.4e+03       ***  5.34e+09       ***
1.5e+03       ***  1.02e+10       ***
1.6e+03       ***   1.8e+10       ***
1.7e+03       ***  2.99e+10       ***
1.8e+03       ***  4.68e+10       ***
1.9e+03       ***  7.01e+10       ***
  2e+03       ***  1.01e+11       ***

Reactant = W2
   T(K)        W1        W2        P1
    500      34.1       ***  1.38e+11
    600       678       ***  1.55e+11
    700  5.69e+03       ***  1.59e+11
    800  2.79e+04       ***  1.55e+11
    900  9.53e+04       ***  1.48e+11
  1e+03  2.54e+05       ***  1.38e+11
1.1e+03  5.63e+05       ***  1.28e+11
1.2e+03  1.09e+06       ***  1.18e+11
1.3e+03   1.9e+06       ***  1.09e+11
1.4e+03  3.06e+06       ***     1e+11
1.5e+03  4.61e+06       ***   9.2e+10
1.6e+03  6.58e+06       ***  8.46e+10
1.7e+03  8.99e+06       ***   7.8e+10
1.8e+03  1.19e+07       ***   7.2e+10
1.9e+03  1.52e+07       ***  6.65e+10
  2e+03  1.89e+07       ***  6.16e+10

Reactant = P1
   T(K)        W1        W2        P1
    500       ***  2.06e-10       ***
    600       ***  2.12e-10       ***
    700       ***  2.18e-10       ***
    800       ***  2.23e-10       ***
    900       ***  2.27e-10       ***
  1e+03       ***  2.31e-10       ***
1.1e+03       ***  2.35e-10       ***
1.2e+03       ***  2.38e-10       ***
1.3e+03       ***  2.42e-10       ***
1.4e+03       ***  2.45e-10       ***
1.5e+03       ***  2.48e-10       ***
1.6e+03       ***   2.5e-10       ***
1.7e+03       ***  2.53e-10       ***
1.8e+03       ***  2.55e-10       ***
1.9e+03       ***  2.57e-10       ***
  2e+03       ***   2.6e-10       ***

Capture/Escape Rate Coefficients:

   T(K)        W1        W2        P1
    500       258  1.38e+11  2.06e-10
    600  1.83e+04  1.55e+11  2.12e-10
    700  4.01e+05  1.59e+11  2.18e-10
    800  4.16e+06  1.55e+11  2.23e-10
    900   2.6e+07  1.48e+11  2.27e-10
  1e+03  1.14e+08  1.38e+11  2.31e-10
1.1e+03  3.85e+08  1.28e+11  2.35e-10
1.2e+03  1.07e+09  1.18e+11  2.38e-10
1.3e+03  2.53e+09  1.09e+11  2.42e-10
1.4e+03  5.34e+09     1e+11  2.45e-10
1.5e+03  1.02e+10   9.2e+10  2.48e-10
1.6e+03   1.8e+10  8.47e+10   2.5e-10
1.7e+03  2.99e+10   7.8e+10  2.53e-10
1.8e+03  4.68e+10   7.2e+10  2.55e-10
1.9e+03  7.01e+10  6.65e+10  2.57e-10
  2e+03  1.01e+11  6.16e+10   2.6e-10

______________________________________________________________________________________

Pressure-Species Rate Tables:

Reactant = W1   Temperature = 500 K

   P(atm)        W2        P1      Loss
      0.1   0.00607       235       235
        1    0.0159       253       253
       10     0.084       256       256
      100      8.37       248       257
      O-O       258       ***       258

Reactant = W1   Temperature = 600 K

   P(atm)        W2        P1      Loss
      0.1      0.54  1.31e+04  1.31e+04
        1      1.72   1.7e+04   1.7e+04
       10      10.3  1.81e+04  1.81e+04
      100       608  1.76e+04  1.82e+04
      O-O  1.83e+04       ***  1.83e+04

Reactant = W1   Temperature = 700 K

   P(atm)        W2        P1      Loss
      0.1      9.44  1.78e+05  1.78e+05
        1      42.8  3.12e+05  3.12e+05
       10       385  3.82e+05  3.82e+05
      100  1.51e+04  3.82e+05  3.97e+05
      O-O  4.01e+05       ***  4.01e+05

Reactant = W1   Temperature = 800 K

   P(atm)        W2        P1      Loss
      0.1      67.2   9.1e+05  9.11e+05
        1       618  2.31e+06  2.31e+06
       10  8.21e+03  3.59e+06   3.6e+06
      100  1.91e+05  3.87e+06  4.06e+06
      O-O  4.16e+06       ***  4.16e+06

Reactant = W1   Temperature = 900 K

   P(atm)        W2        P1      Loss
      0.1       974  2.48e+06  2.48e+06
        1   1.2e+04  8.67e+06  8.68e+06
       10  1.22e+05  1.84e+07  1.85e+07
      100  1.55e+06  2.29e+07  2.44e+07
      O-O   2.6e+07       ***   2.6e+07

Reactant = W1   Temperature = 1e+03 K

   P(atm)        W2        P1      Loss
      0.1  1.59e+04  4.79e+06   4.8e+06
        1  1.37e+05  2.05e+07  2.06e+07
       10  9.69e+05  5.83e+07  5.93e+07
      100  8.04e+06  9.03e+07  9.83e+07
      O-O  1.14e+08       ***  1.14e+08

Reactant = W1   Temperature = 1.1e+03 K

   P(atm)        W2        P1      Loss
      0.1  1.95e+05  7.84e+06  8.04e+06
        1  1.15e+06   3.6e+07  3.72e+07
       10  5.94e+06  1.27e+08  1.33e+08
      100  3.41e+07  2.52e+08  2.86e+08
      O-O  3.85e+08       ***  3.85e+08

Reactant = W1   Temperature = 1.2e+03 K

   P(atm)        W2        P1      Loss
      0.1  1.01e+06  1.05e+07  1.15e+07
        1  4.77e+06  4.95e+07  5.42e+07
       10   2.1e+07  2.07e+08  2.27e+08
      100  1.01e+08  5.31e+08  6.31e+08
      O-O  1.07e+09       ***  1.07e+09

Reactant = W1   Temperature = 1.3e+03 K

   P(atm)        W2        P1      Loss
      0.1  3.81e+06  1.12e+07   1.5e+07
        1  1.53e+07  5.38e+07  6.91e+07
       10  6.08e+07  2.59e+08   3.2e+08
      100  2.55e+08  8.54e+08  1.11e+09
      O-O  2.53e+09       ***  2.53e+09

Reactant = W1   Temperature = 1.4e+03 K

   P(atm)        W2        P1      Loss
      0.1  9.46e+06  1.07e+07  2.02e+07
        1  3.44e+07  5.11e+07  8.55e+07
       10   1.3e+08  2.75e+08  4.06e+08
      100  5.12e+08  1.13e+09  1.64e+09
      O-O  5.34e+09       ***  5.34e+09

Reactant = W1   Temperature = 1.5e+03 K

   P(atm)        W2        P1      Loss
      0.1  1.79e+07  8.53e+06  2.64e+07
        1  6.17e+07  4.13e+07  1.03e+08
       10  2.31e+08  2.48e+08  4.79e+08
      100  8.86e+08  1.26e+09  2.14e+09
      O-O  1.02e+10       ***  1.02e+10

Reactant = W1   Temperature = 1.6e+03 K

   P(atm)        W2        P1      Loss
      0.1  2.41e+07  4.58e+06  2.86e+07
        1  8.59e+07  2.65e+07  1.12e+08
       10  3.34e+08  1.85e+08  5.19e+08
      100  1.32e+09  1.18e+09   2.5e+09
      O-O   1.8e+10       ***   1.8e+10

Reactant = W1   Temperature = 1.7e+03 K

   P(atm)        W2        P1      Loss
      0.1  2.98e+07   2.3e+06  3.21e+07
        1  1.12e+08  1.63e+07  1.28e+08
       10   4.4e+08  1.26e+08  5.65e+08
      100   1.8e+09  9.91e+08   2.8e+09
      O-O  2.99e+10       ***  2.99e+10

Reactant = W1   Temperature = 1.8e+03 K

   P(atm)        W2        P1      Loss
      0.1  2.94e+07  7.37e+05  3.02e+07
        1  1.27e+08  9.59e+06  1.36e+08
       10  5.14e+08  8.35e+07  5.98e+08
      100   2.2e+09  7.89e+08  2.99e+09
      O-O  4.68e+10       ***  4.68e+10

Reactant = W1   Temperature = 1.9e+03 K

   P(atm)        W2        P1      Loss
      0.1   2.4e+07  -2.5e+04   2.4e+07
        1  1.28e+08  4.47e+06  1.33e+08
       10  5.63e+08  4.75e+07  6.11e+08
      100  2.54e+09  5.41e+08  3.09e+09
      O-O  7.01e+10       ***  7.01e+10

Reactant = W1   Temperature = 2e+03 K

   P(atm)        W2        P1      Loss
      0.1  1.67e+07  -1.3e+05  1.66e+07
        1  1.14e+08  1.78e+06  1.16e+08
       10  5.71e+08  2.53e+07  5.96e+08
      100  2.76e+09  3.39e+08   3.1e+09
      O-O  1.01e+11       ***  1.01e+11

Reactant = W2   Temperature = 500 K

   P(atm)        W1        P1      Loss
      0.1  4.33e-06  8.17e+09  8.17e+09
        1 -3.54e-06  1.98e+10  1.98e+10
       10   0.00679  4.04e+10  4.04e+10
      100       1.1  7.61e+10  7.61e+10
      O-O      34.1  1.38e+11  1.38e+11

Reactant = W2   Temperature = 600 K

   P(atm)        W1        P1      Loss
      0.1 -4.98e-05  1.21e+10  1.21e+10
        1   0.00587  2.64e+10  2.64e+10
       10     0.263  4.96e+10  4.96e+10
      100      22.3  8.54e+10  8.54e+10
      O-O       678  1.55e+11  1.55e+11

Reactant = W2   Temperature = 700 K

   P(atm)        W1        P1      Loss
      0.1   0.00321  1.42e+10  1.42e+10
        1     0.114  2.94e+10  2.94e+10
       10      4.36   5.3e+10   5.3e+10
      100       213  8.73e+10  8.73e+10
      O-O  5.69e+03  1.59e+11  1.59e+11

Reactant = W2   Temperature = 800 K

   P(atm)        W1        P1      Loss
      0.1    0.0772  1.53e+10  1.53e+10
        1      2.21  3.05e+10  3.05e+10
       10      49.6  5.35e+10  5.35e+10
      100  1.27e+03  8.54e+10  8.54e+10
      O-O  2.79e+04  1.55e+11  1.55e+11

Reactant = W2   Temperature = 900 K

   P(atm)        W1        P1      Loss
      0.1      2.51  1.59e+10  1.59e+10
        1        39  3.07e+10  3.07e+10
       10       431  5.26e+10  5.26e+10
      100  5.63e+03  8.19e+10  8.19e+10
      O-O  9.53e+04  1.48e+11  1.48e+11

Reactant = W2   Temperature = 1e+03 K

   P(atm)        W1        P1      Loss
      0.1      30.9  1.51e+10  1.51e+10
        1       293  2.88e+10  2.88e+10
       10  2.12e+03  4.88e+10  4.88e+10
      100  1.78e+04  7.55e+10  7.55e+10
      O-O  2.54e+05  1.38e+11  1.38e+11

Reactant = W2   Temperature = 1.1e+03 K

   P(atm)        W1        P1      Loss
      0.1       262  1.52e+10  1.52e+10
        1  1.65e+03  2.83e+10  2.83e+10
       10  8.62e+03  4.71e+10  4.71e+10
      100  4.98e+04  7.13e+10  7.13e+10
      O-O  5.63e+05  1.28e+11  1.28e+11

Reactant = W2   Temperature = 1.2e+03 K

   P(atm)        W1        P1      Loss
      0.1       967  1.41e+10  1.41e+10
        1  4.79e+03   2.6e+10   2.6e+10
       10  2.13e+04   4.3e+10   4.3e+10
      100  1.03e+05  6.49e+10  6.49e+10
      O-O  1.09e+06  1.18e+11  1.18e+11

Reactant = W2   Temperature = 1.3e+03 K

   P(atm)        W1        P1      Loss
      0.1  2.72e+03  1.37e+10  1.37e+10
        1  1.13e+04  2.49e+10  2.49e+10
       10  4.54e+04  4.06e+10  4.06e+10
      100  1.91e+05  6.05e+10  6.05e+10
      O-O   1.9e+06  1.09e+11  1.09e+11

Reactant = W2   Temperature = 1.4e+03 K

   P(atm)        W1        P1      Loss
      0.1   5.2e+03  1.28e+10  1.28e+10
        1  1.93e+04  2.31e+10  2.31e+10
       10  7.42e+04  3.75e+10  3.75e+10
      100  2.93e+05  5.55e+10  5.55e+10
      O-O  3.06e+06     1e+11     1e+11

Reactant = W2   Temperature = 1.5e+03 K

   P(atm)        W1        P1      Loss
      0.1  7.75e+03   1.2e+10   1.2e+10
        1  2.74e+04  2.15e+10  2.15e+10
       10  1.04e+05  3.47e+10  3.47e+10
      100  3.99e+05  5.11e+10  5.11e+10
      O-O  4.61e+06   9.2e+10   9.2e+10

Reactant = W2   Temperature = 1.6e+03 K

   P(atm)        W1        P1      Loss
      0.1  8.38e+03  1.13e+10  1.13e+10
        1  3.08e+04  2.01e+10  2.01e+10
       10  1.21e+05  3.22e+10  3.22e+10
      100  4.82e+05  4.72e+10  4.72e+10
      O-O  6.58e+06  8.46e+10  8.47e+10

Reactant = W2   Temperature = 1.7e+03 K

   P(atm)        W1        P1      Loss
      0.1   8.6e+03  1.09e+10  1.09e+10
        1  3.31e+04  1.91e+10  1.91e+10
       10  1.32e+05  3.03e+10  3.03e+10
      100  5.42e+05   4.4e+10   4.4e+10
      O-O  8.99e+06   7.8e+10   7.8e+10

Reactant = W2   Temperature = 1.8e+03 K

   P(atm)        W1        P1      Loss
      0.1  7.02e+03  9.78e+09  9.78e+09
        1  3.15e+04  1.73e+10  1.73e+10
       10  1.29e+05  2.74e+10  2.74e+10
      100  5.55e+05     4e+10     4e+10
      O-O  1.19e+07   7.2e+10   7.2e+10

Reactant = W2   Temperature = 1.9e+03 K

   P(atm)        W1        P1      Loss
      0.1  4.82e+03  9.29e+09  9.29e+09
        1  2.72e+04  1.63e+10  1.63e+10
       10  1.21e+05  2.57e+10  2.57e+10
      100  5.49e+05  3.72e+10  3.72e+10
      O-O  1.52e+07  6.65e+10  6.65e+10

Reactant = W2   Temperature = 2e+03 K

   P(atm)        W1        P1      Loss
      0.1  2.86e+03  8.85e+09  8.85e+09
        1  2.08e+04  1.54e+10  1.54e+10
       10  1.06e+05  2.41e+10  2.41e+10
      100  5.15e+05  3.47e+10  3.47e+10
      O-O  1.89e+07  6.16e+10  6.16e+10

Reactant = P1   Temperature = 500 K

   P(atm)        W1        W2      Loss
      0.1  4.64e-20  1.21e-11  1.21e-11
        1  4.99e-20  2.95e-11  2.95e-11
       10  5.05e-20  6.02e-11  6.02e-11
      100  4.89e-20  1.13e-10  1.13e-10
      O-O       ***  2.06e-10  2.06e-10

Reactant = P1   Temperature = 600 K

   P(atm)        W1        W2      Loss
      0.1  6.65e-19  1.63e-11  1.63e-11
        1   8.6e-19  3.61e-11  3.61e-11
       10  9.16e-19   6.8e-11   6.8e-11
      100  8.94e-19  1.17e-10  1.17e-10
      O-O       ***  2.12e-10  2.12e-10

Reactant = P1   Temperature = 700 K

   P(atm)        W1        W2      Loss
      0.1  3.46e-18  1.92e-11  1.92e-11
        1  6.08e-18  4.02e-11  4.02e-11
       10  7.43e-18  7.27e-11  7.27e-11
      100  7.44e-18   1.2e-10   1.2e-10
      O-O       ***  2.18e-10  2.18e-10

Reactant = P1   Temperature = 800 K

   P(atm)        W1        W2      Loss
      0.1  8.76e-18  2.15e-11  2.15e-11
        1  2.22e-17  4.36e-11  4.36e-11
       10  3.45e-17  7.67e-11  7.67e-11
      100  3.72e-17  1.22e-10  1.22e-10
      O-O       ***  2.23e-10  2.23e-10

Reactant = P1   Temperature = 900 K

   P(atm)        W1        W2      Loss
      0.1   1.4e-17  2.38e-11  2.38e-11
        1  4.89e-17  4.71e-11  4.71e-11
       10  1.04e-16  8.09e-11  8.09e-11
      100  1.29e-16  1.26e-10  1.26e-10
      O-O       ***  2.27e-10  2.27e-10

Reactant = P1   Temperature = 1e+03 K

   P(atm)        W1        W2      Loss
      0.1  1.78e-17  2.46e-11  2.46e-11
        1  7.64e-17   4.8e-11   4.8e-11
       10  2.17e-16  8.16e-11  8.16e-11
      100  3.36e-16  1.26e-10  1.26e-10
      O-O       ***  2.31e-10  2.31e-10

Reactant = P1   Temperature = 1.1e+03 K

   P(atm)        W1        W2      Loss
      0.1  2.11e-17   2.7e-11   2.7e-11
        1  9.68e-17  5.17e-11  5.17e-11
       10  3.41e-16  8.63e-11  8.63e-11
      100  6.76e-16  1.31e-10  1.31e-10
      O-O       ***  2.35e-10  2.35e-10

Reactant = P1   Temperature = 1.2e+03 K

   P(atm)        W1        W2      Loss
      0.1  2.18e-17  2.75e-11  2.75e-11
        1  1.02e-16  5.22e-11  5.22e-11
       10  4.26e-16  8.67e-11  8.67e-11
      100   1.1e-15  1.31e-10  1.31e-10
      O-O       ***  2.38e-10  2.38e-10

Reactant = P1   Temperature = 1.3e+03 K

   P(atm)        W1        W2      Loss
      0.1  1.91e-17  2.94e-11  2.94e-11
        1  9.03e-17   5.5e-11   5.5e-11
       10  4.33e-16  9.02e-11  9.02e-11
      100  1.42e-15  1.34e-10  1.34e-10
      O-O       ***  2.42e-10  2.42e-10

Reactant = P1   Temperature = 1.4e+03 K

   P(atm)        W1        W2      Loss
      0.1   1.6e-17  3.03e-11  3.03e-11
        1  7.27e-17  5.62e-11  5.62e-11
       10  3.87e-16  9.16e-11  9.16e-11
      100  1.58e-15  1.36e-10  1.36e-10
      O-O       ***  2.45e-10  2.45e-10

Reactant = P1   Temperature = 1.5e+03 K

   P(atm)        W1        W2      Loss
      0.1  1.18e-17  3.13e-11  3.13e-11
        1  5.18e-17  5.76e-11  5.76e-11
       10  3.03e-16  9.33e-11  9.33e-11
      100  1.53e-15  1.37e-10  1.37e-10
      O-O       ***  2.48e-10  2.48e-10

Reactant = P1   Temperature = 1.6e+03 K

   P(atm)        W1        W2      Loss
      0.1  6.84e-18  3.24e-11  3.24e-11
        1  3.07e-17  5.92e-11  5.92e-11
       10  2.02e-16  9.52e-11  9.52e-11
      100  1.27e-15  1.39e-10  1.39e-10
      O-O       ***   2.5e-10   2.5e-10

Reactant = P1   Temperature = 1.7e+03 K

   P(atm)        W1        W2      Loss
      0.1  4.17e-18  3.42e-11  3.42e-11
        1  1.79e-17  6.18e-11  6.18e-11
       10  1.25e-16  9.83e-11  9.83e-11
      100  9.69e-16  1.43e-10  1.43e-10
      O-O       ***  2.53e-10  2.53e-10

Reactant = P1   Temperature = 1.8e+03 K

   P(atm)        W1        W2      Loss
      0.1  2.93e-18  3.36e-11  3.36e-11
        1  1.11e-17  6.08e-11  6.08e-11
       10  7.86e-17  9.72e-11  9.72e-11
      100  7.13e-16  1.42e-10  1.42e-10
      O-O       ***  2.55e-10  2.55e-10

Reactant = P1   Temperature = 1.9e+03 K

   P(atm)        W1        W2      Loss
      0.1  1.96e-18  3.49e-11  3.49e-11
        1  6.36e-18  6.27e-11  6.27e-11
       10  4.36e-17  9.94e-11  9.94e-11
      100  4.58e-16  1.44e-10  1.44e-10
      O-O       ***  2.57e-10  2.57e-10

Reactant = P1   Temperature = 2e+03 K

   P(atm)        W1        W2      Loss
      0.1   1.4e-18  3.62e-11  3.62e-11
        1  3.95e-18  6.46e-11  6.46e-11
       10   2.4e-17  1.02e-10  1.02e-10
      100  2.74e-16  1.47e-10  1.47e-10
      O-O       ***   2.6e-10   2.6e-10

______________________________________________________________________________________

Temperature-Species Rate Tables:

Reactant = W1   Pressure = 0.1 atm

   T(K)        W2        P1      Loss   Capture
    500   0.00607       235       235       258
    600      0.54  1.31e+04  1.31e+04  1.83e+04
    700      9.44  1.78e+05  1.78e+05  4.01e+05
    800      67.2   9.1e+05  9.11e+05  4.16e+06
    900       974  2.48e+06  2.48e+06   2.6e+07
  1e+03  1.59e+04  4.79e+06   4.8e+06  1.14e+08
1.1e+03  1.95e+05  7.84e+06  8.04e+06  3.85e+08
1.2e+03  1.01e+06  1.05e+07  1.15e+07  1.07e+09
1.3e+03  3.81e+06  1.12e+07   1.5e+07  2.53e+09
1.4e+03  9.46e+06  1.07e+07  2.02e+07  5.34e+09
1.5e+03  1.79e+07  8.53e+06  2.64e+07  1.02e+10
1.6e+03  2.41e+07  4.58e+06  2.86e+07   1.8e+10
1.7e+03  2.98e+07   2.3e+06  3.21e+07  2.99e+10
1.8e+03  2.94e+07  7.37e+05  3.02e+07  4.68e+10
1.9e+03   2.4e+07  -2.5e+04   2.4e+07  7.01e+10
  2e+03  1.67e+07  -1.3e+05  1.66e+07  1.01e+11

Reactant = W1   Pressure = 1 atm

   T(K)        W2        P1      Loss   Capture
    500    0.0159       253       253       258
    600      1.72   1.7e+04   1.7e+04  1.83e+04
    700      42.8  3.12e+05  3.12e+05  4.01e+05
    800       618  2.31e+06  2.31e+06  4.16e+06
    900   1.2e+04  8.67e+06  8.68e+06   2.6e+07
  1e+03  1.37e+05  2.05e+07  2.06e+07  1.14e+08
1.1e+03  1.15e+06   3.6e+07  3.72e+07  3.85e+08
1.2e+03  4.77e+06  4.95e+07  5.42e+07  1.07e+09
1.3e+03  1.53e+07  5.38e+07  6.91e+07  2.53e+09
1.4e+03  3.44e+07  5.11e+07  8.55e+07  5.34e+09
1.5e+03  6.17e+07  4.13e+07  1.03e+08  1.02e+10
1.6e+03  8.59e+07  2.65e+07  1.12e+08   1.8e+10
1.7e+03  1.12e+08  1.63e+07  1.28e+08  2.99e+10
1.8e+03  1.27e+08  9.59e+06  1.36e+08  4.68e+10
1.9e+03  1.28e+08  4.47e+06  1.33e+08  7.01e+10
  2e+03  1.14e+08  1.78e+06  1.16e+08  1.01e+11

Reactant = W1   Pressure = 10 atm

   T(K)        W2        P1      Loss   Capture
    500     0.084       256       256       258
    600      10.3  1.81e+04  1.81e+04  1.83e+04
    700       385  3.82e+05  3.82e+05  4.01e+05
    800  8.21e+03  3.59e+06   3.6e+06  4.16e+06
    900  1.22e+05  1.84e+07  1.85e+07   2.6e+07
  1e+03  9.69e+05  5.83e+07  5.93e+07  1.14e+08
1.1e+03  5.94e+06  1.27e+08  1.33e+08  3.85e+08
1.2e+03   2.1e+07  2.07e+08  2.27e+08  1.07e+09
1.3e+03  6.08e+07  2.59e+08   3.2e+08  2.53e+09
1.4e+03   1.3e+08  2.75e+08  4.06e+08  5.34e+09
1.5e+03  2.31e+08  2.48e+08  4.79e+08  1.02e+10
1.6e+03  3.34e+08  1.85e+08  5.19e+08   1.8e+10
1.7e+03   4.4e+08  1.26e+08  5.65e+08  2.99e+10
1.8e+03  5.14e+08  8.35e+07  5.98e+08  4.68e+10
1.9e+03  5.63e+08  4.75e+07  6.11e+08  7.01e+10
  2e+03  5.71e+08  2.53e+07  5.96e+08  1.01e+11

Reactant = W1   Pressure = 100 atm

   T(K)        W2        P1      Loss   Capture
    500      8.37       248       257       258
    600       608  1.76e+04  1.82e+04  1.83e+04
    700  1.51e+04  3.82e+05  3.97e+05  4.01e+05
    800  1.91e+05  3.87e+06  4.06e+06  4.16e+06
    900  1.55e+06  2.29e+07  2.44e+07   2.6e+07
  1e+03  8.04e+06  9.03e+07  9.83e+07  1.14e+08
1.1e+03  3.41e+07  2.52e+08  2.86e+08  3.85e+08
1.2e+03  1.01e+08  5.31e+08  6.31e+08  1.07e+09
1.3e+03  2.55e+08  8.54e+08  1.11e+09  2.53e+09
1.4e+03  5.12e+08  1.13e+09  1.64e+09  5.34e+09
1.5e+03  8.86e+08  1.26e+09  2.14e+09  1.02e+10
1.6e+03  1.32e+09  1.18e+09   2.5e+09   1.8e+10
1.7e+03   1.8e+09  9.91e+08   2.8e+09  2.99e+10
1.8e+03   2.2e+09  7.89e+08  2.99e+09  4.68e+10
1.9e+03  2.54e+09  5.41e+08  3.09e+09  7.01e+10
  2e+03  2.76e+09  3.39e+08   3.1e+09  1.01e+11

Reactant = W2   Pressure = 0.1 atm

   T(K)        W1        P1      Loss   Capture
    500  4.33e-06  8.17e+09  8.17e+09  1.38e+11
    600 -4.98e-05  1.21e+10  1.21e+10  1.55e+11
    700   0.00321  1.42e+10  1.42e+10  1.59e+11
    800    0.0772  1.53e+10  1.53e+10  1.55e+11
    900      2.51  1.59e+10  1.59e+10  1.48e+11
  1e+03      30.9  1.51e+10  1.51e+10  1.38e+11
1.1e+03       262  1.52e+10  1.52e+10  1.28e+11
1.2e+03       967  1.41e+10  1.41e+10  1.18e+11
1.3e+03  2.72e+03  1.37e+10  1.37e+10  1.09e+11
1.4e+03   5.2e+03  1.28e+10  1.28e+10     1e+11
1.5e+03  7.75e+03   1.2e+10   1.2e+10   9.2e+10
1.6e+03  8.38e+03  1.13e+10  1.13e+10  8.47e+10
1.7e+03   8.6e+03  1.09e+10  1.09e+10   7.8e+10
1.8e+03  7.02e+03  9.78e+09  9.78e+09   7.2e+10
1.9e+03  4.82e+03  9.29e+09  9.29e+09  6.65e+10
  2e+03  2.86e+03  8.85e+09  8.85e+09  6.16e+10

Reactant = W2   Pressure = 1 atm

   T(K)        W1        P1      Loss   Capture
    500 -3.54e-06  1.98e+10  1.98e+10  1.38e+11
    600   0.00587  2.64e+10  2.64e+10  1.55e+11
    700     0.114  2.94e+10  2.94e+10  1.59e+11
    800      2.21  3.05e+10  3.05e+10  1.55e+11
    900        39  3.07e+10  3.07e+10  1.48e+11
  1e+03       293  2.88e+10  2.88e+10  1.38e+11
1.1e+03  1.65e+03  2.83e+10  2.83e+10  1.28e+11
1.2e+03  4.79e+03   2.6e+10   2.6e+10  1.18e+11
1.3e+03  1.13e+04  2.49e+10  2.49e+10  1.09e+11
1.4e+03  1.93e+04  2.31e+10  2.31e+10     1e+11
1.5e+03  2.74e+04  2.15e+10  2.15e+10   9.2e+10
1.6e+03  3.08e+04  2.01e+10  2.01e+10  8.47e+10
1.7e+03  3.31e+04  1.91e+10  1.91e+10   7.8e+10
1.8e+03  3.15e+04  1.73e+10  1.73e+10   7.2e+10
1.9e+03  2.72e+04  1.63e+10  1.63e+10  6.65e+10
  2e+03  2.08e+04  1.54e+10  1.54e+10  6.16e+10

Reactant = W2   Pressure = 10 atm

   T(K)        W1        P1      Loss   Capture
    500   0.00679  4.04e+10  4.04e+10  1.38e+11
    600     0.263  4.96e+10  4.96e+10  1.55e+11
    700      4.36   5.3e+10   5.3e+10  1.59e+11
    800      49.6  5.35e+10  5.35e+10  1.55e+11
    900       431  5.26e+10  5.26e+10  1.48e+11
  1e+03  2.12e+03  4.88e+10  4.88e+10  1.38e+11
1.1e+03  8.62e+03  4.71e+10  4.71e+10  1.28e+11
1.2e+03  2.13e+04   4.3e+10   4.3e+10  1.18e+11
1.3e+03  4.54e+04  4.06e+10  4.06e+10  1.09e+11
1.4e+03  7.42e+04  3.75e+10  3.75e+10     1e+11
1.5e+03  1.04e+05  3.47e+10  3.47e+10   9.2e+10
1.6e+03  1.21e+05  3.22e+10  3.22e+10  8.47e+10
1.7e+03  1.32e+05  3.03e+10  3.03e+10   7.8e+10
1.8e+03  1.29e+05  2.74e+10  2.74e+10   7.2e+10
1.9e+03  1.21e+05  2.57e+10  2.57e+10  6.65e+10
  2e+03  1.06e+05  2.41e+10  2.41e+10  6.16e+10

Reactant = W2   Pressure = 100 atm

   T(K)        W1        P1      Loss   Capture
    500       1.1  7.61e+10  7.61e+10  1.38e+11
    600      22.3  8.54e+10  8.54e+10  1.55e+11
    700       213  8.73e+10  8.73e+10  1.59e+11
    800  1.27e+03  8.54e+10  8.54e+10  1.55e+11
    900  5.63e+03  8.19e+10  8.19e+10  1.48e+11
  1e+03  1.78e+04  7.55e+10  7.55e+10  1.38e+11
1.1e+03  4.98e+04  7.13e+10  7.13e+10  1.28e+11
1.2e+03  1.03e+05  6.49e+10  6.49e+10  1.18e+11
1.3e+03  1.91e+05  6.05e+10  6.05e+10  1.09e+11
1.4e+03  2.93e+05  5.55e+10  5.55e+10     1e+11
1.5e+03  3.99e+05  5.11e+10  5.11e+10   9.2e+10
1.6e+03  4.82e+05  4.72e+10  4.72e+10  8.47e+10
1.7e+03  5.42e+05   4.4e+10   4.4e+10   7.8e+10
1.8e+03  5.55e+05     4e+10     4e+10   7.2e+10
1.9e+03  5.49e+05  3.72e+10  3.72e+10  6.65e+10
  2e+03  5.15e+05  3.47e+10  3.47e+10  6.16e+10

Reactant = P1   Pressure = 0.1 atm

   T(K)        W1        W2      Loss   Capture
    500  4.64e-20  1.21e-11  1.21e-11  2.06e-10
    600  6.65e-19  1.63e-11  1.63e-11  2.12e-10
    700  3.46e-18  1.92e-11  1.92e-11  2.18e-10
    800  8.76e-18  2.15e-11  2.15e-11  2.23e-10
    900   1.4e-17  2.38e-11  2.38e-11  2.27e-10
  1e+03  1.78e-17  2.46e-11  2.46e-11  2.31e-10
1.1e+03  2.11e-17   2.7e-11   2.7e-11  2.35e-10
1.2e+03  2.18e-17  2.75e-11  2.75e-11  2.38e-10
1.3e+03  1.91e-17  2.94e-11  2.94e-11  2.42e-10
1.4e+03   1.6e-17  3.03e-11  3.03e-11  2.45e-10
1.5e+03  1.18e-17  3.13e-11  3.13e-11  2.48e-10
1.6e+03  6.84e-18  3.24e-11  3.24e-11   2.5e-10
1.7e+03  4.17e-18  3.42e-11  3.42e-11  2.53e-10
1.8e+03  2.93e-18  3.36e-11  3.36e-11  2.55e-10
1.9e+03  1.96e-18  3.49e-11  3.49e-11  2.57e-10
  2e+03   1.4e-18  3.62e-11  3.62e-11   2.6e-10

Reactant = P1   Pressure = 1 atm

   T(K)        W1        W2      Loss   Capture
    500  4.99e-20  2.95e-11  2.95e-11  2.06e-10
    600   8.6e-19  3.61e-11  3.61e-11  2.12e-10
    700  6.08e-18  4.02e-11  4.02e-11  2.18e-10
    800  2.22e-17  4.36e-11  4.36e-11  2.23e-10
    900  4.89e-17  4.71e-11  4.71e-11  2.27e-10
  1e+03  7.64e-17   4.8e-11   4.8e-11  2.31e-10
1.1e+03  9.68e-17  5.17e-11  5.17e-11  2.35e-10
1.2e+03  1.02e-16  5.22e-11  5.22e-11  2.38e-10
1.3e+03  9.03e-17   5.5e-11   5.5e-11  2.42e-10
1.4e+03  7.27e-17  5.62e-11  5.62e-11  2.45e-10
1.5e+03  5.18e-17  5.76e-11  5.76e-11  2.48e-10
1.6e+03  3.07e-17  5.92e-11  5.92e-11   2.5e-10
1.7e+03  1.79e-17  6.18e-11  6.18e-11  2.53e-10
1.8e+03  1.11e-17  6.08e-11  6.08e-11  2.55e-10
1.9e+03  6.36e-18  6.27e-11  6.27e-11  2.57e-10
  2e+03  3.95e-18  6.46e-11  6.46e-11   2.6e-10

Reactant = P1   Pressure = 10 atm

   T(K)        W1        W2      Loss   Capture
    500  5.05e-20  6.02e-11  6.02e-11  2.06e-10
    600  9.16e-19   6.8e-11   6.8e-11  2.12e-10
    700  7.43e-18  7.27e-11  7.27e-11  2.18e-10
    800  3.45e-17  7.67e-11  7.67e-11  2.23e-10
    900  1.04e-16  8.09e-11  8.09e-11  2.27e-10
  1e+03  2.17e-16  8.16e-11  8.16e-11  2.31e-10
1.1e+03  3.41e-16  8.63e-11  8.63e-11  2.35e-10
1.2e+03  4.26e-16  8.67e-11  8.67e-11  2.38e-10
1.3e+03  4.33e-16  9.02e-11  9.02e-11  2.42e-10
1.4e+03  3.87e-16  9.16e-11  9.16e-11  2.45e-10
1.5e+03  3.03e-16  9.33e-11  9.33e-11  2.48e-10
1.6e+03  2.02e-16  9.52e-11  9.52e-11   2.5e-10
1.7e+03  1.25e-16  9.83e-11  9.83e-11  2.53e-10
1.8e+03  7.86e-17  9.72e-11  9.72e-11  2.55e-10
1.9e+03  4.36e-17  9.94e-11  9.94e-11  2.57e-10
  2e+03   2.4e-17  1.02e-10  1.02e-10   2.6e-10

Reactant = P1   Pressure = 100 atm

   T(K)        W1        W2      Loss   Capture
    500  4.89e-20  1.13e-10  1.13e-10  2.06e-10
    600  8.94e-19  1.17e-10  1.17e-10  2.12e-10
    700  7.44e-18   1.2e-10   1.2e-10  2.18e-10
    800  3.72e-17  1.22e-10  1.22e-10  2.23e-10
    900  1.29e-16  1.26e-10  1.26e-10  2.27e-10
  1e+03  3.36e-16  1.26e-10  1.26e-10  2.31e-10
1.1e+03  6.76e-16  1.31e-10  1.31e-10  2.35e-10
1.2e+03   1.1e-15  1.31e-10  1.31e-10  2.38e-10
1.3e+03  1.42e-15  1.34e-10  1.34e-10  2.42e-10
1.4e+03  1.58e-15  1.36e-10  1.36e-10  2.45e-10
1.5e+03  1.53e-15  1.37e-10  1.37e-10  2.48e-10
1.6e+03  1.27e-15  1.39e-10  1.39e-10   2.5e-10
1.7e+03  9.69e-16  1.43e-10  1.43e-10  2.53e-10
1.8e+03  7.13e-16  1.42e-10  1.42e-10  2.55e-10
1.9e+03  4.58e-16  1.44e-10  1.44e-10  2.57e-10
  2e+03  2.74e-16  1.47e-10  1.47e-10   2.6e-10

______________________________________________________________________________________

Temperature-Pressure Rate Tables:

W1->W2

P\T           500       600       700       800       900     1e+03   1.1e+03   1.2e+03   1.3e+03   1.4e+03   1.5e+03   1.6e+03   1.7e+03   1.8e+03   1.9e+03     2e+03
0.1       0.00607      0.54      9.44      67.2       974  1.59e+04  1.95e+05  1.01e+06  3.81e+06  9.46e+06  1.79e+07  2.41e+07  2.98e+07  2.94e+07   2.4e+07  1.67e+07
1          0.0159      1.72      42.8       618   1.2e+04  1.37e+05  1.15e+06  4.77e+06  1.53e+07  3.44e+07  6.17e+07  8.59e+07  1.12e+08  1.27e+08  1.28e+08  1.14e+08
10          0.084      10.3       385  8.21e+03  1.22e+05  9.69e+05  5.94e+06   2.1e+07  6.08e+07   1.3e+08  2.31e+08  3.34e+08   4.4e+08  5.14e+08  5.63e+08  5.71e+08
100          8.37       608  1.51e+04  1.91e+05  1.55e+06  8.04e+06  3.41e+07  1.01e+08  2.55e+08  5.12e+08  8.86e+08  1.32e+09   1.8e+09   2.2e+09  2.54e+09  2.76e+09
O-O           258  1.83e+04  4.01e+05  4.16e+06   2.6e+07  1.14e+08  3.85e+08  1.07e+09  2.53e+09  5.34e+09  1.02e+10   1.8e+10  2.99e+10  4.68e+10  7.01e+10  1.01e+11

W1->P1

P\T           500       600       700       800       900     1e+03   1.1e+03   1.2e+03   1.3e+03   1.4e+03   1.5e+03   1.6e+03   1.7e+03   1.8e+03   1.9e+03     2e+03
0.1           235  1.31e+04  1.78e+05   9.1e+05  2.48e+06  4.79e+06  7.84e+06  1.05e+07  1.12e+07  1.07e+07  8.53e+06  4.58e+06   2.3e+06  7.37e+05  -2.5e+04  -1.3e+05
1             253   1.7e+04  3.12e+05  2.31e+06  8.67e+06  2.05e+07   3.6e+07  4.95e+07  5.38e+07  5.11e+07  4.13e+07  2.65e+07  1.63e+07  9.59e+06  4.47e+06  1.78e+06
10            256  1.81e+04  3.82e+05  3.59e+06  1.84e+07  5.83e+07  1.27e+08  2.07e+08  2.59e+08  2.75e+08  2.48e+08  1.85e+08  1.26e+08  8.35e+07  4.75e+07  2.53e+07
100           248  1.76e+04  3.82e+05  3.87e+06  2.29e+07  9.03e+07  2.52e+08  5.31e+08  8.54e+08  1.13e+09  1.26e+09  1.18e+09  9.91e+08  7.89e+08  5.41e+08  3.39e+08
O-O           ***       ***       ***       ***       ***       ***       ***       ***       ***       ***       ***       ***       ***       ***       ***       ***

W2->W1

P\T           500       600       700       800       900     1e+03   1.1e+03   1.2e+03   1.3e+03   1.4e+03   1.5e+03   1.6e+03   1.7e+03   1.8e+03   1.9e+03     2e+03
0.1      4.33e-06 -4.98e-05   0.00321    0.0772      2.51      30.9       262       967  2.72e+03   5.2e+03  7.75e+03  8.38e+03   8.6e+03  7.02e+03  4.82e+03  2.86e+03
1       -3.54e-06   0.00587     0.114      2.21        39       293  1.65e+03  4.79e+03  1.13e+04  1.93e+04  2.74e+04  3.08e+04  3.31e+04  3.15e+04  2.72e+04  2.08e+04
10        0.00679     0.263      4.36      49.6       431  2.12e+03  8.62e+03  2.13e+04  4.54e+04  7.42e+04  1.04e+05  1.21e+05  1.32e+05  1.29e+05  1.21e+05  1.06e+05
100           1.1      22.3       213  1.27e+03  5.63e+03  1.78e+04  4.98e+04  1.03e+05  1.91e+05  2.93e+05  3.99e+05  4.82e+05  5.42e+05  5.55e+05  5.49e+05  5.15e+05
O-O          34.1       678  5.69e+03  2.79e+04  9.53e+04  2.54e+05  5.63e+05  1.09e+06   1.9e+06  3.06e+06  4.61e+06  6.58e+06  8.99e+06  1.19e+07  1.52e+07  1.89e+07

W2->P1

P\T           500       600       700       800       900     1e+03   1.1e+03   1.2e+03   1.3e+03   1.4e+03   1.5e+03   1.6e+03   1.7e+03   1.8e+03   1.9e+03     2e+03
0.1      8.17e+09  1.21e+10  1.42e+10  1.53e+10  1.59e+10  1.51e+10  1.52e+10  1.41e+10  1.37e+10  1.28e+10   1.2e+10  1.13e+10  1.09e+10  9.78e+09  9.29e+09  8.85e+09
1        1.98e+10  2.64e+10  2.94e+10  3.05e+10  3.07e+10  2.88e+10  2.83e+10   2.6e+10  2.49e+10  2.31e+10  2.15e+10  2.01e+10  1.91e+10  1.73e+10  1.63e+10  1.54e+10
10       4.04e+10  4.96e+10   5.3e+10  5.35e+10  5.26e+10  4.88e+10  4.71e+10   4.3e+10  4.06e+10  3.75e+10  3.47e+10  3.22e+10  3.03e+10  2.74e+10  2.57e+10  2.41e+10
100      7.61e+10  8.54e+10  8.73e+10  8.54e+10  8.19e+10  7.55e+10  7.13e+10  6.49e+10  6.05e+10  5.55e+10  5.11e+10  4.72e+10   4.4e+10     4e+10  3.72e+10  3.47e+10
O-O      1.38e+11  1.55e+11  1.59e+11  1.55e+11  1.48e+11  1.38e+11  1.28e+11  1.18e+11  1.09e+11     1e+11   9.2e+10  8.46e+10   7.8e+10   7.2e+10  6.65e+10  6.16e+10

P1->W1

P\T           500       600       700       800       900     1e+03   1.1e+03   1.2e+03   1.3e+03   1.4e+03   1.5e+03   1.6e+03   1.7e+03   1.8e+03   1.9e+03     2e+03
0.1      4.64e-20  6.65e-19  3.46e-18  8.76e-18   1.4e-17  1.78e-17  2.11e-17  2.18e-17  1.91e-17   1.6e-17  1.18e-17  6.84e-18  4.17e-18  2.93e-18  1.96e-18   1.4e-18
1        4.99e-20   8.6e-19  6.08e-18  2.22e-17  4.89e-17  7.64e-17  9.68e-17  1.02e-16  9.03e-17  7.27e-17  5.18e-17  3.07e-17  1.79e-17  1.11e-17  6.36e-18  3.95e-18
10       5.05e-20  9.16e-19  7.43e-18  3.45e-17  1.04e-16  2.17e-16  3.41e-16  4.26e-16  4.33e-16  3.87e-16  3.03e-16  2.02e-16  1.25e-16  7.86e-17  4.36e-17   2.4e-17
100      4.89e-20  8.94e-19  7.44e-18  3.72e-17  1.29e-16  3.36e-16  6.76e-16   1.1e-15  1.42e-15  1.58e-15  1.53e-15  1.27e-15  9.69e-16  7.13e-16  4.58e-16  2.74e-16
O-O           ***       ***       ***       ***       ***       ***       ***       ***       ***       ***       ***       ***       ***       ***       ***       ***

P1->W2

P\T           500       600       700       800       900     1e+03   1.1e+03   1.2e+03   1.3e+03   1.4e+03   1.5e+03   1.6e+03   1.7e+03   1.8e+03   1.9e+03     2e+03
0.1      1.21e-11  1.63e-11  1.92e-11  2.15e-11  2.38e-11  2.46e-11   2.7e-11  2.75e-11  2.94e-11  3.03e-11  3.13e-11  3.24e-11  3.42e-11  3.36e-11  3.49e-11  3.62e-11
1        2.95e-11  3.61e-11  4.02e-11  4.36e-11  4.71e-11   4.8e-11  5.17e-11  5.22e-11   5.5e-11  5.62e-11  5.76e-11  5.92e-11  6.18e-11  6.08e-11  6.27e-11  6.46e-11
10       6.02e-11   6.8e-11  7.27e-11  7.67e-11  8.09e-11  8.16e-11  8.63e-11  8.67e-11  9.02e-11  9.16e-11  9.33e-11  9.52e-11  9.83e-11  9.72e-11  9.94e-11  1.02e-10
100      1.13e-10  1.17e-10   1.2e-10  1.22e-10  1.26e-10  1.26e-10  1.31e-10  1.31e-10  1.34e-10  1.36e-10  1.37e-10  1.39e-10  1.43e-10  1.42e-10  1.44e-10  1.47e-10
O-O      2.06e-10  2.12e-10  2.18e-10  2.23e-10  2.27e-10  2.31e-10  2.35e-10  2.38e-10  2.42e-10  2.45e-10  2.48e-10   2.5e-10  2.53e-10  2.55e-10  2.57e-10   2.6e-10

W1-> 

P\T           500       600       700       800       900     1e+03   1.1e+03   1.2e+03   1.3e+03   1.4e+03   1.5e+03   1.6e+03   1.7e+03   1.8e+03   1.9e+03     2e+03
0.1           235  1.31e+04  1.78e+05  9.11e+05  2.48e+06   4.8e+06  8.04e+06  1.15e+07   1.5e+07  2.02e+07  2.64e+07  2.86e+07  3.21e+07  3.02e+07   2.4e+07  1.66e+07
1             253   1.7e+04  3.12e+05  2.31e+06  8.68e+06  2.06e+07  3.72e+07  5.42e+07  6.91e+07  8.55e+07  1.03e+08  1.12e+08  1.28e+08  1.36e+08  1.33e+08  1.16e+08
10            256  1.81e+04  3.82e+05   3.6e+06  1.85e+07  5.93e+07  1.33e+08  2.27e+08   3.2e+08  4.06e+08  4.79e+08  5.19e+08  5.65e+08  5.98e+08  6.11e+08  5.96e+08
100           257  1.82e+04  3.97e+05  4.06e+06  2.44e+07  9.83e+07  2.86e+08  6.31e+08  1.11e+09  1.64e+09  2.14e+09   2.5e+09   2.8e+09  2.99e+09  3.09e+09   3.1e+09
O-O           258  1.83e+04  4.01e+05  4.16e+06   2.6e+07  1.14e+08  3.85e+08  1.07e+09  2.53e+09  5.34e+09  1.02e+10   1.8e+10  2.99e+10  4.68e+10  7.01e+10  1.01e+11

W2-> 

P\T           500       600       700       800       900     1e+03   1.1e+03   1.2e+03   1.3e+03   1.4e+03   1.5e+03   1.6e+03   1.7e+03   1.8e+03   1.9e+03     2e+03
0.1      8.17e+09  1.21e+10  1.42e+10  1.53e+10  1.59e+10  1.51e+10  1.52e+10  1.41e+10  1.37e+10  1.28e+10   1.2e+10  1.13e+10  1.09e+10  9.78e+09  9.29e+09  8.85e+09
1        1.98e+10  2.64e+10  2.94e+10  3.05e+10  3.07e+10  2.88e+10  2.83e+10   2.6e+10  2.49e+10  2.31e+10  2.15e+10  2.01e+10  1.91e+10  1.73e+10  1.63e+10  1.54e+10
10       4.04e+10  4.96e+10   5.3e+10  5.35e+10  5.26e+10  4.88e+10  4.71e+10   4.3e+10  4.06e+10  3.75e+10  3.47e+10  3.22e+10  3.03e+10  2.74e+10  2.57e+10  2.41e+10
100      7.61e+10  8.54e+10  8.73e+10  8.54e+10  8.19e+10  7.55e+10  7.13e+10  6.49e+10  6.05e+10  5.55e+10  5.11e+10  4.72e+10   4.4e+10     4e+10  3.72e+10  3.47e+10
O-O      1.38e+11  1.55e+11  1.59e+11  1.55e+11  1.48e+11  1.38e+11  1.28e+11  1.18e+11  1.09e+11     1e+11   9.2e+10  8.47e+10   7.8e+10   7.2e+10  6.65e+10  6.16e+10

P1-> 

P\T           500       600       700       800       900     1e+03   1.1e+03   1.2e+03   1.3e+03   1.4e+03   1.5e+03   1.6e+03   1.7e+03   1.8e+03   1.9e+03     2e+03
0.1      1.21e-11  1.63e-11  1.92e-11  2.15e-11  2.38e-11  2.46e-11   2.7e-11  2.75e-11  2.94e-11  3.03e-11  3.13e-11  3.24e-11  3.42e-11  3.36e-11  3.49e-11  3.62e-11
1        2.95e-11  3.61e-11  4.02e-11  4.36e-11  4.71e-11   4.8e-11  5.17e-11  5.22e-11   5.5e-11  5.62e-11  5.76e-11  5.92e-11  6.18e-11  6.08e-11  6.27e-11  6.46e-11
10       6.02e-11   6.8e-11  7.27e-11  7.67e-11  8.09e-11  8.16e-11  8.63e-11  8.67e-11  9.02e-11  9.16e-11  9.33e-11  9.52e-11  9.83e-11  9.72e-11  9.94e-11  1.02e-10
100      1.13e-10  1.17e-10   1.2e-10  1.22e-10  1.26e-10  1.26e-10  1.31e-10  1.31e-10  1.34e-10  1.36e-10  1.37e-10  1.39e-10  1.43e-10  1.42e-10  1.44e-10  1.47e-10
O-O      2.06e-10  2.12e-10  2.18e-10  2.23e-10  2.27e-10  2.31e-10  2.35e-10  2.38e-10  2.42e-10  2.45e-10  2.48e-10   2.5e-10  2.53e-10  2.55e-10  2.57e-10   2.6e-10

