Wells (G - ground energy, D - dissociation limit, kcal/mol):
                            W         G         D
                C5O2nexammzee         0      2.78
      FakeW-C5H6O(645)e+OH(4)     -28.8     -25.8

Bimolecular Products (G - ground energy, kcal/mol):
                      P         G
      C5H6O(645)e+OH(4)     -25.8

Well-to-Bimolecular Barriers (H/G - barrier height/well depth, kcal/mol)
                            B         H                       W         G                 P
      FakeB-C5H6O(645)e+OH(4)     -25.8 FakeW-C5H6O(645)e+OH(4)     -28.8 C5H6O(645)e+OH(4)

Well-to-Well Barriers (H/G - barrier height/well depth, kcal/mol):
            B         H                      W1        G1                      W2        G2
      ts_3_47      2.78           C5O2nexammzee         0 FakeW-C5H6O(645)e+OH(4)     -28.8

Bound Groups: dissociation barrier (name/ground energy, kcal/mol): wells (name/ground energy, kcal/mol):
     C1/-25.8:  FakeW-C5H6O(645)e+OH(4)/-28.8

     B1/2.78:  C5O2nexammzee/0

________________________________________________________________________________________

Names Translation Tables (<short name> - <original name>):
Wells:
   W1 - C5O2nexammzee
   W2 - FakeW-C5H6O(645)e+OH(4)
Bimolecular products:
   P1 - C5H6O(645)e+OH(4)
Inner Barriers:
   B1 - ts_3_47
Outer Barriers:
   C1 - FakeB-C5H6O(645)e+OH(4)
Unimolecular Rate Units: 1/sec;  Bimolecular Rate Units: cm^3/sec

______________________________________________________________________________________

Species-Species Rate Tables:

Temperature = 500 K

High Pressure Rate Coefficients:

From\To         W1        W2        P1
W1             ***  1.04e+12       ***
W2        2.61e-06       ***  1.02e+10
P1             ***  2.41e-10       ***

Temperature = 500 K    Pressure = 0.1 atm

From\To         W1        W2        P1
W1        1.38e+10 -7.09e+06  1.38e+10
W2        1.11e-15  1.66e+09  1.66e+09
P1        8.02e-28  3.92e-11  3.92e-11

Temperature = 500 K    Pressure = 1 atm

From\To         W1        W2        P1
W1        4.13e+10 -6.55e+07  4.13e+10
W2        5.16e-12  3.28e+09  3.28e+09
P1        2.44e-27  7.73e-11  7.73e-11

Temperature = 500 K    Pressure = 10 atm

From\To         W1        W2        P1
W1        1.05e+11 -3.32e+08  1.02e+11
W2        1.62e-10  6.08e+09  6.08e+09
P1        6.04e-27  1.44e-10  1.44e-10

Temperature = 500 K    Pressure = 100 atm

From\To         W1        W2        P1
W1        2.31e+11  1.34e+11   9.7e+10
W2        3.38e-07  9.17e+09  9.17e+09
P1        5.75e-27  2.16e-10  2.16e-10

Temperature = 600 K

High Pressure Rate Coefficients:

From\To         W1        W2        P1
W1             ***  1.61e+12       ***
W2        0.000294       ***  1.14e+10
P1             ***  2.48e-10       ***

Temperature = 600 K    Pressure = 0.1 atm

From\To         W1        W2        P1
W1        1.16e+10 -4.68e+06  1.17e+10
W2        7.51e-12  2.18e+09  2.18e+09
P1        4.52e-26  4.73e-11  4.73e-11

Temperature = 600 K    Pressure = 1 atm

From\To         W1        W2        P1
W1        3.62e+10 -4.37e+07  3.62e+10
W2        1.31e-09  3.99e+09  3.99e+09
P1        1.43e-25  8.67e-11  8.67e-11

Temperature = 600 K    Pressure = 10 atm

From\To         W1        W2        P1
W1        9.67e+10  3.52e+09  9.32e+10
W2        7.01e-07   6.8e+09   6.8e+09
P1        3.68e-25  1.48e-10  1.48e-10

Temperature = 600 K    Pressure = 100 atm

From\To         W1        W2        P1
W1        2.26e+11  1.29e+11  9.67e+10
W2        2.36e-05  1.01e+10  1.01e+10
P1        3.82e-25   2.2e-10   2.2e-10

Temperature = 700 K

High Pressure Rate Coefficients:

From\To         W1        W2        P1
W1             ***  2.22e+12       ***
W2         0.00833       ***  1.17e+10
P1             ***  2.54e-10       ***

Temperature = 700 K    Pressure = 0.1 atm

From\To         W1        W2        P1
W1        9.76e+09 -3.74e+06  9.76e+09
W2       -1.03e-09   2.3e+09   2.3e+09
P1        7.79e-25  4.98e-11  4.98e-11

Temperature = 700 K    Pressure = 1 atm

From\To         W1        W2        P1
W1        3.08e+10 -1.98e+07  3.09e+10
W2        7.59e-08  4.09e+09  4.09e+09
P1         2.5e-24  8.89e-11  8.89e-11

Temperature = 700 K    Pressure = 10 atm

From\To         W1        W2        P1
W1        8.51e+10  4.28e+09  8.08e+10
W2         1.7e-05  6.77e+09  6.77e+09
P1        6.57e-24  1.47e-10  1.47e-10

Temperature = 700 K    Pressure = 100 atm

From\To         W1        W2        P1
W1        2.07e+11  1.19e+11  8.79e+10
W2        0.000445  1.02e+10  1.02e+10
P1        7.15e-24  2.21e-10  2.21e-10

Temperature = 800 K

High Pressure Rate Coefficients:

From\To         W1        W2        P1
W1             ***  2.85e+12       ***
W2           0.101       ***  1.14e+10
P1             ***   2.6e-10       ***

Temperature = 800 K    Pressure = 0.1 atm

From\To         W1        W2        P1
W1         8.7e+09 -2.93e+06  8.71e+09
W2        2.63e-09  2.46e+09  2.46e+09
P1        6.85e-24  5.58e-11  5.58e-11

Temperature = 800 K    Pressure = 1 atm

From\To         W1        W2        P1
W1        2.76e+10  2.77e+07  2.75e+10
W2        2.24e-06  4.23e+09  4.23e+09
P1         2.2e-23  9.61e-11  9.61e-11

Temperature = 800 K    Pressure = 10 atm

From\To         W1        W2        P1
W1        7.71e+10  6.15e+09  7.09e+10
W2        0.000226  6.71e+09  6.71e+09
P1         5.7e-23  1.53e-10  1.53e-10

Temperature = 800 K    Pressure = 100 atm

From\To         W1        W2        P1
W1        1.91e+11  1.15e+11  7.61e+10
W2         0.00407  9.86e+09  9.86e+09
P1        6.12e-23  2.24e-10  2.24e-10

Temperature = 900 K

High Pressure Rate Coefficients:

From\To         W1        W2        P1
W1             ***  3.47e+12       ***
W2           0.695       ***  1.09e+10
P1             ***  2.65e-10       ***

Temperature = 900 K    Pressure = 0.1 atm

From\To         W1        W2        P1
W1        7.73e+09 -2.49e+06  7.73e+09
W2        5.32e-08  2.35e+09  2.35e+09
P1        3.68e-23  5.72e-11  5.72e-11

Temperature = 900 K    Pressure = 1 atm

From\To         W1        W2        P1
W1        2.45e+10  1.26e+08  2.43e+10
W2        3.16e-05     4e+09     4e+09
P1        1.18e-22  9.74e-11  9.74e-11

Temperature = 900 K    Pressure = 10 atm

From\To         W1        W2        P1
W1        6.91e+10  8.26e+09  6.09e+10
W2          0.0017  6.27e+09  6.27e+09
P1        2.97e-22  1.53e-10  1.53e-10

Temperature = 900 K    Pressure = 100 atm

From\To         W1        W2        P1
W1        1.74e+11  1.09e+11  6.46e+10
W2           0.022  9.24e+09  9.24e+09
P1        3.15e-22  2.25e-10  2.25e-10

Temperature = 1e+03 K

High Pressure Rate Coefficients:

From\To         W1        W2        P1
W1             ***  4.08e+12       ***
W2            3.25       ***  1.02e+10
P1             ***   2.7e-10       ***

Temperature = 1e+03 K    Pressure = 0.1 atm

From\To         W1        W2        P1
W1        7.04e+09 -2.68e+06  7.03e+09
W2        5.17e-07  2.35e+09  2.35e+09
P1        1.44e-22   6.2e-11   6.2e-11

Temperature = 1e+03 K    Pressure = 1 atm

From\To         W1        W2        P1
W1        2.22e+10  4.98e+08  2.17e+10
W2        0.000419   3.9e+09   3.9e+09
P1        4.53e-22  1.03e-10  1.03e-10

Temperature = 1e+03 K    Pressure = 10 atm

From\To         W1        W2        P1
W1         6.3e+10  1.25e+10  5.05e+10
W2          0.0101  5.95e+09  5.95e+09
P1        1.06e-21  1.58e-10  1.58e-10

Temperature = 1e+03 K    Pressure = 100 atm

From\To         W1        W2        P1
W1         1.6e+11  1.09e+11  5.12e+10
W2          0.0869  8.62e+09  8.62e+09
P1        1.08e-21  2.28e-10  2.28e-10

Temperature = 1.1e+03 K

High Pressure Rate Coefficients:

From\To         W1        W2        P1
W1             ***  4.68e+12       ***
W2            11.4       ***  9.44e+09
P1             ***  2.74e-10       ***

Temperature = 1.1e+03 K    Pressure = 0.1 atm

From\To         W1        W2        P1
W1        5.92e+09  1.12e+08   5.8e+09
W2        0.000289  2.22e+09  2.22e+09
P1           4e-22  6.43e-11  6.43e-11

Temperature = 1.1e+03 K    Pressure = 1 atm

From\To         W1        W2        P1
W1        1.87e+10  1.77e+09   1.7e+10
W2         0.00437  3.65e+09  3.65e+09
P1        1.19e-21  1.06e-10  1.06e-10

Temperature = 1.1e+03 K    Pressure = 10 atm

From\To         W1        W2        P1
W1        5.39e+10  1.76e+10  3.63e+10
W2          0.0432  5.51e+09  5.51e+09
P1        2.57e-21   1.6e-10   1.6e-10

Temperature = 1.1e+03 K    Pressure = 100 atm

From\To         W1        W2        P1
W1        1.39e+11  1.03e+11  3.66e+10
W2           0.251  7.93e+09  7.93e+09
P1        2.59e-21   2.3e-10   2.3e-10

Temperature = 1.2e+03 K

High Pressure Rate Coefficients:

From\To         W1        W2        P1
W1             ***  5.26e+12       ***
W2            32.5       ***  8.71e+09
P1             ***  2.78e-10       ***

Temperature = 1.2e+03 K    Pressure = 0.1 atm

From\To         W1        W2        P1
W1        5.29e+09  5.19e+08  4.77e+09
W2          0.0033  2.07e+09  2.07e+09
P1        9.17e-22  6.59e-11  6.59e-11

Temperature = 1.2e+03 K    Pressure = 1 atm

From\To         W1        W2        P1
W1        1.67e+10  4.48e+09  1.23e+10
W2          0.0279  3.37e+09  3.37e+09
P1         2.4e-21  1.08e-10  1.08e-10

Temperature = 1.2e+03 K    Pressure = 10 atm

From\To         W1        W2        P1
W1        4.83e+10  2.43e+10   2.4e+10
W2           0.151  5.06e+09  5.06e+09
P1        4.74e-21  1.61e-10  1.61e-10

Temperature = 1.2e+03 K    Pressure = 100 atm

From\To         W1        W2        P1
W1        1.26e+11  1.01e+11  2.54e+10
W2           0.625  7.27e+09  7.27e+09
P1        5.01e-21  2.32e-10  2.32e-10

Temperature = 1.3e+03 K

High Pressure Rate Coefficients:

From\To         W1        W2        P1
W1             ***  5.82e+12       ***
W2            78.9       ***  8.02e+09
P1             ***  2.82e-10       ***

Temperature = 1.3e+03 K    Pressure = 0.1 atm

From\To         W1        W2        P1
W1        4.47e+09  1.35e+09  3.12e+09
W2          0.0185  1.96e+09  1.96e+09
P1        1.45e-21  6.86e-11  6.86e-11

Temperature = 1.3e+03 K    Pressure = 1 atm

From\To         W1        W2        P1
W1        1.42e+10  7.56e+09  6.63e+09
W2           0.103  3.15e+09  3.15e+09
P1        3.13e-21  1.11e-10  1.11e-10

Temperature = 1.3e+03 K    Pressure = 10 atm

From\To         W1        W2        P1
W1        4.14e+10  2.97e+10  1.17e+10
W2           0.403  4.68e+09  4.68e+09
P1        5.56e-21  1.64e-10  1.64e-10

Temperature = 1.3e+03 K    Pressure = 100 atm

From\To         W1        W2        P1
W1         1.1e+11  9.57e+10   1.4e+10
W2             1.3  6.66e+09  6.66e+09
P1        6.68e-21  2.34e-10  2.34e-10

Temperature = 1.4e+03 K

High Pressure Rate Coefficients:

From\To         W1        W2        P1
W1             ***  6.36e+12       ***
W2             168       ***  7.37e+09
P1             ***  2.86e-10       ***

Temperature = 1.4e+03 K    Pressure = 0.1 atm

From\To         W1        W2        P1
W1        4.11e+09  2.16e+09  1.95e+09
W2          0.0576  1.81e+09  1.81e+09
P1        1.96e-21  6.98e-11  6.98e-11

Temperature = 1.4e+03 K    Pressure = 1 atm

From\To         W1        W2        P1
W1         1.3e+10  9.43e+09  3.58e+09
W2            0.25   2.9e+09   2.9e+09
P1        3.65e-21  1.12e-10  1.12e-10

Temperature = 1.4e+03 K    Pressure = 10 atm

From\To         W1        W2        P1
W1         3.8e+10  3.23e+10  5.78e+09
W2           0.855  4.28e+09  4.28e+09
P1        5.91e-21  1.66e-10  1.66e-10

Temperature = 1.4e+03 K    Pressure = 100 atm

From\To         W1        W2        P1
W1        1.01e+11  9.36e+10  7.71e+09
W2            2.48   6.1e+09   6.1e+09
P1         7.9e-21  2.36e-10  2.36e-10

Temperature = 1.5e+03 K

High Pressure Rate Coefficients:

From\To         W1        W2        P1
W1             ***  6.88e+12       ***
W2             325       ***  6.78e+09
P1             ***  2.89e-10       ***

Temperature = 1.5e+03 K    Pressure = 0.1 atm

From\To         W1        W2        P1
W1        3.63e+09  2.65e+09   9.8e+08
W2           0.125  1.69e+09  1.69e+09
P1        1.96e-21  7.17e-11  7.17e-11

Temperature = 1.5e+03 K    Pressure = 1 atm

From\To         W1        W2        P1
W1        1.15e+10  9.86e+09  1.64e+09
W2           0.466  2.69e+09  2.69e+09
P1        3.29e-21  1.14e-10  1.14e-10

Temperature = 1.5e+03 K    Pressure = 10 atm

From\To         W1        W2        P1
W1        3.38e+10  3.13e+10  2.47e+09
W2            1.48  3.94e+09  3.94e+09
P1        4.97e-21  1.68e-10  1.68e-10

Temperature = 1.5e+03 K    Pressure = 100 atm

From\To         W1        W2        P1
W1        9.08e+10  8.73e+10  3.51e+09
W2            4.12  5.59e+09  5.59e+09
P1        7.07e-21  2.38e-10  2.38e-10

Temperature = 1.6e+03 K

High Pressure Rate Coefficients:

From\To         W1        W2        P1
W1             ***  7.39e+12       ***
W2             579       ***  6.24e+09
P1             ***  2.92e-10       ***

Temperature = 1.6e+03 K    Pressure = 0.1 atm

From\To         W1        W2        P1
W1        3.08e+09  2.68e+09     4e+08
W2            0.21  1.59e+09  1.59e+09
P1         1.5e-21   7.4e-11   7.4e-11

Temperature = 1.6e+03 K    Pressure = 1 atm

From\To         W1        W2        P1
W1        9.82e+09  9.17e+09   6.5e+08
W2           0.718   2.5e+09   2.5e+09
P1         2.4e-21  1.17e-10  1.17e-10

Temperature = 1.6e+03 K    Pressure = 10 atm

From\To         W1        W2        P1
W1        2.91e+10  2.82e+10  9.53e+08
W2             2.2  3.65e+09  3.65e+09
P1         3.5e-21  1.71e-10  1.71e-10

Temperature = 1.6e+03 K    Pressure = 100 atm

From\To         W1        W2        P1
W1        7.91e+10  7.77e+10  1.41e+09
W2            6.09  5.14e+09  5.14e+09
P1        5.16e-21  2.41e-10  2.41e-10

Temperature = 1.7e+03 K

High Pressure Rate Coefficients:

From\To         W1        W2        P1
W1             ***  7.89e+12       ***
W2             964       ***  5.74e+09
P1             ***  2.95e-10       ***

Temperature = 1.7e+03 K    Pressure = 0.1 atm

From\To         W1        W2        P1
W1        2.87e+09  2.66e+09  2.07e+08
W2           0.324  1.47e+09  1.47e+09
P1        1.37e-21  7.54e-11  7.54e-11

Temperature = 1.7e+03 K    Pressure = 1 atm

From\To         W1        W2        P1
W1         9.2e+09  8.86e+09  3.44e+08
W2            1.08  2.32e+09  2.32e+09
P1         2.2e-21  1.19e-10  1.19e-10

Temperature = 1.7e+03 K    Pressure = 10 atm

From\To         W1        W2        P1
W1        2.74e+10  2.69e+10  5.08e+08
W2            3.28  3.36e+09  3.36e+09
P1         3.2e-21  1.73e-10  1.73e-10

Temperature = 1.7e+03 K    Pressure = 100 atm

From\To         W1        W2        P1
W1        7.47e+10  7.39e+10  7.69e+08
W2            9.04  4.74e+09  4.74e+09
P1        4.84e-21  2.43e-10  2.43e-10

Temperature = 1.8e+03 K

High Pressure Rate Coefficients:

From\To         W1        W2        P1
W1             ***  8.37e+12       ***
W2        1.52e+03       ***   5.3e+09
P1             ***  2.98e-10       ***

Temperature = 1.8e+03 K    Pressure = 0.1 atm

From\To         W1        W2        P1
W1        2.53e+09  2.46e+09  6.49e+07
W2           0.444  1.38e+09  1.38e+09
P1        8.45e-22  7.74e-11  7.74e-11

Temperature = 1.8e+03 K    Pressure = 1 atm

From\To         W1        W2        P1
W1        8.37e+09  8.24e+09  1.35e+08
W2            1.49  2.16e+09  2.16e+09
P1        1.47e-21  1.21e-10  1.21e-10

Temperature = 1.8e+03 K    Pressure = 10 atm

From\To         W1        W2        P1
W1        2.52e+10   2.5e+10  2.15e+08
W2            4.52  3.12e+09  3.12e+09
P1        2.23e-21  1.75e-10  1.75e-10

Temperature = 1.8e+03 K    Pressure = 100 atm

From\To         W1        W2        P1
W1        6.92e+10  6.88e+10  3.42e+08
W2            12.5  4.35e+09  4.35e+09
P1        3.51e-21  2.45e-10  2.45e-10

Temperature = 1.9e+03 K

High Pressure Rate Coefficients:

From\To         W1        W2        P1
W1             ***  8.83e+12       ***
W2        2.28e+03       ***   4.9e+09
P1             ***     3e-10       ***

Temperature = 1.9e+03 K    Pressure = 0.1 atm

From\To         W1        W2        P1
W1        2.07e+09  2.06e+09  1.45e+07
W2           0.527  1.28e+09  1.28e+09
P1        5.05e-22  7.84e-11  7.84e-11

Temperature = 1.9e+03 K    Pressure = 1 atm

From\To         W1        W2        P1
W1        7.32e+09  7.27e+09  5.51e+07
W2            1.87     2e+09     2e+09
P1        1.01e-21  1.22e-10  1.22e-10

Temperature = 1.9e+03 K    Pressure = 10 atm

From\To         W1        W2        P1
W1        2.26e+10  2.24e+10  1.02e+08
W2            5.79  2.88e+09  2.88e+09
P1        1.68e-21  1.77e-10  1.77e-10

Temperature = 1.9e+03 K    Pressure = 100 atm

From\To         W1        W2        P1
W1        6.28e+10  6.26e+10  1.74e+08
W2            16.1  4.02e+09  4.02e+09
P1        2.79e-21  2.46e-10  2.46e-10

Temperature = 2e+03 K

High Pressure Rate Coefficients:

From\To         W1        W2        P1
W1             ***  9.28e+12       ***
W2        3.29e+03       ***  4.53e+09
P1             ***  3.03e-10       ***

Temperature = 2e+03 K    Pressure = 0.1 atm

From\To         W1        W2        P1
W1        1.53e+09  1.53e+09 -4.84e+06
W2           0.539   1.2e+09   1.2e+09
P1        2.36e-22  7.96e-11  7.96e-11

Temperature = 2e+03 K    Pressure = 1 atm

From\To         W1        W2        P1
W1        6.09e+09  6.07e+09  1.61e+07
W2            2.15  1.86e+09  1.86e+09
P1        5.73e-22  1.24e-10  1.24e-10

Temperature = 2e+03 K    Pressure = 10 atm

From\To         W1        W2        P1
W1        1.96e+10  1.96e+10  4.42e+07
W2            6.93  2.67e+09  2.67e+09
P1        1.13e-21  1.78e-10  1.78e-10

Temperature = 2e+03 K    Pressure = 100 atm

From\To         W1        W2        P1
W1        5.58e+10  5.57e+10  8.46e+07
W2            19.7  3.72e+09  3.72e+09
P1        2.06e-21  2.48e-10  2.48e-10

______________________________________________________________________________________

High Pressure Rate Coefficients (Temperature-Species Rate Tables):

Reactant = W1
   T(K)        W1        W2        P1
    500       ***  1.04e+12       ***
    600       ***  1.61e+12       ***
    700       ***  2.22e+12       ***
    800       ***  2.85e+12       ***
    900       ***  3.47e+12       ***
  1e+03       ***  4.08e+12       ***
1.1e+03       ***  4.68e+12       ***
1.2e+03       ***  5.26e+12       ***
1.3e+03       ***  5.82e+12       ***
1.4e+03       ***  6.36e+12       ***
1.5e+03       ***  6.88e+12       ***
1.6e+03       ***  7.39e+12       ***
1.7e+03       ***  7.89e+12       ***
1.8e+03       ***  8.37e+12       ***
1.9e+03       ***  8.83e+12       ***
  2e+03       ***  9.28e+12       ***

Reactant = W2
   T(K)        W1        W2        P1
    500  2.61e-06       ***  1.02e+10
    600  0.000294       ***  1.14e+10
    700   0.00833       ***  1.17e+10
    800     0.101       ***  1.14e+10
    900     0.695       ***  1.09e+10
  1e+03      3.25       ***  1.02e+10
1.1e+03      11.4       ***  9.44e+09
1.2e+03      32.5       ***  8.71e+09
1.3e+03      78.9       ***  8.02e+09
1.4e+03       168       ***  7.37e+09
1.5e+03       325       ***  6.78e+09
1.6e+03       579       ***  6.24e+09
1.7e+03       964       ***  5.74e+09
1.8e+03  1.52e+03       ***   5.3e+09
1.9e+03  2.28e+03       ***   4.9e+09
  2e+03  3.29e+03       ***  4.53e+09

Reactant = P1
   T(K)        W1        W2        P1
    500       ***  2.41e-10       ***
    600       ***  2.48e-10       ***
    700       ***  2.54e-10       ***
    800       ***   2.6e-10       ***
    900       ***  2.65e-10       ***
  1e+03       ***   2.7e-10       ***
1.1e+03       ***  2.74e-10       ***
1.2e+03       ***  2.78e-10       ***
1.3e+03       ***  2.82e-10       ***
1.4e+03       ***  2.86e-10       ***
1.5e+03       ***  2.89e-10       ***
1.6e+03       ***  2.92e-10       ***
1.7e+03       ***  2.95e-10       ***
1.8e+03       ***  2.98e-10       ***
1.9e+03       ***     3e-10       ***
  2e+03       ***  3.03e-10       ***

Capture/Escape Rate Coefficients:

   T(K)        W1        W2        P1
    500  1.04e+12  1.02e+10  2.41e-10
    600  1.61e+12  1.14e+10  2.48e-10
    700  2.22e+12  1.17e+10  2.54e-10
    800  2.85e+12  1.14e+10   2.6e-10
    900  3.47e+12  1.09e+10  2.65e-10
  1e+03  4.08e+12  1.02e+10   2.7e-10
1.1e+03  4.68e+12  9.44e+09  2.74e-10
1.2e+03  5.26e+12  8.71e+09  2.78e-10
1.3e+03  5.82e+12  8.02e+09  2.82e-10
1.4e+03  6.36e+12  7.37e+09  2.86e-10
1.5e+03  6.88e+12  6.78e+09  2.89e-10
1.6e+03  7.39e+12  6.24e+09  2.92e-10
1.7e+03  7.89e+12  5.74e+09  2.95e-10
1.8e+03  8.37e+12   5.3e+09  2.98e-10
1.9e+03  8.83e+12   4.9e+09     3e-10
  2e+03  9.28e+12  4.53e+09  3.03e-10

______________________________________________________________________________________

Pressure-Species Rate Tables:

Reactant = W1   Temperature = 500 K

   P(atm)        W2        P1      Loss
      0.1 -7.09e+06  1.38e+10  1.38e+10
        1 -6.55e+07  4.13e+10  4.13e+10
       10 -3.32e+08  1.02e+11  1.05e+11
      100  1.34e+11   9.7e+10  2.31e+11
      O-O  1.04e+12       ***  1.04e+12

Reactant = W1   Temperature = 600 K

   P(atm)        W2        P1      Loss
      0.1 -4.68e+06  1.17e+10  1.16e+10
        1 -4.37e+07  3.62e+10  3.62e+10
       10  3.52e+09  9.32e+10  9.67e+10
      100  1.29e+11  9.67e+10  2.26e+11
      O-O  1.61e+12       ***  1.61e+12

Reactant = W1   Temperature = 700 K

   P(atm)        W2        P1      Loss
      0.1 -3.74e+06  9.76e+09  9.76e+09
        1 -1.98e+07  3.09e+10  3.08e+10
       10  4.28e+09  8.08e+10  8.51e+10
      100  1.19e+11  8.79e+10  2.07e+11
      O-O  2.22e+12       ***  2.22e+12

Reactant = W1   Temperature = 800 K

   P(atm)        W2        P1      Loss
      0.1 -2.93e+06  8.71e+09   8.7e+09
        1  2.77e+07  2.75e+10  2.76e+10
       10  6.15e+09  7.09e+10  7.71e+10
      100  1.15e+11  7.61e+10  1.91e+11
      O-O  2.85e+12       ***  2.85e+12

Reactant = W1   Temperature = 900 K

   P(atm)        W2        P1      Loss
      0.1 -2.49e+06  7.73e+09  7.73e+09
        1  1.26e+08  2.43e+10  2.45e+10
       10  8.26e+09  6.09e+10  6.91e+10
      100  1.09e+11  6.46e+10  1.74e+11
      O-O  3.47e+12       ***  3.47e+12

Reactant = W1   Temperature = 1e+03 K

   P(atm)        W2        P1      Loss
      0.1 -2.68e+06  7.03e+09  7.04e+09
        1  4.98e+08  2.17e+10  2.22e+10
       10  1.25e+10  5.05e+10   6.3e+10
      100  1.09e+11  5.12e+10   1.6e+11
      O-O  4.08e+12       ***  4.08e+12

Reactant = W1   Temperature = 1.1e+03 K

   P(atm)        W2        P1      Loss
      0.1  1.12e+08   5.8e+09  5.92e+09
        1  1.77e+09   1.7e+10  1.87e+10
       10  1.76e+10  3.63e+10  5.39e+10
      100  1.03e+11  3.66e+10  1.39e+11
      O-O  4.68e+12       ***  4.68e+12

Reactant = W1   Temperature = 1.2e+03 K

   P(atm)        W2        P1      Loss
      0.1  5.19e+08  4.77e+09  5.29e+09
        1  4.48e+09  1.23e+10  1.67e+10
       10  2.43e+10   2.4e+10  4.83e+10
      100  1.01e+11  2.54e+10  1.26e+11
      O-O  5.26e+12       ***  5.26e+12

Reactant = W1   Temperature = 1.3e+03 K

   P(atm)        W2        P1      Loss
      0.1  1.35e+09  3.12e+09  4.47e+09
        1  7.56e+09  6.63e+09  1.42e+10
       10  2.97e+10  1.17e+10  4.14e+10
      100  9.57e+10   1.4e+10   1.1e+11
      O-O  5.82e+12       ***  5.82e+12

Reactant = W1   Temperature = 1.4e+03 K

   P(atm)        W2        P1      Loss
      0.1  2.16e+09  1.95e+09  4.11e+09
        1  9.43e+09  3.58e+09   1.3e+10
       10  3.23e+10  5.78e+09   3.8e+10
      100  9.36e+10  7.71e+09  1.01e+11
      O-O  6.36e+12       ***  6.36e+12

Reactant = W1   Temperature = 1.5e+03 K

   P(atm)        W2        P1      Loss
      0.1  2.65e+09   9.8e+08  3.63e+09
        1  9.86e+09  1.64e+09  1.15e+10
       10  3.13e+10  2.47e+09  3.38e+10
      100  8.73e+10  3.51e+09  9.08e+10
      O-O  6.88e+12       ***  6.88e+12

Reactant = W1   Temperature = 1.6e+03 K

   P(atm)        W2        P1      Loss
      0.1  2.68e+09     4e+08  3.08e+09
        1  9.17e+09   6.5e+08  9.82e+09
       10  2.82e+10  9.53e+08  2.91e+10
      100  7.77e+10  1.41e+09  7.91e+10
      O-O  7.39e+12       ***  7.39e+12

Reactant = W1   Temperature = 1.7e+03 K

   P(atm)        W2        P1      Loss
      0.1  2.66e+09  2.07e+08  2.87e+09
        1  8.86e+09  3.44e+08   9.2e+09
       10  2.69e+10  5.08e+08  2.74e+10
      100  7.39e+10  7.69e+08  7.47e+10
      O-O  7.89e+12       ***  7.89e+12

Reactant = W1   Temperature = 1.8e+03 K

   P(atm)        W2        P1      Loss
      0.1  2.46e+09  6.49e+07  2.53e+09
        1  8.24e+09  1.35e+08  8.37e+09
       10   2.5e+10  2.15e+08  2.52e+10
      100  6.88e+10  3.42e+08  6.92e+10
      O-O  8.37e+12       ***  8.37e+12

Reactant = W1   Temperature = 1.9e+03 K

   P(atm)        W2        P1      Loss
      0.1  2.06e+09  1.45e+07  2.07e+09
        1  7.27e+09  5.51e+07  7.32e+09
       10  2.24e+10  1.02e+08  2.26e+10
      100  6.26e+10  1.74e+08  6.28e+10
      O-O  8.83e+12       ***  8.83e+12

Reactant = W1   Temperature = 2e+03 K

   P(atm)        W2        P1      Loss
      0.1  1.53e+09 -4.84e+06  1.53e+09
        1  6.07e+09  1.61e+07  6.09e+09
       10  1.96e+10  4.42e+07  1.96e+10
      100  5.57e+10  8.46e+07  5.58e+10
      O-O  9.28e+12       ***  9.28e+12

Reactant = W2   Temperature = 500 K

   P(atm)        W1        P1      Loss
      0.1  1.11e-15  1.66e+09  1.66e+09
        1  5.16e-12  3.28e+09  3.28e+09
       10  1.62e-10  6.08e+09  6.08e+09
      100  3.38e-07  9.17e+09  9.17e+09
      O-O  2.61e-06  1.02e+10  1.02e+10

Reactant = W2   Temperature = 600 K

   P(atm)        W1        P1      Loss
      0.1  7.51e-12  2.18e+09  2.18e+09
        1  1.31e-09  3.99e+09  3.99e+09
       10  7.01e-07   6.8e+09   6.8e+09
      100  2.36e-05  1.01e+10  1.01e+10
      O-O  0.000294  1.14e+10  1.14e+10

Reactant = W2   Temperature = 700 K

   P(atm)        W1        P1      Loss
      0.1 -1.03e-09   2.3e+09   2.3e+09
        1  7.59e-08  4.09e+09  4.09e+09
       10   1.7e-05  6.77e+09  6.77e+09
      100  0.000445  1.02e+10  1.02e+10
      O-O   0.00833  1.17e+10  1.17e+10

Reactant = W2   Temperature = 800 K

   P(atm)        W1        P1      Loss
      0.1  2.63e-09  2.46e+09  2.46e+09
        1  2.24e-06  4.23e+09  4.23e+09
       10  0.000226  6.71e+09  6.71e+09
      100   0.00407  9.86e+09  9.86e+09
      O-O     0.101  1.14e+10  1.14e+10

Reactant = W2   Temperature = 900 K

   P(atm)        W1        P1      Loss
      0.1  5.32e-08  2.35e+09  2.35e+09
        1  3.16e-05     4e+09     4e+09
       10    0.0017  6.27e+09  6.27e+09
      100     0.022  9.24e+09  9.24e+09
      O-O     0.695  1.09e+10  1.09e+10

Reactant = W2   Temperature = 1e+03 K

   P(atm)        W1        P1      Loss
      0.1  5.17e-07  2.35e+09  2.35e+09
        1  0.000419   3.9e+09   3.9e+09
       10    0.0101  5.95e+09  5.95e+09
      100    0.0869  8.62e+09  8.62e+09
      O-O      3.25  1.02e+10  1.02e+10

Reactant = W2   Temperature = 1.1e+03 K

   P(atm)        W1        P1      Loss
      0.1  0.000289  2.22e+09  2.22e+09
        1   0.00437  3.65e+09  3.65e+09
       10    0.0432  5.51e+09  5.51e+09
      100     0.251  7.93e+09  7.93e+09
      O-O      11.4  9.44e+09  9.44e+09

Reactant = W2   Temperature = 1.2e+03 K

   P(atm)        W1        P1      Loss
      0.1    0.0033  2.07e+09  2.07e+09
        1    0.0279  3.37e+09  3.37e+09
       10     0.151  5.06e+09  5.06e+09
      100     0.625  7.27e+09  7.27e+09
      O-O      32.5  8.71e+09  8.71e+09

Reactant = W2   Temperature = 1.3e+03 K

   P(atm)        W1        P1      Loss
      0.1    0.0185  1.96e+09  1.96e+09
        1     0.103  3.15e+09  3.15e+09
       10     0.403  4.68e+09  4.68e+09
      100       1.3  6.66e+09  6.66e+09
      O-O      78.9  8.02e+09  8.02e+09

Reactant = W2   Temperature = 1.4e+03 K

   P(atm)        W1        P1      Loss
      0.1    0.0576  1.81e+09  1.81e+09
        1      0.25   2.9e+09   2.9e+09
       10     0.855  4.28e+09  4.28e+09
      100      2.48   6.1e+09   6.1e+09
      O-O       168  7.37e+09  7.37e+09

Reactant = W2   Temperature = 1.5e+03 K

   P(atm)        W1        P1      Loss
      0.1     0.125  1.69e+09  1.69e+09
        1     0.466  2.69e+09  2.69e+09
       10      1.48  3.94e+09  3.94e+09
      100      4.12  5.59e+09  5.59e+09
      O-O       325  6.78e+09  6.78e+09

Reactant = W2   Temperature = 1.6e+03 K

   P(atm)        W1        P1      Loss
      0.1      0.21  1.59e+09  1.59e+09
        1     0.718   2.5e+09   2.5e+09
       10       2.2  3.65e+09  3.65e+09
      100      6.09  5.14e+09  5.14e+09
      O-O       579  6.24e+09  6.24e+09

Reactant = W2   Temperature = 1.7e+03 K

   P(atm)        W1        P1      Loss
      0.1     0.324  1.47e+09  1.47e+09
        1      1.08  2.32e+09  2.32e+09
       10      3.28  3.36e+09  3.36e+09
      100      9.04  4.74e+09  4.74e+09
      O-O       964  5.74e+09  5.74e+09

Reactant = W2   Temperature = 1.8e+03 K

   P(atm)        W1        P1      Loss
      0.1     0.444  1.38e+09  1.38e+09
        1      1.49  2.16e+09  2.16e+09
       10      4.52  3.12e+09  3.12e+09
      100      12.5  4.35e+09  4.35e+09
      O-O  1.52e+03   5.3e+09   5.3e+09

Reactant = W2   Temperature = 1.9e+03 K

   P(atm)        W1        P1      Loss
      0.1     0.527  1.28e+09  1.28e+09
        1      1.87     2e+09     2e+09
       10      5.79  2.88e+09  2.88e+09
      100      16.1  4.02e+09  4.02e+09
      O-O  2.28e+03   4.9e+09   4.9e+09

Reactant = W2   Temperature = 2e+03 K

   P(atm)        W1        P1      Loss
      0.1     0.539   1.2e+09   1.2e+09
        1      2.15  1.86e+09  1.86e+09
       10      6.93  2.67e+09  2.67e+09
      100      19.7  3.72e+09  3.72e+09
      O-O  3.29e+03  4.53e+09  4.53e+09

Reactant = P1   Temperature = 500 K

   P(atm)        W1        W2      Loss
      0.1  8.02e-28  3.92e-11  3.92e-11
        1  2.44e-27  7.73e-11  7.73e-11
       10  6.04e-27  1.44e-10  1.44e-10
      100  5.75e-27  2.16e-10  2.16e-10
      O-O       ***  2.41e-10  2.41e-10

Reactant = P1   Temperature = 600 K

   P(atm)        W1        W2      Loss
      0.1  4.52e-26  4.73e-11  4.73e-11
        1  1.43e-25  8.67e-11  8.67e-11
       10  3.68e-25  1.48e-10  1.48e-10
      100  3.82e-25   2.2e-10   2.2e-10
      O-O       ***  2.48e-10  2.48e-10

Reactant = P1   Temperature = 700 K

   P(atm)        W1        W2      Loss
      0.1  7.79e-25  4.98e-11  4.98e-11
        1   2.5e-24  8.89e-11  8.89e-11
       10  6.57e-24  1.47e-10  1.47e-10
      100  7.15e-24  2.21e-10  2.21e-10
      O-O       ***  2.54e-10  2.54e-10

Reactant = P1   Temperature = 800 K

   P(atm)        W1        W2      Loss
      0.1  6.85e-24  5.58e-11  5.58e-11
        1   2.2e-23  9.61e-11  9.61e-11
       10   5.7e-23  1.53e-10  1.53e-10
      100  6.12e-23  2.24e-10  2.24e-10
      O-O       ***   2.6e-10   2.6e-10

Reactant = P1   Temperature = 900 K

   P(atm)        W1        W2      Loss
      0.1  3.68e-23  5.72e-11  5.72e-11
        1  1.18e-22  9.74e-11  9.74e-11
       10  2.97e-22  1.53e-10  1.53e-10
      100  3.15e-22  2.25e-10  2.25e-10
      O-O       ***  2.65e-10  2.65e-10

Reactant = P1   Temperature = 1e+03 K

   P(atm)        W1        W2      Loss
      0.1  1.44e-22   6.2e-11   6.2e-11
        1  4.53e-22  1.03e-10  1.03e-10
       10  1.06e-21  1.58e-10  1.58e-10
      100  1.08e-21  2.28e-10  2.28e-10
      O-O       ***   2.7e-10   2.7e-10

Reactant = P1   Temperature = 1.1e+03 K

   P(atm)        W1        W2      Loss
      0.1     4e-22  6.43e-11  6.43e-11
        1  1.19e-21  1.06e-10  1.06e-10
       10  2.57e-21   1.6e-10   1.6e-10
      100  2.59e-21   2.3e-10   2.3e-10
      O-O       ***  2.74e-10  2.74e-10

Reactant = P1   Temperature = 1.2e+03 K

   P(atm)        W1        W2      Loss
      0.1  9.17e-22  6.59e-11  6.59e-11
        1   2.4e-21  1.08e-10  1.08e-10
       10  4.74e-21  1.61e-10  1.61e-10
      100  5.01e-21  2.32e-10  2.32e-10
      O-O       ***  2.78e-10  2.78e-10

Reactant = P1   Temperature = 1.3e+03 K

   P(atm)        W1        W2      Loss
      0.1  1.45e-21  6.86e-11  6.86e-11
        1  3.13e-21  1.11e-10  1.11e-10
       10  5.56e-21  1.64e-10  1.64e-10
      100  6.68e-21  2.34e-10  2.34e-10
      O-O       ***  2.82e-10  2.82e-10

Reactant = P1   Temperature = 1.4e+03 K

   P(atm)        W1        W2      Loss
      0.1  1.96e-21  6.98e-11  6.98e-11
        1  3.65e-21  1.12e-10  1.12e-10
       10  5.91e-21  1.66e-10  1.66e-10
      100   7.9e-21  2.36e-10  2.36e-10
      O-O       ***  2.86e-10  2.86e-10

Reactant = P1   Temperature = 1.5e+03 K

   P(atm)        W1        W2      Loss
      0.1  1.96e-21  7.17e-11  7.17e-11
        1  3.29e-21  1.14e-10  1.14e-10
       10  4.97e-21  1.68e-10  1.68e-10
      100  7.07e-21  2.38e-10  2.38e-10
      O-O       ***  2.89e-10  2.89e-10

Reactant = P1   Temperature = 1.6e+03 K

   P(atm)        W1        W2      Loss
      0.1   1.5e-21   7.4e-11   7.4e-11
        1   2.4e-21  1.17e-10  1.17e-10
       10   3.5e-21  1.71e-10  1.71e-10
      100  5.16e-21  2.41e-10  2.41e-10
      O-O       ***  2.92e-10  2.92e-10

Reactant = P1   Temperature = 1.7e+03 K

   P(atm)        W1        W2      Loss
      0.1  1.37e-21  7.54e-11  7.54e-11
        1   2.2e-21  1.19e-10  1.19e-10
       10   3.2e-21  1.73e-10  1.73e-10
      100  4.84e-21  2.43e-10  2.43e-10
      O-O       ***  2.95e-10  2.95e-10

Reactant = P1   Temperature = 1.8e+03 K

   P(atm)        W1        W2      Loss
      0.1  8.45e-22  7.74e-11  7.74e-11
        1  1.47e-21  1.21e-10  1.21e-10
       10  2.23e-21  1.75e-10  1.75e-10
      100  3.51e-21  2.45e-10  2.45e-10
      O-O       ***  2.98e-10  2.98e-10

Reactant = P1   Temperature = 1.9e+03 K

   P(atm)        W1        W2      Loss
      0.1  5.05e-22  7.84e-11  7.84e-11
        1  1.01e-21  1.22e-10  1.22e-10
       10  1.68e-21  1.77e-10  1.77e-10
      100  2.79e-21  2.46e-10  2.46e-10
      O-O       ***     3e-10     3e-10

Reactant = P1   Temperature = 2e+03 K

   P(atm)        W1        W2      Loss
      0.1  2.36e-22  7.96e-11  7.96e-11
        1  5.73e-22  1.24e-10  1.24e-10
       10  1.13e-21  1.78e-10  1.78e-10
      100  2.06e-21  2.48e-10  2.48e-10
      O-O       ***  3.03e-10  3.03e-10

______________________________________________________________________________________

Temperature-Species Rate Tables:

Reactant = W1   Pressure = 0.1 atm

   T(K)        W2        P1      Loss   Capture
    500 -7.09e+06  1.38e+10  1.38e+10  1.04e+12
    600 -4.68e+06  1.17e+10  1.16e+10  1.61e+12
    700 -3.74e+06  9.76e+09  9.76e+09  2.22e+12
    800 -2.93e+06  8.71e+09   8.7e+09  2.85e+12
    900 -2.49e+06  7.73e+09  7.73e+09  3.47e+12
  1e+03 -2.68e+06  7.03e+09  7.04e+09  4.08e+12
1.1e+03  1.12e+08   5.8e+09  5.92e+09  4.68e+12
1.2e+03  5.19e+08  4.77e+09  5.29e+09  5.26e+12
1.3e+03  1.35e+09  3.12e+09  4.47e+09  5.82e+12
1.4e+03  2.16e+09  1.95e+09  4.11e+09  6.36e+12
1.5e+03  2.65e+09   9.8e+08  3.63e+09  6.88e+12
1.6e+03  2.68e+09     4e+08  3.08e+09  7.39e+12
1.7e+03  2.66e+09  2.07e+08  2.87e+09  7.89e+12
1.8e+03  2.46e+09  6.49e+07  2.53e+09  8.37e+12
1.9e+03  2.06e+09  1.45e+07  2.07e+09  8.83e+12
  2e+03  1.53e+09 -4.84e+06  1.53e+09  9.28e+12

Reactant = W1   Pressure = 1 atm

   T(K)        W2        P1      Loss   Capture
    500 -6.55e+07  4.13e+10  4.13e+10  1.04e+12
    600 -4.37e+07  3.62e+10  3.62e+10  1.61e+12
    700 -1.98e+07  3.09e+10  3.08e+10  2.22e+12
    800  2.77e+07  2.75e+10  2.76e+10  2.85e+12
    900  1.26e+08  2.43e+10  2.45e+10  3.47e+12
  1e+03  4.98e+08  2.17e+10  2.22e+10  4.08e+12
1.1e+03  1.77e+09   1.7e+10  1.87e+10  4.68e+12
1.2e+03  4.48e+09  1.23e+10  1.67e+10  5.26e+12
1.3e+03  7.56e+09  6.63e+09  1.42e+10  5.82e+12
1.4e+03  9.43e+09  3.58e+09   1.3e+10  6.36e+12
1.5e+03  9.86e+09  1.64e+09  1.15e+10  6.88e+12
1.6e+03  9.17e+09   6.5e+08  9.82e+09  7.39e+12
1.7e+03  8.86e+09  3.44e+08   9.2e+09  7.89e+12
1.8e+03  8.24e+09  1.35e+08  8.37e+09  8.37e+12
1.9e+03  7.27e+09  5.51e+07  7.32e+09  8.83e+12
  2e+03  6.07e+09  1.61e+07  6.09e+09  9.28e+12

Reactant = W1   Pressure = 10 atm

   T(K)        W2        P1      Loss   Capture
    500 -3.32e+08  1.02e+11  1.05e+11  1.04e+12
    600  3.52e+09  9.32e+10  9.67e+10  1.61e+12
    700  4.28e+09  8.08e+10  8.51e+10  2.22e+12
    800  6.15e+09  7.09e+10  7.71e+10  2.85e+12
    900  8.26e+09  6.09e+10  6.91e+10  3.47e+12
  1e+03  1.25e+10  5.05e+10   6.3e+10  4.08e+12
1.1e+03  1.76e+10  3.63e+10  5.39e+10  4.68e+12
1.2e+03  2.43e+10   2.4e+10  4.83e+10  5.26e+12
1.3e+03  2.97e+10  1.17e+10  4.14e+10  5.82e+12
1.4e+03  3.23e+10  5.78e+09   3.8e+10  6.36e+12
1.5e+03  3.13e+10  2.47e+09  3.38e+10  6.88e+12
1.6e+03  2.82e+10  9.53e+08  2.91e+10  7.39e+12
1.7e+03  2.69e+10  5.08e+08  2.74e+10  7.89e+12
1.8e+03   2.5e+10  2.15e+08  2.52e+10  8.37e+12
1.9e+03  2.24e+10  1.02e+08  2.26e+10  8.83e+12
  2e+03  1.96e+10  4.42e+07  1.96e+10  9.28e+12

Reactant = W1   Pressure = 100 atm

   T(K)        W2        P1      Loss   Capture
    500  1.34e+11   9.7e+10  2.31e+11  1.04e+12
    600  1.29e+11  9.67e+10  2.26e+11  1.61e+12
    700  1.19e+11  8.79e+10  2.07e+11  2.22e+12
    800  1.15e+11  7.61e+10  1.91e+11  2.85e+12
    900  1.09e+11  6.46e+10  1.74e+11  3.47e+12
  1e+03  1.09e+11  5.12e+10   1.6e+11  4.08e+12
1.1e+03  1.03e+11  3.66e+10  1.39e+11  4.68e+12
1.2e+03  1.01e+11  2.54e+10  1.26e+11  5.26e+12
1.3e+03  9.57e+10   1.4e+10   1.1e+11  5.82e+12
1.4e+03  9.36e+10  7.71e+09  1.01e+11  6.36e+12
1.5e+03  8.73e+10  3.51e+09  9.08e+10  6.88e+12
1.6e+03  7.77e+10  1.41e+09  7.91e+10  7.39e+12
1.7e+03  7.39e+10  7.69e+08  7.47e+10  7.89e+12
1.8e+03  6.88e+10  3.42e+08  6.92e+10  8.37e+12
1.9e+03  6.26e+10  1.74e+08  6.28e+10  8.83e+12
  2e+03  5.57e+10  8.46e+07  5.58e+10  9.28e+12

Reactant = W2   Pressure = 0.1 atm

   T(K)        W1        P1      Loss   Capture
    500  1.11e-15  1.66e+09  1.66e+09  1.02e+10
    600  7.51e-12  2.18e+09  2.18e+09  1.14e+10
    700 -1.03e-09   2.3e+09   2.3e+09  1.17e+10
    800  2.63e-09  2.46e+09  2.46e+09  1.14e+10
    900  5.32e-08  2.35e+09  2.35e+09  1.09e+10
  1e+03  5.17e-07  2.35e+09  2.35e+09  1.02e+10
1.1e+03  0.000289  2.22e+09  2.22e+09  9.44e+09
1.2e+03    0.0033  2.07e+09  2.07e+09  8.71e+09
1.3e+03    0.0185  1.96e+09  1.96e+09  8.02e+09
1.4e+03    0.0576  1.81e+09  1.81e+09  7.37e+09
1.5e+03     0.125  1.69e+09  1.69e+09  6.78e+09
1.6e+03      0.21  1.59e+09  1.59e+09  6.24e+09
1.7e+03     0.324  1.47e+09  1.47e+09  5.74e+09
1.8e+03     0.444  1.38e+09  1.38e+09   5.3e+09
1.9e+03     0.527  1.28e+09  1.28e+09   4.9e+09
  2e+03     0.539   1.2e+09   1.2e+09  4.53e+09

Reactant = W2   Pressure = 1 atm

   T(K)        W1        P1      Loss   Capture
    500  5.16e-12  3.28e+09  3.28e+09  1.02e+10
    600  1.31e-09  3.99e+09  3.99e+09  1.14e+10
    700  7.59e-08  4.09e+09  4.09e+09  1.17e+10
    800  2.24e-06  4.23e+09  4.23e+09  1.14e+10
    900  3.16e-05     4e+09     4e+09  1.09e+10
  1e+03  0.000419   3.9e+09   3.9e+09  1.02e+10
1.1e+03   0.00437  3.65e+09  3.65e+09  9.44e+09
1.2e+03    0.0279  3.37e+09  3.37e+09  8.71e+09
1.3e+03     0.103  3.15e+09  3.15e+09  8.02e+09
1.4e+03      0.25   2.9e+09   2.9e+09  7.37e+09
1.5e+03     0.466  2.69e+09  2.69e+09  6.78e+09
1.6e+03     0.718   2.5e+09   2.5e+09  6.24e+09
1.7e+03      1.08  2.32e+09  2.32e+09  5.74e+09
1.8e+03      1.49  2.16e+09  2.16e+09   5.3e+09
1.9e+03      1.87     2e+09     2e+09   4.9e+09
  2e+03      2.15  1.86e+09  1.86e+09  4.53e+09

Reactant = W2   Pressure = 10 atm

   T(K)        W1        P1      Loss   Capture
    500  1.62e-10  6.08e+09  6.08e+09  1.02e+10
    600  7.01e-07   6.8e+09   6.8e+09  1.14e+10
    700   1.7e-05  6.77e+09  6.77e+09  1.17e+10
    800  0.000226  6.71e+09  6.71e+09  1.14e+10
    900    0.0017  6.27e+09  6.27e+09  1.09e+10
  1e+03    0.0101  5.95e+09  5.95e+09  1.02e+10
1.1e+03    0.0432  5.51e+09  5.51e+09  9.44e+09
1.2e+03     0.151  5.06e+09  5.06e+09  8.71e+09
1.3e+03     0.403  4.68e+09  4.68e+09  8.02e+09
1.4e+03     0.855  4.28e+09  4.28e+09  7.37e+09
1.5e+03      1.48  3.94e+09  3.94e+09  6.78e+09
1.6e+03       2.2  3.65e+09  3.65e+09  6.24e+09
1.7e+03      3.28  3.36e+09  3.36e+09  5.74e+09
1.8e+03      4.52  3.12e+09  3.12e+09   5.3e+09
1.9e+03      5.79  2.88e+09  2.88e+09   4.9e+09
  2e+03      6.93  2.67e+09  2.67e+09  4.53e+09

Reactant = W2   Pressure = 100 atm

   T(K)        W1        P1      Loss   Capture
    500  3.38e-07  9.17e+09  9.17e+09  1.02e+10
    600  2.36e-05  1.01e+10  1.01e+10  1.14e+10
    700  0.000445  1.02e+10  1.02e+10  1.17e+10
    800   0.00407  9.86e+09  9.86e+09  1.14e+10
    900     0.022  9.24e+09  9.24e+09  1.09e+10
  1e+03    0.0869  8.62e+09  8.62e+09  1.02e+10
1.1e+03     0.251  7.93e+09  7.93e+09  9.44e+09
1.2e+03     0.625  7.27e+09  7.27e+09  8.71e+09
1.3e+03       1.3  6.66e+09  6.66e+09  8.02e+09
1.4e+03      2.48   6.1e+09   6.1e+09  7.37e+09
1.5e+03      4.12  5.59e+09  5.59e+09  6.78e+09
1.6e+03      6.09  5.14e+09  5.14e+09  6.24e+09
1.7e+03      9.04  4.74e+09  4.74e+09  5.74e+09
1.8e+03      12.5  4.35e+09  4.35e+09   5.3e+09
1.9e+03      16.1  4.02e+09  4.02e+09   4.9e+09
  2e+03      19.7  3.72e+09  3.72e+09  4.53e+09

Reactant = P1   Pressure = 0.1 atm

   T(K)        W1        W2      Loss   Capture
    500  8.02e-28  3.92e-11  3.92e-11  2.41e-10
    600  4.52e-26  4.73e-11  4.73e-11  2.48e-10
    700  7.79e-25  4.98e-11  4.98e-11  2.54e-10
    800  6.85e-24  5.58e-11  5.58e-11   2.6e-10
    900  3.68e-23  5.72e-11  5.72e-11  2.65e-10
  1e+03  1.44e-22   6.2e-11   6.2e-11   2.7e-10
1.1e+03     4e-22  6.43e-11  6.43e-11  2.74e-10
1.2e+03  9.17e-22  6.59e-11  6.59e-11  2.78e-10
1.3e+03  1.45e-21  6.86e-11  6.86e-11  2.82e-10
1.4e+03  1.96e-21  6.98e-11  6.98e-11  2.86e-10
1.5e+03  1.96e-21  7.17e-11  7.17e-11  2.89e-10
1.6e+03   1.5e-21   7.4e-11   7.4e-11  2.92e-10
1.7e+03  1.37e-21  7.54e-11  7.54e-11  2.95e-10
1.8e+03  8.45e-22  7.74e-11  7.74e-11  2.98e-10
1.9e+03  5.05e-22  7.84e-11  7.84e-11     3e-10
  2e+03  2.36e-22  7.96e-11  7.96e-11  3.03e-10

Reactant = P1   Pressure = 1 atm

   T(K)        W1        W2      Loss   Capture
    500  2.44e-27  7.73e-11  7.73e-11  2.41e-10
    600  1.43e-25  8.67e-11  8.67e-11  2.48e-10
    700   2.5e-24  8.89e-11  8.89e-11  2.54e-10
    800   2.2e-23  9.61e-11  9.61e-11   2.6e-10
    900  1.18e-22  9.74e-11  9.74e-11  2.65e-10
  1e+03  4.53e-22  1.03e-10  1.03e-10   2.7e-10
1.1e+03  1.19e-21  1.06e-10  1.06e-10  2.74e-10
1.2e+03   2.4e-21  1.08e-10  1.08e-10  2.78e-10
1.3e+03  3.13e-21  1.11e-10  1.11e-10  2.82e-10
1.4e+03  3.65e-21  1.12e-10  1.12e-10  2.86e-10
1.5e+03  3.29e-21  1.14e-10  1.14e-10  2.89e-10
1.6e+03   2.4e-21  1.17e-10  1.17e-10  2.92e-10
1.7e+03   2.2e-21  1.19e-10  1.19e-10  2.95e-10
1.8e+03  1.47e-21  1.21e-10  1.21e-10  2.98e-10
1.9e+03  1.01e-21  1.22e-10  1.22e-10     3e-10
  2e+03  5.73e-22  1.24e-10  1.24e-10  3.03e-10

Reactant = P1   Pressure = 10 atm

   T(K)        W1        W2      Loss   Capture
    500  6.04e-27  1.44e-10  1.44e-10  2.41e-10
    600  3.68e-25  1.48e-10  1.48e-10  2.48e-10
    700  6.57e-24  1.47e-10  1.47e-10  2.54e-10
    800   5.7e-23  1.53e-10  1.53e-10   2.6e-10
    900  2.97e-22  1.53e-10  1.53e-10  2.65e-10
  1e+03  1.06e-21  1.58e-10  1.58e-10   2.7e-10
1.1e+03  2.57e-21   1.6e-10   1.6e-10  2.74e-10
1.2e+03  4.74e-21  1.61e-10  1.61e-10  2.78e-10
1.3e+03  5.56e-21  1.64e-10  1.64e-10  2.82e-10
1.4e+03  5.91e-21  1.66e-10  1.66e-10  2.86e-10
1.5e+03  4.97e-21  1.68e-10  1.68e-10  2.89e-10
1.6e+03   3.5e-21  1.71e-10  1.71e-10  2.92e-10
1.7e+03   3.2e-21  1.73e-10  1.73e-10  2.95e-10
1.8e+03  2.23e-21  1.75e-10  1.75e-10  2.98e-10
1.9e+03  1.68e-21  1.77e-10  1.77e-10     3e-10
  2e+03  1.13e-21  1.78e-10  1.78e-10  3.03e-10

Reactant = P1   Pressure = 100 atm

   T(K)        W1        W2      Loss   Capture
    500  5.75e-27  2.16e-10  2.16e-10  2.41e-10
    600  3.82e-25   2.2e-10   2.2e-10  2.48e-10
    700  7.15e-24  2.21e-10  2.21e-10  2.54e-10
    800  6.12e-23  2.24e-10  2.24e-10   2.6e-10
    900  3.15e-22  2.25e-10  2.25e-10  2.65e-10
  1e+03  1.08e-21  2.28e-10  2.28e-10   2.7e-10
1.1e+03  2.59e-21   2.3e-10   2.3e-10  2.74e-10
1.2e+03  5.01e-21  2.32e-10  2.32e-10  2.78e-10
1.3e+03  6.68e-21  2.34e-10  2.34e-10  2.82e-10
1.4e+03   7.9e-21  2.36e-10  2.36e-10  2.86e-10
1.5e+03  7.07e-21  2.38e-10  2.38e-10  2.89e-10
1.6e+03  5.16e-21  2.41e-10  2.41e-10  2.92e-10
1.7e+03  4.84e-21  2.43e-10  2.43e-10  2.95e-10
1.8e+03  3.51e-21  2.45e-10  2.45e-10  2.98e-10
1.9e+03  2.79e-21  2.46e-10  2.46e-10     3e-10
  2e+03  2.06e-21  2.48e-10  2.48e-10  3.03e-10

______________________________________________________________________________________

Temperature-Pressure Rate Tables:

W1->W2

P\T           500       600       700       800       900     1e+03   1.1e+03   1.2e+03   1.3e+03   1.4e+03   1.5e+03   1.6e+03   1.7e+03   1.8e+03   1.9e+03     2e+03
0.1     -7.09e+06 -4.68e+06 -3.74e+06 -2.93e+06 -2.49e+06 -2.68e+06  1.12e+08  5.19e+08  1.35e+09  2.16e+09  2.65e+09  2.68e+09  2.66e+09  2.46e+09  2.06e+09  1.53e+09
1       -6.55e+07 -4.37e+07 -1.98e+07  2.77e+07  1.26e+08  4.98e+08  1.77e+09  4.48e+09  7.56e+09  9.43e+09  9.86e+09  9.17e+09  8.86e+09  8.24e+09  7.27e+09  6.07e+09
10      -3.32e+08  3.52e+09  4.28e+09  6.15e+09  8.26e+09  1.25e+10  1.76e+10  2.43e+10  2.97e+10  3.23e+10  3.13e+10  2.82e+10  2.69e+10   2.5e+10  2.24e+10  1.96e+10
100      1.34e+11  1.29e+11  1.19e+11  1.15e+11  1.09e+11  1.09e+11  1.03e+11  1.01e+11  9.57e+10  9.36e+10  8.73e+10  7.77e+10  7.39e+10  6.88e+10  6.26e+10  5.57e+10
O-O      1.04e+12  1.61e+12  2.22e+12  2.85e+12  3.47e+12  4.08e+12  4.68e+12  5.26e+12  5.82e+12  6.36e+12  6.88e+12  7.39e+12  7.89e+12  8.37e+12  8.83e+12  9.28e+12

W1->P1

P\T           500       600       700       800       900     1e+03   1.1e+03   1.2e+03   1.3e+03   1.4e+03   1.5e+03   1.6e+03   1.7e+03   1.8e+03   1.9e+03     2e+03
0.1      1.38e+10  1.17e+10  9.76e+09  8.71e+09  7.73e+09  7.03e+09   5.8e+09  4.77e+09  3.12e+09  1.95e+09   9.8e+08     4e+08  2.07e+08  6.49e+07  1.45e+07 -4.84e+06
1        4.13e+10  3.62e+10  3.09e+10  2.75e+10  2.43e+10  2.17e+10   1.7e+10  1.23e+10  6.63e+09  3.58e+09  1.64e+09   6.5e+08  3.44e+08  1.35e+08  5.51e+07  1.61e+07
10       1.02e+11  9.32e+10  8.08e+10  7.09e+10  6.09e+10  5.05e+10  3.63e+10   2.4e+10  1.17e+10  5.78e+09  2.47e+09  9.53e+08  5.08e+08  2.15e+08  1.02e+08  4.42e+07
100       9.7e+10  9.67e+10  8.79e+10  7.61e+10  6.46e+10  5.12e+10  3.66e+10  2.54e+10   1.4e+10  7.71e+09  3.51e+09  1.41e+09  7.69e+08  3.42e+08  1.74e+08  8.46e+07
O-O           ***       ***       ***       ***       ***       ***       ***       ***       ***       ***       ***       ***       ***       ***       ***       ***

W2->W1

P\T           500       600       700       800       900     1e+03   1.1e+03   1.2e+03   1.3e+03   1.4e+03   1.5e+03   1.6e+03   1.7e+03   1.8e+03   1.9e+03     2e+03
0.1      1.11e-15  7.51e-12 -1.03e-09  2.63e-09  5.32e-08  5.17e-07  0.000289    0.0033    0.0185    0.0576     0.125      0.21     0.324     0.444     0.527     0.539
1        5.16e-12  1.31e-09  7.59e-08  2.24e-06  3.16e-05  0.000419   0.00437    0.0279     0.103      0.25     0.466     0.718      1.08      1.49      1.87      2.15
10       1.62e-10  7.01e-07   1.7e-05  0.000226    0.0017    0.0101    0.0432     0.151     0.403     0.855      1.48       2.2      3.28      4.52      5.79      6.93
100      3.38e-07  2.36e-05  0.000445   0.00407     0.022    0.0869     0.251     0.625       1.3      2.48      4.12      6.09      9.04      12.5      16.1      19.7
O-O      2.61e-06  0.000294   0.00833     0.101     0.695      3.25      11.4      32.5      78.9       168       325       579       964  1.52e+03  2.28e+03  3.29e+03

W2->P1

P\T           500       600       700       800       900     1e+03   1.1e+03   1.2e+03   1.3e+03   1.4e+03   1.5e+03   1.6e+03   1.7e+03   1.8e+03   1.9e+03     2e+03
0.1      1.66e+09  2.18e+09   2.3e+09  2.46e+09  2.35e+09  2.35e+09  2.22e+09  2.07e+09  1.96e+09  1.81e+09  1.69e+09  1.59e+09  1.47e+09  1.38e+09  1.28e+09   1.2e+09
1        3.28e+09  3.99e+09  4.09e+09  4.23e+09     4e+09   3.9e+09  3.65e+09  3.37e+09  3.15e+09   2.9e+09  2.69e+09   2.5e+09  2.32e+09  2.16e+09     2e+09  1.86e+09
10       6.08e+09   6.8e+09  6.77e+09  6.71e+09  6.27e+09  5.95e+09  5.51e+09  5.06e+09  4.68e+09  4.28e+09  3.94e+09  3.65e+09  3.36e+09  3.12e+09  2.88e+09  2.67e+09
100      9.17e+09  1.01e+10  1.02e+10  9.86e+09  9.24e+09  8.62e+09  7.93e+09  7.27e+09  6.66e+09   6.1e+09  5.59e+09  5.14e+09  4.74e+09  4.35e+09  4.02e+09  3.72e+09
O-O      1.02e+10  1.14e+10  1.17e+10  1.14e+10  1.09e+10  1.02e+10  9.44e+09  8.71e+09  8.02e+09  7.37e+09  6.78e+09  6.24e+09  5.74e+09   5.3e+09   4.9e+09  4.53e+09

P1->W1

P\T           500       600       700       800       900     1e+03   1.1e+03   1.2e+03   1.3e+03   1.4e+03   1.5e+03   1.6e+03   1.7e+03   1.8e+03   1.9e+03     2e+03
0.1      8.02e-28  4.52e-26  7.79e-25  6.85e-24  3.68e-23  1.44e-22     4e-22  9.17e-22  1.45e-21  1.96e-21  1.96e-21   1.5e-21  1.37e-21  8.45e-22  5.05e-22  2.36e-22
1        2.44e-27  1.43e-25   2.5e-24   2.2e-23  1.18e-22  4.53e-22  1.19e-21   2.4e-21  3.13e-21  3.65e-21  3.29e-21   2.4e-21   2.2e-21  1.47e-21  1.01e-21  5.73e-22
10       6.04e-27  3.68e-25  6.57e-24   5.7e-23  2.97e-22  1.06e-21  2.57e-21  4.74e-21  5.56e-21  5.91e-21  4.97e-21   3.5e-21   3.2e-21  2.23e-21  1.68e-21  1.13e-21
100      5.75e-27  3.82e-25  7.15e-24  6.12e-23  3.15e-22  1.08e-21  2.59e-21  5.01e-21  6.68e-21   7.9e-21  7.07e-21  5.16e-21  4.84e-21  3.51e-21  2.79e-21  2.06e-21
O-O           ***       ***       ***       ***       ***       ***       ***       ***       ***       ***       ***       ***       ***       ***       ***       ***

P1->W2

P\T           500       600       700       800       900     1e+03   1.1e+03   1.2e+03   1.3e+03   1.4e+03   1.5e+03   1.6e+03   1.7e+03   1.8e+03   1.9e+03     2e+03
0.1      3.92e-11  4.73e-11  4.98e-11  5.58e-11  5.72e-11   6.2e-11  6.43e-11  6.59e-11  6.86e-11  6.98e-11  7.17e-11   7.4e-11  7.54e-11  7.74e-11  7.84e-11  7.96e-11
1        7.73e-11  8.67e-11  8.89e-11  9.61e-11  9.74e-11  1.03e-10  1.06e-10  1.08e-10  1.11e-10  1.12e-10  1.14e-10  1.17e-10  1.19e-10  1.21e-10  1.22e-10  1.24e-10
10       1.44e-10  1.48e-10  1.47e-10  1.53e-10  1.53e-10  1.58e-10   1.6e-10  1.61e-10  1.64e-10  1.66e-10  1.68e-10  1.71e-10  1.73e-10  1.75e-10  1.77e-10  1.78e-10
100      2.16e-10   2.2e-10  2.21e-10  2.24e-10  2.25e-10  2.28e-10   2.3e-10  2.32e-10  2.34e-10  2.36e-10  2.38e-10  2.41e-10  2.43e-10  2.45e-10  2.46e-10  2.48e-10
O-O      2.41e-10  2.48e-10  2.54e-10   2.6e-10  2.65e-10   2.7e-10  2.74e-10  2.78e-10  2.82e-10  2.86e-10  2.89e-10  2.92e-10  2.95e-10  2.98e-10     3e-10  3.03e-10

W1-> 

P\T           500       600       700       800       900     1e+03   1.1e+03   1.2e+03   1.3e+03   1.4e+03   1.5e+03   1.6e+03   1.7e+03   1.8e+03   1.9e+03     2e+03
0.1      1.38e+10  1.16e+10  9.76e+09   8.7e+09  7.73e+09  7.04e+09  5.92e+09  5.29e+09  4.47e+09  4.11e+09  3.63e+09  3.08e+09  2.87e+09  2.53e+09  2.07e+09  1.53e+09
1        4.13e+10  3.62e+10  3.08e+10  2.76e+10  2.45e+10  2.22e+10  1.87e+10  1.67e+10  1.42e+10   1.3e+10  1.15e+10  9.82e+09   9.2e+09  8.37e+09  7.32e+09  6.09e+09
10       1.05e+11  9.67e+10  8.51e+10  7.71e+10  6.91e+10   6.3e+10  5.39e+10  4.83e+10  4.14e+10   3.8e+10  3.38e+10  2.91e+10  2.74e+10  2.52e+10  2.26e+10  1.96e+10
100      2.31e+11  2.26e+11  2.07e+11  1.91e+11  1.74e+11   1.6e+11  1.39e+11  1.26e+11   1.1e+11  1.01e+11  9.08e+10  7.91e+10  7.47e+10  6.92e+10  6.28e+10  5.58e+10
O-O      1.04e+12  1.61e+12  2.22e+12  2.85e+12  3.47e+12  4.08e+12  4.68e+12  5.26e+12  5.82e+12  6.36e+12  6.88e+12  7.39e+12  7.89e+12  8.37e+12  8.83e+12  9.28e+12

W2-> 

P\T           500       600       700       800       900     1e+03   1.1e+03   1.2e+03   1.3e+03   1.4e+03   1.5e+03   1.6e+03   1.7e+03   1.8e+03   1.9e+03     2e+03
0.1      1.66e+09  2.18e+09   2.3e+09  2.46e+09  2.35e+09  2.35e+09  2.22e+09  2.07e+09  1.96e+09  1.81e+09  1.69e+09  1.59e+09  1.47e+09  1.38e+09  1.28e+09   1.2e+09
1        3.28e+09  3.99e+09  4.09e+09  4.23e+09     4e+09   3.9e+09  3.65e+09  3.37e+09  3.15e+09   2.9e+09  2.69e+09   2.5e+09  2.32e+09  2.16e+09     2e+09  1.86e+09
10       6.08e+09   6.8e+09  6.77e+09  6.71e+09  6.27e+09  5.95e+09  5.51e+09  5.06e+09  4.68e+09  4.28e+09  3.94e+09  3.65e+09  3.36e+09  3.12e+09  2.88e+09  2.67e+09
100      9.17e+09  1.01e+10  1.02e+10  9.86e+09  9.24e+09  8.62e+09  7.93e+09  7.27e+09  6.66e+09   6.1e+09  5.59e+09  5.14e+09  4.74e+09  4.35e+09  4.02e+09  3.72e+09
O-O      1.02e+10  1.14e+10  1.17e+10  1.14e+10  1.09e+10  1.02e+10  9.44e+09  8.71e+09  8.02e+09  7.37e+09  6.78e+09  6.24e+09  5.74e+09   5.3e+09   4.9e+09  4.53e+09

P1-> 

P\T           500       600       700       800       900     1e+03   1.1e+03   1.2e+03   1.3e+03   1.4e+03   1.5e+03   1.6e+03   1.7e+03   1.8e+03   1.9e+03     2e+03
0.1      3.92e-11  4.73e-11  4.98e-11  5.58e-11  5.72e-11   6.2e-11  6.43e-11  6.59e-11  6.86e-11  6.98e-11  7.17e-11   7.4e-11  7.54e-11  7.74e-11  7.84e-11  7.96e-11
1        7.73e-11  8.67e-11  8.89e-11  9.61e-11  9.74e-11  1.03e-10  1.06e-10  1.08e-10  1.11e-10  1.12e-10  1.14e-10  1.17e-10  1.19e-10  1.21e-10  1.22e-10  1.24e-10
10       1.44e-10  1.48e-10  1.47e-10  1.53e-10  1.53e-10  1.58e-10   1.6e-10  1.61e-10  1.64e-10  1.66e-10  1.68e-10  1.71e-10  1.73e-10  1.75e-10  1.77e-10  1.78e-10
100      2.16e-10   2.2e-10  2.21e-10  2.24e-10  2.25e-10  2.28e-10   2.3e-10  2.32e-10  2.34e-10  2.36e-10  2.38e-10  2.41e-10  2.43e-10  2.45e-10  2.46e-10  2.48e-10
O-O      2.41e-10  2.48e-10  2.54e-10   2.6e-10  2.65e-10   2.7e-10  2.74e-10  2.78e-10  2.82e-10  2.86e-10  2.89e-10  2.92e-10  2.95e-10  2.98e-10     3e-10  3.03e-10

