Wells (G - ground energy, D - dissociation limit, kcal/mol):
                              W         G         D
      FakeW-C5H8O(825)rs+HO2(8)        -3         0
       FakeW-H2O2(10)+S(1289)rs      7.45      10.4

Bimolecular Products (G - ground energy, kcal/mol):
                        P         G
      C5H8O(825)rs+HO2(8)         0
       H2O2(10)+S(1289)rs      10.4

Well-to-Bimolecular Barriers (H/G - barrier height/well depth, kcal/mol)
                              B         H                         W         G                   P
      FakeB-C5H8O(825)rs+HO2(8)         0 FakeW-C5H8O(825)rs+HO2(8)        -3 C5H8O(825)rs+HO2(8)
       FakeB-H2O2(10)+S(1289)rs      10.4  FakeW-H2O2(10)+S(1289)rs      7.45  H2O2(10)+S(1289)rs

Well-to-Well Barriers (H/G - barrier height/well depth, kcal/mol):
           B         H                        W1        G1                        W2        G2
      ts_1_3      13.1 FakeW-C5H8O(825)rs+HO2(8)        -3  FakeW-H2O2(10)+S(1289)rs      7.45

Bound Groups: dissociation barrier (name/ground energy, kcal/mol): wells (name/ground energy, kcal/mol):
     C1/0:  FakeW-C5H8O(825)rs+HO2(8)/-3

     C2/10.4:  FakeW-H2O2(10)+S(1289)rs/7.45

________________________________________________________________________________________

Names Translation Tables (<short name> - <original name>):
Wells:
   W1 - FakeW-C5H8O(825)rs+HO2(8)
   W2 - FakeW-H2O2(10)+S(1289)rs
Bimolecular products:
   P1 - C5H8O(825)rs+HO2(8)
   P2 - H2O2(10)+S(1289)rs
Inner Barriers:
   B1 - ts_1_3
Outer Barriers:
   C1 - FakeB-C5H8O(825)rs+HO2(8)
   C2 - FakeB-H2O2(10)+S(1289)rs
Unimolecular Rate Units: 1/sec;  Bimolecular Rate Units: cm^3/sec

______________________________________________________________________________________

Species-Species Rate Tables:

Temperature = 500 K

High Pressure Rate Coefficients:

From\To         W1        W2        P1        P2
W1             ***       264  2.66e+11       ***
W2        3.14e+06       ***       ***  4.41e+11
P1        1.85e-10       ***       ***       ***
P2             ***  1.84e-10       ***       ***

Temperature = 500 K    Pressure = 0.1 atm

From\To         W1        W2        P1        P2
W1        1.37e+10  1.27e-05  1.37e+10  1.27e-05
W2          -0.754  2.14e+10   6.4e+04  2.14e+10
P1        9.39e-12  3.63e-21  9.73e-12  1.79e-19
P2        1.04e-21  8.66e-12  1.28e-15  8.96e-12

Temperature = 500 K    Pressure = 1 atm

From\To         W1        W2        P1        P2
W1        3.46e+10   0.00055  3.46e+10  0.000253
W2            1.45  5.22e+10  1.54e+05  5.22e+10
P1         2.4e-11  8.95e-21  2.45e-11  1.73e-19
P2        7.24e-21  2.16e-11  1.24e-15   2.2e-11

Temperature = 500 K    Pressure = 10 atm

From\To         W1        W2        P1        P2
W1        7.13e+10    0.0285  7.13e+10   0.00796
W2             316  1.07e+11  3.43e+05  1.07e+11
P1        4.96e-11     2e-20  4.96e-11  1.63e-19
P2        6.75e-20  4.46e-11  1.16e-15  4.46e-11

Temperature = 500 K    Pressure = 100 atm

From\To         W1        W2        P1        P2
W1        1.27e+11      1.76  1.27e+11     0.912
W2        2.09e+04   1.9e+11  7.08e+05   1.9e+11
P1        8.83e-11  4.13e-20  8.83e-11   1.4e-19
P2        4.63e-18  7.89e-11  9.95e-16   7.9e-11

Temperature = 600 K

High Pressure Rate Coefficients:

From\To         W1        W2        P1        P2
W1             ***  3.66e+03  2.76e+11       ***
W2        6.31e+06       ***       ***  4.58e+11
P1        1.91e-10       ***       ***       ***
P2             ***  1.89e-10       ***       ***

Temperature = 600 K    Pressure = 0.1 atm

From\To         W1        W2        P1        P2
W1        2.14e+10  0.000389  2.14e+10  0.000399
W2            -1.4  3.15e+10  1.02e+05  3.15e+10
P1        1.44e-11  3.93e-20  1.48e-11  2.48e-18
P2        2.77e-21  1.25e-11  2.56e-15  1.28e-11

Temperature = 600 K    Pressure = 1 atm

From\To         W1        W2        P1        P2
W1        4.56e+10    0.0182  4.56e+10   0.00859
W2            19.8   6.7e+10  2.59e+05   6.7e+10
P1        3.14e-11  1.03e-19  3.19e-11  2.42e-18
P2        2.04e-20  2.75e-11  2.49e-15  2.79e-11

Temperature = 600 K    Pressure = 10 atm

From\To         W1        W2        P1        P2
W1        8.42e+10     0.853  8.42e+10     0.244
W2        1.42e+03  1.25e+11  6.01e+05  1.25e+11
P1        5.82e-11  2.41e-19  5.82e-11  2.28e-18
P2        2.38e-19  5.18e-11  2.35e-15  5.18e-11

Temperature = 600 K    Pressure = 100 atm

From\To         W1        W2        P1        P2
W1        1.38e+11      33.1  1.38e+11      17.1
W2        5.68e+04  2.07e+11  1.26e+06  2.07e+11
P1        9.55e-11  5.07e-19  9.55e-11  1.98e-18
P2        1.24e-17  8.56e-11  2.04e-15  8.56e-11

Temperature = 700 K

High Pressure Rate Coefficients:

From\To         W1        W2        P1        P2
W1             ***  2.71e+04  2.65e+11       ***
W2        1.15e+07       ***       ***  4.39e+11
P1        1.96e-10       ***       ***       ***
P2             ***  1.94e-10       ***       ***

Temperature = 700 K    Pressure = 0.1 atm

From\To         W1        W2        P1        P2
W1        2.48e+10    0.0129  2.48e+10   0.00622
W2           0.112   3.5e+10  1.79e+05   3.5e+10
P1        1.77e-11  2.98e-19  1.81e-11  1.97e-17
P2        8.87e-21  1.47e-11  4.99e-15  1.51e-11

Temperature = 700 K    Pressure = 1 atm

From\To         W1        W2        P1        P2
W1        4.92e+10     0.533  4.92e+10     0.138
W2             201  7.03e+10  4.61e+05  7.03e+10
P1        3.62e-11  7.97e-19  3.66e-11  1.92e-17
P2        6.25e-20  3.08e-11  4.86e-15  3.13e-11

Temperature = 700 K    Pressure = 10 atm

From\To         W1        W2        P1        P2
W1        8.61e+10      17.6  8.61e+10      3.66
W2        7.38e+03  1.26e+11  1.07e+06  1.26e+11
P1        6.37e-11  1.87e-18  6.37e-11  1.81e-17
P2        8.35e-19  5.57e-11  4.59e-15  5.57e-11

Temperature = 700 K    Pressure = 100 atm

From\To         W1        W2        P1        P2
W1        1.35e+11       376  1.35e+11       179
W2        1.59e+05  2.01e+11  2.19e+06  2.01e+11
P1           1e-10  3.83e-18     1e-10  1.57e-17
P2         3.4e-17  8.91e-11  3.99e-15  8.91e-11

Temperature = 800 K

High Pressure Rate Coefficients:

From\To         W1        W2        P1        P2
W1             ***  1.29e+05  2.44e+11       ***
W2         1.9e+07       ***       ***  4.04e+11
P1        2.01e-10       ***       ***       ***
P2             ***  1.99e-10       ***       ***

Temperature = 800 K    Pressure = 0.1 atm

From\To         W1        W2        P1        P2
W1        2.55e+10      0.34  2.55e+10    0.0583
W2            26.1   3.6e+10  3.36e+05   3.6e+10
P1        2.02e-11  1.78e-18  2.06e-11  1.04e-16
P2        4.32e-20  1.68e-11  9.13e-15  1.71e-11

Temperature = 800 K    Pressure = 1 atm

From\To         W1        W2        P1        P2
W1        4.86e+10      11.8  4.86e+10      1.24
W2        1.66e+03  6.96e+10  8.43e+05  6.96e+10
P1        3.97e-11  4.68e-18  4.01e-11  1.01e-16
P2        2.18e-19  3.39e-11  8.86e-15  3.44e-11

Temperature = 800 K    Pressure = 10 atm

From\To         W1        W2        P1        P2
W1        8.25e+10       246  8.25e+10      31.7
W2        3.59e+04  1.21e+11   1.9e+06  1.21e+11
P1        6.77e-11  1.06e-17  6.77e-11   9.5e-17
P2        2.65e-18  5.95e-11  8.34e-15  5.95e-11

Temperature = 800 K    Pressure = 100 atm

From\To         W1        W2        P1        P2
W1        1.26e+11  2.87e+03  1.26e+11  1.17e+03
W2        4.21e+05  1.89e+11  3.67e+06  1.89e+11
P1        1.04e-10  2.05e-17  1.04e-10   8.2e-17
P2         8.5e-17  9.29e-11   7.2e-15  9.29e-11

Temperature = 900 K

High Pressure Rate Coefficients:

From\To         W1        W2        P1        P2
W1             ***  4.52e+05   2.2e+11       ***
W2        2.88e+07       ***       ***  3.64e+11
P1        2.05e-10       ***       ***       ***
P2             ***  2.03e-10       ***       ***

Temperature = 900 K    Pressure = 0.1 atm

From\To         W1        W2        P1        P2
W1        2.56e+10      5.95  2.56e+10     0.428
W2             261  3.61e+10  6.33e+05  3.61e+10
P1        2.28e-11  8.71e-18  2.32e-11  4.09e-16
P2        2.39e-19  1.89e-11  1.56e-14  1.93e-11

Temperature = 900 K    Pressure = 1 atm

From\To         W1        W2        P1        P2
W1        4.72e+10       173  4.72e+10      8.05
W2        1.08e+04  6.79e+10  1.52e+06  6.79e+10
P1        4.36e-11   2.2e-17   4.4e-11  3.95e-16
P2         8.4e-19  3.74e-11  1.51e-14  3.78e-11

Temperature = 900 K    Pressure = 10 atm

From\To         W1        W2        P1        P2
W1        7.79e+10  2.26e+03  7.79e+10       197
W2        1.44e+05  1.15e+11  3.22e+06  1.15e+11
P1        7.24e-11  4.69e-17  7.24e-11  3.69e-16
P2        7.92e-18  6.39e-11  1.41e-14  6.39e-11

Temperature = 900 K    Pressure = 100 atm

From\To         W1        W2        P1        P2
W1        1.17e+11  1.62e+04  1.17e+11  5.54e+03
W2        1.03e+06  1.75e+11  5.79e+06  1.75e+11
P1        1.08e-10  8.44e-17  1.08e-10  3.13e-16
P2        1.98e-16  9.75e-11   1.2e-14  9.75e-11

Temperature = 1e+03 K

High Pressure Rate Coefficients:

From\To         W1        W2        P1        P2
W1             ***  1.26e+06  1.96e+11       ***
W2         4.1e+07       ***       ***  3.25e+11
P1        2.08e-10       ***       ***       ***
P2             ***  2.06e-10       ***       ***

Temperature = 1e+03 K    Pressure = 0.1 atm

From\To         W1        W2        P1        P2
W1        2.34e+10      45.2  2.34e+10      1.97
W2        1.07e+03  3.47e+10  1.09e+06  3.47e+10
P1        2.38e-11  3.33e-17  2.42e-11  1.29e-15
P2        8.28e-19  2.07e-11  2.52e-14  2.11e-11

Temperature = 1e+03 K    Pressure = 1 atm

From\To         W1        W2        P1        P2
W1        4.26e+10  1.11e+03  4.26e+10      34.3
W2        3.54e+04  6.39e+10   2.5e+06  6.39e+10
P1        4.48e-11  8.05e-17  4.53e-11  1.24e-15
P2        2.37e-18  4.01e-11  2.42e-14  4.06e-11

Temperature = 1e+03 K    Pressure = 10 atm

From\To         W1        W2        P1        P2
W1        6.95e+10  1.09e+04  6.95e+10       781
W2        3.57e+05  1.06e+11  5.03e+06  1.06e+11
P1        7.36e-11  1.63e-16  7.36e-11  1.15e-15
P2        1.82e-17  6.74e-11  2.24e-14  6.74e-11

Temperature = 1e+03 K    Pressure = 100 atm

From\To         W1        W2        P1        P2
W1        1.04e+11  6.09e+04  1.04e+11  1.84e+04
W2        1.99e+06   1.6e+11  8.55e+06   1.6e+11
P1         1.1e-10  2.77e-16   1.1e-10  9.61e-16
P2        3.85e-16  1.01e-10  1.88e-14  1.01e-10

Temperature = 1.1e+03 K

High Pressure Rate Coefficients:

From\To         W1        W2        P1        P2
W1             ***  2.93e+06  1.74e+11       ***
W2        5.53e+07       ***       ***  2.89e+11
P1        2.11e-10       ***       ***       ***
P2             ***   2.1e-10       ***       ***

Temperature = 1.1e+03 K    Pressure = 0.1 atm

From\To         W1        W2        P1        P2
W1        2.21e+10       426  2.21e+10      13.9
W2        6.82e+03  3.13e+10   1.6e+06  3.13e+10
P1        2.58e-11  9.72e-17  2.62e-11  3.43e-15
P2        3.36e-18  2.15e-11  3.87e-14  2.19e-11

Temperature = 1.1e+03 K    Pressure = 1 atm

From\To         W1        W2        P1        P2
W1        3.96e+10   7.5e+03  3.96e+10       215
W2         1.4e+05  5.72e+10  3.52e+06  5.72e+10
P1        4.77e-11  2.24e-16  4.82e-11  3.29e-15
P2        7.91e-18  4.11e-11  3.72e-14  4.16e-11

Temperature = 1.1e+03 K    Pressure = 10 atm

From\To         W1        W2        P1        P2
W1        6.35e+10  4.79e+04  6.35e+10  3.32e+03
W2        9.03e+05  9.45e+10  6.69e+06  9.45e+10
P1         7.7e-11   4.3e-16   7.7e-11  3.04e-15
P2        4.93e-17  6.85e-11  3.43e-14  6.85e-11

Temperature = 1.1e+03 K    Pressure = 100 atm

From\To         W1        W2        P1        P2
W1        9.34e+10  1.97e+05  9.34e+10  5.84e+04
W2        3.72e+06  1.41e+11  1.09e+07  1.41e+11
P1        1.13e-10  7.01e-16  1.13e-10  2.52e-15
P2        8.05e-16  1.02e-10  2.84e-14  1.02e-10

Temperature = 1.2e+03 K

High Pressure Rate Coefficients:

From\To         W1        W2        P1        P2
W1             ***  5.99e+06  1.54e+11       ***
W2        7.15e+07       ***       ***  2.56e+11
P1        2.15e-10       ***       ***       ***
P2             ***  2.13e-10       ***       ***

Temperature = 1.2e+03 K    Pressure = 0.1 atm

From\To         W1        W2        P1        P2
W1        2.02e+10  2.02e+03  2.02e+10      59.3
W2        2.12e+04  2.89e+10  2.34e+06  2.89e+10
P1        2.69e-11  2.58e-16  2.74e-11  7.97e-15
P2        9.28e-18  2.27e-11   5.7e-14  2.32e-11

Temperature = 1.2e+03 K    Pressure = 1 atm

From\To         W1        W2        P1        P2
W1        3.57e+10  2.79e+04  3.57e+10       880
W2         3.3e+05  5.23e+10  4.92e+06  5.23e+10
P1        4.93e-11  5.68e-16  4.98e-11  7.62e-15
P2        1.97e-17   4.3e-11  5.44e-14  4.35e-11

Temperature = 1.2e+03 K    Pressure = 10 atm

From\To         W1        W2        P1        P2
W1        5.68e+10  1.43e+05  5.68e+10  9.92e+03
W2        1.71e+06  8.54e+10  8.91e+06  8.54e+10
P1        7.89e-11  1.04e-15  7.89e-11  6.99e-15
P2        1.05e-16  7.09e-11     5e-14  7.09e-11

Temperature = 1.2e+03 K    Pressure = 100 atm

From\To         W1        W2        P1        P2
W1         8.3e+10  5.03e+05   8.3e+10  1.44e+05
W2           6e+06  1.26e+11   1.4e+07  1.26e+11
P1        1.15e-10  1.63e-15  1.15e-10  5.72e-15
P2        1.43e-15  1.05e-10  4.08e-14  1.05e-10

Temperature = 1.3e+03 K

High Pressure Rate Coefficients:

From\To         W1        W2        P1        P2
W1             ***   1.1e+07  1.37e+11       ***
W2        8.93e+07       ***       ***  2.27e+11
P1        2.17e-10       ***       ***       ***
P2             ***  2.16e-10       ***       ***

Temperature = 1.3e+03 K    Pressure = 0.1 atm

From\To         W1        W2        P1        P2
W1        1.84e+10  6.59e+03  1.84e+10       180
W2        4.71e+04  2.73e+10  3.43e+06  2.73e+10
P1        2.82e-11  6.38e-16  2.86e-11  1.66e-14
P2        2.12e-17  2.45e-11  8.05e-14   2.5e-11

Temperature = 1.3e+03 K    Pressure = 1 atm

From\To         W1        W2        P1        P2
W1        3.23e+10  7.81e+04  3.23e+10  2.58e+03
W2        6.28e+05  4.87e+10  6.88e+06  4.87e+10
P1         5.1e-11  1.34e-15  5.15e-11  1.58e-14
P2        4.14e-17  4.58e-11  7.65e-14  4.63e-11

Temperature = 1.3e+03 K    Pressure = 10 atm

From\To         W1        W2        P1        P2
W1         5.1e+10  3.53e+05   5.1e+10  2.39e+04
W2        2.86e+06  7.84e+10  1.19e+07  7.84e+10
P1        8.09e-11  2.33e-15  8.09e-11  1.43e-14
P2        1.96e-16  7.44e-11  6.96e-14  7.44e-11

Temperature = 1.3e+03 K    Pressure = 100 atm

From\To         W1        W2        P1        P2
W1        7.41e+10  1.12e+06  7.41e+10  3.02e+05
W2         9.1e+06  1.15e+11  1.79e+07  1.15e+11
P1        1.18e-10  3.51e-15  1.18e-10  1.15e-14
P2        2.34e-15  1.09e-10  5.58e-14  1.09e-10

Temperature = 1.4e+03 K

High Pressure Rate Coefficients:

From\To         W1        W2        P1        P2
W1             ***  1.86e+07  1.22e+11       ***
W2        1.08e+08       ***       ***  2.01e+11
P1         2.2e-10       ***       ***       ***
P2             ***  2.18e-10       ***       ***

Temperature = 1.4e+03 K    Pressure = 0.1 atm

From\To         W1        W2        P1        P2
W1        1.69e+10  2.27e+04  1.69e+10       710
W2         1.2e+05  2.48e+10  4.45e+06  2.48e+10
P1        2.94e-11  1.32e-15  2.99e-11  3.18e-14
P2        4.82e-17  2.55e-11  1.11e-13   2.6e-11

Temperature = 1.4e+03 K    Pressure = 1 atm

From\To         W1        W2        P1        P2
W1        2.93e+10  2.05e+05  2.93e+10  8.57e+03
W2        1.19e+06  4.39e+10  8.52e+06  4.39e+10
P1        5.28e-11  2.64e-15  5.33e-11  3.01e-14
P2        9.18e-17  4.71e-11  1.05e-13  4.77e-11

Temperature = 1.4e+03 K    Pressure = 10 atm

From\To         W1        W2        P1        P2
W1        4.59e+10  7.85e+05  4.59e+10   5.8e+04
W2        4.57e+06  7.02e+10  1.42e+07  7.02e+10
P1         8.3e-11  4.42e-15   8.3e-11  2.73e-14
P2        3.83e-16   7.6e-11   9.5e-14  7.61e-11

Temperature = 1.4e+03 K    Pressure = 100 atm

From\To         W1        W2        P1        P2
W1        6.63e+10  2.24e+06  6.63e+10  6.12e+05
W2         1.3e+07  1.02e+11  2.09e+07  1.02e+11
P1         1.2e-10  6.51e-15   1.2e-10  2.16e-14
P2        3.87e-15  1.11e-10  7.51e-14  1.11e-10

Temperature = 1.5e+03 K

High Pressure Rate Coefficients:

From\To         W1        W2        P1        P2
W1             ***  2.93e+07  1.08e+11       ***
W2        1.28e+08       ***       ***  1.79e+11
P1        2.23e-10       ***       ***       ***
P2             ***  2.21e-10       ***       ***

Temperature = 1.5e+03 K    Pressure = 0.1 atm

From\To         W1        W2        P1        P2
W1        1.55e+10  6.73e+04  1.55e+10  2.69e+03
W2        2.76e+05  2.25e+10  5.49e+06  2.24e+10
P1        3.07e-11  2.48e-15  3.12e-11  5.68e-14
P2        1.01e-16  2.63e-11  1.49e-13  2.68e-11

Temperature = 1.5e+03 K    Pressure = 1 atm

From\To         W1        W2        P1        P2
W1        2.67e+10  4.69e+05  2.67e+10  2.53e+04
W2        2.04e+06  3.95e+10  1.01e+07  3.95e+10
P1        5.46e-11  4.71e-15  5.51e-11  5.36e-14
P2        1.96e-16  4.83e-11   1.4e-13  4.88e-11

Temperature = 1.5e+03 K    Pressure = 10 atm

From\To         W1        W2        P1        P2
W1        4.14e+10  1.56e+06  4.14e+10   1.3e+05
W2        6.83e+06  6.29e+10  1.62e+07  6.29e+10
P1        8.51e-11  7.64e-15  8.52e-11  4.83e-14
P2        7.24e-16  7.73e-11  1.26e-13  7.74e-11

Temperature = 1.5e+03 K    Pressure = 100 atm

From\To         W1        W2        P1        P2
W1        5.96e+10  4.06e+06  5.96e+10  1.15e+06
W2        1.78e+07  9.13e+10  2.36e+07  9.13e+10
P1        1.23e-10  1.11e-14  1.23e-10  3.76e-14
P2        6.21e-15  1.12e-10  9.85e-14  1.13e-10

Temperature = 1.6e+03 K

High Pressure Rate Coefficients:

From\To         W1        W2        P1        P2
W1             ***  4.38e+07  9.65e+10       ***
W2        1.49e+08       ***       ***   1.6e+11
P1        2.25e-10       ***       ***       ***
P2             ***  2.23e-10       ***       ***

Temperature = 1.6e+03 K    Pressure = 0.1 atm

From\To         W1        W2        P1        P2
W1        1.42e+10  1.51e+05  1.42e+10  6.82e+03
W2        4.86e+05  2.09e+10  6.96e+06  2.09e+10
P1         3.2e-11  4.58e-15  3.26e-11  9.51e-14
P2        1.83e-16  2.77e-11  1.94e-13  2.83e-11

Temperature = 1.6e+03 K    Pressure = 1 atm

From\To         W1        W2        P1        P2
W1        2.43e+10   9.1e+05  2.43e+10  5.48e+04
W2        3.09e+06  3.64e+10  1.22e+07  3.64e+10
P1        5.64e-11  8.34e-15   5.7e-11  8.94e-14
P2        3.53e-16  5.04e-11  1.82e-13   5.1e-11

Temperature = 1.6e+03 K    Pressure = 10 atm

From\To         W1        W2        P1        P2
W1        3.75e+10   2.8e+06  3.75e+10  2.44e+05
W2        9.55e+06  5.74e+10  1.92e+07  5.74e+10
P1        8.73e-11  1.31e-14  8.74e-11  7.99e-14
P2        1.19e-15     8e-11  1.63e-13  8.01e-11

Temperature = 1.6e+03 K    Pressure = 100 atm

From\To         W1        W2        P1        P2
W1        5.37e+10  6.87e+06  5.37e+10  1.93e+06
W2        2.34e+07  8.28e+10  2.73e+07  8.28e+10
P1        1.25e-10  1.86e-14  1.25e-10   6.1e-14
P2         9.2e-15  1.15e-10  1.24e-13  1.16e-10

Temperature = 1.7e+03 K

High Pressure Rate Coefficients:

From\To         W1        W2        P1        P2
W1             ***  6.23e+07  8.64e+10       ***
W2        1.71e+08       ***       ***  1.43e+11
P1        2.27e-10       ***       ***       ***
P2             ***  2.25e-10       ***       ***

Temperature = 1.7e+03 K    Pressure = 0.1 atm

From\To         W1        W2        P1        P2
W1        1.34e+10  3.52e+05  1.34e+10  1.87e+04
W2        9.28e+05  1.98e+10  8.48e+06  1.98e+10
P1        3.43e-11  7.91e-15  3.48e-11  1.51e-13
P2        3.01e-16  2.99e-11  2.48e-13  3.06e-11

Temperature = 1.7e+03 K    Pressure = 1 atm

From\To         W1        W2        P1        P2
W1        2.27e+10  1.71e+06  2.27e+10  1.17e+05
W2        4.68e+06  3.42e+10  1.44e+07  3.42e+10
P1        5.94e-11  1.38e-14  6.01e-11  1.42e-13
P2        6.18e-16  5.35e-11  2.32e-13  5.41e-11

Temperature = 1.7e+03 K    Pressure = 10 atm

From\To         W1        W2        P1        P2
W1        3.45e+10  4.79e+06  3.45e+10  4.35e+05
W2        1.31e+07  5.32e+10   2.2e+07  5.32e+10
P1        9.08e-11  2.11e-14   9.1e-11  1.26e-13
P2        1.91e-15  8.36e-11  2.06e-13  8.38e-11

Temperature = 1.7e+03 K    Pressure = 100 atm

From\To         W1        W2        P1        P2
W1        4.91e+10   1.1e+07  4.91e+10  3.08e+06
W2        3.02e+07   7.6e+10  3.07e+07  7.59e+10
P1        1.29e-10  2.95e-14  1.29e-10   9.4e-14
P2        1.33e-14  1.19e-10  1.54e-13   1.2e-10

Temperature = 1.8e+03 K

High Pressure Rate Coefficients:

From\To         W1        W2        P1        P2
W1             ***  8.52e+07  7.76e+10       ***
W2        1.92e+08       ***       ***  1.29e+11
P1         2.3e-10       ***       ***       ***
P2             ***  2.28e-10       ***       ***

Temperature = 1.8e+03 K    Pressure = 0.1 atm

From\To         W1        W2        P1        P2
W1        1.21e+10  6.62e+05  1.21e+10  4.75e+04
W2        1.45e+06  1.75e+10  9.34e+06  1.75e+10
P1        3.47e-11  1.19e-14  3.54e-11  2.32e-13
P2        5.69e-16  2.95e-11  3.13e-13  3.02e-11

Temperature = 1.8e+03 K    Pressure = 1 atm

From\To         W1        W2        P1        P2
W1        2.04e+10  2.85e+06  2.04e+10  2.46e+05
W2        6.41e+06  3.02e+10  1.53e+07  3.02e+10
P1        6.02e-11  2.01e-14  6.09e-11  2.16e-13
P2        1.16e-15   5.3e-11  2.92e-13  5.38e-11

Temperature = 1.8e+03 K    Pressure = 10 atm

From\To         W1        W2        P1        P2
W1        3.11e+10  7.49e+06   3.1e+10     8e+05
W2        1.69e+07  4.71e+10  2.29e+07  4.71e+10
P1        9.18e-11  3.01e-14   9.2e-11  1.92e-13
P2        3.25e-15  8.32e-11  2.58e-13  8.35e-11

Temperature = 1.8e+03 K    Pressure = 100 atm

From\To         W1        W2        P1        P2
W1        4.42e+10  1.64e+07  4.41e+10  4.92e+06
W2         3.7e+07  6.76e+10  3.22e+07  6.75e+10
P1        1.31e-10  4.23e-14  1.31e-10  1.41e-13
P2        1.97e-14  1.19e-10   1.9e-13   1.2e-10

Temperature = 1.9e+03 K

High Pressure Rate Coefficients:

From\To         W1        W2        P1        P2
W1             ***  1.13e+08  6.99e+10       ***
W2        2.14e+08       ***       ***  1.16e+11
P1        2.32e-10       ***       ***       ***
P2             ***   2.3e-10       ***       ***

Temperature = 1.9e+03 K    Pressure = 0.1 atm

From\To         W1        W2        P1        P2
W1        1.09e+10  9.98e+05  1.09e+10  7.08e+04
W2        1.83e+06  1.62e+10  1.11e+07  1.62e+10
P1        3.52e-11  1.88e-14   3.6e-11  3.41e-13
P2        7.74e-16  3.07e-11  3.87e-13  3.15e-11

Temperature = 1.9e+03 K    Pressure = 1 atm

From\To         W1        W2        P1        P2
W1        1.84e+10  4.14e+06  1.84e+10  3.53e+05
W2        7.83e+06  2.78e+10  1.78e+07  2.78e+10
P1        6.08e-11  3.11e-14  6.17e-11  3.17e-13
P2        1.56e-15  5.47e-11   3.6e-13  5.56e-11

Temperature = 1.9e+03 K    Pressure = 10 atm

From\To         W1        W2        P1        P2
W1         2.8e+10  1.06e+07   2.8e+10  1.12e+06
W2        2.02e+07  4.31e+10  2.63e+07  4.31e+10
P1        9.26e-11  4.59e-14  9.29e-11  2.79e-13
P2        4.29e-15  8.53e-11  3.16e-13  8.57e-11

Temperature = 1.9e+03 K    Pressure = 100 atm

From\To         W1        W2        P1        P2
W1        3.99e+10  2.29e+07  3.98e+10   6.8e+06
W2        4.34e+07  6.16e+10  3.65e+07  6.15e+10
P1        1.32e-10  6.38e-14  1.32e-10  2.02e-13
P2        2.56e-14  1.22e-10  2.29e-13  1.22e-10

Temperature = 2e+03 K

High Pressure Rate Coefficients:

From\To         W1        W2        P1        P2
W1             ***  1.45e+08  6.31e+10       ***
W2        2.36e+08       ***       ***  1.05e+11
P1        2.34e-10       ***       ***       ***
P2             ***  2.32e-10       ***       ***

Temperature = 2e+03 K    Pressure = 0.1 atm

From\To         W1        W2        P1        P2
W1        1.02e+10  1.67e+06  1.02e+10  1.38e+05
W2        2.65e+06   1.5e+10  1.25e+07   1.5e+10
P1        3.66e-11  2.77e-14  3.75e-11  4.85e-13
P2        1.21e-15  3.19e-11  4.72e-13  3.28e-11

Temperature = 2e+03 K    Pressure = 1 atm

From\To         W1        W2        P1        P2
W1         1.7e+10  6.28e+06   1.7e+10  5.97e+05
W2        1.02e+07  2.57e+10  1.96e+07  2.56e+10
P1        6.27e-11  4.45e-14  6.37e-11  4.49e-13
P2        2.46e-15  5.64e-11  4.37e-13  5.73e-11

Temperature = 2e+03 K    Pressure = 10 atm

From\To         W1        W2        P1        P2
W1        2.57e+10  1.53e+07  2.56e+10  1.73e+06
W2         2.5e+07  3.96e+10  2.83e+07  3.95e+10
P1        9.48e-11  6.44e-14  9.53e-11  3.92e-13
P2        6.33e-15  8.73e-11  3.82e-13  8.77e-11

Temperature = 2e+03 K    Pressure = 100 atm

From\To         W1        W2        P1        P2
W1        3.65e+10  3.19e+07  3.64e+10  9.63e+06
W2        5.19e+07  5.63e+10  3.92e+07  5.62e+10
P1        1.35e-10  8.91e-14  1.35e-10  2.78e-13
P2        3.47e-14  1.24e-10   2.7e-13  1.25e-10

______________________________________________________________________________________

High Pressure Rate Coefficients (Temperature-Species Rate Tables):

Reactant = W1
   T(K)        W1        W2        P1        P2
    500       ***       264  2.66e+11       ***
    600       ***  3.66e+03  2.76e+11       ***
    700       ***  2.71e+04  2.65e+11       ***
    800       ***  1.29e+05  2.44e+11       ***
    900       ***  4.52e+05   2.2e+11       ***
  1e+03       ***  1.26e+06  1.96e+11       ***
1.1e+03       ***  2.93e+06  1.74e+11       ***
1.2e+03       ***  5.99e+06  1.54e+11       ***
1.3e+03       ***   1.1e+07  1.37e+11       ***
1.4e+03       ***  1.86e+07  1.22e+11       ***
1.5e+03       ***  2.93e+07  1.08e+11       ***
1.6e+03       ***  4.38e+07  9.65e+10       ***
1.7e+03       ***  6.23e+07  8.64e+10       ***
1.8e+03       ***  8.52e+07  7.76e+10       ***
1.9e+03       ***  1.13e+08  6.99e+10       ***
  2e+03       ***  1.45e+08  6.31e+10       ***

Reactant = W2
   T(K)        W1        W2        P1        P2
    500  3.14e+06       ***       ***  4.41e+11
    600  6.31e+06       ***       ***  4.58e+11
    700  1.15e+07       ***       ***  4.39e+11
    800   1.9e+07       ***       ***  4.04e+11
    900  2.88e+07       ***       ***  3.64e+11
  1e+03   4.1e+07       ***       ***  3.25e+11
1.1e+03  5.53e+07       ***       ***  2.89e+11
1.2e+03  7.15e+07       ***       ***  2.56e+11
1.3e+03  8.93e+07       ***       ***  2.27e+11
1.4e+03  1.08e+08       ***       ***  2.01e+11
1.5e+03  1.28e+08       ***       ***  1.79e+11
1.6e+03  1.49e+08       ***       ***   1.6e+11
1.7e+03  1.71e+08       ***       ***  1.43e+11
1.8e+03  1.92e+08       ***       ***  1.29e+11
1.9e+03  2.14e+08       ***       ***  1.16e+11
  2e+03  2.36e+08       ***       ***  1.05e+11

Reactant = P1
   T(K)        W1        W2        P1        P2
    500  1.85e-10       ***       ***       ***
    600  1.91e-10       ***       ***       ***
    700  1.96e-10       ***       ***       ***
    800  2.01e-10       ***       ***       ***
    900  2.05e-10       ***       ***       ***
  1e+03  2.08e-10       ***       ***       ***
1.1e+03  2.11e-10       ***       ***       ***
1.2e+03  2.15e-10       ***       ***       ***
1.3e+03  2.17e-10       ***       ***       ***
1.4e+03   2.2e-10       ***       ***       ***
1.5e+03  2.23e-10       ***       ***       ***
1.6e+03  2.25e-10       ***       ***       ***
1.7e+03  2.27e-10       ***       ***       ***
1.8e+03   2.3e-10       ***       ***       ***
1.9e+03  2.32e-10       ***       ***       ***
  2e+03  2.34e-10       ***       ***       ***

Reactant = P2
   T(K)        W1        W2        P1        P2
    500       ***  1.84e-10       ***       ***
    600       ***  1.89e-10       ***       ***
    700       ***  1.94e-10       ***       ***
    800       ***  1.99e-10       ***       ***
    900       ***  2.03e-10       ***       ***
  1e+03       ***  2.06e-10       ***       ***
1.1e+03       ***   2.1e-10       ***       ***
1.2e+03       ***  2.13e-10       ***       ***
1.3e+03       ***  2.16e-10       ***       ***
1.4e+03       ***  2.18e-10       ***       ***
1.5e+03       ***  2.21e-10       ***       ***
1.6e+03       ***  2.23e-10       ***       ***
1.7e+03       ***  2.25e-10       ***       ***
1.8e+03       ***  2.28e-10       ***       ***
1.9e+03       ***   2.3e-10       ***       ***
  2e+03       ***  2.32e-10       ***       ***

Capture/Escape Rate Coefficients:

   T(K)        W1        W2        P1        P2
    500  2.66e+11  4.41e+11  1.85e-10  1.84e-10
    600  2.76e+11  4.58e+11  1.91e-10  1.89e-10
    700  2.65e+11  4.39e+11  1.96e-10  1.94e-10
    800  2.44e+11  4.04e+11  2.01e-10  1.99e-10
    900   2.2e+11  3.64e+11  2.05e-10  2.03e-10
  1e+03  1.96e+11  3.25e+11  2.08e-10  2.06e-10
1.1e+03  1.74e+11  2.89e+11  2.11e-10   2.1e-10
1.2e+03  1.54e+11  2.56e+11  2.15e-10  2.13e-10
1.3e+03  1.37e+11  2.27e+11  2.17e-10  2.16e-10
1.4e+03  1.22e+11  2.01e+11   2.2e-10  2.18e-10
1.5e+03  1.08e+11  1.79e+11  2.23e-10  2.21e-10
1.6e+03  9.66e+10   1.6e+11  2.25e-10  2.23e-10
1.7e+03  8.65e+10  1.43e+11  2.27e-10  2.25e-10
1.8e+03  7.77e+10  1.29e+11   2.3e-10  2.28e-10
1.9e+03     7e+10  1.16e+11  2.32e-10   2.3e-10
  2e+03  6.33e+10  1.05e+11  2.34e-10  2.32e-10

______________________________________________________________________________________

Pressure-Species Rate Tables:

Reactant = W1   Temperature = 500 K

   P(atm)        W2        P1        P2      Loss
      0.1  1.27e-05  1.37e+10  1.27e-05  1.37e+10
        1   0.00055  3.46e+10  0.000253  3.46e+10
       10    0.0285  7.13e+10   0.00796  7.13e+10
      100      1.76  1.27e+11     0.912  1.27e+11
      O-O       264  2.66e+11       ***  2.66e+11

Reactant = W1   Temperature = 600 K

   P(atm)        W2        P1        P2      Loss
      0.1  0.000389  2.14e+10  0.000399  2.14e+10
        1    0.0182  4.56e+10   0.00859  4.56e+10
       10     0.853  8.42e+10     0.244  8.42e+10
      100      33.1  1.38e+11      17.1  1.38e+11
      O-O  3.66e+03  2.76e+11       ***  2.76e+11

Reactant = W1   Temperature = 700 K

   P(atm)        W2        P1        P2      Loss
      0.1    0.0129  2.48e+10   0.00622  2.48e+10
        1     0.533  4.92e+10     0.138  4.92e+10
       10      17.6  8.61e+10      3.66  8.61e+10
      100       376  1.35e+11       179  1.35e+11
      O-O  2.71e+04  2.65e+11       ***  2.65e+11

Reactant = W1   Temperature = 800 K

   P(atm)        W2        P1        P2      Loss
      0.1      0.34  2.55e+10    0.0583  2.55e+10
        1      11.8  4.86e+10      1.24  4.86e+10
       10       246  8.25e+10      31.7  8.25e+10
      100  2.87e+03  1.26e+11  1.17e+03  1.26e+11
      O-O  1.29e+05  2.44e+11       ***  2.44e+11

Reactant = W1   Temperature = 900 K

   P(atm)        W2        P1        P2      Loss
      0.1      5.95  2.56e+10     0.428  2.56e+10
        1       173  4.72e+10      8.05  4.72e+10
       10  2.26e+03  7.79e+10       197  7.79e+10
      100  1.62e+04  1.17e+11  5.54e+03  1.17e+11
      O-O  4.52e+05   2.2e+11       ***   2.2e+11

Reactant = W1   Temperature = 1e+03 K

   P(atm)        W2        P1        P2      Loss
      0.1      45.2  2.34e+10      1.97  2.34e+10
        1  1.11e+03  4.26e+10      34.3  4.26e+10
       10  1.09e+04  6.95e+10       781  6.95e+10
      100  6.09e+04  1.04e+11  1.84e+04  1.04e+11
      O-O  1.26e+06  1.96e+11       ***  1.96e+11

Reactant = W1   Temperature = 1.1e+03 K

   P(atm)        W2        P1        P2      Loss
      0.1       426  2.21e+10      13.9  2.21e+10
        1   7.5e+03  3.96e+10       215  3.96e+10
       10  4.79e+04  6.35e+10  3.32e+03  6.35e+10
      100  1.97e+05  9.34e+10  5.84e+04  9.34e+10
      O-O  2.93e+06  1.74e+11       ***  1.74e+11

Reactant = W1   Temperature = 1.2e+03 K

   P(atm)        W2        P1        P2      Loss
      0.1  2.02e+03  2.02e+10      59.3  2.02e+10
        1  2.79e+04  3.57e+10       880  3.57e+10
       10  1.43e+05  5.68e+10  9.92e+03  5.68e+10
      100  5.03e+05   8.3e+10  1.44e+05   8.3e+10
      O-O  5.99e+06  1.54e+11       ***  1.54e+11

Reactant = W1   Temperature = 1.3e+03 K

   P(atm)        W2        P1        P2      Loss
      0.1  6.59e+03  1.84e+10       180  1.84e+10
        1  7.81e+04  3.23e+10  2.58e+03  3.23e+10
       10  3.53e+05   5.1e+10  2.39e+04   5.1e+10
      100  1.12e+06  7.41e+10  3.02e+05  7.41e+10
      O-O   1.1e+07  1.37e+11       ***  1.37e+11

Reactant = W1   Temperature = 1.4e+03 K

   P(atm)        W2        P1        P2      Loss
      0.1  2.27e+04  1.69e+10       710  1.69e+10
        1  2.05e+05  2.93e+10  8.57e+03  2.93e+10
       10  7.85e+05  4.59e+10   5.8e+04  4.59e+10
      100  2.24e+06  6.63e+10  6.12e+05  6.63e+10
      O-O  1.86e+07  1.22e+11       ***  1.22e+11

Reactant = W1   Temperature = 1.5e+03 K

   P(atm)        W2        P1        P2      Loss
      0.1  6.73e+04  1.55e+10  2.69e+03  1.55e+10
        1  4.69e+05  2.67e+10  2.53e+04  2.67e+10
       10  1.56e+06  4.14e+10   1.3e+05  4.14e+10
      100  4.06e+06  5.96e+10  1.15e+06  5.96e+10
      O-O  2.93e+07  1.08e+11       ***  1.08e+11

Reactant = W1   Temperature = 1.6e+03 K

   P(atm)        W2        P1        P2      Loss
      0.1  1.51e+05  1.42e+10  6.82e+03  1.42e+10
        1   9.1e+05  2.43e+10  5.48e+04  2.43e+10
       10   2.8e+06  3.75e+10  2.44e+05  3.75e+10
      100  6.87e+06  5.37e+10  1.93e+06  5.37e+10
      O-O  4.38e+07  9.65e+10       ***  9.66e+10

Reactant = W1   Temperature = 1.7e+03 K

   P(atm)        W2        P1        P2      Loss
      0.1  3.52e+05  1.34e+10  1.87e+04  1.34e+10
        1  1.71e+06  2.27e+10  1.17e+05  2.27e+10
       10  4.79e+06  3.45e+10  4.35e+05  3.45e+10
      100   1.1e+07  4.91e+10  3.08e+06  4.91e+10
      O-O  6.23e+07  8.64e+10       ***  8.65e+10

Reactant = W1   Temperature = 1.8e+03 K

   P(atm)        W2        P1        P2      Loss
      0.1  6.62e+05  1.21e+10  4.75e+04  1.21e+10
        1  2.85e+06  2.04e+10  2.46e+05  2.04e+10
       10  7.49e+06   3.1e+10     8e+05  3.11e+10
      100  1.64e+07  4.41e+10  4.92e+06  4.42e+10
      O-O  8.52e+07  7.76e+10       ***  7.77e+10

Reactant = W1   Temperature = 1.9e+03 K

   P(atm)        W2        P1        P2      Loss
      0.1  9.98e+05  1.09e+10  7.08e+04  1.09e+10
        1  4.14e+06  1.84e+10  3.53e+05  1.84e+10
       10  1.06e+07   2.8e+10  1.12e+06   2.8e+10
      100  2.29e+07  3.98e+10   6.8e+06  3.99e+10
      O-O  1.13e+08  6.99e+10       ***     7e+10

Reactant = W1   Temperature = 2e+03 K

   P(atm)        W2        P1        P2      Loss
      0.1  1.67e+06  1.02e+10  1.38e+05  1.02e+10
        1  6.28e+06   1.7e+10  5.97e+05   1.7e+10
       10  1.53e+07  2.56e+10  1.73e+06  2.57e+10
      100  3.19e+07  3.64e+10  9.63e+06  3.65e+10
      O-O  1.45e+08  6.31e+10       ***  6.33e+10

Reactant = W2   Temperature = 500 K

   P(atm)        W1        P1        P2      Loss
      0.1    -0.754   6.4e+04  2.14e+10  2.14e+10
        1      1.45  1.54e+05  5.22e+10  5.22e+10
       10       316  3.43e+05  1.07e+11  1.07e+11
      100  2.09e+04  7.08e+05   1.9e+11   1.9e+11
      O-O  3.14e+06       ***  4.41e+11  4.41e+11

Reactant = W2   Temperature = 600 K

   P(atm)        W1        P1        P2      Loss
      0.1      -1.4  1.02e+05  3.15e+10  3.15e+10
        1      19.8  2.59e+05   6.7e+10   6.7e+10
       10  1.42e+03  6.01e+05  1.25e+11  1.25e+11
      100  5.68e+04  1.26e+06  2.07e+11  2.07e+11
      O-O  6.31e+06       ***  4.58e+11  4.58e+11

Reactant = W2   Temperature = 700 K

   P(atm)        W1        P1        P2      Loss
      0.1     0.112  1.79e+05   3.5e+10   3.5e+10
        1       201  4.61e+05  7.03e+10  7.03e+10
       10  7.38e+03  1.07e+06  1.26e+11  1.26e+11
      100  1.59e+05  2.19e+06  2.01e+11  2.01e+11
      O-O  1.15e+07       ***  4.39e+11  4.39e+11

Reactant = W2   Temperature = 800 K

   P(atm)        W1        P1        P2      Loss
      0.1      26.1  3.36e+05   3.6e+10   3.6e+10
        1  1.66e+03  8.43e+05  6.96e+10  6.96e+10
       10  3.59e+04   1.9e+06  1.21e+11  1.21e+11
      100  4.21e+05  3.67e+06  1.89e+11  1.89e+11
      O-O   1.9e+07       ***  4.04e+11  4.04e+11

Reactant = W2   Temperature = 900 K

   P(atm)        W1        P1        P2      Loss
      0.1       261  6.33e+05  3.61e+10  3.61e+10
        1  1.08e+04  1.52e+06  6.79e+10  6.79e+10
       10  1.44e+05  3.22e+06  1.15e+11  1.15e+11
      100  1.03e+06  5.79e+06  1.75e+11  1.75e+11
      O-O  2.88e+07       ***  3.64e+11  3.64e+11

Reactant = W2   Temperature = 1e+03 K

   P(atm)        W1        P1        P2      Loss
      0.1  1.07e+03  1.09e+06  3.47e+10  3.47e+10
        1  3.54e+04   2.5e+06  6.39e+10  6.39e+10
       10  3.57e+05  5.03e+06  1.06e+11  1.06e+11
      100  1.99e+06  8.55e+06   1.6e+11   1.6e+11
      O-O   4.1e+07       ***  3.25e+11  3.25e+11

Reactant = W2   Temperature = 1.1e+03 K

   P(atm)        W1        P1        P2      Loss
      0.1  6.82e+03   1.6e+06  3.13e+10  3.13e+10
        1   1.4e+05  3.52e+06  5.72e+10  5.72e+10
       10  9.03e+05  6.69e+06  9.45e+10  9.45e+10
      100  3.72e+06  1.09e+07  1.41e+11  1.41e+11
      O-O  5.53e+07       ***  2.89e+11  2.89e+11

Reactant = W2   Temperature = 1.2e+03 K

   P(atm)        W1        P1        P2      Loss
      0.1  2.12e+04  2.34e+06  2.89e+10  2.89e+10
        1   3.3e+05  4.92e+06  5.23e+10  5.23e+10
       10  1.71e+06  8.91e+06  8.54e+10  8.54e+10
      100     6e+06   1.4e+07  1.26e+11  1.26e+11
      O-O  7.15e+07       ***  2.56e+11  2.56e+11

Reactant = W2   Temperature = 1.3e+03 K

   P(atm)        W1        P1        P2      Loss
      0.1  4.71e+04  3.43e+06  2.73e+10  2.73e+10
        1  6.28e+05  6.88e+06  4.87e+10  4.87e+10
       10  2.86e+06  1.19e+07  7.84e+10  7.84e+10
      100   9.1e+06  1.79e+07  1.15e+11  1.15e+11
      O-O  8.93e+07       ***  2.27e+11  2.27e+11

Reactant = W2   Temperature = 1.4e+03 K

   P(atm)        W1        P1        P2      Loss
      0.1   1.2e+05  4.45e+06  2.48e+10  2.48e+10
        1  1.19e+06  8.52e+06  4.39e+10  4.39e+10
       10  4.57e+06  1.42e+07  7.02e+10  7.02e+10
      100   1.3e+07  2.09e+07  1.02e+11  1.02e+11
      O-O  1.08e+08       ***  2.01e+11  2.01e+11

Reactant = W2   Temperature = 1.5e+03 K

   P(atm)        W1        P1        P2      Loss
      0.1  2.76e+05  5.49e+06  2.24e+10  2.25e+10
        1  2.04e+06  1.01e+07  3.95e+10  3.95e+10
       10  6.83e+06  1.62e+07  6.29e+10  6.29e+10
      100  1.78e+07  2.36e+07  9.13e+10  9.13e+10
      O-O  1.28e+08       ***  1.79e+11  1.79e+11

Reactant = W2   Temperature = 1.6e+03 K

   P(atm)        W1        P1        P2      Loss
      0.1  4.86e+05  6.96e+06  2.09e+10  2.09e+10
        1  3.09e+06  1.22e+07  3.64e+10  3.64e+10
       10  9.55e+06  1.92e+07  5.74e+10  5.74e+10
      100  2.34e+07  2.73e+07  8.28e+10  8.28e+10
      O-O  1.49e+08       ***   1.6e+11   1.6e+11

Reactant = W2   Temperature = 1.7e+03 K

   P(atm)        W1        P1        P2      Loss
      0.1  9.28e+05  8.48e+06  1.98e+10  1.98e+10
        1  4.68e+06  1.44e+07  3.42e+10  3.42e+10
       10  1.31e+07   2.2e+07  5.32e+10  5.32e+10
      100  3.02e+07  3.07e+07  7.59e+10   7.6e+10
      O-O  1.71e+08       ***  1.43e+11  1.43e+11

Reactant = W2   Temperature = 1.8e+03 K

   P(atm)        W1        P1        P2      Loss
      0.1  1.45e+06  9.34e+06  1.75e+10  1.75e+10
        1  6.41e+06  1.53e+07  3.02e+10  3.02e+10
       10  1.69e+07  2.29e+07  4.71e+10  4.71e+10
      100   3.7e+07  3.22e+07  6.75e+10  6.76e+10
      O-O  1.92e+08       ***  1.29e+11  1.29e+11

Reactant = W2   Temperature = 1.9e+03 K

   P(atm)        W1        P1        P2      Loss
      0.1  1.83e+06  1.11e+07  1.62e+10  1.62e+10
        1  7.83e+06  1.78e+07  2.78e+10  2.78e+10
       10  2.02e+07  2.63e+07  4.31e+10  4.31e+10
      100  4.34e+07  3.65e+07  6.15e+10  6.16e+10
      O-O  2.14e+08       ***  1.16e+11  1.16e+11

Reactant = W2   Temperature = 2e+03 K

   P(atm)        W1        P1        P2      Loss
      0.1  2.65e+06  1.25e+07   1.5e+10   1.5e+10
        1  1.02e+07  1.96e+07  2.56e+10  2.57e+10
       10   2.5e+07  2.83e+07  3.95e+10  3.96e+10
      100  5.19e+07  3.92e+07  5.62e+10  5.63e+10
      O-O  2.36e+08       ***  1.05e+11  1.05e+11

Reactant = P1   Temperature = 500 K

   P(atm)        W1        W2        P2      Loss
      0.1  9.39e-12  3.63e-21  1.79e-19  9.73e-12
        1   2.4e-11  8.95e-21  1.73e-19  2.45e-11
       10  4.96e-11     2e-20  1.63e-19  4.96e-11
      100  8.83e-11  4.13e-20   1.4e-19  8.83e-11
      O-O  1.85e-10       ***       ***  1.85e-10

Reactant = P1   Temperature = 600 K

   P(atm)        W1        W2        P2      Loss
      0.1  1.44e-11  3.93e-20  2.48e-18  1.48e-11
        1  3.14e-11  1.03e-19  2.42e-18  3.19e-11
       10  5.82e-11  2.41e-19  2.28e-18  5.82e-11
      100  9.55e-11  5.07e-19  1.98e-18  9.55e-11
      O-O  1.91e-10       ***       ***  1.91e-10

Reactant = P1   Temperature = 700 K

   P(atm)        W1        W2        P2      Loss
      0.1  1.77e-11  2.98e-19  1.97e-17  1.81e-11
        1  3.62e-11  7.97e-19  1.92e-17  3.66e-11
       10  6.37e-11  1.87e-18  1.81e-17  6.37e-11
      100     1e-10  3.83e-18  1.57e-17     1e-10
      O-O  1.96e-10       ***       ***  1.96e-10

Reactant = P1   Temperature = 800 K

   P(atm)        W1        W2        P2      Loss
      0.1  2.02e-11  1.78e-18  1.04e-16  2.06e-11
        1  3.97e-11  4.68e-18  1.01e-16  4.01e-11
       10  6.77e-11  1.06e-17   9.5e-17  6.77e-11
      100  1.04e-10  2.05e-17   8.2e-17  1.04e-10
      O-O  2.01e-10       ***       ***  2.01e-10

Reactant = P1   Temperature = 900 K

   P(atm)        W1        W2        P2      Loss
      0.1  2.28e-11  8.71e-18  4.09e-16  2.32e-11
        1  4.36e-11   2.2e-17  3.95e-16   4.4e-11
       10  7.24e-11  4.69e-17  3.69e-16  7.24e-11
      100  1.08e-10  8.44e-17  3.13e-16  1.08e-10
      O-O  2.05e-10       ***       ***  2.05e-10

Reactant = P1   Temperature = 1e+03 K

   P(atm)        W1        W2        P2      Loss
      0.1  2.38e-11  3.33e-17  1.29e-15  2.42e-11
        1  4.48e-11  8.05e-17  1.24e-15  4.53e-11
       10  7.36e-11  1.63e-16  1.15e-15  7.36e-11
      100   1.1e-10  2.77e-16  9.61e-16   1.1e-10
      O-O  2.08e-10       ***       ***  2.08e-10

Reactant = P1   Temperature = 1.1e+03 K

   P(atm)        W1        W2        P2      Loss
      0.1  2.58e-11  9.72e-17  3.43e-15  2.62e-11
        1  4.77e-11  2.24e-16  3.29e-15  4.82e-11
       10   7.7e-11   4.3e-16  3.04e-15   7.7e-11
      100  1.13e-10  7.01e-16  2.52e-15  1.13e-10
      O-O  2.11e-10       ***       ***  2.11e-10

Reactant = P1   Temperature = 1.2e+03 K

   P(atm)        W1        W2        P2      Loss
      0.1  2.69e-11  2.58e-16  7.97e-15  2.74e-11
        1  4.93e-11  5.68e-16  7.62e-15  4.98e-11
       10  7.89e-11  1.04e-15  6.99e-15  7.89e-11
      100  1.15e-10  1.63e-15  5.72e-15  1.15e-10
      O-O  2.15e-10       ***       ***  2.15e-10

Reactant = P1   Temperature = 1.3e+03 K

   P(atm)        W1        W2        P2      Loss
      0.1  2.82e-11  6.38e-16  1.66e-14  2.86e-11
        1   5.1e-11  1.34e-15  1.58e-14  5.15e-11
       10  8.09e-11  2.33e-15  1.43e-14  8.09e-11
      100  1.18e-10  3.51e-15  1.15e-14  1.18e-10
      O-O  2.17e-10       ***       ***  2.17e-10

Reactant = P1   Temperature = 1.4e+03 K

   P(atm)        W1        W2        P2      Loss
      0.1  2.94e-11  1.32e-15  3.18e-14  2.99e-11
        1  5.28e-11  2.64e-15  3.01e-14  5.33e-11
       10   8.3e-11  4.42e-15  2.73e-14   8.3e-11
      100   1.2e-10  6.51e-15  2.16e-14   1.2e-10
      O-O   2.2e-10       ***       ***   2.2e-10

Reactant = P1   Temperature = 1.5e+03 K

   P(atm)        W1        W2        P2      Loss
      0.1  3.07e-11  2.48e-15  5.68e-14  3.12e-11
        1  5.46e-11  4.71e-15  5.36e-14  5.51e-11
       10  8.51e-11  7.64e-15  4.83e-14  8.52e-11
      100  1.23e-10  1.11e-14  3.76e-14  1.23e-10
      O-O  2.23e-10       ***       ***  2.23e-10

Reactant = P1   Temperature = 1.6e+03 K

   P(atm)        W1        W2        P2      Loss
      0.1   3.2e-11  4.58e-15  9.51e-14  3.26e-11
        1  5.64e-11  8.34e-15  8.94e-14   5.7e-11
       10  8.73e-11  1.31e-14  7.99e-14  8.74e-11
      100  1.25e-10  1.86e-14   6.1e-14  1.25e-10
      O-O  2.25e-10       ***       ***  2.25e-10

Reactant = P1   Temperature = 1.7e+03 K

   P(atm)        W1        W2        P2      Loss
      0.1  3.43e-11  7.91e-15  1.51e-13  3.48e-11
        1  5.94e-11  1.38e-14  1.42e-13  6.01e-11
       10  9.08e-11  2.11e-14  1.26e-13   9.1e-11
      100  1.29e-10  2.95e-14   9.4e-14  1.29e-10
      O-O  2.27e-10       ***       ***  2.27e-10

Reactant = P1   Temperature = 1.8e+03 K

   P(atm)        W1        W2        P2      Loss
      0.1  3.47e-11  1.19e-14  2.32e-13  3.54e-11
        1  6.02e-11  2.01e-14  2.16e-13  6.09e-11
       10  9.18e-11  3.01e-14  1.92e-13   9.2e-11
      100  1.31e-10  4.23e-14  1.41e-13  1.31e-10
      O-O   2.3e-10       ***       ***   2.3e-10

Reactant = P1   Temperature = 1.9e+03 K

   P(atm)        W1        W2        P2      Loss
      0.1  3.52e-11  1.88e-14  3.41e-13   3.6e-11
        1  6.08e-11  3.11e-14  3.17e-13  6.17e-11
       10  9.26e-11  4.59e-14  2.79e-13  9.29e-11
      100  1.32e-10  6.38e-14  2.02e-13  1.32e-10
      O-O  2.32e-10       ***       ***  2.32e-10

Reactant = P1   Temperature = 2e+03 K

   P(atm)        W1        W2        P2      Loss
      0.1  3.66e-11  2.77e-14  4.85e-13  3.75e-11
        1  6.27e-11  4.45e-14  4.49e-13  6.37e-11
       10  9.48e-11  6.44e-14  3.92e-13  9.53e-11
      100  1.35e-10  8.91e-14  2.78e-13  1.35e-10
      O-O  2.34e-10       ***       ***  2.34e-10

Reactant = P2   Temperature = 500 K

   P(atm)        W1        W2        P1      Loss
      0.1  1.04e-21  8.66e-12  1.28e-15  8.96e-12
        1  7.24e-21  2.16e-11  1.24e-15   2.2e-11
       10  6.75e-20  4.46e-11  1.16e-15  4.46e-11
      100  4.63e-18  7.89e-11  9.95e-16   7.9e-11
      O-O       ***  1.84e-10       ***  1.84e-10

Reactant = P2   Temperature = 600 K

   P(atm)        W1        W2        P1      Loss
      0.1  2.77e-21  1.25e-11  2.56e-15  1.28e-11
        1  2.04e-20  2.75e-11  2.49e-15  2.79e-11
       10  2.38e-19  5.18e-11  2.35e-15  5.18e-11
      100  1.24e-17  8.56e-11  2.04e-15  8.56e-11
      O-O       ***  1.89e-10       ***  1.89e-10

Reactant = P2   Temperature = 700 K

   P(atm)        W1        W2        P1      Loss
      0.1  8.87e-21  1.47e-11  4.99e-15  1.51e-11
        1  6.25e-20  3.08e-11  4.86e-15  3.13e-11
       10  8.35e-19  5.57e-11  4.59e-15  5.57e-11
      100   3.4e-17  8.91e-11  3.99e-15  8.91e-11
      O-O       ***  1.94e-10       ***  1.94e-10

Reactant = P2   Temperature = 800 K

   P(atm)        W1        W2        P1      Loss
      0.1  4.32e-20  1.68e-11  9.13e-15  1.71e-11
        1  2.18e-19  3.39e-11  8.86e-15  3.44e-11
       10  2.65e-18  5.95e-11  8.34e-15  5.95e-11
      100   8.5e-17  9.29e-11   7.2e-15  9.29e-11
      O-O       ***  1.99e-10       ***  1.99e-10

Reactant = P2   Temperature = 900 K

   P(atm)        W1        W2        P1      Loss
      0.1  2.39e-19  1.89e-11  1.56e-14  1.93e-11
        1   8.4e-19  3.74e-11  1.51e-14  3.78e-11
       10  7.92e-18  6.39e-11  1.41e-14  6.39e-11
      100  1.98e-16  9.75e-11   1.2e-14  9.75e-11
      O-O       ***  2.03e-10       ***  2.03e-10

Reactant = P2   Temperature = 1e+03 K

   P(atm)        W1        W2        P1      Loss
      0.1  8.28e-19  2.07e-11  2.52e-14  2.11e-11
        1  2.37e-18  4.01e-11  2.42e-14  4.06e-11
       10  1.82e-17  6.74e-11  2.24e-14  6.74e-11
      100  3.85e-16  1.01e-10  1.88e-14  1.01e-10
      O-O       ***  2.06e-10       ***  2.06e-10

Reactant = P2   Temperature = 1.1e+03 K

   P(atm)        W1        W2        P1      Loss
      0.1  3.36e-18  2.15e-11  3.87e-14  2.19e-11
        1  7.91e-18  4.11e-11  3.72e-14  4.16e-11
       10  4.93e-17  6.85e-11  3.43e-14  6.85e-11
      100  8.05e-16  1.02e-10  2.84e-14  1.02e-10
      O-O       ***   2.1e-10       ***   2.1e-10

Reactant = P2   Temperature = 1.2e+03 K

   P(atm)        W1        W2        P1      Loss
      0.1  9.28e-18  2.27e-11   5.7e-14  2.32e-11
        1  1.97e-17   4.3e-11  5.44e-14  4.35e-11
       10  1.05e-16  7.09e-11     5e-14  7.09e-11
      100  1.43e-15  1.05e-10  4.08e-14  1.05e-10
      O-O       ***  2.13e-10       ***  2.13e-10

Reactant = P2   Temperature = 1.3e+03 K

   P(atm)        W1        W2        P1      Loss
      0.1  2.12e-17  2.45e-11  8.05e-14   2.5e-11
        1  4.14e-17  4.58e-11  7.65e-14  4.63e-11
       10  1.96e-16  7.44e-11  6.96e-14  7.44e-11
      100  2.34e-15  1.09e-10  5.58e-14  1.09e-10
      O-O       ***  2.16e-10       ***  2.16e-10

Reactant = P2   Temperature = 1.4e+03 K

   P(atm)        W1        W2        P1      Loss
      0.1  4.82e-17  2.55e-11  1.11e-13   2.6e-11
        1  9.18e-17  4.71e-11  1.05e-13  4.77e-11
       10  3.83e-16   7.6e-11   9.5e-14  7.61e-11
      100  3.87e-15  1.11e-10  7.51e-14  1.11e-10
      O-O       ***  2.18e-10       ***  2.18e-10

Reactant = P2   Temperature = 1.5e+03 K

   P(atm)        W1        W2        P1      Loss
      0.1  1.01e-16  2.63e-11  1.49e-13  2.68e-11
        1  1.96e-16  4.83e-11   1.4e-13  4.88e-11
       10  7.24e-16  7.73e-11  1.26e-13  7.74e-11
      100  6.21e-15  1.12e-10  9.85e-14  1.13e-10
      O-O       ***  2.21e-10       ***  2.21e-10

Reactant = P2   Temperature = 1.6e+03 K

   P(atm)        W1        W2        P1      Loss
      0.1  1.83e-16  2.77e-11  1.94e-13  2.83e-11
        1  3.53e-16  5.04e-11  1.82e-13   5.1e-11
       10  1.19e-15     8e-11  1.63e-13  8.01e-11
      100   9.2e-15  1.15e-10  1.24e-13  1.16e-10
      O-O       ***  2.23e-10       ***  2.23e-10

Reactant = P2   Temperature = 1.7e+03 K

   P(atm)        W1        W2        P1      Loss
      0.1  3.01e-16  2.99e-11  2.48e-13  3.06e-11
        1  6.18e-16  5.35e-11  2.32e-13  5.41e-11
       10  1.91e-15  8.36e-11  2.06e-13  8.38e-11
      100  1.33e-14  1.19e-10  1.54e-13   1.2e-10
      O-O       ***  2.25e-10       ***  2.25e-10

Reactant = P2   Temperature = 1.8e+03 K

   P(atm)        W1        W2        P1      Loss
      0.1  5.69e-16  2.95e-11  3.13e-13  3.02e-11
        1  1.16e-15   5.3e-11  2.92e-13  5.38e-11
       10  3.25e-15  8.32e-11  2.58e-13  8.35e-11
      100  1.97e-14  1.19e-10   1.9e-13   1.2e-10
      O-O       ***  2.28e-10       ***  2.28e-10

Reactant = P2   Temperature = 1.9e+03 K

   P(atm)        W1        W2        P1      Loss
      0.1  7.74e-16  3.07e-11  3.87e-13  3.15e-11
        1  1.56e-15  5.47e-11   3.6e-13  5.56e-11
       10  4.29e-15  8.53e-11  3.16e-13  8.57e-11
      100  2.56e-14  1.22e-10  2.29e-13  1.22e-10
      O-O       ***   2.3e-10       ***   2.3e-10

Reactant = P2   Temperature = 2e+03 K

   P(atm)        W1        W2        P1      Loss
      0.1  1.21e-15  3.19e-11  4.72e-13  3.28e-11
        1  2.46e-15  5.64e-11  4.37e-13  5.73e-11
       10  6.33e-15  8.73e-11  3.82e-13  8.77e-11
      100  3.47e-14  1.24e-10   2.7e-13  1.25e-10
      O-O       ***  2.32e-10       ***  2.32e-10

______________________________________________________________________________________

Temperature-Species Rate Tables:

Reactant = W1   Pressure = 0.1 atm

   T(K)        W2        P1        P2      Loss   Capture
    500  1.27e-05  1.37e+10  1.27e-05  1.37e+10  2.66e+11
    600  0.000389  2.14e+10  0.000399  2.14e+10  2.76e+11
    700    0.0129  2.48e+10   0.00622  2.48e+10  2.65e+11
    800      0.34  2.55e+10    0.0583  2.55e+10  2.44e+11
    900      5.95  2.56e+10     0.428  2.56e+10   2.2e+11
  1e+03      45.2  2.34e+10      1.97  2.34e+10  1.96e+11
1.1e+03       426  2.21e+10      13.9  2.21e+10  1.74e+11
1.2e+03  2.02e+03  2.02e+10      59.3  2.02e+10  1.54e+11
1.3e+03  6.59e+03  1.84e+10       180  1.84e+10  1.37e+11
1.4e+03  2.27e+04  1.69e+10       710  1.69e+10  1.22e+11
1.5e+03  6.73e+04  1.55e+10  2.69e+03  1.55e+10  1.08e+11
1.6e+03  1.51e+05  1.42e+10  6.82e+03  1.42e+10  9.66e+10
1.7e+03  3.52e+05  1.34e+10  1.87e+04  1.34e+10  8.65e+10
1.8e+03  6.62e+05  1.21e+10  4.75e+04  1.21e+10  7.77e+10
1.9e+03  9.98e+05  1.09e+10  7.08e+04  1.09e+10     7e+10
  2e+03  1.67e+06  1.02e+10  1.38e+05  1.02e+10  6.33e+10

Reactant = W1   Pressure = 1 atm

   T(K)        W2        P1        P2      Loss   Capture
    500   0.00055  3.46e+10  0.000253  3.46e+10  2.66e+11
    600    0.0182  4.56e+10   0.00859  4.56e+10  2.76e+11
    700     0.533  4.92e+10     0.138  4.92e+10  2.65e+11
    800      11.8  4.86e+10      1.24  4.86e+10  2.44e+11
    900       173  4.72e+10      8.05  4.72e+10   2.2e+11
  1e+03  1.11e+03  4.26e+10      34.3  4.26e+10  1.96e+11
1.1e+03   7.5e+03  3.96e+10       215  3.96e+10  1.74e+11
1.2e+03  2.79e+04  3.57e+10       880  3.57e+10  1.54e+11
1.3e+03  7.81e+04  3.23e+10  2.58e+03  3.23e+10  1.37e+11
1.4e+03  2.05e+05  2.93e+10  8.57e+03  2.93e+10  1.22e+11
1.5e+03  4.69e+05  2.67e+10  2.53e+04  2.67e+10  1.08e+11
1.6e+03   9.1e+05  2.43e+10  5.48e+04  2.43e+10  9.66e+10
1.7e+03  1.71e+06  2.27e+10  1.17e+05  2.27e+10  8.65e+10
1.8e+03  2.85e+06  2.04e+10  2.46e+05  2.04e+10  7.77e+10
1.9e+03  4.14e+06  1.84e+10  3.53e+05  1.84e+10     7e+10
  2e+03  6.28e+06   1.7e+10  5.97e+05   1.7e+10  6.33e+10

Reactant = W1   Pressure = 10 atm

   T(K)        W2        P1        P2      Loss   Capture
    500    0.0285  7.13e+10   0.00796  7.13e+10  2.66e+11
    600     0.853  8.42e+10     0.244  8.42e+10  2.76e+11
    700      17.6  8.61e+10      3.66  8.61e+10  2.65e+11
    800       246  8.25e+10      31.7  8.25e+10  2.44e+11
    900  2.26e+03  7.79e+10       197  7.79e+10   2.2e+11
  1e+03  1.09e+04  6.95e+10       781  6.95e+10  1.96e+11
1.1e+03  4.79e+04  6.35e+10  3.32e+03  6.35e+10  1.74e+11
1.2e+03  1.43e+05  5.68e+10  9.92e+03  5.68e+10  1.54e+11
1.3e+03  3.53e+05   5.1e+10  2.39e+04   5.1e+10  1.37e+11
1.4e+03  7.85e+05  4.59e+10   5.8e+04  4.59e+10  1.22e+11
1.5e+03  1.56e+06  4.14e+10   1.3e+05  4.14e+10  1.08e+11
1.6e+03   2.8e+06  3.75e+10  2.44e+05  3.75e+10  9.66e+10
1.7e+03  4.79e+06  3.45e+10  4.35e+05  3.45e+10  8.65e+10
1.8e+03  7.49e+06   3.1e+10     8e+05  3.11e+10  7.77e+10
1.9e+03  1.06e+07   2.8e+10  1.12e+06   2.8e+10     7e+10
  2e+03  1.53e+07  2.56e+10  1.73e+06  2.57e+10  6.33e+10

Reactant = W1   Pressure = 100 atm

   T(K)        W2        P1        P2      Loss   Capture
    500      1.76  1.27e+11     0.912  1.27e+11  2.66e+11
    600      33.1  1.38e+11      17.1  1.38e+11  2.76e+11
    700       376  1.35e+11       179  1.35e+11  2.65e+11
    800  2.87e+03  1.26e+11  1.17e+03  1.26e+11  2.44e+11
    900  1.62e+04  1.17e+11  5.54e+03  1.17e+11   2.2e+11
  1e+03  6.09e+04  1.04e+11  1.84e+04  1.04e+11  1.96e+11
1.1e+03  1.97e+05  9.34e+10  5.84e+04  9.34e+10  1.74e+11
1.2e+03  5.03e+05   8.3e+10  1.44e+05   8.3e+10  1.54e+11
1.3e+03  1.12e+06  7.41e+10  3.02e+05  7.41e+10  1.37e+11
1.4e+03  2.24e+06  6.63e+10  6.12e+05  6.63e+10  1.22e+11
1.5e+03  4.06e+06  5.96e+10  1.15e+06  5.96e+10  1.08e+11
1.6e+03  6.87e+06  5.37e+10  1.93e+06  5.37e+10  9.66e+10
1.7e+03   1.1e+07  4.91e+10  3.08e+06  4.91e+10  8.65e+10
1.8e+03  1.64e+07  4.41e+10  4.92e+06  4.42e+10  7.77e+10
1.9e+03  2.29e+07  3.98e+10   6.8e+06  3.99e+10     7e+10
  2e+03  3.19e+07  3.64e+10  9.63e+06  3.65e+10  6.33e+10

Reactant = W2   Pressure = 0.1 atm

   T(K)        W1        P1        P2      Loss   Capture
    500    -0.754   6.4e+04  2.14e+10  2.14e+10  4.41e+11
    600      -1.4  1.02e+05  3.15e+10  3.15e+10  4.58e+11
    700     0.112  1.79e+05   3.5e+10   3.5e+10  4.39e+11
    800      26.1  3.36e+05   3.6e+10   3.6e+10  4.04e+11
    900       261  6.33e+05  3.61e+10  3.61e+10  3.64e+11
  1e+03  1.07e+03  1.09e+06  3.47e+10  3.47e+10  3.25e+11
1.1e+03  6.82e+03   1.6e+06  3.13e+10  3.13e+10  2.89e+11
1.2e+03  2.12e+04  2.34e+06  2.89e+10  2.89e+10  2.56e+11
1.3e+03  4.71e+04  3.43e+06  2.73e+10  2.73e+10  2.27e+11
1.4e+03   1.2e+05  4.45e+06  2.48e+10  2.48e+10  2.01e+11
1.5e+03  2.76e+05  5.49e+06  2.24e+10  2.25e+10  1.79e+11
1.6e+03  4.86e+05  6.96e+06  2.09e+10  2.09e+10   1.6e+11
1.7e+03  9.28e+05  8.48e+06  1.98e+10  1.98e+10  1.43e+11
1.8e+03  1.45e+06  9.34e+06  1.75e+10  1.75e+10  1.29e+11
1.9e+03  1.83e+06  1.11e+07  1.62e+10  1.62e+10  1.16e+11
  2e+03  2.65e+06  1.25e+07   1.5e+10   1.5e+10  1.05e+11

Reactant = W2   Pressure = 1 atm

   T(K)        W1        P1        P2      Loss   Capture
    500      1.45  1.54e+05  5.22e+10  5.22e+10  4.41e+11
    600      19.8  2.59e+05   6.7e+10   6.7e+10  4.58e+11
    700       201  4.61e+05  7.03e+10  7.03e+10  4.39e+11
    800  1.66e+03  8.43e+05  6.96e+10  6.96e+10  4.04e+11
    900  1.08e+04  1.52e+06  6.79e+10  6.79e+10  3.64e+11
  1e+03  3.54e+04   2.5e+06  6.39e+10  6.39e+10  3.25e+11
1.1e+03   1.4e+05  3.52e+06  5.72e+10  5.72e+10  2.89e+11
1.2e+03   3.3e+05  4.92e+06  5.23e+10  5.23e+10  2.56e+11
1.3e+03  6.28e+05  6.88e+06  4.87e+10  4.87e+10  2.27e+11
1.4e+03  1.19e+06  8.52e+06  4.39e+10  4.39e+10  2.01e+11
1.5e+03  2.04e+06  1.01e+07  3.95e+10  3.95e+10  1.79e+11
1.6e+03  3.09e+06  1.22e+07  3.64e+10  3.64e+10   1.6e+11
1.7e+03  4.68e+06  1.44e+07  3.42e+10  3.42e+10  1.43e+11
1.8e+03  6.41e+06  1.53e+07  3.02e+10  3.02e+10  1.29e+11
1.9e+03  7.83e+06  1.78e+07  2.78e+10  2.78e+10  1.16e+11
  2e+03  1.02e+07  1.96e+07  2.56e+10  2.57e+10  1.05e+11

Reactant = W2   Pressure = 10 atm

   T(K)        W1        P1        P2      Loss   Capture
    500       316  3.43e+05  1.07e+11  1.07e+11  4.41e+11
    600  1.42e+03  6.01e+05  1.25e+11  1.25e+11  4.58e+11
    700  7.38e+03  1.07e+06  1.26e+11  1.26e+11  4.39e+11
    800  3.59e+04   1.9e+06  1.21e+11  1.21e+11  4.04e+11
    900  1.44e+05  3.22e+06  1.15e+11  1.15e+11  3.64e+11
  1e+03  3.57e+05  5.03e+06  1.06e+11  1.06e+11  3.25e+11
1.1e+03  9.03e+05  6.69e+06  9.45e+10  9.45e+10  2.89e+11
1.2e+03  1.71e+06  8.91e+06  8.54e+10  8.54e+10  2.56e+11
1.3e+03  2.86e+06  1.19e+07  7.84e+10  7.84e+10  2.27e+11
1.4e+03  4.57e+06  1.42e+07  7.02e+10  7.02e+10  2.01e+11
1.5e+03  6.83e+06  1.62e+07  6.29e+10  6.29e+10  1.79e+11
1.6e+03  9.55e+06  1.92e+07  5.74e+10  5.74e+10   1.6e+11
1.7e+03  1.31e+07   2.2e+07  5.32e+10  5.32e+10  1.43e+11
1.8e+03  1.69e+07  2.29e+07  4.71e+10  4.71e+10  1.29e+11
1.9e+03  2.02e+07  2.63e+07  4.31e+10  4.31e+10  1.16e+11
  2e+03   2.5e+07  2.83e+07  3.95e+10  3.96e+10  1.05e+11

Reactant = W2   Pressure = 100 atm

   T(K)        W1        P1        P2      Loss   Capture
    500  2.09e+04  7.08e+05   1.9e+11   1.9e+11  4.41e+11
    600  5.68e+04  1.26e+06  2.07e+11  2.07e+11  4.58e+11
    700  1.59e+05  2.19e+06  2.01e+11  2.01e+11  4.39e+11
    800  4.21e+05  3.67e+06  1.89e+11  1.89e+11  4.04e+11
    900  1.03e+06  5.79e+06  1.75e+11  1.75e+11  3.64e+11
  1e+03  1.99e+06  8.55e+06   1.6e+11   1.6e+11  3.25e+11
1.1e+03  3.72e+06  1.09e+07  1.41e+11  1.41e+11  2.89e+11
1.2e+03     6e+06   1.4e+07  1.26e+11  1.26e+11  2.56e+11
1.3e+03   9.1e+06  1.79e+07  1.15e+11  1.15e+11  2.27e+11
1.4e+03   1.3e+07  2.09e+07  1.02e+11  1.02e+11  2.01e+11
1.5e+03  1.78e+07  2.36e+07  9.13e+10  9.13e+10  1.79e+11
1.6e+03  2.34e+07  2.73e+07  8.28e+10  8.28e+10   1.6e+11
1.7e+03  3.02e+07  3.07e+07  7.59e+10   7.6e+10  1.43e+11
1.8e+03   3.7e+07  3.22e+07  6.75e+10  6.76e+10  1.29e+11
1.9e+03  4.34e+07  3.65e+07  6.15e+10  6.16e+10  1.16e+11
  2e+03  5.19e+07  3.92e+07  5.62e+10  5.63e+10  1.05e+11

Reactant = P1   Pressure = 0.1 atm

   T(K)        W1        W2        P2      Loss   Capture
    500  9.39e-12  3.63e-21  1.79e-19  9.73e-12  1.85e-10
    600  1.44e-11  3.93e-20  2.48e-18  1.48e-11  1.91e-10
    700  1.77e-11  2.98e-19  1.97e-17  1.81e-11  1.96e-10
    800  2.02e-11  1.78e-18  1.04e-16  2.06e-11  2.01e-10
    900  2.28e-11  8.71e-18  4.09e-16  2.32e-11  2.05e-10
  1e+03  2.38e-11  3.33e-17  1.29e-15  2.42e-11  2.08e-10
1.1e+03  2.58e-11  9.72e-17  3.43e-15  2.62e-11  2.11e-10
1.2e+03  2.69e-11  2.58e-16  7.97e-15  2.74e-11  2.15e-10
1.3e+03  2.82e-11  6.38e-16  1.66e-14  2.86e-11  2.17e-10
1.4e+03  2.94e-11  1.32e-15  3.18e-14  2.99e-11   2.2e-10
1.5e+03  3.07e-11  2.48e-15  5.68e-14  3.12e-11  2.23e-10
1.6e+03   3.2e-11  4.58e-15  9.51e-14  3.26e-11  2.25e-10
1.7e+03  3.43e-11  7.91e-15  1.51e-13  3.48e-11  2.27e-10
1.8e+03  3.47e-11  1.19e-14  2.32e-13  3.54e-11   2.3e-10
1.9e+03  3.52e-11  1.88e-14  3.41e-13   3.6e-11  2.32e-10
  2e+03  3.66e-11  2.77e-14  4.85e-13  3.75e-11  2.34e-10

Reactant = P1   Pressure = 1 atm

   T(K)        W1        W2        P2      Loss   Capture
    500   2.4e-11  8.95e-21  1.73e-19  2.45e-11  1.85e-10
    600  3.14e-11  1.03e-19  2.42e-18  3.19e-11  1.91e-10
    700  3.62e-11  7.97e-19  1.92e-17  3.66e-11  1.96e-10
    800  3.97e-11  4.68e-18  1.01e-16  4.01e-11  2.01e-10
    900  4.36e-11   2.2e-17  3.95e-16   4.4e-11  2.05e-10
  1e+03  4.48e-11  8.05e-17  1.24e-15  4.53e-11  2.08e-10
1.1e+03  4.77e-11  2.24e-16  3.29e-15  4.82e-11  2.11e-10
1.2e+03  4.93e-11  5.68e-16  7.62e-15  4.98e-11  2.15e-10
1.3e+03   5.1e-11  1.34e-15  1.58e-14  5.15e-11  2.17e-10
1.4e+03  5.28e-11  2.64e-15  3.01e-14  5.33e-11   2.2e-10
1.5e+03  5.46e-11  4.71e-15  5.36e-14  5.51e-11  2.23e-10
1.6e+03  5.64e-11  8.34e-15  8.94e-14   5.7e-11  2.25e-10
1.7e+03  5.94e-11  1.38e-14  1.42e-13  6.01e-11  2.27e-10
1.8e+03  6.02e-11  2.01e-14  2.16e-13  6.09e-11   2.3e-10
1.9e+03  6.08e-11  3.11e-14  3.17e-13  6.17e-11  2.32e-10
  2e+03  6.27e-11  4.45e-14  4.49e-13  6.37e-11  2.34e-10

Reactant = P1   Pressure = 10 atm

   T(K)        W1        W2        P2      Loss   Capture
    500  4.96e-11     2e-20  1.63e-19  4.96e-11  1.85e-10
    600  5.82e-11  2.41e-19  2.28e-18  5.82e-11  1.91e-10
    700  6.37e-11  1.87e-18  1.81e-17  6.37e-11  1.96e-10
    800  6.77e-11  1.06e-17   9.5e-17  6.77e-11  2.01e-10
    900  7.24e-11  4.69e-17  3.69e-16  7.24e-11  2.05e-10
  1e+03  7.36e-11  1.63e-16  1.15e-15  7.36e-11  2.08e-10
1.1e+03   7.7e-11   4.3e-16  3.04e-15   7.7e-11  2.11e-10
1.2e+03  7.89e-11  1.04e-15  6.99e-15  7.89e-11  2.15e-10
1.3e+03  8.09e-11  2.33e-15  1.43e-14  8.09e-11  2.17e-10
1.4e+03   8.3e-11  4.42e-15  2.73e-14   8.3e-11   2.2e-10
1.5e+03  8.51e-11  7.64e-15  4.83e-14  8.52e-11  2.23e-10
1.6e+03  8.73e-11  1.31e-14  7.99e-14  8.74e-11  2.25e-10
1.7e+03  9.08e-11  2.11e-14  1.26e-13   9.1e-11  2.27e-10
1.8e+03  9.18e-11  3.01e-14  1.92e-13   9.2e-11   2.3e-10
1.9e+03  9.26e-11  4.59e-14  2.79e-13  9.29e-11  2.32e-10
  2e+03  9.48e-11  6.44e-14  3.92e-13  9.53e-11  2.34e-10

Reactant = P1   Pressure = 100 atm

   T(K)        W1        W2        P2      Loss   Capture
    500  8.83e-11  4.13e-20   1.4e-19  8.83e-11  1.85e-10
    600  9.55e-11  5.07e-19  1.98e-18  9.55e-11  1.91e-10
    700     1e-10  3.83e-18  1.57e-17     1e-10  1.96e-10
    800  1.04e-10  2.05e-17   8.2e-17  1.04e-10  2.01e-10
    900  1.08e-10  8.44e-17  3.13e-16  1.08e-10  2.05e-10
  1e+03   1.1e-10  2.77e-16  9.61e-16   1.1e-10  2.08e-10
1.1e+03  1.13e-10  7.01e-16  2.52e-15  1.13e-10  2.11e-10
1.2e+03  1.15e-10  1.63e-15  5.72e-15  1.15e-10  2.15e-10
1.3e+03  1.18e-10  3.51e-15  1.15e-14  1.18e-10  2.17e-10
1.4e+03   1.2e-10  6.51e-15  2.16e-14   1.2e-10   2.2e-10
1.5e+03  1.23e-10  1.11e-14  3.76e-14  1.23e-10  2.23e-10
1.6e+03  1.25e-10  1.86e-14   6.1e-14  1.25e-10  2.25e-10
1.7e+03  1.29e-10  2.95e-14   9.4e-14  1.29e-10  2.27e-10
1.8e+03  1.31e-10  4.23e-14  1.41e-13  1.31e-10   2.3e-10
1.9e+03  1.32e-10  6.38e-14  2.02e-13  1.32e-10  2.32e-10
  2e+03  1.35e-10  8.91e-14  2.78e-13  1.35e-10  2.34e-10

Reactant = P2   Pressure = 0.1 atm

   T(K)        W1        W2        P1      Loss   Capture
    500  1.04e-21  8.66e-12  1.28e-15  8.96e-12  1.84e-10
    600  2.77e-21  1.25e-11  2.56e-15  1.28e-11  1.89e-10
    700  8.87e-21  1.47e-11  4.99e-15  1.51e-11  1.94e-10
    800  4.32e-20  1.68e-11  9.13e-15  1.71e-11  1.99e-10
    900  2.39e-19  1.89e-11  1.56e-14  1.93e-11  2.03e-10
  1e+03  8.28e-19  2.07e-11  2.52e-14  2.11e-11  2.06e-10
1.1e+03  3.36e-18  2.15e-11  3.87e-14  2.19e-11   2.1e-10
1.2e+03  9.28e-18  2.27e-11   5.7e-14  2.32e-11  2.13e-10
1.3e+03  2.12e-17  2.45e-11  8.05e-14   2.5e-11  2.16e-10
1.4e+03  4.82e-17  2.55e-11  1.11e-13   2.6e-11  2.18e-10
1.5e+03  1.01e-16  2.63e-11  1.49e-13  2.68e-11  2.21e-10
1.6e+03  1.83e-16  2.77e-11  1.94e-13  2.83e-11  2.23e-10
1.7e+03  3.01e-16  2.99e-11  2.48e-13  3.06e-11  2.25e-10
1.8e+03  5.69e-16  2.95e-11  3.13e-13  3.02e-11  2.28e-10
1.9e+03  7.74e-16  3.07e-11  3.87e-13  3.15e-11   2.3e-10
  2e+03  1.21e-15  3.19e-11  4.72e-13  3.28e-11  2.32e-10

Reactant = P2   Pressure = 1 atm

   T(K)        W1        W2        P1      Loss   Capture
    500  7.24e-21  2.16e-11  1.24e-15   2.2e-11  1.84e-10
    600  2.04e-20  2.75e-11  2.49e-15  2.79e-11  1.89e-10
    700  6.25e-20  3.08e-11  4.86e-15  3.13e-11  1.94e-10
    800  2.18e-19  3.39e-11  8.86e-15  3.44e-11  1.99e-10
    900   8.4e-19  3.74e-11  1.51e-14  3.78e-11  2.03e-10
  1e+03  2.37e-18  4.01e-11  2.42e-14  4.06e-11  2.06e-10
1.1e+03  7.91e-18  4.11e-11  3.72e-14  4.16e-11   2.1e-10
1.2e+03  1.97e-17   4.3e-11  5.44e-14  4.35e-11  2.13e-10
1.3e+03  4.14e-17  4.58e-11  7.65e-14  4.63e-11  2.16e-10
1.4e+03  9.18e-17  4.71e-11  1.05e-13  4.77e-11  2.18e-10
1.5e+03  1.96e-16  4.83e-11   1.4e-13  4.88e-11  2.21e-10
1.6e+03  3.53e-16  5.04e-11  1.82e-13   5.1e-11  2.23e-10
1.7e+03  6.18e-16  5.35e-11  2.32e-13  5.41e-11  2.25e-10
1.8e+03  1.16e-15   5.3e-11  2.92e-13  5.38e-11  2.28e-10
1.9e+03  1.56e-15  5.47e-11   3.6e-13  5.56e-11   2.3e-10
  2e+03  2.46e-15  5.64e-11  4.37e-13  5.73e-11  2.32e-10

Reactant = P2   Pressure = 10 atm

   T(K)        W1        W2        P1      Loss   Capture
    500  6.75e-20  4.46e-11  1.16e-15  4.46e-11  1.84e-10
    600  2.38e-19  5.18e-11  2.35e-15  5.18e-11  1.89e-10
    700  8.35e-19  5.57e-11  4.59e-15  5.57e-11  1.94e-10
    800  2.65e-18  5.95e-11  8.34e-15  5.95e-11  1.99e-10
    900  7.92e-18  6.39e-11  1.41e-14  6.39e-11  2.03e-10
  1e+03  1.82e-17  6.74e-11  2.24e-14  6.74e-11  2.06e-10
1.1e+03  4.93e-17  6.85e-11  3.43e-14  6.85e-11   2.1e-10
1.2e+03  1.05e-16  7.09e-11     5e-14  7.09e-11  2.13e-10
1.3e+03  1.96e-16  7.44e-11  6.96e-14  7.44e-11  2.16e-10
1.4e+03  3.83e-16   7.6e-11   9.5e-14  7.61e-11  2.18e-10
1.5e+03  7.24e-16  7.73e-11  1.26e-13  7.74e-11  2.21e-10
1.6e+03  1.19e-15     8e-11  1.63e-13  8.01e-11  2.23e-10
1.7e+03  1.91e-15  8.36e-11  2.06e-13  8.38e-11  2.25e-10
1.8e+03  3.25e-15  8.32e-11  2.58e-13  8.35e-11  2.28e-10
1.9e+03  4.29e-15  8.53e-11  3.16e-13  8.57e-11   2.3e-10
  2e+03  6.33e-15  8.73e-11  3.82e-13  8.77e-11  2.32e-10

Reactant = P2   Pressure = 100 atm

   T(K)        W1        W2        P1      Loss   Capture
    500  4.63e-18  7.89e-11  9.95e-16   7.9e-11  1.84e-10
    600  1.24e-17  8.56e-11  2.04e-15  8.56e-11  1.89e-10
    700   3.4e-17  8.91e-11  3.99e-15  8.91e-11  1.94e-10
    800   8.5e-17  9.29e-11   7.2e-15  9.29e-11  1.99e-10
    900  1.98e-16  9.75e-11   1.2e-14  9.75e-11  2.03e-10
  1e+03  3.85e-16  1.01e-10  1.88e-14  1.01e-10  2.06e-10
1.1e+03  8.05e-16  1.02e-10  2.84e-14  1.02e-10   2.1e-10
1.2e+03  1.43e-15  1.05e-10  4.08e-14  1.05e-10  2.13e-10
1.3e+03  2.34e-15  1.09e-10  5.58e-14  1.09e-10  2.16e-10
1.4e+03  3.87e-15  1.11e-10  7.51e-14  1.11e-10  2.18e-10
1.5e+03  6.21e-15  1.12e-10  9.85e-14  1.13e-10  2.21e-10
1.6e+03   9.2e-15  1.15e-10  1.24e-13  1.16e-10  2.23e-10
1.7e+03  1.33e-14  1.19e-10  1.54e-13   1.2e-10  2.25e-10
1.8e+03  1.97e-14  1.19e-10   1.9e-13   1.2e-10  2.28e-10
1.9e+03  2.56e-14  1.22e-10  2.29e-13  1.22e-10   2.3e-10
  2e+03  3.47e-14  1.24e-10   2.7e-13  1.25e-10  2.32e-10

______________________________________________________________________________________

Temperature-Pressure Rate Tables:

W1->W2

P\T           500       600       700       800       900     1e+03   1.1e+03   1.2e+03   1.3e+03   1.4e+03   1.5e+03   1.6e+03   1.7e+03   1.8e+03   1.9e+03     2e+03
0.1      1.27e-05  0.000389    0.0129      0.34      5.95      45.2       426  2.02e+03  6.59e+03  2.27e+04  6.73e+04  1.51e+05  3.52e+05  6.62e+05  9.98e+05  1.67e+06
1         0.00055    0.0182     0.533      11.8       173  1.11e+03   7.5e+03  2.79e+04  7.81e+04  2.05e+05  4.69e+05   9.1e+05  1.71e+06  2.85e+06  4.14e+06  6.28e+06
10         0.0285     0.853      17.6       246  2.26e+03  1.09e+04  4.79e+04  1.43e+05  3.53e+05  7.85e+05  1.56e+06   2.8e+06  4.79e+06  7.49e+06  1.06e+07  1.53e+07
100          1.76      33.1       376  2.87e+03  1.62e+04  6.09e+04  1.97e+05  5.03e+05  1.12e+06  2.24e+06  4.06e+06  6.87e+06   1.1e+07  1.64e+07  2.29e+07  3.19e+07
O-O           264  3.66e+03  2.71e+04  1.29e+05  4.52e+05  1.26e+06  2.93e+06  5.99e+06   1.1e+07  1.86e+07  2.93e+07  4.38e+07  6.23e+07  8.52e+07  1.13e+08  1.45e+08

W1->P1

P\T           500       600       700       800       900     1e+03   1.1e+03   1.2e+03   1.3e+03   1.4e+03   1.5e+03   1.6e+03   1.7e+03   1.8e+03   1.9e+03     2e+03
0.1      1.37e+10  2.14e+10  2.48e+10  2.55e+10  2.56e+10  2.34e+10  2.21e+10  2.02e+10  1.84e+10  1.69e+10  1.55e+10  1.42e+10  1.34e+10  1.21e+10  1.09e+10  1.02e+10
1        3.46e+10  4.56e+10  4.92e+10  4.86e+10  4.72e+10  4.26e+10  3.96e+10  3.57e+10  3.23e+10  2.93e+10  2.67e+10  2.43e+10  2.27e+10  2.04e+10  1.84e+10   1.7e+10
10       7.13e+10  8.42e+10  8.61e+10  8.25e+10  7.79e+10  6.95e+10  6.35e+10  5.68e+10   5.1e+10  4.59e+10  4.14e+10  3.75e+10  3.45e+10   3.1e+10   2.8e+10  2.56e+10
100      1.27e+11  1.38e+11  1.35e+11  1.26e+11  1.17e+11  1.04e+11  9.34e+10   8.3e+10  7.41e+10  6.63e+10  5.96e+10  5.37e+10  4.91e+10  4.41e+10  3.98e+10  3.64e+10
O-O      2.66e+11  2.76e+11  2.65e+11  2.44e+11   2.2e+11  1.96e+11  1.74e+11  1.54e+11  1.37e+11  1.22e+11  1.08e+11  9.65e+10  8.64e+10  7.76e+10  6.99e+10  6.31e+10

W1->P2

P\T           500       600       700       800       900     1e+03   1.1e+03   1.2e+03   1.3e+03   1.4e+03   1.5e+03   1.6e+03   1.7e+03   1.8e+03   1.9e+03     2e+03
0.1      1.27e-05  0.000399   0.00622    0.0583     0.428      1.97      13.9      59.3       180       710  2.69e+03  6.82e+03  1.87e+04  4.75e+04  7.08e+04  1.38e+05
1        0.000253   0.00859     0.138      1.24      8.05      34.3       215       880  2.58e+03  8.57e+03  2.53e+04  5.48e+04  1.17e+05  2.46e+05  3.53e+05  5.97e+05
10        0.00796     0.244      3.66      31.7       197       781  3.32e+03  9.92e+03  2.39e+04   5.8e+04   1.3e+05  2.44e+05  4.35e+05     8e+05  1.12e+06  1.73e+06
100         0.912      17.1       179  1.17e+03  5.54e+03  1.84e+04  5.84e+04  1.44e+05  3.02e+05  6.12e+05  1.15e+06  1.93e+06  3.08e+06  4.92e+06   6.8e+06  9.63e+06
O-O           ***       ***       ***       ***       ***       ***       ***       ***       ***       ***       ***       ***       ***       ***       ***       ***

W2->W1

P\T           500       600       700       800       900     1e+03   1.1e+03   1.2e+03   1.3e+03   1.4e+03   1.5e+03   1.6e+03   1.7e+03   1.8e+03   1.9e+03     2e+03
0.1        -0.754      -1.4     0.112      26.1       261  1.07e+03  6.82e+03  2.12e+04  4.71e+04   1.2e+05  2.76e+05  4.86e+05  9.28e+05  1.45e+06  1.83e+06  2.65e+06
1            1.45      19.8       201  1.66e+03  1.08e+04  3.54e+04   1.4e+05   3.3e+05  6.28e+05  1.19e+06  2.04e+06  3.09e+06  4.68e+06  6.41e+06  7.83e+06  1.02e+07
10            316  1.42e+03  7.38e+03  3.59e+04  1.44e+05  3.57e+05  9.03e+05  1.71e+06  2.86e+06  4.57e+06  6.83e+06  9.55e+06  1.31e+07  1.69e+07  2.02e+07   2.5e+07
100      2.09e+04  5.68e+04  1.59e+05  4.21e+05  1.03e+06  1.99e+06  3.72e+06     6e+06   9.1e+06   1.3e+07  1.78e+07  2.34e+07  3.02e+07   3.7e+07  4.34e+07  5.19e+07
O-O      3.14e+06  6.31e+06  1.15e+07   1.9e+07  2.88e+07   4.1e+07  5.53e+07  7.15e+07  8.93e+07  1.08e+08  1.28e+08  1.49e+08  1.71e+08  1.92e+08  2.14e+08  2.36e+08

W2->P1

P\T           500       600       700       800       900     1e+03   1.1e+03   1.2e+03   1.3e+03   1.4e+03   1.5e+03   1.6e+03   1.7e+03   1.8e+03   1.9e+03     2e+03
0.1       6.4e+04  1.02e+05  1.79e+05  3.36e+05  6.33e+05  1.09e+06   1.6e+06  2.34e+06  3.43e+06  4.45e+06  5.49e+06  6.96e+06  8.48e+06  9.34e+06  1.11e+07  1.25e+07
1        1.54e+05  2.59e+05  4.61e+05  8.43e+05  1.52e+06   2.5e+06  3.52e+06  4.92e+06  6.88e+06  8.52e+06  1.01e+07  1.22e+07  1.44e+07  1.53e+07  1.78e+07  1.96e+07
10       3.43e+05  6.01e+05  1.07e+06   1.9e+06  3.22e+06  5.03e+06  6.69e+06  8.91e+06  1.19e+07  1.42e+07  1.62e+07  1.92e+07   2.2e+07  2.29e+07  2.63e+07  2.83e+07
100      7.08e+05  1.26e+06  2.19e+06  3.67e+06  5.79e+06  8.55e+06  1.09e+07   1.4e+07  1.79e+07  2.09e+07  2.36e+07  2.73e+07  3.07e+07  3.22e+07  3.65e+07  3.92e+07
O-O           ***       ***       ***       ***       ***       ***       ***       ***       ***       ***       ***       ***       ***       ***       ***       ***

W2->P2

P\T           500       600       700       800       900     1e+03   1.1e+03   1.2e+03   1.3e+03   1.4e+03   1.5e+03   1.6e+03   1.7e+03   1.8e+03   1.9e+03     2e+03
0.1      2.14e+10  3.15e+10   3.5e+10   3.6e+10  3.61e+10  3.47e+10  3.13e+10  2.89e+10  2.73e+10  2.48e+10  2.24e+10  2.09e+10  1.98e+10  1.75e+10  1.62e+10   1.5e+10
1        5.22e+10   6.7e+10  7.03e+10  6.96e+10  6.79e+10  6.39e+10  5.72e+10  5.23e+10  4.87e+10  4.39e+10  3.95e+10  3.64e+10  3.42e+10  3.02e+10  2.78e+10  2.56e+10
10       1.07e+11  1.25e+11  1.26e+11  1.21e+11  1.15e+11  1.06e+11  9.45e+10  8.54e+10  7.84e+10  7.02e+10  6.29e+10  5.74e+10  5.32e+10  4.71e+10  4.31e+10  3.95e+10
100       1.9e+11  2.07e+11  2.01e+11  1.89e+11  1.75e+11   1.6e+11  1.41e+11  1.26e+11  1.15e+11  1.02e+11  9.13e+10  8.28e+10  7.59e+10  6.75e+10  6.15e+10  5.62e+10
O-O      4.41e+11  4.58e+11  4.39e+11  4.04e+11  3.64e+11  3.25e+11  2.89e+11  2.56e+11  2.27e+11  2.01e+11  1.79e+11   1.6e+11  1.43e+11  1.29e+11  1.16e+11  1.05e+11

P1->W1

P\T           500       600       700       800       900     1e+03   1.1e+03   1.2e+03   1.3e+03   1.4e+03   1.5e+03   1.6e+03   1.7e+03   1.8e+03   1.9e+03     2e+03
0.1      9.39e-12  1.44e-11  1.77e-11  2.02e-11  2.28e-11  2.38e-11  2.58e-11  2.69e-11  2.82e-11  2.94e-11  3.07e-11   3.2e-11  3.43e-11  3.47e-11  3.52e-11  3.66e-11
1         2.4e-11  3.14e-11  3.62e-11  3.97e-11  4.36e-11  4.48e-11  4.77e-11  4.93e-11   5.1e-11  5.28e-11  5.46e-11  5.64e-11  5.94e-11  6.02e-11  6.08e-11  6.27e-11
10       4.96e-11  5.82e-11  6.37e-11  6.77e-11  7.24e-11  7.36e-11   7.7e-11  7.89e-11  8.09e-11   8.3e-11  8.51e-11  8.73e-11  9.08e-11  9.18e-11  9.26e-11  9.48e-11
100      8.83e-11  9.55e-11     1e-10  1.04e-10  1.08e-10   1.1e-10  1.13e-10  1.15e-10  1.18e-10   1.2e-10  1.23e-10  1.25e-10  1.29e-10  1.31e-10  1.32e-10  1.35e-10
O-O      1.85e-10  1.91e-10  1.96e-10  2.01e-10  2.05e-10  2.08e-10  2.11e-10  2.15e-10  2.17e-10   2.2e-10  2.23e-10  2.25e-10  2.27e-10   2.3e-10  2.32e-10  2.34e-10

P1->W2

P\T           500       600       700       800       900     1e+03   1.1e+03   1.2e+03   1.3e+03   1.4e+03   1.5e+03   1.6e+03   1.7e+03   1.8e+03   1.9e+03     2e+03
0.1      3.63e-21  3.93e-20  2.98e-19  1.78e-18  8.71e-18  3.33e-17  9.72e-17  2.58e-16  6.38e-16  1.32e-15  2.48e-15  4.58e-15  7.91e-15  1.19e-14  1.88e-14  2.77e-14
1        8.95e-21  1.03e-19  7.97e-19  4.68e-18   2.2e-17  8.05e-17  2.24e-16  5.68e-16  1.34e-15  2.64e-15  4.71e-15  8.34e-15  1.38e-14  2.01e-14  3.11e-14  4.45e-14
10          2e-20  2.41e-19  1.87e-18  1.06e-17  4.69e-17  1.63e-16   4.3e-16  1.04e-15  2.33e-15  4.42e-15  7.64e-15  1.31e-14  2.11e-14  3.01e-14  4.59e-14  6.44e-14
100      4.13e-20  5.07e-19  3.83e-18  2.05e-17  8.44e-17  2.77e-16  7.01e-16  1.63e-15  3.51e-15  6.51e-15  1.11e-14  1.86e-14  2.95e-14  4.23e-14  6.38e-14  8.91e-14
O-O           ***       ***       ***       ***       ***       ***       ***       ***       ***       ***       ***       ***       ***       ***       ***       ***

P1->P2

P\T           500       600       700       800       900     1e+03   1.1e+03   1.2e+03   1.3e+03   1.4e+03   1.5e+03   1.6e+03   1.7e+03   1.8e+03   1.9e+03     2e+03
0.1      1.79e-19  2.48e-18  1.97e-17  1.04e-16  4.09e-16  1.29e-15  3.43e-15  7.97e-15  1.66e-14  3.18e-14  5.68e-14  9.51e-14  1.51e-13  2.32e-13  3.41e-13  4.85e-13
1        1.73e-19  2.42e-18  1.92e-17  1.01e-16  3.95e-16  1.24e-15  3.29e-15  7.62e-15  1.58e-14  3.01e-14  5.36e-14  8.94e-14  1.42e-13  2.16e-13  3.17e-13  4.49e-13
10       1.63e-19  2.28e-18  1.81e-17   9.5e-17  3.69e-16  1.15e-15  3.04e-15  6.99e-15  1.43e-14  2.73e-14  4.83e-14  7.99e-14  1.26e-13  1.92e-13  2.79e-13  3.92e-13
100       1.4e-19  1.98e-18  1.57e-17   8.2e-17  3.13e-16  9.61e-16  2.52e-15  5.72e-15  1.15e-14  2.16e-14  3.76e-14   6.1e-14   9.4e-14  1.41e-13  2.02e-13  2.78e-13
O-O           ***       ***       ***       ***       ***       ***       ***       ***       ***       ***       ***       ***       ***       ***       ***       ***

P2->W1

P\T           500       600       700       800       900     1e+03   1.1e+03   1.2e+03   1.3e+03   1.4e+03   1.5e+03   1.6e+03   1.7e+03   1.8e+03   1.9e+03     2e+03
0.1      1.04e-21  2.77e-21  8.87e-21  4.32e-20  2.39e-19  8.28e-19  3.36e-18  9.28e-18  2.12e-17  4.82e-17  1.01e-16  1.83e-16  3.01e-16  5.69e-16  7.74e-16  1.21e-15
1        7.24e-21  2.04e-20  6.25e-20  2.18e-19   8.4e-19  2.37e-18  7.91e-18  1.97e-17  4.14e-17  9.18e-17  1.96e-16  3.53e-16  6.18e-16  1.16e-15  1.56e-15  2.46e-15
10       6.75e-20  2.38e-19  8.35e-19  2.65e-18  7.92e-18  1.82e-17  4.93e-17  1.05e-16  1.96e-16  3.83e-16  7.24e-16  1.19e-15  1.91e-15  3.25e-15  4.29e-15  6.33e-15
100      4.63e-18  1.24e-17   3.4e-17   8.5e-17  1.98e-16  3.85e-16  8.05e-16  1.43e-15  2.34e-15  3.87e-15  6.21e-15   9.2e-15  1.33e-14  1.97e-14  2.56e-14  3.47e-14
O-O           ***       ***       ***       ***       ***       ***       ***       ***       ***       ***       ***       ***       ***       ***       ***       ***

P2->W2

P\T           500       600       700       800       900     1e+03   1.1e+03   1.2e+03   1.3e+03   1.4e+03   1.5e+03   1.6e+03   1.7e+03   1.8e+03   1.9e+03     2e+03
0.1      8.66e-12  1.25e-11  1.47e-11  1.68e-11  1.89e-11  2.07e-11  2.15e-11  2.27e-11  2.45e-11  2.55e-11  2.63e-11  2.77e-11  2.99e-11  2.95e-11  3.07e-11  3.19e-11
1        2.16e-11  2.75e-11  3.08e-11  3.39e-11  3.74e-11  4.01e-11  4.11e-11   4.3e-11  4.58e-11  4.71e-11  4.83e-11  5.04e-11  5.35e-11   5.3e-11  5.47e-11  5.64e-11
10       4.46e-11  5.18e-11  5.57e-11  5.95e-11  6.39e-11  6.74e-11  6.85e-11  7.09e-11  7.44e-11   7.6e-11  7.73e-11     8e-11  8.36e-11  8.32e-11  8.53e-11  8.73e-11
100      7.89e-11  8.56e-11  8.91e-11  9.29e-11  9.75e-11  1.01e-10  1.02e-10  1.05e-10  1.09e-10  1.11e-10  1.12e-10  1.15e-10  1.19e-10  1.19e-10  1.22e-10  1.24e-10
O-O      1.84e-10  1.89e-10  1.94e-10  1.99e-10  2.03e-10  2.06e-10   2.1e-10  2.13e-10  2.16e-10  2.18e-10  2.21e-10  2.23e-10  2.25e-10  2.28e-10   2.3e-10  2.32e-10

P2->P1

P\T           500       600       700       800       900     1e+03   1.1e+03   1.2e+03   1.3e+03   1.4e+03   1.5e+03   1.6e+03   1.7e+03   1.8e+03   1.9e+03     2e+03
0.1      1.28e-15  2.56e-15  4.99e-15  9.13e-15  1.56e-14  2.52e-14  3.87e-14   5.7e-14  8.05e-14  1.11e-13  1.49e-13  1.94e-13  2.48e-13  3.13e-13  3.87e-13  4.72e-13
1        1.24e-15  2.49e-15  4.86e-15  8.86e-15  1.51e-14  2.42e-14  3.72e-14  5.44e-14  7.65e-14  1.05e-13   1.4e-13  1.82e-13  2.32e-13  2.92e-13   3.6e-13  4.37e-13
10       1.16e-15  2.35e-15  4.59e-15  8.34e-15  1.41e-14  2.24e-14  3.43e-14     5e-14  6.96e-14   9.5e-14  1.26e-13  1.63e-13  2.06e-13  2.58e-13  3.16e-13  3.82e-13
100      9.95e-16  2.04e-15  3.99e-15   7.2e-15   1.2e-14  1.88e-14  2.84e-14  4.08e-14  5.58e-14  7.51e-14  9.85e-14  1.24e-13  1.54e-13   1.9e-13  2.29e-13   2.7e-13
O-O           ***       ***       ***       ***       ***       ***       ***       ***       ***       ***       ***       ***       ***       ***       ***       ***

W1-> 

P\T           500       600       700       800       900     1e+03   1.1e+03   1.2e+03   1.3e+03   1.4e+03   1.5e+03   1.6e+03   1.7e+03   1.8e+03   1.9e+03     2e+03
0.1      1.37e+10  2.14e+10  2.48e+10  2.55e+10  2.56e+10  2.34e+10  2.21e+10  2.02e+10  1.84e+10  1.69e+10  1.55e+10  1.42e+10  1.34e+10  1.21e+10  1.09e+10  1.02e+10
1        3.46e+10  4.56e+10  4.92e+10  4.86e+10  4.72e+10  4.26e+10  3.96e+10  3.57e+10  3.23e+10  2.93e+10  2.67e+10  2.43e+10  2.27e+10  2.04e+10  1.84e+10   1.7e+10
10       7.13e+10  8.42e+10  8.61e+10  8.25e+10  7.79e+10  6.95e+10  6.35e+10  5.68e+10   5.1e+10  4.59e+10  4.14e+10  3.75e+10  3.45e+10  3.11e+10   2.8e+10  2.57e+10
100      1.27e+11  1.38e+11  1.35e+11  1.26e+11  1.17e+11  1.04e+11  9.34e+10   8.3e+10  7.41e+10  6.63e+10  5.96e+10  5.37e+10  4.91e+10  4.42e+10  3.99e+10  3.65e+10
O-O      2.66e+11  2.76e+11  2.65e+11  2.44e+11   2.2e+11  1.96e+11  1.74e+11  1.54e+11  1.37e+11  1.22e+11  1.08e+11  9.66e+10  8.65e+10  7.77e+10     7e+10  6.33e+10

W2-> 

P\T           500       600       700       800       900     1e+03   1.1e+03   1.2e+03   1.3e+03   1.4e+03   1.5e+03   1.6e+03   1.7e+03   1.8e+03   1.9e+03     2e+03
0.1      2.14e+10  3.15e+10   3.5e+10   3.6e+10  3.61e+10  3.47e+10  3.13e+10  2.89e+10  2.73e+10  2.48e+10  2.25e+10  2.09e+10  1.98e+10  1.75e+10  1.62e+10   1.5e+10
1        5.22e+10   6.7e+10  7.03e+10  6.96e+10  6.79e+10  6.39e+10  5.72e+10  5.23e+10  4.87e+10  4.39e+10  3.95e+10  3.64e+10  3.42e+10  3.02e+10  2.78e+10  2.57e+10
10       1.07e+11  1.25e+11  1.26e+11  1.21e+11  1.15e+11  1.06e+11  9.45e+10  8.54e+10  7.84e+10  7.02e+10  6.29e+10  5.74e+10  5.32e+10  4.71e+10  4.31e+10  3.96e+10
100       1.9e+11  2.07e+11  2.01e+11  1.89e+11  1.75e+11   1.6e+11  1.41e+11  1.26e+11  1.15e+11  1.02e+11  9.13e+10  8.28e+10   7.6e+10  6.76e+10  6.16e+10  5.63e+10
O-O      4.41e+11  4.58e+11  4.39e+11  4.04e+11  3.64e+11  3.25e+11  2.89e+11  2.56e+11  2.27e+11  2.01e+11  1.79e+11   1.6e+11  1.43e+11  1.29e+11  1.16e+11  1.05e+11

P1-> 

P\T           500       600       700       800       900     1e+03   1.1e+03   1.2e+03   1.3e+03   1.4e+03   1.5e+03   1.6e+03   1.7e+03   1.8e+03   1.9e+03     2e+03
0.1      9.73e-12  1.48e-11  1.81e-11  2.06e-11  2.32e-11  2.42e-11  2.62e-11  2.74e-11  2.86e-11  2.99e-11  3.12e-11  3.26e-11  3.48e-11  3.54e-11   3.6e-11  3.75e-11
1        2.45e-11  3.19e-11  3.66e-11  4.01e-11   4.4e-11  4.53e-11  4.82e-11  4.98e-11  5.15e-11  5.33e-11  5.51e-11   5.7e-11  6.01e-11  6.09e-11  6.17e-11  6.37e-11
10       4.96e-11  5.82e-11  6.37e-11  6.77e-11  7.24e-11  7.36e-11   7.7e-11  7.89e-11  8.09e-11   8.3e-11  8.52e-11  8.74e-11   9.1e-11   9.2e-11  9.29e-11  9.53e-11
100      8.83e-11  9.55e-11     1e-10  1.04e-10  1.08e-10   1.1e-10  1.13e-10  1.15e-10  1.18e-10   1.2e-10  1.23e-10  1.25e-10  1.29e-10  1.31e-10  1.32e-10  1.35e-10
O-O      1.85e-10  1.91e-10  1.96e-10  2.01e-10  2.05e-10  2.08e-10  2.11e-10  2.15e-10  2.17e-10   2.2e-10  2.23e-10  2.25e-10  2.27e-10   2.3e-10  2.32e-10  2.34e-10

P2-> 

P\T           500       600       700       800       900     1e+03   1.1e+03   1.2e+03   1.3e+03   1.4e+03   1.5e+03   1.6e+03   1.7e+03   1.8e+03   1.9e+03     2e+03
0.1      8.96e-12  1.28e-11  1.51e-11  1.71e-11  1.93e-11  2.11e-11  2.19e-11  2.32e-11   2.5e-11   2.6e-11  2.68e-11  2.83e-11  3.06e-11  3.02e-11  3.15e-11  3.28e-11
1         2.2e-11  2.79e-11  3.13e-11  3.44e-11  3.78e-11  4.06e-11  4.16e-11  4.35e-11  4.63e-11  4.77e-11  4.88e-11   5.1e-11  5.41e-11  5.38e-11  5.56e-11  5.73e-11
10       4.46e-11  5.18e-11  5.57e-11  5.95e-11  6.39e-11  6.74e-11  6.85e-11  7.09e-11  7.44e-11  7.61e-11  7.74e-11  8.01e-11  8.38e-11  8.35e-11  8.57e-11  8.77e-11
100       7.9e-11  8.56e-11  8.91e-11  9.29e-11  9.75e-11  1.01e-10  1.02e-10  1.05e-10  1.09e-10  1.11e-10  1.13e-10  1.16e-10   1.2e-10   1.2e-10  1.22e-10  1.25e-10
O-O      1.84e-10  1.89e-10  1.94e-10  1.99e-10  2.03e-10  2.06e-10   2.1e-10  2.13e-10  2.16e-10  2.18e-10  2.21e-10  2.23e-10  2.25e-10  2.28e-10   2.3e-10  2.32e-10

