Wells (G - ground energy, D - dissociation limit, kcal/mol):
                             W         G         D
      FakeW-C5H8O(825)rs+OH(4)        -3     -0.19
        FakeW-H2O(5)+S(1314)r1     -15.7     -12.7

Bimolecular Products (G - ground energy, kcal/mol):
                       P         G
      C5H8O(825)rs+OH(4)         0
        H2O(5)+S(1314)r1     -12.7

Well-to-Bimolecular Barriers (H/G - barrier height/well depth, kcal/mol)
                             B         H                        W         G                  P
      FakeB-C5H8O(825)rs+OH(4)         0 FakeW-C5H8O(825)rs+OH(4)        -3 C5H8O(825)rs+OH(4)
        FakeB-H2O(5)+S(1314)r1     -12.7   FakeW-H2O(5)+S(1314)r1     -15.7   H2O(5)+S(1314)r1

Well-to-Well Barriers (H/G - barrier height/well depth, kcal/mol):
           B         H                       W1        G1                       W2        G2
      ts_1_5     -0.19 FakeW-C5H8O(825)rs+OH(4)        -3   FakeW-H2O(5)+S(1314)r1     -15.7

Bound Groups: dissociation barrier (name/ground energy, kcal/mol): wells (name/ground energy, kcal/mol):
     C2/-12.7:  FakeW-H2O(5)+S(1314)r1/-15.7

     B1/-0.19:  FakeW-C5H8O(825)rs+OH(4)/-3

________________________________________________________________________________________

Names Translation Tables (<short name> - <original name>):
Wells:
   W1 - FakeW-C5H8O(825)rs+OH(4)
   W2 - FakeW-H2O(5)+S(1314)r1
Bimolecular products:
   P1 - C5H8O(825)rs+OH(4)
   P2 - H2O(5)+S(1314)r1
Inner Barriers:
   B1 - ts_1_5
Outer Barriers:
   C1 - FakeB-C5H8O(825)rs+OH(4)
   C2 - FakeB-H2O(5)+S(1314)r1
Unimolecular Rate Units: 1/sec;  Bimolecular Rate Units: cm^3/sec

______________________________________________________________________________________

Species-Species Rate Tables:

Temperature = 500 K

High Pressure Rate Coefficients:

From\To         W1        W2        P1        P2
W1             ***  1.63e+08     1e+10       ***
W2             184       ***       ***  2.45e+10
P1         2.4e-10       ***       ***       ***
P2             ***  2.35e-10       ***       ***

Temperature = 500 K    Pressure = 0.1 atm

From\To         W1        W2        P1        P2
W1        1.54e+09  1.14e+03  1.51e+09  2.43e+07
W2        0.000518  3.03e+09  0.000146  3.03e+09
P1        3.62e-11  1.96e-17  4.03e-11  3.25e-12
P2        2.61e-19  2.89e-11  1.46e-18  2.95e-11

Temperature = 500 K    Pressure = 1 atm

From\To         W1        W2        P1        P2
W1        3.13e+09  2.81e+04  3.09e+09  4.73e+07
W2          0.0282  6.43e+09   0.00422  6.43e+09
P1        7.39e-11  1.57e-16  7.67e-11  2.73e-12
P2        5.08e-19  6.15e-11  1.22e-18  6.15e-11

Temperature = 500 K    Pressure = 10 atm

From\To         W1        W2        P1        P2
W1        5.75e+09  2.03e+06  5.66e+09  8.56e+07
W2            2.27  1.17e+10     0.466  1.17e+10
P1        1.36e-10  1.02e-14  1.37e-10  1.76e-12
P2         9.2e-19  1.12e-10  7.91e-19  1.12e-10

Temperature = 500 K    Pressure = 100 atm

From\To         W1        W2        P1        P2
W1        8.93e+09  5.52e+07  8.79e+09   8.6e+07
W2              62  1.95e+10      7.58  1.95e+10
P1        2.11e-10  1.62e-13  2.11e-10  3.51e-13
P2        9.25e-19  1.87e-10  1.57e-19  1.87e-10

Temperature = 600 K

High Pressure Rate Coefficients:

From\To         W1        W2        P1        P2
W1             ***  2.06e+08  1.12e+10       ***
W2        1.73e+03       ***       ***  2.54e+10
P1        2.47e-10       ***       ***       ***
P2             ***  2.42e-10       ***       ***

Temperature = 600 K    Pressure = 0.1 atm

From\To         W1        W2        P1        P2
W1         2.1e+09  3.95e+03  2.07e+09  3.08e+07
W2          0.0217  4.19e+09   0.00478  4.19e+09
P1        4.55e-11  4.19e-17     5e-11  3.74e-12
P2        2.46e-18  3.96e-11  1.36e-17  4.03e-11

Temperature = 600 K    Pressure = 1 atm

From\To         W1        W2        P1        P2
W1        3.86e+09  1.21e+05   3.8e+09  5.82e+07
W2           0.975  7.88e+09     0.114  7.88e+09
P1        8.39e-11  4.04e-16   8.7e-11  3.16e-12
P2        4.65e-18  7.48e-11  1.15e-17  7.48e-11

Temperature = 600 K    Pressure = 10 atm

From\To         W1        W2        P1        P2
W1        6.51e+09  4.48e+06  6.41e+09     1e+08
W2            37.6  1.31e+10      6.76  1.31e+10
P1        1.41e-10   1.8e-14  1.43e-10  2.14e-12
P2        8.03e-18  1.24e-10  7.76e-18  1.24e-10

Temperature = 600 K    Pressure = 100 atm

From\To         W1        W2        P1        P2
W1         9.9e+09  7.21e+07  9.73e+09     1e+08
W2             607  2.04e+10        85  2.04e+10
P1        2.15e-10  2.23e-13  2.15e-10  4.68e-13
P2        8.04e-18  1.94e-10   1.7e-18  1.94e-10

Temperature = 700 K

High Pressure Rate Coefficients:

From\To         W1        W2        P1        P2
W1             ***  2.47e+08  1.15e+10       ***
W2        8.69e+03       ***       ***  2.44e+10
P1        2.54e-10       ***       ***       ***
P2             ***  2.48e-10       ***       ***

Temperature = 700 K    Pressure = 0.1 atm

From\To         W1        W2        P1        P2
W1        2.34e+09  1.45e+04  2.31e+09  3.67e+07
W2           0.443   4.4e+09    0.0534   4.4e+09
P1        5.08e-11  8.05e-17   5.6e-11  4.47e-12
P2        1.31e-17  4.45e-11  7.26e-17  4.52e-11

Temperature = 700 K    Pressure = 1 atm

From\To         W1        W2        P1        P2
W1        4.11e+09  4.19e+05  4.04e+09  6.78e+07
W2            14.5  7.89e+09      1.16  7.89e+09
P1        8.91e-11  8.79e-16   9.3e-11  3.81e-12
P2        2.43e-17  8.01e-11  6.18e-17  8.01e-11

Temperature = 700 K    Pressure = 10 atm

From\To         W1        W2        P1        P2
W1        6.66e+09  8.37e+06  6.54e+09  1.12e+08
W2             294  1.26e+10      47.5  1.26e+10
P1        1.44e-10  3.01e-14  1.47e-10  2.64e-12
P2        4.03e-17  1.28e-10  4.29e-17  1.28e-10

Temperature = 700 K    Pressure = 100 atm

From\To         W1        W2        P1        P2
W1           1e+10  9.01e+07  9.84e+09  1.12e+08
W2        3.18e+03  1.94e+10       487  1.94e+10
P1        2.17e-10  3.05e-13  2.18e-10   6.1e-13
P2        4.02e-17  1.97e-10  9.91e-18  1.97e-10

Temperature = 800 K

High Pressure Rate Coefficients:

From\To         W1        W2        P1        P2
W1             ***  2.86e+08  1.12e+10       ***
W2        2.94e+04       ***       ***  2.25e+10
P1         2.6e-10       ***       ***       ***
P2             ***  2.54e-10       ***       ***

Temperature = 800 K    Pressure = 0.1 atm

From\To         W1        W2        P1        P2
W1         2.5e+09  9.27e+04  2.45e+09  4.43e+07
W2            9.13   4.6e+09      0.35   4.6e+09
P1        5.65e-11  1.89e-16  6.25e-11  5.33e-12
P2        5.13e-17  5.16e-11  2.68e-16  5.23e-11

Temperature = 800 K    Pressure = 1 atm

From\To         W1        W2        P1        P2
W1        4.22e+09   1.7e+06  4.14e+09   7.9e+07
W2             174  7.88e+09      7.67  7.88e+09
P1        9.55e-11  1.98e-15     1e-10  4.54e-12
P2        9.17e-17  8.88e-11  2.28e-16  8.88e-11

Temperature = 800 K    Pressure = 10 atm

From\To         W1        W2        P1        P2
W1         6.6e+09  1.62e+07  6.46e+09  1.23e+08
W2        1.67e+03  1.21e+10       231  1.21e+10
P1        1.49e-10  5.24e-14  1.52e-10  3.16e-12
P2        1.43e-16  1.37e-10  1.59e-16  1.37e-10

Temperature = 800 K    Pressure = 100 atm

From\To         W1        W2        P1        P2
W1        9.78e+09  1.15e+08  9.54e+09  1.18e+08
W2        1.18e+04   1.8e+10  1.82e+03   1.8e+10
P1         2.2e-10  4.09e-13  2.22e-10  7.26e-13
P2        1.37e-16  2.03e-10  3.65e-17  2.03e-10

Temperature = 900 K

High Pressure Rate Coefficients:

From\To         W1        W2        P1        P2
W1             ***  3.23e+08  1.07e+10       ***
W2        7.64e+04       ***       ***  2.03e+10
P1        2.65e-10       ***       ***       ***
P2             ***  2.59e-10       ***       ***

Temperature = 900 K    Pressure = 0.1 atm

From\To         W1        W2        P1        P2
W1        2.54e+09     3e+05  2.49e+09  5.25e+07
W2            69.3  4.29e+09      1.24  4.29e+09
P1        6.14e-11   3.9e-16  6.85e-11  6.34e-12
P2        1.58e-16  5.44e-11  7.72e-16  5.51e-11

Temperature = 900 K    Pressure = 1 atm

From\To         W1        W2        P1        P2
W1        4.18e+09  3.85e+06  4.08e+09     9e+07
W2             907   7.2e+09      29.4   7.2e+09
P1        1.01e-10   3.5e-15  1.06e-10  5.37e-12
P2        2.71e-16  9.19e-11  6.54e-16  9.19e-11

Temperature = 900 K    Pressure = 10 atm

From\To         W1        W2        P1        P2
W1        6.38e+09  2.49e+07  6.22e+09  1.34e+08
W2        5.88e+03   1.1e+10       735   1.1e+10
P1        1.54e-10  7.77e-14  1.58e-10  3.73e-12
P2        4.04e-16   1.4e-10  4.55e-16   1.4e-10

Temperature = 900 K    Pressure = 100 atm

From\To         W1        W2        P1        P2
W1        9.29e+09  1.38e+08  9.03e+09  1.24e+08
W2        3.25e+04  1.61e+10  4.92e+03  1.61e+10
P1        2.24e-10  5.17e-13  2.25e-10  8.47e-13
P2        3.74e-16  2.06e-10  1.03e-16  2.06e-10

Temperature = 1e+03 K

High Pressure Rate Coefficients:

From\To         W1        W2        P1        P2
W1             ***  3.58e+08     1e+10       ***
W2        1.65e+05       ***       ***  1.81e+10
P1        2.69e-10       ***       ***       ***
P2             ***  2.63e-10       ***       ***

Temperature = 1e+03 K    Pressure = 0.1 atm

From\To         W1        W2        P1        P2
W1        2.46e+09  1.05e+06   2.4e+09  5.86e+07
W2             475  4.09e+09      4.56  4.09e+09
P1        6.43e-11  9.17e-16  7.25e-11  7.53e-12
P2        3.91e-16  5.91e-11  1.87e-15  5.98e-11

Temperature = 1e+03 K    Pressure = 1 atm

From\To         W1        W2        P1        P2
W1        3.97e+09   8.4e+06  3.87e+09  9.63e+07
W2        3.85e+03   6.7e+09       109   6.7e+09
P1        1.04e-10  7.02e-15  1.11e-10  6.37e-12
P2        6.45e-16  9.75e-11  1.58e-15  9.75e-11

Temperature = 1e+03 K    Pressure = 10 atm

From\To         W1        W2        P1        P2
W1        5.99e+09  3.78e+07  5.82e+09  1.38e+08
W2        1.74e+04  9.99e+09  2.13e+03  9.99e+09
P1        1.57e-10  1.25e-13  1.61e-10  4.42e-12
P2        9.22e-16  1.46e-10   1.1e-15  1.46e-10

Temperature = 1e+03 K    Pressure = 100 atm

From\To         W1        W2        P1        P2
W1        8.68e+09  1.64e+08  8.39e+09  1.24e+08
W2        7.56e+04  1.44e+10  1.15e+04  1.44e+10
P1        2.26e-10  6.73e-13  2.28e-10  9.69e-13
P2        8.29e-16   2.1e-10  2.41e-16   2.1e-10

Temperature = 1.1e+03 K

High Pressure Rate Coefficients:

From\To         W1        W2        P1        P2
W1             ***  3.91e+08  9.28e+09       ***
W2         3.1e+05       ***       ***  1.61e+10
P1        2.74e-10       ***       ***       ***
P2             ***  2.68e-10       ***       ***

Temperature = 1.1e+03 K    Pressure = 0.1 atm

From\To         W1        W2        P1        P2
W1         2.3e+09  2.42e+06  2.23e+09  6.26e+07
W2         1.9e+03  3.73e+09      17.8  3.73e+09
P1        6.57e-11  1.91e-15  7.53e-11  8.92e-12
P2        8.25e-16  6.17e-11  3.99e-15  6.23e-11

Temperature = 1.1e+03 K    Pressure = 1 atm

From\To         W1        W2        P1        P2
W1        3.69e+09  1.39e+07  3.58e+09  9.95e+07
W2         1.1e+04  6.03e+09       320  6.03e+09
P1        1.06e-10  1.28e-14  1.13e-10  7.56e-12
P2        1.31e-15     1e-10  3.39e-15     1e-10

Temperature = 1.1e+03 K    Pressure = 10 atm

From\To         W1        W2        P1        P2
W1        5.55e+09  5.03e+07  5.36e+09  1.39e+08
W2        3.98e+04  8.92e+09  5.05e+03  8.92e+09
P1        1.58e-10  1.89e-13  1.63e-10  5.24e-12
P2        1.84e-15  1.49e-10  2.35e-15  1.49e-10

Temperature = 1.1e+03 K    Pressure = 100 atm

From\To         W1        W2        P1        P2
W1        8.04e+09  1.89e+08  7.73e+09  1.24e+08
W2         1.5e+05  1.28e+10  2.31e+04  1.28e+10
P1        2.28e-10  8.62e-13   2.3e-10  1.12e-12
P2        1.64e-15  2.14e-10  4.99e-16  2.14e-10

Temperature = 1.2e+03 K

High Pressure Rate Coefficients:

From\To         W1        W2        P1        P2
W1             ***  4.22e+08  8.56e+09       ***
W2        5.27e+05       ***       ***  1.42e+10
P1        2.78e-10       ***       ***       ***
P2             ***  2.71e-10       ***       ***

Temperature = 1.2e+03 K    Pressure = 0.1 atm

From\To         W1        W2        P1        P2
W1        2.18e+09  4.31e+06  2.11e+09  6.75e+07
W2        5.35e+03  3.38e+09      59.3  3.38e+09
P1        6.81e-11   3.6e-15  7.92e-11  1.04e-11
P2         1.6e-15  6.42e-11  7.63e-15  6.48e-11

Temperature = 1.2e+03 K    Pressure = 1 atm

From\To         W1        W2        P1        P2
W1        3.46e+09  2.01e+07  3.34e+09  1.04e+08
W2         2.5e+04  5.42e+09       767  5.42e+09
P1        1.08e-10  2.11e-14  1.17e-10  8.79e-12
P2        2.47e-15  1.03e-10  6.46e-15  1.03e-10

Temperature = 1.2e+03 K    Pressure = 10 atm

From\To         W1        W2        P1        P2
W1        5.16e+09  6.33e+07  4.95e+09  1.42e+08
W2        7.91e+04  7.95e+09  1.02e+04  7.95e+09
P1        1.61e-10  2.66e-13  1.67e-10  6.04e-12
P2        3.38e-15  1.52e-10  4.43e-15  1.52e-10

Temperature = 1.2e+03 K    Pressure = 100 atm

From\To         W1        W2        P1        P2
W1        7.44e+09  2.13e+08   7.1e+09  1.24e+08
W2        2.66e+05  1.14e+10  4.06e+04  1.14e+10
P1        2.31e-10  1.06e-12  2.33e-10  1.23e-12
P2        2.95e-15  2.17e-10  9.05e-16  2.17e-10

Temperature = 1.3e+03 K

High Pressure Rate Coefficients:

From\To         W1        W2        P1        P2
W1             ***   4.5e+08  7.88e+09       ***
W2        8.26e+05       ***       ***  1.26e+10
P1        2.81e-10       ***       ***       ***
P2             ***  2.75e-10       ***       ***

Temperature = 1.3e+03 K    Pressure = 0.1 atm

From\To         W1        W2        P1        P2
W1        2.03e+09  6.97e+06  1.96e+09  7.04e+07
W2        1.27e+04  3.07e+09       187  3.07e+09
P1        6.97e-11  6.74e-15  8.24e-11   1.2e-11
P2        2.81e-15  6.65e-11  1.35e-14  6.71e-11

Temperature = 1.3e+03 K    Pressure = 1 atm

From\To         W1        W2        P1        P2
W1        3.21e+09  2.72e+07  3.08e+09  1.05e+08
W2        4.98e+04  4.86e+09  1.69e+03  4.86e+09
P1         1.1e-10  3.44e-14   1.2e-10  1.02e-11
P2        4.22e-15  1.06e-10  1.14e-14  1.06e-10

Temperature = 1.3e+03 K    Pressure = 10 atm

From\To         W1        W2        P1        P2
W1        4.77e+09  7.68e+07  4.55e+09  1.42e+08
W2        1.41e+05   7.1e+09  1.91e+04   7.1e+09
P1        1.63e-10  3.73e-13   1.7e-10  6.93e-12
P2         5.7e-15  1.55e-10  7.77e-15  1.55e-10

Temperature = 1.3e+03 K    Pressure = 100 atm

From\To         W1        W2        P1        P2
W1        6.88e+09  2.37e+08  6.52e+09  1.22e+08
W2        4.35e+05  1.01e+10  6.61e+04  1.01e+10
P1        2.33e-10  1.29e-12  2.36e-10  1.36e-12
P2        4.89e-15   2.2e-10  1.52e-15   2.2e-10

Temperature = 1.4e+03 K

High Pressure Rate Coefficients:

From\To         W1        W2        P1        P2
W1             ***  4.76e+08  7.24e+09       ***
W2        1.22e+06       ***       ***  1.12e+10
P1        2.85e-10       ***       ***       ***
P2             ***  2.79e-10       ***       ***

Temperature = 1.4e+03 K    Pressure = 0.1 atm

From\To         W1        W2        P1        P2
W1        1.94e+09   1.1e+07  1.85e+09   7.4e+07
W2         2.8e+04  2.85e+09       558  2.85e+09
P1        7.25e-11  1.32e-14  8.69e-11  1.37e-11
P2         4.7e-15  7.05e-11  2.22e-14  7.11e-11

Temperature = 1.4e+03 K    Pressure = 1 atm

From\To         W1        W2        P1        P2
W1        3.03e+09  3.69e+07  2.88e+09  1.07e+08
W2        9.42e+04  4.46e+09  3.58e+03  4.46e+09
P1        1.13e-10   5.7e-14  1.25e-10  1.15e-11
P2        6.81e-15  1.11e-10  1.86e-14  1.11e-10

Temperature = 1.4e+03 K    Pressure = 10 atm

From\To         W1        W2        P1        P2
W1        4.46e+09  9.42e+07  4.22e+09  1.41e+08
W2        2.41e+05  6.43e+09  3.35e+04  6.43e+09
P1        1.66e-10  5.18e-13  1.74e-10   7.7e-12
P2        8.98e-15   1.6e-10  1.24e-14   1.6e-10

Temperature = 1.4e+03 K    Pressure = 100 atm

From\To         W1        W2        P1        P2
W1        6.37e+09  2.64e+08  5.98e+09  1.17e+08
W2        6.76e+05  9.01e+09  9.88e+04  9.01e+09
P1        2.36e-10  1.52e-12  2.38e-10  1.41e-12
P2        7.44e-15  2.24e-10  2.28e-15  2.24e-10

Temperature = 1.5e+03 K

High Pressure Rate Coefficients:

From\To         W1        W2        P1        P2
W1             ***  5.01e+08  6.66e+09       ***
W2        1.71e+06       ***       ***  9.97e+09
P1        2.88e-10       ***       ***       ***
P2             ***  2.82e-10       ***       ***

Temperature = 1.5e+03 K    Pressure = 0.1 atm

From\To         W1        W2        P1        P2
W1        1.83e+09  1.44e+07  1.73e+09  7.73e+07
W2        4.89e+04  2.58e+09  1.14e+03  2.58e+09
P1        7.48e-11  2.06e-14  9.11e-11  1.55e-11
P2        7.44e-15  7.25e-11  3.45e-14  7.32e-11

Temperature = 1.5e+03 K    Pressure = 1 atm

From\To         W1        W2        P1        P2
W1        2.84e+09  4.45e+07  2.68e+09   1.1e+08
W2        1.51e+05  4.01e+09  6.18e+03  4.01e+09
P1        1.16e-10  8.08e-14  1.29e-10   1.3e-11
P2        1.06e-14  1.13e-10  2.89e-14  1.13e-10

Temperature = 1.5e+03 K    Pressure = 10 atm

From\To         W1        W2        P1        P2
W1        4.15e+09  1.08e+08   3.9e+09  1.43e+08
W2        3.67e+05  5.76e+09  5.23e+04  5.76e+09
P1        1.69e-10  6.66e-13  1.78e-10  8.55e-12
P2        1.37e-14  1.63e-10   1.9e-14  1.63e-10

Temperature = 1.5e+03 K    Pressure = 100 atm

From\To         W1        W2        P1        P2
W1         5.9e+09  2.87e+08   5.5e+09  1.15e+08
W2        9.78e+05  8.05e+09  1.38e+05  8.05e+09
P1        2.38e-10  1.76e-12  2.41e-10  1.48e-12
P2        1.11e-14  2.27e-10   3.3e-15  2.27e-10

Temperature = 1.6e+03 K

High Pressure Rate Coefficients:

From\To         W1        W2        P1        P2
W1             ***  5.23e+08  6.13e+09       ***
W2        2.29e+06       ***       ***   8.9e+09
P1        2.91e-10       ***       ***       ***
P2             ***  2.85e-10       ***       ***

Temperature = 1.6e+03 K    Pressure = 0.1 atm

From\To         W1        W2        P1        P2
W1        1.71e+09  1.82e+07  1.62e+09  7.95e+07
W2        7.95e+04  2.34e+09  2.18e+03  2.34e+09
P1        7.66e-11  3.13e-14  9.49e-11  1.75e-11
P2        1.11e-14  7.45e-11  5.15e-14  7.51e-11

Temperature = 1.6e+03 K    Pressure = 1 atm

From\To         W1        W2        P1        P2
W1        2.65e+09  5.23e+07  2.49e+09  1.11e+08
W2        2.29e+05  3.61e+09  1.01e+04  3.61e+09
P1        1.18e-10  1.13e-13  1.33e-10  1.46e-11
P2        1.55e-14  1.15e-10   4.3e-14  1.15e-10

Temperature = 1.6e+03 K    Pressure = 10 atm

From\To         W1        W2        P1        P2
W1        3.87e+09  1.21e+08  3.61e+09  1.43e+08
W2        5.29e+05  5.18e+09   7.8e+04  5.18e+09
P1        1.71e-10  8.49e-13  1.82e-10  9.45e-12
P2           2e-14  1.66e-10  2.79e-14  1.66e-10

Temperature = 1.6e+03 K    Pressure = 100 atm

From\To         W1        W2        P1        P2
W1        5.48e+09  3.09e+08  5.05e+09  1.12e+08
W2        1.35e+06  7.21e+09  1.86e+05   7.2e+09
P1         2.4e-10  2.02e-12  2.44e-10  1.56e-12
P2        1.57e-14  2.31e-10  4.59e-15  2.31e-10

Temperature = 1.7e+03 K

High Pressure Rate Coefficients:

From\To         W1        W2        P1        P2
W1             ***  5.43e+08  5.64e+09       ***
W2        2.98e+06       ***       ***  7.96e+09
P1        2.94e-10       ***       ***       ***
P2             ***  2.88e-10       ***       ***

Temperature = 1.7e+03 K    Pressure = 0.1 atm

From\To         W1        W2        P1        P2
W1        1.63e+09  2.34e+07  1.53e+09  8.06e+07
W2        1.28e+05  2.16e+09  4.13e+03  2.16e+09
P1        7.94e-11  4.72e-14  9.97e-11  1.95e-11
P2        1.59e-14  7.77e-11  7.41e-14  7.84e-11

Temperature = 1.7e+03 K    Pressure = 1 atm

From\To         W1        W2        P1        P2
W1         2.5e+09  6.15e+07  2.33e+09  1.11e+08
W2        3.37e+05   3.3e+09   1.6e+04   3.3e+09
P1        1.21e-10  1.55e-13  1.38e-10  1.62e-11
P2        2.19e-14  1.19e-10  6.16e-14  1.19e-10

Temperature = 1.7e+03 K    Pressure = 10 atm

From\To         W1        W2        P1        P2
W1        3.63e+09  1.35e+08  3.36e+09  1.42e+08
W2        7.38e+05  4.71e+09  1.12e+05  4.71e+09
P1        1.75e-10  1.07e-12  1.86e-10  1.04e-11
P2        2.81e-14   1.7e-10  3.95e-14   1.7e-10

Temperature = 1.7e+03 K    Pressure = 100 atm

From\To         W1        W2        P1        P2
W1        5.12e+09   3.3e+08  4.68e+09  1.09e+08
W2        1.81e+06  6.52e+09  2.43e+05  6.51e+09
P1        2.44e-10  2.31e-12  2.48e-10  1.63e-12
P2        2.16e-14  2.35e-10  6.17e-15  2.35e-10

Temperature = 1.8e+03 K

High Pressure Rate Coefficients:

From\To         W1        W2        P1        P2
W1             ***  5.62e+08  5.21e+09       ***
W2        3.76e+06       ***       ***  7.15e+09
P1        2.97e-10       ***       ***       ***
P2             ***   2.9e-10       ***       ***

Temperature = 1.8e+03 K    Pressure = 0.1 atm

From\To         W1        W2        P1        P2
W1         1.5e+09  2.66e+07  1.39e+09  8.05e+07
W2        1.77e+05  1.93e+09  6.58e+03  1.93e+09
P1        7.92e-11  6.71e-14  1.02e-10  2.17e-11
P2        2.19e-14  7.81e-11  1.03e-13  7.89e-11

Temperature = 1.8e+03 K    Pressure = 1 atm

From\To         W1        W2        P1        P2
W1         2.3e+09  6.79e+07  2.13e+09  1.09e+08
W2        4.54e+05  2.95e+09   2.4e+04  2.95e+09
P1        1.21e-10  2.08e-13  1.39e-10   1.8e-11
P2        2.97e-14   1.2e-10  8.58e-14   1.2e-10

Temperature = 1.8e+03 K    Pressure = 10 atm

From\To         W1        W2        P1        P2
W1        3.36e+09  1.45e+08  3.07e+09   1.4e+08
W2        9.71e+05  4.22e+09  1.56e+05  4.22e+09
P1        1.75e-10  1.33e-12  1.88e-10  1.14e-11
P2        3.81e-14  1.71e-10  5.41e-14  1.71e-10

Temperature = 1.8e+03 K    Pressure = 100 atm

From\To         W1        W2        P1        P2
W1        4.75e+09  3.48e+08  4.29e+09  1.06e+08
W2        2.32e+06  5.83e+09  3.08e+05  5.83e+09
P1        2.45e-10  2.63e-12  2.49e-10   1.7e-12
P2        2.87e-14  2.37e-10  8.06e-15  2.37e-10

Temperature = 1.9e+03 K

High Pressure Rate Coefficients:

From\To         W1        W2        P1        P2
W1             ***  5.79e+08  4.81e+09       ***
W2        4.63e+06       ***       ***  6.44e+09
P1           3e-10       ***       ***       ***
P2             ***  2.93e-10       ***       ***

Temperature = 1.9e+03 K    Pressure = 0.1 atm

From\To         W1        W2        P1        P2
W1         1.4e+09  3.11e+07  1.29e+09  7.97e+07
W2        2.48e+05  1.76e+09  1.06e+04  1.76e+09
P1        8.01e-11  9.55e-14  1.05e-10   2.4e-11
P2         2.9e-14  7.98e-11   1.4e-13  8.06e-11

Temperature = 1.9e+03 K    Pressure = 1 atm

From\To         W1        W2        P1        P2
W1        2.15e+09  7.56e+07  1.96e+09  1.07e+08
W2        6.03e+05  2.68e+09   3.5e+04  2.68e+09
P1        1.22e-10  2.77e-13  1.43e-10  1.99e-11
P2        3.89e-14  1.22e-10  1.16e-13  1.22e-10

Temperature = 1.9e+03 K    Pressure = 10 atm

From\To         W1        W2        P1        P2
W1        3.14e+09  1.57e+08  2.84e+09  1.38e+08
W2        1.25e+06  3.83e+09   2.1e+05  3.83e+09
P1        1.77e-10  1.64e-12  1.91e-10  1.24e-11
P2        5.01e-14  1.74e-10  7.24e-14  1.74e-10

Temperature = 1.9e+03 K    Pressure = 100 atm

From\To         W1        W2        P1        P2
W1        4.44e+09  3.66e+08  3.97e+09  1.02e+08
W2        2.92e+06  5.27e+09  3.81e+05  5.27e+09
P1        2.47e-10  2.98e-12  2.52e-10  1.76e-12
P2        3.72e-14   2.4e-10  1.03e-14   2.4e-10

Temperature = 2e+03 K

High Pressure Rate Coefficients:

From\To         W1        W2        P1        P2
W1             ***  5.95e+08  4.45e+09       ***
W2        5.58e+06       ***       ***  5.82e+09
P1        3.02e-10       ***       ***       ***
P2             ***  2.96e-10       ***       ***

Temperature = 2e+03 K    Pressure = 0.1 atm

From\To         W1        W2        P1        P2
W1        1.34e+09  3.73e+07  1.22e+09  8.03e+07
W2        3.49e+05  1.64e+09  1.71e+04  1.64e+09
P1        8.27e-11  1.39e-13   1.1e-10  2.61e-11
P2        3.83e-14  8.32e-11  1.83e-13  8.41e-11

Temperature = 2e+03 K    Pressure = 1 atm

From\To         W1        W2        P1        P2
W1        2.04e+09  8.65e+07  1.85e+09  1.06e+08
W2        8.11e+05  2.48e+09  5.09e+04  2.48e+09
P1        1.25e-10  3.73e-13  1.47e-10  2.15e-11
P2        5.05e-14  1.26e-10  1.51e-13  1.26e-10

Temperature = 2e+03 K    Pressure = 10 atm

From\To         W1        W2        P1        P2
W1        2.96e+09  1.73e+08  2.65e+09  1.35e+08
W2        1.62e+06  3.51e+09  2.77e+05  3.51e+09
P1         1.8e-10  2.01e-12  1.95e-10  1.31e-11
P2        6.42e-14  1.78e-10  9.16e-14  1.79e-10

Temperature = 2e+03 K    Pressure = 100 atm

From\To         W1        W2        P1        P2
W1        4.16e+09  3.87e+08  3.68e+09  9.61e+07
W2        3.63e+06  4.78e+09  4.49e+05  4.77e+09
P1        2.49e-10  3.25e-12  2.54e-10  1.73e-12
P2        4.58e-14  2.43e-10  1.21e-14  2.43e-10

______________________________________________________________________________________

High Pressure Rate Coefficients (Temperature-Species Rate Tables):

Reactant = W1
   T(K)        W1        W2        P1        P2
    500       ***  1.63e+08     1e+10       ***
    600       ***  2.06e+08  1.12e+10       ***
    700       ***  2.47e+08  1.15e+10       ***
    800       ***  2.86e+08  1.12e+10       ***
    900       ***  3.23e+08  1.07e+10       ***
  1e+03       ***  3.58e+08     1e+10       ***
1.1e+03       ***  3.91e+08  9.28e+09       ***
1.2e+03       ***  4.22e+08  8.56e+09       ***
1.3e+03       ***   4.5e+08  7.88e+09       ***
1.4e+03       ***  4.76e+08  7.24e+09       ***
1.5e+03       ***  5.01e+08  6.66e+09       ***
1.6e+03       ***  5.23e+08  6.13e+09       ***
1.7e+03       ***  5.43e+08  5.64e+09       ***
1.8e+03       ***  5.62e+08  5.21e+09       ***
1.9e+03       ***  5.79e+08  4.81e+09       ***
  2e+03       ***  5.95e+08  4.45e+09       ***

Reactant = W2
   T(K)        W1        W2        P1        P2
    500       184       ***       ***  2.45e+10
    600  1.73e+03       ***       ***  2.54e+10
    700  8.69e+03       ***       ***  2.44e+10
    800  2.94e+04       ***       ***  2.25e+10
    900  7.64e+04       ***       ***  2.03e+10
  1e+03  1.65e+05       ***       ***  1.81e+10
1.1e+03   3.1e+05       ***       ***  1.61e+10
1.2e+03  5.27e+05       ***       ***  1.42e+10
1.3e+03  8.26e+05       ***       ***  1.26e+10
1.4e+03  1.22e+06       ***       ***  1.12e+10
1.5e+03  1.71e+06       ***       ***  9.97e+09
1.6e+03  2.29e+06       ***       ***   8.9e+09
1.7e+03  2.98e+06       ***       ***  7.96e+09
1.8e+03  3.76e+06       ***       ***  7.15e+09
1.9e+03  4.63e+06       ***       ***  6.44e+09
  2e+03  5.58e+06       ***       ***  5.82e+09

Reactant = P1
   T(K)        W1        W2        P1        P2
    500   2.4e-10       ***       ***       ***
    600  2.47e-10       ***       ***       ***
    700  2.54e-10       ***       ***       ***
    800   2.6e-10       ***       ***       ***
    900  2.65e-10       ***       ***       ***
  1e+03  2.69e-10       ***       ***       ***
1.1e+03  2.74e-10       ***       ***       ***
1.2e+03  2.78e-10       ***       ***       ***
1.3e+03  2.81e-10       ***       ***       ***
1.4e+03  2.85e-10       ***       ***       ***
1.5e+03  2.88e-10       ***       ***       ***
1.6e+03  2.91e-10       ***       ***       ***
1.7e+03  2.94e-10       ***       ***       ***
1.8e+03  2.97e-10       ***       ***       ***
1.9e+03     3e-10       ***       ***       ***
  2e+03  3.02e-10       ***       ***       ***

Reactant = P2
   T(K)        W1        W2        P1        P2
    500       ***  2.35e-10       ***       ***
    600       ***  2.42e-10       ***       ***
    700       ***  2.48e-10       ***       ***
    800       ***  2.54e-10       ***       ***
    900       ***  2.59e-10       ***       ***
  1e+03       ***  2.63e-10       ***       ***
1.1e+03       ***  2.68e-10       ***       ***
1.2e+03       ***  2.71e-10       ***       ***
1.3e+03       ***  2.75e-10       ***       ***
1.4e+03       ***  2.79e-10       ***       ***
1.5e+03       ***  2.82e-10       ***       ***
1.6e+03       ***  2.85e-10       ***       ***
1.7e+03       ***  2.88e-10       ***       ***
1.8e+03       ***   2.9e-10       ***       ***
1.9e+03       ***  2.93e-10       ***       ***
  2e+03       ***  2.96e-10       ***       ***

Capture/Escape Rate Coefficients:

   T(K)        W1        W2        P1        P2
    500  1.02e+10  2.45e+10   2.4e-10  2.35e-10
    600  1.14e+10  2.54e+10  2.47e-10  2.42e-10
    700  1.17e+10  2.44e+10  2.54e-10  2.48e-10
    800  1.15e+10  2.25e+10   2.6e-10  2.54e-10
    900   1.1e+10  2.03e+10  2.65e-10  2.59e-10
  1e+03  1.04e+10  1.81e+10  2.69e-10  2.63e-10
1.1e+03  9.67e+09  1.61e+10  2.74e-10  2.68e-10
1.2e+03  8.98e+09  1.42e+10  2.78e-10  2.71e-10
1.3e+03  8.33e+09  1.26e+10  2.81e-10  2.75e-10
1.4e+03  7.72e+09  1.12e+10  2.85e-10  2.79e-10
1.5e+03  7.16e+09  9.97e+09  2.88e-10  2.82e-10
1.6e+03  6.65e+09   8.9e+09  2.91e-10  2.85e-10
1.7e+03  6.19e+09  7.97e+09  2.94e-10  2.88e-10
1.8e+03  5.77e+09  7.15e+09  2.97e-10   2.9e-10
1.9e+03  5.39e+09  6.44e+09     3e-10  2.93e-10
  2e+03  5.05e+09  5.82e+09  3.02e-10  2.96e-10

______________________________________________________________________________________

Pressure-Species Rate Tables:

Reactant = W1   Temperature = 500 K

   P(atm)        W2        P1        P2      Loss
      0.1  1.14e+03  1.51e+09  2.43e+07  1.54e+09
        1  2.81e+04  3.09e+09  4.73e+07  3.13e+09
       10  2.03e+06  5.66e+09  8.56e+07  5.75e+09
      100  5.52e+07  8.79e+09   8.6e+07  8.93e+09
      O-O  1.63e+08     1e+10       ***  1.02e+10

Reactant = W1   Temperature = 600 K

   P(atm)        W2        P1        P2      Loss
      0.1  3.95e+03  2.07e+09  3.08e+07   2.1e+09
        1  1.21e+05   3.8e+09  5.82e+07  3.86e+09
       10  4.48e+06  6.41e+09     1e+08  6.51e+09
      100  7.21e+07  9.73e+09     1e+08   9.9e+09
      O-O  2.06e+08  1.12e+10       ***  1.14e+10

Reactant = W1   Temperature = 700 K

   P(atm)        W2        P1        P2      Loss
      0.1  1.45e+04  2.31e+09  3.67e+07  2.34e+09
        1  4.19e+05  4.04e+09  6.78e+07  4.11e+09
       10  8.37e+06  6.54e+09  1.12e+08  6.66e+09
      100  9.01e+07  9.84e+09  1.12e+08     1e+10
      O-O  2.47e+08  1.15e+10       ***  1.17e+10

Reactant = W1   Temperature = 800 K

   P(atm)        W2        P1        P2      Loss
      0.1  9.27e+04  2.45e+09  4.43e+07   2.5e+09
        1   1.7e+06  4.14e+09   7.9e+07  4.22e+09
       10  1.62e+07  6.46e+09  1.23e+08   6.6e+09
      100  1.15e+08  9.54e+09  1.18e+08  9.78e+09
      O-O  2.86e+08  1.12e+10       ***  1.15e+10

Reactant = W1   Temperature = 900 K

   P(atm)        W2        P1        P2      Loss
      0.1     3e+05  2.49e+09  5.25e+07  2.54e+09
        1  3.85e+06  4.08e+09     9e+07  4.18e+09
       10  2.49e+07  6.22e+09  1.34e+08  6.38e+09
      100  1.38e+08  9.03e+09  1.24e+08  9.29e+09
      O-O  3.23e+08  1.07e+10       ***   1.1e+10

Reactant = W1   Temperature = 1e+03 K

   P(atm)        W2        P1        P2      Loss
      0.1  1.05e+06   2.4e+09  5.86e+07  2.46e+09
        1   8.4e+06  3.87e+09  9.63e+07  3.97e+09
       10  3.78e+07  5.82e+09  1.38e+08  5.99e+09
      100  1.64e+08  8.39e+09  1.24e+08  8.68e+09
      O-O  3.58e+08     1e+10       ***  1.04e+10

Reactant = W1   Temperature = 1.1e+03 K

   P(atm)        W2        P1        P2      Loss
      0.1  2.42e+06  2.23e+09  6.26e+07   2.3e+09
        1  1.39e+07  3.58e+09  9.95e+07  3.69e+09
       10  5.03e+07  5.36e+09  1.39e+08  5.55e+09
      100  1.89e+08  7.73e+09  1.24e+08  8.04e+09
      O-O  3.91e+08  9.28e+09       ***  9.67e+09

Reactant = W1   Temperature = 1.2e+03 K

   P(atm)        W2        P1        P2      Loss
      0.1  4.31e+06  2.11e+09  6.75e+07  2.18e+09
        1  2.01e+07  3.34e+09  1.04e+08  3.46e+09
       10  6.33e+07  4.95e+09  1.42e+08  5.16e+09
      100  2.13e+08   7.1e+09  1.24e+08  7.44e+09
      O-O  4.22e+08  8.56e+09       ***  8.98e+09

Reactant = W1   Temperature = 1.3e+03 K

   P(atm)        W2        P1        P2      Loss
      0.1  6.97e+06  1.96e+09  7.04e+07  2.03e+09
        1  2.72e+07  3.08e+09  1.05e+08  3.21e+09
       10  7.68e+07  4.55e+09  1.42e+08  4.77e+09
      100  2.37e+08  6.52e+09  1.22e+08  6.88e+09
      O-O   4.5e+08  7.88e+09       ***  8.33e+09

Reactant = W1   Temperature = 1.4e+03 K

   P(atm)        W2        P1        P2      Loss
      0.1   1.1e+07  1.85e+09   7.4e+07  1.94e+09
        1  3.69e+07  2.88e+09  1.07e+08  3.03e+09
       10  9.42e+07  4.22e+09  1.41e+08  4.46e+09
      100  2.64e+08  5.98e+09  1.17e+08  6.37e+09
      O-O  4.76e+08  7.24e+09       ***  7.72e+09

Reactant = W1   Temperature = 1.5e+03 K

   P(atm)        W2        P1        P2      Loss
      0.1  1.44e+07  1.73e+09  7.73e+07  1.83e+09
        1  4.45e+07  2.68e+09   1.1e+08  2.84e+09
       10  1.08e+08   3.9e+09  1.43e+08  4.15e+09
      100  2.87e+08   5.5e+09  1.15e+08   5.9e+09
      O-O  5.01e+08  6.66e+09       ***  7.16e+09

Reactant = W1   Temperature = 1.6e+03 K

   P(atm)        W2        P1        P2      Loss
      0.1  1.82e+07  1.62e+09  7.95e+07  1.71e+09
        1  5.23e+07  2.49e+09  1.11e+08  2.65e+09
       10  1.21e+08  3.61e+09  1.43e+08  3.87e+09
      100  3.09e+08  5.05e+09  1.12e+08  5.48e+09
      O-O  5.23e+08  6.13e+09       ***  6.65e+09

Reactant = W1   Temperature = 1.7e+03 K

   P(atm)        W2        P1        P2      Loss
      0.1  2.34e+07  1.53e+09  8.06e+07  1.63e+09
        1  6.15e+07  2.33e+09  1.11e+08   2.5e+09
       10  1.35e+08  3.36e+09  1.42e+08  3.63e+09
      100   3.3e+08  4.68e+09  1.09e+08  5.12e+09
      O-O  5.43e+08  5.64e+09       ***  6.19e+09

Reactant = W1   Temperature = 1.8e+03 K

   P(atm)        W2        P1        P2      Loss
      0.1  2.66e+07  1.39e+09  8.05e+07   1.5e+09
        1  6.79e+07  2.13e+09  1.09e+08   2.3e+09
       10  1.45e+08  3.07e+09   1.4e+08  3.36e+09
      100  3.48e+08  4.29e+09  1.06e+08  4.75e+09
      O-O  5.62e+08  5.21e+09       ***  5.77e+09

Reactant = W1   Temperature = 1.9e+03 K

   P(atm)        W2        P1        P2      Loss
      0.1  3.11e+07  1.29e+09  7.97e+07   1.4e+09
        1  7.56e+07  1.96e+09  1.07e+08  2.15e+09
       10  1.57e+08  2.84e+09  1.38e+08  3.14e+09
      100  3.66e+08  3.97e+09  1.02e+08  4.44e+09
      O-O  5.79e+08  4.81e+09       ***  5.39e+09

Reactant = W1   Temperature = 2e+03 K

   P(atm)        W2        P1        P2      Loss
      0.1  3.73e+07  1.22e+09  8.03e+07  1.34e+09
        1  8.65e+07  1.85e+09  1.06e+08  2.04e+09
       10  1.73e+08  2.65e+09  1.35e+08  2.96e+09
      100  3.87e+08  3.68e+09  9.61e+07  4.16e+09
      O-O  5.95e+08  4.45e+09       ***  5.05e+09

Reactant = W2   Temperature = 500 K

   P(atm)        W1        P1        P2      Loss
      0.1  0.000518  0.000146  3.03e+09  3.03e+09
        1    0.0282   0.00422  6.43e+09  6.43e+09
       10      2.27     0.466  1.17e+10  1.17e+10
      100        62      7.58  1.95e+10  1.95e+10
      O-O       184       ***  2.45e+10  2.45e+10

Reactant = W2   Temperature = 600 K

   P(atm)        W1        P1        P2      Loss
      0.1    0.0217   0.00478  4.19e+09  4.19e+09
        1     0.975     0.114  7.88e+09  7.88e+09
       10      37.6      6.76  1.31e+10  1.31e+10
      100       607        85  2.04e+10  2.04e+10
      O-O  1.73e+03       ***  2.54e+10  2.54e+10

Reactant = W2   Temperature = 700 K

   P(atm)        W1        P1        P2      Loss
      0.1     0.443    0.0534   4.4e+09   4.4e+09
        1      14.5      1.16  7.89e+09  7.89e+09
       10       294      47.5  1.26e+10  1.26e+10
      100  3.18e+03       487  1.94e+10  1.94e+10
      O-O  8.69e+03       ***  2.44e+10  2.44e+10

Reactant = W2   Temperature = 800 K

   P(atm)        W1        P1        P2      Loss
      0.1      9.13      0.35   4.6e+09   4.6e+09
        1       174      7.67  7.88e+09  7.88e+09
       10  1.67e+03       231  1.21e+10  1.21e+10
      100  1.18e+04  1.82e+03   1.8e+10   1.8e+10
      O-O  2.94e+04       ***  2.25e+10  2.25e+10

Reactant = W2   Temperature = 900 K

   P(atm)        W1        P1        P2      Loss
      0.1      69.3      1.24  4.29e+09  4.29e+09
        1       907      29.4   7.2e+09   7.2e+09
       10  5.88e+03       735   1.1e+10   1.1e+10
      100  3.25e+04  4.92e+03  1.61e+10  1.61e+10
      O-O  7.64e+04       ***  2.03e+10  2.03e+10

Reactant = W2   Temperature = 1e+03 K

   P(atm)        W1        P1        P2      Loss
      0.1       475      4.56  4.09e+09  4.09e+09
        1  3.85e+03       109   6.7e+09   6.7e+09
       10  1.74e+04  2.13e+03  9.99e+09  9.99e+09
      100  7.56e+04  1.15e+04  1.44e+10  1.44e+10
      O-O  1.65e+05       ***  1.81e+10  1.81e+10

Reactant = W2   Temperature = 1.1e+03 K

   P(atm)        W1        P1        P2      Loss
      0.1   1.9e+03      17.8  3.73e+09  3.73e+09
        1   1.1e+04       320  6.03e+09  6.03e+09
       10  3.98e+04  5.05e+03  8.92e+09  8.92e+09
      100   1.5e+05  2.31e+04  1.28e+10  1.28e+10
      O-O   3.1e+05       ***  1.61e+10  1.61e+10

Reactant = W2   Temperature = 1.2e+03 K

   P(atm)        W1        P1        P2      Loss
      0.1  5.35e+03      59.3  3.38e+09  3.38e+09
        1   2.5e+04       767  5.42e+09  5.42e+09
       10  7.91e+04  1.02e+04  7.95e+09  7.95e+09
      100  2.66e+05  4.06e+04  1.14e+10  1.14e+10
      O-O  5.27e+05       ***  1.42e+10  1.42e+10

Reactant = W2   Temperature = 1.3e+03 K

   P(atm)        W1        P1        P2      Loss
      0.1  1.27e+04       187  3.07e+09  3.07e+09
        1  4.98e+04  1.69e+03  4.86e+09  4.86e+09
       10  1.41e+05  1.91e+04   7.1e+09   7.1e+09
      100  4.35e+05  6.61e+04  1.01e+10  1.01e+10
      O-O  8.26e+05       ***  1.26e+10  1.26e+10

Reactant = W2   Temperature = 1.4e+03 K

   P(atm)        W1        P1        P2      Loss
      0.1   2.8e+04       558  2.85e+09  2.85e+09
        1  9.42e+04  3.58e+03  4.46e+09  4.46e+09
       10  2.41e+05  3.35e+04  6.43e+09  6.43e+09
      100  6.76e+05  9.88e+04  9.01e+09  9.01e+09
      O-O  1.22e+06       ***  1.12e+10  1.12e+10

Reactant = W2   Temperature = 1.5e+03 K

   P(atm)        W1        P1        P2      Loss
      0.1  4.89e+04  1.14e+03  2.58e+09  2.58e+09
        1  1.51e+05  6.18e+03  4.01e+09  4.01e+09
       10  3.67e+05  5.23e+04  5.76e+09  5.76e+09
      100  9.78e+05  1.38e+05  8.05e+09  8.05e+09
      O-O  1.71e+06       ***  9.97e+09  9.97e+09

Reactant = W2   Temperature = 1.6e+03 K

   P(atm)        W1        P1        P2      Loss
      0.1  7.95e+04  2.18e+03  2.34e+09  2.34e+09
        1  2.29e+05  1.01e+04  3.61e+09  3.61e+09
       10  5.29e+05   7.8e+04  5.18e+09  5.18e+09
      100  1.35e+06  1.86e+05   7.2e+09  7.21e+09
      O-O  2.29e+06       ***   8.9e+09   8.9e+09

Reactant = W2   Temperature = 1.7e+03 K

   P(atm)        W1        P1        P2      Loss
      0.1  1.28e+05  4.13e+03  2.16e+09  2.16e+09
        1  3.37e+05   1.6e+04   3.3e+09   3.3e+09
       10  7.38e+05  1.12e+05  4.71e+09  4.71e+09
      100  1.81e+06  2.43e+05  6.51e+09  6.52e+09
      O-O  2.98e+06       ***  7.96e+09  7.97e+09

Reactant = W2   Temperature = 1.8e+03 K

   P(atm)        W1        P1        P2      Loss
      0.1  1.77e+05  6.58e+03  1.93e+09  1.93e+09
        1  4.54e+05   2.4e+04  2.95e+09  2.95e+09
       10  9.71e+05  1.56e+05  4.22e+09  4.22e+09
      100  2.32e+06  3.08e+05  5.83e+09  5.83e+09
      O-O  3.76e+06       ***  7.15e+09  7.15e+09

Reactant = W2   Temperature = 1.9e+03 K

   P(atm)        W1        P1        P2      Loss
      0.1  2.48e+05  1.06e+04  1.76e+09  1.76e+09
        1  6.03e+05   3.5e+04  2.68e+09  2.68e+09
       10  1.25e+06   2.1e+05  3.83e+09  3.83e+09
      100  2.92e+06  3.81e+05  5.27e+09  5.27e+09
      O-O  4.63e+06       ***  6.44e+09  6.44e+09

Reactant = W2   Temperature = 2e+03 K

   P(atm)        W1        P1        P2      Loss
      0.1  3.49e+05  1.71e+04  1.64e+09  1.64e+09
        1  8.11e+05  5.09e+04  2.48e+09  2.48e+09
       10  1.62e+06  2.77e+05  3.51e+09  3.51e+09
      100  3.63e+06  4.49e+05  4.77e+09  4.78e+09
      O-O  5.58e+06       ***  5.82e+09  5.82e+09

Reactant = P1   Temperature = 500 K

   P(atm)        W1        W2        P2      Loss
      0.1  3.62e-11  1.96e-17  3.25e-12  4.03e-11
        1  7.39e-11  1.57e-16  2.73e-12  7.67e-11
       10  1.36e-10  1.02e-14  1.76e-12  1.37e-10
      100  2.11e-10  1.62e-13  3.51e-13  2.11e-10
      O-O   2.4e-10       ***       ***   2.4e-10

Reactant = P1   Temperature = 600 K

   P(atm)        W1        W2        P2      Loss
      0.1  4.55e-11  4.19e-17  3.74e-12     5e-11
        1  8.39e-11  4.04e-16  3.16e-12   8.7e-11
       10  1.41e-10   1.8e-14  2.14e-12  1.43e-10
      100  2.15e-10  2.23e-13  4.68e-13  2.15e-10
      O-O  2.47e-10       ***       ***  2.47e-10

Reactant = P1   Temperature = 700 K

   P(atm)        W1        W2        P2      Loss
      0.1  5.08e-11  8.05e-17  4.47e-12   5.6e-11
        1  8.91e-11  8.79e-16  3.81e-12   9.3e-11
       10  1.44e-10  3.01e-14  2.64e-12  1.47e-10
      100  2.17e-10  3.05e-13   6.1e-13  2.18e-10
      O-O  2.54e-10       ***       ***  2.54e-10

Reactant = P1   Temperature = 800 K

   P(atm)        W1        W2        P2      Loss
      0.1  5.65e-11  1.89e-16  5.33e-12  6.25e-11
        1  9.55e-11  1.98e-15  4.54e-12     1e-10
       10  1.49e-10  5.24e-14  3.16e-12  1.52e-10
      100   2.2e-10  4.09e-13  7.26e-13  2.22e-10
      O-O   2.6e-10       ***       ***   2.6e-10

Reactant = P1   Temperature = 900 K

   P(atm)        W1        W2        P2      Loss
      0.1  6.14e-11   3.9e-16  6.34e-12  6.85e-11
        1  1.01e-10   3.5e-15  5.37e-12  1.06e-10
       10  1.54e-10  7.77e-14  3.73e-12  1.58e-10
      100  2.24e-10  5.17e-13  8.47e-13  2.25e-10
      O-O  2.65e-10       ***       ***  2.65e-10

Reactant = P1   Temperature = 1e+03 K

   P(atm)        W1        W2        P2      Loss
      0.1  6.43e-11  9.17e-16  7.53e-12  7.25e-11
        1  1.04e-10  7.02e-15  6.37e-12  1.11e-10
       10  1.57e-10  1.25e-13  4.42e-12  1.61e-10
      100  2.26e-10  6.73e-13  9.69e-13  2.28e-10
      O-O  2.69e-10       ***       ***  2.69e-10

Reactant = P1   Temperature = 1.1e+03 K

   P(atm)        W1        W2        P2      Loss
      0.1  6.57e-11  1.91e-15  8.92e-12  7.53e-11
        1  1.06e-10  1.28e-14  7.56e-12  1.13e-10
       10  1.58e-10  1.89e-13  5.24e-12  1.63e-10
      100  2.28e-10  8.62e-13  1.12e-12   2.3e-10
      O-O  2.74e-10       ***       ***  2.74e-10

Reactant = P1   Temperature = 1.2e+03 K

   P(atm)        W1        W2        P2      Loss
      0.1  6.81e-11   3.6e-15  1.04e-11  7.92e-11
        1  1.08e-10  2.11e-14  8.79e-12  1.17e-10
       10  1.61e-10  2.66e-13  6.04e-12  1.67e-10
      100  2.31e-10  1.06e-12  1.23e-12  2.33e-10
      O-O  2.78e-10       ***       ***  2.78e-10

Reactant = P1   Temperature = 1.3e+03 K

   P(atm)        W1        W2        P2      Loss
      0.1  6.97e-11  6.74e-15   1.2e-11  8.24e-11
        1   1.1e-10  3.44e-14  1.02e-11   1.2e-10
       10  1.63e-10  3.73e-13  6.93e-12   1.7e-10
      100  2.33e-10  1.29e-12  1.36e-12  2.36e-10
      O-O  2.81e-10       ***       ***  2.81e-10

Reactant = P1   Temperature = 1.4e+03 K

   P(atm)        W1        W2        P2      Loss
      0.1  7.25e-11  1.32e-14  1.37e-11  8.69e-11
        1  1.13e-10   5.7e-14  1.15e-11  1.25e-10
       10  1.66e-10  5.18e-13   7.7e-12  1.74e-10
      100  2.36e-10  1.52e-12  1.41e-12  2.38e-10
      O-O  2.85e-10       ***       ***  2.85e-10

Reactant = P1   Temperature = 1.5e+03 K

   P(atm)        W1        W2        P2      Loss
      0.1  7.48e-11  2.06e-14  1.55e-11  9.11e-11
        1  1.16e-10  8.08e-14   1.3e-11  1.29e-10
       10  1.69e-10  6.66e-13  8.55e-12  1.78e-10
      100  2.38e-10  1.76e-12  1.48e-12  2.41e-10
      O-O  2.88e-10       ***       ***  2.88e-10

Reactant = P1   Temperature = 1.6e+03 K

   P(atm)        W1        W2        P2      Loss
      0.1  7.66e-11  3.13e-14  1.75e-11  9.49e-11
        1  1.18e-10  1.13e-13  1.46e-11  1.33e-10
       10  1.71e-10  8.49e-13  9.45e-12  1.82e-10
      100   2.4e-10  2.02e-12  1.56e-12  2.44e-10
      O-O  2.91e-10       ***       ***  2.91e-10

Reactant = P1   Temperature = 1.7e+03 K

   P(atm)        W1        W2        P2      Loss
      0.1  7.94e-11  4.72e-14  1.95e-11  9.97e-11
        1  1.21e-10  1.55e-13  1.62e-11  1.38e-10
       10  1.75e-10  1.07e-12  1.04e-11  1.86e-10
      100  2.44e-10  2.31e-12  1.63e-12  2.48e-10
      O-O  2.94e-10       ***       ***  2.94e-10

Reactant = P1   Temperature = 1.8e+03 K

   P(atm)        W1        W2        P2      Loss
      0.1  7.92e-11  6.71e-14  2.17e-11  1.02e-10
        1  1.21e-10  2.08e-13   1.8e-11  1.39e-10
       10  1.75e-10  1.33e-12  1.14e-11  1.88e-10
      100  2.45e-10  2.63e-12   1.7e-12  2.49e-10
      O-O  2.97e-10       ***       ***  2.97e-10

Reactant = P1   Temperature = 1.9e+03 K

   P(atm)        W1        W2        P2      Loss
      0.1  8.01e-11  9.55e-14   2.4e-11  1.05e-10
        1  1.22e-10  2.77e-13  1.99e-11  1.43e-10
       10  1.77e-10  1.64e-12  1.24e-11  1.91e-10
      100  2.47e-10  2.98e-12  1.76e-12  2.52e-10
      O-O     3e-10       ***       ***     3e-10

Reactant = P1   Temperature = 2e+03 K

   P(atm)        W1        W2        P2      Loss
      0.1  8.27e-11  1.39e-13  2.61e-11   1.1e-10
        1  1.25e-10  3.73e-13  2.15e-11  1.47e-10
       10   1.8e-10  2.01e-12  1.31e-11  1.95e-10
      100  2.49e-10  3.25e-12  1.73e-12  2.54e-10
      O-O  3.02e-10       ***       ***  3.02e-10

Reactant = P2   Temperature = 500 K

   P(atm)        W1        W2        P1      Loss
      0.1  2.61e-19  2.89e-11  1.46e-18  2.95e-11
        1  5.08e-19  6.15e-11  1.22e-18  6.15e-11
       10   9.2e-19  1.12e-10  7.91e-19  1.12e-10
      100  9.25e-19  1.87e-10  1.57e-19  1.87e-10
      O-O       ***  2.35e-10       ***  2.35e-10

Reactant = P2   Temperature = 600 K

   P(atm)        W1        W2        P1      Loss
      0.1  2.46e-18  3.96e-11  1.36e-17  4.03e-11
        1  4.65e-18  7.48e-11  1.15e-17  7.48e-11
       10  8.03e-18  1.24e-10  7.76e-18  1.24e-10
      100  8.04e-18  1.94e-10   1.7e-18  1.94e-10
      O-O       ***  2.42e-10       ***  2.42e-10

Reactant = P2   Temperature = 700 K

   P(atm)        W1        W2        P1      Loss
      0.1  1.31e-17  4.45e-11  7.26e-17  4.52e-11
        1  2.43e-17  8.01e-11  6.18e-17  8.01e-11
       10  4.03e-17  1.28e-10  4.29e-17  1.28e-10
      100  4.02e-17  1.97e-10  9.91e-18  1.97e-10
      O-O       ***  2.48e-10       ***  2.48e-10

Reactant = P2   Temperature = 800 K

   P(atm)        W1        W2        P1      Loss
      0.1  5.13e-17  5.16e-11  2.68e-16  5.23e-11
        1  9.17e-17  8.88e-11  2.28e-16  8.88e-11
       10  1.43e-16  1.37e-10  1.59e-16  1.37e-10
      100  1.37e-16  2.03e-10  3.65e-17  2.03e-10
      O-O       ***  2.54e-10       ***  2.54e-10

Reactant = P2   Temperature = 900 K

   P(atm)        W1        W2        P1      Loss
      0.1  1.58e-16  5.44e-11  7.72e-16  5.51e-11
        1  2.71e-16  9.19e-11  6.54e-16  9.19e-11
       10  4.04e-16   1.4e-10  4.55e-16   1.4e-10
      100  3.74e-16  2.06e-10  1.03e-16  2.06e-10
      O-O       ***  2.59e-10       ***  2.59e-10

Reactant = P2   Temperature = 1e+03 K

   P(atm)        W1        W2        P1      Loss
      0.1  3.91e-16  5.91e-11  1.87e-15  5.98e-11
        1  6.45e-16  9.75e-11  1.58e-15  9.75e-11
       10  9.22e-16  1.46e-10   1.1e-15  1.46e-10
      100  8.29e-16   2.1e-10  2.41e-16   2.1e-10
      O-O       ***  2.63e-10       ***  2.63e-10

Reactant = P2   Temperature = 1.1e+03 K

   P(atm)        W1        W2        P1      Loss
      0.1  8.25e-16  6.17e-11  3.99e-15  6.23e-11
        1  1.31e-15     1e-10  3.39e-15     1e-10
       10  1.84e-15  1.49e-10  2.35e-15  1.49e-10
      100  1.64e-15  2.14e-10  4.99e-16  2.14e-10
      O-O       ***  2.68e-10       ***  2.68e-10

Reactant = P2   Temperature = 1.2e+03 K

   P(atm)        W1        W2        P1      Loss
      0.1   1.6e-15  6.42e-11  7.63e-15  6.48e-11
        1  2.47e-15  1.03e-10  6.46e-15  1.03e-10
       10  3.38e-15  1.52e-10  4.43e-15  1.52e-10
      100  2.95e-15  2.17e-10  9.05e-16  2.17e-10
      O-O       ***  2.71e-10       ***  2.71e-10

Reactant = P2   Temperature = 1.3e+03 K

   P(atm)        W1        W2        P1      Loss
      0.1  2.81e-15  6.65e-11  1.35e-14  6.71e-11
        1  4.22e-15  1.06e-10  1.14e-14  1.06e-10
       10   5.7e-15  1.55e-10  7.77e-15  1.55e-10
      100  4.89e-15   2.2e-10  1.52e-15   2.2e-10
      O-O       ***  2.75e-10       ***  2.75e-10

Reactant = P2   Temperature = 1.4e+03 K

   P(atm)        W1        W2        P1      Loss
      0.1   4.7e-15  7.05e-11  2.22e-14  7.11e-11
        1  6.81e-15  1.11e-10  1.86e-14  1.11e-10
       10  8.98e-15   1.6e-10  1.24e-14   1.6e-10
      100  7.44e-15  2.24e-10  2.28e-15  2.24e-10
      O-O       ***  2.79e-10       ***  2.79e-10

Reactant = P2   Temperature = 1.5e+03 K

   P(atm)        W1        W2        P1      Loss
      0.1  7.44e-15  7.25e-11  3.45e-14  7.32e-11
        1  1.06e-14  1.13e-10  2.89e-14  1.13e-10
       10  1.37e-14  1.63e-10   1.9e-14  1.63e-10
      100  1.11e-14  2.27e-10   3.3e-15  2.27e-10
      O-O       ***  2.82e-10       ***  2.82e-10

Reactant = P2   Temperature = 1.6e+03 K

   P(atm)        W1        W2        P1      Loss
      0.1  1.11e-14  7.45e-11  5.15e-14  7.51e-11
        1  1.55e-14  1.15e-10   4.3e-14  1.15e-10
       10     2e-14  1.66e-10  2.79e-14  1.66e-10
      100  1.57e-14  2.31e-10  4.59e-15  2.31e-10
      O-O       ***  2.85e-10       ***  2.85e-10

Reactant = P2   Temperature = 1.7e+03 K

   P(atm)        W1        W2        P1      Loss
      0.1  1.59e-14  7.77e-11  7.41e-14  7.84e-11
        1  2.19e-14  1.19e-10  6.16e-14  1.19e-10
       10  2.81e-14   1.7e-10  3.95e-14   1.7e-10
      100  2.16e-14  2.35e-10  6.17e-15  2.35e-10
      O-O       ***  2.88e-10       ***  2.88e-10

Reactant = P2   Temperature = 1.8e+03 K

   P(atm)        W1        W2        P1      Loss
      0.1  2.19e-14  7.81e-11  1.03e-13  7.89e-11
        1  2.97e-14   1.2e-10  8.58e-14   1.2e-10
       10  3.81e-14  1.71e-10  5.41e-14  1.71e-10
      100  2.87e-14  2.37e-10  8.06e-15  2.37e-10
      O-O       ***   2.9e-10       ***   2.9e-10

Reactant = P2   Temperature = 1.9e+03 K

   P(atm)        W1        W2        P1      Loss
      0.1   2.9e-14  7.98e-11   1.4e-13  8.06e-11
        1  3.89e-14  1.22e-10  1.16e-13  1.22e-10
       10  5.01e-14  1.74e-10  7.24e-14  1.74e-10
      100  3.72e-14   2.4e-10  1.03e-14   2.4e-10
      O-O       ***  2.93e-10       ***  2.93e-10

Reactant = P2   Temperature = 2e+03 K

   P(atm)        W1        W2        P1      Loss
      0.1  3.83e-14  8.32e-11  1.83e-13  8.41e-11
        1  5.05e-14  1.26e-10  1.51e-13  1.26e-10
       10  6.42e-14  1.78e-10  9.16e-14  1.79e-10
      100  4.58e-14  2.43e-10  1.21e-14  2.43e-10
      O-O       ***  2.96e-10       ***  2.96e-10

______________________________________________________________________________________

Temperature-Species Rate Tables:

Reactant = W1   Pressure = 0.1 atm

   T(K)        W2        P1        P2      Loss   Capture
    500  1.14e+03  1.51e+09  2.43e+07  1.54e+09  1.02e+10
    600  3.95e+03  2.07e+09  3.08e+07   2.1e+09  1.14e+10
    700  1.45e+04  2.31e+09  3.67e+07  2.34e+09  1.17e+10
    800  9.27e+04  2.45e+09  4.43e+07   2.5e+09  1.15e+10
    900     3e+05  2.49e+09  5.25e+07  2.54e+09   1.1e+10
  1e+03  1.05e+06   2.4e+09  5.86e+07  2.46e+09  1.04e+10
1.1e+03  2.42e+06  2.23e+09  6.26e+07   2.3e+09  9.67e+09
1.2e+03  4.31e+06  2.11e+09  6.75e+07  2.18e+09  8.98e+09
1.3e+03  6.97e+06  1.96e+09  7.04e+07  2.03e+09  8.33e+09
1.4e+03   1.1e+07  1.85e+09   7.4e+07  1.94e+09  7.72e+09
1.5e+03  1.44e+07  1.73e+09  7.73e+07  1.83e+09  7.16e+09
1.6e+03  1.82e+07  1.62e+09  7.95e+07  1.71e+09  6.65e+09
1.7e+03  2.34e+07  1.53e+09  8.06e+07  1.63e+09  6.19e+09
1.8e+03  2.66e+07  1.39e+09  8.05e+07   1.5e+09  5.77e+09
1.9e+03  3.11e+07  1.29e+09  7.97e+07   1.4e+09  5.39e+09
  2e+03  3.73e+07  1.22e+09  8.03e+07  1.34e+09  5.05e+09

Reactant = W1   Pressure = 1 atm

   T(K)        W2        P1        P2      Loss   Capture
    500  2.81e+04  3.09e+09  4.73e+07  3.13e+09  1.02e+10
    600  1.21e+05   3.8e+09  5.82e+07  3.86e+09  1.14e+10
    700  4.19e+05  4.04e+09  6.78e+07  4.11e+09  1.17e+10
    800   1.7e+06  4.14e+09   7.9e+07  4.22e+09  1.15e+10
    900  3.85e+06  4.08e+09     9e+07  4.18e+09   1.1e+10
  1e+03   8.4e+06  3.87e+09  9.63e+07  3.97e+09  1.04e+10
1.1e+03  1.39e+07  3.58e+09  9.95e+07  3.69e+09  9.67e+09
1.2e+03  2.01e+07  3.34e+09  1.04e+08  3.46e+09  8.98e+09
1.3e+03  2.72e+07  3.08e+09  1.05e+08  3.21e+09  8.33e+09
1.4e+03  3.69e+07  2.88e+09  1.07e+08  3.03e+09  7.72e+09
1.5e+03  4.45e+07  2.68e+09   1.1e+08  2.84e+09  7.16e+09
1.6e+03  5.23e+07  2.49e+09  1.11e+08  2.65e+09  6.65e+09
1.7e+03  6.15e+07  2.33e+09  1.11e+08   2.5e+09  6.19e+09
1.8e+03  6.79e+07  2.13e+09  1.09e+08   2.3e+09  5.77e+09
1.9e+03  7.56e+07  1.96e+09  1.07e+08  2.15e+09  5.39e+09
  2e+03  8.65e+07  1.85e+09  1.06e+08  2.04e+09  5.05e+09

Reactant = W1   Pressure = 10 atm

   T(K)        W2        P1        P2      Loss   Capture
    500  2.03e+06  5.66e+09  8.56e+07  5.75e+09  1.02e+10
    600  4.48e+06  6.41e+09     1e+08  6.51e+09  1.14e+10
    700  8.37e+06  6.54e+09  1.12e+08  6.66e+09  1.17e+10
    800  1.62e+07  6.46e+09  1.23e+08   6.6e+09  1.15e+10
    900  2.49e+07  6.22e+09  1.34e+08  6.38e+09   1.1e+10
  1e+03  3.78e+07  5.82e+09  1.38e+08  5.99e+09  1.04e+10
1.1e+03  5.03e+07  5.36e+09  1.39e+08  5.55e+09  9.67e+09
1.2e+03  6.33e+07  4.95e+09  1.42e+08  5.16e+09  8.98e+09
1.3e+03  7.68e+07  4.55e+09  1.42e+08  4.77e+09  8.33e+09
1.4e+03  9.42e+07  4.22e+09  1.41e+08  4.46e+09  7.72e+09
1.5e+03  1.08e+08   3.9e+09  1.43e+08  4.15e+09  7.16e+09
1.6e+03  1.21e+08  3.61e+09  1.43e+08  3.87e+09  6.65e+09
1.7e+03  1.35e+08  3.36e+09  1.42e+08  3.63e+09  6.19e+09
1.8e+03  1.45e+08  3.07e+09   1.4e+08  3.36e+09  5.77e+09
1.9e+03  1.57e+08  2.84e+09  1.38e+08  3.14e+09  5.39e+09
  2e+03  1.73e+08  2.65e+09  1.35e+08  2.96e+09  5.05e+09

Reactant = W1   Pressure = 100 atm

   T(K)        W2        P1        P2      Loss   Capture
    500  5.52e+07  8.79e+09   8.6e+07  8.93e+09  1.02e+10
    600  7.21e+07  9.73e+09     1e+08   9.9e+09  1.14e+10
    700  9.01e+07  9.84e+09  1.12e+08     1e+10  1.17e+10
    800  1.15e+08  9.54e+09  1.18e+08  9.78e+09  1.15e+10
    900  1.38e+08  9.03e+09  1.24e+08  9.29e+09   1.1e+10
  1e+03  1.64e+08  8.39e+09  1.24e+08  8.68e+09  1.04e+10
1.1e+03  1.89e+08  7.73e+09  1.24e+08  8.04e+09  9.67e+09
1.2e+03  2.13e+08   7.1e+09  1.24e+08  7.44e+09  8.98e+09
1.3e+03  2.37e+08  6.52e+09  1.22e+08  6.88e+09  8.33e+09
1.4e+03  2.64e+08  5.98e+09  1.17e+08  6.37e+09  7.72e+09
1.5e+03  2.87e+08   5.5e+09  1.15e+08   5.9e+09  7.16e+09
1.6e+03  3.09e+08  5.05e+09  1.12e+08  5.48e+09  6.65e+09
1.7e+03   3.3e+08  4.68e+09  1.09e+08  5.12e+09  6.19e+09
1.8e+03  3.48e+08  4.29e+09  1.06e+08  4.75e+09  5.77e+09
1.9e+03  3.66e+08  3.97e+09  1.02e+08  4.44e+09  5.39e+09
  2e+03  3.87e+08  3.68e+09  9.61e+07  4.16e+09  5.05e+09

Reactant = W2   Pressure = 0.1 atm

   T(K)        W1        P1        P2      Loss   Capture
    500  0.000518  0.000146  3.03e+09  3.03e+09  2.45e+10
    600    0.0217   0.00478  4.19e+09  4.19e+09  2.54e+10
    700     0.443    0.0534   4.4e+09   4.4e+09  2.44e+10
    800      9.13      0.35   4.6e+09   4.6e+09  2.25e+10
    900      69.3      1.24  4.29e+09  4.29e+09  2.03e+10
  1e+03       475      4.56  4.09e+09  4.09e+09  1.81e+10
1.1e+03   1.9e+03      17.8  3.73e+09  3.73e+09  1.61e+10
1.2e+03  5.35e+03      59.3  3.38e+09  3.38e+09  1.42e+10
1.3e+03  1.27e+04       187  3.07e+09  3.07e+09  1.26e+10
1.4e+03   2.8e+04       558  2.85e+09  2.85e+09  1.12e+10
1.5e+03  4.89e+04  1.14e+03  2.58e+09  2.58e+09  9.97e+09
1.6e+03  7.95e+04  2.18e+03  2.34e+09  2.34e+09   8.9e+09
1.7e+03  1.28e+05  4.13e+03  2.16e+09  2.16e+09  7.97e+09
1.8e+03  1.77e+05  6.58e+03  1.93e+09  1.93e+09  7.15e+09
1.9e+03  2.48e+05  1.06e+04  1.76e+09  1.76e+09  6.44e+09
  2e+03  3.49e+05  1.71e+04  1.64e+09  1.64e+09  5.82e+09

Reactant = W2   Pressure = 1 atm

   T(K)        W1        P1        P2      Loss   Capture
    500    0.0282   0.00422  6.43e+09  6.43e+09  2.45e+10
    600     0.975     0.114  7.88e+09  7.88e+09  2.54e+10
    700      14.5      1.16  7.89e+09  7.89e+09  2.44e+10
    800       174      7.67  7.88e+09  7.88e+09  2.25e+10
    900       907      29.4   7.2e+09   7.2e+09  2.03e+10
  1e+03  3.85e+03       109   6.7e+09   6.7e+09  1.81e+10
1.1e+03   1.1e+04       320  6.03e+09  6.03e+09  1.61e+10
1.2e+03   2.5e+04       767  5.42e+09  5.42e+09  1.42e+10
1.3e+03  4.98e+04  1.69e+03  4.86e+09  4.86e+09  1.26e+10
1.4e+03  9.42e+04  3.58e+03  4.46e+09  4.46e+09  1.12e+10
1.5e+03  1.51e+05  6.18e+03  4.01e+09  4.01e+09  9.97e+09
1.6e+03  2.29e+05  1.01e+04  3.61e+09  3.61e+09   8.9e+09
1.7e+03  3.37e+05   1.6e+04   3.3e+09   3.3e+09  7.97e+09
1.8e+03  4.54e+05   2.4e+04  2.95e+09  2.95e+09  7.15e+09
1.9e+03  6.03e+05   3.5e+04  2.68e+09  2.68e+09  6.44e+09
  2e+03  8.11e+05  5.09e+04  2.48e+09  2.48e+09  5.82e+09

Reactant = W2   Pressure = 10 atm

   T(K)        W1        P1        P2      Loss   Capture
    500      2.27     0.466  1.17e+10  1.17e+10  2.45e+10
    600      37.6      6.76  1.31e+10  1.31e+10  2.54e+10
    700       294      47.5  1.26e+10  1.26e+10  2.44e+10
    800  1.67e+03       231  1.21e+10  1.21e+10  2.25e+10
    900  5.88e+03       735   1.1e+10   1.1e+10  2.03e+10
  1e+03  1.74e+04  2.13e+03  9.99e+09  9.99e+09  1.81e+10
1.1e+03  3.98e+04  5.05e+03  8.92e+09  8.92e+09  1.61e+10
1.2e+03  7.91e+04  1.02e+04  7.95e+09  7.95e+09  1.42e+10
1.3e+03  1.41e+05  1.91e+04   7.1e+09   7.1e+09  1.26e+10
1.4e+03  2.41e+05  3.35e+04  6.43e+09  6.43e+09  1.12e+10
1.5e+03  3.67e+05  5.23e+04  5.76e+09  5.76e+09  9.97e+09
1.6e+03  5.29e+05   7.8e+04  5.18e+09  5.18e+09   8.9e+09
1.7e+03  7.38e+05  1.12e+05  4.71e+09  4.71e+09  7.97e+09
1.8e+03  9.71e+05  1.56e+05  4.22e+09  4.22e+09  7.15e+09
1.9e+03  1.25e+06   2.1e+05  3.83e+09  3.83e+09  6.44e+09
  2e+03  1.62e+06  2.77e+05  3.51e+09  3.51e+09  5.82e+09

Reactant = W2   Pressure = 100 atm

   T(K)        W1        P1        P2      Loss   Capture
    500        62      7.58  1.95e+10  1.95e+10  2.45e+10
    600       607        85  2.04e+10  2.04e+10  2.54e+10
    700  3.18e+03       487  1.94e+10  1.94e+10  2.44e+10
    800  1.18e+04  1.82e+03   1.8e+10   1.8e+10  2.25e+10
    900  3.25e+04  4.92e+03  1.61e+10  1.61e+10  2.03e+10
  1e+03  7.56e+04  1.15e+04  1.44e+10  1.44e+10  1.81e+10
1.1e+03   1.5e+05  2.31e+04  1.28e+10  1.28e+10  1.61e+10
1.2e+03  2.66e+05  4.06e+04  1.14e+10  1.14e+10  1.42e+10
1.3e+03  4.35e+05  6.61e+04  1.01e+10  1.01e+10  1.26e+10
1.4e+03  6.76e+05  9.88e+04  9.01e+09  9.01e+09  1.12e+10
1.5e+03  9.78e+05  1.38e+05  8.05e+09  8.05e+09  9.97e+09
1.6e+03  1.35e+06  1.86e+05   7.2e+09  7.21e+09   8.9e+09
1.7e+03  1.81e+06  2.43e+05  6.51e+09  6.52e+09  7.97e+09
1.8e+03  2.32e+06  3.08e+05  5.83e+09  5.83e+09  7.15e+09
1.9e+03  2.92e+06  3.81e+05  5.27e+09  5.27e+09  6.44e+09
  2e+03  3.63e+06  4.49e+05  4.77e+09  4.78e+09  5.82e+09

Reactant = P1   Pressure = 0.1 atm

   T(K)        W1        W2        P2      Loss   Capture
    500  3.62e-11  1.96e-17  3.25e-12  4.03e-11   2.4e-10
    600  4.55e-11  4.19e-17  3.74e-12     5e-11  2.47e-10
    700  5.08e-11  8.05e-17  4.47e-12   5.6e-11  2.54e-10
    800  5.65e-11  1.89e-16  5.33e-12  6.25e-11   2.6e-10
    900  6.14e-11   3.9e-16  6.34e-12  6.85e-11  2.65e-10
  1e+03  6.43e-11  9.17e-16  7.53e-12  7.25e-11  2.69e-10
1.1e+03  6.57e-11  1.91e-15  8.92e-12  7.53e-11  2.74e-10
1.2e+03  6.81e-11   3.6e-15  1.04e-11  7.92e-11  2.78e-10
1.3e+03  6.97e-11  6.74e-15   1.2e-11  8.24e-11  2.81e-10
1.4e+03  7.25e-11  1.32e-14  1.37e-11  8.69e-11  2.85e-10
1.5e+03  7.48e-11  2.06e-14  1.55e-11  9.11e-11  2.88e-10
1.6e+03  7.66e-11  3.13e-14  1.75e-11  9.49e-11  2.91e-10
1.7e+03  7.94e-11  4.72e-14  1.95e-11  9.97e-11  2.94e-10
1.8e+03  7.92e-11  6.71e-14  2.17e-11  1.02e-10  2.97e-10
1.9e+03  8.01e-11  9.55e-14   2.4e-11  1.05e-10     3e-10
  2e+03  8.27e-11  1.39e-13  2.61e-11   1.1e-10  3.02e-10

Reactant = P1   Pressure = 1 atm

   T(K)        W1        W2        P2      Loss   Capture
    500  7.39e-11  1.57e-16  2.73e-12  7.67e-11   2.4e-10
    600  8.39e-11  4.04e-16  3.16e-12   8.7e-11  2.47e-10
    700  8.91e-11  8.79e-16  3.81e-12   9.3e-11  2.54e-10
    800  9.55e-11  1.98e-15  4.54e-12     1e-10   2.6e-10
    900  1.01e-10   3.5e-15  5.37e-12  1.06e-10  2.65e-10
  1e+03  1.04e-10  7.02e-15  6.37e-12  1.11e-10  2.69e-10
1.1e+03  1.06e-10  1.28e-14  7.56e-12  1.13e-10  2.74e-10
1.2e+03  1.08e-10  2.11e-14  8.79e-12  1.17e-10  2.78e-10
1.3e+03   1.1e-10  3.44e-14  1.02e-11   1.2e-10  2.81e-10
1.4e+03  1.13e-10   5.7e-14  1.15e-11  1.25e-10  2.85e-10
1.5e+03  1.16e-10  8.08e-14   1.3e-11  1.29e-10  2.88e-10
1.6e+03  1.18e-10  1.13e-13  1.46e-11  1.33e-10  2.91e-10
1.7e+03  1.21e-10  1.55e-13  1.62e-11  1.38e-10  2.94e-10
1.8e+03  1.21e-10  2.08e-13   1.8e-11  1.39e-10  2.97e-10
1.9e+03  1.22e-10  2.77e-13  1.99e-11  1.43e-10     3e-10
  2e+03  1.25e-10  3.73e-13  2.15e-11  1.47e-10  3.02e-10

Reactant = P1   Pressure = 10 atm

   T(K)        W1        W2        P2      Loss   Capture
    500  1.36e-10  1.02e-14  1.76e-12  1.37e-10   2.4e-10
    600  1.41e-10   1.8e-14  2.14e-12  1.43e-10  2.47e-10
    700  1.44e-10  3.01e-14  2.64e-12  1.47e-10  2.54e-10
    800  1.49e-10  5.24e-14  3.16e-12  1.52e-10   2.6e-10
    900  1.54e-10  7.77e-14  3.73e-12  1.58e-10  2.65e-10
  1e+03  1.57e-10  1.25e-13  4.42e-12  1.61e-10  2.69e-10
1.1e+03  1.58e-10  1.89e-13  5.24e-12  1.63e-10  2.74e-10
1.2e+03  1.61e-10  2.66e-13  6.04e-12  1.67e-10  2.78e-10
1.3e+03  1.63e-10  3.73e-13  6.93e-12   1.7e-10  2.81e-10
1.4e+03  1.66e-10  5.18e-13   7.7e-12  1.74e-10  2.85e-10
1.5e+03  1.69e-10  6.66e-13  8.55e-12  1.78e-10  2.88e-10
1.6e+03  1.71e-10  8.49e-13  9.45e-12  1.82e-10  2.91e-10
1.7e+03  1.75e-10  1.07e-12  1.04e-11  1.86e-10  2.94e-10
1.8e+03  1.75e-10  1.33e-12  1.14e-11  1.88e-10  2.97e-10
1.9e+03  1.77e-10  1.64e-12  1.24e-11  1.91e-10     3e-10
  2e+03   1.8e-10  2.01e-12  1.31e-11  1.95e-10  3.02e-10

Reactant = P1   Pressure = 100 atm

   T(K)        W1        W2        P2      Loss   Capture
    500  2.11e-10  1.62e-13  3.51e-13  2.11e-10   2.4e-10
    600  2.15e-10  2.23e-13  4.68e-13  2.15e-10  2.47e-10
    700  2.17e-10  3.05e-13   6.1e-13  2.18e-10  2.54e-10
    800   2.2e-10  4.09e-13  7.26e-13  2.22e-10   2.6e-10
    900  2.24e-10  5.17e-13  8.47e-13  2.25e-10  2.65e-10
  1e+03  2.26e-10  6.73e-13  9.69e-13  2.28e-10  2.69e-10
1.1e+03  2.28e-10  8.62e-13  1.12e-12   2.3e-10  2.74e-10
1.2e+03  2.31e-10  1.06e-12  1.23e-12  2.33e-10  2.78e-10
1.3e+03  2.33e-10  1.29e-12  1.36e-12  2.36e-10  2.81e-10
1.4e+03  2.36e-10  1.52e-12  1.41e-12  2.38e-10  2.85e-10
1.5e+03  2.38e-10  1.76e-12  1.48e-12  2.41e-10  2.88e-10
1.6e+03   2.4e-10  2.02e-12  1.56e-12  2.44e-10  2.91e-10
1.7e+03  2.44e-10  2.31e-12  1.63e-12  2.48e-10  2.94e-10
1.8e+03  2.45e-10  2.63e-12   1.7e-12  2.49e-10  2.97e-10
1.9e+03  2.47e-10  2.98e-12  1.76e-12  2.52e-10     3e-10
  2e+03  2.49e-10  3.25e-12  1.73e-12  2.54e-10  3.02e-10

Reactant = P2   Pressure = 0.1 atm

   T(K)        W1        W2        P1      Loss   Capture
    500  2.61e-19  2.89e-11  1.46e-18  2.95e-11  2.35e-10
    600  2.46e-18  3.96e-11  1.36e-17  4.03e-11  2.42e-10
    700  1.31e-17  4.45e-11  7.26e-17  4.52e-11  2.48e-10
    800  5.13e-17  5.16e-11  2.68e-16  5.23e-11  2.54e-10
    900  1.58e-16  5.44e-11  7.72e-16  5.51e-11  2.59e-10
  1e+03  3.91e-16  5.91e-11  1.87e-15  5.98e-11  2.63e-10
1.1e+03  8.25e-16  6.17e-11  3.99e-15  6.23e-11  2.68e-10
1.2e+03   1.6e-15  6.42e-11  7.63e-15  6.48e-11  2.71e-10
1.3e+03  2.81e-15  6.65e-11  1.35e-14  6.71e-11  2.75e-10
1.4e+03   4.7e-15  7.05e-11  2.22e-14  7.11e-11  2.79e-10
1.5e+03  7.44e-15  7.25e-11  3.45e-14  7.32e-11  2.82e-10
1.6e+03  1.11e-14  7.45e-11  5.15e-14  7.51e-11  2.85e-10
1.7e+03  1.59e-14  7.77e-11  7.41e-14  7.84e-11  2.88e-10
1.8e+03  2.19e-14  7.81e-11  1.03e-13  7.89e-11   2.9e-10
1.9e+03   2.9e-14  7.98e-11   1.4e-13  8.06e-11  2.93e-10
  2e+03  3.83e-14  8.32e-11  1.83e-13  8.41e-11  2.96e-10

Reactant = P2   Pressure = 1 atm

   T(K)        W1        W2        P1      Loss   Capture
    500  5.08e-19  6.15e-11  1.22e-18  6.15e-11  2.35e-10
    600  4.65e-18  7.48e-11  1.15e-17  7.48e-11  2.42e-10
    700  2.43e-17  8.01e-11  6.18e-17  8.01e-11  2.48e-10
    800  9.17e-17  8.88e-11  2.28e-16  8.88e-11  2.54e-10
    900  2.71e-16  9.19e-11  6.54e-16  9.19e-11  2.59e-10
  1e+03  6.45e-16  9.75e-11  1.58e-15  9.75e-11  2.63e-10
1.1e+03  1.31e-15     1e-10  3.39e-15     1e-10  2.68e-10
1.2e+03  2.47e-15  1.03e-10  6.46e-15  1.03e-10  2.71e-10
1.3e+03  4.22e-15  1.06e-10  1.14e-14  1.06e-10  2.75e-10
1.4e+03  6.81e-15  1.11e-10  1.86e-14  1.11e-10  2.79e-10
1.5e+03  1.06e-14  1.13e-10  2.89e-14  1.13e-10  2.82e-10
1.6e+03  1.55e-14  1.15e-10   4.3e-14  1.15e-10  2.85e-10
1.7e+03  2.19e-14  1.19e-10  6.16e-14  1.19e-10  2.88e-10
1.8e+03  2.97e-14   1.2e-10  8.58e-14   1.2e-10   2.9e-10
1.9e+03  3.89e-14  1.22e-10  1.16e-13  1.22e-10  2.93e-10
  2e+03  5.05e-14  1.26e-10  1.51e-13  1.26e-10  2.96e-10

Reactant = P2   Pressure = 10 atm

   T(K)        W1        W2        P1      Loss   Capture
    500   9.2e-19  1.12e-10  7.91e-19  1.12e-10  2.35e-10
    600  8.03e-18  1.24e-10  7.76e-18  1.24e-10  2.42e-10
    700  4.03e-17  1.28e-10  4.29e-17  1.28e-10  2.48e-10
    800  1.43e-16  1.37e-10  1.59e-16  1.37e-10  2.54e-10
    900  4.04e-16   1.4e-10  4.55e-16   1.4e-10  2.59e-10
  1e+03  9.22e-16  1.46e-10   1.1e-15  1.46e-10  2.63e-10
1.1e+03  1.84e-15  1.49e-10  2.35e-15  1.49e-10  2.68e-10
1.2e+03  3.38e-15  1.52e-10  4.43e-15  1.52e-10  2.71e-10
1.3e+03   5.7e-15  1.55e-10  7.77e-15  1.55e-10  2.75e-10
1.4e+03  8.98e-15   1.6e-10  1.24e-14   1.6e-10  2.79e-10
1.5e+03  1.37e-14  1.63e-10   1.9e-14  1.63e-10  2.82e-10
1.6e+03     2e-14  1.66e-10  2.79e-14  1.66e-10  2.85e-10
1.7e+03  2.81e-14   1.7e-10  3.95e-14   1.7e-10  2.88e-10
1.8e+03  3.81e-14  1.71e-10  5.41e-14  1.71e-10   2.9e-10
1.9e+03  5.01e-14  1.74e-10  7.24e-14  1.74e-10  2.93e-10
  2e+03  6.42e-14  1.78e-10  9.16e-14  1.79e-10  2.96e-10

Reactant = P2   Pressure = 100 atm

   T(K)        W1        W2        P1      Loss   Capture
    500  9.25e-19  1.87e-10  1.57e-19  1.87e-10  2.35e-10
    600  8.04e-18  1.94e-10   1.7e-18  1.94e-10  2.42e-10
    700  4.02e-17  1.97e-10  9.91e-18  1.97e-10  2.48e-10
    800  1.37e-16  2.03e-10  3.65e-17  2.03e-10  2.54e-10
    900  3.74e-16  2.06e-10  1.03e-16  2.06e-10  2.59e-10
  1e+03  8.29e-16   2.1e-10  2.41e-16   2.1e-10  2.63e-10
1.1e+03  1.64e-15  2.14e-10  4.99e-16  2.14e-10  2.68e-10
1.2e+03  2.95e-15  2.17e-10  9.05e-16  2.17e-10  2.71e-10
1.3e+03  4.89e-15   2.2e-10  1.52e-15   2.2e-10  2.75e-10
1.4e+03  7.44e-15  2.24e-10  2.28e-15  2.24e-10  2.79e-10
1.5e+03  1.11e-14  2.27e-10   3.3e-15  2.27e-10  2.82e-10
1.6e+03  1.57e-14  2.31e-10  4.59e-15  2.31e-10  2.85e-10
1.7e+03  2.16e-14  2.35e-10  6.17e-15  2.35e-10  2.88e-10
1.8e+03  2.87e-14  2.37e-10  8.06e-15  2.37e-10   2.9e-10
1.9e+03  3.72e-14   2.4e-10  1.03e-14   2.4e-10  2.93e-10
  2e+03  4.58e-14  2.43e-10  1.21e-14  2.43e-10  2.96e-10

______________________________________________________________________________________

Temperature-Pressure Rate Tables:

W1->W2

P\T           500       600       700       800       900     1e+03   1.1e+03   1.2e+03   1.3e+03   1.4e+03   1.5e+03   1.6e+03   1.7e+03   1.8e+03   1.9e+03     2e+03
0.1      1.14e+03  3.95e+03  1.45e+04  9.27e+04     3e+05  1.05e+06  2.42e+06  4.31e+06  6.97e+06   1.1e+07  1.44e+07  1.82e+07  2.34e+07  2.66e+07  3.11e+07  3.73e+07
1        2.81e+04  1.21e+05  4.19e+05   1.7e+06  3.85e+06   8.4e+06  1.39e+07  2.01e+07  2.72e+07  3.69e+07  4.45e+07  5.23e+07  6.15e+07  6.79e+07  7.56e+07  8.65e+07
10       2.03e+06  4.48e+06  8.37e+06  1.62e+07  2.49e+07  3.78e+07  5.03e+07  6.33e+07  7.68e+07  9.42e+07  1.08e+08  1.21e+08  1.35e+08  1.45e+08  1.57e+08  1.73e+08
100      5.52e+07  7.21e+07  9.01e+07  1.15e+08  1.38e+08  1.64e+08  1.89e+08  2.13e+08  2.37e+08  2.64e+08  2.87e+08  3.09e+08   3.3e+08  3.48e+08  3.66e+08  3.87e+08
O-O      1.63e+08  2.06e+08  2.47e+08  2.86e+08  3.23e+08  3.58e+08  3.91e+08  4.22e+08   4.5e+08  4.76e+08  5.01e+08  5.23e+08  5.43e+08  5.62e+08  5.79e+08  5.95e+08

W1->P1

P\T           500       600       700       800       900     1e+03   1.1e+03   1.2e+03   1.3e+03   1.4e+03   1.5e+03   1.6e+03   1.7e+03   1.8e+03   1.9e+03     2e+03
0.1      1.51e+09  2.07e+09  2.31e+09  2.45e+09  2.49e+09   2.4e+09  2.23e+09  2.11e+09  1.96e+09  1.85e+09  1.73e+09  1.62e+09  1.53e+09  1.39e+09  1.29e+09  1.22e+09
1        3.09e+09   3.8e+09  4.04e+09  4.14e+09  4.08e+09  3.87e+09  3.58e+09  3.34e+09  3.08e+09  2.88e+09  2.68e+09  2.49e+09  2.33e+09  2.13e+09  1.96e+09  1.85e+09
10       5.66e+09  6.41e+09  6.54e+09  6.46e+09  6.22e+09  5.82e+09  5.36e+09  4.95e+09  4.55e+09  4.22e+09   3.9e+09  3.61e+09  3.36e+09  3.07e+09  2.84e+09  2.65e+09
100      8.79e+09  9.73e+09  9.84e+09  9.54e+09  9.03e+09  8.39e+09  7.73e+09   7.1e+09  6.52e+09  5.98e+09   5.5e+09  5.05e+09  4.68e+09  4.29e+09  3.97e+09  3.68e+09
O-O         1e+10  1.12e+10  1.15e+10  1.12e+10  1.07e+10     1e+10  9.28e+09  8.56e+09  7.88e+09  7.24e+09  6.66e+09  6.13e+09  5.64e+09  5.21e+09  4.81e+09  4.45e+09

W1->P2

P\T           500       600       700       800       900     1e+03   1.1e+03   1.2e+03   1.3e+03   1.4e+03   1.5e+03   1.6e+03   1.7e+03   1.8e+03   1.9e+03     2e+03
0.1      2.43e+07  3.08e+07  3.67e+07  4.43e+07  5.25e+07  5.86e+07  6.26e+07  6.75e+07  7.04e+07   7.4e+07  7.73e+07  7.95e+07  8.06e+07  8.05e+07  7.97e+07  8.03e+07
1        4.73e+07  5.82e+07  6.78e+07   7.9e+07     9e+07  9.63e+07  9.95e+07  1.04e+08  1.05e+08  1.07e+08   1.1e+08  1.11e+08  1.11e+08  1.09e+08  1.07e+08  1.06e+08
10       8.56e+07     1e+08  1.12e+08  1.23e+08  1.34e+08  1.38e+08  1.39e+08  1.42e+08  1.42e+08  1.41e+08  1.43e+08  1.43e+08  1.42e+08   1.4e+08  1.38e+08  1.35e+08
100       8.6e+07     1e+08  1.12e+08  1.18e+08  1.24e+08  1.24e+08  1.24e+08  1.24e+08  1.22e+08  1.17e+08  1.15e+08  1.12e+08  1.09e+08  1.06e+08  1.02e+08  9.61e+07
O-O           ***       ***       ***       ***       ***       ***       ***       ***       ***       ***       ***       ***       ***       ***       ***       ***

W2->W1

P\T           500       600       700       800       900     1e+03   1.1e+03   1.2e+03   1.3e+03   1.4e+03   1.5e+03   1.6e+03   1.7e+03   1.8e+03   1.9e+03     2e+03
0.1      0.000518    0.0217     0.443      9.13      69.3       475   1.9e+03  5.35e+03  1.27e+04   2.8e+04  4.89e+04  7.95e+04  1.28e+05  1.77e+05  2.48e+05  3.49e+05
1          0.0282     0.975      14.5       174       907  3.85e+03   1.1e+04   2.5e+04  4.98e+04  9.42e+04  1.51e+05  2.29e+05  3.37e+05  4.54e+05  6.03e+05  8.11e+05
10           2.27      37.6       294  1.67e+03  5.88e+03  1.74e+04  3.98e+04  7.91e+04  1.41e+05  2.41e+05  3.67e+05  5.29e+05  7.38e+05  9.71e+05  1.25e+06  1.62e+06
100            62       607  3.18e+03  1.18e+04  3.25e+04  7.56e+04   1.5e+05  2.66e+05  4.35e+05  6.76e+05  9.78e+05  1.35e+06  1.81e+06  2.32e+06  2.92e+06  3.63e+06
O-O           184  1.73e+03  8.69e+03  2.94e+04  7.64e+04  1.65e+05   3.1e+05  5.27e+05  8.26e+05  1.22e+06  1.71e+06  2.29e+06  2.98e+06  3.76e+06  4.63e+06  5.58e+06

W2->P1

P\T           500       600       700       800       900     1e+03   1.1e+03   1.2e+03   1.3e+03   1.4e+03   1.5e+03   1.6e+03   1.7e+03   1.8e+03   1.9e+03     2e+03
0.1      0.000146   0.00478    0.0534      0.35      1.24      4.56      17.8      59.3       187       558  1.14e+03  2.18e+03  4.13e+03  6.58e+03  1.06e+04  1.71e+04
1         0.00422     0.114      1.16      7.67      29.4       109       320       767  1.69e+03  3.58e+03  6.18e+03  1.01e+04   1.6e+04   2.4e+04   3.5e+04  5.09e+04
10          0.466      6.76      47.5       231       735  2.13e+03  5.05e+03  1.02e+04  1.91e+04  3.35e+04  5.23e+04   7.8e+04  1.12e+05  1.56e+05   2.1e+05  2.77e+05
100          7.58        85       487  1.82e+03  4.92e+03  1.15e+04  2.31e+04  4.06e+04  6.61e+04  9.88e+04  1.38e+05  1.86e+05  2.43e+05  3.08e+05  3.81e+05  4.49e+05
O-O           ***       ***       ***       ***       ***       ***       ***       ***       ***       ***       ***       ***       ***       ***       ***       ***

W2->P2

P\T           500       600       700       800       900     1e+03   1.1e+03   1.2e+03   1.3e+03   1.4e+03   1.5e+03   1.6e+03   1.7e+03   1.8e+03   1.9e+03     2e+03
0.1      3.03e+09  4.19e+09   4.4e+09   4.6e+09  4.29e+09  4.09e+09  3.73e+09  3.38e+09  3.07e+09  2.85e+09  2.58e+09  2.34e+09  2.16e+09  1.93e+09  1.76e+09  1.64e+09
1        6.43e+09  7.88e+09  7.89e+09  7.88e+09   7.2e+09   6.7e+09  6.03e+09  5.42e+09  4.86e+09  4.46e+09  4.01e+09  3.61e+09   3.3e+09  2.95e+09  2.68e+09  2.48e+09
10       1.17e+10  1.31e+10  1.26e+10  1.21e+10   1.1e+10  9.99e+09  8.92e+09  7.95e+09   7.1e+09  6.43e+09  5.76e+09  5.18e+09  4.71e+09  4.22e+09  3.83e+09  3.51e+09
100      1.95e+10  2.04e+10  1.94e+10   1.8e+10  1.61e+10  1.44e+10  1.28e+10  1.14e+10  1.01e+10  9.01e+09  8.05e+09   7.2e+09  6.51e+09  5.83e+09  5.27e+09  4.77e+09
O-O      2.45e+10  2.54e+10  2.44e+10  2.25e+10  2.03e+10  1.81e+10  1.61e+10  1.42e+10  1.26e+10  1.12e+10  9.97e+09   8.9e+09  7.96e+09  7.15e+09  6.44e+09  5.82e+09

P1->W1

P\T           500       600       700       800       900     1e+03   1.1e+03   1.2e+03   1.3e+03   1.4e+03   1.5e+03   1.6e+03   1.7e+03   1.8e+03   1.9e+03     2e+03
0.1      3.62e-11  4.55e-11  5.08e-11  5.65e-11  6.14e-11  6.43e-11  6.57e-11  6.81e-11  6.97e-11  7.25e-11  7.48e-11  7.66e-11  7.94e-11  7.92e-11  8.01e-11  8.27e-11
1        7.39e-11  8.39e-11  8.91e-11  9.55e-11  1.01e-10  1.04e-10  1.06e-10  1.08e-10   1.1e-10  1.13e-10  1.16e-10  1.18e-10  1.21e-10  1.21e-10  1.22e-10  1.25e-10
10       1.36e-10  1.41e-10  1.44e-10  1.49e-10  1.54e-10  1.57e-10  1.58e-10  1.61e-10  1.63e-10  1.66e-10  1.69e-10  1.71e-10  1.75e-10  1.75e-10  1.77e-10   1.8e-10
100      2.11e-10  2.15e-10  2.17e-10   2.2e-10  2.24e-10  2.26e-10  2.28e-10  2.31e-10  2.33e-10  2.36e-10  2.38e-10   2.4e-10  2.44e-10  2.45e-10  2.47e-10  2.49e-10
O-O       2.4e-10  2.47e-10  2.54e-10   2.6e-10  2.65e-10  2.69e-10  2.74e-10  2.78e-10  2.81e-10  2.85e-10  2.88e-10  2.91e-10  2.94e-10  2.97e-10     3e-10  3.02e-10

P1->W2

P\T           500       600       700       800       900     1e+03   1.1e+03   1.2e+03   1.3e+03   1.4e+03   1.5e+03   1.6e+03   1.7e+03   1.8e+03   1.9e+03     2e+03
0.1      1.96e-17  4.19e-17  8.05e-17  1.89e-16   3.9e-16  9.17e-16  1.91e-15   3.6e-15  6.74e-15  1.32e-14  2.06e-14  3.13e-14  4.72e-14  6.71e-14  9.55e-14  1.39e-13
1        1.57e-16  4.04e-16  8.79e-16  1.98e-15   3.5e-15  7.02e-15  1.28e-14  2.11e-14  3.44e-14   5.7e-14  8.08e-14  1.13e-13  1.55e-13  2.08e-13  2.77e-13  3.73e-13
10       1.02e-14   1.8e-14  3.01e-14  5.24e-14  7.77e-14  1.25e-13  1.89e-13  2.66e-13  3.73e-13  5.18e-13  6.66e-13  8.49e-13  1.07e-12  1.33e-12  1.64e-12  2.01e-12
100      1.62e-13  2.23e-13  3.05e-13  4.09e-13  5.17e-13  6.73e-13  8.62e-13  1.06e-12  1.29e-12  1.52e-12  1.76e-12  2.02e-12  2.31e-12  2.63e-12  2.98e-12  3.25e-12
O-O           ***       ***       ***       ***       ***       ***       ***       ***       ***       ***       ***       ***       ***       ***       ***       ***

P1->P2

P\T           500       600       700       800       900     1e+03   1.1e+03   1.2e+03   1.3e+03   1.4e+03   1.5e+03   1.6e+03   1.7e+03   1.8e+03   1.9e+03     2e+03
0.1      3.25e-12  3.74e-12  4.47e-12  5.33e-12  6.34e-12  7.53e-12  8.92e-12  1.04e-11   1.2e-11  1.37e-11  1.55e-11  1.75e-11  1.95e-11  2.17e-11   2.4e-11  2.61e-11
1        2.73e-12  3.16e-12  3.81e-12  4.54e-12  5.37e-12  6.37e-12  7.56e-12  8.79e-12  1.02e-11  1.15e-11   1.3e-11  1.46e-11  1.62e-11   1.8e-11  1.99e-11  2.15e-11
10       1.76e-12  2.14e-12  2.64e-12  3.16e-12  3.73e-12  4.42e-12  5.24e-12  6.04e-12  6.93e-12   7.7e-12  8.55e-12  9.45e-12  1.04e-11  1.14e-11  1.24e-11  1.31e-11
100      3.51e-13  4.68e-13   6.1e-13  7.26e-13  8.47e-13  9.69e-13  1.12e-12  1.23e-12  1.36e-12  1.41e-12  1.48e-12  1.56e-12  1.63e-12   1.7e-12  1.76e-12  1.73e-12
O-O           ***       ***       ***       ***       ***       ***       ***       ***       ***       ***       ***       ***       ***       ***       ***       ***

P2->W1

P\T           500       600       700       800       900     1e+03   1.1e+03   1.2e+03   1.3e+03   1.4e+03   1.5e+03   1.6e+03   1.7e+03   1.8e+03   1.9e+03     2e+03
0.1      2.61e-19  2.46e-18  1.31e-17  5.13e-17  1.58e-16  3.91e-16  8.25e-16   1.6e-15  2.81e-15   4.7e-15  7.44e-15  1.11e-14  1.59e-14  2.19e-14   2.9e-14  3.83e-14
1        5.08e-19  4.65e-18  2.43e-17  9.17e-17  2.71e-16  6.45e-16  1.31e-15  2.47e-15  4.22e-15  6.81e-15  1.06e-14  1.55e-14  2.19e-14  2.97e-14  3.89e-14  5.05e-14
10        9.2e-19  8.03e-18  4.03e-17  1.43e-16  4.04e-16  9.22e-16  1.84e-15  3.38e-15   5.7e-15  8.98e-15  1.37e-14     2e-14  2.81e-14  3.81e-14  5.01e-14  6.42e-14
100      9.25e-19  8.04e-18  4.02e-17  1.37e-16  3.74e-16  8.29e-16  1.64e-15  2.95e-15  4.89e-15  7.44e-15  1.11e-14  1.57e-14  2.16e-14  2.87e-14  3.72e-14  4.58e-14
O-O           ***       ***       ***       ***       ***       ***       ***       ***       ***       ***       ***       ***       ***       ***       ***       ***

P2->W2

P\T           500       600       700       800       900     1e+03   1.1e+03   1.2e+03   1.3e+03   1.4e+03   1.5e+03   1.6e+03   1.7e+03   1.8e+03   1.9e+03     2e+03
0.1      2.89e-11  3.96e-11  4.45e-11  5.16e-11  5.44e-11  5.91e-11  6.17e-11  6.42e-11  6.65e-11  7.05e-11  7.25e-11  7.45e-11  7.77e-11  7.81e-11  7.98e-11  8.32e-11
1        6.15e-11  7.48e-11  8.01e-11  8.88e-11  9.19e-11  9.75e-11     1e-10  1.03e-10  1.06e-10  1.11e-10  1.13e-10  1.15e-10  1.19e-10   1.2e-10  1.22e-10  1.26e-10
10       1.12e-10  1.24e-10  1.28e-10  1.37e-10   1.4e-10  1.46e-10  1.49e-10  1.52e-10  1.55e-10   1.6e-10  1.63e-10  1.66e-10   1.7e-10  1.71e-10  1.74e-10  1.78e-10
100      1.87e-10  1.94e-10  1.97e-10  2.03e-10  2.06e-10   2.1e-10  2.14e-10  2.17e-10   2.2e-10  2.24e-10  2.27e-10  2.31e-10  2.35e-10  2.37e-10   2.4e-10  2.43e-10
O-O      2.35e-10  2.42e-10  2.48e-10  2.54e-10  2.59e-10  2.63e-10  2.68e-10  2.71e-10  2.75e-10  2.79e-10  2.82e-10  2.85e-10  2.88e-10   2.9e-10  2.93e-10  2.96e-10

P2->P1

P\T           500       600       700       800       900     1e+03   1.1e+03   1.2e+03   1.3e+03   1.4e+03   1.5e+03   1.6e+03   1.7e+03   1.8e+03   1.9e+03     2e+03
0.1      1.46e-18  1.36e-17  7.26e-17  2.68e-16  7.72e-16  1.87e-15  3.99e-15  7.63e-15  1.35e-14  2.22e-14  3.45e-14  5.15e-14  7.41e-14  1.03e-13   1.4e-13  1.83e-13
1        1.22e-18  1.15e-17  6.18e-17  2.28e-16  6.54e-16  1.58e-15  3.39e-15  6.46e-15  1.14e-14  1.86e-14  2.89e-14   4.3e-14  6.16e-14  8.58e-14  1.16e-13  1.51e-13
10       7.91e-19  7.76e-18  4.29e-17  1.59e-16  4.55e-16   1.1e-15  2.35e-15  4.43e-15  7.77e-15  1.24e-14   1.9e-14  2.79e-14  3.95e-14  5.41e-14  7.24e-14  9.16e-14
100      1.57e-19   1.7e-18  9.91e-18  3.65e-17  1.03e-16  2.41e-16  4.99e-16  9.05e-16  1.52e-15  2.28e-15   3.3e-15  4.59e-15  6.17e-15  8.06e-15  1.03e-14  1.21e-14
O-O           ***       ***       ***       ***       ***       ***       ***       ***       ***       ***       ***       ***       ***       ***       ***       ***

W1-> 

P\T           500       600       700       800       900     1e+03   1.1e+03   1.2e+03   1.3e+03   1.4e+03   1.5e+03   1.6e+03   1.7e+03   1.8e+03   1.9e+03     2e+03
0.1      1.54e+09   2.1e+09  2.34e+09   2.5e+09  2.54e+09  2.46e+09   2.3e+09  2.18e+09  2.03e+09  1.94e+09  1.83e+09  1.71e+09  1.63e+09   1.5e+09   1.4e+09  1.34e+09
1        3.13e+09  3.86e+09  4.11e+09  4.22e+09  4.18e+09  3.97e+09  3.69e+09  3.46e+09  3.21e+09  3.03e+09  2.84e+09  2.65e+09   2.5e+09   2.3e+09  2.15e+09  2.04e+09
10       5.75e+09  6.51e+09  6.66e+09   6.6e+09  6.38e+09  5.99e+09  5.55e+09  5.16e+09  4.77e+09  4.46e+09  4.15e+09  3.87e+09  3.63e+09  3.36e+09  3.14e+09  2.96e+09
100      8.93e+09   9.9e+09     1e+10  9.78e+09  9.29e+09  8.68e+09  8.04e+09  7.44e+09  6.88e+09  6.37e+09   5.9e+09  5.48e+09  5.12e+09  4.75e+09  4.44e+09  4.16e+09
O-O      1.02e+10  1.14e+10  1.17e+10  1.15e+10   1.1e+10  1.04e+10  9.67e+09  8.98e+09  8.33e+09  7.72e+09  7.16e+09  6.65e+09  6.19e+09  5.77e+09  5.39e+09  5.05e+09

W2-> 

P\T           500       600       700       800       900     1e+03   1.1e+03   1.2e+03   1.3e+03   1.4e+03   1.5e+03   1.6e+03   1.7e+03   1.8e+03   1.9e+03     2e+03
0.1      3.03e+09  4.19e+09   4.4e+09   4.6e+09  4.29e+09  4.09e+09  3.73e+09  3.38e+09  3.07e+09  2.85e+09  2.58e+09  2.34e+09  2.16e+09  1.93e+09  1.76e+09  1.64e+09
1        6.43e+09  7.88e+09  7.89e+09  7.88e+09   7.2e+09   6.7e+09  6.03e+09  5.42e+09  4.86e+09  4.46e+09  4.01e+09  3.61e+09   3.3e+09  2.95e+09  2.68e+09  2.48e+09
10       1.17e+10  1.31e+10  1.26e+10  1.21e+10   1.1e+10  9.99e+09  8.92e+09  7.95e+09   7.1e+09  6.43e+09  5.76e+09  5.18e+09  4.71e+09  4.22e+09  3.83e+09  3.51e+09
100      1.95e+10  2.04e+10  1.94e+10   1.8e+10  1.61e+10  1.44e+10  1.28e+10  1.14e+10  1.01e+10  9.01e+09  8.05e+09  7.21e+09  6.52e+09  5.83e+09  5.27e+09  4.78e+09
O-O      2.45e+10  2.54e+10  2.44e+10  2.25e+10  2.03e+10  1.81e+10  1.61e+10  1.42e+10  1.26e+10  1.12e+10  9.97e+09   8.9e+09  7.97e+09  7.15e+09  6.44e+09  5.82e+09

P1-> 

P\T           500       600       700       800       900     1e+03   1.1e+03   1.2e+03   1.3e+03   1.4e+03   1.5e+03   1.6e+03   1.7e+03   1.8e+03   1.9e+03     2e+03
0.1      4.03e-11     5e-11   5.6e-11  6.25e-11  6.85e-11  7.25e-11  7.53e-11  7.92e-11  8.24e-11  8.69e-11  9.11e-11  9.49e-11  9.97e-11  1.02e-10  1.05e-10   1.1e-10
1        7.67e-11   8.7e-11   9.3e-11     1e-10  1.06e-10  1.11e-10  1.13e-10  1.17e-10   1.2e-10  1.25e-10  1.29e-10  1.33e-10  1.38e-10  1.39e-10  1.43e-10  1.47e-10
10       1.37e-10  1.43e-10  1.47e-10  1.52e-10  1.58e-10  1.61e-10  1.63e-10  1.67e-10   1.7e-10  1.74e-10  1.78e-10  1.82e-10  1.86e-10  1.88e-10  1.91e-10  1.95e-10
100      2.11e-10  2.15e-10  2.18e-10  2.22e-10  2.25e-10  2.28e-10   2.3e-10  2.33e-10  2.36e-10  2.38e-10  2.41e-10  2.44e-10  2.48e-10  2.49e-10  2.52e-10  2.54e-10
O-O       2.4e-10  2.47e-10  2.54e-10   2.6e-10  2.65e-10  2.69e-10  2.74e-10  2.78e-10  2.81e-10  2.85e-10  2.88e-10  2.91e-10  2.94e-10  2.97e-10     3e-10  3.02e-10

P2-> 

P\T           500       600       700       800       900     1e+03   1.1e+03   1.2e+03   1.3e+03   1.4e+03   1.5e+03   1.6e+03   1.7e+03   1.8e+03   1.9e+03     2e+03
0.1      2.95e-11  4.03e-11  4.52e-11  5.23e-11  5.51e-11  5.98e-11  6.23e-11  6.48e-11  6.71e-11  7.11e-11  7.32e-11  7.51e-11  7.84e-11  7.89e-11  8.06e-11  8.41e-11
1        6.15e-11  7.48e-11  8.01e-11  8.88e-11  9.19e-11  9.75e-11     1e-10  1.03e-10  1.06e-10  1.11e-10  1.13e-10  1.15e-10  1.19e-10   1.2e-10  1.22e-10  1.26e-10
10       1.12e-10  1.24e-10  1.28e-10  1.37e-10   1.4e-10  1.46e-10  1.49e-10  1.52e-10  1.55e-10   1.6e-10  1.63e-10  1.66e-10   1.7e-10  1.71e-10  1.74e-10  1.79e-10
100      1.87e-10  1.94e-10  1.97e-10  2.03e-10  2.06e-10   2.1e-10  2.14e-10  2.17e-10   2.2e-10  2.24e-10  2.27e-10  2.31e-10  2.35e-10  2.37e-10   2.4e-10  2.43e-10
O-O      2.35e-10  2.42e-10  2.48e-10  2.54e-10  2.59e-10  2.63e-10  2.68e-10  2.71e-10  2.75e-10  2.79e-10  2.82e-10  2.85e-10  2.88e-10   2.9e-10  2.93e-10  2.96e-10

