Wells (G - ground energy, D - dissociation limit, kcal/mol):
                             W         G         D
                     C5H9(553)         0      35.2
                     C5H9(536)      17.3      35.2
      FakeW-C2H4(52)+C3H5(122)      22.8      25.8

Bimolecular Products (G - ground energy, kcal/mol):
                       P         G
      C2H4(52)+C3H5(122)      25.8

Well-to-Bimolecular Barriers (H/G - barrier height/well depth, kcal/mol)
                             B         H                        W         G                  P
      FakeB-C2H4(52)+C3H5(122)      25.8 FakeW-C2H4(52)+C3H5(122)      22.8 C2H4(52)+C3H5(122)

Well-to-Well Barriers (H/G - barrier height/well depth, kcal/mol):
           B         H                       W1        G1                       W2        G2
      ts_4_1      35.2                C5H9(553)         0                C5H9(536)      17.3
      ts_4_2      40.1 FakeW-C2H4(52)+C3H5(122)      22.8                C5H9(536)      17.3

Bound Groups: dissociation barrier (name/ground energy, kcal/mol): wells (name/ground energy, kcal/mol):
     C1/25.8:  FakeW-C2H4(52)+C3H5(122)/22.8

     B2/40.1:  C5H9(553)/0  C5H9(536)/17.3

________________________________________________________________________________________

Names Translation Tables (<short name> - <original name>):
Wells:
   W1 - C5H9(553)
   W2 - C5H9(536)
   W3 - FakeW-C2H4(52)+C3H5(122)
Bimolecular products:
   P1 - C2H4(52)+C3H5(122)
Inner Barriers:
   B1 - ts_4_1
   B2 - ts_4_2
Outer Barriers:
   C1 - FakeB-C2H4(52)+C3H5(122)
Unimolecular Rate Units: 1/sec;  Bimolecular Rate Units: cm^3/sec

______________________________________________________________________________________

Species-Species Rate Tables:

Temperature = 500 K

High Pressure Rate Coefficients:

From\To         W1        W2        W3        P1
W1             ***   0.00979       ***       ***
W2             416       ***       192       ***
W3             ***  2.36e+06       ***  3.64e+15
P1             ***       ***  2.21e-10       ***

Temperature = 500 K    Pressure = 0.1 atm

From\To         W1        W2        W3        P1
W1         0.00978 -8.32e-05 -2.12e-10  4.32e-05
W2           -3.54       590  6.65e-06       182
W3        5.53e-09  9.31e-07  1.61e+10  1.61e+10
P1        1.37e-21  1.36e-19  9.44e-16  9.44e-16

Temperature = 500 K    Pressure = 1 atm

From\To         W1        W2        W3        P1
W1         0.00976 -8.69e-07  3.92e-09  5.86e-06
W2         -0.0369       606   2.6e-06       190
W3        8.96e-10  1.37e-05  1.39e+11  1.39e+11
P1        1.86e-22  1.42e-19  8.18e-15  8.18e-15

Temperature = 500 K    Pressure = 10 atm

From\To         W1        W2        W3        P1
W1         0.00981 -2.39e-05 -2.74e-10  5.24e-07
W2           -1.02       608  2.15e-05       191
W3       -1.38e-13  -8.8e-08   1.1e+12   1.1e+12
P1        1.66e-23  1.43e-19   6.5e-14   6.5e-14

Temperature = 500 K    Pressure = 100 atm

From\To         W1        W2        W3        P1
W1          0.0101   0.00978   2.6e-11   4.3e-08
W2             415       606  0.000103       191
W3        1.58e-12 -1.66e-06  7.41e+12  7.41e+12
P1        1.37e-24  1.43e-19  4.43e-13  4.43e-13

Temperature = 600 K

High Pressure Rate Coefficients:

From\To         W1        W2        W3        P1
W1             ***      4.06       ***       ***
W2        6.73e+03       ***  9.55e+03       ***
W3             ***  4.19e+07       ***  4.67e+15
P1             ***       ***  2.28e-10       ***

Temperature = 600 K    Pressure = 0.1 atm

From\To         W1        W2        W3        P1
W1            3.83      3.72       ***     0.111
W2        6.17e+03  1.41e+04       ***  7.93e+03
W3             ***       ***       ***       ***
P1        3.94e-20   1.7e-18       ***  1.74e-18

Temperature = 600 K    Pressure = 1 atm

From\To         W1        W2        W3        P1
W1            4.02         4       ***    0.0202
W2        6.64e+03  1.59e+04       ***  9.24e+03
W3             ***       ***       ***       ***
P1        7.19e-21  1.98e-18       ***  1.99e-18

Temperature = 600 K    Pressure = 10 atm

From\To         W1        W2        W3        P1
W1            4.05      4.05  1.06e-09   0.00233
W2        6.71e+03  1.62e+04    0.0035  9.49e+03
W3       -1.99e-10 -2.82e-05   4.8e+12   4.8e+12
P1        8.29e-22  2.03e-18  2.09e-13  2.09e-13

Temperature = 600 K    Pressure = 100 atm

From\To         W1        W2        W3        P1
W1            4.05      4.05  5.81e-10  0.000232
W2        6.72e+03  1.62e+04    0.0208  9.52e+03
W3       -1.27e-10 -0.000207  2.49e+13  2.49e+13
P1        8.25e-23  2.04e-18  1.15e-12  1.15e-12

Temperature = 700 K

High Pressure Rate Coefficients:

From\To         W1        W2        W3        P1
W1             ***       309       ***       ***
W2        5.04e+04       ***  1.62e+05       ***
W3             ***  3.27e+08       ***  5.23e+15
P1             ***       ***  2.34e-10       ***

Temperature = 700 K    Pressure = 0.1 atm

From\To         W1        W2        W3        P1
W1             255       230       ***      25.6
W2        3.75e+04  1.38e+05       ***  1.01e+05
W3             ***       ***       ***       ***
P1        3.78e-19  9.11e-18       ***  9.49e-18

Temperature = 700 K    Pressure = 1 atm

From\To         W1        W2        W3        P1
W1             298       290       ***      7.59
W2        4.74e+04  1.93e+05       ***  1.46e+05
W3             ***       ***       ***       ***
P1        1.12e-19  1.32e-17       ***  1.33e-17

Temperature = 700 K    Pressure = 10 atm

From\To         W1        W2        W3        P1
W1             307       306       ***       1.1
W2        4.99e+04   2.1e+05       ***  1.59e+05
W3             ***       ***       ***       ***
P1        1.62e-20  1.44e-17       ***  1.44e-17

Temperature = 700 K    Pressure = 100 atm

From\To         W1        W2        W3        P1
W1             308       308       ***     0.117
W2        5.03e+04  2.11e+05       ***  1.61e+05
W3             ***       ***       ***       ***
P1        1.72e-21  1.46e-17       ***  1.46e-17

Temperature = 800 K

High Pressure Rate Coefficients:

From\To         W1        W2        W3        P1
W1             ***  8.07e+03       ***       ***
W2        2.33e+05       ***  1.39e+06       ***
W3             ***  1.52e+09       ***  5.42e+15
P1             ***       ***  2.39e-10       ***

Temperature = 800 K    Pressure = 0.1 atm

From\To         W1        W2        W3        P1
W1        5.17e+03  4.02e+03       ***  1.15e+03
W2        1.16e+05  6.57e+05       ***  5.41e+05
W3             ***       ***       ***       ***
P1        1.61e-18  2.62e-17       ***  2.78e-17

Temperature = 800 K    Pressure = 1 atm

From\To         W1        W2        W3        P1
W1        7.23e+03  6.64e+03       ***       588
W2        1.91e+05  1.25e+06       ***  1.06e+06
W3             ***       ***       ***       ***
P1         8.2e-19  5.12e-17       ***   5.2e-17

Temperature = 800 K    Pressure = 10 atm

From\To         W1        W2        W3        P1
W1        7.93e+03  7.81e+03       ***       120
W2        2.25e+05  1.55e+06       ***  1.32e+06
W3             ***       ***       ***       ***
P1        1.68e-19  6.41e-17       ***  6.43e-17

Temperature = 800 K    Pressure = 100 atm

From\To         W1        W2        W3        P1
W1        8.05e+03  8.03e+03       ***      14.3
W2        2.32e+05  1.61e+06       ***  1.38e+06
W3             ***       ***       ***       ***
P1        1.99e-20  6.67e-17       ***  6.67e-17

Temperature = 900 K

High Pressure Rate Coefficients:

From\To         W1        W2        W3        P1
W1             ***  1.03e+05       ***       ***
W2        7.78e+05       ***  7.53e+06       ***
W3             ***  5.02e+09       ***  5.36e+15
P1             ***       ***  2.44e-10       ***

Temperature = 900 K    Pressure = 0.1 atm

From\To         W1        W2        W3        P1
W1         4.4e+04  2.83e+04       ***  1.57e+04
W2        2.14e+05  1.81e+06       ***   1.6e+06
W3             ***       ***       ***       ***
P1        3.58e-18  4.84e-17       ***   5.2e-17

Temperature = 900 K    Pressure = 1 atm

From\To         W1        W2        W3        P1
W1        7.88e+04  6.47e+04       ***  1.41e+04
W2        4.88e+05  4.78e+06       ***  4.29e+06
W3             ***       ***       ***       ***
P1        3.23e-18   1.3e-16       ***  1.33e-16

Temperature = 900 K    Pressure = 10 atm

From\To         W1        W2        W3        P1
W1        9.79e+04  9.33e+04       ***  4.55e+03
W2        7.05e+05  7.38e+06       ***  6.68e+06
W3             ***       ***       ***       ***
P1        1.04e-18  2.03e-16       ***  2.04e-16

Temperature = 900 K    Pressure = 100 atm

From\To         W1        W2        W3        P1
W1        1.02e+05  1.02e+05       ***       653
W2        7.68e+05  8.17e+06       ***   7.4e+06
W3             ***       ***       ***       ***
P1         1.5e-19  2.24e-16       ***  2.25e-16

Temperature = 1e+03 K

High Pressure Rate Coefficients:

From\To         W1        W2        W3        P1
W1             ***  7.95e+05       ***       ***
W2        2.07e+06       ***  2.95e+07       ***
W3             ***   1.3e+10       ***  5.15e+15
P1             ***       ***  2.48e-10       ***

Temperature = 1e+03 K    Pressure = 0.1 atm

From\To         W1        W2        W3        P1
W1        1.95e+05  1.08e+05       ***  8.68e+04
W2        2.82e+05  3.54e+06       ***  3.26e+06
W3             ***       ***       ***       ***
P1         4.8e-18   6.9e-17       ***  7.38e-17

Temperature = 1e+03 K    Pressure = 1 atm

From\To         W1        W2        W3        P1
W1        4.65e+05  3.29e+05       ***  1.36e+05
W2        8.57e+05  1.21e+07       ***  1.13e+07
W3             ***       ***       ***       ***
P1        7.54e-18  2.39e-16       ***  2.46e-16

Temperature = 1e+03 K    Pressure = 10 atm

From\To         W1        W2        W3        P1
W1        6.99e+05  6.25e+05       ***  7.45e+04
W2        1.63e+06  2.45e+07       ***  2.28e+07
W3             ***       ***       ***       ***
P1        4.11e-18  4.84e-16       ***  4.88e-16

Temperature = 1e+03 K    Pressure = 100 atm

From\To         W1        W2        W3        P1
W1         7.8e+05  7.66e+05       ***  1.43e+04
W2           2e+06  3.04e+07       ***  2.84e+07
W3             ***       ***       ***       ***
P1        7.91e-19  6.01e-16       ***  6.02e-16

Temperature = 1.1e+03 K

High Pressure Rate Coefficients:

From\To         W1        W2        W3        P1
W1             ***  4.24e+06       ***       ***
W2        4.68e+06       ***  9.13e+07       ***
W3             ***  2.82e+10       ***  4.86e+15
P1             ***       ***  2.52e-10       ***

Temperature = 1.1e+03 K    Pressure = 0.1 atm

From\To         W1        W2        W3        P1
W1        5.37e+05   2.9e+05       ***  2.47e+05
W2        3.19e+05  5.93e+06       ***  5.61e+06
W3             ***       ***       ***       ***
P1        4.36e-18  8.97e-17       ***  9.41e-17

Temperature = 1.1e+03 K    Pressure = 1 atm

From\To         W1        W2        W3        P1
W1        1.69e+06  1.05e+06       ***  6.45e+05
W2        1.15e+06  2.33e+07       ***  2.21e+07
W3             ***       ***       ***       ***
P1        1.14e-17  3.54e-16       ***  3.66e-16

Temperature = 1.1e+03 K    Pressure = 10 atm

From\To         W1        W2        W3        P1
W1        3.24e+06  2.63e+06       ***  6.12e+05
W2         2.9e+06  6.01e+07       ***  5.72e+07
W3             ***       ***       ***       ***
P1        1.08e-17  9.16e-16       ***  9.27e-16

Temperature = 1.1e+03 K    Pressure = 100 atm

From\To         W1        W2        W3        P1
W1        4.05e+06  3.88e+06       ***  1.74e+05
W2        4.28e+06  8.82e+07       ***  8.39e+07
W3             ***       ***       ***       ***
P1        3.07e-18  1.34e-15       ***  1.35e-15

Temperature = 1.2e+03 K

High Pressure Rate Coefficients:

From\To         W1        W2        W3        P1
W1             ***  1.72e+07       ***       ***
W2        9.31e+06       ***  2.36e+08       ***
W3             ***  5.36e+10       ***  4.54e+15
P1             ***       ***  2.56e-10       ***

Temperature = 1.2e+03 K    Pressure = 0.1 atm

From\To         W1        W2        W3        P1
W1        1.08e+06  5.64e+05       ***  5.13e+05
W2        3.06e+05     8e+06       ***  7.69e+06
W3             ***       ***       ***       ***
P1        3.57e-18  9.85e-17       ***  1.02e-16

Temperature = 1.2e+03 K    Pressure = 1 atm

From\To         W1        W2        W3        P1
W1        4.23e+06  2.28e+06       ***  1.95e+06
W2        1.24e+06  3.51e+07       ***  3.39e+07
W3             ***       ***       ***       ***
P1        1.36e-17  4.34e-16       ***  4.47e-16

Temperature = 1.2e+03 K    Pressure = 10 atm

From\To         W1        W2        W3        P1
W1        1.05e+07  7.46e+06       ***  3.05e+06
W2        4.05e+06  1.14e+08       ***   1.1e+08
W3             ***       ***       ***       ***
P1        2.12e-17  1.41e-15       ***  1.43e-15

Temperature = 1.2e+03 K    Pressure = 100 atm

From\To         W1        W2        W3        P1
W1        1.55e+07  1.42e+07       ***  1.36e+06
W2        7.68e+06  2.08e+08       ***     2e+08
W3             ***       ***       ***       ***
P1        9.43e-18  2.56e-15       ***  2.57e-15

Temperature = 1.3e+03 K

High Pressure Rate Coefficients:

From\To         W1        W2        W3        P1
W1             ***  5.61e+07       ***       ***
W2        1.68e+07       ***  5.31e+08       ***
W3             ***  9.21e+10       ***   4.2e+15
P1             ***       ***  2.59e-10       ***

Temperature = 1.3e+03 K    Pressure = 0.1 atm

From\To         W1        W2        W3        P1
W1        1.81e+06     1e+06       ***  8.14e+05
W2           3e+05  1.03e+07       ***     1e+07
W3             ***       ***       ***       ***
P1        2.62e-18  1.07e-16       ***   1.1e-16

Temperature = 1.3e+03 K    Pressure = 1 atm

From\To         W1        W2        W3        P1
W1        8.16e+06  4.06e+06       ***   4.1e+06
W2        1.22e+06  4.66e+07       ***  4.54e+07
W3             ***       ***       ***       ***
P1        1.32e-17  4.86e-16       ***  4.99e-16

Temperature = 1.3e+03 K    Pressure = 10 atm

From\To         W1        W2        W3        P1
W1        2.55e+07  1.57e+07       ***  9.77e+06
W2        4.71e+06  1.79e+08       ***  1.74e+08
W3             ***       ***       ***       ***
P1        3.14e-17  1.86e-15       ***  1.89e-15

Temperature = 1.3e+03 K    Pressure = 100 atm

From\To         W1        W2        W3        P1
W1        4.62e+07  3.91e+07       ***  7.03e+06
W2        1.17e+07  4.08e+08       ***  3.97e+08
W3             ***       ***       ***       ***
P1        2.26e-17  4.25e-15       ***  4.27e-15

Temperature = 1.4e+03 K

High Pressure Rate Coefficients:

From\To         W1        W2        W3        P1
W1             ***  1.55e+08       ***       ***
W2        2.82e+07       ***  1.07e+09       ***
W3             ***  1.46e+11       ***  3.87e+15
P1             ***       ***  2.63e-10       ***

Temperature = 1.4e+03 K    Pressure = 0.1 atm

From\To         W1        W2        W3        P1
W1        2.55e+06  1.53e+06       ***  1.01e+06
W2        2.78e+05  1.29e+07       ***  1.26e+07
W3             ***       ***       ***       ***
P1        1.71e-18  1.16e-16       ***  1.18e-16

Temperature = 1.4e+03 K    Pressure = 1 atm

From\To         W1        W2        W3        P1
W1        1.26e+07  6.14e+06       ***  6.51e+06
W2        1.12e+06  5.68e+07       ***  5.57e+07
W3             ***       ***       ***       ***
P1         1.1e-17  5.16e-16       ***  5.27e-16

Temperature = 1.4e+03 K    Pressure = 10 atm

From\To         W1        W2        W3        P1
W1        4.82e+07  2.61e+07       ***  2.21e+07
W2        4.75e+06  2.42e+08       ***  2.37e+08
W3             ***       ***       ***       ***
P1        3.72e-17   2.2e-15       ***  2.23e-15

Temperature = 1.4e+03 K    Pressure = 100 atm

From\To         W1        W2        W3        P1
W1         1.1e+08  8.45e+07       ***  2.56e+07
W2        1.54e+07  6.85e+08       ***   6.7e+08
W3             ***       ***       ***       ***
P1        4.31e-17   6.2e-15       ***  6.25e-15

Temperature = 1.5e+03 K

High Pressure Rate Coefficients:

From\To         W1        W2        W3        P1
W1             ***  3.74e+08       ***       ***
W2        4.43e+07       ***  1.98e+09       ***
W3             ***  2.18e+11       ***  3.56e+15
P1             ***       ***  2.66e-10       ***

Temperature = 1.5e+03 K    Pressure = 0.1 atm

From\To         W1        W2        W3        P1
W1        3.32e+06  2.19e+06       ***  1.12e+06
W2         2.6e+05  1.55e+07       ***  1.53e+07
W3             ***       ***       ***       ***
P1         1.1e-18  1.26e-16       ***  1.27e-16

Temperature = 1.5e+03 K    Pressure = 1 atm

From\To         W1        W2        W3        P1
W1        1.72e+07  8.53e+06       ***  8.65e+06
W2        1.01e+06  6.55e+07       ***  6.45e+07
W3             ***       ***       ***       ***
P1        8.43e-18  5.31e-16       ***  5.39e-16

Temperature = 1.5e+03 K    Pressure = 10 atm

From\To         W1        W2        W3        P1
W1        7.58e+07  3.71e+07       ***  3.87e+07
W2        4.39e+06  2.96e+08       ***  2.91e+08
W3             ***       ***       ***       ***
P1        3.77e-17   2.4e-15       ***  2.43e-15

Temperature = 1.5e+03 K    Pressure = 100 atm

From\To         W1        W2        W3        P1
W1        2.17e+08  1.48e+08       ***   6.9e+07
W2        1.75e+07     1e+09       ***  9.86e+08
W3             ***       ***       ***       ***
P1        6.72e-17  8.11e-15       ***  8.18e-15

Temperature = 1.6e+03 K

High Pressure Rate Coefficients:

From\To         W1        W2        W3        P1
W1             ***  8.09e+08       ***       ***
W2        6.63e+07       ***  3.39e+09       ***
W3             ***  3.08e+11       ***  3.27e+15
P1             ***       ***  2.69e-10       ***

Temperature = 1.6e+03 K    Pressure = 0.1 atm

From\To         W1        W2        W3        P1
W1        4.19e+06  3.01e+06       ***  1.18e+06
W2        2.46e+05  1.81e+07       ***  1.78e+07
W3             ***       ***       ***       ***
P1        7.24e-19  1.33e-16       ***  1.34e-16

Temperature = 1.6e+03 K    Pressure = 1 atm

From\To         W1        W2        W3        P1
W1        2.15e+07  1.13e+07       ***  1.03e+07
W2        9.22e+05  7.27e+07       ***  7.18e+07
W3             ***       ***       ***       ***
P1        6.27e-18  5.36e-16       ***  5.42e-16

Temperature = 1.6e+03 K    Pressure = 10 atm

From\To         W1        W2        W3        P1
W1        1.04e+08  4.76e+07       ***  5.64e+07
W2         3.9e+06  3.36e+08       ***  3.32e+08
W3             ***       ***       ***       ***
P1        3.45e-17  2.48e-15       ***  2.51e-15

Temperature = 1.6e+03 K    Pressure = 100 atm

From\To         W1        W2        W3        P1
W1        3.61e+08  2.17e+08       ***  1.44e+08
W2        1.77e+07  1.31e+09       ***   1.3e+09
W3             ***       ***       ***       ***
P1        8.82e-17  9.68e-15       ***  9.77e-15

Temperature = 1.7e+03 K

High Pressure Rate Coefficients:

From\To         W1        W2        W3        P1
W1             ***   1.6e+09       ***       ***
W2         9.5e+07       ***  5.49e+09       ***
W3             ***  4.18e+11       ***     3e+15
P1             ***       ***  2.71e-10       ***

Temperature = 1.7e+03 K    Pressure = 0.1 atm

From\To         W1        W2        W3        P1
W1        5.28e+06  4.05e+06       ***  1.24e+06
W2         2.4e+05     2e+07       ***  1.97e+07
W3             ***       ***       ***       ***
P1        5.07e-19  1.36e-16       ***  1.36e-16

Temperature = 1.7e+03 K    Pressure = 1 atm

From\To         W1        W2        W3        P1
W1        2.57e+07  1.44e+07       ***  1.13e+07
W2        8.57e+05   7.8e+07       ***  7.72e+07
W3             ***       ***       ***       ***
P1        4.62e-18  5.31e-16       ***  5.36e-16

Temperature = 1.7e+03 K    Pressure = 10 atm

From\To         W1        W2        W3        P1
W1         1.3e+08  5.76e+07       ***  7.24e+07
W2        3.42e+06  3.62e+08       ***  3.58e+08
W3             ***       ***       ***       ***
P1        2.96e-17  2.47e-15       ***   2.5e-15

Temperature = 1.7e+03 K    Pressure = 100 atm

From\To         W1        W2        W3        P1
W1        5.26e+08  2.79e+08       ***  2.47e+08
W2        1.66e+07  1.58e+09       ***  1.56e+09
W3             ***       ***       ***       ***
P1        1.01e-16  1.07e-14       ***  1.08e-14

Temperature = 1.8e+03 K

High Pressure Rate Coefficients:

From\To         W1        W2        W3        P1
W1             ***  2.93e+09       ***       ***
W2        1.32e+08       ***  8.44e+09       ***
W3             ***  5.48e+11       ***  2.76e+15
P1             ***       ***  2.74e-10       ***

Temperature = 1.8e+03 K    Pressure = 0.1 atm

From\To         W1        W2        W3        P1
W1        6.73e+06  5.53e+06       ***   1.2e+06
W2        2.48e+05  2.22e+07       ***   2.2e+07
W3             ***       ***       ***       ***
P1        3.48e-19  1.42e-16       ***  1.42e-16

Temperature = 1.8e+03 K    Pressure = 1 atm

From\To         W1        W2        W3        P1
W1        3.01e+07  1.88e+07       ***  1.14e+07
W2        8.42e+05  8.62e+07       ***  8.54e+07
W3             ***       ***       ***       ***
P1        3.29e-18   5.5e-16       ***  5.54e-16

Temperature = 1.8e+03 K    Pressure = 10 atm

From\To         W1        W2        W3        P1
W1        1.53e+08  6.98e+07       ***  8.32e+07
W2        3.13e+06   3.9e+08       ***  3.87e+08
W3             ***       ***       ***       ***
P1        2.41e-17  2.49e-15       ***  2.52e-15

Temperature = 1.8e+03 K    Pressure = 100 atm

From\To         W1        W2        W3        P1
W1         6.9e+08  3.34e+08       ***  3.57e+08
W2         1.5e+07   1.8e+09       ***  1.78e+09
W3             ***       ***       ***       ***
P1        1.03e-16  1.15e-14       ***  1.16e-14

Temperature = 1.9e+03 K

High Pressure Rate Coefficients:

From\To         W1        W2        W3        P1
W1             ***  5.04e+09       ***       ***
W2        1.77e+08       ***  1.24e+10       ***
W3             ***  6.96e+11       ***  2.53e+15
P1             ***       ***  2.76e-10       ***

Temperature = 1.9e+03 K    Pressure = 0.1 atm

From\To         W1        W2        W3        P1
W1        7.87e+06  6.85e+06       ***  1.01e+06
W2         2.4e+05  2.22e+07       ***   2.2e+07
W3             ***       ***       ***       ***
P1        2.17e-19  1.34e-16       ***  1.34e-16

Temperature = 1.9e+03 K    Pressure = 1 atm

From\To         W1        W2        W3        P1
W1         3.3e+07  2.27e+07       ***  1.03e+07
W2        7.95e+05  9.19e+07       ***  9.11e+07
W3             ***       ***       ***       ***
P1        2.21e-18  5.55e-16       ***  5.58e-16

Temperature = 1.9e+03 K    Pressure = 10 atm

From\To         W1        W2        W3        P1
W1        1.67e+08  8.07e+07       ***  8.67e+07
W2        2.83e+06   4.1e+08       ***  4.07e+08
W3             ***       ***       ***       ***
P1        1.86e-17  2.48e-15       ***   2.5e-15

Temperature = 1.9e+03 K    Pressure = 100 atm

From\To         W1        W2        W3        P1
W1        8.24e+08  3.73e+08       ***  4.51e+08
W2        1.31e+07  1.96e+09       ***  1.95e+09
W3             ***       ***       ***       ***
P1        9.66e-17  1.19e-14       ***   1.2e-14

Temperature = 2e+03 K

High Pressure Rate Coefficients:

From\To         W1        W2        W3        P1
W1             ***  8.21e+09       ***       ***
W2        2.31e+08       ***  1.77e+10       ***
W3             ***  8.63e+11       ***  2.33e+15
P1             ***       ***  2.79e-10       ***

Temperature = 2e+03 K    Pressure = 0.1 atm

From\To         W1        W2        W3        P1
W1        9.99e+06  8.99e+06       ***  9.98e+05
W2        2.53e+05  1.84e+07       ***  1.81e+07
W3             ***       ***       ***       ***
P1        1.64e-19  1.05e-16       ***  1.06e-16

Temperature = 2e+03 K    Pressure = 1 atm

From\To         W1        W2        W3        P1
W1        3.82e+07  2.77e+07       ***  1.04e+07
W2        7.81e+05  8.66e+07       ***  8.58e+07
W3             ***       ***       ***       ***
P1        1.72e-18     5e-16       ***  5.02e-16

Temperature = 2e+03 K    Pressure = 10 atm

From\To         W1        W2        W3        P1
W1        1.84e+08  9.19e+07       ***  9.22e+07
W2        2.59e+06     4e+08       ***  3.97e+08
W3             ***       ***       ***       ***
P1        1.51e-17  2.32e-15       ***  2.33e-15

Temperature = 2e+03 K    Pressure = 100 atm

From\To         W1        W2        W3        P1
W1        9.42e+08  3.99e+08       ***  5.43e+08
W2        1.12e+07  2.01e+09       ***  1.99e+09
W3             ***       ***       ***       ***
P1        8.93e-17  1.16e-14       ***  1.17e-14

______________________________________________________________________________________

High Pressure Rate Coefficients (Temperature-Species Rate Tables):

Reactant = W1
   T(K)        W1        W2        W3        P1
    500       ***   0.00979       ***       ***
    600       ***      4.06       ***       ***
    700       ***       309       ***       ***
    800       ***  8.07e+03       ***       ***
    900       ***  1.03e+05       ***       ***
  1e+03       ***  7.95e+05       ***       ***
1.1e+03       ***  4.24e+06       ***       ***
1.2e+03       ***  1.72e+07       ***       ***
1.3e+03       ***  5.61e+07       ***       ***
1.4e+03       ***  1.55e+08       ***       ***
1.5e+03       ***  3.74e+08       ***       ***
1.6e+03       ***  8.09e+08       ***       ***
1.7e+03       ***   1.6e+09       ***       ***
1.8e+03       ***  2.93e+09       ***       ***
1.9e+03       ***  5.04e+09       ***       ***
  2e+03       ***  8.21e+09       ***       ***

Reactant = W2
   T(K)        W1        W2        W3        P1
    500       416       ***       192       ***
    600  6.73e+03       ***  9.55e+03       ***
    700  5.04e+04       ***  1.62e+05       ***
    800  2.33e+05       ***  1.39e+06       ***
    900  7.78e+05       ***  7.53e+06       ***
  1e+03  2.07e+06       ***  2.95e+07       ***
1.1e+03  4.68e+06       ***  9.13e+07       ***
1.2e+03  9.31e+06       ***  2.36e+08       ***
1.3e+03  1.68e+07       ***  5.31e+08       ***
1.4e+03  2.82e+07       ***  1.07e+09       ***
1.5e+03  4.43e+07       ***  1.98e+09       ***
1.6e+03  6.63e+07       ***  3.39e+09       ***
1.7e+03   9.5e+07       ***  5.49e+09       ***
1.8e+03  1.32e+08       ***  8.44e+09       ***
1.9e+03  1.77e+08       ***  1.24e+10       ***
  2e+03  2.31e+08       ***  1.77e+10       ***

Reactant = W3
   T(K)        W1        W2        W3        P1
    500       ***  2.36e+06       ***  3.64e+15
    600       ***  4.19e+07       ***  4.67e+15
    700       ***  3.27e+08       ***  5.23e+15
    800       ***  1.52e+09       ***  5.42e+15
    900       ***  5.02e+09       ***  5.36e+15
  1e+03       ***   1.3e+10       ***  5.15e+15
1.1e+03       ***  2.82e+10       ***  4.86e+15
1.2e+03       ***  5.36e+10       ***  4.54e+15
1.3e+03       ***  9.21e+10       ***   4.2e+15
1.4e+03       ***  1.46e+11       ***  3.87e+15
1.5e+03       ***  2.18e+11       ***  3.56e+15
1.6e+03       ***  3.08e+11       ***  3.27e+15
1.7e+03       ***  4.18e+11       ***     3e+15
1.8e+03       ***  5.48e+11       ***  2.76e+15
1.9e+03       ***  6.96e+11       ***  2.53e+15
  2e+03       ***  8.63e+11       ***  2.33e+15

Reactant = P1
   T(K)        W1        W2        W3        P1
    500       ***       ***  2.21e-10       ***
    600       ***       ***  2.28e-10       ***
    700       ***       ***  2.34e-10       ***
    800       ***       ***  2.39e-10       ***
    900       ***       ***  2.44e-10       ***
  1e+03       ***       ***  2.48e-10       ***
1.1e+03       ***       ***  2.52e-10       ***
1.2e+03       ***       ***  2.56e-10       ***
1.3e+03       ***       ***  2.59e-10       ***
1.4e+03       ***       ***  2.63e-10       ***
1.5e+03       ***       ***  2.66e-10       ***
1.6e+03       ***       ***  2.69e-10       ***
1.7e+03       ***       ***  2.71e-10       ***
1.8e+03       ***       ***  2.74e-10       ***
1.9e+03       ***       ***  2.76e-10       ***
  2e+03       ***       ***  2.79e-10       ***

Capture/Escape Rate Coefficients:

   T(K)        W1        W2        W3        P1
    500   0.00979       608  3.64e+15  2.21e-10
    600      4.06  1.63e+04  4.67e+15  2.28e-10
    700       309  2.12e+05  5.23e+15  2.34e-10
    800  8.07e+03  1.62e+06  5.42e+15  2.39e-10
    900  1.03e+05   8.3e+06  5.36e+15  2.44e-10
  1e+03  7.95e+05  3.16e+07  5.15e+15  2.48e-10
1.1e+03  4.24e+06   9.6e+07  4.86e+15  2.52e-10
1.2e+03  1.72e+07  2.45e+08  4.54e+15  2.56e-10
1.3e+03  5.61e+07  5.48e+08   4.2e+15  2.59e-10
1.4e+03  1.55e+08   1.1e+09  3.87e+15  2.63e-10
1.5e+03  3.74e+08  2.02e+09  3.56e+15  2.66e-10
1.6e+03  8.09e+08  3.46e+09  3.27e+15  2.69e-10
1.7e+03   1.6e+09  5.58e+09     3e+15  2.71e-10
1.8e+03  2.93e+09  8.57e+09  2.76e+15  2.74e-10
1.9e+03  5.04e+09  1.26e+10  2.53e+15  2.76e-10
  2e+03  8.21e+09  1.79e+10  2.33e+15  2.79e-10

______________________________________________________________________________________

Pressure-Species Rate Tables:

Reactant = W1   Temperature = 500 K

   P(atm)        W2        W3        P1      Loss
      0.1 -8.32e-05 -2.12e-10  4.32e-05   0.00978
        1 -8.69e-07  3.92e-09  5.86e-06   0.00976
       10 -2.39e-05 -2.74e-10  5.24e-07   0.00981
      100   0.00978   2.6e-11   4.3e-08    0.0101
      O-O   0.00979       ***       ***   0.00979

Reactant = W1   Temperature = 600 K

   P(atm)        W2        W3        P1      Loss
      0.1      3.72       ***     0.111      3.83
        1         4       ***    0.0202      4.02
       10      4.05  1.06e-09   0.00233      4.05
      100      4.05  5.81e-10  0.000232      4.05
      O-O      4.06       ***       ***      4.06

Reactant = W1   Temperature = 700 K

   P(atm)        W2        W3        P1      Loss
      0.1       230       ***      25.6       255
        1       290       ***      7.59       298
       10       306       ***       1.1       307
      100       308       ***     0.117       308
      O-O       309       ***       ***       309

Reactant = W1   Temperature = 800 K

   P(atm)        W2        W3        P1      Loss
      0.1  4.02e+03       ***  1.15e+03  5.17e+03
        1  6.64e+03       ***       588  7.23e+03
       10  7.81e+03       ***       120  7.93e+03
      100  8.03e+03       ***      14.3  8.05e+03
      O-O  8.07e+03       ***       ***  8.07e+03

Reactant = W1   Temperature = 900 K

   P(atm)        W2        W3        P1      Loss
      0.1  2.83e+04       ***  1.57e+04   4.4e+04
        1  6.47e+04       ***  1.41e+04  7.88e+04
       10  9.33e+04       ***  4.55e+03  9.79e+04
      100  1.02e+05       ***       653  1.02e+05
      O-O  1.03e+05       ***       ***  1.03e+05

Reactant = W1   Temperature = 1e+03 K

   P(atm)        W2        W3        P1      Loss
      0.1  1.08e+05       ***  8.68e+04  1.95e+05
        1  3.29e+05       ***  1.36e+05  4.65e+05
       10  6.25e+05       ***  7.45e+04  6.99e+05
      100  7.66e+05       ***  1.43e+04   7.8e+05
      O-O  7.95e+05       ***       ***  7.95e+05

Reactant = W1   Temperature = 1.1e+03 K

   P(atm)        W2        W3        P1      Loss
      0.1   2.9e+05       ***  2.47e+05  5.37e+05
        1  1.05e+06       ***  6.45e+05  1.69e+06
       10  2.63e+06       ***  6.12e+05  3.24e+06
      100  3.88e+06       ***  1.74e+05  4.05e+06
      O-O  4.24e+06       ***       ***  4.24e+06

Reactant = W1   Temperature = 1.2e+03 K

   P(atm)        W2        W3        P1      Loss
      0.1  5.64e+05       ***  5.13e+05  1.08e+06
        1  2.28e+06       ***  1.95e+06  4.23e+06
       10  7.46e+06       ***  3.05e+06  1.05e+07
      100  1.42e+07       ***  1.36e+06  1.55e+07
      O-O  1.72e+07       ***       ***  1.72e+07

Reactant = W1   Temperature = 1.3e+03 K

   P(atm)        W2        W3        P1      Loss
      0.1     1e+06       ***  8.14e+05  1.81e+06
        1  4.06e+06       ***   4.1e+06  8.16e+06
       10  1.57e+07       ***  9.77e+06  2.55e+07
      100  3.91e+07       ***  7.03e+06  4.62e+07
      O-O  5.61e+07       ***       ***  5.61e+07

Reactant = W1   Temperature = 1.4e+03 K

   P(atm)        W2        W3        P1      Loss
      0.1  1.53e+06       ***  1.01e+06  2.55e+06
        1  6.14e+06       ***  6.51e+06  1.26e+07
       10  2.61e+07       ***  2.21e+07  4.82e+07
      100  8.45e+07       ***  2.56e+07   1.1e+08
      O-O  1.55e+08       ***       ***  1.55e+08

Reactant = W1   Temperature = 1.5e+03 K

   P(atm)        W2        W3        P1      Loss
      0.1  2.19e+06       ***  1.12e+06  3.32e+06
        1  8.53e+06       ***  8.65e+06  1.72e+07
       10  3.71e+07       ***  3.87e+07  7.58e+07
      100  1.48e+08       ***   6.9e+07  2.17e+08
      O-O  3.74e+08       ***       ***  3.74e+08

Reactant = W1   Temperature = 1.6e+03 K

   P(atm)        W2        W3        P1      Loss
      0.1  3.01e+06       ***  1.18e+06  4.19e+06
        1  1.13e+07       ***  1.03e+07  2.15e+07
       10  4.76e+07       ***  5.64e+07  1.04e+08
      100  2.17e+08       ***  1.44e+08  3.61e+08
      O-O  8.09e+08       ***       ***  8.09e+08

Reactant = W1   Temperature = 1.7e+03 K

   P(atm)        W2        W3        P1      Loss
      0.1  4.05e+06       ***  1.24e+06  5.28e+06
        1  1.44e+07       ***  1.13e+07  2.57e+07
       10  5.76e+07       ***  7.24e+07   1.3e+08
      100  2.79e+08       ***  2.47e+08  5.26e+08
      O-O   1.6e+09       ***       ***   1.6e+09

Reactant = W1   Temperature = 1.8e+03 K

   P(atm)        W2        W3        P1      Loss
      0.1  5.53e+06       ***   1.2e+06  6.73e+06
        1  1.88e+07       ***  1.14e+07  3.01e+07
       10  6.98e+07       ***  8.32e+07  1.53e+08
      100  3.34e+08       ***  3.57e+08   6.9e+08
      O-O  2.93e+09       ***       ***  2.93e+09

Reactant = W1   Temperature = 1.9e+03 K

   P(atm)        W2        W3        P1      Loss
      0.1  6.85e+06       ***  1.01e+06  7.87e+06
        1  2.27e+07       ***  1.03e+07   3.3e+07
       10  8.07e+07       ***  8.67e+07  1.67e+08
      100  3.73e+08       ***  4.51e+08  8.24e+08
      O-O  5.04e+09       ***       ***  5.04e+09

Reactant = W1   Temperature = 2e+03 K

   P(atm)        W2        W3        P1      Loss
      0.1  8.99e+06       ***  9.98e+05  9.99e+06
        1  2.77e+07       ***  1.04e+07  3.82e+07
       10  9.19e+07       ***  9.22e+07  1.84e+08
      100  3.99e+08       ***  5.43e+08  9.42e+08
      O-O  8.21e+09       ***       ***  8.21e+09

Reactant = W2   Temperature = 500 K

   P(atm)        W1        W3        P1      Loss
      0.1     -3.54  6.65e-06       182       590
        1   -0.0369   2.6e-06       190       606
       10     -1.02  2.15e-05       191       608
      100       415  0.000103       191       606
      O-O       416       192       ***       608

Reactant = W2   Temperature = 600 K

   P(atm)        W1        W3        P1      Loss
      0.1  6.17e+03       ***  7.93e+03  1.41e+04
        1  6.64e+03       ***  9.24e+03  1.59e+04
       10  6.71e+03    0.0035  9.49e+03  1.62e+04
      100  6.72e+03    0.0208  9.52e+03  1.62e+04
      O-O  6.73e+03  9.55e+03       ***  1.63e+04

Reactant = W2   Temperature = 700 K

   P(atm)        W1        W3        P1      Loss
      0.1  3.75e+04       ***  1.01e+05  1.38e+05
        1  4.74e+04       ***  1.46e+05  1.93e+05
       10  4.99e+04       ***  1.59e+05   2.1e+05
      100  5.03e+04       ***  1.61e+05  2.11e+05
      O-O  5.04e+04  1.62e+05       ***  2.12e+05

Reactant = W2   Temperature = 800 K

   P(atm)        W1        W3        P1      Loss
      0.1  1.16e+05       ***  5.41e+05  6.57e+05
        1  1.91e+05       ***  1.06e+06  1.25e+06
       10  2.25e+05       ***  1.32e+06  1.55e+06
      100  2.32e+05       ***  1.38e+06  1.61e+06
      O-O  2.33e+05  1.39e+06       ***  1.62e+06

Reactant = W2   Temperature = 900 K

   P(atm)        W1        W3        P1      Loss
      0.1  2.14e+05       ***   1.6e+06  1.81e+06
        1  4.88e+05       ***  4.29e+06  4.78e+06
       10  7.05e+05       ***  6.68e+06  7.38e+06
      100  7.68e+05       ***   7.4e+06  8.17e+06
      O-O  7.78e+05  7.53e+06       ***   8.3e+06

Reactant = W2   Temperature = 1e+03 K

   P(atm)        W1        W3        P1      Loss
      0.1  2.82e+05       ***  3.26e+06  3.54e+06
        1  8.57e+05       ***  1.13e+07  1.21e+07
       10  1.63e+06       ***  2.28e+07  2.45e+07
      100     2e+06       ***  2.84e+07  3.04e+07
      O-O  2.07e+06  2.95e+07       ***  3.16e+07

Reactant = W2   Temperature = 1.1e+03 K

   P(atm)        W1        W3        P1      Loss
      0.1  3.19e+05       ***  5.61e+06  5.93e+06
        1  1.15e+06       ***  2.21e+07  2.33e+07
       10   2.9e+06       ***  5.72e+07  6.01e+07
      100  4.28e+06       ***  8.39e+07  8.82e+07
      O-O  4.68e+06  9.13e+07       ***   9.6e+07

Reactant = W2   Temperature = 1.2e+03 K

   P(atm)        W1        W3        P1      Loss
      0.1  3.06e+05       ***  7.69e+06     8e+06
        1  1.24e+06       ***  3.39e+07  3.51e+07
       10  4.05e+06       ***   1.1e+08  1.14e+08
      100  7.68e+06       ***     2e+08  2.08e+08
      O-O  9.31e+06  2.36e+08       ***  2.45e+08

Reactant = W2   Temperature = 1.3e+03 K

   P(atm)        W1        W3        P1      Loss
      0.1     3e+05       ***     1e+07  1.03e+07
        1  1.22e+06       ***  4.54e+07  4.66e+07
       10  4.71e+06       ***  1.74e+08  1.79e+08
      100  1.17e+07       ***  3.97e+08  4.08e+08
      O-O  1.68e+07  5.31e+08       ***  5.48e+08

Reactant = W2   Temperature = 1.4e+03 K

   P(atm)        W1        W3        P1      Loss
      0.1  2.78e+05       ***  1.26e+07  1.29e+07
        1  1.12e+06       ***  5.57e+07  5.68e+07
       10  4.75e+06       ***  2.37e+08  2.42e+08
      100  1.54e+07       ***   6.7e+08  6.85e+08
      O-O  2.82e+07  1.07e+09       ***   1.1e+09

Reactant = W2   Temperature = 1.5e+03 K

   P(atm)        W1        W3        P1      Loss
      0.1   2.6e+05       ***  1.53e+07  1.55e+07
        1  1.01e+06       ***  6.45e+07  6.55e+07
       10  4.39e+06       ***  2.91e+08  2.96e+08
      100  1.75e+07       ***  9.86e+08     1e+09
      O-O  4.43e+07  1.98e+09       ***  2.02e+09

Reactant = W2   Temperature = 1.6e+03 K

   P(atm)        W1        W3        P1      Loss
      0.1  2.46e+05       ***  1.78e+07  1.81e+07
        1  9.22e+05       ***  7.18e+07  7.27e+07
       10   3.9e+06       ***  3.32e+08  3.36e+08
      100  1.77e+07       ***   1.3e+09  1.31e+09
      O-O  6.63e+07  3.39e+09       ***  3.46e+09

Reactant = W2   Temperature = 1.7e+03 K

   P(atm)        W1        W3        P1      Loss
      0.1   2.4e+05       ***  1.97e+07     2e+07
        1  8.57e+05       ***  7.72e+07   7.8e+07
       10  3.42e+06       ***  3.58e+08  3.62e+08
      100  1.66e+07       ***  1.56e+09  1.58e+09
      O-O   9.5e+07  5.49e+09       ***  5.58e+09

Reactant = W2   Temperature = 1.8e+03 K

   P(atm)        W1        W3        P1      Loss
      0.1  2.48e+05       ***   2.2e+07  2.22e+07
        1  8.42e+05       ***  8.54e+07  8.62e+07
       10  3.13e+06       ***  3.87e+08   3.9e+08
      100   1.5e+07       ***  1.78e+09   1.8e+09
      O-O  1.32e+08  8.44e+09       ***  8.57e+09

Reactant = W2   Temperature = 1.9e+03 K

   P(atm)        W1        W3        P1      Loss
      0.1   2.4e+05       ***   2.2e+07  2.22e+07
        1  7.95e+05       ***  9.11e+07  9.19e+07
       10  2.83e+06       ***  4.07e+08   4.1e+08
      100  1.31e+07       ***  1.95e+09  1.96e+09
      O-O  1.77e+08  1.24e+10       ***  1.26e+10

Reactant = W2   Temperature = 2e+03 K

   P(atm)        W1        W3        P1      Loss
      0.1  2.53e+05       ***  1.81e+07  1.84e+07
        1  7.81e+05       ***  8.58e+07  8.66e+07
       10  2.59e+06       ***  3.97e+08     4e+08
      100  1.12e+07       ***  1.99e+09  2.01e+09
      O-O  2.31e+08  1.77e+10       ***  1.79e+10

Reactant = W3   Temperature = 500 K

   P(atm)        W1        W2        P1      Loss
      0.1  5.53e-09  9.31e-07  1.61e+10  1.61e+10
        1  8.96e-10  1.37e-05  1.39e+11  1.39e+11
       10 -1.38e-13  -8.8e-08   1.1e+12   1.1e+12
      100  1.58e-12 -1.66e-06  7.41e+12  7.41e+12
      O-O       ***  2.36e+06  3.64e+15  3.64e+15

Reactant = W3   Temperature = 600 K

   P(atm)        W1        W2        P1      Loss
      0.1       ***       ***       ***       ***
        1       ***       ***       ***       ***
       10 -1.99e-10 -2.82e-05   4.8e+12   4.8e+12
      100 -1.27e-10 -0.000207  2.49e+13  2.49e+13
      O-O       ***  4.19e+07  4.67e+15  4.67e+15

Reactant = W3   Temperature = 700 K

   P(atm)        W1        W2        P1      Loss
      0.1       ***       ***       ***       ***
        1       ***       ***       ***       ***
       10       ***       ***       ***       ***
      100       ***       ***       ***       ***
      O-O       ***  3.27e+08  5.23e+15  5.23e+15

Reactant = W3   Temperature = 800 K

   P(atm)        W1        W2        P1      Loss
      0.1       ***       ***       ***       ***
        1       ***       ***       ***       ***
       10       ***       ***       ***       ***
      100       ***       ***       ***       ***
      O-O       ***  1.52e+09  5.42e+15  5.42e+15

Reactant = W3   Temperature = 900 K

   P(atm)        W1        W2        P1      Loss
      0.1       ***       ***       ***       ***
        1       ***       ***       ***       ***
       10       ***       ***       ***       ***
      100       ***       ***       ***       ***
      O-O       ***  5.02e+09  5.36e+15  5.36e+15

Reactant = W3   Temperature = 1e+03 K

   P(atm)        W1        W2        P1      Loss
      0.1       ***       ***       ***       ***
        1       ***       ***       ***       ***
       10       ***       ***       ***       ***
      100       ***       ***       ***       ***
      O-O       ***   1.3e+10  5.15e+15  5.15e+15

Reactant = W3   Temperature = 1.1e+03 K

   P(atm)        W1        W2        P1      Loss
      0.1       ***       ***       ***       ***
        1       ***       ***       ***       ***
       10       ***       ***       ***       ***
      100       ***       ***       ***       ***
      O-O       ***  2.82e+10  4.86e+15  4.86e+15

Reactant = W3   Temperature = 1.2e+03 K

   P(atm)        W1        W2        P1      Loss
      0.1       ***       ***       ***       ***
        1       ***       ***       ***       ***
       10       ***       ***       ***       ***
      100       ***       ***       ***       ***
      O-O       ***  5.36e+10  4.54e+15  4.54e+15

Reactant = W3   Temperature = 1.3e+03 K

   P(atm)        W1        W2        P1      Loss
      0.1       ***       ***       ***       ***
        1       ***       ***       ***       ***
       10       ***       ***       ***       ***
      100       ***       ***       ***       ***
      O-O       ***  9.21e+10   4.2e+15   4.2e+15

Reactant = W3   Temperature = 1.4e+03 K

   P(atm)        W1        W2        P1      Loss
      0.1       ***       ***       ***       ***
        1       ***       ***       ***       ***
       10       ***       ***       ***       ***
      100       ***       ***       ***       ***
      O-O       ***  1.46e+11  3.87e+15  3.87e+15

Reactant = W3   Temperature = 1.5e+03 K

   P(atm)        W1        W2        P1      Loss
      0.1       ***       ***       ***       ***
        1       ***       ***       ***       ***
       10       ***       ***       ***       ***
      100       ***       ***       ***       ***
      O-O       ***  2.18e+11  3.56e+15  3.56e+15

Reactant = W3   Temperature = 1.6e+03 K

   P(atm)        W1        W2        P1      Loss
      0.1       ***       ***       ***       ***
        1       ***       ***       ***       ***
       10       ***       ***       ***       ***
      100       ***       ***       ***       ***
      O-O       ***  3.08e+11  3.27e+15  3.27e+15

Reactant = W3   Temperature = 1.7e+03 K

   P(atm)        W1        W2        P1      Loss
      0.1       ***       ***       ***       ***
        1       ***       ***       ***       ***
       10       ***       ***       ***       ***
      100       ***       ***       ***       ***
      O-O       ***  4.18e+11     3e+15     3e+15

Reactant = W3   Temperature = 1.8e+03 K

   P(atm)        W1        W2        P1      Loss
      0.1       ***       ***       ***       ***
        1       ***       ***       ***       ***
       10       ***       ***       ***       ***
      100       ***       ***       ***       ***
      O-O       ***  5.48e+11  2.76e+15  2.76e+15

Reactant = W3   Temperature = 1.9e+03 K

   P(atm)        W1        W2        P1      Loss
      0.1       ***       ***       ***       ***
        1       ***       ***       ***       ***
       10       ***       ***       ***       ***
      100       ***       ***       ***       ***
      O-O       ***  6.96e+11  2.53e+15  2.53e+15

Reactant = W3   Temperature = 2e+03 K

   P(atm)        W1        W2        P1      Loss
      0.1       ***       ***       ***       ***
        1       ***       ***       ***       ***
       10       ***       ***       ***       ***
      100       ***       ***       ***       ***
      O-O       ***  8.63e+11  2.33e+15  2.33e+15

Reactant = P1   Temperature = 500 K

   P(atm)        W1        W2        W3      Loss
      0.1  1.37e-21  1.36e-19  9.44e-16  9.44e-16
        1  1.86e-22  1.42e-19  8.18e-15  8.18e-15
       10  1.66e-23  1.43e-19   6.5e-14   6.5e-14
      100  1.37e-24  1.43e-19  4.43e-13  4.43e-13
      O-O       ***       ***  2.21e-10  2.21e-10

Reactant = P1   Temperature = 600 K

   P(atm)        W1        W2        W3      Loss
      0.1  3.94e-20   1.7e-18       ***  1.74e-18
        1  7.19e-21  1.98e-18       ***  1.99e-18
       10  8.29e-22  2.03e-18  2.09e-13  2.09e-13
      100  8.25e-23  2.04e-18  1.15e-12  1.15e-12
      O-O       ***       ***  2.28e-10  2.28e-10

Reactant = P1   Temperature = 700 K

   P(atm)        W1        W2        W3      Loss
      0.1  3.78e-19  9.11e-18       ***  9.49e-18
        1  1.12e-19  1.32e-17       ***  1.33e-17
       10  1.62e-20  1.44e-17       ***  1.44e-17
      100  1.72e-21  1.46e-17       ***  1.46e-17
      O-O       ***       ***  2.34e-10  2.34e-10

Reactant = P1   Temperature = 800 K

   P(atm)        W1        W2        W3      Loss
      0.1  1.61e-18  2.62e-17       ***  2.78e-17
        1   8.2e-19  5.12e-17       ***   5.2e-17
       10  1.68e-19  6.41e-17       ***  6.43e-17
      100  1.99e-20  6.67e-17       ***  6.67e-17
      O-O       ***       ***  2.39e-10  2.39e-10

Reactant = P1   Temperature = 900 K

   P(atm)        W1        W2        W3      Loss
      0.1  3.58e-18  4.84e-17       ***   5.2e-17
        1  3.23e-18   1.3e-16       ***  1.33e-16
       10  1.04e-18  2.03e-16       ***  2.04e-16
      100   1.5e-19  2.24e-16       ***  2.25e-16
      O-O       ***       ***  2.44e-10  2.44e-10

Reactant = P1   Temperature = 1e+03 K

   P(atm)        W1        W2        W3      Loss
      0.1   4.8e-18   6.9e-17       ***  7.38e-17
        1  7.54e-18  2.39e-16       ***  2.46e-16
       10  4.11e-18  4.84e-16       ***  4.88e-16
      100  7.91e-19  6.01e-16       ***  6.02e-16
      O-O       ***       ***  2.48e-10  2.48e-10

Reactant = P1   Temperature = 1.1e+03 K

   P(atm)        W1        W2        W3      Loss
      0.1  4.36e-18  8.97e-17       ***  9.41e-17
        1  1.14e-17  3.54e-16       ***  3.66e-16
       10  1.08e-17  9.16e-16       ***  9.27e-16
      100  3.07e-18  1.34e-15       ***  1.35e-15
      O-O       ***       ***  2.52e-10  2.52e-10

Reactant = P1   Temperature = 1.2e+03 K

   P(atm)        W1        W2        W3      Loss
      0.1  3.57e-18  9.85e-17       ***  1.02e-16
        1  1.36e-17  4.34e-16       ***  4.47e-16
       10  2.12e-17  1.41e-15       ***  1.43e-15
      100  9.43e-18  2.56e-15       ***  2.57e-15
      O-O       ***       ***  2.56e-10  2.56e-10

Reactant = P1   Temperature = 1.3e+03 K

   P(atm)        W1        W2        W3      Loss
      0.1  2.62e-18  1.07e-16       ***   1.1e-16
        1  1.32e-17  4.86e-16       ***  4.99e-16
       10  3.14e-17  1.86e-15       ***  1.89e-15
      100  2.26e-17  4.25e-15       ***  4.27e-15
      O-O       ***       ***  2.59e-10  2.59e-10

Reactant = P1   Temperature = 1.4e+03 K

   P(atm)        W1        W2        W3      Loss
      0.1  1.71e-18  1.16e-16       ***  1.18e-16
        1   1.1e-17  5.16e-16       ***  5.27e-16
       10  3.72e-17   2.2e-15       ***  2.23e-15
      100  4.31e-17   6.2e-15       ***  6.25e-15
      O-O       ***       ***  2.63e-10  2.63e-10

Reactant = P1   Temperature = 1.5e+03 K

   P(atm)        W1        W2        W3      Loss
      0.1   1.1e-18  1.26e-16       ***  1.27e-16
        1  8.43e-18  5.31e-16       ***  5.39e-16
       10  3.77e-17   2.4e-15       ***  2.43e-15
      100  6.72e-17  8.11e-15       ***  8.18e-15
      O-O       ***       ***  2.66e-10  2.66e-10

Reactant = P1   Temperature = 1.6e+03 K

   P(atm)        W1        W2        W3      Loss
      0.1  7.24e-19  1.33e-16       ***  1.34e-16
        1  6.27e-18  5.36e-16       ***  5.42e-16
       10  3.45e-17  2.48e-15       ***  2.51e-15
      100  8.82e-17  9.68e-15       ***  9.77e-15
      O-O       ***       ***  2.69e-10  2.69e-10

Reactant = P1   Temperature = 1.7e+03 K

   P(atm)        W1        W2        W3      Loss
      0.1  5.07e-19  1.36e-16       ***  1.36e-16
        1  4.62e-18  5.31e-16       ***  5.36e-16
       10  2.96e-17  2.47e-15       ***   2.5e-15
      100  1.01e-16  1.07e-14       ***  1.08e-14
      O-O       ***       ***  2.71e-10  2.71e-10

Reactant = P1   Temperature = 1.8e+03 K

   P(atm)        W1        W2        W3      Loss
      0.1  3.48e-19  1.42e-16       ***  1.42e-16
        1  3.29e-18   5.5e-16       ***  5.54e-16
       10  2.41e-17  2.49e-15       ***  2.52e-15
      100  1.03e-16  1.15e-14       ***  1.16e-14
      O-O       ***       ***  2.74e-10  2.74e-10

Reactant = P1   Temperature = 1.9e+03 K

   P(atm)        W1        W2        W3      Loss
      0.1  2.17e-19  1.34e-16       ***  1.34e-16
        1  2.21e-18  5.55e-16       ***  5.58e-16
       10  1.86e-17  2.48e-15       ***   2.5e-15
      100  9.66e-17  1.19e-14       ***   1.2e-14
      O-O       ***       ***  2.76e-10  2.76e-10

Reactant = P1   Temperature = 2e+03 K

   P(atm)        W1        W2        W3      Loss
      0.1  1.64e-19  1.05e-16       ***  1.06e-16
        1  1.72e-18     5e-16       ***  5.02e-16
       10  1.51e-17  2.32e-15       ***  2.33e-15
      100  8.93e-17  1.16e-14       ***  1.17e-14
      O-O       ***       ***  2.79e-10  2.79e-10

______________________________________________________________________________________

Temperature-Species Rate Tables:

Reactant = W1   Pressure = 0.1 atm

   T(K)        W2        W3        P1      Loss   Capture
    500 -8.32e-05 -2.12e-10  4.32e-05   0.00978   0.00979
    600      3.72       ***     0.111      3.83      4.06
    700       230       ***      25.6       255       309
    800  4.02e+03       ***  1.15e+03  5.17e+03  8.07e+03
    900  2.83e+04       ***  1.57e+04   4.4e+04  1.03e+05
  1e+03  1.08e+05       ***  8.68e+04  1.95e+05  7.95e+05
1.1e+03   2.9e+05       ***  2.47e+05  5.37e+05  4.24e+06
1.2e+03  5.64e+05       ***  5.13e+05  1.08e+06  1.72e+07
1.3e+03     1e+06       ***  8.14e+05  1.81e+06  5.61e+07
1.4e+03  1.53e+06       ***  1.01e+06  2.55e+06  1.55e+08
1.5e+03  2.19e+06       ***  1.12e+06  3.32e+06  3.74e+08
1.6e+03  3.01e+06       ***  1.18e+06  4.19e+06  8.09e+08
1.7e+03  4.05e+06       ***  1.24e+06  5.28e+06   1.6e+09
1.8e+03  5.53e+06       ***   1.2e+06  6.73e+06  2.93e+09
1.9e+03  6.85e+06       ***  1.01e+06  7.87e+06  5.04e+09
  2e+03  8.99e+06       ***  9.98e+05  9.99e+06  8.21e+09

Reactant = W1   Pressure = 1 atm

   T(K)        W2        W3        P1      Loss   Capture
    500 -8.69e-07  3.92e-09  5.86e-06   0.00976   0.00979
    600         4       ***    0.0202      4.02      4.06
    700       290       ***      7.59       298       309
    800  6.64e+03       ***       588  7.23e+03  8.07e+03
    900  6.47e+04       ***  1.41e+04  7.88e+04  1.03e+05
  1e+03  3.29e+05       ***  1.36e+05  4.65e+05  7.95e+05
1.1e+03  1.05e+06       ***  6.45e+05  1.69e+06  4.24e+06
1.2e+03  2.28e+06       ***  1.95e+06  4.23e+06  1.72e+07
1.3e+03  4.06e+06       ***   4.1e+06  8.16e+06  5.61e+07
1.4e+03  6.14e+06       ***  6.51e+06  1.26e+07  1.55e+08
1.5e+03  8.53e+06       ***  8.65e+06  1.72e+07  3.74e+08
1.6e+03  1.13e+07       ***  1.03e+07  2.15e+07  8.09e+08
1.7e+03  1.44e+07       ***  1.13e+07  2.57e+07   1.6e+09
1.8e+03  1.88e+07       ***  1.14e+07  3.01e+07  2.93e+09
1.9e+03  2.27e+07       ***  1.03e+07   3.3e+07  5.04e+09
  2e+03  2.77e+07       ***  1.04e+07  3.82e+07  8.21e+09

Reactant = W1   Pressure = 10 atm

   T(K)        W2        W3        P1      Loss   Capture
    500 -2.39e-05 -2.74e-10  5.24e-07   0.00981   0.00979
    600      4.05  1.06e-09   0.00233      4.05      4.06
    700       306       ***       1.1       307       309
    800  7.81e+03       ***       120  7.93e+03  8.07e+03
    900  9.33e+04       ***  4.55e+03  9.79e+04  1.03e+05
  1e+03  6.25e+05       ***  7.45e+04  6.99e+05  7.95e+05
1.1e+03  2.63e+06       ***  6.12e+05  3.24e+06  4.24e+06
1.2e+03  7.46e+06       ***  3.05e+06  1.05e+07  1.72e+07
1.3e+03  1.57e+07       ***  9.77e+06  2.55e+07  5.61e+07
1.4e+03  2.61e+07       ***  2.21e+07  4.82e+07  1.55e+08
1.5e+03  3.71e+07       ***  3.87e+07  7.58e+07  3.74e+08
1.6e+03  4.76e+07       ***  5.64e+07  1.04e+08  8.09e+08
1.7e+03  5.76e+07       ***  7.24e+07   1.3e+08   1.6e+09
1.8e+03  6.98e+07       ***  8.32e+07  1.53e+08  2.93e+09
1.9e+03  8.07e+07       ***  8.67e+07  1.67e+08  5.04e+09
  2e+03  9.19e+07       ***  9.22e+07  1.84e+08  8.21e+09

Reactant = W1   Pressure = 100 atm

   T(K)        W2        W3        P1      Loss   Capture
    500   0.00978   2.6e-11   4.3e-08    0.0101   0.00979
    600      4.05  5.81e-10  0.000232      4.05      4.06
    700       308       ***     0.117       308       309
    800  8.03e+03       ***      14.3  8.05e+03  8.07e+03
    900  1.02e+05       ***       653  1.02e+05  1.03e+05
  1e+03  7.66e+05       ***  1.43e+04   7.8e+05  7.95e+05
1.1e+03  3.88e+06       ***  1.74e+05  4.05e+06  4.24e+06
1.2e+03  1.42e+07       ***  1.36e+06  1.55e+07  1.72e+07
1.3e+03  3.91e+07       ***  7.03e+06  4.62e+07  5.61e+07
1.4e+03  8.45e+07       ***  2.56e+07   1.1e+08  1.55e+08
1.5e+03  1.48e+08       ***   6.9e+07  2.17e+08  3.74e+08
1.6e+03  2.17e+08       ***  1.44e+08  3.61e+08  8.09e+08
1.7e+03  2.79e+08       ***  2.47e+08  5.26e+08   1.6e+09
1.8e+03  3.34e+08       ***  3.57e+08   6.9e+08  2.93e+09
1.9e+03  3.73e+08       ***  4.51e+08  8.24e+08  5.04e+09
  2e+03  3.99e+08       ***  5.43e+08  9.42e+08  8.21e+09

Reactant = W2   Pressure = 0.1 atm

   T(K)        W1        W3        P1      Loss   Capture
    500     -3.54  6.65e-06       182       590       608
    600  6.17e+03       ***  7.93e+03  1.41e+04  1.63e+04
    700  3.75e+04       ***  1.01e+05  1.38e+05  2.12e+05
    800  1.16e+05       ***  5.41e+05  6.57e+05  1.62e+06
    900  2.14e+05       ***   1.6e+06  1.81e+06   8.3e+06
  1e+03  2.82e+05       ***  3.26e+06  3.54e+06  3.16e+07
1.1e+03  3.19e+05       ***  5.61e+06  5.93e+06   9.6e+07
1.2e+03  3.06e+05       ***  7.69e+06     8e+06  2.45e+08
1.3e+03     3e+05       ***     1e+07  1.03e+07  5.48e+08
1.4e+03  2.78e+05       ***  1.26e+07  1.29e+07   1.1e+09
1.5e+03   2.6e+05       ***  1.53e+07  1.55e+07  2.02e+09
1.6e+03  2.46e+05       ***  1.78e+07  1.81e+07  3.46e+09
1.7e+03   2.4e+05       ***  1.97e+07     2e+07  5.58e+09
1.8e+03  2.48e+05       ***   2.2e+07  2.22e+07  8.57e+09
1.9e+03   2.4e+05       ***   2.2e+07  2.22e+07  1.26e+10
  2e+03  2.53e+05       ***  1.81e+07  1.84e+07  1.79e+10

Reactant = W2   Pressure = 1 atm

   T(K)        W1        W3        P1      Loss   Capture
    500   -0.0369   2.6e-06       190       606       608
    600  6.64e+03       ***  9.24e+03  1.59e+04  1.63e+04
    700  4.74e+04       ***  1.46e+05  1.93e+05  2.12e+05
    800  1.91e+05       ***  1.06e+06  1.25e+06  1.62e+06
    900  4.88e+05       ***  4.29e+06  4.78e+06   8.3e+06
  1e+03  8.57e+05       ***  1.13e+07  1.21e+07  3.16e+07
1.1e+03  1.15e+06       ***  2.21e+07  2.33e+07   9.6e+07
1.2e+03  1.24e+06       ***  3.39e+07  3.51e+07  2.45e+08
1.3e+03  1.22e+06       ***  4.54e+07  4.66e+07  5.48e+08
1.4e+03  1.12e+06       ***  5.57e+07  5.68e+07   1.1e+09
1.5e+03  1.01e+06       ***  6.45e+07  6.55e+07  2.02e+09
1.6e+03  9.22e+05       ***  7.18e+07  7.27e+07  3.46e+09
1.7e+03  8.57e+05       ***  7.72e+07   7.8e+07  5.58e+09
1.8e+03  8.42e+05       ***  8.54e+07  8.62e+07  8.57e+09
1.9e+03  7.95e+05       ***  9.11e+07  9.19e+07  1.26e+10
  2e+03  7.81e+05       ***  8.58e+07  8.66e+07  1.79e+10

Reactant = W2   Pressure = 10 atm

   T(K)        W1        W3        P1      Loss   Capture
    500     -1.02  2.15e-05       191       608       608
    600  6.71e+03    0.0035  9.49e+03  1.62e+04  1.63e+04
    700  4.99e+04       ***  1.59e+05   2.1e+05  2.12e+05
    800  2.25e+05       ***  1.32e+06  1.55e+06  1.62e+06
    900  7.05e+05       ***  6.68e+06  7.38e+06   8.3e+06
  1e+03  1.63e+06       ***  2.28e+07  2.45e+07  3.16e+07
1.1e+03   2.9e+06       ***  5.72e+07  6.01e+07   9.6e+07
1.2e+03  4.05e+06       ***   1.1e+08  1.14e+08  2.45e+08
1.3e+03  4.71e+06       ***  1.74e+08  1.79e+08  5.48e+08
1.4e+03  4.75e+06       ***  2.37e+08  2.42e+08   1.1e+09
1.5e+03  4.39e+06       ***  2.91e+08  2.96e+08  2.02e+09
1.6e+03   3.9e+06       ***  3.32e+08  3.36e+08  3.46e+09
1.7e+03  3.42e+06       ***  3.58e+08  3.62e+08  5.58e+09
1.8e+03  3.13e+06       ***  3.87e+08   3.9e+08  8.57e+09
1.9e+03  2.83e+06       ***  4.07e+08   4.1e+08  1.26e+10
  2e+03  2.59e+06       ***  3.97e+08     4e+08  1.79e+10

Reactant = W2   Pressure = 100 atm

   T(K)        W1        W3        P1      Loss   Capture
    500       415  0.000103       191       606       608
    600  6.72e+03    0.0208  9.52e+03  1.62e+04  1.63e+04
    700  5.03e+04       ***  1.61e+05  2.11e+05  2.12e+05
    800  2.32e+05       ***  1.38e+06  1.61e+06  1.62e+06
    900  7.68e+05       ***   7.4e+06  8.17e+06   8.3e+06
  1e+03     2e+06       ***  2.84e+07  3.04e+07  3.16e+07
1.1e+03  4.28e+06       ***  8.39e+07  8.82e+07   9.6e+07
1.2e+03  7.68e+06       ***     2e+08  2.08e+08  2.45e+08
1.3e+03  1.17e+07       ***  3.97e+08  4.08e+08  5.48e+08
1.4e+03  1.54e+07       ***   6.7e+08  6.85e+08   1.1e+09
1.5e+03  1.75e+07       ***  9.86e+08     1e+09  2.02e+09
1.6e+03  1.77e+07       ***   1.3e+09  1.31e+09  3.46e+09
1.7e+03  1.66e+07       ***  1.56e+09  1.58e+09  5.58e+09
1.8e+03   1.5e+07       ***  1.78e+09   1.8e+09  8.57e+09
1.9e+03  1.31e+07       ***  1.95e+09  1.96e+09  1.26e+10
  2e+03  1.12e+07       ***  1.99e+09  2.01e+09  1.79e+10

Reactant = W3   Pressure = 0.1 atm

   T(K)        W1        W2        P1      Loss   Capture
    500  5.53e-09  9.31e-07  1.61e+10  1.61e+10  3.64e+15
    600       ***       ***       ***       ***  4.67e+15
    700       ***       ***       ***       ***  5.23e+15
    800       ***       ***       ***       ***  5.42e+15
    900       ***       ***       ***       ***  5.36e+15
  1e+03       ***       ***       ***       ***  5.15e+15
1.1e+03       ***       ***       ***       ***  4.86e+15
1.2e+03       ***       ***       ***       ***  4.54e+15
1.3e+03       ***       ***       ***       ***   4.2e+15
1.4e+03       ***       ***       ***       ***  3.87e+15
1.5e+03       ***       ***       ***       ***  3.56e+15
1.6e+03       ***       ***       ***       ***  3.27e+15
1.7e+03       ***       ***       ***       ***     3e+15
1.8e+03       ***       ***       ***       ***  2.76e+15
1.9e+03       ***       ***       ***       ***  2.53e+15
  2e+03       ***       ***       ***       ***  2.33e+15

Reactant = W3   Pressure = 1 atm

   T(K)        W1        W2        P1      Loss   Capture
    500  8.96e-10  1.37e-05  1.39e+11  1.39e+11  3.64e+15
    600       ***       ***       ***       ***  4.67e+15
    700       ***       ***       ***       ***  5.23e+15
    800       ***       ***       ***       ***  5.42e+15
    900       ***       ***       ***       ***  5.36e+15
  1e+03       ***       ***       ***       ***  5.15e+15
1.1e+03       ***       ***       ***       ***  4.86e+15
1.2e+03       ***       ***       ***       ***  4.54e+15
1.3e+03       ***       ***       ***       ***   4.2e+15
1.4e+03       ***       ***       ***       ***  3.87e+15
1.5e+03       ***       ***       ***       ***  3.56e+15
1.6e+03       ***       ***       ***       ***  3.27e+15
1.7e+03       ***       ***       ***       ***     3e+15
1.8e+03       ***       ***       ***       ***  2.76e+15
1.9e+03       ***       ***       ***       ***  2.53e+15
  2e+03       ***       ***       ***       ***  2.33e+15

Reactant = W3   Pressure = 10 atm

   T(K)        W1        W2        P1      Loss   Capture
    500 -1.38e-13  -8.8e-08   1.1e+12   1.1e+12  3.64e+15
    600 -1.99e-10 -2.82e-05   4.8e+12   4.8e+12  4.67e+15
    700       ***       ***       ***       ***  5.23e+15
    800       ***       ***       ***       ***  5.42e+15
    900       ***       ***       ***       ***  5.36e+15
  1e+03       ***       ***       ***       ***  5.15e+15
1.1e+03       ***       ***       ***       ***  4.86e+15
1.2e+03       ***       ***       ***       ***  4.54e+15
1.3e+03       ***       ***       ***       ***   4.2e+15
1.4e+03       ***       ***       ***       ***  3.87e+15
1.5e+03       ***       ***       ***       ***  3.56e+15
1.6e+03       ***       ***       ***       ***  3.27e+15
1.7e+03       ***       ***       ***       ***     3e+15
1.8e+03       ***       ***       ***       ***  2.76e+15
1.9e+03       ***       ***       ***       ***  2.53e+15
  2e+03       ***       ***       ***       ***  2.33e+15

Reactant = W3   Pressure = 100 atm

   T(K)        W1        W2        P1      Loss   Capture
    500  1.58e-12 -1.66e-06  7.41e+12  7.41e+12  3.64e+15
    600 -1.27e-10 -0.000207  2.49e+13  2.49e+13  4.67e+15
    700       ***       ***       ***       ***  5.23e+15
    800       ***       ***       ***       ***  5.42e+15
    900       ***       ***       ***       ***  5.36e+15
  1e+03       ***       ***       ***       ***  5.15e+15
1.1e+03       ***       ***       ***       ***  4.86e+15
1.2e+03       ***       ***       ***       ***  4.54e+15
1.3e+03       ***       ***       ***       ***   4.2e+15
1.4e+03       ***       ***       ***       ***  3.87e+15
1.5e+03       ***       ***       ***       ***  3.56e+15
1.6e+03       ***       ***       ***       ***  3.27e+15
1.7e+03       ***       ***       ***       ***     3e+15
1.8e+03       ***       ***       ***       ***  2.76e+15
1.9e+03       ***       ***       ***       ***  2.53e+15
  2e+03       ***       ***       ***       ***  2.33e+15

Reactant = P1   Pressure = 0.1 atm

   T(K)        W1        W2        W3      Loss   Capture
    500  1.37e-21  1.36e-19  9.44e-16  9.44e-16  2.21e-10
    600  3.94e-20   1.7e-18       ***  1.74e-18  2.28e-10
    700  3.78e-19  9.11e-18       ***  9.49e-18  2.34e-10
    800  1.61e-18  2.62e-17       ***  2.78e-17  2.39e-10
    900  3.58e-18  4.84e-17       ***   5.2e-17  2.44e-10
  1e+03   4.8e-18   6.9e-17       ***  7.38e-17  2.48e-10
1.1e+03  4.36e-18  8.97e-17       ***  9.41e-17  2.52e-10
1.2e+03  3.57e-18  9.85e-17       ***  1.02e-16  2.56e-10
1.3e+03  2.62e-18  1.07e-16       ***   1.1e-16  2.59e-10
1.4e+03  1.71e-18  1.16e-16       ***  1.18e-16  2.63e-10
1.5e+03   1.1e-18  1.26e-16       ***  1.27e-16  2.66e-10
1.6e+03  7.24e-19  1.33e-16       ***  1.34e-16  2.69e-10
1.7e+03  5.07e-19  1.36e-16       ***  1.36e-16  2.71e-10
1.8e+03  3.48e-19  1.42e-16       ***  1.42e-16  2.74e-10
1.9e+03  2.17e-19  1.34e-16       ***  1.34e-16  2.76e-10
  2e+03  1.64e-19  1.05e-16       ***  1.06e-16  2.79e-10

Reactant = P1   Pressure = 1 atm

   T(K)        W1        W2        W3      Loss   Capture
    500  1.86e-22  1.42e-19  8.18e-15  8.18e-15  2.21e-10
    600  7.19e-21  1.98e-18       ***  1.99e-18  2.28e-10
    700  1.12e-19  1.32e-17       ***  1.33e-17  2.34e-10
    800   8.2e-19  5.12e-17       ***   5.2e-17  2.39e-10
    900  3.23e-18   1.3e-16       ***  1.33e-16  2.44e-10
  1e+03  7.54e-18  2.39e-16       ***  2.46e-16  2.48e-10
1.1e+03  1.14e-17  3.54e-16       ***  3.66e-16  2.52e-10
1.2e+03  1.36e-17  4.34e-16       ***  4.47e-16  2.56e-10
1.3e+03  1.32e-17  4.86e-16       ***  4.99e-16  2.59e-10
1.4e+03   1.1e-17  5.16e-16       ***  5.27e-16  2.63e-10
1.5e+03  8.43e-18  5.31e-16       ***  5.39e-16  2.66e-10
1.6e+03  6.27e-18  5.36e-16       ***  5.42e-16  2.69e-10
1.7e+03  4.62e-18  5.31e-16       ***  5.36e-16  2.71e-10
1.8e+03  3.29e-18   5.5e-16       ***  5.54e-16  2.74e-10
1.9e+03  2.21e-18  5.55e-16       ***  5.58e-16  2.76e-10
  2e+03  1.72e-18     5e-16       ***  5.02e-16  2.79e-10

Reactant = P1   Pressure = 10 atm

   T(K)        W1        W2        W3      Loss   Capture
    500  1.66e-23  1.43e-19   6.5e-14   6.5e-14  2.21e-10
    600  8.29e-22  2.03e-18  2.09e-13  2.09e-13  2.28e-10
    700  1.62e-20  1.44e-17       ***  1.44e-17  2.34e-10
    800  1.68e-19  6.41e-17       ***  6.43e-17  2.39e-10
    900  1.04e-18  2.03e-16       ***  2.04e-16  2.44e-10
  1e+03  4.11e-18  4.84e-16       ***  4.88e-16  2.48e-10
1.1e+03  1.08e-17  9.16e-16       ***  9.27e-16  2.52e-10
1.2e+03  2.12e-17  1.41e-15       ***  1.43e-15  2.56e-10
1.3e+03  3.14e-17  1.86e-15       ***  1.89e-15  2.59e-10
1.4e+03  3.72e-17   2.2e-15       ***  2.23e-15  2.63e-10
1.5e+03  3.77e-17   2.4e-15       ***  2.43e-15  2.66e-10
1.6e+03  3.45e-17  2.48e-15       ***  2.51e-15  2.69e-10
1.7e+03  2.96e-17  2.47e-15       ***   2.5e-15  2.71e-10
1.8e+03  2.41e-17  2.49e-15       ***  2.52e-15  2.74e-10
1.9e+03  1.86e-17  2.48e-15       ***   2.5e-15  2.76e-10
  2e+03  1.51e-17  2.32e-15       ***  2.33e-15  2.79e-10

Reactant = P1   Pressure = 100 atm

   T(K)        W1        W2        W3      Loss   Capture
    500  1.37e-24  1.43e-19  4.43e-13  4.43e-13  2.21e-10
    600  8.25e-23  2.04e-18  1.15e-12  1.15e-12  2.28e-10
    700  1.72e-21  1.46e-17       ***  1.46e-17  2.34e-10
    800  1.99e-20  6.67e-17       ***  6.67e-17  2.39e-10
    900   1.5e-19  2.24e-16       ***  2.25e-16  2.44e-10
  1e+03  7.91e-19  6.01e-16       ***  6.02e-16  2.48e-10
1.1e+03  3.07e-18  1.34e-15       ***  1.35e-15  2.52e-10
1.2e+03  9.43e-18  2.56e-15       ***  2.57e-15  2.56e-10
1.3e+03  2.26e-17  4.25e-15       ***  4.27e-15  2.59e-10
1.4e+03  4.31e-17   6.2e-15       ***  6.25e-15  2.63e-10
1.5e+03  6.72e-17  8.11e-15       ***  8.18e-15  2.66e-10
1.6e+03  8.82e-17  9.68e-15       ***  9.77e-15  2.69e-10
1.7e+03  1.01e-16  1.07e-14       ***  1.08e-14  2.71e-10
1.8e+03  1.03e-16  1.15e-14       ***  1.16e-14  2.74e-10
1.9e+03  9.66e-17  1.19e-14       ***   1.2e-14  2.76e-10
  2e+03  8.93e-17  1.16e-14       ***  1.17e-14  2.79e-10

______________________________________________________________________________________

Temperature-Pressure Rate Tables:

W1->W2

P\T           500       600       700       800       900     1e+03   1.1e+03   1.2e+03   1.3e+03   1.4e+03   1.5e+03   1.6e+03   1.7e+03   1.8e+03   1.9e+03     2e+03
0.1     -8.32e-05      3.72       230  4.02e+03  2.83e+04  1.08e+05   2.9e+05  5.64e+05     1e+06  1.53e+06  2.19e+06  3.01e+06  4.05e+06  5.53e+06  6.85e+06  8.99e+06
1       -8.69e-07         4       290  6.64e+03  6.47e+04  3.29e+05  1.05e+06  2.28e+06  4.06e+06  6.14e+06  8.53e+06  1.13e+07  1.44e+07  1.88e+07  2.27e+07  2.77e+07
10      -2.39e-05      4.05       306  7.81e+03  9.33e+04  6.25e+05  2.63e+06  7.46e+06  1.57e+07  2.61e+07  3.71e+07  4.76e+07  5.76e+07  6.98e+07  8.07e+07  9.19e+07
100       0.00978      4.05       308  8.03e+03  1.02e+05  7.66e+05  3.88e+06  1.42e+07  3.91e+07  8.45e+07  1.48e+08  2.17e+08  2.79e+08  3.34e+08  3.73e+08  3.99e+08
O-O       0.00979      4.06       309  8.07e+03  1.03e+05  7.95e+05  4.24e+06  1.72e+07  5.61e+07  1.55e+08  3.74e+08  8.09e+08   1.6e+09  2.93e+09  5.04e+09  8.21e+09

W1->W3

P\T           500       600       700       800       900     1e+03   1.1e+03   1.2e+03   1.3e+03   1.4e+03   1.5e+03   1.6e+03   1.7e+03   1.8e+03   1.9e+03     2e+03
0.1     -2.12e-10       ***       ***       ***       ***       ***       ***       ***       ***       ***       ***       ***       ***       ***       ***       ***
1        3.92e-09       ***       ***       ***       ***       ***       ***       ***       ***       ***       ***       ***       ***       ***       ***       ***
10      -2.74e-10  1.06e-09       ***       ***       ***       ***       ***       ***       ***       ***       ***       ***       ***       ***       ***       ***
100       2.6e-11  5.81e-10       ***       ***       ***       ***       ***       ***       ***       ***       ***       ***       ***       ***       ***       ***
O-O           ***       ***       ***       ***       ***       ***       ***       ***       ***       ***       ***       ***       ***       ***       ***       ***

W1->P1

P\T           500       600       700       800       900     1e+03   1.1e+03   1.2e+03   1.3e+03   1.4e+03   1.5e+03   1.6e+03   1.7e+03   1.8e+03   1.9e+03     2e+03
0.1      4.32e-05     0.111      25.6  1.15e+03  1.57e+04  8.68e+04  2.47e+05  5.13e+05  8.14e+05  1.01e+06  1.12e+06  1.18e+06  1.24e+06   1.2e+06  1.01e+06  9.98e+05
1        5.86e-06    0.0202      7.59       588  1.41e+04  1.36e+05  6.45e+05  1.95e+06   4.1e+06  6.51e+06  8.65e+06  1.03e+07  1.13e+07  1.14e+07  1.03e+07  1.04e+07
10       5.24e-07   0.00233       1.1       120  4.55e+03  7.45e+04  6.12e+05  3.05e+06  9.77e+06  2.21e+07  3.87e+07  5.64e+07  7.24e+07  8.32e+07  8.67e+07  9.22e+07
100       4.3e-08  0.000232     0.117      14.3       653  1.43e+04  1.74e+05  1.36e+06  7.03e+06  2.56e+07   6.9e+07  1.44e+08  2.47e+08  3.57e+08  4.51e+08  5.43e+08
O-O           ***       ***       ***       ***       ***       ***       ***       ***       ***       ***       ***       ***       ***       ***       ***       ***

W2->W1

P\T           500       600       700       800       900     1e+03   1.1e+03   1.2e+03   1.3e+03   1.4e+03   1.5e+03   1.6e+03   1.7e+03   1.8e+03   1.9e+03     2e+03
0.1         -3.54  6.17e+03  3.75e+04  1.16e+05  2.14e+05  2.82e+05  3.19e+05  3.06e+05     3e+05  2.78e+05   2.6e+05  2.46e+05   2.4e+05  2.48e+05   2.4e+05  2.53e+05
1         -0.0369  6.64e+03  4.74e+04  1.91e+05  4.88e+05  8.57e+05  1.15e+06  1.24e+06  1.22e+06  1.12e+06  1.01e+06  9.22e+05  8.57e+05  8.42e+05  7.95e+05  7.81e+05
10          -1.02  6.71e+03  4.99e+04  2.25e+05  7.05e+05  1.63e+06   2.9e+06  4.05e+06  4.71e+06  4.75e+06  4.39e+06   3.9e+06  3.42e+06  3.13e+06  2.83e+06  2.59e+06
100           415  6.72e+03  5.03e+04  2.32e+05  7.68e+05     2e+06  4.28e+06  7.68e+06  1.17e+07  1.54e+07  1.75e+07  1.77e+07  1.66e+07   1.5e+07  1.31e+07  1.12e+07
O-O           416  6.73e+03  5.04e+04  2.33e+05  7.78e+05  2.07e+06  4.68e+06  9.31e+06  1.68e+07  2.82e+07  4.43e+07  6.63e+07   9.5e+07  1.32e+08  1.77e+08  2.31e+08

W2->W3

P\T           500       600       700       800       900     1e+03   1.1e+03   1.2e+03   1.3e+03   1.4e+03   1.5e+03   1.6e+03   1.7e+03   1.8e+03   1.9e+03     2e+03
0.1      6.65e-06       ***       ***       ***       ***       ***       ***       ***       ***       ***       ***       ***       ***       ***       ***       ***
1         2.6e-06       ***       ***       ***       ***       ***       ***       ***       ***       ***       ***       ***       ***       ***       ***       ***
10       2.15e-05    0.0035       ***       ***       ***       ***       ***       ***       ***       ***       ***       ***       ***       ***       ***       ***
100      0.000103    0.0208       ***       ***       ***       ***       ***       ***       ***       ***       ***       ***       ***       ***       ***       ***
O-O           192  9.55e+03  1.62e+05  1.39e+06  7.53e+06  2.95e+07  9.13e+07  2.36e+08  5.31e+08  1.07e+09  1.98e+09  3.39e+09  5.49e+09  8.44e+09  1.24e+10  1.77e+10

W2->P1

P\T           500       600       700       800       900     1e+03   1.1e+03   1.2e+03   1.3e+03   1.4e+03   1.5e+03   1.6e+03   1.7e+03   1.8e+03   1.9e+03     2e+03
0.1           182  7.93e+03  1.01e+05  5.41e+05   1.6e+06  3.26e+06  5.61e+06  7.69e+06     1e+07  1.26e+07  1.53e+07  1.78e+07  1.97e+07   2.2e+07   2.2e+07  1.81e+07
1             190  9.24e+03  1.46e+05  1.06e+06  4.29e+06  1.13e+07  2.21e+07  3.39e+07  4.54e+07  5.57e+07  6.45e+07  7.18e+07  7.72e+07  8.54e+07  9.11e+07  8.58e+07
10            191  9.49e+03  1.59e+05  1.32e+06  6.68e+06  2.28e+07  5.72e+07   1.1e+08  1.74e+08  2.37e+08  2.91e+08  3.32e+08  3.58e+08  3.87e+08  4.07e+08  3.97e+08
100           191  9.52e+03  1.61e+05  1.38e+06   7.4e+06  2.84e+07  8.39e+07     2e+08  3.97e+08   6.7e+08  9.86e+08   1.3e+09  1.56e+09  1.78e+09  1.95e+09  1.99e+09
O-O           ***       ***       ***       ***       ***       ***       ***       ***       ***       ***       ***       ***       ***       ***       ***       ***

W3->W1

P\T           500       600       700       800       900     1e+03   1.1e+03   1.2e+03   1.3e+03   1.4e+03   1.5e+03   1.6e+03   1.7e+03   1.8e+03   1.9e+03     2e+03
0.1      5.53e-09       ***       ***       ***       ***       ***       ***       ***       ***       ***       ***       ***       ***       ***       ***       ***
1        8.96e-10       ***       ***       ***       ***       ***       ***       ***       ***       ***       ***       ***       ***       ***       ***       ***
10      -1.38e-13 -1.99e-10       ***       ***       ***       ***       ***       ***       ***       ***       ***       ***       ***       ***       ***       ***
100      1.58e-12 -1.27e-10       ***       ***       ***       ***       ***       ***       ***       ***       ***       ***       ***       ***       ***       ***
O-O           ***       ***       ***       ***       ***       ***       ***       ***       ***       ***       ***       ***       ***       ***       ***       ***

W3->W2

P\T           500       600       700       800       900     1e+03   1.1e+03   1.2e+03   1.3e+03   1.4e+03   1.5e+03   1.6e+03   1.7e+03   1.8e+03   1.9e+03     2e+03
0.1      9.31e-07       ***       ***       ***       ***       ***       ***       ***       ***       ***       ***       ***       ***       ***       ***       ***
1        1.37e-05       ***       ***       ***       ***       ***       ***       ***       ***       ***       ***       ***       ***       ***       ***       ***
10       -8.8e-08 -2.82e-05       ***       ***       ***       ***       ***       ***       ***       ***       ***       ***       ***       ***       ***       ***
100     -1.66e-06 -0.000207       ***       ***       ***       ***       ***       ***       ***       ***       ***       ***       ***       ***       ***       ***
O-O      2.36e+06  4.19e+07  3.27e+08  1.52e+09  5.02e+09   1.3e+10  2.82e+10  5.36e+10  9.21e+10  1.46e+11  2.18e+11  3.08e+11  4.18e+11  5.48e+11  6.96e+11  8.63e+11

W3->P1

P\T           500       600       700       800       900     1e+03   1.1e+03   1.2e+03   1.3e+03   1.4e+03   1.5e+03   1.6e+03   1.7e+03   1.8e+03   1.9e+03     2e+03
0.1      1.61e+10       ***       ***       ***       ***       ***       ***       ***       ***       ***       ***       ***       ***       ***       ***       ***
1        1.39e+11       ***       ***       ***       ***       ***       ***       ***       ***       ***       ***       ***       ***       ***       ***       ***
10        1.1e+12   4.8e+12       ***       ***       ***       ***       ***       ***       ***       ***       ***       ***       ***       ***       ***       ***
100      7.41e+12  2.49e+13       ***       ***       ***       ***       ***       ***       ***       ***       ***       ***       ***       ***       ***       ***
O-O      3.64e+15  4.67e+15  5.23e+15  5.42e+15  5.36e+15  5.15e+15  4.86e+15  4.54e+15   4.2e+15  3.87e+15  3.56e+15  3.27e+15     3e+15  2.76e+15  2.53e+15  2.33e+15

P1->W1

P\T           500       600       700       800       900     1e+03   1.1e+03   1.2e+03   1.3e+03   1.4e+03   1.5e+03   1.6e+03   1.7e+03   1.8e+03   1.9e+03     2e+03
0.1      1.37e-21  3.94e-20  3.78e-19  1.61e-18  3.58e-18   4.8e-18  4.36e-18  3.57e-18  2.62e-18  1.71e-18   1.1e-18  7.24e-19  5.07e-19  3.48e-19  2.17e-19  1.64e-19
1        1.86e-22  7.19e-21  1.12e-19   8.2e-19  3.23e-18  7.54e-18  1.14e-17  1.36e-17  1.32e-17   1.1e-17  8.43e-18  6.27e-18  4.62e-18  3.29e-18  2.21e-18  1.72e-18
10       1.66e-23  8.29e-22  1.62e-20  1.68e-19  1.04e-18  4.11e-18  1.08e-17  2.12e-17  3.14e-17  3.72e-17  3.77e-17  3.45e-17  2.96e-17  2.41e-17  1.86e-17  1.51e-17
100      1.37e-24  8.25e-23  1.72e-21  1.99e-20   1.5e-19  7.91e-19  3.07e-18  9.43e-18  2.26e-17  4.31e-17  6.72e-17  8.82e-17  1.01e-16  1.03e-16  9.66e-17  8.93e-17
O-O           ***       ***       ***       ***       ***       ***       ***       ***       ***       ***       ***       ***       ***       ***       ***       ***

P1->W2

P\T           500       600       700       800       900     1e+03   1.1e+03   1.2e+03   1.3e+03   1.4e+03   1.5e+03   1.6e+03   1.7e+03   1.8e+03   1.9e+03     2e+03
0.1      1.36e-19   1.7e-18  9.11e-18  2.62e-17  4.84e-17   6.9e-17  8.97e-17  9.85e-17  1.07e-16  1.16e-16  1.26e-16  1.33e-16  1.36e-16  1.42e-16  1.34e-16  1.05e-16
1        1.42e-19  1.98e-18  1.32e-17  5.12e-17   1.3e-16  2.39e-16  3.54e-16  4.34e-16  4.86e-16  5.16e-16  5.31e-16  5.36e-16  5.31e-16   5.5e-16  5.55e-16     5e-16
10       1.43e-19  2.03e-18  1.44e-17  6.41e-17  2.03e-16  4.84e-16  9.16e-16  1.41e-15  1.86e-15   2.2e-15   2.4e-15  2.48e-15  2.47e-15  2.49e-15  2.48e-15  2.32e-15
100      1.43e-19  2.04e-18  1.46e-17  6.67e-17  2.24e-16  6.01e-16  1.34e-15  2.56e-15  4.25e-15   6.2e-15  8.11e-15  9.68e-15  1.07e-14  1.15e-14  1.19e-14  1.16e-14
O-O           ***       ***       ***       ***       ***       ***       ***       ***       ***       ***       ***       ***       ***       ***       ***       ***

P1->W3

P\T           500       600       700       800       900     1e+03   1.1e+03   1.2e+03   1.3e+03   1.4e+03   1.5e+03   1.6e+03   1.7e+03   1.8e+03   1.9e+03     2e+03
0.1      9.44e-16       ***       ***       ***       ***       ***       ***       ***       ***       ***       ***       ***       ***       ***       ***       ***
1        8.18e-15       ***       ***       ***       ***       ***       ***       ***       ***       ***       ***       ***       ***       ***       ***       ***
10        6.5e-14  2.09e-13       ***       ***       ***       ***       ***       ***       ***       ***       ***       ***       ***       ***       ***       ***
100      4.43e-13  1.15e-12       ***       ***       ***       ***       ***       ***       ***       ***       ***       ***       ***       ***       ***       ***
O-O      2.21e-10  2.28e-10  2.34e-10  2.39e-10  2.44e-10  2.48e-10  2.52e-10  2.56e-10  2.59e-10  2.63e-10  2.66e-10  2.69e-10  2.71e-10  2.74e-10  2.76e-10  2.79e-10

W1-> 

P\T           500       600       700       800       900     1e+03   1.1e+03   1.2e+03   1.3e+03   1.4e+03   1.5e+03   1.6e+03   1.7e+03   1.8e+03   1.9e+03     2e+03
0.1       0.00978      3.83       255  5.17e+03   4.4e+04  1.95e+05  5.37e+05  1.08e+06  1.81e+06  2.55e+06  3.32e+06  4.19e+06  5.28e+06  6.73e+06  7.87e+06  9.99e+06
1         0.00976      4.02       298  7.23e+03  7.88e+04  4.65e+05  1.69e+06  4.23e+06  8.16e+06  1.26e+07  1.72e+07  2.15e+07  2.57e+07  3.01e+07   3.3e+07  3.82e+07
10        0.00981      4.05       307  7.93e+03  9.79e+04  6.99e+05  3.24e+06  1.05e+07  2.55e+07  4.82e+07  7.58e+07  1.04e+08   1.3e+08  1.53e+08  1.67e+08  1.84e+08
100        0.0101      4.05       308  8.05e+03  1.02e+05   7.8e+05  4.05e+06  1.55e+07  4.62e+07   1.1e+08  2.17e+08  3.61e+08  5.26e+08   6.9e+08  8.24e+08  9.42e+08
O-O       0.00979      4.06       309  8.07e+03  1.03e+05  7.95e+05  4.24e+06  1.72e+07  5.61e+07  1.55e+08  3.74e+08  8.09e+08   1.6e+09  2.93e+09  5.04e+09  8.21e+09

W2-> 

P\T           500       600       700       800       900     1e+03   1.1e+03   1.2e+03   1.3e+03   1.4e+03   1.5e+03   1.6e+03   1.7e+03   1.8e+03   1.9e+03     2e+03
0.1           590  1.41e+04  1.38e+05  6.57e+05  1.81e+06  3.54e+06  5.93e+06     8e+06  1.03e+07  1.29e+07  1.55e+07  1.81e+07     2e+07  2.22e+07  2.22e+07  1.84e+07
1             606  1.59e+04  1.93e+05  1.25e+06  4.78e+06  1.21e+07  2.33e+07  3.51e+07  4.66e+07  5.68e+07  6.55e+07  7.27e+07   7.8e+07  8.62e+07  9.19e+07  8.66e+07
10            608  1.62e+04   2.1e+05  1.55e+06  7.38e+06  2.45e+07  6.01e+07  1.14e+08  1.79e+08  2.42e+08  2.96e+08  3.36e+08  3.62e+08   3.9e+08   4.1e+08     4e+08
100           606  1.62e+04  2.11e+05  1.61e+06  8.17e+06  3.04e+07  8.82e+07  2.08e+08  4.08e+08  6.85e+08     1e+09  1.31e+09  1.58e+09   1.8e+09  1.96e+09  2.01e+09
O-O           608  1.63e+04  2.12e+05  1.62e+06   8.3e+06  3.16e+07   9.6e+07  2.45e+08  5.48e+08   1.1e+09  2.02e+09  3.46e+09  5.58e+09  8.57e+09  1.26e+10  1.79e+10

W3-> 

P\T           500       600       700       800       900     1e+03   1.1e+03   1.2e+03   1.3e+03   1.4e+03   1.5e+03   1.6e+03   1.7e+03   1.8e+03   1.9e+03     2e+03
0.1      1.61e+10       ***       ***       ***       ***       ***       ***       ***       ***       ***       ***       ***       ***       ***       ***       ***
1        1.39e+11       ***       ***       ***       ***       ***       ***       ***       ***       ***       ***       ***       ***       ***       ***       ***
10        1.1e+12   4.8e+12       ***       ***       ***       ***       ***       ***       ***       ***       ***       ***       ***       ***       ***       ***
100      7.41e+12  2.49e+13       ***       ***       ***       ***       ***       ***       ***       ***       ***       ***       ***       ***       ***       ***
O-O      3.64e+15  4.67e+15  5.23e+15  5.42e+15  5.36e+15  5.15e+15  4.86e+15  4.54e+15   4.2e+15  3.87e+15  3.56e+15  3.27e+15     3e+15  2.76e+15  2.53e+15  2.33e+15

P1-> 

P\T           500       600       700       800       900     1e+03   1.1e+03   1.2e+03   1.3e+03   1.4e+03   1.5e+03   1.6e+03   1.7e+03   1.8e+03   1.9e+03     2e+03
0.1      9.44e-16  1.74e-18  9.49e-18  2.78e-17   5.2e-17  7.38e-17  9.41e-17  1.02e-16   1.1e-16  1.18e-16  1.27e-16  1.34e-16  1.36e-16  1.42e-16  1.34e-16  1.06e-16
1        8.18e-15  1.99e-18  1.33e-17   5.2e-17  1.33e-16  2.46e-16  3.66e-16  4.47e-16  4.99e-16  5.27e-16  5.39e-16  5.42e-16  5.36e-16  5.54e-16  5.58e-16  5.02e-16
10        6.5e-14  2.09e-13  1.44e-17  6.43e-17  2.04e-16  4.88e-16  9.27e-16  1.43e-15  1.89e-15  2.23e-15  2.43e-15  2.51e-15   2.5e-15  2.52e-15   2.5e-15  2.33e-15
100      4.43e-13  1.15e-12  1.46e-17  6.67e-17  2.25e-16  6.02e-16  1.35e-15  2.57e-15  4.27e-15  6.25e-15  8.18e-15  9.77e-15  1.08e-14  1.16e-14   1.2e-14  1.17e-14
O-O      2.21e-10  2.28e-10  2.34e-10  2.39e-10  2.44e-10  2.48e-10  2.52e-10  2.56e-10  2.59e-10  2.63e-10  2.66e-10  2.69e-10  2.71e-10  2.74e-10  2.76e-10  2.79e-10

