Wells (G - ground energy, D - dissociation limit, kcal/mol):
              W         G         D
      S(1512)r0         0      13.3
      S(1289)rs     -24.6      13.3
      S(1512)r1         0      13.3

Well-to-Well Barriers (H/G - barrier height/well depth, kcal/mol):
           B         H        W1        G1        W2        G2
      ts_1_7      13.3 S(1512)r0         0 S(1289)rs     -24.6
      ts_1_8      13.3 S(1512)r1         0 S(1289)rs     -24.6

________________________________________________________________________________________

Names Translation Tables (<short name> - <original name>):
Wells:
   W1 - S(1512)r0
   W2 - S(1289)rs
   W3 - S(1512)r1
Inner Barriers:
   B1 - ts_1_7
   B2 - ts_1_8
Unimolecular Rate Units: 1/sec;  Bimolecular Rate Units: cm^3/sec

______________________________________________________________________________________

Species-Species Rate Tables:

Temperature = 500 K

High Pressure Rate Coefficients:

From\To         W1        W2        W3
W1             ***  1.54e+05       ***
W2        0.000599       ***  0.000599
W3             ***  1.54e+05       ***

Temperature = 500 K    Pressure = 0.1 atm

From\To         W1        W2        W3
W1        1.39e+05  1.39e+05       294
W2        0.000539   0.00108  0.000539
W3             294  1.39e+05  1.39e+05

Temperature = 500 K    Pressure = 1 atm

From\To         W1        W2        W3
W1        1.52e+05  1.52e+05      63.3
W2         0.00059   0.00118   0.00059
W3            63.3  1.52e+05  1.52e+05

Temperature = 500 K    Pressure = 10 atm

From\To         W1        W2        W3
W1        1.54e+05  1.54e+05      7.14
W2        0.000597   0.00119  0.000597
W3            7.14  1.54e+05  1.54e+05

Temperature = 500 K    Pressure = 100 atm

From\To         W1        W2        W3
W1        1.54e+05  1.54e+05     0.724
W2        0.000598    0.0012  0.000598
W3           0.724  1.54e+05  1.54e+05

Temperature = 600 K

High Pressure Rate Coefficients:

From\To         W1        W2        W3
W1             ***  1.17e+06       ***
W2           0.384       ***     0.384
W3             ***  1.17e+06       ***

Temperature = 600 K    Pressure = 0.1 atm

From\To         W1        W2        W3
W1         8.8e+05  8.74e+05  6.27e+03
W2           0.288     0.576     0.288
W3        6.27e+03  8.74e+05   8.8e+05

Temperature = 600 K    Pressure = 1 atm

From\To         W1        W2        W3
W1        1.11e+06  1.11e+06  2.75e+03
W2           0.366     0.732     0.366
W3        2.75e+03  1.11e+06  1.11e+06

Temperature = 600 K    Pressure = 10 atm

From\To         W1        W2        W3
W1        1.16e+06  1.16e+06       395
W2           0.382     0.763     0.382
W3             395  1.16e+06  1.16e+06

Temperature = 600 K    Pressure = 100 atm

From\To         W1        W2        W3
W1        1.16e+06  1.16e+06      41.3
W2           0.383     0.767     0.383
W3            41.3  1.16e+06  1.16e+06

Temperature = 700 K

High Pressure Rate Coefficients:

From\To         W1        W2        W3
W1             ***  5.05e+06       ***
W2            39.6       ***      39.6
W3             ***  5.05e+06       ***

Temperature = 700 K    Pressure = 0.1 atm

From\To         W1        W2        W3
W1         2.9e+06  2.85e+06  5.06e+04
W2            22.3      44.6      22.3
W3        5.06e+04  2.85e+06   2.9e+06

Temperature = 700 K    Pressure = 1 atm

From\To         W1        W2        W3
W1         4.5e+06  4.46e+06  4.15e+04
W2            34.9      69.8      34.9
W3        4.15e+04  4.46e+06   4.5e+06

Temperature = 700 K    Pressure = 10 atm

From\To         W1        W2        W3
W1        4.98e+06  4.97e+06  8.78e+03
W2            38.9      77.8      38.9
W3        8.78e+03  4.97e+06  4.98e+06

Temperature = 700 K    Pressure = 100 atm

From\To         W1        W2        W3
W1        5.04e+06  5.04e+06       992
W2            39.4      78.9      39.4
W3             992  5.04e+06  5.04e+06

Temperature = 800 K

High Pressure Rate Coefficients:

From\To         W1        W2        W3
W1             ***  1.54e+07       ***
W2        1.29e+03       ***  1.29e+03
W3             ***  1.54e+07       ***

Temperature = 800 K    Pressure = 0.1 atm

From\To         W1        W2        W3
W1        6.27e+06  6.02e+06  2.53e+05
W2             503  1.01e+03       503
W3        2.53e+05  6.02e+06  6.27e+06

Temperature = 800 K    Pressure = 1 atm

From\To         W1        W2        W3
W1        1.22e+07  1.19e+07  3.07e+05
W2             996  1.99e+03       996
W3        3.07e+05  1.19e+07  1.22e+07

Temperature = 800 K    Pressure = 10 atm

From\To         W1        W2        W3
W1        1.49e+07  1.48e+07  9.99e+04
W2        1.24e+03  2.47e+03  1.24e+03
W3        9.99e+04  1.48e+07  1.49e+07

Temperature = 800 K    Pressure = 100 atm

From\To         W1        W2        W3
W1        1.54e+07  1.53e+07  1.31e+04
W2        1.28e+03  2.57e+03  1.28e+03
W3        1.31e+04  1.53e+07  1.54e+07

Temperature = 900 K

High Pressure Rate Coefficients:

From\To         W1        W2        W3
W1             ***  3.72e+07       ***
W2        1.95e+04       ***  1.95e+04
W3             ***  3.72e+07       ***

Temperature = 900 K    Pressure = 0.1 atm

From\To         W1        W2        W3
W1             ***       ***       ***
W2             *** -1.14e-07       ***
W3             ***       ***       ***

Temperature = 900 K    Pressure = 1 atm

From\To         W1        W2        W3
W1        2.49e+07  2.35e+07  1.45e+06
W2        1.23e+04  2.46e+04  1.23e+04
W3        1.45e+06  2.35e+07  2.49e+07

Temperature = 900 K    Pressure = 10 atm

From\To         W1        W2        W3
W1        3.46e+07  3.39e+07  6.82e+05
W2        1.78e+04  3.56e+04  1.78e+04
W3        6.82e+05  3.39e+07  3.46e+07

Temperature = 900 K    Pressure = 100 atm

From\To         W1        W2        W3
W1        3.69e+07  3.68e+07   1.1e+05
W2        1.93e+04  3.86e+04  1.93e+04
W3         1.1e+05  3.68e+07  3.69e+07

Temperature = 1e+03 K

High Pressure Rate Coefficients:

From\To         W1        W2        W3
W1             ***  7.62e+07       ***
W2        1.72e+05       ***  1.72e+05
W3             ***  7.62e+07       ***

Temperature = 1e+03 K    Pressure = 0.1 atm

From\To         W1        W2        W3
W1             ***       ***       ***
W2             ***  1.82e-07       ***
W3             ***       ***       ***

Temperature = 1e+03 K    Pressure = 1 atm

From\To         W1        W2        W3
W1        3.91e+07  3.46e+07  4.45e+06
W2        7.83e+04  1.57e+05  7.83e+04
W3        4.45e+06  3.46e+07  3.91e+07

Temperature = 1e+03 K    Pressure = 10 atm

From\To         W1        W2        W3
W1        6.61e+07   6.3e+07  3.11e+06
W2        1.42e+05  2.85e+05  1.42e+05
W3        3.11e+06   6.3e+07  6.61e+07

Temperature = 1e+03 K    Pressure = 100 atm

From\To         W1        W2        W3
W1        7.47e+07   7.4e+07  6.47e+05
W2        1.67e+05  3.35e+05  1.67e+05
W3        6.47e+05   7.4e+07  7.47e+07

Temperature = 1.1e+03 K

High Pressure Rate Coefficients:

From\To         W1        W2        W3
W1             ***  1.38e+08       ***
W2        1.02e+06       ***  1.02e+06
W3             ***  1.38e+08       ***

Temperature = 1.1e+03 K    Pressure = 0.1 atm

From\To         W1        W2        W3
W1             ***       ***       ***
W2             ***  -5.9e-08       ***
W3             ***       ***       ***

Temperature = 1.1e+03 K    Pressure = 1 atm

From\To         W1        W2        W3
W1             ***       ***       ***
W2             ***  2.74e-07       ***
W3             ***       ***       ***

Temperature = 1.1e+03 K    Pressure = 10 atm

From\To         W1        W2        W3
W1        1.02e+08  9.35e+07  8.88e+06
W2        6.94e+05  1.39e+06  6.94e+05
W3        8.88e+06  9.35e+07  1.02e+08

Temperature = 1.1e+03 K    Pressure = 100 atm

From\To         W1        W2        W3
W1        1.32e+08  1.29e+08  2.81e+06
W2         9.6e+05  1.92e+06   9.6e+05
W3        2.81e+06  1.29e+08  1.32e+08

Temperature = 1.2e+03 K

High Pressure Rate Coefficients:

From\To         W1        W2        W3
W1             ***  2.29e+08       ***
W2        4.54e+06       ***  4.54e+06
W3             ***  2.29e+08       ***

Temperature = 1.2e+03 K    Pressure = 0.1 atm

From\To         W1        W2        W3
W1             ***       ***       ***
W2             *** -6.13e-07       ***
W3             ***       ***       ***

Temperature = 1.2e+03 K    Pressure = 1 atm

From\To         W1        W2        W3
W1             ***       ***       ***
W2             ***  1.31e-06       ***
W3             ***       ***       ***

Temperature = 1.2e+03 K    Pressure = 10 atm

From\To         W1        W2        W3
W1        1.49e+08  1.26e+08  2.29e+07
W2         2.5e+06     5e+06   2.5e+06
W3        2.29e+07  1.26e+08  1.49e+08

Temperature = 1.2e+03 K    Pressure = 100 atm

From\To         W1        W2        W3
W1        2.12e+08  2.02e+08   9.6e+06
W2        4.01e+06  8.03e+06  4.01e+06
W3         9.6e+06  2.02e+08  2.12e+08

Temperature = 1.3e+03 K

High Pressure Rate Coefficients:

From\To         W1        W2        W3
W1             ***  3.52e+08       ***
W2         1.6e+07       ***   1.6e+07
W3             ***  3.52e+08       ***

Temperature = 1.3e+03 K    Pressure = 0.1 atm

From\To         W1        W2        W3
W1             ***       ***       ***
W2             *** -7.41e-08       ***
W3             ***       ***       ***

Temperature = 1.3e+03 K    Pressure = 1 atm

From\To         W1        W2        W3
W1             ***       ***       ***
W2             *** -1.92e-06       ***
W3             ***       ***       ***

Temperature = 1.3e+03 K    Pressure = 10 atm

From\To         W1        W2        W3
W1             ***       ***       ***
W2             ***  1.21e-05       ***
W3             ***       ***       ***

Temperature = 1.3e+03 K    Pressure = 100 atm

From\To         W1        W2        W3
W1        3.09e+08  2.83e+08  2.59e+07
W2        1.28e+07  2.57e+07  1.28e+07
W3        2.59e+07  2.83e+08  3.09e+08

Temperature = 1.4e+03 K

High Pressure Rate Coefficients:

From\To         W1        W2        W3
W1             ***  5.13e+08       ***
W2        4.71e+07       ***  4.71e+07
W3             ***  5.13e+08       ***

Temperature = 1.4e+03 K    Pressure = 0.1 atm

From\To         W1        W2        W3
W1             ***       ***       ***
W2             ***  -5.5e-07       ***
W3             ***       ***       ***

Temperature = 1.4e+03 K    Pressure = 1 atm

From\To         W1        W2        W3
W1             ***       ***       ***
W2             *** -2.48e-06       ***
W3             ***       ***       ***

Temperature = 1.4e+03 K    Pressure = 10 atm

From\To         W1        W2        W3
W1             ***       ***       ***
W2             *** -2.03e-05       ***
W3             ***       ***       ***

Temperature = 1.4e+03 K    Pressure = 100 atm

From\To         W1        W2        W3
W1        4.25e+08  3.65e+08  5.98e+07
W2        3.35e+07   6.7e+07  3.35e+07
W3        5.98e+07  3.65e+08  4.25e+08

Temperature = 1.5e+03 K

High Pressure Rate Coefficients:

From\To         W1        W2        W3
W1             ***  7.14e+08       ***
W2         1.2e+08       ***   1.2e+08
W3             ***  7.14e+08       ***

Temperature = 1.5e+03 K    Pressure = 0.1 atm

From\To         W1        W2        W3
W1             ***       ***       ***
W2             *** -9.84e-08       ***
W3             ***       ***       ***

Temperature = 1.5e+03 K    Pressure = 1 atm

From\To         W1        W2        W3
W1             ***       ***       ***
W2             ***  3.25e-07       ***
W3             ***       ***       ***

Temperature = 1.5e+03 K    Pressure = 10 atm

From\To         W1        W2        W3
W1             ***       ***       ***
W2             *** -2.41e-06       ***
W3             ***       ***       ***

Temperature = 1.5e+03 K    Pressure = 100 atm

From\To         W1        W2        W3
W1        5.49e+08  4.33e+08  1.17e+08
W2        7.28e+07  1.46e+08  7.28e+07
W3        1.17e+08  4.33e+08  5.49e+08

Temperature = 1.6e+03 K

High Pressure Rate Coefficients:

From\To         W1        W2        W3
W1             ***  9.57e+08       ***
W2        2.72e+08       ***  2.72e+08
W3             ***  9.57e+08       ***

Temperature = 1.6e+03 K    Pressure = 0.1 atm

From\To         W1        W2        W3
W1             ***       ***       ***
W2             ***  5.46e-07       ***
W3             ***       ***       ***

Temperature = 1.6e+03 K    Pressure = 1 atm

From\To         W1        W2        W3
W1             ***       ***       ***
W2             ***  8.44e-08       ***
W3             ***       ***       ***

Temperature = 1.6e+03 K    Pressure = 10 atm

From\To         W1        W2        W3
W1             ***       ***       ***
W2             ***  2.17e-05       ***
W3             ***       ***       ***

Temperature = 1.6e+03 K    Pressure = 100 atm

From\To         W1        W2        W3
W1        6.68e+08  4.76e+08  1.91e+08
W2        1.36e+08  2.71e+08  1.36e+08
W3        1.91e+08  4.76e+08  6.68e+08

Temperature = 1.7e+03 K

High Pressure Rate Coefficients:

From\To         W1        W2        W3
W1             ***  1.25e+09       ***
W2        5.62e+08       ***  5.62e+08
W3             ***  1.25e+09       ***

Temperature = 1.7e+03 K    Pressure = 0.1 atm

From\To         W1        W2        W3
W1             ***       ***       ***
W2             ***  2.29e-07       ***
W3             ***       ***       ***

Temperature = 1.7e+03 K    Pressure = 1 atm

From\To         W1        W2        W3
W1             ***       ***       ***
W2             ***  3.35e-06       ***
W3             ***       ***       ***

Temperature = 1.7e+03 K    Pressure = 10 atm

From\To         W1        W2        W3
W1             ***       ***       ***
W2             *** -2.52e-05       ***
W3             ***       ***       ***

Temperature = 1.7e+03 K    Pressure = 100 atm

From\To         W1        W2        W3
W1        8.13e+08  5.07e+08  3.06e+08
W2        2.29e+08  4.58e+08  2.29e+08
W3        3.06e+08  5.07e+08  8.13e+08

Temperature = 1.8e+03 K

High Pressure Rate Coefficients:

From\To         W1        W2        W3
W1             ***  1.58e+09       ***
W2        1.07e+09       ***  1.07e+09
W3             ***  1.58e+09       ***

Temperature = 1.8e+03 K    Pressure = 0.1 atm

From\To         W1        W2        W3
W1             ***       ***       ***
W2             *** -1.52e-06       ***
W3             ***       ***       ***

Temperature = 1.8e+03 K    Pressure = 1 atm

From\To         W1        W2        W3
W1             ***       ***       ***
W2             ***  2.76e-06       ***
W3             ***       ***       ***

Temperature = 1.8e+03 K    Pressure = 10 atm

From\To         W1        W2        W3
W1             ***       ***       ***
W2             *** -1.31e-05       ***
W3             ***       ***       ***

Temperature = 1.8e+03 K    Pressure = 100 atm

From\To         W1        W2        W3
W1         9.5e+08  5.18e+08  4.33e+08
W2        3.51e+08  7.01e+08  3.51e+08
W3        4.33e+08  5.18e+08   9.5e+08

Temperature = 1.9e+03 K

High Pressure Rate Coefficients:

From\To         W1        W2        W3
W1             ***  1.96e+09       ***
W2         1.9e+09       ***   1.9e+09
W3             ***  1.96e+09       ***

Temperature = 1.9e+03 K    Pressure = 0.1 atm

From\To         W1        W2        W3
W1             ***       ***       ***
W2             ***  9.22e-07       ***
W3             ***       ***       ***

Temperature = 1.9e+03 K    Pressure = 1 atm

From\To         W1        W2        W3
W1             ***       ***       ***
W2             ***  2.17e-06       ***
W3             ***       ***       ***

Temperature = 1.9e+03 K    Pressure = 10 atm

From\To         W1        W2        W3
W1             ***       ***       ***
W2             ***  1.18e-06       ***
W3             ***       ***       ***

Temperature = 1.9e+03 K    Pressure = 100 atm

From\To         W1        W2        W3
W1             ***       ***       ***
W2             *** -4.98e-05       ***
W3             ***       ***       ***

Temperature = 2e+03 K

High Pressure Rate Coefficients:

From\To         W1        W2        W3
W1             ***  2.38e+09       ***
W2        3.19e+09       ***  3.19e+09
W3             ***  2.38e+09       ***

Temperature = 2e+03 K    Pressure = 0.1 atm

From\To         W1        W2        W3
W1             ***       ***       ***
W2             ***   9.1e-07       ***
W3             ***       ***       ***

Temperature = 2e+03 K    Pressure = 1 atm

From\To         W1        W2        W3
W1             ***       ***       ***
W2             ***  5.87e-06       ***
W3             ***       ***       ***

Temperature = 2e+03 K    Pressure = 10 atm

From\To         W1        W2        W3
W1             ***       ***       ***
W2             *** -1.07e-05       ***
W3             ***       ***       ***

Temperature = 2e+03 K    Pressure = 100 atm

From\To         W1        W2        W3
W1             ***       ***       ***
W2             ***  8.42e-07       ***
W3             ***       ***       ***

______________________________________________________________________________________

High Pressure Rate Coefficients (Temperature-Species Rate Tables):

Reactant = W1
   T(K)        W1        W2        W3
    500       ***  1.54e+05       ***
    600       ***  1.17e+06       ***
    700       ***  5.05e+06       ***
    800       ***  1.54e+07       ***
    900       ***  3.72e+07       ***
  1e+03       ***  7.62e+07       ***
1.1e+03       ***  1.38e+08       ***
1.2e+03       ***  2.29e+08       ***
1.3e+03       ***  3.52e+08       ***
1.4e+03       ***  5.13e+08       ***
1.5e+03       ***  7.14e+08       ***
1.6e+03       ***  9.57e+08       ***
1.7e+03       ***  1.25e+09       ***
1.8e+03       ***  1.58e+09       ***
1.9e+03       ***  1.96e+09       ***
  2e+03       ***  2.38e+09       ***

Reactant = W2
   T(K)        W1        W2        W3
    500  0.000599       ***  0.000599
    600     0.384       ***     0.384
    700      39.6       ***      39.6
    800  1.29e+03       ***  1.29e+03
    900  1.95e+04       ***  1.95e+04
  1e+03  1.72e+05       ***  1.72e+05
1.1e+03  1.02e+06       ***  1.02e+06
1.2e+03  4.54e+06       ***  4.54e+06
1.3e+03   1.6e+07       ***   1.6e+07
1.4e+03  4.71e+07       ***  4.71e+07
1.5e+03   1.2e+08       ***   1.2e+08
1.6e+03  2.72e+08       ***  2.72e+08
1.7e+03  5.62e+08       ***  5.62e+08
1.8e+03  1.07e+09       ***  1.07e+09
1.9e+03   1.9e+09       ***   1.9e+09
  2e+03  3.19e+09       ***  3.19e+09

Reactant = W3
   T(K)        W1        W2        W3
    500       ***  1.54e+05       ***
    600       ***  1.17e+06       ***
    700       ***  5.05e+06       ***
    800       ***  1.54e+07       ***
    900       ***  3.72e+07       ***
  1e+03       ***  7.62e+07       ***
1.1e+03       ***  1.38e+08       ***
1.2e+03       ***  2.29e+08       ***
1.3e+03       ***  3.52e+08       ***
1.4e+03       ***  5.13e+08       ***
1.5e+03       ***  7.14e+08       ***
1.6e+03       ***  9.57e+08       ***
1.7e+03       ***  1.25e+09       ***
1.8e+03       ***  1.58e+09       ***
1.9e+03       ***  1.96e+09       ***
  2e+03       ***  2.38e+09       ***

Capture/Escape Rate Coefficients:

   T(K)        W1        W2        W3
    500  1.54e+05    0.0012  1.54e+05
    600  1.17e+06     0.768  1.17e+06
    700  5.05e+06      79.1  5.05e+06
    800  1.54e+07  2.58e+03  1.54e+07
    900  3.72e+07  3.91e+04  3.72e+07
  1e+03  7.62e+07  3.45e+05  7.62e+07
1.1e+03  1.38e+08  2.05e+06  1.38e+08
1.2e+03  2.29e+08  9.07e+06  2.29e+08
1.3e+03  3.52e+08   3.2e+07  3.52e+08
1.4e+03  5.13e+08  9.41e+07  5.13e+08
1.5e+03  7.14e+08   2.4e+08  7.14e+08
1.6e+03  9.57e+08  5.45e+08  9.57e+08
1.7e+03  1.25e+09  1.12e+09  1.25e+09
1.8e+03  1.58e+09  2.14e+09  1.58e+09
1.9e+03  1.96e+09   3.8e+09  1.96e+09
  2e+03  2.38e+09  6.38e+09  2.38e+09

______________________________________________________________________________________

Pressure-Species Rate Tables:

Reactant = W1   Temperature = 500 K

   P(atm)        W2        W3      Loss
      0.1  1.39e+05       294  1.39e+05
        1  1.52e+05      63.3  1.52e+05
       10  1.54e+05      7.14  1.54e+05
      100  1.54e+05     0.724  1.54e+05
      O-O  1.54e+05       ***  1.54e+05

Reactant = W1   Temperature = 600 K

   P(atm)        W2        W3      Loss
      0.1  8.74e+05  6.27e+03   8.8e+05
        1  1.11e+06  2.75e+03  1.11e+06
       10  1.16e+06       395  1.16e+06
      100  1.16e+06      41.3  1.16e+06
      O-O  1.17e+06       ***  1.17e+06

Reactant = W1   Temperature = 700 K

   P(atm)        W2        W3      Loss
      0.1  2.85e+06  5.06e+04   2.9e+06
        1  4.46e+06  4.15e+04   4.5e+06
       10  4.97e+06  8.78e+03  4.98e+06
      100  5.04e+06       992  5.04e+06
      O-O  5.05e+06       ***  5.05e+06

Reactant = W1   Temperature = 800 K

   P(atm)        W2        W3      Loss
      0.1  6.02e+06  2.53e+05  6.27e+06
        1  1.19e+07  3.07e+05  1.22e+07
       10  1.48e+07  9.99e+04  1.49e+07
      100  1.53e+07  1.31e+04  1.54e+07
      O-O  1.54e+07       ***  1.54e+07

Reactant = W1   Temperature = 900 K

   P(atm)        W2        W3      Loss
      0.1       ***       ***       ***
        1  2.35e+07  1.45e+06  2.49e+07
       10  3.39e+07  6.82e+05  3.46e+07
      100  3.68e+07   1.1e+05  3.69e+07
      O-O  3.72e+07       ***  3.72e+07

Reactant = W1   Temperature = 1e+03 K

   P(atm)        W2        W3      Loss
      0.1       ***       ***       ***
        1  3.46e+07  4.45e+06  3.91e+07
       10   6.3e+07  3.11e+06  6.61e+07
      100   7.4e+07  6.47e+05  7.47e+07
      O-O  7.62e+07       ***  7.62e+07

Reactant = W1   Temperature = 1.1e+03 K

   P(atm)        W2        W3      Loss
      0.1       ***       ***       ***
        1       ***       ***       ***
       10  9.35e+07  8.88e+06  1.02e+08
      100  1.29e+08  2.81e+06  1.32e+08
      O-O  1.38e+08       ***  1.38e+08

Reactant = W1   Temperature = 1.2e+03 K

   P(atm)        W2        W3      Loss
      0.1       ***       ***       ***
        1       ***       ***       ***
       10  1.26e+08  2.29e+07  1.49e+08
      100  2.02e+08   9.6e+06  2.12e+08
      O-O  2.29e+08       ***  2.29e+08

Reactant = W1   Temperature = 1.3e+03 K

   P(atm)        W2        W3      Loss
      0.1       ***       ***       ***
        1       ***       ***       ***
       10       ***       ***       ***
      100  2.83e+08  2.59e+07  3.09e+08
      O-O  3.52e+08       ***  3.52e+08

Reactant = W1   Temperature = 1.4e+03 K

   P(atm)        W2        W3      Loss
      0.1       ***       ***       ***
        1       ***       ***       ***
       10       ***       ***       ***
      100  3.65e+08  5.98e+07  4.25e+08
      O-O  5.13e+08       ***  5.13e+08

Reactant = W1   Temperature = 1.5e+03 K

   P(atm)        W2        W3      Loss
      0.1       ***       ***       ***
        1       ***       ***       ***
       10       ***       ***       ***
      100  4.33e+08  1.17e+08  5.49e+08
      O-O  7.14e+08       ***  7.14e+08

Reactant = W1   Temperature = 1.6e+03 K

   P(atm)        W2        W3      Loss
      0.1       ***       ***       ***
        1       ***       ***       ***
       10       ***       ***       ***
      100  4.76e+08  1.91e+08  6.68e+08
      O-O  9.57e+08       ***  9.57e+08

Reactant = W1   Temperature = 1.7e+03 K

   P(atm)        W2        W3      Loss
      0.1       ***       ***       ***
        1       ***       ***       ***
       10       ***       ***       ***
      100  5.07e+08  3.06e+08  8.13e+08
      O-O  1.25e+09       ***  1.25e+09

Reactant = W1   Temperature = 1.8e+03 K

   P(atm)        W2        W3      Loss
      0.1       ***       ***       ***
        1       ***       ***       ***
       10       ***       ***       ***
      100  5.18e+08  4.33e+08   9.5e+08
      O-O  1.58e+09       ***  1.58e+09

Reactant = W1   Temperature = 1.9e+03 K

   P(atm)        W2        W3      Loss
      0.1       ***       ***       ***
        1       ***       ***       ***
       10       ***       ***       ***
      100       ***       ***       ***
      O-O  1.96e+09       ***  1.96e+09

Reactant = W1   Temperature = 2e+03 K

   P(atm)        W2        W3      Loss
      0.1       ***       ***       ***
        1       ***       ***       ***
       10       ***       ***       ***
      100       ***       ***       ***
      O-O  2.38e+09       ***  2.38e+09

Reactant = W2   Temperature = 500 K

   P(atm)        W1        W3      Loss
      0.1  0.000539  0.000539   0.00108
        1   0.00059   0.00059   0.00118
       10  0.000597  0.000597   0.00119
      100  0.000598  0.000598    0.0012
      O-O  0.000599  0.000599    0.0012

Reactant = W2   Temperature = 600 K

   P(atm)        W1        W3      Loss
      0.1     0.288     0.288     0.576
        1     0.366     0.366     0.732
       10     0.382     0.382     0.763
      100     0.383     0.383     0.767
      O-O     0.384     0.384     0.768

Reactant = W2   Temperature = 700 K

   P(atm)        W1        W3      Loss
      0.1      22.3      22.3      44.6
        1      34.9      34.9      69.8
       10      38.9      38.9      77.8
      100      39.4      39.4      78.9
      O-O      39.6      39.6      79.1

Reactant = W2   Temperature = 800 K

   P(atm)        W1        W3      Loss
      0.1       503       503  1.01e+03
        1       996       996  1.99e+03
       10  1.24e+03  1.24e+03  2.47e+03
      100  1.28e+03  1.28e+03  2.57e+03
      O-O  1.29e+03  1.29e+03  2.58e+03

Reactant = W2   Temperature = 900 K

   P(atm)        W1        W3      Loss
      0.1       ***       *** -1.14e-07
        1  1.23e+04  1.23e+04  2.46e+04
       10  1.78e+04  1.78e+04  3.56e+04
      100  1.93e+04  1.93e+04  3.86e+04
      O-O  1.95e+04  1.95e+04  3.91e+04

Reactant = W2   Temperature = 1e+03 K

   P(atm)        W1        W3      Loss
      0.1       ***       ***  1.82e-07
        1  7.83e+04  7.83e+04  1.57e+05
       10  1.42e+05  1.42e+05  2.85e+05
      100  1.67e+05  1.67e+05  3.35e+05
      O-O  1.72e+05  1.72e+05  3.45e+05

Reactant = W2   Temperature = 1.1e+03 K

   P(atm)        W1        W3      Loss
      0.1       ***       ***  -5.9e-08
        1       ***       ***  2.74e-07
       10  6.94e+05  6.94e+05  1.39e+06
      100   9.6e+05   9.6e+05  1.92e+06
      O-O  1.02e+06  1.02e+06  2.05e+06

Reactant = W2   Temperature = 1.2e+03 K

   P(atm)        W1        W3      Loss
      0.1       ***       *** -6.13e-07
        1       ***       ***  1.31e-06
       10   2.5e+06   2.5e+06     5e+06
      100  4.01e+06  4.01e+06  8.03e+06
      O-O  4.54e+06  4.54e+06  9.07e+06

Reactant = W2   Temperature = 1.3e+03 K

   P(atm)        W1        W3      Loss
      0.1       ***       *** -7.41e-08
        1       ***       *** -1.92e-06
       10       ***       ***  1.21e-05
      100  1.28e+07  1.28e+07  2.57e+07
      O-O   1.6e+07   1.6e+07   3.2e+07

Reactant = W2   Temperature = 1.4e+03 K

   P(atm)        W1        W3      Loss
      0.1       ***       ***  -5.5e-07
        1       ***       *** -2.48e-06
       10       ***       *** -2.03e-05
      100  3.35e+07  3.35e+07   6.7e+07
      O-O  4.71e+07  4.71e+07  9.41e+07

Reactant = W2   Temperature = 1.5e+03 K

   P(atm)        W1        W3      Loss
      0.1       ***       *** -9.84e-08
        1       ***       ***  3.25e-07
       10       ***       *** -2.41e-06
      100  7.28e+07  7.28e+07  1.46e+08
      O-O   1.2e+08   1.2e+08   2.4e+08

Reactant = W2   Temperature = 1.6e+03 K

   P(atm)        W1        W3      Loss
      0.1       ***       ***  5.46e-07
        1       ***       ***  8.44e-08
       10       ***       ***  2.17e-05
      100  1.36e+08  1.36e+08  2.71e+08
      O-O  2.72e+08  2.72e+08  5.45e+08

Reactant = W2   Temperature = 1.7e+03 K

   P(atm)        W1        W3      Loss
      0.1       ***       ***  2.29e-07
        1       ***       ***  3.35e-06
       10       ***       *** -2.52e-05
      100  2.29e+08  2.29e+08  4.58e+08
      O-O  5.62e+08  5.62e+08  1.12e+09

Reactant = W2   Temperature = 1.8e+03 K

   P(atm)        W1        W3      Loss
      0.1       ***       *** -1.52e-06
        1       ***       ***  2.76e-06
       10       ***       *** -1.31e-05
      100  3.51e+08  3.51e+08  7.01e+08
      O-O  1.07e+09  1.07e+09  2.14e+09

Reactant = W2   Temperature = 1.9e+03 K

   P(atm)        W1        W3      Loss
      0.1       ***       ***  9.22e-07
        1       ***       ***  2.17e-06
       10       ***       ***  1.18e-06
      100       ***       *** -4.98e-05
      O-O   1.9e+09   1.9e+09   3.8e+09

Reactant = W2   Temperature = 2e+03 K

   P(atm)        W1        W3      Loss
      0.1       ***       ***   9.1e-07
        1       ***       ***  5.87e-06
       10       ***       *** -1.07e-05
      100       ***       ***  8.42e-07
      O-O  3.19e+09  3.19e+09  6.38e+09

Reactant = W3   Temperature = 500 K

   P(atm)        W1        W2      Loss
      0.1       294  1.39e+05  1.39e+05
        1      63.3  1.52e+05  1.52e+05
       10      7.14  1.54e+05  1.54e+05
      100     0.724  1.54e+05  1.54e+05
      O-O       ***  1.54e+05  1.54e+05

Reactant = W3   Temperature = 600 K

   P(atm)        W1        W2      Loss
      0.1  6.27e+03  8.74e+05   8.8e+05
        1  2.75e+03  1.11e+06  1.11e+06
       10       395  1.16e+06  1.16e+06
      100      41.3  1.16e+06  1.16e+06
      O-O       ***  1.17e+06  1.17e+06

Reactant = W3   Temperature = 700 K

   P(atm)        W1        W2      Loss
      0.1  5.06e+04  2.85e+06   2.9e+06
        1  4.15e+04  4.46e+06   4.5e+06
       10  8.78e+03  4.97e+06  4.98e+06
      100       992  5.04e+06  5.04e+06
      O-O       ***  5.05e+06  5.05e+06

Reactant = W3   Temperature = 800 K

   P(atm)        W1        W2      Loss
      0.1  2.53e+05  6.02e+06  6.27e+06
        1  3.07e+05  1.19e+07  1.22e+07
       10  9.99e+04  1.48e+07  1.49e+07
      100  1.31e+04  1.53e+07  1.54e+07
      O-O       ***  1.54e+07  1.54e+07

Reactant = W3   Temperature = 900 K

   P(atm)        W1        W2      Loss
      0.1       ***       ***       ***
        1  1.45e+06  2.35e+07  2.49e+07
       10  6.82e+05  3.39e+07  3.46e+07
      100   1.1e+05  3.68e+07  3.69e+07
      O-O       ***  3.72e+07  3.72e+07

Reactant = W3   Temperature = 1e+03 K

   P(atm)        W1        W2      Loss
      0.1       ***       ***       ***
        1  4.45e+06  3.46e+07  3.91e+07
       10  3.11e+06   6.3e+07  6.61e+07
      100  6.47e+05   7.4e+07  7.47e+07
      O-O       ***  7.62e+07  7.62e+07

Reactant = W3   Temperature = 1.1e+03 K

   P(atm)        W1        W2      Loss
      0.1       ***       ***       ***
        1       ***       ***       ***
       10  8.88e+06  9.35e+07  1.02e+08
      100  2.81e+06  1.29e+08  1.32e+08
      O-O       ***  1.38e+08  1.38e+08

Reactant = W3   Temperature = 1.2e+03 K

   P(atm)        W1        W2      Loss
      0.1       ***       ***       ***
        1       ***       ***       ***
       10  2.29e+07  1.26e+08  1.49e+08
      100   9.6e+06  2.02e+08  2.12e+08
      O-O       ***  2.29e+08  2.29e+08

Reactant = W3   Temperature = 1.3e+03 K

   P(atm)        W1        W2      Loss
      0.1       ***       ***       ***
        1       ***       ***       ***
       10       ***       ***       ***
      100  2.59e+07  2.83e+08  3.09e+08
      O-O       ***  3.52e+08  3.52e+08

Reactant = W3   Temperature = 1.4e+03 K

   P(atm)        W1        W2      Loss
      0.1       ***       ***       ***
        1       ***       ***       ***
       10       ***       ***       ***
      100  5.98e+07  3.65e+08  4.25e+08
      O-O       ***  5.13e+08  5.13e+08

Reactant = W3   Temperature = 1.5e+03 K

   P(atm)        W1        W2      Loss
      0.1       ***       ***       ***
        1       ***       ***       ***
       10       ***       ***       ***
      100  1.17e+08  4.33e+08  5.49e+08
      O-O       ***  7.14e+08  7.14e+08

Reactant = W3   Temperature = 1.6e+03 K

   P(atm)        W1        W2      Loss
      0.1       ***       ***       ***
        1       ***       ***       ***
       10       ***       ***       ***
      100  1.91e+08  4.76e+08  6.68e+08
      O-O       ***  9.57e+08  9.57e+08

Reactant = W3   Temperature = 1.7e+03 K

   P(atm)        W1        W2      Loss
      0.1       ***       ***       ***
        1       ***       ***       ***
       10       ***       ***       ***
      100  3.06e+08  5.07e+08  8.13e+08
      O-O       ***  1.25e+09  1.25e+09

Reactant = W3   Temperature = 1.8e+03 K

   P(atm)        W1        W2      Loss
      0.1       ***       ***       ***
        1       ***       ***       ***
       10       ***       ***       ***
      100  4.33e+08  5.18e+08   9.5e+08
      O-O       ***  1.58e+09  1.58e+09

Reactant = W3   Temperature = 1.9e+03 K

   P(atm)        W1        W2      Loss
      0.1       ***       ***       ***
        1       ***       ***       ***
       10       ***       ***       ***
      100       ***       ***       ***
      O-O       ***  1.96e+09  1.96e+09

Reactant = W3   Temperature = 2e+03 K

   P(atm)        W1        W2      Loss
      0.1       ***       ***       ***
        1       ***       ***       ***
       10       ***       ***       ***
      100       ***       ***       ***
      O-O       ***  2.38e+09  2.38e+09

______________________________________________________________________________________

Temperature-Species Rate Tables:

Reactant = W1   Pressure = 0.1 atm

   T(K)        W2        W3      Loss   Capture
    500  1.39e+05       294  1.39e+05  1.54e+05
    600  8.74e+05  6.27e+03   8.8e+05  1.17e+06
    700  2.85e+06  5.06e+04   2.9e+06  5.05e+06
    800  6.02e+06  2.53e+05  6.27e+06  1.54e+07
    900       ***       ***       ***  3.72e+07
  1e+03       ***       ***       ***  7.62e+07
1.1e+03       ***       ***       ***  1.38e+08
1.2e+03       ***       ***       ***  2.29e+08
1.3e+03       ***       ***       ***  3.52e+08
1.4e+03       ***       ***       ***  5.13e+08
1.5e+03       ***       ***       ***  7.14e+08
1.6e+03       ***       ***       ***  9.57e+08
1.7e+03       ***       ***       ***  1.25e+09
1.8e+03       ***       ***       ***  1.58e+09
1.9e+03       ***       ***       ***  1.96e+09
  2e+03       ***       ***       ***  2.38e+09

Reactant = W1   Pressure = 1 atm

   T(K)        W2        W3      Loss   Capture
    500  1.52e+05      63.3  1.52e+05  1.54e+05
    600  1.11e+06  2.75e+03  1.11e+06  1.17e+06
    700  4.46e+06  4.15e+04   4.5e+06  5.05e+06
    800  1.19e+07  3.07e+05  1.22e+07  1.54e+07
    900  2.35e+07  1.45e+06  2.49e+07  3.72e+07
  1e+03  3.46e+07  4.45e+06  3.91e+07  7.62e+07
1.1e+03       ***       ***       ***  1.38e+08
1.2e+03       ***       ***       ***  2.29e+08
1.3e+03       ***       ***       ***  3.52e+08
1.4e+03       ***       ***       ***  5.13e+08
1.5e+03       ***       ***       ***  7.14e+08
1.6e+03       ***       ***       ***  9.57e+08
1.7e+03       ***       ***       ***  1.25e+09
1.8e+03       ***       ***       ***  1.58e+09
1.9e+03       ***       ***       ***  1.96e+09
  2e+03       ***       ***       ***  2.38e+09

Reactant = W1   Pressure = 10 atm

   T(K)        W2        W3      Loss   Capture
    500  1.54e+05      7.14  1.54e+05  1.54e+05
    600  1.16e+06       395  1.16e+06  1.17e+06
    700  4.97e+06  8.78e+03  4.98e+06  5.05e+06
    800  1.48e+07  9.99e+04  1.49e+07  1.54e+07
    900  3.39e+07  6.82e+05  3.46e+07  3.72e+07
  1e+03   6.3e+07  3.11e+06  6.61e+07  7.62e+07
1.1e+03  9.35e+07  8.88e+06  1.02e+08  1.38e+08
1.2e+03  1.26e+08  2.29e+07  1.49e+08  2.29e+08
1.3e+03       ***       ***       ***  3.52e+08
1.4e+03       ***       ***       ***  5.13e+08
1.5e+03       ***       ***       ***  7.14e+08
1.6e+03       ***       ***       ***  9.57e+08
1.7e+03       ***       ***       ***  1.25e+09
1.8e+03       ***       ***       ***  1.58e+09
1.9e+03       ***       ***       ***  1.96e+09
  2e+03       ***       ***       ***  2.38e+09

Reactant = W1   Pressure = 100 atm

   T(K)        W2        W3      Loss   Capture
    500  1.54e+05     0.724  1.54e+05  1.54e+05
    600  1.16e+06      41.3  1.16e+06  1.17e+06
    700  5.04e+06       992  5.04e+06  5.05e+06
    800  1.53e+07  1.31e+04  1.54e+07  1.54e+07
    900  3.68e+07   1.1e+05  3.69e+07  3.72e+07
  1e+03   7.4e+07  6.47e+05  7.47e+07  7.62e+07
1.1e+03  1.29e+08  2.81e+06  1.32e+08  1.38e+08
1.2e+03  2.02e+08   9.6e+06  2.12e+08  2.29e+08
1.3e+03  2.83e+08  2.59e+07  3.09e+08  3.52e+08
1.4e+03  3.65e+08  5.98e+07  4.25e+08  5.13e+08
1.5e+03  4.33e+08  1.17e+08  5.49e+08  7.14e+08
1.6e+03  4.76e+08  1.91e+08  6.68e+08  9.57e+08
1.7e+03  5.07e+08  3.06e+08  8.13e+08  1.25e+09
1.8e+03  5.18e+08  4.33e+08   9.5e+08  1.58e+09
1.9e+03       ***       ***       ***  1.96e+09
  2e+03       ***       ***       ***  2.38e+09

Reactant = W2   Pressure = 0.1 atm

   T(K)        W1        W3      Loss   Capture
    500  0.000539  0.000539   0.00108    0.0012
    600     0.288     0.288     0.576     0.768
    700      22.3      22.3      44.6      79.1
    800       503       503  1.01e+03  2.58e+03
    900       ***       *** -1.14e-07  3.91e+04
  1e+03       ***       ***  1.82e-07  3.45e+05
1.1e+03       ***       ***  -5.9e-08  2.05e+06
1.2e+03       ***       *** -6.13e-07  9.07e+06
1.3e+03       ***       *** -7.41e-08   3.2e+07
1.4e+03       ***       ***  -5.5e-07  9.41e+07
1.5e+03       ***       *** -9.84e-08   2.4e+08
1.6e+03       ***       ***  5.46e-07  5.45e+08
1.7e+03       ***       ***  2.29e-07  1.12e+09
1.8e+03       ***       *** -1.52e-06  2.14e+09
1.9e+03       ***       ***  9.22e-07   3.8e+09
  2e+03       ***       ***   9.1e-07  6.38e+09

Reactant = W2   Pressure = 1 atm

   T(K)        W1        W3      Loss   Capture
    500   0.00059   0.00059   0.00118    0.0012
    600     0.366     0.366     0.732     0.768
    700      34.9      34.9      69.8      79.1
    800       996       996  1.99e+03  2.58e+03
    900  1.23e+04  1.23e+04  2.46e+04  3.91e+04
  1e+03  7.83e+04  7.83e+04  1.57e+05  3.45e+05
1.1e+03       ***       ***  2.74e-07  2.05e+06
1.2e+03       ***       ***  1.31e-06  9.07e+06
1.3e+03       ***       *** -1.92e-06   3.2e+07
1.4e+03       ***       *** -2.48e-06  9.41e+07
1.5e+03       ***       ***  3.25e-07   2.4e+08
1.6e+03       ***       ***  8.44e-08  5.45e+08
1.7e+03       ***       ***  3.35e-06  1.12e+09
1.8e+03       ***       ***  2.76e-06  2.14e+09
1.9e+03       ***       ***  2.17e-06   3.8e+09
  2e+03       ***       ***  5.87e-06  6.38e+09

Reactant = W2   Pressure = 10 atm

   T(K)        W1        W3      Loss   Capture
    500  0.000597  0.000597   0.00119    0.0012
    600     0.382     0.382     0.763     0.768
    700      38.9      38.9      77.8      79.1
    800  1.24e+03  1.24e+03  2.47e+03  2.58e+03
    900  1.78e+04  1.78e+04  3.56e+04  3.91e+04
  1e+03  1.42e+05  1.42e+05  2.85e+05  3.45e+05
1.1e+03  6.94e+05  6.94e+05  1.39e+06  2.05e+06
1.2e+03   2.5e+06   2.5e+06     5e+06  9.07e+06
1.3e+03       ***       ***  1.21e-05   3.2e+07
1.4e+03       ***       *** -2.03e-05  9.41e+07
1.5e+03       ***       *** -2.41e-06   2.4e+08
1.6e+03       ***       ***  2.17e-05  5.45e+08
1.7e+03       ***       *** -2.52e-05  1.12e+09
1.8e+03       ***       *** -1.31e-05  2.14e+09
1.9e+03       ***       ***  1.18e-06   3.8e+09
  2e+03       ***       *** -1.07e-05  6.38e+09

Reactant = W2   Pressure = 100 atm

   T(K)        W1        W3      Loss   Capture
    500  0.000598  0.000598    0.0012    0.0012
    600     0.383     0.383     0.767     0.768
    700      39.4      39.4      78.9      79.1
    800  1.28e+03  1.28e+03  2.57e+03  2.58e+03
    900  1.93e+04  1.93e+04  3.86e+04  3.91e+04
  1e+03  1.67e+05  1.67e+05  3.35e+05  3.45e+05
1.1e+03   9.6e+05   9.6e+05  1.92e+06  2.05e+06
1.2e+03  4.01e+06  4.01e+06  8.03e+06  9.07e+06
1.3e+03  1.28e+07  1.28e+07  2.57e+07   3.2e+07
1.4e+03  3.35e+07  3.35e+07   6.7e+07  9.41e+07
1.5e+03  7.28e+07  7.28e+07  1.46e+08   2.4e+08
1.6e+03  1.36e+08  1.36e+08  2.71e+08  5.45e+08
1.7e+03  2.29e+08  2.29e+08  4.58e+08  1.12e+09
1.8e+03  3.51e+08  3.51e+08  7.01e+08  2.14e+09
1.9e+03       ***       *** -4.98e-05   3.8e+09
  2e+03       ***       ***  8.42e-07  6.38e+09

Reactant = W3   Pressure = 0.1 atm

   T(K)        W1        W2      Loss   Capture
    500       294  1.39e+05  1.39e+05  1.54e+05
    600  6.27e+03  8.74e+05   8.8e+05  1.17e+06
    700  5.06e+04  2.85e+06   2.9e+06  5.05e+06
    800  2.53e+05  6.02e+06  6.27e+06  1.54e+07
    900       ***       ***       ***  3.72e+07
  1e+03       ***       ***       ***  7.62e+07
1.1e+03       ***       ***       ***  1.38e+08
1.2e+03       ***       ***       ***  2.29e+08
1.3e+03       ***       ***       ***  3.52e+08
1.4e+03       ***       ***       ***  5.13e+08
1.5e+03       ***       ***       ***  7.14e+08
1.6e+03       ***       ***       ***  9.57e+08
1.7e+03       ***       ***       ***  1.25e+09
1.8e+03       ***       ***       ***  1.58e+09
1.9e+03       ***       ***       ***  1.96e+09
  2e+03       ***       ***       ***  2.38e+09

Reactant = W3   Pressure = 1 atm

   T(K)        W1        W2      Loss   Capture
    500      63.3  1.52e+05  1.52e+05  1.54e+05
    600  2.75e+03  1.11e+06  1.11e+06  1.17e+06
    700  4.15e+04  4.46e+06   4.5e+06  5.05e+06
    800  3.07e+05  1.19e+07  1.22e+07  1.54e+07
    900  1.45e+06  2.35e+07  2.49e+07  3.72e+07
  1e+03  4.45e+06  3.46e+07  3.91e+07  7.62e+07
1.1e+03       ***       ***       ***  1.38e+08
1.2e+03       ***       ***       ***  2.29e+08
1.3e+03       ***       ***       ***  3.52e+08
1.4e+03       ***       ***       ***  5.13e+08
1.5e+03       ***       ***       ***  7.14e+08
1.6e+03       ***       ***       ***  9.57e+08
1.7e+03       ***       ***       ***  1.25e+09
1.8e+03       ***       ***       ***  1.58e+09
1.9e+03       ***       ***       ***  1.96e+09
  2e+03       ***       ***       ***  2.38e+09

Reactant = W3   Pressure = 10 atm

   T(K)        W1        W2      Loss   Capture
    500      7.14  1.54e+05  1.54e+05  1.54e+05
    600       395  1.16e+06  1.16e+06  1.17e+06
    700  8.78e+03  4.97e+06  4.98e+06  5.05e+06
    800  9.99e+04  1.48e+07  1.49e+07  1.54e+07
    900  6.82e+05  3.39e+07  3.46e+07  3.72e+07
  1e+03  3.11e+06   6.3e+07  6.61e+07  7.62e+07
1.1e+03  8.88e+06  9.35e+07  1.02e+08  1.38e+08
1.2e+03  2.29e+07  1.26e+08  1.49e+08  2.29e+08
1.3e+03       ***       ***       ***  3.52e+08
1.4e+03       ***       ***       ***  5.13e+08
1.5e+03       ***       ***       ***  7.14e+08
1.6e+03       ***       ***       ***  9.57e+08
1.7e+03       ***       ***       ***  1.25e+09
1.8e+03       ***       ***       ***  1.58e+09
1.9e+03       ***       ***       ***  1.96e+09
  2e+03       ***       ***       ***  2.38e+09

Reactant = W3   Pressure = 100 atm

   T(K)        W1        W2      Loss   Capture
    500     0.724  1.54e+05  1.54e+05  1.54e+05
    600      41.3  1.16e+06  1.16e+06  1.17e+06
    700       992  5.04e+06  5.04e+06  5.05e+06
    800  1.31e+04  1.53e+07  1.54e+07  1.54e+07
    900   1.1e+05  3.68e+07  3.69e+07  3.72e+07
  1e+03  6.47e+05   7.4e+07  7.47e+07  7.62e+07
1.1e+03  2.81e+06  1.29e+08  1.32e+08  1.38e+08
1.2e+03   9.6e+06  2.02e+08  2.12e+08  2.29e+08
1.3e+03  2.59e+07  2.83e+08  3.09e+08  3.52e+08
1.4e+03  5.98e+07  3.65e+08  4.25e+08  5.13e+08
1.5e+03  1.17e+08  4.33e+08  5.49e+08  7.14e+08
1.6e+03  1.91e+08  4.76e+08  6.68e+08  9.57e+08
1.7e+03  3.06e+08  5.07e+08  8.13e+08  1.25e+09
1.8e+03  4.33e+08  5.18e+08   9.5e+08  1.58e+09
1.9e+03       ***       ***       ***  1.96e+09
  2e+03       ***       ***       ***  2.38e+09

______________________________________________________________________________________

Temperature-Pressure Rate Tables:

W1->W2

P\T           500       600       700       800       900     1e+03   1.1e+03   1.2e+03   1.3e+03   1.4e+03   1.5e+03   1.6e+03   1.7e+03   1.8e+03   1.9e+03     2e+03
0.1      1.39e+05  8.74e+05  2.85e+06  6.02e+06       ***       ***       ***       ***       ***       ***       ***       ***       ***       ***       ***       ***
1        1.52e+05  1.11e+06  4.46e+06  1.19e+07  2.35e+07  3.46e+07       ***       ***       ***       ***       ***       ***       ***       ***       ***       ***
10       1.54e+05  1.16e+06  4.97e+06  1.48e+07  3.39e+07   6.3e+07  9.35e+07  1.26e+08       ***       ***       ***       ***       ***       ***       ***       ***
100      1.54e+05  1.16e+06  5.04e+06  1.53e+07  3.68e+07   7.4e+07  1.29e+08  2.02e+08  2.83e+08  3.65e+08  4.33e+08  4.76e+08  5.07e+08  5.18e+08       ***       ***
O-O      1.54e+05  1.17e+06  5.05e+06  1.54e+07  3.72e+07  7.62e+07  1.38e+08  2.29e+08  3.52e+08  5.13e+08  7.14e+08  9.57e+08  1.25e+09  1.58e+09  1.96e+09  2.38e+09

W1->W3

P\T           500       600       700       800       900     1e+03   1.1e+03   1.2e+03   1.3e+03   1.4e+03   1.5e+03   1.6e+03   1.7e+03   1.8e+03   1.9e+03     2e+03
0.1           294  6.27e+03  5.06e+04  2.53e+05       ***       ***       ***       ***       ***       ***       ***       ***       ***       ***       ***       ***
1            63.3  2.75e+03  4.15e+04  3.07e+05  1.45e+06  4.45e+06       ***       ***       ***       ***       ***       ***       ***       ***       ***       ***
10           7.14       395  8.78e+03  9.99e+04  6.82e+05  3.11e+06  8.88e+06  2.29e+07       ***       ***       ***       ***       ***       ***       ***       ***
100         0.724      41.3       992  1.31e+04   1.1e+05  6.47e+05  2.81e+06   9.6e+06  2.59e+07  5.98e+07  1.17e+08  1.91e+08  3.06e+08  4.33e+08       ***       ***
O-O           ***       ***       ***       ***       ***       ***       ***       ***       ***       ***       ***       ***       ***       ***       ***       ***

W2->W1

P\T           500       600       700       800       900     1e+03   1.1e+03   1.2e+03   1.3e+03   1.4e+03   1.5e+03   1.6e+03   1.7e+03   1.8e+03   1.9e+03     2e+03
0.1      0.000539     0.288      22.3       503       ***       ***       ***       ***       ***       ***       ***       ***       ***       ***       ***       ***
1         0.00059     0.366      34.9       996  1.23e+04  7.83e+04       ***       ***       ***       ***       ***       ***       ***       ***       ***       ***
10       0.000597     0.382      38.9  1.24e+03  1.78e+04  1.42e+05  6.94e+05   2.5e+06       ***       ***       ***       ***       ***       ***       ***       ***
100      0.000598     0.383      39.4  1.28e+03  1.93e+04  1.67e+05   9.6e+05  4.01e+06  1.28e+07  3.35e+07  7.28e+07  1.36e+08  2.29e+08  3.51e+08       ***       ***
O-O      0.000599     0.384      39.6  1.29e+03  1.95e+04  1.72e+05  1.02e+06  4.54e+06   1.6e+07  4.71e+07   1.2e+08  2.72e+08  5.62e+08  1.07e+09   1.9e+09  3.19e+09

W2->W3

P\T           500       600       700       800       900     1e+03   1.1e+03   1.2e+03   1.3e+03   1.4e+03   1.5e+03   1.6e+03   1.7e+03   1.8e+03   1.9e+03     2e+03
0.1      0.000539     0.288      22.3       503       ***       ***       ***       ***       ***       ***       ***       ***       ***       ***       ***       ***
1         0.00059     0.366      34.9       996  1.23e+04  7.83e+04       ***       ***       ***       ***       ***       ***       ***       ***       ***       ***
10       0.000597     0.382      38.9  1.24e+03  1.78e+04  1.42e+05  6.94e+05   2.5e+06       ***       ***       ***       ***       ***       ***       ***       ***
100      0.000598     0.383      39.4  1.28e+03  1.93e+04  1.67e+05   9.6e+05  4.01e+06  1.28e+07  3.35e+07  7.28e+07  1.36e+08  2.29e+08  3.51e+08       ***       ***
O-O      0.000599     0.384      39.6  1.29e+03  1.95e+04  1.72e+05  1.02e+06  4.54e+06   1.6e+07  4.71e+07   1.2e+08  2.72e+08  5.62e+08  1.07e+09   1.9e+09  3.19e+09

W3->W1

P\T           500       600       700       800       900     1e+03   1.1e+03   1.2e+03   1.3e+03   1.4e+03   1.5e+03   1.6e+03   1.7e+03   1.8e+03   1.9e+03     2e+03
0.1           294  6.27e+03  5.06e+04  2.53e+05       ***       ***       ***       ***       ***       ***       ***       ***       ***       ***       ***       ***
1            63.3  2.75e+03  4.15e+04  3.07e+05  1.45e+06  4.45e+06       ***       ***       ***       ***       ***       ***       ***       ***       ***       ***
10           7.14       395  8.78e+03  9.99e+04  6.82e+05  3.11e+06  8.88e+06  2.29e+07       ***       ***       ***       ***       ***       ***       ***       ***
100         0.724      41.3       992  1.31e+04   1.1e+05  6.47e+05  2.81e+06   9.6e+06  2.59e+07  5.98e+07  1.17e+08  1.91e+08  3.06e+08  4.33e+08       ***       ***
O-O           ***       ***       ***       ***       ***       ***       ***       ***       ***       ***       ***       ***       ***       ***       ***       ***

W3->W2

P\T           500       600       700       800       900     1e+03   1.1e+03   1.2e+03   1.3e+03   1.4e+03   1.5e+03   1.6e+03   1.7e+03   1.8e+03   1.9e+03     2e+03
0.1      1.39e+05  8.74e+05  2.85e+06  6.02e+06       ***       ***       ***       ***       ***       ***       ***       ***       ***       ***       ***       ***
1        1.52e+05  1.11e+06  4.46e+06  1.19e+07  2.35e+07  3.46e+07       ***       ***       ***       ***       ***       ***       ***       ***       ***       ***
10       1.54e+05  1.16e+06  4.97e+06  1.48e+07  3.39e+07   6.3e+07  9.35e+07  1.26e+08       ***       ***       ***       ***       ***       ***       ***       ***
100      1.54e+05  1.16e+06  5.04e+06  1.53e+07  3.68e+07   7.4e+07  1.29e+08  2.02e+08  2.83e+08  3.65e+08  4.33e+08  4.76e+08  5.07e+08  5.18e+08       ***       ***
O-O      1.54e+05  1.17e+06  5.05e+06  1.54e+07  3.72e+07  7.62e+07  1.38e+08  2.29e+08  3.52e+08  5.13e+08  7.14e+08  9.57e+08  1.25e+09  1.58e+09  1.96e+09  2.38e+09

W1-> 

P\T           500       600       700       800       900     1e+03   1.1e+03   1.2e+03   1.3e+03   1.4e+03   1.5e+03   1.6e+03   1.7e+03   1.8e+03   1.9e+03     2e+03
0.1      1.39e+05   8.8e+05   2.9e+06  6.27e+06       ***       ***       ***       ***       ***       ***       ***       ***       ***       ***       ***       ***
1        1.52e+05  1.11e+06   4.5e+06  1.22e+07  2.49e+07  3.91e+07       ***       ***       ***       ***       ***       ***       ***       ***       ***       ***
10       1.54e+05  1.16e+06  4.98e+06  1.49e+07  3.46e+07  6.61e+07  1.02e+08  1.49e+08       ***       ***       ***       ***       ***       ***       ***       ***
100      1.54e+05  1.16e+06  5.04e+06  1.54e+07  3.69e+07  7.47e+07  1.32e+08  2.12e+08  3.09e+08  4.25e+08  5.49e+08  6.68e+08  8.13e+08   9.5e+08       ***       ***
O-O      1.54e+05  1.17e+06  5.05e+06  1.54e+07  3.72e+07  7.62e+07  1.38e+08  2.29e+08  3.52e+08  5.13e+08  7.14e+08  9.57e+08  1.25e+09  1.58e+09  1.96e+09  2.38e+09

W2-> 

P\T           500       600       700       800       900     1e+03   1.1e+03   1.2e+03   1.3e+03   1.4e+03   1.5e+03   1.6e+03   1.7e+03   1.8e+03   1.9e+03     2e+03
0.1       0.00108     0.576      44.6  1.01e+03 -1.14e-07  1.82e-07  -5.9e-08 -6.13e-07 -7.41e-08  -5.5e-07 -9.84e-08  5.46e-07  2.29e-07 -1.52e-06  9.22e-07   9.1e-07
1         0.00118     0.732      69.8  1.99e+03  2.46e+04  1.57e+05  2.74e-07  1.31e-06 -1.92e-06 -2.48e-06  3.25e-07  8.44e-08  3.35e-06  2.76e-06  2.17e-06  5.87e-06
10        0.00119     0.763      77.8  2.47e+03  3.56e+04  2.85e+05  1.39e+06     5e+06  1.21e-05 -2.03e-05 -2.41e-06  2.17e-05 -2.52e-05 -1.31e-05  1.18e-06 -1.07e-05
100        0.0012     0.767      78.9  2.57e+03  3.86e+04  3.35e+05  1.92e+06  8.03e+06  2.57e+07   6.7e+07  1.46e+08  2.71e+08  4.58e+08  7.01e+08 -4.98e-05  8.42e-07
O-O        0.0012     0.768      79.1  2.58e+03  3.91e+04  3.45e+05  2.05e+06  9.07e+06   3.2e+07  9.41e+07   2.4e+08  5.45e+08  1.12e+09  2.14e+09   3.8e+09  6.38e+09

W3-> 

P\T           500       600       700       800       900     1e+03   1.1e+03   1.2e+03   1.3e+03   1.4e+03   1.5e+03   1.6e+03   1.7e+03   1.8e+03   1.9e+03     2e+03
0.1      1.39e+05   8.8e+05   2.9e+06  6.27e+06       ***       ***       ***       ***       ***       ***       ***       ***       ***       ***       ***       ***
1        1.52e+05  1.11e+06   4.5e+06  1.22e+07  2.49e+07  3.91e+07       ***       ***       ***       ***       ***       ***       ***       ***       ***       ***
10       1.54e+05  1.16e+06  4.98e+06  1.49e+07  3.46e+07  6.61e+07  1.02e+08  1.49e+08       ***       ***       ***       ***       ***       ***       ***       ***
100      1.54e+05  1.16e+06  5.04e+06  1.54e+07  3.69e+07  7.47e+07  1.32e+08  2.12e+08  3.09e+08  4.25e+08  5.49e+08  6.68e+08  8.13e+08   9.5e+08       ***       ***
O-O      1.54e+05  1.17e+06  5.05e+06  1.54e+07  3.72e+07  7.62e+07  1.38e+08  2.29e+08  3.52e+08  5.13e+08  7.14e+08  9.57e+08  1.25e+09  1.58e+09  1.96e+09  2.38e+09

