Wells (G - ground energy, D - dissociation limit, kcal/mol):
                            W         G         D
                C5O2nexammeee         0      1.41
      FakeW-C5H6O(645)e+OH(4)     -27.1     -24.1

Bimolecular Products (G - ground energy, kcal/mol):
                      P         G
      C5H6O(645)e+OH(4)     -24.1

Well-to-Bimolecular Barriers (H/G - barrier height/well depth, kcal/mol)
                            B         H                       W         G                 P
      FakeB-C5H6O(645)e+OH(4)     -24.1 FakeW-C5H6O(645)e+OH(4)     -27.1 C5H6O(645)e+OH(4)

Well-to-Well Barriers (H/G - barrier height/well depth, kcal/mol):
            B         H                      W1        G1                      W2        G2
      ts_3_43      1.41           C5O2nexammeee         0 FakeW-C5H6O(645)e+OH(4)     -27.1

Bound Groups: dissociation barrier (name/ground energy, kcal/mol): wells (name/ground energy, kcal/mol):
     C1/-24.1:  FakeW-C5H6O(645)e+OH(4)/-27.1

     B1/1.41:  C5O2nexammeee/0

________________________________________________________________________________________

Names Translation Tables (<short name> - <original name>):
Wells:
   W1 - C5O2nexammeee
   W2 - FakeW-C5H6O(645)e+OH(4)
Bimolecular products:
   P1 - C5H6O(645)e+OH(4)
Inner Barriers:
   B1 - ts_3_43
Outer Barriers:
   C1 - FakeB-C5H6O(645)e+OH(4)
Unimolecular Rate Units: 1/sec;  Bimolecular Rate Units: cm^3/sec

______________________________________________________________________________________

Species-Species Rate Tables:

Temperature = 500 K

High Pressure Rate Coefficients:

From\To         W1        W2        P1
W1             ***  2.11e+12       ***
W2           0.257       ***  8.56e+13
P1             ***  2.41e-10       ***

Temperature = 500 K    Pressure = 0.1 atm

From\To         W1        W2        P1
W1         3.4e+10 -1.72e+05   3.4e+10
W2       -1.57e-12  9.65e+10  9.65e+10
P1        1.12e-26  2.34e-13  2.34e-13

Temperature = 500 K    Pressure = 1 atm

From\To         W1        W2        P1
W1        9.94e+10 -1.97e+05  9.94e+10
W2       -9.89e-14     4e+11     4e+11
P1        3.38e-26  1.06e-12  1.06e-12

Temperature = 500 K    Pressure = 10 atm

From\To         W1        W2        P1
W1        2.47e+11  8.98e+05  2.47e+11
W2       -2.06e-12  1.42e+12  1.42e+12
P1        8.46e-26  3.93e-12  3.93e-12

Temperature = 500 K    Pressure = 100 atm

From\To         W1        W2        P1
W1        5.17e+11  6.02e+06  5.17e+11
W2       -1.48e-11  4.25e+12  4.25e+12
P1        1.77e-25  1.19e-11  1.19e-11

Temperature = 600 K

High Pressure Rate Coefficients:

From\To         W1        W2        P1
W1             ***  2.68e+12       ***
W2            21.6       ***  1.15e+14
P1             ***  2.48e-10       ***

Temperature = 600 K    Pressure = 0.1 atm

From\To         W1        W2        P1
W1        2.53e+10       ***  2.53e+10
W2             ***       ***       ***
P1        4.24e-25       *** -3.67e-23

Temperature = 600 K    Pressure = 1 atm

From\To         W1        W2        P1
W1        7.58e+10  1.64e+05  7.58e+10
W2         8.7e-11  8.96e+11  8.96e+11
P1        1.31e-24   1.7e-12   1.7e-12

Temperature = 600 K    Pressure = 10 atm

From\To         W1        W2        P1
W1        1.96e+11  1.52e+06  1.96e+11
W2       -1.24e-09  2.61e+12  2.61e+12
P1         3.4e-24  5.42e-12  5.42e-12

Temperature = 600 K    Pressure = 100 atm

From\To         W1        W2        P1
W1        4.35e+11  9.12e+06  4.35e+11
W2       -1.95e-08   6.9e+12   6.9e+12
P1        7.57e-24  1.47e-11  1.47e-11

Temperature = 700 K

High Pressure Rate Coefficients:

From\To         W1        W2        P1
W1             ***  3.19e+12       ***
W2             497       ***  1.35e+14
P1             ***  2.54e-10       ***

Temperature = 700 K    Pressure = 0.1 atm

From\To         W1        W2        P1
W1        1.85e+10       ***  1.85e+10
W2             ***       ***       ***
P1        5.26e-24       ***  1.11e-23

Temperature = 700 K    Pressure = 1 atm

From\To         W1        W2        P1
W1        5.65e+10  2.67e+05  5.65e+10
W2        4.16e-09  1.57e+12  1.57e+12
P1        1.64e-23  2.41e-12  2.41e-12

Temperature = 700 K    Pressure = 10 atm

From\To         W1        W2        P1
W1        1.51e+11  1.92e+06  1.51e+11
W2       -1.18e-07  3.97e+12  3.97e+12
P1        4.42e-23  7.06e-12  7.06e-12

Temperature = 700 K    Pressure = 100 atm

From\To         W1        W2        P1
W1        3.51e+11  1.09e+07  3.51e+11
W2       -1.15e-06  9.59e+12  9.59e+12
P1        1.03e-22  1.78e-11  1.78e-11

Temperature = 800 K

High Pressure Rate Coefficients:

From\To         W1        W2        P1
W1             ***  3.66e+12       ***
W2        5.14e+03       ***  1.46e+14
P1             ***   2.6e-10       ***

Temperature = 800 K    Pressure = 0.1 atm

From\To         W1        W2        P1
W1        1.44e+10       ***  1.44e+10
W2             ***       ***       ***
P1        3.48e-23       ***  3.08e-23

Temperature = 800 K    Pressure = 1 atm

From\To         W1        W2        P1
W1        4.42e+10       ***  4.42e+10
W2             ***       ***       ***
P1        1.09e-22       ***  1.19e-22

Temperature = 800 K    Pressure = 10 atm

From\To         W1        W2        P1
W1         1.2e+11  1.99e+06   1.2e+11
W2        4.01e-06  4.94e+12  4.94e+12
P1           3e-22  8.15e-12  8.15e-12

Temperature = 800 K    Pressure = 100 atm

From\To         W1        W2        P1
W1        2.88e+11  1.12e+07  2.88e+11
W2        0.000244  1.13e+13  1.13e+13
P1        7.19e-22  1.98e-11  1.98e-11

Temperature = 900 K

High Pressure Rate Coefficients:

From\To         W1        W2        P1
W1             ***  4.09e+12       ***
W2        3.13e+04       ***   1.5e+14
P1             ***  2.65e-10       ***

Temperature = 900 K    Pressure = 0.1 atm

From\To         W1        W2        P1
W1        1.26e+10       ***  1.26e+10
W2             ***       ***       ***
P1        1.64e-22       ***  1.65e-22

Temperature = 900 K    Pressure = 1 atm

From\To         W1        W2        P1
W1        3.82e+10       ***  3.82e+10
W2             ***       ***       ***
P1         5.1e-22       ***  5.15e-22

Temperature = 900 K    Pressure = 10 atm

From\To         W1        W2        P1
W1        1.04e+11  2.24e+06  1.04e+11
W2        5.75e-05  6.13e+12  6.13e+12
P1         1.4e-21  9.77e-12  9.77e-12

Temperature = 900 K    Pressure = 100 atm

From\To         W1        W2        P1
W1        2.53e+11  1.23e+07  2.53e+11
W2         0.00247  1.33e+13  1.33e+13
P1        3.41e-21   2.3e-11   2.3e-11

Temperature = 1e+03 K

High Pressure Rate Coefficients:

From\To         W1        W2        P1
W1             ***  4.48e+12       ***
W2        1.32e+05       ***   1.5e+14
P1             ***   2.7e-10       ***

Temperature = 1e+03 K    Pressure = 0.1 atm

From\To         W1        W2        P1
W1        9.93e+09       ***  9.93e+09
W2             ***       ***       ***
P1        5.09e-22       ***  5.19e-22

Temperature = 1e+03 K    Pressure = 1 atm

From\To         W1        W2        P1
W1        3.04e+10       ***  3.04e+10
W2             ***       ***       ***
P1         1.6e-21       ***  1.59e-21

Temperature = 1e+03 K    Pressure = 10 atm

From\To         W1        W2        P1
W1        8.41e+10  2.09e+06  8.41e+10
W2         0.00086  6.42e+12  6.42e+12
P1        4.45e-21  1.03e-11  1.03e-11

Temperature = 1e+03 K    Pressure = 100 atm

From\To         W1        W2        P1
W1        2.08e+11  1.18e+07  2.08e+11
W2          0.0333  1.36e+13  1.36e+13
P1        1.11e-20  2.39e-11  2.39e-11

Temperature = 1.1e+03 K

High Pressure Rate Coefficients:

From\To         W1        W2        P1
W1             ***  4.85e+12       ***
W2        4.29e+05       ***  1.46e+14
P1             ***  2.74e-10       ***

Temperature = 1.1e+03 K    Pressure = 0.1 atm

From\To         W1        W2        P1
W1        8.23e+09       ***  8.23e+09
W2             ***       ***       ***
P1        1.31e-21       ***   1.3e-21

Temperature = 1.1e+03 K    Pressure = 1 atm

From\To         W1        W2        P1
W1        2.52e+10       ***  2.52e+10
W2             ***       ***       ***
P1        4.12e-21       ***   4.1e-21

Temperature = 1.1e+03 K    Pressure = 10 atm

From\To         W1        W2        P1
W1        7.04e+10  3.81e+06  7.04e+10
W2           0.029  6.91e+12  6.91e+12
P1        1.16e-20  1.14e-11  1.14e-11

Temperature = 1.1e+03 K    Pressure = 100 atm

From\To         W1        W2        P1
W1        1.77e+11   2.4e+07  1.77e+11
W2           0.955  1.43e+13  1.43e+13
P1        2.93e-20  2.59e-11  2.59e-11

Temperature = 1.2e+03 K

High Pressure Rate Coefficients:

From\To         W1        W2        P1
W1             ***  5.19e+12       ***
W2        1.14e+06       ***  1.41e+14
P1             ***  2.78e-10       ***

Temperature = 1.2e+03 K    Pressure = 0.1 atm

From\To         W1        W2        P1
W1        7.27e+09       ***  7.27e+09
W2             ***       ***       ***
P1        3.02e-21       ***  3.03e-21

Temperature = 1.2e+03 K    Pressure = 1 atm

From\To         W1        W2        P1
W1        2.22e+10       ***  2.22e+10
W2             ***       ***       ***
P1        9.48e-21       ***  9.49e-21

Temperature = 1.2e+03 K    Pressure = 10 atm

From\To         W1        W2        P1
W1        6.21e+10  1.47e+07  6.21e+10
W2           0.712  7.11e+12  7.11e+12
P1        2.68e-20  1.22e-11  1.22e-11

Temperature = 1.2e+03 K    Pressure = 100 atm

From\To         W1        W2        P1
W1        1.57e+11  1.13e+08  1.57e+11
W2            18.6  1.44e+13  1.44e+13
P1         6.8e-20  2.74e-11  2.74e-11

Temperature = 1.3e+03 K

High Pressure Rate Coefficients:

From\To         W1        W2        P1
W1             ***  5.52e+12       ***
W2        2.61e+06       ***  1.35e+14
P1             ***  2.82e-10       ***

Temperature = 1.3e+03 K    Pressure = 0.1 atm

From\To         W1        W2        P1
W1        6.08e+09       ***  6.08e+09
W2             ***       ***       ***
P1        5.78e-21       ***  5.79e-21

Temperature = 1.3e+03 K    Pressure = 1 atm

From\To         W1        W2        P1
W1        1.86e+10       ***  1.86e+10
W2             ***       ***       ***
P1        1.82e-20       ***  1.82e-20

Temperature = 1.3e+03 K    Pressure = 10 atm

From\To         W1        W2        P1
W1        5.26e+10  5.69e+07  5.25e+10
W2            10.4  6.97e+12  6.97e+12
P1        5.18e-20  1.26e-11  1.26e-11

Temperature = 1.3e+03 K    Pressure = 100 atm

From\To         W1        W2        P1
W1        1.35e+11  4.34e+08  1.34e+11
W2             175  1.39e+13  1.39e+13
P1        1.33e-19  2.81e-11  2.81e-11

Temperature = 1.4e+03 K

High Pressure Rate Coefficients:

From\To         W1        W2        P1
W1             ***  5.82e+12       ***
W2        5.31e+06       ***  1.28e+14
P1             ***  2.86e-10       ***

Temperature = 1.4e+03 K    Pressure = 0.1 atm

From\To         W1        W2        P1
W1        4.84e+09       ***  4.84e+09
W2             ***       ***       ***
P1        9.47e-21       ***  9.47e-21

Temperature = 1.4e+03 K    Pressure = 1 atm

From\To         W1        W2        P1
W1         1.5e+10       ***   1.5e+10
W2             ***       ***       ***
P1           3e-20       ***     3e-20

Temperature = 1.4e+03 K    Pressure = 10 atm

From\To         W1        W2        P1
W1        4.28e+10   2.1e+08  4.26e+10
W2             105   6.9e+12   6.9e+12
P1        8.64e-20  1.32e-11  1.32e-11

Temperature = 1.4e+03 K    Pressure = 100 atm

From\To         W1        W2        P1
W1        1.12e+11   1.3e+09   1.1e+11
W2        1.07e+03  1.36e+13  1.36e+13
P1        2.24e-19  2.92e-11  2.92e-11

Temperature = 1.5e+03 K

High Pressure Rate Coefficients:

From\To         W1        W2        P1
W1             ***  6.12e+12       ***
W2        9.83e+06       ***  1.21e+14
P1             ***  2.89e-10       ***

Temperature = 1.5e+03 K    Pressure = 0.1 atm

From\To         W1        W2        P1
W1        4.24e+09       ***  4.24e+09
W2             ***       ***       ***
P1        1.56e-20       ***  1.56e-20

Temperature = 1.5e+03 K    Pressure = 1 atm

From\To         W1        W2        P1
W1        1.31e+10       ***  1.31e+10
W2             ***       ***       ***
P1        4.95e-20       ***  4.95e-20

Temperature = 1.5e+03 K    Pressure = 10 atm

From\To         W1        W2        P1
W1        3.76e+10  6.27e+08   3.7e+10
W2             669  6.86e+12  6.86e+12
P1        1.42e-19   1.4e-11   1.4e-11

Temperature = 1.5e+03 K    Pressure = 100 atm

From\To         W1        W2        P1
W1        9.88e+10  3.14e+09  9.56e+10
W2        4.64e+03  1.33e+13  1.33e+13
P1        3.67e-19  3.06e-11  3.06e-11

Temperature = 1.6e+03 K

High Pressure Rate Coefficients:

From\To         W1        W2        P1
W1             ***  6.39e+12       ***
W2        1.68e+07       ***  1.14e+14
P1             ***  2.92e-10       ***

Temperature = 1.6e+03 K    Pressure = 0.1 atm

From\To         W1        W2        P1
W1        3.57e+09       ***  3.57e+09
W2             ***       ***       ***
P1        2.31e-20       ***  2.31e-20

Temperature = 1.6e+03 K    Pressure = 1 atm

From\To         W1        W2        P1
W1        1.11e+10       ***  1.11e+10
W2             ***       ***       ***
P1        7.37e-20       ***  7.38e-20

Temperature = 1.6e+03 K    Pressure = 10 atm

From\To         W1        W2        P1
W1        3.21e+10  1.52e+09  3.06e+10
W2        2.93e+03  6.84e+12  6.84e+12
P1        2.09e-19  1.48e-11  1.48e-11

Temperature = 1.6e+03 K    Pressure = 100 atm

From\To         W1        W2        P1
W1        8.53e+10  6.37e+09  7.89e+10
W2        1.57e+04  1.31e+13  1.31e+13
P1        5.35e-19  3.23e-11  3.23e-11

Temperature = 1.7e+03 K

High Pressure Rate Coefficients:

From\To         W1        W2        P1
W1             ***  6.66e+12       ***
W2        2.71e+07       ***  1.08e+14
P1             ***  2.95e-10       ***

Temperature = 1.7e+03 K    Pressure = 0.1 atm

From\To         W1        W2        P1
W1        3.26e+09       ***  3.27e+09
W2             ***       ***       ***
P1        3.52e-20       ***  3.52e-20

Temperature = 1.7e+03 K    Pressure = 1 atm

From\To         W1        W2        P1
W1        1.03e+10       ***  1.03e+10
W2             ***       ***       ***
P1        1.14e-19       ***  1.14e-19

Temperature = 1.7e+03 K    Pressure = 10 atm

From\To         W1        W2        P1
W1        2.99e+10  2.43e+09  2.75e+10
W2        7.87e+03  6.55e+12  6.55e+12
P1        3.14e-19  1.56e-11  1.56e-11

Temperature = 1.7e+03 K    Pressure = 100 atm

From\To         W1        W2        P1
W1        7.98e+10  9.72e+09     7e+10
W2        3.77e+04  1.26e+13  1.26e+13
P1        7.89e-19  3.34e-11  3.34e-11

Temperature = 1.8e+03 K

High Pressure Rate Coefficients:

From\To         W1        W2        P1
W1             ***  6.92e+12       ***
W2        4.15e+07       ***  1.01e+14
P1             ***  2.98e-10       ***

Temperature = 1.8e+03 K    Pressure = 0.1 atm

From\To         W1        W2        P1
W1        2.84e+09       ***  2.85e+09
W2             ***       ***       ***
P1        4.81e-20       ***  4.81e-20

Temperature = 1.8e+03 K    Pressure = 1 atm

From\To         W1        W2        P1
W1        9.28e+09       ***  9.29e+09
W2             ***       ***       ***
P1        1.61e-19       ***  1.62e-19

Temperature = 1.8e+03 K    Pressure = 10 atm

From\To         W1        W2        P1
W1        2.73e+10  4.01e+09  2.33e+10
W2        1.84e+04  6.23e+12  6.23e+12
P1        4.33e-19  1.56e-11  1.56e-11

Temperature = 1.8e+03 K    Pressure = 100 atm

From\To         W1        W2        P1
W1        7.33e+10  1.42e+10   5.9e+10
W2        8.12e+04  1.18e+13  1.18e+13
P1        1.06e-18  3.34e-11  3.34e-11

Temperature = 1.9e+03 K

High Pressure Rate Coefficients:

From\To         W1        W2        P1
W1             ***  7.17e+12       ***
W2        6.07e+07       ***  9.51e+13
P1             ***     3e-10       ***

Temperature = 1.9e+03 K    Pressure = 0.1 atm

From\To         W1        W2        P1
W1        2.28e+09       ***  2.28e+09
W2             ***       ***       ***
P1        5.84e-20       ***  5.85e-20

Temperature = 1.9e+03 K    Pressure = 1 atm

From\To         W1        W2        P1
W1        8.02e+09       ***  8.04e+09
W2             ***       ***       ***
P1        2.12e-19       ***  2.12e-19

Temperature = 1.9e+03 K    Pressure = 10 atm

From\To         W1        W2        P1
W1        2.43e+10  5.61e+09  1.87e+10
W2        3.58e+04  5.97e+12  5.97e+12
P1         5.5e-19   1.6e-11   1.6e-11

Temperature = 1.9e+03 K    Pressure = 100 atm

From\To         W1        W2        P1
W1         6.6e+10  1.88e+10  4.72e+10
W2        1.52e+05  1.12e+13  1.12e+13
P1         1.3e-18  3.42e-11  3.42e-11

Temperature = 2e+03 K

High Pressure Rate Coefficients:

From\To         W1        W2        P1
W1             ***  7.41e+12       ***
W2        8.55e+07       ***  8.94e+13
P1             ***  3.03e-10       ***

Temperature = 2e+03 K    Pressure = 0.1 atm

From\To         W1        W2        P1
W1        1.65e+09       ***  1.65e+09
W2             ***       ***       ***
P1         6.2e-20       ***   6.2e-20

Temperature = 2e+03 K    Pressure = 1 atm

From\To         W1        W2        P1
W1         6.6e+09       ***  6.61e+09
W2             ***       ***       ***
P1        2.54e-19       ***  2.55e-19

Temperature = 2e+03 K    Pressure = 10 atm

From\To         W1        W2        P1
W1         2.1e+10  7.12e+09  1.39e+10
W2        5.95e+04  5.74e+12  5.74e+12
P1        6.46e-19  1.65e-11  1.65e-11

Temperature = 2e+03 K    Pressure = 100 atm

From\To         W1        W2        P1
W1        5.84e+10   2.3e+10  3.54e+10
W2        2.55e+05  1.07e+13  1.07e+13
P1        1.45e-18  3.51e-11  3.51e-11

______________________________________________________________________________________

High Pressure Rate Coefficients (Temperature-Species Rate Tables):

Reactant = W1
   T(K)        W1        W2        P1
    500       ***  2.11e+12       ***
    600       ***  2.68e+12       ***
    700       ***  3.19e+12       ***
    800       ***  3.66e+12       ***
    900       ***  4.09e+12       ***
  1e+03       ***  4.48e+12       ***
1.1e+03       ***  4.85e+12       ***
1.2e+03       ***  5.19e+12       ***
1.3e+03       ***  5.52e+12       ***
1.4e+03       ***  5.82e+12       ***
1.5e+03       ***  6.12e+12       ***
1.6e+03       ***  6.39e+12       ***
1.7e+03       ***  6.66e+12       ***
1.8e+03       ***  6.92e+12       ***
1.9e+03       ***  7.17e+12       ***
  2e+03       ***  7.41e+12       ***

Reactant = W2
   T(K)        W1        W2        P1
    500     0.257       ***  8.56e+13
    600      21.6       ***  1.15e+14
    700       497       ***  1.35e+14
    800  5.14e+03       ***  1.46e+14
    900  3.13e+04       ***   1.5e+14
  1e+03  1.32e+05       ***   1.5e+14
1.1e+03  4.29e+05       ***  1.46e+14
1.2e+03  1.14e+06       ***  1.41e+14
1.3e+03  2.61e+06       ***  1.35e+14
1.4e+03  5.31e+06       ***  1.28e+14
1.5e+03  9.83e+06       ***  1.21e+14
1.6e+03  1.68e+07       ***  1.14e+14
1.7e+03  2.71e+07       ***  1.08e+14
1.8e+03  4.15e+07       ***  1.01e+14
1.9e+03  6.07e+07       ***  9.51e+13
  2e+03  8.55e+07       ***  8.94e+13

Reactant = P1
   T(K)        W1        W2        P1
    500       ***  2.41e-10       ***
    600       ***  2.48e-10       ***
    700       ***  2.54e-10       ***
    800       ***   2.6e-10       ***
    900       ***  2.65e-10       ***
  1e+03       ***   2.7e-10       ***
1.1e+03       ***  2.74e-10       ***
1.2e+03       ***  2.78e-10       ***
1.3e+03       ***  2.82e-10       ***
1.4e+03       ***  2.86e-10       ***
1.5e+03       ***  2.89e-10       ***
1.6e+03       ***  2.92e-10       ***
1.7e+03       ***  2.95e-10       ***
1.8e+03       ***  2.98e-10       ***
1.9e+03       ***     3e-10       ***
  2e+03       ***  3.03e-10       ***

Capture/Escape Rate Coefficients:

   T(K)        W1        W2        P1
    500  2.11e+12  8.56e+13  2.41e-10
    600  2.68e+12  1.15e+14  2.48e-10
    700  3.19e+12  1.35e+14  2.54e-10
    800  3.66e+12  1.46e+14   2.6e-10
    900  4.09e+12   1.5e+14  2.65e-10
  1e+03  4.48e+12   1.5e+14   2.7e-10
1.1e+03  4.85e+12  1.46e+14  2.74e-10
1.2e+03  5.19e+12  1.41e+14  2.78e-10
1.3e+03  5.52e+12  1.35e+14  2.82e-10
1.4e+03  5.82e+12  1.28e+14  2.86e-10
1.5e+03  6.12e+12  1.21e+14  2.89e-10
1.6e+03  6.39e+12  1.14e+14  2.92e-10
1.7e+03  6.66e+12  1.08e+14  2.95e-10
1.8e+03  6.92e+12  1.01e+14  2.98e-10
1.9e+03  7.17e+12  9.51e+13     3e-10
  2e+03  7.41e+12  8.94e+13  3.03e-10

______________________________________________________________________________________

Pressure-Species Rate Tables:

Reactant = W1   Temperature = 500 K

   P(atm)        W2        P1      Loss
      0.1 -1.72e+05   3.4e+10   3.4e+10
        1 -1.97e+05  9.94e+10  9.94e+10
       10  8.98e+05  2.47e+11  2.47e+11
      100  6.02e+06  5.17e+11  5.17e+11
      O-O  2.11e+12       ***  2.11e+12

Reactant = W1   Temperature = 600 K

   P(atm)        W2        P1      Loss
      0.1       ***  2.53e+10  2.53e+10
        1  1.64e+05  7.58e+10  7.58e+10
       10  1.52e+06  1.96e+11  1.96e+11
      100  9.12e+06  4.35e+11  4.35e+11
      O-O  2.68e+12       ***  2.68e+12

Reactant = W1   Temperature = 700 K

   P(atm)        W2        P1      Loss
      0.1       ***  1.85e+10  1.85e+10
        1  2.67e+05  5.65e+10  5.65e+10
       10  1.92e+06  1.51e+11  1.51e+11
      100  1.09e+07  3.51e+11  3.51e+11
      O-O  3.19e+12       ***  3.19e+12

Reactant = W1   Temperature = 800 K

   P(atm)        W2        P1      Loss
      0.1       ***  1.44e+10  1.44e+10
        1       ***  4.42e+10  4.42e+10
       10  1.99e+06   1.2e+11   1.2e+11
      100  1.12e+07  2.88e+11  2.88e+11
      O-O  3.66e+12       ***  3.66e+12

Reactant = W1   Temperature = 900 K

   P(atm)        W2        P1      Loss
      0.1       ***  1.26e+10  1.26e+10
        1       ***  3.82e+10  3.82e+10
       10  2.24e+06  1.04e+11  1.04e+11
      100  1.23e+07  2.53e+11  2.53e+11
      O-O  4.09e+12       ***  4.09e+12

Reactant = W1   Temperature = 1e+03 K

   P(atm)        W2        P1      Loss
      0.1       ***  9.93e+09  9.93e+09
        1       ***  3.04e+10  3.04e+10
       10  2.09e+06  8.41e+10  8.41e+10
      100  1.18e+07  2.08e+11  2.08e+11
      O-O  4.48e+12       ***  4.48e+12

Reactant = W1   Temperature = 1.1e+03 K

   P(atm)        W2        P1      Loss
      0.1       ***  8.23e+09  8.23e+09
        1       ***  2.52e+10  2.52e+10
       10  3.81e+06  7.04e+10  7.04e+10
      100   2.4e+07  1.77e+11  1.77e+11
      O-O  4.85e+12       ***  4.85e+12

Reactant = W1   Temperature = 1.2e+03 K

   P(atm)        W2        P1      Loss
      0.1       ***  7.27e+09  7.27e+09
        1       ***  2.22e+10  2.22e+10
       10  1.47e+07  6.21e+10  6.21e+10
      100  1.13e+08  1.57e+11  1.57e+11
      O-O  5.19e+12       ***  5.19e+12

Reactant = W1   Temperature = 1.3e+03 K

   P(atm)        W2        P1      Loss
      0.1       ***  6.08e+09  6.08e+09
        1       ***  1.86e+10  1.86e+10
       10  5.69e+07  5.25e+10  5.26e+10
      100  4.34e+08  1.34e+11  1.35e+11
      O-O  5.52e+12       ***  5.52e+12

Reactant = W1   Temperature = 1.4e+03 K

   P(atm)        W2        P1      Loss
      0.1       ***  4.84e+09  4.84e+09
        1       ***   1.5e+10   1.5e+10
       10   2.1e+08  4.26e+10  4.28e+10
      100   1.3e+09   1.1e+11  1.12e+11
      O-O  5.82e+12       ***  5.82e+12

Reactant = W1   Temperature = 1.5e+03 K

   P(atm)        W2        P1      Loss
      0.1       ***  4.24e+09  4.24e+09
        1       ***  1.31e+10  1.31e+10
       10  6.27e+08   3.7e+10  3.76e+10
      100  3.14e+09  9.56e+10  9.88e+10
      O-O  6.12e+12       ***  6.12e+12

Reactant = W1   Temperature = 1.6e+03 K

   P(atm)        W2        P1      Loss
      0.1       ***  3.57e+09  3.57e+09
        1       ***  1.11e+10  1.11e+10
       10  1.52e+09  3.06e+10  3.21e+10
      100  6.37e+09  7.89e+10  8.53e+10
      O-O  6.39e+12       ***  6.39e+12

Reactant = W1   Temperature = 1.7e+03 K

   P(atm)        W2        P1      Loss
      0.1       ***  3.27e+09  3.26e+09
        1       ***  1.03e+10  1.03e+10
       10  2.43e+09  2.75e+10  2.99e+10
      100  9.72e+09     7e+10  7.98e+10
      O-O  6.66e+12       ***  6.66e+12

Reactant = W1   Temperature = 1.8e+03 K

   P(atm)        W2        P1      Loss
      0.1       ***  2.85e+09  2.84e+09
        1       ***  9.29e+09  9.28e+09
       10  4.01e+09  2.33e+10  2.73e+10
      100  1.42e+10   5.9e+10  7.33e+10
      O-O  6.92e+12       ***  6.92e+12

Reactant = W1   Temperature = 1.9e+03 K

   P(atm)        W2        P1      Loss
      0.1       ***  2.28e+09  2.28e+09
        1       ***  8.04e+09  8.02e+09
       10  5.61e+09  1.87e+10  2.43e+10
      100  1.88e+10  4.72e+10   6.6e+10
      O-O  7.17e+12       ***  7.17e+12

Reactant = W1   Temperature = 2e+03 K

   P(atm)        W2        P1      Loss
      0.1       ***  1.65e+09  1.65e+09
        1       ***  6.61e+09   6.6e+09
       10  7.12e+09  1.39e+10   2.1e+10
      100   2.3e+10  3.54e+10  5.84e+10
      O-O  7.41e+12       ***  7.41e+12

Reactant = W2   Temperature = 500 K

   P(atm)        W1        P1      Loss
      0.1 -1.57e-12  9.65e+10  9.65e+10
        1 -9.89e-14     4e+11     4e+11
       10 -2.06e-12  1.42e+12  1.42e+12
      100 -1.48e-11  4.25e+12  4.25e+12
      O-O     0.257  8.56e+13  8.56e+13

Reactant = W2   Temperature = 600 K

   P(atm)        W1        P1      Loss
      0.1       ***       ***       ***
        1   8.7e-11  8.96e+11  8.96e+11
       10 -1.24e-09  2.61e+12  2.61e+12
      100 -1.95e-08   6.9e+12   6.9e+12
      O-O      21.6  1.15e+14  1.15e+14

Reactant = W2   Temperature = 700 K

   P(atm)        W1        P1      Loss
      0.1       ***       ***       ***
        1  4.16e-09  1.57e+12  1.57e+12
       10 -1.18e-07  3.97e+12  3.97e+12
      100 -1.15e-06  9.59e+12  9.59e+12
      O-O       497  1.35e+14  1.35e+14

Reactant = W2   Temperature = 800 K

   P(atm)        W1        P1      Loss
      0.1       ***       ***       ***
        1       ***       ***       ***
       10  4.01e-06  4.94e+12  4.94e+12
      100  0.000244  1.13e+13  1.13e+13
      O-O  5.14e+03  1.46e+14  1.46e+14

Reactant = W2   Temperature = 900 K

   P(atm)        W1        P1      Loss
      0.1       ***       ***       ***
        1       ***       ***       ***
       10  5.75e-05  6.13e+12  6.13e+12
      100   0.00247  1.33e+13  1.33e+13
      O-O  3.13e+04   1.5e+14   1.5e+14

Reactant = W2   Temperature = 1e+03 K

   P(atm)        W1        P1      Loss
      0.1       ***       ***       ***
        1       ***       ***       ***
       10   0.00086  6.42e+12  6.42e+12
      100    0.0333  1.36e+13  1.36e+13
      O-O  1.32e+05   1.5e+14   1.5e+14

Reactant = W2   Temperature = 1.1e+03 K

   P(atm)        W1        P1      Loss
      0.1       ***       ***       ***
        1       ***       ***       ***
       10     0.029  6.91e+12  6.91e+12
      100     0.955  1.43e+13  1.43e+13
      O-O  4.29e+05  1.46e+14  1.46e+14

Reactant = W2   Temperature = 1.2e+03 K

   P(atm)        W1        P1      Loss
      0.1       ***       ***       ***
        1       ***       ***       ***
       10     0.712  7.11e+12  7.11e+12
      100      18.6  1.44e+13  1.44e+13
      O-O  1.14e+06  1.41e+14  1.41e+14

Reactant = W2   Temperature = 1.3e+03 K

   P(atm)        W1        P1      Loss
      0.1       ***       ***       ***
        1       ***       ***       ***
       10      10.4  6.97e+12  6.97e+12
      100       175  1.39e+13  1.39e+13
      O-O  2.61e+06  1.35e+14  1.35e+14

Reactant = W2   Temperature = 1.4e+03 K

   P(atm)        W1        P1      Loss
      0.1       ***       ***       ***
        1       ***       ***       ***
       10       105   6.9e+12   6.9e+12
      100  1.07e+03  1.36e+13  1.36e+13
      O-O  5.31e+06  1.28e+14  1.28e+14

Reactant = W2   Temperature = 1.5e+03 K

   P(atm)        W1        P1      Loss
      0.1       ***       ***       ***
        1       ***       ***       ***
       10       669  6.86e+12  6.86e+12
      100  4.64e+03  1.33e+13  1.33e+13
      O-O  9.83e+06  1.21e+14  1.21e+14

Reactant = W2   Temperature = 1.6e+03 K

   P(atm)        W1        P1      Loss
      0.1       ***       ***       ***
        1       ***       ***       ***
       10  2.93e+03  6.84e+12  6.84e+12
      100  1.57e+04  1.31e+13  1.31e+13
      O-O  1.68e+07  1.14e+14  1.14e+14

Reactant = W2   Temperature = 1.7e+03 K

   P(atm)        W1        P1      Loss
      0.1       ***       ***       ***
        1       ***       ***       ***
       10  7.87e+03  6.55e+12  6.55e+12
      100  3.77e+04  1.26e+13  1.26e+13
      O-O  2.71e+07  1.08e+14  1.08e+14

Reactant = W2   Temperature = 1.8e+03 K

   P(atm)        W1        P1      Loss
      0.1       ***       ***       ***
        1       ***       ***       ***
       10  1.84e+04  6.23e+12  6.23e+12
      100  8.12e+04  1.18e+13  1.18e+13
      O-O  4.15e+07  1.01e+14  1.01e+14

Reactant = W2   Temperature = 1.9e+03 K

   P(atm)        W1        P1      Loss
      0.1       ***       ***       ***
        1       ***       ***       ***
       10  3.58e+04  5.97e+12  5.97e+12
      100  1.52e+05  1.12e+13  1.12e+13
      O-O  6.07e+07  9.51e+13  9.51e+13

Reactant = W2   Temperature = 2e+03 K

   P(atm)        W1        P1      Loss
      0.1       ***       ***       ***
        1       ***       ***       ***
       10  5.95e+04  5.74e+12  5.74e+12
      100  2.55e+05  1.07e+13  1.07e+13
      O-O  8.55e+07  8.94e+13  8.94e+13

Reactant = P1   Temperature = 500 K

   P(atm)        W1        W2      Loss
      0.1  1.12e-26  2.34e-13  2.34e-13
        1  3.38e-26  1.06e-12  1.06e-12
       10  8.46e-26  3.93e-12  3.93e-12
      100  1.77e-25  1.19e-11  1.19e-11
      O-O       ***  2.41e-10  2.41e-10

Reactant = P1   Temperature = 600 K

   P(atm)        W1        W2      Loss
      0.1  4.24e-25       *** -3.67e-23
        1  1.31e-24   1.7e-12   1.7e-12
       10   3.4e-24  5.42e-12  5.42e-12
      100  7.57e-24  1.47e-11  1.47e-11
      O-O       ***  2.48e-10  2.48e-10

Reactant = P1   Temperature = 700 K

   P(atm)        W1        W2      Loss
      0.1  5.26e-24       ***  1.11e-23
        1  1.64e-23  2.41e-12  2.41e-12
       10  4.42e-23  7.06e-12  7.06e-12
      100  1.03e-22  1.78e-11  1.78e-11
      O-O       ***  2.54e-10  2.54e-10

Reactant = P1   Temperature = 800 K

   P(atm)        W1        W2      Loss
      0.1  3.48e-23       ***  3.08e-23
        1  1.09e-22       ***  1.19e-22
       10     3e-22  8.15e-12  8.15e-12
      100  7.19e-22  1.98e-11  1.98e-11
      O-O       ***   2.6e-10   2.6e-10

Reactant = P1   Temperature = 900 K

   P(atm)        W1        W2      Loss
      0.1  1.64e-22       ***  1.65e-22
        1   5.1e-22       ***  5.15e-22
       10   1.4e-21  9.77e-12  9.77e-12
      100  3.41e-21   2.3e-11   2.3e-11
      O-O       ***  2.65e-10  2.65e-10

Reactant = P1   Temperature = 1e+03 K

   P(atm)        W1        W2      Loss
      0.1  5.09e-22       ***  5.19e-22
        1   1.6e-21       ***  1.59e-21
       10  4.45e-21  1.03e-11  1.03e-11
      100  1.11e-20  2.39e-11  2.39e-11
      O-O       ***   2.7e-10   2.7e-10

Reactant = P1   Temperature = 1.1e+03 K

   P(atm)        W1        W2      Loss
      0.1  1.31e-21       ***   1.3e-21
        1  4.12e-21       ***   4.1e-21
       10  1.16e-20  1.14e-11  1.14e-11
      100  2.93e-20  2.59e-11  2.59e-11
      O-O       ***  2.74e-10  2.74e-10

Reactant = P1   Temperature = 1.2e+03 K

   P(atm)        W1        W2      Loss
      0.1  3.02e-21       ***  3.03e-21
        1  9.48e-21       ***  9.49e-21
       10  2.68e-20  1.22e-11  1.22e-11
      100   6.8e-20  2.74e-11  2.74e-11
      O-O       ***  2.78e-10  2.78e-10

Reactant = P1   Temperature = 1.3e+03 K

   P(atm)        W1        W2      Loss
      0.1  5.78e-21       ***  5.79e-21
        1  1.82e-20       ***  1.82e-20
       10  5.18e-20  1.26e-11  1.26e-11
      100  1.33e-19  2.81e-11  2.81e-11
      O-O       ***  2.82e-10  2.82e-10

Reactant = P1   Temperature = 1.4e+03 K

   P(atm)        W1        W2      Loss
      0.1  9.47e-21       ***  9.47e-21
        1     3e-20       ***     3e-20
       10  8.64e-20  1.32e-11  1.32e-11
      100  2.24e-19  2.92e-11  2.92e-11
      O-O       ***  2.86e-10  2.86e-10

Reactant = P1   Temperature = 1.5e+03 K

   P(atm)        W1        W2      Loss
      0.1  1.56e-20       ***  1.56e-20
        1  4.95e-20       ***  4.95e-20
       10  1.42e-19   1.4e-11   1.4e-11
      100  3.67e-19  3.06e-11  3.06e-11
      O-O       ***  2.89e-10  2.89e-10

Reactant = P1   Temperature = 1.6e+03 K

   P(atm)        W1        W2      Loss
      0.1  2.31e-20       ***  2.31e-20
        1  7.37e-20       ***  7.38e-20
       10  2.09e-19  1.48e-11  1.48e-11
      100  5.35e-19  3.23e-11  3.23e-11
      O-O       ***  2.92e-10  2.92e-10

Reactant = P1   Temperature = 1.7e+03 K

   P(atm)        W1        W2      Loss
      0.1  3.52e-20       ***  3.52e-20
        1  1.14e-19       ***  1.14e-19
       10  3.14e-19  1.56e-11  1.56e-11
      100  7.89e-19  3.34e-11  3.34e-11
      O-O       ***  2.95e-10  2.95e-10

Reactant = P1   Temperature = 1.8e+03 K

   P(atm)        W1        W2      Loss
      0.1  4.81e-20       ***  4.81e-20
        1  1.61e-19       ***  1.62e-19
       10  4.33e-19  1.56e-11  1.56e-11
      100  1.06e-18  3.34e-11  3.34e-11
      O-O       ***  2.98e-10  2.98e-10

Reactant = P1   Temperature = 1.9e+03 K

   P(atm)        W1        W2      Loss
      0.1  5.84e-20       ***  5.85e-20
        1  2.12e-19       ***  2.12e-19
       10   5.5e-19   1.6e-11   1.6e-11
      100   1.3e-18  3.42e-11  3.42e-11
      O-O       ***     3e-10     3e-10

Reactant = P1   Temperature = 2e+03 K

   P(atm)        W1        W2      Loss
      0.1   6.2e-20       ***   6.2e-20
        1  2.54e-19       ***  2.55e-19
       10  6.46e-19  1.65e-11  1.65e-11
      100  1.45e-18  3.51e-11  3.51e-11
      O-O       ***  3.03e-10  3.03e-10

______________________________________________________________________________________

Temperature-Species Rate Tables:

Reactant = W1   Pressure = 0.1 atm

   T(K)        W2        P1      Loss   Capture
    500 -1.72e+05   3.4e+10   3.4e+10  2.11e+12
    600       ***  2.53e+10  2.53e+10  2.68e+12
    700       ***  1.85e+10  1.85e+10  3.19e+12
    800       ***  1.44e+10  1.44e+10  3.66e+12
    900       ***  1.26e+10  1.26e+10  4.09e+12
  1e+03       ***  9.93e+09  9.93e+09  4.48e+12
1.1e+03       ***  8.23e+09  8.23e+09  4.85e+12
1.2e+03       ***  7.27e+09  7.27e+09  5.19e+12
1.3e+03       ***  6.08e+09  6.08e+09  5.52e+12
1.4e+03       ***  4.84e+09  4.84e+09  5.82e+12
1.5e+03       ***  4.24e+09  4.24e+09  6.12e+12
1.6e+03       ***  3.57e+09  3.57e+09  6.39e+12
1.7e+03       ***  3.27e+09  3.26e+09  6.66e+12
1.8e+03       ***  2.85e+09  2.84e+09  6.92e+12
1.9e+03       ***  2.28e+09  2.28e+09  7.17e+12
  2e+03       ***  1.65e+09  1.65e+09  7.41e+12

Reactant = W1   Pressure = 1 atm

   T(K)        W2        P1      Loss   Capture
    500 -1.97e+05  9.94e+10  9.94e+10  2.11e+12
    600  1.64e+05  7.58e+10  7.58e+10  2.68e+12
    700  2.67e+05  5.65e+10  5.65e+10  3.19e+12
    800       ***  4.42e+10  4.42e+10  3.66e+12
    900       ***  3.82e+10  3.82e+10  4.09e+12
  1e+03       ***  3.04e+10  3.04e+10  4.48e+12
1.1e+03       ***  2.52e+10  2.52e+10  4.85e+12
1.2e+03       ***  2.22e+10  2.22e+10  5.19e+12
1.3e+03       ***  1.86e+10  1.86e+10  5.52e+12
1.4e+03       ***   1.5e+10   1.5e+10  5.82e+12
1.5e+03       ***  1.31e+10  1.31e+10  6.12e+12
1.6e+03       ***  1.11e+10  1.11e+10  6.39e+12
1.7e+03       ***  1.03e+10  1.03e+10  6.66e+12
1.8e+03       ***  9.29e+09  9.28e+09  6.92e+12
1.9e+03       ***  8.04e+09  8.02e+09  7.17e+12
  2e+03       ***  6.61e+09   6.6e+09  7.41e+12

Reactant = W1   Pressure = 10 atm

   T(K)        W2        P1      Loss   Capture
    500  8.98e+05  2.47e+11  2.47e+11  2.11e+12
    600  1.52e+06  1.96e+11  1.96e+11  2.68e+12
    700  1.92e+06  1.51e+11  1.51e+11  3.19e+12
    800  1.99e+06   1.2e+11   1.2e+11  3.66e+12
    900  2.24e+06  1.04e+11  1.04e+11  4.09e+12
  1e+03  2.09e+06  8.41e+10  8.41e+10  4.48e+12
1.1e+03  3.81e+06  7.04e+10  7.04e+10  4.85e+12
1.2e+03  1.47e+07  6.21e+10  6.21e+10  5.19e+12
1.3e+03  5.69e+07  5.25e+10  5.26e+10  5.52e+12
1.4e+03   2.1e+08  4.26e+10  4.28e+10  5.82e+12
1.5e+03  6.27e+08   3.7e+10  3.76e+10  6.12e+12
1.6e+03  1.52e+09  3.06e+10  3.21e+10  6.39e+12
1.7e+03  2.43e+09  2.75e+10  2.99e+10  6.66e+12
1.8e+03  4.01e+09  2.33e+10  2.73e+10  6.92e+12
1.9e+03  5.61e+09  1.87e+10  2.43e+10  7.17e+12
  2e+03  7.12e+09  1.39e+10   2.1e+10  7.41e+12

Reactant = W1   Pressure = 100 atm

   T(K)        W2        P1      Loss   Capture
    500  6.02e+06  5.17e+11  5.17e+11  2.11e+12
    600  9.12e+06  4.35e+11  4.35e+11  2.68e+12
    700  1.09e+07  3.51e+11  3.51e+11  3.19e+12
    800  1.12e+07  2.88e+11  2.88e+11  3.66e+12
    900  1.23e+07  2.53e+11  2.53e+11  4.09e+12
  1e+03  1.18e+07  2.08e+11  2.08e+11  4.48e+12
1.1e+03   2.4e+07  1.77e+11  1.77e+11  4.85e+12
1.2e+03  1.13e+08  1.57e+11  1.57e+11  5.19e+12
1.3e+03  4.34e+08  1.34e+11  1.35e+11  5.52e+12
1.4e+03   1.3e+09   1.1e+11  1.12e+11  5.82e+12
1.5e+03  3.14e+09  9.56e+10  9.88e+10  6.12e+12
1.6e+03  6.37e+09  7.89e+10  8.53e+10  6.39e+12
1.7e+03  9.72e+09     7e+10  7.98e+10  6.66e+12
1.8e+03  1.42e+10   5.9e+10  7.33e+10  6.92e+12
1.9e+03  1.88e+10  4.72e+10   6.6e+10  7.17e+12
  2e+03   2.3e+10  3.54e+10  5.84e+10  7.41e+12

Reactant = W2   Pressure = 0.1 atm

   T(K)        W1        P1      Loss   Capture
    500 -1.57e-12  9.65e+10  9.65e+10  8.56e+13
    600       ***       ***       ***  1.15e+14
    700       ***       ***       ***  1.35e+14
    800       ***       ***       ***  1.46e+14
    900       ***       ***       ***   1.5e+14
  1e+03       ***       ***       ***   1.5e+14
1.1e+03       ***       ***       ***  1.46e+14
1.2e+03       ***       ***       ***  1.41e+14
1.3e+03       ***       ***       ***  1.35e+14
1.4e+03       ***       ***       ***  1.28e+14
1.5e+03       ***       ***       ***  1.21e+14
1.6e+03       ***       ***       ***  1.14e+14
1.7e+03       ***       ***       ***  1.08e+14
1.8e+03       ***       ***       ***  1.01e+14
1.9e+03       ***       ***       ***  9.51e+13
  2e+03       ***       ***       ***  8.94e+13

Reactant = W2   Pressure = 1 atm

   T(K)        W1        P1      Loss   Capture
    500 -9.89e-14     4e+11     4e+11  8.56e+13
    600   8.7e-11  8.96e+11  8.96e+11  1.15e+14
    700  4.16e-09  1.57e+12  1.57e+12  1.35e+14
    800       ***       ***       ***  1.46e+14
    900       ***       ***       ***   1.5e+14
  1e+03       ***       ***       ***   1.5e+14
1.1e+03       ***       ***       ***  1.46e+14
1.2e+03       ***       ***       ***  1.41e+14
1.3e+03       ***       ***       ***  1.35e+14
1.4e+03       ***       ***       ***  1.28e+14
1.5e+03       ***       ***       ***  1.21e+14
1.6e+03       ***       ***       ***  1.14e+14
1.7e+03       ***       ***       ***  1.08e+14
1.8e+03       ***       ***       ***  1.01e+14
1.9e+03       ***       ***       ***  9.51e+13
  2e+03       ***       ***       ***  8.94e+13

Reactant = W2   Pressure = 10 atm

   T(K)        W1        P1      Loss   Capture
    500 -2.06e-12  1.42e+12  1.42e+12  8.56e+13
    600 -1.24e-09  2.61e+12  2.61e+12  1.15e+14
    700 -1.18e-07  3.97e+12  3.97e+12  1.35e+14
    800  4.01e-06  4.94e+12  4.94e+12  1.46e+14
    900  5.75e-05  6.13e+12  6.13e+12   1.5e+14
  1e+03   0.00086  6.42e+12  6.42e+12   1.5e+14
1.1e+03     0.029  6.91e+12  6.91e+12  1.46e+14
1.2e+03     0.712  7.11e+12  7.11e+12  1.41e+14
1.3e+03      10.4  6.97e+12  6.97e+12  1.35e+14
1.4e+03       105   6.9e+12   6.9e+12  1.28e+14
1.5e+03       669  6.86e+12  6.86e+12  1.21e+14
1.6e+03  2.93e+03  6.84e+12  6.84e+12  1.14e+14
1.7e+03  7.87e+03  6.55e+12  6.55e+12  1.08e+14
1.8e+03  1.84e+04  6.23e+12  6.23e+12  1.01e+14
1.9e+03  3.58e+04  5.97e+12  5.97e+12  9.51e+13
  2e+03  5.95e+04  5.74e+12  5.74e+12  8.94e+13

Reactant = W2   Pressure = 100 atm

   T(K)        W1        P1      Loss   Capture
    500 -1.48e-11  4.25e+12  4.25e+12  8.56e+13
    600 -1.95e-08   6.9e+12   6.9e+12  1.15e+14
    700 -1.15e-06  9.59e+12  9.59e+12  1.35e+14
    800  0.000244  1.13e+13  1.13e+13  1.46e+14
    900   0.00247  1.33e+13  1.33e+13   1.5e+14
  1e+03    0.0333  1.36e+13  1.36e+13   1.5e+14
1.1e+03     0.955  1.43e+13  1.43e+13  1.46e+14
1.2e+03      18.6  1.44e+13  1.44e+13  1.41e+14
1.3e+03       175  1.39e+13  1.39e+13  1.35e+14
1.4e+03  1.07e+03  1.36e+13  1.36e+13  1.28e+14
1.5e+03  4.64e+03  1.33e+13  1.33e+13  1.21e+14
1.6e+03  1.57e+04  1.31e+13  1.31e+13  1.14e+14
1.7e+03  3.77e+04  1.26e+13  1.26e+13  1.08e+14
1.8e+03  8.12e+04  1.18e+13  1.18e+13  1.01e+14
1.9e+03  1.52e+05  1.12e+13  1.12e+13  9.51e+13
  2e+03  2.55e+05  1.07e+13  1.07e+13  8.94e+13

Reactant = P1   Pressure = 0.1 atm

   T(K)        W1        W2      Loss   Capture
    500  1.12e-26  2.34e-13  2.34e-13  2.41e-10
    600  4.24e-25       *** -3.67e-23  2.48e-10
    700  5.26e-24       ***  1.11e-23  2.54e-10
    800  3.48e-23       ***  3.08e-23   2.6e-10
    900  1.64e-22       ***  1.65e-22  2.65e-10
  1e+03  5.09e-22       ***  5.19e-22   2.7e-10
1.1e+03  1.31e-21       ***   1.3e-21  2.74e-10
1.2e+03  3.02e-21       ***  3.03e-21  2.78e-10
1.3e+03  5.78e-21       ***  5.79e-21  2.82e-10
1.4e+03  9.47e-21       ***  9.47e-21  2.86e-10
1.5e+03  1.56e-20       ***  1.56e-20  2.89e-10
1.6e+03  2.31e-20       ***  2.31e-20  2.92e-10
1.7e+03  3.52e-20       ***  3.52e-20  2.95e-10
1.8e+03  4.81e-20       ***  4.81e-20  2.98e-10
1.9e+03  5.84e-20       ***  5.85e-20     3e-10
  2e+03   6.2e-20       ***   6.2e-20  3.03e-10

Reactant = P1   Pressure = 1 atm

   T(K)        W1        W2      Loss   Capture
    500  3.38e-26  1.06e-12  1.06e-12  2.41e-10
    600  1.31e-24   1.7e-12   1.7e-12  2.48e-10
    700  1.64e-23  2.41e-12  2.41e-12  2.54e-10
    800  1.09e-22       ***  1.19e-22   2.6e-10
    900   5.1e-22       ***  5.15e-22  2.65e-10
  1e+03   1.6e-21       ***  1.59e-21   2.7e-10
1.1e+03  4.12e-21       ***   4.1e-21  2.74e-10
1.2e+03  9.48e-21       ***  9.49e-21  2.78e-10
1.3e+03  1.82e-20       ***  1.82e-20  2.82e-10
1.4e+03     3e-20       ***     3e-20  2.86e-10
1.5e+03  4.95e-20       ***  4.95e-20  2.89e-10
1.6e+03  7.37e-20       ***  7.38e-20  2.92e-10
1.7e+03  1.14e-19       ***  1.14e-19  2.95e-10
1.8e+03  1.61e-19       ***  1.62e-19  2.98e-10
1.9e+03  2.12e-19       ***  2.12e-19     3e-10
  2e+03  2.54e-19       ***  2.55e-19  3.03e-10

Reactant = P1   Pressure = 10 atm

   T(K)        W1        W2      Loss   Capture
    500  8.46e-26  3.93e-12  3.93e-12  2.41e-10
    600   3.4e-24  5.42e-12  5.42e-12  2.48e-10
    700  4.42e-23  7.06e-12  7.06e-12  2.54e-10
    800     3e-22  8.15e-12  8.15e-12   2.6e-10
    900   1.4e-21  9.77e-12  9.77e-12  2.65e-10
  1e+03  4.45e-21  1.03e-11  1.03e-11   2.7e-10
1.1e+03  1.16e-20  1.14e-11  1.14e-11  2.74e-10
1.2e+03  2.68e-20  1.22e-11  1.22e-11  2.78e-10
1.3e+03  5.18e-20  1.26e-11  1.26e-11  2.82e-10
1.4e+03  8.64e-20  1.32e-11  1.32e-11  2.86e-10
1.5e+03  1.42e-19   1.4e-11   1.4e-11  2.89e-10
1.6e+03  2.09e-19  1.48e-11  1.48e-11  2.92e-10
1.7e+03  3.14e-19  1.56e-11  1.56e-11  2.95e-10
1.8e+03  4.33e-19  1.56e-11  1.56e-11  2.98e-10
1.9e+03   5.5e-19   1.6e-11   1.6e-11     3e-10
  2e+03  6.46e-19  1.65e-11  1.65e-11  3.03e-10

Reactant = P1   Pressure = 100 atm

   T(K)        W1        W2      Loss   Capture
    500  1.77e-25  1.19e-11  1.19e-11  2.41e-10
    600  7.57e-24  1.47e-11  1.47e-11  2.48e-10
    700  1.03e-22  1.78e-11  1.78e-11  2.54e-10
    800  7.19e-22  1.98e-11  1.98e-11   2.6e-10
    900  3.41e-21   2.3e-11   2.3e-11  2.65e-10
  1e+03  1.11e-20  2.39e-11  2.39e-11   2.7e-10
1.1e+03  2.93e-20  2.59e-11  2.59e-11  2.74e-10
1.2e+03   6.8e-20  2.74e-11  2.74e-11  2.78e-10
1.3e+03  1.33e-19  2.81e-11  2.81e-11  2.82e-10
1.4e+03  2.24e-19  2.92e-11  2.92e-11  2.86e-10
1.5e+03  3.67e-19  3.06e-11  3.06e-11  2.89e-10
1.6e+03  5.35e-19  3.23e-11  3.23e-11  2.92e-10
1.7e+03  7.89e-19  3.34e-11  3.34e-11  2.95e-10
1.8e+03  1.06e-18  3.34e-11  3.34e-11  2.98e-10
1.9e+03   1.3e-18  3.42e-11  3.42e-11     3e-10
  2e+03  1.45e-18  3.51e-11  3.51e-11  3.03e-10

______________________________________________________________________________________

Temperature-Pressure Rate Tables:

W1->W2

P\T           500       600       700       800       900     1e+03   1.1e+03   1.2e+03   1.3e+03   1.4e+03   1.5e+03   1.6e+03   1.7e+03   1.8e+03   1.9e+03     2e+03
0.1     -1.72e+05       ***       ***       ***       ***       ***       ***       ***       ***       ***       ***       ***       ***       ***       ***       ***
1       -1.97e+05  1.64e+05  2.67e+05       ***       ***       ***       ***       ***       ***       ***       ***       ***       ***       ***       ***       ***
10       8.98e+05  1.52e+06  1.92e+06  1.99e+06  2.24e+06  2.09e+06  3.81e+06  1.47e+07  5.69e+07   2.1e+08  6.27e+08  1.52e+09  2.43e+09  4.01e+09  5.61e+09  7.12e+09
100      6.02e+06  9.12e+06  1.09e+07  1.12e+07  1.23e+07  1.18e+07   2.4e+07  1.13e+08  4.34e+08   1.3e+09  3.14e+09  6.37e+09  9.72e+09  1.42e+10  1.88e+10   2.3e+10
O-O      2.11e+12  2.68e+12  3.19e+12  3.66e+12  4.09e+12  4.48e+12  4.85e+12  5.19e+12  5.52e+12  5.82e+12  6.12e+12  6.39e+12  6.66e+12  6.92e+12  7.17e+12  7.41e+12

W1->P1

P\T           500       600       700       800       900     1e+03   1.1e+03   1.2e+03   1.3e+03   1.4e+03   1.5e+03   1.6e+03   1.7e+03   1.8e+03   1.9e+03     2e+03
0.1       3.4e+10  2.53e+10  1.85e+10  1.44e+10  1.26e+10  9.93e+09  8.23e+09  7.27e+09  6.08e+09  4.84e+09  4.24e+09  3.57e+09  3.27e+09  2.85e+09  2.28e+09  1.65e+09
1        9.94e+10  7.58e+10  5.65e+10  4.42e+10  3.82e+10  3.04e+10  2.52e+10  2.22e+10  1.86e+10   1.5e+10  1.31e+10  1.11e+10  1.03e+10  9.29e+09  8.04e+09  6.61e+09
10       2.47e+11  1.96e+11  1.51e+11   1.2e+11  1.04e+11  8.41e+10  7.04e+10  6.21e+10  5.25e+10  4.26e+10   3.7e+10  3.06e+10  2.75e+10  2.33e+10  1.87e+10  1.39e+10
100      5.17e+11  4.35e+11  3.51e+11  2.88e+11  2.53e+11  2.08e+11  1.77e+11  1.57e+11  1.34e+11   1.1e+11  9.56e+10  7.89e+10     7e+10   5.9e+10  4.72e+10  3.54e+10
O-O           ***       ***       ***       ***       ***       ***       ***       ***       ***       ***       ***       ***       ***       ***       ***       ***

W2->W1

P\T           500       600       700       800       900     1e+03   1.1e+03   1.2e+03   1.3e+03   1.4e+03   1.5e+03   1.6e+03   1.7e+03   1.8e+03   1.9e+03     2e+03
0.1     -1.57e-12       ***       ***       ***       ***       ***       ***       ***       ***       ***       ***       ***       ***       ***       ***       ***
1       -9.89e-14   8.7e-11  4.16e-09       ***       ***       ***       ***       ***       ***       ***       ***       ***       ***       ***       ***       ***
10      -2.06e-12 -1.24e-09 -1.18e-07  4.01e-06  5.75e-05   0.00086     0.029     0.712      10.4       105       669  2.93e+03  7.87e+03  1.84e+04  3.58e+04  5.95e+04
100     -1.48e-11 -1.95e-08 -1.15e-06  0.000244   0.00247    0.0333     0.955      18.6       175  1.07e+03  4.64e+03  1.57e+04  3.77e+04  8.12e+04  1.52e+05  2.55e+05
O-O         0.257      21.6       497  5.14e+03  3.13e+04  1.32e+05  4.29e+05  1.14e+06  2.61e+06  5.31e+06  9.83e+06  1.68e+07  2.71e+07  4.15e+07  6.07e+07  8.55e+07

W2->P1

P\T           500       600       700       800       900     1e+03   1.1e+03   1.2e+03   1.3e+03   1.4e+03   1.5e+03   1.6e+03   1.7e+03   1.8e+03   1.9e+03     2e+03
0.1      9.65e+10       ***       ***       ***       ***       ***       ***       ***       ***       ***       ***       ***       ***       ***       ***       ***
1           4e+11  8.96e+11  1.57e+12       ***       ***       ***       ***       ***       ***       ***       ***       ***       ***       ***       ***       ***
10       1.42e+12  2.61e+12  3.97e+12  4.94e+12  6.13e+12  6.42e+12  6.91e+12  7.11e+12  6.97e+12   6.9e+12  6.86e+12  6.84e+12  6.55e+12  6.23e+12  5.97e+12  5.74e+12
100      4.25e+12   6.9e+12  9.59e+12  1.13e+13  1.33e+13  1.36e+13  1.43e+13  1.44e+13  1.39e+13  1.36e+13  1.33e+13  1.31e+13  1.26e+13  1.18e+13  1.12e+13  1.07e+13
O-O      8.56e+13  1.15e+14  1.35e+14  1.46e+14   1.5e+14   1.5e+14  1.46e+14  1.41e+14  1.35e+14  1.28e+14  1.21e+14  1.14e+14  1.08e+14  1.01e+14  9.51e+13  8.94e+13

P1->W1

P\T           500       600       700       800       900     1e+03   1.1e+03   1.2e+03   1.3e+03   1.4e+03   1.5e+03   1.6e+03   1.7e+03   1.8e+03   1.9e+03     2e+03
0.1      1.12e-26  4.24e-25  5.26e-24  3.48e-23  1.64e-22  5.09e-22  1.31e-21  3.02e-21  5.78e-21  9.47e-21  1.56e-20  2.31e-20  3.52e-20  4.81e-20  5.84e-20   6.2e-20
1        3.38e-26  1.31e-24  1.64e-23  1.09e-22   5.1e-22   1.6e-21  4.12e-21  9.48e-21  1.82e-20     3e-20  4.95e-20  7.37e-20  1.14e-19  1.61e-19  2.12e-19  2.54e-19
10       8.46e-26   3.4e-24  4.42e-23     3e-22   1.4e-21  4.45e-21  1.16e-20  2.68e-20  5.18e-20  8.64e-20  1.42e-19  2.09e-19  3.14e-19  4.33e-19   5.5e-19  6.46e-19
100      1.77e-25  7.57e-24  1.03e-22  7.19e-22  3.41e-21  1.11e-20  2.93e-20   6.8e-20  1.33e-19  2.24e-19  3.67e-19  5.35e-19  7.89e-19  1.06e-18   1.3e-18  1.45e-18
O-O           ***       ***       ***       ***       ***       ***       ***       ***       ***       ***       ***       ***       ***       ***       ***       ***

P1->W2

P\T           500       600       700       800       900     1e+03   1.1e+03   1.2e+03   1.3e+03   1.4e+03   1.5e+03   1.6e+03   1.7e+03   1.8e+03   1.9e+03     2e+03
0.1      2.34e-13       ***       ***       ***       ***       ***       ***       ***       ***       ***       ***       ***       ***       ***       ***       ***
1        1.06e-12   1.7e-12  2.41e-12       ***       ***       ***       ***       ***       ***       ***       ***       ***       ***       ***       ***       ***
10       3.93e-12  5.42e-12  7.06e-12  8.15e-12  9.77e-12  1.03e-11  1.14e-11  1.22e-11  1.26e-11  1.32e-11   1.4e-11  1.48e-11  1.56e-11  1.56e-11   1.6e-11  1.65e-11
100      1.19e-11  1.47e-11  1.78e-11  1.98e-11   2.3e-11  2.39e-11  2.59e-11  2.74e-11  2.81e-11  2.92e-11  3.06e-11  3.23e-11  3.34e-11  3.34e-11  3.42e-11  3.51e-11
O-O      2.41e-10  2.48e-10  2.54e-10   2.6e-10  2.65e-10   2.7e-10  2.74e-10  2.78e-10  2.82e-10  2.86e-10  2.89e-10  2.92e-10  2.95e-10  2.98e-10     3e-10  3.03e-10

W1-> 

P\T           500       600       700       800       900     1e+03   1.1e+03   1.2e+03   1.3e+03   1.4e+03   1.5e+03   1.6e+03   1.7e+03   1.8e+03   1.9e+03     2e+03
0.1       3.4e+10  2.53e+10  1.85e+10  1.44e+10  1.26e+10  9.93e+09  8.23e+09  7.27e+09  6.08e+09  4.84e+09  4.24e+09  3.57e+09  3.26e+09  2.84e+09  2.28e+09  1.65e+09
1        9.94e+10  7.58e+10  5.65e+10  4.42e+10  3.82e+10  3.04e+10  2.52e+10  2.22e+10  1.86e+10   1.5e+10  1.31e+10  1.11e+10  1.03e+10  9.28e+09  8.02e+09   6.6e+09
10       2.47e+11  1.96e+11  1.51e+11   1.2e+11  1.04e+11  8.41e+10  7.04e+10  6.21e+10  5.26e+10  4.28e+10  3.76e+10  3.21e+10  2.99e+10  2.73e+10  2.43e+10   2.1e+10
100      5.17e+11  4.35e+11  3.51e+11  2.88e+11  2.53e+11  2.08e+11  1.77e+11  1.57e+11  1.35e+11  1.12e+11  9.88e+10  8.53e+10  7.98e+10  7.33e+10   6.6e+10  5.84e+10
O-O      2.11e+12  2.68e+12  3.19e+12  3.66e+12  4.09e+12  4.48e+12  4.85e+12  5.19e+12  5.52e+12  5.82e+12  6.12e+12  6.39e+12  6.66e+12  6.92e+12  7.17e+12  7.41e+12

W2-> 

P\T           500       600       700       800       900     1e+03   1.1e+03   1.2e+03   1.3e+03   1.4e+03   1.5e+03   1.6e+03   1.7e+03   1.8e+03   1.9e+03     2e+03
0.1      9.65e+10       ***       ***       ***       ***       ***       ***       ***       ***       ***       ***       ***       ***       ***       ***       ***
1           4e+11  8.96e+11  1.57e+12       ***       ***       ***       ***       ***       ***       ***       ***       ***       ***       ***       ***       ***
10       1.42e+12  2.61e+12  3.97e+12  4.94e+12  6.13e+12  6.42e+12  6.91e+12  7.11e+12  6.97e+12   6.9e+12  6.86e+12  6.84e+12  6.55e+12  6.23e+12  5.97e+12  5.74e+12
100      4.25e+12   6.9e+12  9.59e+12  1.13e+13  1.33e+13  1.36e+13  1.43e+13  1.44e+13  1.39e+13  1.36e+13  1.33e+13  1.31e+13  1.26e+13  1.18e+13  1.12e+13  1.07e+13
O-O      8.56e+13  1.15e+14  1.35e+14  1.46e+14   1.5e+14   1.5e+14  1.46e+14  1.41e+14  1.35e+14  1.28e+14  1.21e+14  1.14e+14  1.08e+14  1.01e+14  9.51e+13  8.94e+13

P1-> 

P\T           500       600       700       800       900     1e+03   1.1e+03   1.2e+03   1.3e+03   1.4e+03   1.5e+03   1.6e+03   1.7e+03   1.8e+03   1.9e+03     2e+03
0.1      2.34e-13 -3.67e-23  1.11e-23  3.08e-23  1.65e-22  5.19e-22   1.3e-21  3.03e-21  5.79e-21  9.47e-21  1.56e-20  2.31e-20  3.52e-20  4.81e-20  5.85e-20   6.2e-20
1        1.06e-12   1.7e-12  2.41e-12  1.19e-22  5.15e-22  1.59e-21   4.1e-21  9.49e-21  1.82e-20     3e-20  4.95e-20  7.38e-20  1.14e-19  1.62e-19  2.12e-19  2.55e-19
10       3.93e-12  5.42e-12  7.06e-12  8.15e-12  9.77e-12  1.03e-11  1.14e-11  1.22e-11  1.26e-11  1.32e-11   1.4e-11  1.48e-11  1.56e-11  1.56e-11   1.6e-11  1.65e-11
100      1.19e-11  1.47e-11  1.78e-11  1.98e-11   2.3e-11  2.39e-11  2.59e-11  2.74e-11  2.81e-11  2.92e-11  3.06e-11  3.23e-11  3.34e-11  3.34e-11  3.42e-11  3.51e-11
O-O      2.41e-10  2.48e-10  2.54e-10   2.6e-10  2.65e-10   2.7e-10  2.74e-10  2.78e-10  2.82e-10  2.86e-10  2.89e-10  2.92e-10  2.95e-10  2.98e-10     3e-10  3.03e-10

