Wells (G - ground energy, D - dissociation limit, kcal/mol):
                               W         G         D
                          S(719)         0      27.1
                        S(722)r0      13.5      24.5
                        S(722)r1      13.5      24.5
                        S(725)r0      12.9      27.1
                        S(725)r1      12.9      27.1
                         S(728)e      31.4        48
                         S(728)z      31.5      50.4
                        S(731)r0        30      46.6
                        S(731)r1        30      46.6
          FakeW-OH(4)+C5H8O(833)     -11.6     -8.62
                        S(734)r1      30.8      47.3
                        S(734)r0      30.8      47.3
          FakeW-C5H8(522)+HO2(8)      16.4      19.4
        FakeW-C5H8O(825)rs+OH(4)     -7.44     -4.44
        FakeW-C5H8O(829)rs+OH(4)      2.83      5.83
         FakeW-C2H4(52)+S(2258)e        37        40
         FakeW-C2H4(52)+S(2258)z      36.1      39.1
      FakeW-C2H4O2(58)+C3H5(122)      36.3      39.3
          FakeW-C5H8(524)+HO2(8)      32.7      35.7
           FakeW-C5H9(553)+O2(6)      28.6      31.6

Bimolecular Products (G - ground energy, kcal/mol):
                         P         G
          OH(4)+C5H8O(833)     -8.62
          C5H8(522)+HO2(8)      19.4
        C5H8O(825)rs+OH(4)     -4.44
        C5H8O(829)rs+OH(4)      5.83
         C2H4(52)+S(2258)e        40
         C2H4(52)+S(2258)z      39.1
      C2H4O2(58)+C3H5(122)      39.3
          C5H8(524)+HO2(8)      35.7
           C5H9(553)+O2(6)      31.6

Well-to-Bimolecular Barriers (H/G - barrier height/well depth, kcal/mol)
                               B         H                          W         G                    P
          FakeB-OH(4)+C5H8O(833)     -8.62     FakeW-OH(4)+C5H8O(833)     -11.6     OH(4)+C5H8O(833)
          FakeB-C5H8(522)+HO2(8)      19.4     FakeW-C5H8(522)+HO2(8)      16.4     C5H8(522)+HO2(8)
        FakeB-C5H8O(825)rs+OH(4)     -4.44   FakeW-C5H8O(825)rs+OH(4)     -7.44   C5H8O(825)rs+OH(4)
        FakeB-C5H8O(829)rs+OH(4)      5.83   FakeW-C5H8O(829)rs+OH(4)      2.83   C5H8O(829)rs+OH(4)
         FakeB-C2H4(52)+S(2258)e        40    FakeW-C2H4(52)+S(2258)e        37    C2H4(52)+S(2258)e
         FakeB-C2H4(52)+S(2258)z      39.1    FakeW-C2H4(52)+S(2258)z      36.1    C2H4(52)+S(2258)z
      FakeB-C2H4O2(58)+C3H5(122)      39.3 FakeW-C2H4O2(58)+C3H5(122)      36.3 C2H4O2(58)+C3H5(122)
          FakeB-C5H8(524)+HO2(8)      35.7     FakeW-C5H8(524)+HO2(8)      32.7     C5H8(524)+HO2(8)
           FakeB-C5H9(553)+O2(6)      31.6      FakeW-C5H9(553)+O2(6)      28.6      C5H9(553)+O2(6)

Well-to-Well Barriers (H/G - barrier height/well depth, kcal/mol):
            B         H                         W1        G1                         W2        G2
       ts_6_1        34                     S(719)         0                   S(722)r0      13.5
       ts_6_2        34                     S(719)         0                   S(722)r1      13.5
       ts_6_3      27.1                     S(719)         0                   S(725)r0      12.9
       ts_6_4      27.1                     S(719)         0                   S(725)r1      12.9
       ts_6_5      50.8                   S(722)r0      13.5                   S(725)r0      12.9
       ts_6_6        48                   S(722)r0      13.5                    S(728)e      31.4
       ts_6_7      50.4                   S(722)r0      13.5                    S(728)z      31.5
       ts_6_8      46.6                   S(722)r0      13.5                   S(731)r0        30
       ts_6_9      50.8                   S(722)r1      13.5                   S(725)r1      12.9
      ts_6_10        48                   S(722)r1      13.5                    S(728)e      31.4
      ts_6_11      50.4                   S(722)r1      13.5                    S(728)z      31.5
      ts_6_12      46.6                   S(722)r1      13.5                   S(731)r1        30
      ts_6_13      47.1                   S(725)r0      12.9     FakeW-OH(4)+C5H8O(833)     -11.6
      ts_6_14      47.8                   S(725)r0      12.9                   S(734)r1      30.8
      ts_6_15      47.1                   S(725)r1      12.9     FakeW-OH(4)+C5H8O(833)     -11.6
      ts_6_16      47.8                   S(725)r1      12.9                   S(734)r0      30.8
      ts_6_17      31.6                     S(719)         0     FakeW-C5H8(522)+HO2(8)      16.4
      ts_6_18      28.8                   S(722)r0      13.5     FakeW-C5H8(522)+HO2(8)      16.4
      ts_6_19      24.5                   S(722)r0      13.5   FakeW-C5H8O(825)rs+OH(4)     -7.44
      ts_6_20      28.8                   S(722)r1      13.5     FakeW-C5H8(522)+HO2(8)      16.4
      ts_6_21      24.5                   S(722)r1      13.5   FakeW-C5H8O(825)rs+OH(4)     -7.44
      ts_6_22      37.9                   S(725)r0      12.9   FakeW-C5H8O(829)rs+OH(4)      2.83
      ts_6_23      37.9                   S(725)r1      12.9   FakeW-C5H8O(829)rs+OH(4)      2.83
      ts_6_24      54.7                    S(728)e      31.4    FakeW-C2H4(52)+S(2258)e        37
      ts_6_25      53.5                    S(728)z      31.5    FakeW-C2H4(52)+S(2258)z      36.1
      ts_6_26      54.2                   S(731)r0        30    FakeW-C2H4(52)+S(2258)e        37
      ts_6_27      53.8                   S(731)r0        30    FakeW-C2H4(52)+S(2258)z      36.1
      ts_6_28      54.2                   S(731)r1        30    FakeW-C2H4(52)+S(2258)e        37
      ts_6_29      53.8                   S(731)r1        30    FakeW-C2H4(52)+S(2258)z      36.1
      ts_6_30      54.9                   S(734)r0      30.8 FakeW-C2H4O2(58)+C3H5(122)      36.3
      ts_6_31      47.3                   S(734)r0      30.8     FakeW-C5H8(524)+HO2(8)      32.7
      ts_6_32      54.9                   S(734)r1      30.8 FakeW-C2H4O2(58)+C3H5(122)      36.3
      ts_6_33      47.3                   S(734)r1      30.8     FakeW-C5H8(524)+HO2(8)      32.7
      ts_6_34      31.6      FakeW-C5H9(553)+O2(6)      28.6                     S(719)         0

Bound Groups: dissociation barrier (name/ground energy, kcal/mol): wells (name/ground energy, kcal/mol):
     C1/-8.62:  FakeW-OH(4)+C5H8O(833)/-11.6

     C3/-4.44:  FakeW-C5H8O(825)rs+OH(4)/-7.44

     C4/5.83:  FakeW-C5H8O(829)rs+OH(4)/2.83

     C2/19.4:  FakeW-C5H8(522)+HO2(8)/16.4

     B19/24.5:  S(722)r0/13.5

     B21/24.5:  S(722)r1/13.5

     C9/31.6:  S(719)/0  S(725)r0/12.9  S(725)r1/12.9  FakeW-C5H9(553)+O2(6)/28.6

     C8/35.7:  FakeW-C5H8(524)+HO2(8)/32.7

     C6/39.1:  FakeW-C2H4(52)+S(2258)z/36.1

     C7/39.3:  FakeW-C2H4O2(58)+C3H5(122)/36.3

     C5/40:  FakeW-C2H4(52)+S(2258)e/37

     B8/46.6:  S(731)r0/30

     B12/46.6:  S(731)r1/30

     B31/47.3:  S(734)r0/30.8

     B33/47.3:  S(734)r1/30.8

     B6/48:  S(728)e/31.4

     B7/50.4:  S(728)z/31.5

________________________________________________________________________________________

Names Translation Tables (<short name> - <original name>):
Wells:
   W1 - S(719)
   W2 - S(722)r0
   W3 - S(722)r1
   W4 - S(725)r0
   W5 - S(725)r1
   W6 - S(728)e
   W7 - S(728)z
   W8 - S(731)r0
   W9 - S(731)r1
  W10 - FakeW-OH(4)+C5H8O(833)
  W11 - S(734)r1
  W12 - S(734)r0
  W13 - FakeW-C5H8(522)+HO2(8)
  W14 - FakeW-C5H8O(825)rs+OH(4)
  W15 - FakeW-C5H8O(829)rs+OH(4)
  W16 - FakeW-C2H4(52)+S(2258)e
  W17 - FakeW-C2H4(52)+S(2258)z
  W18 - FakeW-C2H4O2(58)+C3H5(122)
  W19 - FakeW-C5H8(524)+HO2(8)
  W20 - FakeW-C5H9(553)+O2(6)
Bimolecular products:
   P1 - OH(4)+C5H8O(833)
   P2 - C5H8(522)+HO2(8)
   P3 - C5H8O(825)rs+OH(4)
   P4 - C5H8O(829)rs+OH(4)
   P5 - C2H4(52)+S(2258)e
   P6 - C2H4(52)+S(2258)z
   P7 - C2H4O2(58)+C3H5(122)
   P8 - C5H8(524)+HO2(8)
   P9 - C5H9(553)+O2(6)
Inner Barriers:
   B1 - ts_6_1
   B2 - ts_6_2
   B3 - ts_6_3
   B4 - ts_6_4
   B5 - ts_6_5
   B6 - ts_6_6
   B7 - ts_6_7
   B8 - ts_6_8
   B9 - ts_6_9
  B10 - ts_6_10
  B11 - ts_6_11
  B12 - ts_6_12
  B13 - ts_6_13
  B14 - ts_6_14
  B15 - ts_6_15
  B16 - ts_6_16
  B17 - ts_6_17
  B18 - ts_6_18
  B19 - ts_6_19
  B20 - ts_6_20
  B21 - ts_6_21
  B22 - ts_6_22
  B23 - ts_6_23
  B24 - ts_6_24
  B25 - ts_6_25
  B26 - ts_6_26
  B27 - ts_6_27
  B28 - ts_6_28
  B29 - ts_6_29
  B30 - ts_6_30
  B31 - ts_6_31
  B32 - ts_6_32
  B33 - ts_6_33
  B34 - ts_6_34
Outer Barriers:
   C1 - FakeB-OH(4)+C5H8O(833)
   C2 - FakeB-C5H8(522)+HO2(8)
   C3 - FakeB-C5H8O(825)rs+OH(4)
   C4 - FakeB-C5H8O(829)rs+OH(4)
   C5 - FakeB-C2H4(52)+S(2258)e
   C6 - FakeB-C2H4(52)+S(2258)z
   C7 - FakeB-C2H4O2(58)+C3H5(122)
   C8 - FakeB-C5H8(524)+HO2(8)
   C9 - FakeB-C5H9(553)+O2(6)
Unimolecular Rate Units: 1/sec;  Bimolecular Rate Units: cm^3/sec

______________________________________________________________________________________

Species-Species Rate Tables:

Temperature = 500 K

High Pressure Rate Coefficients:

From\To         W1        W2        W3        W4        W5        W6        W7        W8        W9       W10       W11       W12       W13       W14       W15       W16       W17       W18       W19       W20        P1        P2        P3        P4        P5        P6        P7        P8        P9
W1             ***    0.0451    0.0451       6.2       6.2       ***       ***       ***       ***       ***       ***       ***     0.197       ***       ***       ***       ***       ***       ***      25.6       ***       ***       ***       ***       ***       ***       ***       ***       ***
W2         6.4e+03       ***       ***   0.00112       ***    0.0186  0.000683    0.0245       ***       ***       ***       ***  3.85e+06  9.31e+07       ***       ***       ***       ***       ***       ***       ***       ***       ***       ***       ***       ***       ***       ***       ***
W3         6.4e+03       ***       ***       ***   0.00112    0.0186  0.000683       ***    0.0245       ***       ***       ***  3.85e+06  9.31e+07       ***       ***       ***       ***       ***       ***       ***       ***       ***       ***       ***       ***       ***       ***       ***
W4        3.42e+05  0.000435       ***       ***       ***       ***       ***       ***       ***     0.033   0.00849       ***       ***       ***      22.2       ***       ***       ***       ***       ***       ***       ***       ***       ***       ***       ***       ***       ***       ***
W5        3.42e+05       ***  0.000435       ***       ***       ***       ***       ***       ***     0.033       ***   0.00849       ***       ***      22.2       ***       ***       ***       ***       ***       ***       ***       ***       ***       ***       ***       ***       ***       ***
W6             ***  2.95e+03  2.95e+03       ***       ***       ***       ***       ***       ***       ***       ***       ***       ***       ***       ***       203       ***       ***       ***       ***       ***       ***       ***       ***       ***       ***       ***       ***       ***
W7             ***       103       103       ***       ***       ***       ***       ***       ***       ***       ***       ***       ***       ***       ***       ***       561       ***       ***       ***       ***       ***       ***       ***       ***       ***       ***       ***       ***
W8             ***  6.13e+03       ***       ***       ***       ***       ***       ***       ***       ***       ***       ***       ***       ***       ***       442       621       ***       ***       ***       ***       ***       ***       ***       ***       ***       ***       ***       ***
W9             ***       ***  6.13e+03       ***       ***       ***       ***       ***       ***       ***       ***       ***       ***       ***       ***       442       621       ***       ***       ***       ***       ***       ***       ***       ***       ***       ***       ***       ***
W10            ***       ***       ***  2.23e-19  2.23e-19       ***       ***       ***       ***       ***       ***       ***       ***       ***       ***       ***       ***       ***       ***       ***  1.42e+10       ***       ***       ***       ***       ***       ***       ***       ***
W11            ***       ***       ***  2.42e+03       ***       ***       ***       ***       ***       ***       ***       ***       ***       ***       ***       ***       ***      65.2   4.6e+05       ***       ***       ***       ***       ***       ***       ***       ***       ***       ***
W12            ***       ***       ***       ***  2.42e+03       ***       ***       ***       ***       ***       ***       ***       ***       ***       ***       ***       ***      65.2   4.6e+05       ***       ***       ***       ***       ***       ***       ***       ***       ***       ***
W13           33.9  4.67e+03  4.67e+03       ***       ***       ***       ***       ***       ***       ***       ***       ***       ***       ***       ***       ***       ***       ***       ***       ***       ***  2.12e+11       ***       ***       ***       ***       ***       ***       ***
W14            ***  1.11e-05  1.11e-05       ***       ***       ***       ***       ***       ***       ***       ***       ***       ***       ***       ***       ***       ***       ***       ***       ***       ***       ***  9.98e+09       ***       ***       ***       ***       ***       ***
W15            ***       ***       ***  3.19e-07  3.19e-07       ***       ***       ***       ***       ***       ***       ***       ***       ***       ***       ***       ***       ***       ***       ***       ***       ***       ***  7.66e+09       ***       ***       ***       ***       ***
W16            ***       ***       ***       ***       ***       130       ***       179       179       ***       ***       ***       ***       ***       ***       ***       ***       ***       ***       ***       ***       ***       ***       ***  4.82e+11       ***       ***       ***       ***
W17            ***       ***       ***       ***       ***       ***       138      92.4      92.4       ***       ***       ***       ***       ***       ***       ***       ***       ***       ***       ***       ***       ***       ***       ***       ***  4.79e+11       ***       ***       ***
W18            ***       ***       ***       ***       ***       ***       ***       ***       ***       ***      58.4      58.4       ***       ***       ***       ***       ***       ***       ***       ***       ***       ***       ***       ***       ***       ***  1.56e+12       ***       ***
W19            ***       ***       ***       ***       ***       ***       ***       ***       ***       ***       746       746       ***       ***       ***       ***       ***       ***       ***       ***       ***       ***       ***       ***       ***       ***       ***  2.23e+11       ***
W20       2.83e+09       ***       ***       ***       ***       ***       ***       ***       ***       ***       ***       ***       ***       ***       ***       ***       ***       ***       ***       ***       ***       ***       ***       ***       ***       ***       ***       ***  1.24e+11
P1             ***       ***       ***       ***       ***       ***       ***       ***       ***   2.4e-10       ***       ***       ***       ***       ***       ***       ***       ***       ***       ***       ***       ***       ***       ***       ***       ***       ***       ***       ***
P2             ***       ***       ***       ***       ***       ***       ***       ***       ***       ***       ***       ***  1.91e-10       ***       ***       ***       ***       ***       ***       ***       ***       ***       ***       ***       ***       ***       ***       ***       ***
P3             ***       ***       ***       ***       ***       ***       ***       ***       ***       ***       ***       ***       ***   2.4e-10       ***       ***       ***       ***       ***       ***       ***       ***       ***       ***       ***       ***       ***       ***       ***
P4             ***       ***       ***       ***       ***       ***       ***       ***       ***       ***       ***       ***       ***       ***   2.4e-10       ***       ***       ***       ***       ***       ***       ***       ***       ***       ***     