Wells (G - ground energy, D - dissociation limit, kcal/mol):
                           W         G         D
        FakeW-CPT(563)+OH(4)        -3     -1.34
      FakeW-C5H9(553)+H2O(5)       -26       -23

Bimolecular Products (G - ground energy, kcal/mol):
                     P         G
        CPT(563)+OH(4)         0
      C5H9(553)+H2O(5)       -23

Well-to-Bimolecular Barriers (H/G - barrier height/well depth, kcal/mol)
                           B         H                      W         G                P
        FakeB-CPT(563)+OH(4)         0   FakeW-CPT(563)+OH(4)        -3   CPT(563)+OH(4)
      FakeB-C5H9(553)+H2O(5)       -23 FakeW-C5H9(553)+H2O(5)       -26 C5H9(553)+H2O(5)

Well-to-Well Barriers (H/G - barrier height/well depth, kcal/mol):
           B         H                     W1        G1                     W2        G2
      ts_7_1     -1.34   FakeW-CPT(563)+OH(4)        -3 FakeW-C5H9(553)+H2O(5)       -26

Bound Groups: dissociation barrier (name/ground energy, kcal/mol): wells (name/ground energy, kcal/mol):
     C2/-23:  FakeW-C5H9(553)+H2O(5)/-26

     B1/-1.34:  FakeW-CPT(563)+OH(4)/-3

________________________________________________________________________________________

Names Translation Tables (<short name> - <original name>):
Wells:
   W1 - FakeW-CPT(563)+OH(4)
   W2 - FakeW-C5H9(553)+H2O(5)
Bimolecular products:
   P1 - CPT(563)+OH(4)
   P2 - C5H9(553)+H2O(5)
Inner Barriers:
   B1 - ts_7_1
Outer Barriers:
   C1 - FakeB-CPT(563)+OH(4)
   C2 - FakeB-C5H9(553)+H2O(5)
Unimolecular Rate Units: 1/sec;  Bimolecular Rate Units: cm^3/sec

______________________________________________________________________________________

Species-Species Rate Tables:

Temperature = 500 K

High Pressure Rate Coefficients:

From\To         W1        W2        P1        P2
W1             ***  1.98e+07  8.21e+09       ***
W2          0.0287       ***       ***  1.39e+10
P1        2.44e-10       ***       ***       ***
P2             ***  2.39e-10       ***       ***

Temperature = 500 K    Pressure = 0.1 atm

From\To         W1        W2        P1        P2
W1        1.38e+09       154  1.37e+09  4.42e+06
W2        5.39e-10  2.23e+09  6.56e-11  2.23e+09
P1        4.08e-11  7.08e-18  4.12e-11  4.54e-13
P2        1.09e-22  3.82e-11  3.79e-22  3.82e-11

Temperature = 500 K    Pressure = 1 atm

From\To         W1        W2        P1        P2
W1        2.76e+09       628  2.75e+09  7.73e+06
W2        1.28e-07  4.44e+09  1.64e-08  4.44e+09
P1        8.18e-11  2.57e-17  8.22e-11  3.56e-13
P2        1.92e-22   7.6e-11  2.96e-22   7.6e-11

Temperature = 500 K    Pressure = 10 atm

From\To         W1        W2        P1        P2
W1        5.01e+09  1.49e+05     5e+09  1.26e+07
W2        0.000213  7.85e+09  5.02e-05  7.85e+09
P1        1.48e-10   1.1e-15  1.49e-10  2.06e-13
P2        3.12e-22  1.34e-10  1.72e-22  1.34e-10

Temperature = 500 K    Pressure = 100 atm

From\To         W1        W2        P1        P2
W1        7.43e+09  8.17e+06  7.41e+09  9.82e+06
W2          0.0118  1.21e+10   0.00103  1.21e+10
P1         2.2e-10  2.12e-14   2.2e-10  3.02e-14
P2        2.43e-22  2.07e-10  2.52e-23  2.07e-10

Temperature = 600 K

High Pressure Rate Coefficients:

From\To         W1        W2        P1        P2
W1             ***  2.08e+07  9.19e+09       ***
W2            1.23       ***       ***  1.45e+10
P1        2.52e-10       ***       ***       ***
P2             ***  2.46e-10       ***       ***

Temperature = 600 K    Pressure = 0.1 atm

From\To         W1        W2        P1        P2
W1        1.79e+09       219  1.79e+09  4.42e+06
W2        1.61e-07  2.85e+09  1.76e-08  2.85e+09
P1        4.87e-11  9.51e-18  4.92e-11  4.43e-13
P2        4.43e-21  4.84e-11  1.63e-20  4.84e-11

Temperature = 600 K    Pressure = 1 atm

From\To         W1        W2        P1        P2
W1        3.25e+09  1.03e+03  3.25e+09   7.6e+06
W2        2.12e-05  5.12e+09  1.84e-06  5.12e+09
P1        8.87e-11  3.14e-17  8.91e-11  3.56e-13
P2        7.65e-21   8.7e-11  1.31e-20   8.7e-11

Temperature = 600 K    Pressure = 10 atm

From\To         W1        W2        P1        P2
W1        5.45e+09  1.86e+05  5.44e+09  1.22e+07
W2          0.0109  8.28e+09   0.00239  8.28e+09
P1        1.49e-10  1.19e-15  1.49e-10  2.25e-13
P2        1.22e-20  1.41e-10  8.29e-21  1.41e-10

Temperature = 600 K    Pressure = 100 atm

From\To         W1        W2        P1        P2
W1        8.12e+09  7.94e+06   8.1e+09  1.03e+07
W2           0.469  1.24e+10    0.0544  1.24e+10
P1        2.22e-10  2.52e-14  2.22e-10   4.1e-14
P2        1.03e-20  2.11e-10  1.51e-21  2.11e-10

Temperature = 700 K

High Pressure Rate Coefficients:

From\To         W1        W2        P1        P2
W1             ***  2.14e+07  9.43e+09       ***
W2            17.6       ***       ***  1.39e+10
P1        2.58e-10       ***       ***       ***
P2             ***  2.53e-10       ***       ***

Temperature = 700 K    Pressure = 0.1 atm

From\To         W1        W2        P1        P2
W1           2e+09       214     2e+09  4.42e+06
W2        8.48e-06  2.91e+09  7.84e-07  2.91e+09
P1        5.45e-11   1.2e-17   5.5e-11  4.58e-13
P2        6.61e-20  5.29e-11  2.51e-19  5.29e-11

Temperature = 700 K    Pressure = 1 atm

From\To         W1        W2        P1        P2
W1        3.45e+09  1.65e+03  3.44e+09  7.51e+06
W2        0.000854     5e+09  5.51e-05     5e+09
P1        9.41e-11   3.8e-17  9.44e-11  3.73e-13
P2        1.13e-19  9.11e-11  2.04e-19  9.11e-11

Temperature = 700 K    Pressure = 10 atm

From\To         W1        W2        P1        P2
W1        5.49e+09  2.42e+05  5.48e+09  1.18e+07
W2           0.198  7.83e+09    0.0385  7.83e+09
P1         1.5e-10  1.37e-15   1.5e-10  2.49e-13
P2        1.77e-19  1.43e-10  1.36e-19  1.43e-10

Temperature = 700 K    Pressure = 100 atm

From\To         W1        W2        P1        P2
W1        8.14e+09  7.79e+06  8.13e+09  1.04e+07
W2            6.41  1.16e+10     0.886  1.16e+10
P1        2.22e-10  2.96e-14  2.23e-10  5.24e-14
P2        1.56e-19  2.12e-10  2.86e-20  2.12e-10

Temperature = 800 K

High Pressure Rate Coefficients:

From\To         W1        W2        P1        P2
W1             ***  2.19e+07  9.21e+09       ***
W2             128       ***       ***  1.28e+10
P1        2.64e-10       ***       ***       ***
P2             ***  2.58e-10       ***       ***

Temperature = 800 K    Pressure = 0.1 atm

From\To         W1        W2        P1        P2
W1        2.11e+09       238  2.11e+09  4.55e+06
W2        0.000196   2.9e+09  1.47e-05   2.9e+09
P1        6.01e-11  1.54e-17  6.06e-11  4.86e-13
P2        5.38e-19  5.85e-11  2.01e-18  5.85e-11

Temperature = 800 K    Pressure = 1 atm

From\To         W1        W2        P1        P2
W1        3.49e+09  3.46e+03  3.49e+09   7.6e+06
W2          0.0169  4.81e+09  0.000828  4.81e+09
P1        9.98e-11  4.84e-17     1e-10  3.98e-13
P2        9.02e-19  9.71e-11  1.65e-18  9.71e-11

Temperature = 800 K    Pressure = 10 atm

From\To         W1        W2        P1        P2
W1        5.36e+09  3.48e+05  5.35e+09  1.16e+07
W2            2.04  7.27e+09      0.34  7.27e+09
P1        1.53e-10  1.76e-15  1.53e-10  2.72e-13
P2        1.38e-18  1.47e-10  1.13e-18  1.47e-10

Temperature = 800 K    Pressure = 100 atm

From\To         W1        W2        P1        P2
W1        7.82e+09  7.97e+06  7.81e+09  1.02e+07
W2            46.8  1.06e+10      7.03  1.06e+10
P1        2.24e-10  3.44e-14  2.24e-10   6.2e-14
P2        1.21e-18  2.14e-10  2.57e-19  2.14e-10

Temperature = 900 K

High Pressure Rate Coefficients:

From\To         W1        W2        P1        P2
W1             ***  2.23e+07  8.76e+09       ***
W2             598       ***       ***  1.15e+10
P1        2.69e-10       ***       ***       ***
P2             ***  2.63e-10       ***       ***

Temperature = 900 K    Pressure = 0.1 atm

From\To         W1        W2        P1        P2
W1        2.04e+09       279  2.03e+09  4.49e+06
W2         0.00241   2.7e+09  0.000153   2.7e+09
P1        6.22e-11  1.78e-17  6.27e-11  5.31e-13
P2        2.75e-18  6.15e-11  1.06e-17  6.15e-11

Temperature = 900 K    Pressure = 1 atm

From\To         W1        W2        P1        P2
W1        3.31e+09  7.36e+03   3.3e+09  7.47e+06
W2           0.184  4.38e+09   0.00744  4.38e+09
P1        1.01e-10  5.83e-17  1.02e-10  4.39e-13
P2        4.59e-18     1e-10  8.79e-18     1e-10

Temperature = 900 K    Pressure = 10 atm

From\To         W1        W2        P1        P2
W1           5e+09  4.84e+05  4.99e+09  1.12e+07
W2              13  6.51e+09      1.98  6.51e+09
P1        1.53e-10  2.37e-15  1.53e-10  3.07e-13
P2         6.9e-18  1.49e-10  6.15e-18  1.49e-10

Temperature = 900 K    Pressure = 100 atm

From\To         W1        W2        P1        P2
W1        7.29e+09  8.16e+06  7.27e+09  9.85e+06
W2             219  9.39e+09      36.3  9.39e+09
P1        2.23e-10  4.16e-14  2.24e-10  7.48e-14
P2        6.06e-18  2.15e-10   1.5e-18  2.15e-10

Temperature = 1e+03 K

High Pressure Rate Coefficients:

From\To         W1        W2        P1        P2
W1             ***  2.26e+07   8.2e+09       ***
W2        2.04e+03       ***       ***  1.03e+10
P1        2.74e-10       ***       ***       ***
P2             ***  2.68e-10       ***       ***

Temperature = 1e+03 K    Pressure = 0.1 atm

From\To         W1        W2        P1        P2
W1        1.93e+09       441  1.93e+09  4.48e+06
W2          0.0224  2.53e+09   0.00115  2.53e+09
P1        6.42e-11  2.08e-17  6.48e-11  5.85e-13
P2        1.06e-17  6.56e-11  4.14e-17  6.56e-11

Temperature = 1e+03 K    Pressure = 1 atm

From\To         W1        W2        P1        P2
W1         3.1e+09  1.73e+04  3.09e+09   7.4e+06
W2            1.52  4.01e+09    0.0504  4.01e+09
P1        1.03e-10  7.55e-17  1.04e-10  4.86e-13
P2        1.75e-17  1.05e-10  3.44e-17  1.05e-10

Temperature = 1e+03 K    Pressure = 10 atm

From\To         W1        W2        P1        P2
W1        4.62e+09  7.07e+05   4.6e+09  1.08e+07
W2              64  5.86e+09      8.85  5.86e+09
P1        1.54e-10  3.38e-15  1.54e-10  3.45e-13
P2        2.56e-17  1.53e-10  2.44e-17  1.53e-10

Temperature = 1e+03 K    Pressure = 100 atm

From\To         W1        W2        P1        P2
W1        6.71e+09  8.57e+06   6.7e+09  9.33e+06
W2             777  8.32e+09       136  8.32e+09
P1        2.24e-10  5.04e-14  2.24e-10  8.67e-14
P2        2.21e-17  2.17e-10  6.13e-18  2.17e-10

Temperature = 1.1e+03 K

High Pressure Rate Coefficients:

From\To         W1        W2        P1        P2
W1             ***  2.28e+07   7.6e+09       ***
W2        5.57e+03       ***       ***  9.12e+09
P1        2.78e-10       ***       ***       ***
P2             ***  2.72e-10       ***       ***

Temperature = 1.1e+03 K    Pressure = 0.1 atm

From\To         W1        W2        P1        P2
W1        1.83e+09       782  1.83e+09  4.54e+06
W2           0.148   2.3e+09   0.00559   2.3e+09
P1        6.66e-11  2.53e-17  6.73e-11  6.43e-13
P2         3.3e-17  6.84e-11  1.28e-16  6.84e-11

Temperature = 1.1e+03 K    Pressure = 1 atm

From\To         W1        W2        P1        P2
W1         2.9e+09  3.67e+04  2.89e+09  7.43e+06
W2            8.86   3.6e+09     0.232   3.6e+09
P1        1.06e-10  1.02e-16  1.06e-10  5.36e-13
P2        5.42e-17  1.08e-10  1.07e-16  1.08e-10

Temperature = 1.1e+03 K    Pressure = 10 atm

From\To         W1        W2        P1        P2
W1        4.26e+09  9.76e+05  4.25e+09  1.05e+07
W2             238   5.2e+09      29.8   5.2e+09
P1        1.55e-10  4.59e-15  1.56e-10  3.84e-13
P2         7.7e-17  1.55e-10  7.65e-17  1.55e-10

Temperature = 1.1e+03 K    Pressure = 100 atm

From\To         W1        W2        P1        P2
W1        6.15e+09  8.98e+06  6.13e+09  8.88e+06
W2         2.2e+03  7.32e+09       395  7.32e+09
P1        2.24e-10  5.92e-14  2.25e-10  9.78e-14
P2        6.48e-17  2.19e-10  1.95e-17  2.19e-10

Temperature = 1.2e+03 K

High Pressure Rate Coefficients:

From\To         W1        W2        P1        P2
W1             ***   2.3e+07  7.02e+09       ***
W2        1.28e+04       ***       ***  8.08e+09
P1        2.82e-10       ***       ***       ***
P2             ***  2.76e-10       ***       ***

Temperature = 1.2e+03 K    Pressure = 0.1 atm

From\To         W1        W2        P1        P2
W1        1.75e+09  1.52e+03  1.74e+09  4.68e+06
W2           0.772  2.05e+09    0.0158  2.05e+09
P1        6.98e-11  3.26e-17  7.05e-11  7.05e-13
P2         8.9e-17  6.96e-11  3.34e-16  6.96e-11

Temperature = 1.2e+03 K    Pressure = 1 atm

From\To         W1        W2        P1        P2
W1        2.72e+09  6.88e+04  2.72e+09  7.55e+06
W2            38.2  3.18e+09     0.724  3.18e+09
P1        1.09e-10  1.35e-16   1.1e-10  5.86e-13
P2        1.44e-16  1.09e-10  2.78e-16  1.09e-10

Temperature = 1.2e+03 K    Pressure = 10 atm

From\To         W1        W2        P1        P2
W1        3.94e+09  1.24e+06  3.93e+09  1.04e+07
W2             694  4.57e+09      77.5  4.57e+09
P1        1.58e-10  5.74e-15  1.59e-10  4.19e-13
P2        1.98e-16  1.56e-10  1.99e-16  1.56e-10

Temperature = 1.2e+03 K    Pressure = 100 atm

From\To         W1        W2        P1        P2
W1        5.63e+09  9.32e+06  5.61e+09  8.57e+06
W2         5.2e+03  6.43e+09       925  6.43e+09
P1        2.26e-10  6.68e-14  2.26e-10  1.08e-13
P2        1.64e-16   2.2e-10   5.1e-17   2.2e-10

Temperature = 1.3e+03 K

High Pressure Rate Coefficients:

From\To         W1        W2        P1        P2
W1             ***  2.32e+07  6.46e+09       ***
W2         2.6e+04       ***       ***  7.17e+09
P1        2.86e-10       ***       ***       ***
P2             ***   2.8e-10       ***       ***

Temperature = 1.3e+03 K    Pressure = 0.1 atm

From\To         W1        W2        P1        P2
W1        1.59e+09  4.99e+03  1.58e+09   4.6e+06
W2            5.43  1.83e+09    0.0251  1.83e+09
P1        6.99e-11  4.28e-17  7.07e-11  7.85e-13
P2        2.01e-16  7.12e-11  7.77e-16  7.12e-11

Temperature = 1.3e+03 K    Pressure = 1 atm

From\To         W1        W2        P1        P2
W1        2.47e+09  1.55e+05  2.46e+09  7.33e+06
W2             173  2.83e+09       2.3  2.83e+09
P1        1.09e-10  1.87e-16   1.1e-10  6.57e-13
P2        3.21e-16   1.1e-10   6.5e-16   1.1e-10

Temperature = 1.3e+03 K    Pressure = 10 atm

From\To         W1        W2        P1        P2
W1        3.57e+09  1.63e+06  3.56e+09  9.82e+06
W2        1.82e+03  4.03e+09       195  4.03e+09
P1        1.58e-10  7.85e-15  1.58e-10  4.75e-13
P2         4.3e-16  1.58e-10  4.69e-16  1.58e-10

Temperature = 1.3e+03 K    Pressure = 100 atm

From\To         W1        W2        P1        P2
W1        5.12e+09  9.69e+06   5.1e+09  8.08e+06
W2        1.09e+04  5.67e+09  2.03e+03  5.67e+09
P1        2.26e-10  8.02e-14  2.26e-10  1.23e-13
P2        3.54e-16  2.22e-10  1.22e-16  2.22e-10

Temperature = 1.4e+03 K

High Pressure Rate Coefficients:

From\To         W1        W2        P1        P2
W1             ***  2.33e+07  5.94e+09       ***
W2        4.75e+04       ***       ***  6.36e+09
P1         2.9e-10       ***       ***       ***
P2             ***  2.84e-10       ***       ***

Temperature = 1.4e+03 K    Pressure = 0.1 atm

From\To         W1        W2        P1        P2
W1        1.47e+09  1.89e+04  1.47e+09  4.61e+06
W2              38  1.69e+09    -0.103  1.69e+09
P1        7.12e-11  6.92e-17  7.21e-11  8.66e-13
P2        4.17e-16  7.47e-11  1.61e-15  7.47e-11

Temperature = 1.4e+03 K    Pressure = 1 atm

From\To         W1        W2        P1        P2
W1        2.27e+09  3.38e+05  2.26e+09  7.16e+06
W2             689  2.57e+09      7.32  2.57e+09
P1         1.1e-10  2.95e-16  1.11e-10  7.26e-13
P2         6.5e-16  1.14e-10  1.35e-15  1.14e-10

Temperature = 1.4e+03 K    Pressure = 10 atm

From\To         W1        W2        P1        P2
W1        3.27e+09  2.18e+06  3.26e+09  9.24e+06
W2        4.45e+03  3.62e+09       458  3.62e+09
P1        1.59e-10  1.11e-14   1.6e-10  5.25e-13
P2        8.39e-16  1.61e-10  9.77e-16  1.61e-10

Temperature = 1.4e+03 K    Pressure = 100 atm

From\To         W1        W2        P1        P2
W1        4.67e+09  1.03e+07  4.66e+09  7.45e+06
W2         2.1e+04  5.03e+09  3.96e+03  5.03e+09
P1        2.27e-10  9.49e-14  2.27e-10  1.34e-13
P2        6.78e-16  2.24e-10  2.49e-16  2.24e-10

Temperature = 1.5e+03 K

High Pressure Rate Coefficients:

From\To         W1        W2        P1        P2
W1             ***  2.34e+07  5.46e+09       ***
W2        8.01e+04       ***       ***  5.66e+09
P1        2.93e-10       ***       ***       ***
P2             ***  2.87e-10       ***       ***

Temperature = 1.5e+03 K    Pressure = 0.1 atm

From\To         W1        W2        P1        P2
W1        1.38e+09  2.88e+04  1.38e+09  4.73e+06
W2            98.1  1.48e+09    -0.429  1.48e+09
P1        7.38e-11  9.32e-17  7.47e-11  9.45e-13
P2        8.18e-16  7.48e-11  3.05e-15  7.49e-11

Temperature = 1.5e+03 K    Pressure = 1 atm

From\To         W1        W2        P1        P2
W1        2.12e+09  4.33e+05  2.11e+09  7.21e+06
W2        1.48e+03  2.26e+09      14.2  2.26e+09
P1        1.13e-10  3.68e-16  1.14e-10   7.9e-13
P2        1.25e-15  1.14e-10  2.55e-15  1.14e-10

Temperature = 1.5e+03 K    Pressure = 10 atm

From\To         W1        W2        P1        P2
W1        3.02e+09  2.43e+06  3.01e+09  9.12e+06
W2        8.32e+03  3.19e+09       813  3.19e+09
P1        1.62e-10  1.29e-14  1.62e-10  5.68e-13
P2        1.58e-15  1.62e-10  1.84e-15  1.62e-10

Temperature = 1.5e+03 K    Pressure = 100 atm

From\To         W1        W2        P1        P2
W1        4.28e+09  1.05e+07  4.26e+09  7.28e+06
W2         3.6e+04  4.45e+09  6.63e+03  4.45e+09
P1        2.29e-10  1.04e-13  2.29e-10  1.44e-13
P2        1.26e-15  2.26e-10  4.65e-16  2.26e-10

Temperature = 1.6e+03 K

High Pressure Rate Coefficients:

From\To         W1        W2        P1        P2
W1             ***  2.35e+07  5.02e+09       ***
W2        1.26e+05       ***       ***  5.06e+09
P1        2.96e-10       ***       ***       ***
P2             ***   2.9e-10       ***       ***

Temperature = 1.6e+03 K    Pressure = 0.1 atm

From\To         W1        W2        P1        P2
W1        1.26e+09  7.04e+04  1.26e+09  4.64e+06
W2             378  1.35e+09     -1.81  1.35e+09
P1         7.4e-11  1.44e-16   7.5e-11  1.04e-12
P2        1.43e-15  7.68e-11  5.47e-15  7.68e-11

Temperature = 1.6e+03 K    Pressure = 1 atm

From\To         W1        W2        P1        P2
W1        1.93e+09  6.78e+05  1.93e+09  6.88e+06
W2        3.65e+03  2.03e+09      37.3  2.03e+09
P1        1.14e-10  5.77e-16  1.14e-10  8.76e-13
P2        2.12e-15  1.17e-10  4.59e-15  1.17e-10

Temperature = 1.6e+03 K    Pressure = 10 atm

From\To         W1        W2        P1        P2
W1        2.76e+09  2.91e+06  2.74e+09  8.52e+06
W2        1.57e+04  2.86e+09  1.57e+03  2.86e+09
P1        1.62e-10  1.74e-14  1.62e-10  6.32e-13
P2        2.63e-15  1.64e-10  3.31e-15  1.64e-10

Temperature = 1.6e+03 K    Pressure = 100 atm

From\To         W1        W2        P1        P2
W1        3.91e+09  1.09e+07   3.9e+09   6.8e+06
W2        5.88e+04  3.97e+09  1.12e+04  3.97e+09
P1         2.3e-10  1.22e-13   2.3e-10  1.58e-13
P2         2.1e-15  2.28e-10   8.3e-16  2.28e-10

Temperature = 1.7e+03 K

High Pressure Rate Coefficients:

From\To         W1        W2        P1        P2
W1             ***  2.35e+07  4.63e+09       ***
W2        1.89e+05       ***       ***  4.53e+09
P1        2.99e-10       ***       ***       ***
P2             ***  2.93e-10       ***       ***

Temperature = 1.7e+03 K    Pressure = 0.1 atm

From\To         W1        W2        P1        P2
W1         1.2e+09  1.49e+05  1.19e+09  4.68e+06
W2         1.2e+03  1.24e+09     -3.69  1.24e+09
P1        7.69e-11  1.93e-16   7.8e-11  1.14e-12
P2        2.43e-15  8.02e-11  9.18e-15  8.02e-11

Temperature = 1.7e+03 K    Pressure = 1 atm

From\To         W1        W2        P1        P2
W1        1.81e+09  9.77e+05  1.81e+09  6.72e+06
W2        7.86e+03  1.86e+09      85.7  1.86e+09
P1        1.17e-10  8.57e-16  1.18e-10  9.55e-13
P2        3.49e-15   1.2e-10  7.69e-15   1.2e-10

Temperature = 1.7e+03 K    Pressure = 10 atm

From\To         W1        W2        P1        P2
W1        2.57e+09  3.42e+06  2.55e+09  8.13e+06
W2        2.75e+04   2.6e+09  2.72e+03   2.6e+09
P1        1.65e-10  2.21e-14  1.66e-10  6.86e-13
P2        4.23e-15  1.68e-10  5.52e-15  1.68e-10

Temperature = 1.7e+03 K    Pressure = 100 atm

From\To         W1        W2        P1        P2
W1        3.62e+09  1.14e+07   3.6e+09  6.41e+06
W2        9.15e+04  3.58e+09  1.72e+04  3.58e+09
P1        2.33e-10  1.38e-13  2.33e-10  1.68e-13
P2        3.34e-15  2.31e-10  1.35e-15  2.31e-10

Temperature = 1.8e+03 K

High Pressure Rate Coefficients:

From\To         W1        W2        P1        P2
W1             ***  2.35e+07  4.27e+09       ***
W2         2.7e+05       ***       ***  4.06e+09
P1        3.02e-10       ***       ***       ***
P2             ***  2.96e-10       ***       ***

Temperature = 1.8e+03 K    Pressure = 0.1 atm

From\To         W1        W2        P1        P2
W1         1.1e+09  2.09e+05  1.09e+09   4.6e+06
W2         2.4e+03  1.12e+09     -6.17  1.12e+09
P1        7.69e-11  3.17e-16  7.81e-11  1.24e-12
P2        3.83e-15  8.09e-11  1.47e-14  8.09e-11

Temperature = 1.8e+03 K    Pressure = 1 atm

From\To         W1        W2        P1        P2
W1        1.66e+09  1.19e+06  1.65e+09  6.46e+06
W2        1.36e+04  1.67e+09       175  1.67e+09
P1        1.17e-10  1.31e-15  1.18e-10  1.04e-12
P2         5.4e-15  1.21e-10  1.23e-14  1.21e-10

Temperature = 1.8e+03 K    Pressure = 10 atm

From\To         W1        W2        P1        P2
W1        2.35e+09  3.78e+06  2.33e+09  7.71e+06
W2        4.34e+04  2.32e+09  4.51e+03  2.32e+09
P1        1.65e-10   2.8e-14  1.66e-10  7.43e-13
P2        6.44e-15  1.69e-10  8.77e-15  1.69e-10

Temperature = 1.8e+03 K    Pressure = 100 atm

From\To         W1        W2        P1        P2
W1        3.31e+09  1.17e+07  3.29e+09  6.03e+06
W2        1.34e+05  3.19e+09  2.53e+04  3.19e+09
P1        2.33e-10  1.56e-13  2.33e-10  1.78e-13
P2        5.04e-15  2.32e-10   2.1e-15  2.32e-10

Temperature = 1.9e+03 K

High Pressure Rate Coefficients:

From\To         W1        W2        P1        P2
W1             ***  2.36e+07  3.94e+09       ***
W2        3.72e+05       ***       ***  3.66e+09
P1        3.05e-10       ***       ***       ***
P2             ***  2.98e-10       ***       ***

Temperature = 1.9e+03 K    Pressure = 0.1 atm

From\To         W1        W2        P1        P2
W1        1.02e+09   2.7e+05  1.01e+09  4.55e+06
W2        4.26e+03     1e+09     -6.24     1e+09
P1        7.79e-11   4.1e-16  7.93e-11  1.35e-12
P2        5.84e-15  8.13e-11  2.25e-14  8.14e-11

Temperature = 1.9e+03 K    Pressure = 1 atm

From\To         W1        W2        P1        P2
W1        1.54e+09  1.35e+06  1.53e+09  6.31e+06
W2        2.13e+04  1.49e+09       295  1.49e+09
P1        1.18e-10   1.7e-15  1.19e-10  1.13e-12
P2        8.12e-15  1.22e-10  1.89e-14  1.22e-10

Temperature = 1.9e+03 K    Pressure = 10 atm

From\To         W1        W2        P1        P2
W1        2.17e+09  4.01e+06  2.15e+09  7.46e+06
W2        6.34e+04  2.08e+09  6.71e+03  2.08e+09
P1        1.66e-10  3.31e-14  1.67e-10  8.08e-13
P2         9.6e-15   1.7e-10  1.35e-14   1.7e-10

Temperature = 1.9e+03 K    Pressure = 100 atm

From\To         W1        W2        P1        P2
W1        3.05e+09  1.18e+07  3.03e+09  5.83e+06
W2        1.87e+05  2.87e+09  3.55e+04  2.87e+09
P1        2.34e-10  1.74e-13  2.35e-10  1.91e-13
P2        7.51e-15  2.34e-10  3.19e-15  2.34e-10

Temperature = 2e+03 K

High Pressure Rate Coefficients:

From\To         W1        W2        P1        P2
W1             ***  2.36e+07  3.65e+09       ***
W2        4.95e+05       ***       ***  3.31e+09
P1        3.07e-10       ***       ***       ***
P2             ***  3.01e-10       ***       ***

Temperature = 2e+03 K    Pressure = 0.1 atm

From\To         W1        W2        P1        P2
W1        9.43e+08  4.01e+05  9.38e+08  4.41e+06
W2        8.44e+03   9.2e+08      13.1   9.2e+08
P1        7.87e-11  6.34e-16  8.01e-11  1.47e-12
P2        8.43e-15  8.34e-11  3.35e-14  8.35e-11

Temperature = 2e+03 K    Pressure = 1 atm

From\To         W1        W2        P1        P2
W1        1.42e+09  1.65e+06  1.41e+09  5.98e+06
W2        3.47e+04  1.36e+09       585  1.36e+09
P1        1.19e-10  2.63e-15   1.2e-10  1.23e-12
P2        1.15e-14  1.24e-10   2.8e-14  1.24e-10

Temperature = 2e+03 K    Pressure = 10 atm

From\To         W1        W2        P1        P2
W1           2e+09  4.44e+06  1.99e+09  6.99e+06
W2        9.34e+04  1.89e+09  1.04e+04  1.89e+09
P1        1.68e-10   4.2e-14  1.68e-10  8.75e-13
P2        1.34e-14  1.72e-10  1.99e-14  1.72e-10

Temperature = 2e+03 K    Pressure = 100 atm

From\To         W1        W2        P1        P2
W1        2.82e+09  1.22e+07   2.8e+09  5.46e+06
W2        2.56e+05  2.59e+09  4.91e+04  2.59e+09
P1        2.36e-10  1.97e-13  2.36e-10  2.02e-13
P2        1.04e-14  2.36e-10   4.6e-15  2.36e-10

______________________________________________________________________________________

High Pressure Rate Coefficients (Temperature-Species Rate Tables):

Reactant = W1
   T(K)        W1        W2        P1        P2
    500       ***  1.98e+07  8.21e+09       ***
    600       ***  2.08e+07  9.19e+09       ***
    700       ***  2.14e+07  9.43e+09       ***
    800       ***  2.19e+07  9.21e+09       ***
    900       ***  2.23e+07  8.76e+09       ***
  1e+03       ***  2.26e+07   8.2e+09       ***
1.1e+03       ***  2.28e+07   7.6e+09       ***
1.2e+03       ***   2.3e+07  7.02e+09       ***
1.3e+03       ***  2.32e+07  6.46e+09       ***
1.4e+03       ***  2.33e+07  5.94e+09       ***
1.5e+03       ***  2.34e+07  5.46e+09       ***
1.6e+03       ***  2.35e+07  5.02e+09       ***
1.7e+03       ***  2.35e+07  4.63e+09       ***
1.8e+03       ***  2.35e+07  4.27e+09       ***
1.9e+03       ***  2.36e+07  3.94e+09       ***
  2e+03       ***  2.36e+07  3.65e+09       ***

Reactant = W2
   T(K)        W1        W2        P1        P2
    500    0.0287       ***       ***  1.39e+10
    600      1.23       ***       ***  1.45e+10
    700      17.6       ***       ***  1.39e+10
    800       128       ***       ***  1.28e+10
    900       598       ***       ***  1.15e+10
  1e+03  2.04e+03       ***       ***  1.03e+10
1.1e+03  5.57e+03       ***       ***  9.12e+09
1.2e+03  1.28e+04       ***       ***  8.08e+09
1.3e+03   2.6e+04       ***       ***  7.17e+09
1.4e+03  4.75e+04       ***       ***  6.36e+09
1.5e+03  8.01e+04       ***       ***  5.66e+09
1.6e+03  1.26e+05       ***       ***  5.06e+09
1.7e+03  1.89e+05       ***       ***  4.53e+09
1.8e+03   2.7e+05       ***       ***  4.06e+09
1.9e+03  3.72e+05       ***       ***  3.66e+09
  2e+03  4.95e+05       ***       ***  3.31e+09

Reactant = P1
   T(K)        W1        W2        P1        P2
    500  2.44e-10       ***       ***       ***
    600  2.52e-10       ***       ***       ***
    700  2.58e-10       ***       ***       ***
    800  2.64e-10       ***       ***       ***
    900  2.69e-10       ***       ***       ***
  1e+03  2.74e-10       ***       ***       ***
1.1e+03  2.78e-10       ***       ***       ***
1.2e+03  2.82e-10       ***       ***       ***
1.3e+03  2.86e-10       ***       ***       ***
1.4e+03   2.9e-10       ***       ***       ***
1.5e+03  2.93e-10       ***       ***       ***
1.6e+03  2.96e-10       ***       ***       ***
1.7e+03  2.99e-10       ***       ***       ***
1.8e+03  3.02e-10       ***       ***       ***
1.9e+03  3.05e-10       ***       ***       ***
  2e+03  3.07e-10       ***       ***       ***

Reactant = P2
   T(K)        W1        W2        P1        P2
    500       ***  2.39e-10       ***       ***
    600       ***  2.46e-10       ***       ***
    700       ***  2.53e-10       ***       ***
    800       ***  2.58e-10       ***       ***
    900       ***  2.63e-10       ***       ***
  1e+03       ***  2.68e-10       ***       ***
1.1e+03       ***  2.72e-10       ***       ***
1.2e+03       ***  2.76e-10       ***       ***
1.3e+03       ***   2.8e-10       ***       ***
1.4e+03       ***  2.84e-10       ***       ***
1.5e+03       ***  2.87e-10       ***       ***
1.6e+03       ***   2.9e-10       ***       ***
1.7e+03       ***  2.93e-10       ***       ***
1.8e+03       ***  2.96e-10       ***       ***
1.9e+03       ***  2.98e-10       ***       ***
  2e+03       ***  3.01e-10       ***       ***

Capture/Escape Rate Coefficients:

   T(K)        W1        W2        P1        P2
    500  8.23e+09  1.39e+10  2.44e-10  2.39e-10
    600  9.22e+09  1.45e+10  2.52e-10  2.46e-10
    700  9.45e+09  1.39e+10  2.58e-10  2.53e-10
    800  9.24e+09  1.28e+10  2.64e-10  2.58e-10
    900  8.78e+09  1.15e+10  2.69e-10  2.63e-10
  1e+03  8.22e+09  1.03e+10  2.74e-10  2.68e-10
1.1e+03  7.63e+09  9.12e+09  2.78e-10  2.72e-10
1.2e+03  7.04e+09  8.08e+09  2.82e-10  2.76e-10
1.3e+03  6.48e+09  7.17e+09  2.86e-10   2.8e-10
1.4e+03  5.96e+09  6.36e+09   2.9e-10  2.84e-10
1.5e+03  5.48e+09  5.66e+09  2.93e-10  2.87e-10
1.6e+03  5.05e+09  5.06e+09  2.96e-10   2.9e-10
1.7e+03  4.65e+09  4.53e+09  2.99e-10  2.93e-10
1.8e+03  4.29e+09  4.06e+09  3.02e-10  2.96e-10
1.9e+03  3.97e+09  3.66e+09  3.05e-10  2.98e-10
  2e+03  3.68e+09  3.31e+09  3.07e-10  3.01e-10

______________________________________________________________________________________

Pressure-Species Rate Tables:

Reactant = W1   Temperature = 500 K

   P(atm)        W2        P1        P2      Loss
      0.1       154  1.37e+09  4.42e+06  1.38e+09
        1       628  2.75e+09  7.73e+06  2.76e+09
       10  1.49e+05     5e+09  1.26e+07  5.01e+09
      100  8.17e+06  7.41e+09  9.82e+06  7.43e+09
      O-O  1.98e+07  8.21e+09       ***  8.23e+09

Reactant = W1   Temperature = 600 K

   P(atm)        W2        P1        P2      Loss
      0.1       219  1.79e+09  4.42e+06  1.79e+09
        1  1.03e+03  3.25e+09   7.6e+06  3.25e+09
       10  1.86e+05  5.44e+09  1.22e+07  5.45e+09
      100  7.94e+06   8.1e+09  1.03e+07  8.12e+09
      O-O  2.08e+07  9.19e+09       ***  9.22e+09

Reactant = W1   Temperature = 700 K

   P(atm)        W2        P1        P2      Loss
      0.1       214     2e+09  4.42e+06     2e+09
        1  1.65e+03  3.44e+09  7.51e+06  3.45e+09
       10  2.42e+05  5.48e+09  1.18e+07  5.49e+09
      100  7.79e+06  8.13e+09  1.04e+07  8.14e+09
      O-O  2.14e+07  9.43e+09       ***  9.45e+09

Reactant = W1   Temperature = 800 K

   P(atm)        W2        P1        P2      Loss
      0.1       238  2.11e+09  4.55e+06  2.11e+09
        1  3.46e+03  3.49e+09   7.6e+06  3.49e+09
       10  3.48e+05  5.35e+09  1.16e+07  5.36e+09
      100  7.97e+06  7.81e+09  1.02e+07  7.82e+09
      O-O  2.19e+07  9.21e+09       ***  9.24e+09

Reactant = W1   Temperature = 900 K

   P(atm)        W2        P1        P2      Loss
      0.1       279  2.03e+09  4.49e+06  2.04e+09
        1  7.36e+03   3.3e+09  7.47e+06  3.31e+09
       10  4.84e+05  4.99e+09  1.12e+07     5e+09
      100  8.16e+06  7.27e+09  9.85e+06  7.29e+09
      O-O  2.23e+07  8.76e+09       ***  8.78e+09

Reactant = W1   Temperature = 1e+03 K

   P(atm)        W2        P1        P2      Loss
      0.1       441  1.93e+09  4.48e+06  1.93e+09
        1  1.73e+04  3.09e+09   7.4e+06   3.1e+09
       10  7.07e+05   4.6e+09  1.08e+07  4.62e+09
      100  8.57e+06   6.7e+09  9.33e+06  6.71e+09
      O-O  2.26e+07   8.2e+09       ***  8.22e+09

Reactant = W1   Temperature = 1.1e+03 K

   P(atm)        W2        P1        P2      Loss
      0.1       782  1.83e+09  4.54e+06  1.83e+09
        1  3.67e+04  2.89e+09  7.43e+06   2.9e+09
       10  9.76e+05  4.25e+09  1.05e+07  4.26e+09
      100  8.98e+06  6.13e+09  8.88e+06  6.15e+09
      O-O  2.28e+07   7.6e+09       ***  7.63e+09

Reactant = W1   Temperature = 1.2e+03 K

   P(atm)        W2        P1        P2      Loss
      0.1  1.52e+03  1.74e+09  4.68e+06  1.75e+09
        1  6.88e+04  2.72e+09  7.55e+06  2.72e+09
       10  1.24e+06  3.93e+09  1.04e+07  3.94e+09
      100  9.32e+06  5.61e+09  8.57e+06  5.63e+09
      O-O   2.3e+07  7.02e+09       ***  7.04e+09

Reactant = W1   Temperature = 1.3e+03 K

   P(atm)        W2        P1        P2      Loss
      0.1  4.99e+03  1.58e+09   4.6e+06  1.59e+09
        1  1.55e+05  2.46e+09  7.33e+06  2.47e+09
       10  1.63e+06  3.56e+09  9.82e+06  3.57e+09
      100  9.69e+06   5.1e+09  8.08e+06  5.12e+09
      O-O  2.32e+07  6.46e+09       ***  6.48e+09

Reactant = W1   Temperature = 1.4e+03 K

   P(atm)        W2        P1        P2      Loss
      0.1  1.89e+04  1.47e+09  4.61e+06  1.47e+09
        1  3.38e+05  2.26e+09  7.16e+06  2.27e+09
       10  2.18e+06  3.26e+09  9.24e+06  3.27e+09
      100  1.03e+07  4.66e+09  7.45e+06  4.67e+09
      O-O  2.33e+07  5.94e+09       ***  5.96e+09

Reactant = W1   Temperature = 1.5e+03 K

   P(atm)        W2        P1        P2      Loss
      0.1  2.88e+04  1.38e+09  4.73e+06  1.38e+09
        1  4.33e+05  2.11e+09  7.21e+06  2.12e+09
       10  2.43e+06  3.01e+09  9.12e+06  3.02e+09
      100  1.05e+07  4.26e+09  7.28e+06  4.28e+09
      O-O  2.34e+07  5.46e+09       ***  5.48e+09

Reactant = W1   Temperature = 1.6e+03 K

   P(atm)        W2        P1        P2      Loss
      0.1  7.04e+04  1.26e+09  4.64e+06  1.26e+09
        1  6.78e+05  1.93e+09  6.88e+06  1.93e+09
       10  2.91e+06  2.74e+09  8.52e+06  2.76e+09
      100  1.09e+07   3.9e+09   6.8e+06  3.91e+09
      O-O  2.35e+07  5.02e+09       ***  5.05e+09

Reactant = W1   Temperature = 1.7e+03 K

   P(atm)        W2        P1        P2      Loss
      0.1  1.49e+05  1.19e+09  4.68e+06   1.2e+09
        1  9.77e+05  1.81e+09  6.72e+06  1.81e+09
       10  3.42e+06  2.55e+09  8.13e+06  2.57e+09
      100  1.14e+07   3.6e+09  6.41e+06  3.62e+09
      O-O  2.35e+07  4.63e+09       ***  4.65e+09

Reactant = W1   Temperature = 1.8e+03 K

   P(atm)        W2        P1        P2      Loss
      0.1  2.09e+05  1.09e+09   4.6e+06   1.1e+09
        1  1.19e+06  1.65e+09  6.46e+06  1.66e+09
       10  3.78e+06  2.33e+09  7.71e+06  2.35e+09
      100  1.17e+07  3.29e+09  6.03e+06  3.31e+09
      O-O  2.35e+07  4.27e+09       ***  4.29e+09

Reactant = W1   Temperature = 1.9e+03 K

   P(atm)        W2        P1        P2      Loss
      0.1   2.7e+05  1.01e+09  4.55e+06  1.02e+09
        1  1.35e+06  1.53e+09  6.31e+06  1.54e+09
       10  4.01e+06  2.15e+09  7.46e+06  2.17e+09
      100  1.18e+07  3.03e+09  5.83e+06  3.05e+09
      O-O  2.36e+07  3.94e+09       ***  3.97e+09

Reactant = W1   Temperature = 2e+03 K

   P(atm)        W2        P1        P2      Loss
      0.1  4.01e+05  9.38e+08  4.41e+06  9.43e+08
        1  1.65e+06  1.41e+09  5.98e+06  1.42e+09
       10  4.44e+06  1.99e+09  6.99e+06     2e+09
      100  1.22e+07   2.8e+09  5.46e+06  2.82e+09
      O-O  2.36e+07  3.65e+09       ***  3.68e+09

Reactant = W2   Temperature = 500 K

   P(atm)        W1        P1        P2      Loss
      0.1  5.39e-10  6.56e-11  2.23e+09  2.23e+09
        1  1.28e-07  1.64e-08  4.44e+09  4.44e+09
       10  0.000213  5.02e-05  7.85e+09  7.85e+09
      100    0.0118   0.00103  1.21e+10  1.21e+10
      O-O    0.0287       ***  1.39e+10  1.39e+10

Reactant = W2   Temperature = 600 K

   P(atm)        W1        P1        P2      Loss
      0.1  1.61e-07  1.76e-08  2.85e+09  2.85e+09
        1  2.12e-05  1.84e-06  5.12e+09  5.12e+09
       10    0.0109   0.00239  8.28e+09  8.28e+09
      100     0.469    0.0544  1.24e+10  1.24e+10
      O-O      1.23       ***  1.45e+10  1.45e+10

Reactant = W2   Temperature = 700 K

   P(atm)        W1        P1        P2      Loss
      0.1  8.48e-06  7.84e-07  2.91e+09  2.91e+09
        1  0.000854  5.51e-05     5e+09     5e+09
       10     0.198    0.0385  7.83e+09  7.83e+09
      100      6.41     0.886  1.16e+10  1.16e+10
      O-O      17.6       ***  1.39e+10  1.39e+10

Reactant = W2   Temperature = 800 K

   P(atm)        W1        P1        P2      Loss
      0.1  0.000196  1.47e-05   2.9e+09   2.9e+09
        1    0.0169  0.000828  4.81e+09  4.81e+09
       10      2.04      0.34  7.27e+09  7.27e+09
      100      46.8      7.03  1.06e+10  1.06e+10
      O-O       128       ***  1.28e+10  1.28e+10

Reactant = W2   Temperature = 900 K

   P(atm)        W1        P1        P2      Loss
      0.1   0.00241  0.000153   2.7e+09   2.7e+09
        1     0.184   0.00744  4.38e+09  4.38e+09
       10        13      1.98  6.51e+09  6.51e+09
      100       219      36.3  9.39e+09  9.39e+09
      O-O       598       ***  1.15e+10  1.15e+10

Reactant = W2   Temperature = 1e+03 K

   P(atm)        W1        P1        P2      Loss
      0.1    0.0224   0.00115  2.53e+09  2.53e+09
        1      1.52    0.0504  4.01e+09  4.01e+09
       10        64      8.85  5.86e+09  5.86e+09
      100       777       136  8.32e+09  8.32e+09
      O-O  2.04e+03       ***  1.03e+10  1.03e+10

Reactant = W2   Temperature = 1.1e+03 K

   P(atm)        W1        P1        P2      Loss
      0.1     0.148   0.00559   2.3e+09   2.3e+09
        1      8.86     0.232   3.6e+09   3.6e+09
       10       238      29.8   5.2e+09   5.2e+09
      100   2.2e+03       395  7.32e+09  7.32e+09
      O-O  5.57e+03       ***  9.12e+09  9.12e+09

Reactant = W2   Temperature = 1.2e+03 K

   P(atm)        W1        P1        P2      Loss
      0.1     0.772    0.0158  2.05e+09  2.05e+09
        1      38.2     0.724  3.18e+09  3.18e+09
       10       694      77.5  4.57e+09  4.57e+09
      100   5.2e+03       925  6.43e+09  6.43e+09
      O-O  1.28e+04       ***  8.08e+09  8.08e+09

Reactant = W2   Temperature = 1.3e+03 K

   P(atm)        W1        P1        P2      Loss
      0.1      5.43    0.0251  1.83e+09  1.83e+09
        1       173       2.3  2.83e+09  2.83e+09
       10  1.82e+03       195  4.03e+09  4.03e+09
      100  1.09e+04  2.03e+03  5.67e+09  5.67e+09
      O-O   2.6e+04       ***  7.17e+09  7.17e+09

Reactant = W2   Temperature = 1.4e+03 K

   P(atm)        W1        P1        P2      Loss
      0.1        38    -0.103  1.69e+09  1.69e+09
        1       689      7.32  2.57e+09  2.57e+09
       10  4.45e+03       458  3.62e+09  3.62e+09
      100   2.1e+04  3.96e+03  5.03e+09  5.03e+09
      O-O  4.75e+04       ***  6.36e+09  6.36e+09

Reactant = W2   Temperature = 1.5e+03 K

   P(atm)        W1        P1        P2      Loss
      0.1      98.1    -0.429  1.48e+09  1.48e+09
        1  1.48e+03      14.2  2.26e+09  2.26e+09
       10  8.32e+03       813  3.19e+09  3.19e+09
      100   3.6e+04  6.63e+03  4.45e+09  4.45e+09
      O-O  8.01e+04       ***  5.66e+09  5.66e+09

Reactant = W2   Temperature = 1.6e+03 K

   P(atm)        W1        P1        P2      Loss
      0.1       378     -1.81  1.35e+09  1.35e+09
        1  3.65e+03      37.3  2.03e+09  2.03e+09
       10  1.57e+04  1.57e+03  2.86e+09  2.86e+09
      100  5.88e+04  1.12e+04  3.97e+09  3.97e+09
      O-O  1.26e+05       ***  5.06e+09  5.06e+09

Reactant = W2   Temperature = 1.7e+03 K

   P(atm)        W1        P1        P2      Loss
      0.1   1.2e+03     -3.69  1.24e+09  1.24e+09
        1  7.86e+03      85.7  1.86e+09  1.86e+09
       10  2.75e+04  2.72e+03   2.6e+09   2.6e+09
      100  9.15e+04  1.72e+04  3.58e+09  3.58e+09
      O-O  1.89e+05       ***  4.53e+09  4.53e+09

Reactant = W2   Temperature = 1.8e+03 K

   P(atm)        W1        P1        P2      Loss
      0.1   2.4e+03     -6.17  1.12e+09  1.12e+09
        1  1.36e+04       175  1.67e+09  1.67e+09
       10  4.34e+04  4.51e+03  2.32e+09  2.32e+09
      100  1.34e+05  2.53e+04  3.19e+09  3.19e+09
      O-O   2.7e+05       ***  4.06e+09  4.06e+09

Reactant = W2   Temperature = 1.9e+03 K

   P(atm)        W1        P1        P2      Loss
      0.1  4.26e+03     -6.24     1e+09     1e+09
        1  2.13e+04       295  1.49e+09  1.49e+09
       10  6.34e+04  6.71e+03  2.08e+09  2.08e+09
      100  1.87e+05  3.55e+04  2.87e+09  2.87e+09
      O-O  3.72e+05       ***  3.66e+09  3.66e+09

Reactant = W2   Temperature = 2e+03 K

   P(atm)        W1        P1        P2      Loss
      0.1  8.44e+03      13.1   9.2e+08   9.2e+08
        1  3.47e+04       585  1.36e+09  1.36e+09
       10  9.34e+04  1.04e+04  1.89e+09  1.89e+09
      100  2.56e+05  4.91e+04  2.59e+09  2.59e+09
      O-O  4.95e+05       ***  3.31e+09  3.31e+09

Reactant = P1   Temperature = 500 K

   P(atm)        W1        W2        P2      Loss
      0.1  4.08e-11  7.08e-18  4.54e-13  4.12e-11
        1  8.18e-11  2.57e-17  3.56e-13  8.22e-11
       10  1.48e-10   1.1e-15  2.06e-13  1.49e-10
      100   2.2e-10  2.12e-14  3.02e-14   2.2e-10
      O-O  2.44e-10       ***       ***  2.44e-10

Reactant = P1   Temperature = 600 K

   P(atm)        W1        W2        P2      Loss
      0.1  4.87e-11  9.51e-18  4.43e-13  4.92e-11
        1  8.87e-11  3.14e-17  3.56e-13  8.91e-11
       10  1.49e-10  1.19e-15  2.25e-13  1.49e-10
      100  2.22e-10  2.52e-14   4.1e-14  2.22e-10
      O-O  2.52e-10       ***       ***  2.52e-10

Reactant = P1   Temperature = 700 K

   P(atm)        W1        W2        P2      Loss
      0.1  5.45e-11   1.2e-17  4.58e-13   5.5e-11
        1  9.41e-11   3.8e-17  3.73e-13  9.44e-11
       10   1.5e-10  1.37e-15  2.49e-13   1.5e-10
      100  2.22e-10  2.96e-14  5.24e-14  2.23e-10
      O-O  2.58e-10       ***       ***  2.58e-10

Reactant = P1   Temperature = 800 K

   P(atm)        W1        W2        P2      Loss
      0.1  6.01e-11  1.54e-17  4.86e-13  6.06e-11
        1  9.98e-11  4.84e-17  3.98e-13     1e-10
       10  1.53e-10  1.76e-15  2.72e-13  1.53e-10
      100  2.24e-10  3.44e-14   6.2e-14  2.24e-10
      O-O  2.64e-10       ***       ***  2.64e-10

Reactant = P1   Temperature = 900 K

   P(atm)        W1        W2        P2      Loss
      0.1  6.22e-11  1.78e-17  5.31e-13  6.27e-11
        1  1.01e-10  5.83e-17  4.39e-13  1.02e-10
       10  1.53e-10  2.37e-15  3.07e-13  1.53e-10
      100  2.23e-10  4.16e-14  7.48e-14  2.24e-10
      O-O  2.69e-10       ***       ***  2.69e-10

Reactant = P1   Temperature = 1e+03 K

   P(atm)        W1        W2        P2      Loss
      0.1  6.42e-11  2.08e-17  5.85e-13  6.48e-11
        1  1.03e-10  7.55e-17  4.86e-13  1.04e-10
       10  1.54e-10  3.38e-15  3.45e-13  1.54e-10
      100  2.24e-10  5.04e-14  8.67e-14  2.24e-10
      O-O  2.74e-10       ***       ***  2.74e-10

Reactant = P1   Temperature = 1.1e+03 K

   P(atm)        W1        W2        P2      Loss
      0.1  6.66e-11  2.53e-17  6.43e-13  6.73e-11
        1  1.06e-10  1.02e-16  5.36e-13  1.06e-10
       10  1.55e-10  4.59e-15  3.84e-13  1.56e-10
      100  2.24e-10  5.92e-14  9.78e-14  2.25e-10
      O-O  2.78e-10       ***       ***  2.78e-10

Reactant = P1   Temperature = 1.2e+03 K

   P(atm)        W1        W2        P2      Loss
      0.1  6.98e-11  3.26e-17  7.05e-13  7.05e-11
        1  1.09e-10  1.35e-16  5.86e-13   1.1e-10
       10  1.58e-10  5.74e-15  4.19e-13  1.59e-10
      100  2.26e-10  6.68e-14  1.08e-13  2.26e-10
      O-O  2.82e-10       ***       ***  2.82e-10

Reactant = P1   Temperature = 1.3e+03 K

   P(atm)        W1        W2        P2      Loss
      0.1  6.99e-11  4.28e-17  7.85e-13  7.07e-11
        1  1.09e-10  1.87e-16  6.57e-13   1.1e-10
       10  1.58e-10  7.85e-15  4.75e-13  1.58e-10
      100  2.26e-10  8.02e-14  1.23e-13  2.26e-10
      O-O  2.86e-10       ***       ***  2.86e-10

Reactant = P1   Temperature = 1.4e+03 K

   P(atm)        W1        W2        P2      Loss
      0.1  7.12e-11  6.92e-17  8.66e-13  7.21e-11
        1   1.1e-10  2.95e-16  7.26e-13  1.11e-10
       10  1.59e-10  1.11e-14  5.25e-13   1.6e-10
      100  2.27e-10  9.49e-14  1.34e-13  2.27e-10
      O-O   2.9e-10       ***       ***   2.9e-10

Reactant = P1   Temperature = 1.5e+03 K

   P(atm)        W1        W2        P2      Loss
      0.1  7.38e-11  9.32e-17  9.45e-13  7.47e-11
        1  1.13e-10  3.68e-16   7.9e-13  1.14e-10
       10  1.62e-10  1.29e-14  5.68e-13  1.62e-10
      100  2.29e-10  1.04e-13  1.44e-13  2.29e-10
      O-O  2.93e-10       ***       ***  2.93e-10

Reactant = P1   Temperature = 1.6e+03 K

   P(atm)        W1        W2        P2      Loss
      0.1   7.4e-11  1.44e-16  1.04e-12   7.5e-11
        1  1.14e-10  5.77e-16  8.76e-13  1.14e-10
       10  1.62e-10  1.74e-14  6.32e-13  1.62e-10
      100   2.3e-10  1.22e-13  1.58e-13   2.3e-10
      O-O  2.96e-10       ***       ***  2.96e-10

Reactant = P1   Temperature = 1.7e+03 K

   P(atm)        W1        W2        P2      Loss
      0.1  7.69e-11  1.93e-16  1.14e-12   7.8e-11
        1  1.17e-10  8.57e-16  9.55e-13  1.18e-10
       10  1.65e-10  2.21e-14  6.86e-13  1.66e-10
      100  2.33e-10  1.38e-13  1.68e-13  2.33e-10
      O-O  2.99e-10       ***       ***  2.99e-10

Reactant = P1   Temperature = 1.8e+03 K

   P(atm)        W1        W2        P2      Loss
      0.1  7.69e-11  3.17e-16  1.24e-12  7.81e-11
        1  1.17e-10  1.31e-15  1.04e-12  1.18e-10
       10  1.65e-10   2.8e-14  7.43e-13  1.66e-10
      100  2.33e-10  1.56e-13  1.78e-13  2.33e-10
      O-O  3.02e-10       ***       ***  3.02e-10

Reactant = P1   Temperature = 1.9e+03 K

   P(atm)        W1        W2        P2      Loss
      0.1  7.79e-11   4.1e-16  1.35e-12  7.93e-11
        1  1.18e-10   1.7e-15  1.13e-12  1.19e-10
       10  1.66e-10  3.31e-14  8.08e-13  1.67e-10
      100  2.34e-10  1.74e-13  1.91e-13  2.35e-10
      O-O  3.05e-10       ***       ***  3.05e-10

Reactant = P1   Temperature = 2e+03 K

   P(atm)        W1        W2        P2      Loss
      0.1  7.87e-11  6.34e-16  1.47e-12  8.01e-11
        1  1.19e-10  2.63e-15  1.23e-12   1.2e-10
       10  1.68e-10   4.2e-14  8.75e-13  1.68e-10
      100  2.36e-10  1.97e-13  2.02e-13  2.36e-10
      O-O  3.07e-10       ***       ***  3.07e-10

Reactant = P2   Temperature = 500 K

   P(atm)        W1        W2        P1      Loss
      0.1  1.09e-22  3.82e-11  3.79e-22  3.82e-11
        1  1.92e-22   7.6e-11  2.96e-22   7.6e-11
       10  3.12e-22  1.34e-10  1.72e-22  1.34e-10
      100  2.43e-22  2.07e-10  2.52e-23  2.07e-10
      O-O       ***  2.39e-10       ***  2.39e-10

Reactant = P2   Temperature = 600 K

   P(atm)        W1        W2        P1      Loss
      0.1  4.43e-21  4.84e-11  1.63e-20  4.84e-11
        1  7.65e-21   8.7e-11  1.31e-20   8.7e-11
       10  1.22e-20  1.41e-10  8.29e-21  1.41e-10
      100  1.03e-20  2.11e-10  1.51e-21  2.11e-10
      O-O       ***  2.46e-10       ***  2.46e-10

Reactant = P2   Temperature = 700 K

   P(atm)        W1        W2        P1      Loss
      0.1  6.61e-20  5.29e-11  2.51e-19  5.29e-11
        1  1.13e-19  9.11e-11  2.04e-19  9.11e-11
       10  1.77e-19  1.43e-10  1.36e-19  1.43e-10
      100  1.56e-19  2.12e-10  2.86e-20  2.12e-10
      O-O       ***  2.53e-10       ***  2.53e-10

Reactant = P2   Temperature = 800 K

   P(atm)        W1        W2        P1      Loss
      0.1  5.38e-19  5.85e-11  2.01e-18  5.85e-11
        1  9.02e-19  9.71e-11  1.65e-18  9.71e-11
       10  1.38e-18  1.47e-10  1.13e-18  1.47e-10
      100  1.21e-18  2.14e-10  2.57e-19  2.14e-10
      O-O       ***  2.58e-10       ***  2.58e-10

Reactant = P2   Temperature = 900 K

   P(atm)        W1        W2        P1      Loss
      0.1  2.75e-18  6.15e-11  1.06e-17  6.15e-11
        1  4.59e-18     1e-10  8.79e-18     1e-10
       10   6.9e-18  1.49e-10  6.15e-18  1.49e-10
      100  6.06e-18  2.15e-10   1.5e-18  2.15e-10
      O-O       ***  2.63e-10       ***  2.63e-10

Reactant = P2   Temperature = 1e+03 K

   P(atm)        W1        W2        P1      Loss
      0.1  1.06e-17  6.56e-11  4.14e-17  6.56e-11
        1  1.75e-17  1.05e-10  3.44e-17  1.05e-10
       10  2.56e-17  1.53e-10  2.44e-17  1.53e-10
      100  2.21e-17  2.17e-10  6.13e-18  2.17e-10
      O-O       ***  2.68e-10       ***  2.68e-10

Reactant = P2   Temperature = 1.1e+03 K

   P(atm)        W1        W2        P1      Loss
      0.1   3.3e-17  6.84e-11  1.28e-16  6.84e-11
        1  5.42e-17  1.08e-10  1.07e-16  1.08e-10
       10   7.7e-17  1.55e-10  7.65e-17  1.55e-10
      100  6.48e-17  2.19e-10  1.95e-17  2.19e-10
      O-O       ***  2.72e-10       ***  2.72e-10

Reactant = P2   Temperature = 1.2e+03 K

   P(atm)        W1        W2        P1      Loss
      0.1   8.9e-17  6.96e-11  3.34e-16  6.96e-11
        1  1.44e-16  1.09e-10  2.78e-16  1.09e-10
       10  1.98e-16  1.56e-10  1.99e-16  1.56e-10
      100  1.64e-16   2.2e-10   5.1e-17   2.2e-10
      O-O       ***  2.76e-10       ***  2.76e-10

Reactant = P2   Temperature = 1.3e+03 K

   P(atm)        W1        W2        P1      Loss
      0.1  2.01e-16  7.12e-11  7.77e-16  7.12e-11
        1  3.21e-16   1.1e-10   6.5e-16   1.1e-10
       10   4.3e-16  1.58e-10  4.69e-16  1.58e-10
      100  3.54e-16  2.22e-10  1.22e-16  2.22e-10
      O-O       ***   2.8e-10       ***   2.8e-10

Reactant = P2   Temperature = 1.4e+03 K

   P(atm)        W1        W2        P1      Loss
      0.1  4.17e-16  7.47e-11  1.61e-15  7.47e-11
        1   6.5e-16  1.14e-10  1.35e-15  1.14e-10
       10  8.39e-16  1.61e-10  9.77e-16  1.61e-10
      100  6.78e-16  2.24e-10  2.49e-16  2.24e-10
      O-O       ***  2.84e-10       ***  2.84e-10

Reactant = P2   Temperature = 1.5e+03 K

   P(atm)        W1        W2        P1      Loss
      0.1  8.18e-16  7.48e-11  3.05e-15  7.49e-11
        1  1.25e-15  1.14e-10  2.55e-15  1.14e-10
       10  1.58e-15  1.62e-10  1.84e-15  1.62e-10
      100  1.26e-15  2.26e-10  4.65e-16  2.26e-10
      O-O       ***  2.87e-10       ***  2.87e-10

Reactant = P2   Temperature = 1.6e+03 K

   P(atm)        W1        W2        P1      Loss
      0.1  1.43e-15  7.68e-11  5.47e-15  7.68e-11
        1  2.12e-15  1.17e-10  4.59e-15  1.17e-10
       10  2.63e-15  1.64e-10  3.31e-15  1.64e-10
      100   2.1e-15  2.28e-10   8.3e-16  2.28e-10
      O-O       ***   2.9e-10       ***   2.9e-10

Reactant = P2   Temperature = 1.7e+03 K

   P(atm)        W1        W2        P1      Loss
      0.1  2.43e-15  8.02e-11  9.18e-15  8.02e-11
        1  3.49e-15   1.2e-10  7.69e-15   1.2e-10
       10  4.23e-15  1.68e-10  5.52e-15  1.68e-10
      100  3.34e-15  2.31e-10  1.35e-15  2.31e-10
      O-O       ***  2.93e-10       ***  2.93e-10

Reactant = P2   Temperature = 1.8e+03 K

   P(atm)        W1        W2        P1      Loss
      0.1  3.83e-15  8.09e-11  1.47e-14  8.09e-11
        1   5.4e-15  1.21e-10  1.23e-14  1.21e-10
       10  6.44e-15  1.69e-10  8.77e-15  1.69e-10
      100  5.04e-15  2.32e-10   2.1e-15  2.32e-10
      O-O       ***  2.96e-10       ***  2.96e-10

Reactant = P2   Temperature = 1.9e+03 K

   P(atm)        W1        W2        P1      Loss
      0.1  5.84e-15  8.13e-11  2.25e-14  8.14e-11
        1  8.12e-15  1.22e-10  1.89e-14  1.22e-10
       10   9.6e-15   1.7e-10  1.35e-14   1.7e-10
      100  7.51e-15  2.34e-10  3.19e-15  2.34e-10
      O-O       ***  2.98e-10       ***  2.98e-10

Reactant = P2   Temperature = 2e+03 K

   P(atm)        W1        W2        P1      Loss
      0.1  8.43e-15  8.34e-11  3.35e-14  8.35e-11
        1  1.15e-14  1.24e-10   2.8e-14  1.24e-10
       10  1.34e-14  1.72e-10  1.99e-14  1.72e-10
      100  1.04e-14  2.36e-10   4.6e-15  2.36e-10
      O-O       ***  3.01e-10       ***  3.01e-10

______________________________________________________________________________________

Temperature-Species Rate Tables:

Reactant = W1   Pressure = 0.1 atm

   T(K)        W2        P1        P2      Loss   Capture
    500       154  1.37e+09  4.42e+06  1.38e+09  8.23e+09
    600       219  1.79e+09  4.42e+06  1.79e+09  9.22e+09
    700       214     2e+09  4.42e+06     2e+09  9.45e+09
    800       238  2.11e+09  4.55e+06  2.11e+09  9.24e+09
    900       279  2.03e+09  4.49e+06  2.04e+09  8.78e+09
  1e+03       441  1.93e+09  4.48e+06  1.93e+09  8.22e+09
1.1e+03       782  1.83e+09  4.54e+06  1.83e+09  7.63e+09
1.2e+03  1.52e+03  1.74e+09  4.68e+06  1.75e+09  7.04e+09
1.3e+03  4.99e+03  1.58e+09   4.6e+06  1.59e+09  6.48e+09
1.4e+03  1.89e+04  1.47e+09  4.61e+06  1.47e+09  5.96e+09
1.5e+03  2.88e+04  1.38e+09  4.73e+06  1.38e+09  5.48e+09
1.6e+03  7.04e+04  1.26e+09  4.64e+06  1.26e+09  5.05e+09
1.7e+03  1.49e+05  1.19e+09  4.68e+06   1.2e+09  4.65e+09
1.8e+03  2.09e+05  1.09e+09   4.6e+06   1.1e+09  4.29e+09
1.9e+03   2.7e+05  1.01e+09  4.55e+06  1.02e+09  3.97e+09
  2e+03  4.01e+05  9.38e+08  4.41e+06  9.43e+08  3.68e+09

Reactant = W1   Pressure = 1 atm

   T(K)        W2        P1        P2      Loss   Capture
    500       628  2.75e+09  7.73e+06  2.76e+09  8.23e+09
    600  1.03e+03  3.25e+09   7.6e+06  3.25e+09  9.22e+09
    700  1.65e+03  3.44e+09  7.51e+06  3.45e+09  9.45e+09
    800  3.46e+03  3.49e+09   7.6e+06  3.49e+09  9.24e+09
    900  7.36e+03   3.3e+09  7.47e+06  3.31e+09  8.78e+09
  1e+03  1.73e+04  3.09e+09   7.4e+06   3.1e+09  8.22e+09
1.1e+03  3.67e+04  2.89e+09  7.43e+06   2.9e+09  7.63e+09
1.2e+03  6.88e+04  2.72e+09  7.55e+06  2.72e+09  7.04e+09
1.3e+03  1.55e+05  2.46e+09  7.33e+06  2.47e+09  6.48e+09
1.4e+03  3.38e+05  2.26e+09  7.16e+06  2.27e+09  5.96e+09
1.5e+03  4.33e+05  2.11e+09  7.21e+06  2.12e+09  5.48e+09
1.6e+03  6.78e+05  1.93e+09  6.88e+06  1.93e+09  5.05e+09
1.7e+03  9.77e+05  1.81e+09  6.72e+06  1.81e+09  4.65e+09
1.8e+03  1.19e+06  1.65e+09  6.46e+06  1.66e+09  4.29e+09
1.9e+03  1.35e+06  1.53e+09  6.31e+06  1.54e+09  3.97e+09
  2e+03  1.65e+06  1.41e+09  5.98e+06  1.42e+09  3.68e+09

Reactant = W1   Pressure = 10 atm

   T(K)        W2        P1        P2      Loss   Capture
    500  1.49e+05     5e+09  1.26e+07  5.01e+09  8.23e+09
    600  1.86e+05  5.44e+09  1.22e+07  5.45e+09  9.22e+09
    700  2.42e+05  5.48e+09  1.18e+07  5.49e+09  9.45e+09
    800  3.48e+05  5.35e+09  1.16e+07  5.36e+09  9.24e+09
    900  4.84e+05  4.99e+09  1.12e+07     5e+09  8.78e+09
  1e+03  7.07e+05   4.6e+09  1.08e+07  4.62e+09  8.22e+09
1.1e+03  9.76e+05  4.25e+09  1.05e+07  4.26e+09  7.63e+09
1.2e+03  1.24e+06  3.93e+09  1.04e+07  3.94e+09  7.04e+09
1.3e+03  1.63e+06  3.56e+09  9.82e+06  3.57e+09  6.48e+09
1.4e+03  2.18e+06  3.26e+09  9.24e+06  3.27e+09  5.96e+09
1.5e+03  2.43e+06  3.01e+09  9.12e+06  3.02e+09  5.48e+09
1.6e+03  2.91e+06  2.74e+09  8.52e+06  2.76e+09  5.05e+09
1.7e+03  3.42e+06  2.55e+09  8.13e+06  2.57e+09  4.65e+09
1.8e+03  3.78e+06  2.33e+09  7.71e+06  2.35e+09  4.29e+09
1.9e+03  4.01e+06  2.15e+09  7.46e+06  2.17e+09  3.97e+09
  2e+03  4.44e+06  1.99e+09  6.99e+06     2e+09  3.68e+09

Reactant = W1   Pressure = 100 atm

   T(K)        W2        P1        P2      Loss   Capture
    500  8.17e+06  7.41e+09  9.82e+06  7.43e+09  8.23e+09
    600  7.94e+06   8.1e+09  1.03e+07  8.12e+09  9.22e+09
    700  7.79e+06  8.13e+09  1.04e+07  8.14e+09  9.45e+09
    800  7.97e+06  7.81e+09  1.02e+07  7.82e+09  9.24e+09
    900  8.16e+06  7.27e+09  9.85e+06  7.29e+09  8.78e+09
  1e+03  8.57e+06   6.7e+09  9.33e+06  6.71e+09  8.22e+09
1.1e+03  8.98e+06  6.13e+09  8.88e+06  6.15e+09  7.63e+09
1.2e+03  9.32e+06  5.61e+09  8.57e+06  5.63e+09  7.04e+09
1.3e+03  9.69e+06   5.1e+09  8.08e+06  5.12e+09  6.48e+09
1.4e+03  1.03e+07  4.66e+09  7.45e+06  4.67e+09  5.96e+09
1.5e+03  1.05e+07  4.26e+09  7.28e+06  4.28e+09  5.48e+09
1.6e+03  1.09e+07   3.9e+09   6.8e+06  3.91e+09  5.05e+09
1.7e+03  1.14e+07   3.6e+09  6.41e+06  3.62e+09  4.65e+09
1.8e+03  1.17e+07  3.29e+09  6.03e+06  3.31e+09  4.29e+09
1.9e+03  1.18e+07  3.03e+09  5.83e+06  3.05e+09  3.97e+09
  2e+03  1.22e+07   2.8e+09  5.46e+06  2.82e+09  3.68e+09

Reactant = W2   Pressure = 0.1 atm

   T(K)        W1        P1        P2      Loss   Capture
    500  5.39e-10  6.56e-11  2.23e+09  2.23e+09  1.39e+10
    600  1.61e-07  1.76e-08  2.85e+09  2.85e+09  1.45e+10
    700  8.48e-06  7.84e-07  2.91e+09  2.91e+09  1.39e+10
    800  0.000196  1.47e-05   2.9e+09   2.9e+09  1.28e+10
    900   0.00241  0.000153   2.7e+09   2.7e+09  1.15e+10
  1e+03    0.0224   0.00115  2.53e+09  2.53e+09  1.03e+10
1.1e+03     0.148   0.00559   2.3e+09   2.3e+09  9.12e+09
1.2e+03     0.772    0.0158  2.05e+09  2.05e+09  8.08e+09
1.3e+03      5.43    0.0251  1.83e+09  1.83e+09  7.17e+09
1.4e+03        38    -0.103  1.69e+09  1.69e+09  6.36e+09
1.5e+03      98.1    -0.429  1.48e+09  1.48e+09  5.66e+09
1.6e+03       378     -1.81  1.35e+09  1.35e+09  5.06e+09
1.7e+03   1.2e+03     -3.69  1.24e+09  1.24e+09  4.53e+09
1.8e+03   2.4e+03     -6.17  1.12e+09  1.12e+09  4.06e+09
1.9e+03  4.26e+03     -6.24     1e+09     1e+09  3.66e+09
  2e+03  8.44e+03      13.1   9.2e+08   9.2e+08  3.31e+09

Reactant = W2   Pressure = 1 atm

   T(K)        W1        P1        P2      Loss   Capture
    500  1.28e-07  1.64e-08  4.44e+09  4.44e+09  1.39e+10
    600  2.12e-05  1.84e-06  5.12e+09  5.12e+09  1.45e+10
    700  0.000854  5.51e-05     5e+09     5e+09  1.39e+10
    800    0.0169  0.000828  4.81e+09  4.81e+09  1.28e+10
    900     0.184   0.00744  4.38e+09  4.38e+09  1.15e+10
  1e+03      1.52    0.0504  4.01e+09  4.01e+09  1.03e+10
1.1e+03      8.86     0.232   3.6e+09   3.6e+09  9.12e+09
1.2e+03      38.2     0.724  3.18e+09  3.18e+09  8.08e+09
1.3e+03       173       2.3  2.83e+09  2.83e+09  7.17e+09
1.4e+03       689      7.32  2.57e+09  2.57e+09  6.36e+09
1.5e+03  1.48e+03      14.2  2.26e+09  2.26e+09  5.66e+09
1.6e+03  3.65e+03      37.3  2.03e+09  2.03e+09  5.06e+09
1.7e+03  7.86e+03      85.7  1.86e+09  1.86e+09  4.53e+09
1.8e+03  1.36e+04       175  1.67e+09  1.67e+09  4.06e+09
1.9e+03  2.13e+04       295  1.49e+09  1.49e+09  3.66e+09
  2e+03  3.47e+04       585  1.36e+09  1.36e+09  3.31e+09

Reactant = W2   Pressure = 10 atm

   T(K)        W1        P1        P2      Loss   Capture
    500  0.000213  5.02e-05  7.85e+09  7.85e+09  1.39e+10
    600    0.0109   0.00239  8.28e+09  8.28e+09  1.45e+10
    700     0.198    0.0385  7.83e+09  7.83e+09  1.39e+10
    800      2.04      0.34  7.27e+09  7.27e+09  1.28e+10
    900        13      1.98  6.51e+09  6.51e+09  1.15e+10
  1e+03        64      8.85  5.86e+09  5.86e+09  1.03e+10
1.1e+03       238      29.8   5.2e+09   5.2e+09  9.12e+09
1.2e+03       694      77.5  4.57e+09  4.57e+09  8.08e+09
1.3e+03  1.82e+03       195  4.03e+09  4.03e+09  7.17e+09
1.4e+03  4.45e+03       458  3.62e+09  3.62e+09  6.36e+09
1.5e+03  8.32e+03       813  3.19e+09  3.19e+09  5.66e+09
1.6e+03  1.57e+04  1.57e+03  2.86e+09  2.86e+09  5.06e+09
1.7e+03  2.75e+04  2.72e+03   2.6e+09   2.6e+09  4.53e+09
1.8e+03  4.34e+04  4.51e+03  2.32e+09  2.32e+09  4.06e+09
1.9e+03  6.34e+04  6.71e+03  2.08e+09  2.08e+09  3.66e+09
  2e+03  9.34e+04  1.04e+04  1.89e+09  1.89e+09  3.31e+09

Reactant = W2   Pressure = 100 atm

   T(K)        W1        P1        P2      Loss   Capture
    500    0.0118   0.00103  1.21e+10  1.21e+10  1.39e+10
    600     0.469    0.0544  1.24e+10  1.24e+10  1.45e+10
    700      6.41     0.886  1.16e+10  1.16e+10  1.39e+10
    800      46.8      7.03  1.06e+10  1.06e+10  1.28e+10
    900       219      36.3  9.39e+09  9.39e+09  1.15e+10
  1e+03       777       136  8.32e+09  8.32e+09  1.03e+10
1.1e+03   2.2e+03       395  7.32e+09  7.32e+09  9.12e+09
1.2e+03   5.2e+03       925  6.43e+09  6.43e+09  8.08e+09
1.3e+03  1.09e+04  2.03e+03  5.67e+09  5.67e+09  7.17e+09
1.4e+03   2.1e+04  3.96e+03  5.03e+09  5.03e+09  6.36e+09
1.5e+03   3.6e+04  6.63e+03  4.45e+09  4.45e+09  5.66e+09
1.6e+03  5.88e+04  1.12e+04  3.97e+09  3.97e+09  5.06e+09
1.7e+03  9.15e+04  1.72e+04  3.58e+09  3.58e+09  4.53e+09
1.8e+03  1.34e+05  2.53e+04  3.19e+09  3.19e+09  4.06e+09
1.9e+03  1.87e+05  3.55e+04  2.87e+09  2.87e+09  3.66e+09
  2e+03  2.56e+05  4.91e+04  2.59e+09  2.59e+09  3.31e+09

Reactant = P1   Pressure = 0.1 atm

   T(K)        W1        W2        P2      Loss   Capture
    500  4.08e-11  7.08e-18  4.54e-13  4.12e-11  2.44e-10
    600  4.87e-11  9.51e-18  4.43e-13  4.92e-11  2.52e-10
    700  5.45e-11   1.2e-17  4.58e-13   5.5e-11  2.58e-10
    800  6.01e-11  1.54e-17  4.86e-13  6.06e-11  2.64e-10
    900  6.22e-11  1.78e-17  5.31e-13  6.27e-11  2.69e-10
  1e+03  6.42e-11  2.08e-17  5.85e-13  6.48e-11  2.74e-10
1.1e+03  6.66e-11  2.53e-17  6.43e-13  6.73e-11  2.78e-10
1.2e+03  6.98e-11  3.26e-17  7.05e-13  7.05e-11  2.82e-10
1.3e+03  6.99e-11  4.28e-17  7.85e-13  7.07e-11  2.86e-10
1.4e+03  7.12e-11  6.92e-17  8.66e-13  7.21e-11   2.9e-10
1.5e+03  7.38e-11  9.32e-17  9.45e-13  7.47e-11  2.93e-10
1.6e+03   7.4e-11  1.44e-16  1.04e-12   7.5e-11  2.96e-10
1.7e+03  7.69e-11  1.93e-16  1.14e-12   7.8e-11  2.99e-10
1.8e+03  7.69e-11  3.17e-16  1.24e-12  7.81e-11  3.02e-10
1.9e+03  7.79e-11   4.1e-16  1.35e-12  7.93e-11  3.05e-10
  2e+03  7.87e-11  6.34e-16  1.47e-12  8.01e-11  3.07e-10

Reactant = P1   Pressure = 1 atm

   T(K)        W1        W2        P2      Loss   Capture
    500  8.18e-11  2.57e-17  3.56e-13  8.22e-11  2.44e-10
    600  8.87e-11  3.14e-17  3.56e-13  8.91e-11  2.52e-10
    700  9.41e-11   3.8e-17  3.73e-13  9.44e-11  2.58e-10
    800  9.98e-11  4.84e-17  3.98e-13     1e-10  2.64e-10
    900  1.01e-10  5.83e-17  4.39e-13  1.02e-10  2.69e-10
  1e+03  1.03e-10  7.55e-17  4.86e-13  1.04e-10  2.74e-10
1.1e+03  1.06e-10  1.02e-16  5.36e-13  1.06e-10  2.78e-10
1.2e+03  1.09e-10  1.35e-16  5.86e-13   1.1e-10  2.82e-10
1.3e+03  1.09e-10  1.87e-16  6.57e-13   1.1e-10  2.86e-10
1.4e+03   1.1e-10  2.95e-16  7.26e-13  1.11e-10   2.9e-10
1.5e+03  1.13e-10  3.68e-16   7.9e-13  1.14e-10  2.93e-10
1.6e+03  1.14e-10  5.77e-16  8.76e-13  1.14e-10  2.96e-10
1.7e+03  1.17e-10  8.57e-16  9.55e-13  1.18e-10  2.99e-10
1.8e+03  1.17e-10  1.31e-15  1.04e-12  1.18e-10  3.02e-10
1.9e+03  1.18e-10   1.7e-15  1.13e-12  1.19e-10  3.05e-10
  2e+03  1.19e-10  2.63e-15  1.23e-12   1.2e-10  3.07e-10

Reactant = P1   Pressure = 10 atm

   T(K)        W1        W2        P2      Loss   Capture
    500  1.48e-10   1.1e-15  2.06e-13  1.49e-10  2.44e-10
    600  1.49e-10  1.19e-15  2.25e-13  1.49e-10  2.52e-10
    700   1.5e-10  1.37e-15  2.49e-13   1.5e-10  2.58e-10
    800  1.53e-10  1.76e-15  2.72e-13  1.53e-10  2.64e-10
    900  1.53e-10  2.37e-15  3.07e-13  1.53e-10  2.69e-10
  1e+03  1.54e-10  3.38e-15  3.45e-13  1.54e-10  2.74e-10
1.1e+03  1.55e-10  4.59e-15  3.84e-13  1.56e-10  2.78e-10
1.2e+03  1.58e-10  5.74e-15  4.19e-13  1.59e-10  2.82e-10
1.3e+03  1.58e-10  7.85e-15  4.75e-13  1.58e-10  2.86e-10
1.4e+03  1.59e-10  1.11e-14  5.25e-13   1.6e-10   2.9e-10
1.5e+03  1.62e-10  1.29e-14  5.68e-13  1.62e-10  2.93e-10
1.6e+03  1.62e-10  1.74e-14  6.32e-13  1.62e-10  2.96e-10
1.7e+03  1.65e-10  2.21e-14  6.86e-13  1.66e-10  2.99e-10
1.8e+03  1.65e-10   2.8e-14  7.43e-13  1.66e-10  3.02e-10
1.9e+03  1.66e-10  3.31e-14  8.08e-13  1.67e-10  3.05e-10
  2e+03  1.68e-10   4.2e-14  8.75e-13  1.68e-10  3.07e-10

Reactant = P1   Pressure = 100 atm

   T(K)        W1        W2        P2      Loss   Capture
    500   2.2e-10  2.12e-14  3.02e-14   2.2e-10  2.44e-10
    600  2.22e-10  2.52e-14   4.1e-14  2.22e-10  2.52e-10
    700  2.22e-10  2.96e-14  5.24e-14  2.23e-10  2.58e-10
    800  2.24e-10  3.44e-14   6.2e-14  2.24e-10  2.64e-10
    900  2.23e-10  4.16e-14  7.48e-14  2.24e-10  2.69e-10
  1e+03  2.24e-10  5.04e-14  8.67e-14  2.24e-10  2.74e-10
1.1e+03  2.24e-10  5.92e-14  9.78e-14  2.25e-10  2.78e-10
1.2e+03  2.26e-10  6.68e-14  1.08e-13  2.26e-10  2.82e-10
1.3e+03  2.26e-10  8.02e-14  1.23e-13  2.26e-10  2.86e-10
1.4e+03  2.27e-10  9.49e-14  1.34e-13  2.27e-10   2.9e-10
1.5e+03  2.29e-10  1.04e-13  1.44e-13  2.29e-10  2.93e-10
1.6e+03   2.3e-10  1.22e-13  1.58e-13   2.3e-10  2.96e-10
1.7e+03  2.33e-10  1.38e-13  1.68e-13  2.33e-10  2.99e-10
1.8e+03  2.33e-10  1.56e-13  1.78e-13  2.33e-10  3.02e-10
1.9e+03  2.34e-10  1.74e-13  1.91e-13  2.35e-10  3.05e-10
  2e+03  2.36e-10  1.97e-13  2.02e-13  2.36e-10  3.07e-10

Reactant = P2   Pressure = 0.1 atm

   T(K)        W1        W2        P1      Loss   Capture
    500  1.09e-22  3.82e-11  3.79e-22  3.82e-11  2.39e-10
    600  4.43e-21  4.84e-11  1.63e-20  4.84e-11  2.46e-10
    700  6.61e-20  5.29e-11  2.51e-19  5.29e-11  2.53e-10
    800  5.38e-19  5.85e-11  2.01e-18  5.85e-11  2.58e-10
    900  2.75e-18  6.15e-11  1.06e-17  6.15e-11  2.63e-10
  1e+03  1.06e-17  6.56e-11  4.14e-17  6.56e-11  2.68e-10
1.1e+03   3.3e-17  6.84e-11  1.28e-16  6.84e-11  2.72e-10
1.2e+03   8.9e-17  6.96e-11  3.34e-16  6.96e-11  2.76e-10
1.3e+03  2.01e-16  7.12e-11  7.77e-16  7.12e-11   2.8e-10
1.4e+03  4.17e-16  7.47e-11  1.61e-15  7.47e-11  2.84e-10
1.5e+03  8.18e-16  7.48e-11  3.05e-15  7.49e-11  2.87e-10
1.6e+03  1.43e-15  7.68e-11  5.47e-15  7.68e-11   2.9e-10
1.7e+03  2.43e-15  8.02e-11  9.18e-15  8.02e-11  2.93e-10
1.8e+03  3.83e-15  8.09e-11  1.47e-14  8.09e-11  2.96e-10
1.9e+03  5.84e-15  8.13e-11  2.25e-14  8.14e-11  2.98e-10
  2e+03  8.43e-15  8.34e-11  3.35e-14  8.35e-11  3.01e-10

Reactant = P2   Pressure = 1 atm

   T(K)        W1        W2        P1      Loss   Capture
    500  1.92e-22   7.6e-11  2.96e-22   7.6e-11  2.39e-10
    600  7.65e-21   8.7e-11  1.31e-20   8.7e-11  2.46e-10
    700  1.13e-19  9.11e-11  2.04e-19  9.11e-11  2.53e-10
    800  9.02e-19  9.71e-11  1.65e-18  9.71e-11  2.58e-10
    900  4.59e-18     1e-10  8.79e-18     1e-10  2.63e-10
  1e+03  1.75e-17  1.05e-10  3.44e-17  1.05e-10  2.68e-10
1.1e+03  5.42e-17  1.08e-10  1.07e-16  1.08e-10  2.72e-10
1.2e+03  1.44e-16  1.09e-10  2.78e-16  1.09e-10  2.76e-10
1.3e+03  3.21e-16   1.1e-10   6.5e-16   1.1e-10   2.8e-10
1.4e+03   6.5e-16  1.14e-10  1.35e-15  1.14e-10  2.84e-10
1.5e+03  1.25e-15  1.14e-10  2.55e-15  1.14e-10  2.87e-10
1.6e+03  2.12e-15  1.17e-10  4.59e-15  1.17e-10   2.9e-10
1.7e+03  3.49e-15   1.2e-10  7.69e-15   1.2e-10  2.93e-10
1.8e+03   5.4e-15  1.21e-10  1.23e-14  1.21e-10  2.96e-10
1.9e+03  8.12e-15  1.22e-10  1.89e-14  1.22e-10  2.98e-10
  2e+03  1.15e-14  1.24e-10   2.8e-14  1.24e-10  3.01e-10

Reactant = P2   Pressure = 10 atm

   T(K)        W1        W2        P1      Loss   Capture
    500  3.12e-22  1.34e-10  1.72e-22  1.34e-10  2.39e-10
    600  1.22e-20  1.41e-10  8.29e-21  1.41e-10  2.46e-10
    700  1.77e-19  1.43e-10  1.36e-19  1.43e-10  2.53e-10
    800  1.38e-18  1.47e-10  1.13e-18  1.47e-10  2.58e-10
    900   6.9e-18  1.49e-10  6.15e-18  1.49e-10  2.63e-10
  1e+03  2.56e-17  1.53e-10  2.44e-17  1.53e-10  2.68e-10
1.1e+03   7.7e-17  1.55e-10  7.65e-17  1.55e-10  2.72e-10
1.2e+03  1.98e-16  1.56e-10  1.99e-16  1.56e-10  2.76e-10
1.3e+03   4.3e-16  1.58e-10  4.69e-16  1.58e-10   2.8e-10
1.4e+03  8.39e-16  1.61e-10  9.77e-16  1.61e-10  2.84e-10
1.5e+03  1.58e-15  1.62e-10  1.84e-15  1.62e-10  2.87e-10
1.6e+03  2.63e-15  1.64e-10  3.31e-15  1.64e-10   2.9e-10
1.7e+03  4.23e-15  1.68e-10  5.52e-15  1.68e-10  2.93e-10
1.8e+03  6.44e-15  1.69e-10  8.77e-15  1.69e-10  2.96e-10
1.9e+03   9.6e-15   1.7e-10  1.35e-14   1.7e-10  2.98e-10
  2e+03  1.34e-14  1.72e-10  1.99e-14  1.72e-10  3.01e-10

Reactant = P2   Pressure = 100 atm

   T(K)        W1        W2        P1      Loss   Capture
    500  2.43e-22  2.07e-10  2.52e-23  2.07e-10  2.39e-10
    600  1.03e-20  2.11e-10  1.51e-21  2.11e-10  2.46e-10
    700  1.56e-19  2.12e-10  2.86e-20  2.12e-10  2.53e-10
    800  1.21e-18  2.14e-10  2.57e-19  2.14e-10  2.58e-10
    900  6.06e-18  2.15e-10   1.5e-18  2.15e-10  2.63e-10
  1e+03  2.21e-17  2.17e-10  6.13e-18  2.17e-10  2.68e-10
1.1e+03  6.48e-17  2.19e-10  1.95e-17  2.19e-10  2.72e-10
1.2e+03  1.64e-16   2.2e-10   5.1e-17   2.2e-10  2.76e-10
1.3e+03  3.54e-16  2.22e-10  1.22e-16  2.22e-10   2.8e-10
1.4e+03  6.78e-16  2.24e-10  2.49e-16  2.24e-10  2.84e-10
1.5e+03  1.26e-15  2.26e-10  4.65e-16  2.26e-10  2.87e-10
1.6e+03   2.1e-15  2.28e-10   8.3e-16  2.28e-10   2.9e-10
1.7e+03  3.34e-15  2.31e-10  1.35e-15  2.31e-10  2.93e-10
1.8e+03  5.04e-15  2.32e-10   2.1e-15  2.32e-10  2.96e-10
1.9e+03  7.51e-15  2.34e-10  3.19e-15  2.34e-10  2.98e-10
  2e+03  1.04e-14  2.36e-10   4.6e-15  2.36e-10  3.01e-10

______________________________________________________________________________________

Temperature-Pressure Rate Tables:

W1->W2

P\T           500       600       700       800       900     1e+03   1.1e+03   1.2e+03   1.3e+03   1.4e+03   1.5e+03   1.6e+03   1.7e+03   1.8e+03   1.9e+03     2e+03
0.1           154       219       214       238       279       441       782  1.52e+03  4.99e+03  1.89e+04  2.88e+04  7.04e+04  1.49e+05  2.09e+05   2.7e+05  4.01e+05
1             628  1.03e+03  1.65e+03  3.46e+03  7.36e+03  1.73e+04  3.67e+04  6.88e+04  1.55e+05  3.38e+05  4.33e+05  6.78e+05  9.77e+05  1.19e+06  1.35e+06  1.65e+06
10       1.49e+05  1.86e+05  2.42e+05  3.48e+05  4.84e+05  7.07e+05  9.76e+05  1.24e+06  1.63e+06  2.18e+06  2.43e+06  2.91e+06  3.42e+06  3.78e+06  4.01e+06  4.44e+06
100      8.17e+06  7.94e+06  7.79e+06  7.97e+06  8.16e+06  8.57e+06  8.98e+06  9.32e+06  9.69e+06  1.03e+07  1.05e+07  1.09e+07  1.14e+07  1.17e+07  1.18e+07  1.22e+07
O-O      1.98e+07  2.08e+07  2.14e+07  2.19e+07  2.23e+07  2.26e+07  2.28e+07   2.3e+07  2.32e+07  2.33e+07  2.34e+07  2.35e+07  2.35e+07  2.35e+07  2.36e+07  2.36e+07

W1->P1

P\T           500       600       700       800       900     1e+03   1.1e+03   1.2e+03   1.3e+03   1.4e+03   1.5e+03   1.6e+03   1.7e+03   1.8e+03   1.9e+03     2e+03
0.1      1.37e+09  1.79e+09     2e+09  2.11e+09  2.03e+09  1.93e+09  1.83e+09  1.74e+09  1.58e+09  1.47e+09  1.38e+09  1.26e+09  1.19e+09  1.09e+09  1.01e+09  9.38e+08
1        2.75e+09  3.25e+09  3.44e+09  3.49e+09   3.3e+09  3.09e+09  2.89e+09  2.72e+09  2.46e+09  2.26e+09  2.11e+09  1.93e+09  1.81e+09  1.65e+09  1.53e+09  1.41e+09
10          5e+09  5.44e+09  5.48e+09  5.35e+09  4.99e+09   4.6e+09  4.25e+09  3.93e+09  3.56e+09  3.26e+09  3.01e+09  2.74e+09  2.55e+09  2.33e+09  2.15e+09  1.99e+09
100      7.41e+09   8.1e+09  8.13e+09  7.81e+09  7.27e+09   6.7e+09  6.13e+09  5.61e+09   5.1e+09  4.66e+09  4.26e+09   3.9e+09   3.6e+09  3.29e+09  3.03e+09   2.8e+09
O-O      8.21e+09  9.19e+09  9.43e+09  9.21e+09  8.76e+09   8.2e+09   7.6e+09  7.02e+09  6.46e+09  5.94e+09  5.46e+09  5.02e+09  4.63e+09  4.27e+09  3.94e+09  3.65e+09

W1->P2

P\T           500       600       700       800       900     1e+03   1.1e+03   1.2e+03   1.3e+03   1.4e+03   1.5e+03   1.6e+03   1.7e+03   1.8e+03   1.9e+03     2e+03
0.1      4.42e+06  4.42e+06  4.42e+06  4.55e+06  4.49e+06  4.48e+06  4.54e+06  4.68e+06   4.6e+06  4.61e+06  4.73e+06  4.64e+06  4.68e+06   4.6e+06  4.55e+06  4.41e+06
1        7.73e+06   7.6e+06  7.51e+06   7.6e+06  7.47e+06   7.4e+06  7.43e+06  7.55e+06  7.33e+06  7.16e+06  7.21e+06  6.88e+06  6.72e+06  6.46e+06  6.31e+06  5.98e+06
10       1.26e+07  1.22e+07  1.18e+07  1.16e+07  1.12e+07  1.08e+07  1.05e+07  1.04e+07  9.82e+06  9.24e+06  9.12e+06  8.52e+06  8.13e+06  7.71e+06  7.46e+06  6.99e+06
100      9.82e+06  1.03e+07  1.04e+07  1.02e+07  9.85e+06  9.33e+06  8.88e+06  8.57e+06  8.08e+06  7.45e+06  7.28e+06   6.8e+06  6.41e+06  6.03e+06  5.83e+06  5.46e+06
O-O           ***       ***       ***       ***       ***       ***       ***       ***       ***       ***       ***       ***       ***       ***       ***       ***

W2->W1

P\T           500       600       700       800       900     1e+03   1.1e+03   1.2e+03   1.3e+03   1.4e+03   1.5e+03   1.6e+03   1.7e+03   1.8e+03   1.9e+03     2e+03
0.1      5.39e-10  1.61e-07  8.48e-06  0.000196   0.00241    0.0224     0.148     0.772      5.43        38      98.1       378   1.2e+03   2.4e+03  4.26e+03  8.44e+03
1        1.28e-07  2.12e-05  0.000854    0.0169     0.184      1.52      8.86      38.2       173       689  1.48e+03  3.65e+03  7.86e+03  1.36e+04  2.13e+04  3.47e+04
10       0.000213    0.0109     0.198      2.04        13        64       238       694  1.82e+03  4.45e+03  8.32e+03  1.57e+04  2.75e+04  4.34e+04  6.34e+04  9.34e+04
100        0.0118     0.469      6.41      46.8       219       777   2.2e+03   5.2e+03  1.09e+04   2.1e+04   3.6e+04  5.88e+04  9.15e+04  1.34e+05  1.87e+05  2.56e+05
O-O        0.0287      1.23      17.6       128       598  2.04e+03  5.57e+03  1.28e+04   2.6e+04  4.75e+04  8.01e+04  1.26e+05  1.89e+05   2.7e+05  3.72e+05  4.95e+05

W2->P1

P\T           500       600       700       800       900     1e+03   1.1e+03   1.2e+03   1.3e+03   1.4e+03   1.5e+03   1.6e+03   1.7e+03   1.8e+03   1.9e+03     2e+03
0.1      6.56e-11  1.76e-08  7.84e-07  1.47e-05  0.000153   0.00115   0.00559    0.0158    0.0251    -0.103    -0.429     -1.81     -3.69     -6.17     -6.24      13.1
1        1.64e-08  1.84e-06  5.51e-05  0.000828   0.00744    0.0504     0.232     0.724       2.3      7.32      14.2      37.3      85.7       175       295       585
10       5.02e-05   0.00239    0.0385      0.34      1.98      8.85      29.8      77.5       195       458       813  1.57e+03  2.72e+03  4.51e+03  6.71e+03  1.04e+04
100       0.00103    0.0544     0.886      7.03      36.3       136       395       925  2.03e+03  3.96e+03  6.63e+03  1.12e+04  1.72e+04  2.53e+04  3.55e+04  4.91e+04
O-O           ***       ***       ***       ***       ***       ***       ***       ***       ***       ***       ***       ***       ***       ***       ***       ***

W2->P2

P\T           500       600       700       800       900     1e+03   1.1e+03   1.2e+03   1.3e+03   1.4e+03   1.5e+03   1.6e+03   1.7e+03   1.8e+03   1.9e+03     2e+03
0.1      2.23e+09  2.85e+09  2.91e+09   2.9e+09   2.7e+09  2.53e+09   2.3e+09  2.05e+09  1.83e+09  1.69e+09  1.48e+09  1.35e+09  1.24e+09  1.12e+09     1e+09   9.2e+08
1        4.44e+09  5.12e+09     5e+09  4.81e+09  4.38e+09  4.01e+09   3.6e+09  3.18e+09  2.83e+09  2.57e+09  2.26e+09  2.03e+09  1.86e+09  1.67e+09  1.49e+09  1.36e+09
10       7.85e+09  8.28e+09  7.83e+09  7.27e+09  6.51e+09  5.86e+09   5.2e+09  4.57e+09  4.03e+09  3.62e+09  3.19e+09  2.86e+09   2.6e+09  2.32e+09  2.08e+09  1.89e+09
100      1.21e+10  1.24e+10  1.16e+10  1.06e+10  9.39e+09  8.32e+09  7.32e+09  6.43e+09  5.67e+09  5.03e+09  4.45e+09  3.97e+09  3.58e+09  3.19e+09  2.87e+09  2.59e+09
O-O      1.39e+10  1.45e+10  1.39e+10  1.28e+10  1.15e+10  1.03e+10  9.12e+09  8.08e+09  7.17e+09  6.36e+09  5.66e+09  5.06e+09  4.53e+09  4.06e+09  3.66e+09  3.31e+09

P1->W1

P\T           500       600       700       800       900     1e+03   1.1e+03   1.2e+03   1.3e+03   1.4e+03   1.5e+03   1.6e+03   1.7e+03   1.8e+03   1.9e+03     2e+03
0.1      4.08e-11  4.87e-11  5.45e-11  6.01e-11  6.22e-11  6.42e-11  6.66e-11  6.98e-11  6.99e-11  7.12e-11  7.38e-11   7.4e-11  7.69e-11  7.69e-11  7.79e-11  7.87e-11
1        8.18e-11  8.87e-11  9.41e-11  9.98e-11  1.01e-10  1.03e-10  1.06e-10  1.09e-10  1.09e-10   1.1e-10  1.13e-10  1.14e-10  1.17e-10  1.17e-10  1.18e-10  1.19e-10
10       1.48e-10  1.49e-10   1.5e-10  1.53e-10  1.53e-10  1.54e-10  1.55e-10  1.58e-10  1.58e-10  1.59e-10  1.62e-10  1.62e-10  1.65e-10  1.65e-10  1.66e-10  1.68e-10
100       2.2e-10  2.22e-10  2.22e-10  2.24e-10  2.23e-10  2.24e-10  2.24e-10  2.26e-10  2.26e-10  2.27e-10  2.29e-10   2.3e-10  2.33e-10  2.33e-10  2.34e-10  2.36e-10
O-O      2.44e-10  2.52e-10  2.58e-10  2.64e-10  2.69e-10  2.74e-10  2.78e-10  2.82e-10  2.86e-10   2.9e-10  2.93e-10  2.96e-10  2.99e-10  3.02e-10  3.05e-10  3.07e-10

P1->W2

P\T           500       600       700       800       900     1e+03   1.1e+03   1.2e+03   1.3e+03   1.4e+03   1.5e+03   1.6e+03   1.7e+03   1.8e+03   1.9e+03     2e+03
0.1      7.08e-18  9.51e-18   1.2e-17  1.54e-17  1.78e-17  2.08e-17  2.53e-17  3.26e-17  4.28e-17  6.92e-17  9.32e-17  1.44e-16  1.93e-16  3.17e-16   4.1e-16  6.34e-16
1        2.57e-17  3.14e-17   3.8e-17  4.84e-17  5.83e-17  7.55e-17  1.02e-16  1.35e-16  1.87e-16  2.95e-16  3.68e-16  5.77e-16  8.57e-16  1.31e-15   1.7e-15  2.63e-15
10        1.1e-15  1.19e-15  1.37e-15  1.76e-15  2.37e-15  3.38e-15  4.59e-15  5.74e-15  7.85e-15  1.11e-14  1.29e-14  1.74e-14  2.21e-14   2.8e-14  3.31e-14   4.2e-14
100      2.12e-14  2.52e-14  2.96e-14  3.44e-14  4.16e-14  5.04e-14  5.92e-14  6.68e-14  8.02e-14  9.49e-14  1.04e-13  1.22e-13  1.38e-13  1.56e-13  1.74e-13  1.97e-13
O-O           ***       ***       ***       ***       ***       ***       ***       ***       ***       ***       ***       ***       ***       ***       ***       ***

P1->P2

P\T           500       600       700       800       900     1e+03   1.1e+03   1.2e+03   1.3e+03   1.4e+03   1.5e+03   1.6e+03   1.7e+03   1.8e+03   1.9e+03     2e+03
0.1      4.54e-13  4.43e-13  4.58e-13  4.86e-13  5.31e-13  5.85e-13  6.43e-13  7.05e-13  7.85e-13  8.66e-13  9.45e-13  1.04e-12  1.14e-12  1.24e-12  1.35e-12  1.47e-12
1        3.56e-13  3.56e-13  3.73e-13  3.98e-13  4.39e-13  4.86e-13  5.36e-13  5.86e-13  6.57e-13  7.26e-13   7.9e-13  8.76e-13  9.55e-13  1.04e-12  1.13e-12  1.23e-12
10       2.06e-13  2.25e-13  2.49e-13  2.72e-13  3.07e-13  3.45e-13  3.84e-13  4.19e-13  4.75e-13  5.25e-13  5.68e-13  6.32e-13  6.86e-13  7.43e-13  8.08e-13  8.75e-13
100      3.02e-14   4.1e-14  5.24e-14   6.2e-14  7.48e-14  8.67e-14  9.78e-14  1.08e-13  1.23e-13  1.34e-13  1.44e-13  1.58e-13  1.68e-13  1.78e-13  1.91e-13  2.02e-13
O-O           ***       ***       ***       ***       ***       ***       ***       ***       ***       ***       ***       ***       ***       ***       ***       ***

P2->W1

P\T           500       600       700       800       900     1e+03   1.1e+03   1.2e+03   1.3e+03   1.4e+03   1.5e+03   1.6e+03   1.7e+03   1.8e+03   1.9e+03     2e+03
0.1      1.09e-22  4.43e-21  6.61e-20  5.38e-19  2.75e-18  1.06e-17   3.3e-17   8.9e-17  2.01e-16  4.17e-16  8.18e-16  1.43e-15  2.43e-15  3.83e-15  5.84e-15  8.43e-15
1        1.92e-22  7.65e-21  1.13e-19  9.02e-19  4.59e-18  1.75e-17  5.42e-17  1.44e-16  3.21e-16   6.5e-16  1.25e-15  2.12e-15  3.49e-15   5.4e-15  8.12e-15  1.15e-14
10       3.12e-22  1.22e-20  1.77e-19  1.38e-18   6.9e-18  2.56e-17   7.7e-17  1.98e-16   4.3e-16  8.39e-16  1.58e-15  2.63e-15  4.23e-15  6.44e-15   9.6e-15  1.34e-14
100      2.43e-22  1.03e-20  1.56e-19  1.21e-18  6.06e-18  2.21e-17  6.48e-17  1.64e-16  3.54e-16  6.78e-16  1.26e-15   2.1e-15  3.34e-15  5.04e-15  7.51e-15  1.04e-14
O-O           ***       ***       ***       ***       ***       ***       ***       ***       ***       ***       ***       ***       ***       ***       ***       ***

P2->W2

P\T           500       600       700       800       900     1e+03   1.1e+03   1.2e+03   1.3e+03   1.4e+03   1.5e+03   1.6e+03   1.7e+03   1.8e+03   1.9e+03     2e+03
0.1      3.82e-11  4.84e-11  5.29e-11  5.85e-11  6.15e-11  6.56e-11  6.84e-11  6.96e-11  7.12e-11  7.47e-11  7.48e-11  7.68e-11  8.02e-11  8.09e-11  8.13e-11  8.34e-11
1         7.6e-11   8.7e-11  9.11e-11  9.71e-11     1e-10  1.05e-10  1.08e-10  1.09e-10   1.1e-10  1.14e-10  1.14e-10  1.17e-10   1.2e-10  1.21e-10  1.22e-10  1.24e-10
10       1.34e-10  1.41e-10  1.43e-10  1.47e-10  1.49e-10  1.53e-10  1.55e-10  1.56e-10  1.58e-10  1.61e-10  1.62e-10  1.64e-10  1.68e-10  1.69e-10   1.7e-10  1.72e-10
100      2.07e-10  2.11e-10  2.12e-10  2.14e-10  2.15e-10  2.17e-10  2.19e-10   2.2e-10  2.22e-10  2.24e-10  2.26e-10  2.28e-10  2.31e-10  2.32e-10  2.34e-10  2.36e-10
O-O      2.39e-10  2.46e-10  2.53e-10  2.58e-10  2.63e-10  2.68e-10  2.72e-10  2.76e-10   2.8e-10  2.84e-10  2.87e-10   2.9e-10  2.93e-10  2.96e-10  2.98e-10  3.01e-10

P2->P1

P\T           500       600       700       800       900     1e+03   1.1e+03   1.2e+03   1.3e+03   1.4e+03   1.5e+03   1.6e+03   1.7e+03   1.8e+03   1.9e+03     2e+03
0.1      3.79e-22  1.63e-20  2.51e-19  2.01e-18  1.06e-17  4.14e-17  1.28e-16  3.34e-16  7.77e-16  1.61e-15  3.05e-15  5.47e-15  9.18e-15  1.47e-14  2.25e-14  3.35e-14
1        2.96e-22  1.31e-20  2.04e-19  1.65e-18  8.79e-18  3.44e-17  1.07e-16  2.78e-16   6.5e-16  1.35e-15  2.55e-15  4.59e-15  7.69e-15  1.23e-14  1.89e-14   2.8e-14
10       1.72e-22  8.29e-21  1.36e-19  1.13e-18  6.15e-18  2.44e-17  7.65e-17  1.99e-16  4.69e-16  9.77e-16  1.84e-15  3.31e-15  5.52e-15  8.77e-15  1.35e-14  1.99e-14
100      2.52e-23  1.51e-21  2.86e-20  2.57e-19   1.5e-18  6.13e-18  1.95e-17   5.1e-17  1.22e-16  2.49e-16  4.65e-16   8.3e-16  1.35e-15   2.1e-15  3.19e-15   4.6e-15
O-O           ***       ***       ***       ***       ***       ***       ***       ***       ***       ***       ***       ***       ***       ***       ***       ***

W1-> 

P\T           500       600       700       800       900     1e+03   1.1e+03   1.2e+03   1.3e+03   1.4e+03   1.5e+03   1.6e+03   1.7e+03   1.8e+03   1.9e+03     2e+03
0.1      1.38e+09  1.79e+09     2e+09  2.11e+09  2.04e+09  1.93e+09  1.83e+09  1.75e+09  1.59e+09  1.47e+09  1.38e+09  1.26e+09   1.2e+09   1.1e+09  1.02e+09  9.43e+08
1        2.76e+09  3.25e+09  3.45e+09  3.49e+09  3.31e+09   3.1e+09   2.9e+09  2.72e+09  2.47e+09  2.27e+09  2.12e+09  1.93e+09  1.81e+09  1.66e+09  1.54e+09  1.42e+09
10       5.01e+09  5.45e+09  5.49e+09  5.36e+09     5e+09  4.62e+09  4.26e+09  3.94e+09  3.57e+09  3.27e+09  3.02e+09  2.76e+09  2.57e+09  2.35e+09  2.17e+09     2e+09
100      7.43e+09  8.12e+09  8.14e+09  7.82e+09  7.29e+09  6.71e+09  6.15e+09  5.63e+09  5.12e+09  4.67e+09  4.28e+09  3.91e+09  3.62e+09  3.31e+09  3.05e+09  2.82e+09
O-O      8.23e+09  9.22e+09  9.45e+09  9.24e+09  8.78e+09  8.22e+09  7.63e+09  7.04e+09  6.48e+09  5.96e+09  5.48e+09  5.05e+09  4.65e+09  4.29e+09  3.97e+09  3.68e+09

W2-> 

P\T           500       600       700       800       900     1e+03   1.1e+03   1.2e+03   1.3e+03   1.4e+03   1.5e+03   1.6e+03   1.7e+03   1.8e+03   1.9e+03     2e+03
0.1      2.23e+09  2.85e+09  2.91e+09   2.9e+09   2.7e+09  2.53e+09   2.3e+09  2.05e+09  1.83e+09  1.69e+09  1.48e+09  1.35e+09  1.24e+09  1.12e+09     1e+09   9.2e+08
1        4.44e+09  5.12e+09     5e+09  4.81e+09  4.38e+09  4.01e+09   3.6e+09  3.18e+09  2.83e+09  2.57e+09  2.26e+09  2.03e+09  1.86e+09  1.67e+09  1.49e+09  1.36e+09
10       7.85e+09  8.28e+09  7.83e+09  7.27e+09  6.51e+09  5.86e+09   5.2e+09  4.57e+09  4.03e+09  3.62e+09  3.19e+09  2.86e+09   2.6e+09  2.32e+09  2.08e+09  1.89e+09
100      1.21e+10  1.24e+10  1.16e+10  1.06e+10  9.39e+09  8.32e+09  7.32e+09  6.43e+09  5.67e+09  5.03e+09  4.45e+09  3.97e+09  3.58e+09  3.19e+09  2.87e+09  2.59e+09
O-O      1.39e+10  1.45e+10  1.39e+10  1.28e+10  1.15e+10  1.03e+10  9.12e+09  8.08e+09  7.17e+09  6.36e+09  5.66e+09  5.06e+09  4.53e+09  4.06e+09  3.66e+09  3.31e+09

P1-> 

P\T           500       600       700       800       900     1e+03   1.1e+03   1.2e+03   1.3e+03   1.4e+03   1.5e+03   1.6e+03   1.7e+03   1.8e+03   1.9e+03     2e+03
0.1      4.12e-11  4.92e-11   5.5e-11  6.06e-11  6.27e-11  6.48e-11  6.73e-11  7.05e-11  7.07e-11  7.21e-11  7.47e-11   7.5e-11   7.8e-11  7.81e-11  7.93e-11  8.01e-11
1        8.22e-11  8.91e-11  9.44e-11     1e-10  1.02e-10  1.04e-10  1.06e-10   1.1e-10   1.1e-10  1.11e-10  1.14e-10  1.14e-10  1.18e-10  1.18e-10  1.19e-10   1.2e-10
10       1.49e-10  1.49e-10   1.5e-10  1.53e-10  1.53e-10  1.54e-10  1.56e-10  1.59e-10  1.58e-10   1.6e-10  1.62e-10  1.62e-10  1.66e-10  1.66e-10  1.67e-10  1.68e-10
100       2.2e-10  2.22e-10  2.23e-10  2.24e-10  2.24e-10  2.24e-10  2.25e-10  2.26e-10  2.26e-10  2.27e-10  2.29e-10   2.3e-10  2.33e-10  2.33e-10  2.35e-10  2.36e-10
O-O      2.44e-10  2.52e-10  2.58e-10  2.64e-10  2.69e-10  2.74e-10  2.78e-10  2.82e-10  2.86e-10   2.9e-10  2.93e-10  2.96e-10  2.99e-10  3.02e-10  3.05e-10  3.07e-10

P2-> 

P\T           500       600       700       800       900     1e+03   1.1e+03   1.2e+03   1.3e+03   1.4e+03   1.5e+03   1.6e+03   1.7e+03   1.8e+03   1.9e+03     2e+03
0.1      3.82e-11  4.84e-11  5.29e-11  5.85e-11  6.15e-11  6.56e-11  6.84e-11  6.96e-11  7.12e-11  7.47e-11  7.49e-11  7.68e-11  8.02e-11  8.09e-11  8.14e-11  8.35e-11
1         7.6e-11   8.7e-11  9.11e-11  9.71e-11     1e-10  1.05e-10  1.08e-10  1.09e-10   1.1e-10  1.14e-10  1.14e-10  1.17e-10   1.2e-10  1.21e-10  1.22e-10  1.24e-10
10       1.34e-10  1.41e-10  1.43e-10  1.47e-10  1.49e-10  1.53e-10  1.55e-10  1.56e-10  1.58e-10  1.61e-10  1.62e-10  1.64e-10  1.68e-10  1.69e-10   1.7e-10  1.72e-10
100      2.07e-10  2.11e-10  2.12e-10  2.14e-10  2.15e-10  2.17e-10  2.19e-10   2.2e-10  2.22e-10  2.24e-10  2.26e-10  2.28e-10  2.31e-10  2.32e-10  2.34e-10  2.36e-10
O-O      2.39e-10  2.46e-10  2.53e-10  2.58e-10  2.63e-10  2.68e-10  2.72e-10  2.76e-10   2.8e-10  2.84e-10  2.87e-10   2.9e-10  2.93e-10  2.96e-10  2.98e-10  3.01e-10

