Wells (G - ground energy, D - dissociation limit, kcal/mol):
                            W         G         D
                C5O2nexammzee         0      2.78
      FakeW-C5H6O(645)e+OH(4)     -28.8     -25.8

Bimolecular Products (G - ground energy, kcal/mol):
                      P         G
      C5H6O(645)e+OH(4)     -25.8

Well-to-Bimolecular Barriers (H/G - barrier height/well depth, kcal/mol)
                            B         H                       W         G                 P
      FakeB-C5H6O(645)e+OH(4)     -25.8 FakeW-C5H6O(645)e+OH(4)     -28.8 C5H6O(645)e+OH(4)

Well-to-Well Barriers (H/G - barrier height/well depth, kcal/mol):
            B         H                      W1        G1                      W2        G2
      ts_3_47      2.78           C5O2nexammzee         0 FakeW-C5H6O(645)e+OH(4)     -28.8

Bound Groups: dissociation barrier (name/ground energy, kcal/mol): wells (name/ground energy, kcal/mol):
     C1/-25.8:  FakeW-C5H6O(645)e+OH(4)/-28.8

     B1/2.78:  C5O2nexammzee/0

________________________________________________________________________________________

Names Translation Tables (<short name> - <original name>):
Wells:
   W1 - C5O2nexammzee
   W2 - FakeW-C5H6O(645)e+OH(4)
Bimolecular products:
   P1 - C5H6O(645)e+OH(4)
Inner Barriers:
   B1 - ts_3_47
Outer Barriers:
   C1 - FakeB-C5H6O(645)e+OH(4)
Unimolecular Rate Units: 1/sec;  Bimolecular Rate Units: cm^3/sec

______________________________________________________________________________________

Species-Species Rate Tables:

Temperature = 500 K

High Pressure Rate Coefficients:

From\To         W1        W2        P1
W1             ***  1.04e+12       ***
W2          0.0219       ***  8.56e+13
P1             ***  2.41e-10       ***

Temperature = 500 K    Pressure = 0.1 atm

From\To         W1        W2        P1
W1        1.38e+10 -9.58e+05  1.37e+10
W2        4.52e-13  9.71e+10  9.71e+10
P1        8.01e-28  2.36e-13  2.36e-13

Temperature = 500 K    Pressure = 1 atm

From\To         W1        W2        P1
W1        4.13e+10      66.6  4.13e+10
W2        5.31e-15  4.02e+11  4.02e+11
P1        2.43e-27  1.07e-12  1.07e-12

Temperature = 500 K    Pressure = 10 atm

From\To         W1        W2        P1
W1        1.05e+11  4.38e+05  1.05e+11
W2       -3.18e-14  1.43e+12  1.43e+12
P1        6.21e-27  3.94e-12  3.94e-12

Temperature = 500 K    Pressure = 100 atm

From\To         W1        W2        P1
W1        2.31e+11  2.93e+06  2.31e+11
W2       -1.36e-13  4.26e+12  4.26e+12
P1        1.37e-26  1.19e-11  1.19e-11

Temperature = 600 K

High Pressure Rate Coefficients:

From\To         W1        W2        P1
W1             ***  1.61e+12       ***
W2            2.96       ***  1.15e+14
P1             ***  2.48e-10       ***

Temperature = 600 K    Pressure = 0.1 atm

From\To         W1        W2        P1
W1        1.16e+10       ***  1.16e+10
W2             ***       ***       ***
P1        4.52e-26       ***  2.72e-24

Temperature = 600 K    Pressure = 1 atm

From\To         W1        W2        P1
W1        3.62e+10  1.31e+05  3.62e+10
W2       -3.28e-12  9.52e+11  9.52e+11
P1        1.42e-25   1.8e-12   1.8e-12

Temperature = 600 K    Pressure = 10 atm

From\To         W1        W2        P1
W1        9.67e+10  8.33e+05  9.67e+10
W2        -5.1e-11  2.74e+12  2.74e+12
P1        3.82e-25  5.68e-12  5.68e-12

Temperature = 600 K    Pressure = 100 atm

From\To         W1        W2        P1
W1        2.26e+11  5.16e+06  2.26e+11
W2       -1.99e-09  7.17e+12  7.17e+12
P1        8.93e-25  1.53e-11  1.53e-11

Temperature = 700 K

High Pressure Rate Coefficients:

From\To         W1        W2        P1
W1             ***  2.22e+12       ***
W2            95.9       ***  1.35e+14
P1             ***  2.54e-10       ***

Temperature = 700 K    Pressure = 0.1 atm

From\To         W1        W2        P1
W1        9.76e+09       ***  9.75e+09
W2             ***       ***       ***
P1        7.78e-25       *** -2.42e-24

Temperature = 700 K    Pressure = 1 atm

From\To         W1        W2        P1
W1        3.09e+10  4.31e+04  3.08e+10
W2       -5.27e-10  1.53e+12  1.53e+12
P1        2.49e-24  2.35e-12  2.35e-12

Temperature = 700 K    Pressure = 10 atm

From\To         W1        W2        P1
W1        8.51e+10  1.08e+06  8.51e+10
W2        9.98e-09  3.88e+12  3.88e+12
P1        6.91e-24   6.9e-12   6.9e-12

Temperature = 700 K    Pressure = 100 atm

From\To         W1        W2        P1
W1        2.07e+11  6.46e+06  2.07e+11
W2       -6.61e-08  9.41e+12  9.41e+12
P1        1.68e-23  1.75e-11  1.75e-11

Temperature = 800 K

High Pressure Rate Coefficients:

From\To         W1        W2        P1
W1             ***  2.85e+12       ***
W2        1.29e+03       ***  1.46e+14
P1             ***   2.6e-10       ***

Temperature = 800 K    Pressure = 0.1 atm

From\To         W1        W2        P1
W1         8.7e+09       ***   8.7e+09
W2             ***       ***       ***
P1        6.85e-24       ***  1.38e-23

Temperature = 800 K    Pressure = 1 atm

From\To         W1        W2        P1
W1        2.76e+10       ***  2.76e+10
W2             ***       ***       ***
P1         2.2e-23       ***  4.28e-24

Temperature = 800 K    Pressure = 10 atm

From\To         W1        W2        P1
W1        7.71e+10  1.35e+06  7.71e+10
W2        3.24e-07  5.09e+12  5.09e+12
P1        6.19e-23  8.37e-12  8.37e-12

Temperature = 800 K    Pressure = 100 atm

From\To         W1        W2        P1
W1        1.91e+11  7.69e+06  1.91e+11
W2       -2.98e-06  1.16e+13  1.16e+13
P1        1.54e-22  2.03e-11  2.03e-11

Temperature = 900 K

High Pressure Rate Coefficients:

From\To         W1        W2        P1
W1             ***  3.47e+12       ***
W2         9.6e+03       ***   1.5e+14
P1             ***  2.65e-10       ***

Temperature = 900 K    Pressure = 0.1 atm

From\To         W1        W2        P1
W1        7.73e+09       ***  7.73e+09
W2             ***       ***       ***
P1        3.68e-23       ***  4.32e-23

Temperature = 900 K    Pressure = 1 atm

From\To         W1        W2        P1
W1        2.45e+10       ***  2.45e+10
W2             ***       ***       ***
P1        1.19e-22       ***  8.42e-23

Temperature = 900 K    Pressure = 10 atm

From\To         W1        W2        P1
W1        6.91e+10  1.44e+06  6.91e+10
W2        5.19e-06  5.85e+12  5.85e+12
P1        3.37e-22  9.36e-12  9.36e-12

Temperature = 900 K    Pressure = 100 atm

From\To         W1        W2        P1
W1        1.74e+11  8.12e+06  1.74e+11
W2        0.000232  1.28e+13  1.28e+13
P1        8.49e-22  2.21e-11  2.21e-11

Temperature = 1e+03 K

High Pressure Rate Coefficients:

From\To         W1        W2        P1
W1             ***  4.08e+12       ***
W2        4.77e+04       ***   1.5e+14
P1             ***   2.7e-10       ***

Temperature = 1e+03 K    Pressure = 0.1 atm

From\To         W1        W2        P1
W1        7.04e+09       ***  7.04e+09
W2             ***       ***       ***
P1        1.44e-22       ***  1.35e-22

Temperature = 1e+03 K    Pressure = 1 atm

From\To         W1        W2        P1
W1        2.22e+10       ***  2.22e+10
W2             ***       ***       ***
P1        4.64e-22       ***  4.78e-22

Temperature = 1e+03 K    Pressure = 10 atm

From\To         W1        W2        P1
W1         6.3e+10  1.56e+06   6.3e+10
W2         6.8e-05  6.63e+12  6.63e+12
P1        1.33e-21  1.06e-11  1.06e-11

Temperature = 1e+03 K    Pressure = 100 atm

From\To         W1        W2        P1
W1         1.6e+11  8.73e+06   1.6e+11
W2         0.00305   1.4e+13   1.4e+13
P1        3.38e-21  2.45e-11  2.45e-11

Temperature = 1.1e+03 K

High Pressure Rate Coefficients:

From\To         W1        W2        P1
W1             ***  4.68e+12       ***
W2        1.77e+05       ***  1.46e+14
P1             ***  2.74e-10       ***

Temperature = 1.1e+03 K    Pressure = 0.1 atm

From\To         W1        W2        P1
W1        5.92e+09       ***  5.92e+09
W2             ***       ***       ***
P1        4.08e-22       ***  3.95e-22

Temperature = 1.1e+03 K    Pressure = 1 atm

From\To         W1        W2        P1
W1        1.87e+10       ***  1.87e+10
W2             ***       ***       ***
P1        1.32e-21       ***  1.32e-21

Temperature = 1.1e+03 K    Pressure = 10 atm

From\To         W1        W2        P1
W1        5.39e+10  1.69e+06  5.39e+10
W2         0.00145  6.83e+12  6.83e+12
P1        3.81e-21  1.13e-11  1.13e-11

Temperature = 1.1e+03 K    Pressure = 100 atm

From\To         W1        W2        P1
W1         1.4e+11  9.64e+06   1.4e+11
W2          0.0546  1.41e+13  1.41e+13
P1        9.88e-21  2.57e-11  2.57e-11

Temperature = 1.2e+03 K

High Pressure Rate Coefficients:

From\To         W1        W2        P1
W1             ***  5.26e+12       ***
W2        5.27e+05       ***  1.41e+14
P1             ***  2.78e-10       ***

Temperature = 1.2e+03 K    Pressure = 0.1 atm

From\To         W1        W2        P1
W1        5.29e+09       ***  5.29e+09
W2             ***       ***       ***
P1        1.01e-21       ***  1.01e-21

Temperature = 1.2e+03 K    Pressure = 1 atm

From\To         W1        W2        P1
W1        1.67e+10       ***  1.67e+10
W2             ***       ***       ***
P1        3.28e-21       ***  3.27e-21

Temperature = 1.2e+03 K    Pressure = 10 atm

From\To         W1        W2        P1
W1        4.84e+10  4.33e+06  4.84e+10
W2          0.0487   7.2e+12   7.2e+12
P1        9.53e-21  1.23e-11  1.23e-11

Temperature = 1.2e+03 K    Pressure = 100 atm

From\To         W1        W2        P1
W1        1.26e+11  2.78e+07  1.26e+11
W2            1.53  1.45e+13  1.45e+13
P1         2.5e-20  2.77e-11  2.77e-11

Temperature = 1.3e+03 K

High Pressure Rate Coefficients:

From\To         W1        W2        P1
W1             ***  5.82e+12       ***
W2        1.33e+06       ***  1.35e+14
P1             ***  2.82e-10       ***

Temperature = 1.3e+03 K    Pressure = 0.1 atm

From\To         W1        W2        P1
W1        4.47e+09       ***  4.47e+09
W2             ***       ***       ***
P1        2.06e-21       ***  2.06e-21

Temperature = 1.3e+03 K    Pressure = 1 atm

From\To         W1        W2        P1
W1        1.42e+10       ***  1.42e+10
W2             ***       ***       ***
P1         6.7e-21       ***   6.7e-21

Temperature = 1.3e+03 K    Pressure = 10 atm

From\To         W1        W2        P1
W1        4.14e+10  1.83e+07  4.14e+10
W2            1.08  7.27e+12  7.27e+12
P1        1.97e-20  1.31e-11  1.31e-11

Temperature = 1.3e+03 K    Pressure = 100 atm

From\To         W1        W2        P1
W1         1.1e+11  1.35e+08   1.1e+11
W2            23.9  1.44e+13  1.44e+13
P1        5.23e-20  2.91e-11  2.91e-11

Temperature = 1.4e+03 K

High Pressure Rate Coefficients:

From\To         W1        W2        P1
W1             ***  6.36e+12       ***
W2        2.93e+06       ***  1.28e+14
P1             ***  2.86e-10       ***

Temperature = 1.4e+03 K    Pressure = 0.1 atm

From\To         W1        W2        P1
W1        4.11e+09       ***  4.11e+09
W2             ***       ***       ***
P1        4.08e-21       ***  4.08e-21

Temperature = 1.4e+03 K    Pressure = 1 atm

From\To         W1        W2        P1
W1         1.3e+10       ***   1.3e+10
W2             ***       ***       ***
P1        1.32e-20       ***  1.32e-20

Temperature = 1.4e+03 K    Pressure = 10 atm

From\To         W1        W2        P1
W1        3.81e+10  6.63e+07   3.8e+10
W2            12.5  7.03e+12  7.03e+12
P1        3.89e-20  1.34e-11  1.34e-11

Temperature = 1.4e+03 K    Pressure = 100 atm

From\To         W1        W2        P1
W1        1.01e+11  4.62e+08  1.01e+11
W2             182  1.38e+13  1.38e+13
P1        1.04e-19  2.97e-11  2.97e-11

Temperature = 1.5e+03 K

High Pressure Rate Coefficients:

From\To         W1        W2        P1
W1             ***  6.88e+12       ***
W2        5.82e+06       ***  1.21e+14
P1             ***  2.89e-10       ***

Temperature = 1.5e+03 K    Pressure = 0.1 atm

From\To         W1        W2        P1
W1        3.63e+09       ***  3.63e+09
W2             ***       ***       ***
P1        7.06e-21       ***  7.06e-21

Temperature = 1.5e+03 K    Pressure = 1 atm

From\To         W1        W2        P1
W1        1.15e+10       ***  1.15e+10
W2             ***       ***       ***
P1        2.29e-20       ***  2.29e-20

Temperature = 1.5e+03 K    Pressure = 10 atm

From\To         W1        W2        P1
W1        3.38e+10  2.19e+08  3.36e+10
W2             102  6.85e+12  6.85e+12
P1        6.77e-20   1.4e-11   1.4e-11

Temperature = 1.5e+03 K    Pressure = 100 atm

From\To         W1        W2        P1
W1        9.09e+10  1.29e+09  8.96e+10
W2             974  1.33e+13  1.33e+13
P1        1.81e-19  3.06e-11  3.06e-11

Temperature = 1.6e+03 K

High Pressure Rate Coefficients:

From\To         W1        W2        P1
W1             ***  7.39e+12       ***
W2        1.06e+07       ***  1.14e+14
P1             ***  2.92e-10       ***

Temperature = 1.6e+03 K    Pressure = 0.1 atm

From\To         W1        W2        P1
W1        3.08e+09       ***  3.08e+09
W2             ***       ***       ***
P1        1.09e-20       ***  1.09e-20

Temperature = 1.6e+03 K    Pressure = 1 atm

From\To         W1        W2        P1
W1        9.83e+09       ***  9.83e+09
W2             ***       ***       ***
P1        3.56e-20       ***  3.56e-20

Temperature = 1.6e+03 K    Pressure = 10 atm

From\To         W1        W2        P1
W1        2.91e+10  6.08e+08  2.85e+10
W2             575  6.73e+12  6.73e+12
P1        1.05e-19  1.46e-11  1.46e-11

Temperature = 1.6e+03 K    Pressure = 100 atm

From\To         W1        W2        P1
W1        7.92e+10  3.01e+09  7.62e+10
W2        3.95e+03  1.29e+13  1.29e+13
P1         2.8e-19  3.18e-11  3.18e-11

Temperature = 1.7e+03 K

High Pressure Rate Coefficients:

From\To         W1        W2        P1
W1             ***  7.89e+12       ***
W2         1.8e+07       ***  1.08e+14
P1             ***  2.95e-10       ***

Temperature = 1.7e+03 K    Pressure = 0.1 atm

From\To         W1        W2        P1
W1        2.88e+09       ***  2.88e+09
W2             ***       ***       ***
P1        1.75e-20       ***  1.75e-20

Temperature = 1.7e+03 K    Pressure = 1 atm

From\To         W1        W2        P1
W1        9.22e+09       ***  9.22e+09
W2             ***       ***       ***
P1        5.73e-20       ***  5.73e-20

Temperature = 1.7e+03 K    Pressure = 10 atm

From\To         W1        W2        P1
W1        2.74e+10  1.31e+09  2.61e+10
W2        2.23e+03  6.68e+12  6.68e+12
P1        1.66e-19  1.59e-11  1.59e-11

Temperature = 1.7e+03 K    Pressure = 100 atm

From\To         W1        W2        P1
W1        7.48e+10  5.88e+09   6.9e+10
W2        1.27e+04  1.28e+13  1.28e+13
P1        4.35e-19  3.39e-11  3.39e-11

Temperature = 1.8e+03 K

High Pressure Rate Coefficients:

From\To         W1        W2        P1
W1             ***  8.37e+12       ***
W2         2.9e+07       ***  1.01e+14
P1             ***  2.98e-10       ***

Temperature = 1.8e+03 K    Pressure = 0.1 atm

From\To         W1        W2        P1
W1        2.61e+09       ***  2.62e+09
W2             ***       ***       ***
P1        2.56e-20       ***  2.56e-20

Temperature = 1.8e+03 K    Pressure = 1 atm

From\To         W1        W2        P1
W1        8.46e+09       ***  8.47e+09
W2             ***       ***       ***
P1        8.51e-20       ***  8.52e-20

Temperature = 1.8e+03 K    Pressure = 10 atm

From\To         W1        W2        P1
W1        2.53e+10  2.38e+09  2.29e+10
W2        6.08e+03  6.27e+12  6.27e+12
P1        2.41e-19  1.56e-11  1.56e-11

Temperature = 1.8e+03 K    Pressure = 100 atm

From\To         W1        W2        P1
W1        6.94e+10  9.34e+09     6e+10
W2        3.05e+04  1.19e+13  1.19e+13
P1        6.19e-19  3.36e-11  3.36e-11

Temperature = 1.9e+03 K

High Pressure Rate Coefficients:

From\To         W1        W2        P1
W1             ***  8.83e+12       ***
W2        4.43e+07       ***  9.51e+13
P1             ***     3e-10       ***

Temperature = 1.9e+03 K    Pressure = 0.1 atm

From\To         W1        W2        P1
W1        2.22e+09       ***  2.22e+09
W2             ***       ***       ***
P1        3.38e-20       ***  3.38e-20

Temperature = 1.9e+03 K    Pressure = 1 atm

From\To         W1        W2        P1
W1        7.49e+09       ***   7.5e+09
W2             ***       ***       ***
P1        1.17e-19       ***  1.17e-19

Temperature = 1.9e+03 K    Pressure = 10 atm

From\To         W1        W2        P1
W1        2.28e+10  3.62e+09  1.91e+10
W2        1.35e+04  5.95e+12  5.95e+12
P1        3.22e-19   1.6e-11   1.6e-11

Temperature = 1.9e+03 K    Pressure = 100 atm

From\To         W1        W2        P1
W1         6.3e+10  1.33e+10  4.98e+10
W2        6.32e+04  1.12e+13  1.12e+13
P1        8.04e-19  3.41e-11  3.41e-11

Temperature = 2e+03 K

High Pressure Rate Coefficients:

From\To         W1        W2        P1
W1             ***  9.28e+12       ***
W2        6.49e+07       ***  8.94e+13
P1             ***  3.03e-10       ***

Temperature = 2e+03 K    Pressure = 0.1 atm

From\To         W1        W2        P1
W1        1.74e+09       ***  1.74e+09
W2             ***       ***       ***
P1        3.96e-20       ***  3.96e-20

Temperature = 2e+03 K    Pressure = 1 atm

From\To         W1        W2        P1
W1        6.38e+09       ***  6.39e+09
W2             ***       ***       ***
P1        1.49e-19       ***  1.49e-19

Temperature = 2e+03 K    Pressure = 10 atm

From\To         W1        W2        P1
W1           2e+10  5.01e+09   1.5e+10
W2        2.57e+04  5.67e+12  5.67e+12
P1        3.97e-19  1.63e-11  1.63e-11

Temperature = 2e+03 K    Pressure = 100 atm

From\To         W1        W2        P1
W1        5.62e+10  1.73e+10  3.89e+10
W2        1.16e+05  1.06e+13  1.06e+13
P1         9.5e-19  3.47e-11  3.47e-11

______________________________________________________________________________________

High Pressure Rate Coefficients (Temperature-Species Rate Tables):

Reactant = W1
   T(K)        W1        W2        P1
    500       ***  1.04e+12       ***
    600       ***  1.61e+12       ***
    700       ***  2.22e+12       ***
    800       ***  2.85e+12       ***
    900       ***  3.47e+12       ***
  1e+03       ***  4.08e+12       ***
1.1e+03       ***  4.68e+12       ***
1.2e+03       ***  5.26e+12       ***
1.3e+03       ***  5.82e+12       ***
1.4e+03       ***  6.36e+12       ***
1.5e+03       ***  6.88e+12       ***
1.6e+03       ***  7.39e+12       ***
1.7e+03       ***  7.89e+12       ***
1.8e+03       ***  8.37e+12       ***
1.9e+03       ***  8.83e+12       ***
  2e+03       ***  9.28e+12       ***

Reactant = W2
   T(K)        W1        W2        P1
    500    0.0219       ***  8.56e+13
    600      2.96       ***  1.15e+14
    700      95.9       ***  1.35e+14
    800  1.29e+03       ***  1.46e+14
    900   9.6e+03       ***   1.5e+14
  1e+03  4.77e+04       ***   1.5e+14
1.1e+03  1.77e+05       ***  1.46e+14
1.2e+03  5.27e+05       ***  1.41e+14
1.3e+03  1.33e+06       ***  1.35e+14
1.4e+03  2.93e+06       ***  1.28e+14
1.5e+03  5.82e+06       ***  1.21e+14
1.6e+03  1.06e+07       ***  1.14e+14
1.7e+03   1.8e+07       ***  1.08e+14
1.8e+03   2.9e+07       ***  1.01e+14
1.9e+03  4.43e+07       ***  9.51e+13
  2e+03  6.49e+07       ***  8.94e+13

Reactant = P1
   T(K)        W1        W2        P1
    500       ***  2.41e-10       ***
    600       ***  2.48e-10       ***
    700       ***  2.54e-10       ***
    800       ***   2.6e-10       ***
    900       ***  2.65e-10       ***
  1e+03       ***   2.7e-10       ***
1.1e+03       ***  2.74e-10       ***
1.2e+03       ***  2.78e-10       ***
1.3e+03       ***  2.82e-10       ***
1.4e+03       ***  2.86e-10       ***
1.5e+03       ***  2.89e-10       ***
1.6e+03       ***  2.92e-10       ***
1.7e+03       ***  2.95e-10       ***
1.8e+03       ***  2.98e-10       ***
1.9e+03       ***     3e-10       ***
  2e+03       ***  3.03e-10       ***

Capture/Escape Rate Coefficients:

   T(K)        W1        W2        P1
    500  1.04e+12  8.56e+13  2.41e-10
    600  1.61e+12  1.15e+14  2.48e-10
    700  2.22e+12  1.35e+14  2.54e-10
    800  2.85e+12  1.46e+14   2.6e-10
    900  3.47e+12   1.5e+14  2.65e-10
  1e+03  4.08e+12   1.5e+14   2.7e-10
1.1e+03  4.68e+12  1.46e+14  2.74e-10
1.2e+03  5.26e+12  1.41e+14  2.78e-10
1.3e+03  5.82e+12  1.35e+14  2.82e-10
1.4e+03  6.36e+12  1.28e+14  2.86e-10
1.5e+03  6.88e+12  1.21e+14  2.89e-10
1.6e+03  7.39e+12  1.14e+14  2.92e-10
1.7e+03  7.89e+12  1.08e+14  2.95e-10
1.8e+03  8.37e+12  1.01e+14  2.98e-10
1.9e+03  8.83e+12  9.51e+13     3e-10
  2e+03  9.28e+12  8.94e+13  3.03e-10

______________________________________________________________________________________

Pressure-Species Rate Tables:

Reactant = W1   Temperature = 500 K

   P(atm)        W2        P1      Loss
      0.1 -9.58e+05  1.37e+10  1.38e+10
        1      66.6  4.13e+10  4.13e+10
       10  4.38e+05  1.05e+11  1.05e+11
      100  2.93e+06  2.31e+11  2.31e+11
      O-O  1.04e+12       ***  1.04e+12

Reactant = W1   Temperature = 600 K

   P(atm)        W2        P1      Loss
      0.1       ***  1.16e+10  1.16e+10
        1  1.31e+05  3.62e+10  3.62e+10
       10  8.33e+05  9.67e+10  9.67e+10
      100  5.16e+06  2.26e+11  2.26e+11
      O-O  1.61e+12       ***  1.61e+12

Reactant = W1   Temperature = 700 K

   P(atm)        W2        P1      Loss
      0.1       ***  9.75e+09  9.76e+09
        1  4.31e+04  3.08e+10  3.09e+10
       10  1.08e+06  8.51e+10  8.51e+10
      100  6.46e+06  2.07e+11  2.07e+11
      O-O  2.22e+12       ***  2.22e+12

Reactant = W1   Temperature = 800 K

   P(atm)        W2        P1      Loss
      0.1       ***   8.7e+09   8.7e+09
        1       ***  2.76e+10  2.76e+10
       10  1.35e+06  7.71e+10  7.71e+10
      100  7.69e+06  1.91e+11  1.91e+11
      O-O  2.85e+12       ***  2.85e+12

Reactant = W1   Temperature = 900 K

   P(atm)        W2        P1      Loss
      0.1       ***  7.73e+09  7.73e+09
        1       ***  2.45e+10  2.45e+10
       10  1.44e+06  6.91e+10  6.91e+10
      100  8.12e+06  1.74e+11  1.74e+11
      O-O  3.47e+12       ***  3.47e+12

Reactant = W1   Temperature = 1e+03 K

   P(atm)        W2        P1      Loss
      0.1       ***  7.04e+09  7.04e+09
        1       ***  2.22e+10  2.22e+10
       10  1.56e+06   6.3e+10   6.3e+10
      100  8.73e+06   1.6e+11   1.6e+11
      O-O  4.08e+12       ***  4.08e+12

Reactant = W1   Temperature = 1.1e+03 K

   P(atm)        W2        P1      Loss
      0.1       ***  5.92e+09  5.92e+09
        1       ***  1.87e+10  1.87e+10
       10  1.69e+06  5.39e+10  5.39e+10
      100  9.64e+06   1.4e+11   1.4e+11
      O-O  4.68e+12       ***  4.68e+12

Reactant = W1   Temperature = 1.2e+03 K

   P(atm)        W2        P1      Loss
      0.1       ***  5.29e+09  5.29e+09
        1       ***  1.67e+10  1.67e+10
       10  4.33e+06  4.84e+10  4.84e+10
      100  2.78e+07  1.26e+11  1.26e+11
      O-O  5.26e+12       ***  5.26e+12

Reactant = W1   Temperature = 1.3e+03 K

   P(atm)        W2        P1      Loss
      0.1       ***  4.47e+09  4.47e+09
        1       ***  1.42e+10  1.42e+10
       10  1.83e+07  4.14e+10  4.14e+10
      100  1.35e+08   1.1e+11   1.1e+11
      O-O  5.82e+12       ***  5.82e+12

Reactant = W1   Temperature = 1.4e+03 K

   P(atm)        W2        P1      Loss
      0.1       ***  4.11e+09  4.11e+09
        1       ***   1.3e+10   1.3e+10
       10  6.63e+07   3.8e+10  3.81e+10
      100  4.62e+08  1.01e+11  1.01e+11
      O-O  6.36e+12       ***  6.36e+12

Reactant = W1   Temperature = 1.5e+03 K

   P(atm)        W2        P1      Loss
      0.1       ***  3.63e+09  3.63e+09
        1       ***  1.15e+10  1.15e+10
       10  2.19e+08  3.36e+10  3.38e+10
      100  1.29e+09  8.96e+10  9.09e+10
      O-O  6.88e+12       ***  6.88e+12

Reactant = W1   Temperature = 1.6e+03 K

   P(atm)        W2        P1      Loss
      0.1       ***  3.08e+09  3.08e+09
        1       ***  9.83e+09  9.83e+09
       10  6.08e+08  2.85e+10  2.91e+10
      100  3.01e+09  7.62e+10  7.92e+10
      O-O  7.39e+12       ***  7.39e+12

Reactant = W1   Temperature = 1.7e+03 K

   P(atm)        W2        P1      Loss
      0.1       ***  2.88e+09  2.88e+09
        1       ***  9.22e+09  9.22e+09
       10  1.31e+09  2.61e+10  2.74e+10
      100  5.88e+09   6.9e+10  7.48e+10
      O-O  7.89e+12       ***  7.89e+12

Reactant = W1   Temperature = 1.8e+03 K

   P(atm)        W2        P1      Loss
      0.1       ***  2.62e+09  2.61e+09
        1       ***  8.47e+09  8.46e+09
       10  2.38e+09  2.29e+10  2.53e+10
      100  9.34e+09     6e+10  6.94e+10
      O-O  8.37e+12       ***  8.37e+12

Reactant = W1   Temperature = 1.9e+03 K

   P(atm)        W2        P1      Loss
      0.1       ***  2.22e+09  2.22e+09
        1       ***   7.5e+09  7.49e+09
       10  3.62e+09  1.91e+10  2.28e+10
      100  1.33e+10  4.98e+10   6.3e+10
      O-O  8.83e+12       ***  8.83e+12

Reactant = W1   Temperature = 2e+03 K

   P(atm)        W2        P1      Loss
      0.1       ***  1.74e+09  1.74e+09
        1       ***  6.39e+09  6.38e+09
       10  5.01e+09   1.5e+10     2e+10
      100  1.73e+10  3.89e+10  5.62e+10
      O-O  9.28e+12       ***  9.28e+12

Reactant = W2   Temperature = 500 K

   P(atm)        W1        P1      Loss
      0.1  4.52e-13  9.71e+10  9.71e+10
        1  5.31e-15  4.02e+11  4.02e+11
       10 -3.18e-14  1.43e+12  1.43e+12
      100 -1.36e-13  4.26e+12  4.26e+12
      O-O    0.0219  8.56e+13  8.56e+13

Reactant = W2   Temperature = 600 K

   P(atm)        W1        P1      Loss
      0.1       ***       ***       ***
        1 -3.28e-12  9.52e+11  9.52e+11
       10  -5.1e-11  2.74e+12  2.74e+12
      100 -1.99e-09  7.17e+12  7.17e+12
      O-O      2.96  1.15e+14  1.15e+14

Reactant = W2   Temperature = 700 K

   P(atm)        W1        P1      Loss
      0.1       ***       ***       ***
        1 -5.27e-10  1.53e+12  1.53e+12
       10  9.98e-09  3.88e+12  3.88e+12
      100 -6.61e-08  9.41e+12  9.41e+12
      O-O      95.9  1.35e+14  1.35e+14

Reactant = W2   Temperature = 800 K

   P(atm)        W1        P1      Loss
      0.1       ***       ***       ***
        1       ***       ***       ***
       10  3.24e-07  5.09e+12  5.09e+12
      100 -2.98e-06  1.16e+13  1.16e+13
      O-O  1.29e+03  1.46e+14  1.46e+14

Reactant = W2   Temperature = 900 K

   P(atm)        W1        P1      Loss
      0.1       ***       ***       ***
        1       ***       ***       ***
       10  5.19e-06  5.85e+12  5.85e+12
      100  0.000232  1.28e+13  1.28e+13
      O-O   9.6e+03   1.5e+14   1.5e+14

Reactant = W2   Temperature = 1e+03 K

   P(atm)        W1        P1      Loss
      0.1       ***       ***       ***
        1       ***       ***       ***
       10   6.8e-05  6.63e+12  6.63e+12
      100   0.00305   1.4e+13   1.4e+13
      O-O  4.77e+04   1.5e+14   1.5e+14

Reactant = W2   Temperature = 1.1e+03 K

   P(atm)        W1        P1      Loss
      0.1       ***       ***       ***
        1       ***       ***       ***
       10   0.00145  6.83e+12  6.83e+12
      100    0.0546  1.41e+13  1.41e+13
      O-O  1.77e+05  1.46e+14  1.46e+14

Reactant = W2   Temperature = 1.2e+03 K

   P(atm)        W1        P1      Loss
      0.1       ***       ***       ***
        1       ***       ***       ***
       10    0.0487   7.2e+12   7.2e+12
      100      1.53  1.45e+13  1.45e+13
      O-O  5.27e+05  1.41e+14  1.41e+14

Reactant = W2   Temperature = 1.3e+03 K

   P(atm)        W1        P1      Loss
      0.1       ***       ***       ***
        1       ***       ***       ***
       10      1.08  7.27e+12  7.27e+12
      100      23.9  1.44e+13  1.44e+13
      O-O  1.33e+06  1.35e+14  1.35e+14

Reactant = W2   Temperature = 1.4e+03 K

   P(atm)        W1        P1      Loss
      0.1       ***       ***       ***
        1       ***       ***       ***
       10      12.5  7.03e+12  7.03e+12
      100       182  1.38e+13  1.38e+13
      O-O  2.93e+06  1.28e+14  1.28e+14

Reactant = W2   Temperature = 1.5e+03 K

   P(atm)        W1        P1      Loss
      0.1       ***       ***       ***
        1       ***       ***       ***
       10       102  6.85e+12  6.85e+12
      100       974  1.33e+13  1.33e+13
      O-O  5.82e+06  1.21e+14  1.21e+14

Reactant = W2   Temperature = 1.6e+03 K

   P(atm)        W1        P1      Loss
      0.1       ***       ***       ***
        1       ***       ***       ***
       10       575  6.73e+12  6.73e+12
      100  3.95e+03  1.29e+13  1.29e+13
      O-O  1.06e+07  1.14e+14  1.14e+14

Reactant = W2   Temperature = 1.7e+03 K

   P(atm)        W1        P1      Loss
      0.1       ***       ***       ***
        1       ***       ***       ***
       10  2.23e+03  6.68e+12  6.68e+12
      100  1.27e+04  1.28e+13  1.28e+13
      O-O   1.8e+07  1.08e+14  1.08e+14

Reactant = W2   Temperature = 1.8e+03 K

   P(atm)        W1        P1      Loss
      0.1       ***       ***       ***
        1       ***       ***       ***
       10  6.08e+03  6.27e+12  6.27e+12
      100  3.05e+04  1.19e+13  1.19e+13
      O-O   2.9e+07  1.01e+14  1.01e+14

Reactant = W2   Temperature = 1.9e+03 K

   P(atm)        W1        P1      Loss
      0.1       ***       ***       ***
        1       ***       ***       ***
       10  1.35e+04  5.95e+12  5.95e+12
      100  6.32e+04  1.12e+13  1.12e+13
      O-O  4.43e+07  9.51e+13  9.51e+13

Reactant = W2   Temperature = 2e+03 K

   P(atm)        W1        P1      Loss
      0.1       ***       ***       ***
        1       ***       ***       ***
       10  2.57e+04  5.67e+12  5.67e+12
      100  1.16e+05  1.06e+13  1.06e+13
      O-O  6.49e+07  8.94e+13  8.94e+13

Reactant = P1   Temperature = 500 K

   P(atm)        W1        W2      Loss
      0.1  8.01e-28  2.36e-13  2.36e-13
        1  2.43e-27  1.07e-12  1.07e-12
       10  6.21e-27  3.94e-12  3.94e-12
      100  1.37e-26  1.19e-11  1.19e-11
      O-O       ***  2.41e-10  2.41e-10

Reactant = P1   Temperature = 600 K

   P(atm)        W1        W2      Loss
      0.1  4.52e-26       ***  2.72e-24
        1  1.42e-25   1.8e-12   1.8e-12
       10  3.82e-25  5.68e-12  5.68e-12
      100  8.93e-25  1.53e-11  1.53e-11
      O-O       ***  2.48e-10  2.48e-10

Reactant = P1   Temperature = 700 K

   P(atm)        W1        W2      Loss
      0.1  7.78e-25       *** -2.42e-24
        1  2.49e-24  2.35e-12  2.35e-12
       10  6.91e-24   6.9e-12   6.9e-12
      100  1.68e-23  1.75e-11  1.75e-11
      O-O       ***  2.54e-10  2.54e-10

Reactant = P1   Temperature = 800 K

   P(atm)        W1        W2      Loss
      0.1  6.85e-24       ***  1.38e-23
        1   2.2e-23       ***  4.28e-24
       10  6.19e-23  8.37e-12  8.37e-12
      100  1.54e-22  2.03e-11  2.03e-11
      O-O       ***   2.6e-10   2.6e-10

Reactant = P1   Temperature = 900 K

   P(atm)        W1        W2      Loss
      0.1  3.68e-23       ***  4.32e-23
        1  1.19e-22       ***  8.42e-23
       10  3.37e-22  9.36e-12  9.36e-12
      100  8.49e-22  2.21e-11  2.21e-11
      O-O       ***  2.65e-10  2.65e-10

Reactant = P1   Temperature = 1e+03 K

   P(atm)        W1        W2      Loss
      0.1  1.44e-22       ***  1.35e-22
        1  4.64e-22       ***  4.78e-22
       10  1.33e-21  1.06e-11  1.06e-11
      100  3.38e-21  2.45e-11  2.45e-11
      O-O       ***   2.7e-10   2.7e-10

Reactant = P1   Temperature = 1.1e+03 K

   P(atm)        W1        W2      Loss
      0.1  4.08e-22       ***  3.95e-22
        1  1.32e-21       ***  1.32e-21
       10  3.81e-21  1.13e-11  1.13e-11
      100  9.88e-21  2.57e-11  2.57e-11
      O-O       ***  2.74e-10  2.74e-10

Reactant = P1   Temperature = 1.2e+03 K

   P(atm)        W1        W2      Loss
      0.1  1.01e-21       ***  1.01e-21
        1  3.28e-21       ***  3.27e-21
       10  9.53e-21  1.23e-11  1.23e-11
      100   2.5e-20  2.77e-11  2.77e-11
      O-O       ***  2.78e-10  2.78e-10

Reactant = P1   Temperature = 1.3e+03 K

   P(atm)        W1        W2      Loss
      0.1  2.06e-21       ***  2.06e-21
        1   6.7e-21       ***   6.7e-21
       10  1.97e-20  1.31e-11  1.31e-11
      100  5.23e-20  2.91e-11  2.91e-11
      O-O       ***  2.82e-10  2.82e-10

Reactant = P1   Temperature = 1.4e+03 K

   P(atm)        W1        W2      Loss
      0.1  4.08e-21       ***  4.08e-21
        1  1.32e-20       ***  1.32e-20
       10  3.89e-20  1.34e-11  1.34e-11
      100  1.04e-19  2.97e-11  2.97e-11
      O-O       ***  2.86e-10  2.86e-10

Reactant = P1   Temperature = 1.5e+03 K

   P(atm)        W1        W2      Loss
      0.1  7.06e-21       ***  7.06e-21
        1  2.29e-20       ***  2.29e-20
       10  6.77e-20   1.4e-11   1.4e-11
      100  1.81e-19  3.06e-11  3.06e-11
      O-O       ***  2.89e-10  2.89e-10

Reactant = P1   Temperature = 1.6e+03 K

   P(atm)        W1        W2      Loss
      0.1  1.09e-20       ***  1.09e-20
        1  3.56e-20       ***  3.56e-20
       10  1.05e-19  1.46e-11  1.46e-11
      100   2.8e-19  3.18e-11  3.18e-11
      O-O       ***  2.92e-10  2.92e-10

Reactant = P1   Temperature = 1.7e+03 K

   P(atm)        W1        W2      Loss
      0.1  1.75e-20       ***  1.75e-20
        1  5.73e-20       ***  5.73e-20
       10  1.66e-19  1.59e-11  1.59e-11
      100  4.35e-19  3.39e-11  3.39e-11
      O-O       ***  2.95e-10  2.95e-10

Reactant = P1   Temperature = 1.8e+03 K

   P(atm)        W1        W2      Loss
      0.1  2.56e-20       ***  2.56e-20
        1  8.51e-20       ***  8.52e-20
       10  2.41e-19  1.56e-11  1.56e-11
      100  6.19e-19  3.36e-11  3.36e-11
      O-O       ***  2.98e-10  2.98e-10

Reactant = P1   Temperature = 1.9e+03 K

   P(atm)        W1        W2      Loss
      0.1  3.38e-20       ***  3.38e-20
        1  1.17e-19       ***  1.17e-19
       10  3.22e-19   1.6e-11   1.6e-11
      100  8.04e-19  3.41e-11  3.41e-11
      O-O       ***     3e-10     3e-10

Reactant = P1   Temperature = 2e+03 K

   P(atm)        W1        W2      Loss
      0.1  3.96e-20       ***  3.96e-20
        1  1.49e-19       ***  1.49e-19
       10  3.97e-19  1.63e-11  1.63e-11
      100   9.5e-19  3.47e-11  3.47e-11
      O-O       ***  3.03e-10  3.03e-10

______________________________________________________________________________________

Temperature-Species Rate Tables:

Reactant = W1   Pressure = 0.1 atm

   T(K)        W2        P1      Loss   Capture
    500 -9.58e+05  1.37e+10  1.38e+10  1.04e+12
    600       ***  1.16e+10  1.16e+10  1.61e+12
    700       ***  9.75e+09  9.76e+09  2.22e+12
    800       ***   8.7e+09   8.7e+09  2.85e+12
    900       ***  7.73e+09  7.73e+09  3.47e+12
  1e+03       ***  7.04e+09  7.04e+09  4.08e+12
1.1e+03       ***  5.92e+09  5.92e+09  4.68e+12
1.2e+03       ***  5.29e+09  5.29e+09  5.26e+12
1.3e+03       ***  4.47e+09  4.47e+09  5.82e+12
1.4e+03       ***  4.11e+09  4.11e+09  6.36e+12
1.5e+03       ***  3.63e+09  3.63e+09  6.88e+12
1.6e+03       ***  3.08e+09  3.08e+09  7.39e+12
1.7e+03       ***  2.88e+09  2.88e+09  7.89e+12
1.8e+03       ***  2.62e+09  2.61e+09  8.37e+12
1.9e+03       ***  2.22e+09  2.22e+09  8.83e+12
  2e+03       ***  1.74e+09  1.74e+09  9.28e+12

Reactant = W1   Pressure = 1 atm

   T(K)        W2        P1      Loss   Capture
    500      66.6  4.13e+10  4.13e+10  1.04e+12
    600  1.31e+05  3.62e+10  3.62e+10  1.61e+12
    700  4.31e+04  3.08e+10  3.09e+10  2.22e+12
    800       ***  2.76e+10  2.76e+10  2.85e+12
    900       ***  2.45e+10  2.45e+10  3.47e+12
  1e+03       ***  2.22e+10  2.22e+10  4.08e+12
1.1e+03       ***  1.87e+10  1.87e+10  4.68e+12
1.2e+03       ***  1.67e+10  1.67e+10  5.26e+12
1.3e+03       ***  1.42e+10  1.42e+10  5.82e+12
1.4e+03       ***   1.3e+10   1.3e+10  6.36e+12
1.5e+03       ***  1.15e+10  1.15e+10  6.88e+12
1.6e+03       ***  9.83e+09  9.83e+09  7.39e+12
1.7e+03       ***  9.22e+09  9.22e+09  7.89e+12
1.8e+03       ***  8.47e+09  8.46e+09  8.37e+12
1.9e+03       ***   7.5e+09  7.49e+09  8.83e+12
  2e+03       ***  6.39e+09  6.38e+09  9.28e+12

Reactant = W1   Pressure = 10 atm

   T(K)        W2        P1      Loss   Capture
    500  4.38e+05  1.05e+11  1.05e+11  1.04e+12
    600  8.33e+05  9.67e+10  9.67e+10  1.61e+12
    700  1.08e+06  8.51e+10  8.51e+10  2.22e+12
    800  1.35e+06  7.71e+10  7.71e+10  2.85e+12
    900  1.44e+06  6.91e+10  6.91e+10  3.47e+12
  1e+03  1.56e+06   6.3e+10   6.3e+10  4.08e+12
1.1e+03  1.69e+06  5.39e+10  5.39e+10  4.68e+12
1.2e+03  4.33e+06  4.84e+10  4.84e+10  5.26e+12
1.3e+03  1.83e+07  4.14e+10  4.14e+10  5.82e+12
1.4e+03  6.63e+07   3.8e+10  3.81e+10  6.36e+12
1.5e+03  2.19e+08  3.36e+10  3.38e+10  6.88e+12
1.6e+03  6.08e+08  2.85e+10  2.91e+10  7.39e+12
1.7e+03  1.31e+09  2.61e+10  2.74e+10  7.89e+12
1.8e+03  2.38e+09  2.29e+10  2.53e+10  8.37e+12
1.9e+03  3.62e+09  1.91e+10  2.28e+10  8.83e+12
  2e+03  5.01e+09   1.5e+10     2e+10  9.28e+12

Reactant = W1   Pressure = 100 atm

   T(K)        W2        P1      Loss   Capture
    500  2.93e+06  2.31e+11  2.31e+11  1.04e+12
    600  5.16e+06  2.26e+11  2.26e+11  1.61e+12
    700  6.46e+06  2.07e+11  2.07e+11  2.22e+12
    800  7.69e+06  1.91e+11  1.91e+11  2.85e+12
    900  8.12e+06  1.74e+11  1.74e+11  3.47e+12
  1e+03  8.73e+06   1.6e+11   1.6e+11  4.08e+12
1.1e+03  9.64e+06   1.4e+11   1.4e+11  4.68e+12
1.2e+03  2.78e+07  1.26e+11  1.26e+11  5.26e+12
1.3e+03  1.35e+08   1.1e+11   1.1e+11  5.82e+12
1.4e+03  4.62e+08  1.01e+11  1.01e+11  6.36e+12
1.5e+03  1.29e+09  8.96e+10  9.09e+10  6.88e+12
1.6e+03  3.01e+09  7.62e+10  7.92e+10  7.39e+12
1.7e+03  5.88e+09   6.9e+10  7.48e+10  7.89e+12
1.8e+03  9.34e+09     6e+10  6.94e+10  8.37e+12
1.9e+03  1.33e+10  4.98e+10   6.3e+10  8.83e+12
  2e+03  1.73e+10  3.89e+10  5.62e+10  9.28e+12

Reactant = W2   Pressure = 0.1 atm

   T(K)        W1        P1      Loss   Capture
    500  4.52e-13  9.71e+10  9.71e+10  8.56e+13
    600       ***       ***       ***  1.15e+14
    700       ***       ***       ***  1.35e+14
    800       ***       ***       ***  1.46e+14
    900       ***       ***       ***   1.5e+14
  1e+03       ***       ***       ***   1.5e+14
1.1e+03       ***       ***       ***  1.46e+14
1.2e+03       ***       ***       ***  1.41e+14
1.3e+03       ***       ***       ***  1.35e+14
1.4e+03       ***       ***       ***  1.28e+14
1.5e+03       ***       ***       ***  1.21e+14
1.6e+03       ***       ***       ***  1.14e+14
1.7e+03       ***       ***       ***  1.08e+14
1.8e+03       ***       ***       ***  1.01e+14
1.9e+03       ***       ***       ***  9.51e+13
  2e+03       ***       ***       ***  8.94e+13

Reactant = W2   Pressure = 1 atm

   T(K)        W1        P1      Loss   Capture
    500  5.31e-15  4.02e+11  4.02e+11  8.56e+13
    600 -3.28e-12  9.52e+11  9.52e+11  1.15e+14
    700 -5.27e-10  1.53e+12  1.53e+12  1.35e+14
    800       ***       ***       ***  1.46e+14
    900       ***       ***       ***   1.5e+14
  1e+03       ***       ***       ***   1.5e+14
1.1e+03       ***       ***       ***  1.46e+14
1.2e+03       ***       ***       ***  1.41e+14
1.3e+03       ***       ***       ***  1.35e+14
1.4e+03       ***       ***       ***  1.28e+14
1.5e+03       ***       ***       ***  1.21e+14
1.6e+03       ***       ***       ***  1.14e+14
1.7e+03       ***       ***       ***  1.08e+14
1.8e+03       ***       ***       ***  1.01e+14
1.9e+03       ***       ***       ***  9.51e+13
  2e+03       ***       ***       ***  8.94e+13

Reactant = W2   Pressure = 10 atm

   T(K)        W1        P1      Loss   Capture
    500 -3.18e-14  1.43e+12  1.43e+12  8.56e+13
    600  -5.1e-11  2.74e+12  2.74e+12  1.15e+14
    700  9.98e-09  3.88e+12  3.88e+12  1.35e+14
    800  3.24e-07  5.09e+12  5.09e+12  1.46e+14
    900  5.19e-06  5.85e+12  5.85e+12   1.5e+14
  1e+03   6.8e-05  6.63e+12  6.63e+12   1.5e+14
1.1e+03   0.00145  6.83e+12  6.83e+12  1.46e+14
1.2e+03    0.0487   7.2e+12   7.2e+12  1.41e+14
1.3e+03      1.08  7.27e+12  7.27e+12  1.35e+14
1.4e+03      12.5  7.03e+12  7.03e+12  1.28e+14
1.5e+03       102  6.85e+12  6.85e+12  1.21e+14
1.6e+03       575  6.73e+12  6.73e+12  1.14e+14
1.7e+03  2.23e+03  6.68e+12  6.68e+12  1.08e+14
1.8e+03  6.08e+03  6.27e+12  6.27e+12  1.01e+14
1.9e+03  1.35e+04  5.95e+12  5.95e+12  9.51e+13
  2e+03  2.57e+04  5.67e+12  5.67e+12  8.94e+13

Reactant = W2   Pressure = 100 atm

   T(K)        W1        P1      Loss   Capture
    500 -1.36e-13  4.26e+12  4.26e+12  8.56e+13
    600 -1.99e-09  7.17e+12  7.17e+12  1.15e+14
    700 -6.61e-08  9.41e+12  9.41e+12  1.35e+14
    800 -2.98e-06  1.16e+13  1.16e+13  1.46e+14
    900  0.000232  1.28e+13  1.28e+13   1.5e+14
  1e+03   0.00305   1.4e+13   1.4e+13   1.5e+14
1.1e+03    0.0546  1.41e+13  1.41e+13  1.46e+14
1.2e+03      1.53  1.45e+13  1.45e+13  1.41e+14
1.3e+03      23.9  1.44e+13  1.44e+13  1.35e+14
1.4e+03       182  1.38e+13  1.38e+13  1.28e+14
1.5e+03       974  1.33e+13  1.33e+13  1.21e+14
1.6e+03  3.95e+03  1.29e+13  1.29e+13  1.14e+14
1.7e+03  1.27e+04  1.28e+13  1.28e+13  1.08e+14
1.8e+03  3.05e+04  1.19e+13  1.19e+13  1.01e+14
1.9e+03  6.32e+04  1.12e+13  1.12e+13  9.51e+13
  2e+03  1.16e+05  1.06e+13  1.06e+13  8.94e+13

Reactant = P1   Pressure = 0.1 atm

   T(K)        W1        W2      Loss   Capture
    500  8.01e-28  2.36e-13  2.36e-13  2.41e-10
    600  4.52e-26       ***  2.72e-24  2.48e-10
    700  7.78e-25       *** -2.42e-24  2.54e-10
    800  6.85e-24       ***  1.38e-23   2.6e-10
    900  3.68e-23       ***  4.32e-23  2.65e-10
  1e+03  1.44e-22       ***  1.35e-22   2.7e-10
1.1e+03  4.08e-22       ***  3.95e-22  2.74e-10
1.2e+03  1.01e-21       ***  1.01e-21  2.78e-10
1.3e+03  2.06e-21       ***  2.06e-21  2.82e-10
1.4e+03  4.08e-21       ***  4.08e-21  2.86e-10
1.5e+03  7.06e-21       ***  7.06e-21  2.89e-10
1.6e+03  1.09e-20       ***  1.09e-20  2.92e-10
1.7e+03  1.75e-20       ***  1.75e-20  2.95e-10
1.8e+03  2.56e-20       ***  2.56e-20  2.98e-10
1.9e+03  3.38e-20       ***  3.38e-20     3e-10
  2e+03  3.96e-20       ***  3.96e-20  3.03e-10

Reactant = P1   Pressure = 1 atm

   T(K)        W1        W2      Loss   Capture
    500  2.43e-27  1.07e-12  1.07e-12  2.41e-10
    600  1.42e-25   1.8e-12   1.8e-12  2.48e-10
    700  2.49e-24  2.35e-12  2.35e-12  2.54e-10
    800   2.2e-23       ***  4.28e-24   2.6e-10
    900  1.19e-22       ***  8.42e-23  2.65e-10
  1e+03  4.64e-22       ***  4.78e-22   2.7e-10
1.1e+03  1.32e-21       ***  1.32e-21  2.74e-10
1.2e+03  3.28e-21       ***  3.27e-21  2.78e-10
1.3e+03   6.7e-21       ***   6.7e-21  2.82e-10
1.4e+03  1.32e-20       ***  1.32e-20  2.86e-10
1.5e+03  2.29e-20       ***  2.29e-20  2.89e-10
1.6e+03  3.56e-20       ***  3.56e-20  2.92e-10
1.7e+03  5.73e-20       ***  5.73e-20  2.95e-10
1.8e+03  8.51e-20       ***  8.52e-20  2.98e-10
1.9e+03  1.17e-19       ***  1.17e-19     3e-10
  2e+03  1.49e-19       ***  1.49e-19  3.03e-10

Reactant = P1   Pressure = 10 atm

   T(K)        W1        W2      Loss   Capture
    500  6.21e-27  3.94e-12  3.94e-12  2.41e-10
    600  3.82e-25  5.68e-12  5.68e-12  2.48e-10
    700  6.91e-24   6.9e-12   6.9e-12  2.54e-10
    800  6.19e-23  8.37e-12  8.37e-12   2.6e-10
    900  3.37e-22  9.36e-12  9.36e-12  2.65e-10
  1e+03  1.33e-21  1.06e-11  1.06e-11   2.7e-10
1.1e+03  3.81e-21  1.13e-11  1.13e-11  2.74e-10
1.2e+03  9.53e-21  1.23e-11  1.23e-11  2.78e-10
1.3e+03  1.97e-20  1.31e-11  1.31e-11  2.82e-10
1.4e+03  3.89e-20  1.34e-11  1.34e-11  2.86e-10
1.5e+03  6.77e-20   1.4e-11   1.4e-11  2.89e-10
1.6e+03  1.05e-19  1.46e-11  1.46e-11  2.92e-10
1.7e+03  1.66e-19  1.59e-11  1.59e-11  2.95e-10
1.8e+03  2.41e-19  1.56e-11  1.56e-11  2.98e-10
1.9e+03  3.22e-19   1.6e-11   1.6e-11     3e-10
  2e+03  3.97e-19  1.63e-11  1.63e-11  3.03e-10

Reactant = P1   Pressure = 100 atm

   T(K)        W1        W2      Loss   Capture
    500  1.37e-26  1.19e-11  1.19e-11  2.41e-10
    600  8.93e-25  1.53e-11  1.53e-11  2.48e-10
    700  1.68e-23  1.75e-11  1.75e-11  2.54e-10
    800  1.54e-22  2.03e-11  2.03e-11   2.6e-10
    900  8.49e-22  2.21e-11  2.21e-11  2.65e-10
  1e+03  3.38e-21  2.45e-11  2.45e-11   2.7e-10
1.1e+03  9.88e-21  2.57e-11  2.57e-11  2.74e-10
1.2e+03   2.5e-20  2.77e-11  2.77e-11  2.78e-10
1.3e+03  5.23e-20  2.91e-11  2.91e-11  2.82e-10
1.4e+03  1.04e-19  2.97e-11  2.97e-11  2.86e-10
1.5e+03  1.81e-19  3.06e-11  3.06e-11  2.89e-10
1.6e+03   2.8e-19  3.18e-11  3.18e-11  2.92e-10
1.7e+03  4.35e-19  3.39e-11  3.39e-11  2.95e-10
1.8e+03  6.19e-19  3.36e-11  3.36e-11  2.98e-10
1.9e+03  8.04e-19  3.41e-11  3.41e-11     3e-10
  2e+03   9.5e-19  3.47e-11  3.47e-11  3.03e-10

______________________________________________________________________________________

Temperature-Pressure Rate Tables:

W1->W2

P\T           500       600       700       800       900     1e+03   1.1e+03   1.2e+03   1.3e+03   1.4e+03   1.5e+03   1.6e+03   1.7e+03   1.8e+03   1.9e+03     2e+03
0.1     -9.58e+05       ***       ***       ***       ***       ***       ***       ***       ***       ***       ***       ***       ***       ***       ***       ***
1            66.6  1.31e+05  4.31e+04       ***       ***       ***       ***       ***       ***       ***       ***       ***       ***       ***       ***       ***
10       4.38e+05  8.33e+05  1.08e+06  1.35e+06  1.44e+06  1.56e+06  1.69e+06  4.33e+06  1.83e+07  6.63e+07  2.19e+08  6.08e+08  1.31e+09  2.38e+09  3.62e+09  5.01e+09
100      2.93e+06  5.16e+06  6.46e+06  7.69e+06  8.12e+06  8.73e+06  9.64e+06  2.78e+07  1.35e+08  4.62e+08  1.29e+09  3.01e+09  5.88e+09  9.34e+09  1.33e+10  1.73e+10
O-O      1.04e+12  1.61e+12  2.22e+12  2.85e+12  3.47e+12  4.08e+12  4.68e+12  5.26e+12  5.82e+12  6.36e+12  6.88e+12  7.39e+12  7.89e+12  8.37e+12  8.83e+12  9.28e+12

W1->P1

P\T           500       600       700       800       900     1e+03   1.1e+03   1.2e+03   1.3e+03   1.4e+03   1.5e+03   1.6e+03   1.7e+03   1.8e+03   1.9e+03     2e+03
0.1      1.37e+10  1.16e+10  9.75e+09   8.7e+09  7.73e+09  7.04e+09  5.92e+09  5.29e+09  4.47e+09  4.11e+09  3.63e+09  3.08e+09  2.88e+09  2.62e+09  2.22e+09  1.74e+09
1        4.13e+10  3.62e+10  3.08e+10  2.76e+10  2.45e+10  2.22e+10  1.87e+10  1.67e+10  1.42e+10   1.3e+10  1.15e+10  9.83e+09  9.22e+09  8.47e+09   7.5e+09  6.39e+09
10       1.05e+11  9.67e+10  8.51e+10  7.71e+10  6.91e+10   6.3e+10  5.39e+10  4.84e+10  4.14e+10   3.8e+10  3.36e+10  2.85e+10  2.61e+10  2.29e+10  1.91e+10   1.5e+10
100      2.31e+11  2.26e+11  2.07e+11  1.91e+11  1.74e+11   1.6e+11   1.4e+11  1.26e+11   1.1e+11  1.01e+11  8.96e+10  7.62e+10   6.9e+10     6e+10  4.98e+10  3.89e+10
O-O           ***       ***       ***       ***       ***       ***       ***       ***       ***       ***       ***       ***       ***       ***       ***       ***

W2->W1

P\T           500       600       700       800       900     1e+03   1.1e+03   1.2e+03   1.3e+03   1.4e+03   1.5e+03   1.6e+03   1.7e+03   1.8e+03   1.9e+03     2e+03
0.1      4.52e-13       ***       ***       ***       ***       ***       ***       ***       ***       ***       ***       ***       ***       ***       ***       ***
1        5.31e-15 -3.28e-12 -5.27e-10       ***       ***       ***       ***       ***       ***       ***       ***       ***       ***       ***       ***       ***
10      -3.18e-14  -5.1e-11  9.98e-09  3.24e-07  5.19e-06   6.8e-05   0.00145    0.0487      1.08      12.5       102       575  2.23e+03  6.08e+03  1.35e+04  2.57e+04
100     -1.36e-13 -1.99e-09 -6.61e-08 -2.98e-06  0.000232   0.00305    0.0546      1.53      23.9       182       974  3.95e+03  1.27e+04  3.05e+04  6.32e+04  1.16e+05
O-O        0.0219      2.96      95.9  1.29e+03   9.6e+03  4.77e+04  1.77e+05  5.27e+05  1.33e+06  2.93e+06  5.82e+06  1.06e+07   1.8e+07   2.9e+07  4.43e+07  6.49e+07

W2->P1

P\T           500       600       700       800       900     1e+03   1.1e+03   1.2e+03   1.3e+03   1.4e+03   1.5e+03   1.6e+03   1.7e+03   1.8e+03   1.9e+03     2e+03
0.1      9.71e+10       ***       ***       ***       ***       ***       ***       ***       ***       ***       ***       ***       ***       ***       ***       ***
1        4.02e+11  9.52e+11  1.53e+12       ***       ***       ***       ***       ***       ***       ***       ***       ***       ***       ***       ***       ***
10       1.43e+12  2.74e+12  3.88e+12  5.09e+12  5.85e+12  6.63e+12  6.83e+12   7.2e+12  7.27e+12  7.03e+12  6.85e+12  6.73e+12  6.68e+12  6.27e+12  5.95e+12  5.67e+12
100      4.26e+12  7.17e+12  9.41e+12  1.16e+13  1.28e+13   1.4e+13  1.41e+13  1.45e+13  1.44e+13  1.38e+13  1.33e+13  1.29e+13  1.28e+13  1.19e+13  1.12e+13  1.06e+13
O-O      8.56e+13  1.15e+14  1.35e+14  1.46e+14   1.5e+14   1.5e+14  1.46e+14  1.41e+14  1.35e+14  1.28e+14  1.21e+14  1.14e+14  1.08e+14  1.01e+14  9.51e+13  8.94e+13

P1->W1

P\T           500       600       700       800       900     1e+03   1.1e+03   1.2e+03   1.3e+03   1.4e+03   1.5e+03   1.6e+03   1.7e+03   1.8e+03   1.9e+03     2e+03
0.1      8.01e-28  4.52e-26  7.78e-25  6.85e-24  3.68e-23  1.44e-22  4.08e-22  1.01e-21  2.06e-21  4.08e-21  7.06e-21  1.09e-20  1.75e-20  2.56e-20  3.38e-20  3.96e-20
1        2.43e-27  1.42e-25  2.49e-24   2.2e-23  1.19e-22  4.64e-22  1.32e-21  3.28e-21   6.7e-21  1.32e-20  2.29e-20  3.56e-20  5.73e-20  8.51e-20  1.17e-19  1.49e-19
10       6.21e-27  3.82e-25  6.91e-24  6.19e-23  3.37e-22  1.33e-21  3.81e-21  9.53e-21  1.97e-20  3.89e-20  6.77e-20  1.05e-19  1.66e-19  2.41e-19  3.22e-19  3.97e-19
100      1.37e-26  8.93e-25  1.68e-23  1.54e-22  8.49e-22  3.38e-21  9.88e-21   2.5e-20  5.23e-20  1.04e-19  1.81e-19   2.8e-19  4.35e-19  6.19e-19  8.04e-19   9.5e-19
O-O           ***       ***       ***       ***       ***       ***       ***       ***       ***       ***       ***       ***       ***       ***       ***       ***

P1->W2

P\T           500       600       700       800       900     1e+03   1.1e+03   1.2e+03   1.3e+03   1.4e+03   1.5e+03   1.6e+03   1.7e+03   1.8e+03   1.9e+03     2e+03
0.1      2.36e-13       ***       ***       ***       ***       ***       ***       ***       ***       ***       ***       ***       ***       ***       ***       ***
1        1.07e-12   1.8e-12  2.35e-12       ***       ***       ***       ***       ***       ***       ***       ***       ***       ***       ***       ***       ***
10       3.94e-12  5.68e-12   6.9e-12  8.37e-12  9.36e-12  1.06e-11  1.13e-11  1.23e-11  1.31e-11  1.34e-11   1.4e-11  1.46e-11  1.59e-11  1.56e-11   1.6e-11  1.63e-11
100      1.19e-11  1.53e-11  1.75e-11  2.03e-11  2.21e-11  2.45e-11  2.57e-11  2.77e-11  2.91e-11  2.97e-11  3.06e-11  3.18e-11  3.39e-11  3.36e-11  3.41e-11  3.47e-11
O-O      2.41e-10  2.48e-10  2.54e-10   2.6e-10  2.65e-10   2.7e-10  2.74e-10  2.78e-10  2.82e-10  2.86e-10  2.89e-10  2.92e-10  2.95e-10  2.98e-10     3e-10  3.03e-10

W1-> 

P\T           500       600       700       800       900     1e+03   1.1e+03   1.2e+03   1.3e+03   1.4e+03   1.5e+03   1.6e+03   1.7e+03   1.8e+03   1.9e+03     2e+03
0.1      1.38e+10  1.16e+10  9.76e+09   8.7e+09  7.73e+09  7.04e+09  5.92e+09  5.29e+09  4.47e+09  4.11e+09  3.63e+09  3.08e+09  2.88e+09  2.61e+09  2.22e+09  1.74e+09
1        4.13e+10  3.62e+10  3.09e+10  2.76e+10  2.45e+10  2.22e+10  1.87e+10  1.67e+10  1.42e+10   1.3e+10  1.15e+10  9.83e+09  9.22e+09  8.46e+09  7.49e+09  6.38e+09
10       1.05e+11  9.67e+10  8.51e+10  7.71e+10  6.91e+10   6.3e+10  5.39e+10  4.84e+10  4.14e+10  3.81e+10  3.38e+10  2.91e+10  2.74e+10  2.53e+10  2.28e+10     2e+10
100      2.31e+11  2.26e+11  2.07e+11  1.91e+11  1.74e+11   1.6e+11   1.4e+11  1.26e+11   1.1e+11  1.01e+11  9.09e+10  7.92e+10  7.48e+10  6.94e+10   6.3e+10  5.62e+10
O-O      1.04e+12  1.61e+12  2.22e+12  2.85e+12  3.47e+12  4.08e+12  4.68e+12  5.26e+12  5.82e+12  6.36e+12  6.88e+12  7.39e+12  7.89e+12  8.37e+12  8.83e+12  9.28e+12

W2-> 

P\T           500       600       700       800       900     1e+03   1.1e+03   1.2e+03   1.3e+03   1.4e+03   1.5e+03   1.6e+03   1.7e+03   1.8e+03   1.9e+03     2e+03
0.1      9.71e+10       ***       ***       ***       ***       ***       ***       ***       ***       ***       ***       ***       ***       ***       ***       ***
1        4.02e+11  9.52e+11  1.53e+12       ***       ***       ***       ***       ***       ***       ***       ***       ***       ***       ***       ***       ***
10       1.43e+12  2.74e+12  3.88e+12  5.09e+12  5.85e+12  6.63e+12  6.83e+12   7.2e+12  7.27e+12  7.03e+12  6.85e+12  6.73e+12  6.68e+12  6.27e+12  5.95e+12  5.67e+12
100      4.26e+12  7.17e+12  9.41e+12  1.16e+13  1.28e+13   1.4e+13  1.41e+13  1.45e+13  1.44e+13  1.38e+13  1.33e+13  1.29e+13  1.28e+13  1.19e+13  1.12e+13  1.06e+13
O-O      8.56e+13  1.15e+14  1.35e+14  1.46e+14   1.5e+14   1.5e+14  1.46e+14  1.41e+14  1.35e+14  1.28e+14  1.21e+14  1.14e+14  1.08e+14  1.01e+14  9.51e+13  8.94e+13

P1-> 

P\T           500       600       700       800       900     1e+03   1.1e+03   1.2e+03   1.3e+03   1.4e+03   1.5e+03   1.6e+03   1.7e+03   1.8e+03   1.9e+03     2e+03
0.1      2.36e-13  2.72e-24 -2.42e-24  1.38e-23  4.32e-23  1.35e-22  3.95e-22  1.01e-21  2.06e-21  4.08e-21  7.06e-21  1.09e-20  1.75e-20  2.56e-20  3.38e-20  3.96e-20
1        1.07e-12   1.8e-12  2.35e-12  4.28e-24  8.42e-23  4.78e-22  1.32e-21  3.27e-21   6.7e-21  1.32e-20  2.29e-20  3.56e-20  5.73e-20  8.52e-20  1.17e-19  1.49e-19
10       3.94e-12  5.68e-12   6.9e-12  8.37e-12  9.36e-12  1.06e-11  1.13e-11  1.23e-11  1.31e-11  1.34e-11   1.4e-11  1.46e-11  1.59e-11  1.56e-11   1.6e-11  1.63e-11
100      1.19e-11  1.53e-11  1.75e-11  2.03e-11  2.21e-11  2.45e-11  2.57e-11  2.77e-11  2.91e-11  2.97e-11  3.06e-11  3.18e-11  3.39e-11  3.36e-11  3.41e-11  3.47e-11
O-O      2.41e-10  2.48e-10  2.54e-10   2.6e-10  2.65e-10   2.7e-10  2.74e-10  2.78e-10  2.82e-10  2.86e-10  2.89e-10  2.92e-10  2.95e-10  2.98e-10     3e-10  3.03e-10

