Wells (G - ground energy, D - dissociation limit, kcal/mol):
                             W         G         D
         FakeW-CPT(563)+HO2(8)      11.5      14.5
      FakeW-C5H9(553)+H2O2(10)      20.2      23.2

Bimolecular Products (G - ground energy, kcal/mol):
                       P         G
         CPT(563)+HO2(8)      14.5
      C5H9(553)+H2O2(10)      23.2

Well-to-Bimolecular Barriers (H/G - barrier height/well depth, kcal/mol)
                             B         H                        W         G                  P
         FakeB-CPT(563)+HO2(8)      14.5    FakeW-CPT(563)+HO2(8)      11.5    CPT(563)+HO2(8)
      FakeB-C5H9(553)+H2O2(10)      23.2 FakeW-C5H9(553)+H2O2(10)      20.2 C5H9(553)+H2O2(10)

Well-to-Well Barriers (H/G - barrier height/well depth, kcal/mol):
           B         H                       W1        G1                       W2        G2
      ts_8_1        29    FakeW-CPT(563)+HO2(8)      11.5 FakeW-C5H9(553)+H2O2(10)      20.2

Bound Groups: dissociation barrier (name/ground energy, kcal/mol): wells (name/ground energy, kcal/mol):
     C1/14.5:  FakeW-CPT(563)+HO2(8)/11.5

     C2/23.2:  FakeW-C5H9(553)+H2O2(10)/20.2

________________________________________________________________________________________

Names Translation Tables (<short name> - <original name>):
Wells:
   W1 - FakeW-CPT(563)+HO2(8)
   W2 - FakeW-C5H9(553)+H2O2(10)
Bimolecular products:
   P1 - CPT(563)+HO2(8)
   P2 - C5H9(553)+H2O2(10)
Inner Barriers:
   B1 - ts_8_1
Outer Barriers:
   C1 - FakeB-CPT(563)+HO2(8)
   C2 - FakeB-C5H9(553)+H2O2(10)
Unimolecular Rate Units: 1/sec;  Bimolecular Rate Units: cm^3/sec

______________________________________________________________________________________

Species-Species Rate Tables:

Temperature = 300 K

High Pressure Rate Coefficients:

From\To         W1        W2        P1        P2
W1             ***      22.1  9.93e+14       ***
W2        1.16e+09       ***       ***  1.78e+15
P1        1.75e-10       ***       ***       ***
P2             ***  1.74e-10       ***       ***

Temperature = 300 K    Pressure = 0.1 atm

From\To         W1        W2        P1        P2
W1             ***       ***       ***       ***
W2             ***       ***       ***       ***
P1             ***       ***  4.09e-24  3.87e-24
P2             ***       ***  1.12e-16  1.12e-16

Temperature = 300 K    Pressure = 1 atm

From\To         W1        W2        P1        P2
W1             ***       ***       ***       ***
W2             ***       ***       ***       ***
P1             ***       ***  3.79e-24  3.87e-24
P2             ***       ***  1.12e-16  1.12e-16

Temperature = 300 K    Pressure = 10 atm

From\To         W1        W2        P1        P2
W1             ***       ***       ***       ***
W2             ***       ***       ***       ***
P1             ***       ***  4.34e-24  3.87e-24
P2             ***       ***  1.12e-16  1.12e-16

Temperature = 300 K    Pressure = 100 atm

From\To         W1        W2        P1        P2
W1             ***       ***       ***       ***
W2             ***       ***       ***       ***
P1             ***       ***  4.18e-24  3.88e-24
P2             ***       ***  1.12e-16  1.12e-16

Temperature = 400 K

High Pressure Rate Coefficients:

From\To         W1        W2        P1        P2
W1             ***  7.05e+03  2.87e+15       ***
W2        8.04e+09       ***       ***  5.14e+15
P1        1.84e-10       ***       ***       ***
P2             ***  1.82e-10       ***       ***

Temperature = 400 K    Pressure = 0.1 atm

From\To         W1        W2        P1        P2
W1             ***       ***       ***       ***
W2             ***       ***       ***       ***
P1             ***       ***  4.48e-22  4.48e-22
P2             ***       ***  2.83e-16  2.83e-16

Temperature = 400 K    Pressure = 1 atm

From\To         W1        W2        P1        P2
W1             ***       ***       ***       ***
W2             ***       ***       ***       ***
P1             ***       ***  4.48e-22  4.48e-22
P2             ***       ***  2.84e-16  2.84e-16

Temperature = 400 K    Pressure = 10 atm

From\To         W1        W2        P1        P2
W1             ***       ***       ***       ***
W2             ***       ***       ***       ***
P1             ***       ***  4.48e-22  4.48e-22
P2             ***       ***  2.84e-16  2.84e-16

Temperature = 400 K    Pressure = 100 atm

From\To         W1        W2        P1        P2
W1             ***       ***       ***       ***
W2             ***       ***       ***       ***
P1             ***       ***  4.48e-22  4.48e-22
P2             ***       ***  2.84e-16  2.84e-16

Temperature = 500 K

High Pressure Rate Coefficients:

From\To         W1        W2        P1        P2
W1             ***   3.3e+05  4.78e+15       ***
W2        3.57e+10       ***       ***  8.55e+15
P1        1.91e-10       ***       ***       ***
P2             ***  1.89e-10       ***       ***

Temperature = 500 K    Pressure = 0.1 atm

From\To         W1        W2        P1        P2
W1             ***       ***       ***       ***
W2             ***       ***       ***       ***
P1             ***       ***  1.31e-20  1.31e-20
P2             ***       ***  7.87e-16  7.87e-16

Temperature = 500 K    Pressure = 1 atm

From\To         W1        W2        P1        P2
W1             ***       ***       ***       ***
W2             ***       ***       ***       ***
P1             ***       ***  1.31e-20  1.31e-20
P2             ***       ***  7.87e-16  7.87e-16

Temperature = 500 K    Pressure = 10 atm

From\To         W1        W2        P1        P2
W1             ***       ***       ***       ***
W2             ***       ***       ***       ***
P1             ***       ***  1.31e-20  1.31e-20
P2             ***       ***  7.87e-16  7.87e-16

Temperature = 500 K    Pressure = 100 atm

From\To         W1        W2        P1        P2
W1             ***       ***       ***       ***
W2             ***       ***       ***       ***
P1             ***       ***  1.31e-20  1.31e-20
P2             ***       ***  7.87e-16  7.87e-16

Temperature = 600 K

High Pressure Rate Coefficients:

From\To         W1        W2        P1        P2
W1             ***  5.01e+06  6.13e+15       ***
W2        1.09e+11       ***       ***   1.1e+16
P1        1.96e-10       ***       ***       ***
P2             ***  1.95e-10       ***       ***

Temperature = 600 K    Pressure = 0.1 atm

From\To         W1        W2        P1        P2
W1             ***       ***       ***       ***
W2             ***       ***       ***       ***
P1             ***       ***   1.6e-19   1.6e-19
P2             ***       ***  1.93e-15  1.93e-15

Temperature = 600 K    Pressure = 1 atm

From\To         W1        W2        P1        P2
W1             ***       ***       ***       ***
W2             ***       ***       ***       ***
P1             ***       ***   1.6e-19   1.6e-19
P2             ***       ***  1.93e-15  1.93e-15

Temperature = 600 K    Pressure = 10 atm

From\To         W1        W2        P1        P2
W1             ***       ***       ***       ***
W2             ***       ***       ***       ***
P1             ***       ***   1.6e-19   1.6e-19
P2             ***       ***  1.93e-15  1.93e-15

Temperature = 600 K    Pressure = 100 atm

From\To         W1        W2        P1        P2
W1             ***       ***       ***       ***
W2             ***       ***       ***       ***
P1             ***       ***   1.6e-19   1.6e-19
P2             ***       ***  1.93e-15  1.93e-15

Temperature = 700 K

High Pressure Rate Coefficients:

From\To         W1        W2        P1        P2
W1             ***  3.78e+07  6.86e+15       ***
W2        2.56e+11       ***       ***  1.23e+16
P1        2.02e-10       ***       ***       ***
P2             ***     2e-10       ***       ***

Temperature = 700 K    Pressure = 0.1 atm

From\To         W1        W2        P1        P2
W1             ***       ***       ***       ***
W2             ***       ***       ***       ***
P1             ***       ***  1.11e-18  1.11e-18
P2             ***       ***  4.17e-15  4.17e-15

Temperature = 700 K    Pressure = 1 atm

From\To         W1        W2        P1        P2
W1             ***       ***       ***       ***
W2             ***       ***       ***       ***
P1             ***       ***  1.11e-18  1.11e-18
P2             ***       ***  4.17e-15  4.17e-15

Temperature = 700 K    Pressure = 10 atm

From\To         W1        W2        P1        P2
W1             ***       ***       ***       ***
W2             ***       ***       ***       ***
P1             ***       ***  1.11e-18  1.11e-18
P2             ***       ***  4.17e-15  4.17e-15

Temperature = 700 K    Pressure = 100 atm

From\To         W1        W2        P1        P2
W1             ***       ***       ***       ***
W2             ***       ***       ***       ***
P1             ***       ***  1.11e-18  1.11e-18
P2             ***       ***  4.17e-15  4.17e-15

Temperature = 800 K

High Pressure Rate Coefficients:

From\To         W1        W2        P1        P2
W1             ***  1.79e+08  7.11e+15       ***
W2        5.01e+11       ***       ***  1.27e+16
P1        2.06e-10       ***       ***       ***
P2             ***  2.05e-10       ***       ***

Temperature = 800 K    Pressure = 0.1 atm

From\To         W1        W2        P1        P2
W1             ***       ***       ***       ***
W2             ***       ***       ***       ***
P1             ***       ***  5.17e-18  5.17e-18
P2             ***       ***  8.03e-15  8.03e-15

Temperature = 800 K    Pressure = 1 atm

From\To         W1        W2        P1        P2
W1             ***       ***       ***       ***
W2             ***       ***       ***       ***
P1             ***       ***  5.17e-18  5.17e-18
P2             ***       ***  8.03e-15  8.03e-15

Temperature = 800 K    Pressure = 10 atm

From\To         W1        W2        P1        P2
W1             ***       ***       ***       ***
W2             ***       ***       ***       ***
P1             ***       ***  5.17e-18  5.17e-18
P2             ***       ***  8.03e-15  8.03e-15

Temperature = 800 K    Pressure = 100 atm

From\To         W1        W2        P1        P2
W1             ***       ***       ***       ***
W2             ***       ***       ***       ***
P1             ***       ***  5.17e-18  5.17e-18
P2             ***       ***  8.03e-15  8.03e-15

Temperature = 900 K

High Pressure Rate Coefficients:

From\To         W1        W2        P1        P2
W1             ***  6.13e+08  7.03e+15       ***
W2        8.57e+11       ***       ***  1.26e+16
P1         2.1e-10       ***       ***       ***
P2             ***  2.09e-10       ***       ***

Temperature = 900 K    Pressure = 0.1 atm

From\To         W1        W2        P1        P2
W1             ***       ***       ***       ***
W2             ***       ***       ***       ***
P1             ***       ***  1.83e-17  1.83e-17
P2             ***       ***  1.42e-14  1.42e-14

Temperature = 900 K    Pressure = 1 atm

From\To         W1        W2        P1        P2
W1             ***       ***       ***       ***
W2             ***       ***       ***       ***
P1             ***       ***  1.83e-17  1.83e-17
P2             ***       ***  1.42e-14  1.42e-14

Temperature = 900 K    Pressure = 10 atm

From\To         W1        W2        P1        P2
W1             ***       ***       ***       ***
W2             ***       ***       ***       ***
P1             ***       ***  1.83e-17  1.83e-17
P2             ***       ***  1.42e-14  1.42e-14

Temperature = 900 K    Pressure = 100 atm

From\To         W1        W2        P1        P2
W1             ***       ***       ***       ***
W2             ***       ***       ***       ***
P1             ***       ***  1.83e-17  1.83e-17
P2             ***       ***  1.42e-14  1.42e-14

Temperature = 1e+03 K

High Pressure Rate Coefficients:

From\To         W1        W2        P1        P2
W1             ***  1.67e+09  6.76e+15       ***
W2        1.33e+12       ***       ***  1.21e+16
P1        2.14e-10       ***       ***       ***
P2             ***  2.12e-10       ***       ***

Temperature = 1e+03 K    Pressure = 0.1 atm

From\To         W1        W2        P1        P2
W1             ***       ***       ***       ***
W2             ***       ***       ***       ***
P1             ***       ***  5.26e-17  5.26e-17
P2             ***       ***  2.33e-14  2.33e-14

Temperature = 1e+03 K    Pressure = 1 atm

From\To         W1        W2        P1        P2
W1             ***       ***       ***       ***
W2             ***       ***       ***       ***
P1             ***       ***  5.26e-17  5.26e-17
P2             ***       ***  2.33e-14  2.33e-14

Temperature = 1e+03 K    Pressure = 10 atm

From\To         W1        W2        P1        P2
W1             ***       ***       ***       ***
W2             ***       ***       ***       ***
P1             ***       ***  5.26e-17  5.26e-17
P2             ***       ***  2.33e-14  2.33e-14

Temperature = 1e+03 K    Pressure = 100 atm

From\To         W1        W2        P1        P2
W1             ***       ***       ***       ***
W2             ***       ***       ***       ***
P1             ***       ***  5.26e-17  5.26e-17
P2             ***       ***  2.33e-14  2.33e-14

Temperature = 1.1e+03 K

High Pressure Rate Coefficients:

From\To         W1        W2        P1        P2
W1             ***  3.81e+09  6.38e+15       ***
W2        1.92e+12       ***       ***  1.14e+16
P1        2.17e-10       ***       ***       ***
P2             ***  2.16e-10       ***       ***

Temperature = 1.1e+03 K    Pressure = 0.1 atm

From\To         W1        W2        P1        P2
W1             ***       ***       ***       ***
W2             ***       ***       ***       ***
P1             ***       ***  1.29e-16  1.29e-16
P2             ***       ***  3.62e-14  3.62e-14

Temperature = 1.1e+03 K    Pressure = 1 atm

From\To         W1        W2        P1        P2
W1             ***       ***       ***       ***
W2             ***       ***       ***       ***
P1             ***       ***  1.29e-16  1.29e-16
P2             ***       ***  3.62e-14  3.62e-14

Temperature = 1.1e+03 K    Pressure = 10 atm

From\To         W1        W2        P1        P2
W1             ***       ***       ***       ***
W2             ***       ***       ***       ***
P1             ***       ***  1.29e-16  1.29e-16
P2             ***       ***  3.62e-14  3.62e-14

Temperature = 1.1e+03 K    Pressure = 100 atm

From\To         W1        W2        P1        P2
W1             ***       ***       ***       ***
W2             ***       ***       ***       ***
P1             ***       ***  1.29e-16  1.29e-16
P2             ***       ***  3.62e-14  3.62e-14

Temperature = 1.2e+03 K

High Pressure Rate Coefficients:

From\To         W1        W2        P1        P2
W1             ***  7.61e+09  5.95e+15       ***
W2        2.62e+12       ***       ***  1.06e+16
P1        2.21e-10       ***       ***       ***
P2             ***  2.19e-10       ***       ***

Temperature = 1.2e+03 K    Pressure = 0.1 atm

From\To         W1        W2        P1        P2
W1             ***       ***       ***       ***
W2             ***       ***       ***       ***
P1             ***       ***  2.82e-16  2.82e-16
P2             ***       ***  5.38e-14  5.38e-14

Temperature = 1.2e+03 K    Pressure = 1 atm

From\To         W1        W2        P1        P2
W1             ***       ***       ***       ***
W2             ***       ***       ***       ***
P1             ***       ***  2.82e-16  2.82e-16
P2             ***       ***  5.38e-14  5.38e-14

Temperature = 1.2e+03 K    Pressure = 10 atm

From\To         W1        W2        P1        P2
W1             ***       ***       ***       ***
W2             ***       ***       ***       ***
P1             ***       ***  2.82e-16  2.82e-16
P2             ***       ***  5.38e-14  5.38e-14

Temperature = 1.2e+03 K    Pressure = 100 atm

From\To         W1        W2        P1        P2
W1             ***       ***       ***       ***
W2             ***       ***       ***       ***
P1             ***       ***  2.82e-16  2.82e-16
P2             ***       ***  5.38e-14  5.38e-14

______________________________________________________________________________________

High Pressure Rate Coefficients (Temperature-Species Rate Tables):

Reactant = W1
   T(K)        W1        W2        P1        P2
    300       ***      22.1  9.93e+14       ***
    400       ***  7.05e+03  2.87e+15       ***
    500       ***   3.3e+05  4.78e+15       ***
    600       ***  5.01e+06  6.13e+15       ***
    700       ***  3.78e+07  6.86e+15       ***
    800       ***  1.79e+08  7.11e+15       ***
    900       ***  6.13e+08  7.03e+15       ***
  1e+03       ***  1.67e+09  6.76e+15       ***
1.1e+03       ***  3.81e+09  6.38e+15       ***
1.2e+03       ***  7.61e+09  5.95e+15       ***

Reactant = W2
   T(K)        W1        W2        P1        P2
    300  1.16e+09       ***       ***  1.78e+15
    400  8.04e+09       ***       ***  5.14e+15
    500  3.57e+10       ***       ***  8.55e+15
    600  1.09e+11       ***       ***   1.1e+16
    700  2.56e+11       ***       ***  1.23e+16
    800  5.01e+11       ***       ***  1.27e+16
    900  8.57e+11       ***       ***  1.26e+16
  1e+03  1.33e+12       ***       ***  1.21e+16
1.1e+03  1.92e+12       ***       ***  1.14e+16
1.2e+03  2.62e+12       ***       ***  1.06e+16

Reactant = P1
   T(K)        W1        W2        P1        P2
    300  1.75e-10       ***       ***       ***
    400  1.84e-10       ***       ***       ***
    500  1.91e-10       ***       ***       ***
    600  1.96e-10       ***       ***       ***
    700  2.02e-10       ***       ***       ***
    800  2.06e-10       ***       ***       ***
    900   2.1e-10       ***       ***       ***
  1e+03  2.14e-10       ***       ***       ***
1.1e+03  2.17e-10       ***       ***       ***
1.2e+03  2.21e-10       ***       ***       ***

Reactant = P2
   T(K)        W1        W2        P1        P2
    300       ***  1.74e-10       ***       ***
    400       ***  1.82e-10       ***       ***
    500       ***  1.89e-10       ***       ***
    600       ***  1.95e-10       ***       ***
    700       ***     2e-10       ***       ***
    800       ***  2.05e-10       ***       ***
    900       ***  2.09e-10       ***       ***
  1e+03       ***  2.12e-10       ***       ***
1.1e+03       ***  2.16e-10       ***       ***
1.2e+03       ***  2.19e-10       ***       ***

Capture/Escape Rate Coefficients:

   T(K)        W1        W2        P1        P2
    300  9.93e+14  1.78e+15  1.75e-10  1.74e-10
    400  2.87e+15  5.14e+15  1.84e-10  1.82e-10
    500  4.78e+15  8.55e+15  1.91e-10  1.89e-10
    600  6.13e+15   1.1e+16  1.96e-10  1.95e-10
    700  6.86e+15  1.23e+16  2.02e-10     2e-10
    800  7.11e+15  1.27e+16  2.06e-10  2.05e-10
    900  7.03e+15  1.26e+16   2.1e-10  2.09e-10
  1e+03  6.76e+15  1.21e+16  2.14e-10  2.12e-10
1.1e+03  6.38e+15  1.14e+16  2.17e-10  2.16e-10
1.2e+03  5.95e+15  1.06e+16  2.21e-10  2.19e-10

______________________________________________________________________________________

Pressure-Species Rate Tables:

Reactant = W1   Temperature = 300 K

   P(atm)        W2        P1        P2      Loss
      0.1       ***       ***       ***       ***
        1       ***       ***       ***       ***
       10       ***       ***       ***       ***
      100       ***       ***       ***       ***
      O-O      22.1  9.93e+14       ***  9.93e+14

Reactant = W1   Temperature = 400 K

   P(atm)        W2        P1        P2      Loss
      0.1       ***       ***       ***       ***
        1       ***       ***       ***       ***
       10       ***       ***       ***       ***
      100       ***       ***       ***       ***
      O-O  7.05e+03  2.87e+15       ***  2.87e+15

Reactant = W1   Temperature = 500 K

   P(atm)        W2        P1        P2      Loss
      0.1       ***       ***       ***       ***
        1       ***       ***       ***       ***
       10       ***       ***       ***       ***
      100       ***       ***       ***       ***
      O-O   3.3e+05  4.78e+15       ***  4.78e+15

Reactant = W1   Temperature = 600 K

   P(atm)        W2        P1        P2      Loss
      0.1       ***       ***       ***       ***
        1       ***       ***       ***       ***
       10       ***       ***       ***       ***
      100       ***       ***       ***       ***
      O-O  5.01e+06  6.13e+15       ***  6.13e+15

Reactant = W1   Temperature = 700 K

   P(atm)        W2        P1        P2      Loss
      0.1       ***       ***       ***       ***
        1       ***       ***       ***       ***
       10       ***       ***       ***       ***
      100       ***       ***       ***       ***
      O-O  3.78e+07  6.86e+15       ***  6.86e+15

Reactant = W1   Temperature = 800 K

   P(atm)        W2        P1        P2      Loss
      0.1       ***       ***       ***       ***
        1       ***       ***       ***       ***
       10       ***       ***       ***       ***
      100       ***       ***       ***       ***
      O-O  1.79e+08  7.11e+15       ***  7.11e+15

Reactant = W1   Temperature = 900 K

   P(atm)        W2        P1        P2      Loss
      0.1       ***       ***       ***       ***
        1       ***       ***       ***       ***
       10       ***       ***       ***       ***
      100       ***       ***       ***       ***
      O-O  6.13e+08  7.03e+15       ***  7.03e+15

Reactant = W1   Temperature = 1e+03 K

   P(atm)        W2        P1        P2      Loss
      0.1       ***       ***       ***       ***
        1       ***       ***       ***       ***
       10       ***       ***       ***       ***
      100       ***       ***       ***       ***
      O-O  1.67e+09  6.76e+15       ***  6.76e+15

Reactant = W1   Temperature = 1.1e+03 K

   P(atm)        W2        P1        P2      Loss
      0.1       ***       ***       ***       ***
        1       ***       ***       ***       ***
       10       ***       ***       ***       ***
      100       ***       ***       ***       ***
      O-O  3.81e+09  6.38e+15       ***  6.38e+15

Reactant = W1   Temperature = 1.2e+03 K

   P(atm)        W2        P1        P2      Loss
      0.1       ***       ***       ***       ***
        1       ***       ***       ***       ***
       10       ***       ***       ***       ***
      100       ***       ***       ***       ***
      O-O  7.61e+09  5.95e+15       ***  5.95e+15

Reactant = W2   Temperature = 300 K

   P(atm)        W1        P1        P2      Loss
      0.1       ***       ***       ***       ***
        1       ***       ***       ***       ***
       10       ***       ***       ***       ***
      100       ***       ***       ***       ***
      O-O  1.16e+09       ***  1.78e+15  1.78e+15

Reactant = W2   Temperature = 400 K

   P(atm)        W1        P1        P2      Loss
      0.1       ***       ***       ***       ***
        1       ***       ***       ***       ***
       10       ***       ***       ***       ***
      100       ***       ***       ***       ***
      O-O  8.04e+09       ***  5.14e+15  5.14e+15

Reactant = W2   Temperature = 500 K

   P(atm)        W1        P1        P2      Loss
      0.1       ***       ***       ***       ***
        1       ***       ***       ***       ***
       10       ***       ***       ***       ***
      100       ***       ***       ***       ***
      O-O  3.57e+10       ***  8.55e+15  8.55e+15

Reactant = W2   Temperature = 600 K

   P(atm)        W1        P1        P2      Loss
      0.1       ***       ***       ***       ***
        1       ***       ***       ***       ***
       10       ***       ***       ***       ***
      100       ***       ***       ***       ***
      O-O  1.09e+11       ***   1.1e+16   1.1e+16

Reactant = W2   Temperature = 700 K

   P(atm)        W1        P1        P2      Loss
      0.1       ***       ***       ***       ***
        1       ***       ***       ***       ***
       10       ***       ***       ***       ***
      100       ***       ***       ***       ***
      O-O  2.56e+11       ***  1.23e+16  1.23e+16

Reactant = W2   Temperature = 800 K

   P(atm)        W1        P1        P2      Loss
      0.1       ***       ***       ***       ***
        1       ***       ***       ***       ***
       10       ***       ***       ***       ***
      100       ***       ***       ***       ***
      O-O  5.01e+11       ***  1.27e+16  1.27e+16

Reactant = W2   Temperature = 900 K

   P(atm)        W1        P1        P2      Loss
      0.1       ***       ***       ***       ***
        1       ***       ***       ***       ***
       10       ***       ***       ***       ***
      100       ***       ***       ***       ***
      O-O  8.57e+11       ***  1.26e+16  1.26e+16

Reactant = W2   Temperature = 1e+03 K

   P(atm)        W1        P1        P2      Loss
      0.1       ***       ***       ***       ***
        1       ***       ***       ***       ***
       10       ***       ***       ***       ***
      100       ***       ***       ***       ***
      O-O  1.33e+12       ***  1.21e+16  1.21e+16

Reactant = W2   Temperature = 1.1e+03 K

   P(atm)        W1        P1        P2      Loss
      0.1       ***       ***       ***       ***
        1       ***       ***       ***       ***
       10       ***       ***       ***       ***
      100       ***       ***       ***       ***
      O-O  1.92e+12       ***  1.14e+16  1.14e+16

Reactant = W2   Temperature = 1.2e+03 K

   P(atm)        W1        P1        P2      Loss
      0.1       ***       ***       ***       ***
        1       ***       ***       ***       ***
       10       ***       ***       ***       ***
      100       ***       ***       ***       ***
      O-O  2.62e+12       ***  1.06e+16  1.06e+16

Reactant = P1   Temperature = 300 K

   P(atm)        W1        W2        P2      Loss
      0.1       ***       ***  3.87e-24  4.09e-24
        1       ***       ***  3.87e-24  3.79e-24
       10       ***       ***  3.87e-24  4.34e-24
      100       ***       ***  3.88e-24  4.18e-24
      O-O  1.75e-10       ***       ***  1.75e-10

Reactant = P1   Temperature = 400 K

   P(atm)        W1        W2        P2      Loss
      0.1       ***       ***  4.48e-22  4.48e-22
        1       ***       ***  4.48e-22  4.48e-22
       10       ***       ***  4.48e-22  4.48e-22
      100       ***       ***  4.48e-22  4.48e-22
      O-O  1.84e-10       ***       ***  1.84e-10

Reactant = P1   Temperature = 500 K

   P(atm)        W1        W2        P2      Loss
      0.1       ***       ***  1.31e-20  1.31e-20
        1       ***       ***  1.31e-20  1.31e-20
       10       ***       ***  1.31e-20  1.31e-20
      100       ***       ***  1.31e-20  1.31e-20
      O-O  1.91e-10       ***       ***  1.91e-10

Reactant = P1   Temperature = 600 K

   P(atm)        W1        W2        P2      Loss
      0.1       ***       ***   1.6e-19   1.6e-19
        1       ***       ***   1.6e-19   1.6e-19
       10       ***       ***   1.6e-19   1.6e-19
      100       ***       ***   1.6e-19   1.6e-19
      O-O  1.96e-10       ***       ***  1.96e-10

Reactant = P1   Temperature = 700 K

   P(atm)        W1        W2        P2      Loss
      0.1       ***       ***  1.11e-18  1.11e-18
        1       ***       ***  1.11e-18  1.11e-18
       10       ***       ***  1.11e-18  1.11e-18
      100       ***       ***  1.11e-18  1.11e-18
      O-O  2.02e-10       ***       ***  2.02e-10

Reactant = P1   Temperature = 800 K

   P(atm)        W1        W2        P2      Loss
      0.1       ***       ***  5.17e-18  5.17e-18
        1       ***       ***  5.17e-18  5.17e-18
       10       ***       ***  5.17e-18  5.17e-18
      100       ***       ***  5.17e-18  5.17e-18
      O-O  2.06e-10       ***       ***  2.06e-10

Reactant = P1   Temperature = 900 K

   P(atm)        W1        W2        P2      Loss
      0.1       ***       ***  1.83e-17  1.83e-17
        1       ***       ***  1.83e-17  1.83e-17
       10       ***       ***  1.83e-17  1.83e-17
      100       ***       ***  1.83e-17  1.83e-17
      O-O   2.1e-10       ***       ***   2.1e-10

Reactant = P1   Temperature = 1e+03 K

   P(atm)        W1        W2        P2      Loss
      0.1       ***       ***  5.26e-17  5.26e-17
        1       ***       ***  5.26e-17  5.26e-17
       10       ***       ***  5.26e-17  5.26e-17
      100       ***       ***  5.26e-17  5.26e-17
      O-O  2.14e-10       ***       ***  2.14e-10

Reactant = P1   Temperature = 1.1e+03 K

   P(atm)        W1        W2        P2      Loss
      0.1       ***       ***  1.29e-16  1.29e-16
        1       ***       ***  1.29e-16  1.29e-16
       10       ***       ***  1.29e-16  1.29e-16
      100       ***       ***  1.29e-16  1.29e-16
      O-O  2.17e-10       ***       ***  2.17e-10

Reactant = P1   Temperature = 1.2e+03 K

   P(atm)        W1        W2        P2      Loss
      0.1       ***       ***  2.82e-16  2.82e-16
        1       ***       ***  2.82e-16  2.82e-16
       10       ***       ***  2.82e-16  2.82e-16
      100       ***       ***  2.82e-16  2.82e-16
      O-O  2.21e-10       ***       ***  2.21e-10

Reactant = P2   Temperature = 300 K

   P(atm)        W1        W2        P1      Loss
      0.1       ***       ***  1.12e-16  1.12e-16
        1       ***       ***  1.12e-16  1.12e-16
       10       ***       ***  1.12e-16  1.12e-16
      100       ***       ***  1.12e-16  1.12e-16
      O-O       ***  1.74e-10       ***  1.74e-10

Reactant = P2   Temperature = 400 K

   P(atm)        W1        W2        P1      Loss
      0.1       ***       ***  2.83e-16  2.83e-16
        1       ***       ***  2.84e-16  2.84e-16
       10       ***       ***  2.84e-16  2.84e-16
      100       ***       ***  2.84e-16  2.84e-16
      O-O       ***  1.82e-10       ***  1.82e-10

Reactant = P2   Temperature = 500 K

   P(atm)        W1        W2        P1      Loss
      0.1       ***       ***  7.87e-16  7.87e-16
        1       ***       ***  7.87e-16  7.87e-16
       10       ***       ***  7.87e-16  7.87e-16
      100       ***       ***  7.87e-16  7.87e-16
      O-O       ***  1.89e-10       ***  1.89e-10

Reactant = P2   Temperature = 600 K

   P(atm)        W1        W2        P1      Loss
      0.1       ***       ***  1.93e-15  1.93e-15
        1       ***       ***  1.93e-15  1.93e-15
       10       ***       ***  1.93e-15  1.93e-15
      100       ***       ***  1.93e-15  1.93e-15
      O-O       ***  1.95e-10       ***  1.95e-10

Reactant = P2   Temperature = 700 K

   P(atm)        W1        W2        P1      Loss
      0.1       ***       ***  4.17e-15  4.17e-15
        1       ***       ***  4.17e-15  4.17e-15
       10       ***       ***  4.17e-15  4.17e-15
      100       ***       ***  4.17e-15  4.17e-15
      O-O       ***     2e-10       ***     2e-10

Reactant = P2   Temperature = 800 K

   P(atm)        W1        W2        P1      Loss
      0.1       ***       ***  8.03e-15  8.03e-15
        1       ***       ***  8.03e-15  8.03e-15
       10       ***       ***  8.03e-15  8.03e-15
      100       ***       ***  8.03e-15  8.03e-15
      O-O       ***  2.05e-10       ***  2.05e-10

Reactant = P2   Temperature = 900 K

   P(atm)        W1        W2        P1      Loss
      0.1       ***       ***  1.42e-14  1.42e-14
        1       ***       ***  1.42e-14  1.42e-14
       10       ***       ***  1.42e-14  1.42e-14
      100       ***       ***  1.42e-14  1.42e-14
      O-O       ***  2.09e-10       ***  2.09e-10

Reactant = P2   Temperature = 1e+03 K

   P(atm)        W1        W2        P1      Loss
      0.1       ***       ***  2.33e-14  2.33e-14
        1       ***       ***  2.33e-14  2.33e-14
       10       ***       ***  2.33e-14  2.33e-14
      100       ***       ***  2.33e-14  2.33e-14
      O-O       ***  2.12e-10       ***  2.12e-10

Reactant = P2   Temperature = 1.1e+03 K

   P(atm)        W1        W2        P1      Loss
      0.1       ***       ***  3.62e-14  3.62e-14
        1       ***       ***  3.62e-14  3.62e-14
       10       ***       ***  3.62e-14  3.62e-14
      100       ***       ***  3.62e-14  3.62e-14
      O-O       ***  2.16e-10       ***  2.16e-10

Reactant = P2   Temperature = 1.2e+03 K

   P(atm)        W1        W2        P1      Loss
      0.1       ***       ***  5.38e-14  5.38e-14
        1       ***       ***  5.38e-14  5.38e-14
       10       ***       ***  5.38e-14  5.38e-14
      100       ***       ***  5.38e-14  5.38e-14
      O-O       ***  2.19e-10       ***  2.19e-10

______________________________________________________________________________________

Temperature-Species Rate Tables:

Reactant = W1   Pressure = 0.1 atm

   T(K)        W2        P1        P2      Loss   Capture
    300       ***       ***       ***       ***  9.93e+14
    400       ***       ***       ***       ***  2.87e+15
    500       ***       ***       ***       ***  4.78e+15
    600       ***       ***       ***       ***  6.13e+15
    700       ***       ***       ***       ***  6.86e+15
    800       ***       ***       ***       ***  7.11e+15
    900       ***       ***       ***       ***  7.03e+15
  1e+03       ***       ***       ***       ***  6.76e+15
1.1e+03       ***       ***       ***       ***  6.38e+15
1.2e+03       ***       ***       ***       ***  5.95e+15

Reactant = W1   Pressure = 1 atm

   T(K)        W2        P1        P2      Loss   Capture
    300       ***       ***       ***       ***  9.93e+14
    400       ***       ***       ***       ***  2.87e+15
    500       ***       ***       ***       ***  4.78e+15
    600       ***       ***       ***       ***  6.13e+15
    700       ***       ***       ***       ***  6.86e+15
    800       ***       ***       ***       ***  7.11e+15
    900       ***       ***       ***       ***  7.03e+15
  1e+03       ***       ***       ***       ***  6.76e+15
1.1e+03       ***       ***       ***       ***  6.38e+15
1.2e+03       ***       ***       ***       ***  5.95e+15

Reactant = W1   Pressure = 10 atm

   T(K)        W2        P1        P2      Loss   Capture
    300       ***       ***       ***       ***  9.93e+14
    400       ***       ***       ***       ***  2.87e+15
    500       ***       ***       ***       ***  4.78e+15
    600       ***       ***       ***       ***  6.13e+15
    700       ***       ***       ***       ***  6.86e+15
    800       ***       ***       ***       ***  7.11e+15
    900       ***       ***       ***       ***  7.03e+15
  1e+03       ***       ***       ***       ***  6.76e+15
1.1e+03       ***       ***       ***       ***  6.38e+15
1.2e+03       ***       ***       ***       ***  5.95e+15

Reactant = W1   Pressure = 100 atm

   T(K)        W2        P1        P2      Loss   Capture
    300       ***       ***       ***       ***  9.93e+14
    400       ***       ***       ***       ***  2.87e+15
    500       ***       ***       ***       ***  4.78e+15
    600       ***       ***       ***       ***  6.13e+15
    700       ***       ***       ***       ***  6.86e+15
    800       ***       ***       ***       ***  7.11e+15
    900       ***       ***       ***       ***  7.03e+15
  1e+03       ***       ***       ***       ***  6.76e+15
1.1e+03       ***       ***       ***       ***  6.38e+15
1.2e+03       ***       ***       ***       ***  5.95e+15

Reactant = W2   Pressure = 0.1 atm

   T(K)        W1        P1        P2      Loss   Capture
    300       ***       ***       ***       ***  1.78e+15
    400       ***       ***       ***       ***  5.14e+15
    500       ***       ***       ***       ***  8.55e+15
    600       ***       ***       ***       ***   1.1e+16
    700       ***       ***       ***       ***  1.23e+16
    800       ***       ***       ***       ***  1.27e+16
    900       ***       ***       ***       ***  1.26e+16
  1e+03       ***       ***       ***       ***  1.21e+16
1.1e+03       ***       ***       ***       ***  1.14e+16
1.2e+03       ***       ***       ***       ***  1.06e+16

Reactant = W2   Pressure = 1 atm

   T(K)        W1        P1        P2      Loss   Capture
    300       ***       ***       ***       ***  1.78e+15
    400       ***       ***       ***       ***  5.14e+15
    500       ***       ***       ***       ***  8.55e+15
    600       ***       ***       ***       ***   1.1e+16
    700       ***       ***       ***       ***  1.23e+16
    800       ***       ***       ***       ***  1.27e+16
    900       ***       ***       ***       ***  1.26e+16
  1e+03       ***       ***       ***       ***  1.21e+16
1.1e+03       ***       ***       ***       ***  1.14e+16
1.2e+03       ***       ***       ***       ***  1.06e+16

Reactant = W2   Pressure = 10 atm

   T(K)        W1        P1        P2      Loss   Capture
    300       ***       ***       ***       ***  1.78e+15
    400       ***       ***       ***       ***  5.14e+15
    500       ***       ***       ***       ***  8.55e+15
    600       ***       ***       ***       ***   1.1e+16
    700       ***       ***       ***       ***  1.23e+16
    800       ***       ***       ***       ***  1.27e+16
    900       ***       ***       ***       ***  1.26e+16
  1e+03       ***       ***       ***       ***  1.21e+16
1.1e+03       ***       ***       ***       ***  1.14e+16
1.2e+03       ***       ***       ***       ***  1.06e+16

Reactant = W2   Pressure = 100 atm

   T(K)        W1        P1        P2      Loss   Capture
    300       ***       ***       ***       ***  1.78e+15
    400       ***       ***       ***       ***  5.14e+15
    500       ***       ***       ***       ***  8.55e+15
    600       ***       ***       ***       ***   1.1e+16
    700       ***       ***       ***       ***  1.23e+16
    800       ***       ***       ***       ***  1.27e+16
    900       ***       ***       ***       ***  1.26e+16
  1e+03       ***       ***       ***       ***  1.21e+16
1.1e+03       ***       ***       ***       ***  1.14e+16
1.2e+03       ***       ***       ***       ***  1.06e+16

Reactant = P1   Pressure = 0.1 atm

   T(K)        W1        W2        P2      Loss   Capture
    300       ***       ***  3.87e-24  4.09e-24  1.75e-10
    400       ***       ***  4.48e-22  4.48e-22  1.84e-10
    500       ***       ***  1.31e-20  1.31e-20  1.91e-10
    600       ***       ***   1.6e-19   1.6e-19  1.96e-10
    700       ***       ***  1.11e-18  1.11e-18  2.02e-10
    800       ***       ***  5.17e-18  5.17e-18  2.06e-10
    900       ***       ***  1.83e-17  1.83e-17   2.1e-10
  1e+03       ***       ***  5.26e-17  5.26e-17  2.14e-10
1.1e+03       ***       ***  1.29e-16  1.29e-16  2.17e-10
1.2e+03       ***       ***  2.82e-16  2.82e-16  2.21e-10

Reactant = P1   Pressure = 1 atm

   T(K)        W1        W2        P2      Loss   Capture
    300       ***       ***  3.87e-24  3.79e-24  1.75e-10
    400       ***       ***  4.48e-22  4.48e-22  1.84e-10
    500       ***       ***  1.31e-20  1.31e-20  1.91e-10
    600       ***       ***   1.6e-19   1.6e-19  1.96e-10
    700       ***       ***  1.11e-18  1.11e-18  2.02e-10
    800       ***       ***  5.17e-18  5.17e-18  2.06e-10
    900       ***       ***  1.83e-17  1.83e-17   2.1e-10
  1e+03       ***       ***  5.26e-17  5.26e-17  2.14e-10
1.1e+03       ***       ***  1.29e-16  1.29e-16  2.17e-10
1.2e+03       ***       ***  2.82e-16  2.82e-16  2.21e-10

Reactant = P1   Pressure = 10 atm

   T(K)        W1        W2        P2      Loss   Capture
    300       ***       ***  3.87e-24  4.34e-24  1.75e-10
    400       ***       ***  4.48e-22  4.48e-22  1.84e-10
    500       ***       ***  1.31e-20  1.31e-20  1.91e-10
    600       ***       ***   1.6e-19   1.6e-19  1.96e-10
    700       ***       ***  1.11e-18  1.11e-18  2.02e-10
    800       ***       ***  5.17e-18  5.17e-18  2.06e-10
    900       ***       ***  1.83e-17  1.83e-17   2.1e-10
  1e+03       ***       ***  5.26e-17  5.26e-17  2.14e-10
1.1e+03       ***       ***  1.29e-16  1.29e-16  2.17e-10
1.2e+03       ***       ***  2.82e-16  2.82e-16  2.21e-10

Reactant = P1   Pressure = 100 atm

   T(K)        W1        W2        P2      Loss   Capture
    300       ***       ***  3.88e-24  4.18e-24  1.75e-10
    400       ***       ***  4.48e-22  4.48e-22  1.84e-10
    500       ***       ***  1.31e-20  1.31e-20  1.91e-10
    600       ***       ***   1.6e-19   1.6e-19  1.96e-10
    700       ***       ***  1.11e-18  1.11e-18  2.02e-10
    800       ***       ***  5.17e-18  5.17e-18  2.06e-10
    900       ***       ***  1.83e-17  1.83e-17   2.1e-10
  1e+03       ***       ***  5.26e-17  5.26e-17  2.14e-10
1.1e+03       ***       ***  1.29e-16  1.29e-16  2.17e-10
1.2e+03       ***       ***  2.82e-16  2.82e-16  2.21e-10

Reactant = P2   Pressure = 0.1 atm

   T(K)        W1        W2        P1      Loss   Capture
    300       ***       ***  1.12e-16  1.12e-16  1.74e-10
    400       ***       ***  2.83e-16  2.83e-16  1.82e-10
    500       ***       ***  7.87e-16  7.87e-16  1.89e-10
    600       ***       ***  1.93e-15  1.93e-15  1.95e-10
    700       ***       ***  4.17e-15  4.17e-15     2e-10
    800       ***       ***  8.03e-15  8.03e-15  2.05e-10
    900       ***       ***  1.42e-14  1.42e-14  2.09e-10
  1e+03       ***       ***  2.33e-14  2.33e-14  2.12e-10
1.1e+03       ***       ***  3.62e-14  3.62e-14  2.16e-10
1.2e+03       ***       ***  5.38e-14  5.38e-14  2.19e-10

Reactant = P2   Pressure = 1 atm

   T(K)        W1        W2        P1      Loss   Capture
    300       ***       ***  1.12e-16  1.12e-16  1.74e-10
    400       ***       ***  2.84e-16  2.84e-16  1.82e-10
    500       ***       ***  7.87e-16  7.87e-16  1.89e-10
    600       ***       ***  1.93e-15  1.93e-15  1.95e-10
    700       ***       ***  4.17e-15  4.17e-15     2e-10
    800       ***       ***  8.03e-15  8.03e-15  2.05e-10
    900       ***       ***  1.42e-14  1.42e-14  2.09e-10
  1e+03       ***       ***  2.33e-14  2.33e-14  2.12e-10
1.1e+03       ***       ***  3.62e-14  3.62e-14  2.16e-10
1.2e+03       ***       ***  5.38e-14  5.38e-14  2.19e-10

Reactant = P2   Pressure = 10 atm

   T(K)        W1        W2        P1      Loss   Capture
    300       ***       ***  1.12e-16  1.12e-16  1.74e-10
    400       ***       ***  2.84e-16  2.84e-16  1.82e-10
    500       ***       ***  7.87e-16  7.87e-16  1.89e-10
    600       ***       ***  1.93e-15  1.93e-15  1.95e-10
    700       ***       ***  4.17e-15  4.17e-15     2e-10
    800       ***       ***  8.03e-15  8.03e-15  2.05e-10
    900       ***       ***  1.42e-14  1.42e-14  2.09e-10
  1e+03       ***       ***  2.33e-14  2.33e-14  2.12e-10
1.1e+03       ***       ***  3.62e-14  3.62e-14  2.16e-10
1.2e+03       ***       ***  5.38e-14  5.38e-14  2.19e-10

Reactant = P2   Pressure = 100 atm

   T(K)        W1        W2        P1      Loss   Capture
    300       ***       ***  1.12e-16  1.12e-16  1.74e-10
    400       ***       ***  2.84e-16  2.84e-16  1.82e-10
    500       ***       ***  7.87e-16  7.87e-16  1.89e-10
    600       ***       ***  1.93e-15  1.93e-15  1.95e-10
    700       ***       ***  4.17e-15  4.17e-15     2e-10
    800       ***       ***  8.03e-15  8.03e-15  2.05e-10
    900       ***       ***  1.42e-14  1.42e-14  2.09e-10
  1e+03       ***       ***  2.33e-14  2.33e-14  2.12e-10
1.1e+03       ***       ***  3.62e-14  3.62e-14  2.16e-10
1.2e+03       ***       ***  5.38e-14  5.38e-14  2.19e-10

______________________________________________________________________________________

Temperature-Pressure Rate Tables:

W1->W2

P\T           300       400       500       600       700       800       900     1e+03   1.1e+03   1.2e+03
0.1           ***       ***       ***       ***       ***       ***       ***       ***       ***       ***
1             ***       ***       ***       ***       ***       ***       ***       ***       ***       ***
10            ***       ***       ***       ***       ***       ***       ***       ***       ***       ***
100           ***       ***       ***       ***       ***       ***       ***       ***       ***       ***
O-O          22.1  7.05e+03   3.3e+05  5.01e+06  3.78e+07  1.79e+08  6.13e+08  1.67e+09  3.81e+09  7.61e+09

W1->P1

P\T           300       400       500       600       700       800       900     1e+03   1.1e+03   1.2e+03
0.1           ***       ***       ***       ***       ***       ***       ***       ***       ***       ***
1             ***       ***       ***       ***       ***       ***       ***       ***       ***       ***
10            ***       ***       ***       ***       ***       ***       ***       ***       ***       ***
100           ***       ***       ***       ***       ***       ***       ***       ***       ***       ***
O-O      9.93e+14  2.87e+15  4.78e+15  6.13e+15  6.86e+15  7.11e+15  7.03e+15  6.76e+15  6.38e+15  5.95e+15

W1->P2

P\T           300       400       500       600       700       800       900     1e+03   1.1e+03   1.2e+03
0.1           ***       ***       ***       ***       ***       ***       ***       ***       ***       ***
1             ***       ***       ***       ***       ***       ***       ***       ***       ***       ***
10            ***       ***       ***       ***       ***       ***       ***       ***       ***       ***
100           ***       ***       ***       ***       ***       ***       ***       ***       ***       ***
O-O           ***       ***       ***       ***       ***       ***       ***       ***       ***       ***

W2->W1

P\T           300       400       500       600       700       800       900     1e+03   1.1e+03   1.2e+03
0.1           ***       ***       ***       ***       ***       ***       ***       ***       ***       ***
1             ***       ***       ***       ***       ***       ***       ***       ***       ***       ***
10            ***       ***       ***       ***       ***       ***       ***       ***       ***       ***
100           ***       ***       ***       ***       ***       ***       ***       ***       ***       ***
O-O      1.16e+09  8.04e+09  3.57e+10  1.09e+11  2.56e+11  5.01e+11  8.57e+11  1.33e+12  1.92e+12  2.62e+12

W2->P1

P\T           300       400       500       600       700       800       900     1e+03   1.1e+03   1.2e+03
0.1           ***       ***       ***       ***       ***       ***       ***       ***       ***       ***
1             ***       ***       ***       ***       ***       ***       ***       ***       ***       ***
10            ***       ***       ***       ***       ***       ***       ***       ***       ***       ***
100           ***       ***       ***       ***       ***       ***       ***       ***       ***       ***
O-O           ***       ***       ***       ***       ***       ***       ***       ***       ***       ***

W2->P2

P\T           300       400       500       600       700       800       900     1e+03   1.1e+03   1.2e+03
0.1           ***       ***       ***       ***       ***       ***       ***       ***       ***       ***
1             ***       ***       ***       ***       ***       ***       ***       ***       ***       ***
10            ***       ***       ***       ***       ***       ***       ***       ***       ***       ***
100           ***       ***       ***       ***       ***       ***       ***       ***       ***       ***
O-O      1.78e+15  5.14e+15  8.55e+15   1.1e+16  1.23e+16  1.27e+16  1.26e+16  1.21e+16  1.14e+16  1.06e+16

P1->W1

P\T           300       400       500       600       700       800       900     1e+03   1.1e+03   1.2e+03
0.1           ***       ***       ***       ***       ***       ***       ***       ***       ***       ***
1             ***       ***       ***       ***       ***       ***       ***       ***       ***       ***
10            ***       ***       ***       ***       ***       ***       ***       ***       ***       ***
100           ***       ***       ***       ***       ***       ***       ***       ***       ***       ***
O-O      1.75e-10  1.84e-10  1.91e-10  1.96e-10  2.02e-10  2.06e-10   2.1e-10  2.14e-10  2.17e-10  2.21e-10

P1->W2

P\T           300       400       500       600       700       800       900     1e+03   1.1e+03   1.2e+03
0.1           ***       ***       ***       ***       ***       ***       ***       ***       ***       ***
1             ***       ***       ***       ***       ***       ***       ***       ***       ***       ***
10            ***       ***       ***       ***       ***       ***       ***       ***       ***       ***
100           ***       ***       ***       ***       ***       ***       ***       ***       ***       ***
O-O           ***       ***       ***       ***       ***       ***       ***       ***       ***       ***

P1->P2

P\T           300       400       500       600       700       800       900     1e+03   1.1e+03   1.2e+03
0.1      3.87e-24  4.48e-22  1.31e-20   1.6e-19  1.11e-18  5.17e-18  1.83e-17  5.26e-17  1.29e-16  2.82e-16
1        3.87e-24  4.48e-22  1.31e-20   1.6e-19  1.11e-18  5.17e-18  1.83e-17  5.26e-17  1.29e-16  2.82e-16
10       3.87e-24  4.48e-22  1.31e-20   1.6e-19  1.11e-18  5.17e-18  1.83e-17  5.26e-17  1.29e-16  2.82e-16
100      3.88e-24  4.48e-22  1.31e-20   1.6e-19  1.11e-18  5.17e-18  1.83e-17  5.26e-17  1.29e-16  2.82e-16
O-O           ***       ***       ***       ***       ***       ***       ***       ***       ***       ***

P2->W1

P\T           300       400       500       600       700       800       900     1e+03   1.1e+03   1.2e+03
0.1           ***       ***       ***       ***       ***       ***       ***       ***       ***       ***
1             ***       ***       ***       ***       ***       ***       ***       ***       ***       ***
10            ***       ***       ***       ***       ***       ***       ***       ***       ***       ***
100           ***       ***       ***       ***       ***       ***       ***       ***       ***       ***
O-O           ***       ***       ***       ***       ***       ***       ***       ***       ***       ***

P2->W2

P\T           300       400       500       600       700       800       900     1e+03   1.1e+03   1.2e+03
0.1           ***       ***       ***       ***       ***       ***       ***       ***       ***       ***
1             ***       ***       ***       ***       ***       ***       ***       ***       ***       ***
10            ***       ***       ***       ***       ***       ***       ***       ***       ***       ***
100           ***       ***       ***       ***       ***       ***       ***       ***       ***       ***
O-O      1.74e-10  1.82e-10  1.89e-10  1.95e-10     2e-10  2.05e-10  2.09e-10  2.12e-10  2.16e-10  2.19e-10

P2->P1

P\T           300       400       500       600       700       800       900     1e+03   1.1e+03   1.2e+03
0.1      1.12e-16  2.83e-16  7.87e-16  1.93e-15  4.17e-15  8.03e-15  1.42e-14  2.33e-14  3.62e-14  5.38e-14
1        1.12e-16  2.84e-16  7.87e-16  1.93e-15  4.17e-15  8.03e-15  1.42e-14  2.33e-14  3.62e-14  5.38e-14
10       1.12e-16  2.84e-16  7.87e-16  1.93e-15  4.17e-15  8.03e-15  1.42e-14  2.33e-14  3.62e-14  5.38e-14
100      1.12e-16  2.84e-16  7.87e-16  1.93e-15  4.17e-15  8.03e-15  1.42e-14  2.33e-14  3.62e-14  5.38e-14
O-O           ***       ***       ***       ***       ***       ***       ***       ***       ***       ***

W1-> 

P\T           300       400       500       600       700       800       900     1e+03   1.1e+03   1.2e+03
0.1           ***       ***       ***       ***       ***       ***       ***       ***       ***       ***
1             ***       ***       ***       ***       ***       ***       ***       ***       ***       ***
10            ***       ***       ***       ***       ***       ***       ***       ***       ***       ***
100           ***       ***       ***       ***       ***       ***       ***       ***       ***       ***
O-O      9.93e+14  2.87e+15  4.78e+15  6.13e+15  6.86e+15  7.11e+15  7.03e+15  6.76e+15  6.38e+15  5.95e+15

W2-> 

P\T           300       400       500       600       700       800       900     1e+03   1.1e+03   1.2e+03
0.1           ***       ***       ***       ***       ***       ***       ***       ***       ***       ***
1             ***       ***       ***       ***       ***       ***       ***       ***       ***       ***
10            ***       ***       ***       ***       ***       ***       ***       ***       ***       ***
100           ***       ***       ***       ***       ***       ***       ***       ***       ***       ***
O-O      1.78e+15  5.14e+15  8.55e+15   1.1e+16  1.23e+16  1.27e+16  1.26e+16  1.21e+16  1.14e+16  1.06e+16

P1-> 

P\T           300       400       500       600       700       800       900     1e+03   1.1e+03   1.2e+03
0.1      4.09e-24  4.48e-22  1.31e-20   1.6e-19  1.11e-18  5.17e-18  1.83e-17  5.26e-17  1.29e-16  2.82e-16
1        3.79e-24  4.48e-22  1.31e-20   1.6e-19  1.11e-18  5.17e-18  1.83e-17  5.26e-17  1.29e-16  2.82e-16
10       4.34e-24  4.48e-22  1.31e-20   1.6e-19  1.11e-18  5.17e-18  1.83e-17  5.26e-17  1.29e-16  2.82e-16
100      4.18e-24  4.48e-22  1.31e-20   1.6e-19  1.11e-18  5.17e-18  1.83e-17  5.26e-17  1.29e-16  2.82e-16
O-O      1.75e-10  1.84e-10  1.91e-10  1.96e-10  2.02e-10  2.06e-10   2.1e-10  2.14e-10  2.17e-10  2.21e-10

P2-> 

P\T           300       400       500       600       700       800       900     1e+03   1.1e+03   1.2e+03
0.1      1.12e-16  2.83e-16  7.87e-16  1.93e-15  4.17e-15  8.03e-15  1.42e-14  2.33e-14  3.62e-14  5.38e-14
1        1.12e-16  2.84e-16  7.87e-16  1.93e-15  4.17e-15  8.03e-15  1.42e-14  2.33e-14  3.62e-14  5.38e-14
10       1.12e-16  2.84e-16  7.87e-16  1.93e-15  4.17e-15  8.03e-15  1.42e-14  2.33e-14  3.62e-14  5.38e-14
100      1.12e-16  2.84e-16  7.87e-16  1.93e-15  4.17e-15  8.03e-15  1.42e-14  2.33e-14  3.62e-14  5.38e-14
O-O      1.74e-10  1.82e-10  1.89e-10  1.95e-10     2e-10  2.05e-10  2.09e-10  2.12e-10  2.16e-10  2.19e-10

