Wells (G - ground energy, D - dissociation limit, kcal/mol):
                             W         G         D
      FakeW-C5H8O(825)rs+OH(4)        -3     -0.19
        FakeW-H2O(5)+S(1314)r0     -15.7     -12.7

Bimolecular Products (G - ground energy, kcal/mol):
                       P         G
      C5H8O(825)rs+OH(4)         0
        H2O(5)+S(1314)r0     -12.7

Well-to-Bimolecular Barriers (H/G - barrier height/well depth, kcal/mol)
                             B         H                        W         G                  P
      FakeB-C5H8O(825)rs+OH(4)         0 FakeW-C5H8O(825)rs+OH(4)        -3 C5H8O(825)rs+OH(4)
        FakeB-H2O(5)+S(1314)r0     -12.7   FakeW-H2O(5)+S(1314)r0     -15.7   H2O(5)+S(1314)r0

Well-to-Well Barriers (H/G - barrier height/well depth, kcal/mol):
           B         H                       W1        G1                       W2        G2
      ts_1_4     -0.19 FakeW-C5H8O(825)rs+OH(4)        -3   FakeW-H2O(5)+S(1314)r0     -15.7

Bound Groups: dissociation barrier (name/ground energy, kcal/mol): wells (name/ground energy, kcal/mol):
     C2/-12.7:  FakeW-H2O(5)+S(1314)r0/-15.7

     B1/-0.19:  FakeW-C5H8O(825)rs+OH(4)/-3

________________________________________________________________________________________

Names Translation Tables (<short name> - <original name>):
Wells:
   W1 - FakeW-C5H8O(825)rs+OH(4)
   W2 - FakeW-H2O(5)+S(1314)r0
Bimolecular products:
   P1 - C5H8O(825)rs+OH(4)
   P2 - H2O(5)+S(1314)r0
Inner Barriers:
   B1 - ts_1_4
Outer Barriers:
   C1 - FakeB-C5H8O(825)rs+OH(4)
   C2 - FakeB-H2O(5)+S(1314)r0
Unimolecular Rate Units: 1/sec;  Bimolecular Rate Units: cm^3/sec

______________________________________________________________________________________

Species-Species Rate Tables:

Temperature = 500 K

High Pressure Rate Coefficients:

From\To         W1        W2        P1        P2
W1             ***  1.63e+08     1e+10       ***
W2             184       ***       ***  2.45e+10
P1         2.4e-10       ***       ***       ***
P2             ***  2.35e-10       ***       ***

Temperature = 500 K    Pressure = 0.1 atm

From\To         W1        W2        P1        P2
W1             ***       ***       ***       ***
W2             ***       ***       ***       ***
P1             ***       ***  3.84e-12  3.84e-12
P2             ***       ***  1.72e-18  1.72e-18

Temperature = 500 K    Pressure = 1 atm

From\To         W1        W2        P1        P2
W1             ***       ***       ***       ***
W2             ***       ***       ***       ***
P1             ***       ***  3.84e-12  3.84e-12
P2             ***       ***  1.72e-18  1.72e-18

Temperature = 500 K    Pressure = 10 atm

From\To         W1        W2        P1        P2
W1             ***       ***       ***       ***
W2             ***       ***       ***       ***
P1             ***       ***  3.84e-12  3.84e-12
P2             ***       ***  1.72e-18  1.72e-18

Temperature = 500 K    Pressure = 100 atm

From\To         W1        W2        P1        P2
W1             ***       ***       ***       ***
W2             ***       ***       ***       ***
P1             ***       ***  3.84e-12  3.84e-12
P2             ***       ***  1.72e-18  1.72e-18

Temperature = 600 K

High Pressure Rate Coefficients:

From\To         W1        W2        P1        P2
W1             ***  2.06e+08  1.12e+10       ***
W2        1.73e+03       ***       ***  2.54e+10
P1        2.47e-10       ***       ***       ***
P2             ***  2.42e-10       ***       ***

Temperature = 600 K    Pressure = 0.1 atm

From\To         W1        W2        P1        P2
W1             ***       ***       ***       ***
W2             ***       ***       ***       ***
P1             ***       ***  4.44e-12  4.44e-12
P2             ***       ***  1.61e-17  1.61e-17

Temperature = 600 K    Pressure = 1 atm

From\To         W1        W2        P1        P2
W1             ***       ***       ***       ***
W2             ***       ***       ***       ***
P1             ***       ***  4.44e-12  4.44e-12
P2             ***       ***  1.61e-17  1.61e-17

Temperature = 600 K    Pressure = 10 atm

From\To         W1        W2        P1        P2
W1             ***       ***       ***       ***
W2             ***       ***       ***       ***
P1             ***       ***  4.44e-12  4.44e-12
P2             ***       ***  1.61e-17  1.61e-17

Temperature = 600 K    Pressure = 100 atm

From\To         W1        W2        P1        P2
W1             ***       ***       ***       ***
W2             ***       ***       ***       ***
P1             ***       ***  4.44e-12  4.44e-12
P2             ***       ***  1.61e-17  1.61e-17

Temperature = 700 K

High Pressure Rate Coefficients:

From\To         W1        W2        P1        P2
W1             ***  2.47e+08  1.15e+10       ***
W2        8.69e+03       ***       ***  2.44e+10
P1        2.54e-10       ***       ***       ***
P2             ***  2.48e-10       ***       ***

Temperature = 700 K    Pressure = 0.1 atm

From\To         W1        W2        P1        P2
W1             ***       ***       ***       ***
W2             ***       ***       ***       ***
P1             ***       ***   5.3e-12   5.3e-12
P2             ***       ***  8.61e-17  8.61e-17

Temperature = 700 K    Pressure = 1 atm

From\To         W1        W2        P1        P2
W1             ***       ***       ***       ***
W2             ***       ***       ***       ***
P1             ***       ***   5.3e-12   5.3e-12
P2             ***       ***  8.61e-17  8.61e-17

Temperature = 700 K    Pressure = 10 atm

From\To         W1        W2        P1        P2
W1             ***       ***       ***       ***
W2             ***       ***       ***       ***
P1             ***       ***   5.3e-12   5.3e-12
P2             ***       ***  8.61e-17  8.61e-17

Temperature = 700 K    Pressure = 100 atm

From\To         W1        W2        P1        P2
W1             ***       ***       ***       ***
W2             ***       ***       ***       ***
P1             ***       ***  5.31e-12  5.31e-12
P2             ***       ***  8.62e-17  8.62e-17

Temperature = 800 K

High Pressure Rate Coefficients:

From\To         W1        W2        P1        P2
W1             ***  2.86e+08  1.12e+10       ***
W2        2.94e+04       ***       ***  2.25e+10
P1         2.6e-10       ***       ***       ***
P2             ***  2.54e-10       ***       ***

Temperature = 800 K    Pressure = 0.1 atm

From\To         W1        W2        P1        P2
W1             ***       ***       ***       ***
W2             ***       ***       ***       ***
P1             ***       ***   6.4e-12   6.4e-12
P2             ***       ***  3.22e-16  3.22e-16

Temperature = 800 K    Pressure = 1 atm

From\To         W1        W2        P1        P2
W1             ***       ***       ***       ***
W2             ***       ***       ***       ***
P1             ***       ***   6.4e-12   6.4e-12
P2             ***       ***  3.22e-16  3.22e-16

Temperature = 800 K    Pressure = 10 atm

From\To         W1        W2        P1        P2
W1             ***       ***       ***       ***
W2             ***       ***       ***       ***
P1             ***       ***  6.41e-12  6.41e-12
P2             ***       ***  3.22e-16  3.22e-16

Temperature = 800 K    Pressure = 100 atm

From\To         W1        W2        P1        P2
W1             ***       ***       ***       ***
W2             ***       ***       ***       ***
P1             ***       ***  6.41e-12  6.41e-12
P2             ***       ***  3.22e-16  3.22e-16

Temperature = 900 K

High Pressure Rate Coefficients:

From\To         W1        W2        P1        P2
W1             ***  3.23e+08  1.07e+10       ***
W2        7.64e+04       ***       ***  2.03e+10
P1        2.65e-10       ***       ***       ***
P2             ***  2.59e-10       ***       ***

Temperature = 900 K    Pressure = 0.1 atm

From\To         W1        W2        P1        P2
W1             ***       ***       ***       ***
W2             ***       ***       ***       ***
P1             ***       ***  7.72e-12  7.72e-12
P2             ***       ***   9.4e-16   9.4e-16

Temperature = 900 K    Pressure = 1 atm

From\To         W1        W2        P1        P2
W1             ***       ***       ***       ***
W2             ***       ***       ***       ***
P1             ***       ***  7.72e-12  7.72e-12
P2             ***       ***  9.41e-16  9.41e-16

Temperature = 900 K    Pressure = 10 atm

From\To         W1        W2        P1        P2
W1             ***       ***       ***       ***
W2             ***       ***       ***       ***
P1             ***       ***  7.72e-12  7.72e-12
P2             ***       ***  9.41e-16  9.41e-16

Temperature = 900 K    Pressure = 100 atm

From\To         W1        W2        P1        P2
W1             ***       ***       ***       ***
W2             ***       ***       ***       ***
P1             ***       ***  7.73e-12  7.73e-12
P2             ***       ***  9.41e-16  9.41e-16

Temperature = 1e+03 K

High Pressure Rate Coefficients:

From\To         W1        W2        P1        P2
W1             ***  3.58e+08     1e+10       ***
W2        1.65e+05       ***       ***  1.81e+10
P1        2.69e-10       ***       ***       ***
P2             ***  2.63e-10       ***       ***

Temperature = 1e+03 K    Pressure = 0.1 atm

From\To         W1        W2        P1        P2
W1             ***       ***       ***       ***
W2             ***       ***       ***       ***
P1             ***       ***  9.25e-12  9.25e-12
P2             ***       ***   2.3e-15   2.3e-15

Temperature = 1e+03 K    Pressure = 1 atm

From\To         W1        W2        P1        P2
W1             ***       ***       ***       ***
W2             ***       ***       ***       ***
P1             ***       ***  9.25e-12  9.25e-12
P2             ***       ***   2.3e-15   2.3e-15

Temperature = 1e+03 K    Pressure = 10 atm

From\To         W1        W2        P1        P2
W1             ***       ***       ***       ***
W2             ***       ***       ***       ***
P1             ***       ***  9.25e-12  9.25e-12
P2             ***       ***   2.3e-15   2.3e-15

Temperature = 1e+03 K    Pressure = 100 atm

From\To         W1        W2        P1        P2
W1             ***       ***       ***       ***
W2             ***       ***       ***       ***
P1             ***       ***  9.26e-12  9.26e-12
P2             ***       ***   2.3e-15   2.3e-15

Temperature = 1.1e+03 K

High Pressure Rate Coefficients:

From\To         W1        W2        P1        P2
W1             ***  3.91e+08  9.28e+09       ***
W2         3.1e+05       ***       ***  1.61e+10
P1        2.74e-10       ***       ***       ***
P2             ***  2.68e-10       ***       ***

Temperature = 1.1e+03 K    Pressure = 0.1 atm

From\To         W1        W2        P1        P2
W1             ***       ***       ***       ***
W2             ***       ***       ***       ***
P1             ***       ***   1.1e-11   1.1e-11
P2             ***       ***  4.92e-15  4.92e-15

Temperature = 1.1e+03 K    Pressure = 1 atm

From\To         W1        W2        P1        P2
W1             ***       ***       ***       ***
W2             ***       ***       ***       ***
P1             ***       ***   1.1e-11   1.1e-11
P2             ***       ***  4.92e-15  4.92e-15

Temperature = 1.1e+03 K    Pressure = 10 atm

From\To         W1        W2        P1        P2
W1             ***       ***       ***       ***
W2             ***       ***       ***       ***
P1             ***       ***   1.1e-11   1.1e-11
P2             ***       ***  4.92e-15  4.92e-15

Temperature = 1.1e+03 K    Pressure = 100 atm

From\To         W1        W2        P1        P2
W1             ***       ***       ***       ***
W2             ***       ***       ***       ***
P1             ***       ***   1.1e-11   1.1e-11
P2             ***       ***  4.92e-15  4.92e-15

Temperature = 1.2e+03 K

High Pressure Rate Coefficients:

From\To         W1        W2        P1        P2
W1             ***  4.22e+08  8.56e+09       ***
W2        5.27e+05       ***       ***  1.42e+10
P1        2.78e-10       ***       ***       ***
P2             ***  2.71e-10       ***       ***

Temperature = 1.2e+03 K    Pressure = 0.1 atm

From\To         W1        W2        P1        P2
W1             ***       ***       ***       ***
W2             ***       ***       ***       ***
P1             ***       ***  1.29e-11  1.29e-11
P2             ***       ***  9.49e-15  9.49e-15

Temperature = 1.2e+03 K    Pressure = 1 atm

From\To         W1        W2        P1        P2
W1             ***       ***       ***       ***
W2             ***       ***       ***       ***
P1             ***       ***  1.29e-11  1.29e-11
P2             ***       ***  9.49e-15  9.49e-15

Temperature = 1.2e+03 K    Pressure = 10 atm

From\To         W1        W2        P1        P2
W1             ***       ***       ***       ***
W2             ***       ***       ***       ***
P1             ***       ***  1.29e-11  1.29e-11
P2             ***       ***  9.49e-15  9.49e-15

Temperature = 1.2e+03 K    Pressure = 100 atm

From\To         W1        W2        P1        P2
W1        8.45e+09       ***  8.01e+09  1.53e+09
W2             ***       ***       ***       ***
P1        2.22e-10       ***  2.23e-10 -2.73e-11
P2        3.12e-14       ***    -2e-14  1.51e-14

Temperature = 1.3e+03 K

High Pressure Rate Coefficients:

From\To         W1        W2        P1        P2
W1             ***   4.5e+08  7.88e+09       ***
W2        8.26e+05       ***       ***  1.26e+10
P1        2.81e-10       ***       ***       ***
P2             ***  2.75e-10       ***       ***

Temperature = 1.3e+03 K    Pressure = 0.1 atm

From\To         W1        W2        P1        P2
W1             ***       ***       ***       ***
W2             ***       ***       ***       ***
P1             ***       ***   1.5e-11   1.5e-11
P2             ***       ***  1.69e-14  1.69e-14

Temperature = 1.3e+03 K    Pressure = 1 atm

From\To         W1        W2        P1        P2
W1             ***       ***       ***       ***
W2             ***       ***       ***       ***
P1             ***       ***   1.5e-11   1.5e-11
P2             ***       ***  1.69e-14  1.69e-14

Temperature = 1.3e+03 K    Pressure = 10 atm

From\To         W1        W2        P1        P2
W1             ***       ***       ***       ***
W2             ***       ***       ***       ***
P1             ***       ***  1.51e-11  1.51e-11
P2             ***       ***  1.69e-14  1.69e-14

Temperature = 1.3e+03 K    Pressure = 100 atm

From\To         W1        W2        P1        P2
W1        7.86e+09   5.3e+08  7.39e+09 -6.21e+07
W2       -3.13e+05   1.1e+10  1.49e+06   1.1e+10
P1        2.33e-10  7.36e-11  2.34e-10 -7.24e-11
P2        8.18e-14  1.95e-10 -8.11e-14  1.95e-10

Temperature = 1.4e+03 K

High Pressure Rate Coefficients:

From\To         W1        W2        P1        P2
W1             ***  4.76e+08  7.24e+09       ***
W2        1.22e+06       ***       ***  1.12e+10
P1        2.85e-10       ***       ***       ***
P2             ***  2.79e-10       ***       ***

Temperature = 1.4e+03 K    Pressure = 0.1 atm

From\To         W1        W2        P1        P2
W1             ***       ***       ***       ***
W2             ***       ***       ***       ***
P1             ***       ***  1.74e-11  1.74e-11
P2             ***       ***  2.81e-14  2.81e-14

Temperature = 1.4e+03 K    Pressure = 1 atm

From\To         W1        W2        P1        P2
W1             ***       ***       ***       ***
W2             ***       ***       ***       ***
P1             ***       ***  1.74e-11  1.74e-11
P2             ***       ***  2.81e-14  2.81e-14

Temperature = 1.4e+03 K    Pressure = 10 atm

From\To         W1        W2        P1        P2
W1             ***       ***       ***       ***
W2             ***       ***       ***       ***
P1             ***       ***  1.74e-11  1.74e-11
P2             ***       ***  2.81e-14  2.81e-14

Temperature = 1.4e+03 K    Pressure = 100 atm

From\To         W1        W2        P1        P2
W1         7.3e+09  5.52e+08  6.81e+09  -6.1e+07
W2        1.49e+06  9.87e+09  8.75e+04  9.87e+09
P1        2.42e-10  1.93e-12  2.43e-10 -7.81e-13
P2       -1.63e-15  2.07e-10 -1.26e-15  2.07e-10

Temperature = 1.5e+03 K

High Pressure Rate Coefficients:

From\To         W1        W2        P1        P2
W1             ***  5.01e+08  6.66e+09       ***
W2        1.71e+06       ***       ***  9.97e+09
P1        2.88e-10       ***       ***       ***
P2             ***  2.82e-10       ***       ***

Temperature = 1.5e+03 K    Pressure = 0.1 atm

From\To         W1        W2        P1        P2
W1             ***       ***       ***       ***
W2             ***       ***       ***       ***
P1             ***       ***  1.99e-11  1.99e-11
P2             ***       ***  4.42e-14  4.42e-14

Temperature = 1.5e+03 K    Pressure = 1 atm

From\To         W1        W2        P1        P2
W1             ***       ***       ***       ***
W2             ***       ***       ***       ***
P1             ***       ***  1.99e-11  1.99e-11
P2             ***       ***  4.42e-14  4.42e-14

Temperature = 1.5e+03 K    Pressure = 10 atm

From\To         W1        W2        P1        P2
W1             ***       ***       ***       ***
W2             ***       ***       ***       ***
P1             ***       ***  1.99e-11  1.99e-11
P2             ***       ***  4.43e-14  4.43e-14

Temperature = 1.5e+03 K    Pressure = 100 atm

From\To         W1        W2        P1        P2
W1        6.79e+09  5.72e+08  6.28e+09 -5.95e+07
W2        2.09e+06  8.84e+09  3.63e+04  8.84e+09
P1         2.5e-10 -2.96e-13  2.51e-10  1.39e-12
P2       -7.44e-15  2.16e-10  3.09e-15  2.16e-10

Temperature = 1.6e+03 K

High Pressure Rate Coefficients:

From\To         W1        W2        P1        P2
W1             ***  5.23e+08  6.13e+09       ***
W2        2.29e+06       ***       ***   8.9e+09
P1        2.91e-10       ***       ***       ***
P2             ***  2.85e-10       ***       ***

Temperature = 1.6e+03 K    Pressure = 0.1 atm

From\To         W1        W2        P1        P2
W1             ***       ***       ***       ***
W2             ***       ***       ***       ***
P1             ***       ***  2.26e-11  2.26e-11
P2             ***       ***  6.66e-14  6.66e-14

Temperature = 1.6e+03 K    Pressure = 1 atm

From\To         W1        W2        P1        P2
W1             ***       ***       ***       ***
W2             ***       ***       ***       ***
P1             ***       ***  2.26e-11  2.26e-11
P2             ***       ***  6.66e-14  6.66e-14

Temperature = 1.6e+03 K    Pressure = 10 atm

From\To         W1        W2        P1        P2
W1             ***       ***       ***       ***
W2             ***       ***       ***       ***
P1             ***       ***  2.26e-11  2.26e-11
P2             ***       ***  6.67e-14  6.67e-14

Temperature = 1.6e+03 K    Pressure = 100 atm

From\To         W1        W2        P1        P2
W1        6.32e+09   5.9e+08  5.79e+09 -5.76e+07
W2        2.77e+06  7.94e+09  1.21e+04  7.94e+09
P1        2.56e-10  -1.1e-12  2.57e-10  2.16e-12
P2       -1.25e-14  2.24e-10  6.36e-15  2.24e-10

Temperature = 1.7e+03 K

High Pressure Rate Coefficients:

From\To         W1        W2        P1        P2
W1             ***  5.43e+08  5.64e+09       ***
W2        2.98e+06       ***       ***  7.96e+09
P1        2.94e-10       ***       ***       ***
P2             ***  2.88e-10       ***       ***

Temperature = 1.7e+03 K    Pressure = 0.1 atm

From\To         W1        W2        P1        P2
W1             ***       ***       ***       ***
W2             ***       ***       ***       ***
P1             ***       ***  2.54e-11  2.54e-11
P2             ***       ***  9.65e-14  9.65e-14

Temperature = 1.7e+03 K    Pressure = 1 atm

From\To         W1        W2        P1        P2
W1             ***       ***       ***       ***
W2             ***       ***       ***       ***
P1             ***       ***  2.54e-11  2.54e-11
P2             ***       ***  9.65e-14  9.65e-14

Temperature = 1.7e+03 K    Pressure = 10 atm

From\To         W1        W2        P1        P2
W1             ***       ***       ***       ***
W2             ***       ***       ***       ***
P1             ***       ***  2.55e-11  2.55e-11
P2             ***       ***  9.66e-14  9.66e-14

Temperature = 1.7e+03 K    Pressure = 100 atm

From\To         W1        W2        P1        P2
W1         5.9e+09  6.07e+08  5.34e+09 -5.55e+07
W2        3.53e+06  7.15e+09  -4.2e+03  7.14e+09
P1        2.62e-10 -1.51e-12  2.63e-10  2.53e-12
P2       -1.78e-14  2.32e-10   9.6e-15  2.32e-10

Temperature = 1.8e+03 K

High Pressure Rate Coefficients:

From\To         W1        W2        P1        P2
W1             ***  5.62e+08  5.21e+09       ***
W2        3.76e+06       ***       ***  7.15e+09
P1        2.97e-10       ***       ***       ***
P2             ***   2.9e-10       ***       ***

Temperature = 1.8e+03 K    Pressure = 0.1 atm

From\To         W1        W2        P1        P2
W1             ***       ***       ***       ***
W2             ***       ***       ***       ***
P1             ***       ***  2.84e-11  2.84e-11
P2             ***       ***  1.35e-13  1.35e-13

Temperature = 1.8e+03 K    Pressure = 1 atm

From\To         W1        W2        P1        P2
W1             ***       ***       ***       ***
W2             ***       ***       ***       ***
P1             ***       ***  2.84e-11  2.84e-11
P2             ***       ***  1.35e-13  1.35e-13

Temperature = 1.8e+03 K    Pressure = 10 atm

From\To         W1        W2        P1        P2
W1             ***       ***       ***       ***
W2             ***       ***       ***       ***
P1             ***       ***  2.85e-11  2.85e-11
P2             ***       ***  1.35e-13  1.35e-13

Temperature = 1.8e+03 K    Pressure = 100 atm

From\To         W1        W2        P1        P2
W1        5.51e+09  6.22e+08  4.94e+09 -5.33e+07
W2        4.37e+06  6.45e+09 -1.66e+04  6.45e+09
P1        2.67e-10 -1.74e-12  2.68e-10  2.74e-12
P2       -2.37e-14  2.38e-10   1.3e-14  2.38e-10

Temperature = 1.9e+03 K

High Pressure Rate Coefficients:

From\To         W1        W2        P1        P2
W1             ***  5.79e+08  4.81e+09       ***
W2        4.63e+06       ***       ***  6.44e+09
P1           3e-10       ***       ***       ***
P2             ***  2.93e-10       ***       ***

Temperature = 1.9e+03 K    Pressure = 0.1 atm

From\To         W1        W2        P1        P2
W1             ***       ***       ***       ***
W2             ***       ***       ***       ***
P1             ***       ***  3.16e-11  3.16e-11
P2             ***       ***  1.84e-13  1.84e-13

Temperature = 1.9e+03 K    Pressure = 1 atm

From\To         W1        W2        P1        P2
W1             ***       ***       ***       ***
W2             ***       ***       ***       ***
P1             ***       ***  3.16e-11  3.16e-11
P2             ***       ***  1.84e-13  1.84e-13

Temperature = 1.9e+03 K    Pressure = 10 atm

From\To         W1        W2        P1        P2
W1             ***       ***       ***       ***
W2             ***       ***       ***       ***
P1             ***       ***  3.17e-11  3.17e-11
P2             ***       ***  1.85e-13  1.85e-13

Temperature = 1.9e+03 K    Pressure = 100 atm

From\To         W1        W2        P1        P2
W1        5.16e+09  6.35e+08  4.58e+09 -5.09e+07
W2         5.3e+06  5.84e+09 -2.66e+04  5.84e+09
P1        2.72e-10 -1.88e-12  2.73e-10  2.86e-12
P2       -3.02e-14  2.44e-10  1.67e-14  2.44e-10

Temperature = 2e+03 K

High Pressure Rate Coefficients:

From\To         W1        W2        P1        P2
W1             ***  5.95e+08  4.45e+09       ***
W2        5.58e+06       ***       ***  5.82e+09
P1        3.02e-10       ***       ***       ***
P2             ***  2.96e-10       ***       ***

Temperature = 2e+03 K    Pressure = 0.1 atm

From\To         W1        W2        P1        P2
W1             ***       ***       ***       ***
W2             ***       ***       ***       ***
P1             ***       ***  3.49e-11  3.49e-11
P2             ***       ***  2.45e-13  2.45e-13

Temperature = 2e+03 K    Pressure = 1 atm

From\To         W1        W2        P1        P2
W1             ***       ***       ***       ***
W2             ***       ***       ***       ***
P1             ***       ***  3.49e-11  3.49e-11
P2             ***       ***  2.45e-13  2.45e-13

Temperature = 2e+03 K    Pressure = 10 atm

From\To         W1        W2        P1        P2
W1             ***       ***       ***       ***
W2             ***       ***       ***       ***
P1             ***       ***   3.5e-11   3.5e-11
P2             ***       ***  2.45e-13  2.45e-13

Temperature = 2e+03 K    Pressure = 100 atm

From\To         W1        W2        P1        P2
W1        4.84e+09  6.48e+08  4.24e+09 -4.86e+07
W2         6.3e+06   5.3e+09 -3.47e+04   5.3e+09
P1        2.77e-10 -1.96e-12  2.78e-10  2.94e-12
P2       -3.73e-14   2.5e-10  2.06e-14   2.5e-10

______________________________________________________________________________________

High Pressure Rate Coefficients (Temperature-Species Rate Tables):

Reactant = W1
   T(K)        W1        W2        P1        P2
    500       ***  1.63e+08     1e+10       ***
    600       ***  2.06e+08  1.12e+10       ***
    700       ***  2.47e+08  1.15e+10       ***
    800       ***  2.86e+08  1.12e+10       ***
    900       ***  3.23e+08  1.07e+10       ***
  1e+03       ***  3.58e+08     1e+10       ***
1.1e+03       ***  3.91e+08  9.28e+09       ***
1.2e+03       ***  4.22e+08  8.56e+09       ***
1.3e+03       ***   4.5e+08  7.88e+09       ***
1.4e+03       ***  4.76e+08  7.24e+09       ***
1.5e+03       ***  5.01e+08  6.66e+09       ***
1.6e+03       ***  5.23e+08  6.13e+09       ***
1.7e+03       ***  5.43e+08  5.64e+09       ***
1.8e+03       ***  5.62e+08  5.21e+09       ***
1.9e+03       ***  5.79e+08  4.81e+09       ***
  2e+03       ***  5.95e+08  4.45e+09       ***

Reactant = W2
   T(K)        W1        W2        P1        P2
    500       184       ***       ***  2.45e+10
    600  1.73e+03       ***       ***  2.54e+10
    700  8.69e+03       ***       ***  2.44e+10
    800  2.94e+04       ***       ***  2.25e+10
    900  7.64e+04       ***       ***  2.03e+10
  1e+03  1.65e+05       ***       ***  1.81e+10
1.1e+03   3.1e+05       ***       ***  1.61e+10
1.2e+03  5.27e+05       ***       ***  1.42e+10
1.3e+03  8.26e+05       ***       ***  1.26e+10
1.4e+03  1.22e+06       ***       ***  1.12e+10
1.5e+03  1.71e+06       ***       ***  9.97e+09
1.6e+03  2.29e+06       ***       ***   8.9e+09
1.7e+03  2.98e+06       ***       ***  7.96e+09
1.8e+03  3.76e+06       ***       ***  7.15e+09
1.9e+03  4.63e+06       ***       ***  6.44e+09
  2e+03  5.58e+06       ***       ***  5.82e+09

Reactant = P1
   T(K)        W1        W2        P1        P2
    500   2.4e-10       ***       ***       ***
    600  2.47e-10       ***       ***       ***
    700  2.54e-10       ***       ***       ***
    800   2.6e-10       ***       ***       ***
    900  2.65e-10       ***       ***       ***
  1e+03  2.69e-10       ***       ***       ***
1.1e+03  2.74e-10       ***       ***       ***
1.2e+03  2.78e-10       ***       ***       ***
1.3e+03  2.81e-10       ***       ***       ***
1.4e+03  2.85e-10       ***       ***       ***
1.5e+03  2.88e-10       ***       ***       ***
1.6e+03  2.91e-10       ***       ***       ***
1.7e+03  2.94e-10       ***       ***       ***
1.8e+03  2.97e-10       ***       ***       ***
1.9e+03     3e-10       ***       ***       ***
  2e+03  3.02e-10       ***       ***       ***

Reactant = P2
   T(K)        W1        W2        P1        P2
    500       ***  2.35e-10       ***       ***
    600       ***  2.42e-10       ***       ***
    700       ***  2.48e-10       ***       ***
    800       ***  2.54e-10       ***       ***
    900       ***  2.59e-10       ***       ***
  1e+03       ***  2.63e-10       ***       ***
1.1e+03       ***  2.68e-10       ***       ***
1.2e+03       ***  2.71e-10       ***       ***
1.3e+03       ***  2.75e-10       ***       ***
1.4e+03       ***  2.79e-10       ***       ***
1.5e+03       ***  2.82e-10       ***       ***
1.6e+03       ***  2.85e-10       ***       ***
1.7e+03       ***  2.88e-10       ***       ***
1.8e+03       ***   2.9e-10       ***       ***
1.9e+03       ***  2.93e-10       ***       ***
  2e+03       ***  2.96e-10       ***       ***

Capture/Escape Rate Coefficients:

   T(K)        W1        W2        P1        P2
    500  1.02e+10  2.45e+10   2.4e-10  2.35e-10
    600  1.14e+10  2.54e+10  2.47e-10  2.42e-10
    700  1.17e+10  2.44e+10  2.54e-10  2.48e-10
    800  1.15e+10  2.25e+10   2.6e-10  2.54e-10
    900   1.1e+10  2.03e+10  2.65e-10  2.59e-10
  1e+03  1.04e+10  1.81e+10  2.69e-10  2.63e-10
1.1e+03  9.67e+09  1.61e+10  2.74e-10  2.68e-10
1.2e+03  8.98e+09  1.42e+10  2.78e-10  2.71e-10
1.3e+03  8.33e+09  1.26e+10  2.81e-10  2.75e-10
1.4e+03  7.72e+09  1.12e+10  2.85e-10  2.79e-10
1.5e+03  7.16e+09  9.97e+09  2.88e-10  2.82e-10
1.6e+03  6.65e+09   8.9e+09  2.91e-10  2.85e-10
1.7e+03  6.19e+09  7.97e+09  2.94e-10  2.88e-10
1.8e+03  5.77e+09  7.15e+09  2.97e-10   2.9e-10
1.9e+03  5.39e+09  6.44e+09     3e-10  2.93e-10
  2e+03  5.05e+09  5.82e+09  3.02e-10  2.96e-10

______________________________________________________________________________________

Pressure-Species Rate Tables:

Reactant = W1   Temperature = 500 K

   P(atm)        W2        P1        P2      Loss
      0.1       ***       ***       ***       ***
        1       ***       ***       ***       ***
       10       ***       ***       ***       ***
      100       ***       ***       ***       ***
      O-O  1.63e+08     1e+10       ***  1.02e+10

Reactant = W1   Temperature = 600 K

   P(atm)        W2        P1        P2      Loss
      0.1       ***       ***       ***       ***
        1       ***       ***       ***       ***
       10       ***       ***       ***       ***
      100       ***       ***       ***       ***
      O-O  2.06e+08  1.12e+10       ***  1.14e+10

Reactant = W1   Temperature = 700 K

   P(atm)        W2        P1        P2      Loss
      0.1       ***       ***       ***       ***
        1       ***       ***       ***       ***
       10       ***       ***       ***       ***
      100       ***       ***       ***       ***
      O-O  2.47e+08  1.15e+10       ***  1.17e+10

Reactant = W1   Temperature = 800 K

   P(atm)        W2        P1        P2      Loss
      0.1       ***       ***       ***       ***
        1       ***       ***       ***       ***
       10       ***       ***       ***       ***
      100       ***       ***       ***       ***
      O-O  2.86e+08  1.12e+10       ***  1.15e+10

Reactant = W1   Temperature = 900 K

   P(atm)        W2        P1        P2      Loss
      0.1       ***       ***       ***       ***
        1       ***       ***       ***       ***
       10       ***       ***       ***       ***
      100       ***       ***       ***       ***
      O-O  3.23e+08  1.07e+10       ***   1.1e+10

Reactant = W1   Temperature = 1e+03 K

   P(atm)        W2        P1        P2      Loss
      0.1       ***       ***       ***       ***
        1       ***       ***       ***       ***
       10       ***       ***       ***       ***
      100       ***       ***       ***       ***
      O-O  3.58e+08     1e+10       ***  1.04e+10

Reactant = W1   Temperature = 1.1e+03 K

   P(atm)        W2        P1        P2      Loss
      0.1       ***       ***       ***       ***
        1       ***       ***       ***       ***
       10       ***       ***       ***       ***
      100       ***       ***       ***       ***
      O-O  3.91e+08  9.28e+09       ***  9.67e+09

Reactant = W1   Temperature = 1.2e+03 K

   P(atm)        W2        P1        P2      Loss
      0.1       ***       ***       ***       ***
        1       ***       ***       ***       ***
       10       ***       ***       ***       ***
      100       ***  8.01e+09  1.53e+09  8.45e+09
      O-O  4.22e+08  8.56e+09       ***  8.98e+09

Reactant = W1   Temperature = 1.3e+03 K

   P(atm)        W2        P1        P2      Loss
      0.1       ***       ***       ***       ***
        1       ***       ***       ***       ***
       10       ***       ***       ***       ***
      100   5.3e+08  7.39e+09 -6.21e+07  7.86e+09
      O-O   4.5e+08  7.88e+09       ***  8.33e+09

Reactant = W1   Temperature = 1.4e+03 K

   P(atm)        W2        P1        P2      Loss
      0.1       ***       ***       ***       ***
        1       ***       ***       ***       ***
       10       ***       ***       ***       ***
      100  5.52e+08  6.81e+09  -6.1e+07   7.3e+09
      O-O  4.76e+08  7.24e+09       ***  7.72e+09

Reactant = W1   Temperature = 1.5e+03 K

   P(atm)        W2        P1        P2      Loss
      0.1       ***       ***       ***       ***
        1       ***       ***       ***       ***
       10       ***       ***       ***       ***
      100  5.72e+08  6.28e+09 -5.95e+07  6.79e+09
      O-O  5.01e+08  6.66e+09       ***  7.16e+09

Reactant = W1   Temperature = 1.6e+03 K

   P(atm)        W2        P1        P2      Loss
      0.1       ***       ***       ***       ***
        1       ***       ***       ***       ***
       10       ***       ***       ***       ***
      100   5.9e+08  5.79e+09 -5.76e+07  6.32e+09
      O-O  5.23e+08  6.13e+09       ***  6.65e+09

Reactant = W1   Temperature = 1.7e+03 K

   P(atm)        W2        P1        P2      Loss
      0.1       ***       ***       ***       ***
        1       ***       ***       ***       ***
       10       ***       ***       ***       ***
      100  6.07e+08  5.34e+09 -5.55e+07   5.9e+09
      O-O  5.43e+08  5.64e+09       ***  6.19e+09

Reactant = W1   Temperature = 1.8e+03 K

   P(atm)        W2        P1        P2      Loss
      0.1       ***       ***       ***       ***
        1       ***       ***       ***       ***
       10       ***       ***       ***       ***
      100  6.22e+08  4.94e+09 -5.33e+07  5.51e+09
      O-O  5.62e+08  5.21e+09       ***  5.77e+09

Reactant = W1   Temperature = 1.9e+03 K

   P(atm)        W2        P1        P2      Loss
      0.1       ***       ***       ***       ***
        1       ***       ***       ***       ***
       10       ***       ***       ***       ***
      100  6.35e+08  4.58e+09 -5.09e+07  5.16e+09
      O-O  5.79e+08  4.81e+09       ***  5.39e+09

Reactant = W1   Temperature = 2e+03 K

   P(atm)        W2        P1        P2      Loss
      0.1       ***       ***       ***       ***
        1       ***       ***       ***       ***
       10       ***       ***       ***       ***
      100  6.48e+08  4.24e+09 -4.86e+07  4.84e+09
      O-O  5.95e+08  4.45e+09       ***  5.05e+09

Reactant = W2   Temperature = 500 K

   P(atm)        W1        P1        P2      Loss
      0.1       ***       ***       ***       ***
        1       ***       ***       ***       ***
       10       ***       ***       ***       ***
      100       ***       ***       ***       ***
      O-O       184       ***  2.45e+10  2.45e+10

Reactant = W2   Temperature = 600 K

   P(atm)        W1        P1        P2      Loss
      0.1       ***       ***       ***       ***
        1       ***       ***       ***       ***
       10       ***       ***       ***       ***
      100       ***       ***       ***       ***
      O-O  1.73e+03       ***  2.54e+10  2.54e+10

Reactant = W2   Temperature = 700 K

   P(atm)        W1        P1        P2      Loss
      0.1       ***       ***       ***       ***
        1       ***       ***       ***       ***
       10       ***       ***       ***       ***
      100       ***       ***       ***       ***
      O-O  8.69e+03       ***  2.44e+10  2.44e+10

Reactant = W2   Temperature = 800 K

   P(atm)        W1        P1        P2      Loss
      0.1       ***       ***       ***       ***
        1       ***       ***       ***       ***
       10       ***       ***       ***       ***
      100       ***       ***       ***       ***
      O-O  2.94e+04       ***  2.25e+10  2.25e+10

Reactant = W2   Temperature = 900 K

   P(atm)        W1        P1        P2      Loss
      0.1       ***       ***       ***       ***
        1       ***       ***       ***       ***
       10       ***       ***       ***       ***
      100       ***       ***       ***       ***
      O-O  7.64e+04       ***  2.03e+10  2.03e+10

Reactant = W2   Temperature = 1e+03 K

   P(atm)        W1        P1        P2      Loss
      0.1       ***       ***       ***       ***
        1       ***       ***       ***       ***
       10       ***       ***       ***       ***
      100       ***       ***       ***       ***
      O-O  1.65e+05       ***  1.81e+10  1.81e+10

Reactant = W2   Temperature = 1.1e+03 K

   P(atm)        W1        P1        P2      Loss
      0.1       ***       ***       ***       ***
        1       ***       ***       ***       ***
       10       ***       ***       ***       ***
      100       ***       ***       ***       ***
      O-O   3.1e+05       ***  1.61e+10  1.61e+10

Reactant = W2   Temperature = 1.2e+03 K

   P(atm)        W1        P1        P2      Loss
      0.1       ***       ***       ***       ***
        1       ***       ***       ***       ***
       10       ***       ***       ***       ***
      100       ***       ***       ***       ***
      O-O  5.27e+05       ***  1.42e+10  1.42e+10

Reactant = W2   Temperature = 1.3e+03 K

   P(atm)        W1        P1        P2      Loss
      0.1       ***       ***       ***       ***
        1       ***       ***       ***       ***
       10       ***       ***       ***       ***
      100 -3.13e+05  1.49e+06   1.1e+10   1.1e+10
      O-O  8.26e+05       ***  1.26e+10  1.26e+10

Reactant = W2   Temperature = 1.4e+03 K

   P(atm)        W1        P1        P2      Loss
      0.1       ***       ***       ***       ***
        1       ***       ***       ***       ***
       10       ***       ***       ***       ***
      100  1.49e+06  8.75e+04  9.87e+09  9.87e+09
      O-O  1.22e+06       ***  1.12e+10  1.12e+10

Reactant = W2   Temperature = 1.5e+03 K

   P(atm)        W1        P1        P2      Loss
      0.1       ***       ***       ***       ***
        1       ***       ***       ***       ***
       10       ***       ***       ***       ***
      100  2.09e+06  3.63e+04  8.84e+09  8.84e+09
      O-O  1.71e+06       ***  9.97e+09  9.97e+09

Reactant = W2   Temperature = 1.6e+03 K

   P(atm)        W1        P1        P2      Loss
      0.1       ***       ***       ***       ***
        1       ***       ***       ***       ***
       10       ***       ***       ***       ***
      100  2.77e+06  1.21e+04  7.94e+09  7.94e+09
      O-O  2.29e+06       ***   8.9e+09   8.9e+09

Reactant = W2   Temperature = 1.7e+03 K

   P(atm)        W1        P1        P2      Loss
      0.1       ***       ***       ***       ***
        1       ***       ***       ***       ***
       10       ***       ***       ***       ***
      100  3.53e+06  -4.2e+03  7.14e+09  7.15e+09
      O-O  2.98e+06       ***  7.96e+09  7.97e+09

Reactant = W2   Temperature = 1.8e+03 K

   P(atm)        W1        P1        P2      Loss
      0.1       ***       ***       ***       ***
        1       ***       ***       ***       ***
       10       ***       ***       ***       ***
      100  4.37e+06 -1.66e+04  6.45e+09  6.45e+09
      O-O  3.76e+06       ***  7.15e+09  7.15e+09

Reactant = W2   Temperature = 1.9e+03 K

   P(atm)        W1        P1        P2      Loss
      0.1       ***       ***       ***       ***
        1       ***       ***       ***       ***
       10       ***       ***       ***       ***
      100   5.3e+06 -2.66e+04  5.84e+09  5.84e+09
      O-O  4.63e+06       ***  6.44e+09  6.44e+09

Reactant = W2   Temperature = 2e+03 K

   P(atm)        W1        P1        P2      Loss
      0.1       ***       ***       ***       ***
        1       ***       ***       ***       ***
       10       ***       ***       ***       ***
      100   6.3e+06 -3.47e+04   5.3e+09   5.3e+09
      O-O  5.58e+06       ***  5.82e+09  5.82e+09

Reactant = P1   Temperature = 500 K

   P(atm)        W1        W2        P2      Loss
      0.1       ***       ***  3.84e-12  3.84e-12
        1       ***       ***  3.84e-12  3.84e-12
       10       ***       ***  3.84e-12  3.84e-12
      100       ***       ***  3.84e-12  3.84e-12
      O-O   2.4e-10       ***       ***   2.4e-10

Reactant = P1   Temperature = 600 K

   P(atm)        W1        W2        P2      Loss
      0.1       ***       ***  4.44e-12  4.44e-12
        1       ***       ***  4.44e-12  4.44e-12
       10       ***       ***  4.44e-12  4.44e-12
      100       ***       ***  4.44e-12  4.44e-12
      O-O  2.47e-10       ***       ***  2.47e-10

Reactant = P1   Temperature = 700 K

   P(atm)        W1        W2        P2      Loss
      0.1       ***       ***   5.3e-12   5.3e-12
        1       ***       ***   5.3e-12   5.3e-12
       10       ***       ***   5.3e-12   5.3e-12
      100       ***       ***  5.31e-12  5.31e-12
      O-O  2.54e-10       ***       ***  2.54e-10

Reactant = P1   Temperature = 800 K

   P(atm)        W1        W2        P2      Loss
      0.1       ***       ***   6.4e-12   6.4e-12
        1       ***       ***   6.4e-12   6.4e-12
       10       ***       ***  6.41e-12  6.41e-12
      100       ***       ***  6.41e-12  6.41e-12
      O-O   2.6e-10       ***       ***   2.6e-10

Reactant = P1   Temperature = 900 K

   P(atm)        W1        W2        P2      Loss
      0.1       ***       ***  7.72e-12  7.72e-12
        1       ***       ***  7.72e-12  7.72e-12
       10       ***       ***  7.72e-12  7.72e-12
      100       ***       ***  7.73e-12  7.73e-12
      O-O  2.65e-10       ***       ***  2.65e-10

Reactant = P1   Temperature = 1e+03 K

   P(atm)        W1        W2        P2      Loss
      0.1       ***       ***  9.25e-12  9.25e-12
        1       ***       ***  9.25e-12  9.25e-12
       10       ***       ***  9.25e-12  9.25e-12
      100       ***       ***  9.26e-12  9.26e-12
      O-O  2.69e-10       ***       ***  2.69e-10

Reactant = P1   Temperature = 1.1e+03 K

   P(atm)        W1        W2        P2      Loss
      0.1       ***       ***   1.1e-11   1.1e-11
        1       ***       ***   1.1e-11   1.1e-11
       10       ***       ***   1.1e-11   1.1e-11
      100       ***       ***   1.1e-11   1.1e-11
      O-O  2.74e-10       ***       ***  2.74e-10

Reactant = P1   Temperature = 1.2e+03 K

   P(atm)        W1        W2        P2      Loss
      0.1       ***       ***  1.29e-11  1.29e-11
        1       ***       ***  1.29e-11  1.29e-11
       10       ***       ***  1.29e-11  1.29e-11
      100  2.22e-10       *** -2.73e-11  2.23e-10
      O-O  2.78e-10       ***       ***  2.78e-10

Reactant = P1   Temperature = 1.3e+03 K

   P(atm)        W1        W2        P2      Loss
      0.1       ***       ***   1.5e-11   1.5e-11
        1       ***       ***   1.5e-11   1.5e-11
       10       ***       ***  1.51e-11  1.51e-11
      100  2.33e-10  7.36e-11 -7.24e-11  2.34e-10
      O-O  2.81e-10       ***       ***  2.81e-10

Reactant = P1   Temperature = 1.4e+03 K

   P(atm)        W1        W2        P2      Loss
      0.1       ***       ***  1.74e-11  1.74e-11
        1       ***       ***  1.74e-11  1.74e-11
       10       ***       ***  1.74e-11  1.74e-11
      100  2.42e-10  1.93e-12 -7.81e-13  2.43e-10
      O-O  2.85e-10       ***       ***  2.85e-10

Reactant = P1   Temperature = 1.5e+03 K

   P(atm)        W1        W2        P2      Loss
      0.1       ***       ***  1.99e-11  1.99e-11
        1       ***       ***  1.99e-11  1.99e-11
       10       ***       ***  1.99e-11  1.99e-11
      100   2.5e-10 -2.96e-13  1.39e-12  2.51e-10
      O-O  2.88e-10       ***       ***  2.88e-10

Reactant = P1   Temperature = 1.6e+03 K

   P(atm)        W1        W2        P2      Loss
      0.1       ***       ***  2.26e-11  2.26e-11
        1       ***       ***  2.26e-11  2.26e-11
       10       ***       ***  2.26e-11  2.26e-11
      100  2.56e-10  -1.1e-12  2.16e-12  2.57e-10
      O-O  2.91e-10       ***       ***  2.91e-10

Reactant = P1   Temperature = 1.7e+03 K

   P(atm)        W1        W2        P2      Loss
      0.1       ***       ***  2.54e-11  2.54e-11
        1       ***       ***  2.54e-11  2.54e-11
       10       ***       ***  2.55e-11  2.55e-11
      100  2.62e-10 -1.51e-12  2.53e-12  2.63e-10
      O-O  2.94e-10       ***       ***  2.94e-10

Reactant = P1   Temperature = 1.8e+03 K

   P(atm)        W1        W2        P2      Loss
      0.1       ***       ***  2.84e-11  2.84e-11
        1       ***       ***  2.84e-11  2.84e-11
       10       ***       ***  2.85e-11  2.85e-11
      100  2.67e-10 -1.74e-12  2.74e-12  2.68e-10
      O-O  2.97e-10       ***       ***  2.97e-10

Reactant = P1   Temperature = 1.9e+03 K

   P(atm)        W1        W2        P2      Loss
      0.1       ***       ***  3.16e-11  3.16e-11
        1       ***       ***  3.16e-11  3.16e-11
       10       ***       ***  3.17e-11  3.17e-11
      100  2.72e-10 -1.88e-12  2.86e-12  2.73e-10
      O-O     3e-10       ***       ***     3e-10

Reactant = P1   Temperature = 2e+03 K

   P(atm)        W1        W2        P2      Loss
      0.1       ***       ***  3.49e-11  3.49e-11
        1       ***       ***  3.49e-11  3.49e-11
       10       ***       ***   3.5e-11   3.5e-11
      100  2.77e-10 -1.96e-12  2.94e-12  2.78e-10
      O-O  3.02e-10       ***       ***  3.02e-10

Reactant = P2   Temperature = 500 K

   P(atm)        W1        W2        P1      Loss
      0.1       ***       ***  1.72e-18  1.72e-18
        1       ***       ***  1.72e-18  1.72e-18
       10       ***       ***  1.72e-18  1.72e-18
      100       ***       ***  1.72e-18  1.72e-18
      O-O       ***  2.35e-10       ***  2.35e-10

Reactant = P2   Temperature = 600 K

   P(atm)        W1        W2        P1      Loss
      0.1       ***       ***  1.61e-17  1.61e-17
        1       ***       ***  1.61e-17  1.61e-17
       10       ***       ***  1.61e-17  1.61e-17
      100       ***       ***  1.61e-17  1.61e-17
      O-O       ***  2.42e-10       ***  2.42e-10

Reactant = P2   Temperature = 700 K

   P(atm)        W1        W2        P1      Loss
      0.1       ***       ***  8.61e-17  8.61e-17
        1       ***       ***  8.61e-17  8.61e-17
       10       ***       ***  8.61e-17  8.61e-17
      100       ***       ***  8.62e-17  8.62e-17
      O-O       ***  2.48e-10       ***  2.48e-10

Reactant = P2   Temperature = 800 K

   P(atm)        W1        W2        P1      Loss
      0.1       ***       ***  3.22e-16  3.22e-16
        1       ***       ***  3.22e-16  3.22e-16
       10       ***       ***  3.22e-16  3.22e-16
      100       ***       ***  3.22e-16  3.22e-16
      O-O       ***  2.54e-10       ***  2.54e-10

Reactant = P2   Temperature = 900 K

   P(atm)        W1        W2        P1      Loss
      0.1       ***       ***   9.4e-16   9.4e-16
        1       ***       ***  9.41e-16  9.41e-16
       10       ***       ***  9.41e-16  9.41e-16
      100       ***       ***  9.41e-16  9.41e-16
      O-O       ***  2.59e-10       ***  2.59e-10

Reactant = P2   Temperature = 1e+03 K

   P(atm)        W1        W2        P1      Loss
      0.1       ***       ***   2.3e-15   2.3e-15
        1       ***       ***   2.3e-15   2.3e-15
       10       ***       ***   2.3e-15   2.3e-15
      100       ***       ***   2.3e-15   2.3e-15
      O-O       ***  2.63e-10       ***  2.63e-10

Reactant = P2   Temperature = 1.1e+03 K

   P(atm)        W1        W2        P1      Loss
      0.1       ***       ***  4.92e-15  4.92e-15
        1       ***       ***  4.92e-15  4.92e-15
       10       ***       ***  4.92e-15  4.92e-15
      100       ***       ***  4.92e-15  4.92e-15
      O-O       ***  2.68e-10       ***  2.68e-10

Reactant = P2   Temperature = 1.2e+03 K

   P(atm)        W1        W2        P1      Loss
      0.1       ***       ***  9.49e-15  9.49e-15
        1       ***       ***  9.49e-15  9.49e-15
       10       ***       ***  9.49e-15  9.49e-15
      100  3.12e-14       ***    -2e-14  1.51e-14
      O-O       ***  2.71e-10       ***  2.71e-10

Reactant = P2   Temperature = 1.3e+03 K

   P(atm)        W1        W2        P1      Loss
      0.1       ***       ***  1.69e-14  1.69e-14
        1       ***       ***  1.69e-14  1.69e-14
       10       ***       ***  1.69e-14  1.69e-14
      100  8.18e-14  1.95e-10 -8.11e-14  1.95e-10
      O-O       ***  2.75e-10       ***  2.75e-10

Reactant = P2   Temperature = 1.4e+03 K

   P(atm)        W1        W2        P1      Loss
      0.1       ***       ***  2.81e-14  2.81e-14
        1       ***       ***  2.81e-14  2.81e-14
       10       ***       ***  2.81e-14  2.81e-14
      100 -1.63e-15  2.07e-10 -1.26e-15  2.07e-10
      O-O       ***  2.79e-10       ***  2.79e-10

Reactant = P2   Temperature = 1.5e+03 K

   P(atm)        W1        W2        P1      Loss
      0.1       ***       ***  4.42e-14  4.42e-14
        1       ***       ***  4.42e-14  4.42e-14
       10       ***       ***  4.43e-14  4.43e-14
      100 -7.44e-15  2.16e-10  3.09e-15  2.16e-10
      O-O       ***  2.82e-10       ***  2.82e-10

Reactant = P2   Temperature = 1.6e+03 K

   P(atm)        W1        W2        P1      Loss
      0.1       ***       ***  6.66e-14  6.66e-14
        1       ***       ***  6.66e-14  6.66e-14
       10       ***       ***  6.67e-14  6.67e-14
      100 -1.25e-14  2.24e-10  6.36e-15  2.24e-10
      O-O       ***  2.85e-10       ***  2.85e-10

Reactant = P2   Temperature = 1.7e+03 K

   P(atm)        W1        W2        P1      Loss
      0.1       ***       ***  9.65e-14  9.65e-14
        1       ***       ***  9.65e-14  9.65e-14
       10       ***       ***  9.66e-14  9.66e-14
      100 -1.78e-14  2.32e-10   9.6e-15  2.32e-10
      O-O       ***  2.88e-10       ***  2.88e-10

Reactant = P2   Temperature = 1.8e+03 K

   P(atm)        W1        W2        P1      Loss
      0.1       ***       ***  1.35e-13  1.35e-13
        1       ***       ***  1.35e-13  1.35e-13
       10       ***       ***  1.35e-13  1.35e-13
      100 -2.37e-14  2.38e-10   1.3e-14  2.38e-10
      O-O       ***   2.9e-10       ***   2.9e-10

Reactant = P2   Temperature = 1.9e+03 K

   P(atm)        W1        W2        P1      Loss
      0.1       ***       ***  1.84e-13  1.84e-13
        1       ***       ***  1.84e-13  1.84e-13
       10       ***       ***  1.85e-13  1.85e-13
      100 -3.02e-14  2.44e-10  1.67e-14  2.44e-10
      O-O       ***  2.93e-10       ***  2.93e-10

Reactant = P2   Temperature = 2e+03 K

   P(atm)        W1        W2        P1      Loss
      0.1       ***       ***  2.45e-13  2.45e-13
        1       ***       ***  2.45e-13  2.45e-13
       10       ***       ***  2.45e-13  2.45e-13
      100 -3.73e-14   2.5e-10  2.06e-14   2.5e-10
      O-O       ***  2.96e-10       ***  2.96e-10

______________________________________________________________________________________

Temperature-Species Rate Tables:

Reactant = W1   Pressure = 0.1 atm

   T(K)        W2        P1        P2      Loss   Capture
    500       ***       ***       ***       ***  1.02e+10
    600       ***       ***       ***       ***  1.14e+10
    700       ***       ***       ***       ***  1.17e+10
    800       ***       ***       ***       ***  1.15e+10
    900       ***       ***       ***       ***   1.1e+10
  1e+03       ***       ***       ***       ***  1.04e+10
1.1e+03       ***       ***       ***       ***  9.67e+09
1.2e+03       ***       ***       ***       ***  8.98e+09
1.3e+03       ***       ***       ***       ***  8.33e+09
1.4e+03       ***       ***       ***       ***  7.72e+09
1.5e+03       ***       ***       ***       ***  7.16e+09
1.6e+03       ***       ***       ***       ***  6.65e+09
1.7e+03       ***       ***       ***       ***  6.19e+09
1.8e+03       ***       ***       ***       ***  5.77e+09
1.9e+03       ***       ***       ***       ***  5.39e+09
  2e+03       ***       ***       ***       ***  5.05e+09

Reactant = W1   Pressure = 1 atm

   T(K)        W2        P1        P2      Loss   Capture
    500       ***       ***       ***       ***  1.02e+10
    600       ***       ***       ***       ***  1.14e+10
    700       ***       ***       ***       ***  1.17e+10
    800       ***       ***       ***       ***  1.15e+10
    900       ***       ***       ***       ***   1.1e+10
  1e+03       ***       ***       ***       ***  1.04e+10
1.1e+03       ***       ***       ***       ***  9.67e+09
1.2e+03       ***       ***       ***       ***  8.98e+09
1.3e+03       ***       ***       ***       ***  8.33e+09
1.4e+03       ***       ***       ***       ***  7.72e+09
1.5e+03       ***       ***       ***       ***  7.16e+09
1.6e+03       ***       ***       ***       ***  6.65e+09
1.7e+03       ***       ***       ***       ***  6.19e+09
1.8e+03       ***       ***       ***       ***  5.77e+09
1.9e+03       ***       ***       ***       ***  5.39e+09
  2e+03       ***       ***       ***       ***  5.05e+09

Reactant = W1   Pressure = 10 atm

   T(K)        W2        P1        P2      Loss   Capture
    500       ***       ***       ***       ***  1.02e+10
    600       ***       ***       ***       ***  1.14e+10
    700       ***       ***       ***       ***  1.17e+10
    800       ***       ***       ***       ***  1.15e+10
    900       ***       ***       ***       ***   1.1e+10
  1e+03       ***       ***       ***       ***  1.04e+10
1.1e+03       ***       ***       ***       ***  9.67e+09
1.2e+03       ***       ***       ***       ***  8.98e+09
1.3e+03       ***       ***       ***       ***  8.33e+09
1.4e+03       ***       ***       ***       ***  7.72e+09
1.5e+03       ***       ***       ***       ***  7.16e+09
1.6e+03       ***       ***       ***       ***  6.65e+09
1.7e+03       ***       ***       ***       ***  6.19e+09
1.8e+03       ***       ***       ***       ***  5.77e+09
1.9e+03       ***       ***       ***       ***  5.39e+09
  2e+03       ***       ***       ***       ***  5.05e+09

Reactant = W1   Pressure = 100 atm

   T(K)        W2        P1        P2      Loss   Capture
    500       ***       ***       ***       ***  1.02e+10
    600       ***       ***       ***       ***  1.14e+10
    700       ***       ***       ***       ***  1.17e+10
    800       ***       ***       ***       ***  1.15e+10
    900       ***       ***       ***       ***   1.1e+10
  1e+03       ***       ***       ***       ***  1.04e+10
1.1e+03       ***       ***       ***       ***  9.67e+09
1.2e+03       ***  8.01e+09  1.53e+09  8.45e+09  8.98e+09
1.3e+03   5.3e+08  7.39e+09 -6.21e+07  7.86e+09  8.33e+09
1.4e+03  5.52e+08  6.81e+09  -6.1e+07   7.3e+09  7.72e+09
1.5e+03  5.72e+08  6.28e+09 -5.95e+07  6.79e+09  7.16e+09
1.6e+03   5.9e+08  5.79e+09 -5.76e+07  6.32e+09  6.65e+09
1.7e+03  6.07e+08  5.34e+09 -5.55e+07   5.9e+09  6.19e+09
1.8e+03  6.22e+08  4.94e+09 -5.33e+07  5.51e+09  5.77e+09
1.9e+03  6.35e+08  4.58e+09 -5.09e+07  5.16e+09  5.39e+09
  2e+03  6.48e+08  4.24e+09 -4.86e+07  4.84e+09  5.05e+09

Reactant = W2   Pressure = 0.1 atm

   T(K)        W1        P1        P2      Loss   Capture
    500       ***       ***       ***       ***  2.45e+10
    600       ***       ***       ***       ***  2.54e+10
    700       ***       ***       ***       ***  2.44e+10
    800       ***       ***       ***       ***  2.25e+10
    900       ***       ***       ***       ***  2.03e+10
  1e+03       ***       ***       ***       ***  1.81e+10
1.1e+03       ***       ***       ***       ***  1.61e+10
1.2e+03       ***       ***       ***       ***  1.42e+10
1.3e+03       ***       ***       ***       ***  1.26e+10
1.4e+03       ***       ***       ***       ***  1.12e+10
1.5e+03       ***       ***       ***       ***  9.97e+09
1.6e+03       ***       ***       ***       ***   8.9e+09
1.7e+03       ***       ***       ***       ***  7.97e+09
1.8e+03       ***       ***       ***       ***  7.15e+09
1.9e+03       ***       ***       ***       ***  6.44e+09
  2e+03       ***       ***       ***       ***  5.82e+09

Reactant = W2   Pressure = 1 atm

   T(K)        W1        P1        P2      Loss   Capture
    500       ***       ***       ***       ***  2.45e+10
    600       ***       ***       ***       ***  2.54e+10
    700       ***       ***       ***       ***  2.44e+10
    800       ***       ***       ***       ***  2.25e+10
    900       ***       ***       ***       ***  2.03e+10
  1e+03       ***       ***       ***       ***  1.81e+10
1.1e+03       ***       ***       ***       ***  1.61e+10
1.2e+03       ***       ***       ***       ***  1.42e+10
1.3e+03       ***       ***       ***       ***  1.26e+10
1.4e+03       ***       ***       ***       ***  1.12e+10
1.5e+03       ***       ***       ***       ***  9.97e+09
1.6e+03       ***       ***       ***       ***   8.9e+09
1.7e+03       ***       ***       ***       ***  7.97e+09
1.8e+03       ***       ***       ***       ***  7.15e+09
1.9e+03       ***       ***       ***       ***  6.44e+09
  2e+03       ***       ***       ***       ***  5.82e+09

Reactant = W2   Pressure = 10 atm

   T(K)        W1        P1        P2      Loss   Capture
    500       ***       ***       ***       ***  2.45e+10
    600       ***       ***       ***       ***  2.54e+10
    700       ***       ***       ***       ***  2.44e+10
    800       ***       ***       ***       ***  2.25e+10
    900       ***       ***       ***       ***  2.03e+10
  1e+03       ***       ***       ***       ***  1.81e+10
1.1e+03       ***       ***       ***       ***  1.61e+10
1.2e+03       ***       ***       ***       ***  1.42e+10
1.3e+03       ***       ***       ***       ***  1.26e+10
1.4e+03       ***       ***       ***       ***  1.12e+10
1.5e+03       ***       ***       ***       ***  9.97e+09
1.6e+03       ***       ***       ***       ***   8.9e+09
1.7e+03       ***       ***       ***       ***  7.97e+09
1.8e+03       ***       ***       ***       ***  7.15e+09
1.9e+03       ***       ***       ***       ***  6.44e+09
  2e+03       ***       ***       ***       ***  5.82e+09

Reactant = W2   Pressure = 100 atm

   T(K)        W1        P1        P2      Loss   Capture
    500       ***       ***       ***       ***  2.45e+10
    600       ***       ***       ***       ***  2.54e+10
    700       ***       ***       ***       ***  2.44e+10
    800       ***       ***       ***       ***  2.25e+10
    900       ***       ***       ***       ***  2.03e+10
  1e+03       ***       ***       ***       ***  1.81e+10
1.1e+03       ***       ***       ***       ***  1.61e+10
1.2e+03       ***       ***       ***       ***  1.42e+10
1.3e+03 -3.13e+05  1.49e+06   1.1e+10   1.1e+10  1.26e+10
1.4e+03  1.49e+06  8.75e+04  9.87e+09  9.87e+09  1.12e+10
1.5e+03  2.09e+06  3.63e+04  8.84e+09  8.84e+09  9.97e+09
1.6e+03  2.77e+06  1.21e+04  7.94e+09  7.94e+09   8.9e+09
1.7e+03  3.53e+06  -4.2e+03  7.14e+09  7.15e+09  7.97e+09
1.8e+03  4.37e+06 -1.66e+04  6.45e+09  6.45e+09  7.15e+09
1.9e+03   5.3e+06 -2.66e+04  5.84e+09  5.84e+09  6.44e+09
  2e+03   6.3e+06 -3.47e+04   5.3e+09   5.3e+09  5.82e+09

Reactant = P1   Pressure = 0.1 atm

   T(K)        W1        W2        P2      Loss   Capture
    500       ***       ***  3.84e-12  3.84e-12   2.4e-10
    600       ***       ***  4.44e-12  4.44e-12  2.47e-10
    700       ***       ***   5.3e-12   5.3e-12  2.54e-10
    800       ***       ***   6.4e-12   6.4e-12   2.6e-10
    900       ***       ***  7.72e-12  7.72e-12  2.65e-10
  1e+03       ***       ***  9.25e-12  9.25e-12  2.69e-10
1.1e+03       ***       ***   1.1e-11   1.1e-11  2.74e-10
1.2e+03       ***       ***  1.29e-11  1.29e-11  2.78e-10
1.3e+03       ***       ***   1.5e-11   1.5e-11  2.81e-10
1.4e+03       ***       ***  1.74e-11  1.74e-11  2.85e-10
1.5e+03       ***       ***  1.99e-11  1.99e-11  2.88e-10
1.6e+03       ***       ***  2.26e-11  2.26e-11  2.91e-10
1.7e+03       ***       ***  2.54e-11  2.54e-11  2.94e-10
1.8e+03       ***       ***  2.84e-11  2.84e-11  2.97e-10
1.9e+03       ***       ***  3.16e-11  3.16e-11     3e-10
  2e+03       ***       ***  3.49e-11  3.49e-11  3.02e-10

Reactant = P1   Pressure = 1 atm

   T(K)        W1        W2        P2      Loss   Capture
    500       ***       ***  3.84e-12  3.84e-12   2.4e-10
    600       ***       ***  4.44e-12  4.44e-12  2.47e-10
    700       ***       ***   5.3e-12   5.3e-12  2.54e-10
    800       ***       ***   6.4e-12   6.4e-12   2.6e-10
    900       ***       ***  7.72e-12  7.72e-12  2.65e-10
  1e+03       ***       ***  9.25e-12  9.25e-12  2.69e-10
1.1e+03       ***       ***   1.1e-11   1.1e-11  2.74e-10
1.2e+03       ***       ***  1.29e-11  1.29e-11  2.78e-10
1.3e+03       ***       ***   1.5e-11   1.5e-11  2.81e-10
1.4e+03       ***       ***  1.74e-11  1.74e-11  2.85e-10
1.5e+03       ***       ***  1.99e-11  1.99e-11  2.88e-10
1.6e+03       ***       ***  2.26e-11  2.26e-11  2.91e-10
1.7e+03       ***       ***  2.54e-11  2.54e-11  2.94e-10
1.8e+03       ***       ***  2.84e-11  2.84e-11  2.97e-10
1.9e+03       ***       ***  3.16e-11  3.16e-11     3e-10
  2e+03       ***       ***  3.49e-11  3.49e-11  3.02e-10

Reactant = P1   Pressure = 10 atm

   T(K)        W1        W2        P2      Loss   Capture
    500       ***       ***  3.84e-12  3.84e-12   2.4e-10
    600       ***       ***  4.44e-12  4.44e-12  2.47e-10
    700       ***       ***   5.3e-12   5.3e-12  2.54e-10
    800       ***       ***  6.41e-12  6.41e-12   2.6e-10
    900       ***       ***  7.72e-12  7.72e-12  2.65e-10
  1e+03       ***       ***  9.25e-12  9.25e-12  2.69e-10
1.1e+03       ***       ***   1.1e-11   1.1e-11  2.74e-10
1.2e+03       ***       ***  1.29e-11  1.29e-11  2.78e-10
1.3e+03       ***       ***  1.51e-11  1.51e-11  2.81e-10
1.4e+03       ***       ***  1.74e-11  1.74e-11  2.85e-10
1.5e+03       ***       ***  1.99e-11  1.99e-11  2.88e-10
1.6e+03       ***       ***  2.26e-11  2.26e-11  2.91e-10
1.7e+03       ***       ***  2.55e-11  2.55e-11  2.94e-10
1.8e+03       ***       ***  2.85e-11  2.85e-11  2.97e-10
1.9e+03       ***       ***  3.17e-11  3.17e-11     3e-10
  2e+03       ***       ***   3.5e-11   3.5e-11  3.02e-10

Reactant = P1   Pressure = 100 atm

   T(K)        W1        W2        P2      Loss   Capture
    500       ***       ***  3.84e-12  3.84e-12   2.4e-10
    600       ***       ***  4.44e-12  4.44e-12  2.47e-10
    700       ***       ***  5.31e-12  5.31e-12  2.54e-10
    800       ***       ***  6.41e-12  6.41e-12   2.6e-10
    900       ***       ***  7.73e-12  7.73e-12  2.65e-10
  1e+03       ***       ***  9.26e-12  9.26e-12  2.69e-10
1.1e+03       ***       ***   1.1e-11   1.1e-11  2.74e-10
1.2e+03  2.22e-10       *** -2.73e-11  2.23e-10  2.78e-10
1.3e+03  2.33e-10  7.36e-11 -7.24e-11  2.34e-10  2.81e-10
1.4e+03  2.42e-10  1.93e-12 -7.81e-13  2.43e-10  2.85e-10
1.5e+03   2.5e-10 -2.96e-13  1.39e-12  2.51e-10  2.88e-10
1.6e+03  2.56e-10  -1.1e-12  2.16e-12  2.57e-10  2.91e-10
1.7e+03  2.62e-10 -1.51e-12  2.53e-12  2.63e-10  2.94e-10
1.8e+03  2.67e-10 -1.74e-12  2.74e-12  2.68e-10  2.97e-10
1.9e+03  2.72e-10 -1.88e-12  2.86e-12  2.73e-10     3e-10
  2e+03  2.77e-10 -1.96e-12  2.94e-12  2.78e-10  3.02e-10

Reactant = P2   Pressure = 0.1 atm

   T(K)        W1        W2        P1      Loss   Capture
    500       ***       ***  1.72e-18  1.72e-18  2.35e-10
    600       ***       ***  1.61e-17  1.61e-17  2.42e-10
    700       ***       ***  8.61e-17  8.61e-17  2.48e-10
    800       ***       ***  3.22e-16  3.22e-16  2.54e-10
    900       ***       ***   9.4e-16   9.4e-16  2.59e-10
  1e+03       ***       ***   2.3e-15   2.3e-15  2.63e-10
1.1e+03       ***       ***  4.92e-15  4.92e-15  2.68e-10
1.2e+03       ***       ***  9.49e-15  9.49e-15  2.71e-10
1.3e+03       ***       ***  1.69e-14  1.69e-14  2.75e-10
1.4e+03       ***       ***  2.81e-14  2.81e-14  2.79e-10
1.5e+03       ***       ***  4.42e-14  4.42e-14  2.82e-10
1.6e+03       ***       ***  6.66e-14  6.66e-14  2.85e-10
1.7e+03       ***       ***  9.65e-14  9.65e-14  2.88e-10
1.8e+03       ***       ***  1.35e-13  1.35e-13   2.9e-10
1.9e+03       ***       ***  1.84e-13  1.84e-13  2.93e-10
  2e+03       ***       ***  2.45e-13  2.45e-13  2.96e-10

Reactant = P2   Pressure = 1 atm

   T(K)        W1        W2        P1      Loss   Capture
    500       ***       ***  1.72e-18  1.72e-18  2.35e-10
    600       ***       ***  1.61e-17  1.61e-17  2.42e-10
    700       ***       ***  8.61e-17  8.61e-17  2.48e-10
    800       ***       ***  3.22e-16  3.22e-16  2.54e-10
    900       ***       ***  9.41e-16  9.41e-16  2.59e-10
  1e+03       ***       ***   2.3e-15   2.3e-15  2.63e-10
1.1e+03       ***       ***  4.92e-15  4.92e-15  2.68e-10
1.2e+03       ***       ***  9.49e-15  9.49e-15  2.71e-10
1.3e+03       ***       ***  1.69e-14  1.69e-14  2.75e-10
1.4e+03       ***       ***  2.81e-14  2.81e-14  2.79e-10
1.5e+03       ***       ***  4.42e-14  4.42e-14  2.82e-10
1.6e+03       ***       ***  6.66e-14  6.66e-14  2.85e-10
1.7e+03       ***       ***  9.65e-14  9.65e-14  2.88e-10
1.8e+03       ***       ***  1.35e-13  1.35e-13   2.9e-10
1.9e+03       ***       ***  1.84e-13  1.84e-13  2.93e-10
  2e+03       ***       ***  2.45e-13  2.45e-13  2.96e-10

Reactant = P2   Pressure = 10 atm

   T(K)        W1        W2        P1      Loss   Capture
    500       ***       ***  1.72e-18  1.72e-18  2.35e-10
    600       ***       ***  1.61e-17  1.61e-17  2.42e-10
    700       ***       ***  8.61e-17  8.61e-17  2.48e-10
    800       ***       ***  3.22e-16  3.22e-16  2.54e-10
    900       ***       ***  9.41e-16  9.41e-16  2.59e-10
  1e+03       ***       ***   2.3e-15   2.3e-15  2.63e-10
1.1e+03       ***       ***  4.92e-15  4.92e-15  2.68e-10
1.2e+03       ***       ***  9.49e-15  9.49e-15  2.71e-10
1.3e+03       ***       ***  1.69e-14  1.69e-14  2.75e-10
1.4e+03       ***       ***  2.81e-14  2.81e-14  2.79e-10
1.5e+03       ***       ***  4.43e-14  4.43e-14  2.82e-10
1.6e+03       ***       ***  6.67e-14  6.67e-14  2.85e-10
1.7e+03       ***       ***  9.66e-14  9.66e-14  2.88e-10
1.8e+03       ***       ***  1.35e-13  1.35e-13   2.9e-10
1.9e+03       ***       ***  1.85e-13  1.85e-13  2.93e-10
  2e+03       ***       ***  2.45e-13  2.45e-13  2.96e-10

Reactant = P2   Pressure = 100 atm

   T(K)        W1        W2        P1      Loss   Capture
    500       ***       ***  1.72e-18  1.72e-18  2.35e-10
    600       ***       ***  1.61e-17  1.61e-17  2.42e-10
    700       ***       ***  8.62e-17  8.62e-17  2.48e-10
    800       ***       ***  3.22e-16  3.22e-16  2.54e-10
    900       ***       ***  9.41e-16  9.41e-16  2.59e-10
  1e+03       ***       ***   2.3e-15   2.3e-15  2.63e-10
1.1e+03       ***       ***  4.92e-15  4.92e-15  2.68e-10
1.2e+03  3.12e-14       ***    -2e-14  1.51e-14  2.71e-10
1.3e+03  8.18e-14  1.95e-10 -8.11e-14  1.95e-10  2.75e-10
1.4e+03 -1.63e-15  2.07e-10 -1.26e-15  2.07e-10  2.79e-10
1.5e+03 -7.44e-15  2.16e-10  3.09e-15  2.16e-10  2.82e-10
1.6e+03 -1.25e-14  2.24e-10  6.36e-15  2.24e-10  2.85e-10
1.7e+03 -1.78e-14  2.32e-10   9.6e-15  2.32e-10  2.88e-10
1.8e+03 -2.37e-14  2.38e-10   1.3e-14  2.38e-10   2.9e-10
1.9e+03 -3.02e-14  2.44e-10  1.67e-14  2.44e-10  2.93e-10
  2e+03 -3.73e-14   2.5e-10  2.06e-14   2.5e-10  2.96e-10

______________________________________________________________________________________

Temperature-Pressure Rate Tables:

W1->W2

P\T           500       600       700       800       900     1e+03   1.1e+03   1.2e+03   1.3e+03   1.4e+03   1.5e+03   1.6e+03   1.7e+03   1.8e+03   1.9e+03     2e+03
0.1           ***       ***       ***       ***       ***       ***       ***       ***       ***       ***       ***       ***       ***       ***       ***       ***
1             ***       ***       ***       ***       ***       ***       ***       ***       ***       ***       ***       ***       ***       ***       ***       ***
10            ***       ***       ***       ***       ***       ***       ***       ***       ***       ***       ***       ***       ***       ***       ***       ***
100           ***       ***       ***       ***       ***       ***       ***       ***   5.3e+08  5.52e+08  5.72e+08   5.9e+08  6.07e+08  6.22e+08  6.35e+08  6.48e+08
O-O      1.63e+08  2.06e+08  2.47e+08  2.86e+08  3.23e+08  3.58e+08  3.91e+08  4.22e+08   4.5e+08  4.76e+08  5.01e+08  5.23e+08  5.43e+08  5.62e+08  5.79e+08  5.95e+08

W1->P1

P\T           500       600       700       800       900     1e+03   1.1e+03   1.2e+03   1.3e+03   1.4e+03   1.5e+03   1.6e+03   1.7e+03   1.8e+03   1.9e+03     2e+03
0.1           ***       ***       ***       ***       ***       ***       ***       ***       ***       ***       ***       ***       ***       ***       ***       ***
1             ***       ***       ***       ***       ***       ***       ***       ***       ***       ***       ***       ***       ***       ***       ***       ***
10            ***       ***       ***       ***       ***       ***       ***       ***       ***       ***       ***       ***       ***       ***       ***       ***
100           ***       ***       ***       ***       ***       ***       ***  8.01e+09  7.39e+09  6.81e+09  6.28e+09  5.79e+09  5.34e+09  4.94e+09  4.58e+09  4.24e+09
O-O         1e+10  1.12e+10  1.15e+10  1.12e+10  1.07e+10     1e+10  9.28e+09  8.56e+09  7.88e+09  7.24e+09  6.66e+09  6.13e+09  5.64e+09  5.21e+09  4.81e+09  4.45e+09

W1->P2

P\T           500       600       700       800       900     1e+03   1.1e+03   1.2e+03   1.3e+03   1.4e+03   1.5e+03   1.6e+03   1.7e+03   1.8e+03   1.9e+03     2e+03
0.1           ***       ***       ***       ***       ***       ***       ***       ***       ***       ***       ***       ***       ***       ***       ***       ***
1             ***       ***       ***       ***       ***       ***       ***       ***       ***       ***       ***       ***       ***       ***       ***       ***
10            ***       ***       ***       ***       ***       ***       ***       ***       ***       ***       ***       ***       ***       ***       ***       ***
100           ***       ***       ***       ***       ***       ***       ***  1.53e+09 -6.21e+07  -6.1e+07 -5.95e+07 -5.76e+07 -5.55e+07 -5.33e+07 -5.09e+07 -4.86e+07
O-O           ***       ***       ***       ***       ***       ***       ***       ***       ***       ***       ***       ***       ***       ***       ***       ***

W2->W1

P\T           500       600       700       800       900     1e+03   1.1e+03   1.2e+03   1.3e+03   1.4e+03   1.5e+03   1.6e+03   1.7e+03   1.8e+03   1.9e+03     2e+03
0.1           ***       ***       ***       ***       ***       ***       ***       ***       ***       ***       ***       ***       ***       ***       ***       ***
1             ***       ***       ***       ***       ***       ***       ***       ***       ***       ***       ***       ***       ***       ***       ***       ***
10            ***       ***       ***       ***       ***       ***       ***       ***       ***       ***       ***       ***       ***       ***       ***       ***
100           ***       ***       ***       ***       ***       ***       ***       *** -3.13e+05  1.49e+06  2.09e+06  2.77e+06  3.53e+06  4.37e+06   5.3e+06   6.3e+06
O-O           184  1.73e+03  8.69e+03  2.94e+04  7.64e+04  1.65e+05   3.1e+05  5.27e+05  8.26e+05  1.22e+06  1.71e+06  2.29e+06  2.98e+06  3.76e+06  4.63e+06  5.58e+06

W2->P1

P\T           500       600       700       800       900     1e+03   1.1e+03   1.2e+03   1.3e+03   1.4e+03   1.5e+03   1.6e+03   1.7e+03   1.8e+03   1.9e+03     2e+03
0.1           ***       ***       ***       ***       ***       ***       ***       ***       ***       ***       ***       ***       ***       ***       ***       ***
1             ***       ***       ***       ***       ***       ***       ***       ***       ***       ***       ***       ***       ***       ***       ***       ***
10            ***       ***       ***       ***       ***       ***       ***       ***       ***       ***       ***       ***       ***       ***       ***       ***
100           ***       ***       ***       ***       ***       ***       ***       ***  1.49e+06  8.75e+04  3.63e+04  1.21e+04  -4.2e+03 -1.66e+04 -2.66e+04 -3.47e+04
O-O           ***       ***       ***       ***       ***       ***       ***       ***       ***       ***       ***       ***       ***       ***       ***       ***

W2->P2

P\T           500       600       700       800       900     1e+03   1.1e+03   1.2e+03   1.3e+03   1.4e+03   1.5e+03   1.6e+03   1.7e+03   1.8e+03   1.9e+03     2e+03
0.1           ***       ***       ***       ***       ***       ***       ***       ***       ***       ***       ***       ***       ***       ***       ***       ***
1             ***       ***       ***       ***       ***       ***       ***       ***       ***       ***       ***       ***       ***       ***       ***       ***
10            ***       ***       ***       ***       ***       ***       ***       ***       ***       ***       ***       ***       ***       ***       ***       ***
100           ***       ***       ***       ***       ***       ***       ***       ***   1.1e+10  9.87e+09  8.84e+09  7.94e+09  7.14e+09  6.45e+09  5.84e+09   5.3e+09
O-O      2.45e+10  2.54e+10  2.44e+10  2.25e+10  2.03e+10  1.81e+10  1.61e+10  1.42e+10  1.26e+10  1.12e+10  9.97e+09   8.9e+09  7.96e+09  7.15e+09  6.44e+09  5.82e+09

P1->W1

P\T           500       600       700       800       900     1e+03   1.1e+03   1.2e+03   1.3e+03   1.4e+03   1.5e+03   1.6e+03   1.7e+03   1.8e+03   1.9e+03     2e+03
0.1           ***       ***       ***       ***       ***       ***       ***       ***       ***       ***       ***       ***       ***       ***       ***       ***
1             ***       ***       ***       ***       ***       ***       ***       ***       ***       ***       ***       ***       ***       ***       ***       ***
10            ***       ***       ***       ***       ***       ***       ***       ***       ***       ***       ***       ***       ***       ***       ***       ***
100           ***       ***       ***       ***       ***       ***       ***  2.22e-10  2.33e-10  2.42e-10   2.5e-10  2.56e-10  2.62e-10  2.67e-10  2.72e-10  2.77e-10
O-O       2.4e-10  2.47e-10  2.54e-10   2.6e-10  2.65e-10  2.69e-10  2.74e-10  2.78e-10  2.81e-10  2.85e-10  2.88e-10  2.91e-10  2.94e-10  2.97e-10     3e-10  3.02e-10

P1->W2

P\T           500       600       700       800       900     1e+03   1.1e+03   1.2e+03   1.3e+03   1.4e+03   1.5e+03   1.6e+03   1.7e+03   1.8e+03   1.9e+03     2e+03
0.1           ***       ***       ***       ***       ***       ***       ***       ***       ***       ***       ***       ***       ***       ***       ***       ***
1             ***       ***       ***       ***       ***       ***       ***       ***       ***       ***       ***       ***       ***       ***       ***       ***
10            ***       ***       ***       ***       ***       ***       ***       ***       ***       ***       ***       ***       ***       ***       ***       ***
100           ***       ***       ***       ***       ***       ***       ***       ***  7.36e-11  1.93e-12 -2.96e-13  -1.1e-12 -1.51e-12 -1.74e-12 -1.88e-12 -1.96e-12
O-O           ***       ***       ***       ***       ***       ***       ***       ***       ***       ***       ***       ***       ***       ***       ***       ***

P1->P2

P\T           500       600       700       800       900     1e+03   1.1e+03   1.2e+03   1.3e+03   1.4e+03   1.5e+03   1.6e+03   1.7e+03   1.8e+03   1.9e+03     2e+03
0.1      3.84e-12  4.44e-12   5.3e-12   6.4e-12  7.72e-12  9.25e-12   1.1e-11  1.29e-11   1.5e-11  1.74e-11  1.99e-11  2.26e-11  2.54e-11  2.84e-11  3.16e-11  3.49e-11
1        3.84e-12  4.44e-12   5.3e-12   6.4e-12  7.72e-12  9.25e-12   1.1e-11  1.29e-11   1.5e-11  1.74e-11  1.99e-11  2.26e-11  2.54e-11  2.84e-11  3.16e-11  3.49e-11
10       3.84e-12  4.44e-12   5.3e-12  6.41e-12  7.72e-12  9.25e-12   1.1e-11  1.29e-11  1.51e-11  1.74e-11  1.99e-11  2.26e-11  2.55e-11  2.85e-11  3.17e-11   3.5e-11
100      3.84e-12  4.44e-12  5.31e-12  6.41e-12  7.73e-12  9.26e-12   1.1e-11 -2.73e-11 -7.24e-11 -7.81e-13  1.39e-12  2.16e-12  2.53e-12  2.74e-12  2.86e-12  2.94e-12
O-O           ***       ***       ***       ***       ***       ***       ***       ***       ***       ***       ***       ***       ***       ***       ***       ***

P2->W1

P\T           500       600       700       800       900     1e+03   1.1e+03   1.2e+03   1.3e+03   1.4e+03   1.5e+03   1.6e+03   1.7e+03   1.8e+03   1.9e+03     2e+03
0.1           ***       ***       ***       ***       ***       ***       ***       ***       ***       ***       ***       ***       ***       ***       ***       ***
1             ***       ***       ***       ***       ***       ***       ***       ***       ***       ***       ***       ***       ***       ***       ***       ***
10            ***       ***       ***       ***       ***       ***       ***       ***       ***       ***       ***       ***       ***       ***       ***       ***
100           ***       ***       ***       ***       ***       ***       ***  3.12e-14  8.18e-14 -1.63e-15 -7.44e-15 -1.25e-14 -1.78e-14 -2.37e-14 -3.02e-14 -3.73e-14
O-O           ***       ***       ***       ***       ***       ***       ***       ***       ***       ***       ***       ***       ***       ***       ***       ***

P2->W2

P\T           500       600       700       800       900     1e+03   1.1e+03   1.2e+03   1.3e+03   1.4e+03   1.5e+03   1.6e+03   1.7e+03   1.8e+03   1.9e+03     2e+03
0.1           ***       ***       ***       ***       ***       ***       ***       ***       ***       ***       ***       ***       ***       ***       ***       ***
1             ***       ***       ***       ***       ***       ***       ***       ***       ***       ***       ***       ***       ***       ***       ***       ***
10            ***       ***       ***       ***       ***       ***       ***       ***       ***       ***       ***       ***       ***       ***       ***       ***
100           ***       ***       ***       ***       ***       ***       ***       ***  1.95e-10  2.07e-10  2.16e-10  2.24e-10  2.32e-10  2.38e-10  2.44e-10   2.5e-10
O-O      2.35e-10  2.42e-10  2.48e-10  2.54e-10  2.59e-10  2.63e-10  2.68e-10  2.71e-10  2.75e-10  2.79e-10  2.82e-10  2.85e-10  2.88e-10   2.9e-10  2.93e-10  2.96e-10

P2->P1

P\T           500       600       700       800       900     1e+03   1.1e+03   1.2e+03   1.3e+03   1.4e+03   1.5e+03   1.6e+03   1.7e+03   1.8e+03   1.9e+03     2e+03
0.1      1.72e-18  1.61e-17  8.61e-17  3.22e-16   9.4e-16   2.3e-15  4.92e-15  9.49e-15  1.69e-14  2.81e-14  4.42e-14  6.66e-14  9.65e-14  1.35e-13  1.84e-13  2.45e-13
1        1.72e-18  1.61e-17  8.61e-17  3.22e-16  9.41e-16   2.3e-15  4.92e-15  9.49e-15  1.69e-14  2.81e-14  4.42e-14  6.66e-14  9.65e-14  1.35e-13  1.84e-13  2.45e-13
10       1.72e-18  1.61e-17  8.61e-17  3.22e-16  9.41e-16   2.3e-15  4.92e-15  9.49e-15  1.69e-14  2.81e-14  4.43e-14  6.67e-14  9.66e-14  1.35e-13  1.85e-13  2.45e-13
100      1.72e-18  1.61e-17  8.62e-17  3.22e-16  9.41e-16   2.3e-15  4.92e-15    -2e-14 -8.11e-14 -1.26e-15  3.09e-15  6.36e-15   9.6e-15   1.3e-14  1.67e-14  2.06e-14
O-O           ***       ***       ***       ***       ***       ***       ***       ***       ***       ***       ***       ***       ***       ***       ***       ***

W1-> 

P\T           500       600       700       800       900     1e+03   1.1e+03   1.2e+03   1.3e+03   1.4e+03   1.5e+03   1.6e+03   1.7e+03   1.8e+03   1.9e+03     2e+03
0.1           ***       ***       ***       ***       ***       ***       ***       ***       ***       ***       ***       ***       ***       ***       ***       ***
1             ***       ***       ***       ***       ***       ***       ***       ***       ***       ***       ***       ***       ***       ***       ***       ***
10            ***       ***       ***       ***       ***       ***       ***       ***       ***       ***       ***       ***       ***       ***       ***       ***
100           ***       ***       ***       ***       ***       ***       ***  8.45e+09  7.86e+09   7.3e+09  6.79e+09  6.32e+09   5.9e+09  5.51e+09  5.16e+09  4.84e+09
O-O      1.02e+10  1.14e+10  1.17e+10  1.15e+10   1.1e+10  1.04e+10  9.67e+09  8.98e+09  8.33e+09  7.72e+09  7.16e+09  6.65e+09  6.19e+09  5.77e+09  5.39e+09  5.05e+09

W2-> 

P\T           500       600       700       800       900     1e+03   1.1e+03   1.2e+03   1.3e+03   1.4e+03   1.5e+03   1.6e+03   1.7e+03   1.8e+03   1.9e+03     2e+03
0.1           ***       ***       ***       ***       ***       ***       ***       ***       ***       ***       ***       ***       ***       ***       ***       ***
1             ***       ***       ***       ***       ***       ***       ***       ***       ***       ***       ***       ***       ***       ***       ***       ***
10            ***       ***       ***       ***       ***       ***       ***       ***       ***       ***       ***       ***       ***       ***       ***       ***
100           ***       ***       ***       ***       ***       ***       ***       ***   1.1e+10  9.87e+09  8.84e+09  7.94e+09  7.15e+09  6.45e+09  5.84e+09   5.3e+09
O-O      2.45e+10  2.54e+10  2.44e+10  2.25e+10  2.03e+10  1.81e+10  1.61e+10  1.42e+10  1.26e+10  1.12e+10  9.97e+09   8.9e+09  7.97e+09  7.15e+09  6.44e+09  5.82e+09

P1-> 

P\T           500       600       700       800       900     1e+03   1.1e+03   1.2e+03   1.3e+03   1.4e+03   1.5e+03   1.6e+03   1.7e+03   1.8e+03   1.9e+03     2e+03
0.1      3.84e-12  4.44e-12   5.3e-12   6.4e-12  7.72e-12  9.25e-12   1.1e-11  1.29e-11   1.5e-11  1.74e-11  1.99e-11  2.26e-11  2.54e-11  2.84e-11  3.16e-11  3.49e-11
1        3.84e-12  4.44e-12   5.3e-12   6.4e-12  7.72e-12  9.25e-12   1.1e-11  1.29e-11   1.5e-11  1.74e-11  1.99e-11  2.26e-11  2.54e-11  2.84e-11  3.16e-11  3.49e-11
10       3.84e-12  4.44e-12   5.3e-12  6.41e-12  7.72e-12  9.25e-12   1.1e-11  1.29e-11  1.51e-11  1.74e-11  1.99e-11  2.26e-11  2.55e-11  2.85e-11  3.17e-11   3.5e-11
100      3.84e-12  4.44e-12  5.31e-12  6.41e-12  7.73e-12  9.26e-12   1.1e-11  2.23e-10  2.34e-10  2.43e-10  2.51e-10  2.57e-10  2.63e-10  2.68e-10  2.73e-10  2.78e-10
O-O       2.4e-10  2.47e-10  2.54e-10   2.6e-10  2.65e-10  2.69e-10  2.74e-10  2.78e-10  2.81e-10  2.85e-10  2.88e-10  2.91e-10  2.94e-10  2.97e-10     3e-10  3.02e-10

P2-> 

P\T           500       600       700       800       900     1e+03   1.1e+03   1.2e+03   1.3e+03   1.4e+03   1.5e+03   1.6e+03   1.7e+03   1.8e+03   1.9e+03     2e+03
0.1      1.72e-18  1.61e-17  8.61e-17  3.22e-16   9.4e-16   2.3e-15  4.92e-15  9.49e-15  1.69e-14  2.81e-14  4.42e-14  6.66e-14  9.65e-14  1.35e-13  1.84e-13  2.45e-13
1        1.72e-18  1.61e-17  8.61e-17  3.22e-16  9.41e-16   2.3e-15  4.92e-15  9.49e-15  1.69e-14  2.81e-14  4.42e-14  6.66e-14  9.65e-14  1.35e-13  1.84e-13  2.45e-13
10       1.72e-18  1.61e-17  8.61e-17  3.22e-16  9.41e-16   2.3e-15  4.92e-15  9.49e-15  1.69e-14  2.81e-14  4.43e-14  6.67e-14  9.66e-14  1.35e-13  1.85e-13  2.45e-13
100      1.72e-18  1.61e-17  8.62e-17  3.22e-16  9.41e-16   2.3e-15  4.92e-15  1.51e-14  1.95e-10  2.07e-10  2.16e-10  2.24e-10  2.32e-10  2.38e-10  2.44e-10   2.5e-10
O-O      2.35e-10  2.42e-10  2.48e-10  2.54e-10  2.59e-10  2.63e-10  2.68e-10  2.71e-10  2.75e-10  2.79e-10  2.82e-10  2.85e-10  2.88e-10   2.9e-10  2.93e-10  2.96e-10

