Wells (G - ground energy, D - dissociation limit, kcal/mol):
                           W         G         D
        FakeW-CPT(563)+OH(4)      10.1      13.1
      FakeW-C5H9(553)+H2O(5)     -11.5     -8.53

Bimolecular Products (G - ground energy, kcal/mol):
                     P         G
        CPT(563)+OH(4)      14.5
      C5H9(553)+H2O(5)     -8.53

Well-to-Bimolecular Barriers (H/G - barrier height/well depth, kcal/mol)
                           B         H                      W         G                P
        FakeB-CPT(563)+OH(4)      14.5   FakeW-CPT(563)+OH(4)      10.1   CPT(563)+OH(4)
      FakeB-C5H9(553)+H2O(5)     -8.53 FakeW-C5H9(553)+H2O(5)     -11.5 C5H9(553)+H2O(5)

Well-to-Well Barriers (H/G - barrier height/well depth, kcal/mol):
           B         H                     W1        G1                     W2        G2
      ts_7_1      13.1   FakeW-CPT(563)+OH(4)      10.1 FakeW-C5H9(553)+H2O(5)     -11.5

Bound Groups: dissociation barrier (name/ground energy, kcal/mol): wells (name/ground energy, kcal/mol):
     C2/-8.53:  FakeW-C5H9(553)+H2O(5)/-11.5

     B1/13.1:  FakeW-CPT(563)+OH(4)/10.1

________________________________________________________________________________________

Names Translation Tables (<short name> - <original name>):
Wells:
   W1 - FakeW-CPT(563)+OH(4)
   W2 - FakeW-C5H9(553)+H2O(5)
Bimolecular products:
   P1 - CPT(563)+OH(4)
   P2 - C5H9(553)+H2O(5)
Inner Barriers:
   B1 - ts_7_1
Outer Barriers:
   C1 - FakeB-CPT(563)+OH(4)
   C2 - FakeB-C5H9(553)+H2O(5)
Unimolecular Rate Units: 1/sec;  Bimolecular Rate Units: cm^3/sec

______________________________________________________________________________________

Species-Species Rate Tables:

Temperature = 300 K

High Pressure Rate Coefficients:

From\To         W1        W2        P1        P2
W1             ***  6.77e+09  1.39e+12       ***
W2        6.65e-05       ***       ***  6.71e+13
P1        2.24e-10       ***       ***       ***
P2             ***  2.19e-10       ***       ***

Temperature = 300 K    Pressure = 0.1 atm

From\To         W1        W2        P1        P2
W1             ***       ***       ***       ***
W2             ***       ***       ***       ***
P1             ***       ***  9.84e-13  9.84e-13
P2             ***       ***  1.95e-28  1.22e-25

Temperature = 300 K    Pressure = 1 atm

From\To         W1        W2        P1        P2
W1             ***       ***       ***       ***
W2             ***       ***       ***       ***
P1             ***       ***  1.02e-12  1.02e-12
P2             ***       ***  2.02e-28 -1.82e-25

Temperature = 300 K    Pressure = 10 atm

From\To         W1        W2        P1        P2
W1             ***       ***       ***       ***
W2             ***       ***       ***       ***
P1             ***       ***  1.06e-12  1.06e-12
P2             ***       ***   2.1e-28 -1.22e-25

Temperature = 300 K    Pressure = 100 atm

From\To         W1        W2        P1        P2
W1             ***       ***       ***       ***
W2             ***       ***       ***       ***
P1             ***       ***  1.08e-12  1.08e-12
P2             ***       ***  2.14e-28 -3.04e-26

Temperature = 400 K

High Pressure Rate Coefficients:

From\To         W1        W2        P1        P2
W1             ***  2.17e+10  7.33e+12       ***
W2            1.64       ***       ***  1.94e+14
P1        2.35e-10       ***       ***       ***
P2             ***   2.3e-10       ***       ***

Temperature = 400 K    Pressure = 0.1 atm

From\To         W1        W2        P1        P2
W1             ***       ***       ***       ***
W2             ***       ***       ***       ***
P1             ***       ***  6.79e-13  6.79e-13
P2             ***       ***  1.89e-24  1.66e-24

Temperature = 400 K    Pressure = 1 atm

From\To         W1        W2        P1        P2
W1             ***       ***       ***       ***
W2             ***       ***       ***       ***
P1             ***       ***  6.82e-13  6.82e-13
P2             ***       ***   1.9e-24  2.09e-24

Temperature = 400 K    Pressure = 10 atm

From\To         W1        W2        P1        P2
W1             ***       ***       ***       ***
W2             ***       ***       ***       ***
P1             ***       ***  6.87e-13  6.87e-13
P2             ***       ***  1.92e-24  1.66e-24

Temperature = 400 K    Pressure = 100 atm

From\To         W1        W2        P1        P2
W1             ***       ***       ***       ***
W2             ***       ***       ***       ***
P1             ***       ***  6.89e-13  6.89e-13
P2             ***       ***  1.92e-24  1.98e-24

Temperature = 500 K

High Pressure Rate Coefficients:

From\To         W1        W2        P1        P2
W1             ***  4.31e+10  1.79e+13       ***
W2             664       ***       ***  3.23e+14
P1        2.44e-10       ***       ***       ***
P2             ***  2.39e-10       ***       ***

Temperature = 500 K    Pressure = 0.1 atm

From\To         W1        W2        P1        P2
W1             ***       ***       ***       ***
W2             ***       ***       ***       ***
P1             ***       ***  5.83e-13  5.83e-13
P2             ***       ***  4.87e-22  4.87e-22

Temperature = 500 K    Pressure = 1 atm

From\To         W1        W2        P1        P2
W1             ***       ***       ***       ***
W2             ***       ***       ***       ***
P1             ***       ***  5.84e-13  5.84e-13
P2             ***       ***  4.87e-22  4.87e-22

Temperature = 500 K    Pressure = 10 atm

From\To         W1        W2        P1        P2
W1             ***       ***       ***       ***
W2             ***       ***       ***       ***
P1             ***       ***  5.84e-13  5.84e-13
P2             ***       ***  4.87e-22  4.87e-22

Temperature = 500 K    Pressure = 100 atm

From\To         W1        W2        P1        P2
W1             ***       ***       ***       ***
W2             ***       ***       ***       ***
P1             ***       ***  5.85e-13  5.85e-13
P2             ***       ***  4.88e-22  4.88e-22

Temperature = 600 K

High Pressure Rate Coefficients:

From\To         W1        W2        P1        P2
W1             ***   6.8e+10  3.01e+13       ***
W2        3.52e+04       ***       ***  4.14e+14
P1        2.52e-10       ***       ***       ***
P2             ***  2.46e-10       ***       ***

Temperature = 600 K    Pressure = 0.1 atm

From\To         W1        W2        P1        P2
W1             ***       ***       ***       ***
W2             ***       ***       ***       ***
P1             ***       ***  5.65e-13  5.65e-13
P2             ***       ***  2.08e-20  2.08e-20

Temperature = 600 K    Pressure = 1 atm

From\To         W1        W2        P1        P2
W1             ***       ***       ***       ***
W2             ***       ***       ***       ***
P1             ***       ***  5.65e-13  5.65e-13
P2             ***       ***  2.08e-20  2.08e-20

Temperature = 600 K    Pressure = 10 atm

From\To         W1        W2        P1        P2
W1             ***       ***       ***       ***
W2             ***       ***       ***       ***
P1             ***       ***  5.65e-13  5.65e-13
P2             ***       ***  2.08e-20  2.08e-20

Temperature = 600 K    Pressure = 100 atm

From\To         W1        W2        P1        P2
W1             ***       ***       ***       ***
W2             ***       ***       ***       ***
P1             ***       ***  5.65e-13  5.65e-13
P2             ***       ***  2.08e-20  2.08e-20

Temperature = 700 K

High Pressure Rate Coefficients:

From\To         W1        W2        P1        P2
W1             ***  9.41e+10  4.14e+13       ***
W2        5.89e+05       ***       ***  4.64e+14
P1        2.58e-10       ***       ***       ***
P2             ***  2.53e-10       ***       ***

Temperature = 700 K    Pressure = 0.1 atm

From\To         W1        W2        P1        P2
W1             ***       ***       ***       ***
W2             ***       ***       ***       ***
P1             ***       ***  5.83e-13  5.83e-13
P2             ***       ***  3.19e-19  3.19e-19

Temperature = 700 K    Pressure = 1 atm

From\To         W1        W2        P1        P2
W1             ***       ***       ***       ***
W2             ***       ***       ***       ***
P1             ***       ***  5.83e-13  5.83e-13
P2             ***       ***  3.19e-19  3.19e-19

Temperature = 700 K    Pressure = 10 atm

From\To         W1        W2        P1        P2
W1             ***       ***       ***       ***
W2             ***       ***       ***       ***
P1             ***       ***  5.83e-13  5.83e-13
P2             ***       ***  3.19e-19  3.19e-19

Temperature = 700 K    Pressure = 100 atm

From\To         W1        W2        P1        P2
W1             ***       ***       ***       ***
W2             ***       ***       ***       ***
P1             ***       ***  5.83e-13  5.83e-13
P2             ***       ***  3.19e-19  3.19e-19

Temperature = 800 K

High Pressure Rate Coefficients:

From\To         W1        W2        P1        P2
W1             ***   1.2e+11  5.06e+13       ***
W2        4.83e+06       ***       ***  4.81e+14
P1        2.64e-10       ***       ***       ***
P2             ***  2.58e-10       ***       ***

Temperature = 800 K    Pressure = 0.1 atm

From\To         W1        W2        P1        P2
W1             ***       ***       ***       ***
W2             ***       ***       ***       ***
P1             ***       ***  6.24e-13  6.24e-13
P2             ***       ***  2.58e-18  2.58e-18

Temperature = 800 K    Pressure = 1 atm

From\To         W1        W2        P1        P2
W1             ***       ***       ***       ***
W2             ***       ***       ***       ***
P1             ***       ***  6.24e-13  6.24e-13
P2             ***       ***  2.58e-18  2.58e-18

Temperature = 800 K    Pressure = 10 atm

From\To         W1        W2        P1        P2
W1             ***       ***       ***       ***
W2             ***       ***       ***       ***
P1             ***       ***  6.24e-13  6.24e-13
P2             ***       ***  2.58e-18  2.58e-18

Temperature = 800 K    Pressure = 100 atm

From\To         W1        W2        P1        P2
W1             ***       ***       ***       ***
W2             ***       ***       ***       ***
P1             ***       ***  6.24e-13  6.24e-13
P2             ***       ***  2.58e-18  2.58e-18

Temperature = 900 K

High Pressure Rate Coefficients:

From\To         W1        W2        P1        P2
W1             ***  1.45e+11  5.72e+13       ***
W2        2.47e+07       ***       ***  4.76e+14
P1        2.69e-10       ***       ***       ***
P2             ***  2.63e-10       ***       ***

Temperature = 900 K    Pressure = 0.1 atm

From\To         W1        W2        P1        P2
W1             ***       ***       ***       ***
W2             ***       ***       ***       ***
P1             ***       ***  6.81e-13  6.81e-13
P2             ***       ***  1.36e-17  1.36e-17

Temperature = 900 K    Pressure = 1 atm

From\To         W1        W2        P1        P2
W1             ***       ***       ***       ***
W2             ***       ***       ***       ***
P1             ***       ***  6.81e-13  6.81e-13
P2             ***       ***  1.36e-17  1.36e-17

Temperature = 900 K    Pressure = 10 atm

From\To         W1        W2        P1        P2
W1             ***       ***       ***       ***
W2             ***       ***       ***       ***
P1             ***       ***  6.81e-13  6.81e-13
P2             ***       ***  1.36e-17  1.36e-17

Temperature = 900 K    Pressure = 100 atm

From\To         W1        W2        P1        P2
W1             ***       ***       ***       ***
W2             ***       ***       ***       ***
P1             ***       ***  6.81e-13  6.81e-13
P2             ***       ***  1.36e-17  1.36e-17

Temperature = 1e+03 K

High Pressure Rate Coefficients:

From\To         W1        W2        P1        P2
W1             ***  1.69e+11  6.15e+13       ***
W2        9.09e+07       ***       ***  4.57e+14
P1        2.74e-10       ***       ***       ***
P2             ***  2.68e-10       ***       ***

Temperature = 1e+03 K    Pressure = 0.1 atm

From\To         W1        W2        P1        P2
W1             ***       ***       ***       ***
W2             ***       ***       ***       ***
P1             ***       ***   7.5e-13   7.5e-13
P2             ***       ***  5.31e-17  5.31e-17

Temperature = 1e+03 K    Pressure = 1 atm

From\To         W1        W2        P1        P2
W1             ***       ***       ***       ***
W2             ***       ***       ***       ***
P1             ***       ***   7.5e-13   7.5e-13
P2             ***       ***  5.31e-17  5.31e-17

Temperature = 1e+03 K    Pressure = 10 atm

From\To         W1        W2        P1        P2
W1             ***       ***       ***       ***
W2             ***       ***       ***       ***
P1             ***       ***   7.5e-13   7.5e-13
P2             ***       ***  5.31e-17  5.31e-17

Temperature = 1e+03 K    Pressure = 100 atm

From\To         W1        W2        P1        P2
W1             ***       ***       ***       ***
W2             ***       ***       ***       ***
P1             ***       ***   7.5e-13   7.5e-13
P2             ***       ***  5.31e-17  5.31e-17

Temperature = 1.1e+03 K

High Pressure Rate Coefficients:

From\To         W1        W2        P1        P2
W1             ***  1.92e+11  6.39e+13       ***
W2        2.63e+08       ***       ***  4.31e+14
P1        2.78e-10       ***       ***       ***
P2             ***  2.72e-10       ***       ***

Temperature = 1.1e+03 K    Pressure = 0.1 atm

From\To         W1        W2        P1        P2
W1             ***       ***       ***       ***
W2             ***       ***       ***       ***
P1             ***       ***  8.31e-13  8.31e-13
P2             ***       ***  1.66e-16  1.66e-16

Temperature = 1.1e+03 K    Pressure = 1 atm

From\To         W1        W2        P1        P2
W1             ***       ***       ***       ***
W2             ***       ***       ***       ***
P1             ***       ***  8.31e-13  8.31e-13
P2             ***       ***  1.66e-16  1.66e-16

Temperature = 1.1e+03 K    Pressure = 10 atm

From\To         W1        W2        P1        P2
W1             ***       ***       ***       ***
W2             ***       ***       ***       ***
P1             ***       ***  8.31e-13  8.31e-13
P2             ***       ***  1.66e-16  1.66e-16

Temperature = 1.1e+03 K    Pressure = 100 atm

From\To         W1        W2        P1        P2
W1             ***       ***       ***       ***
W2             ***       ***       ***       ***
P1             ***       ***  8.31e-13  8.31e-13
P2             ***       ***  1.66e-16  1.66e-16

Temperature = 1.2e+03 K

High Pressure Rate Coefficients:

From\To         W1        W2        P1        P2
W1             ***  2.13e+11  6.48e+13       ***
W2        6.39e+08       ***       ***  4.02e+14
P1        2.82e-10       ***       ***       ***
P2             ***  2.76e-10       ***       ***

Temperature = 1.2e+03 K    Pressure = 0.1 atm

From\To         W1        W2        P1        P2
W1             ***       ***       ***       ***
W2             ***       ***       ***       ***
P1             ***       ***  9.21e-13  9.21e-13
P2             ***       ***  4.37e-16  4.37e-16

Temperature = 1.2e+03 K    Pressure = 1 atm

From\To         W1        W2        P1        P2
W1             ***       ***       ***       ***
W2             ***       ***       ***       ***
P1             ***       ***  9.21e-13  9.21e-13
P2             ***       ***  4.37e-16  4.37e-16

Temperature = 1.2e+03 K    Pressure = 10 atm

From\To         W1        W2        P1        P2
W1             ***       ***       ***       ***
W2             ***       ***       ***       ***
P1             ***       ***  9.21e-13  9.21e-13
P2             ***       ***  4.37e-16  4.37e-16

Temperature = 1.2e+03 K    Pressure = 100 atm

From\To         W1        W2        P1        P2
W1             ***       ***       ***       ***
W2             ***       ***       ***       ***
P1             ***       ***  9.21e-13  9.21e-13
P2             ***       ***  4.37e-16  4.37e-16

______________________________________________________________________________________

High Pressure Rate Coefficients (Temperature-Species Rate Tables):

Reactant = W1
   T(K)        W1        W2        P1        P2
    300       ***  6.77e+09  1.39e+12       ***
    400       ***  2.17e+10  7.33e+12       ***
    500       ***  4.31e+10  1.79e+13       ***
    600       ***   6.8e+10  3.01e+13       ***
    700       ***  9.41e+10  4.14e+13       ***
    800       ***   1.2e+11  5.06e+13       ***
    900       ***  1.45e+11  5.72e+13       ***
  1e+03       ***  1.69e+11  6.15e+13       ***
1.1e+03       ***  1.92e+11  6.39e+13       ***
1.2e+03       ***  2.13e+11  6.48e+13       ***

Reactant = W2
   T(K)        W1        W2        P1        P2
    300  6.65e-05       ***       ***  6.71e+13
    400      1.64       ***       ***  1.94e+14
    500       664       ***       ***  3.23e+14
    600  3.52e+04       ***       ***  4.14e+14
    700  5.89e+05       ***       ***  4.64e+14
    800  4.83e+06       ***       ***  4.81e+14
    900  2.47e+07       ***       ***  4.76e+14
  1e+03  9.09e+07       ***       ***  4.57e+14
1.1e+03  2.63e+08       ***       ***  4.31e+14
1.2e+03  6.39e+08       ***       ***  4.02e+14

Reactant = P1
   T(K)        W1        W2        P1        P2
    300  2.24e-10       ***       ***       ***
    400  2.35e-10       ***       ***       ***
    500  2.44e-10       ***       ***       ***
    600  2.52e-10       ***       ***       ***
    700  2.58e-10       ***       ***       ***
    800  2.64e-10       ***       ***       ***
    900  2.69e-10       ***       ***       ***
  1e+03  2.74e-10       ***       ***       ***
1.1e+03  2.78e-10       ***       ***       ***
1.2e+03  2.82e-10       ***       ***       ***

Reactant = P2
   T(K)        W1        W2        P1        P2
    300       ***  2.19e-10       ***       ***
    400       ***   2.3e-10       ***       ***
    500       ***  2.39e-10       ***       ***
    600       ***  2.46e-10       ***       ***
    700       ***  2.53e-10       ***       ***
    800       ***  2.58e-10       ***       ***
    900       ***  2.63e-10       ***       ***
  1e+03       ***  2.68e-10       ***       ***
1.1e+03       ***  2.72e-10       ***       ***
1.2e+03       ***  2.76e-10       ***       ***

Capture/Escape Rate Coefficients:

   T(K)        W1        W2        P1        P2
    300  1.39e+12  6.71e+13  2.24e-10  2.19e-10
    400  7.35e+12  1.94e+14  2.35e-10   2.3e-10
    500  1.79e+13  3.23e+14  2.44e-10  2.39e-10
    600  3.02e+13  4.14e+14  2.52e-10  2.46e-10
    700  4.15e+13  4.64e+14  2.58e-10  2.53e-10
    800  5.07e+13  4.81e+14  2.64e-10  2.58e-10
    900  5.73e+13  4.76e+14  2.69e-10  2.63e-10
  1e+03  6.16e+13  4.57e+14  2.74e-10  2.68e-10
1.1e+03  6.41e+13  4.31e+14  2.78e-10  2.72e-10
1.2e+03   6.5e+13  4.02e+14  2.82e-10  2.76e-10

______________________________________________________________________________________

Pressure-Species Rate Tables:

Reactant = W1   Temperature = 300 K

   P(atm)        W2        P1        P2      Loss
      0.1       ***       ***       ***       ***
        1       ***       ***       ***       ***
       10       ***       ***       ***       ***
      100       ***       ***       ***       ***
      O-O  6.77e+09  1.39e+12       ***  1.39e+12

Reactant = W1   Temperature = 400 K

   P(atm)        W2        P1        P2      Loss
      0.1       ***       ***       ***       ***
        1       ***       ***       ***       ***
       10       ***       ***       ***       ***
      100       ***       ***       ***       ***
      O-O  2.17e+10  7.33e+12       ***  7.35e+12

Reactant = W1   Temperature = 500 K

   P(atm)        W2        P1        P2      Loss
      0.1       ***       ***       ***       ***
        1       ***       ***       ***       ***
       10       ***       ***       ***       ***
      100       ***       ***       ***       ***
      O-O  4.31e+10  1.79e+13       ***  1.79e+13

Reactant = W1   Temperature = 600 K

   P(atm)        W2        P1        P2      Loss
      0.1       ***       ***       ***       ***
        1       ***       ***       ***       ***
       10       ***       ***       ***       ***
      100       ***       ***       ***       ***
      O-O   6.8e+10  3.01e+13       ***  3.02e+13

Reactant = W1   Temperature = 700 K

   P(atm)        W2        P1        P2      Loss
      0.1       ***       ***       ***       ***
        1       ***       ***       ***       ***
       10       ***       ***       ***       ***
      100       ***       ***       ***       ***
      O-O  9.41e+10  4.14e+13       ***  4.15e+13

Reactant = W1   Temperature = 800 K

   P(atm)        W2        P1        P2      Loss
      0.1       ***       ***       ***       ***
        1       ***       ***       ***       ***
       10       ***       ***       ***       ***
      100       ***       ***       ***       ***
      O-O   1.2e+11  5.06e+13       ***  5.07e+13

Reactant = W1   Temperature = 900 K

   P(atm)        W2        P1        P2      Loss
      0.1       ***       ***       ***       ***
        1       ***       ***       ***       ***
       10       ***       ***       ***       ***
      100       ***       ***       ***       ***
      O-O  1.45e+11  5.72e+13       ***  5.73e+13

Reactant = W1   Temperature = 1e+03 K

   P(atm)        W2        P1        P2      Loss
      0.1       ***       ***       ***       ***
        1       ***       ***       ***       ***
       10       ***       ***       ***       ***
      100       ***       ***       ***       ***
      O-O  1.69e+11  6.15e+13       ***  6.16e+13

Reactant = W1   Temperature = 1.1e+03 K

   P(atm)        W2        P1        P2      Loss
      0.1       ***       ***       ***       ***
        1       ***       ***       ***       ***
       10       ***       ***       ***       ***
      100       ***       ***       ***       ***
      O-O  1.92e+11  6.39e+13       ***  6.41e+13

Reactant = W1   Temperature = 1.2e+03 K

   P(atm)        W2        P1        P2      Loss
      0.1       ***       ***       ***       ***
        1       ***       ***       ***       ***
       10       ***       ***       ***       ***
      100       ***       ***       ***       ***
      O-O  2.13e+11  6.48e+13       ***   6.5e+13

Reactant = W2   Temperature = 300 K

   P(atm)        W1        P1        P2      Loss
      0.1       ***       ***       ***       ***
        1       ***       ***       ***       ***
       10       ***       ***       ***       ***
      100       ***       ***       ***       ***
      O-O  6.65e-05       ***  6.71e+13  6.71e+13

Reactant = W2   Temperature = 400 K

   P(atm)        W1        P1        P2      Loss
      0.1       ***       ***       ***       ***
        1       ***       ***       ***       ***
       10       ***       ***       ***       ***
      100       ***       ***       ***       ***
      O-O      1.64       ***  1.94e+14  1.94e+14

Reactant = W2   Temperature = 500 K

   P(atm)        W1        P1        P2      Loss
      0.1       ***       ***       ***       ***
        1       ***       ***       ***       ***
       10       ***       ***       ***       ***
      100       ***       ***       ***       ***
      O-O       664       ***  3.23e+14  3.23e+14

Reactant = W2   Temperature = 600 K

   P(atm)        W1        P1        P2      Loss
      0.1       ***       ***       ***       ***
        1       ***       ***       ***       ***
       10       ***       ***       ***       ***
      100       ***       ***       ***       ***
      O-O  3.52e+04       ***  4.14e+14  4.14e+14

Reactant = W2   Temperature = 700 K

   P(atm)        W1        P1        P2      Loss
      0.1       ***       ***       ***       ***
        1       ***       ***       ***       ***
       10       ***       ***       ***       ***
      100       ***       ***       ***       ***
      O-O  5.89e+05       ***  4.64e+14  4.64e+14

Reactant = W2   Temperature = 800 K

   P(atm)        W1        P1        P2      Loss
      0.1       ***       ***       ***       ***
        1       ***       ***       ***       ***
       10       ***       ***       ***       ***
      100       ***       ***       ***       ***
      O-O  4.83e+06       ***  4.81e+14  4.81e+14

Reactant = W2   Temperature = 900 K

   P(atm)        W1        P1        P2      Loss
      0.1       ***       ***       ***       ***
        1       ***       ***       ***       ***
       10       ***       ***       ***       ***
      100       ***       ***       ***       ***
      O-O  2.47e+07       ***  4.76e+14  4.76e+14

Reactant = W2   Temperature = 1e+03 K

   P(atm)        W1        P1        P2      Loss
      0.1       ***       ***       ***       ***
        1       ***       ***       ***       ***
       10       ***       ***       ***       ***
      100       ***       ***       ***       ***
      O-O  9.09e+07       ***  4.57e+14  4.57e+14

Reactant = W2   Temperature = 1.1e+03 K

   P(atm)        W1        P1        P2      Loss
      0.1       ***       ***       ***       ***
        1       ***       ***       ***       ***
       10       ***       ***       ***       ***
      100       ***       ***       ***       ***
      O-O  2.63e+08       ***  4.31e+14  4.31e+14

Reactant = W2   Temperature = 1.2e+03 K

   P(atm)        W1        P1        P2      Loss
      0.1       ***       ***       ***       ***
        1       ***       ***       ***       ***
       10       ***       ***       ***       ***
      100       ***       ***       ***       ***
      O-O  6.39e+08       ***  4.02e+14  4.02e+14

Reactant = P1   Temperature = 300 K

   P(atm)        W1        W2        P2      Loss
      0.1       ***       ***  9.84e-13  9.84e-13
        1       ***       ***  1.02e-12  1.02e-12
       10       ***       ***  1.06e-12  1.06e-12
      100       ***       ***  1.08e-12  1.08e-12
      O-O  2.24e-10       ***       ***  2.24e-10

Reactant = P1   Temperature = 400 K

   P(atm)        W1        W2        P2      Loss
      0.1       ***       ***  6.79e-13  6.79e-13
        1       ***       ***  6.82e-13  6.82e-13
       10       ***       ***  6.87e-13  6.87e-13
      100       ***       ***  6.89e-13  6.89e-13
      O-O  2.35e-10       ***       ***  2.35e-10

Reactant = P1   Temperature = 500 K

   P(atm)        W1        W2        P2      Loss
      0.1       ***       ***  5.83e-13  5.83e-13
        1       ***       ***  5.84e-13  5.84e-13
       10       ***       ***  5.84e-13  5.84e-13
      100       ***       ***  5.85e-13  5.85e-13
      O-O  2.44e-10       ***       ***  2.44e-10

Reactant = P1   Temperature = 600 K

   P(atm)        W1        W2        P2      Loss
      0.1       ***       ***  5.65e-13  5.65e-13
        1       ***       ***  5.65e-13  5.65e-13
       10       ***       ***  5.65e-13  5.65e-13
      100       ***       ***  5.65e-13  5.65e-13
      O-O  2.52e-10       ***       ***  2.52e-10

Reactant = P1   Temperature = 700 K

   P(atm)        W1        W2        P2      Loss
      0.1       ***       ***  5.83e-13  5.83e-13
        1       ***       ***  5.83e-13  5.83e-13
       10       ***       ***  5.83e-13  5.83e-13
      100       ***       ***  5.83e-13  5.83e-13
      O-O  2.58e-10       ***       ***  2.58e-10

Reactant = P1   Temperature = 800 K

   P(atm)        W1        W2        P2      Loss
      0.1       ***       ***  6.24e-13  6.24e-13
        1       ***       ***  6.24e-13  6.24e-13
       10       ***       ***  6.24e-13  6.24e-13
      100       ***       ***  6.24e-13  6.24e-13
      O-O  2.64e-10       ***       ***  2.64e-10

Reactant = P1   Temperature = 900 K

   P(atm)        W1        W2        P2      Loss
      0.1       ***       ***  6.81e-13  6.81e-13
        1       ***       ***  6.81e-13  6.81e-13
       10       ***       ***  6.81e-13  6.81e-13
      100       ***       ***  6.81e-13  6.81e-13
      O-O  2.69e-10       ***       ***  2.69e-10

Reactant = P1   Temperature = 1e+03 K

   P(atm)        W1        W2        P2      Loss
      0.1       ***       ***   7.5e-13   7.5e-13
        1       ***       ***   7.5e-13   7.5e-13
       10       ***       ***   7.5e-13   7.5e-13
      100       ***       ***   7.5e-13   7.5e-13
      O-O  2.74e-10       ***       ***  2.74e-10

Reactant = P1   Temperature = 1.1e+03 K

   P(atm)        W1        W2        P2      Loss
      0.1       ***       ***  8.31e-13  8.31e-13
        1       ***       ***  8.31e-13  8.31e-13
       10       ***       ***  8.31e-13  8.31e-13
      100       ***       ***  8.31e-13  8.31e-13
      O-O  2.78e-10       ***       ***  2.78e-10

Reactant = P1   Temperature = 1.2e+03 K

   P(atm)        W1        W2        P2      Loss
      0.1       ***       ***  9.21e-13  9.21e-13
        1       ***       ***  9.21e-13  9.21e-13
       10       ***       ***  9.21e-13  9.21e-13
      100       ***       ***  9.21e-13  9.21e-13
      O-O  2.82e-10       ***       ***  2.82e-10

Reactant = P2   Temperature = 300 K

   P(atm)        W1        W2        P1      Loss
      0.1       ***       ***  1.95e-28  1.22e-25
        1       ***       ***  2.02e-28 -1.82e-25
       10       ***       ***   2.1e-28 -1.22e-25
      100       ***       ***  2.14e-28 -3.04e-26
      O-O       ***  2.19e-10       ***  2.19e-10

Reactant = P2   Temperature = 400 K

   P(atm)        W1        W2        P1      Loss
      0.1       ***       ***  1.89e-24  1.66e-24
        1       ***       ***   1.9e-24  2.09e-24
       10       ***       ***  1.92e-24  1.66e-24
      100       ***       ***  1.92e-24  1.98e-24
      O-O       ***   2.3e-10       ***   2.3e-10

Reactant = P2   Temperature = 500 K

   P(atm)        W1        W2        P1      Loss
      0.1       ***       ***  4.87e-22  4.87e-22
        1       ***       ***  4.87e-22  4.87e-22
       10       ***       ***  4.87e-22  4.87e-22
      100       ***       ***  4.88e-22  4.88e-22
      O-O       ***  2.39e-10       ***  2.39e-10

Reactant = P2   Temperature = 600 K

   P(atm)        W1        W2        P1      Loss
      0.1       ***       ***  2.08e-20  2.08e-20
        1       ***       ***  2.08e-20  2.08e-20
       10       ***       ***  2.08e-20  2.08e-20
      100       ***       ***  2.08e-20  2.08e-20
      O-O       ***  2.46e-10       ***  2.46e-10

Reactant = P2   Temperature = 700 K

   P(atm)        W1        W2        P1      Loss
      0.1       ***       ***  3.19e-19  3.19e-19
        1       ***       ***  3.19e-19  3.19e-19
       10       ***       ***  3.19e-19  3.19e-19
      100       ***       ***  3.19e-19  3.19e-19
      O-O       ***  2.53e-10       ***  2.53e-10

Reactant = P2   Temperature = 800 K

   P(atm)        W1        W2        P1      Loss
      0.1       ***       ***  2.58e-18  2.58e-18
        1       ***       ***  2.58e-18  2.58e-18
       10       ***       ***  2.58e-18  2.58e-18
      100       ***       ***  2.58e-18  2.58e-18
      O-O       ***  2.58e-10       ***  2.58e-10

Reactant = P2   Temperature = 900 K

   P(atm)        W1        W2        P1      Loss
      0.1       ***       ***  1.36e-17  1.36e-17
        1       ***       ***  1.36e-17  1.36e-17
       10       ***       ***  1.36e-17  1.36e-17
      100       ***       ***  1.36e-17  1.36e-17
      O-O       ***  2.63e-10       ***  2.63e-10

Reactant = P2   Temperature = 1e+03 K

   P(atm)        W1        W2        P1      Loss
      0.1       ***       ***  5.31e-17  5.31e-17
        1       ***       ***  5.31e-17  5.31e-17
       10       ***       ***  5.31e-17  5.31e-17
      100       ***       ***  5.31e-17  5.31e-17
      O-O       ***  2.68e-10       ***  2.68e-10

Reactant = P2   Temperature = 1.1e+03 K

   P(atm)        W1        W2        P1      Loss
      0.1       ***       ***  1.66e-16  1.66e-16
        1       ***       ***  1.66e-16  1.66e-16
       10       ***       ***  1.66e-16  1.66e-16
      100       ***       ***  1.66e-16  1.66e-16
      O-O       ***  2.72e-10       ***  2.72e-10

Reactant = P2   Temperature = 1.2e+03 K

   P(atm)        W1        W2        P1      Loss
      0.1       ***       ***  4.37e-16  4.37e-16
        1       ***       ***  4.37e-16  4.37e-16
       10       ***       ***  4.37e-16  4.37e-16
      100       ***       ***  4.37e-16  4.37e-16
      O-O       ***  2.76e-10       ***  2.76e-10

______________________________________________________________________________________

Temperature-Species Rate Tables:

Reactant = W1   Pressure = 0.1 atm

   T(K)        W2        P1        P2      Loss   Capture
    300       ***       ***       ***       ***  1.39e+12
    400       ***       ***       ***       ***  7.35e+12
    500       ***       ***       ***       ***  1.79e+13
    600       ***       ***       ***       ***  3.02e+13
    700       ***       ***       ***       ***  4.15e+13
    800       ***       ***       ***       ***  5.07e+13
    900       ***       ***       ***       ***  5.73e+13
  1e+03       ***       ***       ***       ***  6.16e+13
1.1e+03       ***       ***       ***       ***  6.41e+13
1.2e+03       ***       ***       ***       ***   6.5e+13

Reactant = W1   Pressure = 1 atm

   T(K)        W2        P1        P2      Loss   Capture
    300       ***       ***       ***       ***  1.39e+12
    400       ***       ***       ***       ***  7.35e+12
    500       ***       ***       ***       ***  1.79e+13
    600       ***       ***       ***       ***  3.02e+13
    700       ***       ***       ***       ***  4.15e+13
    800       ***       ***       ***       ***  5.07e+13
    900       ***       ***       ***       ***  5.73e+13
  1e+03       ***       ***       ***       ***  6.16e+13
1.1e+03       ***       ***       ***       ***  6.41e+13
1.2e+03       ***       ***       ***       ***   6.5e+13

Reactant = W1   Pressure = 10 atm

   T(K)        W2        P1        P2      Loss   Capture
    300       ***       ***       ***       ***  1.39e+12
    400       ***       ***       ***       ***  7.35e+12
    500       ***       ***       ***       ***  1.79e+13
    600       ***       ***       ***       ***  3.02e+13
    700       ***       ***       ***       ***  4.15e+13
    800       ***       ***       ***       ***  5.07e+13
    900       ***       ***       ***       ***  5.73e+13
  1e+03       ***       ***       ***       ***  6.16e+13
1.1e+03       ***       ***       ***       ***  6.41e+13
1.2e+03       ***       ***       ***       ***   6.5e+13

Reactant = W1   Pressure = 100 atm

   T(K)        W2        P1        P2      Loss   Capture
    300       ***       ***       ***       ***  1.39e+12
    400       ***       ***       ***       ***  7.35e+12
    500       ***       ***       ***       ***  1.79e+13
    600       ***       ***       ***       ***  3.02e+13
    700       ***       ***       ***       ***  4.15e+13
    800       ***       ***       ***       ***  5.07e+13
    900       ***       ***       ***       ***  5.73e+13
  1e+03       ***       ***       ***       ***  6.16e+13
1.1e+03       ***       ***       ***       ***  6.41e+13
1.2e+03       ***       ***       ***       ***   6.5e+13

Reactant = W2   Pressure = 0.1 atm

   T(K)        W1        P1        P2      Loss   Capture
    300       ***       ***       ***       ***  6.71e+13
    400       ***       ***       ***       ***  1.94e+14
    500       ***       ***       ***       ***  3.23e+14
    600       ***       ***       ***       ***  4.14e+14
    700       ***       ***       ***       ***  4.64e+14
    800       ***       ***       ***       ***  4.81e+14
    900       ***       ***       ***       ***  4.76e+14
  1e+03       ***       ***       ***       ***  4.57e+14
1.1e+03       ***       ***       ***       ***  4.31e+14
1.2e+03       ***       ***       ***       ***  4.02e+14

Reactant = W2   Pressure = 1 atm

   T(K)        W1        P1        P2      Loss   Capture
    300       ***       ***       ***       ***  6.71e+13
    400       ***       ***       ***       ***  1.94e+14
    500       ***       ***       ***       ***  3.23e+14
    600       ***       ***       ***       ***  4.14e+14
    700       ***       ***       ***       ***  4.64e+14
    800       ***       ***       ***       ***  4.81e+14
    900       ***       ***       ***       ***  4.76e+14
  1e+03       ***       ***       ***       ***  4.57e+14
1.1e+03       ***       ***       ***       ***  4.31e+14
1.2e+03       ***       ***       ***       ***  4.02e+14

Reactant = W2   Pressure = 10 atm

   T(K)        W1        P1        P2      Loss   Capture
    300       ***       ***       ***       ***  6.71e+13
    400       ***       ***       ***       ***  1.94e+14
    500       ***       ***       ***       ***  3.23e+14
    600       ***       ***       ***       ***  4.14e+14
    700       ***       ***       ***       ***  4.64e+14
    800       ***       ***       ***       ***  4.81e+14
    900       ***       ***       ***       ***  4.76e+14
  1e+03       ***       ***       ***       ***  4.57e+14
1.1e+03       ***       ***       ***       ***  4.31e+14
1.2e+03       ***       ***       ***       ***  4.02e+14

Reactant = W2   Pressure = 100 atm

   T(K)        W1        P1        P2      Loss   Capture
    300       ***       ***       ***       ***  6.71e+13
    400       ***       ***       ***       ***  1.94e+14
    500       ***       ***       ***       ***  3.23e+14
    600       ***       ***       ***       ***  4.14e+14
    700       ***       ***       ***       ***  4.64e+14
    800       ***       ***       ***       ***  4.81e+14
    900       ***       ***       ***       ***  4.76e+14
  1e+03       ***       ***       ***       ***  4.57e+14
1.1e+03       ***       ***       ***       ***  4.31e+14
1.2e+03       ***       ***       ***       ***  4.02e+14

Reactant = P1   Pressure = 0.1 atm

   T(K)        W1        W2        P2      Loss   Capture
    300       ***       ***  9.84e-13  9.84e-13  2.24e-10
    400       ***       ***  6.79e-13  6.79e-13  2.35e-10
    500       ***       ***  5.83e-13  5.83e-13  2.44e-10
    600       ***       ***  5.65e-13  5.65e-13  2.52e-10
    700       ***       ***  5.83e-13  5.83e-13  2.58e-10
    800       ***       ***  6.24e-13  6.24e-13  2.64e-10
    900       ***       ***  6.81e-13  6.81e-13  2.69e-10
  1e+03       ***       ***   7.5e-13   7.5e-13  2.74e-10
1.1e+03       ***       ***  8.31e-13  8.31e-13  2.78e-10
1.2e+03       ***       ***  9.21e-13  9.21e-13  2.82e-10

Reactant = P1   Pressure = 1 atm

   T(K)        W1        W2        P2      Loss   Capture
    300       ***       ***  1.02e-12  1.02e-12  2.24e-10
    400       ***       ***  6.82e-13  6.82e-13  2.35e-10
    500       ***       ***  5.84e-13  5.84e-13  2.44e-10
    600       ***       ***  5.65e-13  5.65e-13  2.52e-10
    700       ***       ***  5.83e-13  5.83e-13  2.58e-10
    800       ***       ***  6.24e-13  6.24e-13  2.64e-10
    900       ***       ***  6.81e-13  6.81e-13  2.69e-10
  1e+03       ***       ***   7.5e-13   7.5e-13  2.74e-10
1.1e+03       ***       ***  8.31e-13  8.31e-13  2.78e-10
1.2e+03       ***       ***  9.21e-13  9.21e-13  2.82e-10

Reactant = P1   Pressure = 10 atm

   T(K)        W1        W2        P2      Loss   Capture
    300       ***       ***  1.06e-12  1.06e-12  2.24e-10
    400       ***       ***  6.87e-13  6.87e-13  2.35e-10
    500       ***       ***  5.84e-13  5.84e-13  2.44e-10
    600       ***       ***  5.65e-13  5.65e-13  2.52e-10
    700       ***       ***  5.83e-13  5.83e-13  2.58e-10
    800       ***       ***  6.24e-13  6.24e-13  2.64e-10
    900       ***       ***  6.81e-13  6.81e-13  2.69e-10
  1e+03       ***       ***   7.5e-13   7.5e-13  2.74e-10
1.1e+03       ***       ***  8.31e-13  8.31e-13  2.78e-10
1.2e+03       ***       ***  9.21e-13  9.21e-13  2.82e-10

Reactant = P1   Pressure = 100 atm

   T(K)        W1        W2        P2      Loss   Capture
    300       ***       ***  1.08e-12  1.08e-12  2.24e-10
    400       ***       ***  6.89e-13  6.89e-13  2.35e-10
    500       ***       ***  5.85e-13  5.85e-13  2.44e-10
    600       ***       ***  5.65e-13  5.65e-13  2.52e-10
    700       ***       ***  5.83e-13  5.83e-13  2.58e-10
    800       ***       ***  6.24e-13  6.24e-13  2.64e-10
    900       ***       ***  6.81e-13  6.81e-13  2.69e-10
  1e+03       ***       ***   7.5e-13   7.5e-13  2.74e-10
1.1e+03       ***       ***  8.31e-13  8.31e-13  2.78e-10
1.2e+03       ***       ***  9.21e-13  9.21e-13  2.82e-10

Reactant = P2   Pressure = 0.1 atm

   T(K)        W1        W2        P1      Loss   Capture
    300       ***       ***  1.95e-28  1.22e-25  2.19e-10
    400       ***       ***  1.89e-24  1.66e-24   2.3e-10
    500       ***       ***  4.87e-22  4.87e-22  2.39e-10
    600       ***       ***  2.08e-20  2.08e-20  2.46e-10
    700       ***       ***  3.19e-19  3.19e-19  2.53e-10
    800       ***       ***  2.58e-18  2.58e-18  2.58e-10
    900       ***       ***  1.36e-17  1.36e-17  2.63e-10
  1e+03       ***       ***  5.31e-17  5.31e-17  2.68e-10
1.1e+03       ***       ***  1.66e-16  1.66e-16  2.72e-10
1.2e+03       ***       ***  4.37e-16  4.37e-16  2.76e-10

Reactant = P2   Pressure = 1 atm

   T(K)        W1        W2        P1      Loss   Capture
    300       ***       ***  2.02e-28 -1.82e-25  2.19e-10
    400       ***       ***   1.9e-24  2.09e-24   2.3e-10
    500       ***       ***  4.87e-22  4.87e-22  2.39e-10
    600       ***       ***  2.08e-20  2.08e-20  2.46e-10
    700       ***       ***  3.19e-19  3.19e-19  2.53e-10
    800       ***       ***  2.58e-18  2.58e-18  2.58e-10
    900       ***       ***  1.36e-17  1.36e-17  2.63e-10
  1e+03       ***       ***  5.31e-17  5.31e-17  2.68e-10
1.1e+03       ***       ***  1.66e-16  1.66e-16  2.72e-10
1.2e+03       ***       ***  4.37e-16  4.37e-16  2.76e-10

Reactant = P2   Pressure = 10 atm

   T(K)        W1        W2        P1      Loss   Capture
    300       ***       ***   2.1e-28 -1.22e-25  2.19e-10
    400       ***       ***  1.92e-24  1.66e-24   2.3e-10
    500       ***       ***  4.87e-22  4.87e-22  2.39e-10
    600       ***       ***  2.08e-20  2.08e-20  2.46e-10
    700       ***       ***  3.19e-19  3.19e-19  2.53e-10
    800       ***       ***  2.58e-18  2.58e-18  2.58e-10
    900       ***       ***  1.36e-17  1.36e-17  2.63e-10
  1e+03       ***       ***  5.31e-17  5.31e-17  2.68e-10
1.1e+03       ***       ***  1.66e-16  1.66e-16  2.72e-10
1.2e+03       ***       ***  4.37e-16  4.37e-16  2.76e-10

Reactant = P2   Pressure = 100 atm

   T(K)        W1        W2        P1      Loss   Capture
    300       ***       ***  2.14e-28 -3.04e-26  2.19e-10
    400       ***       ***  1.92e-24  1.98e-24   2.3e-10
    500       ***       ***  4.88e-22  4.88e-22  2.39e-10
    600       ***       ***  2.08e-20  2.08e-20  2.46e-10
    700       ***       ***  3.19e-19  3.19e-19  2.53e-10
    800       ***       ***  2.58e-18  2.58e-18  2.58e-10
    900       ***       ***  1.36e-17  1.36e-17  2.63e-10
  1e+03       ***       ***  5.31e-17  5.31e-17  2.68e-10
1.1e+03       ***       ***  1.66e-16  1.66e-16  2.72e-10
1.2e+03       ***       ***  4.37e-16  4.37e-16  2.76e-10

______________________________________________________________________________________

Temperature-Pressure Rate Tables:

W1->W2

P\T           300       400       500       600       700       800       900     1e+03   1.1e+03   1.2e+03
0.1           ***       ***       ***       ***       ***       ***       ***       ***       ***       ***
1             ***       ***       ***       ***       ***       ***       ***       ***       ***       ***
10            ***       ***       ***       ***       ***       ***       ***       ***       ***       ***
100           ***       ***       ***       ***       ***       ***       ***       ***       ***       ***
O-O      6.77e+09  2.17e+10  4.31e+10   6.8e+10  9.41e+10   1.2e+11  1.45e+11  1.69e+11  1.92e+11  2.13e+11

W1->P1

P\T           300       400       500       600       700       800       900     1e+03   1.1e+03   1.2e+03
0.1           ***       ***       ***       ***       ***       ***       ***       ***       ***       ***
1             ***       ***       ***       ***       ***       ***       ***       ***       ***       ***
10            ***       ***       ***       ***       ***       ***       ***       ***       ***       ***
100           ***       ***       ***       ***       ***       ***       ***       ***       ***       ***
O-O      1.39e+12  7.33e+12  1.79e+13  3.01e+13  4.14e+13  5.06e+13  5.72e+13  6.15e+13  6.39e+13  6.48e+13

W1->P2

P\T           300       400       500       600       700       800       900     1e+03   1.1e+03   1.2e+03
0.1           ***       ***       ***       ***       ***       ***       ***       ***       ***       ***
1             ***       ***       ***       ***       ***       ***       ***       ***       ***       ***
10            ***       ***       ***       ***       ***       ***       ***       ***       ***       ***
100           ***       ***       ***       ***       ***       ***       ***       ***       ***       ***
O-O           ***       ***       ***       ***       ***       ***       ***       ***       ***       ***

W2->W1

P\T           300       400       500       600       700       800       900     1e+03   1.1e+03   1.2e+03
0.1           ***       ***       ***       ***       ***       ***       ***       ***       ***       ***
1             ***       ***       ***       ***       ***       ***       ***       ***       ***       ***
10            ***       ***       ***       ***       ***       ***       ***       ***       ***       ***
100           ***       ***       ***       ***       ***       ***       ***       ***       ***       ***
O-O      6.65e-05      1.64       664  3.52e+04  5.89e+05  4.83e+06  2.47e+07  9.09e+07  2.63e+08  6.39e+08

W2->P1

P\T           300       400       500       600       700       800       900     1e+03   1.1e+03   1.2e+03
0.1           ***       ***       ***       ***       ***       ***       ***       ***       ***       ***
1             ***       ***       ***       ***       ***       ***       ***       ***       ***       ***
10            ***       ***       ***       ***       ***       ***       ***       ***       ***       ***
100           ***       ***       ***       ***       ***       ***       ***       ***       ***       ***
O-O           ***       ***       ***       ***       ***       ***       ***       ***       ***       ***

W2->P2

P\T           300       400       500       600       700       800       900     1e+03   1.1e+03   1.2e+03
0.1           ***       ***       ***       ***       ***       ***       ***       ***       ***       ***
1             ***       ***       ***       ***       ***       ***       ***       ***       ***       ***
10            ***       ***       ***       ***       ***       ***       ***       ***       ***       ***
100           ***       ***       ***       ***       ***       ***       ***       ***       ***       ***
O-O      6.71e+13  1.94e+14  3.23e+14  4.14e+14  4.64e+14  4.81e+14  4.76e+14  4.57e+14  4.31e+14  4.02e+14

P1->W1

P\T           300       400       500       600       700       800       900     1e+03   1.1e+03   1.2e+03
0.1           ***       ***       ***       ***       ***       ***       ***       ***       ***       ***
1             ***       ***       ***       ***       ***       ***       ***       ***       ***       ***
10            ***       ***       ***       ***       ***       ***       ***       ***       ***       ***
100           ***       ***       ***       ***       ***       ***       ***       ***       ***       ***
O-O      2.24e-10  2.35e-10  2.44e-10  2.52e-10  2.58e-10  2.64e-10  2.69e-10  2.74e-10  2.78e-10  2.82e-10

P1->W2

P\T           300       400       500       600       700       800       900     1e+03   1.1e+03   1.2e+03
0.1           ***       ***       ***       ***       ***       ***       ***       ***       ***       ***
1             ***       ***       ***       ***       ***       ***       ***       ***       ***       ***
10            ***       ***       ***       ***       ***       ***       ***       ***       ***       ***
100           ***       ***       ***       ***       ***       ***       ***       ***       ***       ***
O-O           ***       ***       ***       ***       ***       ***       ***       ***       ***       ***

P1->P2

P\T           300       400       500       600       700       800       900     1e+03   1.1e+03   1.2e+03
0.1      9.84e-13  6.79e-13  5.83e-13  5.65e-13  5.83e-13  6.24e-13  6.81e-13   7.5e-13  8.31e-13  9.21e-13
1        1.02e-12  6.82e-13  5.84e-13  5.65e-13  5.83e-13  6.24e-13  6.81e-13   7.5e-13  8.31e-13  9.21e-13
10       1.06e-12  6.87e-13  5.84e-13  5.65e-13  5.83e-13  6.24e-13  6.81e-13   7.5e-13  8.31e-13  9.21e-13
100      1.08e-12  6.89e-13  5.85e-13  5.65e-13  5.83e-13  6.24e-13  6.81e-13   7.5e-13  8.31e-13  9.21e-13
O-O           ***       ***       ***       ***       ***       ***       ***       ***       ***       ***

P2->W1

P\T           300       400       500       600       700       800       900     1e+03   1.1e+03   1.2e+03
0.1           ***       ***       ***       ***       ***       ***       ***       ***       ***       ***
1             ***       ***       ***       ***       ***       ***       ***       ***       ***       ***
10            ***       ***       ***       ***       ***       ***       ***       ***       ***       ***
100           ***       ***       ***       ***       ***       ***       ***       ***       ***       ***
O-O           ***       ***       ***       ***       ***       ***       ***       ***       ***       ***

P2->W2

P\T           300       400       500       600       700       800       900     1e+03   1.1e+03   1.2e+03
0.1           ***       ***       ***       ***       ***       ***       ***       ***       ***       ***
1             ***       ***       ***       ***       ***       ***       ***       ***       ***       ***
10            ***       ***       ***       ***       ***       ***       ***       ***       ***       ***
100           ***       ***       ***       ***       ***       ***       ***       ***       ***       ***
O-O      2.19e-10   2.3e-10  2.39e-10  2.46e-10  2.53e-10  2.58e-10  2.63e-10  2.68e-10  2.72e-10  2.76e-10

P2->P1

P\T           300       400       500       600       700       800       900     1e+03   1.1e+03   1.2e+03
0.1      1.95e-28  1.89e-24  4.87e-22  2.08e-20  3.19e-19  2.58e-18  1.36e-17  5.31e-17  1.66e-16  4.37e-16
1        2.02e-28   1.9e-24  4.87e-22  2.08e-20  3.19e-19  2.58e-18  1.36e-17  5.31e-17  1.66e-16  4.37e-16
10        2.1e-28  1.92e-24  4.87e-22  2.08e-20  3.19e-19  2.58e-18  1.36e-17  5.31e-17  1.66e-16  4.37e-16
100      2.14e-28  1.92e-24  4.88e-22  2.08e-20  3.19e-19  2.58e-18  1.36e-17  5.31e-17  1.66e-16  4.37e-16
O-O           ***       ***       ***       ***       ***       ***       ***       ***       ***       ***

W1-> 

P\T           300       400       500       600       700       800       900     1e+03   1.1e+03   1.2e+03
0.1           ***       ***       ***       ***       ***       ***       ***       ***       ***       ***
1             ***       ***       ***       ***       ***       ***       ***       ***       ***       ***
10            ***       ***       ***       ***       ***       ***       ***       ***       ***       ***
100           ***       ***       ***       ***       ***       ***       ***       ***       ***       ***
O-O      1.39e+12  7.35e+12  1.79e+13  3.02e+13  4.15e+13  5.07e+13  5.73e+13  6.16e+13  6.41e+13   6.5e+13

W2-> 

P\T           300       400       500       600       700       800       900     1e+03   1.1e+03   1.2e+03
0.1           ***       ***       ***       ***       ***       ***       ***       ***       ***       ***
1             ***       ***       ***       ***       ***       ***       ***       ***       ***       ***
10            ***       ***       ***       ***       ***       ***       ***       ***       ***       ***
100           ***       ***       ***       ***       ***       ***       ***       ***       ***       ***
O-O      6.71e+13  1.94e+14  3.23e+14  4.14e+14  4.64e+14  4.81e+14  4.76e+14  4.57e+14  4.31e+14  4.02e+14

P1-> 

P\T           300       400       500       600       700       800       900     1e+03   1.1e+03   1.2e+03
0.1      9.84e-13  6.79e-13  5.83e-13  5.65e-13  5.83e-13  6.24e-13  6.81e-13   7.5e-13  8.31e-13  9.21e-13
1        1.02e-12  6.82e-13  5.84e-13  5.65e-13  5.83e-13  6.24e-13  6.81e-13   7.5e-13  8.31e-13  9.21e-13
10       1.06e-12  6.87e-13  5.84e-13  5.65e-13  5.83e-13  6.24e-13  6.81e-13   7.5e-13  8.31e-13  9.21e-13
100      1.08e-12  6.89e-13  5.85e-13  5.65e-13  5.83e-13  6.24e-13  6.81e-13   7.5e-13  8.31e-13  9.21e-13
O-O      2.24e-10  2.35e-10  2.44e-10  2.52e-10  2.58e-10  2.64e-10  2.69e-10  2.74e-10  2.78e-10  2.82e-10

P2-> 

P\T           300       400       500       600       700       800       900     1e+03   1.1e+03   1.2e+03
0.1      1.22e-25  1.66e-24  4.87e-22  2.08e-20  3.19e-19  2.58e-18  1.36e-17  5.31e-17  1.66e-16  4.37e-16
1       -1.82e-25  2.09e-24  4.87e-22  2.08e-20  3.19e-19  2.58e-18  1.36e-17  5.31e-17  1.66e-16  4.37e-16
10      -1.22e-25  1.66e-24  4.87e-22  2.08e-20  3.19e-19  2.58e-18  1.36e-17  5.31e-17  1.66e-16  4.37e-16
100     -3.04e-26  1.98e-24  4.88e-22  2.08e-20  3.19e-19  2.58e-18  1.36e-17  5.31e-17  1.66e-16  4.37e-16
O-O      2.19e-10   2.3e-10  2.39e-10  2.46e-10  2.53e-10  2.58e-10  2.63e-10  2.68e-10  2.72e-10  2.76e-10

