Wells (G - ground energy, D - dissociation limit, kcal/mol):
              W         G         D
      C5H9(553)         0      35.2
      C5H9(536)      17.3      35.2

Well-to-Well Barriers (H/G - barrier height/well depth, kcal/mol):
           B         H        W1        G1        W2        G2
      ts_1_1      35.2 C5H9(553)         0 C5H9(536)      17.3

________________________________________________________________________________________

Names Translation Tables (<short name> - <original name>):
Wells:
   W1 - C5H9(553)
   W2 - C5H9(536)
Inner Barriers:
   B1 - ts_1_1
Unimolecular Rate Units: 1/sec;  Bimolecular Rate Units: cm^3/sec

______________________________________________________________________________________

Species-Species Rate Tables:

Temperature = 500 K

High Pressure Rate Coefficients:

From\To         W1        W2
W1             ***   0.00991
W2             445       ***

Temperature = 500 K    Pressure = 0.1 atm

From\To         W1        W2
W1         0.00978   0.00978
W2             439       439

Temperature = 500 K    Pressure = 1 atm

From\To         W1        W2
W1         0.00988   0.00988
W2             443       443

Temperature = 500 K    Pressure = 10 atm

From\To         W1        W2
W1          0.0099   0.00989
W2             444       444

Temperature = 500 K    Pressure = 100 atm

From\To         W1        W2
W1         0.00975   0.00989
W2             444       444

Temperature = 600 K

High Pressure Rate Coefficients:

From\To         W1        W2
W1             ***      4.11
W2        7.14e+03       ***

Temperature = 600 K    Pressure = 0.1 atm

From\To         W1        W2
W1            3.87      3.87
W2        6.72e+03  6.72e+03

Temperature = 600 K    Pressure = 1 atm

From\To         W1        W2
W1            4.07      4.07
W2        7.07e+03  7.07e+03

Temperature = 600 K    Pressure = 10 atm

From\To         W1        W2
W1             4.1       4.1
W2        7.12e+03  7.12e+03

Temperature = 600 K    Pressure = 100 atm

From\To         W1        W2
W1             4.1       4.1
W2        7.13e+03  7.13e+03

Temperature = 700 K

High Pressure Rate Coefficients:

From\To         W1        W2
W1             ***       312
W2        5.32e+04       ***

Temperature = 700 K    Pressure = 0.1 atm

From\To         W1        W2
W1             256       256
W2        4.37e+04  4.37e+04

Temperature = 700 K    Pressure = 1 atm

From\To         W1        W2
W1             301       301
W2        5.13e+04  5.13e+04

Temperature = 700 K    Pressure = 10 atm

From\To         W1        W2
W1             310       310
W2        5.29e+04  5.29e+04

Temperature = 700 K    Pressure = 100 atm

From\To         W1        W2
W1             312       312
W2        5.31e+04  5.31e+04

Temperature = 800 K

High Pressure Rate Coefficients:

From\To         W1        W2
W1             ***  8.15e+03
W2        2.45e+05       ***

Temperature = 800 K    Pressure = 0.1 atm

From\To         W1        W2
W1        5.13e+03  5.13e+03
W2        1.54e+05  1.54e+05

Temperature = 800 K    Pressure = 1 atm

From\To         W1        W2
W1        7.28e+03  7.28e+03
W2        2.18e+05  2.18e+05

Temperature = 800 K    Pressure = 10 atm

From\To         W1        W2
W1        8.01e+03  8.01e+03
W2         2.4e+05   2.4e+05

Temperature = 800 K    Pressure = 100 atm

From\To         W1        W2
W1        8.13e+03  8.13e+03
W2        2.44e+05  2.44e+05

Temperature = 900 K

High Pressure Rate Coefficients:

From\To         W1        W2
W1             ***  1.04e+05
W2        8.15e+05       ***

Temperature = 900 K    Pressure = 0.1 atm

From\To         W1        W2
W1        4.31e+04  4.31e+04
W2        3.38e+05  3.38e+05

Temperature = 900 K    Pressure = 1 atm

From\To         W1        W2
W1         7.9e+04   7.9e+04
W2        6.19e+05  6.19e+05

Temperature = 900 K    Pressure = 10 atm

From\To         W1        W2
W1        9.87e+04  9.87e+04
W2        7.74e+05  7.74e+05

Temperature = 900 K    Pressure = 100 atm

From\To         W1        W2
W1        1.03e+05  1.03e+05
W2         8.1e+05   8.1e+05

Temperature = 1e+03 K

High Pressure Rate Coefficients:

From\To         W1        W2
W1             ***  8.02e+05
W2        2.17e+06       ***

Temperature = 1e+03 K    Pressure = 0.1 atm

From\To         W1        W2
W1        1.89e+05  1.89e+05
W2        5.12e+05  5.12e+05

Temperature = 1e+03 K    Pressure = 1 atm

From\To         W1        W2
W1        4.63e+05  4.63e+05
W2        1.25e+06  1.25e+06

Temperature = 1e+03 K    Pressure = 10 atm

From\To         W1        W2
W1        7.04e+05  7.04e+05
W2         1.9e+06   1.9e+06

Temperature = 1e+03 K    Pressure = 100 atm

From\To         W1        W2
W1        7.87e+05  7.87e+05
W2        2.13e+06  2.13e+06

Temperature = 1.1e+03 K

High Pressure Rate Coefficients:

From\To         W1        W2
W1             ***  4.28e+06
W2        4.88e+06       ***

Temperature = 1.1e+03 K    Pressure = 0.1 atm

From\To         W1        W2
W1        5.25e+05  5.25e+05
W2        5.99e+05  5.99e+05

Temperature = 1.1e+03 K    Pressure = 1 atm

From\To         W1        W2
W1        1.68e+06  1.68e+06
W2        1.91e+06  1.91e+06

Temperature = 1.1e+03 K    Pressure = 10 atm

From\To         W1        W2
W1        3.26e+06  3.26e+06
W2        3.71e+06  3.71e+06

Temperature = 1.1e+03 K    Pressure = 100 atm

From\To         W1        W2
W1        4.09e+06  4.09e+06
W2        4.66e+06  4.66e+06

Temperature = 1.2e+03 K

High Pressure Rate Coefficients:

From\To         W1        W2
W1             ***  1.73e+07
W2        9.71e+06       ***

Temperature = 1.2e+03 K    Pressure = 0.1 atm

From\To         W1        W2
W1        1.06e+06  1.06e+06
W2        5.95e+05  5.95e+05

Temperature = 1.2e+03 K    Pressure = 1 atm

From\To         W1        W2
W1        4.19e+06  4.19e+06
W2        2.35e+06  2.35e+06

Temperature = 1.2e+03 K    Pressure = 10 atm

From\To         W1        W2
W1        1.05e+07  1.05e+07
W2         5.9e+06   5.9e+06

Temperature = 1.2e+03 K    Pressure = 100 atm

From\To         W1        W2
W1        1.56e+07  1.56e+07
W2        8.77e+06  8.77e+06

Temperature = 1.3e+03 K

High Pressure Rate Coefficients:

From\To         W1        W2
W1             ***  5.66e+07
W2        1.75e+07       ***

Temperature = 1.3e+03 K    Pressure = 0.1 atm

From\To         W1        W2
W1        1.68e+06  1.68e+06
W2        5.21e+05  5.21e+05

Temperature = 1.3e+03 K    Pressure = 1 atm

From\To         W1        W2
W1        7.84e+06  7.84e+06
W2        2.43e+06  2.43e+06

Temperature = 1.3e+03 K    Pressure = 10 atm

From\To         W1        W2
W1        2.52e+07  2.52e+07
W2         7.8e+06   7.8e+06

Temperature = 1.3e+03 K    Pressure = 100 atm

From\To         W1        W2
W1        4.64e+07  4.64e+07
W2        1.44e+07  1.44e+07

Temperature = 1.4e+03 K

High Pressure Rate Coefficients:

From\To         W1        W2
W1             ***  1.56e+08
W2        2.93e+07       ***

Temperature = 1.4e+03 K    Pressure = 0.1 atm

From\To         W1        W2
W1        2.29e+06  2.29e+06
W2        4.29e+05  4.29e+05

Temperature = 1.4e+03 K    Pressure = 1 atm

From\To         W1        W2
W1        1.19e+07  1.19e+07
W2        2.23e+06  2.23e+06

Temperature = 1.4e+03 K    Pressure = 10 atm

From\To         W1        W2
W1        4.71e+07  4.71e+07
W2        8.83e+06  8.83e+06

Temperature = 1.4e+03 K    Pressure = 100 atm

From\To         W1        W2
W1         1.1e+08   1.1e+08
W2        2.06e+07  2.06e+07

Temperature = 1.5e+03 K

High Pressure Rate Coefficients:

From\To         W1        W2
W1             ***  3.77e+08
W2        4.61e+07       ***

Temperature = 1.5e+03 K    Pressure = 0.1 atm

From\To         W1        W2
W1        2.85e+06  2.85e+06
W2        3.48e+05  3.48e+05

Temperature = 1.5e+03 K    Pressure = 1 atm

From\To         W1        W2
W1        1.58e+07  1.58e+07
W2        1.92e+06  1.92e+06

Temperature = 1.5e+03 K    Pressure = 10 atm

From\To         W1        W2
W1        7.27e+07  7.27e+07
W2        8.87e+06  8.87e+06

Temperature = 1.5e+03 K    Pressure = 100 atm

From\To         W1        W2
W1        2.15e+08  2.15e+08
W2        2.62e+07  2.62e+07

Temperature = 1.6e+03 K

High Pressure Rate Coefficients:

From\To         W1        W2
W1             ***  8.16e+08
W2        6.88e+07       ***

Temperature = 1.6e+03 K    Pressure = 0.1 atm

From\To         W1        W2
W1        3.55e+06  3.55e+06
W2           3e+05     3e+05

Temperature = 1.6e+03 K    Pressure = 1 atm

From\To         W1        W2
W1        1.96e+07  1.96e+07
W2        1.65e+06  1.65e+06

Temperature = 1.6e+03 K    Pressure = 10 atm

From\To         W1        W2
W1        9.89e+07  9.89e+07
W2        8.34e+06  8.34e+06

Temperature = 1.6e+03 K    Pressure = 100 atm

From\To         W1        W2
W1        3.56e+08  3.56e+08
W2           3e+07     3e+07

Temperature = 1.7e+03 K

High Pressure Rate Coefficients:

From\To         W1        W2
W1             ***  1.61e+09
W2        9.86e+07       ***

Temperature = 1.7e+03 K    Pressure = 0.1 atm

From\To         W1        W2
W1         4.2e+06   4.2e+06
W2        2.57e+05  2.57e+05

Temperature = 1.7e+03 K    Pressure = 1 atm

From\To         W1        W2
W1        2.25e+07  2.25e+07
W2        1.38e+06  1.38e+06

Temperature = 1.7e+03 K    Pressure = 10 atm

From\To         W1        W2
W1        1.21e+08  1.21e+08
W2        7.38e+06  7.38e+06

Temperature = 1.7e+03 K    Pressure = 100 atm

From\To         W1        W2
W1        5.11e+08  5.11e+08
W2        3.12e+07  3.12e+07

Temperature = 1.8e+03 K

High Pressure Rate Coefficients:

From\To         W1        W2
W1             ***  2.95e+09
W2        1.36e+08       ***

Temperature = 1.8e+03 K    Pressure = 0.1 atm

From\To         W1        W2
W1        4.94e+06  4.94e+06
W2        2.28e+05  2.28e+05

Temperature = 1.8e+03 K    Pressure = 1 atm

From\To         W1        W2
W1         2.5e+07   2.5e+07
W2        1.16e+06  1.16e+06

Temperature = 1.8e+03 K    Pressure = 10 atm

From\To         W1        W2
W1        1.38e+08  1.38e+08
W2        6.35e+06  6.35e+06

Temperature = 1.8e+03 K    Pressure = 100 atm

From\To         W1        W2
W1        6.57e+08  6.57e+08
W2        3.03e+07  3.03e+07

Temperature = 1.9e+03 K

High Pressure Rate Coefficients:

From\To         W1        W2
W1             ***  5.08e+09
W2        1.83e+08       ***

Temperature = 1.9e+03 K    Pressure = 0.1 atm

From\To         W1        W2
W1        6.39e+06  6.39e+06
W2         2.3e+05   2.3e+05

Temperature = 1.9e+03 K    Pressure = 1 atm

From\To         W1        W2
W1        2.89e+07  2.89e+07
W2        1.04e+06  1.04e+06

Temperature = 1.9e+03 K    Pressure = 10 atm

From\To         W1        W2
W1        1.55e+08  1.55e+08
W2        5.58e+06  5.58e+06

Temperature = 1.9e+03 K    Pressure = 100 atm

From\To         W1        W2
W1        7.91e+08  7.91e+08
W2        2.85e+07  2.85e+07

Temperature = 2e+03 K

High Pressure Rate Coefficients:

From\To         W1        W2
W1             ***  8.28e+09
W2         2.4e+08       ***

Temperature = 2e+03 K    Pressure = 0.1 atm

From\To         W1        W2
W1        7.57e+06  7.57e+06
W2        2.19e+05  2.19e+05

Temperature = 2e+03 K    Pressure = 1 atm

From\To         W1        W2
W1        3.16e+07  3.16e+07
W2        9.15e+05  9.15e+05

Temperature = 2e+03 K    Pressure = 10 atm

From\To         W1        W2
W1        1.64e+08  1.64e+08
W2        4.76e+06  4.76e+06

Temperature = 2e+03 K    Pressure = 100 atm

From\To         W1        W2
W1        8.84e+08  8.84e+08
W2        2.56e+07  2.56e+07

______________________________________________________________________________________

High Pressure Rate Coefficients (Temperature-Species Rate Tables):

Reactant = W1
   T(K)        W1        W2
    500       ***   0.00991
    600       ***      4.11
    700       ***       312
    800       ***  8.15e+03
    900       ***  1.04e+05
  1e+03       ***  8.02e+05
1.1e+03       ***  4.28e+06
1.2e+03       ***  1.73e+07
1.3e+03       ***  5.66e+07
1.4e+03       ***  1.56e+08
1.5e+03       ***  3.77e+08
1.6e+03       ***  8.16e+08
1.7e+03       ***  1.61e+09
1.8e+03       ***  2.95e+09
1.9e+03       ***  5.08e+09
  2e+03       ***  8.28e+09

Reactant = W2
   T(K)        W1        W2
    500       445       ***
    600  7.14e+03       ***
    700  5.32e+04       ***
    800  2.45e+05       ***
    900  8.15e+05       ***
  1e+03  2.17e+06       ***
1.1e+03  4.88e+06       ***
1.2e+03  9.71e+06       ***
1.3e+03  1.75e+07       ***
1.4e+03  2.93e+07       ***
1.5e+03  4.61e+07       ***
1.6e+03  6.88e+07       ***
1.7e+03  9.86e+07       ***
1.8e+03  1.36e+08       ***
1.9e+03  1.83e+08       ***
  2e+03   2.4e+08       ***

Capture/Escape Rate Coefficients:

   T(K)        W1        W2
    500   0.00991       445
    600      4.11  7.14e+03
    700       312  5.32e+04
    800  8.15e+03  2.45e+05
    900  1.04e+05  8.15e+05
  1e+03  8.02e+05  2.17e+06
1.1e+03  4.28e+06  4.88e+06
1.2e+03  1.73e+07  9.71e+06
1.3e+03  5.66e+07  1.75e+07
1.4e+03  1.56e+08  2.93e+07
1.5e+03  3.77e+08  4.61e+07
1.6e+03  8.16e+08  6.88e+07
1.7e+03  1.61e+09  9.86e+07
1.8e+03  2.95e+09  1.36e+08
1.9e+03  5.08e+09  1.83e+08
  2e+03  8.28e+09   2.4e+08

______________________________________________________________________________________

Pressure-Species Rate Tables:

Reactant = W1   Temperature = 500 K

   P(atm)        W2      Loss
      0.1   0.00978   0.00978
        1   0.00988   0.00988
       10   0.00989    0.0099
      100   0.00989   0.00975
      O-O   0.00991   0.00991

Reactant = W1   Temperature = 600 K

   P(atm)        W2      Loss
      0.1      3.87      3.87
        1      4.07      4.07
       10       4.1       4.1
      100       4.1       4.1
      O-O      4.11      4.11

Reactant = W1   Temperature = 700 K

   P(atm)        W2      Loss
      0.1       256       256
        1       301       301
       10       310       310
      100       312       312
      O-O       312       312

Reactant = W1   Temperature = 800 K

   P(atm)        W2      Loss
      0.1  5.13e+03  5.13e+03
        1  7.28e+03  7.28e+03
       10  8.01e+03  8.01e+03
      100  8.13e+03  8.13e+03
      O-O  8.15e+03  8.15e+03

Reactant = W1   Temperature = 900 K

   P(atm)        W2      Loss
      0.1  4.31e+04  4.31e+04
        1   7.9e+04   7.9e+04
       10  9.87e+04  9.87e+04
      100  1.03e+05  1.03e+05
      O-O  1.04e+05  1.04e+05

Reactant = W1   Temperature = 1e+03 K

   P(atm)        W2      Loss
      0.1  1.89e+05  1.89e+05
        1  4.63e+05  4.63e+05
       10  7.04e+05  7.04e+05
      100  7.87e+05  7.87e+05
      O-O  8.02e+05  8.02e+05

Reactant = W1   Temperature = 1.1e+03 K

   P(atm)        W2      Loss
      0.1  5.25e+05  5.25e+05
        1  1.68e+06  1.68e+06
       10  3.26e+06  3.26e+06
      100  4.09e+06  4.09e+06
      O-O  4.28e+06  4.28e+06

Reactant = W1   Temperature = 1.2e+03 K

   P(atm)        W2      Loss
      0.1  1.06e+06  1.06e+06
        1  4.19e+06  4.19e+06
       10  1.05e+07  1.05e+07
      100  1.56e+07  1.56e+07
      O-O  1.73e+07  1.73e+07

Reactant = W1   Temperature = 1.3e+03 K

   P(atm)        W2      Loss
      0.1  1.68e+06  1.68e+06
        1  7.84e+06  7.84e+06
       10  2.52e+07  2.52e+07
      100  4.64e+07  4.64e+07
      O-O  5.66e+07  5.66e+07

Reactant = W1   Temperature = 1.4e+03 K

   P(atm)        W2      Loss
      0.1  2.29e+06  2.29e+06
        1  1.19e+07  1.19e+07
       10  4.71e+07  4.71e+07
      100   1.1e+08   1.1e+08
      O-O  1.56e+08  1.56e+08

Reactant = W1   Temperature = 1.5e+03 K

   P(atm)        W2      Loss
      0.1  2.85e+06  2.85e+06
        1  1.58e+07  1.58e+07
       10  7.27e+07  7.27e+07
      100  2.15e+08  2.15e+08
      O-O  3.77e+08  3.77e+08

Reactant = W1   Temperature = 1.6e+03 K

   P(atm)        W2      Loss
      0.1  3.55e+06  3.55e+06
        1  1.96e+07  1.96e+07
       10  9.89e+07  9.89e+07
      100  3.56e+08  3.56e+08
      O-O  8.16e+08  8.16e+08

Reactant = W1   Temperature = 1.7e+03 K

   P(atm)        W2      Loss
      0.1   4.2e+06   4.2e+06
        1  2.25e+07  2.25e+07
       10  1.21e+08  1.21e+08
      100  5.11e+08  5.11e+08
      O-O  1.61e+09  1.61e+09

Reactant = W1   Temperature = 1.8e+03 K

   P(atm)        W2      Loss
      0.1  4.94e+06  4.94e+06
        1   2.5e+07   2.5e+07
       10  1.38e+08  1.38e+08
      100  6.57e+08  6.57e+08
      O-O  2.95e+09  2.95e+09

Reactant = W1   Temperature = 1.9e+03 K

   P(atm)        W2      Loss
      0.1  6.39e+06  6.39e+06
        1  2.89e+07  2.89e+07
       10  1.55e+08  1.55e+08
      100  7.91e+08  7.91e+08
      O-O  5.08e+09  5.08e+09

Reactant = W1   Temperature = 2e+03 K

   P(atm)        W2      Loss
      0.1  7.57e+06  7.57e+06
        1  3.16e+07  3.16e+07
       10  1.64e+08  1.64e+08
      100  8.84e+08  8.84e+08
      O-O  8.28e+09  8.28e+09

Reactant = W2   Temperature = 500 K

   P(atm)        W1      Loss
      0.1       439       439
        1       443       443
       10       444       444
      100       444       444
      O-O       445       445

Reactant = W2   Temperature = 600 K

   P(atm)        W1      Loss
      0.1  6.72e+03  6.72e+03
        1  7.07e+03  7.07e+03
       10  7.12e+03  7.12e+03
      100  7.13e+03  7.13e+03
      O-O  7.14e+03  7.14e+03

Reactant = W2   Temperature = 700 K

   P(atm)        W1      Loss
      0.1  4.37e+04  4.37e+04
        1  5.13e+04  5.13e+04
       10  5.29e+04  5.29e+04
      100  5.31e+04  5.31e+04
      O-O  5.32e+04  5.32e+04

Reactant = W2   Temperature = 800 K

   P(atm)        W1      Loss
      0.1  1.54e+05  1.54e+05
        1  2.18e+05  2.18e+05
       10   2.4e+05   2.4e+05
      100  2.44e+05  2.44e+05
      O-O  2.45e+05  2.45e+05

Reactant = W2   Temperature = 900 K

   P(atm)        W1      Loss
      0.1  3.38e+05  3.38e+05
        1  6.19e+05  6.19e+05
       10  7.74e+05  7.74e+05
      100   8.1e+05   8.1e+05
      O-O  8.15e+05  8.15e+05

Reactant = W2   Temperature = 1e+03 K

   P(atm)        W1      Loss
      0.1  5.12e+05  5.12e+05
        1  1.25e+06  1.25e+06
       10   1.9e+06   1.9e+06
      100  2.13e+06  2.13e+06
      O-O  2.17e+06  2.17e+06

Reactant = W2   Temperature = 1.1e+03 K

   P(atm)        W1      Loss
      0.1  5.99e+05  5.99e+05
        1  1.91e+06  1.91e+06
       10  3.71e+06  3.71e+06
      100  4.66e+06  4.66e+06
      O-O  4.88e+06  4.88e+06

Reactant = W2   Temperature = 1.2e+03 K

   P(atm)        W1      Loss
      0.1  5.95e+05  5.95e+05
        1  2.35e+06  2.35e+06
       10   5.9e+06   5.9e+06
      100  8.77e+06  8.77e+06
      O-O  9.71e+06  9.71e+06

Reactant = W2   Temperature = 1.3e+03 K

   P(atm)        W1      Loss
      0.1  5.21e+05  5.21e+05
        1  2.43e+06  2.43e+06
       10   7.8e+06   7.8e+06
      100  1.44e+07  1.44e+07
      O-O  1.75e+07  1.75e+07

Reactant = W2   Temperature = 1.4e+03 K

   P(atm)        W1      Loss
      0.1  4.29e+05  4.29e+05
        1  2.23e+06  2.23e+06
       10  8.83e+06  8.83e+06
      100  2.06e+07  2.06e+07
      O-O  2.93e+07  2.93e+07

Reactant = W2   Temperature = 1.5e+03 K

   P(atm)        W1      Loss
      0.1  3.48e+05  3.48e+05
        1  1.92e+06  1.92e+06
       10  8.87e+06  8.87e+06
      100  2.62e+07  2.62e+07
      O-O  4.61e+07  4.61e+07

Reactant = W2   Temperature = 1.6e+03 K

   P(atm)        W1      Loss
      0.1     3e+05     3e+05
        1  1.65e+06  1.65e+06
       10  8.34e+06  8.34e+06
      100     3e+07     3e+07
      O-O  6.88e+07  6.88e+07

Reactant = W2   Temperature = 1.7e+03 K

   P(atm)        W1      Loss
      0.1  2.57e+05  2.57e+05
        1  1.38e+06  1.38e+06
       10  7.38e+06  7.38e+06
      100  3.12e+07  3.12e+07
      O-O  9.86e+07  9.86e+07

Reactant = W2   Temperature = 1.8e+03 K

   P(atm)        W1      Loss
      0.1  2.28e+05  2.28e+05
        1  1.16e+06  1.16e+06
       10  6.35e+06  6.35e+06
      100  3.03e+07  3.03e+07
      O-O  1.36e+08  1.36e+08

Reactant = W2   Temperature = 1.9e+03 K

   P(atm)        W1      Loss
      0.1   2.3e+05   2.3e+05
        1  1.04e+06  1.04e+06
       10  5.58e+06  5.58e+06
      100  2.85e+07  2.85e+07
      O-O  1.83e+08  1.83e+08

Reactant = W2   Temperature = 2e+03 K

   P(atm)        W1      Loss
      0.1  2.19e+05  2.19e+05
        1  9.15e+05  9.15e+05
       10  4.76e+06  4.76e+06
      100  2.56e+07  2.56e+07
      O-O   2.4e+08   2.4e+08

______________________________________________________________________________________

Temperature-Species Rate Tables:

Reactant = W1   Pressure = 0.1 atm

   T(K)        W2      Loss   Capture
    500   0.00978   0.00978   0.00991
    600      3.87      3.87      4.11
    700       256       256       312
    800  5.13e+03  5.13e+03  8.15e+03
    900  4.31e+04  4.31e+04  1.04e+05
  1e+03  1.89e+05  1.89e+05  8.02e+05
1.1e+03  5.25e+05  5.25e+05  4.28e+06
1.2e+03  1.06e+06  1.06e+06  1.73e+07
1.3e+03  1.68e+06  1.68e+06  5.66e+07
1.4e+03  2.29e+06  2.29e+06  1.56e+08
1.5e+03  2.85e+06  2.85e+06  3.77e+08
1.6e+03  3.55e+06  3.55e+06  8.16e+08
1.7e+03   4.2e+06   4.2e+06  1.61e+09
1.8e+03  4.94e+06  4.94e+06  2.95e+09
1.9e+03  6.39e+06  6.39e+06  5.08e+09
  2e+03  7.57e+06  7.57e+06  8.28e+09

Reactant = W1   Pressure = 1 atm

   T(K)        W2      Loss   Capture
    500   0.00988   0.00988   0.00991
    600      4.07      4.07      4.11
    700       301       301       312
    800  7.28e+03  7.28e+03  8.15e+03
    900   7.9e+04   7.9e+04  1.04e+05
  1e+03  4.63e+05  4.63e+05  8.02e+05
1.1e+03  1.68e+06  1.68e+06  4.28e+06
1.2e+03  4.19e+06  4.19e+06  1.73e+07
1.3e+03  7.84e+06  7.84e+06  5.66e+07
1.4e+03  1.19e+07  1.19e+07  1.56e+08
1.5e+03  1.58e+07  1.58e+07  3.77e+08
1.6e+03  1.96e+07  1.96e+07  8.16e+08
1.7e+03  2.25e+07  2.25e+07  1.61e+09
1.8e+03   2.5e+07   2.5e+07  2.95e+09
1.9e+03  2.89e+07  2.89e+07  5.08e+09
  2e+03  3.16e+07  3.16e+07  8.28e+09

Reactant = W1   Pressure = 10 atm

   T(K)        W2      Loss   Capture
    500   0.00989    0.0099   0.00991
    600       4.1       4.1      4.11
    700       310       310       312
    800  8.01e+03  8.01e+03  8.15e+03
    900  9.87e+04  9.87e+04  1.04e+05
  1e+03  7.04e+05  7.04e+05  8.02e+05
1.1e+03  3.26e+06  3.26e+06  4.28e+06
1.2e+03  1.05e+07  1.05e+07  1.73e+07
1.3e+03  2.52e+07  2.52e+07  5.66e+07
1.4e+03  4.71e+07  4.71e+07  1.56e+08
1.5e+03  7.27e+07  7.27e+07  3.77e+08
1.6e+03  9.89e+07  9.89e+07  8.16e+08
1.7e+03  1.21e+08  1.21e+08  1.61e+09
1.8e+03  1.38e+08  1.38e+08  2.95e+09
1.9e+03  1.55e+08  1.55e+08  5.08e+09
  2e+03  1.64e+08  1.64e+08  8.28e+09

Reactant = W1   Pressure = 100 atm

   T(K)        W2      Loss   Capture
    500   0.00989   0.00975   0.00991
    600       4.1       4.1      4.11
    700       312       312       312
    800  8.13e+03  8.13e+03  8.15e+03
    900  1.03e+05  1.03e+05  1.04e+05
  1e+03  7.87e+05  7.87e+05  8.02e+05
1.1e+03  4.09e+06  4.09e+06  4.28e+06
1.2e+03  1.56e+07  1.56e+07  1.73e+07
1.3e+03  4.64e+07  4.64e+07  5.66e+07
1.4e+03   1.1e+08   1.1e+08  1.56e+08
1.5e+03  2.15e+08  2.15e+08  3.77e+08
1.6e+03  3.56e+08  3.56e+08  8.16e+08
1.7e+03  5.11e+08  5.11e+08  1.61e+09
1.8e+03  6.57e+08  6.57e+08  2.95e+09
1.9e+03  7.91e+08  7.91e+08  5.08e+09
  2e+03  8.84e+08  8.84e+08  8.28e+09

Reactant = W2   Pressure = 0.1 atm

   T(K)        W1      Loss   Capture
    500       439       439       445
    600  6.72e+03  6.72e+03  7.14e+03
    700  4.37e+04  4.37e+04  5.32e+04
    800  1.54e+05  1.54e+05  2.45e+05
    900  3.38e+05  3.38e+05  8.15e+05
  1e+03  5.12e+05  5.12e+05  2.17e+06
1.1e+03  5.99e+05  5.99e+05  4.88e+06
1.2e+03  5.95e+05  5.95e+05  9.71e+06
1.3e+03  5.21e+05  5.21e+05  1.75e+07
1.4e+03  4.29e+05  4.29e+05  2.93e+07
1.5e+03  3.48e+05  3.48e+05  4.61e+07
1.6e+03     3e+05     3e+05  6.88e+07
1.7e+03  2.57e+05  2.57e+05  9.86e+07
1.8e+03  2.28e+05  2.28e+05  1.36e+08
1.9e+03   2.3e+05   2.3e+05  1.83e+08
  2e+03  2.19e+05  2.19e+05   2.4e+08

Reactant = W2   Pressure = 1 atm

   T(K)        W1      Loss   Capture
    500       443       443       445
    600  7.07e+03  7.07e+03  7.14e+03
    700  5.13e+04  5.13e+04  5.32e+04
    800  2.18e+05  2.18e+05  2.45e+05
    900  6.19e+05  6.19e+05  8.15e+05
  1e+03  1.25e+06  1.25e+06  2.17e+06
1.1e+03  1.91e+06  1.91e+06  4.88e+06
1.2e+03  2.35e+06  2.35e+06  9.71e+06
1.3e+03  2.43e+06  2.43e+06  1.75e+07
1.4e+03  2.23e+06  2.23e+06  2.93e+07
1.5e+03  1.92e+06  1.92e+06  4.61e+07
1.6e+03  1.65e+06  1.65e+06  6.88e+07
1.7e+03  1.38e+06  1.38e+06  9.86e+07
1.8e+03  1.16e+06  1.16e+06  1.36e+08
1.9e+03  1.04e+06  1.04e+06  1.83e+08
  2e+03  9.15e+05  9.15e+05   2.4e+08

Reactant = W2   Pressure = 10 atm

   T(K)        W1      Loss   Capture
    500       444       444       445
    600  7.12e+03  7.12e+03  7.14e+03
    700  5.29e+04  5.29e+04  5.32e+04
    800   2.4e+05   2.4e+05  2.45e+05
    900  7.74e+05  7.74e+05  8.15e+05
  1e+03   1.9e+06   1.9e+06  2.17e+06
1.1e+03  3.71e+06  3.71e+06  4.88e+06
1.2e+03   5.9e+06   5.9e+06  9.71e+06
1.3e+03   7.8e+06   7.8e+06  1.75e+07
1.4e+03  8.83e+06  8.83e+06  2.93e+07
1.5e+03  8.87e+06  8.87e+06  4.61e+07
1.6e+03  8.34e+06  8.34e+06  6.88e+07
1.7e+03  7.38e+06  7.38e+06  9.86e+07
1.8e+03  6.35e+06  6.35e+06  1.36e+08
1.9e+03  5.58e+06  5.58e+06  1.83e+08
  2e+03  4.76e+06  4.76e+06   2.4e+08

Reactant = W2   Pressure = 100 atm

   T(K)        W1      Loss   Capture
    500       444       444       445
    600  7.13e+03  7.13e+03  7.14e+03
    700  5.31e+04  5.31e+04  5.32e+04
    800  2.44e+05  2.44e+05  2.45e+05
    900   8.1e+05   8.1e+05  8.15e+05
  1e+03  2.13e+06  2.13e+06  2.17e+06
1.1e+03  4.66e+06  4.66e+06  4.88e+06
1.2e+03  8.77e+06  8.77e+06  9.71e+06
1.3e+03  1.44e+07  1.44e+07  1.75e+07
1.4e+03  2.06e+07  2.06e+07  2.93e+07
1.5e+03  2.62e+07  2.62e+07  4.61e+07
1.6e+03     3e+07     3e+07  6.88e+07
1.7e+03  3.12e+07  3.12e+07  9.86e+07
1.8e+03  3.03e+07  3.03e+07  1.36e+08
1.9e+03  2.85e+07  2.85e+07  1.83e+08
  2e+03  2.56e+07  2.56e+07   2.4e+08

______________________________________________________________________________________

Temperature-Pressure Rate Tables:

W1->W2

P\T           500       600       700       800       900     1e+03   1.1e+03   1.2e+03   1.3e+03   1.4e+03   1.5e+03   1.6e+03   1.7e+03   1.8e+03   1.9e+03     2e+03
0.1       0.00978      3.87       256  5.13e+03  4.31e+04  1.89e+05  5.25e+05  1.06e+06  1.68e+06  2.29e+06  2.85e+06  3.55e+06   4.2e+06  4.94e+06  6.39e+06  7.57e+06
1         0.00988      4.07       301  7.28e+03   7.9e+04  4.63e+05  1.68e+06  4.19e+06  7.84e+06  1.19e+07  1.58e+07  1.96e+07  2.25e+07   2.5e+07  2.89e+07  3.16e+07
10        0.00989       4.1       310  8.01e+03  9.87e+04  7.04e+05  3.26e+06  1.05e+07  2.52e+07  4.71e+07  7.27e+07  9.89e+07  1.21e+08  1.38e+08  1.55e+08  1.64e+08
100       0.00989       4.1       312  8.13e+03  1.03e+05  7.87e+05  4.09e+06  1.56e+07  4.64e+07   1.1e+08  2.15e+08  3.56e+08  5.11e+08  6.57e+08  7.91e+08  8.84e+08
O-O       0.00991      4.11       312  8.15e+03  1.04e+05  8.02e+05  4.28e+06  1.73e+07  5.66e+07  1.56e+08  3.77e+08  8.16e+08  1.61e+09  2.95e+09  5.08e+09  8.28e+09

W2->W1

P\T           500       600       700       800       900     1e+03   1.1e+03   1.2e+03   1.3e+03   1.4e+03   1.5e+03   1.6e+03   1.7e+03   1.8e+03   1.9e+03     2e+03
0.1           439  6.72e+03  4.37e+04  1.54e+05  3.38e+05  5.12e+05  5.99e+05  5.95e+05  5.21e+05  4.29e+05  3.48e+05     3e+05  2.57e+05  2.28e+05   2.3e+05  2.19e+05
1             443  7.07e+03  5.13e+04  2.18e+05  6.19e+05  1.25e+06  1.91e+06  2.35e+06  2.43e+06  2.23e+06  1.92e+06  1.65e+06  1.38e+06  1.16e+06  1.04e+06  9.15e+05
10            444  7.12e+03  5.29e+04   2.4e+05  7.74e+05   1.9e+06  3.71e+06   5.9e+06   7.8e+06  8.83e+06  8.87e+06  8.34e+06  7.38e+06  6.35e+06  5.58e+06  4.76e+06
100           444  7.13e+03  5.31e+04  2.44e+05   8.1e+05  2.13e+06  4.66e+06  8.77e+06  1.44e+07  2.06e+07  2.62e+07     3e+07  3.12e+07  3.03e+07  2.85e+07  2.56e+07
O-O           445  7.14e+03  5.32e+04  2.45e+05  8.15e+05  2.17e+06  4.88e+06  9.71e+06  1.75e+07  2.93e+07  4.61e+07  6.88e+07  9.86e+07  1.36e+08  1.83e+08   2.4e+08

W1-> 

P\T           500       600       700       800       900     1e+03   1.1e+03   1.2e+03   1.3e+03   1.4e+03   1.5e+03   1.6e+03   1.7e+03   1.8e+03   1.9e+03     2e+03
0.1       0.00978      3.87       256  5.13e+03  4.31e+04  1.89e+05  5.25e+05  1.06e+06  1.68e+06  2.29e+06  2.85e+06  3.55e+06   4.2e+06  4.94e+06  6.39e+06  7.57e+06
1         0.00988      4.07       301  7.28e+03   7.9e+04  4.63e+05  1.68e+06  4.19e+06  7.84e+06  1.19e+07  1.58e+07  1.96e+07  2.25e+07   2.5e+07  2.89e+07  3.16e+07
10         0.0099       4.1       310  8.01e+03  9.87e+04  7.04e+05  3.26e+06  1.05e+07  2.52e+07  4.71e+07  7.27e+07  9.89e+07  1.21e+08  1.38e+08  1.55e+08  1.64e+08
100       0.00975       4.1       312  8.13e+03  1.03e+05  7.87e+05  4.09e+06  1.56e+07  4.64e+07   1.1e+08  2.15e+08  3.56e+08  5.11e+08  6.57e+08  7.91e+08  8.84e+08
O-O       0.00991      4.11       312  8.15e+03  1.04e+05  8.02e+05  4.28e+06  1.73e+07  5.66e+07  1.56e+08  3.77e+08  8.16e+08  1.61e+09  2.95e+09  5.08e+09  8.28e+09

W2-> 

P\T           500       600       700       800       900     1e+03   1.1e+03   1.2e+03   1.3e+03   1.4e+03   1.5e+03   1.6e+03   1.7e+03   1.8e+03   1.9e+03     2e+03
0.1           439  6.72e+03  4.37e+04  1.54e+05  3.38e+05  5.12e+05  5.99e+05  5.95e+05  5.21e+05  4.29e+05  3.48e+05     3e+05  2.57e+05  2.28e+05   2.3e+05  2.19e+05
1             443  7.07e+03  5.13e+04  2.18e+05  6.19e+05  1.25e+06  1.91e+06  2.35e+06  2.43e+06  2.23e+06  1.92e+06  1.65e+06  1.38e+06  1.16e+06  1.04e+06  9.15e+05
10            444  7.12e+03  5.29e+04   2.4e+05  7.74e+05   1.9e+06  3.71e+06   5.9e+06   7.8e+06  8.83e+06  8.87e+06  8.34e+06  7.38e+06  6.35e+06  5.58e+06  4.76e+06
100           444  7.13e+03  5.31e+04  2.44e+05   8.1e+05  2.13e+06  4.66e+06  8.77e+06  1.44e+07  2.06e+07  2.62e+07     3e+07  3.12e+07  3.03e+07  2.85e+07  2.56e+07
O-O           445  7.14e+03  5.32e+04  2.45e+05  8.15e+05  2.17e+06  4.88e+06  9.71e+06  1.75e+07  2.93e+07  4.61e+07  6.88e+07  9.86e+07  1.36e+08  1.83e+08   2.4e+08

