Wells (G - ground energy, D - dissociation limit, kcal/mol):
                             W         G         D
         FakeW-CPT(563)+HO2(8)        -3         0
      FakeW-C5H9(553)+H2O2(10)       5.7       8.7

Bimolecular Products (G - ground energy, kcal/mol):
                       P         G
         CPT(563)+HO2(8)         0
      C5H9(553)+H2O2(10)       8.7

Well-to-Bimolecular Barriers (H/G - barrier height/well depth, kcal/mol)
                             B         H                        W         G                  P
         FakeB-CPT(563)+HO2(8)         0    FakeW-CPT(563)+HO2(8)        -3    CPT(563)+HO2(8)
      FakeB-C5H9(553)+H2O2(10)       8.7 FakeW-C5H9(553)+H2O2(10)       5.7 C5H9(553)+H2O2(10)

Well-to-Well Barriers (H/G - barrier height/well depth, kcal/mol):
           B         H                       W1        G1                       W2        G2
      ts_8_1      14.5    FakeW-CPT(563)+HO2(8)        -3 FakeW-C5H9(553)+H2O2(10)       5.7

Bound Groups: dissociation barrier (name/ground energy, kcal/mol): wells (name/ground energy, kcal/mol):
     C1/0:  FakeW-CPT(563)+HO2(8)/-3

     C2/8.7:  FakeW-C5H9(553)+H2O2(10)/5.7

________________________________________________________________________________________

Names Translation Tables (<short name> - <original name>):
Wells:
   W1 - FakeW-CPT(563)+HO2(8)
   W2 - FakeW-C5H9(553)+H2O2(10)
Bimolecular products:
   P1 - CPT(563)+HO2(8)
   P2 - C5H9(553)+H2O2(10)
Inner Barriers:
   B1 - ts_8_1
Outer Barriers:
   C1 - FakeB-CPT(563)+HO2(8)
   C2 - FakeB-C5H9(553)+H2O2(10)
Unimolecular Rate Units: 1/sec;  Bimolecular Rate Units: cm^3/sec

______________________________________________________________________________________

Species-Species Rate Tables:

Temperature = 500 K

High Pressure Rate Coefficients:

From\To         W1        W2        P1        P2
W1             ***      14.2  2.06e+11       ***
W2        1.54e+06       ***       ***  3.69e+11
P1        1.91e-10       ***       ***       ***
P2             ***  1.89e-10       ***       ***

Temperature = 500 K    Pressure = 0.1 atm

From\To         W1        W2        P1        P2
W1        1.18e+10  7.62e-07  1.18e+10  8.66e-07
W2         -0.0656  1.88e+10  8.87e+03  1.88e+10
P1        1.07e-11  7.39e-23  1.07e-11   1.3e-20
P2        2.38e-22  9.44e-12  7.82e-16  9.44e-12

Temperature = 500 K    Pressure = 1 atm

From\To         W1        W2        P1        P2
W1        2.94e+10  3.87e-05  2.94e+10  3.26e-05
W2            3.04  4.62e+10  2.88e+04  4.62e+10
P1        2.71e-11  2.44e-22  2.71e-11  1.28e-20
P2        3.37e-21  2.35e-11  7.72e-16  2.35e-11

Temperature = 500 K    Pressure = 10 atm

From\To         W1        W2        P1        P2
W1        5.96e+10   0.00213  5.96e+10    0.0013
W2             224  9.42e+10  8.49e+04  9.42e+10
P1         5.5e-11  7.23e-22   5.5e-11  1.24e-20
P2        8.17e-20  4.82e-11  7.43e-16  4.82e-11

Temperature = 500 K    Pressure = 100 atm

From\To         W1        W2        P1        P2
W1        1.06e+11     0.123  1.06e+11     0.144
W2        1.33e+04  1.66e+11  2.36e+05  1.66e+11
P1        9.75e-11  2.01e-21  9.75e-11  1.08e-20
P2        8.02e-18  8.51e-11  6.51e-16  8.51e-11

Temperature = 600 K

High Pressure Rate Coefficients:

From\To         W1        W2        P1        P2
W1             ***       175  2.14e+11       ***
W2        3.81e+06       ***       ***  3.83e+11
P1        1.96e-10       ***       ***       ***
P2             ***  1.95e-10       ***       ***

Temperature = 600 K    Pressure = 0.1 atm

From\To         W1        W2        P1        P2
W1        1.87e+10  5.01e-05  1.87e+10  3.22e-05
W2           0.321  2.75e+10  2.67e+04  2.75e+10
P1        1.68e-11  1.09e-21  1.68e-11  1.59e-19
P2        1.53e-21  1.35e-11  1.92e-15  1.35e-11

Temperature = 600 K    Pressure = 1 atm

From\To         W1        W2        P1        P2
W1        3.89e+10 -7.65e-05  3.89e+10  0.000784
W2           -6.44  5.81e+10  8.59e+04  5.81e+10
P1        3.56e-11   3.6e-21  3.56e-11  1.57e-19
P2        1.58e-20  2.94e-11  1.89e-15  2.94e-11

Temperature = 600 K    Pressure = 10 atm

From\To         W1        W2        P1        P2
W1        7.02e+10    0.0767  7.02e+10    0.0248
W2        1.65e+03  1.08e+11  2.41e+05  1.08e+11
P1        6.45e-11  1.02e-20  6.45e-11   1.5e-19
P2        3.11e-19  5.49e-11  1.81e-15  5.49e-11

Temperature = 600 K    Pressure = 100 atm

From\To         W1        W2        P1        P2
W1        1.13e+11      2.11  1.13e+11       1.7
W2        4.59e+04  1.77e+11  5.89e+05  1.77e+11
P1        1.04e-10  2.49e-20  1.04e-10  1.32e-19
P2         1.9e-17  9.01e-11  1.59e-15  9.01e-11

Temperature = 700 K

High Pressure Rate Coefficients:

From\To         W1        W2        P1        P2
W1             ***  1.13e+03  2.05e+11       ***
W2        7.66e+06       ***       ***  3.67e+11
P1        2.02e-10       ***       ***       ***
P2             ***     2e-10       ***       ***

Temperature = 700 K    Pressure = 0.1 atm

From\To         W1        W2        P1        P2
W1        2.07e+10   0.00241  2.07e+10  0.000345
W2            9.68  3.09e+10  7.82e+04  3.09e+10
P1        1.98e-11  1.09e-20  1.98e-11   1.1e-18
P2        1.19e-20  1.62e-11  4.12e-15  1.62e-11

Temperature = 700 K    Pressure = 1 atm

From\To         W1        W2        P1        P2
W1        4.03e+10    0.0864  4.03e+10   0.00804
W2             564  6.12e+10  2.28e+05  6.12e+10
P1        3.94e-11  3.28e-20  3.94e-11  1.07e-18
P2        6.74e-20  3.31e-11  4.04e-15  3.31e-11

Temperature = 700 K    Pressure = 10 atm

From\To         W1        W2        P1        P2
W1        6.93e+10      1.64  6.93e+10     0.233
W2        1.11e+04  1.08e+11   5.8e+05  1.08e+11
P1         6.8e-11  8.39e-20   6.8e-11  1.02e-18
P2         9.8e-19  5.89e-11  3.84e-15   5.9e-11

Temperature = 700 K    Pressure = 100 atm

From\To         W1        W2        P1        P2
W1        1.08e+11        21  1.08e+11      11.1
W2        1.43e+05  1.71e+11  1.25e+06  1.71e+11
P1        1.06e-10  1.81e-19  1.06e-10  8.94e-19
P2        4.13e-17  9.32e-11  3.36e-15  9.32e-11

Temperature = 800 K

High Pressure Rate Coefficients:

From\To         W1        W2        P1        P2
W1             ***  4.75e+03  1.89e+11       ***
W2        1.33e+07       ***       ***  3.38e+11
P1        2.06e-10       ***       ***       ***
P2             ***  2.05e-10       ***       ***

Temperature = 800 K    Pressure = 0.1 atm

From\To         W1        W2        P1        P2
W1        2.15e+10    0.0666  2.15e+10   0.00271
W2             130  3.23e+10  2.04e+05  3.23e+10
P1        2.27e-11  7.57e-20  2.27e-11  5.09e-18
P2        1.05e-19  1.86e-11   7.9e-15  1.86e-11

Temperature = 800 K    Pressure = 1 atm

From\To         W1        W2        P1        P2
W1        3.99e+10      1.92  3.99e+10    0.0598
W2        5.26e+03  6.12e+10  5.33e+05  6.12e+10
P1        4.33e-11  2.06e-19  4.33e-11  4.96e-18
P2        3.38e-19  3.67e-11  7.69e-15  3.67e-11

Temperature = 800 K    Pressure = 10 atm

From\To         W1        W2        P1        P2
W1        6.63e+10      21.3  6.63e+10      1.58
W2        5.95e+04  1.05e+11  1.21e+06  1.05e+11
P1        7.23e-11  4.71e-19  7.23e-11  4.67e-18
P2        3.06e-18  6.32e-11  7.25e-15  6.32e-11

Temperature = 800 K    Pressure = 100 atm

From\To         W1        W2        P1        P2
W1        9.98e+10       148  9.98e+10      51.9
W2        4.15e+05   1.6e+11  2.31e+06   1.6e+11
P1        1.09e-10  9.02e-19  1.09e-10  4.04e-18
P2        8.88e-17   9.7e-11  6.28e-15   9.7e-11

Temperature = 900 K

High Pressure Rate Coefficients:

From\To         W1        W2        P1        P2
W1             ***  1.49e+04   1.7e+11       ***
W2        2.08e+07       ***       ***  3.05e+11
P1         2.1e-10       ***       ***       ***
P2             ***  2.09e-10       ***       ***

Temperature = 900 K    Pressure = 0.1 atm

From\To         W1        W2        P1        P2
W1        2.05e+10     0.855  2.05e+10    0.0144
W2             908  3.14e+10  4.28e+05  3.14e+10
P1        2.44e-11  3.58e-19  2.44e-11  1.79e-17
P2        5.87e-19  2.04e-11  1.39e-14  2.04e-11

Temperature = 900 K    Pressure = 1 atm

From\To         W1        W2        P1        P2
W1        3.72e+10      18.9  3.72e+10      0.38
W2         2.6e+04  5.78e+10  1.02e+06  5.78e+10
P1        4.56e-11  8.92e-19  4.56e-11  1.73e-17
P2        1.39e-18  3.92e-11  1.34e-14  3.92e-11

Temperature = 900 K    Pressure = 10 atm

From\To         W1        W2        P1        P2
W1        6.05e+10       143  6.05e+10      7.82
W2           2e+05  9.66e+10  2.11e+06  9.66e+10
P1        7.46e-11  1.86e-18  7.46e-11  1.62e-17
P2        8.49e-18   6.6e-11  1.25e-14   6.6e-11

Temperature = 900 K    Pressure = 100 atm

From\To         W1        W2        P1        P2
W1        8.96e+10       687  8.96e+10       182
W2         9.6e+05  1.45e+11   3.7e+06  1.45e+11
P1        1.11e-10  3.27e-18  1.11e-10  1.39e-17
P2        1.75e-16  9.95e-11  1.08e-14  9.95e-11

Temperature = 1e+03 K

High Pressure Rate Coefficients:

From\To         W1        W2        P1        P2
W1             ***  3.75e+04  1.52e+11       ***
W2        2.99e+07       ***       ***  2.72e+11
P1        2.14e-10       ***       ***       ***
P2             ***  2.12e-10       ***       ***

Temperature = 1e+03 K    Pressure = 0.1 atm

From\To         W1        W2        P1        P2
W1        1.93e+10      7.64  1.93e+10    0.0778
W2        5.06e+03  2.92e+10  7.55e+05  2.92e+10
P1        2.62e-11  1.26e-18  2.62e-11  5.11e-17
P2        2.55e-18  2.16e-11  2.26e-14  2.16e-11

Temperature = 1e+03 K    Pressure = 1 atm

From\To         W1        W2        P1        P2
W1        3.42e+10       119  3.42e+10      2.75
W2        9.38e+04  5.29e+10  1.66e+06  5.29e+10
P1        4.78e-11  2.91e-18  4.78e-11  4.93e-17
P2        5.06e-18  4.09e-11  2.18e-14  4.09e-11

Temperature = 1e+03 K    Pressure = 10 atm

From\To         W1        W2        P1        P2
W1        5.47e+10       655  5.47e+10        34
W2        5.22e+05  8.71e+10  3.19e+06  8.71e+10
P1         7.7e-11  5.62e-18   7.7e-11  4.58e-17
P2        2.35e-17  6.79e-11  2.03e-14  6.79e-11

Temperature = 1e+03 K    Pressure = 100 atm

From\To         W1        W2        P1        P2
W1        7.99e+10  2.41e+03  7.99e+10       540
W2        1.93e+06   1.3e+11  5.24e+06   1.3e+11
P1        1.12e-10  9.24e-18  1.12e-10   3.9e-17
P2        3.39e-16  1.01e-10  1.73e-14  1.01e-10

Temperature = 1.1e+03 K

High Pressure Rate Coefficients:

From\To         W1        W2        P1        P2
W1             ***  8.05e+04  1.35e+11       ***
W2        4.06e+07       ***       ***  2.41e+11
P1        2.17e-10       ***       ***       ***
P2             ***  2.16e-10       ***       ***

Temperature = 1.1e+03 K    Pressure = 0.1 atm

From\To         W1        W2        P1        P2
W1        1.79e+10      50.2  1.79e+10     0.685
W2        2.25e+04  2.66e+10  1.17e+06  2.66e+10
P1        2.78e-11  3.56e-18  2.78e-11  1.25e-16
P2        8.94e-18  2.25e-11   3.5e-14  2.25e-11

Temperature = 1.1e+03 K    Pressure = 1 atm

From\To         W1        W2        P1        P2
W1        3.12e+10       524  3.12e+10        18
W2        2.62e+05  4.75e+10  2.39e+06  4.75e+10
P1           5e-11  7.58e-18     5e-11   1.2e-16
P2        1.67e-17   4.2e-11  3.37e-14   4.2e-11

Temperature = 1.1e+03 K    Pressure = 10 atm

From\To         W1        W2        P1        P2
W1        4.93e+10  2.23e+03  4.93e+10       131
W2        1.13e+06  7.74e+10   4.3e+06  7.74e+10
P1        7.93e-11  1.37e-17  7.93e-11  1.11e-16
P2        6.37e-17  6.91e-11  3.11e-14  6.91e-11

Temperature = 1.1e+03 K    Pressure = 100 atm

From\To         W1        W2        P1        P2
W1         7.1e+10  6.78e+03   7.1e+10  1.41e+03
W2        3.42e+06  1.14e+11  6.73e+06  1.14e+11
P1        1.14e-10  2.15e-17  1.14e-10   9.4e-17
P2        6.42e-16  1.02e-10  2.63e-14  1.02e-10

Temperature = 1.2e+03 K

High Pressure Rate Coefficients:

From\To         W1        W2        P1        P2
W1             ***  1.53e+05   1.2e+11       ***
W2        5.27e+07       ***       ***  2.14e+11
P1        2.21e-10       ***       ***       ***
P2             ***  2.19e-10       ***       ***

Temperature = 1.2e+03 K    Pressure = 0.1 atm

From\To         W1        W2        P1        P2
W1         1.6e+10       164   1.6e+10       2.1
W2        5.03e+04  2.46e+10  1.77e+06  2.46e+10
P1        2.85e-11  9.05e-18  2.85e-11   2.7e-16
P2        2.08e-17  2.38e-11  5.16e-14  2.39e-11

Temperature = 1.2e+03 K    Pressure = 1 atm

From\To         W1        W2        P1        P2
W1        2.77e+10  1.45e+03  2.77e+10        54
W2        4.95e+05  4.34e+10  3.42e+06  4.34e+10
P1        5.07e-11  1.82e-17  5.07e-11  2.58e-16
P2         3.6e-17  4.39e-11  4.93e-14  4.39e-11

Temperature = 1.2e+03 K    Pressure = 10 atm

From\To         W1        W2        P1        P2
W1        4.34e+10  5.51e+03  4.34e+10       323
W2         1.9e+06  6.98e+10  5.85e+06  6.98e+10
P1           8e-11  3.13e-17     8e-11  2.37e-16
P2        1.22e-16  7.13e-11  4.53e-14  7.14e-11

Temperature = 1.2e+03 K    Pressure = 100 atm

From\To         W1        W2        P1        P2
W1        6.23e+10  1.52e+04  6.23e+10  2.87e+03
W2        5.25e+06  1.02e+11  8.78e+06  1.02e+11
P1        1.15e-10  4.71e-17  1.15e-10  1.99e-16
P2        1.02e-15  1.04e-10   3.8e-14  1.04e-10

Temperature = 1.3e+03 K

High Pressure Rate Coefficients:

From\To         W1        W2        P1        P2
W1             ***  2.64e+05  1.06e+11       ***
W2        6.58e+07       ***       ***   1.9e+11
P1        2.23e-10       ***       ***       ***
P2             ***  2.22e-10       ***       ***

Temperature = 1.3e+03 K    Pressure = 0.1 atm

From\To         W1        W2        P1        P2
W1        1.48e+10       571  1.48e+10      12.4
W2         1.3e+05  2.25e+10  2.45e+06  2.25e+10
P1           3e-11  1.98e-17     3e-11  5.29e-16
P2        5.04e-17  2.49e-11  7.31e-14   2.5e-11

Temperature = 1.3e+03 K    Pressure = 1 atm

From\To         W1        W2        P1        P2
W1        2.52e+10  3.85e+03  2.52e+10       191
W2        9.54e+05  3.92e+10  4.44e+06  3.92e+10
P1        5.27e-11  3.73e-17  5.27e-11  5.04e-16
P2        8.81e-17  4.54e-11  6.97e-14  4.55e-11

Temperature = 1.3e+03 K    Pressure = 10 atm

From\To         W1        W2        P1        P2
W1         3.9e+10  1.27e+04   3.9e+10       856
W2        3.17e+06  6.26e+10  7.22e+06  6.26e+10
P1        8.23e-11  6.11e-17  8.23e-11   4.6e-16
P2        2.63e-16  7.31e-11  6.36e-14  7.32e-11

Temperature = 1.3e+03 K    Pressure = 100 atm

From\To         W1        W2        P1        P2
W1        5.56e+10  3.17e+04  5.56e+10  5.85e+03
W2         7.9e+06  9.08e+10  1.05e+07  9.08e+10
P1        1.17e-10  8.88e-17  1.17e-10  3.82e-16
P2        1.71e-15  1.06e-10  5.28e-14  1.06e-10

Temperature = 1.4e+03 K

High Pressure Rate Coefficients:

From\To         W1        W2        P1        P2
W1             ***  4.22e+05  9.41e+10       ***
W2        7.98e+07       ***       ***  1.68e+11
P1        2.26e-10       ***       ***       ***
P2             ***  2.25e-10       ***       ***

Temperature = 1.4e+03 K    Pressure = 0.1 atm

From\To         W1        W2        P1        P2
W1        1.32e+10  1.36e+03  1.32e+10      36.3
W2        2.38e+05  2.04e+10   3.2e+06  2.04e+10
P1        3.06e-11  3.91e-17  3.06e-11  9.58e-16
P2        9.36e-17  2.58e-11     1e-13  2.59e-11

Temperature = 1.4e+03 K    Pressure = 1 atm

From\To         W1        W2        P1        P2
W1        2.24e+10  7.88e+03  2.24e+10       442
W2        1.48e+06  3.53e+10  5.56e+06  3.53e+10
P1        5.35e-11  7.03e-17  5.35e-11   9.1e-16
P2        1.63e-16  4.66e-11  9.54e-14  4.67e-11

Temperature = 1.4e+03 K    Pressure = 10 atm

From\To         W1        W2        P1        P2
W1        3.45e+10  2.41e+04  3.45e+10  1.71e+03
W2        4.54e+06   5.6e+10  8.76e+06   5.6e+10
P1         8.3e-11  1.11e-16   8.3e-11  8.27e-16
P2        4.52e-16  7.45e-11  8.67e-14  7.46e-11

Temperature = 1.4e+03 K    Pressure = 100 atm

From\To         W1        W2        P1        P2
W1         4.9e+10  5.65e+04   4.9e+10  1.02e+04
W2        1.07e+07  8.07e+10  1.24e+07  8.07e+10
P1        1.18e-10  1.58e-16  1.18e-10  6.82e-16
P2        2.57e-15  1.08e-10  7.15e-14  1.08e-10

Temperature = 1.5e+03 K

High Pressure Rate Coefficients:

From\To         W1        W2        P1        P2
W1             ***  6.35e+05  8.37e+10       ***
W2        9.45e+07       ***       ***   1.5e+11
P1        2.29e-10       ***       ***       ***
P2             ***  2.27e-10       ***       ***

Temperature = 1.5e+03 K    Pressure = 0.1 atm

From\To         W1        W2        P1        P2
W1        1.21e+10  3.49e+03  1.21e+10       155
W2        4.92e+05  1.85e+10  3.88e+06  1.85e+10
P1         3.2e-11  6.88e-17   3.2e-11  1.63e-15
P2        1.89e-16  2.65e-11  1.34e-13  2.67e-11

Temperature = 1.5e+03 K    Pressure = 1 atm

From\To         W1        W2        P1        P2
W1        2.04e+10  1.61e+04  2.04e+10   1.2e+03
W2        2.39e+06  3.17e+10  6.42e+06  3.17e+10
P1        5.54e-11  1.17e-16  5.54e-11  1.54e-15
P2        3.52e-16  4.76e-11  1.27e-13  4.78e-11

Temperature = 1.5e+03 K    Pressure = 10 atm

From\To         W1        W2        P1        P2
W1        3.12e+10  4.44e+04  3.12e+10  3.79e+03
W2        6.61e+06     5e+10  9.79e+06     5e+10
P1        8.52e-11   1.8e-16  8.52e-11  1.39e-15
P2        8.84e-16  7.57e-11  1.15e-13  7.58e-11

Temperature = 1.5e+03 K    Pressure = 100 atm

From\To         W1        W2        P1        P2
W1        4.39e+10  9.71e+04  4.39e+10  1.82e+04
W2        1.45e+07  7.18e+10  1.37e+07  7.18e+10
P1         1.2e-10  2.51e-16   1.2e-10  1.14e-15
P2        4.11e-15  1.09e-10  9.42e-14  1.09e-10

Temperature = 1.6e+03 K

High Pressure Rate Coefficients:

From\To         W1        W2        P1        P2
W1             ***  9.07e+05  7.47e+10       ***
W2         1.1e+08       ***       ***  1.34e+11
P1        2.31e-10       ***       ***       ***
P2             ***   2.3e-10       ***       ***

Temperature = 1.6e+03 K    Pressure = 0.1 atm

From\To         W1        W2        P1        P2
W1        1.09e+10  5.88e+03  1.09e+10       247
W2        6.71e+05  1.71e+10  4.98e+06  1.71e+10
P1        3.25e-11  1.23e-16  3.25e-11  2.61e-15
P2        2.86e-16  2.79e-11  1.75e-13   2.8e-11

Temperature = 1.6e+03 K    Pressure = 1 atm

From\To         W1        W2        P1        P2
W1        1.82e+10  2.63e+04  1.82e+10  1.89e+03
W2        3.16e+06  2.91e+10     8e+06  2.91e+10
P1         5.6e-11  2.04e-16   5.6e-11  2.46e-15
P2        5.12e-16  4.95e-11  1.65e-13  4.97e-11

Temperature = 1.6e+03 K    Pressure = 10 atm

From\To         W1        W2        P1        P2
W1        2.78e+10  7.02e+04  2.78e+10  5.76e+03
W2        8.49e+06  4.55e+10  1.19e+07  4.55e+10
P1        8.59e-11  3.04e-16  8.59e-11  2.21e-15
P2        1.24e-15   7.8e-11  1.48e-13  7.81e-11

Temperature = 1.6e+03 K    Pressure = 100 atm

From\To         W1        W2        P1        P2
W1        3.91e+10  1.49e+05  3.91e+10  2.64e+04
W2        1.81e+07  6.48e+10  1.62e+07  6.48e+10
P1        1.21e-10  4.16e-16  1.21e-10  1.79e-15
P2         5.5e-15  1.11e-10   1.2e-13  1.11e-10

Temperature = 1.7e+03 K

High Pressure Rate Coefficients:

From\To         W1        W2        P1        P2
W1             ***  1.24e+06  6.69e+10       ***
W2        1.25e+08       ***       ***   1.2e+11
P1        2.34e-10       ***       ***       ***
P2             ***  2.32e-10       ***       ***

Temperature = 1.7e+03 K    Pressure = 0.1 atm

From\To         W1        W2        P1        P2
W1           1e+10  1.16e+04     1e+10       656
W2        1.12e+06  1.57e+10  5.64e+06  1.57e+10
P1        3.39e-11  1.91e-16  3.39e-11  4.02e-15
P2        4.26e-16  2.92e-11  2.25e-13  2.94e-11

Temperature = 1.7e+03 K    Pressure = 1 atm

From\To         W1        W2        P1        P2
W1        1.66e+10  4.34e+04  1.66e+10  3.62e+03
W2        4.36e+06  2.67e+10  8.89e+06  2.66e+10
P1        5.78e-11  3.07e-16  5.78e-11  3.78e-15
P2        8.43e-16  5.12e-11  2.11e-13  5.14e-11

Temperature = 1.7e+03 K    Pressure = 10 atm

From\To         W1        W2        P1        P2
W1        2.52e+10  1.08e+05  2.52e+10  9.61e+03
W2        1.09e+07  4.13e+10  1.31e+07  4.13e+10
P1        8.79e-11  4.53e-16  8.79e-11  3.39e-15
P2        1.92e-15  7.99e-11  1.89e-13  8.01e-11

Temperature = 1.7e+03 K    Pressure = 100 atm

From\To         W1        W2        P1        P2
W1        3.52e+10   2.2e+05  3.52e+10  3.95e+04
W2        2.21e+07  5.86e+10  1.77e+07  5.85e+10
P1        1.23e-10  6.15e-16  1.23e-10  2.73e-15
P2        7.72e-15  1.13e-10  1.53e-13  1.13e-10

Temperature = 1.8e+03 K

High Pressure Rate Coefficients:

From\To         W1        W2        P1        P2
W1             ***  1.64e+06  6.01e+10       ***
W2        1.41e+08       ***       ***  1.07e+11
P1        2.36e-10       ***       ***       ***
P2             ***  2.34e-10       ***       ***

Temperature = 1.8e+03 K    Pressure = 0.1 atm

From\To         W1        W2        P1        P2
W1        9.05e+09  2.03e+04  9.05e+09  1.62e+03
W2        1.68e+06  1.39e+10   6.1e+06  1.39e+10
P1        3.44e-11  2.73e-16  3.44e-11  5.94e-15
P2        7.93e-16  2.88e-11  2.83e-13  2.91e-11

Temperature = 1.8e+03 K    Pressure = 1 atm

From\To         W1        W2        P1        P2
W1         1.5e+10  6.81e+04   1.5e+10  7.27e+03
W2        5.82e+06  2.35e+10  9.27e+06  2.35e+10
P1        5.85e-11  4.24e-16  5.85e-11  5.58e-15
P2        1.57e-15  5.07e-11  2.66e-13  5.09e-11

Temperature = 1.8e+03 K    Pressure = 10 atm

From\To         W1        W2        P1        P2
W1        2.26e+10  1.61e+05  2.26e+10  1.75e+04
W2        1.38e+07  3.65e+10  1.33e+07  3.65e+10
P1        8.87e-11   6.1e-16  8.87e-11  4.99e-15
P2        3.34e-15  7.93e-11  2.37e-13  7.95e-11

Temperature = 1.8e+03 K    Pressure = 100 atm

From\To         W1        W2        P1        P2
W1        3.16e+10  3.14e+05  3.16e+10   6.2e+04
W2        2.69e+07  5.18e+10   1.8e+07  5.18e+10
P1        1.24e-10  8.25e-16  1.24e-10     4e-15
P2        1.16e-14  1.13e-10   1.9e-13  1.13e-10

Temperature = 1.9e+03 K

High Pressure Rate Coefficients:

From\To         W1        W2        P1        P2
W1             ***  2.11e+06  5.41e+10       ***
W2        1.57e+08       ***       ***  9.68e+10
P1        2.38e-10       ***       ***       ***
P2             ***  2.36e-10       ***       ***

Temperature = 1.9e+03 K    Pressure = 0.1 atm

From\To         W1        W2        P1        P2
W1        8.19e+09  2.89e+04  8.19e+09  2.27e+03
W2        2.08e+06  1.28e+10  7.19e+06  1.28e+10
P1        3.49e-11  4.16e-16  3.49e-11  8.48e-15
P2        1.07e-15  2.98e-11  3.49e-13  3.02e-11

Temperature = 1.9e+03 K    Pressure = 1 atm

From\To         W1        W2        P1        P2
W1        1.35e+10  9.47e+04  1.35e+10  9.93e+03
W2        7.02e+06  2.16e+10  1.07e+07  2.15e+10
P1        5.91e-11  6.35e-16  5.91e-11  7.93e-15
P2        2.08e-15  5.21e-11  3.27e-13  5.25e-11

Temperature = 1.9e+03 K    Pressure = 10 atm

From\To         W1        W2        P1        P2
W1        2.04e+10  2.19e+05  2.04e+10  2.33e+04
W2        1.63e+07  3.33e+10  1.52e+07  3.33e+10
P1        8.95e-11     9e-16  8.95e-11  7.06e-15
P2        4.32e-15  8.11e-11  2.91e-13  8.14e-11

Temperature = 1.9e+03 K    Pressure = 100 atm

From\To         W1        W2        P1        P2
W1        2.84e+10  4.22e+05  2.84e+10  8.08e+04
W2        3.14e+07  4.71e+10  2.03e+07   4.7e+10
P1        1.25e-10   1.2e-15  1.25e-10  5.61e-15
P2        1.47e-14  1.15e-10  2.31e-13  1.15e-10

Temperature = 2e+03 K

High Pressure Rate Coefficients:

From\To         W1        W2        P1        P2
W1             ***  2.63e+06  4.89e+10       ***
W2        1.72e+08       ***       ***  8.75e+10
P1         2.4e-10       ***       ***       ***
P2             ***  2.38e-10       ***       ***

Temperature = 2e+03 K    Pressure = 0.1 atm

From\To         W1        W2        P1        P2
W1         7.6e+09  4.52e+04   7.6e+09  4.23e+03
W2        2.88e+06  1.19e+10  7.95e+06  1.18e+10
P1        3.62e-11  5.86e-16  3.62e-11  1.17e-14
P2        1.65e-15  3.08e-11  4.26e-13  3.12e-11

Temperature = 2e+03 K    Pressure = 1 atm

From\To         W1        W2        P1        P2
W1        1.25e+10  1.37e+05  1.25e+10  1.61e+04
W2        8.91e+06  1.98e+10  1.16e+07  1.98e+10
P1        6.09e-11  8.71e-16  6.09e-11  1.09e-14
P2        3.23e-15  5.35e-11  3.97e-13  5.39e-11

Temperature = 2e+03 K    Pressure = 10 atm

From\To         W1        W2        P1        P2
W1        1.86e+10  3.04e+05  1.86e+10  3.53e+04
W2        1.99e+07  3.05e+10  1.61e+07  3.04e+10
P1        9.15e-11  1.21e-15  9.15e-11  9.68e-15
P2        6.39e-15  8.27e-11  3.51e-13  8.31e-11

Temperature = 2e+03 K    Pressure = 100 atm

From\To         W1        W2        P1        P2
W1        2.59e+10  5.68e+05  2.59e+10  1.12e+05
W2        3.71e+07  4.28e+10  2.14e+07  4.28e+10
P1        1.27e-10  1.61e-15  1.27e-10  7.62e-15
P2        1.99e-14  1.16e-10  2.76e-13  1.17e-10

______________________________________________________________________________________

High Pressure Rate Coefficients (Temperature-Species Rate Tables):

Reactant = W1
   T(K)        W1        W2        P1        P2
    500       ***      14.2  2.06e+11       ***
    600       ***       175  2.14e+11       ***
    700       ***  1.13e+03  2.05e+11       ***
    800       ***  4.75e+03  1.89e+11       ***
    900       ***  1.49e+04   1.7e+11       ***
  1e+03       ***  3.75e+04  1.52e+11       ***
1.1e+03       ***  8.05e+04  1.35e+11       ***
1.2e+03       ***  1.53e+05   1.2e+11       ***
1.3e+03       ***  2.64e+05  1.06e+11       ***
1.4e+03       ***  4.22e+05  9.41e+10       ***
1.5e+03       ***  6.35e+05  8.37e+10       ***
1.6e+03       ***  9.07e+05  7.47e+10       ***
1.7e+03       ***  1.24e+06  6.69e+10       ***
1.8e+03       ***  1.64e+06  6.01e+10       ***
1.9e+03       ***  2.11e+06  5.41e+10       ***
  2e+03       ***  2.63e+06  4.89e+10       ***

Reactant = W2
   T(K)        W1        W2        P1        P2
    500  1.54e+06       ***       ***  3.69e+11
    600  3.81e+06       ***       ***  3.83e+11
    700  7.66e+06       ***       ***  3.67e+11
    800  1.33e+07       ***       ***  3.38e+11
    900  2.08e+07       ***       ***  3.05e+11
  1e+03  2.99e+07       ***       ***  2.72e+11
1.1e+03  4.06e+07       ***       ***  2.41e+11
1.2e+03  5.27e+07       ***       ***  2.14e+11
1.3e+03  6.58e+07       ***       ***   1.9e+11
1.4e+03  7.98e+07       ***       ***  1.68e+11
1.5e+03  9.45e+07       ***       ***   1.5e+11
1.6e+03   1.1e+08       ***       ***  1.34e+11
1.7e+03  1.25e+08       ***       ***   1.2e+11
1.8e+03  1.41e+08       ***       ***  1.07e+11
1.9e+03  1.57e+08       ***       ***  9.68e+10
  2e+03  1.72e+08       ***       ***  8.75e+10

Reactant = P1
   T(K)        W1        W2        P1        P2
    500  1.91e-10       ***       ***       ***
    600  1.96e-10       ***       ***       ***
    700  2.02e-10       ***       ***       ***
    800  2.06e-10       ***       ***       ***
    900   2.1e-10       ***       ***       ***
  1e+03  2.14e-10       ***       ***       ***
1.1e+03  2.17e-10       ***       ***       ***
1.2e+03  2.21e-10       ***       ***       ***
1.3e+03  2.23e-10       ***       ***       ***
1.4e+03  2.26e-10       ***       ***       ***
1.5e+03  2.29e-10       ***       ***       ***
1.6e+03  2.31e-10       ***       ***       ***
1.7e+03  2.34e-10       ***       ***       ***
1.8e+03  2.36e-10       ***       ***       ***
1.9e+03  2.38e-10       ***       ***       ***
  2e+03   2.4e-10       ***       ***       ***

Reactant = P2
   T(K)        W1        W2        P1        P2
    500       ***  1.89e-10       ***       ***
    600       ***  1.95e-10       ***       ***
    700       ***     2e-10       ***       ***
    800       ***  2.05e-10       ***       ***
    900       ***  2.09e-10       ***       ***
  1e+03       ***  2.12e-10       ***       ***
1.1e+03       ***  2.16e-10       ***       ***
1.2e+03       ***  2.19e-10       ***       ***
1.3e+03       ***  2.22e-10       ***       ***
1.4e+03       ***  2.25e-10       ***       ***
1.5e+03       ***  2.27e-10       ***       ***
1.6e+03       ***   2.3e-10       ***       ***
1.7e+03       ***  2.32e-10       ***       ***
1.8e+03       ***  2.34e-10       ***       ***
1.9e+03       ***  2.36e-10       ***       ***
  2e+03       ***  2.38e-10       ***       ***

Capture/Escape Rate Coefficients:

   T(K)        W1        W2        P1        P2
    500  2.06e+11  3.69e+11  1.91e-10  1.89e-10
    600  2.14e+11  3.83e+11  1.96e-10  1.95e-10
    700  2.05e+11  3.67e+11  2.02e-10     2e-10
    800  1.89e+11  3.38e+11  2.06e-10  2.05e-10
    900   1.7e+11  3.05e+11   2.1e-10  2.09e-10
  1e+03  1.52e+11  2.72e+11  2.14e-10  2.12e-10
1.1e+03  1.35e+11  2.41e+11  2.17e-10  2.16e-10
1.2e+03   1.2e+11  2.14e+11  2.21e-10  2.19e-10
1.3e+03  1.06e+11   1.9e+11  2.23e-10  2.22e-10
1.4e+03  9.41e+10  1.68e+11  2.26e-10  2.25e-10
1.5e+03  8.37e+10   1.5e+11  2.29e-10  2.27e-10
1.6e+03  7.47e+10  1.34e+11  2.31e-10   2.3e-10
1.7e+03  6.69e+10   1.2e+11  2.34e-10  2.32e-10
1.8e+03  6.01e+10  1.08e+11  2.36e-10  2.34e-10
1.9e+03  5.41e+10   9.7e+10  2.38e-10  2.36e-10
  2e+03  4.89e+10  8.76e+10   2.4e-10  2.38e-10

______________________________________________________________________________________

Pressure-Species Rate Tables:

Reactant = W1   Temperature = 500 K

   P(atm)        W2        P1        P2      Loss
      0.1  7.62e-07  1.18e+10  8.66e-07  1.18e+10
        1  3.87e-05  2.94e+10  3.26e-05  2.94e+10
       10   0.00213  5.96e+10    0.0013  5.96e+10
      100     0.123  1.06e+11     0.144  1.06e+11
      O-O      14.2  2.06e+11       ***  2.06e+11

Reactant = W1   Temperature = 600 K

   P(atm)        W2        P1        P2      Loss
      0.1  5.01e-05  1.87e+10  3.22e-05  1.87e+10
        1 -7.65e-05  3.89e+10  0.000784  3.89e+10
       10    0.0767  7.02e+10    0.0248  7.02e+10
      100      2.11  1.13e+11       1.7  1.13e+11
      O-O       175  2.14e+11       ***  2.14e+11

Reactant = W1   Temperature = 700 K

   P(atm)        W2        P1        P2      Loss
      0.1   0.00241  2.07e+10  0.000345  2.07e+10
        1    0.0864  4.03e+10   0.00804  4.03e+10
       10      1.64  6.93e+10     0.233  6.93e+10
      100        21  1.08e+11      11.1  1.08e+11
      O-O  1.13e+03  2.05e+11       ***  2.05e+11

Reactant = W1   Temperature = 800 K

   P(atm)        W2        P1        P2      Loss
      0.1    0.0666  2.15e+10   0.00271  2.15e+10
        1      1.92  3.99e+10    0.0598  3.99e+10
       10      21.3  6.63e+10      1.58  6.63e+10
      100       148  9.98e+10      51.9  9.98e+10
      O-O  4.75e+03  1.89e+11       ***  1.89e+11

Reactant = W1   Temperature = 900 K

   P(atm)        W2        P1        P2      Loss
      0.1     0.855  2.05e+10    0.0144  2.05e+10
        1      18.9  3.72e+10      0.38  3.72e+10
       10       143  6.05e+10      7.82  6.05e+10
      100       687  8.96e+10       182  8.96e+10
      O-O  1.49e+04   1.7e+11       ***   1.7e+11

Reactant = W1   Temperature = 1e+03 K

   P(atm)        W2        P1        P2      Loss
      0.1      7.64  1.93e+10    0.0778  1.93e+10
        1       119  3.42e+10      2.75  3.42e+10
       10       655  5.47e+10        34  5.47e+10
      100  2.41e+03  7.99e+10       540  7.99e+10
      O-O  3.75e+04  1.52e+11       ***  1.52e+11

Reactant = W1   Temperature = 1.1e+03 K

   P(atm)        W2        P1        P2      Loss
      0.1      50.2  1.79e+10     0.685  1.79e+10
        1       524  3.12e+10        18  3.12e+10
       10  2.23e+03  4.93e+10       131  4.93e+10
      100  6.78e+03   7.1e+10  1.41e+03   7.1e+10
      O-O  8.05e+04  1.35e+11       ***  1.35e+11

Reactant = W1   Temperature = 1.2e+03 K

   P(atm)        W2        P1        P2      Loss
      0.1       164   1.6e+10       2.1   1.6e+10
        1  1.45e+03  2.77e+10        54  2.77e+10
       10  5.51e+03  4.34e+10       323  4.34e+10
      100  1.52e+04  6.23e+10  2.87e+03  6.23e+10
      O-O  1.53e+05   1.2e+11       ***   1.2e+11

Reactant = W1   Temperature = 1.3e+03 K

   P(atm)        W2        P1        P2      Loss
      0.1       571  1.48e+10      12.4  1.48e+10
        1  3.85e+03  2.52e+10       191  2.52e+10
       10  1.27e+04   3.9e+10       856   3.9e+10
      100  3.17e+04  5.56e+10  5.85e+03  5.56e+10
      O-O  2.64e+05  1.06e+11       ***  1.06e+11

Reactant = W1   Temperature = 1.4e+03 K

   P(atm)        W2        P1        P2      Loss
      0.1  1.36e+03  1.32e+10      36.3  1.32e+10
        1  7.88e+03  2.24e+10       442  2.24e+10
       10  2.41e+04  3.45e+10  1.71e+03  3.45e+10
      100  5.65e+04   4.9e+10  1.02e+04   4.9e+10
      O-O  4.22e+05  9.41e+10       ***  9.41e+10

Reactant = W1   Temperature = 1.5e+03 K

   P(atm)        W2        P1        P2      Loss
      0.1  3.49e+03  1.21e+10       155  1.21e+10
        1  1.61e+04  2.04e+10   1.2e+03  2.04e+10
       10  4.44e+04  3.12e+10  3.79e+03  3.12e+10
      100  9.71e+04  4.39e+10  1.82e+04  4.39e+10
      O-O  6.35e+05  8.37e+10       ***  8.37e+10

Reactant = W1   Temperature = 1.6e+03 K

   P(atm)        W2        P1        P2      Loss
      0.1  5.88e+03  1.09e+10       247  1.09e+10
        1  2.63e+04  1.82e+10  1.89e+03  1.82e+10
       10  7.02e+04  2.78e+10  5.76e+03  2.78e+10
      100  1.49e+05  3.91e+10  2.64e+04  3.91e+10
      O-O  9.07e+05  7.47e+10       ***  7.47e+10

Reactant = W1   Temperature = 1.7e+03 K

   P(atm)        W2        P1        P2      Loss
      0.1  1.16e+04     1e+10       656     1e+10
        1  4.34e+04  1.66e+10  3.62e+03  1.66e+10
       10  1.08e+05  2.52e+10  9.61e+03  2.52e+10
      100   2.2e+05  3.52e+10  3.95e+04  3.52e+10
      O-O  1.24e+06  6.69e+10       ***  6.69e+10

Reactant = W1   Temperature = 1.8e+03 K

   P(atm)        W2        P1        P2      Loss
      0.1  2.03e+04  9.05e+09  1.62e+03  9.05e+09
        1  6.81e+04   1.5e+10  7.27e+03   1.5e+10
       10  1.61e+05  2.26e+10  1.75e+04  2.26e+10
      100  3.14e+05  3.16e+10   6.2e+04  3.16e+10
      O-O  1.64e+06  6.01e+10       ***  6.01e+10

Reactant = W1   Temperature = 1.9e+03 K

   P(atm)        W2        P1        P2      Loss
      0.1  2.89e+04  8.19e+09  2.27e+03  8.19e+09
        1  9.47e+04  1.35e+10  9.93e+03  1.35e+10
       10  2.19e+05  2.04e+10  2.33e+04  2.04e+10
      100  4.22e+05  2.84e+10  8.08e+04  2.84e+10
      O-O  2.11e+06  5.41e+10       ***  5.41e+10

Reactant = W1   Temperature = 2e+03 K

   P(atm)        W2        P1        P2      Loss
      0.1  4.52e+04   7.6e+09  4.23e+03   7.6e+09
        1  1.37e+05  1.25e+10  1.61e+04  1.25e+10
       10  3.04e+05  1.86e+10  3.53e+04  1.86e+10
      100  5.68e+05  2.59e+10  1.12e+05  2.59e+10
      O-O  2.63e+06  4.89e+10       ***  4.89e+10

Reactant = W2   Temperature = 500 K

   P(atm)        W1        P1        P2      Loss
      0.1   -0.0656  8.87e+03  1.88e+10  1.88e+10
        1      3.04  2.88e+04  4.62e+10  4.62e+10
       10       224  8.49e+04  9.42e+10  9.42e+10
      100  1.33e+04  2.36e+05  1.66e+11  1.66e+11
      O-O  1.54e+06       ***  3.69e+11  3.69e+11

Reactant = W2   Temperature = 600 K

   P(atm)        W1        P1        P2      Loss
      0.1     0.321  2.67e+04  2.75e+10  2.75e+10
        1     -6.44  8.59e+04  5.81e+10  5.81e+10
       10  1.65e+03  2.41e+05  1.08e+11  1.08e+11
      100  4.59e+04  5.89e+05  1.77e+11  1.77e+11
      O-O  3.81e+06       ***  3.83e+11  3.83e+11

Reactant = W2   Temperature = 700 K

   P(atm)        W1        P1        P2      Loss
      0.1      9.68  7.82e+04  3.09e+10  3.09e+10
        1       564  2.28e+05  6.12e+10  6.12e+10
       10  1.11e+04   5.8e+05  1.08e+11  1.08e+11
      100  1.43e+05  1.25e+06  1.71e+11  1.71e+11
      O-O  7.66e+06       ***  3.67e+11  3.67e+11

Reactant = W2   Temperature = 800 K

   P(atm)        W1        P1        P2      Loss
      0.1       130  2.04e+05  3.23e+10  3.23e+10
        1  5.26e+03  5.33e+05  6.12e+10  6.12e+10
       10  5.95e+04  1.21e+06  1.05e+11  1.05e+11
      100  4.15e+05  2.31e+06   1.6e+11   1.6e+11
      O-O  1.33e+07       ***  3.38e+11  3.38e+11

Reactant = W2   Temperature = 900 K

   P(atm)        W1        P1        P2      Loss
      0.1       908  4.28e+05  3.14e+10  3.14e+10
        1   2.6e+04  1.02e+06  5.78e+10  5.78e+10
       10     2e+05  2.11e+06  9.66e+10  9.66e+10
      100   9.6e+05   3.7e+06  1.45e+11  1.45e+11
      O-O  2.08e+07       ***  3.05e+11  3.05e+11

Reactant = W2   Temperature = 1e+03 K

   P(atm)        W1        P1        P2      Loss
      0.1  5.06e+03  7.55e+05  2.92e+10  2.92e+10
        1  9.38e+04  1.66e+06  5.29e+10  5.29e+10
       10  5.22e+05  3.19e+06  8.71e+10  8.71e+10
      100  1.93e+06  5.24e+06   1.3e+11   1.3e+11
      O-O  2.99e+07       ***  2.72e+11  2.72e+11

Reactant = W2   Temperature = 1.1e+03 K

   P(atm)        W1        P1        P2      Loss
      0.1  2.25e+04  1.17e+06  2.66e+10  2.66e+10
        1  2.62e+05  2.39e+06  4.75e+10  4.75e+10
       10  1.13e+06   4.3e+06  7.74e+10  7.74e+10
      100  3.42e+06  6.73e+06  1.14e+11  1.14e+11
      O-O  4.06e+07       ***  2.41e+11  2.41e+11

Reactant = W2   Temperature = 1.2e+03 K

   P(atm)        W1        P1        P2      Loss
      0.1  5.03e+04  1.77e+06  2.46e+10  2.46e+10
        1  4.95e+05  3.42e+06  4.34e+10  4.34e+10
       10   1.9e+06  5.85e+06  6.98e+10  6.98e+10
      100  5.25e+06  8.78e+06  1.02e+11  1.02e+11
      O-O  5.27e+07       ***  2.14e+11  2.14e+11

Reactant = W2   Temperature = 1.3e+03 K

   P(atm)        W1        P1        P2      Loss
      0.1   1.3e+05  2.45e+06  2.25e+10  2.25e+10
        1  9.54e+05  4.44e+06  3.92e+10  3.92e+10
       10  3.17e+06  7.22e+06  6.26e+10  6.26e+10
      100   7.9e+06  1.05e+07  9.08e+10  9.08e+10
      O-O  6.58e+07       ***   1.9e+11   1.9e+11

Reactant = W2   Temperature = 1.4e+03 K

   P(atm)        W1        P1        P2      Loss
      0.1  2.38e+05   3.2e+06  2.04e+10  2.04e+10
        1  1.48e+06  5.56e+06  3.53e+10  3.53e+10
       10  4.54e+06  8.76e+06   5.6e+10   5.6e+10
      100  1.07e+07  1.24e+07  8.07e+10  8.07e+10
      O-O  7.98e+07       ***  1.68e+11  1.68e+11

Reactant = W2   Temperature = 1.5e+03 K

   P(atm)        W1        P1        P2      Loss
      0.1  4.92e+05  3.88e+06  1.85e+10  1.85e+10
        1  2.39e+06  6.42e+06  3.17e+10  3.17e+10
       10  6.61e+06  9.79e+06     5e+10     5e+10
      100  1.45e+07  1.37e+07  7.18e+10  7.18e+10
      O-O  9.45e+07       ***   1.5e+11   1.5e+11

Reactant = W2   Temperature = 1.6e+03 K

   P(atm)        W1        P1        P2      Loss
      0.1  6.71e+05  4.98e+06  1.71e+10  1.71e+10
        1  3.16e+06     8e+06  2.91e+10  2.91e+10
       10  8.49e+06  1.19e+07  4.55e+10  4.55e+10
      100  1.81e+07  1.62e+07  6.48e+10  6.48e+10
      O-O   1.1e+08       ***  1.34e+11  1.34e+11

Reactant = W2   Temperature = 1.7e+03 K

   P(atm)        W1        P1        P2      Loss
      0.1  1.12e+06  5.64e+06  1.57e+10  1.57e+10
        1  4.36e+06  8.89e+06  2.66e+10  2.67e+10
       10  1.09e+07  1.31e+07  4.13e+10  4.13e+10
      100  2.21e+07  1.77e+07  5.85e+10  5.86e+10
      O-O  1.25e+08       ***   1.2e+11   1.2e+11

Reactant = W2   Temperature = 1.8e+03 K

   P(atm)        W1        P1        P2      Loss
      0.1  1.68e+06   6.1e+06  1.39e+10  1.39e+10
        1  5.82e+06  9.27e+06  2.35e+10  2.35e+10
       10  1.38e+07  1.33e+07  3.65e+10  3.65e+10
      100  2.69e+07   1.8e+07  5.18e+10  5.18e+10
      O-O  1.41e+08       ***  1.07e+11  1.08e+11

Reactant = W2   Temperature = 1.9e+03 K

   P(atm)        W1        P1        P2      Loss
      0.1  2.08e+06  7.19e+06  1.28e+10  1.28e+10
        1  7.02e+06  1.07e+07  2.15e+10  2.16e+10
       10  1.63e+07  1.52e+07  3.33e+10  3.33e+10
      100  3.14e+07  2.03e+07   4.7e+10  4.71e+10
      O-O  1.57e+08       ***  9.68e+10   9.7e+10

Reactant = W2   Temperature = 2e+03 K

   P(atm)        W1        P1        P2      Loss
      0.1  2.88e+06  7.95e+06  1.18e+10  1.19e+10
        1  8.91e+06  1.16e+07  1.98e+10  1.98e+10
       10  1.99e+07  1.61e+07  3.04e+10  3.05e+10
      100  3.71e+07  2.14e+07  4.28e+10  4.28e+10
      O-O  1.72e+08       ***  8.75e+10  8.76e+10

Reactant = P1   Temperature = 500 K

   P(atm)        W1        W2        P2      Loss
      0.1  1.07e-11  7.39e-23   1.3e-20  1.07e-11
        1  2.71e-11  2.44e-22  1.28e-20  2.71e-11
       10   5.5e-11  7.23e-22  1.24e-20   5.5e-11
      100  9.75e-11  2.01e-21  1.08e-20  9.75e-11
      O-O  1.91e-10       ***       ***  1.91e-10

Reactant = P1   Temperature = 600 K

   P(atm)        W1        W2        P2      Loss
      0.1  1.68e-11  1.09e-21  1.59e-19  1.68e-11
        1  3.56e-11   3.6e-21  1.57e-19  3.56e-11
       10  6.45e-11  1.02e-20   1.5e-19  6.45e-11
      100  1.04e-10  2.49e-20  1.32e-19  1.04e-10
      O-O  1.96e-10       ***       ***  1.96e-10

Reactant = P1   Temperature = 700 K

   P(atm)        W1        W2        P2      Loss
      0.1  1.98e-11  1.09e-20   1.1e-18  1.98e-11
        1  3.94e-11  3.28e-20  1.07e-18  3.94e-11
       10   6.8e-11  8.39e-20  1.02e-18   6.8e-11
      100  1.06e-10  1.81e-19  8.94e-19  1.06e-10
      O-O  2.02e-10       ***       ***  2.02e-10

Reactant = P1   Temperature = 800 K

   P(atm)        W1        W2        P2      Loss
      0.1  2.27e-11  7.57e-20  5.09e-18  2.27e-11
        1  4.33e-11  2.06e-19  4.96e-18  4.33e-11
       10  7.23e-11  4.71e-19  4.67e-18  7.23e-11
      100  1.09e-10  9.02e-19  4.04e-18  1.09e-10
      O-O  2.06e-10       ***       ***  2.06e-10

Reactant = P1   Temperature = 900 K

   P(atm)        W1        W2        P2      Loss
      0.1  2.44e-11  3.58e-19  1.79e-17  2.44e-11
        1  4.56e-11  8.92e-19  1.73e-17  4.56e-11
       10  7.46e-11  1.86e-18  1.62e-17  7.46e-11
      100  1.11e-10  3.27e-18  1.39e-17  1.11e-10
      O-O   2.1e-10       ***       ***   2.1e-10

Reactant = P1   Temperature = 1e+03 K

   P(atm)        W1        W2        P2      Loss
      0.1  2.62e-11  1.26e-18  5.11e-17  2.62e-11
        1  4.78e-11  2.91e-18  4.93e-17  4.78e-11
       10   7.7e-11  5.62e-18  4.58e-17   7.7e-11
      100  1.12e-10  9.24e-18   3.9e-17  1.12e-10
      O-O  2.14e-10       ***       ***  2.14e-10

Reactant = P1   Temperature = 1.1e+03 K

   P(atm)        W1        W2        P2      Loss
      0.1  2.78e-11  3.56e-18  1.25e-16  2.78e-11
        1     5e-11  7.58e-18   1.2e-16     5e-11
       10  7.93e-11  1.37e-17  1.11e-16  7.93e-11
      100  1.14e-10  2.15e-17   9.4e-17  1.14e-10
      O-O  2.17e-10       ***       ***  2.17e-10

Reactant = P1   Temperature = 1.2e+03 K

   P(atm)        W1        W2        P2      Loss
      0.1  2.85e-11  9.05e-18   2.7e-16  2.85e-11
        1  5.07e-11  1.82e-17  2.58e-16  5.07e-11
       10     8e-11  3.13e-17  2.37e-16     8e-11
      100  1.15e-10  4.71e-17  1.99e-16  1.15e-10
      O-O  2.21e-10       ***       ***  2.21e-10

Reactant = P1   Temperature = 1.3e+03 K

   P(atm)        W1        W2        P2      Loss
      0.1     3e-11  1.98e-17  5.29e-16     3e-11
        1  5.27e-11  3.73e-17  5.04e-16  5.27e-11
       10  8.23e-11  6.11e-17   4.6e-16  8.23e-11
      100  1.17e-10  8.88e-17  3.82e-16  1.17e-10
      O-O  2.23e-10       ***       ***  2.23e-10

Reactant = P1   Temperature = 1.4e+03 K

   P(atm)        W1        W2        P2      Loss
      0.1  3.06e-11  3.91e-17  9.58e-16  3.06e-11
        1  5.35e-11  7.03e-17   9.1e-16  5.35e-11
       10   8.3e-11  1.11e-16  8.27e-16   8.3e-11
      100  1.18e-10  1.58e-16  6.82e-16  1.18e-10
      O-O  2.26e-10       ***       ***  2.26e-10

Reactant = P1   Temperature = 1.5e+03 K

   P(atm)        W1        W2        P2      Loss
      0.1   3.2e-11  6.88e-17  1.63e-15   3.2e-11
        1  5.54e-11  1.17e-16  1.54e-15  5.54e-11
       10  8.52e-11   1.8e-16  1.39e-15  8.52e-11
      100   1.2e-10  2.51e-16  1.14e-15   1.2e-10
      O-O  2.29e-10       ***       ***  2.29e-10

Reactant = P1   Temperature = 1.6e+03 K

   P(atm)        W1        W2        P2      Loss
      0.1  3.25e-11  1.23e-16  2.61e-15  3.25e-11
        1   5.6e-11  2.04e-16  2.46e-15   5.6e-11
       10  8.59e-11  3.04e-16  2.21e-15  8.59e-11
      100  1.21e-10  4.16e-16  1.79e-15  1.21e-10
      O-O  2.31e-10       ***       ***  2.31e-10

Reactant = P1   Temperature = 1.7e+03 K

   P(atm)        W1        W2        P2      Loss
      0.1  3.39e-11  1.91e-16  4.02e-15  3.39e-11
        1  5.78e-11  3.07e-16  3.78e-15  5.78e-11
       10  8.79e-11  4.53e-16  3.39e-15  8.79e-11
      100  1.23e-10  6.15e-16  2.73e-15  1.23e-10
      O-O  2.34e-10       ***       ***  2.34e-10

Reactant = P1   Temperature = 1.8e+03 K

   P(atm)        W1        W2        P2      Loss
      0.1  3.44e-11  2.73e-16  5.94e-15  3.44e-11
        1  5.85e-11  4.24e-16  5.58e-15  5.85e-11
       10  8.87e-11   6.1e-16  4.99e-15  8.87e-11
      100  1.24e-10  8.25e-16     4e-15  1.24e-10
      O-O  2.36e-10       ***       ***  2.36e-10

Reactant = P1   Temperature = 1.9e+03 K

   P(atm)        W1        W2        P2      Loss
      0.1  3.49e-11  4.16e-16  8.48e-15  3.49e-11
        1  5.91e-11  6.35e-16  7.93e-15  5.91e-11
       10  8.95e-11     9e-16  7.06e-15  8.95e-11
      100  1.25e-10   1.2e-15  5.61e-15  1.25e-10
      O-O  2.38e-10       ***       ***  2.38e-10

Reactant = P1   Temperature = 2e+03 K

   P(atm)        W1        W2        P2      Loss
      0.1  3.62e-11  5.86e-16  1.17e-14  3.62e-11
        1  6.09e-11  8.71e-16  1.09e-14  6.09e-11
       10  9.15e-11  1.21e-15  9.68e-15  9.15e-11
      100  1.27e-10  1.61e-15  7.62e-15  1.27e-10
      O-O   2.4e-10       ***       ***   2.4e-10

Reactant = P2   Temperature = 500 K

   P(atm)        W1        W2        P1      Loss
      0.1  2.38e-22  9.44e-12  7.82e-16  9.44e-12
        1  3.37e-21  2.35e-11  7.72e-16  2.35e-11
       10  8.17e-20  4.82e-11  7.43e-16  4.82e-11
      100  8.02e-18  8.51e-11  6.51e-16  8.51e-11
      O-O       ***  1.89e-10       ***  1.89e-10

Reactant = P2   Temperature = 600 K

   P(atm)        W1        W2        P1      Loss
      0.1  1.53e-21  1.35e-11  1.92e-15  1.35e-11
        1  1.58e-20  2.94e-11  1.89e-15  2.94e-11
       10  3.11e-19  5.49e-11  1.81e-15  5.49e-11
      100   1.9e-17  9.01e-11  1.59e-15  9.01e-11
      O-O       ***  1.95e-10       ***  1.95e-10

Reactant = P2   Temperature = 700 K

   P(atm)        W1        W2        P1      Loss
      0.1  1.19e-20  1.62e-11  4.12e-15  1.62e-11
        1  6.74e-20  3.31e-11  4.04e-15  3.31e-11
       10   9.8e-19  5.89e-11  3.84e-15   5.9e-11
      100  4.13e-17  9.32e-11  3.36e-15  9.32e-11
      O-O       ***     2e-10       ***     2e-10

Reactant = P2   Temperature = 800 K

   P(atm)        W1        W2        P1      Loss
      0.1  1.05e-19  1.86e-11   7.9e-15  1.86e-11
        1  3.38e-19  3.67e-11  7.69e-15  3.67e-11
       10  3.06e-18  6.32e-11  7.25e-15  6.32e-11
      100  8.88e-17   9.7e-11  6.28e-15   9.7e-11
      O-O       ***  2.05e-10       ***  2.05e-10

Reactant = P2   Temperature = 900 K

   P(atm)        W1        W2        P1      Loss
      0.1  5.87e-19  2.04e-11  1.39e-14  2.04e-11
        1  1.39e-18  3.92e-11  1.34e-14  3.92e-11
       10  8.49e-18   6.6e-11  1.25e-14   6.6e-11
      100  1.75e-16  9.95e-11  1.08e-14  9.95e-11
      O-O       ***  2.09e-10       ***  2.09e-10

Reactant = P2   Temperature = 1e+03 K

   P(atm)        W1        W2        P1      Loss
      0.1  2.55e-18  2.16e-11  2.26e-14  2.16e-11
        1  5.06e-18  4.09e-11  2.18e-14  4.09e-11
       10  2.35e-17  6.79e-11  2.03e-14  6.79e-11
      100  3.39e-16  1.01e-10  1.73e-14  1.01e-10
      O-O       ***  2.12e-10       ***  2.12e-10

Reactant = P2   Temperature = 1.1e+03 K

   P(atm)        W1        W2        P1      Loss
      0.1  8.94e-18  2.25e-11   3.5e-14  2.25e-11
        1  1.67e-17   4.2e-11  3.37e-14   4.2e-11
       10  6.37e-17  6.91e-11  3.11e-14  6.91e-11
      100  6.42e-16  1.02e-10  2.63e-14  1.02e-10
      O-O       ***  2.16e-10       ***  2.16e-10

Reactant = P2   Temperature = 1.2e+03 K

   P(atm)        W1        W2        P1      Loss
      0.1  2.08e-17  2.38e-11  5.16e-14  2.39e-11
        1   3.6e-17  4.39e-11  4.93e-14  4.39e-11
       10  1.22e-16  7.13e-11  4.53e-14  7.14e-11
      100  1.02e-15  1.04e-10   3.8e-14  1.04e-10
      O-O       ***  2.19e-10       ***  2.19e-10

Reactant = P2   Temperature = 1.3e+03 K

   P(atm)        W1        W2        P1      Loss
      0.1  5.04e-17  2.49e-11  7.31e-14   2.5e-11
        1  8.81e-17  4.54e-11  6.97e-14  4.55e-11
       10  2.63e-16  7.31e-11  6.36e-14  7.32e-11
      100  1.71e-15  1.06e-10  5.28e-14  1.06e-10
      O-O       ***  2.22e-10       ***  2.22e-10

Reactant = P2   Temperature = 1.4e+03 K

   P(atm)        W1        W2        P1      Loss
      0.1  9.36e-17  2.58e-11     1e-13  2.59e-11
        1  1.63e-16  4.66e-11  9.54e-14  4.67e-11
       10  4.52e-16  7.45e-11  8.67e-14  7.46e-11
      100  2.57e-15  1.08e-10  7.15e-14  1.08e-10
      O-O       ***  2.25e-10       ***  2.25e-10

Reactant = P2   Temperature = 1.5e+03 K

   P(atm)        W1        W2        P1      Loss
      0.1  1.89e-16  2.65e-11  1.34e-13  2.67e-11
        1  3.52e-16  4.76e-11  1.27e-13  4.78e-11
       10  8.84e-16  7.57e-11  1.15e-13  7.58e-11
      100  4.11e-15  1.09e-10  9.42e-14  1.09e-10
      O-O       ***  2.27e-10       ***  2.27e-10

Reactant = P2   Temperature = 1.6e+03 K

   P(atm)        W1        W2        P1      Loss
      0.1  2.86e-16  2.79e-11  1.75e-13   2.8e-11
        1  5.12e-16  4.95e-11  1.65e-13  4.97e-11
       10  1.24e-15   7.8e-11  1.48e-13  7.81e-11
      100   5.5e-15  1.11e-10   1.2e-13  1.11e-10
      O-O       ***   2.3e-10       ***   2.3e-10

Reactant = P2   Temperature = 1.7e+03 K

   P(atm)        W1        W2        P1      Loss
      0.1  4.26e-16  2.92e-11  2.25e-13  2.94e-11
        1  8.43e-16  5.12e-11  2.11e-13  5.14e-11
       10  1.92e-15  7.99e-11  1.89e-13  8.01e-11
      100  7.72e-15  1.13e-10  1.53e-13  1.13e-10
      O-O       ***  2.32e-10       ***  2.32e-10

Reactant = P2   Temperature = 1.8e+03 K

   P(atm)        W1        W2        P1      Loss
      0.1  7.93e-16  2.88e-11  2.83e-13  2.91e-11
        1  1.57e-15  5.07e-11  2.66e-13  5.09e-11
       10  3.34e-15  7.93e-11  2.37e-13  7.95e-11
      100  1.16e-14  1.13e-10   1.9e-13  1.13e-10
      O-O       ***  2.34e-10       ***  2.34e-10

Reactant = P2   Temperature = 1.9e+03 K

   P(atm)        W1        W2        P1      Loss
      0.1  1.07e-15  2.98e-11  3.49e-13  3.02e-11
        1  2.08e-15  5.21e-11  3.27e-13  5.25e-11
       10  4.32e-15  8.11e-11  2.91e-13  8.14e-11
      100  1.47e-14  1.15e-10  2.31e-13  1.15e-10
      O-O       ***  2.36e-10       ***  2.36e-10

Reactant = P2   Temperature = 2e+03 K

   P(atm)        W1        W2        P1      Loss
      0.1  1.65e-15  3.08e-11  4.26e-13  3.12e-11
        1  3.23e-15  5.35e-11  3.97e-13  5.39e-11
       10  6.39e-15  8.27e-11  3.51e-13  8.31e-11
      100  1.99e-14  1.16e-10  2.76e-13  1.17e-10
      O-O       ***  2.38e-10       ***  2.38e-10

______________________________________________________________________________________

Temperature-Species Rate Tables:

Reactant = W1   Pressure = 0.1 atm

   T(K)        W2        P1        P2      Loss   Capture
    500  7.62e-07  1.18e+10  8.66e-07  1.18e+10  2.06e+11
    600  5.01e-05  1.87e+10  3.22e-05  1.87e+10  2.14e+11
    700   0.00241  2.07e+10  0.000345  2.07e+10  2.05e+11
    800    0.0666  2.15e+10   0.00271  2.15e+10  1.89e+11
    900     0.855  2.05e+10    0.0144  2.05e+10   1.7e+11
  1e+03      7.64  1.93e+10    0.0778  1.93e+10  1.52e+11
1.1e+03      50.2  1.79e+10     0.685  1.79e+10  1.35e+11
1.2e+03       164   1.6e+10       2.1   1.6e+10   1.2e+11
1.3e+03       571  1.48e+10      12.4  1.48e+10  1.06e+11
1.4e+03  1.36e+03  1.32e+10      36.3  1.32e+10  9.41e+10
1.5e+03  3.49e+03  1.21e+10       155  1.21e+10  8.37e+10
1.6e+03  5.88e+03  1.09e+10       247  1.09e+10  7.47e+10
1.7e+03  1.16e+04     1e+10       656     1e+10  6.69e+10
1.8e+03  2.03e+04  9.05e+09  1.62e+03  9.05e+09  6.01e+10
1.9e+03  2.89e+04  8.19e+09  2.27e+03  8.19e+09  5.41e+10
  2e+03  4.52e+04   7.6e+09  4.23e+03   7.6e+09  4.89e+10

Reactant = W1   Pressure = 1 atm

   T(K)        W2        P1        P2      Loss   Capture
    500  3.87e-05  2.94e+10  3.26e-05  2.94e+10  2.06e+11
    600 -7.65e-05  3.89e+10  0.000784  3.89e+10  2.14e+11
    700    0.0864  4.03e+10   0.00804  4.03e+10  2.05e+11
    800      1.92  3.99e+10    0.0598  3.99e+10  1.89e+11
    900      18.9  3.72e+10      0.38  3.72e+10   1.7e+11
  1e+03       119  3.42e+10      2.75  3.42e+10  1.52e+11
1.1e+03       524  3.12e+10        18  3.12e+10  1.35e+11
1.2e+03  1.45e+03  2.77e+10        54  2.77e+10   1.2e+11
1.3e+03  3.85e+03  2.52e+10       191  2.52e+10  1.06e+11
1.4e+03  7.88e+03  2.24e+10       442  2.24e+10  9.41e+10
1.5e+03  1.61e+04  2.04e+10   1.2e+03  2.04e+10  8.37e+10
1.6e+03  2.63e+04  1.82e+10  1.89e+03  1.82e+10  7.47e+10
1.7e+03  4.34e+04  1.66e+10  3.62e+03  1.66e+10  6.69e+10
1.8e+03  6.81e+04   1.5e+10  7.27e+03   1.5e+10  6.01e+10
1.9e+03  9.47e+04  1.35e+10  9.93e+03  1.35e+10  5.41e+10
  2e+03  1.37e+05  1.25e+10  1.61e+04  1.25e+10  4.89e+10

Reactant = W1   Pressure = 10 atm

   T(K)        W2        P1        P2      Loss   Capture
    500   0.00213  5.96e+10    0.0013  5.96e+10  2.06e+11
    600    0.0767  7.02e+10    0.0248  7.02e+10  2.14e+11
    700      1.64  6.93e+10     0.233  6.93e+10  2.05e+11
    800      21.3  6.63e+10      1.58  6.63e+10  1.89e+11
    900       143  6.05e+10      7.82  6.05e+10   1.7e+11
  1e+03       655  5.47e+10        34  5.47e+10  1.52e+11
1.1e+03  2.23e+03  4.93e+10       131  4.93e+10  1.35e+11
1.2e+03  5.51e+03  4.34e+10       323  4.34e+10   1.2e+11
1.3e+03  1.27e+04   3.9e+10       856   3.9e+10  1.06e+11
1.4e+03  2.41e+04  3.45e+10  1.71e+03  3.45e+10  9.41e+10
1.5e+03  4.44e+04  3.12e+10  3.79e+03  3.12e+10  8.37e+10
1.6e+03  7.02e+04  2.78e+10  5.76e+03  2.78e+10  7.47e+10
1.7e+03  1.08e+05  2.52e+10  9.61e+03  2.52e+10  6.69e+10
1.8e+03  1.61e+05  2.26e+10  1.75e+04  2.26e+10  6.01e+10
1.9e+03  2.19e+05  2.04e+10  2.33e+04  2.04e+10  5.41e+10
  2e+03  3.04e+05  1.86e+10  3.53e+04  1.86e+10  4.89e+10

Reactant = W1   Pressure = 100 atm

   T(K)        W2        P1        P2      Loss   Capture
    500     0.123  1.06e+11     0.144  1.06e+11  2.06e+11
    600      2.11  1.13e+11       1.7  1.13e+11  2.14e+11
    700        21  1.08e+11      11.1  1.08e+11  2.05e+11
    800       148  9.98e+10      51.9  9.98e+10  1.89e+11
    900       687  8.96e+10       182  8.96e+10   1.7e+11
  1e+03  2.41e+03  7.99e+10       540  7.99e+10  1.52e+11
1.1e+03  6.78e+03   7.1e+10  1.41e+03   7.1e+10  1.35e+11
1.2e+03  1.52e+04  6.23e+10  2.87e+03  6.23e+10   1.2e+11
1.3e+03  3.17e+04  5.56e+10  5.85e+03  5.56e+10  1.06e+11
1.4e+03  5.65e+04   4.9e+10  1.02e+04   4.9e+10  9.41e+10
1.5e+03  9.71e+04  4.39e+10  1.82e+04  4.39e+10  8.37e+10
1.6e+03  1.49e+05  3.91e+10  2.64e+04  3.91e+10  7.47e+10
1.7e+03   2.2e+05  3.52e+10  3.95e+04  3.52e+10  6.69e+10
1.8e+03  3.14e+05  3.16e+10   6.2e+04  3.16e+10  6.01e+10
1.9e+03  4.22e+05  2.84e+10  8.08e+04  2.84e+10  5.41e+10
  2e+03  5.68e+05  2.59e+10  1.12e+05  2.59e+10  4.89e+10

Reactant = W2   Pressure = 0.1 atm

   T(K)        W1        P1        P2      Loss   Capture
    500   -0.0656  8.87e+03  1.88e+10  1.88e+10  3.69e+11
    600     0.321  2.67e+04  2.75e+10  2.75e+10  3.83e+11
    700      9.68  7.82e+04  3.09e+10  3.09e+10  3.67e+11
    800       130  2.04e+05  3.23e+10  3.23e+10  3.38e+11
    900       908  4.28e+05  3.14e+10  3.14e+10  3.05e+11
  1e+03  5.06e+03  7.55e+05  2.92e+10  2.92e+10  2.72e+11
1.1e+03  2.25e+04  1.17e+06  2.66e+10  2.66e+10  2.41e+11
1.2e+03  5.03e+04  1.77e+06  2.46e+10  2.46e+10  2.14e+11
1.3e+03   1.3e+05  2.45e+06  2.25e+10  2.25e+10   1.9e+11
1.4e+03  2.38e+05   3.2e+06  2.04e+10  2.04e+10  1.68e+11
1.5e+03  4.92e+05  3.88e+06  1.85e+10  1.85e+10   1.5e+11
1.6e+03  6.71e+05  4.98e+06  1.71e+10  1.71e+10  1.34e+11
1.7e+03  1.12e+06  5.64e+06  1.57e+10  1.57e+10   1.2e+11
1.8e+03  1.68e+06   6.1e+06  1.39e+10  1.39e+10  1.08e+11
1.9e+03  2.08e+06  7.19e+06  1.28e+10  1.28e+10   9.7e+10
  2e+03  2.88e+06  7.95e+06  1.18e+10  1.19e+10  8.76e+10

Reactant = W2   Pressure = 1 atm

   T(K)        W1        P1        P2      Loss   Capture
    500      3.04  2.88e+04  4.62e+10  4.62e+10  3.69e+11
    600     -6.44  8.59e+04  5.81e+10  5.81e+10  3.83e+11
    700       564  2.28e+05  6.12e+10  6.12e+10  3.67e+11
    800  5.26e+03  5.33e+05  6.12e+10  6.12e+10  3.38e+11
    900   2.6e+04  1.02e+06  5.78e+10  5.78e+10  3.05e+11
  1e+03  9.38e+04  1.66e+06  5.29e+10  5.29e+10  2.72e+11
1.1e+03  2.62e+05  2.39e+06  4.75e+10  4.75e+10  2.41e+11
1.2e+03  4.95e+05  3.42e+06  4.34e+10  4.34e+10  2.14e+11
1.3e+03  9.54e+05  4.44e+06  3.92e+10  3.92e+10   1.9e+11
1.4e+03  1.48e+06  5.56e+06  3.53e+10  3.53e+10  1.68e+11
1.5e+03  2.39e+06  6.42e+06  3.17e+10  3.17e+10   1.5e+11
1.6e+03  3.16e+06     8e+06  2.91e+10  2.91e+10  1.34e+11
1.7e+03  4.36e+06  8.89e+06  2.66e+10  2.67e+10   1.2e+11
1.8e+03  5.82e+06  9.27e+06  2.35e+10  2.35e+10  1.08e+11
1.9e+03  7.02e+06  1.07e+07  2.15e+10  2.16e+10   9.7e+10
  2e+03  8.91e+06  1.16e+07  1.98e+10  1.98e+10  8.76e+10

Reactant = W2   Pressure = 10 atm

   T(K)        W1        P1        P2      Loss   Capture
    500       224  8.49e+04  9.42e+10  9.42e+10  3.69e+11
    600  1.65e+03  2.41e+05  1.08e+11  1.08e+11  3.83e+11
    700  1.11e+04   5.8e+05  1.08e+11  1.08e+11  3.67e+11
    800  5.95e+04  1.21e+06  1.05e+11  1.05e+11  3.38e+11
    900     2e+05  2.11e+06  9.66e+10  9.66e+10  3.05e+11
  1e+03  5.22e+05  3.19e+06  8.71e+10  8.71e+10  2.72e+11
1.1e+03  1.13e+06   4.3e+06  7.74e+10  7.74e+10  2.41e+11
1.2e+03   1.9e+06  5.85e+06  6.98e+10  6.98e+10  2.14e+11
1.3e+03  3.17e+06  7.22e+06  6.26e+10  6.26e+10   1.9e+11
1.4e+03  4.54e+06  8.76e+06   5.6e+10   5.6e+10  1.68e+11
1.5e+03  6.61e+06  9.79e+06     5e+10     5e+10   1.5e+11
1.6e+03  8.49e+06  1.19e+07  4.55e+10  4.55e+10  1.34e+11
1.7e+03  1.09e+07  1.31e+07  4.13e+10  4.13e+10   1.2e+11
1.8e+03  1.38e+07  1.33e+07  3.65e+10  3.65e+10  1.08e+11
1.9e+03  1.63e+07  1.52e+07  3.33e+10  3.33e+10   9.7e+10
  2e+03  1.99e+07  1.61e+07  3.04e+10  3.05e+10  8.76e+10

Reactant = W2   Pressure = 100 atm

   T(K)        W1        P1        P2      Loss   Capture
    500  1.33e+04  2.36e+05  1.66e+11  1.66e+11  3.69e+11
    600  4.59e+04  5.89e+05  1.77e+11  1.77e+11  3.83e+11
    700  1.43e+05  1.25e+06  1.71e+11  1.71e+11  3.67e+11
    800  4.15e+05  2.31e+06   1.6e+11   1.6e+11  3.38e+11
    900   9.6e+05   3.7e+06  1.45e+11  1.45e+11  3.05e+11
  1e+03  1.93e+06  5.24e+06   1.3e+11   1.3e+11  2.72e+11
1.1e+03  3.42e+06  6.73e+06  1.14e+11  1.14e+11  2.41e+11
1.2e+03  5.25e+06  8.78e+06  1.02e+11  1.02e+11  2.14e+11
1.3e+03   7.9e+06  1.05e+07  9.08e+10  9.08e+10   1.9e+11
1.4e+03  1.07e+07  1.24e+07  8.07e+10  8.07e+10  1.68e+11
1.5e+03  1.45e+07  1.37e+07  7.18e+10  7.18e+10   1.5e+11
1.6e+03  1.81e+07  1.62e+07  6.48e+10  6.48e+10  1.34e+11
1.7e+03  2.21e+07  1.77e+07  5.85e+10  5.86e+10   1.2e+11
1.8e+03  2.69e+07   1.8e+07  5.18e+10  5.18e+10  1.08e+11
1.9e+03  3.14e+07  2.03e+07   4.7e+10  4.71e+10   9.7e+10
  2e+03  3.71e+07  2.14e+07  4.28e+10  4.28e+10  8.76e+10

Reactant = P1   Pressure = 0.1 atm

   T(K)        W1        W2        P2      Loss   Capture
    500  1.07e-11  7.39e-23   1.3e-20  1.07e-11  1.91e-10
    600  1.68e-11  1.09e-21  1.59e-19  1.68e-11  1.96e-10
    700  1.98e-11  1.09e-20   1.1e-18  1.98e-11  2.02e-10
    800  2.27e-11  7.57e-20  5.09e-18  2.27e-11  2.06e-10
    900  2.44e-11  3.58e-19  1.79e-17  2.44e-11   2.1e-10
  1e+03  2.62e-11  1.26e-18  5.11e-17  2.62e-11  2.14e-10
1.1e+03  2.78e-11  3.56e-18  1.25e-16  2.78e-11  2.17e-10
1.2e+03  2.85e-11  9.05e-18   2.7e-16  2.85e-11  2.21e-10
1.3e+03     3e-11  1.98e-17  5.29e-16     3e-11  2.23e-10
1.4e+03  3.06e-11  3.91e-17  9.58e-16  3.06e-11  2.26e-10
1.5e+03   3.2e-11  6.88e-17  1.63e-15   3.2e-11  2.29e-10
1.6e+03  3.25e-11  1.23e-16  2.61e-15  3.25e-11  2.31e-10
1.7e+03  3.39e-11  1.91e-16  4.02e-15  3.39e-11  2.34e-10
1.8e+03  3.44e-11  2.73e-16  5.94e-15  3.44e-11  2.36e-10
1.9e+03  3.49e-11  4.16e-16  8.48e-15  3.49e-11  2.38e-10
  2e+03  3.62e-11  5.86e-16  1.17e-14  3.62e-11   2.4e-10

Reactant = P1   Pressure = 1 atm

   T(K)        W1        W2        P2      Loss   Capture
    500  2.71e-11  2.44e-22  1.28e-20  2.71e-11  1.91e-10
    600  3.56e-11   3.6e-21  1.57e-19  3.56e-11  1.96e-10
    700  3.94e-11  3.28e-20  1.07e-18  3.94e-11  2.02e-10
    800  4.33e-11  2.06e-19  4.96e-18  4.33e-11  2.06e-10
    900  4.56e-11  8.92e-19  1.73e-17  4.56e-11   2.1e-10
  1e+03  4.78e-11  2.91e-18  4.93e-17  4.78e-11  2.14e-10
1.1e+03     5e-11  7.58e-18   1.2e-16     5e-11  2.17e-10
1.2e+03  5.07e-11  1.82e-17  2.58e-16  5.07e-11  2.21e-10
1.3e+03  5.27e-11  3.73e-17  5.04e-16  5.27e-11  2.23e-10
1.4e+03  5.35e-11  7.03e-17   9.1e-16  5.35e-11  2.26e-10
1.5e+03  5.54e-11  1.17e-16  1.54e-15  5.54e-11  2.29e-10
1.6e+03   5.6e-11  2.04e-16  2.46e-15   5.6e-11  2.31e-10
1.7e+03  5.78e-11  3.07e-16  3.78e-15  5.78e-11  2.34e-10
1.8e+03  5.85e-11  4.24e-16  5.58e-15  5.85e-11  2.36e-10
1.9e+03  5.91e-11  6.35e-16  7.93e-15  5.91e-11  2.38e-10
  2e+03  6.09e-11  8.71e-16  1.09e-14  6.09e-11   2.4e-10

Reactant = P1   Pressure = 10 atm

   T(K)        W1        W2        P2      Loss   Capture
    500   5.5e-11  7.23e-22  1.24e-20   5.5e-11  1.91e-10
    600  6.45e-11  1.02e-20   1.5e-19  6.45e-11  1.96e-10
    700   6.8e-11  8.39e-20  1.02e-18   6.8e-11  2.02e-10
    800  7.23e-11  4.71e-19  4.67e-18  7.23e-11  2.06e-10
    900  7.46e-11  1.86e-18  1.62e-17  7.46e-11   2.1e-10
  1e+03   7.7e-11  5.62e-18  4.58e-17   7.7e-11  2.14e-10
1.1e+03  7.93e-11  1.37e-17  1.11e-16  7.93e-11  2.17e-10
1.2e+03     8e-11  3.13e-17  2.37e-16     8e-11  2.21e-10
1.3e+03  8.23e-11  6.11e-17   4.6e-16  8.23e-11  2.23e-10
1.4e+03   8.3e-11  1.11e-16  8.27e-16   8.3e-11  2.26e-10
1.5e+03  8.52e-11   1.8e-16  1.39e-15  8.52e-11  2.29e-10
1.6e+03  8.59e-11  3.04e-16  2.21e-15  8.59e-11  2.31e-10
1.7e+03  8.79e-11  4.53e-16  3.39e-15  8.79e-11  2.34e-10
1.8e+03  8.87e-11   6.1e-16  4.99e-15  8.87e-11  2.36e-10
1.9e+03  8.95e-11     9e-16  7.06e-15  8.95e-11  2.38e-10
  2e+03  9.15e-11  1.21e-15  9.68e-15  9.15e-11   2.4e-10

Reactant = P1   Pressure = 100 atm

   T(K)        W1        W2        P2      Loss   Capture
    500  9.75e-11  2.01e-21  1.08e-20  9.75e-11  1.91e-10
    600  1.04e-10  2.49e-20  1.32e-19  1.04e-10  1.96e-10
    700  1.06e-10  1.81e-19  8.94e-19  1.06e-10  2.02e-10
    800  1.09e-10  9.02e-19  4.04e-18  1.09e-10  2.06e-10
    900  1.11e-10  3.27e-18  1.39e-17  1.11e-10   2.1e-10
  1e+03  1.12e-10  9.24e-18   3.9e-17  1.12e-10  2.14e-10
1.1e+03  1.14e-10  2.15e-17   9.4e-17  1.14e-10  2.17e-10
1.2e+03  1.15e-10  4.71e-17  1.99e-16  1.15e-10  2.21e-10
1.3e+03  1.17e-10  8.88e-17  3.82e-16  1.17e-10  2.23e-10
1.4e+03  1.18e-10  1.58e-16  6.82e-16  1.18e-10  2.26e-10
1.5e+03   1.2e-10  2.51e-16  1.14e-15   1.2e-10  2.29e-10
1.6e+03  1.21e-10  4.16e-16  1.79e-15  1.21e-10  2.31e-10
1.7e+03  1.23e-10  6.15e-16  2.73e-15  1.23e-10  2.34e-10
1.8e+03  1.24e-10  8.25e-16     4e-15  1.24e-10  2.36e-10
1.9e+03  1.25e-10   1.2e-15  5.61e-15  1.25e-10  2.38e-10
  2e+03  1.27e-10  1.61e-15  7.62e-15  1.27e-10   2.4e-10

Reactant = P2   Pressure = 0.1 atm

   T(K)        W1        W2        P1      Loss   Capture
    500  2.38e-22  9.44e-12  7.82e-16  9.44e-12  1.89e-10
    600  1.53e-21  1.35e-11  1.92e-15  1.35e-11  1.95e-10
    700  1.19e-20  1.62e-11  4.12e-15  1.62e-11     2e-10
    800  1.05e-19  1.86e-11   7.9e-15  1.86e-11  2.05e-10
    900  5.87e-19  2.04e-11  1.39e-14  2.04e-11  2.09e-10
  1e+03  2.55e-18  2.16e-11  2.26e-14  2.16e-11  2.12e-10
1.1e+03  8.94e-18  2.25e-11   3.5e-14  2.25e-11  2.16e-10
1.2e+03  2.08e-17  2.38e-11  5.16e-14  2.39e-11  2.19e-10
1.3e+03  5.04e-17  2.49e-11  7.31e-14   2.5e-11  2.22e-10
1.4e+03  9.36e-17  2.58e-11     1e-13  2.59e-11  2.25e-10
1.5e+03  1.89e-16  2.65e-11  1.34e-13  2.67e-11  2.27e-10
1.6e+03  2.86e-16  2.79e-11  1.75e-13   2.8e-11   2.3e-10
1.7e+03  4.26e-16  2.92e-11  2.25e-13  2.94e-11  2.32e-10
1.8e+03  7.93e-16  2.88e-11  2.83e-13  2.91e-11  2.34e-10
1.9e+03  1.07e-15  2.98e-11  3.49e-13  3.02e-11  2.36e-10
  2e+03  1.65e-15  3.08e-11  4.26e-13  3.12e-11  2.38e-10

Reactant = P2   Pressure = 1 atm

   T(K)        W1        W2        P1      Loss   Capture
    500  3.37e-21  2.35e-11  7.72e-16  2.35e-11  1.89e-10
    600  1.58e-20  2.94e-11  1.89e-15  2.94e-11  1.95e-10
    700  6.74e-20  3.31e-11  4.04e-15  3.31e-11     2e-10
    800  3.38e-19  3.67e-11  7.69e-15  3.67e-11  2.05e-10
    900  1.39e-18  3.92e-11  1.34e-14  3.92e-11  2.09e-10
  1e+03  5.06e-18  4.09e-11  2.18e-14  4.09e-11  2.12e-10
1.1e+03  1.67e-17   4.2e-11  3.37e-14   4.2e-11  2.16e-10
1.2e+03   3.6e-17  4.39e-11  4.93e-14  4.39e-11  2.19e-10
1.3e+03  8.81e-17  4.54e-11  6.97e-14  4.55e-11  2.22e-10
1.4e+03  1.63e-16  4.66e-11  9.54e-14  4.67e-11  2.25e-10
1.5e+03  3.52e-16  4.76e-11  1.27e-13  4.78e-11  2.27e-10
1.6e+03  5.12e-16  4.95e-11  1.65e-13  4.97e-11   2.3e-10
1.7e+03  8.43e-16  5.12e-11  2.11e-13  5.14e-11  2.32e-10
1.8e+03  1.57e-15  5.07e-11  2.66e-13  5.09e-11  2.34e-10
1.9e+03  2.08e-15  5.21e-11  3.27e-13  5.25e-11  2.36e-10
  2e+03  3.23e-15  5.35e-11  3.97e-13  5.39e-11  2.38e-10

Reactant = P2   Pressure = 10 atm

   T(K)        W1        W2        P1      Loss   Capture
    500  8.17e-20  4.82e-11  7.43e-16  4.82e-11  1.89e-10
    600  3.11e-19  5.49e-11  1.81e-15  5.49e-11  1.95e-10
    700   9.8e-19  5.89e-11  3.84e-15   5.9e-11     2e-10
    800  3.06e-18  6.32e-11  7.25e-15  6.32e-11  2.05e-10
    900  8.49e-18   6.6e-11  1.25e-14   6.6e-11  2.09e-10
  1e+03  2.35e-17  6.79e-11  2.03e-14  6.79e-11  2.12e-10
1.1e+03  6.37e-17  6.91e-11  3.11e-14  6.91e-11  2.16e-10
1.2e+03  1.22e-16  7.13e-11  4.53e-14  7.14e-11  2.19e-10
1.3e+03  2.63e-16  7.31e-11  6.36e-14  7.32e-11  2.22e-10
1.4e+03  4.52e-16  7.45e-11  8.67e-14  7.46e-11  2.25e-10
1.5e+03  8.84e-16  7.57e-11  1.15e-13  7.58e-11  2.27e-10
1.6e+03  1.24e-15   7.8e-11  1.48e-13  7.81e-11   2.3e-10
1.7e+03  1.92e-15  7.99e-11  1.89e-13  8.01e-11  2.32e-10
1.8e+03  3.34e-15  7.93e-11  2.37e-13  7.95e-11  2.34e-10
1.9e+03  4.32e-15  8.11e-11  2.91e-13  8.14e-11  2.36e-10
  2e+03  6.39e-15  8.27e-11  3.51e-13  8.31e-11  2.38e-10

Reactant = P2   Pressure = 100 atm

   T(K)        W1        W2        P1      Loss   Capture
    500  8.02e-18  8.51e-11  6.51e-16  8.51e-11  1.89e-10
    600   1.9e-17  9.01e-11  1.59e-15  9.01e-11  1.95e-10
    700  4.13e-17  9.32e-11  3.36e-15  9.32e-11     2e-10
    800  8.88e-17   9.7e-11  6.28e-15   9.7e-11  2.05e-10
    900  1.75e-16  9.95e-11  1.08e-14  9.95e-11  2.09e-10
  1e+03  3.39e-16  1.01e-10  1.73e-14  1.01e-10  2.12e-10
1.1e+03  6.42e-16  1.02e-10  2.63e-14  1.02e-10  2.16e-10
1.2e+03  1.02e-15  1.04e-10   3.8e-14  1.04e-10  2.19e-10
1.3e+03  1.71e-15  1.06e-10  5.28e-14  1.06e-10  2.22e-10
1.4e+03  2.57e-15  1.08e-10  7.15e-14  1.08e-10  2.25e-10
1.5e+03  4.11e-15  1.09e-10  9.42e-14  1.09e-10  2.27e-10
1.6e+03   5.5e-15  1.11e-10   1.2e-13  1.11e-10   2.3e-10
1.7e+03  7.72e-15  1.13e-10  1.53e-13  1.13e-10  2.32e-10
1.8e+03  1.16e-14  1.13e-10   1.9e-13  1.13e-10  2.34e-10
1.9e+03  1.47e-14  1.15e-10  2.31e-13  1.15e-10  2.36e-10
  2e+03  1.99e-14  1.16e-10  2.76e-13  1.17e-10  2.38e-10

______________________________________________________________________________________

Temperature-Pressure Rate Tables:

W1->W2

P\T           500       600       700       800       900     1e+03   1.1e+03   1.2e+03   1.3e+03   1.4e+03   1.5e+03   1.6e+03   1.7e+03   1.8e+03   1.9e+03     2e+03
0.1      7.62e-07  5.01e-05   0.00241    0.0666     0.855      7.64      50.2       164       571  1.36e+03  3.49e+03  5.88e+03  1.16e+04  2.03e+04  2.89e+04  4.52e+04
1        3.87e-05 -7.65e-05    0.0864      1.92      18.9       119       524  1.45e+03  3.85e+03  7.88e+03  1.61e+04  2.63e+04  4.34e+04  6.81e+04  9.47e+04  1.37e+05
10        0.00213    0.0767      1.64      21.3       143       655  2.23e+03  5.51e+03  1.27e+04  2.41e+04  4.44e+04  7.02e+04  1.08e+05  1.61e+05  2.19e+05  3.04e+05
100         0.123      2.11        21       148       687  2.41e+03  6.78e+03  1.52e+04  3.17e+04  5.65e+04  9.71e+04  1.49e+05   2.2e+05  3.14e+05  4.22e+05  5.68e+05
O-O          14.2       175  1.13e+03  4.75e+03  1.49e+04  3.75e+04  8.05e+04  1.53e+05  2.64e+05  4.22e+05  6.35e+05  9.07e+05  1.24e+06  1.64e+06  2.11e+06  2.63e+06

W1->P1

P\T           500       600       700       800       900     1e+03   1.1e+03   1.2e+03   1.3e+03   1.4e+03   1.5e+03   1.6e+03   1.7e+03   1.8e+03   1.9e+03     2e+03
0.1      1.18e+10  1.87e+10  2.07e+10  2.15e+10  2.05e+10  1.93e+10  1.79e+10   1.6e+10  1.48e+10  1.32e+10  1.21e+10  1.09e+10     1e+10  9.05e+09  8.19e+09   7.6e+09
1        2.94e+10  3.89e+10  4.03e+10  3.99e+10  3.72e+10  3.42e+10  3.12e+10  2.77e+10  2.52e+10  2.24e+10  2.04e+10  1.82e+10  1.66e+10   1.5e+10  1.35e+10  1.25e+10
10       5.96e+10  7.02e+10  6.93e+10  6.63e+10  6.05e+10  5.47e+10  4.93e+10  4.34e+10   3.9e+10  3.45e+10  3.12e+10  2.78e+10  2.52e+10  2.26e+10  2.04e+10  1.86e+10
100      1.06e+11  1.13e+11  1.08e+11  9.98e+10  8.96e+10  7.99e+10   7.1e+10  6.23e+10  5.56e+10   4.9e+10  4.39e+10  3.91e+10  3.52e+10  3.16e+10  2.84e+10  2.59e+10
O-O      2.06e+11  2.14e+11  2.05e+11  1.89e+11   1.7e+11  1.52e+11  1.35e+11   1.2e+11  1.06e+11  9.41e+10  8.37e+10  7.47e+10  6.69e+10  6.01e+10  5.41e+10  4.89e+10

W1->P2

P\T           500       600       700       800       900     1e+03   1.1e+03   1.2e+03   1.3e+03   1.4e+03   1.5e+03   1.6e+03   1.7e+03   1.8e+03   1.9e+03     2e+03
0.1      8.66e-07  3.22e-05  0.000345   0.00271    0.0144    0.0778     0.685       2.1      12.4      36.3       155       247       656  1.62e+03  2.27e+03  4.23e+03
1        3.26e-05  0.000784   0.00804    0.0598      0.38      2.75        18        54       191       442   1.2e+03  1.89e+03  3.62e+03  7.27e+03  9.93e+03  1.61e+04
10         0.0013    0.0248     0.233      1.58      7.82        34       131       323       856  1.71e+03  3.79e+03  5.76e+03  9.61e+03  1.75e+04  2.33e+04  3.53e+04
100         0.144       1.7      11.1      51.9       182       540  1.41e+03  2.87e+03  5.85e+03  1.02e+04  1.82e+04  2.64e+04  3.95e+04   6.2e+04  8.08e+04  1.12e+05
O-O           ***       ***       ***       ***       ***       ***       ***       ***       ***       ***       ***       ***       ***       ***       ***       ***

W2->W1

P\T           500       600       700       800       900     1e+03   1.1e+03   1.2e+03   1.3e+03   1.4e+03   1.5e+03   1.6e+03   1.7e+03   1.8e+03   1.9e+03     2e+03
0.1       -0.0656     0.321      9.68       130       908  5.06e+03  2.25e+04  5.03e+04   1.3e+05  2.38e+05  4.92e+05  6.71e+05  1.12e+06  1.68e+06  2.08e+06  2.88e+06
1            3.04     -6.44       564  5.26e+03   2.6e+04  9.38e+04  2.62e+05  4.95e+05  9.54e+05  1.48e+06  2.39e+06  3.16e+06  4.36e+06  5.82e+06  7.02e+06  8.91e+06
10            224  1.65e+03  1.11e+04  5.95e+04     2e+05  5.22e+05  1.13e+06   1.9e+06  3.17e+06  4.54e+06  6.61e+06  8.49e+06  1.09e+07  1.38e+07  1.63e+07  1.99e+07
100      1.33e+04  4.59e+04  1.43e+05  4.15e+05   9.6e+05  1.93e+06  3.42e+06  5.25e+06   7.9e+06  1.07e+07  1.45e+07  1.81e+07  2.21e+07  2.69e+07  3.14e+07  3.71e+07
O-O      1.54e+06  3.81e+06  7.66e+06  1.33e+07  2.08e+07  2.99e+07  4.06e+07  5.27e+07  6.58e+07  7.98e+07  9.45e+07   1.1e+08  1.25e+08  1.41e+08  1.57e+08  1.72e+08

W2->P1

P\T           500       600       700       800       900     1e+03   1.1e+03   1.2e+03   1.3e+03   1.4e+03   1.5e+03   1.6e+03   1.7e+03   1.8e+03   1.9e+03     2e+03
0.1      8.87e+03  2.67e+04  7.82e+04  2.04e+05  4.28e+05  7.55e+05  1.17e+06  1.77e+06  2.45e+06   3.2e+06  3.88e+06  4.98e+06  5.64e+06   6.1e+06  7.19e+06  7.95e+06
1        2.88e+04  8.59e+04  2.28e+05  5.33e+05  1.02e+06  1.66e+06  2.39e+06  3.42e+06  4.44e+06  5.56e+06  6.42e+06     8e+06  8.89e+06  9.27e+06  1.07e+07  1.16e+07
10       8.49e+04  2.41e+05   5.8e+05  1.21e+06  2.11e+06  3.19e+06   4.3e+06  5.85e+06  7.22e+06  8.76e+06  9.79e+06  1.19e+07  1.31e+07  1.33e+07  1.52e+07  1.61e+07
100      2.36e+05  5.89e+05  1.25e+06  2.31e+06   3.7e+06  5.24e+06  6.73e+06  8.78e+06  1.05e+07  1.24e+07  1.37e+07  1.62e+07  1.77e+07   1.8e+07  2.03e+07  2.14e+07
O-O           ***       ***       ***       ***       ***       ***       ***       ***       ***       ***       ***       ***       ***       ***       ***       ***

W2->P2

P\T           500       600       700       800       900     1e+03   1.1e+03   1.2e+03   1.3e+03   1.4e+03   1.5e+03   1.6e+03   1.7e+03   1.8e+03   1.9e+03     2e+03
0.1      1.88e+10  2.75e+10  3.09e+10  3.23e+10  3.14e+10  2.92e+10  2.66e+10  2.46e+10  2.25e+10  2.04e+10  1.85e+10  1.71e+10  1.57e+10  1.39e+10  1.28e+10  1.18e+10
1        4.62e+10  5.81e+10  6.12e+10  6.12e+10  5.78e+10  5.29e+10  4.75e+10  4.34e+10  3.92e+10  3.53e+10  3.17e+10  2.91e+10  2.66e+10  2.35e+10  2.15e+10  1.98e+10
10       9.42e+10  1.08e+11  1.08e+11  1.05e+11  9.66e+10  8.71e+10  7.74e+10  6.98e+10  6.26e+10   5.6e+10     5e+10  4.55e+10  4.13e+10  3.65e+10  3.33e+10  3.04e+10
100      1.66e+11  1.77e+11  1.71e+11   1.6e+11  1.45e+11   1.3e+11  1.14e+11  1.02e+11  9.08e+10  8.07e+10  7.18e+10  6.48e+10  5.85e+10  5.18e+10   4.7e+10  4.28e+10
O-O      3.69e+11  3.83e+11  3.67e+11  3.38e+11  3.05e+11  2.72e+11  2.41e+11  2.14e+11   1.9e+11  1.68e+11   1.5e+11  1.34e+11   1.2e+11  1.07e+11  9.68e+10  8.75e+10

P1->W1

P\T           500       600       700       800       900     1e+03   1.1e+03   1.2e+03   1.3e+03   1.4e+03   1.5e+03   1.6e+03   1.7e+03   1.8e+03   1.9e+03     2e+03
0.1      1.07e-11  1.68e-11  1.98e-11  2.27e-11  2.44e-11  2.62e-11  2.78e-11  2.85e-11     3e-11  3.06e-11   3.2e-11  3.25e-11  3.39e-11  3.44e-11  3.49e-11  3.62e-11
1        2.71e-11  3.56e-11  3.94e-11  4.33e-11  4.56e-11  4.78e-11     5e-11  5.07e-11  5.27e-11  5.35e-11  5.54e-11   5.6e-11  5.78e-11  5.85e-11  5.91e-11  6.09e-11
10        5.5e-11  6.45e-11   6.8e-11  7.23e-11  7.46e-11   7.7e-11  7.93e-11     8e-11  8.23e-11   8.3e-11  8.52e-11  8.59e-11  8.79e-11  8.87e-11  8.95e-11  9.15e-11
100      9.75e-11  1.04e-10  1.06e-10  1.09e-10  1.11e-10  1.12e-10  1.14e-10  1.15e-10  1.17e-10  1.18e-10   1.2e-10  1.21e-10  1.23e-10  1.24e-10  1.25e-10  1.27e-10
O-O      1.91e-10  1.96e-10  2.02e-10  2.06e-10   2.1e-10  2.14e-10  2.17e-10  2.21e-10  2.23e-10  2.26e-10  2.29e-10  2.31e-10  2.34e-10  2.36e-10  2.38e-10   2.4e-10

P1->W2

P\T           500       600       700       800       900     1e+03   1.1e+03   1.2e+03   1.3e+03   1.4e+03   1.5e+03   1.6e+03   1.7e+03   1.8e+03   1.9e+03     2e+03
0.1      7.39e-23  1.09e-21  1.09e-20  7.57e-20  3.58e-19  1.26e-18  3.56e-18  9.05e-18  1.98e-17  3.91e-17  6.88e-17  1.23e-16  1.91e-16  2.73e-16  4.16e-16  5.86e-16
1        2.44e-22   3.6e-21  3.28e-20  2.06e-19  8.92e-19  2.91e-18  7.58e-18  1.82e-17  3.73e-17  7.03e-17  1.17e-16  2.04e-16  3.07e-16  4.24e-16  6.35e-16  8.71e-16
10       7.23e-22  1.02e-20  8.39e-20  4.71e-19  1.86e-18  5.62e-18  1.37e-17  3.13e-17  6.11e-17  1.11e-16   1.8e-16  3.04e-16  4.53e-16   6.1e-16     9e-16  1.21e-15
100      2.01e-21  2.49e-20  1.81e-19  9.02e-19  3.27e-18  9.24e-18  2.15e-17  4.71e-17  8.88e-17  1.58e-16  2.51e-16  4.16e-16  6.15e-16  8.25e-16   1.2e-15  1.61e-15
O-O           ***       ***       ***       ***       ***       ***       ***       ***       ***       ***       ***       ***       ***       ***       ***       ***

P1->P2

P\T           500       600       700       800       900     1e+03   1.1e+03   1.2e+03   1.3e+03   1.4e+03   1.5e+03   1.6e+03   1.7e+03   1.8e+03   1.9e+03     2e+03
0.1       1.3e-20  1.59e-19   1.1e-18  5.09e-18  1.79e-17  5.11e-17  1.25e-16   2.7e-16  5.29e-16  9.58e-16  1.63e-15  2.61e-15  4.02e-15  5.94e-15  8.48e-15  1.17e-14
1        1.28e-20  1.57e-19  1.07e-18  4.96e-18  1.73e-17  4.93e-17   1.2e-16  2.58e-16  5.04e-16   9.1e-16  1.54e-15  2.46e-15  3.78e-15  5.58e-15  7.93e-15  1.09e-14
10       1.24e-20   1.5e-19  1.02e-18  4.67e-18  1.62e-17  4.58e-17  1.11e-16  2.37e-16   4.6e-16  8.27e-16  1.39e-15  2.21e-15  3.39e-15  4.99e-15  7.06e-15  9.68e-15
100      1.08e-20  1.32e-19  8.94e-19  4.04e-18  1.39e-17   3.9e-17   9.4e-17  1.99e-16  3.82e-16  6.82e-16  1.14e-15  1.79e-15  2.73e-15     4e-15  5.61e-15  7.62e-15
O-O           ***       ***       ***       ***       ***       ***       ***       ***       ***       ***       ***       ***       ***       ***       ***       ***

P2->W1

P\T           500       600       700       800       900     1e+03   1.1e+03   1.2e+03   1.3e+03   1.4e+03   1.5e+03   1.6e+03   1.7e+03   1.8e+03   1.9e+03     2e+03
0.1      2.38e-22  1.53e-21  1.19e-20  1.05e-19  5.87e-19  2.55e-18  8.94e-18  2.08e-17  5.04e-17  9.36e-17  1.89e-16  2.86e-16  4.26e-16  7.93e-16  1.07e-15  1.65e-15
1        3.37e-21  1.58e-20  6.74e-20  3.38e-19  1.39e-18  5.06e-18  1.67e-17   3.6e-17  8.81e-17  1.63e-16  3.52e-16  5.12e-16  8.43e-16  1.57e-15  2.08e-15  3.23e-15
10       8.17e-20  3.11e-19   9.8e-19  3.06e-18  8.49e-18  2.35e-17  6.37e-17  1.22e-16  2.63e-16  4.52e-16  8.84e-16  1.24e-15  1.92e-15  3.34e-15  4.32e-15  6.39e-15
100      8.02e-18   1.9e-17  4.13e-17  8.88e-17  1.75e-16  3.39e-16  6.42e-16  1.02e-15  1.71e-15  2.57e-15  4.11e-15   5.5e-15  7.72e-15  1.16e-14  1.47e-14  1.99e-14
O-O           ***       ***       ***       ***       ***       ***       ***       ***       ***       ***       ***       ***       ***       ***       ***       ***

P2->W2

P\T           500       600       700       800       900     1e+03   1.1e+03   1.2e+03   1.3e+03   1.4e+03   1.5e+03   1.6e+03   1.7e+03   1.8e+03   1.9e+03     2e+03
0.1      9.44e-12  1.35e-11  1.62e-11  1.86e-11  2.04e-11  2.16e-11  2.25e-11  2.38e-11  2.49e-11  2.58e-11  2.65e-11  2.79e-11  2.92e-11  2.88e-11  2.98e-11  3.08e-11
1        2.35e-11  2.94e-11  3.31e-11  3.67e-11  3.92e-11  4.09e-11   4.2e-11  4.39e-11  4.54e-11  4.66e-11  4.76e-11  4.95e-11  5.12e-11  5.07e-11  5.21e-11  5.35e-11
10       4.82e-11  5.49e-11  5.89e-11  6.32e-11   6.6e-11  6.79e-11  6.91e-11  7.13e-11  7.31e-11  7.45e-11  7.57e-11   7.8e-11  7.99e-11  7.93e-11  8.11e-11  8.27e-11
100      8.51e-11  9.01e-11  9.32e-11   9.7e-11  9.95e-11  1.01e-10  1.02e-10  1.04e-10  1.06e-10  1.08e-10  1.09e-10  1.11e-10  1.13e-10  1.13e-10  1.15e-10  1.16e-10
O-O      1.89e-10  1.95e-10     2e-10  2.05e-10  2.09e-10  2.12e-10  2.16e-10  2.19e-10  2.22e-10  2.25e-10  2.27e-10   2.3e-10  2.32e-10  2.34e-10  2.36e-10  2.38e-10

P2->P1

P\T           500       600       700       800       900     1e+03   1.1e+03   1.2e+03   1.3e+03   1.4e+03   1.5e+03   1.6e+03   1.7e+03   1.8e+03   1.9e+03     2e+03
0.1      7.82e-16  1.92e-15  4.12e-15   7.9e-15  1.39e-14  2.26e-14   3.5e-14  5.16e-14  7.31e-14     1e-13  1.34e-13  1.75e-13  2.25e-13  2.83e-13  3.49e-13  4.26e-13
1        7.72e-16  1.89e-15  4.04e-15  7.69e-15  1.34e-14  2.18e-14  3.37e-14  4.93e-14  6.97e-14  9.54e-14  1.27e-13  1.65e-13  2.11e-13  2.66e-13  3.27e-13  3.97e-13
10       7.43e-16  1.81e-15  3.84e-15  7.25e-15  1.25e-14  2.03e-14  3.11e-14  4.53e-14  6.36e-14  8.67e-14  1.15e-13  1.48e-13  1.89e-13  2.37e-13  2.91e-13  3.51e-13
100      6.51e-16  1.59e-15  3.36e-15  6.28e-15  1.08e-14  1.73e-14  2.63e-14   3.8e-14  5.28e-14  7.15e-14  9.42e-14   1.2e-13  1.53e-13   1.9e-13  2.31e-13  2.76e-13
O-O           ***       ***       ***       ***       ***       ***       ***       ***       ***       ***       ***       ***       ***       ***       ***       ***

W1-> 

P\T           500       600       700       800       900     1e+03   1.1e+03   1.2e+03   1.3e+03   1.4e+03   1.5e+03   1.6e+03   1.7e+03   1.8e+03   1.9e+03     2e+03
0.1      1.18e+10  1.87e+10  2.07e+10  2.15e+10  2.05e+10  1.93e+10  1.79e+10   1.6e+10  1.48e+10  1.32e+10  1.21e+10  1.09e+10     1e+10  9.05e+09  8.19e+09   7.6e+09
1        2.94e+10  3.89e+10  4.03e+10  3.99e+10  3.72e+10  3.42e+10  3.12e+10  2.77e+10  2.52e+10  2.24e+10  2.04e+10  1.82e+10  1.66e+10   1.5e+10  1.35e+10  1.25e+10
10       5.96e+10  7.02e+10  6.93e+10  6.63e+10  6.05e+10  5.47e+10  4.93e+10  4.34e+10   3.9e+10  3.45e+10  3.12e+10  2.78e+10  2.52e+10  2.26e+10  2.04e+10  1.86e+10
100      1.06e+11  1.13e+11  1.08e+11  9.98e+10  8.96e+10  7.99e+10   7.1e+10  6.23e+10  5.56e+10   4.9e+10  4.39e+10  3.91e+10  3.52e+10  3.16e+10  2.84e+10  2.59e+10
O-O      2.06e+11  2.14e+11  2.05e+11  1.89e+11   1.7e+11  1.52e+11  1.35e+11   1.2e+11  1.06e+11  9.41e+10  8.37e+10  7.47e+10  6.69e+10  6.01e+10  5.41e+10  4.89e+10

W2-> 

P\T           500       600       700       800       900     1e+03   1.1e+03   1.2e+03   1.3e+03   1.4e+03   1.5e+03   1.6e+03   1.7e+03   1.8e+03   1.9e+03     2e+03
0.1      1.88e+10  2.75e+10  3.09e+10  3.23e+10  3.14e+10  2.92e+10  2.66e+10  2.46e+10  2.25e+10  2.04e+10  1.85e+10  1.71e+10  1.57e+10  1.39e+10  1.28e+10  1.19e+10
1        4.62e+10  5.81e+10  6.12e+10  6.12e+10  5.78e+10  5.29e+10  4.75e+10  4.34e+10  3.92e+10  3.53e+10  3.17e+10  2.91e+10  2.67e+10  2.35e+10  2.16e+10  1.98e+10
10       9.42e+10  1.08e+11  1.08e+11  1.05e+11  9.66e+10  8.71e+10  7.74e+10  6.98e+10  6.26e+10   5.6e+10     5e+10  4.55e+10  4.13e+10  3.65e+10  3.33e+10  3.05e+10
100      1.66e+11  1.77e+11  1.71e+11   1.6e+11  1.45e+11   1.3e+11  1.14e+11  1.02e+11  9.08e+10  8.07e+10  7.18e+10  6.48e+10  5.86e+10  5.18e+10  4.71e+10  4.28e+10
O-O      3.69e+11  3.83e+11  3.67e+11  3.38e+11  3.05e+11  2.72e+11  2.41e+11  2.14e+11   1.9e+11  1.68e+11   1.5e+11  1.34e+11   1.2e+11  1.08e+11   9.7e+10  8.76e+10

P1-> 

P\T           500       600       700       800       900     1e+03   1.1e+03   1.2e+03   1.3e+03   1.4e+03   1.5e+03   1.6e+03   1.7e+03   1.8e+03   1.9e+03     2e+03
0.1      1.07e-11  1.68e-11  1.98e-11  2.27e-11  2.44e-11  2.62e-11  2.78e-11  2.85e-11     3e-11  3.06e-11   3.2e-11  3.25e-11  3.39e-11  3.44e-11  3.49e-11  3.62e-11
1        2.71e-11  3.56e-11  3.94e-11  4.33e-11  4.56e-11  4.78e-11     5e-11  5.07e-11  5.27e-11  5.35e-11  5.54e-11   5.6e-11  5.78e-11  5.85e-11  5.91e-11  6.09e-11
10        5.5e-11  6.45e-11   6.8e-11  7.23e-11  7.46e-11   7.7e-11  7.93e-11     8e-11  8.23e-11   8.3e-11  8.52e-11  8.59e-11  8.79e-11  8.87e-11  8.95e-11  9.15e-11
100      9.75e-11  1.04e-10  1.06e-10  1.09e-10  1.11e-10  1.12e-10  1.14e-10  1.15e-10  1.17e-10  1.18e-10   1.2e-10  1.21e-10  1.23e-10  1.24e-10  1.25e-10  1.27e-10
O-O      1.91e-10  1.96e-10  2.02e-10  2.06e-10   2.1e-10  2.14e-10  2.17e-10  2.21e-10  2.23e-10  2.26e-10  2.29e-10  2.31e-10  2.34e-10  2.36e-10  2.38e-10   2.4e-10

P2-> 

P\T           500       600       700       800       900     1e+03   1.1e+03   1.2e+03   1.3e+03   1.4e+03   1.5e+03   1.6e+03   1.7e+03   1.8e+03   1.9e+03     2e+03
0.1      9.44e-12  1.35e-11  1.62e-11  1.86e-11  2.04e-11  2.16e-11  2.25e-11  2.39e-11   2.5e-11  2.59e-11  2.67e-11   2.8e-11  2.94e-11  2.91e-11  3.02e-11  3.12e-11
1        2.35e-11  2.94e-11  3.31e-11  3.67e-11  3.92e-11  4.09e-11   4.2e-11  4.39e-11  4.55e-11  4.67e-11  4.78e-11  4.97e-11  5.14e-11  5.09e-11  5.25e-11  5.39e-11
10       4.82e-11  5.49e-11   5.9e-11  6.32e-11   6.6e-11  6.79e-11  6.91e-11  7.14e-11  7.32e-11  7.46e-11  7.58e-11  7.81e-11  8.01e-11  7.95e-11  8.14e-11  8.31e-11
100      8.51e-11  9.01e-11  9.32e-11   9.7e-11  9.95e-11  1.01e-10  1.02e-10  1.04e-10  1.06e-10  1.08e-10  1.09e-10  1.11e-10  1.13e-10  1.13e-10  1.15e-10  1.17e-10
O-O      1.89e-10  1.95e-10     2e-10  2.05e-10  2.09e-10  2.12e-10  2.16e-10  2.19e-10  2.22e-10  2.25e-10  2.27e-10   2.3e-10  2.32e-10  2.34e-10  2.36e-10  2.38e-10

