Wells (G - ground energy, D - dissociation limit, kcal/mol):
                             W         G         D
        FakeW-C5H8(522)+HO2(8)        -3         0
      FakeW-C5H7(504)+H2O2(10)      6.15      9.15

Bimolecular Products (G - ground energy, kcal/mol):
                       P         G
        C5H8(522)+HO2(8)         0
      C5H7(504)+H2O2(10)      9.15

Well-to-Bimolecular Barriers (H/G - barrier height/well depth, kcal/mol)
                             B         H                        W         G                  P
        FakeB-C5H8(522)+HO2(8)         0   FakeW-C5H8(522)+HO2(8)        -3   C5H8(522)+HO2(8)
      FakeB-C5H7(504)+H2O2(10)      9.15 FakeW-C5H7(504)+H2O2(10)      6.15 C5H7(504)+H2O2(10)

Well-to-Well Barriers (H/G - barrier height/well depth, kcal/mol):
           B         H                       W1        G1                       W2        G2
      ts_1_3      15.3   FakeW-C5H8(522)+HO2(8)        -3 FakeW-C5H7(504)+H2O2(10)      6.15

Bound Groups: dissociation barrier (name/ground energy, kcal/mol): wells (name/ground energy, kcal/mol):
     C1/0:  FakeW-C5H8(522)+HO2(8)/-3

     C2/9.15:  FakeW-C5H7(504)+H2O2(10)/6.15

________________________________________________________________________________________

Names Translation Tables (<short name> - <original name>):
Wells:
   W1 - FakeW-C5H8(522)+HO2(8)
   W2 - FakeW-C5H7(504)+H2O2(10)
Bimolecular products:
   P1 - C5H8(522)+HO2(8)
   P2 - C5H7(504)+H2O2(10)
Inner Barriers:
   B1 - ts_1_3
Outer Barriers:
   C1 - FakeB-C5H8(522)+HO2(8)
   C2 - FakeB-C5H7(504)+H2O2(10)
Unimolecular Rate Units: 1/sec;  Bimolecular Rate Units: cm^3/sec

______________________________________________________________________________________

Species-Species Rate Tables:

Temperature = 500 K

High Pressure Rate Coefficients:

From\To         W1        W2        P1        P2
W1             ***       166  2.13e+11       ***
W2        4.02e+06       ***       ***  5.07e+11
P1        1.91e-10       ***       ***       ***
P2             ***   1.9e-10       ***       ***

Temperature = 500 K    Pressure = 0.1 atm

From\To         W1        W2        P1        P2
W1        1.03e+10  4.08e-06  1.03e+10  9.87e-06
W2          -0.233  1.92e+10  1.72e+04  1.92e+10
P1        9.14e-12  6.24e-22   9.5e-12  1.48e-19
P2        3.43e-22  7.02e-12   1.5e-15  7.33e-12

Temperature = 500 K    Pressure = 1 atm

From\To         W1        W2        P1        P2
W1        2.77e+10  0.000212  2.77e+10  0.000242
W2            2.11  5.16e+10   5.7e+04  5.16e+10
P1        2.48e-11  2.11e-21  2.54e-11  1.47e-19
P2        4.54e-21  1.92e-11  1.48e-15  1.97e-11

Temperature = 500 K    Pressure = 10 atm

From\To         W1        W2        P1        P2
W1        5.89e+10    0.0134  5.89e+10    0.0107
W2             304  1.13e+11  1.76e+05  1.13e+11
P1         5.3e-11  6.53e-21   5.3e-11  1.43e-19
P2        1.13e-19  4.24e-11  1.44e-15  4.24e-11

Temperature = 500 K    Pressure = 100 atm

From\To         W1        W2        P1        P2
W1        1.08e+11      1.01  1.08e+11      1.51
W2        2.44e+04  2.09e+11  5.07e+05  2.09e+11
P1        9.68e-11  1.88e-20  9.68e-11  1.28e-19
P2        1.38e-17  7.83e-11  1.29e-15  7.83e-11

Temperature = 600 K

High Pressure Rate Coefficients:

From\To         W1        W2        P1        P2
W1             ***  2.25e+03  2.21e+11       ***
W2         9.9e+06       ***       ***  5.26e+11
P1        1.97e-10       ***       ***       ***
P2             ***  1.96e-10       ***       ***

Temperature = 600 K    Pressure = 0.1 atm

From\To         W1        W2        P1        P2
W1        1.63e+10  2.58e-05  1.63e+10  0.000211
W2           -1.42  2.96e+10   4.5e+04  2.96e+10
P1        1.43e-11  8.82e-21  1.47e-11     2e-18
P2        1.54e-21  1.06e-11  3.66e-15   1.1e-11

Temperature = 600 K    Pressure = 1 atm

From\To         W1        W2        P1        P2
W1        3.63e+10   0.00848  3.63e+10   0.00568
W2            25.3  6.71e+10  1.56e+05  6.71e+10
P1        3.23e-11  3.16e-20  3.28e-11  1.98e-18
P2        1.88e-20  2.48e-11  3.61e-15  2.52e-11

Temperature = 600 K    Pressure = 10 atm

From\To         W1        W2        P1        P2
W1        6.86e+10     0.419  6.86e+10     0.218
W2        1.77e+03  1.32e+11  4.79e+05  1.32e+11
P1        6.13e-11  9.74e-20  6.13e-11  1.91e-18
P2        4.15e-19  4.91e-11   3.5e-15  4.91e-11

Temperature = 600 K    Pressure = 100 atm

From\To         W1        W2        P1        P2
W1        1.14e+11      17.8  1.14e+11      19.4
W2        7.79e+04  2.26e+11  1.26e+06  2.26e+11
P1        1.02e-10  2.57e-19  1.02e-10  1.72e-18
P2         3.2e-17   8.4e-11  3.14e-15   8.4e-11

Temperature = 700 K

High Pressure Rate Coefficients:

From\To         W1        W2        P1        P2
W1             ***  1.56e+04  2.11e+11       ***
W2        1.99e+07       ***       ***  5.04e+11
P1        2.03e-10       ***       ***       ***
P2             ***  2.01e-10       ***       ***

Temperature = 700 K    Pressure = 0.1 atm

From\To         W1        W2        P1        P2
W1        1.98e+10   0.00894  1.98e+10   0.00269
W2            1.04  3.51e+10  1.29e+05  3.51e+10
P1        1.84e-11  9.23e-20  1.88e-11  1.48e-17
P2        1.04e-20  1.33e-11  7.84e-15  1.37e-11

Temperature = 700 K    Pressure = 1 atm

From\To         W1        W2        P1        P2
W1        3.99e+10      0.38  3.99e+10    0.0722
W2             434  7.32e+10  4.16e+05  7.32e+10
P1         3.8e-11   3.1e-19  3.86e-11  1.46e-17
P2        8.02e-20  2.89e-11  7.72e-15  2.94e-11

Temperature = 700 K    Pressure = 10 atm

From\To         W1        W2        P1        P2
W1        7.08e+10      10.3  7.08e+10      2.48
W2        1.28e+04  1.36e+11  1.17e+06  1.36e+11
P1        6.77e-11  8.81e-19  6.77e-11   1.4e-17
P2        1.45e-18   5.4e-11  7.42e-15  5.41e-11

Temperature = 700 K    Pressure = 100 atm

From\To         W1        W2        P1        P2
W1        1.12e+11       200  1.12e+11       146
W2        2.53e+05  2.22e+11  2.74e+06  2.22e+11
P1        1.07e-10  2.06e-18  1.07e-10  1.25e-17
P2        7.46e-17  8.85e-11  6.63e-15  8.85e-11

Temperature = 800 K

High Pressure Rate Coefficients:

From\To         W1        W2        P1        P2
W1             ***  6.94e+04  1.95e+11       ***
W2        3.44e+07       ***       ***  4.64e+11
P1        2.07e-10       ***       ***       ***
P2             ***  2.06e-10       ***       ***

Temperature = 800 K    Pressure = 0.1 atm

From\To         W1        W2        P1        P2
W1         2.1e+10     0.291   2.1e+10    0.0244
W2            50.4  3.85e+10  3.56e+05  3.85e+10
P1        2.16e-11  7.19e-19  2.21e-11  7.28e-17
P2        9.43e-20  1.61e-11   1.5e-14  1.65e-11

Temperature = 800 K    Pressure = 1 atm

From\To         W1        W2        P1        P2
W1        4.03e+10      10.1  4.03e+10     0.577
W2        4.74e+03  7.59e+10  1.02e+06  7.59e+10
P1        4.26e-11  2.17e-18  4.31e-11  7.13e-17
P2        3.93e-19  3.32e-11  1.47e-14  3.37e-11

Temperature = 800 K    Pressure = 10 atm

From\To         W1        W2        P1        P2
W1        6.85e+10       157  6.85e+10      17.9
W2        7.71e+04  1.35e+11  2.57e+06  1.35e+11
P1        7.28e-11  5.51e-18  7.28e-11  6.79e-17
P2        4.56e-18  5.95e-11   1.4e-14  5.96e-11

Temperature = 800 K    Pressure = 100 atm

From\To         W1        W2        P1        P2
W1        1.05e+11  1.54e+03  1.05e+11       733
W2        7.62e+05  2.13e+11  5.31e+06  2.13e+11
P1        1.11e-10  1.14e-17  1.11e-10  5.98e-17
P2        1.63e-16   9.4e-11  1.23e-14  9.41e-11

Temperature = 900 K

High Pressure Rate Coefficients:

From\To         W1        W2        P1        P2
W1             ***  2.27e+05  1.76e+11       ***
W2        5.37e+07       ***       ***  4.19e+11
P1        2.11e-10       ***       ***       ***
P2             ***   2.1e-10       ***       ***

Temperature = 900 K    Pressure = 0.1 atm

From\To         W1        W2        P1        P2
W1        2.06e+10      5.36  2.06e+10     0.205
W2             749   3.7e+10  7.27e+05   3.7e+10
P1        2.39e-11  3.47e-18  2.43e-11  2.68e-16
P2        6.13e-19  1.74e-11  2.64e-14  1.78e-11

Temperature = 900 K    Pressure = 1 atm

From\To         W1        W2        P1        P2
W1        3.82e+10       138  3.82e+10      4.44
W2        3.18e+04   7.1e+10  1.92e+06   7.1e+10
P1        4.56e-11  9.62e-18  4.61e-11  2.61e-16
P2        1.81e-18  3.51e-11  2.58e-14  3.56e-11

Temperature = 900 K    Pressure = 10 atm

From\To         W1        W2        P1        P2
W1        6.34e+10   1.3e+03  6.34e+10       103
W2        3.08e+05  1.24e+11  4.42e+06  1.24e+11
P1        7.61e-11  2.24e-17  7.61e-11  2.47e-16
P2        1.39e-17  6.17e-11  2.44e-14  6.17e-11

Temperature = 900 K    Pressure = 100 atm

From\To         W1        W2        P1        P2
W1        9.49e+10  7.83e+03  9.49e+10  2.86e+03
W2        1.85e+06  1.92e+11  8.36e+06  1.92e+11
P1        1.14e-10  4.24e-17  1.14e-10  2.16e-16
P2        3.42e-16  9.59e-11  2.13e-14   9.6e-11

Temperature = 1e+03 K

High Pressure Rate Coefficients:

From\To         W1        W2        P1        P2
W1             ***  5.92e+05  1.57e+11       ***
W2        7.74e+07       ***       ***  3.74e+11
P1        2.15e-10       ***       ***       ***
P2             ***  2.13e-10       ***       ***

Temperature = 1e+03 K    Pressure = 0.1 atm

From\To         W1        W2        P1        P2
W1         1.9e+10      41.6   1.9e+10     0.931
W2        3.42e+03  3.58e+10  1.39e+06  3.58e+10
P1        2.51e-11  1.37e-17  2.56e-11  7.93e-16
P2        2.54e-18  1.91e-11  4.32e-14  1.96e-11

Temperature = 1e+03 K    Pressure = 1 atm

From\To         W1        W2        P1        P2
W1        3.46e+10       863  3.46e+10      22.9
W2         1.1e+05  6.69e+10  3.38e+06  6.69e+10
P1        4.72e-11   3.5e-17  4.76e-11   7.7e-16
P2        6.04e-18  3.77e-11  4.19e-14  3.83e-11

Temperature = 1e+03 K    Pressure = 10 atm

From\To         W1        W2        P1        P2
W1        5.67e+10  6.18e+03  5.67e+10       398
W2        8.06e+05  1.14e+11  7.16e+06  1.14e+11
P1        7.76e-11  7.49e-17  7.76e-11  7.24e-16
P2        3.37e-17   6.5e-11  3.94e-14   6.5e-11

Temperature = 1e+03 K    Pressure = 100 atm

From\To         W1        W2        P1        P2
W1         8.4e+10  2.84e+04   8.4e+10  8.23e+03
W2        3.72e+06  1.74e+11  1.26e+07  1.74e+11
P1        1.15e-10  1.32e-16  1.15e-10  6.25e-16
P2         6.2e-16  9.92e-11  3.41e-14  9.93e-11

Temperature = 1.1e+03 K

High Pressure Rate Coefficients:

From\To         W1        W2        P1        P2
W1             ***  1.31e+06  1.39e+11       ***
W2        1.05e+08       ***       ***  3.32e+11
P1        2.18e-10       ***       ***       ***
P2             ***  2.17e-10       ***       ***

Temperature = 1.1e+03 K    Pressure = 0.1 atm

From\To         W1        W2        P1        P2
W1        1.75e+10       242  1.75e+10      3.95
W2        1.34e+04  3.36e+10  2.33e+06  3.36e+10
P1        2.65e-11  4.27e-17  2.69e-11     2e-15
P2        8.59e-18  2.05e-11  6.68e-14   2.1e-11

Temperature = 1.1e+03 K    Pressure = 1 atm

From\To         W1        W2        P1        P2
W1        3.13e+10  3.88e+03  3.13e+10       113
W2        3.05e+05  6.17e+10  5.27e+06  6.17e+10
P1        4.89e-11  1.02e-16  4.94e-11  1.93e-15
P2        1.76e-17  3.98e-11  6.45e-14  4.03e-11

Temperature = 1.1e+03 K    Pressure = 10 atm

From\To         W1        W2        P1        P2
W1        5.07e+10   2.2e+04  5.07e+10  1.35e+03
W2        1.76e+06  1.04e+11  1.04e+07  1.04e+11
P1        7.94e-11  2.03e-16  7.94e-11   1.8e-15
P2        7.94e-17  6.75e-11  6.02e-14  6.75e-11

Temperature = 1.1e+03 K    Pressure = 100 atm

From\To         W1        W2        P1        P2
W1        7.43e+10   8.3e+04  7.43e+10  2.07e+04
W2        6.66e+06  1.56e+11  1.73e+07  1.56e+11
P1        1.17e-10  3.38e-16  1.17e-10  1.54e-15
P2        1.09e-15  1.02e-10  5.15e-14  1.02e-10

Temperature = 1.2e+03 K

High Pressure Rate Coefficients:

From\To         W1        W2        P1        P2
W1             ***  2.55e+06  1.23e+11       ***
W2        1.36e+08       ***       ***  2.94e+11
P1        2.22e-10       ***       ***       ***
P2             ***   2.2e-10       ***       ***

Temperature = 1.2e+03 K    Pressure = 0.1 atm

From\To         W1        W2        P1        P2
W1        1.61e+10  1.13e+03  1.61e+10      18.4
W2        4.55e+04   3.1e+10  3.53e+06   3.1e+10
P1        2.78e-11  1.11e-16  2.82e-11  4.43e-15
P2        2.46e-17  2.17e-11  9.85e-14  2.22e-11

Temperature = 1.2e+03 K    Pressure = 1 atm

From\To         W1        W2        P1        P2
W1        2.84e+10  1.35e+04  2.84e+10       495
W2        7.12e+05  5.61e+10  7.47e+06  5.61e+10
P1        5.06e-11  2.48e-16  5.12e-11  4.26e-15
P2        4.64e-17  4.14e-11  9.49e-14   4.2e-11

Temperature = 1.2e+03 K    Pressure = 10 atm

From\To         W1        W2        P1        P2
W1        4.53e+10   6.3e+04  4.53e+10   4.1e+03
W2        3.36e+06  9.31e+10  1.39e+07   9.3e+10
P1        8.14e-11  4.66e-16  8.14e-11  3.96e-15
P2        1.79e-16  6.95e-11  8.81e-14  6.95e-11

Temperature = 1.2e+03 K    Pressure = 100 atm

From\To         W1        W2        P1        P2
W1        6.59e+10  2.04e+05  6.59e+10  4.67e+04
W2        1.09e+07  1.39e+11   2.2e+07  1.39e+11
P1        1.18e-10   7.4e-16  1.18e-10  3.35e-15
P2        1.88e-15  1.04e-10  7.47e-14  1.04e-10

Temperature = 1.3e+03 K

High Pressure Rate Coefficients:

From\To         W1        W2        P1        P2
W1             ***  4.49e+06  1.09e+11       ***
W2         1.7e+08       ***       ***  2.61e+11
P1        2.25e-10       ***       ***       ***
P2             ***  2.23e-10       ***       ***

Temperature = 1.3e+03 K    Pressure = 0.1 atm

From\To         W1        W2        P1        P2
W1        1.47e+10  4.29e+03  1.47e+10      94.5
W2        1.32e+05  2.83e+10  4.92e+06  2.83e+10
P1        2.91e-11  2.51e-16  2.96e-11  8.87e-15
P2        6.14e-17  2.26e-11   1.4e-13  2.32e-11

Temperature = 1.3e+03 K    Pressure = 1 atm

From\To         W1        W2        P1        P2
W1        2.57e+10  3.86e+04  2.57e+10  1.87e+03
W2        1.44e+06  5.06e+10  9.79e+06  5.06e+10
P1        5.24e-11  5.25e-16  5.29e-11  8.51e-15
P2        1.13e-16  4.27e-11  1.34e-13  4.33e-11

Temperature = 1.3e+03 K    Pressure = 10 atm

From\To         W1        W2        P1        P2
W1        4.06e+10  1.52e+05  4.06e+10  1.11e+04
W2        5.76e+06  8.32e+10  1.73e+07  8.32e+10
P1        8.34e-11  9.37e-16  8.34e-11  7.87e-15
P2        3.88e-16   7.1e-11  1.24e-13  7.11e-11

Temperature = 1.3e+03 K    Pressure = 100 atm

From\To         W1        W2        P1        P2
W1        5.86e+10  4.36e+05  5.86e+10  9.66e+04
W2        1.65e+07  1.23e+11  2.65e+07  1.23e+11
P1         1.2e-10  1.43e-15   1.2e-10  6.61e-15
P2        3.15e-15  1.05e-10  1.04e-13  1.05e-10

Temperature = 1.4e+03 K

High Pressure Rate Coefficients:

From\To         W1        W2        P1        P2
W1             ***  7.31e+06  9.71e+10       ***
W2        2.07e+08       ***       ***  2.31e+11
P1        2.27e-10       ***       ***       ***
P2             ***  2.26e-10       ***       ***

Temperature = 1.4e+03 K    Pressure = 0.1 atm

From\To         W1        W2        P1        P2
W1        1.35e+10  1.37e+04  1.35e+10       459
W2        3.33e+05  2.56e+10  6.39e+06  2.56e+10
P1        3.05e-11  5.02e-16  3.09e-11  1.64e-14
P2        1.37e-16  2.34e-11  1.93e-13   2.4e-11

Temperature = 1.4e+03 K    Pressure = 1 atm

From\To         W1        W2        P1        P2
W1        2.33e+10  9.37e+04  2.33e+10  6.04e+03
W2        2.62e+06  4.55e+10   1.2e+07  4.54e+10
P1        5.42e-11  9.87e-16  5.47e-11  1.57e-14
P2        2.57e-16  4.38e-11  1.85e-13  4.44e-11

Temperature = 1.4e+03 K    Pressure = 10 atm

From\To         W1        W2        P1        P2
W1        3.65e+10  3.22e+05  3.65e+10  2.75e+04
W2        9.08e+06  7.43e+10  2.04e+07  7.42e+10
P1        8.55e-11  1.69e-15  8.55e-11  1.44e-14
P2        7.98e-16  7.22e-11   1.7e-13  7.24e-11

Temperature = 1.4e+03 K    Pressure = 100 atm

From\To         W1        W2        P1        P2
W1        5.23e+10  8.35e+05  5.23e+10  1.86e+05
W2        2.36e+07  1.09e+11  3.03e+07  1.09e+11
P1        1.23e-10  2.51e-15  1.23e-10   1.2e-14
P2        5.15e-15  1.07e-10  1.42e-13  1.07e-10

Temperature = 1.5e+03 K

High Pressure Rate Coefficients:

From\To         W1        W2        P1        P2
W1             ***  1.12e+07  8.64e+10       ***
W2        2.45e+08       ***       ***  2.06e+11
P1         2.3e-10       ***       ***       ***
P2             ***  2.28e-10       ***       ***

Temperature = 1.5e+03 K    Pressure = 0.1 atm

From\To         W1        W2        P1        P2
W1        1.24e+10  3.23e+04  1.24e+10  1.27e+03
W2         6.2e+05  2.38e+10   8.5e+06  2.38e+10
P1        3.18e-11  9.81e-16  3.22e-11  2.82e-14
P2        2.64e-16  2.47e-11  2.57e-13  2.54e-11

Temperature = 1.5e+03 K    Pressure = 1 atm

From\To         W1        W2        P1        P2
W1        2.12e+10  1.91e+05  2.12e+10  1.38e+04
W2        4.15e+06  4.19e+10  1.52e+07  4.19e+10
P1         5.6e-11  1.83e-15  5.65e-11  2.69e-14
P2        4.88e-16  4.58e-11  2.45e-13  4.65e-11

Temperature = 1.5e+03 K    Pressure = 10 atm

From\To         W1        W2        P1        P2
W1        3.29e+10  6.05e+05  3.29e+10  5.47e+04
W2        1.33e+07  6.77e+10  2.47e+07  6.77e+10
P1        8.76e-11     3e-15  8.76e-11  2.45e-14
P2        1.39e-15  7.48e-11  2.24e-13   7.5e-11

Temperature = 1.5e+03 K    Pressure = 100 atm

From\To         W1        W2        P1        P2
W1        4.68e+10  1.47e+06  4.68e+10  3.16e+05
W2        3.22e+07  9.89e+10  3.56e+07  9.88e+10
P1        1.25e-10  4.33e-15  1.25e-10  2.02e-14
P2        7.72e-15  1.09e-10  1.85e-13   1.1e-10

Temperature = 1.6e+03 K

High Pressure Rate Coefficients:

From\To         W1        W2        P1        P2
W1             ***  1.62e+07  7.71e+10       ***
W2        2.84e+08       ***       ***  1.84e+11
P1        2.32e-10       ***       ***       ***
P2             ***  2.31e-10       ***       ***

Temperature = 1.6e+03 K    Pressure = 0.1 atm

From\To         W1        W2        P1        P2
W1        1.14e+10  7.82e+04  1.14e+10  4.76e+03
W2        1.25e+06  2.14e+10  9.89e+06  2.14e+10
P1        3.31e-11  1.62e-15  3.36e-11  4.61e-14
P2        5.04e-16  2.52e-11  3.37e-13   2.6e-11

Temperature = 1.6e+03 K    Pressure = 1 atm

From\To         W1        W2        P1        P2
W1        1.93e+10  3.69e+05  1.93e+10  3.52e+04
W2        6.44e+06  3.75e+10  1.69e+07  3.75e+10
P1        5.78e-11  2.88e-15  5.83e-11  4.38e-14
P2           1e-15  4.64e-11   3.2e-13  4.72e-11

Temperature = 1.6e+03 K    Pressure = 10 atm

From\To         W1        W2        P1        P2
W1        2.98e+10  1.06e+06  2.98e+10  1.15e+05
W2        1.85e+07  6.03e+10  2.67e+07  6.03e+10
P1        8.96e-11  4.58e-15  8.97e-11  3.99e-14
P2        2.62e-15  7.55e-11  2.92e-13  7.58e-11

Temperature = 1.6e+03 K    Pressure = 100 atm

From\To         W1        W2        P1        P2
W1        4.21e+10   2.4e+06  4.21e+10  5.45e+05
W2        4.21e+07  8.79e+10  3.79e+07  8.79e+10
P1        1.27e-10   6.5e-15  1.27e-10  3.26e-14
P2         1.2e-14   1.1e-10  2.39e-13   1.1e-10

Temperature = 1.7e+03 K

High Pressure Rate Coefficients:

From\To         W1        W2        P1        P2
W1             ***  2.24e+07   6.9e+10       ***
W2        3.24e+08       ***       ***  1.65e+11
P1        2.35e-10       ***       ***       ***
P2             ***  2.33e-10       ***       ***

Temperature = 1.7e+03 K    Pressure = 0.1 atm

From\To         W1        W2        P1        P2
W1        1.04e+10   1.4e+05  1.04e+10  8.81e+03
W2        1.89e+06  2.02e+10  1.22e+07  2.02e+10
P1        3.42e-11  2.76e-15  3.48e-11  7.16e-14
P2        6.96e-16  2.71e-11  4.31e-13   2.8e-11

Temperature = 1.7e+03 K    Pressure = 1 atm

From\To         W1        W2        P1        P2
W1        1.75e+10  5.99e+05  1.75e+10  5.68e+04
W2         8.6e+06   3.5e+10  2.04e+07   3.5e+10
P1        5.92e-11  4.77e-15  5.98e-11  6.78e-14
P2        1.43e-15  4.91e-11  4.08e-13  4.99e-11

Temperature = 1.7e+03 K    Pressure = 10 atm

From\To         W1        W2        P1        P2
W1        2.68e+10  1.63e+06  2.68e+10  1.71e+05
W2        2.36e+07  5.58e+10  3.17e+07  5.57e+10
P1        9.13e-11  7.46e-15  9.13e-11  6.14e-14
P2         3.6e-15  7.88e-11   3.7e-13  7.92e-11

Temperature = 1.7e+03 K    Pressure = 100 atm

From\To         W1        W2        P1        P2
W1        3.78e+10  3.58e+06  3.78e+10  7.68e+05
W2        5.17e+07  8.05e+10  4.42e+07  8.04e+10
P1        1.29e-10  1.04e-14  1.29e-10  4.98e-14
P2        1.58e-14  1.14e-10     3e-13  1.14e-10

Temperature = 1.8e+03 K

High Pressure Rate Coefficients:

From\To         W1        W2        P1        P2
W1             ***  2.99e+07   6.2e+10       ***
W2        3.65e+08       ***       ***  1.48e+11
P1        2.37e-10       ***       ***       ***
P2             ***  2.35e-10       ***       ***

Temperature = 1.8e+03 K    Pressure = 0.1 atm

From\To         W1        W2        P1        P2
W1        9.39e+09  2.55e+05  9.39e+09  2.22e+04
W2        2.91e+06  1.78e+10  1.33e+07  1.78e+10
P1        3.48e-11  4.02e-15  3.53e-11  1.07e-13
P2         1.3e-15  2.67e-11  5.43e-13  2.76e-11

Temperature = 1.8e+03 K    Pressure = 1 atm

From\To         W1        W2        P1        P2
W1        1.58e+10  9.64e+05  1.58e+10  1.16e+05
W2        1.17e+07  3.08e+10  2.13e+07  3.08e+10
P1           6e-11  6.67e-15  6.06e-11  1.01e-13
P2        2.68e-15  4.85e-11  5.13e-13  4.94e-11

Temperature = 1.8e+03 K    Pressure = 10 atm

From\To         W1        W2        P1        P2
W1        2.41e+10  2.47e+06  2.41e+10  3.17e+05
W2        3.01e+07  4.92e+10  3.24e+07  4.91e+10
P1        9.22e-11  1.02e-14  9.23e-11  9.15e-14
P2        6.29e-15   7.8e-11  4.64e-13  7.85e-11

Temperature = 1.8e+03 K    Pressure = 100 atm

From\To         W1        W2        P1        P2
W1        3.39e+10  5.19e+06  3.39e+10  1.22e+06
W2        6.32e+07  7.11e+10  4.48e+07   7.1e+10
P1         1.3e-10  1.41e-14   1.3e-10  7.38e-14
P2        2.37e-14  1.13e-10  3.74e-13  1.13e-10

Temperature = 1.9e+03 K

High Pressure Rate Coefficients:

From\To         W1        W2        P1        P2
W1             ***  3.88e+07  5.58e+10       ***
W2        4.05e+08       ***       ***  1.33e+11
P1        2.39e-10       ***       ***       ***
P2             ***  2.37e-10       ***       ***

Temperature = 1.9e+03 K    Pressure = 0.1 atm

From\To         W1        W2        P1        P2
W1        8.46e+09  3.71e+05  8.46e+09  3.17e+04
W2        3.63e+06  1.65e+10  1.58e+07  1.64e+10
P1        3.51e-11  6.24e-15  3.57e-11  1.54e-13
P2        1.77e-15  2.77e-11  6.71e-13  2.88e-11

Temperature = 1.9e+03 K    Pressure = 1 atm

From\To         W1        W2        P1        P2
W1        1.42e+10  1.36e+06  1.42e+10  1.62e+05
W2        1.42e+07  2.83e+10  2.48e+07  2.83e+10
P1        6.04e-11  1.01e-14  6.11e-11  1.45e-13
P2        3.57e-15  4.99e-11  6.32e-13   5.1e-11

Temperature = 1.9e+03 K    Pressure = 10 atm

From\To         W1        W2        P1        P2
W1        2.17e+10  3.42e+06  2.17e+10  4.27e+05
W2        3.58e+07  4.49e+10   3.7e+07  4.48e+10
P1        9.27e-11  1.52e-14  9.28e-11  1.31e-13
P2        8.15e-15  7.99e-11  5.69e-13  8.04e-11

Temperature = 1.9e+03 K    Pressure = 100 atm

From\To         W1        W2        P1        P2
W1        3.04e+10  7.05e+06  3.04e+10   1.6e+06
W2        7.37e+07  6.46e+10  5.07e+07  6.45e+10
P1         1.3e-10  2.08e-14   1.3e-10  1.05e-13
P2        2.99e-14  1.15e-10  4.56e-13  1.16e-10

Temperature = 2e+03 K

High Pressure Rate Coefficients:

From\To         W1        W2        P1        P2
W1             ***  4.89e+07  5.04e+10       ***
W2        4.46e+08       ***       ***   1.2e+11
P1        2.41e-10       ***       ***       ***
P2             ***  2.39e-10       ***       ***

Temperature = 2e+03 K    Pressure = 0.1 atm

From\To         W1        W2        P1        P2
W1        7.85e+09  5.98e+05  7.85e+09  6.08e+04
W2        5.16e+06  1.52e+10  1.76e+07  1.52e+10
P1        3.64e-11  8.95e-15   3.7e-11  2.16e-13
P2        2.74e-15  2.86e-11  8.18e-13  2.99e-11

Temperature = 2e+03 K    Pressure = 1 atm

From\To         W1        W2        P1        P2
W1        1.31e+10  2.01e+06  1.31e+10  2.68e+05
W2        1.82e+07  2.61e+10   2.7e+07   2.6e+10
P1        6.22e-11  1.41e-14   6.3e-11  2.02e-13
P2         5.6e-15  5.13e-11  7.67e-13  5.25e-11

Temperature = 2e+03 K    Pressure = 10 atm

From\To         W1        W2        P1        P2
W1        1.98e+10  4.83e+06  1.98e+10  6.55e+05
W2         4.4e+07  4.11e+10  3.95e+07   4.1e+10
P1        9.48e-11  2.07e-14   9.5e-11  1.81e-13
P2        1.21e-14  8.15e-11  6.87e-13  8.22e-11

Temperature = 2e+03 K    Pressure = 100 atm

From\To         W1        W2        P1        P2
W1        2.77e+10  9.62e+06  2.77e+10  2.24e+06
W2        8.76e+07  5.89e+10  5.33e+07  5.87e+10
P1        1.33e-10   2.8e-14  1.33e-10  1.43e-13
P2        4.07e-14  1.17e-10  5.45e-13  1.17e-10

______________________________________________________________________________________

High Pressure Rate Coefficients (Temperature-Species Rate Tables):

Reactant = W1
   T(K)        W1        W2        P1        P2
    500       ***       166  2.13e+11       ***
    600       ***  2.25e+03  2.21e+11       ***
    700       ***  1.56e+04  2.11e+11       ***
    800       ***  6.94e+04  1.95e+11       ***
    900       ***  2.27e+05  1.76e+11       ***
  1e+03       ***  5.92e+05  1.57e+11       ***
1.1e+03       ***  1.31e+06  1.39e+11       ***
1.2e+03       ***  2.55e+06  1.23e+11       ***
1.3e+03       ***  4.49e+06  1.09e+11       ***
1.4e+03       ***  7.31e+06  9.71e+10       ***
1.5e+03       ***  1.12e+07  8.64e+10       ***
1.6e+03       ***  1.62e+07  7.71e+10       ***
1.7e+03       ***  2.24e+07   6.9e+10       ***
1.8e+03       ***  2.99e+07   6.2e+10       ***
1.9e+03       ***  3.88e+07  5.58e+10       ***
  2e+03       ***  4.89e+07  5.04e+10       ***

Reactant = W2
   T(K)        W1        W2        P1        P2
    500  4.02e+06       ***       ***  5.07e+11
    600   9.9e+06       ***       ***  5.26e+11
    700  1.99e+07       ***       ***  5.04e+11
    800  3.44e+07       ***       ***  4.64e+11
    900  5.37e+07       ***       ***  4.19e+11
  1e+03  7.74e+07       ***       ***  3.74e+11
1.1e+03  1.05e+08       ***       ***  3.32e+11
1.2e+03  1.36e+08       ***       ***  2.94e+11
1.3e+03   1.7e+08       ***       ***  2.61e+11
1.4e+03  2.07e+08       ***       ***  2.31e+11
1.5e+03  2.45e+08       ***       ***  2.06e+11
1.6e+03  2.84e+08       ***       ***  1.84e+11
1.7e+03  3.24e+08       ***       ***  1.65e+11
1.8e+03  3.65e+08       ***       ***  1.48e+11
1.9e+03  4.05e+08       ***       ***  1.33e+11
  2e+03  4.46e+08       ***       ***   1.2e+11

Reactant = P1
   T(K)        W1        W2        P1        P2
    500  1.91e-10       ***       ***       ***
    600  1.97e-10       ***       ***       ***
    700  2.03e-10       ***       ***       ***
    800  2.07e-10       ***       ***       ***
    900  2.11e-10       ***       ***       ***
  1e+03  2.15e-10       ***       ***       ***
1.1e+03  2.18e-10       ***       ***       ***
1.2e+03  2.22e-10       ***       ***       ***
1.3e+03  2.25e-10       ***       ***       ***
1.4e+03  2.27e-10       ***       ***       ***
1.5e+03   2.3e-10       ***       ***       ***
1.6e+03  2.32e-10       ***       ***       ***
1.7e+03  2.35e-10       ***       ***       ***
1.8e+03  2.37e-10       ***       ***       ***
1.9e+03  2.39e-10       ***       ***       ***
  2e+03  2.41e-10       ***       ***       ***

Reactant = P2
   T(K)        W1        W2        P1        P2
    500       ***   1.9e-10       ***       ***
    600       ***  1.96e-10       ***       ***
    700       ***  2.01e-10       ***       ***
    800       ***  2.06e-10       ***       ***
    900       ***   2.1e-10       ***       ***
  1e+03       ***  2.13e-10       ***       ***
1.1e+03       ***  2.17e-10       ***       ***
1.2e+03       ***   2.2e-10       ***       ***
1.3e+03       ***  2.23e-10       ***       ***
1.4e+03       ***  2.26e-10       ***       ***
1.5e+03       ***  2.28e-10       ***       ***
1.6e+03       ***  2.31e-10       ***       ***
1.7e+03       ***  2.33e-10       ***       ***
1.8e+03       ***  2.35e-10       ***       ***
1.9e+03       ***  2.37e-10       ***       ***
  2e+03       ***  2.39e-10       ***       ***

Capture/Escape Rate Coefficients:

   T(K)        W1        W2        P1        P2
    500  2.13e+11  5.07e+11  1.91e-10   1.9e-10
    600  2.21e+11  5.26e+11  1.97e-10  1.96e-10
    700  2.11e+11  5.04e+11  2.03e-10  2.01e-10
    800  1.95e+11  4.64e+11  2.07e-10  2.06e-10
    900  1.76e+11  4.19e+11  2.11e-10   2.1e-10
  1e+03  1.57e+11  3.74e+11  2.15e-10  2.13e-10
1.1e+03  1.39e+11  3.32e+11  2.18e-10  2.17e-10
1.2e+03  1.23e+11  2.94e+11  2.22e-10   2.2e-10
1.3e+03  1.09e+11  2.61e+11  2.25e-10  2.23e-10
1.4e+03  9.71e+10  2.32e+11  2.27e-10  2.26e-10
1.5e+03  8.64e+10  2.06e+11   2.3e-10  2.28e-10
1.6e+03  7.71e+10  1.84e+11  2.32e-10  2.31e-10
1.7e+03   6.9e+10  1.65e+11  2.35e-10  2.33e-10
1.8e+03   6.2e+10  1.48e+11  2.37e-10  2.35e-10
1.9e+03  5.59e+10  1.33e+11  2.39e-10  2.37e-10
  2e+03  5.05e+10  1.21e+11  2.41e-10  2.39e-10

______________________________________________________________________________________

Pressure-Species Rate Tables:

Reactant = W1   Temperature = 500 K

   P(atm)        W2        P1        P2      Loss
      0.1  4.08e-06  1.03e+10  9.87e-06  1.03e+10
        1  0.000212  2.77e+10  0.000242  2.77e+10
       10    0.0134  5.89e+10    0.0107  5.89e+10
      100      1.01  1.08e+11      1.51  1.08e+11
      O-O       166  2.13e+11       ***  2.13e+11

Reactant = W1   Temperature = 600 K

   P(atm)        W2        P1        P2      Loss
      0.1  2.58e-05  1.63e+10  0.000211  1.63e+10
        1   0.00848  3.63e+10   0.00568  3.63e+10
       10     0.419  6.86e+10     0.218  6.86e+10
      100      17.8  1.14e+11      19.4  1.14e+11
      O-O  2.25e+03  2.21e+11       ***  2.21e+11

Reactant = W1   Temperature = 700 K

   P(atm)        W2        P1        P2      Loss
      0.1   0.00894  1.98e+10   0.00269  1.98e+10
        1      0.38  3.99e+10    0.0722  3.99e+10
       10      10.3  7.08e+10      2.48  7.08e+10
      100       200  1.12e+11       146  1.12e+11
      O-O  1.56e+04  2.11e+11       ***  2.11e+11

Reactant = W1   Temperature = 800 K

   P(atm)        W2        P1        P2      Loss
      0.1     0.291   2.1e+10    0.0244   2.1e+10
        1      10.1  4.03e+10     0.577  4.03e+10
       10       157  6.85e+10      17.9  6.85e+10
      100  1.54e+03  1.05e+11       733  1.05e+11
      O-O  6.94e+04  1.95e+11       ***  1.95e+11

Reactant = W1   Temperature = 900 K

   P(atm)        W2        P1        P2      Loss
      0.1      5.36  2.06e+10     0.205  2.06e+10
        1       138  3.82e+10      4.44  3.82e+10
       10   1.3e+03  6.34e+10       103  6.34e+10
      100  7.83e+03  9.49e+10  2.86e+03  9.49e+10
      O-O  2.27e+05  1.76e+11       ***  1.76e+11

Reactant = W1   Temperature = 1e+03 K

   P(atm)        W2        P1        P2      Loss
      0.1      41.6   1.9e+10     0.931   1.9e+10
        1       863  3.46e+10      22.9  3.46e+10
       10  6.18e+03  5.67e+10       398  5.67e+10
      100  2.84e+04   8.4e+10  8.23e+03   8.4e+10
      O-O  5.92e+05  1.57e+11       ***  1.57e+11

Reactant = W1   Temperature = 1.1e+03 K

   P(atm)        W2        P1        P2      Loss
      0.1       242  1.75e+10      3.95  1.75e+10
        1  3.88e+03  3.13e+10       113  3.13e+10
       10   2.2e+04  5.07e+10  1.35e+03  5.07e+10
      100   8.3e+04  7.43e+10  2.07e+04  7.43e+10
      O-O  1.31e+06  1.39e+11       ***  1.39e+11

Reactant = W1   Temperature = 1.2e+03 K

   P(atm)        W2        P1        P2      Loss
      0.1  1.13e+03  1.61e+10      18.4  1.61e+10
        1  1.35e+04  2.84e+10       495  2.84e+10
       10   6.3e+04  4.53e+10   4.1e+03  4.53e+10
      100  2.04e+05  6.59e+10  4.67e+04  6.59e+10
      O-O  2.55e+06  1.23e+11       ***  1.23e+11

Reactant = W1   Temperature = 1.3e+03 K

   P(atm)        W2        P1        P2      Loss
      0.1  4.29e+03  1.47e+10      94.5  1.47e+10
        1  3.86e+04  2.57e+10  1.87e+03  2.57e+10
       10  1.52e+05  4.06e+10  1.11e+04  4.06e+10
      100  4.36e+05  5.86e+10  9.66e+04  5.86e+10
      O-O  4.49e+06  1.09e+11       ***  1.09e+11

Reactant = W1   Temperature = 1.4e+03 K

   P(atm)        W2        P1        P2      Loss
      0.1  1.37e+04  1.35e+10       459  1.35e+10
        1  9.37e+04  2.33e+10  6.04e+03  2.33e+10
       10  3.22e+05  3.65e+10  2.75e+04  3.65e+10
      100  8.35e+05  5.23e+10  1.86e+05  5.23e+10
      O-O  7.31e+06  9.71e+10       ***  9.71e+10

Reactant = W1   Temperature = 1.5e+03 K

   P(atm)        W2        P1        P2      Loss
      0.1  3.23e+04  1.24e+10  1.27e+03  1.24e+10
        1  1.91e+05  2.12e+10  1.38e+04  2.12e+10
       10  6.05e+05  3.29e+10  5.47e+04  3.29e+10
      100  1.47e+06  4.68e+10  3.16e+05  4.68e+10
      O-O  1.12e+07  8.64e+10       ***  8.64e+10

Reactant = W1   Temperature = 1.6e+03 K

   P(atm)        W2        P1        P2      Loss
      0.1  7.82e+04  1.14e+10  4.76e+03  1.14e+10
        1  3.69e+05  1.93e+10  3.52e+04  1.93e+10
       10  1.06e+06  2.98e+10  1.15e+05  2.98e+10
      100   2.4e+06  4.21e+10  5.45e+05  4.21e+10
      O-O  1.62e+07  7.71e+10       ***  7.71e+10

Reactant = W1   Temperature = 1.7e+03 K

   P(atm)        W2        P1        P2      Loss
      0.1   1.4e+05  1.04e+10  8.81e+03  1.04e+10
        1  5.99e+05  1.75e+10  5.68e+04  1.75e+10
       10  1.63e+06  2.68e+10  1.71e+05  2.68e+10
      100  3.58e+06  3.78e+10  7.68e+05  3.78e+10
      O-O  2.24e+07   6.9e+10       ***   6.9e+10

Reactant = W1   Temperature = 1.8e+03 K

   P(atm)        W2        P1        P2      Loss
      0.1  2.55e+05  9.39e+09  2.22e+04  9.39e+09
        1  9.64e+05  1.58e+10  1.16e+05  1.58e+10
       10  2.47e+06  2.41e+10  3.17e+05  2.41e+10
      100  5.19e+06  3.39e+10  1.22e+06  3.39e+10
      O-O  2.99e+07   6.2e+10       ***   6.2e+10

Reactant = W1   Temperature = 1.9e+03 K

   P(atm)        W2        P1        P2      Loss
      0.1  3.71e+05  8.46e+09  3.17e+04  8.46e+09
        1  1.36e+06  1.42e+10  1.62e+05  1.42e+10
       10  3.42e+06  2.17e+10  4.27e+05  2.17e+10
      100  7.05e+06  3.04e+10   1.6e+06  3.04e+10
      O-O  3.88e+07  5.58e+10       ***  5.59e+10

Reactant = W1   Temperature = 2e+03 K

   P(atm)        W2        P1        P2      Loss
      0.1  5.98e+05  7.85e+09  6.08e+04  7.85e+09
        1  2.01e+06  1.31e+10  2.68e+05  1.31e+10
       10  4.83e+06  1.98e+10  6.55e+05  1.98e+10
      100  9.62e+06  2.77e+10  2.24e+06  2.77e+10
      O-O  4.89e+07  5.04e+10       ***  5.05e+10

Reactant = W2   Temperature = 500 K

   P(atm)        W1        P1        P2      Loss
      0.1    -0.233  1.72e+04  1.92e+10  1.92e+10
        1      2.11   5.7e+04  5.16e+10  5.16e+10
       10       304  1.76e+05  1.13e+11  1.13e+11
      100  2.44e+04  5.07e+05  2.09e+11  2.09e+11
      O-O  4.02e+06       ***  5.07e+11  5.07e+11

Reactant = W2   Temperature = 600 K

   P(atm)        W1        P1        P2      Loss
      0.1     -1.42   4.5e+04  2.96e+10  2.96e+10
        1      25.3  1.56e+05  6.71e+10  6.71e+10
       10  1.77e+03  4.79e+05  1.32e+11  1.32e+11
      100  7.79e+04  1.26e+06  2.26e+11  2.26e+11
      O-O   9.9e+06       ***  5.26e+11  5.26e+11

Reactant = W2   Temperature = 700 K

   P(atm)        W1        P1        P2      Loss
      0.1      1.04  1.29e+05  3.51e+10  3.51e+10
        1       434  4.16e+05  7.32e+10  7.32e+10
       10  1.28e+04  1.17e+06  1.36e+11  1.36e+11
      100  2.53e+05  2.74e+06  2.22e+11  2.22e+11
      O-O  1.99e+07       ***  5.04e+11  5.04e+11

Reactant = W2   Temperature = 800 K

   P(atm)        W1        P1        P2      Loss
      0.1      50.4  3.56e+05  3.85e+10  3.85e+10
        1  4.74e+03  1.02e+06  7.59e+10  7.59e+10
       10  7.71e+04  2.57e+06  1.35e+11  1.35e+11
      100  7.62e+05  5.31e+06  2.13e+11  2.13e+11
      O-O  3.44e+07       ***  4.64e+11  4.64e+11

Reactant = W2   Temperature = 900 K

   P(atm)        W1        P1        P2      Loss
      0.1       749  7.27e+05   3.7e+10   3.7e+10
        1  3.18e+04  1.92e+06   7.1e+10   7.1e+10
       10  3.08e+05  4.42e+06  1.24e+11  1.24e+11
      100  1.85e+06  8.36e+06  1.92e+11  1.92e+11
      O-O  5.37e+07       ***  4.19e+11  4.19e+11

Reactant = W2   Temperature = 1e+03 K

   P(atm)        W1        P1        P2      Loss
      0.1  3.42e+03  1.39e+06  3.58e+10  3.58e+10
        1   1.1e+05  3.38e+06  6.69e+10  6.69e+10
       10  8.06e+05  7.16e+06  1.14e+11  1.14e+11
      100  3.72e+06  1.26e+07  1.74e+11  1.74e+11
      O-O  7.74e+07       ***  3.74e+11  3.74e+11

Reactant = W2   Temperature = 1.1e+03 K

   P(atm)        W1        P1        P2      Loss
      0.1  1.34e+04  2.33e+06  3.36e+10  3.36e+10
        1  3.05e+05  5.27e+06  6.17e+10  6.17e+10
       10  1.76e+06  1.04e+07  1.04e+11  1.04e+11
      100  6.66e+06  1.73e+07  1.56e+11  1.56e+11
      O-O  1.05e+08       ***  3.32e+11  3.32e+11

Reactant = W2   Temperature = 1.2e+03 K

   P(atm)        W1        P1        P2      Loss
      0.1  4.55e+04  3.53e+06   3.1e+10   3.1e+10
        1  7.12e+05  7.47e+06  5.61e+10  5.61e+10
       10  3.36e+06  1.39e+07   9.3e+10  9.31e+10
      100  1.09e+07   2.2e+07  1.39e+11  1.39e+11
      O-O  1.36e+08       ***  2.94e+11  2.94e+11

Reactant = W2   Temperature = 1.3e+03 K

   P(atm)        W1        P1        P2      Loss
      0.1  1.32e+05  4.92e+06  2.83e+10  2.83e+10
        1  1.44e+06  9.79e+06  5.06e+10  5.06e+10
       10  5.76e+06  1.73e+07  8.32e+10  8.32e+10
      100  1.65e+07  2.65e+07  1.23e+11  1.23e+11
      O-O   1.7e+08       ***  2.61e+11  2.61e+11

Reactant = W2   Temperature = 1.4e+03 K

   P(atm)        W1        P1        P2      Loss
      0.1  3.33e+05  6.39e+06  2.56e+10  2.56e+10
        1  2.62e+06   1.2e+07  4.54e+10  4.55e+10
       10  9.08e+06  2.04e+07  7.42e+10  7.43e+10
      100  2.36e+07  3.03e+07  1.09e+11  1.09e+11
      O-O  2.07e+08       ***  2.31e+11  2.32e+11

Reactant = W2   Temperature = 1.5e+03 K

   P(atm)        W1        P1        P2      Loss
      0.1   6.2e+05   8.5e+06  2.38e+10  2.38e+10
        1  4.15e+06  1.52e+07  4.19e+10  4.19e+10
       10  1.33e+07  2.47e+07  6.77e+10  6.77e+10
      100  3.22e+07  3.56e+07  9.88e+10  9.89e+10
      O-O  2.45e+08       ***  2.06e+11  2.06e+11

Reactant = W2   Temperature = 1.6e+03 K

   P(atm)        W1        P1        P2      Loss
      0.1  1.25e+06  9.89e+06  2.14e+10  2.14e+10
        1  6.44e+06  1.69e+07  3.75e+10  3.75e+10
       10  1.85e+07  2.67e+07  6.03e+10  6.03e+10
      100  4.21e+07  3.79e+07  8.79e+10  8.79e+10
      O-O  2.84e+08       ***  1.84e+11  1.84e+11

Reactant = W2   Temperature = 1.7e+03 K

   P(atm)        W1        P1        P2      Loss
      0.1  1.89e+06  1.22e+07  2.02e+10  2.02e+10
        1   8.6e+06  2.04e+07   3.5e+10   3.5e+10
       10  2.36e+07  3.17e+07  5.57e+10  5.58e+10
      100  5.17e+07  4.42e+07  8.04e+10  8.05e+10
      O-O  3.24e+08       ***  1.65e+11  1.65e+11

Reactant = W2   Temperature = 1.8e+03 K

   P(atm)        W1        P1        P2      Loss
      0.1  2.91e+06  1.33e+07  1.78e+10  1.78e+10
        1  1.17e+07  2.13e+07  3.08e+10  3.08e+10
       10  3.01e+07  3.24e+07  4.91e+10  4.92e+10
      100  6.32e+07  4.48e+07   7.1e+10  7.11e+10
      O-O  3.65e+08       ***  1.48e+11  1.48e+11

Reactant = W2   Temperature = 1.9e+03 K

   P(atm)        W1        P1        P2      Loss
      0.1  3.63e+06  1.58e+07  1.64e+10  1.65e+10
        1  1.42e+07  2.48e+07  2.83e+10  2.83e+10
       10  3.58e+07   3.7e+07  4.48e+10  4.49e+10
      100  7.37e+07  5.07e+07  6.45e+10  6.46e+10
      O-O  4.05e+08       ***  1.33e+11  1.33e+11

Reactant = W2   Temperature = 2e+03 K

   P(atm)        W1        P1        P2      Loss
      0.1  5.16e+06  1.76e+07  1.52e+10  1.52e+10
        1  1.82e+07   2.7e+07   2.6e+10  2.61e+10
       10   4.4e+07  3.95e+07   4.1e+10  4.11e+10
      100  8.76e+07  5.33e+07  5.87e+10  5.89e+10
      O-O  4.46e+08       ***   1.2e+11  1.21e+11

Reactant = P1   Temperature = 500 K

   P(atm)        W1        W2        P2      Loss
      0.1  9.14e-12  6.24e-22  1.48e-19   9.5e-12
        1  2.48e-11  2.11e-21  1.47e-19  2.54e-11
       10   5.3e-11  6.53e-21  1.43e-19   5.3e-11
      100  9.68e-11  1.88e-20  1.28e-19  9.68e-11
      O-O  1.91e-10       ***       ***  1.91e-10

Reactant = P1   Temperature = 600 K

   P(atm)        W1        W2        P2      Loss
      0.1  1.43e-11  8.82e-21     2e-18  1.47e-11
        1  3.23e-11  3.16e-20  1.98e-18  3.28e-11
       10  6.13e-11  9.74e-20  1.91e-18  6.13e-11
      100  1.02e-10  2.57e-19  1.72e-18  1.02e-10
      O-O  1.97e-10       ***       ***  1.97e-10

Reactant = P1   Temperature = 700 K

   P(atm)        W1        W2        P2      Loss
      0.1  1.84e-11  9.23e-20  1.48e-17  1.88e-11
        1   3.8e-11   3.1e-19  1.46e-17  3.86e-11
       10  6.77e-11  8.81e-19   1.4e-17  6.77e-11
      100  1.07e-10  2.06e-18  1.25e-17  1.07e-10
      O-O  2.03e-10       ***       ***  2.03e-10

Reactant = P1   Temperature = 800 K

   P(atm)        W1        W2        P2      Loss
      0.1  2.16e-11  7.19e-19  7.28e-17  2.21e-11
        1  4.26e-11  2.17e-18  7.13e-17  4.31e-11
       10  7.28e-11  5.51e-18  6.79e-17  7.28e-11
      100  1.11e-10  1.14e-17  5.98e-17  1.11e-10
      O-O  2.07e-10       ***       ***  2.07e-10

Reactant = P1   Temperature = 900 K

   P(atm)        W1        W2        P2      Loss
      0.1  2.39e-11  3.47e-18  2.68e-16  2.43e-11
        1  4.56e-11  9.62e-18  2.61e-16  4.61e-11
       10  7.61e-11  2.24e-17  2.47e-16  7.61e-11
      100  1.14e-10  4.24e-17  2.16e-16  1.14e-10
      O-O  2.11e-10       ***       ***  2.11e-10

Reactant = P1   Temperature = 1e+03 K

   P(atm)        W1        W2        P2      Loss
      0.1  2.51e-11  1.37e-17  7.93e-16  2.56e-11
        1  4.72e-11   3.5e-17   7.7e-16  4.76e-11
       10  7.76e-11  7.49e-17  7.24e-16  7.76e-11
      100  1.15e-10  1.32e-16  6.25e-16  1.15e-10
      O-O  2.15e-10       ***       ***  2.15e-10

Reactant = P1   Temperature = 1.1e+03 K

   P(atm)        W1        W2        P2      Loss
      0.1  2.65e-11  4.27e-17     2e-15  2.69e-11
        1  4.89e-11  1.02e-16  1.93e-15  4.94e-11
       10  7.94e-11  2.03e-16   1.8e-15  7.94e-11
      100  1.17e-10  3.38e-16  1.54e-15  1.17e-10
      O-O  2.18e-10       ***       ***  2.18e-10

Reactant = P1   Temperature = 1.2e+03 K

   P(atm)        W1        W2        P2      Loss
      0.1  2.78e-11  1.11e-16  4.43e-15  2.82e-11
        1  5.06e-11  2.48e-16  4.26e-15  5.12e-11
       10  8.14e-11  4.66e-16  3.96e-15  8.14e-11
      100  1.18e-10   7.4e-16  3.35e-15  1.18e-10
      O-O  2.22e-10       ***       ***  2.22e-10

Reactant = P1   Temperature = 1.3e+03 K

   P(atm)        W1        W2        P2      Loss
      0.1  2.91e-11  2.51e-16  8.87e-15  2.96e-11
        1  5.24e-11  5.25e-16  8.51e-15  5.29e-11
       10  8.34e-11  9.37e-16  7.87e-15  8.34e-11
      100   1.2e-10  1.43e-15  6.61e-15   1.2e-10
      O-O  2.25e-10       ***       ***  2.25e-10

Reactant = P1   Temperature = 1.4e+03 K

   P(atm)        W1        W2        P2      Loss
      0.1  3.05e-11  5.02e-16  1.64e-14  3.09e-11
        1  5.42e-11  9.87e-16  1.57e-14  5.47e-11
       10  8.55e-11  1.69e-15  1.44e-14  8.55e-11
      100  1.23e-10  2.51e-15   1.2e-14  1.23e-10
      O-O  2.27e-10       ***       ***  2.27e-10

Reactant = P1   Temperature = 1.5e+03 K

   P(atm)        W1        W2        P2      Loss
      0.1  3.18e-11  9.81e-16  2.82e-14  3.22e-11
        1   5.6e-11  1.83e-15  2.69e-14  5.65e-11
       10  8.76e-11     3e-15  2.45e-14  8.76e-11
      100  1.25e-10  4.33e-15  2.02e-14  1.25e-10
      O-O   2.3e-10       ***       ***   2.3e-10

Reactant = P1   Temperature = 1.6e+03 K

   P(atm)        W1        W2        P2      Loss
      0.1  3.31e-11  1.62e-15  4.61e-14  3.36e-11
        1  5.78e-11  2.88e-15  4.38e-14  5.83e-11
       10  8.96e-11  4.58e-15  3.99e-14  8.97e-11
      100  1.27e-10   6.5e-15  3.26e-14  1.27e-10
      O-O  2.32e-10       ***       ***  2.32e-10

Reactant = P1   Temperature = 1.7e+03 K

   P(atm)        W1        W2        P2      Loss
      0.1  3.42e-11  2.76e-15  7.16e-14  3.48e-11
        1  5.92e-11  4.77e-15  6.78e-14  5.98e-11
       10  9.13e-11  7.46e-15  6.14e-14  9.13e-11
      100  1.29e-10  1.04e-14  4.98e-14  1.29e-10
      O-O  2.35e-10       ***       ***  2.35e-10

Reactant = P1   Temperature = 1.8e+03 K

   P(atm)        W1        W2        P2      Loss
      0.1  3.48e-11  4.02e-15  1.07e-13  3.53e-11
        1     6e-11  6.67e-15  1.01e-13  6.06e-11
       10  9.22e-11  1.02e-14  9.15e-14  9.23e-11
      100   1.3e-10  1.41e-14  7.38e-14   1.3e-10
      O-O  2.37e-10       ***       ***  2.37e-10

Reactant = P1   Temperature = 1.9e+03 K

   P(atm)        W1        W2        P2      Loss
      0.1  3.51e-11  6.24e-15  1.54e-13  3.57e-11
        1  6.04e-11  1.01e-14  1.45e-13  6.11e-11
       10  9.27e-11  1.52e-14  1.31e-13  9.28e-11
      100   1.3e-10  2.08e-14  1.05e-13   1.3e-10
      O-O  2.39e-10       ***       ***  2.39e-10

Reactant = P1   Temperature = 2e+03 K

   P(atm)        W1        W2        P2      Loss
      0.1  3.64e-11  8.95e-15  2.16e-13   3.7e-11
        1  6.22e-11  1.41e-14  2.02e-13   6.3e-11
       10  9.48e-11  2.07e-14  1.81e-13   9.5e-11
      100  1.33e-10   2.8e-14  1.43e-13  1.33e-10
      O-O  2.41e-10       ***       ***  2.41e-10

Reactant = P2   Temperature = 500 K

   P(atm)        W1        W2        P1      Loss
      0.1  3.43e-22  7.02e-12   1.5e-15  7.33e-12
        1  4.54e-21  1.92e-11  1.48e-15  1.97e-11
       10  1.13e-19  4.24e-11  1.44e-15  4.24e-11
      100  1.38e-17  7.83e-11  1.29e-15  7.83e-11
      O-O       ***   1.9e-10       ***   1.9e-10

Reactant = P2   Temperature = 600 K

   P(atm)        W1        W2        P1      Loss
      0.1  1.54e-21  1.06e-11  3.66e-15   1.1e-11
        1  1.88e-20  2.48e-11  3.61e-15  2.52e-11
       10  4.15e-19  4.91e-11   3.5e-15  4.91e-11
      100   3.2e-17   8.4e-11  3.14e-15   8.4e-11
      O-O       ***  1.96e-10       ***  1.96e-10

Reactant = P2   Temperature = 700 K

   P(atm)        W1        W2        P1      Loss
      0.1  1.04e-20  1.33e-11  7.84e-15  1.37e-11
        1  8.02e-20  2.89e-11  7.72e-15  2.94e-11
       10  1.45e-18   5.4e-11  7.42e-15  5.41e-11
      100  7.46e-17  8.85e-11  6.63e-15  8.85e-11
      O-O       ***  2.01e-10       ***  2.01e-10

Reactant = P2   Temperature = 800 K

   P(atm)        W1        W2        P1      Loss
      0.1  9.43e-20  1.61e-11   1.5e-14  1.65e-11
        1  3.93e-19  3.32e-11  1.47e-14  3.37e-11
       10  4.56e-18  5.95e-11   1.4e-14  5.96e-11
      100  1.63e-16   9.4e-11  1.23e-14  9.41e-11
      O-O       ***  2.06e-10       ***  2.06e-10

Reactant = P2   Temperature = 900 K

   P(atm)        W1        W2        P1      Loss
      0.1  6.13e-19  1.74e-11  2.64e-14  1.78e-11
        1  1.81e-18  3.51e-11  2.58e-14  3.56e-11
       10  1.39e-17  6.17e-11  2.44e-14  6.17e-11
      100  3.42e-16  9.59e-11  2.13e-14   9.6e-11
      O-O       ***   2.1e-10       ***   2.1e-10

Reactant = P2   Temperature = 1e+03 K

   P(atm)        W1        W2        P1      Loss
      0.1  2.54e-18  1.91e-11  4.32e-14  1.96e-11
        1  6.04e-18  3.77e-11  4.19e-14  3.83e-11
       10  3.37e-17   6.5e-11  3.94e-14   6.5e-11
      100   6.2e-16  9.92e-11  3.41e-14  9.93e-11
      O-O       ***  2.13e-10       ***  2.13e-10

Reactant = P2   Temperature = 1.1e+03 K

   P(atm)        W1        W2        P1      Loss
      0.1  8.59e-18  2.05e-11  6.68e-14   2.1e-11
        1  1.76e-17  3.98e-11  6.45e-14  4.03e-11
       10  7.94e-17  6.75e-11  6.02e-14  6.75e-11
      100  1.09e-15  1.02e-10  5.15e-14  1.02e-10
      O-O       ***  2.17e-10       ***  2.17e-10

Reactant = P2   Temperature = 1.2e+03 K

   P(atm)        W1        W2        P1      Loss
      0.1  2.46e-17  2.17e-11  9.85e-14  2.22e-11
        1  4.64e-17  4.14e-11  9.49e-14   4.2e-11
       10  1.79e-16  6.95e-11  8.81e-14  6.95e-11
      100  1.88e-15  1.04e-10  7.47e-14  1.04e-10
      O-O       ***   2.2e-10       ***   2.2e-10

Reactant = P2   Temperature = 1.3e+03 K

   P(atm)        W1        W2        P1      Loss
      0.1  6.14e-17  2.26e-11   1.4e-13  2.32e-11
        1  1.13e-16  4.27e-11  1.34e-13  4.33e-11
       10  3.88e-16   7.1e-11  1.24e-13  7.11e-11
      100  3.15e-15  1.05e-10  1.04e-13  1.05e-10
      O-O       ***  2.23e-10       ***  2.23e-10

Reactant = P2   Temperature = 1.4e+03 K

   P(atm)        W1        W2        P1      Loss
      0.1  1.37e-16  2.34e-11  1.93e-13   2.4e-11
        1  2.57e-16  4.38e-11  1.85e-13  4.44e-11
       10  7.98e-16  7.22e-11   1.7e-13  7.24e-11
      100  5.15e-15  1.07e-10  1.42e-13  1.07e-10
      O-O       ***  2.26e-10       ***  2.26e-10

Reactant = P2   Temperature = 1.5e+03 K

   P(atm)        W1        W2        P1      Loss
      0.1  2.64e-16  2.47e-11  2.57e-13  2.54e-11
        1  4.88e-16  4.58e-11  2.45e-13  4.65e-11
       10  1.39e-15  7.48e-11  2.24e-13   7.5e-11
      100  7.72e-15  1.09e-10  1.85e-13   1.1e-10
      O-O       ***  2.28e-10       ***  2.28e-10

Reactant = P2   Temperature = 1.6e+03 K

   P(atm)        W1        W2        P1      Loss
      0.1  5.04e-16  2.52e-11  3.37e-13   2.6e-11
        1     1e-15  4.64e-11   3.2e-13  4.72e-11
       10  2.62e-15  7.55e-11  2.92e-13  7.58e-11
      100   1.2e-14   1.1e-10  2.39e-13   1.1e-10
      O-O       ***  2.31e-10       ***  2.31e-10

Reactant = P2   Temperature = 1.7e+03 K

   P(atm)        W1        W2        P1      Loss
      0.1  6.96e-16  2.71e-11  4.31e-13   2.8e-11
        1  1.43e-15  4.91e-11  4.08e-13  4.99e-11
       10   3.6e-15  7.88e-11   3.7e-13  7.92e-11
      100  1.58e-14  1.14e-10     3e-13  1.14e-10
      O-O       ***  2.33e-10       ***  2.33e-10

Reactant = P2   Temperature = 1.8e+03 K

   P(atm)        W1        W2        P1      Loss
      0.1   1.3e-15  2.67e-11  5.43e-13  2.76e-11
        1  2.68e-15  4.85e-11  5.13e-13  4.94e-11
       10  6.29e-15   7.8e-11  4.64e-13  7.85e-11
      100  2.37e-14  1.13e-10  3.74e-13  1.13e-10
      O-O       ***  2.35e-10       ***  2.35e-10

Reactant = P2   Temperature = 1.9e+03 K

   P(atm)        W1        W2        P1      Loss
      0.1  1.77e-15  2.77e-11  6.71e-13  2.88e-11
        1  3.57e-15  4.99e-11  6.32e-13   5.1e-11
       10  8.15e-15  7.99e-11  5.69e-13  8.04e-11
      100  2.99e-14  1.15e-10  4.56e-13  1.16e-10
      O-O       ***  2.37e-10       ***  2.37e-10

Reactant = P2   Temperature = 2e+03 K

   P(atm)        W1        W2        P1      Loss
      0.1  2.74e-15  2.86e-11  8.18e-13  2.99e-11
        1   5.6e-15  5.13e-11  7.67e-13  5.25e-11
       10  1.21e-14  8.15e-11  6.87e-13  8.22e-11
      100  4.07e-14  1.17e-10  5.45e-13  1.17e-10
      O-O       ***  2.39e-10       ***  2.39e-10

______________________________________________________________________________________

Temperature-Species Rate Tables:

Reactant = W1   Pressure = 0.1 atm

   T(K)        W2        P1        P2      Loss   Capture
    500  4.08e-06  1.03e+10  9.87e-06  1.03e+10  2.13e+11
    600  2.58e-05  1.63e+10  0.000211  1.63e+10  2.21e+11
    700   0.00894  1.98e+10   0.00269  1.98e+10  2.11e+11
    800     0.291   2.1e+10    0.0244   2.1e+10  1.95e+11
    900      5.36  2.06e+10     0.205  2.06e+10  1.76e+11
  1e+03      41.6   1.9e+10     0.931   1.9e+10  1.57e+11
1.1e+03       242  1.75e+10      3.95  1.75e+10  1.39e+11
1.2e+03  1.13e+03  1.61e+10      18.4  1.61e+10  1.23e+11
1.3e+03  4.29e+03  1.47e+10      94.5  1.47e+10  1.09e+11
1.4e+03  1.37e+04  1.35e+10       459  1.35e+10  9.71e+10
1.5e+03  3.23e+04  1.24e+10  1.27e+03  1.24e+10  8.64e+10
1.6e+03  7.82e+04  1.14e+10  4.76e+03  1.14e+10  7.71e+10
1.7e+03   1.4e+05  1.04e+10  8.81e+03  1.04e+10   6.9e+10
1.8e+03  2.55e+05  9.39e+09  2.22e+04  9.39e+09   6.2e+10
1.9e+03  3.71e+05  8.46e+09  3.17e+04  8.46e+09  5.59e+10
  2e+03  5.98e+05  7.85e+09  6.08e+04  7.85e+09  5.05e+10

Reactant = W1   Pressure = 1 atm

   T(K)        W2        P1        P2      Loss   Capture
    500  0.000212  2.77e+10  0.000242  2.77e+10  2.13e+11
    600   0.00848  3.63e+10   0.00568  3.63e+10  2.21e+11
    700      0.38  3.99e+10    0.0722  3.99e+10  2.11e+11
    800      10.1  4.03e+10     0.577  4.03e+10  1.95e+11
    900       138  3.82e+10      4.44  3.82e+10  1.76e+11
  1e+03       863  3.46e+10      22.9  3.46e+10  1.57e+11
1.1e+03  3.88e+03  3.13e+10       113  3.13e+10  1.39e+11
1.2e+03  1.35e+04  2.84e+10       495  2.84e+10  1.23e+11
1.3e+03  3.86e+04  2.57e+10  1.87e+03  2.57e+10  1.09e+11
1.4e+03  9.37e+04  2.33e+10  6.04e+03  2.33e+10  9.71e+10
1.5e+03  1.91e+05  2.12e+10  1.38e+04  2.12e+10  8.64e+10
1.6e+03  3.69e+05  1.93e+10  3.52e+04  1.93e+10  7.71e+10
1.7e+03  5.99e+05  1.75e+10  5.68e+04  1.75e+10   6.9e+10
1.8e+03  9.64e+05  1.58e+10  1.16e+05  1.58e+10   6.2e+10
1.9e+03  1.36e+06  1.42e+10  1.62e+05  1.42e+10  5.59e+10
  2e+03  2.01e+06  1.31e+10  2.68e+05  1.31e+10  5.05e+10

Reactant = W1   Pressure = 10 atm

   T(K)        W2        P1        P2      Loss   Capture
    500    0.0134  5.89e+10    0.0107  5.89e+10  2.13e+11
    600     0.419  6.86e+10     0.218  6.86e+10  2.21e+11
    700      10.3  7.08e+10      2.48  7.08e+10  2.11e+11
    800       157  6.85e+10      17.9  6.85e+10  1.95e+11
    900   1.3e+03  6.34e+10       103  6.34e+10  1.76e+11
  1e+03  6.18e+03  5.67e+10       398  5.67e+10  1.57e+11
1.1e+03   2.2e+04  5.07e+10  1.35e+03  5.07e+10  1.39e+11
1.2e+03   6.3e+04  4.53e+10   4.1e+03  4.53e+10  1.23e+11
1.3e+03  1.52e+05  4.06e+10  1.11e+04  4.06e+10  1.09e+11
1.4e+03  3.22e+05  3.65e+10  2.75e+04  3.65e+10  9.71e+10
1.5e+03  6.05e+05  3.29e+10  5.47e+04  3.29e+10  8.64e+10
1.6e+03  1.06e+06  2.98e+10  1.15e+05  2.98e+10  7.71e+10
1.7e+03  1.63e+06  2.68e+10  1.71e+05  2.68e+10   6.9e+10
1.8e+03  2.47e+06  2.41e+10  3.17e+05  2.41e+10   6.2e+10
1.9e+03  3.42e+06  2.17e+10  4.27e+05  2.17e+10  5.59e+10
  2e+03  4.83e+06  1.98e+10  6.55e+05  1.98e+10  5.05e+10

Reactant = W1   Pressure = 100 atm

   T(K)        W2        P1        P2      Loss   Capture
    500      1.01  1.08e+11      1.51  1.08e+11  2.13e+11
    600      17.8  1.14e+11      19.4  1.14e+11  2.21e+11
    700       200  1.12e+11       146  1.12e+11  2.11e+11
    800  1.54e+03  1.05e+11       733  1.05e+11  1.95e+11
    900  7.83e+03  9.49e+10  2.86e+03  9.49e+10  1.76e+11
  1e+03  2.84e+04   8.4e+10  8.23e+03   8.4e+10  1.57e+11
1.1e+03   8.3e+04  7.43e+10  2.07e+04  7.43e+10  1.39e+11
1.2e+03  2.04e+05  6.59e+10  4.67e+04  6.59e+10  1.23e+11
1.3e+03  4.36e+05  5.86e+10  9.66e+04  5.86e+10  1.09e+11
1.4e+03  8.35e+05  5.23e+10  1.86e+05  5.23e+10  9.71e+10
1.5e+03  1.47e+06  4.68e+10  3.16e+05  4.68e+10  8.64e+10
1.6e+03   2.4e+06  4.21e+10  5.45e+05  4.21e+10  7.71e+10
1.7e+03  3.58e+06  3.78e+10  7.68e+05  3.78e+10   6.9e+10
1.8e+03  5.19e+06  3.39e+10  1.22e+06  3.39e+10   6.2e+10
1.9e+03  7.05e+06  3.04e+10   1.6e+06  3.04e+10  5.59e+10
  2e+03  9.62e+06  2.77e+10  2.24e+06  2.77e+10  5.05e+10

Reactant = W2   Pressure = 0.1 atm

   T(K)        W1        P1        P2      Loss   Capture
    500    -0.233  1.72e+04  1.92e+10  1.92e+10  5.07e+11
    600     -1.42   4.5e+04  2.96e+10  2.96e+10  5.26e+11
    700      1.04  1.29e+05  3.51e+10  3.51e+10  5.04e+11
    800      50.4  3.56e+05  3.85e+10  3.85e+10  4.64e+11
    900       749  7.27e+05   3.7e+10   3.7e+10  4.19e+11
  1e+03  3.42e+03  1.39e+06  3.58e+10  3.58e+10  3.74e+11
1.1e+03  1.34e+04  2.33e+06  3.36e+10  3.36e+10  3.32e+11
1.2e+03  4.55e+04  3.53e+06   3.1e+10   3.1e+10  2.94e+11
1.3e+03  1.32e+05  4.92e+06  2.83e+10  2.83e+10  2.61e+11
1.4e+03  3.33e+05  6.39e+06  2.56e+10  2.56e+10  2.32e+11
1.5e+03   6.2e+05   8.5e+06  2.38e+10  2.38e+10  2.06e+11
1.6e+03  1.25e+06  9.89e+06  2.14e+10  2.14e+10  1.84e+11
1.7e+03  1.89e+06  1.22e+07  2.02e+10  2.02e+10  1.65e+11
1.8e+03  2.91e+06  1.33e+07  1.78e+10  1.78e+10  1.48e+11
1.9e+03  3.63e+06  1.58e+07  1.64e+10  1.65e+10  1.33e+11
  2e+03  5.16e+06  1.76e+07  1.52e+10  1.52e+10  1.21e+11

Reactant = W2   Pressure = 1 atm

   T(K)        W1        P1        P2      Loss   Capture
    500      2.11   5.7e+04  5.16e+10  5.16e+10  5.07e+11
    600      25.3  1.56e+05  6.71e+10  6.71e+10  5.26e+11
    700       434  4.16e+05  7.32e+10  7.32e+10  5.04e+11
    800  4.74e+03  1.02e+06  7.59e+10  7.59e+10  4.64e+11
    900  3.18e+04  1.92e+06   7.1e+10   7.1e+10  4.19e+11
  1e+03   1.1e+05  3.38e+06  6.69e+10  6.69e+10  3.74e+11
1.1e+03  3.05e+05  5.27e+06  6.17e+10  6.17e+10  3.32e+11
1.2e+03  7.12e+05  7.47e+06  5.61e+10  5.61e+10  2.94e+11
1.3e+03  1.44e+06  9.79e+06  5.06e+10  5.06e+10  2.61e+11
1.4e+03  2.62e+06   1.2e+07  4.54e+10  4.55e+10  2.32e+11
1.5e+03  4.15e+06  1.52e+07  4.19e+10  4.19e+10  2.06e+11
1.6e+03  6.44e+06  1.69e+07  3.75e+10  3.75e+10  1.84e+11
1.7e+03   8.6e+06  2.04e+07   3.5e+10   3.5e+10  1.65e+11
1.8e+03  1.17e+07  2.13e+07  3.08e+10  3.08e+10  1.48e+11
1.9e+03  1.42e+07  2.48e+07  2.83e+10  2.83e+10  1.33e+11
  2e+03  1.82e+07   2.7e+07   2.6e+10  2.61e+10  1.21e+11

Reactant = W2   Pressure = 10 atm

   T(K)        W1        P1        P2      Loss   Capture
    500       304  1.76e+05  1.13e+11  1.13e+11  5.07e+11
    600  1.77e+03  4.79e+05  1.32e+11  1.32e+11  5.26e+11
    700  1.28e+04  1.17e+06  1.36e+11  1.36e+11  5.04e+11
    800  7.71e+04  2.57e+06  1.35e+11  1.35e+11  4.64e+11
    900  3.08e+05  4.42e+06  1.24e+11  1.24e+11  4.19e+11
  1e+03  8.06e+05  7.16e+06  1.14e+11  1.14e+11  3.74e+11
1.1e+03  1.76e+06  1.04e+07  1.04e+11  1.04e+11  3.32e+11
1.2e+03  3.36e+06  1.39e+07   9.3e+10  9.31e+10  2.94e+11
1.3e+03  5.76e+06  1.73e+07  8.32e+10  8.32e+10  2.61e+11
1.4e+03  9.08e+06  2.04e+07  7.42e+10  7.43e+10  2.32e+11
1.5e+03  1.33e+07  2.47e+07  6.77e+10  6.77e+10  2.06e+11
1.6e+03  1.85e+07  2.67e+07  6.03e+10  6.03e+10  1.84e+11
1.7e+03  2.36e+07  3.17e+07  5.57e+10  5.58e+10  1.65e+11
1.8e+03  3.01e+07  3.24e+07  4.91e+10  4.92e+10  1.48e+11
1.9e+03  3.58e+07   3.7e+07  4.48e+10  4.49e+10  1.33e+11
  2e+03   4.4e+07  3.95e+07   4.1e+10  4.11e+10  1.21e+11

Reactant = W2   Pressure = 100 atm

   T(K)        W1        P1        P2      Loss   Capture
    500  2.44e+04  5.07e+05  2.09e+11  2.09e+11  5.07e+11
    600  7.79e+04  1.26e+06  2.26e+11  2.26e+11  5.26e+11
    700  2.53e+05  2.74e+06  2.22e+11  2.22e+11  5.04e+11
    800  7.62e+05  5.31e+06  2.13e+11  2.13e+11  4.64e+11
    900  1.85e+06  8.36e+06  1.92e+11  1.92e+11  4.19e+11
  1e+03  3.72e+06  1.26e+07  1.74e+11  1.74e+11  3.74e+11
1.1e+03  6.66e+06  1.73e+07  1.56e+11  1.56e+11  3.32e+11
1.2e+03  1.09e+07   2.2e+07  1.39e+11  1.39e+11  2.94e+11
1.3e+03  1.65e+07  2.65e+07  1.23e+11  1.23e+11  2.61e+11
1.4e+03  2.36e+07  3.03e+07  1.09e+11  1.09e+11  2.32e+11
1.5e+03  3.22e+07  3.56e+07  9.88e+10  9.89e+10  2.06e+11
1.6e+03  4.21e+07  3.79e+07  8.79e+10  8.79e+10  1.84e+11
1.7e+03  5.17e+07  4.42e+07  8.04e+10  8.05e+10  1.65e+11
1.8e+03  6.32e+07  4.48e+07   7.1e+10  7.11e+10  1.48e+11
1.9e+03  7.37e+07  5.07e+07  6.45e+10  6.46e+10  1.33e+11
  2e+03  8.76e+07  5.33e+07  5.87e+10  5.89e+10  1.21e+11

Reactant = P1   Pressure = 0.1 atm

   T(K)        W1        W2        P2      Loss   Capture
    500  9.14e-12  6.24e-22  1.48e-19   9.5e-12  1.91e-10
    600  1.43e-11  8.82e-21     2e-18  1.47e-11  1.97e-10
    700  1.84e-11  9.23e-20  1.48e-17  1.88e-11  2.03e-10
    800  2.16e-11  7.19e-19  7.28e-17  2.21e-11  2.07e-10
    900  2.39e-11  3.47e-18  2.68e-16  2.43e-11  2.11e-10
  1e+03  2.51e-11  1.37e-17  7.93e-16  2.56e-11  2.15e-10
1.1e+03  2.65e-11  4.27e-17     2e-15  2.69e-11  2.18e-10
1.2e+03  2.78e-11  1.11e-16  4.43e-15  2.82e-11  2.22e-10
1.3e+03  2.91e-11  2.51e-16  8.87e-15  2.96e-11  2.25e-10
1.4e+03  3.05e-11  5.02e-16  1.64e-14  3.09e-11  2.27e-10
1.5e+03  3.18e-11  9.81e-16  2.82e-14  3.22e-11   2.3e-10
1.6e+03  3.31e-11  1.62e-15  4.61e-14  3.36e-11  2.32e-10
1.7e+03  3.42e-11  2.76e-15  7.16e-14  3.48e-11  2.35e-10
1.8e+03  3.48e-11  4.02e-15  1.07e-13  3.53e-11  2.37e-10
1.9e+03  3.51e-11  6.24e-15  1.54e-13  3.57e-11  2.39e-10
  2e+03  3.64e-11  8.95e-15  2.16e-13   3.7e-11  2.41e-10

Reactant = P1   Pressure = 1 atm

   T(K)        W1        W2        P2      Loss   Capture
    500  2.48e-11  2.11e-21  1.47e-19  2.54e-11  1.91e-10
    600  3.23e-11  3.16e-20  1.98e-18  3.28e-11  1.97e-10
    700   3.8e-11   3.1e-19  1.46e-17  3.86e-11  2.03e-10
    800  4.26e-11  2.17e-18  7.13e-17  4.31e-11  2.07e-10
    900  4.56e-11  9.62e-18  2.61e-16  4.61e-11  2.11e-10
  1e+03  4.72e-11   3.5e-17   7.7e-16  4.76e-11  2.15e-10
1.1e+03  4.89e-11  1.02e-16  1.93e-15  4.94e-11  2.18e-10
1.2e+03  5.06e-11  2.48e-16  4.26e-15  5.12e-11  2.22e-10
1.3e+03  5.24e-11  5.25e-16  8.51e-15  5.29e-11  2.25e-10
1.4e+03  5.42e-11  9.87e-16  1.57e-14  5.47e-11  2.27e-10
1.5e+03   5.6e-11  1.83e-15  2.69e-14  5.65e-11   2.3e-10
1.6e+03  5.78e-11  2.88e-15  4.38e-14  5.83e-11  2.32e-10
1.7e+03  5.92e-11  4.77e-15  6.78e-14  5.98e-11  2.35e-10
1.8e+03     6e-11  6.67e-15  1.01e-13  6.06e-11  2.37e-10
1.9e+03  6.04e-11  1.01e-14  1.45e-13  6.11e-11  2.39e-10
  2e+03  6.22e-11  1.41e-14  2.02e-13   6.3e-11  2.41e-10

Reactant = P1   Pressure = 10 atm

   T(K)        W1        W2        P2      Loss   Capture
    500   5.3e-11  6.53e-21  1.43e-19   5.3e-11  1.91e-10
    600  6.13e-11  9.74e-20  1.91e-18  6.13e-11  1.97e-10
    700  6.77e-11  8.81e-19   1.4e-17  6.77e-11  2.03e-10
    800  7.28e-11  5.51e-18  6.79e-17  7.28e-11  2.07e-10
    900  7.61e-11  2.24e-17  2.47e-16  7.61e-11  2.11e-10
  1e+03  7.76e-11  7.49e-17  7.24e-16  7.76e-11  2.15e-10
1.1e+03  7.94e-11  2.03e-16   1.8e-15  7.94e-11  2.18e-10
1.2e+03  8.14e-11  4.66e-16  3.96e-15  8.14e-11  2.22e-10
1.3e+03  8.34e-11  9.37e-16  7.87e-15  8.34e-11  2.25e-10
1.4e+03  8.55e-11  1.69e-15  1.44e-14  8.55e-11  2.27e-10
1.5e+03  8.76e-11     3e-15  2.45e-14  8.76e-11   2.3e-10
1.6e+03  8.96e-11  4.58e-15  3.99e-14  8.97e-11  2.32e-10
1.7e+03  9.13e-11  7.46e-15  6.14e-14  9.13e-11  2.35e-10
1.8e+03  9.22e-11  1.02e-14  9.15e-14  9.23e-11  2.37e-10
1.9e+03  9.27e-11  1.52e-14  1.31e-13  9.28e-11  2.39e-10
  2e+03  9.48e-11  2.07e-14  1.81e-13   9.5e-11  2.41e-10

Reactant = P1   Pressure = 100 atm

   T(K)        W1        W2        P2      Loss   Capture
    500  9.68e-11  1.88e-20  1.28e-19  9.68e-11  1.91e-10
    600  1.02e-10  2.57e-19  1.72e-18  1.02e-10  1.97e-10
    700  1.07e-10  2.06e-18  1.25e-17  1.07e-10  2.03e-10
    800  1.11e-10  1.14e-17  5.98e-17  1.11e-10  2.07e-10
    900  1.14e-10  4.24e-17  2.16e-16  1.14e-10  2.11e-10
  1e+03  1.15e-10  1.32e-16  6.25e-16  1.15e-10  2.15e-10
1.1e+03  1.17e-10  3.38e-16  1.54e-15  1.17e-10  2.18e-10
1.2e+03  1.18e-10   7.4e-16  3.35e-15  1.18e-10  2.22e-10
1.3e+03   1.2e-10  1.43e-15  6.61e-15   1.2e-10  2.25e-10
1.4e+03  1.23e-10  2.51e-15   1.2e-14  1.23e-10  2.27e-10
1.5e+03  1.25e-10  4.33e-15  2.02e-14  1.25e-10   2.3e-10
1.6e+03  1.27e-10   6.5e-15  3.26e-14  1.27e-10  2.32e-10
1.7e+03  1.29e-10  1.04e-14  4.98e-14  1.29e-10  2.35e-10
1.8e+03   1.3e-10  1.41e-14  7.38e-14   1.3e-10  2.37e-10
1.9e+03   1.3e-10  2.08e-14  1.05e-13   1.3e-10  2.39e-10
  2e+03  1.33e-10   2.8e-14  1.43e-13  1.33e-10  2.41e-10

Reactant = P2   Pressure = 0.1 atm

   T(K)        W1        W2        P1      Loss   Capture
    500  3.43e-22  7.02e-12   1.5e-15  7.33e-12   1.9e-10
    600  1.54e-21  1.06e-11  3.66e-15   1.1e-11  1.96e-10
    700  1.04e-20  1.33e-11  7.84e-15  1.37e-11  2.01e-10
    800  9.43e-20  1.61e-11   1.5e-14  1.65e-11  2.06e-10
    900  6.13e-19  1.74e-11  2.64e-14  1.78e-11   2.1e-10
  1e+03  2.54e-18  1.91e-11  4.32e-14  1.96e-11  2.13e-10
1.1e+03  8.59e-18  2.05e-11  6.68e-14   2.1e-11  2.17e-10
1.2e+03  2.46e-17  2.17e-11  9.85e-14  2.22e-11   2.2e-10
1.3e+03  6.14e-17  2.26e-11   1.4e-13  2.32e-11  2.23e-10
1.4e+03  1.37e-16  2.34e-11  1.93e-13   2.4e-11  2.26e-10
1.5e+03  2.64e-16  2.47e-11  2.57e-13  2.54e-11  2.28e-10
1.6e+03  5.04e-16  2.52e-11  3.37e-13   2.6e-11  2.31e-10
1.7e+03  6.96e-16  2.71e-11  4.31e-13   2.8e-11  2.33e-10
1.8e+03   1.3e-15  2.67e-11  5.43e-13  2.76e-11  2.35e-10
1.9e+03  1.77e-15  2.77e-11  6.71e-13  2.88e-11  2.37e-10
  2e+03  2.74e-15  2.86e-11  8.18e-13  2.99e-11  2.39e-10

Reactant = P2   Pressure = 1 atm

   T(K)        W1        W2        P1      Loss   Capture
    500  4.54e-21  1.92e-11  1.48e-15  1.97e-11   1.9e-10
    600  1.88e-20  2.48e-11  3.61e-15  2.52e-11  1.96e-10
    700  8.02e-20  2.89e-11  7.72e-15  2.94e-11  2.01e-10
    800  3.93e-19  3.32e-11  1.47e-14  3.37e-11  2.06e-10
    900  1.81e-18  3.51e-11  2.58e-14  3.56e-11   2.1e-10
  1e+03  6.04e-18  3.77e-11  4.19e-14  3.83e-11  2.13e-10
1.1e+03  1.76e-17  3.98e-11  6.45e-14  4.03e-11  2.17e-10
1.2e+03  4.64e-17  4.14e-11  9.49e-14   4.2e-11   2.2e-10
1.3e+03  1.13e-16  4.27e-11  1.34e-13  4.33e-11  2.23e-10
1.4e+03  2.57e-16  4.38e-11  1.85e-13  4.44e-11  2.26e-10
1.5e+03  4.88e-16  4.58e-11  2.45e-13  4.65e-11  2.28e-10
1.6e+03     1e-15  4.64e-11   3.2e-13  4.72e-11  2.31e-10
1.7e+03  1.43e-15  4.91e-11  4.08e-13  4.99e-11  2.33e-10
1.8e+03  2.68e-15  4.85e-11  5.13e-13  4.94e-11  2.35e-10
1.9e+03  3.57e-15  4.99e-11  6.32e-13   5.1e-11  2.37e-10
  2e+03   5.6e-15  5.13e-11  7.67e-13  5.25e-11  2.39e-10

Reactant = P2   Pressure = 10 atm

   T(K)        W1        W2        P1      Loss   Capture
    500  1.13e-19  4.24e-11  1.44e-15  4.24e-11   1.9e-10
    600  4.15e-19  4.91e-11   3.5e-15  4.91e-11  1.96e-10
    700  1.45e-18   5.4e-11  7.42e-15  5.41e-11  2.01e-10
    800  4.56e-18  5.95e-11   1.4e-14  5.96e-11  2.06e-10
    900  1.39e-17  6.17e-11  2.44e-14  6.17e-11   2.1e-10
  1e+03  3.37e-17   6.5e-11  3.94e-14   6.5e-11  2.13e-10
1.1e+03  7.94e-17  6.75e-11  6.02e-14  6.75e-11  2.17e-10
1.2e+03  1.79e-16  6.95e-11  8.81e-14  6.95e-11   2.2e-10
1.3e+03  3.88e-16   7.1e-11  1.24e-13  7.11e-11  2.23e-10
1.4e+03  7.98e-16  7.22e-11   1.7e-13  7.24e-11  2.26e-10
1.5e+03  1.39e-15  7.48e-11  2.24e-13   7.5e-11  2.28e-10
1.6e+03  2.62e-15  7.55e-11  2.92e-13  7.58e-11  2.31e-10
1.7e+03   3.6e-15  7.88e-11   3.7e-13  7.92e-11  2.33e-10
1.8e+03  6.29e-15   7.8e-11  4.64e-13  7.85e-11  2.35e-10
1.9e+03  8.15e-15  7.99e-11  5.69e-13  8.04e-11  2.37e-10
  2e+03  1.21e-14  8.15e-11  6.87e-13  8.22e-11  2.39e-10

Reactant = P2   Pressure = 100 atm

   T(K)        W1        W2        P1      Loss   Capture
    500  1.38e-17  7.83e-11  1.29e-15  7.83e-11   1.9e-10
    600   3.2e-17   8.4e-11  3.14e-15   8.4e-11  1.96e-10
    700  7.46e-17  8.85e-11  6.63e-15  8.85e-11  2.01e-10
    800  1.63e-16   9.4e-11  1.23e-14  9.41e-11  2.06e-10
    900  3.42e-16  9.59e-11  2.13e-14   9.6e-11   2.1e-10
  1e+03   6.2e-16  9.92e-11  3.41e-14  9.93e-11  2.13e-10
1.1e+03  1.09e-15  1.02e-10  5.15e-14  1.02e-10  2.17e-10
1.2e+03  1.88e-15  1.04e-10  7.47e-14  1.04e-10   2.2e-10
1.3e+03  3.15e-15  1.05e-10  1.04e-13  1.05e-10  2.23e-10
1.4e+03  5.15e-15  1.07e-10  1.42e-13  1.07e-10  2.26e-10
1.5e+03  7.72e-15  1.09e-10  1.85e-13   1.1e-10  2.28e-10
1.6e+03   1.2e-14   1.1e-10  2.39e-13   1.1e-10  2.31e-10
1.7e+03  1.58e-14  1.14e-10     3e-13  1.14e-10  2.33e-10
1.8e+03  2.37e-14  1.13e-10  3.74e-13  1.13e-10  2.35e-10
1.9e+03  2.99e-14  1.15e-10  4.56e-13  1.16e-10  2.37e-10
  2e+03  4.07e-14  1.17e-10  5.45e-13  1.17e-10  2.39e-10

______________________________________________________________________________________

Temperature-Pressure Rate Tables:

W1->W2

P\T           500       600       700       800       900     1e+03   1.1e+03   1.2e+03   1.3e+03   1.4e+03   1.5e+03   1.6e+03   1.7e+03   1.8e+03   1.9e+03     2e+03
0.1      4.08e-06  2.58e-05   0.00894     0.291      5.36      41.6       242  1.13e+03  4.29e+03  1.37e+04  3.23e+04  7.82e+04   1.4e+05  2.55e+05  3.71e+05  5.98e+05
1        0.000212   0.00848      0.38      10.1       138       863  3.88e+03  1.35e+04  3.86e+04  9.37e+04  1.91e+05  3.69e+05  5.99e+05  9.64e+05  1.36e+06  2.01e+06
10         0.0134     0.419      10.3       157   1.3e+03  6.18e+03   2.2e+04   6.3e+04  1.52e+05  3.22e+05  6.05e+05  1.06e+06  1.63e+06  2.47e+06  3.42e+06  4.83e+06
100          1.01      17.8       200  1.54e+03  7.83e+03  2.84e+04   8.3e+04  2.04e+05  4.36e+05  8.35e+05  1.47e+06   2.4e+06  3.58e+06  5.19e+06  7.05e+06  9.62e+06
O-O           166  2.25e+03  1.56e+04  6.94e+04  2.27e+05  5.92e+05  1.31e+06  2.55e+06  4.49e+06  7.31e+06  1.12e+07  1.62e+07  2.24e+07  2.99e+07  3.88e+07  4.89e+07

W1->P1

P\T           500       600       700       800       900     1e+03   1.1e+03   1.2e+03   1.3e+03   1.4e+03   1.5e+03   1.6e+03   1.7e+03   1.8e+03   1.9e+03     2e+03
0.1      1.03e+10  1.63e+10  1.98e+10   2.1e+10  2.06e+10   1.9e+10  1.75e+10  1.61e+10  1.47e+10  1.35e+10  1.24e+10  1.14e+10  1.04e+10  9.39e+09  8.46e+09  7.85e+09
1        2.77e+10  3.63e+10  3.99e+10  4.03e+10  3.82e+10  3.46e+10  3.13e+10  2.84e+10  2.57e+10  2.33e+10  2.12e+10  1.93e+10  1.75e+10  1.58e+10  1.42e+10  1.31e+10
10       5.89e+10  6.86e+10  7.08e+10  6.85e+10  6.34e+10  5.67e+10  5.07e+10  4.53e+10  4.06e+10  3.65e+10  3.29e+10  2.98e+10  2.68e+10  2.41e+10  2.17e+10  1.98e+10
100      1.08e+11  1.14e+11  1.12e+11  1.05e+11  9.49e+10   8.4e+10  7.43e+10  6.59e+10  5.86e+10  5.23e+10  4.68e+10  4.21e+10  3.78e+10  3.39e+10  3.04e+10  2.77e+10
O-O      2.13e+11  2.21e+11  2.11e+11  1.95e+11  1.76e+11  1.57e+11  1.39e+11  1.23e+11  1.09e+11  9.71e+10  8.64e+10  7.71e+10   6.9e+10   6.2e+10  5.58e+10  5.04e+10

W1->P2

P\T           500       600       700       800       900     1e+03   1.1e+03   1.2e+03   1.3e+03   1.4e+03   1.5e+03   1.6e+03   1.7e+03   1.8e+03   1.9e+03     2e+03
0.1      9.87e-06  0.000211   0.00269    0.0244     0.205     0.931      3.95      18.4      94.5       459  1.27e+03  4.76e+03  8.81e+03  2.22e+04  3.17e+04  6.08e+04
1        0.000242   0.00568    0.0722     0.577      4.44      22.9       113       495  1.87e+03  6.04e+03  1.38e+04  3.52e+04  5.68e+04  1.16e+05  1.62e+05  2.68e+05
10         0.0107     0.218      2.48      17.9       103       398  1.35e+03   4.1e+03  1.11e+04  2.75e+04  5.47e+04  1.15e+05  1.71e+05  3.17e+05  4.27e+05  6.55e+05
100          1.51      19.4       146       733  2.86e+03  8.23e+03  2.07e+04  4.67e+04  9.66e+04  1.86e+05  3.16e+05  5.45e+05  7.68e+05  1.22e+06   1.6e+06  2.24e+06
O-O           ***       ***       ***       ***       ***       ***       ***       ***       ***       ***       ***       ***       ***       ***       ***       ***

W2->W1

P\T           500       600       700       800       900     1e+03   1.1e+03   1.2e+03   1.3e+03   1.4e+03   1.5e+03   1.6e+03   1.7e+03   1.8e+03   1.9e+03     2e+03
0.1        -0.233     -1.42      1.04      50.4       749  3.42e+03  1.34e+04  4.55e+04  1.32e+05  3.33e+05   6.2e+05  1.25e+06  1.89e+06  2.91e+06  3.63e+06  5.16e+06
1            2.11      25.3       434  4.74e+03  3.18e+04   1.1e+05  3.05e+05  7.12e+05  1.44e+06  2.62e+06  4.15e+06  6.44e+06   8.6e+06  1.17e+07  1.42e+07  1.82e+07
10            304  1.77e+03  1.28e+04  7.71e+04  3.08e+05  8.06e+05  1.76e+06  3.36e+06  5.76e+06  9.08e+06  1.33e+07  1.85e+07  2.36e+07  3.01e+07  3.58e+07   4.4e+07
100      2.44e+04  7.79e+04  2.53e+05  7.62e+05  1.85e+06  3.72e+06  6.66e+06  1.09e+07  1.65e+07  2.36e+07  3.22e+07  4.21e+07  5.17e+07  6.32e+07  7.37e+07  8.76e+07
O-O      4.02e+06   9.9e+06  1.99e+07  3.44e+07  5.37e+07  7.74e+07  1.05e+08  1.36e+08   1.7e+08  2.07e+08  2.45e+08  2.84e+08  3.24e+08  3.65e+08  4.05e+08  4.46e+08

W2->P1

P\T           500       600       700       800       900     1e+03   1.1e+03   1.2e+03   1.3e+03   1.4e+03   1.5e+03   1.6e+03   1.7e+03   1.8e+03   1.9e+03     2e+03
0.1      1.72e+04   4.5e+04  1.29e+05  3.56e+05  7.27e+05  1.39e+06  2.33e+06  3.53e+06  4.92e+06  6.39e+06   8.5e+06  9.89e+06  1.22e+07  1.33e+07  1.58e+07  1.76e+07
1         5.7e+04  1.56e+05  4.16e+05  1.02e+06  1.92e+06  3.38e+06  5.27e+06  7.47e+06  9.79e+06   1.2e+07  1.52e+07  1.69e+07  2.04e+07  2.13e+07  2.48e+07   2.7e+07
10       1.76e+05  4.79e+05  1.17e+06  2.57e+06  4.42e+06  7.16e+06  1.04e+07  1.39e+07  1.73e+07  2.04e+07  2.47e+07  2.67e+07  3.17e+07  3.24e+07   3.7e+07  3.95e+07
100      5.07e+05  1.26e+06  2.74e+06  5.31e+06  8.36e+06  1.26e+07  1.73e+07   2.2e+07  2.65e+07  3.03e+07  3.56e+07  3.79e+07  4.42e+07  4.48e+07  5.07e+07  5.33e+07
O-O           ***       ***       ***       ***       ***       ***       ***       ***       ***       ***       ***       ***       ***       ***       ***       ***

W2->P2

P\T           500       600       700       800       900     1e+03   1.1e+03   1.2e+03   1.3e+03   1.4e+03   1.5e+03   1.6e+03   1.7e+03   1.8e+03   1.9e+03     2e+03
0.1      1.92e+10  2.96e+10  3.51e+10  3.85e+10   3.7e+10  3.58e+10  3.36e+10   3.1e+10  2.83e+10  2.56e+10  2.38e+10  2.14e+10  2.02e+10  1.78e+10  1.64e+10  1.52e+10
1        5.16e+10  6.71e+10  7.32e+10  7.59e+10   7.1e+10  6.69e+10  6.17e+10  5.61e+10  5.06e+10  4.54e+10  4.19e+10  3.75e+10   3.5e+10  3.08e+10  2.83e+10   2.6e+10
10       1.13e+11  1.32e+11  1.36e+11  1.35e+11  1.24e+11  1.14e+11  1.04e+11   9.3e+10  8.32e+10  7.42e+10  6.77e+10  6.03e+10  5.57e+10  4.91e+10  4.48e+10   4.1e+10
100      2.09e+11  2.26e+11  2.22e+11  2.13e+11  1.92e+11  1.74e+11  1.56e+11  1.39e+11  1.23e+11  1.09e+11  9.88e+10  8.79e+10  8.04e+10   7.1e+10  6.45e+10  5.87e+10
O-O      5.07e+11  5.26e+11  5.04e+11  4.64e+11  4.19e+11  3.74e+11  3.32e+11  2.94e+11  2.61e+11  2.31e+11  2.06e+11  1.84e+11  1.65e+11  1.48e+11  1.33e+11   1.2e+11

P1->W1

P\T           500       600       700       800       900     1e+03   1.1e+03   1.2e+03   1.3e+03   1.4e+03   1.5e+03   1.6e+03   1.7e+03   1.8e+03   1.9e+03     2e+03
0.1      9.14e-12  1.43e-11  1.84e-11  2.16e-11  2.39e-11  2.51e-11  2.65e-11  2.78e-11  2.91e-11  3.05e-11  3.18e-11  3.31e-11  3.42e-11  3.48e-11  3.51e-11  3.64e-11
1        2.48e-11  3.23e-11   3.8e-11  4.26e-11  4.56e-11  4.72e-11  4.89e-11  5.06e-11  5.24e-11  5.42e-11   5.6e-11  5.78e-11  5.92e-11     6e-11  6.04e-11  6.22e-11
10        5.3e-11  6.13e-11  6.77e-11  7.28e-11  7.61e-11  7.76e-11  7.94e-11  8.14e-11  8.34e-11  8.55e-11  8.76e-11  8.96e-11  9.13e-11  9.22e-11  9.27e-11  9.48e-11
100      9.68e-11  1.02e-10  1.07e-10  1.11e-10  1.14e-10  1.15e-10  1.17e-10  1.18e-10   1.2e-10  1.23e-10  1.25e-10  1.27e-10  1.29e-10   1.3e-10   1.3e-10  1.33e-10
O-O      1.91e-10  1.97e-10  2.03e-10  2.07e-10  2.11e-10  2.15e-10  2.18e-10  2.22e-10  2.25e-10  2.27e-10   2.3e-10  2.32e-10  2.35e-10  2.37e-10  2.39e-10  2.41e-10

P1->W2

P\T           500       600       700       800       900     1e+03   1.1e+03   1.2e+03   1.3e+03   1.4e+03   1.5e+03   1.6e+03   1.7e+03   1.8e+03   1.9e+03     2e+03
0.1      6.24e-22  8.82e-21  9.23e-20  7.19e-19  3.47e-18  1.37e-17  4.27e-17  1.11e-16  2.51e-16  5.02e-16  9.81e-16  1.62e-15  2.76e-15  4.02e-15  6.24e-15  8.95e-15
1        2.11e-21  3.16e-20   3.1e-19  2.17e-18  9.62e-18   3.5e-17  1.02e-16  2.48e-16  5.25e-16  9.87e-16  1.83e-15  2.88e-15  4.77e-15  6.67e-15  1.01e-14  1.41e-14
10       6.53e-21  9.74e-20  8.81e-19  5.51e-18  2.24e-17  7.49e-17  2.03e-16  4.66e-16  9.37e-16  1.69e-15     3e-15  4.58e-15  7.46e-15  1.02e-14  1.52e-14  2.07e-14
100      1.88e-20  2.57e-19  2.06e-18  1.14e-17  4.24e-17  1.32e-16  3.38e-16   7.4e-16  1.43e-15  2.51e-15  4.33e-15   6.5e-15  1.04e-14  1.41e-14  2.08e-14   2.8e-14
O-O           ***       ***       ***       ***       ***       ***       ***       ***       ***       ***       ***       ***       ***       ***       ***       ***

P1->P2

P\T           500       600       700       800       900     1e+03   1.1e+03   1.2e+03   1.3e+03   1.4e+03   1.5e+03   1.6e+03   1.7e+03   1.8e+03   1.9e+03     2e+03
0.1      1.48e-19     2e-18  1.48e-17  7.28e-17  2.68e-16  7.93e-16     2e-15  4.43e-15  8.87e-15  1.64e-14  2.82e-14  4.61e-14  7.16e-14  1.07e-13  1.54e-13  2.16e-13
1        1.47e-19  1.98e-18  1.46e-17  7.13e-17  2.61e-16   7.7e-16  1.93e-15  4.26e-15  8.51e-15  1.57e-14  2.69e-14  4.38e-14  6.78e-14  1.01e-13  1.45e-13  2.02e-13
10       1.43e-19  1.91e-18   1.4e-17  6.79e-17  2.47e-16  7.24e-16   1.8e-15  3.96e-15  7.87e-15  1.44e-14  2.45e-14  3.99e-14  6.14e-14  9.15e-14  1.31e-13  1.81e-13
100      1.28e-19  1.72e-18  1.25e-17  5.98e-17  2.16e-16  6.25e-16  1.54e-15  3.35e-15  6.61e-15   1.2e-14  2.02e-14  3.26e-14  4.98e-14  7.38e-14  1.05e-13  1.43e-13
O-O           ***       ***       ***       ***       ***       ***       ***       ***       ***       ***       ***       ***       ***       ***       ***       ***

P2->W1

P\T           500       600       700       800       900     1e+03   1.1e+03   1.2e+03   1.3e+03   1.4e+03   1.5e+03   1.6e+03   1.7e+03   1.8e+03   1.9e+03     2e+03
0.1      3.43e-22  1.54e-21  1.04e-20  9.43e-20  6.13e-19  2.54e-18  8.59e-18  2.46e-17  6.14e-17  1.37e-16  2.64e-16  5.04e-16  6.96e-16   1.3e-15  1.77e-15  2.74e-15
1        4.54e-21  1.88e-20  8.02e-20  3.93e-19  1.81e-18  6.04e-18  1.76e-17  4.64e-17  1.13e-16  2.57e-16  4.88e-16     1e-15  1.43e-15  2.68e-15  3.57e-15   5.6e-15
10       1.13e-19  4.15e-19  1.45e-18  4.56e-18  1.39e-17  3.37e-17  7.94e-17  1.79e-16  3.88e-16  7.98e-16  1.39e-15  2.62e-15   3.6e-15  6.29e-15  8.15e-15  1.21e-14
100      1.38e-17   3.2e-17  7.46e-17  1.63e-16  3.42e-16   6.2e-16  1.09e-15  1.88e-15  3.15e-15  5.15e-15  7.72e-15   1.2e-14  1.58e-14  2.37e-14  2.99e-14  4.07e-14
O-O           ***       ***       ***       ***       ***       ***       ***       ***       ***       ***       ***       ***       ***       ***       ***       ***

P2->W2

P\T           500       600       700       800       900     1e+03   1.1e+03   1.2e+03   1.3e+03   1.4e+03   1.5e+03   1.6e+03   1.7e+03   1.8e+03   1.9e+03     2e+03
0.1      7.02e-12  1.06e-11  1.33e-11  1.61e-11  1.74e-11  1.91e-11  2.05e-11  2.17e-11  2.26e-11  2.34e-11  2.47e-11  2.52e-11  2.71e-11  2.67e-11  2.77e-11  2.86e-11
1        1.92e-11  2.48e-11  2.89e-11  3.32e-11  3.51e-11  3.77e-11  3.98e-11  4.14e-11  4.27e-11  4.38e-11  4.58e-11  4.64e-11  4.91e-11  4.85e-11  4.99e-11  5.13e-11
10       4.24e-11  4.91e-11   5.4e-11  5.95e-11  6.17e-11   6.5e-11  6.75e-11  6.95e-11   7.1e-11  7.22e-11  7.48e-11  7.55e-11  7.88e-11   7.8e-11  7.99e-11  8.15e-11
100      7.83e-11   8.4e-11  8.85e-11   9.4e-11  9.59e-11  9.92e-11  1.02e-10  1.04e-10  1.05e-10  1.07e-10  1.09e-10   1.1e-10  1.14e-10  1.13e-10  1.15e-10  1.17e-10
O-O       1.9e-10  1.96e-10  2.01e-10  2.06e-10   2.1e-10  2.13e-10  2.17e-10   2.2e-10  2.23e-10  2.26e-10  2.28e-10  2.31e-10  2.33e-10  2.35e-10  2.37e-10  2.39e-10

P2->P1

P\T           500       600       700       800       900     1e+03   1.1e+03   1.2e+03   1.3e+03   1.4e+03   1.5e+03   1.6e+03   1.7e+03   1.8e+03   1.9e+03     2e+03
0.1       1.5e-15  3.66e-15  7.84e-15   1.5e-14  2.64e-14  4.32e-14  6.68e-14  9.85e-14   1.4e-13  1.93e-13  2.57e-13  3.37e-13  4.31e-13  5.43e-13  6.71e-13  8.18e-13
1        1.48e-15  3.61e-15  7.72e-15  1.47e-14  2.58e-14  4.19e-14  6.45e-14  9.49e-14  1.34e-13  1.85e-13  2.45e-13   3.2e-13  4.08e-13  5.13e-13  6.32e-13  7.67e-13
10       1.44e-15   3.5e-15  7.42e-15   1.4e-14  2.44e-14  3.94e-14  6.02e-14  8.81e-14  1.24e-13   1.7e-13  2.24e-13  2.92e-13   3.7e-13  4.64e-13  5.69e-13  6.87e-13
100      1.29e-15  3.14e-15  6.63e-15  1.23e-14  2.13e-14  3.41e-14  5.15e-14  7.47e-14  1.04e-13  1.42e-13  1.85e-13  2.39e-13     3e-13  3.74e-13  4.56e-13  5.45e-13
O-O           ***       ***       ***       ***       ***       ***       ***       ***       ***       ***       ***       ***       ***       ***       ***       ***

W1-> 

P\T           500       600       700       800       900     1e+03   1.1e+03   1.2e+03   1.3e+03   1.4e+03   1.5e+03   1.6e+03   1.7e+03   1.8e+03   1.9e+03     2e+03
0.1      1.03e+10  1.63e+10  1.98e+10   2.1e+10  2.06e+10   1.9e+10  1.75e+10  1.61e+10  1.47e+10  1.35e+10  1.24e+10  1.14e+10  1.04e+10  9.39e+09  8.46e+09  7.85e+09
1        2.77e+10  3.63e+10  3.99e+10  4.03e+10  3.82e+10  3.46e+10  3.13e+10  2.84e+10  2.57e+10  2.33e+10  2.12e+10  1.93e+10  1.75e+10  1.58e+10  1.42e+10  1.31e+10
10       5.89e+10  6.86e+10  7.08e+10  6.85e+10  6.34e+10  5.67e+10  5.07e+10  4.53e+10  4.06e+10  3.65e+10  3.29e+10  2.98e+10  2.68e+10  2.41e+10  2.17e+10  1.98e+10
100      1.08e+11  1.14e+11  1.12e+11  1.05e+11  9.49e+10   8.4e+10  7.43e+10  6.59e+10  5.86e+10  5.23e+10  4.68e+10  4.21e+10  3.78e+10  3.39e+10  3.04e+10  2.77e+10
O-O      2.13e+11  2.21e+11  2.11e+11  1.95e+11  1.76e+11  1.57e+11  1.39e+11  1.23e+11  1.09e+11  9.71e+10  8.64e+10  7.71e+10   6.9e+10   6.2e+10  5.59e+10  5.05e+10

W2-> 

P\T           500       600       700       800       900     1e+03   1.1e+03   1.2e+03   1.3e+03   1.4e+03   1.5e+03   1.6e+03   1.7e+03   1.8e+03   1.9e+03     2e+03
0.1      1.92e+10  2.96e+10  3.51e+10  3.85e+10   3.7e+10  3.58e+10  3.36e+10   3.1e+10  2.83e+10  2.56e+10  2.38e+10  2.14e+10  2.02e+10  1.78e+10  1.65e+10  1.52e+10
1        5.16e+10  6.71e+10  7.32e+10  7.59e+10   7.1e+10  6.69e+10  6.17e+10  5.61e+10  5.06e+10  4.55e+10  4.19e+10  3.75e+10   3.5e+10  3.08e+10  2.83e+10  2.61e+10
10       1.13e+11  1.32e+11  1.36e+11  1.35e+11  1.24e+11  1.14e+11  1.04e+11  9.31e+10  8.32e+10  7.43e+10  6.77e+10  6.03e+10  5.58e+10  4.92e+10  4.49e+10  4.11e+10
100      2.09e+11  2.26e+11  2.22e+11  2.13e+11  1.92e+11  1.74e+11  1.56e+11  1.39e+11  1.23e+11  1.09e+11  9.89e+10  8.79e+10  8.05e+10  7.11e+10  6.46e+10  5.89e+10
O-O      5.07e+11  5.26e+11  5.04e+11  4.64e+11  4.19e+11  3.74e+11  3.32e+11  2.94e+11  2.61e+11  2.32e+11  2.06e+11  1.84e+11  1.65e+11  1.48e+11  1.33e+11  1.21e+11

P1-> 

P\T           500       600       700       800       900     1e+03   1.1e+03   1.2e+03   1.3e+03   1.4e+03   1.5e+03   1.6e+03   1.7e+03   1.8e+03   1.9e+03     2e+03
0.1       9.5e-12  1.47e-11  1.88e-11  2.21e-11  2.43e-11  2.56e-11  2.69e-11  2.82e-11  2.96e-11  3.09e-11  3.22e-11  3.36e-11  3.48e-11  3.53e-11  3.57e-11   3.7e-11
1        2.54e-11  3.28e-11  3.86e-11  4.31e-11  4.61e-11  4.76e-11  4.94e-11  5.12e-11  5.29e-11  5.47e-11  5.65e-11  5.83e-11  5.98e-11  6.06e-11  6.11e-11   6.3e-11
10        5.3e-11  6.13e-11  6.77e-11  7.28e-11  7.61e-11  7.76e-11  7.94e-11  8.14e-11  8.34e-11  8.55e-11  8.76e-11  8.97e-11  9.13e-11  9.23e-11  9.28e-11   9.5e-11
100      9.68e-11  1.02e-10  1.07e-10  1.11e-10  1.14e-10  1.15e-10  1.17e-10  1.18e-10   1.2e-10  1.23e-10  1.25e-10  1.27e-10  1.29e-10   1.3e-10   1.3e-10  1.33e-10
O-O      1.91e-10  1.97e-10  2.03e-10  2.07e-10  2.11e-10  2.15e-10  2.18e-10  2.22e-10  2.25e-10  2.27e-10   2.3e-10  2.32e-10  2.35e-10  2.37e-10  2.39e-10  2.41e-10

P2-> 

P\T           500       600       700       800       900     1e+03   1.1e+03   1.2e+03   1.3e+03   1.4e+03   1.5e+03   1.6e+03   1.7e+03   1.8e+03   1.9e+03     2e+03
0.1      7.33e-12   1.1e-11  1.37e-11  1.65e-11  1.78e-11  1.96e-11   2.1e-11  2.22e-11  2.32e-11   2.4e-11  2.54e-11   2.6e-11   2.8e-11  2.76e-11  2.88e-11  2.99e-11
1        1.97e-11  2.52e-11  2.94e-11  3.37e-11  3.56e-11  3.83e-11  4.03e-11   4.2e-11  4.33e-11  4.44e-11  4.65e-11  4.72e-11  4.99e-11  4.94e-11   5.1e-11  5.25e-11
10       4.24e-11  4.91e-11  5.41e-11  5.96e-11  6.17e-11   6.5e-11  6.75e-11  6.95e-11  7.11e-11  7.24e-11   7.5e-11  7.58e-11  7.92e-11  7.85e-11  8.04e-11  8.22e-11
100      7.83e-11   8.4e-11  8.85e-11  9.41e-11   9.6e-11  9.93e-11  1.02e-10  1.04e-10  1.05e-10  1.07e-10   1.1e-10   1.1e-10  1.14e-10  1.13e-10  1.16e-10  1.17e-10
O-O       1.9e-10  1.96e-10  2.01e-10  2.06e-10   2.1e-10  2.13e-10  2.17e-10   2.2e-10  2.23e-10  2.26e-10  2.28e-10  2.31e-10  2.33e-10  2.35e-10  2.37e-10  2.39e-10

