Wells (G - ground energy, D - dissociation limit, kcal/mol):
                           W         G         D
        FakeW-CPT(563)+OH(4)        -3     -1.28
      FakeW-C5H9(553)+H2O(5)       -26       -23

Bimolecular Products (G - ground energy, kcal/mol):
                     P         G
        CPT(563)+OH(4)         0
      C5H9(553)+H2O(5)       -23

Well-to-Bimolecular Barriers (H/G - barrier height/well depth, kcal/mol)
                           B         H                      W         G                P
        FakeB-CPT(563)+OH(4)         0   FakeW-CPT(563)+OH(4)        -3   CPT(563)+OH(4)
      FakeB-C5H9(553)+H2O(5)       -23 FakeW-C5H9(553)+H2O(5)       -26 C5H9(553)+H2O(5)

Well-to-Well Barriers (H/G - barrier height/well depth, kcal/mol):
           B         H                     W1        G1                     W2        G2
      ts_1_1     -1.28   FakeW-CPT(563)+OH(4)        -3 FakeW-C5H9(553)+H2O(5)       -26

Bound Groups: dissociation barrier (name/ground energy, kcal/mol): wells (name/ground energy, kcal/mol):
     C2/-23:  FakeW-C5H9(553)+H2O(5)/-26

     B1/-1.28:  FakeW-CPT(563)+OH(4)/-3

________________________________________________________________________________________

Names Translation Tables (<short name> - <original name>):
Wells:
   W1 - FakeW-CPT(563)+OH(4)
   W2 - FakeW-C5H9(553)+H2O(5)
Bimolecular products:
   P1 - CPT(563)+OH(4)
   P2 - C5H9(553)+H2O(5)
Inner Barriers:
   B1 - ts_1_1
Outer Barriers:
   C1 - FakeB-CPT(563)+OH(4)
   C2 - FakeB-C5H9(553)+H2O(5)
Unimolecular Rate Units: 1/sec;  Bimolecular Rate Units: cm^3/sec

______________________________________________________________________________________

Species-Species Rate Tables:

Temperature = 500 K

High Pressure Rate Coefficients:

From\To         W1        W2        P1        P2
W1             ***  5.36e+07  8.23e+09       ***
W2          0.0286       ***       ***   1.4e+10
P1        2.44e-10       ***       ***       ***
P2             ***  2.39e-10       ***       ***

Temperature = 500 K    Pressure = 0.1 atm

From\To         W1        W2        P1        P2
W1             ***       ***       ***       ***
W2             ***       ***       ***       ***
P1             ***       ***  1.57e-12  1.57e-12
P2             ***       ***  4.81e-22  4.82e-22

Temperature = 500 K    Pressure = 1 atm

From\To         W1        W2        P1        P2
W1             ***       ***       ***       ***
W2             ***       ***       ***       ***
P1             ***       ***  1.57e-12  1.57e-12
P2             ***       ***  4.82e-22  4.81e-22

Temperature = 500 K    Pressure = 10 atm

From\To         W1        W2        P1        P2
W1             ***       ***       ***       ***
W2             ***       ***       ***       ***
P1             ***       ***  1.57e-12  1.57e-12
P2             ***       ***  4.82e-22  4.82e-22

Temperature = 500 K    Pressure = 100 atm

From\To         W1        W2        P1        P2
W1             ***       ***       ***       ***
W2             ***       ***       ***       ***
P1             ***       ***  1.57e-12  1.57e-12
P2             ***       ***  4.82e-22  4.76e-22

Temperature = 600 K

High Pressure Rate Coefficients:

From\To         W1        W2        P1        P2
W1             ***  5.71e+07  9.22e+09       ***
W2            1.25       ***       ***  1.45e+10
P1        2.52e-10       ***       ***       ***
P2             ***  2.46e-10       ***       ***

Temperature = 600 K    Pressure = 0.1 atm

From\To         W1        W2        P1        P2
W1             ***       ***       ***       ***
W2             ***       ***       ***       ***
P1             ***       ***  1.54e-12  1.54e-12
P2             ***       ***   2.1e-20   2.1e-20

Temperature = 600 K    Pressure = 1 atm

From\To         W1        W2        P1        P2
W1             ***       ***       ***       ***
W2             ***       ***       ***       ***
P1             ***       ***  1.54e-12  1.54e-12
P2             ***       ***   2.1e-20   2.1e-20

Temperature = 600 K    Pressure = 10 atm

From\To         W1        W2        P1        P2
W1             ***       ***       ***       ***
W2             ***       ***       ***       ***
P1             ***       ***  1.54e-12  1.54e-12
P2             ***       ***   2.1e-20   2.1e-20

Temperature = 600 K    Pressure = 100 atm

From\To         W1        W2        P1        P2
W1             ***       ***       ***       ***
W2             ***       ***       ***       ***
P1             ***       ***  1.54e-12  1.54e-12
P2             ***       ***   2.1e-20   2.1e-20

Temperature = 700 K

High Pressure Rate Coefficients:

From\To         W1        W2        P1        P2
W1             ***  5.96e+07  9.45e+09       ***
W2            18.2       ***       ***  1.39e+10
P1        2.58e-10       ***       ***       ***
P2             ***  2.53e-10       ***       ***

Temperature = 700 K    Pressure = 0.1 atm

From\To         W1        W2        P1        P2
W1             ***       ***       ***       ***
W2             ***       ***       ***       ***
P1             ***       ***  1.61e-12  1.61e-12
P2             ***       ***  3.26e-19  3.26e-19

Temperature = 700 K    Pressure = 1 atm

From\To         W1        W2        P1        P2
W1             ***       ***       ***       ***
W2             ***       ***       ***       ***
P1             ***       ***  1.61e-12  1.61e-12
P2             ***       ***  3.26e-19  3.26e-19

Temperature = 700 K    Pressure = 10 atm

From\To         W1        W2        P1        P2
W1             ***       ***       ***       ***
W2             ***       ***       ***       ***
P1             ***       ***  1.61e-12  1.61e-12
P2             ***       ***  3.26e-19  3.26e-19

Temperature = 700 K    Pressure = 100 atm

From\To         W1        W2        P1        P2
W1             ***       ***       ***       ***
W2             ***       ***       ***       ***
P1             ***       ***  1.61e-12  1.61e-12
P2             ***       ***  3.27e-19  3.27e-19

Temperature = 800 K

High Pressure Rate Coefficients:

From\To         W1        W2        P1        P2
W1             ***  6.14e+07  9.24e+09       ***
W2             134       ***       ***  1.28e+10
P1        2.64e-10       ***       ***       ***
P2             ***  2.58e-10       ***       ***

Temperature = 800 K    Pressure = 0.1 atm

From\To         W1        W2        P1        P2
W1             ***       ***       ***       ***
W2             ***       ***       ***       ***
P1             ***       ***  1.74e-12  1.74e-12
P2             ***       ***  2.67e-18  2.67e-18

Temperature = 800 K    Pressure = 1 atm

From\To         W1        W2        P1        P2
W1             ***       ***       ***       ***
W2             ***       ***       ***       ***
P1             ***       ***  1.74e-12  1.74e-12
P2             ***       ***  2.67e-18  2.67e-18

Temperature = 800 K    Pressure = 10 atm

From\To         W1        W2        P1        P2
W1             ***       ***       ***       ***
W2             ***       ***       ***       ***
P1             ***       ***  1.74e-12  1.74e-12
P2             ***       ***  2.67e-18  2.67e-18

Temperature = 800 K    Pressure = 100 atm

From\To         W1        W2        P1        P2
W1             ***       ***       ***       ***
W2             ***       ***       ***       ***
P1             ***       ***  1.74e-12  1.74e-12
P2             ***       ***  2.67e-18  2.67e-18

Temperature = 900 K

High Pressure Rate Coefficients:

From\To         W1        W2        P1        P2
W1             ***  6.28e+07  8.79e+09       ***
W2             629       ***       ***  1.16e+10
P1        2.69e-10       ***       ***       ***
P2             ***  2.63e-10       ***       ***

Temperature = 900 K    Pressure = 0.1 atm

From\To         W1        W2        P1        P2
W1             ***       ***       ***       ***
W2             ***       ***       ***       ***
P1             ***       ***  1.91e-12  1.91e-12
P2             ***       ***  1.42e-17  1.42e-17

Temperature = 900 K    Pressure = 1 atm

From\To         W1        W2        P1        P2
W1             ***       ***       ***       ***
W2             ***       ***       ***       ***
P1             ***       ***  1.91e-12  1.91e-12
P2             ***       ***  1.42e-17  1.42e-17

Temperature = 900 K    Pressure = 10 atm

From\To         W1        W2        P1        P2
W1             ***       ***       ***       ***
W2             ***       ***       ***       ***
P1             ***       ***  1.91e-12  1.91e-12
P2             ***       ***  1.42e-17  1.42e-17

Temperature = 900 K    Pressure = 100 atm

From\To         W1        W2        P1        P2
W1             ***       ***       ***       ***
W2             ***       ***       ***       ***
P1             ***       ***  1.91e-12  1.91e-12
P2             ***       ***  1.42e-17  1.42e-17

Temperature = 1e+03 K

High Pressure Rate Coefficients:

From\To         W1        W2        P1        P2
W1             ***  6.39e+07  8.22e+09       ***
W2        2.16e+03       ***       ***  1.03e+10
P1        2.74e-10       ***       ***       ***
P2             ***  2.68e-10       ***       ***

Temperature = 1e+03 K    Pressure = 0.1 atm

From\To         W1        W2        P1        P2
W1             ***       ***       ***       ***
W2             ***       ***       ***       ***
P1             ***       ***  2.11e-12  2.11e-12
P2             ***       ***  5.55e-17  5.55e-17

Temperature = 1e+03 K    Pressure = 1 atm

From\To         W1        W2        P1        P2
W1             ***       ***       ***       ***
W2             ***       ***       ***       ***
P1             ***       ***  2.11e-12  2.11e-12
P2             ***       ***  5.55e-17  5.55e-17

Temperature = 1e+03 K    Pressure = 10 atm

From\To         W1        W2        P1        P2
W1             ***       ***       ***       ***
W2             ***       ***       ***       ***
P1             ***       ***  2.11e-12  2.11e-12
P2             ***       ***  5.55e-17  5.55e-17

Temperature = 1e+03 K    Pressure = 100 atm

From\To         W1        W2        P1        P2
W1             ***       ***       ***       ***
W2             ***       ***       ***       ***
P1             ***       ***  2.11e-12  2.11e-12
P2             ***       ***  5.55e-17  5.55e-17

Temperature = 1.1e+03 K

High Pressure Rate Coefficients:

From\To         W1        W2        P1        P2
W1             ***  6.48e+07  7.63e+09       ***
W2        5.91e+03       ***       ***  9.17e+09
P1        2.78e-10       ***       ***       ***
P2             ***  2.72e-10       ***       ***

Temperature = 1.1e+03 K    Pressure = 0.1 atm

From\To         W1        W2        P1        P2
W1             ***       ***       ***       ***
W2             ***       ***       ***       ***
P1             ***       ***  2.34e-12  2.34e-12
P2             ***       ***  1.74e-16  1.74e-16

Temperature = 1.1e+03 K    Pressure = 1 atm

From\To         W1        W2        P1        P2
W1             ***       ***       ***       ***
W2             ***       ***       ***       ***
P1             ***       ***  2.34e-12  2.34e-12
P2             ***       ***  1.74e-16  1.74e-16

Temperature = 1.1e+03 K    Pressure = 10 atm

From\To         W1        W2        P1        P2
W1             ***       ***       ***       ***
W2             ***       ***       ***       ***
P1             ***       ***  2.34e-12  2.34e-12
P2             ***       ***  1.74e-16  1.74e-16

Temperature = 1.1e+03 K    Pressure = 100 atm

From\To         W1        W2        P1        P2
W1        7.53e+09       ***  7.47e+09  6.24e+08
W2             ***       ***       ***       ***
P1        2.66e-10       ***  2.66e-10 -1.97e-11
P2        1.65e-15       *** -1.46e-15  3.11e-16

Temperature = 1.2e+03 K

High Pressure Rate Coefficients:

From\To         W1        W2        P1        P2
W1             ***  6.56e+07  7.04e+09       ***
W2        1.37e+04       ***       ***  8.12e+09
P1        2.82e-10       ***       ***       ***
P2             ***  2.76e-10       ***       ***

Temperature = 1.2e+03 K    Pressure = 0.1 atm

From\To         W1        W2        P1        P2
W1             ***       ***       ***       ***
W2             ***       ***       ***       ***
P1             ***       ***   2.6e-12   2.6e-12
P2             ***       ***  4.59e-16  4.59e-16

Temperature = 1.2e+03 K    Pressure = 1 atm

From\To         W1        W2        P1        P2
W1             ***       ***       ***       ***
W2             ***       ***       ***       ***
P1             ***       ***   2.6e-12   2.6e-12
P2             ***       ***  4.59e-16  4.59e-16

Temperature = 1.2e+03 K    Pressure = 10 atm

From\To         W1        W2        P1        P2
W1             ***       ***       ***       ***
W2             ***       ***       ***       ***
P1             ***       ***   2.6e-12   2.6e-12
P2             ***       ***  4.59e-16  4.59e-16

Temperature = 1.2e+03 K    Pressure = 100 atm

From\To         W1        W2        P1        P2
W1        6.94e+09  8.73e+07  6.87e+09 -2.17e+07
W2        1.93e+04  7.69e+09      -304  7.69e+09
P1         2.7e-10 -9.86e-13   2.7e-10  1.04e-12
P2       -3.34e-16  2.48e-10  1.83e-16  2.48e-10

Temperature = 1.3e+03 K

High Pressure Rate Coefficients:

From\To         W1        W2        P1        P2
W1             ***  6.62e+07  6.47e+09       ***
W2        2.77e+04       ***       ***   7.2e+09
P1        2.86e-10       ***       ***       ***
P2             ***   2.8e-10       ***       ***

Temperature = 1.3e+03 K    Pressure = 0.1 atm

From\To         W1        W2        P1        P2
W1             ***       ***       ***       ***
W2             ***       ***       ***       ***
P1             ***       ***  2.89e-12  2.89e-12
P2             ***       ***  1.06e-15  1.06e-15

Temperature = 1.3e+03 K    Pressure = 1 atm

From\To         W1        W2        P1        P2
W1             ***       ***       ***       ***
W2             ***       ***       ***       ***
P1             ***       ***  2.89e-12  2.89e-12
P2             ***       ***  1.06e-15  1.06e-15

Temperature = 1.3e+03 K    Pressure = 10 atm

From\To         W1        W2        P1        P2
W1             ***       ***       ***       ***
W2             ***       ***       ***       ***
P1             ***       ***  2.89e-12  2.89e-12
P2             ***       ***  1.06e-15  1.06e-15

Temperature = 1.3e+03 K    Pressure = 100 atm

From\To         W1        W2        P1        P2
W1        6.37e+09  8.77e+07   6.3e+09 -2.15e+07
W2        3.86e+04  6.79e+09      -683  6.79e+09
P1        2.72e-10 -1.12e-12  2.72e-10  1.18e-12
P2       -7.62e-16   2.5e-10  4.37e-16   2.5e-10

Temperature = 1.4e+03 K

High Pressure Rate Coefficients:

From\To         W1        W2        P1        P2
W1             ***  6.67e+07  5.95e+09       ***
W2        5.08e+04       ***       ***   6.4e+09
P1         2.9e-10       ***       ***       ***
P2             ***  2.84e-10       ***       ***

Temperature = 1.4e+03 K    Pressure = 0.1 atm

From\To         W1        W2        P1        P2
W1             ***       ***       ***       ***
W2             ***       ***       ***       ***
P1             ***       ***   3.2e-12   3.2e-12
P2             ***       ***  2.22e-15  2.22e-15

Temperature = 1.4e+03 K    Pressure = 1 atm

From\To         W1        W2        P1        P2
W1             ***       ***       ***       ***
W2             ***       ***       ***       ***
P1             ***       ***   3.2e-12   3.2e-12
P2             ***       ***  2.22e-15  2.22e-15

Temperature = 1.4e+03 K    Pressure = 10 atm

From\To         W1        W2        P1        P2
W1             ***       ***       ***       ***
W2             ***       ***       ***       ***
P1             ***       ***   3.2e-12   3.2e-12
P2             ***       ***  2.22e-15  2.22e-15

Temperature = 1.4e+03 K    Pressure = 100 atm

From\To         W1        W2        P1        P2
W1        5.84e+09  8.78e+07  5.77e+09 -2.11e+07
W2        6.95e+04  6.01e+09 -1.22e+03  6.01e+09
P1        2.74e-10 -1.24e-12  2.74e-10  1.31e-12
P2       -1.53e-15  2.52e-10  9.12e-16  2.52e-10

Temperature = 1.5e+03 K

High Pressure Rate Coefficients:

From\To         W1        W2        P1        P2
W1             ***   6.7e+07  5.47e+09       ***
W2        8.59e+04       ***       ***  5.69e+09
P1        2.93e-10       ***       ***       ***
P2             ***  2.87e-10       ***       ***

Temperature = 1.5e+03 K    Pressure = 0.1 atm

From\To         W1        W2        P1        P2
W1             ***       ***       ***       ***
W2             ***       ***       ***       ***
P1             ***       ***  3.54e-12  3.54e-12
P2             ***       ***  4.26e-15  4.26e-15

Temperature = 1.5e+03 K    Pressure = 1 atm

From\To         W1        W2        P1        P2
W1             ***       ***       ***       ***
W2             ***       ***       ***       ***
P1             ***       ***  3.54e-12  3.54e-12
P2             ***       ***  4.26e-15  4.26e-15

Temperature = 1.5e+03 K    Pressure = 10 atm

From\To         W1        W2        P1        P2
W1             ***       ***       ***       ***
W2             ***       ***       ***       ***
P1             ***       ***  3.54e-12  3.54e-12
P2             ***       ***  4.26e-15  4.26e-15

Temperature = 1.5e+03 K    Pressure = 100 atm

From\To         W1        W2        P1        P2
W1        5.36e+09  8.76e+07  5.29e+09 -2.05e+07
W2        1.15e+05  5.33e+09 -1.91e+03  5.33e+09
P1        2.75e-10 -1.33e-12  2.75e-10  1.43e-12
P2        -2.8e-15  2.53e-10  1.72e-15  2.53e-10

Temperature = 1.6e+03 K

High Pressure Rate Coefficients:

From\To         W1        W2        P1        P2
W1             ***  6.73e+07  5.04e+09       ***
W2        1.36e+05       ***       ***  5.08e+09
P1        2.96e-10       ***       ***       ***
P2             ***   2.9e-10       ***       ***

Temperature = 1.6e+03 K    Pressure = 0.1 atm

From\To         W1        W2        P1        P2
W1             ***       ***       ***       ***
W2             ***       ***       ***       ***
P1             ***       ***   3.9e-12   3.9e-12
P2             ***       ***  7.63e-15  7.63e-15

Temperature = 1.6e+03 K    Pressure = 1 atm

From\To         W1        W2        P1        P2
W1             ***       ***       ***       ***
W2             ***       ***       ***       ***
P1             ***       ***   3.9e-12   3.9e-12
P2             ***       ***  7.63e-15  7.63e-15

Temperature = 1.6e+03 K    Pressure = 10 atm

From\To         W1        W2        P1        P2
W1             ***       ***       ***       ***
W2             ***       ***       ***       ***
P1             ***       ***   3.9e-12   3.9e-12
P2             ***       ***  7.63e-15  7.63e-15

Temperature = 1.6e+03 K    Pressure = 100 atm

From\To         W1        W2        P1        P2
W1        4.92e+09  8.72e+07  4.85e+09 -1.99e+07
W2        1.79e+05  4.75e+09 -2.68e+03  4.75e+09
P1        2.76e-10  -1.4e-12  2.76e-10  1.53e-12
P2       -4.75e-15  2.55e-10  2.99e-15  2.55e-10

Temperature = 1.7e+03 K

High Pressure Rate Coefficients:

From\To         W1        W2        P1        P2
W1             ***  6.75e+07  4.64e+09       ***
W2        2.03e+05       ***       ***  4.55e+09
P1        2.99e-10       ***       ***       ***
P2             ***  2.93e-10       ***       ***

Temperature = 1.7e+03 K    Pressure = 0.1 atm

From\To         W1        W2        P1        P2
W1             ***       ***       ***       ***
W2             ***       ***       ***       ***
P1             ***       ***  4.28e-12  4.28e-12
P2             ***       ***  1.29e-14  1.29e-14

Temperature = 1.7e+03 K    Pressure = 1 atm

From\To         W1        W2        P1        P2
W1             ***       ***       ***       ***
W2             ***       ***       ***       ***
P1             ***       ***  4.28e-12  4.28e-12
P2             ***       ***  1.29e-14  1.29e-14

Temperature = 1.7e+03 K    Pressure = 10 atm

From\To         W1        W2        P1        P2
W1             ***       ***       ***       ***
W2             ***       ***       ***       ***
P1             ***       ***  4.28e-12  4.28e-12
P2             ***       ***  1.29e-14  1.29e-14

Temperature = 1.7e+03 K    Pressure = 100 atm

From\To         W1        W2        P1        P2
W1        4.52e+09  8.67e+07  4.45e+09 -1.92e+07
W2        2.63e+05  4.24e+09 -3.44e+03  4.24e+09
P1        2.77e-10 -1.46e-12  2.77e-10  1.61e-12
P2       -7.55e-15  2.57e-10  4.85e-15  2.57e-10

Temperature = 1.8e+03 K

High Pressure Rate Coefficients:

From\To         W1        W2        P1        P2
W1             ***  6.77e+07  4.28e+09       ***
W2        2.91e+05       ***       ***  4.08e+09
P1        3.02e-10       ***       ***       ***
P2             ***  2.96e-10       ***       ***

Temperature = 1.8e+03 K    Pressure = 0.1 atm

From\To         W1        W2        P1        P2
W1             ***       ***       ***       ***
W2             ***       ***       ***       ***
P1             ***       ***  4.69e-12  4.69e-12
P2             ***       ***  2.07e-14  2.07e-14

Temperature = 1.8e+03 K    Pressure = 1 atm

From\To         W1        W2        P1        P2
W1             ***       ***       ***       ***
W2             ***       ***       ***       ***
P1             ***       ***  4.69e-12  4.69e-12
P2             ***       ***  2.07e-14  2.07e-14

Temperature = 1.8e+03 K    Pressure = 10 atm

From\To         W1        W2        P1        P2
W1             ***       ***       ***       ***
W2             ***       ***       ***       ***
P1             ***       ***  4.69e-12  4.69e-12
P2             ***       ***  2.07e-14  2.07e-14

Temperature = 1.8e+03 K    Pressure = 100 atm

From\To         W1        W2        P1        P2
W1        4.17e+09   8.6e+07   4.1e+09 -1.84e+07
W2        3.69e+05   3.8e+09 -4.08e+03   3.8e+09
P1        2.78e-10  -1.5e-12  2.78e-10  1.69e-12
P2       -1.14e-14  2.59e-10  7.45e-15  2.59e-10

Temperature = 1.9e+03 K

High Pressure Rate Coefficients:

From\To         W1        W2        P1        P2
W1             ***  6.78e+07  3.96e+09       ***
W2        4.01e+05       ***       ***  3.68e+09
P1        3.05e-10       ***       ***       ***
P2             ***  2.98e-10       ***       ***

Temperature = 1.9e+03 K    Pressure = 0.1 atm

From\To         W1        W2        P1        P2
W1             ***       ***       ***       ***
W2             ***       ***       ***       ***
P1             ***       ***  5.12e-12  5.12e-12
P2             ***       ***  3.19e-14  3.19e-14

Temperature = 1.9e+03 K    Pressure = 1 atm

From\To         W1        W2        P1        P2
W1             ***       ***       ***       ***
W2             ***       ***       ***       ***
P1             ***       ***  5.12e-12  5.12e-12
P2             ***       ***  3.19e-14  3.19e-14

Temperature = 1.9e+03 K    Pressure = 10 atm

From\To         W1        W2        P1        P2
W1             ***       ***       ***       ***
W2             ***       ***       ***       ***
P1             ***       ***  5.12e-12  5.12e-12
P2             ***       ***  3.19e-14  3.19e-14

Temperature = 1.9e+03 K    Pressure = 100 atm

From\To         W1        W2        P1        P2
W1        3.85e+09  8.53e+07  3.78e+09 -1.77e+07
W2           5e+05  3.42e+09 -4.51e+03  3.42e+09
P1        2.79e-10 -1.54e-12  2.79e-10  1.76e-12
P2       -1.65e-14  2.61e-10  1.09e-14  2.61e-10

Temperature = 2e+03 K

High Pressure Rate Coefficients:

From\To         W1        W2        P1        P2
W1             ***  6.78e+07  3.66e+09       ***
W2        5.34e+05       ***       ***  3.32e+09
P1        3.07e-10       ***       ***       ***
P2             ***  3.01e-10       ***       ***

Temperature = 2e+03 K    Pressure = 0.1 atm

From\To         W1        W2        P1        P2
W1             ***       ***       ***       ***
W2             ***       ***       ***       ***
P1             ***       ***  5.57e-12  5.57e-12
P2             ***       ***  4.73e-14  4.73e-14

Temperature = 2e+03 K    Pressure = 1 atm

From\To         W1        W2        P1        P2
W1             ***       ***       ***       ***
W2             ***       ***       ***       ***
P1             ***       ***  5.57e-12  5.57e-12
P2             ***       ***  4.73e-14  4.73e-14

Temperature = 2e+03 K    Pressure = 10 atm

From\To         W1        W2        P1        P2
W1             ***       ***       ***       ***
W2             ***       ***       ***       ***
P1             ***       ***  5.57e-12  5.57e-12
P2             ***       ***  4.73e-14  4.73e-14

Temperature = 2e+03 K    Pressure = 100 atm

From\To         W1        W2        P1        P2
W1        3.56e+09  8.46e+07  3.49e+09 -1.69e+07
W2        6.56e+05  3.09e+09  -4.6e+03  3.09e+09
P1         2.8e-10 -1.56e-12   2.8e-10  1.81e-12
P2        -2.3e-14  2.63e-10  1.54e-14  2.63e-10

______________________________________________________________________________________

High Pressure Rate Coefficients (Temperature-Species Rate Tables):

Reactant = W1
   T(K)        W1        W2        P1        P2
    500       ***  5.36e+07  8.23e+09       ***
    600       ***  5.71e+07  9.22e+09       ***
    700       ***  5.96e+07  9.45e+09       ***
    800       ***  6.14e+07  9.24e+09       ***
    900       ***  6.28e+07  8.79e+09       ***
  1e+03       ***  6.39e+07  8.22e+09       ***
1.1e+03       ***  6.48e+07  7.63e+09       ***
1.2e+03       ***  6.56e+07  7.04e+09       ***
1.3e+03       ***  6.62e+07  6.47e+09       ***
1.4e+03       ***  6.67e+07  5.95e+09       ***
1.5e+03       ***   6.7e+07  5.47e+09       ***
1.6e+03       ***  6.73e+07  5.04e+09       ***
1.7e+03       ***  6.75e+07  4.64e+09       ***
1.8e+03       ***  6.77e+07  4.28e+09       ***
1.9e+03       ***  6.78e+07  3.96e+09       ***
  2e+03       ***  6.78e+07  3.66e+09       ***

Reactant = W2
   T(K)        W1        W2        P1        P2
    500    0.0286       ***       ***   1.4e+10
    600      1.25       ***       ***  1.45e+10
    700      18.2       ***       ***  1.39e+10
    800       134       ***       ***  1.28e+10
    900       629       ***       ***  1.16e+10
  1e+03  2.16e+03       ***       ***  1.03e+10
1.1e+03  5.91e+03       ***       ***  9.17e+09
1.2e+03  1.37e+04       ***       ***  8.12e+09
1.3e+03  2.77e+04       ***       ***   7.2e+09
1.4e+03  5.08e+04       ***       ***   6.4e+09
1.5e+03  8.59e+04       ***       ***  5.69e+09
1.6e+03  1.36e+05       ***       ***  5.08e+09
1.7e+03  2.03e+05       ***       ***  4.55e+09
1.8e+03  2.91e+05       ***       ***  4.08e+09
1.9e+03  4.01e+05       ***       ***  3.68e+09
  2e+03  5.34e+05       ***       ***  3.32e+09

Reactant = P1
   T(K)        W1        W2        P1        P2
    500  2.44e-10       ***       ***       ***
    600  2.52e-10       ***       ***       ***
    700  2.58e-10       ***       ***       ***
    800  2.64e-10       ***       ***       ***
    900  2.69e-10       ***       ***       ***
  1e+03  2.74e-10       ***       ***       ***
1.1e+03  2.78e-10       ***       ***       ***
1.2e+03  2.82e-10       ***       ***       ***
1.3e+03  2.86e-10       ***       ***       ***
1.4e+03   2.9e-10       ***       ***       ***
1.5e+03  2.93e-10       ***       ***       ***
1.6e+03  2.96e-10       ***       ***       ***
1.7e+03  2.99e-10       ***       ***       ***
1.8e+03  3.02e-10       ***       ***       ***
1.9e+03  3.05e-10       ***       ***       ***
  2e+03  3.07e-10       ***       ***       ***

Reactant = P2
   T(K)        W1        W2        P1        P2
    500       ***  2.39e-10       ***       ***
    600       ***  2.46e-10       ***       ***
    700       ***  2.53e-10       ***       ***
    800       ***  2.58e-10       ***       ***
    900       ***  2.63e-10       ***       ***
  1e+03       ***  2.68e-10       ***       ***
1.1e+03       ***  2.72e-10       ***       ***
1.2e+03       ***  2.76e-10       ***       ***
1.3e+03       ***   2.8e-10       ***       ***
1.4e+03       ***  2.84e-10       ***       ***
1.5e+03       ***  2.87e-10       ***       ***
1.6e+03       ***   2.9e-10       ***       ***
1.7e+03       ***  2.93e-10       ***       ***
1.8e+03       ***  2.96e-10       ***       ***
1.9e+03       ***  2.98e-10       ***       ***
  2e+03       ***  3.01e-10       ***       ***

Capture/Escape Rate Coefficients:

   T(K)        W1        W2        P1        P2
    500  8.29e+09   1.4e+10  2.44e-10  2.39e-10
    600  9.28e+09  1.45e+10  2.52e-10  2.46e-10
    700  9.51e+09  1.39e+10  2.58e-10  2.53e-10
    800   9.3e+09  1.28e+10  2.64e-10  2.58e-10
    900  8.85e+09  1.16e+10  2.69e-10  2.63e-10
  1e+03  8.29e+09  1.03e+10  2.74e-10  2.68e-10
1.1e+03  7.69e+09  9.17e+09  2.78e-10  2.72e-10
1.2e+03   7.1e+09  8.12e+09  2.82e-10  2.76e-10
1.3e+03  6.54e+09   7.2e+09  2.86e-10   2.8e-10
1.4e+03  6.02e+09   6.4e+09   2.9e-10  2.84e-10
1.5e+03  5.54e+09  5.69e+09  2.93e-10  2.87e-10
1.6e+03   5.1e+09  5.08e+09  2.96e-10   2.9e-10
1.7e+03  4.71e+09  4.55e+09  2.99e-10  2.93e-10
1.8e+03  4.35e+09  4.08e+09  3.02e-10  2.96e-10
1.9e+03  4.02e+09  3.68e+09  3.05e-10  2.98e-10
  2e+03  3.73e+09  3.32e+09  3.07e-10  3.01e-10

______________________________________________________________________________________

Pressure-Species Rate Tables:

Reactant = W1   Temperature = 500 K

   P(atm)        W2        P1        P2      Loss
      0.1       ***       ***       ***       ***
        1       ***       ***       ***       ***
       10       ***       ***       ***       ***
      100       ***       ***       ***       ***
      O-O  5.36e+07  8.23e+09       ***  8.29e+09

Reactant = W1   Temperature = 600 K

   P(atm)        W2        P1        P2      Loss
      0.1       ***       ***       ***       ***
        1       ***       ***       ***       ***
       10       ***       ***       ***       ***
      100       ***       ***       ***       ***
      O-O  5.71e+07  9.22e+09       ***  9.28e+09

Reactant = W1   Temperature = 700 K

   P(atm)        W2        P1        P2      Loss
      0.1       ***       ***       ***       ***
        1       ***       ***       ***       ***
       10       ***       ***       ***       ***
      100       ***       ***       ***       ***
      O-O  5.96e+07  9.45e+09       ***  9.51e+09

Reactant = W1   Temperature = 800 K

   P(atm)        W2        P1        P2      Loss
      0.1       ***       ***       ***       ***
        1       ***       ***       ***       ***
       10       ***       ***       ***       ***
      100       ***       ***       ***       ***
      O-O  6.14e+07  9.24e+09       ***   9.3e+09

Reactant = W1   Temperature = 900 K

   P(atm)        W2        P1        P2      Loss
      0.1       ***       ***       ***       ***
        1       ***       ***       ***       ***
       10       ***       ***       ***       ***
      100       ***       ***       ***       ***
      O-O  6.28e+07  8.79e+09       ***  8.85e+09

Reactant = W1   Temperature = 1e+03 K

   P(atm)        W2        P1        P2      Loss
      0.1       ***       ***       ***       ***
        1       ***       ***       ***       ***
       10       ***       ***       ***       ***
      100       ***       ***       ***       ***
      O-O  6.39e+07  8.22e+09       ***  8.29e+09

Reactant = W1   Temperature = 1.1e+03 K

   P(atm)        W2        P1        P2      Loss
      0.1       ***       ***       ***       ***
        1       ***       ***       ***       ***
       10       ***       ***       ***       ***
      100       ***  7.47e+09  6.24e+08  7.53e+09
      O-O  6.48e+07  7.63e+09       ***  7.69e+09

Reactant = W1   Temperature = 1.2e+03 K

   P(atm)        W2        P1        P2      Loss
      0.1       ***       ***       ***       ***
        1       ***       ***       ***       ***
       10       ***       ***       ***       ***
      100  8.73e+07  6.87e+09 -2.17e+07  6.94e+09
      O-O  6.56e+07  7.04e+09       ***   7.1e+09

Reactant = W1   Temperature = 1.3e+03 K

   P(atm)        W2        P1        P2      Loss
      0.1       ***       ***       ***       ***
        1       ***       ***       ***       ***
       10       ***       ***       ***       ***
      100  8.77e+07   6.3e+09 -2.15e+07  6.37e+09
      O-O  6.62e+07  6.47e+09       ***  6.54e+09

Reactant = W1   Temperature = 1.4e+03 K

   P(atm)        W2        P1        P2      Loss
      0.1       ***       ***       ***       ***
        1       ***       ***       ***       ***
       10       ***       ***       ***       ***
      100  8.78e+07  5.77e+09 -2.11e+07  5.84e+09
      O-O  6.67e+07  5.95e+09       ***  6.02e+09

Reactant = W1   Temperature = 1.5e+03 K

   P(atm)        W2        P1        P2      Loss
      0.1       ***       ***       ***       ***
        1       ***       ***       ***       ***
       10       ***       ***       ***       ***
      100  8.76e+07  5.29e+09 -2.05e+07  5.36e+09
      O-O   6.7e+07  5.47e+09       ***  5.54e+09

Reactant = W1   Temperature = 1.6e+03 K

   P(atm)        W2        P1        P2      Loss
      0.1       ***       ***       ***       ***
        1       ***       ***       ***       ***
       10       ***       ***       ***       ***
      100  8.72e+07  4.85e+09 -1.99e+07  4.92e+09
      O-O  6.73e+07  5.04e+09       ***   5.1e+09

Reactant = W1   Temperature = 1.7e+03 K

   P(atm)        W2        P1        P2      Loss
      0.1       ***       ***       ***       ***
        1       ***       ***       ***       ***
       10       ***       ***       ***       ***
      100  8.67e+07  4.45e+09 -1.92e+07  4.52e+09
      O-O  6.75e+07  4.64e+09       ***  4.71e+09

Reactant = W1   Temperature = 1.8e+03 K

   P(atm)        W2        P1        P2      Loss
      0.1       ***       ***       ***       ***
        1       ***       ***       ***       ***
       10       ***       ***       ***       ***
      100   8.6e+07   4.1e+09 -1.84e+07  4.17e+09
      O-O  6.77e+07  4.28e+09       ***  4.35e+09

Reactant = W1   Temperature = 1.9e+03 K

   P(atm)        W2        P1        P2      Loss
      0.1       ***       ***       ***       ***
        1       ***       ***       ***       ***
       10       ***       ***       ***       ***
      100  8.53e+07  3.78e+09 -1.77e+07  3.85e+09
      O-O  6.78e+07  3.96e+09       ***  4.02e+09

Reactant = W1   Temperature = 2e+03 K

   P(atm)        W2        P1        P2      Loss
      0.1       ***       ***       ***       ***
        1       ***       ***       ***       ***
       10       ***       ***       ***       ***
      100  8.46e+07  3.49e+09 -1.69e+07  3.56e+09
      O-O  6.78e+07  3.66e+09       ***  3.73e+09

Reactant = W2   Temperature = 500 K

   P(atm)        W1        P1        P2      Loss
      0.1       ***       ***       ***       ***
        1       ***       ***       ***       ***
       10       ***       ***       ***       ***
      100       ***       ***       ***       ***
      O-O    0.0286       ***   1.4e+10   1.4e+10

Reactant = W2   Temperature = 600 K

   P(atm)        W1        P1        P2      Loss
      0.1       ***       ***       ***       ***
        1       ***       ***       ***       ***
       10       ***       ***       ***       ***
      100       ***       ***       ***       ***
      O-O      1.25       ***  1.45e+10  1.45e+10

Reactant = W2   Temperature = 700 K

   P(atm)        W1        P1        P2      Loss
      0.1       ***       ***       ***       ***
        1       ***       ***       ***       ***
       10       ***       ***       ***       ***
      100       ***       ***       ***       ***
      O-O      18.2       ***  1.39e+10  1.39e+10

Reactant = W2   Temperature = 800 K

   P(atm)        W1        P1        P2      Loss
      0.1       ***       ***       ***       ***
        1       ***       ***       ***       ***
       10       ***       ***       ***       ***
      100       ***       ***       ***       ***
      O-O       134       ***  1.28e+10  1.28e+10

Reactant = W2   Temperature = 900 K

   P(atm)        W1        P1        P2      Loss
      0.1       ***       ***       ***       ***
        1       ***       ***       ***       ***
       10       ***       ***       ***       ***
      100       ***       ***       ***       ***
      O-O       629       ***  1.16e+10  1.16e+10

Reactant = W2   Temperature = 1e+03 K

   P(atm)        W1        P1        P2      Loss
      0.1       ***       ***       ***       ***
        1       ***       ***       ***       ***
       10       ***       ***       ***       ***
      100       ***       ***       ***       ***
      O-O  2.16e+03       ***  1.03e+10  1.03e+10

Reactant = W2   Temperature = 1.1e+03 K

   P(atm)        W1        P1        P2      Loss
      0.1       ***       ***       ***       ***
        1       ***       ***       ***       ***
       10       ***       ***       ***       ***
      100       ***       ***       ***       ***
      O-O  5.91e+03       ***  9.17e+09  9.17e+09

Reactant = W2   Temperature = 1.2e+03 K

   P(atm)        W1        P1        P2      Loss
      0.1       ***       ***       ***       ***
        1       ***       ***       ***       ***
       10       ***       ***       ***       ***
      100  1.93e+04      -304  7.69e+09  7.69e+09
      O-O  1.37e+04       ***  8.12e+09  8.12e+09

Reactant = W2   Temperature = 1.3e+03 K

   P(atm)        W1        P1        P2      Loss
      0.1       ***       ***       ***       ***
        1       ***       ***       ***       ***
       10       ***       ***       ***       ***
      100  3.86e+04      -683  6.79e+09  6.79e+09
      O-O  2.77e+04       ***   7.2e+09   7.2e+09

Reactant = W2   Temperature = 1.4e+03 K

   P(atm)        W1        P1        P2      Loss
      0.1       ***       ***       ***       ***
        1       ***       ***       ***       ***
       10       ***       ***       ***       ***
      100  6.95e+04 -1.22e+03  6.01e+09  6.01e+09
      O-O  5.08e+04       ***   6.4e+09   6.4e+09

Reactant = W2   Temperature = 1.5e+03 K

   P(atm)        W1        P1        P2      Loss
      0.1       ***       ***       ***       ***
        1       ***       ***       ***       ***
       10       ***       ***       ***       ***
      100  1.15e+05 -1.91e+03  5.33e+09  5.33e+09
      O-O  8.59e+04       ***  5.69e+09  5.69e+09

Reactant = W2   Temperature = 1.6e+03 K

   P(atm)        W1        P1        P2      Loss
      0.1       ***       ***       ***       ***
        1       ***       ***       ***       ***
       10       ***       ***       ***       ***
      100  1.79e+05 -2.68e+03  4.75e+09  4.75e+09
      O-O  1.36e+05       ***  5.08e+09  5.08e+09

Reactant = W2   Temperature = 1.7e+03 K

   P(atm)        W1        P1        P2      Loss
      0.1       ***       ***       ***       ***
        1       ***       ***       ***       ***
       10       ***       ***       ***       ***
      100  2.63e+05 -3.44e+03  4.24e+09  4.24e+09
      O-O  2.03e+05       ***  4.55e+09  4.55e+09

Reactant = W2   Temperature = 1.8e+03 K

   P(atm)        W1        P1        P2      Loss
      0.1       ***       ***       ***       ***
        1       ***       ***       ***       ***
       10       ***       ***       ***       ***
      100  3.69e+05 -4.08e+03   3.8e+09   3.8e+09
      O-O  2.91e+05       ***  4.08e+09  4.08e+09

Reactant = W2   Temperature = 1.9e+03 K

   P(atm)        W1        P1        P2      Loss
      0.1       ***       ***       ***       ***
        1       ***       ***       ***       ***
       10       ***       ***       ***       ***
      100     5e+05 -4.51e+03  3.42e+09  3.42e+09
      O-O  4.01e+05       ***  3.68e+09  3.68e+09

Reactant = W2   Temperature = 2e+03 K

   P(atm)        W1        P1        P2      Loss
      0.1       ***       ***       ***       ***
        1       ***       ***       ***       ***
       10       ***       ***       ***       ***
      100  6.56e+05  -4.6e+03  3.09e+09  3.09e+09
      O-O  5.34e+05       ***  3.32e+09  3.32e+09

Reactant = P1   Temperature = 500 K

   P(atm)        W1        W2        P2      Loss
      0.1       ***       ***  1.57e-12  1.57e-12
        1       ***       ***  1.57e-12  1.57e-12
       10       ***       ***  1.57e-12  1.57e-12
      100       ***       ***  1.57e-12  1.57e-12
      O-O  2.44e-10       ***       ***  2.44e-10

Reactant = P1   Temperature = 600 K

   P(atm)        W1        W2        P2      Loss
      0.1       ***       ***  1.54e-12  1.54e-12
        1       ***       ***  1.54e-12  1.54e-12
       10       ***       ***  1.54e-12  1.54e-12
      100       ***       ***  1.54e-12  1.54e-12
      O-O  2.52e-10       ***       ***  2.52e-10

Reactant = P1   Temperature = 700 K

   P(atm)        W1        W2        P2      Loss
      0.1       ***       ***  1.61e-12  1.61e-12
        1       ***       ***  1.61e-12  1.61e-12
       10       ***       ***  1.61e-12  1.61e-12
      100       ***       ***  1.61e-12  1.61e-12
      O-O  2.58e-10       ***       ***  2.58e-10

Reactant = P1   Temperature = 800 K

   P(atm)        W1        W2        P2      Loss
      0.1       ***       ***  1.74e-12  1.74e-12
        1       ***       ***  1.74e-12  1.74e-12
       10       ***       ***  1.74e-12  1.74e-12
      100       ***       ***  1.74e-12  1.74e-12
      O-O  2.64e-10       ***       ***  2.64e-10

Reactant = P1   Temperature = 900 K

   P(atm)        W1        W2        P2      Loss
      0.1       ***       ***  1.91e-12  1.91e-12
        1       ***       ***  1.91e-12  1.91e-12
       10       ***       ***  1.91e-12  1.91e-12
      100       ***       ***  1.91e-12  1.91e-12
      O-O  2.69e-10       ***       ***  2.69e-10

Reactant = P1   Temperature = 1e+03 K

   P(atm)        W1        W2        P2      Loss
      0.1       ***       ***  2.11e-12  2.11e-12
        1       ***       ***  2.11e-12  2.11e-12
       10       ***       ***  2.11e-12  2.11e-12
      100       ***       ***  2.11e-12  2.11e-12
      O-O  2.74e-10       ***       ***  2.74e-10

Reactant = P1   Temperature = 1.1e+03 K

   P(atm)        W1        W2        P2      Loss
      0.1       ***       ***  2.34e-12  2.34e-12
        1       ***       ***  2.34e-12  2.34e-12
       10       ***       ***  2.34e-12  2.34e-12
      100  2.66e-10       *** -1.97e-11  2.66e-10
      O-O  2.78e-10       ***       ***  2.78e-10

Reactant = P1   Temperature = 1.2e+03 K

   P(atm)        W1        W2        P2      Loss
      0.1       ***       ***   2.6e-12   2.6e-12
        1       ***       ***   2.6e-12   2.6e-12
       10       ***       ***   2.6e-12   2.6e-12
      100   2.7e-10 -9.86e-13  1.04e-12   2.7e-10
      O-O  2.82e-10       ***       ***  2.82e-10

Reactant = P1   Temperature = 1.3e+03 K

   P(atm)        W1        W2        P2      Loss
      0.1       ***       ***  2.89e-12  2.89e-12
        1       ***       ***  2.89e-12  2.89e-12
       10       ***       ***  2.89e-12  2.89e-12
      100  2.72e-10 -1.12e-12  1.18e-12  2.72e-10
      O-O  2.86e-10       ***       ***  2.86e-10

Reactant = P1   Temperature = 1.4e+03 K

   P(atm)        W1        W2        P2      Loss
      0.1       ***       ***   3.2e-12   3.2e-12
        1       ***       ***   3.2e-12   3.2e-12
       10       ***       ***   3.2e-12   3.2e-12
      100  2.74e-10 -1.24e-12  1.31e-12  2.74e-10
      O-O   2.9e-10       ***       ***   2.9e-10

Reactant = P1   Temperature = 1.5e+03 K

   P(atm)        W1        W2        P2      Loss
      0.1       ***       ***  3.54e-12  3.54e-12
        1       ***       ***  3.54e-12  3.54e-12
       10       ***       ***  3.54e-12  3.54e-12
      100  2.75e-10 -1.33e-12  1.43e-12  2.75e-10
      O-O  2.93e-10       ***       ***  2.93e-10

Reactant = P1   Temperature = 1.6e+03 K

   P(atm)        W1        W2        P2      Loss
      0.1       ***       ***   3.9e-12   3.9e-12
        1       ***       ***   3.9e-12   3.9e-12
       10       ***       ***   3.9e-12   3.9e-12
      100  2.76e-10  -1.4e-12  1.53e-12  2.76e-10
      O-O  2.96e-10       ***       ***  2.96e-10

Reactant = P1   Temperature = 1.7e+03 K

   P(atm)        W1        W2        P2      Loss
      0.1       ***       ***  4.28e-12  4.28e-12
        1       ***       ***  4.28e-12  4.28e-12
       10       ***       ***  4.28e-12  4.28e-12
      100  2.77e-10 -1.46e-12  1.61e-12  2.77e-10
      O-O  2.99e-10       ***       ***  2.99e-10

Reactant = P1   Temperature = 1.8e+03 K

   P(atm)        W1        W2        P2      Loss
      0.1       ***       ***  4.69e-12  4.69e-12
        1       ***       ***  4.69e-12  4.69e-12
       10       ***       ***  4.69e-12  4.69e-12
      100  2.78e-10  -1.5e-12  1.69e-12  2.78e-10
      O-O  3.02e-10       ***       ***  3.02e-10

Reactant = P1   Temperature = 1.9e+03 K

   P(atm)        W1        W2        P2      Loss
      0.1       ***       ***  5.12e-12  5.12e-12
        1       ***       ***  5.12e-12  5.12e-12
       10       ***       ***  5.12e-12  5.12e-12
      100  2.79e-10 -1.54e-12  1.76e-12  2.79e-10
      O-O  3.05e-10       ***       ***  3.05e-10

Reactant = P1   Temperature = 2e+03 K

   P(atm)        W1        W2        P2      Loss
      0.1       ***       ***  5.57e-12  5.57e-12
        1       ***       ***  5.57e-12  5.57e-12
       10       ***       ***  5.57e-12  5.57e-12
      100   2.8e-10 -1.56e-12  1.81e-12   2.8e-10
      O-O  3.07e-10       ***       ***  3.07e-10

Reactant = P2   Temperature = 500 K

   P(atm)        W1        W2        P1      Loss
      0.1       ***       ***  4.81e-22  4.82e-22
        1       ***       ***  4.82e-22  4.81e-22
       10       ***       ***  4.82e-22  4.82e-22
      100       ***       ***  4.82e-22  4.76e-22
      O-O       ***  2.39e-10       ***  2.39e-10

Reactant = P2   Temperature = 600 K

   P(atm)        W1        W2        P1      Loss
      0.1       ***       ***   2.1e-20   2.1e-20
        1       ***       ***   2.1e-20   2.1e-20
       10       ***       ***   2.1e-20   2.1e-20
      100       ***       ***   2.1e-20   2.1e-20
      O-O       ***  2.46e-10       ***  2.46e-10

Reactant = P2   Temperature = 700 K

   P(atm)        W1        W2        P1      Loss
      0.1       ***       ***  3.26e-19  3.26e-19
        1       ***       ***  3.26e-19  3.26e-19
       10       ***       ***  3.26e-19  3.26e-19
      100       ***       ***  3.27e-19  3.27e-19
      O-O       ***  2.53e-10       ***  2.53e-10

Reactant = P2   Temperature = 800 K

   P(atm)        W1        W2        P1      Loss
      0.1       ***       ***  2.67e-18  2.67e-18
        1       ***       ***  2.67e-18  2.67e-18
       10       ***       ***  2.67e-18  2.67e-18
      100       ***       ***  2.67e-18  2.67e-18
      O-O       ***  2.58e-10       ***  2.58e-10

Reactant = P2   Temperature = 900 K

   P(atm)        W1        W2        P1      Loss
      0.1       ***       ***  1.42e-17  1.42e-17
        1       ***       ***  1.42e-17  1.42e-17
       10       ***       ***  1.42e-17  1.42e-17
      100       ***       ***  1.42e-17  1.42e-17
      O-O       ***  2.63e-10       ***  2.63e-10

Reactant = P2   Temperature = 1e+03 K

   P(atm)        W1        W2        P1      Loss
      0.1       ***       ***  5.55e-17  5.55e-17
        1       ***       ***  5.55e-17  5.55e-17
       10       ***       ***  5.55e-17  5.55e-17
      100       ***       ***  5.55e-17  5.55e-17
      O-O       ***  2.68e-10       ***  2.68e-10

Reactant = P2   Temperature = 1.1e+03 K

   P(atm)        W1        W2        P1      Loss
      0.1       ***       ***  1.74e-16  1.74e-16
        1       ***       ***  1.74e-16  1.74e-16
       10       ***       ***  1.74e-16  1.74e-16
      100  1.65e-15       *** -1.46e-15  3.11e-16
      O-O       ***  2.72e-10       ***  2.72e-10

Reactant = P2   Temperature = 1.2e+03 K

   P(atm)        W1        W2        P1      Loss
      0.1       ***       ***  4.59e-16  4.59e-16
        1       ***       ***  4.59e-16  4.59e-16
       10       ***       ***  4.59e-16  4.59e-16
      100 -3.34e-16  2.48e-10  1.83e-16  2.48e-10
      O-O       ***  2.76e-10       ***  2.76e-10

Reactant = P2   Temperature = 1.3e+03 K

   P(atm)        W1        W2        P1      Loss
      0.1       ***       ***  1.06e-15  1.06e-15
        1       ***       ***  1.06e-15  1.06e-15
       10       ***       ***  1.06e-15  1.06e-15
      100 -7.62e-16   2.5e-10  4.37e-16   2.5e-10
      O-O       ***   2.8e-10       ***   2.8e-10

Reactant = P2   Temperature = 1.4e+03 K

   P(atm)        W1        W2        P1      Loss
      0.1       ***       ***  2.22e-15  2.22e-15
        1       ***       ***  2.22e-15  2.22e-15
       10       ***       ***  2.22e-15  2.22e-15
      100 -1.53e-15  2.52e-10  9.12e-16  2.52e-10
      O-O       ***  2.84e-10       ***  2.84e-10

Reactant = P2   Temperature = 1.5e+03 K

   P(atm)        W1        W2        P1      Loss
      0.1       ***       ***  4.26e-15  4.26e-15
        1       ***       ***  4.26e-15  4.26e-15
       10       ***       ***  4.26e-15  4.26e-15
      100  -2.8e-15  2.53e-10  1.72e-15  2.53e-10
      O-O       ***  2.87e-10       ***  2.87e-10

Reactant = P2   Temperature = 1.6e+03 K

   P(atm)        W1        W2        P1      Loss
      0.1       ***       ***  7.63e-15  7.63e-15
        1       ***       ***  7.63e-15  7.63e-15
       10       ***       ***  7.63e-15  7.63e-15
      100 -4.75e-15  2.55e-10  2.99e-15  2.55e-10
      O-O       ***   2.9e-10       ***   2.9e-10

Reactant = P2   Temperature = 1.7e+03 K

   P(atm)        W1        W2        P1      Loss
      0.1       ***       ***  1.29e-14  1.29e-14
        1       ***       ***  1.29e-14  1.29e-14
       10       ***       ***  1.29e-14  1.29e-14
      100 -7.55e-15  2.57e-10  4.85e-15  2.57e-10
      O-O       ***  2.93e-10       ***  2.93e-10

Reactant = P2   Temperature = 1.8e+03 K

   P(atm)        W1        W2        P1      Loss
      0.1       ***       ***  2.07e-14  2.07e-14
        1       ***       ***  2.07e-14  2.07e-14
       10       ***       ***  2.07e-14  2.07e-14
      100 -1.14e-14  2.59e-10  7.45e-15  2.59e-10
      O-O       ***  2.96e-10       ***  2.96e-10

Reactant = P2   Temperature = 1.9e+03 K

   P(atm)        W1        W2        P1      Loss
      0.1       ***       ***  3.19e-14  3.19e-14
        1       ***       ***  3.19e-14  3.19e-14
       10       ***       ***  3.19e-14  3.19e-14
      100 -1.65e-14  2.61e-10  1.09e-14  2.61e-10
      O-O       ***  2.98e-10       ***  2.98e-10

Reactant = P2   Temperature = 2e+03 K

   P(atm)        W1        W2        P1      Loss
      0.1       ***       ***  4.73e-14  4.73e-14
        1       ***       ***  4.73e-14  4.73e-14
       10       ***       ***  4.73e-14  4.73e-14
      100  -2.3e-14  2.63e-10  1.54e-14  2.63e-10
      O-O       ***  3.01e-10       ***  3.01e-10

______________________________________________________________________________________

Temperature-Species Rate Tables:

Reactant = W1   Pressure = 0.1 atm

   T(K)        W2        P1        P2      Loss   Capture
    500       ***       ***       ***       ***  8.29e+09
    600       ***       ***       ***       ***  9.28e+09
    700       ***       ***       ***       ***  9.51e+09
    800       ***       ***       ***       ***   9.3e+09
    900       ***       ***       ***       ***  8.85e+09
  1e+03       ***       ***       ***       ***  8.29e+09
1.1e+03       ***       ***       ***       ***  7.69e+09
1.2e+03       ***       ***       ***       ***   7.1e+09
1.3e+03       ***       ***       ***       ***  6.54e+09
1.4e+03       ***       ***       ***       ***  6.02e+09
1.5e+03       ***       ***       ***       ***  5.54e+09
1.6e+03       ***       ***       ***       ***   5.1e+09
1.7e+03       ***       ***       ***       ***  4.71e+09
1.8e+03       ***       ***       ***       ***  4.35e+09
1.9e+03       ***       ***       ***       ***  4.02e+09
  2e+03       ***       ***       ***       ***  3.73e+09

Reactant = W1   Pressure = 1 atm

   T(K)        W2        P1        P2      Loss   Capture
    500       ***       ***       ***       ***  8.29e+09
    600       ***       ***       ***       ***  9.28e+09
    700       ***       ***       ***       ***  9.51e+09
    800       ***       ***       ***       ***   9.3e+09
    900       ***       ***       ***       ***  8.85e+09
  1e+03       ***       ***       ***       ***  8.29e+09
1.1e+03       ***       ***       ***       ***  7.69e+09
1.2e+03       ***       ***       ***       ***   7.1e+09
1.3e+03       ***       ***       ***       ***  6.54e+09
1.4e+03       ***       ***       ***       ***  6.02e+09
1.5e+03       ***       ***       ***       ***  5.54e+09
1.6e+03       ***       ***       ***       ***   5.1e+09
1.7e+03       ***       ***       ***       ***  4.71e+09
1.8e+03       ***       ***       ***       ***  4.35e+09
1.9e+03       ***       ***       ***       ***  4.02e+09
  2e+03       ***       ***       ***       ***  3.73e+09

Reactant = W1   Pressure = 10 atm

   T(K)        W2        P1        P2      Loss   Capture
    500       ***       ***       ***       ***  8.29e+09
    600       ***       ***       ***       ***  9.28e+09
    700       ***       ***       ***       ***  9.51e+09
    800       ***       ***       ***       ***   9.3e+09
    900       ***       ***       ***       ***  8.85e+09
  1e+03       ***       ***       ***       ***  8.29e+09
1.1e+03       ***       ***       ***       ***  7.69e+09
1.2e+03       ***       ***       ***       ***   7.1e+09
1.3e+03       ***       ***       ***       ***  6.54e+09
1.4e+03       ***       ***       ***       ***  6.02e+09
1.5e+03       ***       ***       ***       ***  5.54e+09
1.6e+03       ***       ***       ***       ***   5.1e+09
1.7e+03       ***       ***       ***       ***  4.71e+09
1.8e+03       ***       ***       ***       ***  4.35e+09
1.9e+03       ***       ***       ***       ***  4.02e+09
  2e+03       ***       ***       ***       ***  3.73e+09

Reactant = W1   Pressure = 100 atm

   T(K)        W2        P1        P2      Loss   Capture
    500       ***       ***       ***       ***  8.29e+09
    600       ***       ***       ***       ***  9.28e+09
    700       ***       ***       ***       ***  9.51e+09
    800       ***       ***       ***       ***   9.3e+09
    900       ***       ***       ***       ***  8.85e+09
  1e+03       ***       ***       ***       ***  8.29e+09
1.1e+03       ***  7.47e+09  6.24e+08  7.53e+09  7.69e+09
1.2e+03  8.73e+07  6.87e+09 -2.17e+07  6.94e+09   7.1e+09
1.3e+03  8.77e+07   6.3e+09 -2.15e+07  6.37e+09  6.54e+09
1.4e+03  8.78e+07  5.77e+09 -2.11e+07  5.84e+09  6.02e+09
1.5e+03  8.76e+07  5.29e+09 -2.05e+07  5.36e+09  5.54e+09
1.6e+03  8.72e+07  4.85e+09 -1.99e+07  4.92e+09   5.1e+09
1.7e+03  8.67e+07  4.45e+09 -1.92e+07  4.52e+09  4.71e+09
1.8e+03   8.6e+07   4.1e+09 -1.84e+07  4.17e+09  4.35e+09
1.9e+03  8.53e+07  3.78e+09 -1.77e+07  3.85e+09  4.02e+09
  2e+03  8.46e+07  3.49e+09 -1.69e+07  3.56e+09  3.73e+09

Reactant = W2   Pressure = 0.1 atm

   T(K)        W1        P1        P2      Loss   Capture
    500       ***       ***       ***       ***   1.4e+10
    600       ***       ***       ***       ***  1.45e+10
    700       ***       ***       ***       ***  1.39e+10
    800       ***       ***       ***       ***  1.28e+10
    900       ***       ***       ***       ***  1.16e+10
  1e+03       ***       ***       ***       ***  1.03e+10
1.1e+03       ***       ***       ***       ***  9.17e+09
1.2e+03       ***       ***       ***       ***  8.12e+09
1.3e+03       ***       ***       ***       ***   7.2e+09
1.4e+03       ***       ***       ***       ***   6.4e+09
1.5e+03       ***       ***       ***       ***  5.69e+09
1.6e+03       ***       ***       ***       ***  5.08e+09
1.7e+03       ***       ***       ***       ***  4.55e+09
1.8e+03       ***       ***       ***       ***  4.08e+09
1.9e+03       ***       ***       ***       ***  3.68e+09
  2e+03       ***       ***       ***       ***  3.32e+09

Reactant = W2   Pressure = 1 atm

   T(K)        W1        P1        P2      Loss   Capture
    500       ***       ***       ***       ***   1.4e+10
    600       ***       ***       ***       ***  1.45e+10
    700       ***       ***       ***       ***  1.39e+10
    800       ***       ***       ***       ***  1.28e+10
    900       ***       ***       ***       ***  1.16e+10
  1e+03       ***       ***       ***       ***  1.03e+10
1.1e+03       ***       ***       ***       ***  9.17e+09
1.2e+03       ***       ***       ***       ***  8.12e+09
1.3e+03       ***       ***       ***       ***   7.2e+09
1.4e+03       ***       ***       ***       ***   6.4e+09
1.5e+03       ***       ***       ***       ***  5.69e+09
1.6e+03       ***       ***       ***       ***  5.08e+09
1.7e+03       ***       ***       ***       ***  4.55e+09
1.8e+03       ***       ***       ***       ***  4.08e+09
1.9e+03       ***       ***       ***       ***  3.68e+09
  2e+03       ***       ***       ***       ***  3.32e+09

Reactant = W2   Pressure = 10 atm

   T(K)        W1        P1        P2      Loss   Capture
    500       ***       ***       ***       ***   1.4e+10
    600       ***       ***       ***       ***  1.45e+10
    700       ***       ***       ***       ***  1.39e+10
    800       ***       ***       ***       ***  1.28e+10
    900       ***       ***       ***       ***  1.16e+10
  1e+03       ***       ***       ***       ***  1.03e+10
1.1e+03       ***       ***       ***       ***  9.17e+09
1.2e+03       ***       ***       ***       ***  8.12e+09
1.3e+03       ***       ***       ***       ***   7.2e+09
1.4e+03       ***       ***       ***       ***   6.4e+09
1.5e+03       ***       ***       ***       ***  5.69e+09
1.6e+03       ***       ***       ***       ***  5.08e+09
1.7e+03       ***       ***       ***       ***  4.55e+09
1.8e+03       ***       ***       ***       ***  4.08e+09
1.9e+03       ***       ***       ***       ***  3.68e+09
  2e+03       ***       ***       ***       ***  3.32e+09

Reactant = W2   Pressure = 100 atm

   T(K)        W1        P1        P2      Loss   Capture
    500       ***       ***       ***       ***   1.4e+10
    600       ***       ***       ***       ***  1.45e+10
    700       ***       ***       ***       ***  1.39e+10
    800       ***       ***       ***       ***  1.28e+10
    900       ***       ***       ***       ***  1.16e+10
  1e+03       ***       ***       ***       ***  1.03e+10
1.1e+03       ***       ***       ***       ***  9.17e+09
1.2e+03  1.93e+04      -304  7.69e+09  7.69e+09  8.12e+09
1.3e+03  3.86e+04      -683  6.79e+09  6.79e+09   7.2e+09
1.4e+03  6.95e+04 -1.22e+03  6.01e+09  6.01e+09   6.4e+09
1.5e+03  1.15e+05 -1.91e+03  5.33e+09  5.33e+09  5.69e+09
1.6e+03  1.79e+05 -2.68e+03  4.75e+09  4.75e+09  5.08e+09
1.7e+03  2.63e+05 -3.44e+03  4.24e+09  4.24e+09  4.55e+09
1.8e+03  3.69e+05 -4.08e+03   3.8e+09   3.8e+09  4.08e+09
1.9e+03     5e+05 -4.51e+03  3.42e+09  3.42e+09  3.68e+09
  2e+03  6.56e+05  -4.6e+03  3.09e+09  3.09e+09  3.32e+09

Reactant = P1   Pressure = 0.1 atm

   T(K)        W1        W2        P2      Loss   Capture
    500       ***       ***  1.57e-12  1.57e-12  2.44e-10
    600       ***       ***  1.54e-12  1.54e-12  2.52e-10
    700       ***       ***  1.61e-12  1.61e-12  2.58e-10
    800       ***       ***  1.74e-12  1.74e-12  2.64e-10
    900       ***       ***  1.91e-12  1.91e-12  2.69e-10
  1e+03       ***       ***  2.11e-12  2.11e-12  2.74e-10
1.1e+03       ***       ***  2.34e-12  2.34e-12  2.78e-10
1.2e+03       ***       ***   2.6e-12   2.6e-12  2.82e-10
1.3e+03       ***       ***  2.89e-12  2.89e-12  2.86e-10
1.4e+03       ***       ***   3.2e-12   3.2e-12   2.9e-10
1.5e+03       ***       ***  3.54e-12  3.54e-12  2.93e-10
1.6e+03       ***       ***   3.9e-12   3.9e-12  2.96e-10
1.7e+03       ***       ***  4.28e-12  4.28e-12  2.99e-10
1.8e+03       ***       ***  4.69e-12  4.69e-12  3.02e-10
1.9e+03       ***       ***  5.12e-12  5.12e-12  3.05e-10
  2e+03       ***       ***  5.57e-12  5.57e-12  3.07e-10

Reactant = P1   Pressure = 1 atm

   T(K)        W1        W2        P2      Loss   Capture
    500       ***       ***  1.57e-12  1.57e-12  2.44e-10
    600       ***       ***  1.54e-12  1.54e-12  2.52e-10
    700       ***       ***  1.61e-12  1.61e-12  2.58e-10
    800       ***       ***  1.74e-12  1.74e-12  2.64e-10
    900       ***       ***  1.91e-12  1.91e-12  2.69e-10
  1e+03       ***       ***  2.11e-12  2.11e-12  2.74e-10
1.1e+03       ***       ***  2.34e-12  2.34e-12  2.78e-10
1.2e+03       ***       ***   2.6e-12   2.6e-12  2.82e-10
1.3e+03       ***       ***  2.89e-12  2.89e-12  2.86e-10
1.4e+03       ***       ***   3.2e-12   3.2e-12   2.9e-10
1.5e+03       ***       ***  3.54e-12  3.54e-12  2.93e-10
1.6e+03       ***       ***   3.9e-12   3.9e-12  2.96e-10
1.7e+03       ***       ***  4.28e-12  4.28e-12  2.99e-10
1.8e+03       ***       ***  4.69e-12  4.69e-12  3.02e-10
1.9e+03       ***       ***  5.12e-12  5.12e-12  3.05e-10
  2e+03       ***       ***  5.57e-12  5.57e-12  3.07e-10

Reactant = P1   Pressure = 10 atm

   T(K)        W1        W2        P2      Loss   Capture
    500       ***       ***  1.57e-12  1.57e-12  2.44e-10
    600       ***       ***  1.54e-12  1.54e-12  2.52e-10
    700       ***       ***  1.61e-12  1.61e-12  2.58e-10
    800       ***       ***  1.74e-12  1.74e-12  2.64e-10
    900       ***       ***  1.91e-12  1.91e-12  2.69e-10
  1e+03       ***       ***  2.11e-12  2.11e-12  2.74e-10
1.1e+03       ***       ***  2.34e-12  2.34e-12  2.78e-10
1.2e+03       ***       ***   2.6e-12   2.6e-12  2.82e-10
1.3e+03       ***       ***  2.89e-12  2.89e-12  2.86e-10
1.4e+03       ***       ***   3.2e-12   3.2e-12   2.9e-10
1.5e+03       ***       ***  3.54e-12  3.54e-12  2.93e-10
1.6e+03       ***       ***   3.9e-12   3.9e-12  2.96e-10
1.7e+03       ***       ***  4.28e-12  4.28e-12  2.99e-10
1.8e+03       ***       ***  4.69e-12  4.69e-12  3.02e-10
1.9e+03       ***       ***  5.12e-12  5.12e-12  3.05e-10
  2e+03       ***       ***  5.57e-12  5.57e-12  3.07e-10

Reactant = P1   Pressure = 100 atm

   T(K)        W1        W2        P2      Loss   Capture
    500       ***       ***  1.57e-12  1.57e-12  2.44e-10
    600       ***       ***  1.54e-12  1.54e-12  2.52e-10
    700       ***       ***  1.61e-12  1.61e-12  2.58e-10
    800       ***       ***  1.74e-12  1.74e-12  2.64e-10
    900       ***       ***  1.91e-12  1.91e-12  2.69e-10
  1e+03       ***       ***  2.11e-12  2.11e-12  2.74e-10
1.1e+03  2.66e-10       *** -1.97e-11  2.66e-10  2.78e-10
1.2e+03   2.7e-10 -9.86e-13  1.04e-12   2.7e-10  2.82e-10
1.3e+03  2.72e-10 -1.12e-12  1.18e-12  2.72e-10  2.86e-10
1.4e+03  2.74e-10 -1.24e-12  1.31e-12  2.74e-10   2.9e-10
1.5e+03  2.75e-10 -1.33e-12  1.43e-12  2.75e-10  2.93e-10
1.6e+03  2.76e-10  -1.4e-12  1.53e-12  2.76e-10  2.96e-10
1.7e+03  2.77e-10 -1.46e-12  1.61e-12  2.77e-10  2.99e-10
1.8e+03  2.78e-10  -1.5e-12  1.69e-12  2.78e-10  3.02e-10
1.9e+03  2.79e-10 -1.54e-12  1.76e-12  2.79e-10  3.05e-10
  2e+03   2.8e-10 -1.56e-12  1.81e-12   2.8e-10  3.07e-10

Reactant = P2   Pressure = 0.1 atm

   T(K)        W1        W2        P1      Loss   Capture
    500       ***       ***  4.81e-22  4.82e-22  2.39e-10
    600       ***       ***   2.1e-20   2.1e-20  2.46e-10
    700       ***       ***  3.26e-19  3.26e-19  2.53e-10
    800       ***       ***  2.67e-18  2.67e-18  2.58e-10
    900       ***       ***  1.42e-17  1.42e-17  2.63e-10
  1e+03       ***       ***  5.55e-17  5.55e-17  2.68e-10
1.1e+03       ***       ***  1.74e-16  1.74e-16  2.72e-10
1.2e+03       ***       ***  4.59e-16  4.59e-16  2.76e-10
1.3e+03       ***       ***  1.06e-15  1.06e-15   2.8e-10
1.4e+03       ***       ***  2.22e-15  2.22e-15  2.84e-10
1.5e+03       ***       ***  4.26e-15  4.26e-15  2.87e-10
1.6e+03       ***       ***  7.63e-15  7.63e-15   2.9e-10
1.7e+03       ***       ***  1.29e-14  1.29e-14  2.93e-10
1.8e+03       ***       ***  2.07e-14  2.07e-14  2.96e-10
1.9e+03       ***       ***  3.19e-14  3.19e-14  2.98e-10
  2e+03       ***       ***  4.73e-14  4.73e-14  3.01e-10

Reactant = P2   Pressure = 1 atm

   T(K)        W1        W2        P1      Loss   Capture
    500       ***       ***  4.82e-22  4.81e-22  2.39e-10
    600       ***       ***   2.1e-20   2.1e-20  2.46e-10
    700       ***       ***  3.26e-19  3.26e-19  2.53e-10
    800       ***       ***  2.67e-18  2.67e-18  2.58e-10
    900       ***       ***  1.42e-17  1.42e-17  2.63e-10
  1e+03       ***       ***  5.55e-17  5.55e-17  2.68e-10
1.1e+03       ***       ***  1.74e-16  1.74e-16  2.72e-10
1.2e+03       ***       ***  4.59e-16  4.59e-16  2.76e-10
1.3e+03       ***       ***  1.06e-15  1.06e-15   2.8e-10
1.4e+03       ***       ***  2.22e-15  2.22e-15  2.84e-10
1.5e+03       ***       ***  4.26e-15  4.26e-15  2.87e-10
1.6e+03       ***       ***  7.63e-15  7.63e-15   2.9e-10
1.7e+03       ***       ***  1.29e-14  1.29e-14  2.93e-10
1.8e+03       ***       ***  2.07e-14  2.07e-14  2.96e-10
1.9e+03       ***       ***  3.19e-14  3.19e-14  2.98e-10
  2e+03       ***       ***  4.73e-14  4.73e-14  3.01e-10

Reactant = P2   Pressure = 10 atm

   T(K)        W1        W2        P1      Loss   Capture
    500       ***       ***  4.82e-22  4.82e-22  2.39e-10
    600       ***       ***   2.1e-20   2.1e-20  2.46e-10
    700       ***       ***  3.26e-19  3.26e-19  2.53e-10
    800       ***       ***  2.67e-18  2.67e-18  2.58e-10
    900       ***       ***  1.42e-17  1.42e-17  2.63e-10
  1e+03       ***       ***  5.55e-17  5.55e-17  2.68e-10
1.1e+03       ***       ***  1.74e-16  1.74e-16  2.72e-10
1.2e+03       ***       ***  4.59e-16  4.59e-16  2.76e-10
1.3e+03       ***       ***  1.06e-15  1.06e-15   2.8e-10
1.4e+03       ***       ***  2.22e-15  2.22e-15  2.84e-10
1.5e+03       ***       ***  4.26e-15  4.26e-15  2.87e-10
1.6e+03       ***       ***  7.63e-15  7.63e-15   2.9e-10
1.7e+03       ***       ***  1.29e-14  1.29e-14  2.93e-10
1.8e+03       ***       ***  2.07e-14  2.07e-14  2.96e-10
1.9e+03       ***       ***  3.19e-14  3.19e-14  2.98e-10
  2e+03       ***       ***  4.73e-14  4.73e-14  3.01e-10

Reactant = P2   Pressure = 100 atm

   T(K)        W1        W2        P1      Loss   Capture
    500       ***       ***  4.82e-22  4.76e-22  2.39e-10
    600       ***       ***   2.1e-20   2.1e-20  2.46e-10
    700       ***       ***  3.27e-19  3.27e-19  2.53e-10
    800       ***       ***  2.67e-18  2.67e-18  2.58e-10
    900       ***       ***  1.42e-17  1.42e-17  2.63e-10
  1e+03       ***       ***  5.55e-17  5.55e-17  2.68e-10
1.1e+03  1.65e-15       *** -1.46e-15  3.11e-16  2.72e-10
1.2e+03 -3.34e-16  2.48e-10  1.83e-16  2.48e-10  2.76e-10
1.3e+03 -7.62e-16   2.5e-10  4.37e-16   2.5e-10   2.8e-10
1.4e+03 -1.53e-15  2.52e-10  9.12e-16  2.52e-10  2.84e-10
1.5e+03  -2.8e-15  2.53e-10  1.72e-15  2.53e-10  2.87e-10
1.6e+03 -4.75e-15  2.55e-10  2.99e-15  2.55e-10   2.9e-10
1.7e+03 -7.55e-15  2.57e-10  4.85e-15  2.57e-10  2.93e-10
1.8e+03 -1.14e-14  2.59e-10  7.45e-15  2.59e-10  2.96e-10
1.9e+03 -1.65e-14  2.61e-10  1.09e-14  2.61e-10  2.98e-10
  2e+03  -2.3e-14  2.63e-10  1.54e-14  2.63e-10  3.01e-10

______________________________________________________________________________________

Temperature-Pressure Rate Tables:

W1->W2

P\T           500       600       700       800       900     1e+03   1.1e+03   1.2e+03   1.3e+03   1.4e+03   1.5e+03   1.6e+03   1.7e+03   1.8e+03   1.9e+03     2e+03
0.1           ***       ***       ***       ***       ***       ***       ***       ***       ***       ***       ***       ***       ***       ***       ***       ***
1             ***       ***       ***       ***       ***       ***       ***       ***       ***       ***       ***       ***       ***       ***       ***       ***
10            ***       ***       ***       ***       ***       ***       ***       ***       ***       ***       ***       ***       ***       ***       ***       ***
100           ***       ***       ***       ***       ***       ***       ***  8.73e+07  8.77e+07  8.78e+07  8.76e+07  8.72e+07  8.67e+07   8.6e+07  8.53e+07  8.46e+07
O-O      5.36e+07  5.71e+07  5.96e+07  6.14e+07  6.28e+07  6.39e+07  6.48e+07  6.56e+07  6.62e+07  6.67e+07   6.7e+07  6.73e+07  6.75e+07  6.77e+07  6.78e+07  6.78e+07

W1->P1

P\T           500       600       700       800       900     1e+03   1.1e+03   1.2e+03   1.3e+03   1.4e+03   1.5e+03   1.6e+03   1.7e+03   1.8e+03   1.9e+03     2e+03
0.1           ***       ***       ***       ***       ***       ***       ***       ***       ***       ***       ***       ***       ***       ***       ***       ***
1             ***       ***       ***       ***       ***       ***       ***       ***       ***       ***       ***       ***       ***       ***       ***       ***
10            ***       ***       ***       ***       ***       ***       ***       ***       ***       ***       ***       ***       ***       ***       ***       ***
100           ***       ***       ***       ***       ***       ***  7.47e+09  6.87e+09   6.3e+09  5.77e+09  5.29e+09  4.85e+09  4.45e+09   4.1e+09  3.78e+09  3.49e+09
O-O      8.23e+09  9.22e+09  9.45e+09  9.24e+09  8.79e+09  8.22e+09  7.63e+09  7.04e+09  6.47e+09  5.95e+09  5.47e+09  5.04e+09  4.64e+09  4.28e+09  3.96e+09  3.66e+09

W1->P2

P\T           500       600       700       800       900     1e+03   1.1e+03   1.2e+03   1.3e+03   1.4e+03   1.5e+03   1.6e+03   1.7e+03   1.8e+03   1.9e+03     2e+03
0.1           ***       ***       ***       ***       ***       ***       ***       ***       ***       ***       ***       ***       ***       ***       ***       ***
1             ***       ***       ***       ***       ***       ***       ***       ***       ***       ***       ***       ***       ***       ***       ***       ***
10            ***       ***       ***       ***       ***       ***       ***       ***       ***       ***       ***       ***       ***       ***       ***       ***
100           ***       ***       ***       ***       ***       ***  6.24e+08 -2.17e+07 -2.15e+07 -2.11e+07 -2.05e+07 -1.99e+07 -1.92e+07 -1.84e+07 -1.77e+07 -1.69e+07
O-O           ***       ***       ***       ***       ***       ***       ***       ***       ***       ***       ***       ***       ***       ***       ***       ***

W2->W1

P\T           500       600       700       800       900     1e+03   1.1e+03   1.2e+03   1.3e+03   1.4e+03   1.5e+03   1.6e+03   1.7e+03   1.8e+03   1.9e+03     2e+03
0.1           ***       ***       ***       ***       ***       ***       ***       ***       ***       ***       ***       ***       ***       ***       ***       ***
1             ***       ***       ***       ***       ***       ***       ***       ***       ***       ***       ***       ***       ***       ***       ***       ***
10            ***       ***       ***       ***       ***       ***       ***       ***       ***       ***       ***       ***       ***       ***       ***       ***
100           ***       ***       ***       ***       ***       ***       ***  1.93e+04  3.86e+04  6.95e+04  1.15e+05  1.79e+05  2.63e+05  3.69e+05     5e+05  6.56e+05
O-O        0.0286      1.25      18.2       134       629  2.16e+03  5.91e+03  1.37e+04  2.77e+04  5.08e+04  8.59e+04  1.36e+05  2.03e+05  2.91e+05  4.01e+05  5.34e+05

W2->P1

P\T           500       600       700       800       900     1e+03   1.1e+03   1.2e+03   1.3e+03   1.4e+03   1.5e+03   1.6e+03   1.7e+03   1.8e+03   1.9e+03     2e+03
0.1           ***       ***       ***       ***       ***       ***       ***       ***       ***       ***       ***       ***       ***       ***       ***       ***
1             ***       ***       ***       ***       ***       ***       ***       ***       ***       ***       ***       ***       ***       ***       ***       ***
10            ***       ***       ***       ***       ***       ***       ***       ***       ***       ***       ***       ***       ***       ***       ***       ***
100           ***       ***       ***       ***       ***       ***       ***      -304      -683 -1.22e+03 -1.91e+03 -2.68e+03 -3.44e+03 -4.08e+03 -4.51e+03  -4.6e+03
O-O           ***       ***       ***       ***       ***       ***       ***       ***       ***       ***       ***       ***       ***       ***       ***       ***

W2->P2

P\T           500       600       700       800       900     1e+03   1.1e+03   1.2e+03   1.3e+03   1.4e+03   1.5e+03   1.6e+03   1.7e+03   1.8e+03   1.9e+03     2e+03
0.1           ***       ***       ***       ***       ***       ***       ***       ***       ***       ***       ***       ***       ***       ***       ***       ***
1             ***       ***       ***       ***       ***       ***       ***       ***       ***       ***       ***       ***       ***       ***       ***       ***
10            ***       ***       ***       ***       ***       ***       ***       ***       ***       ***       ***       ***       ***       ***       ***       ***
100           ***       ***       ***       ***       ***       ***       ***  7.69e+09  6.79e+09  6.01e+09  5.33e+09  4.75e+09  4.24e+09   3.8e+09  3.42e+09  3.09e+09
O-O       1.4e+10  1.45e+10  1.39e+10  1.28e+10  1.16e+10  1.03e+10  9.17e+09  8.12e+09   7.2e+09   6.4e+09  5.69e+09  5.08e+09  4.55e+09  4.08e+09  3.68e+09  3.32e+09

P1->W1

P\T           500       600       700       800       900     1e+03   1.1e+03   1.2e+03   1.3e+03   1.4e+03   1.5e+03   1.6e+03   1.7e+03   1.8e+03   1.9e+03     2e+03
0.1           ***       ***       ***       ***       ***       ***       ***       ***       ***       ***       ***       ***       ***       ***       ***       ***
1             ***       ***       ***       ***       ***       ***       ***       ***       ***       ***       ***       ***       ***       ***       ***       ***
10            ***       ***       ***       ***       ***       ***       ***       ***       ***       ***       ***       ***       ***       ***       ***       ***
100           ***       ***       ***       ***       ***       ***  2.66e-10   2.7e-10  2.72e-10  2.74e-10  2.75e-10  2.76e-10  2.77e-10  2.78e-10  2.79e-10   2.8e-10
O-O      2.44e-10  2.52e-10  2.58e-10  2.64e-10  2.69e-10  2.74e-10  2.78e-10  2.82e-10  2.86e-10   2.9e-10  2.93e-10  2.96e-10  2.99e-10  3.02e-10  3.05e-10  3.07e-10

P1->W2

P\T           500       600       700       800       900     1e+03   1.1e+03   1.2e+03   1.3e+03   1.4e+03   1.5e+03   1.6e+03   1.7e+03   1.8e+03   1.9e+03     2e+03
0.1           ***       ***       ***       ***       ***       ***       ***       ***       ***       ***       ***       ***       ***       ***       ***       ***
1             ***       ***       ***       ***       ***       ***       ***       ***       ***       ***       ***       ***       ***       ***       ***       ***
10            ***       ***       ***       ***       ***       ***       ***       ***       ***       ***       ***       ***       ***       ***       ***       ***
100           ***       ***       ***       ***       ***       ***       *** -9.86e-13 -1.12e-12 -1.24e-12 -1.33e-12  -1.4e-12 -1.46e-12  -1.5e-12 -1.54e-12 -1.56e-12
O-O           ***       ***       ***       ***       ***       ***       ***       ***       ***       ***       ***       ***       ***       ***       ***       ***

P1->P2

P\T           500       600       700       800       900     1e+03   1.1e+03   1.2e+03   1.3e+03   1.4e+03   1.5e+03   1.6e+03   1.7e+03   1.8e+03   1.9e+03     2e+03
0.1      1.57e-12  1.54e-12  1.61e-12  1.74e-12  1.91e-12  2.11e-12  2.34e-12   2.6e-12  2.89e-12   3.2e-12  3.54e-12   3.9e-12  4.28e-12  4.69e-12  5.12e-12  5.57e-12
1        1.57e-12  1.54e-12  1.61e-12  1.74e-12  1.91e-12  2.11e-12  2.34e-12   2.6e-12  2.89e-12   3.2e-12  3.54e-12   3.9e-12  4.28e-12  4.69e-12  5.12e-12  5.57e-12
10       1.57e-12  1.54e-12  1.61e-12  1.74e-12  1.91e-12  2.11e-12  2.34e-12   2.6e-12  2.89e-12   3.2e-12  3.54e-12   3.9e-12  4.28e-12  4.69e-12  5.12e-12  5.57e-12
100      1.57e-12  1.54e-12  1.61e-12  1.74e-12  1.91e-12  2.11e-12 -1.97e-11  1.04e-12  1.18e-12  1.31e-12  1.43e-12  1.53e-12  1.61e-12  1.69e-12  1.76e-12  1.81e-12
O-O           ***       ***       ***       ***       ***       ***       ***       ***       ***       ***       ***       ***       ***       ***       ***       ***

P2->W1

P\T           500       600       700       800       900     1e+03   1.1e+03   1.2e+03   1.3e+03   1.4e+03   1.5e+03   1.6e+03   1.7e+03   1.8e+03   1.9e+03     2e+03
0.1           ***       ***       ***       ***       ***       ***       ***       ***       ***       ***       ***       ***       ***       ***       ***       ***
1             ***       ***       ***       ***       ***       ***       ***       ***       ***       ***       ***       ***       ***       ***       ***       ***
10            ***       ***       ***       ***       ***       ***       ***       ***       ***       ***       ***       ***       ***       ***       ***       ***
100           ***       ***       ***       ***       ***       ***  1.65e-15 -3.34e-16 -7.62e-16 -1.53e-15  -2.8e-15 -4.75e-15 -7.55e-15 -1.14e-14 -1.65e-14  -2.3e-14
O-O           ***       ***       ***       ***       ***       ***       ***       ***       ***       ***       ***       ***       ***       ***       ***       ***

P2->W2

P\T           500       600       700       800       900     1e+03   1.1e+03   1.2e+03   1.3e+03   1.4e+03   1.5e+03   1.6e+03   1.7e+03   1.8e+03   1.9e+03     2e+03
0.1           ***       ***       ***       ***       ***       ***       ***       ***       ***       ***       ***       ***       ***       ***       ***       ***
1             ***       ***       ***       ***       ***       ***       ***       ***       ***       ***       ***       ***       ***       ***       ***       ***
10            ***       ***       ***       ***       ***       ***       ***       ***       ***       ***       ***       ***       ***       ***       ***       ***
100           ***       ***       ***       ***       ***       ***       ***  2.48e-10   2.5e-10  2.52e-10  2.53e-10  2.55e-10  2.57e-10  2.59e-10  2.61e-10  2.63e-10
O-O      2.39e-10  2.46e-10  2.53e-10  2.58e-10  2.63e-10  2.68e-10  2.72e-10  2.76e-10   2.8e-10  2.84e-10  2.87e-10   2.9e-10  2.93e-10  2.96e-10  2.98e-10  3.01e-10

P2->P1

P\T           500       600       700       800       900     1e+03   1.1e+03   1.2e+03   1.3e+03   1.4e+03   1.5e+03   1.6e+03   1.7e+03   1.8e+03   1.9e+03     2e+03
0.1      4.81e-22   2.1e-20  3.26e-19  2.67e-18  1.42e-17  5.55e-17  1.74e-16  4.59e-16  1.06e-15  2.22e-15  4.26e-15  7.63e-15  1.29e-14  2.07e-14  3.19e-14  4.73e-14
1        4.82e-22   2.1e-20  3.26e-19  2.67e-18  1.42e-17  5.55e-17  1.74e-16  4.59e-16  1.06e-15  2.22e-15  4.26e-15  7.63e-15  1.29e-14  2.07e-14  3.19e-14  4.73e-14
10       4.82e-22   2.1e-20  3.26e-19  2.67e-18  1.42e-17  5.55e-17  1.74e-16  4.59e-16  1.06e-15  2.22e-15  4.26e-15  7.63e-15  1.29e-14  2.07e-14  3.19e-14  4.73e-14
100      4.82e-22   2.1e-20  3.27e-19  2.67e-18  1.42e-17  5.55e-17 -1.46e-15  1.83e-16  4.37e-16  9.12e-16  1.72e-15  2.99e-15  4.85e-15  7.45e-15  1.09e-14  1.54e-14
O-O           ***       ***       ***       ***       ***       ***       ***       ***       ***       ***       ***       ***       ***       ***       ***       ***

W1-> 

P\T           500       600       700       800       900     1e+03   1.1e+03   1.2e+03   1.3e+03   1.4e+03   1.5e+03   1.6e+03   1.7e+03   1.8e+03   1.9e+03     2e+03
0.1           ***       ***       ***       ***       ***       ***       ***       ***       ***       ***       ***       ***       ***       ***       ***       ***
1             ***       ***       ***       ***       ***       ***       ***       ***       ***       ***       ***       ***       ***       ***       ***       ***
10            ***       ***       ***       ***       ***       ***       ***       ***       ***       ***       ***       ***       ***       ***       ***       ***
100           ***       ***       ***       ***       ***       ***  7.53e+09  6.94e+09  6.37e+09  5.84e+09  5.36e+09  4.92e+09  4.52e+09  4.17e+09  3.85e+09  3.56e+09
O-O      8.29e+09  9.28e+09  9.51e+09   9.3e+09  8.85e+09  8.29e+09  7.69e+09   7.1e+09  6.54e+09  6.02e+09  5.54e+09   5.1e+09  4.71e+09  4.35e+09  4.02e+09  3.73e+09

W2-> 

P\T           500       600       700       800       900     1e+03   1.1e+03   1.2e+03   1.3e+03   1.4e+03   1.5e+03   1.6e+03   1.7e+03   1.8e+03   1.9e+03     2e+03
0.1           ***       ***       ***       ***       ***       ***       ***       ***       ***       ***       ***       ***       ***       ***       ***       ***
1             ***       ***       ***       ***       ***       ***       ***       ***       ***       ***       ***       ***       ***       ***       ***       ***
10            ***       ***       ***       ***       ***       ***       ***       ***       ***       ***       ***       ***       ***       ***       ***       ***
100           ***       ***       ***       ***       ***       ***       ***  7.69e+09  6.79e+09  6.01e+09  5.33e+09  4.75e+09  4.24e+09   3.8e+09  3.42e+09  3.09e+09
O-O       1.4e+10  1.45e+10  1.39e+10  1.28e+10  1.16e+10  1.03e+10  9.17e+09  8.12e+09   7.2e+09   6.4e+09  5.69e+09  5.08e+09  4.55e+09  4.08e+09  3.68e+09  3.32e+09

P1-> 

P\T           500       600       700       800       900     1e+03   1.1e+03   1.2e+03   1.3e+03   1.4e+03   1.5e+03   1.6e+03   1.7e+03   1.8e+03   1.9e+03     2e+03
0.1      1.57e-12  1.54e-12  1.61e-12  1.74e-12  1.91e-12  2.11e-12  2.34e-12   2.6e-12  2.89e-12   3.2e-12  3.54e-12   3.9e-12  4.28e-12  4.69e-12  5.12e-12  5.57e-12
1        1.57e-12  1.54e-12  1.61e-12  1.74e-12  1.91e-12  2.11e-12  2.34e-12   2.6e-12  2.89e-12   3.2e-12  3.54e-12   3.9e-12  4.28e-12  4.69e-12  5.12e-12  5.57e-12
10       1.57e-12  1.54e-12  1.61e-12  1.74e-12  1.91e-12  2.11e-12  2.34e-12   2.6e-12  2.89e-12   3.2e-12  3.54e-12   3.9e-12  4.28e-12  4.69e-12  5.12e-12  5.57e-12
100      1.57e-12  1.54e-12  1.61e-12  1.74e-12  1.91e-12  2.11e-12  2.66e-10   2.7e-10  2.72e-10  2.74e-10  2.75e-10  2.76e-10  2.77e-10  2.78e-10  2.79e-10   2.8e-10
O-O      2.44e-10  2.52e-10  2.58e-10  2.64e-10  2.69e-10  2.74e-10  2.78e-10  2.82e-10  2.86e-10   2.9e-10  2.93e-10  2.96e-10  2.99e-10  3.02e-10  3.05e-10  3.07e-10

P2-> 

P\T           500       600       700       800       900     1e+03   1.1e+03   1.2e+03   1.3e+03   1.4e+03   1.5e+03   1.6e+03   1.7e+03   1.8e+03   1.9e+03     2e+03
0.1      4.82e-22   2.1e-20  3.26e-19  2.67e-18  1.42e-17  5.55e-17  1.74e-16  4.59e-16  1.06e-15  2.22e-15  4.26e-15  7.63e-15  1.29e-14  2.07e-14  3.19e-14  4.73e-14
1        4.81e-22   2.1e-20  3.26e-19  2.67e-18  1.42e-17  5.55e-17  1.74e-16  4.59e-16  1.06e-15  2.22e-15  4.26e-15  7.63e-15  1.29e-14  2.07e-14  3.19e-14  4.73e-14
10       4.82e-22   2.1e-20  3.26e-19  2.67e-18  1.42e-17  5.55e-17  1.74e-16  4.59e-16  1.06e-15  2.22e-15  4.26e-15  7.63e-15  1.29e-14  2.07e-14  3.19e-14  4.73e-14
100      4.76e-22   2.1e-20  3.27e-19  2.67e-18  1.42e-17  5.55e-17  3.11e-16  2.48e-10   2.5e-10  2.52e-10  2.53e-10  2.55e-10  2.57e-10  2.59e-10  2.61e-10  2.63e-10
O-O      2.39e-10  2.46e-10  2.53e-10  2.58e-10  2.63e-10  2.68e-10  2.72e-10  2.76e-10   2.8e-10  2.84e-10  2.87e-10   2.9e-10  2.93e-10  2.96e-10  2.98e-10  3.01e-10

