Wells (G - ground energy, D - dissociation limit, kcal/mol):
                           W         G         D
       FakeW-C5H8(522)+OH(4)        -3     -2.03
      FakeW-C5H7(500)+H2O(5)     -37.4     -34.4

Bimolecular Products (G - ground energy, kcal/mol):
                     P         G
       C5H8(522)+OH(4)         0
      C5H7(500)+H2O(5)     -34.4

Well-to-Bimolecular Barriers (H/G - barrier height/well depth, kcal/mol)
                           B         H                      W         G                P
       FakeB-C5H8(522)+OH(4)         0  FakeW-C5H8(522)+OH(4)        -3  C5H8(522)+OH(4)
      FakeB-C5H7(500)+H2O(5)     -34.4 FakeW-C5H7(500)+H2O(5)     -37.4 C5H7(500)+H2O(5)

Well-to-Well Barriers (H/G - barrier height/well depth, kcal/mol):
            B         H                     W1        G1                     W2        G2
      ts_5_16     -2.03  FakeW-C5H8(522)+OH(4)        -3 FakeW-C5H7(500)+H2O(5)     -37.4

Bound Groups: dissociation barrier (name/ground energy, kcal/mol): wells (name/ground energy, kcal/mol):
     C2/-34.4:  FakeW-C5H7(500)+H2O(5)/-37.4

     B1/-2.03:  FakeW-C5H8(522)+OH(4)/-3

________________________________________________________________________________________

Names Translation Tables (<short name> - <original name>):
Wells:
   W1 - FakeW-C5H8(522)+OH(4)
   W2 - FakeW-C5H7(500)+H2O(5)
Bimolecular products:
   P1 - C5H8(522)+OH(4)
   P2 - C5H7(500)+H2O(5)
Inner Barriers:
   B1 - ts_5_16
Outer Barriers:
   C1 - FakeB-C5H8(522)+OH(4)
   C2 - FakeB-C5H7(500)+H2O(5)
Unimolecular Rate Units: 1/sec;  Bimolecular Rate Units: cm^3/sec

______________________________________________________________________________________

Species-Species Rate Tables:

Temperature = 500 K

High Pressure Rate Coefficients:

From\To         W1        W2        P1        P2
W1             ***  8.15e+08  8.65e+09       ***
W2         6.8e-07       ***       ***  1.67e+10
P1        2.45e-10       ***       ***       ***
P2             ***   2.4e-10       ***       ***

Temperature = 500 K    Pressure = 0.1 atm

From\To         W1        W2        P1        P2
W1        1.44e+09  7.33e+03  1.25e+09  1.91e+08
W2        2.24e-18  2.31e+09  3.43e-19  2.31e+09
P1        3.52e-11  2.83e-16  5.11e-11  1.59e-11
P2        2.29e-27  3.31e-11  6.74e-27  3.31e-11

Temperature = 500 K    Pressure = 1 atm

From\To         W1        W2        P1        P2
W1        3.01e+09  2.79e+04  2.68e+09  3.29e+08
W2        8.29e-15  4.91e+09  1.08e-15  4.91e+09
P1        7.58e-11  1.07e-15  8.81e-11  1.23e-11
P2        3.95e-27  7.05e-11  5.23e-27  7.05e-11

Temperature = 500 K    Pressure = 10 atm

From\To         W1        W2        P1        P2
W1        5.59e+09  7.94e+05  5.07e+09  5.26e+08
W2           6e-10  8.99e+09  1.41e-10  8.99e+09
P1        1.43e-10  7.85e-15  1.51e-10  7.19e-12
P2        6.31e-27  1.29e-10  3.05e-27  1.29e-10

Temperature = 500 K    Pressure = 100 atm

From\To         W1        W2        P1        P2
W1        8.46e+09   2.4e+08  7.73e+09  4.91e+08
W2           2e-07  1.43e+10  1.63e-08  1.43e+10
P1        2.19e-10  5.53e-13  2.21e-10  1.27e-12
P2        5.89e-27  2.05e-10  5.38e-28  2.05e-10

Temperature = 600 K

High Pressure Rate Coefficients:

From\To         W1        W2        P1        P2
W1             ***  7.91e+08  9.69e+09       ***
W2        0.000183       ***       ***  1.73e+10
P1        2.52e-10       ***       ***       ***
P2             ***  2.47e-10       ***       ***

Temperature = 600 K    Pressure = 0.1 atm

From\To         W1        W2        P1        P2
W1        1.87e+09  9.82e+03  1.69e+09  1.74e+08
W2        8.53e-15  3.02e+09  8.56e-16  3.02e+09
P1         4.4e-11  3.61e-16  5.86e-11  1.45e-11
P2        5.73e-25   4.3e-11  1.84e-24   4.3e-11

Temperature = 600 K    Pressure = 1 atm

From\To         W1        W2        P1        P2
W1        3.54e+09  3.27e+04  3.25e+09  2.98e+08
W2        1.26e-11  5.72e+09  1.16e-12  5.72e+09
P1        8.45e-11  1.22e-15   9.6e-11  1.15e-11
P2        9.83e-25  8.17e-11  1.46e-24  8.17e-11

Temperature = 600 K    Pressure = 10 atm

From\To         W1        W2        P1        P2
W1        6.07e+09  9.26e+05  5.59e+09  4.73e+08
W2        1.95e-07  9.56e+09  4.47e-08  9.56e+09
P1        1.46e-10  8.26e-15  1.53e-10  7.26e-12
P2        1.56e-24  1.37e-10  9.19e-25  1.37e-10

Temperature = 600 K    Pressure = 100 atm

From\To         W1        W2        P1        P2
W1        9.16e+09  2.14e+08  8.47e+09  4.71e+08
W2        4.93e-05  1.46e+10  5.32e-06  1.46e+10
P1        2.21e-10  6.03e-13  2.23e-10  1.54e-12
P2        1.56e-24  2.08e-10  1.96e-25  2.08e-10

Temperature = 700 K

High Pressure Rate Coefficients:

From\To         W1        W2        P1        P2
W1             ***  7.72e+08  9.93e+09       ***
W2         0.00975       ***       ***  1.66e+10
P1        2.59e-10       ***       ***       ***
P2             ***  2.53e-10       ***       ***

Temperature = 700 K    Pressure = 0.1 atm

From\To         W1        W2        P1        P2
W1        2.15e+09  9.85e+03  1.98e+09  1.64e+08
W2        5.85e-12  3.26e+09  2.59e-13  3.26e+09
P1        5.15e-11  4.47e-16  6.57e-11  1.42e-11
P2        3.16e-23  4.96e-11  1.05e-22  4.96e-11

Temperature = 700 K    Pressure = 1 atm

From\To         W1        W2        P1        P2
W1        3.82e+09  3.12e+04  3.54e+09  2.79e+08
W2        2.98e-09  5.82e+09     2e-10  5.82e+09
P1        9.23e-11   1.4e-15  1.04e-10  1.14e-11
P2        5.39e-23  8.89e-11  8.44e-23  8.89e-11

Temperature = 700 K    Pressure = 10 atm

From\To         W1        W2        P1        P2
W1        6.18e+09  1.21e+06  5.74e+09  4.38e+08
W2        1.43e-05  9.27e+09  2.99e-06  9.27e+09
P1         1.5e-10  9.65e-15  1.57e-10   7.5e-12
P2        8.46e-23  1.42e-10  5.55e-23  1.42e-10

Temperature = 700 K    Pressure = 100 atm

From\To         W1        W2        P1        P2
W1         9.2e+09     2e+08  8.56e+09  4.47e+08
W2         0.00252  1.38e+10  0.000321  1.38e+10
P1        2.23e-10  6.66e-13  2.25e-10   1.8e-12
P2        8.64e-23  2.11e-10  1.33e-23  2.11e-10

Temperature = 800 K

High Pressure Rate Coefficients:

From\To         W1        W2        P1        P2
W1             ***  7.56e+08  9.71e+09       ***
W2           0.191       ***       ***  1.53e+10
P1        2.65e-10       ***       ***       ***
P2             ***  2.59e-10       ***       ***

Temperature = 800 K    Pressure = 0.1 atm

From\To         W1        W2        P1        P2
W1        2.24e+09  9.13e+03  2.08e+09  1.56e+08
W2        7.92e-10  3.22e+09  2.79e-11  3.22e+09
P1        5.65e-11   5.2e-16   7.1e-11  1.45e-11
P2        6.66e-22  5.44e-11  2.28e-21  5.44e-11

Temperature = 800 K    Pressure = 1 atm

From\To         W1        W2        P1        P2
W1        3.83e+09  2.85e+04  3.57e+09  2.64e+08
W2         2.1e-07  5.55e+09  1.11e-08  5.55e+09
P1        9.73e-11  1.57e-15  1.09e-10  1.18e-11
P2        1.13e-21   9.4e-11  1.84e-21   9.4e-11

Temperature = 800 K    Pressure = 10 atm

From\To         W1        W2        P1        P2
W1           6e+09  1.68e+06  5.59e+09  4.11e+08
W2        0.000407  8.58e+09  7.72e-05  8.58e+09
P1        1.52e-10  1.21e-14   1.6e-10  7.97e-12
P2        1.76e-21  1.45e-10  1.25e-21  1.45e-10

Temperature = 800 K    Pressure = 100 atm

From\To         W1        W2        P1        P2
W1        8.84e+09  1.94e+08  8.23e+09  4.22e+08
W2          0.0489  1.26e+10     0.007  1.26e+10
P1        2.24e-10   7.6e-13  2.27e-10  2.07e-12
P2        1.81e-21  2.14e-10  3.24e-22  2.14e-10

Temperature = 900 K

High Pressure Rate Coefficients:

From\To         W1        W2        P1        P2
W1             ***  7.43e+08  9.23e+09       ***
W2            1.91       ***       ***  1.38e+10
P1         2.7e-10       ***       ***       ***
P2             ***  2.64e-10       ***       ***

Temperature = 900 K    Pressure = 0.1 atm

From\To         W1        W2        P1        P2
W1        2.23e+09  8.84e+03  2.08e+09  1.51e+08
W2        3.53e-08  3.11e+09  1.35e-09  3.11e+09
P1        6.05e-11     6e-16  7.57e-11  1.52e-11
P2        7.43e-21  5.94e-11  2.56e-20  5.94e-11

Temperature = 900 K    Pressure = 1 atm

From\To         W1        W2        P1        P2
W1        3.72e+09  2.84e+04  3.47e+09  2.53e+08
W2        6.85e-06   5.2e+09  2.98e-07   5.2e+09
P1        1.01e-10  1.76e-15  1.14e-10  1.24e-11
P2        1.25e-20  9.96e-11  2.09e-20  9.96e-11

Temperature = 900 K    Pressure = 10 atm

From\To         W1        W2        P1        P2
W1        5.69e+09  2.49e+06   5.3e+09  3.91e+08
W2         0.00627  7.84e+09   0.00108  7.84e+09
P1        1.55e-10  1.63e-14  1.63e-10  8.55e-12
P2        1.93e-20   1.5e-10  1.44e-20   1.5e-10

Temperature = 900 K    Pressure = 100 atm

From\To         W1        W2        P1        P2
W1        8.31e+09  1.96e+08  7.72e+09  3.96e+08
W2           0.504  1.13e+10    0.0774  1.13e+10
P1        2.26e-10  8.83e-13  2.29e-10  2.32e-12
P2        1.96e-20  2.17e-10  3.92e-21  2.17e-10

Temperature = 1e+03 K

High Pressure Rate Coefficients:

From\To         W1        W2        P1        P2
W1             ***  7.32e+08  8.64e+09       ***
W2            12.1       ***       ***  1.23e+10
P1        2.75e-10       ***       ***       ***
P2             ***  2.69e-10       ***       ***

Temperature = 1e+03 K    Pressure = 0.1 atm

From\To         W1        W2        P1        P2
W1         2.1e+09  8.42e+03  1.96e+09  1.43e+08
W2        7.79e-07  2.89e+09  3.36e-08  2.89e+09
P1         6.2e-11  6.44e-16  7.83e-11  1.62e-11
P2        5.15e-20  6.29e-11  1.84e-19  6.29e-11

Temperature = 1e+03 K    Pressure = 1 atm

From\To         W1        W2        P1        P2
W1        3.47e+09   3.1e+04  3.23e+09   2.4e+08
W2        0.000124  4.73e+09  4.72e-06  4.73e+09
P1        1.03e-10  1.88e-15  1.16e-10  1.34e-11
P2        8.67e-20  1.04e-10  1.52e-19  1.04e-10

Temperature = 1e+03 K    Pressure = 10 atm

From\To         W1        W2        P1        P2
W1        5.25e+09  3.65e+06  4.88e+09   3.7e+08
W2          0.0593  7.02e+09    0.0096  7.02e+09
P1        1.55e-10  2.28e-14  1.65e-10  9.42e-12
P2        1.34e-19  1.54e-10  1.07e-19  1.54e-10

Temperature = 1e+03 K    Pressure = 100 atm

From\To         W1        W2        P1        P2
W1        7.67e+09  1.99e+08   7.1e+09  3.71e+08
W2            3.28     1e+10     0.547     1e+10
P1        2.26e-10  1.06e-12   2.3e-10  2.65e-12
P2        1.34e-19  2.19e-10  3.01e-20  2.19e-10

Temperature = 1.1e+03 K

High Pressure Rate Coefficients:

From\To         W1        W2        P1        P2
W1             ***  7.23e+08  8.01e+09       ***
W2            54.4       ***       ***  1.09e+10
P1        2.79e-10       ***       ***       ***
P2             ***  2.73e-10       ***       ***

Temperature = 1.1e+03 K    Pressure = 0.1 atm

From\To         W1        W2        P1        P2
W1        1.99e+09  6.67e+03  1.85e+09  1.39e+08
W2        8.76e-06  2.58e+09  3.56e-07  2.58e+09
P1        6.42e-11  7.19e-16  8.16e-11  1.74e-11
P2        2.61e-19  6.42e-11  9.42e-19  6.42e-11

Temperature = 1.1e+03 K    Pressure = 1 atm

From\To         W1        W2        P1        P2
W1        3.24e+09  3.49e+04  3.01e+09  2.33e+08
W2         0.00125  4.18e+09  4.09e-05  4.18e+09
P1        1.05e-10  2.07e-15  1.19e-10  1.44e-11
P2        4.38e-19  1.05e-10  7.78e-19  1.05e-10

Temperature = 1.1e+03 K    Pressure = 10 atm

From\To         W1        W2        P1        P2
W1        4.85e+09  4.94e+06  4.49e+09  3.56e+08
W2           0.369  6.16e+09    0.0552  6.16e+09
P1        1.56e-10  3.03e-14  1.67e-10  1.03e-11
P2        6.71e-19  1.54e-10  5.55e-19  1.54e-10

Temperature = 1.1e+03 K    Pressure = 100 atm

From\To         W1        W2        P1        P2
W1        7.06e+09  2.02e+08  6.51e+09  3.51e+08
W2            15.2  8.79e+09      2.63  8.79e+09
P1        2.27e-10  1.22e-12  2.31e-10  2.96e-12
P2        6.62e-19   2.2e-10   1.6e-19   2.2e-10

Temperature = 1.2e+03 K

High Pressure Rate Coefficients:

From\To         W1        W2        P1        P2
W1             ***  7.15e+08  7.39e+09       ***
W2             190       ***       ***  9.66e+09
P1        2.83e-10       ***       ***       ***
P2             ***  2.77e-10       ***       ***

Temperature = 1.2e+03 K    Pressure = 0.1 atm

From\To         W1        W2        P1        P2
W1         1.9e+09  5.75e+03  1.76e+09  1.39e+08
W2        7.45e-05  2.35e+09   2.8e-06  2.35e+09
P1        6.72e-11  8.39e-16  8.59e-11  1.86e-11
P2        1.06e-18   6.7e-11  3.71e-18   6.7e-11

Temperature = 1.2e+03 K    Pressure = 1 atm

From\To         W1        W2        P1        P2
W1        3.06e+09  5.16e+04  2.83e+09  2.31e+08
W2         0.00974  3.76e+09  0.000274  3.76e+09
P1        1.08e-10  2.39e-15  1.24e-10  1.54e-11
P2        1.76e-18  1.08e-10  3.07e-18  1.08e-10

Temperature = 1.2e+03 K    Pressure = 10 atm

From\To         W1        W2        P1        P2
W1        4.51e+09  6.97e+06  4.16e+09  3.48e+08
W2            1.85  5.49e+09     0.252  5.49e+09
P1        1.59e-10  4.14e-14   1.7e-10   1.1e-11
P2        2.65e-18  1.57e-10  2.19e-18  1.57e-10

Temperature = 1.2e+03 K    Pressure = 100 atm

From\To         W1        W2        P1        P2
W1         6.5e+09  2.09e+08  5.96e+09  3.32e+08
W2            55.7  7.76e+09      9.67  7.76e+09
P1        2.28e-10   1.4e-12  2.33e-10  3.18e-12
P2        2.53e-18  2.23e-10  6.34e-19  2.23e-10

Temperature = 1.3e+03 K

High Pressure Rate Coefficients:

From\To         W1        W2        P1        P2
W1             ***  7.08e+08   6.8e+09       ***
W2             549       ***       ***  8.57e+09
P1        2.87e-10       ***       ***       ***
P2             ***  2.81e-10       ***       ***

Temperature = 1.3e+03 K    Pressure = 0.1 atm

From\To         W1        W2        P1        P2
W1        1.78e+09  6.06e+03  1.65e+09  1.37e+08
W2        0.000557  2.17e+09  1.87e-05  2.17e+09
P1        6.92e-11  9.46e-16  8.92e-11  2.01e-11
P2        3.48e-18  7.09e-11  1.21e-17  7.09e-11

Temperature = 1.3e+03 K    Pressure = 1 atm

From\To         W1        W2        P1        P2
W1        2.84e+09  9.93e+04  2.62e+09  2.27e+08
W2          0.0662  3.43e+09   0.00163  3.43e+09
P1         1.1e-10  2.71e-15  1.27e-10  1.66e-11
P2        5.76e-18  1.12e-10     1e-17  1.12e-10

Temperature = 1.3e+03 K    Pressure = 10 atm

From\To         W1        W2        P1        P2
W1        4.17e+09  1.01e+07  3.82e+09  3.37e+08
W2            7.85  4.93e+09     0.999  4.93e+09
P1        1.61e-10     6e-14  1.73e-10  1.19e-11
P2        8.57e-18  1.62e-10  7.19e-18  1.62e-10

Temperature = 1.3e+03 K    Pressure = 100 atm

From\To         W1        W2        P1        P2
W1        5.97e+09  2.21e+08  5.44e+09  3.09e+08
W2             171  6.88e+09        30  6.88e+09
P1         2.3e-10  1.64e-12  2.35e-10  3.41e-12
P2        7.87e-18  2.26e-10  2.06e-18  2.26e-10

Temperature = 1.4e+03 K

High Pressure Rate Coefficients:

From\To         W1        W2        P1        P2
W1             ***  7.01e+08  6.25e+09       ***
W2        1.36e+03       ***       ***  7.61e+09
P1        2.91e-10       ***       ***       ***
P2             ***  2.84e-10       ***       ***

Temperature = 1.4e+03 K    Pressure = 0.1 atm

From\To         W1        W2        P1        P2
W1        1.65e+09  5.17e+03  1.52e+09  1.35e+08
W2         0.00264  1.92e+09  7.78e-05  1.92e+09
P1        7.03e-11  1.04e-15   9.2e-11  2.17e-11
P2        9.72e-18  7.14e-11  3.38e-17  7.14e-11

Temperature = 1.4e+03 K    Pressure = 1 atm

From\To         W1        W2        P1        P2
W1        2.62e+09   1.6e+05   2.4e+09  2.22e+08
W2           0.292  3.02e+09   0.00638  3.02e+09
P1        1.11e-10  3.01e-15  1.29e-10   1.8e-11
P2        1.61e-17  1.13e-10  2.81e-17  1.13e-10

Temperature = 1.4e+03 K    Pressure = 10 atm

From\To         W1        W2        P1        P2
W1        3.83e+09  1.28e+07  3.49e+09  3.26e+08
W2            24.8  4.34e+09      3.01  4.34e+09
P1        1.62e-10  7.82e-14  1.75e-10   1.3e-11
P2        2.37e-17  1.62e-10  2.03e-17  1.62e-10

Temperature = 1.4e+03 K    Pressure = 100 atm

From\To         W1        W2        P1        P2
W1        5.48e+09  2.25e+08  4.96e+09  2.94e+08
W2             437  6.08e+09      77.9  6.08e+09
P1        2.31e-10  1.87e-12  2.36e-10  3.74e-12
P2        2.13e-17  2.27e-10  5.84e-18  2.27e-10

Temperature = 1.5e+03 K

High Pressure Rate Coefficients:

From\To         W1        W2        P1        P2
W1             ***  6.94e+08  5.75e+09       ***
W2        2.98e+03       ***       ***  6.77e+09
P1        2.94e-10       ***       ***       ***
P2             ***  2.88e-10       ***       ***

Temperature = 1.5e+03 K    Pressure = 0.1 atm

From\To         W1        W2        P1        P2
W1        1.57e+09  6.03e+03  1.43e+09  1.36e+08
W2          0.0124  1.76e+09  0.000309  1.76e+09
P1        7.28e-11  1.21e-15   9.6e-11  2.32e-11
P2        2.46e-17  7.46e-11  8.28e-17  7.46e-11

Temperature = 1.5e+03 K    Pressure = 1 atm

From\To         W1        W2        P1        P2
W1        2.46e+09  3.02e+05  2.24e+09  2.22e+08
W2            1.27  2.74e+09    0.0241  2.74e+09
P1        1.14e-10  3.57e-15  1.34e-10  1.92e-11
P2        4.04e-17  1.16e-10  6.85e-17  1.16e-10

Temperature = 1.5e+03 K    Pressure = 10 atm

From\To         W1        W2        P1        P2
W1        3.56e+09  1.74e+07  3.22e+09  3.19e+08
W2            74.5   3.9e+09      8.43   3.9e+09
P1        1.65e-10  1.07e-13  1.79e-10  1.38e-11
P2        5.83e-17  1.66e-10  4.94e-17  1.66e-10

Temperature = 1.5e+03 K    Pressure = 100 atm

From\To         W1        W2        P1        P2
W1        5.06e+09  2.37e+08  4.55e+09  2.76e+08
W2        1.02e+03  5.41e+09       177  5.41e+09
P1        2.32e-10  2.11e-12  2.38e-10  3.89e-12
P2        5.03e-17   2.3e-10  1.39e-17   2.3e-10

Temperature = 1.6e+03 K

High Pressure Rate Coefficients:

From\To         W1        W2        P1        P2
W1             ***  6.88e+08  5.29e+09       ***
W2        5.93e+03       ***       ***  6.04e+09
P1        2.97e-10       ***       ***       ***
P2             ***  2.91e-10       ***       ***

Temperature = 1.6e+03 K    Pressure = 0.1 atm

From\To         W1        W2        P1        P2
W1        1.43e+09  8.88e+03   1.3e+09  1.31e+08
W2          0.0527  1.59e+09    0.0011  1.59e+09
P1        7.28e-11  1.28e-15  9.79e-11  2.51e-11
P2        5.42e-17  7.62e-11  1.86e-16  7.62e-11

Temperature = 1.6e+03 K    Pressure = 1 atm

From\To         W1        W2        P1        P2
W1        2.25e+09  5.62e+05  2.03e+09  2.14e+08
W2            4.79  2.46e+09    0.0819  2.46e+09
P1        1.14e-10  4.01e-15  1.35e-10  2.09e-11
P2        8.88e-17  1.18e-10  1.54e-16  1.18e-10

Temperature = 1.6e+03 K    Pressure = 10 atm

From\To         W1        W2        P1        P2
W1        3.26e+09  2.23e+07  2.93e+09  3.05e+08
W2             192  3.49e+09      21.4  3.49e+09
P1        1.64e-10  1.46e-13   1.8e-10  1.52e-11
P2        1.26e-16  1.68e-10  1.12e-16  1.68e-10

Temperature = 1.6e+03 K    Pressure = 100 atm

From\To         W1        W2        P1        P2
W1        4.65e+09  2.44e+08  4.15e+09  2.58e+08
W2        2.11e+03  4.82e+09       379  4.82e+09
P1        2.33e-10  2.47e-12   2.4e-10  4.25e-12
P2        1.07e-16  2.32e-10  3.14e-17  2.32e-10

Temperature = 1.7e+03 K

High Pressure Rate Coefficients:

From\To         W1        W2        P1        P2
W1             ***  6.83e+08  4.87e+09       ***
W2        1.09e+04       ***       ***  5.41e+09
P1           3e-10       ***       ***       ***
P2             ***  2.94e-10       ***       ***

Temperature = 1.7e+03 K    Pressure = 0.1 atm

From\To         W1        W2        P1        P2
W1        1.36e+09  1.69e+04  1.23e+09  1.32e+08
W2           0.242  1.47e+09   0.00296  1.47e+09
P1        7.54e-11  1.22e-15  1.02e-10   2.7e-11
P2        1.14e-16  7.94e-11  3.79e-16  7.94e-11

Temperature = 1.7e+03 K    Pressure = 1 atm

From\To         W1        W2        P1        P2
W1        2.12e+09  1.14e+06   1.9e+09  2.14e+08
W2            18.1  2.25e+09     0.234  2.25e+09
P1        1.17e-10  4.17e-15   1.4e-10  2.24e-11
P2        1.85e-16  1.22e-10  3.14e-16  1.22e-10

Temperature = 1.7e+03 K    Pressure = 10 atm

From\To         W1        W2        P1        P2
W1        3.05e+09  2.92e+07  2.72e+09  2.96e+08
W2             465  3.16e+09      47.6  3.16e+09
P1        1.67e-10   1.9e-13  1.84e-10  1.62e-11
P2        2.56e-16  1.72e-10  2.28e-16  1.72e-10

Temperature = 1.7e+03 K    Pressure = 100 atm

From\To         W1        W2        P1        P2
W1        4.33e+09  2.55e+08  3.83e+09  2.43e+08
W2        4.06e+03  4.35e+09       718  4.35e+09
P1        2.36e-10  2.78e-12  2.43e-10  4.46e-12
P2         2.1e-16  2.36e-10  6.26e-17  2.36e-10

Temperature = 1.8e+03 K

High Pressure Rate Coefficients:

From\To         W1        W2        P1        P2
W1             ***  6.77e+08   4.5e+09       ***
W2        1.86e+04       ***       ***  4.86e+09
P1        3.03e-10       ***       ***       ***
P2             ***  2.97e-10       ***       ***

Temperature = 1.8e+03 K    Pressure = 0.1 atm

From\To         W1        W2        P1        P2
W1        1.26e+09  3.28e+04  1.13e+09   1.3e+08
W2            0.86  1.32e+09   0.00546  1.32e+09
P1        7.55e-11  1.68e-15  1.04e-10  2.88e-11
P2        2.17e-16  8.04e-11  7.18e-16  8.04e-11

Temperature = 1.8e+03 K    Pressure = 1 atm

From\To         W1        W2        P1        P2
W1        1.95e+09  1.93e+06  1.74e+09  2.09e+08
W2            52.9  2.02e+09     0.606  2.02e+09
P1        1.17e-10  5.87e-15  1.41e-10   2.4e-11
P2        3.51e-16  1.23e-10  5.97e-16  1.23e-10

Temperature = 1.8e+03 K    Pressure = 10 atm

From\To         W1        W2        P1        P2
W1        2.81e+09  3.58e+07  2.49e+09  2.84e+08
W2             983  2.83e+09       100  2.83e+09
P1        1.68e-10  2.53e-13  1.85e-10  1.74e-11
P2        4.77e-16  1.73e-10  4.32e-16  1.73e-10

Temperature = 1.8e+03 K    Pressure = 100 atm

From\To         W1        W2        P1        P2
W1        3.99e+09  2.63e+08   3.5e+09  2.27e+08
W2        7.24e+03  3.88e+09  1.28e+03  3.88e+09
P1        2.36e-10  3.14e-12  2.44e-10  4.67e-12
P2         3.8e-16  2.37e-10  1.16e-16  2.37e-10

Temperature = 1.9e+03 K

High Pressure Rate Coefficients:

From\To         W1        W2        P1        P2
W1             ***  6.72e+08  4.16e+09       ***
W2        3.01e+04       ***       ***  4.38e+09
P1        3.06e-10       ***       ***       ***
P2             ***  2.99e-10       ***       ***

Temperature = 1.9e+03 K    Pressure = 0.1 atm

From\To         W1        W2        P1        P2
W1        1.17e+09  6.47e+04  1.04e+09  1.28e+08
W2            2.88  1.19e+09   0.00243  1.19e+09
P1        7.63e-11  1.97e-15  1.07e-10  3.09e-11
P2        3.92e-16   8.1e-11  1.29e-15   8.1e-11

Temperature = 1.9e+03 K    Pressure = 1 atm

From\To         W1        W2        P1        P2
W1        1.82e+09  3.05e+06  1.61e+09  2.05e+08
W2             137  1.81e+09      1.29  1.81e+09
P1        1.18e-10  7.02e-15  1.44e-10  2.57e-11
P2        6.29e-16  1.24e-10  1.07e-15  1.24e-10

Temperature = 1.9e+03 K    Pressure = 10 atm

From\To         W1        W2        P1        P2
W1        2.61e+09  4.16e+07  2.29e+09  2.74e+08
W2        1.86e+03  2.54e+09       184  2.54e+09
P1        1.69e-10  3.11e-13  1.87e-10  1.86e-11
P2        8.39e-16  1.74e-10  7.75e-16  1.74e-10

Temperature = 1.9e+03 K    Pressure = 100 atm

From\To         W1        W2        P1        P2
W1        3.71e+09  2.68e+08  3.22e+09  2.15e+08
W2         1.2e+04  3.49e+09  2.12e+03  3.49e+09
P1        2.37e-10  3.49e-12  2.46e-10  4.95e-12
P2        6.61e-16  2.39e-10  2.06e-16  2.39e-10

Temperature = 2e+03 K

High Pressure Rate Coefficients:

From\To         W1        W2        P1        P2
W1             ***  6.66e+08  3.85e+09       ***
W2        4.64e+04       ***       ***  3.95e+09
P1        3.08e-10       ***       ***       ***
P2             ***  3.02e-10       ***       ***

Temperature = 2e+03 K    Pressure = 0.1 atm

From\To         W1        W2        P1        P2
W1        1.12e+09  1.43e+05  9.89e+08  1.31e+08
W2              10   1.1e+09   -0.0306   1.1e+09
P1        7.89e-11  2.56e-15  1.11e-10  3.26e-11
P2        6.91e-16  8.37e-11  2.16e-15  8.37e-11

Temperature = 2e+03 K    Pressure = 1 atm

From\To         W1        W2        P1        P2
W1        1.73e+09  5.04e+06  1.52e+09  2.06e+08
W2             351  1.66e+09      2.78  1.66e+09
P1        1.21e-10  9.03e-15  1.48e-10   2.7e-11
P2        1.09e-15  1.27e-10  1.79e-15  1.27e-10

Temperature = 2e+03 K    Pressure = 10 atm

From\To         W1        W2        P1        P2
W1        2.46e+09  5.04e+07  2.14e+09  2.66e+08
W2        3.51e+03  2.32e+09       331  2.32e+09
P1        1.72e-10  3.91e-13  1.91e-10  1.93e-11
P2        1.41e-15  1.77e-10  1.28e-15  1.77e-10

Temperature = 2e+03 K    Pressure = 100 atm

From\To         W1        W2        P1        P2
W1        3.46e+09  2.79e+08  2.98e+09  2.02e+08
W2        1.94e+04  3.16e+09  3.28e+03  3.16e+09
P1        2.39e-10  3.78e-12  2.48e-10  4.97e-12
P2        1.07e-15  2.41e-10   3.3e-16  2.41e-10

______________________________________________________________________________________

High Pressure Rate Coefficients (Temperature-Species Rate Tables):

Reactant = W1
   T(K)        W1        W2        P1        P2
    500       ***  8.15e+08  8.65e+09       ***
    600       ***  7.91e+08  9.69e+09       ***
    700       ***  7.72e+08  9.93e+09       ***
    800       ***  7.56e+08  9.71e+09       ***
    900       ***  7.43e+08  9.23e+09       ***
  1e+03       ***  7.32e+08  8.64e+09       ***
1.1e+03       ***  7.23e+08  8.01e+09       ***
1.2e+03       ***  7.15e+08  7.39e+09       ***
1.3e+03       ***  7.08e+08   6.8e+09       ***
1.4e+03       ***  7.01e+08  6.25e+09       ***
1.5e+03       ***  6.94e+08  5.75e+09       ***
1.6e+03       ***  6.88e+08  5.29e+09       ***
1.7e+03       ***  6.83e+08  4.87e+09       ***
1.8e+03       ***  6.77e+08   4.5e+09       ***
1.9e+03       ***  6.72e+08  4.16e+09       ***
  2e+03       ***  6.66e+08  3.85e+09       ***

Reactant = W2
   T(K)        W1        W2        P1        P2
    500   6.8e-07       ***       ***  1.67e+10
    600  0.000183       ***       ***  1.73e+10
    700   0.00975       ***       ***  1.66e+10
    800     0.191       ***       ***  1.53e+10
    900      1.91       ***       ***  1.38e+10
  1e+03      12.1       ***       ***  1.23e+10
1.1e+03      54.4       ***       ***  1.09e+10
1.2e+03       190       ***       ***  9.66e+09
1.3e+03       549       ***       ***  8.57e+09
1.4e+03  1.36e+03       ***       ***  7.61e+09
1.5e+03  2.98e+03       ***       ***  6.77e+09
1.6e+03  5.93e+03       ***       ***  6.04e+09
1.7e+03  1.09e+04       ***       ***  5.41e+09
1.8e+03  1.86e+04       ***       ***  4.86e+09
1.9e+03  3.01e+04       ***       ***  4.38e+09
  2e+03  4.64e+04       ***       ***  3.95e+09

Reactant = P1
   T(K)        W1        W2        P1        P2
    500  2.45e-10       ***       ***       ***
    600  2.52e-10       ***       ***       ***
    700  2.59e-10       ***       ***       ***
    800  2.65e-10       ***       ***       ***
    900   2.7e-10       ***       ***       ***
  1e+03  2.75e-10       ***       ***       ***
1.1e+03  2.79e-10       ***       ***       ***
1.2e+03  2.83e-10       ***       ***       ***
1.3e+03  2.87e-10       ***       ***       ***
1.4e+03  2.91e-10       ***       ***       ***
1.5e+03  2.94e-10       ***       ***       ***
1.6e+03  2.97e-10       ***       ***       ***
1.7e+03     3e-10       ***       ***       ***
1.8e+03  3.03e-10       ***       ***       ***
1.9e+03  3.06e-10       ***       ***       ***
  2e+03  3.08e-10       ***       ***       ***

Reactant = P2
   T(K)        W1        W2        P1        P2
    500       ***   2.4e-10       ***       ***
    600       ***  2.47e-10       ***       ***
    700       ***  2.53e-10       ***       ***
    800       ***  2.59e-10       ***       ***
    900       ***  2.64e-10       ***       ***
  1e+03       ***  2.69e-10       ***       ***
1.1e+03       ***  2.73e-10       ***       ***
1.2e+03       ***  2.77e-10       ***       ***
1.3e+03       ***  2.81e-10       ***       ***
1.4e+03       ***  2.84e-10       ***       ***
1.5e+03       ***  2.88e-10       ***       ***
1.6e+03       ***  2.91e-10       ***       ***
1.7e+03       ***  2.94e-10       ***       ***
1.8e+03       ***  2.97e-10       ***       ***
1.9e+03       ***  2.99e-10       ***       ***
  2e+03       ***  3.02e-10       ***       ***

Capture/Escape Rate Coefficients:

   T(K)        W1        W2        P1        P2
    500  9.46e+09  1.67e+10  2.45e-10   2.4e-10
    600  1.05e+10  1.73e+10  2.52e-10  2.47e-10
    700  1.07e+10  1.66e+10  2.59e-10  2.53e-10
    800  1.05e+10  1.53e+10  2.65e-10  2.59e-10
    900  9.97e+09  1.38e+10   2.7e-10  2.64e-10
  1e+03  9.37e+09  1.23e+10  2.75e-10  2.69e-10
1.1e+03  8.73e+09  1.09e+10  2.79e-10  2.73e-10
1.2e+03  8.11e+09  9.66e+09  2.83e-10  2.77e-10
1.3e+03  7.51e+09  8.57e+09  2.87e-10  2.81e-10
1.4e+03  6.95e+09  7.61e+09  2.91e-10  2.84e-10
1.5e+03  6.44e+09  6.77e+09  2.94e-10  2.88e-10
1.6e+03  5.98e+09  6.04e+09  2.97e-10  2.91e-10
1.7e+03  5.56e+09  5.41e+09     3e-10  2.94e-10
1.8e+03  5.17e+09  4.86e+09  3.03e-10  2.97e-10
1.9e+03  4.83e+09  4.38e+09  3.06e-10  2.99e-10
  2e+03  4.51e+09  3.95e+09  3.08e-10  3.02e-10

______________________________________________________________________________________

Pressure-Species Rate Tables:

Reactant = W1   Temperature = 500 K

   P(atm)        W2        P1        P2      Loss
      0.1  7.33e+03  1.25e+09  1.91e+08  1.44e+09
        1  2.79e+04  2.68e+09  3.29e+08  3.01e+09
       10  7.94e+05  5.07e+09  5.26e+08  5.59e+09
      100   2.4e+08  7.73e+09  4.91e+08  8.46e+09
      O-O  8.15e+08  8.65e+09       ***  9.46e+09

Reactant = W1   Temperature = 600 K

   P(atm)        W2        P1        P2      Loss
      0.1  9.82e+03  1.69e+09  1.74e+08  1.87e+09
        1  3.27e+04  3.25e+09  2.98e+08  3.54e+09
       10  9.26e+05  5.59e+09  4.73e+08  6.07e+09
      100  2.14e+08  8.47e+09  4.71e+08  9.16e+09
      O-O  7.91e+08  9.69e+09       ***  1.05e+10

Reactant = W1   Temperature = 700 K

   P(atm)        W2        P1        P2      Loss
      0.1  9.85e+03  1.98e+09  1.64e+08  2.15e+09
        1  3.12e+04  3.54e+09  2.79e+08  3.82e+09
       10  1.21e+06  5.74e+09  4.38e+08  6.18e+09
      100     2e+08  8.56e+09  4.47e+08   9.2e+09
      O-O  7.72e+08  9.93e+09       ***  1.07e+10

Reactant = W1   Temperature = 800 K

   P(atm)        W2        P1        P2      Loss
      0.1  9.13e+03  2.08e+09  1.56e+08  2.24e+09
        1  2.85e+04  3.57e+09  2.64e+08  3.83e+09
       10  1.68e+06  5.59e+09  4.11e+08     6e+09
      100  1.94e+08  8.23e+09  4.22e+08  8.84e+09
      O-O  7.56e+08  9.71e+09       ***  1.05e+10

Reactant = W1   Temperature = 900 K

   P(atm)        W2        P1        P2      Loss
      0.1  8.84e+03  2.08e+09  1.51e+08  2.23e+09
        1  2.84e+04  3.47e+09  2.53e+08  3.72e+09
       10  2.49e+06   5.3e+09  3.91e+08  5.69e+09
      100  1.96e+08  7.72e+09  3.96e+08  8.31e+09
      O-O  7.43e+08  9.23e+09       ***  9.97e+09

Reactant = W1   Temperature = 1e+03 K

   P(atm)        W2        P1        P2      Loss
      0.1  8.42e+03  1.96e+09  1.43e+08   2.1e+09
        1   3.1e+04  3.23e+09   2.4e+08  3.47e+09
       10  3.65e+06  4.88e+09   3.7e+08  5.25e+09
      100  1.99e+08   7.1e+09  3.71e+08  7.67e+09
      O-O  7.32e+08  8.64e+09       ***  9.37e+09

Reactant = W1   Temperature = 1.1e+03 K

   P(atm)        W2        P1        P2      Loss
      0.1  6.67e+03  1.85e+09  1.39e+08  1.99e+09
        1  3.49e+04  3.01e+09  2.33e+08  3.24e+09
       10  4.94e+06  4.49e+09  3.56e+08  4.85e+09
      100  2.02e+08  6.51e+09  3.51e+08  7.06e+09
      O-O  7.23e+08  8.01e+09       ***  8.73e+09

Reactant = W1   Temperature = 1.2e+03 K

   P(atm)        W2        P1        P2      Loss
      0.1  5.75e+03  1.76e+09  1.39e+08   1.9e+09
        1  5.16e+04  2.83e+09  2.31e+08  3.06e+09
       10  6.97e+06  4.16e+09  3.48e+08  4.51e+09
      100  2.09e+08  5.96e+09  3.32e+08   6.5e+09
      O-O  7.15e+08  7.39e+09       ***  8.11e+09

Reactant = W1   Temperature = 1.3e+03 K

   P(atm)        W2        P1        P2      Loss
      0.1  6.06e+03  1.65e+09  1.37e+08  1.78e+09
        1  9.93e+04  2.62e+09  2.27e+08  2.84e+09
       10  1.01e+07  3.82e+09  3.37e+08  4.17e+09
      100  2.21e+08  5.44e+09  3.09e+08  5.97e+09
      O-O  7.08e+08   6.8e+09       ***  7.51e+09

Reactant = W1   Temperature = 1.4e+03 K

   P(atm)        W2        P1        P2      Loss
      0.1  5.17e+03  1.52e+09  1.35e+08  1.65e+09
        1   1.6e+05   2.4e+09  2.22e+08  2.62e+09
       10  1.28e+07  3.49e+09  3.26e+08  3.83e+09
      100  2.25e+08  4.96e+09  2.94e+08  5.48e+09
      O-O  7.01e+08  6.25e+09       ***  6.95e+09

Reactant = W1   Temperature = 1.5e+03 K

   P(atm)        W2        P1        P2      Loss
      0.1  6.03e+03  1.43e+09  1.36e+08  1.57e+09
        1  3.02e+05  2.24e+09  2.22e+08  2.46e+09
       10  1.74e+07  3.22e+09  3.19e+08  3.56e+09
      100  2.37e+08  4.55e+09  2.76e+08  5.06e+09
      O-O  6.94e+08  5.75e+09       ***  6.44e+09

Reactant = W1   Temperature = 1.6e+03 K

   P(atm)        W2        P1        P2      Loss
      0.1  8.88e+03   1.3e+09  1.31e+08  1.43e+09
        1  5.62e+05  2.03e+09  2.14e+08  2.25e+09
       10  2.23e+07  2.93e+09  3.05e+08  3.26e+09
      100  2.44e+08  4.15e+09  2.58e+08  4.65e+09
      O-O  6.88e+08  5.29e+09       ***  5.98e+09

Reactant = W1   Temperature = 1.7e+03 K

   P(atm)        W2        P1        P2      Loss
      0.1  1.69e+04  1.23e+09  1.32e+08  1.36e+09
        1  1.14e+06   1.9e+09  2.14e+08  2.12e+09
       10  2.92e+07  2.72e+09  2.96e+08  3.05e+09
      100  2.55e+08  3.83e+09  2.43e+08  4.33e+09
      O-O  6.83e+08  4.87e+09       ***  5.56e+09

Reactant = W1   Temperature = 1.8e+03 K

   P(atm)        W2        P1        P2      Loss
      0.1  3.28e+04  1.13e+09   1.3e+08  1.26e+09
        1  1.93e+06  1.74e+09  2.09e+08  1.95e+09
       10  3.58e+07  2.49e+09  2.84e+08  2.81e+09
      100  2.63e+08   3.5e+09  2.27e+08  3.99e+09
      O-O  6.77e+08   4.5e+09       ***  5.17e+09

Reactant = W1   Temperature = 1.9e+03 K

   P(atm)        W2        P1        P2      Loss
      0.1  6.47e+04  1.04e+09  1.28e+08  1.17e+09
        1  3.05e+06  1.61e+09  2.05e+08  1.82e+09
       10  4.16e+07  2.29e+09  2.74e+08  2.61e+09
      100  2.68e+08  3.22e+09  2.15e+08  3.71e+09
      O-O  6.72e+08  4.16e+09       ***  4.83e+09

Reactant = W1   Temperature = 2e+03 K

   P(atm)        W2        P1        P2      Loss
      0.1  1.43e+05  9.89e+08  1.31e+08  1.12e+09
        1  5.04e+06  1.52e+09  2.06e+08  1.73e+09
       10  5.04e+07  2.14e+09  2.66e+08  2.46e+09
      100  2.79e+08  2.98e+09  2.02e+08  3.46e+09
      O-O  6.66e+08  3.85e+09       ***  4.51e+09

Reactant = W2   Temperature = 500 K

   P(atm)        W1        P1        P2      Loss
      0.1  2.24e-18  3.43e-19  2.31e+09  2.31e+09
        1  8.29e-15  1.08e-15  4.91e+09  4.91e+09
       10     6e-10  1.41e-10  8.99e+09  8.99e+09
      100     2e-07  1.63e-08  1.43e+10  1.43e+10
      O-O   6.8e-07       ***  1.67e+10  1.67e+10

Reactant = W2   Temperature = 600 K

   P(atm)        W1        P1        P2      Loss
      0.1  8.53e-15  8.56e-16  3.02e+09  3.02e+09
        1  1.26e-11  1.16e-12  5.72e+09  5.72e+09
       10  1.95e-07  4.47e-08  9.56e+09  9.56e+09
      100  4.93e-05  5.32e-06  1.46e+10  1.46e+10
      O-O  0.000183       ***  1.73e+10  1.73e+10

Reactant = W2   Temperature = 700 K

   P(atm)        W1        P1        P2      Loss
      0.1  5.85e-12  2.59e-13  3.26e+09  3.26e+09
        1  2.98e-09     2e-10  5.82e+09  5.82e+09
       10  1.43e-05  2.99e-06  9.27e+09  9.27e+09
      100   0.00252  0.000321  1.38e+10  1.38e+10
      O-O   0.00975       ***  1.66e+10  1.66e+10

Reactant = W2   Temperature = 800 K

   P(atm)        W1        P1        P2      Loss
      0.1  7.92e-10  2.79e-11  3.22e+09  3.22e+09
        1   2.1e-07  1.11e-08  5.55e+09  5.55e+09
       10  0.000407  7.72e-05  8.58e+09  8.58e+09
      100    0.0489     0.007  1.26e+10  1.26e+10
      O-O     0.191       ***  1.53e+10  1.53e+10

Reactant = W2   Temperature = 900 K

   P(atm)        W1        P1        P2      Loss
      0.1  3.53e-08  1.35e-09  3.11e+09  3.11e+09
        1  6.85e-06  2.98e-07   5.2e+09   5.2e+09
       10   0.00627   0.00108  7.84e+09  7.84e+09
      100     0.504    0.0774  1.13e+10  1.13e+10
      O-O      1.91       ***  1.38e+10  1.38e+10

Reactant = W2   Temperature = 1e+03 K

   P(atm)        W1        P1        P2      Loss
      0.1  7.79e-07  3.36e-08  2.89e+09  2.89e+09
        1  0.000124  4.72e-06  4.73e+09  4.73e+09
       10    0.0593    0.0096  7.02e+09  7.02e+09
      100      3.28     0.547     1e+10     1e+10
      O-O      12.1       ***  1.23e+10  1.23e+10

Reactant = W2   Temperature = 1.1e+03 K

   P(atm)        W1        P1        P2      Loss
      0.1  8.76e-06  3.56e-07  2.58e+09  2.58e+09
        1   0.00125  4.09e-05  4.18e+09  4.18e+09
       10     0.369    0.0552  6.16e+09  6.16e+09
      100      15.2      2.63  8.79e+09  8.79e+09
      O-O      54.4       ***  1.09e+10  1.09e+10

Reactant = W2   Temperature = 1.2e+03 K

   P(atm)        W1        P1        P2      Loss
      0.1  7.45e-05   2.8e-06  2.35e+09  2.35e+09
        1   0.00974  0.000274  3.76e+09  3.76e+09
       10      1.85     0.252  5.49e+09  5.49e+09
      100      55.7      9.67  7.76e+09  7.76e+09
      O-O       190       ***  9.66e+09  9.66e+09

Reactant = W2   Temperature = 1.3e+03 K

   P(atm)        W1        P1        P2      Loss
      0.1  0.000557  1.87e-05  2.17e+09  2.17e+09
        1    0.0662   0.00163  3.43e+09  3.43e+09
       10      7.85     0.999  4.93e+09  4.93e+09
      100       171        30  6.88e+09  6.88e+09
      O-O       549       ***  8.57e+09  8.57e+09

Reactant = W2   Temperature = 1.4e+03 K

   P(atm)        W1        P1        P2      Loss
      0.1   0.00264  7.78e-05  1.92e+09  1.92e+09
        1     0.292   0.00638  3.02e+09  3.02e+09
       10      24.8      3.01  4.34e+09  4.34e+09
      100       437      77.9  6.08e+09  6.08e+09
      O-O  1.36e+03       ***  7.61e+09  7.61e+09

Reactant = W2   Temperature = 1.5e+03 K

   P(atm)        W1        P1        P2      Loss
      0.1    0.0124  0.000309  1.76e+09  1.76e+09
        1      1.27    0.0241  2.74e+09  2.74e+09
       10      74.5      8.43   3.9e+09   3.9e+09
      100  1.02e+03       177  5.41e+09  5.41e+09
      O-O  2.98e+03       ***  6.77e+09  6.77e+09

Reactant = W2   Temperature = 1.6e+03 K

   P(atm)        W1        P1        P2      Loss
      0.1    0.0527    0.0011  1.59e+09  1.59e+09
        1      4.79    0.0819  2.46e+09  2.46e+09
       10       192      21.4  3.49e+09  3.49e+09
      100  2.11e+03       379  4.82e+09  4.82e+09
      O-O  5.93e+03       ***  6.04e+09  6.04e+09

Reactant = W2   Temperature = 1.7e+03 K

   P(atm)        W1        P1        P2      Loss
      0.1     0.242   0.00296  1.47e+09  1.47e+09
        1      18.1     0.234  2.25e+09  2.25e+09
       10       465      47.6  3.16e+09  3.16e+09
      100  4.06e+03       718  4.35e+09  4.35e+09
      O-O  1.09e+04       ***  5.41e+09  5.41e+09

Reactant = W2   Temperature = 1.8e+03 K

   P(atm)        W1        P1        P2      Loss
      0.1      0.86   0.00546  1.32e+09  1.32e+09
        1      52.9     0.606  2.02e+09  2.02e+09
       10       983       100  2.83e+09  2.83e+09
      100  7.24e+03  1.28e+03  3.88e+09  3.88e+09
      O-O  1.86e+04       ***  4.86e+09  4.86e+09

Reactant = W2   Temperature = 1.9e+03 K

   P(atm)        W1        P1        P2      Loss
      0.1      2.88   0.00243  1.19e+09  1.19e+09
        1       137      1.29  1.81e+09  1.81e+09
       10  1.86e+03       184  2.54e+09  2.54e+09
      100   1.2e+04  2.12e+03  3.49e+09  3.49e+09
      O-O  3.01e+04       ***  4.38e+09  4.38e+09

Reactant = W2   Temperature = 2e+03 K

   P(atm)        W1        P1        P2      Loss
      0.1        10   -0.0306   1.1e+09   1.1e+09
        1       351      2.78  1.66e+09  1.66e+09
       10  3.51e+03       331  2.32e+09  2.32e+09
      100  1.94e+04  3.28e+03  3.16e+09  3.16e+09
      O-O  4.64e+04       ***  3.95e+09  3.95e+09

Reactant = P1   Temperature = 500 K

   P(atm)        W1        W2        P2      Loss
      0.1  3.52e-11  2.83e-16  1.59e-11  5.11e-11
        1  7.58e-11  1.07e-15  1.23e-11  8.81e-11
       10  1.43e-10  7.85e-15  7.19e-12  1.51e-10
      100  2.19e-10  5.53e-13  1.27e-12  2.21e-10
      O-O  2.45e-10       ***       ***  2.45e-10

Reactant = P1   Temperature = 600 K

   P(atm)        W1        W2        P2      Loss
      0.1   4.4e-11  3.61e-16  1.45e-11  5.86e-11
        1  8.45e-11  1.22e-15  1.15e-11   9.6e-11
       10  1.46e-10  8.26e-15  7.26e-12  1.53e-10
      100  2.21e-10  6.03e-13  1.54e-12  2.23e-10
      O-O  2.52e-10       ***       ***  2.52e-10

Reactant = P1   Temperature = 700 K

   P(atm)        W1        W2        P2      Loss
      0.1  5.15e-11  4.47e-16  1.42e-11  6.57e-11
        1  9.23e-11   1.4e-15  1.14e-11  1.04e-10
       10   1.5e-10  9.65e-15   7.5e-12  1.57e-10
      100  2.23e-10  6.66e-13   1.8e-12  2.25e-10
      O-O  2.59e-10       ***       ***  2.59e-10

Reactant = P1   Temperature = 800 K

   P(atm)        W1        W2        P2      Loss
      0.1  5.65e-11   5.2e-16  1.45e-11   7.1e-11
        1  9.73e-11  1.57e-15  1.18e-11  1.09e-10
       10  1.52e-10  1.21e-14  7.97e-12   1.6e-10
      100  2.24e-10   7.6e-13  2.07e-12  2.27e-10
      O-O  2.65e-10       ***       ***  2.65e-10

Reactant = P1   Temperature = 900 K

   P(atm)        W1        W2        P2      Loss
      0.1  6.05e-11     6e-16  1.52e-11  7.57e-11
        1  1.01e-10  1.76e-15  1.24e-11  1.14e-10
       10  1.55e-10  1.63e-14  8.55e-12  1.63e-10
      100  2.26e-10  8.83e-13  2.32e-12  2.29e-10
      O-O   2.7e-10       ***       ***   2.7e-10

Reactant = P1   Temperature = 1e+03 K

   P(atm)        W1        W2        P2      Loss
      0.1   6.2e-11  6.44e-16  1.62e-11  7.83e-11
        1  1.03e-10  1.88e-15  1.34e-11  1.16e-10
       10  1.55e-10  2.28e-14  9.42e-12  1.65e-10
      100  2.26e-10  1.06e-12  2.65e-12   2.3e-10
      O-O  2.75e-10       ***       ***  2.75e-10

Reactant = P1   Temperature = 1.1e+03 K

   P(atm)        W1        W2        P2      Loss
      0.1  6.42e-11  7.19e-16  1.74e-11  8.16e-11
        1  1.05e-10  2.07e-15  1.44e-11  1.19e-10
       10  1.56e-10  3.03e-14  1.03e-11  1.67e-10
      100  2.27e-10  1.22e-12  2.96e-12  2.31e-10
      O-O  2.79e-10       ***       ***  2.79e-10

Reactant = P1   Temperature = 1.2e+03 K

   P(atm)        W1        W2        P2      Loss
      0.1  6.72e-11  8.39e-16  1.86e-11  8.59e-11
        1  1.08e-10  2.39e-15  1.54e-11  1.24e-10
       10  1.59e-10  4.14e-14   1.1e-11   1.7e-10
      100  2.28e-10   1.4e-12  3.18e-12  2.33e-10
      O-O  2.83e-10       ***       ***  2.83e-10

Reactant = P1   Temperature = 1.3e+03 K

   P(atm)        W1        W2        P2      Loss
      0.1  6.92e-11  9.46e-16  2.01e-11  8.92e-11
        1   1.1e-10  2.71e-15  1.66e-11  1.27e-10
       10  1.61e-10     6e-14  1.19e-11  1.73e-10
      100   2.3e-10  1.64e-12  3.41e-12  2.35e-10
      O-O  2.87e-10       ***       ***  2.87e-10

Reactant = P1   Temperature = 1.4e+03 K

   P(atm)        W1        W2        P2      Loss
      0.1  7.03e-11  1.04e-15  2.17e-11   9.2e-11
        1  1.11e-10  3.01e-15   1.8e-11  1.29e-10
       10  1.62e-10  7.82e-14   1.3e-11  1.75e-10
      100  2.31e-10  1.87e-12  3.74e-12  2.36e-10
      O-O  2.91e-10       ***       ***  2.91e-10

Reactant = P1   Temperature = 1.5e+03 K

   P(atm)        W1        W2        P2      Loss
      0.1  7.28e-11  1.21e-15  2.32e-11   9.6e-11
        1  1.14e-10  3.57e-15  1.92e-11  1.34e-10
       10  1.65e-10  1.07e-13  1.38e-11  1.79e-10
      100  2.32e-10  2.11e-12  3.89e-12  2.38e-10
      O-O  2.94e-10       ***       ***  2.94e-10

Reactant = P1   Temperature = 1.6e+03 K

   P(atm)        W1        W2        P2      Loss
      0.1  7.28e-11  1.28e-15  2.51e-11  9.79e-11
        1  1.14e-10  4.01e-15  2.09e-11  1.35e-10
       10  1.64e-10  1.46e-13  1.52e-11   1.8e-10
      100  2.33e-10  2.47e-12  4.25e-12   2.4e-10
      O-O  2.97e-10       ***       ***  2.97e-10

Reactant = P1   Temperature = 1.7e+03 K

   P(atm)        W1        W2        P2      Loss
      0.1  7.54e-11  1.22e-15   2.7e-11  1.02e-10
        1  1.17e-10  4.17e-15  2.24e-11   1.4e-10
       10  1.67e-10   1.9e-13  1.62e-11  1.84e-10
      100  2.36e-10  2.78e-12  4.46e-12  2.43e-10
      O-O     3e-10       ***       ***     3e-10

Reactant = P1   Temperature = 1.8e+03 K

   P(atm)        W1        W2        P2      Loss
      0.1  7.55e-11  1.68e-15  2.88e-11  1.04e-10
        1  1.17e-10  5.87e-15   2.4e-11  1.41e-10
       10  1.68e-10  2.53e-13  1.74e-11  1.85e-10
      100  2.36e-10  3.14e-12  4.67e-12  2.44e-10
      O-O  3.03e-10       ***       ***  3.03e-10

Reactant = P1   Temperature = 1.9e+03 K

   P(atm)        W1        W2        P2      Loss
      0.1  7.63e-11  1.97e-15  3.09e-11  1.07e-10
        1  1.18e-10  7.02e-15  2.57e-11  1.44e-10
       10  1.69e-10  3.11e-13  1.86e-11  1.87e-10
      100  2.37e-10  3.49e-12  4.95e-12  2.46e-10
      O-O  3.06e-10       ***       ***  3.06e-10

Reactant = P1   Temperature = 2e+03 K

   P(atm)        W1        W2        P2      Loss
      0.1  7.89e-11  2.56e-15  3.26e-11  1.11e-10
        1  1.21e-10  9.03e-15   2.7e-11  1.48e-10
       10  1.72e-10  3.91e-13  1.93e-11  1.91e-10
      100  2.39e-10  3.78e-12  4.97e-12  2.48e-10
      O-O  3.08e-10       ***       ***  3.08e-10

Reactant = P2   Temperature = 500 K

   P(atm)        W1        W2        P1      Loss
      0.1  2.29e-27  3.31e-11  6.74e-27  3.31e-11
        1  3.95e-27  7.05e-11  5.23e-27  7.05e-11
       10  6.31e-27  1.29e-10  3.05e-27  1.29e-10
      100  5.89e-27  2.05e-10  5.38e-28  2.05e-10
      O-O       ***   2.4e-10       ***   2.4e-10

Reactant = P2   Temperature = 600 K

   P(atm)        W1        W2        P1      Loss
      0.1  5.73e-25   4.3e-11  1.84e-24   4.3e-11
        1  9.83e-25  8.17e-11  1.46e-24  8.17e-11
       10  1.56e-24  1.37e-10  9.19e-25  1.37e-10
      100  1.56e-24  2.08e-10  1.96e-25  2.08e-10
      O-O       ***  2.47e-10       ***  2.47e-10

Reactant = P2   Temperature = 700 K

   P(atm)        W1        W2        P1      Loss
      0.1  3.16e-23  4.96e-11  1.05e-22  4.96e-11
        1  5.39e-23  8.89e-11  8.44e-23  8.89e-11
       10  8.46e-23  1.42e-10  5.55e-23  1.42e-10
      100  8.64e-23  2.11e-10  1.33e-23  2.11e-10
      O-O       ***  2.53e-10       ***  2.53e-10

Reactant = P2   Temperature = 800 K

   P(atm)        W1        W2        P1      Loss
      0.1  6.66e-22  5.44e-11  2.28e-21  5.44e-11
        1  1.13e-21   9.4e-11  1.84e-21   9.4e-11
       10  1.76e-21  1.45e-10  1.25e-21  1.45e-10
      100  1.81e-21  2.14e-10  3.24e-22  2.14e-10
      O-O       ***  2.59e-10       ***  2.59e-10

Reactant = P2   Temperature = 900 K

   P(atm)        W1        W2        P1      Loss
      0.1  7.43e-21  5.94e-11  2.56e-20  5.94e-11
        1  1.25e-20  9.96e-11  2.09e-20  9.96e-11
       10  1.93e-20   1.5e-10  1.44e-20   1.5e-10
      100  1.96e-20  2.17e-10  3.92e-21  2.17e-10
      O-O       ***  2.64e-10       ***  2.64e-10

Reactant = P2   Temperature = 1e+03 K

   P(atm)        W1        W2        P1      Loss
      0.1  5.15e-20  6.29e-11  1.84e-19  6.29e-11
        1  8.67e-20  1.04e-10  1.52e-19  1.04e-10
       10  1.34e-19  1.54e-10  1.07e-19  1.54e-10
      100  1.34e-19  2.19e-10  3.01e-20  2.19e-10
      O-O       ***  2.69e-10       ***  2.69e-10

Reactant = P2   Temperature = 1.1e+03 K

   P(atm)        W1        W2        P1      Loss
      0.1  2.61e-19  6.42e-11  9.42e-19  6.42e-11
        1  4.38e-19  1.05e-10  7.78e-19  1.05e-10
       10  6.71e-19  1.54e-10  5.55e-19  1.54e-10
      100  6.62e-19   2.2e-10   1.6e-19   2.2e-10
      O-O       ***  2.73e-10       ***  2.73e-10

Reactant = P2   Temperature = 1.2e+03 K

   P(atm)        W1        W2        P1      Loss
      0.1  1.06e-18   6.7e-11  3.71e-18   6.7e-11
        1  1.76e-18  1.08e-10  3.07e-18  1.08e-10
       10  2.65e-18  1.57e-10  2.19e-18  1.57e-10
      100  2.53e-18  2.23e-10  6.34e-19  2.23e-10
      O-O       ***  2.77e-10       ***  2.77e-10

Reactant = P2   Temperature = 1.3e+03 K

   P(atm)        W1        W2        P1      Loss
      0.1  3.48e-18  7.09e-11  1.21e-17  7.09e-11
        1  5.76e-18  1.12e-10     1e-17  1.12e-10
       10  8.57e-18  1.62e-10  7.19e-18  1.62e-10
      100  7.87e-18  2.26e-10  2.06e-18  2.26e-10
      O-O       ***  2.81e-10       ***  2.81e-10

Reactant = P2   Temperature = 1.4e+03 K

   P(atm)        W1        W2        P1      Loss
      0.1  9.72e-18  7.14e-11  3.38e-17  7.14e-11
        1  1.61e-17  1.13e-10  2.81e-17  1.13e-10
       10  2.37e-17  1.62e-10  2.03e-17  1.62e-10
      100  2.13e-17  2.27e-10  5.84e-18  2.27e-10
      O-O       ***  2.84e-10       ***  2.84e-10

Reactant = P2   Temperature = 1.5e+03 K

   P(atm)        W1        W2        P1      Loss
      0.1  2.46e-17  7.46e-11  8.28e-17  7.46e-11
        1  4.04e-17  1.16e-10  6.85e-17  1.16e-10
       10  5.83e-17  1.66e-10  4.94e-17  1.66e-10
      100  5.03e-17   2.3e-10  1.39e-17   2.3e-10
      O-O       ***  2.88e-10       ***  2.88e-10

Reactant = P2   Temperature = 1.6e+03 K

   P(atm)        W1        W2        P1      Loss
      0.1  5.42e-17  7.62e-11  1.86e-16  7.62e-11
        1  8.88e-17  1.18e-10  1.54e-16  1.18e-10
       10  1.26e-16  1.68e-10  1.12e-16  1.68e-10
      100  1.07e-16  2.32e-10  3.14e-17  2.32e-10
      O-O       ***  2.91e-10       ***  2.91e-10

Reactant = P2   Temperature = 1.7e+03 K

   P(atm)        W1        W2        P1      Loss
      0.1  1.14e-16  7.94e-11  3.79e-16  7.94e-11
        1  1.85e-16  1.22e-10  3.14e-16  1.22e-10
       10  2.56e-16  1.72e-10  2.28e-16  1.72e-10
      100   2.1e-16  2.36e-10  6.26e-17  2.36e-10
      O-O       ***  2.94e-10       ***  2.94e-10

Reactant = P2   Temperature = 1.8e+03 K

   P(atm)        W1        W2        P1      Loss
      0.1  2.17e-16  8.04e-11  7.18e-16  8.04e-11
        1  3.51e-16  1.23e-10  5.97e-16  1.23e-10
       10  4.77e-16  1.73e-10  4.32e-16  1.73e-10
      100   3.8e-16  2.37e-10  1.16e-16  2.37e-10
      O-O       ***  2.97e-10       ***  2.97e-10

Reactant = P2   Temperature = 1.9e+03 K

   P(atm)        W1        W2        P1      Loss
      0.1  3.92e-16   8.1e-11  1.29e-15   8.1e-11
        1  6.29e-16  1.24e-10  1.07e-15  1.24e-10
       10  8.39e-16  1.74e-10  7.75e-16  1.74e-10
      100  6.61e-16  2.39e-10  2.06e-16  2.39e-10
      O-O       ***  2.99e-10       ***  2.99e-10

Reactant = P2   Temperature = 2e+03 K

   P(atm)        W1        W2        P1      Loss
      0.1  6.91e-16  8.37e-11  2.16e-15  8.37e-11
        1  1.09e-15  1.27e-10  1.79e-15  1.27e-10
       10  1.41e-15  1.77e-10  1.28e-15  1.77e-10
      100  1.07e-15  2.41e-10   3.3e-16  2.41e-10
      O-O       ***  3.02e-10       ***  3.02e-10

______________________________________________________________________________________

Temperature-Species Rate Tables:

Reactant = W1   Pressure = 0.1 atm

   T(K)        W2        P1        P2      Loss   Capture
    500  7.33e+03  1.25e+09  1.91e+08  1.44e+09  9.46e+09
    600  9.82e+03  1.69e+09  1.74e+08  1.87e+09  1.05e+10
    700  9.85e+03  1.98e+09  1.64e+08  2.15e+09  1.07e+10
    800  9.13e+03  2.08e+09  1.56e+08  2.24e+09  1.05e+10
    900  8.84e+03  2.08e+09  1.51e+08  2.23e+09  9.97e+09
  1e+03  8.42e+03  1.96e+09  1.43e+08   2.1e+09  9.37e+09
1.1e+03  6.67e+03  1.85e+09  1.39e+08  1.99e+09  8.73e+09
1.2e+03  5.75e+03  1.76e+09  1.39e+08   1.9e+09  8.11e+09
1.3e+03  6.06e+03  1.65e+09  1.37e+08  1.78e+09  7.51e+09
1.4e+03  5.17e+03  1.52e+09  1.35e+08  1.65e+09  6.95e+09
1.5e+03  6.03e+03  1.43e+09  1.36e+08  1.57e+09  6.44e+09
1.6e+03  8.88e+03   1.3e+09  1.31e+08  1.43e+09  5.98e+09
1.7e+03  1.69e+04  1.23e+09  1.32e+08  1.36e+09  5.56e+09
1.8e+03  3.28e+04  1.13e+09   1.3e+08  1.26e+09  5.17e+09
1.9e+03  6.47e+04  1.04e+09  1.28e+08  1.17e+09  4.83e+09
  2e+03  1.43e+05  9.89e+08  1.31e+08  1.12e+09  4.51e+09

Reactant = W1   Pressure = 1 atm

   T(K)        W2        P1        P2      Loss   Capture
    500  2.79e+04  2.68e+09  3.29e+08  3.01e+09  9.46e+09
    600  3.27e+04  3.25e+09  2.98e+08  3.54e+09  1.05e+10
    700  3.12e+04  3.54e+09  2.79e+08  3.82e+09  1.07e+10
    800  2.85e+04  3.57e+09  2.64e+08  3.83e+09  1.05e+10
    900  2.84e+04  3.47e+09  2.53e+08  3.72e+09  9.97e+09
  1e+03   3.1e+04  3.23e+09   2.4e+08  3.47e+09  9.37e+09
1.1e+03  3.49e+04  3.01e+09  2.33e+08  3.24e+09  8.73e+09
1.2e+03  5.16e+04  2.83e+09  2.31e+08  3.06e+09  8.11e+09
1.3e+03  9.93e+04  2.62e+09  2.27e+08  2.84e+09  7.51e+09
1.4e+03   1.6e+05   2.4e+09  2.22e+08  2.62e+09  6.95e+09
1.5e+03  3.02e+05  2.24e+09  2.22e+08  2.46e+09  6.44e+09
1.6e+03  5.62e+05  2.03e+09  2.14e+08  2.25e+09  5.98e+09
1.7e+03  1.14e+06   1.9e+09  2.14e+08  2.12e+09  5.56e+09
1.8e+03  1.93e+06  1.74e+09  2.09e+08  1.95e+09  5.17e+09
1.9e+03  3.05e+06  1.61e+09  2.05e+08  1.82e+09  4.83e+09
  2e+03  5.04e+06  1.52e+09  2.06e+08  1.73e+09  4.51e+09

Reactant = W1   Pressure = 10 atm

   T(K)        W2        P1        P2      Loss   Capture
    500  7.94e+05  5.07e+09  5.26e+08  5.59e+09  9.46e+09
    600  9.26e+05  5.59e+09  4.73e+08  6.07e+09  1.05e+10
    700  1.21e+06  5.74e+09  4.38e+08  6.18e+09  1.07e+10
    800  1.68e+06  5.59e+09  4.11e+08     6e+09  1.05e+10
    900  2.49e+06   5.3e+09  3.91e+08  5.69e+09  9.97e+09
  1e+03  3.65e+06  4.88e+09   3.7e+08  5.25e+09  9.37e+09
1.1e+03  4.94e+06  4.49e+09  3.56e+08  4.85e+09  8.73e+09
1.2e+03  6.97e+06  4.16e+09  3.48e+08  4.51e+09  8.11e+09
1.3e+03  1.01e+07  3.82e+09  3.37e+08  4.17e+09  7.51e+09
1.4e+03  1.28e+07  3.49e+09  3.26e+08  3.83e+09  6.95e+09
1.5e+03  1.74e+07  3.22e+09  3.19e+08  3.56e+09  6.44e+09
1.6e+03  2.23e+07  2.93e+09  3.05e+08  3.26e+09  5.98e+09
1.7e+03  2.92e+07  2.72e+09  2.96e+08  3.05e+09  5.56e+09
1.8e+03  3.58e+07  2.49e+09  2.84e+08  2.81e+09  5.17e+09
1.9e+03  4.16e+07  2.29e+09  2.74e+08  2.61e+09  4.83e+09
  2e+03  5.04e+07  2.14e+09  2.66e+08  2.46e+09  4.51e+09

Reactant = W1   Pressure = 100 atm

   T(K)        W2        P1        P2      Loss   Capture
    500   2.4e+08  7.73e+09  4.91e+08  8.46e+09  9.46e+09
    600  2.14e+08  8.47e+09  4.71e+08  9.16e+09  1.05e+10
    700     2e+08  8.56e+09  4.47e+08   9.2e+09  1.07e+10
    800  1.94e+08  8.23e+09  4.22e+08  8.84e+09  1.05e+10
    900  1.96e+08  7.72e+09  3.96e+08  8.31e+09  9.97e+09
  1e+03  1.99e+08   7.1e+09  3.71e+08  7.67e+09  9.37e+09
1.1e+03  2.02e+08  6.51e+09  3.51e+08  7.06e+09  8.73e+09
1.2e+03  2.09e+08  5.96e+09  3.32e+08   6.5e+09  8.11e+09
1.3e+03  2.21e+08  5.44e+09  3.09e+08  5.97e+09  7.51e+09
1.4e+03  2.25e+08  4.96e+09  2.94e+08  5.48e+09  6.95e+09
1.5e+03  2.37e+08  4.55e+09  2.76e+08  5.06e+09  6.44e+09
1.6e+03  2.44e+08  4.15e+09  2.58e+08  4.65e+09  5.98e+09
1.7e+03  2.55e+08  3.83e+09  2.43e+08  4.33e+09  5.56e+09
1.8e+03  2.63e+08   3.5e+09  2.27e+08  3.99e+09  5.17e+09
1.9e+03  2.68e+08  3.22e+09  2.15e+08  3.71e+09  4.83e+09
  2e+03  2.79e+08  2.98e+09  2.02e+08  3.46e+09  4.51e+09

Reactant = W2   Pressure = 0.1 atm

   T(K)        W1        P1        P2      Loss   Capture
    500  2.24e-18  3.43e-19  2.31e+09  2.31e+09  1.67e+10
    600  8.53e-15  8.56e-16  3.02e+09  3.02e+09  1.73e+10
    700  5.85e-12  2.59e-13  3.26e+09  3.26e+09  1.66e+10
    800  7.92e-10  2.79e-11  3.22e+09  3.22e+09  1.53e+10
    900  3.53e-08  1.35e-09  3.11e+09  3.11e+09  1.38e+10
  1e+03  7.79e-07  3.36e-08  2.89e+09  2.89e+09  1.23e+10
1.1e+03  8.76e-06  3.56e-07  2.58e+09  2.58e+09  1.09e+10
1.2e+03  7.45e-05   2.8e-06  2.35e+09  2.35e+09  9.66e+09
1.3e+03  0.000557  1.87e-05  2.17e+09  2.17e+09  8.57e+09
1.4e+03   0.00264  7.78e-05  1.92e+09  1.92e+09  7.61e+09
1.5e+03    0.0124  0.000309  1.76e+09  1.76e+09  6.77e+09
1.6e+03    0.0527    0.0011  1.59e+09  1.59e+09  6.04e+09
1.7e+03     0.242   0.00296  1.47e+09  1.47e+09  5.41e+09
1.8e+03      0.86   0.00546  1.32e+09  1.32e+09  4.86e+09
1.9e+03      2.88   0.00243  1.19e+09  1.19e+09  4.38e+09
  2e+03        10   -0.0306   1.1e+09   1.1e+09  3.95e+09

Reactant = W2   Pressure = 1 atm

   T(K)        W1        P1        P2      Loss   Capture
    500  8.29e-15  1.08e-15  4.91e+09  4.91e+09  1.67e+10
    600  1.26e-11  1.16e-12  5.72e+09  5.72e+09  1.73e+10
    700  2.98e-09     2e-10  5.82e+09  5.82e+09  1.66e+10
    800   2.1e-07  1.11e-08  5.55e+09  5.55e+09  1.53e+10
    900  6.85e-06  2.98e-07   5.2e+09   5.2e+09  1.38e+10
  1e+03  0.000124  4.72e-06  4.73e+09  4.73e+09  1.23e+10
1.1e+03   0.00125  4.09e-05  4.18e+09  4.18e+09  1.09e+10
1.2e+03   0.00974  0.000274  3.76e+09  3.76e+09  9.66e+09
1.3e+03    0.0662   0.00163  3.43e+09  3.43e+09  8.57e+09
1.4e+03     0.292   0.00638  3.02e+09  3.02e+09  7.61e+09
1.5e+03      1.27    0.0241  2.74e+09  2.74e+09  6.77e+09
1.6e+03      4.79    0.0819  2.46e+09  2.46e+09  6.04e+09
1.7e+03      18.1     0.234  2.25e+09  2.25e+09  5.41e+09
1.8e+03      52.9     0.606  2.02e+09  2.02e+09  4.86e+09
1.9e+03       137      1.29  1.81e+09  1.81e+09  4.38e+09
  2e+03       351      2.78  1.66e+09  1.66e+09  3.95e+09

Reactant = W2   Pressure = 10 atm

   T(K)        W1        P1        P2      Loss   Capture
    500     6e-10  1.41e-10  8.99e+09  8.99e+09  1.67e+10
    600  1.95e-07  4.47e-08  9.56e+09  9.56e+09  1.73e+10
    700  1.43e-05  2.99e-06  9.27e+09  9.27e+09  1.66e+10
    800  0.000407  7.72e-05  8.58e+09  8.58e+09  1.53e+10
    900   0.00627   0.00108  7.84e+09  7.84e+09  1.38e+10
  1e+03    0.0593    0.0096  7.02e+09  7.02e+09  1.23e+10
1.1e+03     0.369    0.0552  6.16e+09  6.16e+09  1.09e+10
1.2e+03      1.85     0.252  5.49e+09  5.49e+09  9.66e+09
1.3e+03      7.85     0.999  4.93e+09  4.93e+09  8.57e+09
1.4e+03      24.8      3.01  4.34e+09  4.34e+09  7.61e+09
1.5e+03      74.5      8.43   3.9e+09   3.9e+09  6.77e+09
1.6e+03       192      21.4  3.49e+09  3.49e+09  6.04e+09
1.7e+03       465      47.6  3.16e+09  3.16e+09  5.41e+09
1.8e+03       983       100  2.83e+09  2.83e+09  4.86e+09
1.9e+03  1.86e+03       184  2.54e+09  2.54e+09  4.38e+09
  2e+03  3.51e+03       331  2.32e+09  2.32e+09  3.95e+09

Reactant = W2   Pressure = 100 atm

   T(K)        W1        P1        P2      Loss   Capture
    500     2e-07  1.63e-08  1.43e+10  1.43e+10  1.67e+10
    600  4.93e-05  5.32e-06  1.46e+10  1.46e+10  1.73e+10
    700   0.00252  0.000321  1.38e+10  1.38e+10  1.66e+10
    800    0.0489     0.007  1.26e+10  1.26e+10  1.53e+10
    900     0.504    0.0774  1.13e+10  1.13e+10  1.38e+10
  1e+03      3.28     0.547     1e+10     1e+10  1.23e+10
1.1e+03      15.2      2.63  8.79e+09  8.79e+09  1.09e+10
1.2e+03      55.7      9.67  7.76e+09  7.76e+09  9.66e+09
1.3e+03       171        30  6.88e+09  6.88e+09  8.57e+09
1.4e+03       437      77.9  6.08e+09  6.08e+09  7.61e+09
1.5e+03  1.02e+03       177  5.41e+09  5.41e+09  6.77e+09
1.6e+03  2.11e+03       379  4.82e+09  4.82e+09  6.04e+09
1.7e+03  4.06e+03       718  4.35e+09  4.35e+09  5.41e+09
1.8e+03  7.24e+03  1.28e+03  3.88e+09  3.88e+09  4.86e+09
1.9e+03   1.2e+04  2.12e+03  3.49e+09  3.49e+09  4.38e+09
  2e+03  1.94e+04  3.28e+03  3.16e+09  3.16e+09  3.95e+09

Reactant = P1   Pressure = 0.1 atm

   T(K)        W1        W2        P2      Loss   Capture
    500  3.52e-11  2.83e-16  1.59e-11  5.11e-11  2.45e-10
    600   4.4e-11  3.61e-16  1.45e-11  5.86e-11  2.52e-10
    700  5.15e-11  4.47e-16  1.42e-11  6.57e-11  2.59e-10
    800  5.65e-11   5.2e-16  1.45e-11   7.1e-11  2.65e-10
    900  6.05e-11     6e-16  1.52e-11  7.57e-11   2.7e-10
  1e+03   6.2e-11  6.44e-16  1.62e-11  7.83e-11  2.75e-10
1.1e+03  6.42e-11  7.19e-16  1.74e-11  8.16e-11  2.79e-10
1.2e+03  6.72e-11  8.39e-16  1.86e-11  8.59e-11  2.83e-10
1.3e+03  6.92e-11  9.46e-16  2.01e-11  8.92e-11  2.87e-10
1.4e+03  7.03e-11  1.04e-15  2.17e-11   9.2e-11  2.91e-10
1.5e+03  7.28e-11  1.21e-15  2.32e-11   9.6e-11  2.94e-10
1.6e+03  7.28e-11  1.28e-15  2.51e-11  9.79e-11  2.97e-10
1.7e+03  7.54e-11  1.22e-15   2.7e-11  1.02e-10     3e-10
1.8e+03  7.55e-11  1.68e-15  2.88e-11  1.04e-10  3.03e-10
1.9e+03  7.63e-11  1.97e-15  3.09e-11  1.07e-10  3.06e-10
  2e+03  7.89e-11  2.56e-15  3.26e-11  1.11e-10  3.08e-10

Reactant = P1   Pressure = 1 atm

   T(K)        W1        W2        P2      Loss   Capture
    500  7.58e-11  1.07e-15  1.23e-11  8.81e-11  2.45e-10
    600  8.45e-11  1.22e-15  1.15e-11   9.6e-11  2.52e-10
    700  9.23e-11   1.4e-15  1.14e-11  1.04e-10  2.59e-10
    800  9.73e-11  1.57e-15  1.18e-11  1.09e-10  2.65e-10
    900  1.01e-10  1.76e-15  1.24e-11  1.14e-10   2.7e-10
  1e+03  1.03e-10  1.88e-15  1.34e-11  1.16e-10  2.75e-10
1.1e+03  1.05e-10  2.07e-15  1.44e-11  1.19e-10  2.79e-10
1.2e+03  1.08e-10  2.39e-15  1.54e-11  1.24e-10  2.83e-10
1.3e+03   1.1e-10  2.71e-15  1.66e-11  1.27e-10  2.87e-10
1.4e+03  1.11e-10  3.01e-15   1.8e-11  1.29e-10  2.91e-10
1.5e+03  1.14e-10  3.57e-15  1.92e-11  1.34e-10  2.94e-10
1.6e+03  1.14e-10  4.01e-15  2.09e-11  1.35e-10  2.97e-10
1.7e+03  1.17e-10  4.17e-15  2.24e-11   1.4e-10     3e-10
1.8e+03  1.17e-10  5.87e-15   2.4e-11  1.41e-10  3.03e-10
1.9e+03  1.18e-10  7.02e-15  2.57e-11  1.44e-10  3.06e-10
  2e+03  1.21e-10  9.03e-15   2.7e-11  1.48e-10  3.08e-10

Reactant = P1   Pressure = 10 atm

   T(K)        W1        W2        P2      Loss   Capture
    500  1.43e-10  7.85e-15  7.19e-12  1.51e-10  2.45e-10
    600  1.46e-10  8.26e-15  7.26e-12  1.53e-10  2.52e-10
    700   1.5e-10  9.65e-15   7.5e-12  1.57e-10  2.59e-10
    800  1.52e-10  1.21e-14  7.97e-12   1.6e-10  2.65e-10
    900  1.55e-10  1.63e-14  8.55e-12  1.63e-10   2.7e-10
  1e+03  1.55e-10  2.28e-14  9.42e-12  1.65e-10  2.75e-10
1.1e+03  1.56e-10  3.03e-14  1.03e-11  1.67e-10  2.79e-10
1.2e+03  1.59e-10  4.14e-14   1.1e-11   1.7e-10  2.83e-10
1.3e+03  1.61e-10     6e-14  1.19e-11  1.73e-10  2.87e-10
1.4e+03  1.62e-10  7.82e-14   1.3e-11  1.75e-10  2.91e-10
1.5e+03  1.65e-10  1.07e-13  1.38e-11  1.79e-10  2.94e-10
1.6e+03  1.64e-10  1.46e-13  1.52e-11   1.8e-10  2.97e-10
1.7e+03  1.67e-10   1.9e-13  1.62e-11  1.84e-10     3e-10
1.8e+03  1.68e-10  2.53e-13  1.74e-11  1.85e-10  3.03e-10
1.9e+03  1.69e-10  3.11e-13  1.86e-11  1.87e-10  3.06e-10
  2e+03  1.72e-10  3.91e-13  1.93e-11  1.91e-10  3.08e-10

Reactant = P1   Pressure = 100 atm

   T(K)        W1        W2        P2      Loss   Capture
    500  2.19e-10  5.53e-13  1.27e-12  2.21e-10  2.45e-10
    600  2.21e-10  6.03e-13  1.54e-12  2.23e-10  2.52e-10
    700  2.23e-10  6.66e-13   1.8e-12  2.25e-10  2.59e-10
    800  2.24e-10   7.6e-13  2.07e-12  2.27e-10  2.65e-10
    900  2.26e-10  8.83e-13  2.32e-12  2.29e-10   2.7e-10
  1e+03  2.26e-10  1.06e-12  2.65e-12   2.3e-10  2.75e-10
1.1e+03  2.27e-10  1.22e-12  2.96e-12  2.31e-10  2.79e-10
1.2e+03  2.28e-10   1.4e-12  3.18e-12  2.33e-10  2.83e-10
1.3e+03   2.3e-10  1.64e-12  3.41e-12  2.35e-10  2.87e-10
1.4e+03  2.31e-10  1.87e-12  3.74e-12  2.36e-10  2.91e-10
1.5e+03  2.32e-10  2.11e-12  3.89e-12  2.38e-10  2.94e-10
1.6e+03  2.33e-10  2.47e-12  4.25e-12   2.4e-10  2.97e-10
1.7e+03  2.36e-10  2.78e-12  4.46e-12  2.43e-10     3e-10
1.8e+03  2.36e-10  3.14e-12  4.67e-12  2.44e-10  3.03e-10
1.9e+03  2.37e-10  3.49e-12  4.95e-12  2.46e-10  3.06e-10
  2e+03  2.39e-10  3.78e-12  4.97e-12  2.48e-10  3.08e-10

Reactant = P2   Pressure = 0.1 atm

   T(K)        W1        W2        P1      Loss   Capture
    500  2.29e-27  3.31e-11  6.74e-27  3.31e-11   2.4e-10
    600  5.73e-25   4.3e-11  1.84e-24   4.3e-11  2.47e-10
    700  3.16e-23  4.96e-11  1.05e-22  4.96e-11  2.53e-10
    800  6.66e-22  5.44e-11  2.28e-21  5.44e-11  2.59e-10
    900  7.43e-21  5.94e-11  2.56e-20  5.94e-11  2.64e-10
  1e+03  5.15e-20  6.29e-11  1.84e-19  6.29e-11  2.69e-10
1.1e+03  2.61e-19  6.42e-11  9.42e-19  6.42e-11  2.73e-10
1.2e+03  1.06e-18   6.7e-11  3.71e-18   6.7e-11  2.77e-10
1.3e+03  3.48e-18  7.09e-11  1.21e-17  7.09e-11  2.81e-10
1.4e+03  9.72e-18  7.14e-11  3.38e-17  7.14e-11  2.84e-10
1.5e+03  2.46e-17  7.46e-11  8.28e-17  7.46e-11  2.88e-10
1.6e+03  5.42e-17  7.62e-11  1.86e-16  7.62e-11  2.91e-10
1.7e+03  1.14e-16  7.94e-11  3.79e-16  7.94e-11  2.94e-10
1.8e+03  2.17e-16  8.04e-11  7.18e-16  8.04e-11  2.97e-10
1.9e+03  3.92e-16   8.1e-11  1.29e-15   8.1e-11  2.99e-10
  2e+03  6.91e-16  8.37e-11  2.16e-15  8.37e-11  3.02e-10

Reactant = P2   Pressure = 1 atm

   T(K)        W1        W2        P1      Loss   Capture
    500  3.95e-27  7.05e-11  5.23e-27  7.05e-11   2.4e-10
    600  9.83e-25  8.17e-11  1.46e-24  8.17e-11  2.47e-10
    700  5.39e-23  8.89e-11  8.44e-23  8.89e-11  2.53e-10
    800  1.13e-21   9.4e-11  1.84e-21   9.4e-11  2.59e-10
    900  1.25e-20  9.96e-11  2.09e-20  9.96e-11  2.64e-10
  1e+03  8.67e-20  1.04e-10  1.52e-19  1.04e-10  2.69e-10
1.1e+03  4.38e-19  1.05e-10  7.78e-19  1.05e-10  2.73e-10
1.2e+03  1.76e-18  1.08e-10  3.07e-18  1.08e-10  2.77e-10
1.3e+03  5.76e-18  1.12e-10     1e-17  1.12e-10  2.81e-10
1.4e+03  1.61e-17  1.13e-10  2.81e-17  1.13e-10  2.84e-10
1.5e+03  4.04e-17  1.16e-10  6.85e-17  1.16e-10  2.88e-10
1.6e+03  8.88e-17  1.18e-10  1.54e-16  1.18e-10  2.91e-10
1.7e+03  1.85e-16  1.22e-10  3.14e-16  1.22e-10  2.94e-10
1.8e+03  3.51e-16  1.23e-10  5.97e-16  1.23e-10  2.97e-10
1.9e+03  6.29e-16  1.24e-10  1.07e-15  1.24e-10  2.99e-10
  2e+03  1.09e-15  1.27e-10  1.79e-15  1.27e-10  3.02e-10

Reactant = P2   Pressure = 10 atm

   T(K)        W1        W2        P1      Loss   Capture
    500  6.31e-27  1.29e-10  3.05e-27  1.29e-10   2.4e-10
    600  1.56e-24  1.37e-10  9.19e-25  1.37e-10  2.47e-10
    700  8.46e-23  1.42e-10  5.55e-23  1.42e-10  2.53e-10
    800  1.76e-21  1.45e-10  1.25e-21  1.45e-10  2.59e-10
    900  1.93e-20   1.5e-10  1.44e-20   1.5e-10  2.64e-10
  1e+03  1.34e-19  1.54e-10  1.07e-19  1.54e-10  2.69e-10
1.1e+03  6.71e-19  1.54e-10  5.55e-19  1.54e-10  2.73e-10
1.2e+03  2.65e-18  1.57e-10  2.19e-18  1.57e-10  2.77e-10
1.3e+03  8.57e-18  1.62e-10  7.19e-18  1.62e-10  2.81e-10
1.4e+03  2.37e-17  1.62e-10  2.03e-17  1.62e-10  2.84e-10
1.5e+03  5.83e-17  1.66e-10  4.94e-17  1.66e-10  2.88e-10
1.6e+03  1.26e-16  1.68e-10  1.12e-16  1.68e-10  2.91e-10
1.7e+03  2.56e-16  1.72e-10  2.28e-16  1.72e-10  2.94e-10
1.8e+03  4.77e-16  1.73e-10  4.32e-16  1.73e-10  2.97e-10
1.9e+03  8.39e-16  1.74e-10  7.75e-16  1.74e-10  2.99e-10
  2e+03  1.41e-15  1.77e-10  1.28e-15  1.77e-10  3.02e-10

Reactant = P2   Pressure = 100 atm

   T(K)        W1        W2        P1      Loss   Capture
    500  5.89e-27  2.05e-10  5.38e-28  2.05e-10   2.4e-10
    600  1.56e-24  2.08e-10  1.96e-25  2.08e-10  2.47e-10
    700  8.64e-23  2.11e-10  1.33e-23  2.11e-10  2.53e-10
    800  1.81e-21  2.14e-10  3.24e-22  2.14e-10  2.59e-10
    900  1.96e-20  2.17e-10  3.92e-21  2.17e-10  2.64e-10
  1e+03  1.34e-19  2.19e-10  3.01e-20  2.19e-10  2.69e-10
1.1e+03  6.62e-19   2.2e-10   1.6e-19   2.2e-10  2.73e-10
1.2e+03  2.53e-18  2.23e-10  6.34e-19  2.23e-10  2.77e-10
1.3e+03  7.87e-18  2.26e-10  2.06e-18  2.26e-10  2.81e-10
1.4e+03  2.13e-17  2.27e-10  5.84e-18  2.27e-10  2.84e-10
1.5e+03  5.03e-17   2.3e-10  1.39e-17   2.3e-10  2.88e-10
1.6e+03  1.07e-16  2.32e-10  3.14e-17  2.32e-10  2.91e-10
1.7e+03   2.1e-16  2.36e-10  6.26e-17  2.36e-10  2.94e-10
1.8e+03   3.8e-16  2.37e-10  1.16e-16  2.37e-10  2.97e-10
1.9e+03  6.61e-16  2.39e-10  2.06e-16  2.39e-10  2.99e-10
  2e+03  1.07e-15  2.41e-10   3.3e-16  2.41e-10  3.02e-10

______________________________________________________________________________________

Temperature-Pressure Rate Tables:

W1->W2

P\T           500       600       700       800       900     1e+03   1.1e+03   1.2e+03   1.3e+03   1.4e+03   1.5e+03   1.6e+03   1.7e+03   1.8e+03   1.9e+03     2e+03
0.1      7.33e+03  9.82e+03  9.85e+03  9.13e+03  8.84e+03  8.42e+03  6.67e+03  5.75e+03  6.06e+03  5.17e+03  6.03e+03  8.88e+03  1.69e+04  3.28e+04  6.47e+04  1.43e+05
1        2.79e+04  3.27e+04  3.12e+04  2.85e+04  2.84e+04   3.1e+04  3.49e+04  5.16e+04  9.93e+04   1.6e+05  3.02e+05  5.62e+05  1.14e+06  1.93e+06  3.05e+06  5.04e+06
10       7.94e+05  9.26e+05  1.21e+06  1.68e+06  2.49e+06  3.65e+06  4.94e+06  6.97e+06  1.01e+07  1.28e+07  1.74e+07  2.23e+07  2.92e+07  3.58e+07  4.16e+07  5.04e+07
100       2.4e+08  2.14e+08     2e+08  1.94e+08  1.96e+08  1.99e+08  2.02e+08  2.09e+08  2.21e+08  2.25e+08  2.37e+08  2.44e+08  2.55e+08  2.63e+08  2.68e+08  2.79e+08
O-O      8.15e+08  7.91e+08  7.72e+08  7.56e+08  7.43e+08  7.32e+08  7.23e+08  7.15e+08  7.08e+08  7.01e+08  6.94e+08  6.88e+08  6.83e+08  6.77e+08  6.72e+08  6.66e+08

W1->P1

P\T           500       600       700       800       900     1e+03   1.1e+03   1.2e+03   1.3e+03   1.4e+03   1.5e+03   1.6e+03   1.7e+03   1.8e+03   1.9e+03     2e+03
0.1      1.25e+09  1.69e+09  1.98e+09  2.08e+09  2.08e+09  1.96e+09  1.85e+09  1.76e+09  1.65e+09  1.52e+09  1.43e+09   1.3e+09  1.23e+09  1.13e+09  1.04e+09  9.89e+08
1        2.68e+09  3.25e+09  3.54e+09  3.57e+09  3.47e+09  3.23e+09  3.01e+09  2.83e+09  2.62e+09   2.4e+09  2.24e+09  2.03e+09   1.9e+09  1.74e+09  1.61e+09  1.52e+09
10       5.07e+09  5.59e+09  5.74e+09  5.59e+09   5.3e+09  4.88e+09  4.49e+09  4.16e+09  3.82e+09  3.49e+09  3.22e+09  2.93e+09  2.72e+09  2.49e+09  2.29e+09  2.14e+09
100      7.73e+09  8.47e+09  8.56e+09  8.23e+09  7.72e+09   7.1e+09  6.51e+09  5.96e+09  5.44e+09  4.96e+09  4.55e+09  4.15e+09  3.83e+09   3.5e+09  3.22e+09  2.98e+09
O-O      8.65e+09  9.69e+09  9.93e+09  9.71e+09  9.23e+09  8.64e+09  8.01e+09  7.39e+09   6.8e+09  6.25e+09  5.75e+09  5.29e+09  4.87e+09   4.5e+09  4.16e+09  3.85e+09

W1->P2

P\T           500       600       700       800       900     1e+03   1.1e+03   1.2e+03   1.3e+03   1.4e+03   1.5e+03   1.6e+03   1.7e+03   1.8e+03   1.9e+03     2e+03
0.1      1.91e+08  1.74e+08  1.64e+08  1.56e+08  1.51e+08  1.43e+08  1.39e+08  1.39e+08  1.37e+08  1.35e+08  1.36e+08  1.31e+08  1.32e+08   1.3e+08  1.28e+08  1.31e+08
1        3.29e+08  2.98e+08  2.79e+08  2.64e+08  2.53e+08   2.4e+08  2.33e+08  2.31e+08  2.27e+08  2.22e+08  2.22e+08  2.14e+08  2.14e+08  2.09e+08  2.05e+08  2.06e+08
10       5.26e+08  4.73e+08  4.38e+08  4.11e+08  3.91e+08   3.7e+08  3.56e+08  3.48e+08  3.37e+08  3.26e+08  3.19e+08  3.05e+08  2.96e+08  2.84e+08  2.74e+08  2.66e+08
100      4.91e+08  4.71e+08  4.47e+08  4.22e+08  3.96e+08  3.71e+08  3.51e+08  3.32e+08  3.09e+08  2.94e+08  2.76e+08  2.58e+08  2.43e+08  2.27e+08  2.15e+08  2.02e+08
O-O           ***       ***       ***       ***       ***       ***       ***       ***       ***       ***       ***       ***       ***       ***       ***       ***

W2->W1

P\T           500       600       700       800       900     1e+03   1.1e+03   1.2e+03   1.3e+03   1.4e+03   1.5e+03   1.6e+03   1.7e+03   1.8e+03   1.9e+03     2e+03
0.1      2.24e-18  8.53e-15  5.85e-12  7.92e-10  3.53e-08  7.79e-07  8.76e-06  7.45e-05  0.000557   0.00264    0.0124    0.0527     0.242      0.86      2.88        10
1        8.29e-15  1.26e-11  2.98e-09   2.1e-07  6.85e-06  0.000124   0.00125   0.00974    0.0662     0.292      1.27      4.79      18.1      52.9       137       351
10          6e-10  1.95e-07  1.43e-05  0.000407   0.00627    0.0593     0.369      1.85      7.85      24.8      74.5       192       465       983  1.86e+03  3.51e+03
100         2e-07  4.93e-05   0.00252    0.0489     0.504      3.28      15.2      55.7       171       437  1.02e+03  2.11e+03  4.06e+03  7.24e+03   1.2e+04  1.94e+04
O-O       6.8e-07  0.000183   0.00975     0.191      1.91      12.1      54.4       190       549  1.36e+03  2.98e+03  5.93e+03  1.09e+04  1.86e+04  3.01e+04  4.64e+04

W2->P1

P\T           500       600       700       800       900     1e+03   1.1e+03   1.2e+03   1.3e+03   1.4e+03   1.5e+03   1.6e+03   1.7e+03   1.8e+03   1.9e+03     2e+03
0.1      3.43e-19  8.56e-16  2.59e-13  2.79e-11  1.35e-09  3.36e-08  3.56e-07   2.8e-06  1.87e-05  7.78e-05  0.000309    0.0011   0.00296   0.00546   0.00243   -0.0306
1        1.08e-15  1.16e-12     2e-10  1.11e-08  2.98e-07  4.72e-06  4.09e-05  0.000274   0.00163   0.00638    0.0241    0.0819     0.234     0.606      1.29      2.78
10       1.41e-10  4.47e-08  2.99e-06  7.72e-05   0.00108    0.0096    0.0552     0.252     0.999      3.01      8.43      21.4      47.6       100       184       331
100      1.63e-08  5.32e-06  0.000321     0.007    0.0774     0.547      2.63      9.67        30      77.9       177       379       718  1.28e+03  2.12e+03  3.28e+03
O-O           ***       ***       ***       ***       ***       ***       ***       ***       ***       ***       ***       ***       ***       ***       ***       ***

W2->P2

P\T           500       600       700       800       900     1e+03   1.1e+03   1.2e+03   1.3e+03   1.4e+03   1.5e+03   1.6e+03   1.7e+03   1.8e+03   1.9e+03     2e+03
0.1      2.31e+09  3.02e+09  3.26e+09  3.22e+09  3.11e+09  2.89e+09  2.58e+09  2.35e+09  2.17e+09  1.92e+09  1.76e+09  1.59e+09  1.47e+09  1.32e+09  1.19e+09   1.1e+09
1        4.91e+09  5.72e+09  5.82e+09  5.55e+09   5.2e+09  4.73e+09  4.18e+09  3.76e+09  3.43e+09  3.02e+09  2.74e+09  2.46e+09  2.25e+09  2.02e+09  1.81e+09  1.66e+09
10       8.99e+09  9.56e+09  9.27e+09  8.58e+09  7.84e+09  7.02e+09  6.16e+09  5.49e+09  4.93e+09  4.34e+09   3.9e+09  3.49e+09  3.16e+09  2.83e+09  2.54e+09  2.32e+09
100      1.43e+10  1.46e+10  1.38e+10  1.26e+10  1.13e+10     1e+10  8.79e+09  7.76e+09  6.88e+09  6.08e+09  5.41e+09  4.82e+09  4.35e+09  3.88e+09  3.49e+09  3.16e+09
O-O      1.67e+10  1.73e+10  1.66e+10  1.53e+10  1.38e+10  1.23e+10  1.09e+10  9.66e+09  8.57e+09  7.61e+09  6.77e+09  6.04e+09  5.41e+09  4.86e+09  4.38e+09  3.95e+09

P1->W1

P\T           500       600       700       800       900     1e+03   1.1e+03   1.2e+03   1.3e+03   1.4e+03   1.5e+03   1.6e+03   1.7e+03   1.8e+03   1.9e+03     2e+03
0.1      3.52e-11   4.4e-11  5.15e-11  5.65e-11  6.05e-11   6.2e-11  6.42e-11  6.72e-11  6.92e-11  7.03e-11  7.28e-11  7.28e-11  7.54e-11  7.55e-11  7.63e-11  7.89e-11
1        7.58e-11  8.45e-11  9.23e-11  9.73e-11  1.01e-10  1.03e-10  1.05e-10  1.08e-10   1.1e-10  1.11e-10  1.14e-10  1.14e-10  1.17e-10  1.17e-10  1.18e-10  1.21e-10
10       1.43e-10  1.46e-10   1.5e-10  1.52e-10  1.55e-10  1.55e-10  1.56e-10  1.59e-10  1.61e-10  1.62e-10  1.65e-10  1.64e-10  1.67e-10  1.68e-10  1.69e-10  1.72e-10
100      2.19e-10  2.21e-10  2.23e-10  2.24e-10  2.26e-10  2.26e-10  2.27e-10  2.28e-10   2.3e-10  2.31e-10  2.32e-10  2.33e-10  2.36e-10  2.36e-10  2.37e-10  2.39e-10
O-O      2.45e-10  2.52e-10  2.59e-10  2.65e-10   2.7e-10  2.75e-10  2.79e-10  2.83e-10  2.87e-10  2.91e-10  2.94e-10  2.97e-10     3e-10  3.03e-10  3.06e-10  3.08e-10

P1->W2

P\T           500       600       700       800       900     1e+03   1.1e+03   1.2e+03   1.3e+03   1.4e+03   1.5e+03   1.6e+03   1.7e+03   1.8e+03   1.9e+03     2e+03
0.1      2.83e-16  3.61e-16  4.47e-16   5.2e-16     6e-16  6.44e-16  7.19e-16  8.39e-16  9.46e-16  1.04e-15  1.21e-15  1.28e-15  1.22e-15  1.68e-15  1.97e-15  2.56e-15
1        1.07e-15  1.22e-15   1.4e-15  1.57e-15  1.76e-15  1.88e-15  2.07e-15  2.39e-15  2.71e-15  3.01e-15  3.57e-15  4.01e-15  4.17e-15  5.87e-15  7.02e-15  9.03e-15
10       7.85e-15  8.26e-15  9.65e-15  1.21e-14  1.63e-14  2.28e-14  3.03e-14  4.14e-14     6e-14  7.82e-14  1.07e-13  1.46e-13   1.9e-13  2.53e-13  3.11e-13  3.91e-13
100      5.53e-13  6.03e-13  6.66e-13   7.6e-13  8.83e-13  1.06e-12  1.22e-12   1.4e-12  1.64e-12  1.87e-12  2.11e-12  2.47e-12  2.78e-12  3.14e-12  3.49e-12  3.78e-12
O-O           ***       ***       ***       ***       ***       ***       ***       ***       ***       ***       ***       ***       ***       ***       ***       ***

P1->P2

P\T           500       600       700       800       900     1e+03   1.1e+03   1.2e+03   1.3e+03   1.4e+03   1.5e+03   1.6e+03   1.7e+03   1.8e+03   1.9e+03     2e+03
0.1      1.59e-11  1.45e-11  1.42e-11  1.45e-11  1.52e-11  1.62e-11  1.74e-11  1.86e-11  2.01e-11  2.17e-11  2.32e-11  2.51e-11   2.7e-11  2.88e-11  3.09e-11  3.26e-11
1        1.23e-11  1.15e-11  1.14e-11  1.18e-11  1.24e-11  1.34e-11  1.44e-11  1.54e-11  1.66e-11   1.8e-11  1.92e-11  2.09e-11  2.24e-11   2.4e-11  2.57e-11   2.7e-11
10       7.19e-12  7.26e-12   7.5e-12  7.97e-12  8.55e-12  9.42e-12  1.03e-11   1.1e-11  1.19e-11   1.3e-11  1.38e-11  1.52e-11  1.62e-11  1.74e-11  1.86e-11  1.93e-11
100      1.27e-12  1.54e-12   1.8e-12  2.07e-12  2.32e-12  2.65e-12  2.96e-12  3.18e-12  3.41e-12  3.74e-12  3.89e-12  4.25e-12  4.46e-12  4.67e-12  4.95e-12  4.97e-12
O-O           ***       ***       ***       ***       ***       ***       ***       ***       ***       ***       ***       ***       ***       ***       ***       ***

P2->W1

P\T           500       600       700       800       900     1e+03   1.1e+03   1.2e+03   1.3e+03   1.4e+03   1.5e+03   1.6e+03   1.7e+03   1.8e+03   1.9e+03     2e+03
0.1      2.29e-27  5.73e-25  3.16e-23  6.66e-22  7.43e-21  5.15e-20  2.61e-19  1.06e-18  3.48e-18  9.72e-18  2.46e-17  5.42e-17  1.14e-16  2.17e-16  3.92e-16  6.91e-16
1        3.95e-27  9.83e-25  5.39e-23  1.13e-21  1.25e-20  8.67e-20  4.38e-19  1.76e-18  5.76e-18  1.61e-17  4.04e-17  8.88e-17  1.85e-16  3.51e-16  6.29e-16  1.09e-15
10       6.31e-27  1.56e-24  8.46e-23  1.76e-21  1.93e-20  1.34e-19  6.71e-19  2.65e-18  8.57e-18  2.37e-17  5.83e-17  1.26e-16  2.56e-16  4.77e-16  8.39e-16  1.41e-15
100      5.89e-27  1.56e-24  8.64e-23  1.81e-21  1.96e-20  1.34e-19  6.62e-19  2.53e-18  7.87e-18  2.13e-17  5.03e-17  1.07e-16   2.1e-16   3.8e-16  6.61e-16  1.07e-15
O-O           ***       ***       ***       ***       ***       ***       ***       ***       ***       ***       ***       ***       ***       ***       ***       ***

P2->W2

P\T           500       600       700       800       900     1e+03   1.1e+03   1.2e+03   1.3e+03   1.4e+03   1.5e+03   1.6e+03   1.7e+03   1.8e+03   1.9e+03     2e+03
0.1      3.31e-11   4.3e-11  4.96e-11  5.44e-11  5.94e-11  6.29e-11  6.42e-11   6.7e-11  7.09e-11  7.14e-11  7.46e-11  7.62e-11  7.94e-11  8.04e-11   8.1e-11  8.37e-11
1        7.05e-11  8.17e-11  8.89e-11   9.4e-11  9.96e-11  1.04e-10  1.05e-10  1.08e-10  1.12e-10  1.13e-10  1.16e-10  1.18e-10  1.22e-10  1.23e-10  1.24e-10  1.27e-10
10       1.29e-10  1.37e-10  1.42e-10  1.45e-10   1.5e-10  1.54e-10  1.54e-10  1.57e-10  1.62e-10  1.62e-10  1.66e-10  1.68e-10  1.72e-10  1.73e-10  1.74e-10  1.77e-10
100      2.05e-10  2.08e-10  2.11e-10  2.14e-10  2.17e-10  2.19e-10   2.2e-10  2.23e-10  2.26e-10  2.27e-10   2.3e-10  2.32e-10  2.36e-10  2.37e-10  2.39e-10  2.41e-10
O-O       2.4e-10  2.47e-10  2.53e-10  2.59e-10  2.64e-10  2.69e-10  2.73e-10  2.77e-10  2.81e-10  2.84e-10  2.88e-10  2.91e-10  2.94e-10  2.97e-10  2.99e-10  3.02e-10

P2->P1

P\T           500       600       700       800       900     1e+03   1.1e+03   1.2e+03   1.3e+03   1.4e+03   1.5e+03   1.6e+03   1.7e+03   1.8e+03   1.9e+03     2e+03
0.1      6.74e-27  1.84e-24  1.05e-22  2.28e-21  2.56e-20  1.84e-19  9.42e-19  3.71e-18  1.21e-17  3.38e-17  8.28e-17  1.86e-16  3.79e-16  7.18e-16  1.29e-15  2.16e-15
1        5.23e-27  1.46e-24  8.44e-23  1.84e-21  2.09e-20  1.52e-19  7.78e-19  3.07e-18     1e-17  2.81e-17  6.85e-17  1.54e-16  3.14e-16  5.97e-16  1.07e-15  1.79e-15
10       3.05e-27  9.19e-25  5.55e-23  1.25e-21  1.44e-20  1.07e-19  5.55e-19  2.19e-18  7.19e-18  2.03e-17  4.94e-17  1.12e-16  2.28e-16  4.32e-16  7.75e-16  1.28e-15
100      5.38e-28  1.96e-25  1.33e-23  3.24e-22  3.92e-21  3.01e-20   1.6e-19  6.34e-19  2.06e-18  5.84e-18  1.39e-17  3.14e-17  6.26e-17  1.16e-16  2.06e-16   3.3e-16
O-O           ***       ***       ***       ***       ***       ***       ***       ***       ***       ***       ***       ***       ***       ***       ***       ***

W1-> 

P\T           500       600       700       800       900     1e+03   1.1e+03   1.2e+03   1.3e+03   1.4e+03   1.5e+03   1.6e+03   1.7e+03   1.8e+03   1.9e+03     2e+03
0.1      1.44e+09  1.87e+09  2.15e+09  2.24e+09  2.23e+09   2.1e+09  1.99e+09   1.9e+09  1.78e+09  1.65e+09  1.57e+09  1.43e+09  1.36e+09  1.26e+09  1.17e+09  1.12e+09
1        3.01e+09  3.54e+09  3.82e+09  3.83e+09  3.72e+09  3.47e+09  3.24e+09  3.06e+09  2.84e+09  2.62e+09  2.46e+09  2.25e+09  2.12e+09  1.95e+09  1.82e+09  1.73e+09
10       5.59e+09  6.07e+09  6.18e+09     6e+09  5.69e+09  5.25e+09  4.85e+09  4.51e+09  4.17e+09  3.83e+09  3.56e+09  3.26e+09  3.05e+09  2.81e+09  2.61e+09  2.46e+09
100      8.46e+09  9.16e+09   9.2e+09  8.84e+09  8.31e+09  7.67e+09  7.06e+09   6.5e+09  5.97e+09  5.48e+09  5.06e+09  4.65e+09  4.33e+09  3.99e+09  3.71e+09  3.46e+09
O-O      9.46e+09  1.05e+10  1.07e+10  1.05e+10  9.97e+09  9.37e+09  8.73e+09  8.11e+09  7.51e+09  6.95e+09  6.44e+09  5.98e+09  5.56e+09  5.17e+09  4.83e+09  4.51e+09

W2-> 

P\T           500       600       700       800       900     1e+03   1.1e+03   1.2e+03   1.3e+03   1.4e+03   1.5e+03   1.6e+03   1.7e+03   1.8e+03   1.9e+03     2e+03
0.1      2.31e+09  3.02e+09  3.26e+09  3.22e+09  3.11e+09  2.89e+09  2.58e+09  2.35e+09  2.17e+09  1.92e+09  1.76e+09  1.59e+09  1.47e+09  1.32e+09  1.19e+09   1.1e+09
1        4.91e+09  5.72e+09  5.82e+09  5.55e+09   5.2e+09  4.73e+09  4.18e+09  3.76e+09  3.43e+09  3.02e+09  2.74e+09  2.46e+09  2.25e+09  2.02e+09  1.81e+09  1.66e+09
10       8.99e+09  9.56e+09  9.27e+09  8.58e+09  7.84e+09  7.02e+09  6.16e+09  5.49e+09  4.93e+09  4.34e+09   3.9e+09  3.49e+09  3.16e+09  2.83e+09  2.54e+09  2.32e+09
100      1.43e+10  1.46e+10  1.38e+10  1.26e+10  1.13e+10     1e+10  8.79e+09  7.76e+09  6.88e+09  6.08e+09  5.41e+09  4.82e+09  4.35e+09  3.88e+09  3.49e+09  3.16e+09
O-O      1.67e+10  1.73e+10  1.66e+10  1.53e+10  1.38e+10  1.23e+10  1.09e+10  9.66e+09  8.57e+09  7.61e+09  6.77e+09  6.04e+09  5.41e+09  4.86e+09  4.38e+09  3.95e+09

P1-> 

P\T           500       600       700       800       900     1e+03   1.1e+03   1.2e+03   1.3e+03   1.4e+03   1.5e+03   1.6e+03   1.7e+03   1.8e+03   1.9e+03     2e+03
0.1      5.11e-11  5.86e-11  6.57e-11   7.1e-11  7.57e-11  7.83e-11  8.16e-11  8.59e-11  8.92e-11   9.2e-11   9.6e-11  9.79e-11  1.02e-10  1.04e-10  1.07e-10  1.11e-10
1        8.81e-11   9.6e-11  1.04e-10  1.09e-10  1.14e-10  1.16e-10  1.19e-10  1.24e-10  1.27e-10  1.29e-10  1.34e-10  1.35e-10   1.4e-10  1.41e-10  1.44e-10  1.48e-10
10       1.51e-10  1.53e-10  1.57e-10   1.6e-10  1.63e-10  1.65e-10  1.67e-10   1.7e-10  1.73e-10  1.75e-10  1.79e-10   1.8e-10  1.84e-10  1.85e-10  1.87e-10  1.91e-10
100      2.21e-10  2.23e-10  2.25e-10  2.27e-10  2.29e-10   2.3e-10  2.31e-10  2.33e-10  2.35e-10  2.36e-10  2.38e-10   2.4e-10  2.43e-10  2.44e-10  2.46e-10  2.48e-10
O-O      2.45e-10  2.52e-10  2.59e-10  2.65e-10   2.7e-10  2.75e-10  2.79e-10  2.83e-10  2.87e-10  2.91e-10  2.94e-10  2.97e-10     3e-10  3.03e-10  3.06e-10  3.08e-10

P2-> 

P\T           500       600       700       800       900     1e+03   1.1e+03   1.2e+03   1.3e+03   1.4e+03   1.5e+03   1.6e+03   1.7e+03   1.8e+03   1.9e+03     2e+03
0.1      3.31e-11   4.3e-11  4.96e-11  5.44e-11  5.94e-11  6.29e-11  6.42e-11   6.7e-11  7.09e-11  7.14e-11  7.46e-11  7.62e-11  7.94e-11  8.04e-11   8.1e-11  8.37e-11
1        7.05e-11  8.17e-11  8.89e-11   9.4e-11  9.96e-11  1.04e-10  1.05e-10  1.08e-10  1.12e-10  1.13e-10  1.16e-10  1.18e-10  1.22e-10  1.23e-10  1.24e-10  1.27e-10
10       1.29e-10  1.37e-10  1.42e-10  1.45e-10   1.5e-10  1.54e-10  1.54e-10  1.57e-10  1.62e-10  1.62e-10  1.66e-10  1.68e-10  1.72e-10  1.73e-10  1.74e-10  1.77e-10
100      2.05e-10  2.08e-10  2.11e-10  2.14e-10  2.17e-10  2.19e-10   2.2e-10  2.23e-10  2.26e-10  2.27e-10   2.3e-10  2.32e-10  2.36e-10  2.37e-10  2.39e-10  2.41e-10
O-O       2.4e-10  2.47e-10  2.53e-10  2.59e-10  2.64e-10  2.69e-10  2.73e-10  2.77e-10  2.81e-10  2.84e-10  2.88e-10  2.91e-10  2.94e-10  2.97e-10  2.99e-10  3.02e-10

