Wells (G - ground energy, D - dissociation limit, kcal/mol):
                               W         G         D
        FakeW-C5H8O(825)rs+OH(4)        -3     -1.34
      FakeW-C5H7O(758)rs0+H2O(5)     -24.8     -21.9

Bimolecular Products (G - ground energy, kcal/mol):
                         P         G
        C5H8O(825)rs+OH(4)         0
      C5H7O(758)rs0+H2O(5)     -21.9

Well-to-Bimolecular Barriers (H/G - barrier height/well depth, kcal/mol)
                               B         H                          W         G                    P
        FakeB-C5H8O(825)rs+OH(4)         0   FakeW-C5H8O(825)rs+OH(4)        -3   C5H8O(825)rs+OH(4)
      FakeB-C5H7O(758)rs0+H2O(5)     -21.9 FakeW-C5H7O(758)rs0+H2O(5)     -24.8 C5H7O(758)rs0+H2O(5)

Well-to-Well Barriers (H/G - barrier height/well depth, kcal/mol):
           B         H                         W1        G1                         W2        G2
      ts_1_1     -1.34   FakeW-C5H8O(825)rs+OH(4)        -3 FakeW-C5H7O(758)rs0+H2O(5)     -24.8

Bound Groups: dissociation barrier (name/ground energy, kcal/mol): wells (name/ground energy, kcal/mol):
     C2/-21.9:  FakeW-C5H7O(758)rs0+H2O(5)/-24.8

     B1/-1.34:  FakeW-C5H8O(825)rs+OH(4)/-3

________________________________________________________________________________________

Names Translation Tables (<short name> - <original name>):
Wells:
   W1 - FakeW-C5H8O(825)rs+OH(4)
   W2 - FakeW-C5H7O(758)rs0+H2O(5)
Bimolecular products:
   P1 - C5H8O(825)rs+OH(4)
   P2 - C5H7O(758)rs0+H2O(5)
Inner Barriers:
   B1 - ts_1_1
Outer Barriers:
   C1 - FakeB-C5H8O(825)rs+OH(4)
   C2 - FakeB-C5H7O(758)rs0+H2O(5)
Unimolecular Rate Units: 1/sec;  Bimolecular Rate Units: cm^3/sec

______________________________________________________________________________________

Species-Species Rate Tables:

Temperature = 500 K

High Pressure Rate Coefficients:

From\To         W1        W2        P1        P2
W1             ***  7.04e+08     1e+10       ***
W2           0.044       ***       ***  1.94e+10
P1         2.4e-10       ***       ***       ***
P2             ***  2.35e-10       ***       ***

Temperature = 500 K    Pressure = 0.1 atm

From\To         W1        W2        P1        P2
W1             ***       ***       ***       ***
W2             ***       ***       ***       ***
P1             ***       ***  1.56e-11  1.56e-11
P2             ***       ***   4.9e-22   4.9e-22

Temperature = 500 K    Pressure = 1 atm

From\To         W1        W2        P1        P2
W1             ***       ***       ***       ***
W2             ***       ***       ***       ***
P1             ***       ***  1.56e-11  1.56e-11
P2             ***       ***  4.91e-22  4.91e-22

Temperature = 500 K    Pressure = 10 atm

From\To         W1        W2        P1        P2
W1             ***       ***       ***       ***
W2             ***       ***       ***       ***
P1             ***       ***  1.56e-11  1.56e-11
P2             ***       ***  4.92e-22  4.92e-22

Temperature = 500 K    Pressure = 100 atm

From\To         W1        W2        P1        P2
W1             ***       ***       ***       ***
W2             ***       ***       ***       ***
P1             ***       ***  1.57e-11  1.57e-11
P2             ***       ***  4.93e-22  4.95e-22

Temperature = 600 K

High Pressure Rate Coefficients:

From\To         W1        W2        P1        P2
W1             ***  7.82e+08  1.12e+10       ***
W2             1.6       ***       ***  2.01e+10
P1        2.47e-10       ***       ***       ***
P2             ***  2.42e-10       ***       ***

Temperature = 600 K    Pressure = 0.1 atm

From\To         W1        W2        P1        P2
W1             ***       ***       ***       ***
W2             ***       ***       ***       ***
P1             ***       ***   1.6e-11   1.6e-11
P2             ***       ***  1.78e-20  1.78e-20

Temperature = 600 K    Pressure = 1 atm

From\To         W1        W2        P1        P2
W1             ***       ***       ***       ***
W2             ***       ***       ***       ***
P1             ***       ***   1.6e-11   1.6e-11
P2             ***       ***  1.78e-20  1.78e-20

Temperature = 600 K    Pressure = 10 atm

From\To         W1        W2        P1        P2
W1             ***       ***       ***       ***
W2             ***       ***       ***       ***
P1             ***       ***   1.6e-11   1.6e-11
P2             ***       ***  1.78e-20  1.78e-20

Temperature = 600 K    Pressure = 100 atm

From\To         W1        W2        P1        P2
W1             ***       ***       ***       ***
W2             ***       ***       ***       ***
P1             ***       ***   1.6e-11   1.6e-11
P2             ***       ***  1.78e-20  1.78e-20

Temperature = 700 K

High Pressure Rate Coefficients:

From\To         W1        W2        P1        P2
W1             ***   8.5e+08  1.15e+10       ***
W2            20.7       ***       ***  1.93e+10
P1        2.54e-10       ***       ***       ***
P2             ***  2.48e-10       ***       ***

Temperature = 700 K    Pressure = 0.1 atm

From\To         W1        W2        P1        P2
W1             ***       ***       ***       ***
W2             ***       ***       ***       ***
P1             ***       ***  1.73e-11  1.73e-11
P2             ***       ***  2.45e-19  2.45e-19

Temperature = 700 K    Pressure = 1 atm

From\To         W1        W2        P1        P2
W1             ***       ***       ***       ***
W2             ***       ***       ***       ***
P1             ***       ***  1.73e-11  1.73e-11
P2             ***       ***  2.45e-19  2.45e-19

Temperature = 700 K    Pressure = 10 atm

From\To         W1        W2        P1        P2
W1             ***       ***       ***       ***
W2             ***       ***       ***       ***
P1             ***       ***  1.73e-11  1.73e-11
P2             ***       ***  2.45e-19  2.45e-19

Temperature = 700 K    Pressure = 100 atm

From\To         W1        W2        P1        P2
W1             ***       ***       ***       ***
W2             ***       ***       ***       ***
P1             ***       ***  1.73e-11  1.73e-11
P2             ***       ***  2.45e-19  2.45e-19

Temperature = 800 K

High Pressure Rate Coefficients:

From\To         W1        W2        P1        P2
W1             ***  9.11e+08  1.12e+10       ***
W2             140       ***       ***  1.78e+10
P1         2.6e-10       ***       ***       ***
P2             ***  2.54e-10       ***       ***

Temperature = 800 K    Pressure = 0.1 atm

From\To         W1        W2        P1        P2
W1             ***       ***       ***       ***
W2             ***       ***       ***       ***
P1             ***       ***  1.93e-11  1.93e-11
P2             ***       ***  1.83e-18  1.83e-18

Temperature = 800 K    Pressure = 1 atm

From\To         W1        W2        P1        P2
W1             ***       ***       ***       ***
W2             ***       ***       ***       ***
P1             ***       ***  1.93e-11  1.93e-11
P2             ***       ***  1.83e-18  1.83e-18

Temperature = 800 K    Pressure = 10 atm

From\To         W1        W2        P1        P2
W1             ***       ***       ***       ***
W2             ***       ***       ***       ***
P1             ***       ***  1.93e-11  1.93e-11
P2             ***       ***  1.83e-18  1.83e-18

Temperature = 800 K    Pressure = 100 atm

From\To         W1        W2        P1        P2
W1             ***       ***       ***       ***
W2             ***       ***       ***       ***
P1             ***       ***  1.93e-11  1.93e-11
P2             ***       ***  1.83e-18  1.83e-18

Temperature = 900 K

High Pressure Rate Coefficients:

From\To         W1        W2        P1        P2
W1             ***  9.66e+08  1.07e+10       ***
W2             623       ***       ***   1.6e+10
P1        2.65e-10       ***       ***       ***
P2             ***  2.59e-10       ***       ***

Temperature = 900 K    Pressure = 0.1 atm

From\To         W1        W2        P1        P2
W1             ***       ***       ***       ***
W2             ***       ***       ***       ***
P1             ***       ***  2.17e-11  2.17e-11
P2             ***       ***   9.1e-18   9.1e-18

Temperature = 900 K    Pressure = 1 atm

From\To         W1        W2        P1        P2
W1             ***       ***       ***       ***
W2             ***       ***       ***       ***
P1             ***       ***  2.17e-11  2.17e-11
P2             ***       ***   9.1e-18   9.1e-18

Temperature = 900 K    Pressure = 10 atm

From\To         W1        W2        P1        P2
W1             ***       ***       ***       ***
W2             ***       ***       ***       ***
P1             ***       ***  2.17e-11  2.17e-11
P2             ***       ***   9.1e-18   9.1e-18

Temperature = 900 K    Pressure = 100 atm

From\To         W1        W2        P1        P2
W1             ***       ***       ***       ***
W2             ***       ***       ***       ***
P1             ***       ***  2.17e-11  2.17e-11
P2             ***       ***  9.11e-18  9.11e-18

Temperature = 1e+03 K

High Pressure Rate Coefficients:

From\To         W1        W2        P1        P2
W1             ***  1.01e+09     1e+10       ***
W2        2.05e+03       ***       ***  1.43e+10
P1        2.69e-10       ***       ***       ***
P2             ***  2.63e-10       ***       ***

Temperature = 1e+03 K    Pressure = 0.1 atm

From\To         W1        W2        P1        P2
W1             ***       ***       ***       ***
W2             ***       ***       ***       ***
P1             ***       ***  2.45e-11  2.45e-11
P2             ***       ***  3.38e-17  3.38e-17

Temperature = 1e+03 K    Pressure = 1 atm

From\To         W1        W2        P1        P2
W1             ***       ***       ***       ***
W2             ***       ***       ***       ***
P1             ***       ***  2.45e-11  2.45e-11
P2             ***       ***  3.38e-17  3.38e-17

Temperature = 1e+03 K    Pressure = 10 atm

From\To         W1        W2        P1        P2
W1             ***       ***       ***       ***
W2             ***       ***       ***       ***
P1             ***       ***  2.45e-11  2.45e-11
P2             ***       ***  3.38e-17  3.38e-17

Temperature = 1e+03 K    Pressure = 100 atm

From\To         W1        W2        P1        P2
W1             ***       ***       ***       ***
W2             ***       ***       ***       ***
P1             ***       ***  2.45e-11  2.45e-11
P2             ***       ***  3.38e-17  3.38e-17

Temperature = 1.1e+03 K

High Pressure Rate Coefficients:

From\To         W1        W2        P1        P2
W1             ***  1.06e+09  9.28e+09       ***
W2        5.44e+03       ***       ***  1.27e+10
P1        2.74e-10       ***       ***       ***
P2             ***  2.68e-10       ***       ***

Temperature = 1.1e+03 K    Pressure = 0.1 atm

From\To         W1        W2        P1        P2
W1             ***       ***       ***       ***
W2             ***       ***       ***       ***
P1             ***       ***  2.76e-11  2.76e-11
P2             ***       ***  1.01e-16  1.01e-16

Temperature = 1.1e+03 K    Pressure = 1 atm

From\To         W1        W2        P1        P2
W1             ***       ***       ***       ***
W2             ***       ***       ***       ***
P1             ***       ***  2.76e-11  2.76e-11
P2             ***       ***  1.01e-16  1.01e-16

Temperature = 1.1e+03 K    Pressure = 10 atm

From\To         W1        W2        P1        P2
W1             ***       ***       ***       ***
W2             ***       ***       ***       ***
P1             ***       ***  2.76e-11  2.76e-11
P2             ***       ***  1.01e-16  1.01e-16

Temperature = 1.1e+03 K    Pressure = 100 atm

From\To         W1        W2        P1        P2
W1             ***       ***       ***       ***
W2             ***       ***       ***       ***
P1             ***       ***  2.77e-11  2.77e-11
P2             ***       ***  1.01e-16  1.01e-16

Temperature = 1.2e+03 K

High Pressure Rate Coefficients:

From\To         W1        W2        P1        P2
W1             ***   1.1e+09  8.56e+09       ***
W2        1.23e+04       ***       ***  1.13e+10
P1        2.78e-10       ***       ***       ***
P2             ***  2.71e-10       ***       ***

Temperature = 1.2e+03 K    Pressure = 0.1 atm

From\To         W1        W2        P1        P2
W1             ***       ***       ***       ***
W2             ***       ***       ***       ***
P1             ***       ***  3.11e-11  3.11e-11
P2             ***       ***  2.58e-16  2.58e-16

Temperature = 1.2e+03 K    Pressure = 1 atm

From\To         W1        W2        P1        P2
W1             ***       ***       ***       ***
W2             ***       ***       ***       ***
P1             ***       ***  3.11e-11  3.11e-11
P2             ***       ***  2.58e-16  2.58e-16

Temperature = 1.2e+03 K    Pressure = 10 atm

From\To         W1        W2        P1        P2
W1             ***       ***       ***       ***
W2             ***       ***       ***       ***
P1             ***       ***  3.11e-11  3.11e-11
P2             ***       ***  2.58e-16  2.58e-16

Temperature = 1.2e+03 K    Pressure = 100 atm

From\To         W1        W2        P1        P2
W1        9.13e+09  1.39e+09  8.01e+09 -2.77e+08
W2        1.61e+04  9.95e+09  2.19e+03  9.95e+09
P1        2.22e-10  1.12e-11  2.26e-10 -7.21e-12
P2        -1.1e-18  1.95e-10 -5.99e-17  1.95e-10

Temperature = 1.3e+03 K

High Pressure Rate Coefficients:

From\To         W1        W2        P1        P2
W1             ***  1.14e+09  7.88e+09       ***
W2        2.45e+04       ***       ***  9.98e+09
P1        2.81e-10       ***       ***       ***
P2             ***  2.75e-10       ***       ***

Temperature = 1.3e+03 K    Pressure = 0.1 atm

From\To         W1        W2        P1        P2
W1             ***       ***       ***       ***
W2             ***       ***       ***       ***
P1             ***       ***  3.48e-11  3.48e-11
P2             ***       ***  5.78e-16  5.78e-16

Temperature = 1.3e+03 K    Pressure = 1 atm

From\To         W1        W2        P1        P2
W1             ***       ***       ***       ***
W2             ***       ***       ***       ***
P1             ***       ***  3.48e-11  3.48e-11
P2             ***       ***  5.78e-16  5.78e-16

Temperature = 1.3e+03 K    Pressure = 10 atm

From\To         W1        W2        P1        P2
W1             ***       ***       ***       ***
W2             ***       ***       ***       ***
P1             ***       ***  3.48e-11  3.48e-11
P2             ***       ***  5.78e-16  5.78e-16

Temperature = 1.3e+03 K    Pressure = 100 atm

From\To         W1        W2        P1        P2
W1        8.53e+09  1.41e+09  7.39e+09 -2.65e+08
W2        3.17e+04  8.88e+09  2.49e+03  8.88e+09
P1        2.33e-10  4.05e-12  2.37e-10 -4.15e-13
P2       -1.28e-16  2.06e-10  -6.9e-18  2.06e-10

Temperature = 1.4e+03 K

High Pressure Rate Coefficients:

From\To         W1        W2        P1        P2
W1             ***  1.17e+09  7.24e+09       ***
W2        4.42e+04       ***       ***  8.86e+09
P1        2.85e-10       ***       ***       ***
P2             ***  2.79e-10       ***       ***

Temperature = 1.4e+03 K    Pressure = 0.1 atm

From\To         W1        W2        P1        P2
W1             ***       ***       ***       ***
W2             ***       ***       ***       ***
P1             ***       ***  3.87e-11  3.87e-11
P2             ***       ***  1.17e-15  1.17e-15

Temperature = 1.4e+03 K    Pressure = 1 atm

From\To         W1        W2        P1        P2
W1             ***       ***       ***       ***
W2             ***       ***       ***       ***
P1             ***       ***  3.87e-11  3.87e-11
P2             ***       ***  1.17e-15  1.17e-15

Temperature = 1.4e+03 K    Pressure = 10 atm

From\To         W1        W2        P1        P2
W1             ***       ***       ***       ***
W2             ***       ***       ***       ***
P1             ***       ***  3.87e-11  3.87e-11
P2             ***       ***  1.17e-15  1.17e-15

Temperature = 1.4e+03 K    Pressure = 100 atm

From\To         W1        W2        P1        P2
W1        7.98e+09  1.42e+09  6.81e+09 -2.53e+08
W2         5.6e+04  7.93e+09  2.85e+03  7.93e+09
P1        2.42e-10   4.8e-13  2.46e-10  2.85e-12
P2       -3.46e-16  2.16e-10  8.63e-17  2.16e-10

Temperature = 1.5e+03 K

High Pressure Rate Coefficients:

From\To         W1        W2        P1        P2
W1             ***   1.2e+09  6.66e+09       ***
W2        7.38e+04       ***       ***  7.89e+09
P1        2.88e-10       ***       ***       ***
P2             ***  2.82e-10       ***       ***

Temperature = 1.5e+03 K    Pressure = 0.1 atm

From\To         W1        W2        P1        P2
W1             ***       ***       ***       ***
W2             ***       ***       ***       ***
P1             ***       ***  4.29e-11  4.29e-11
P2             ***       ***  2.18e-15  2.18e-15

Temperature = 1.5e+03 K    Pressure = 1 atm

From\To         W1        W2        P1        P2
W1             ***       ***       ***       ***
W2             ***       ***       ***       ***
P1             ***       ***  4.29e-11  4.29e-11
P2             ***       ***  2.18e-15  2.18e-15

Temperature = 1.5e+03 K    Pressure = 10 atm

From\To         W1        W2        P1        P2
W1             ***       ***       ***       ***
W2             ***       ***       ***       ***
P1             ***       ***  4.29e-11  4.29e-11
P2             ***       ***  2.19e-15  2.19e-15

Temperature = 1.5e+03 K    Pressure = 100 atm

From\To         W1        W2        P1        P2
W1        7.47e+09  1.43e+09  6.28e+09  -2.4e+08
W2        9.13e+04   7.1e+09  3.23e+03   7.1e+09
P1         2.5e-10 -1.55e-12  2.53e-10  4.66e-12
P2       -6.91e-16  2.25e-10  2.37e-16  2.25e-10

Temperature = 1.6e+03 K

High Pressure Rate Coefficients:

From\To         W1        W2        P1        P2
W1             ***  1.22e+09  6.13e+09       ***
W2        1.16e+05       ***       ***  7.04e+09
P1        2.91e-10       ***       ***       ***
P2             ***  2.85e-10       ***       ***

Temperature = 1.6e+03 K    Pressure = 0.1 atm

From\To         W1        W2        P1        P2
W1             ***       ***       ***       ***
W2             ***       ***       ***       ***
P1             ***       ***  4.73e-11  4.73e-11
P2             ***       ***   3.8e-15   3.8e-15

Temperature = 1.6e+03 K    Pressure = 1 atm

From\To         W1        W2        P1        P2
W1             ***       ***       ***       ***
W2             ***       ***       ***       ***
P1             ***       ***  4.73e-11  4.73e-11
P2             ***       ***   3.8e-15   3.8e-15

Temperature = 1.6e+03 K    Pressure = 10 atm

From\To         W1        W2        P1        P2
W1             ***       ***       ***       ***
W2             ***       ***       ***       ***
P1             ***       ***  4.73e-11  4.73e-11
P2             ***       ***  3.81e-15  3.81e-15

Temperature = 1.6e+03 K    Pressure = 100 atm

From\To         W1        W2        P1        P2
W1        7.01e+09  1.44e+09  5.79e+09 -2.27e+08
W2         1.4e+05  6.37e+09   3.6e+03  6.37e+09
P1        2.57e-10 -2.78e-12  2.59e-10  5.72e-12
P2        -1.2e-15  2.33e-10  4.61e-16  2.33e-10

Temperature = 1.7e+03 K

High Pressure Rate Coefficients:

From\To         W1        W2        P1        P2
W1             ***  1.24e+09  5.64e+09       ***
W2        1.72e+05       ***       ***   6.3e+09
P1        2.94e-10       ***       ***       ***
P2             ***  2.88e-10       ***       ***

Temperature = 1.7e+03 K    Pressure = 0.1 atm

From\To         W1        W2        P1        P2
W1             ***       ***       ***       ***
W2             ***       ***       ***       ***
P1             ***       ***  5.18e-11  5.18e-11
P2             ***       ***  6.26e-15  6.26e-15

Temperature = 1.7e+03 K    Pressure = 1 atm

From\To         W1        W2        P1        P2
W1             ***       ***       ***       ***
W2             ***       ***       ***       ***
P1             ***       ***  5.18e-11  5.18e-11
P2             ***       ***  6.26e-15  6.26e-15

Temperature = 1.7e+03 K    Pressure = 10 atm

From\To         W1        W2        P1        P2
W1             ***       ***       ***       ***
W2             ***       ***       ***       ***
P1             ***       ***  5.19e-11  5.19e-11
P2             ***       ***  6.26e-15  6.26e-15

Temperature = 1.7e+03 K    Pressure = 100 atm

From\To         W1        W2        P1        P2
W1        6.58e+09  1.45e+09  5.34e+09 -2.14e+08
W2        2.03e+05  5.73e+09  3.97e+03  5.73e+09
P1        2.62e-10 -3.56e-12  2.65e-10  6.38e-12
P2       -1.91e-15   2.4e-10  7.71e-16   2.4e-10

Temperature = 1.8e+03 K

High Pressure Rate Coefficients:

From\To         W1        W2        P1        P2
W1             ***  1.26e+09  5.21e+09       ***
W2        2.44e+05       ***       ***  5.66e+09
P1        2.97e-10       ***       ***       ***
P2             ***   2.9e-10       ***       ***

Temperature = 1.8e+03 K    Pressure = 0.1 atm

From\To         W1        W2        P1        P2
W1             ***       ***       ***       ***
W2             ***       ***       ***       ***
P1             ***       ***  5.65e-11  5.65e-11
P2             ***       ***  9.81e-15  9.81e-15

Temperature = 1.8e+03 K    Pressure = 1 atm

From\To         W1        W2        P1        P2
W1             ***       ***       ***       ***
W2             ***       ***       ***       ***
P1             ***       ***  5.65e-11  5.65e-11
P2             ***       ***  9.81e-15  9.81e-15

Temperature = 1.8e+03 K    Pressure = 10 atm

From\To         W1        W2        P1        P2
W1             ***       ***       ***       ***
W2             ***       ***       ***       ***
P1             ***       ***  5.66e-11  5.66e-11
P2             ***       ***  9.82e-15  9.82e-15

Temperature = 1.8e+03 K    Pressure = 100 atm

From\To         W1        W2        P1        P2
W1        6.19e+09  1.45e+09  4.94e+09 -2.01e+08
W2        2.83e+05  5.17e+09  4.33e+03  5.17e+09
P1        2.68e-10 -4.06e-12   2.7e-10  6.79e-12
P2       -2.84e-15  2.46e-10  1.18e-15  2.46e-10

Temperature = 1.9e+03 K

High Pressure Rate Coefficients:

From\To         W1        W2        P1        P2
W1             ***  1.28e+09  4.81e+09       ***
W2        3.34e+05       ***       ***   5.1e+09
P1           3e-10       ***       ***       ***
P2             ***  2.93e-10       ***       ***

Temperature = 1.9e+03 K    Pressure = 0.1 atm

From\To         W1        W2        P1        P2
W1             ***       ***       ***       ***
W2             ***       ***       ***       ***
P1             ***       ***  6.13e-11  6.13e-11
P2             ***       ***  1.47e-14  1.47e-14

Temperature = 1.9e+03 K    Pressure = 1 atm

From\To         W1        W2        P1        P2
W1             ***       ***       ***       ***
W2             ***       ***       ***       ***
P1             ***       ***  6.13e-11  6.13e-11
P2             ***       ***  1.48e-14  1.48e-14

Temperature = 1.9e+03 K    Pressure = 10 atm

From\To         W1        W2        P1        P2
W1             ***       ***       ***       ***
W2             ***       ***       ***       ***
P1             ***       ***  6.14e-11  6.14e-11
P2             ***       ***  1.48e-14  1.48e-14

Temperature = 1.9e+03 K    Pressure = 100 atm

From\To         W1        W2        P1        P2
W1        5.84e+09  1.46e+09  4.58e+09 -1.89e+08
W2        3.81e+05  4.68e+09  4.67e+03  4.68e+09
P1        2.72e-10 -4.38e-12  2.75e-10  7.03e-12
P2       -4.04e-15  2.52e-10  1.69e-15  2.52e-10

Temperature = 2e+03 K

High Pressure Rate Coefficients:

From\To         W1        W2        P1        P2
W1             ***   1.3e+09  4.45e+09       ***
W2        4.44e+05       ***       ***   4.6e+09
P1        3.02e-10       ***       ***       ***
P2             ***  2.96e-10       ***       ***

Temperature = 2e+03 K    Pressure = 0.1 atm

From\To         W1        W2        P1        P2
W1             ***       ***       ***       ***
W2             ***       ***       ***       ***
P1             ***       ***  6.62e-11  6.62e-11
P2             ***       ***  2.14e-14  2.14e-14

Temperature = 2e+03 K    Pressure = 1 atm

From\To         W1        W2        P1        P2
W1             ***       ***       ***       ***
W2             ***       ***       ***       ***
P1             ***       ***  6.62e-11  6.62e-11
P2             ***       ***  2.14e-14  2.14e-14

Temperature = 2e+03 K    Pressure = 10 atm

From\To         W1        W2        P1        P2
W1             ***       ***       ***       ***
W2             ***       ***       ***       ***
P1             ***       ***  6.64e-11  6.64e-11
P2             ***       ***  2.14e-14  2.14e-14

Temperature = 2e+03 K    Pressure = 100 atm

From\To         W1        W2        P1        P2
W1        5.52e+09  1.46e+09  4.24e+09 -1.77e+08
W2        4.98e+05  4.25e+09  5.02e+03  4.25e+09
P1        2.76e-10 -4.56e-12  2.79e-10  7.16e-12
P2       -5.52e-15  2.57e-10  2.31e-15  2.57e-10

______________________________________________________________________________________

High Pressure Rate Coefficients (Temperature-Species Rate Tables):

Reactant = W1
   T(K)        W1        W2        P1        P2
    500       ***  7.04e+08     1e+10       ***
    600       ***  7.82e+08  1.12e+10       ***
    700       ***   8.5e+08  1.15e+10       ***
    800       ***  9.11e+08  1.12e+10       ***
    900       ***  9.66e+08  1.07e+10       ***
  1e+03       ***  1.01e+09     1e+10       ***
1.1e+03       ***  1.06e+09  9.28e+09       ***
1.2e+03       ***   1.1e+09  8.56e+09       ***
1.3e+03       ***  1.14e+09  7.88e+09       ***
1.4e+03       ***  1.17e+09  7.24e+09       ***
1.5e+03       ***   1.2e+09  6.66e+09       ***
1.6e+03       ***  1.22e+09  6.13e+09       ***
1.7e+03       ***  1.24e+09  5.64e+09       ***
1.8e+03       ***  1.26e+09  5.21e+09       ***
1.9e+03       ***  1.28e+09  4.81e+09       ***
  2e+03       ***   1.3e+09  4.45e+09       ***

Reactant = W2
   T(K)        W1        W2        P1        P2
    500     0.044       ***       ***  1.94e+10
    600       1.6       ***       ***  2.01e+10
    700      20.7       ***       ***  1.93e+10
    800       140       ***       ***  1.78e+10
    900       623       ***       ***   1.6e+10
  1e+03  2.05e+03       ***       ***  1.43e+10
1.1e+03  5.44e+03       ***       ***  1.27e+10
1.2e+03  1.23e+04       ***       ***  1.13e+10
1.3e+03  2.45e+04       ***       ***  9.98e+09
1.4e+03  4.42e+04       ***       ***  8.86e+09
1.5e+03  7.38e+04       ***       ***  7.89e+09
1.6e+03  1.16e+05       ***       ***  7.04e+09
1.7e+03  1.72e+05       ***       ***   6.3e+09
1.8e+03  2.44e+05       ***       ***  5.66e+09
1.9e+03  3.34e+05       ***       ***   5.1e+09
  2e+03  4.44e+05       ***       ***   4.6e+09

Reactant = P1
   T(K)        W1        W2        P1        P2
    500   2.4e-10       ***       ***       ***
    600  2.47e-10       ***       ***       ***
    700  2.54e-10       ***       ***       ***
    800   2.6e-10       ***       ***       ***
    900  2.65e-10       ***       ***       ***
  1e+03  2.69e-10       ***       ***       ***
1.1e+03  2.74e-10       ***       ***       ***
1.2e+03  2.78e-10       ***       ***       ***
1.3e+03  2.81e-10       ***       ***       ***
1.4e+03  2.85e-10       ***       ***       ***
1.5e+03  2.88e-10       ***       ***       ***
1.6e+03  2.91e-10       ***       ***       ***
1.7e+03  2.94e-10       ***       ***       ***
1.8e+03  2.97e-10       ***       ***       ***
1.9e+03     3e-10       ***       ***       ***
  2e+03  3.02e-10       ***       ***       ***

Reactant = P2
   T(K)        W1        W2        P1        P2
    500       ***  2.35e-10       ***       ***
    600       ***  2.42e-10       ***       ***
    700       ***  2.48e-10       ***       ***
    800       ***  2.54e-10       ***       ***
    900       ***  2.59e-10       ***       ***
  1e+03       ***  2.63e-10       ***       ***
1.1e+03       ***  2.68e-10       ***       ***
1.2e+03       ***  2.71e-10       ***       ***
1.3e+03       ***  2.75e-10       ***       ***
1.4e+03       ***  2.79e-10       ***       ***
1.5e+03       ***  2.82e-10       ***       ***
1.6e+03       ***  2.85e-10       ***       ***
1.7e+03       ***  2.88e-10       ***       ***
1.8e+03       ***   2.9e-10       ***       ***
1.9e+03       ***  2.93e-10       ***       ***
  2e+03       ***  2.96e-10       ***       ***

Capture/Escape Rate Coefficients:

   T(K)        W1        W2        P1        P2
    500  1.07e+10  1.94e+10   2.4e-10  2.35e-10
    600   1.2e+10  2.01e+10  2.47e-10  2.42e-10
    700  1.24e+10  1.93e+10  2.54e-10  2.48e-10
    800  1.22e+10  1.78e+10   2.6e-10  2.54e-10
    900  1.17e+10   1.6e+10  2.65e-10  2.59e-10
  1e+03   1.1e+10  1.43e+10  2.69e-10  2.63e-10
1.1e+03  1.03e+10  1.27e+10  2.74e-10  2.68e-10
1.2e+03  9.66e+09  1.13e+10  2.78e-10  2.71e-10
1.3e+03  9.01e+09  9.98e+09  2.81e-10  2.75e-10
1.4e+03  8.41e+09  8.86e+09  2.85e-10  2.79e-10
1.5e+03  7.85e+09  7.89e+09  2.88e-10  2.82e-10
1.6e+03  7.35e+09  7.04e+09  2.91e-10  2.85e-10
1.7e+03  6.89e+09   6.3e+09  2.94e-10  2.88e-10
1.8e+03  6.47e+09  5.66e+09  2.97e-10   2.9e-10
1.9e+03  6.09e+09   5.1e+09     3e-10  2.93e-10
  2e+03  5.75e+09  4.61e+09  3.02e-10  2.96e-10

______________________________________________________________________________________

Pressure-Species Rate Tables:

Reactant = W1   Temperature = 500 K

   P(atm)        W2        P1        P2      Loss
      0.1       ***       ***       ***       ***
        1       ***       ***       ***       ***
       10       ***       ***       ***       ***
      100       ***       ***       ***       ***
      O-O  7.04e+08     1e+10       ***  1.07e+10

Reactant = W1   Temperature = 600 K

   P(atm)        W2        P1        P2      Loss
      0.1       ***       ***       ***       ***
        1       ***       ***       ***       ***
       10       ***       ***       ***       ***
      100       ***       ***       ***       ***
      O-O  7.82e+08  1.12e+10       ***   1.2e+10

Reactant = W1   Temperature = 700 K

   P(atm)        W2        P1        P2      Loss
      0.1       ***       ***       ***       ***
        1       ***       ***       ***       ***
       10       ***       ***       ***       ***
      100       ***       ***       ***       ***
      O-O   8.5e+08  1.15e+10       ***  1.24e+10

Reactant = W1   Temperature = 800 K

   P(atm)        W2        P1        P2      Loss
      0.1       ***       ***       ***       ***
        1       ***       ***       ***       ***
       10       ***       ***       ***       ***
      100       ***       ***       ***       ***
      O-O  9.11e+08  1.12e+10       ***  1.22e+10

Reactant = W1   Temperature = 900 K

   P(atm)        W2        P1        P2      Loss
      0.1       ***       ***       ***       ***
        1       ***       ***       ***       ***
       10       ***       ***       ***       ***
      100       ***       ***       ***       ***
      O-O  9.66e+08  1.07e+10       ***  1.17e+10

Reactant = W1   Temperature = 1e+03 K

   P(atm)        W2        P1        P2      Loss
      0.1       ***       ***       ***       ***
        1       ***       ***       ***       ***
       10       ***       ***       ***       ***
      100       ***       ***       ***       ***
      O-O  1.01e+09     1e+10       ***   1.1e+10

Reactant = W1   Temperature = 1.1e+03 K

   P(atm)        W2        P1        P2      Loss
      0.1       ***       ***       ***       ***
        1       ***       ***       ***       ***
       10       ***       ***       ***       ***
      100       ***       ***       ***       ***
      O-O  1.06e+09  9.28e+09       ***  1.03e+10

Reactant = W1   Temperature = 1.2e+03 K

   P(atm)        W2        P1        P2      Loss
      0.1       ***       ***       ***       ***
        1       ***       ***       ***       ***
       10       ***       ***       ***       ***
      100  1.39e+09  8.01e+09 -2.77e+08  9.13e+09
      O-O   1.1e+09  8.56e+09       ***  9.66e+09

Reactant = W1   Temperature = 1.3e+03 K

   P(atm)        W2        P1        P2      Loss
      0.1       ***       ***       ***       ***
        1       ***       ***       ***       ***
       10       ***       ***       ***       ***
      100  1.41e+09  7.39e+09 -2.65e+08  8.53e+09
      O-O  1.14e+09  7.88e+09       ***  9.01e+09

Reactant = W1   Temperature = 1.4e+03 K

   P(atm)        W2        P1        P2      Loss
      0.1       ***       ***       ***       ***
        1       ***       ***       ***       ***
       10       ***       ***       ***       ***
      100  1.42e+09  6.81e+09 -2.53e+08  7.98e+09
      O-O  1.17e+09  7.24e+09       ***  8.41e+09

Reactant = W1   Temperature = 1.5e+03 K

   P(atm)        W2        P1        P2      Loss
      0.1       ***       ***       ***       ***
        1       ***       ***       ***       ***
       10       ***       ***       ***       ***
      100  1.43e+09  6.28e+09  -2.4e+08  7.47e+09
      O-O   1.2e+09  6.66e+09       ***  7.85e+09

Reactant = W1   Temperature = 1.6e+03 K

   P(atm)        W2        P1        P2      Loss
      0.1       ***       ***       ***       ***
        1       ***       ***       ***       ***
       10       ***       ***       ***       ***
      100  1.44e+09  5.79e+09 -2.27e+08  7.01e+09
      O-O  1.22e+09  6.13e+09       ***  7.35e+09

Reactant = W1   Temperature = 1.7e+03 K

   P(atm)        W2        P1        P2      Loss
      0.1       ***       ***       ***       ***
        1       ***       ***       ***       ***
       10       ***       ***       ***       ***
      100  1.45e+09  5.34e+09 -2.14e+08  6.58e+09
      O-O  1.24e+09  5.64e+09       ***  6.89e+09

Reactant = W1   Temperature = 1.8e+03 K

   P(atm)        W2        P1        P2      Loss
      0.1       ***       ***       ***       ***
        1       ***       ***       ***       ***
       10       ***       ***       ***       ***
      100  1.45e+09  4.94e+09 -2.01e+08  6.19e+09
      O-O  1.26e+09  5.21e+09       ***  6.47e+09

Reactant = W1   Temperature = 1.9e+03 K

   P(atm)        W2        P1        P2      Loss
      0.1       ***       ***       ***       ***
        1       ***       ***       ***       ***
       10       ***       ***       ***       ***
      100  1.46e+09  4.58e+09 -1.89e+08  5.84e+09
      O-O  1.28e+09  4.81e+09       ***  6.09e+09

Reactant = W1   Temperature = 2e+03 K

   P(atm)        W2        P1        P2      Loss
      0.1       ***       ***       ***       ***
        1       ***       ***       ***       ***
       10       ***       ***       ***       ***
      100  1.46e+09  4.24e+09 -1.77e+08  5.52e+09
      O-O   1.3e+09  4.45e+09       ***  5.75e+09

Reactant = W2   Temperature = 500 K

   P(atm)        W1        P1        P2      Loss
      0.1       ***       ***       ***       ***
        1       ***       ***       ***       ***
       10       ***       ***       ***       ***
      100       ***       ***       ***       ***
      O-O     0.044       ***  1.94e+10  1.94e+10

Reactant = W2   Temperature = 600 K

   P(atm)        W1        P1        P2      Loss
      0.1       ***       ***       ***       ***
        1       ***       ***       ***       ***
       10       ***       ***       ***       ***
      100       ***       ***       ***       ***
      O-O       1.6       ***  2.01e+10  2.01e+10

Reactant = W2   Temperature = 700 K

   P(atm)        W1        P1        P2      Loss
      0.1       ***       ***       ***       ***
        1       ***       ***       ***       ***
       10       ***       ***       ***       ***
      100       ***       ***       ***       ***
      O-O      20.7       ***  1.93e+10  1.93e+10

Reactant = W2   Temperature = 800 K

   P(atm)        W1        P1        P2      Loss
      0.1       ***       ***       ***       ***
        1       ***       ***       ***       ***
       10       ***       ***       ***       ***
      100       ***       ***       ***       ***
      O-O       140       ***  1.78e+10  1.78e+10

Reactant = W2   Temperature = 900 K

   P(atm)        W1        P1        P2      Loss
      0.1       ***       ***       ***       ***
        1       ***       ***       ***       ***
       10       ***       ***       ***       ***
      100       ***       ***       ***       ***
      O-O       623       ***   1.6e+10   1.6e+10

Reactant = W2   Temperature = 1e+03 K

   P(atm)        W1        P1        P2      Loss
      0.1       ***       ***       ***       ***
        1       ***       ***       ***       ***
       10       ***       ***       ***       ***
      100       ***       ***       ***       ***
      O-O  2.05e+03       ***  1.43e+10  1.43e+10

Reactant = W2   Temperature = 1.1e+03 K

   P(atm)        W1        P1        P2      Loss
      0.1       ***       ***       ***       ***
        1       ***       ***       ***       ***
       10       ***       ***       ***       ***
      100       ***       ***       ***       ***
      O-O  5.44e+03       ***  1.27e+10  1.27e+10

Reactant = W2   Temperature = 1.2e+03 K

   P(atm)        W1        P1        P2      Loss
      0.1       ***       ***       ***       ***
        1       ***       ***       ***       ***
       10       ***       ***       ***       ***
      100  1.61e+04  2.19e+03  9.95e+09  9.95e+09
      O-O  1.23e+04       ***  1.13e+10  1.13e+10

Reactant = W2   Temperature = 1.3e+03 K

   P(atm)        W1        P1        P2      Loss
      0.1       ***       ***       ***       ***
        1       ***       ***       ***       ***
       10       ***       ***       ***       ***
      100  3.17e+04  2.49e+03  8.88e+09  8.88e+09
      O-O  2.45e+04       ***  9.98e+09  9.98e+09

Reactant = W2   Temperature = 1.4e+03 K

   P(atm)        W1        P1        P2      Loss
      0.1       ***       ***       ***       ***
        1       ***       ***       ***       ***
       10       ***       ***       ***       ***
      100   5.6e+04  2.85e+03  7.93e+09  7.93e+09
      O-O  4.42e+04       ***  8.86e+09  8.86e+09

Reactant = W2   Temperature = 1.5e+03 K

   P(atm)        W1        P1        P2      Loss
      0.1       ***       ***       ***       ***
        1       ***       ***       ***       ***
       10       ***       ***       ***       ***
      100  9.13e+04  3.23e+03   7.1e+09   7.1e+09
      O-O  7.38e+04       ***  7.89e+09  7.89e+09

Reactant = W2   Temperature = 1.6e+03 K

   P(atm)        W1        P1        P2      Loss
      0.1       ***       ***       ***       ***
        1       ***       ***       ***       ***
       10       ***       ***       ***       ***
      100   1.4e+05   3.6e+03  6.37e+09  6.37e+09
      O-O  1.16e+05       ***  7.04e+09  7.04e+09

Reactant = W2   Temperature = 1.7e+03 K

   P(atm)        W1        P1        P2      Loss
      0.1       ***       ***       ***       ***
        1       ***       ***       ***       ***
       10       ***       ***       ***       ***
      100  2.03e+05  3.97e+03  5.73e+09  5.73e+09
      O-O  1.72e+05       ***   6.3e+09   6.3e+09

Reactant = W2   Temperature = 1.8e+03 K

   P(atm)        W1        P1        P2      Loss
      0.1       ***       ***       ***       ***
        1       ***       ***       ***       ***
       10       ***       ***       ***       ***
      100  2.83e+05  4.33e+03  5.17e+09  5.17e+09
      O-O  2.44e+05       ***  5.66e+09  5.66e+09

Reactant = W2   Temperature = 1.9e+03 K

   P(atm)        W1        P1        P2      Loss
      0.1       ***       ***       ***       ***
        1       ***       ***       ***       ***
       10       ***       ***       ***       ***
      100  3.81e+05  4.67e+03  4.68e+09  4.68e+09
      O-O  3.34e+05       ***   5.1e+09   5.1e+09

Reactant = W2   Temperature = 2e+03 K

   P(atm)        W1        P1        P2      Loss
      0.1       ***       ***       ***       ***
        1       ***       ***       ***       ***
       10       ***       ***       ***       ***
      100  4.98e+05  5.02e+03  4.25e+09  4.25e+09
      O-O  4.44e+05       ***   4.6e+09  4.61e+09

Reactant = P1   Temperature = 500 K

   P(atm)        W1        W2        P2      Loss
      0.1       ***       ***  1.56e-11  1.56e-11
        1       ***       ***  1.56e-11  1.56e-11
       10       ***       ***  1.56e-11  1.56e-11
      100       ***       ***  1.57e-11  1.57e-11
      O-O   2.4e-10       ***       ***   2.4e-10

Reactant = P1   Temperature = 600 K

   P(atm)        W1        W2        P2      Loss
      0.1       ***       ***   1.6e-11   1.6e-11
        1       ***       ***   1.6e-11   1.6e-11
       10       ***       ***   1.6e-11   1.6e-11
      100       ***       ***   1.6e-11   1.6e-11
      O-O  2.47e-10       ***       ***  2.47e-10

Reactant = P1   Temperature = 700 K

   P(atm)        W1        W2        P2      Loss
      0.1       ***       ***  1.73e-11  1.73e-11
        1       ***       ***  1.73e-11  1.73e-11
       10       ***       ***  1.73e-11  1.73e-11
      100       ***       ***  1.73e-11  1.73e-11
      O-O  2.54e-10       ***       ***  2.54e-10

Reactant = P1   Temperature = 800 K

   P(atm)        W1        W2        P2      Loss
      0.1       ***       ***  1.93e-11  1.93e-11
        1       ***       ***  1.93e-11  1.93e-11
       10       ***       ***  1.93e-11  1.93e-11
      100       ***       ***  1.93e-11  1.93e-11
      O-O   2.6e-10       ***       ***   2.6e-10

Reactant = P1   Temperature = 900 K

   P(atm)        W1        W2        P2      Loss
      0.1       ***       ***  2.17e-11  2.17e-11
        1       ***       ***  2.17e-11  2.17e-11
       10       ***       ***  2.17e-11  2.17e-11
      100       ***       ***  2.17e-11  2.17e-11
      O-O  2.65e-10       ***       ***  2.65e-10

Reactant = P1   Temperature = 1e+03 K

   P(atm)        W1        W2        P2      Loss
      0.1       ***       ***  2.45e-11  2.45e-11
        1       ***       ***  2.45e-11  2.45e-11
       10       ***       ***  2.45e-11  2.45e-11
      100       ***       ***  2.45e-11  2.45e-11
      O-O  2.69e-10       ***       ***  2.69e-10

Reactant = P1   Temperature = 1.1e+03 K

   P(atm)        W1        W2        P2      Loss
      0.1       ***       ***  2.76e-11  2.76e-11
        1       ***       ***  2.76e-11  2.76e-11
       10       ***       ***  2.76e-11  2.76e-11
      100       ***       ***  2.77e-11  2.77e-11
      O-O  2.74e-10       ***       ***  2.74e-10

Reactant = P1   Temperature = 1.2e+03 K

   P(atm)        W1        W2        P2      Loss
      0.1       ***       ***  3.11e-11  3.11e-11
        1       ***       ***  3.11e-11  3.11e-11
       10       ***       ***  3.11e-11  3.11e-11
      100  2.22e-10  1.12e-11 -7.21e-12  2.26e-10
      O-O  2.78e-10       ***       ***  2.78e-10

Reactant = P1   Temperature = 1.3e+03 K

   P(atm)        W1        W2        P2      Loss
      0.1       ***       ***  3.48e-11  3.48e-11
        1       ***       ***  3.48e-11  3.48e-11
       10       ***       ***  3.48e-11  3.48e-11
      100  2.33e-10  4.05e-12 -4.15e-13  2.37e-10
      O-O  2.81e-10       ***       ***  2.81e-10

Reactant = P1   Temperature = 1.4e+03 K

   P(atm)        W1        W2        P2      Loss
      0.1       ***       ***  3.87e-11  3.87e-11
        1       ***       ***  3.87e-11  3.87e-11
       10       ***       ***  3.87e-11  3.87e-11
      100  2.42e-10   4.8e-13  2.85e-12  2.46e-10
      O-O  2.85e-10       ***       ***  2.85e-10

Reactant = P1   Temperature = 1.5e+03 K

   P(atm)        W1        W2        P2      Loss
      0.1       ***       ***  4.29e-11  4.29e-11
        1       ***       ***  4.29e-11  4.29e-11
       10       ***       ***  4.29e-11  4.29e-11
      100   2.5e-10 -1.55e-12  4.66e-12  2.53e-10
      O-O  2.88e-10       ***       ***  2.88e-10

Reactant = P1   Temperature = 1.6e+03 K

   P(atm)        W1        W2        P2      Loss
      0.1       ***       ***  4.73e-11  4.73e-11
        1       ***       ***  4.73e-11  4.73e-11
       10       ***       ***  4.73e-11  4.73e-11
      100  2.57e-10 -2.78e-12  5.72e-12  2.59e-10
      O-O  2.91e-10       ***       ***  2.91e-10

Reactant = P1   Temperature = 1.7e+03 K

   P(atm)        W1        W2        P2      Loss
      0.1       ***       ***  5.18e-11  5.18e-11
        1       ***       ***  5.18e-11  5.18e-11
       10       ***       ***  5.19e-11  5.19e-11
      100  2.62e-10 -3.56e-12  6.38e-12  2.65e-10
      O-O  2.94e-10       ***       ***  2.94e-10

Reactant = P1   Temperature = 1.8e+03 K

   P(atm)        W1        W2        P2      Loss
      0.1       ***       ***  5.65e-11  5.65e-11
        1       ***       ***  5.65e-11  5.65e-11
       10       ***       ***  5.66e-11  5.66e-11
      100  2.68e-10 -4.06e-12  6.79e-12   2.7e-10
      O-O  2.97e-10       ***       ***  2.97e-10

Reactant = P1   Temperature = 1.9e+03 K

   P(atm)        W1        W2        P2      Loss
      0.1       ***       ***  6.13e-11  6.13e-11
        1       ***       ***  6.13e-11  6.13e-11
       10       ***       ***  6.14e-11  6.14e-11
      100  2.72e-10 -4.38e-12  7.03e-12  2.75e-10
      O-O     3e-10       ***       ***     3e-10

Reactant = P1   Temperature = 2e+03 K

   P(atm)        W1        W2        P2      Loss
      0.1       ***       ***  6.62e-11  6.62e-11
        1       ***       ***  6.62e-11  6.62e-11
       10       ***       ***  6.64e-11  6.64e-11
      100  2.76e-10 -4.56e-12  7.16e-12  2.79e-10
      O-O  3.02e-10       ***       ***  3.02e-10

Reactant = P2   Temperature = 500 K

   P(atm)        W1        W2        P1      Loss
      0.1       ***       ***   4.9e-22   4.9e-22
        1       ***       ***  4.91e-22  4.91e-22
       10       ***       ***  4.92e-22  4.92e-22
      100       ***       ***  4.93e-22  4.95e-22
      O-O       ***  2.35e-10       ***  2.35e-10

Reactant = P2   Temperature = 600 K

   P(atm)        W1        W2        P1      Loss
      0.1       ***       ***  1.78e-20  1.78e-20
        1       ***       ***  1.78e-20  1.78e-20
       10       ***       ***  1.78e-20  1.78e-20
      100       ***       ***  1.78e-20  1.78e-20
      O-O       ***  2.42e-10       ***  2.42e-10

Reactant = P2   Temperature = 700 K

   P(atm)        W1        W2        P1      Loss
      0.1       ***       ***  2.45e-19  2.45e-19
        1       ***       ***  2.45e-19  2.45e-19
       10       ***       ***  2.45e-19  2.45e-19
      100       ***       ***  2.45e-19  2.45e-19
      O-O       ***  2.48e-10       ***  2.48e-10

Reactant = P2   Temperature = 800 K

   P(atm)        W1        W2        P1      Loss
      0.1       ***       ***  1.83e-18  1.83e-18
        1       ***       ***  1.83e-18  1.83e-18
       10       ***       ***  1.83e-18  1.83e-18
      100       ***       ***  1.83e-18  1.83e-18
      O-O       ***  2.54e-10       ***  2.54e-10

Reactant = P2   Temperature = 900 K

   P(atm)        W1        W2        P1      Loss
      0.1       ***       ***   9.1e-18   9.1e-18
        1       ***       ***   9.1e-18   9.1e-18
       10       ***       ***   9.1e-18   9.1e-18
      100       ***       ***  9.11e-18  9.11e-18
      O-O       ***  2.59e-10       ***  2.59e-10

Reactant = P2   Temperature = 1e+03 K

   P(atm)        W1        W2        P1      Loss
      0.1       ***       ***  3.38e-17  3.38e-17
        1       ***       ***  3.38e-17  3.38e-17
       10       ***       ***  3.38e-17  3.38e-17
      100       ***       ***  3.38e-17  3.38e-17
      O-O       ***  2.63e-10       ***  2.63e-10

Reactant = P2   Temperature = 1.1e+03 K

   P(atm)        W1        W2        P1      Loss
      0.1       ***       ***  1.01e-16  1.01e-16
        1       ***       ***  1.01e-16  1.01e-16
       10       ***       ***  1.01e-16  1.01e-16
      100       ***       ***  1.01e-16  1.01e-16
      O-O       ***  2.68e-10       ***  2.68e-10

Reactant = P2   Temperature = 1.2e+03 K

   P(atm)        W1        W2        P1      Loss
      0.1       ***       ***  2.58e-16  2.58e-16
        1       ***       ***  2.58e-16  2.58e-16
       10       ***       ***  2.58e-16  2.58e-16
      100  -1.1e-18  1.95e-10 -5.99e-17  1.95e-10
      O-O       ***  2.71e-10       ***  2.71e-10

Reactant = P2   Temperature = 1.3e+03 K

   P(atm)        W1        W2        P1      Loss
      0.1       ***       ***  5.78e-16  5.78e-16
        1       ***       ***  5.78e-16  5.78e-16
       10       ***       ***  5.78e-16  5.78e-16
      100 -1.28e-16  2.06e-10  -6.9e-18  2.06e-10
      O-O       ***  2.75e-10       ***  2.75e-10

Reactant = P2   Temperature = 1.4e+03 K

   P(atm)        W1        W2        P1      Loss
      0.1       ***       ***  1.17e-15  1.17e-15
        1       ***       ***  1.17e-15  1.17e-15
       10       ***       ***  1.17e-15  1.17e-15
      100 -3.46e-16  2.16e-10  8.63e-17  2.16e-10
      O-O       ***  2.79e-10       ***  2.79e-10

Reactant = P2   Temperature = 1.5e+03 K

   P(atm)        W1        W2        P1      Loss
      0.1       ***       ***  2.18e-15  2.18e-15
        1       ***       ***  2.18e-15  2.18e-15
       10       ***       ***  2.19e-15  2.19e-15
      100 -6.91e-16  2.25e-10  2.37e-16  2.25e-10
      O-O       ***  2.82e-10       ***  2.82e-10

Reactant = P2   Temperature = 1.6e+03 K

   P(atm)        W1        W2        P1      Loss
      0.1       ***       ***   3.8e-15   3.8e-15
        1       ***       ***   3.8e-15   3.8e-15
       10       ***       ***  3.81e-15  3.81e-15
      100  -1.2e-15  2.33e-10  4.61e-16  2.33e-10
      O-O       ***  2.85e-10       ***  2.85e-10

Reactant = P2   Temperature = 1.7e+03 K

   P(atm)        W1        W2        P1      Loss
      0.1       ***       ***  6.26e-15  6.26e-15
        1       ***       ***  6.26e-15  6.26e-15
       10       ***       ***  6.26e-15  6.26e-15
      100 -1.91e-15   2.4e-10  7.71e-16   2.4e-10
      O-O       ***  2.88e-10       ***  2.88e-10

Reactant = P2   Temperature = 1.8e+03 K

   P(atm)        W1        W2        P1      Loss
      0.1       ***       ***  9.81e-15  9.81e-15
        1       ***       ***  9.81e-15  9.81e-15
       10       ***       ***  9.82e-15  9.82e-15
      100 -2.84e-15  2.46e-10  1.18e-15  2.46e-10
      O-O       ***   2.9e-10       ***   2.9e-10

Reactant = P2   Temperature = 1.9e+03 K

   P(atm)        W1        W2        P1      Loss
      0.1       ***       ***  1.47e-14  1.47e-14
        1       ***       ***  1.48e-14  1.48e-14
       10       ***       ***  1.48e-14  1.48e-14
      100 -4.04e-15  2.52e-10  1.69e-15  2.52e-10
      O-O       ***  2.93e-10       ***  2.93e-10

Reactant = P2   Temperature = 2e+03 K

   P(atm)        W1        W2        P1      Loss
      0.1       ***       ***  2.14e-14  2.14e-14
        1       ***       ***  2.14e-14  2.14e-14
       10       ***       ***  2.14e-14  2.14e-14
      100 -5.52e-15  2.57e-10  2.31e-15  2.57e-10
      O-O       ***  2.96e-10       ***  2.96e-10

______________________________________________________________________________________

Temperature-Species Rate Tables:

Reactant = W1   Pressure = 0.1 atm

   T(K)        W2        P1        P2      Loss   Capture
    500       ***       ***       ***       ***  1.07e+10
    600       ***       ***       ***       ***   1.2e+10
    700       ***       ***       ***       ***  1.24e+10
    800       ***       ***       ***       ***  1.22e+10
    900       ***       ***       ***       ***  1.17e+10
  1e+03       ***       ***       ***       ***   1.1e+10
1.1e+03       ***       ***       ***       ***  1.03e+10
1.2e+03       ***       ***       ***       ***  9.66e+09
1.3e+03       ***       ***       ***       ***  9.01e+09
1.4e+03       ***       ***       ***       ***  8.41e+09
1.5e+03       ***       ***       ***       ***  7.85e+09
1.6e+03       ***       ***       ***       ***  7.35e+09
1.7e+03       ***       ***       ***       ***  6.89e+09
1.8e+03       ***       ***       ***       ***  6.47e+09
1.9e+03       ***       ***       ***       ***  6.09e+09
  2e+03       ***       ***       ***       ***  5.75e+09

Reactant = W1   Pressure = 1 atm

   T(K)        W2        P1        P2      Loss   Capture
    500       ***       ***       ***       ***  1.07e+10
    600       ***       ***       ***       ***   1.2e+10
    700       ***       ***       ***       ***  1.24e+10
    800       ***       ***       ***       ***  1.22e+10
    900       ***       ***       ***       ***  1.17e+10
  1e+03       ***       ***       ***       ***   1.1e+10
1.1e+03       ***       ***       ***       ***  1.03e+10
1.2e+03       ***       ***       ***       ***  9.66e+09
1.3e+03       ***       ***       ***       ***  9.01e+09
1.4e+03       ***       ***       ***       ***  8.41e+09
1.5e+03       ***       ***       ***       ***  7.85e+09
1.6e+03       ***       ***       ***       ***  7.35e+09
1.7e+03       ***       ***       ***       ***  6.89e+09
1.8e+03       ***       ***       ***       ***  6.47e+09
1.9e+03       ***       ***       ***       ***  6.09e+09
  2e+03       ***       ***       ***       ***  5.75e+09

Reactant = W1   Pressure = 10 atm

   T(K)        W2        P1        P2      Loss   Capture
    500       ***       ***       ***       ***  1.07e+10
    600       ***       ***       ***       ***   1.2e+10
    700       ***       ***       ***       ***  1.24e+10
    800       ***       ***       ***       ***  1.22e+10
    900       ***       ***       ***       ***  1.17e+10
  1e+03       ***       ***       ***       ***   1.1e+10
1.1e+03       ***       ***       ***       ***  1.03e+10
1.2e+03       ***       ***       ***       ***  9.66e+09
1.3e+03       ***       ***       ***       ***  9.01e+09
1.4e+03       ***       ***       ***       ***  8.41e+09
1.5e+03       ***       ***       ***       ***  7.85e+09
1.6e+03       ***       ***       ***       ***  7.35e+09
1.7e+03       ***       ***       ***       ***  6.89e+09
1.8e+03       ***       ***       ***       ***  6.47e+09
1.9e+03       ***       ***       ***       ***  6.09e+09
  2e+03       ***       ***       ***       ***  5.75e+09

Reactant = W1   Pressure = 100 atm

   T(K)        W2        P1        P2      Loss   Capture
    500       ***       ***       ***       ***  1.07e+10
    600       ***       ***       ***       ***   1.2e+10
    700       ***       ***       ***       ***  1.24e+10
    800       ***       ***       ***       ***  1.22e+10
    900       ***       ***       ***       ***  1.17e+10
  1e+03       ***       ***       ***       ***   1.1e+10
1.1e+03       ***       ***       ***       ***  1.03e+10
1.2e+03  1.39e+09  8.01e+09 -2.77e+08  9.13e+09  9.66e+09
1.3e+03  1.41e+09  7.39e+09 -2.65e+08  8.53e+09  9.01e+09
1.4e+03  1.42e+09  6.81e+09 -2.53e+08  7.98e+09  8.41e+09
1.5e+03  1.43e+09  6.28e+09  -2.4e+08  7.47e+09  7.85e+09
1.6e+03  1.44e+09  5.79e+09 -2.27e+08  7.01e+09  7.35e+09
1.7e+03  1.45e+09  5.34e+09 -2.14e+08  6.58e+09  6.89e+09
1.8e+03  1.45e+09  4.94e+09 -2.01e+08  6.19e+09  6.47e+09
1.9e+03  1.46e+09  4.58e+09 -1.89e+08  5.84e+09  6.09e+09
  2e+03  1.46e+09  4.24e+09 -1.77e+08  5.52e+09  5.75e+09

Reactant = W2   Pressure = 0.1 atm

   T(K)        W1        P1        P2      Loss   Capture
    500       ***       ***       ***       ***  1.94e+10
    600       ***       ***       ***       ***  2.01e+10
    700       ***       ***       ***       ***  1.93e+10
    800       ***       ***       ***       ***  1.78e+10
    900       ***       ***       ***       ***   1.6e+10
  1e+03       ***       ***       ***       ***  1.43e+10
1.1e+03       ***       ***       ***       ***  1.27e+10
1.2e+03       ***       ***       ***       ***  1.13e+10
1.3e+03       ***       ***       ***       ***  9.98e+09
1.4e+03       ***       ***       ***       ***  8.86e+09
1.5e+03       ***       ***       ***       ***  7.89e+09
1.6e+03       ***       ***       ***       ***  7.04e+09
1.7e+03       ***       ***       ***       ***   6.3e+09
1.8e+03       ***       ***       ***       ***  5.66e+09
1.9e+03       ***       ***       ***       ***   5.1e+09
  2e+03       ***       ***       ***       ***  4.61e+09

Reactant = W2   Pressure = 1 atm

   T(K)        W1        P1        P2      Loss   Capture
    500       ***       ***       ***       ***  1.94e+10
    600       ***       ***       ***       ***  2.01e+10
    700       ***       ***       ***       ***  1.93e+10
    800       ***       ***       ***       ***  1.78e+10
    900       ***       ***       ***       ***   1.6e+10
  1e+03       ***       ***       ***       ***  1.43e+10
1.1e+03       ***       ***       ***       ***  1.27e+10
1.2e+03       ***       ***       ***       ***  1.13e+10
1.3e+03       ***       ***       ***       ***  9.98e+09
1.4e+03       ***       ***       ***       ***  8.86e+09
1.5e+03       ***       ***       ***       ***  7.89e+09
1.6e+03       ***       ***       ***       ***  7.04e+09
1.7e+03       ***       ***       ***       ***   6.3e+09
1.8e+03       ***       ***       ***       ***  5.66e+09
1.9e+03       ***       ***       ***       ***   5.1e+09
  2e+03       ***       ***       ***       ***  4.61e+09

Reactant = W2   Pressure = 10 atm

   T(K)        W1        P1        P2      Loss   Capture
    500       ***       ***       ***       ***  1.94e+10
    600       ***       ***       ***       ***  2.01e+10
    700       ***       ***       ***       ***  1.93e+10
    800       ***       ***       ***       ***  1.78e+10
    900       ***       ***       ***       ***   1.6e+10
  1e+03       ***       ***       ***       ***  1.43e+10
1.1e+03       ***       ***       ***       ***  1.27e+10
1.2e+03       ***       ***       ***       ***  1.13e+10
1.3e+03       ***       ***       ***       ***  9.98e+09
1.4e+03       ***       ***       ***       ***  8.86e+09
1.5e+03       ***       ***       ***       ***  7.89e+09
1.6e+03       ***       ***       ***       ***  7.04e+09
1.7e+03       ***       ***       ***       ***   6.3e+09
1.8e+03       ***       ***       ***       ***  5.66e+09
1.9e+03       ***       ***       ***       ***   5.1e+09
  2e+03       ***       ***       ***       ***  4.61e+09

Reactant = W2   Pressure = 100 atm

   T(K)        W1        P1        P2      Loss   Capture
    500       ***       ***       ***       ***  1.94e+10
    600       ***       ***       ***       ***  2.01e+10
    700       ***       ***       ***       ***  1.93e+10
    800       ***       ***       ***       ***  1.78e+10
    900       ***       ***       ***       ***   1.6e+10
  1e+03       ***       ***       ***       ***  1.43e+10
1.1e+03       ***       ***       ***       ***  1.27e+10
1.2e+03  1.61e+04  2.19e+03  9.95e+09  9.95e+09  1.13e+10
1.3e+03  3.17e+04  2.49e+03  8.88e+09  8.88e+09  9.98e+09
1.4e+03   5.6e+04  2.85e+03  7.93e+09  7.93e+09  8.86e+09
1.5e+03  9.13e+04  3.23e+03   7.1e+09   7.1e+09  7.89e+09
1.6e+03   1.4e+05   3.6e+03  6.37e+09  6.37e+09  7.04e+09
1.7e+03  2.03e+05  3.97e+03  5.73e+09  5.73e+09   6.3e+09
1.8e+03  2.83e+05  4.33e+03  5.17e+09  5.17e+09  5.66e+09
1.9e+03  3.81e+05  4.67e+03  4.68e+09  4.68e+09   5.1e+09
  2e+03  4.98e+05  5.02e+03  4.25e+09  4.25e+09  4.61e+09

Reactant = P1   Pressure = 0.1 atm

   T(K)        W1        W2        P2      Loss   Capture
    500       ***       ***  1.56e-11  1.56e-11   2.4e-10
    600       ***       ***   1.6e-11   1.6e-11  2.47e-10
    700       ***       ***  1.73e-11  1.73e-11  2.54e-10
    800       ***       ***  1.93e-11  1.93e-11   2.6e-10
    900       ***       ***  2.17e-11  2.17e-11  2.65e-10
  1e+03       ***       ***  2.45e-11  2.45e-11  2.69e-10
1.1e+03       ***       ***  2.76e-11  2.76e-11  2.74e-10
1.2e+03       ***       ***  3.11e-11  3.11e-11  2.78e-10
1.3e+03       ***       ***  3.48e-11  3.48e-11  2.81e-10
1.4e+03       ***       ***  3.87e-11  3.87e-11  2.85e-10
1.5e+03       ***       ***  4.29e-11  4.29e-11  2.88e-10
1.6e+03       ***       ***  4.73e-11  4.73e-11  2.91e-10
1.7e+03       ***       ***  5.18e-11  5.18e-11  2.94e-10
1.8e+03       ***       ***  5.65e-11  5.65e-11  2.97e-10
1.9e+03       ***       ***  6.13e-11  6.13e-11     3e-10
  2e+03       ***       ***  6.62e-11  6.62e-11  3.02e-10

Reactant = P1   Pressure = 1 atm

   T(K)        W1        W2        P2      Loss   Capture
    500       ***       ***  1.56e-11  1.56e-11   2.4e-10
    600       ***       ***   1.6e-11   1.6e-11  2.47e-10
    700       ***       ***  1.73e-11  1.73e-11  2.54e-10
    800       ***       ***  1.93e-11  1.93e-11   2.6e-10
    900       ***       ***  2.17e-11  2.17e-11  2.65e-10
  1e+03       ***       ***  2.45e-11  2.45e-11  2.69e-10
1.1e+03       ***       ***  2.76e-11  2.76e-11  2.74e-10
1.2e+03       ***       ***  3.11e-11  3.11e-11  2.78e-10
1.3e+03       ***       ***  3.48e-11  3.48e-11  2.81e-10
1.4e+03       ***       ***  3.87e-11  3.87e-11  2.85e-10
1.5e+03       ***       ***  4.29e-11  4.29e-11  2.88e-10
1.6e+03       ***       ***  4.73e-11  4.73e-11  2.91e-10
1.7e+03       ***       ***  5.18e-11  5.18e-11  2.94e-10
1.8e+03       ***       ***  5.65e-11  5.65e-11  2.97e-10
1.9e+03       ***       ***  6.13e-11  6.13e-11     3e-10
  2e+03       ***       ***  6.62e-11  6.62e-11  3.02e-10

Reactant = P1   Pressure = 10 atm

   T(K)        W1        W2        P2      Loss   Capture
    500       ***       ***  1.56e-11  1.56e-11   2.4e-10
    600       ***       ***   1.6e-11   1.6e-11  2.47e-10
    700       ***       ***  1.73e-11  1.73e-11  2.54e-10
    800       ***       ***  1.93e-11  1.93e-11   2.6e-10
    900       ***       ***  2.17e-11  2.17e-11  2.65e-10
  1e+03       ***       ***  2.45e-11  2.45e-11  2.69e-10
1.1e+03       ***       ***  2.76e-11  2.76e-11  2.74e-10
1.2e+03       ***       ***  3.11e-11  3.11e-11  2.78e-10
1.3e+03       ***       ***  3.48e-11  3.48e-11  2.81e-10
1.4e+03       ***       ***  3.87e-11  3.87e-11  2.85e-10
1.5e+03       ***       ***  4.29e-11  4.29e-11  2.88e-10
1.6e+03       ***       ***  4.73e-11  4.73e-11  2.91e-10
1.7e+03       ***       ***  5.19e-11  5.19e-11  2.94e-10
1.8e+03       ***       ***  5.66e-11  5.66e-11  2.97e-10
1.9e+03       ***       ***  6.14e-11  6.14e-11     3e-10
  2e+03       ***       ***  6.64e-11  6.64e-11  3.02e-10

Reactant = P1   Pressure = 100 atm

   T(K)        W1        W2        P2      Loss   Capture
    500       ***       ***  1.57e-11  1.57e-11   2.4e-10
    600       ***       ***   1.6e-11   1.6e-11  2.47e-10
    700       ***       ***  1.73e-11  1.73e-11  2.54e-10
    800       ***       ***  1.93e-11  1.93e-11   2.6e-10
    900       ***       ***  2.17e-11  2.17e-11  2.65e-10
  1e+03       ***       ***  2.45e-11  2.45e-11  2.69e-10
1.1e+03       ***       ***  2.77e-11  2.77e-11  2.74e-10
1.2e+03  2.22e-10  1.12e-11 -7.21e-12  2.26e-10  2.78e-10
1.3e+03  2.33e-10  4.05e-12 -4.15e-13  2.37e-10  2.81e-10
1.4e+03  2.42e-10   4.8e-13  2.85e-12  2.46e-10  2.85e-10
1.5e+03   2.5e-10 -1.55e-12  4.66e-12  2.53e-10  2.88e-10
1.6e+03  2.57e-10 -2.78e-12  5.72e-12  2.59e-10  2.91e-10
1.7e+03  2.62e-10 -3.56e-12  6.38e-12  2.65e-10  2.94e-10
1.8e+03  2.68e-10 -4.06e-12  6.79e-12   2.7e-10  2.97e-10
1.9e+03  2.72e-10 -4.38e-12  7.03e-12  2.75e-10     3e-10
  2e+03  2.76e-10 -4.56e-12  7.16e-12  2.79e-10  3.02e-10

Reactant = P2   Pressure = 0.1 atm

   T(K)        W1        W2        P1      Loss   Capture
    500       ***       ***   4.9e-22   4.9e-22  2.35e-10
    600       ***       ***  1.78e-20  1.78e-20  2.42e-10
    700       ***       ***  2.45e-19  2.45e-19  2.48e-10
    800       ***       ***  1.83e-18  1.83e-18  2.54e-10
    900       ***       ***   9.1e-18   9.1e-18  2.59e-10
  1e+03       ***       ***  3.38e-17  3.38e-17  2.63e-10
1.1e+03       ***       ***  1.01e-16  1.01e-16  2.68e-10
1.2e+03       ***       ***  2.58e-16  2.58e-16  2.71e-10
1.3e+03       ***       ***  5.78e-16  5.78e-16  2.75e-10
1.4e+03       ***       ***  1.17e-15  1.17e-15  2.79e-10
1.5e+03       ***       ***  2.18e-15  2.18e-15  2.82e-10
1.6e+03       ***       ***   3.8e-15   3.8e-15  2.85e-10
1.7e+03       ***       ***  6.26e-15  6.26e-15  2.88e-10
1.8e+03       ***       ***  9.81e-15  9.81e-15   2.9e-10
1.9e+03       ***       ***  1.47e-14  1.47e-14  2.93e-10
  2e+03       ***       ***  2.14e-14  2.14e-14  2.96e-10

Reactant = P2   Pressure = 1 atm

   T(K)        W1        W2        P1      Loss   Capture
    500       ***       ***  4.91e-22  4.91e-22  2.35e-10
    600       ***       ***  1.78e-20  1.78e-20  2.42e-10
    700       ***       ***  2.45e-19  2.45e-19  2.48e-10
    800       ***       ***  1.83e-18  1.83e-18  2.54e-10
    900       ***       ***   9.1e-18   9.1e-18  2.59e-10
  1e+03       ***       ***  3.38e-17  3.38e-17  2.63e-10
1.1e+03       ***       ***  1.01e-16  1.01e-16  2.68e-10
1.2e+03       ***       ***  2.58e-16  2.58e-16  2.71e-10
1.3e+03       ***       ***  5.78e-16  5.78e-16  2.75e-10
1.4e+03       ***       ***  1.17e-15  1.17e-15  2.79e-10
1.5e+03       ***       ***  2.18e-15  2.18e-15  2.82e-10
1.6e+03       ***       ***   3.8e-15   3.8e-15  2.85e-10
1.7e+03       ***       ***  6.26e-15  6.26e-15  2.88e-10
1.8e+03       ***       ***  9.81e-15  9.81e-15   2.9e-10
1.9e+03       ***       ***  1.48e-14  1.48e-14  2.93e-10
  2e+03       ***       ***  2.14e-14  2.14e-14  2.96e-10

Reactant = P2   Pressure = 10 atm

   T(K)        W1        W2        P1      Loss   Capture
    500       ***       ***  4.92e-22  4.92e-22  2.35e-10
    600       ***       ***  1.78e-20  1.78e-20  2.42e-10
    700       ***       ***  2.45e-19  2.45e-19  2.48e-10
    800       ***       ***  1.83e-18  1.83e-18  2.54e-10
    900       ***       ***   9.1e-18   9.1e-18  2.59e-10
  1e+03       ***       ***  3.38e-17  3.38e-17  2.63e-10
1.1e+03       ***       ***  1.01e-16  1.01e-16  2.68e-10
1.2e+03       ***       ***  2.58e-16  2.58e-16  2.71e-10
1.3e+03       ***       ***  5.78e-16  5.78e-16  2.75e-10
1.4e+03       ***       ***  1.17e-15  1.17e-15  2.79e-10
1.5e+03       ***       ***  2.19e-15  2.19e-15  2.82e-10
1.6e+03       ***       ***  3.81e-15  3.81e-15  2.85e-10
1.7e+03       ***       ***  6.26e-15  6.26e-15  2.88e-10
1.8e+03       ***       ***  9.82e-15  9.82e-15   2.9e-10
1.9e+03       ***       ***  1.48e-14  1.48e-14  2.93e-10
  2e+03       ***       ***  2.14e-14  2.14e-14  2.96e-10

Reactant = P2   Pressure = 100 atm

   T(K)        W1        W2        P1      Loss   Capture
    500       ***       ***  4.93e-22  4.95e-22  2.35e-10
    600       ***       ***  1.78e-20  1.78e-20  2.42e-10
    700       ***       ***  2.45e-19  2.45e-19  2.48e-10
    800       ***       ***  1.83e-18  1.83e-18  2.54e-10
    900       ***       ***  9.11e-18  9.11e-18  2.59e-10
  1e+03       ***       ***  3.38e-17  3.38e-17  2.63e-10
1.1e+03       ***       ***  1.01e-16  1.01e-16  2.68e-10
1.2e+03  -1.1e-18  1.95e-10 -5.99e-17  1.95e-10  2.71e-10
1.3e+03 -1.28e-16  2.06e-10  -6.9e-18  2.06e-10  2.75e-10
1.4e+03 -3.46e-16  2.16e-10  8.63e-17  2.16e-10  2.79e-10
1.5e+03 -6.91e-16  2.25e-10  2.37e-16  2.25e-10  2.82e-10
1.6e+03  -1.2e-15  2.33e-10  4.61e-16  2.33e-10  2.85e-10
1.7e+03 -1.91e-15   2.4e-10  7.71e-16   2.4e-10  2.88e-10
1.8e+03 -2.84e-15  2.46e-10  1.18e-15  2.46e-10   2.9e-10
1.9e+03 -4.04e-15  2.52e-10  1.69e-15  2.52e-10  2.93e-10
  2e+03 -5.52e-15  2.57e-10  2.31e-15  2.57e-10  2.96e-10

______________________________________________________________________________________

Temperature-Pressure Rate Tables:

W1->W2

P\T           500       600       700       800       900     1e+03   1.1e+03   1.2e+03   1.3e+03   1.4e+03   1.5e+03   1.6e+03   1.7e+03   1.8e+03   1.9e+03     2e+03
0.1           ***       ***       ***       ***       ***       ***       ***       ***       ***       ***       ***       ***       ***       ***       ***       ***
1             ***       ***       ***       ***       ***       ***       ***       ***       ***       ***       ***       ***       ***       ***       ***       ***
10            ***       ***       ***       ***       ***       ***       ***       ***       ***       ***       ***       ***       ***       ***       ***       ***
100           ***       ***       ***       ***       ***       ***       ***  1.39e+09  1.41e+09  1.42e+09  1.43e+09  1.44e+09  1.45e+09  1.45e+09  1.46e+09  1.46e+09
O-O      7.04e+08  7.82e+08   8.5e+08  9.11e+08  9.66e+08  1.01e+09  1.06e+09   1.1e+09  1.14e+09  1.17e+09   1.2e+09  1.22e+09  1.24e+09  1.26e+09  1.28e+09   1.3e+09

W1->P1

P\T           500       600       700       800       900     1e+03   1.1e+03   1.2e+03   1.3e+03   1.4e+03   1.5e+03   1.6e+03   1.7e+03   1.8e+03   1.9e+03     2e+03
0.1           ***       ***       ***       ***       ***       ***       ***       ***       ***       ***       ***       ***       ***       ***       ***       ***
1             ***       ***       ***       ***       ***       ***       ***       ***       ***       ***       ***       ***       ***       ***       ***       ***
10            ***       ***       ***       ***       ***       ***       ***       ***       ***       ***       ***       ***       ***       ***       ***       ***
100           ***       ***       ***       ***       ***       ***       ***  8.01e+09  7.39e+09  6.81e+09  6.28e+09  5.79e+09  5.34e+09  4.94e+09  4.58e+09  4.24e+09
O-O         1e+10  1.12e+10  1.15e+10  1.12e+10  1.07e+10     1e+10  9.28e+09  8.56e+09  7.88e+09  7.24e+09  6.66e+09  6.13e+09  5.64e+09  5.21e+09  4.81e+09  4.45e+09

W1->P2

P\T           500       600       700       800       900     1e+03   1.1e+03   1.2e+03   1.3e+03   1.4e+03   1.5e+03   1.6e+03   1.7e+03   1.8e+03   1.9e+03     2e+03
0.1           ***       ***       ***       ***       ***       ***       ***       ***       ***       ***       ***       ***       ***       ***       ***       ***
1             ***       ***       ***       ***       ***       ***       ***       ***       ***       ***       ***       ***       ***       ***       ***       ***
10            ***       ***       ***       ***       ***       ***       ***       ***       ***       ***       ***       ***       ***       ***       ***       ***
100           ***       ***       ***       ***       ***       ***       *** -2.77e+08 -2.65e+08 -2.53e+08  -2.4e+08 -2.27e+08 -2.14e+08 -2.01e+08 -1.89e+08 -1.77e+08
O-O           ***       ***       ***       ***       ***       ***       ***       ***       ***       ***       ***       ***       ***       ***       ***       ***

W2->W1

P\T           500       600       700       800       900     1e+03   1.1e+03   1.2e+03   1.3e+03   1.4e+03   1.5e+03   1.6e+03   1.7e+03   1.8e+03   1.9e+03     2e+03
0.1           ***       ***       ***       ***       ***       ***       ***       ***       ***       ***       ***       ***       ***       ***       ***       ***
1             ***       ***       ***       ***       ***       ***       ***       ***       ***       ***       ***       ***       ***       ***       ***       ***
10            ***       ***       ***       ***       ***       ***       ***       ***       ***       ***       ***       ***       ***       ***       ***       ***
100           ***       ***       ***       ***       ***       ***       ***  1.61e+04  3.17e+04   5.6e+04  9.13e+04   1.4e+05  2.03e+05  2.83e+05  3.81e+05  4.98e+05
O-O         0.044       1.6      20.7       140       623  2.05e+03  5.44e+03  1.23e+04  2.45e+04  4.42e+04  7.38e+04  1.16e+05  1.72e+05  2.44e+05  3.34e+05  4.44e+05

W2->P1

P\T           500       600       700       800       900     1e+03   1.1e+03   1.2e+03   1.3e+03   1.4e+03   1.5e+03   1.6e+03   1.7e+03   1.8e+03   1.9e+03     2e+03
0.1           ***       ***       ***       ***       ***       ***       ***       ***       ***       ***       ***       ***       ***       ***       ***       ***
1             ***       ***       ***       ***       ***       ***       ***       ***       ***       ***       ***       ***       ***       ***       ***       ***
10            ***       ***       ***       ***       ***       ***       ***       ***       ***       ***       ***       ***       ***       ***       ***       ***
100           ***       ***       ***       ***       ***       ***       ***  2.19e+03  2.49e+03  2.85e+03  3.23e+03   3.6e+03  3.97e+03  4.33e+03  4.67e+03  5.02e+03
O-O           ***       ***       ***       ***       ***       ***       ***       ***       ***       ***       ***       ***       ***       ***       ***       ***

W2->P2

P\T           500       600       700       800       900     1e+03   1.1e+03   1.2e+03   1.3e+03   1.4e+03   1.5e+03   1.6e+03   1.7e+03   1.8e+03   1.9e+03     2e+03
0.1           ***       ***       ***       ***       ***       ***       ***       ***       ***       ***       ***       ***       ***       ***       ***       ***
1             ***       ***       ***       ***       ***       ***       ***       ***       ***       ***       ***       ***       ***       ***       ***       ***
10            ***       ***       ***       ***       ***       ***       ***       ***       ***       ***       ***       ***       ***       ***       ***       ***
100           ***       ***       ***       ***       ***       ***       ***  9.95e+09  8.88e+09  7.93e+09   7.1e+09  6.37e+09  5.73e+09  5.17e+09  4.68e+09  4.25e+09
O-O      1.94e+10  2.01e+10  1.93e+10  1.78e+10   1.6e+10  1.43e+10  1.27e+10  1.13e+10  9.98e+09  8.86e+09  7.89e+09  7.04e+09   6.3e+09  5.66e+09   5.1e+09   4.6e+09

P1->W1

P\T           500       600       700       800       900     1e+03   1.1e+03   1.2e+03   1.3e+03   1.4e+03   1.5e+03   1.6e+03   1.7e+03   1.8e+03   1.9e+03     2e+03
0.1           ***       ***       ***       ***       ***       ***       ***       ***       ***       ***       ***       ***       ***       ***       ***       ***
1             ***       ***       ***       ***       ***       ***       ***       ***       ***       ***       ***       ***       ***       ***       ***       ***
10            ***       ***       ***       ***       ***       ***       ***       ***       ***       ***       ***       ***       ***       ***       ***       ***
100           ***       ***       ***       ***       ***       ***       ***  2.22e-10  2.33e-10  2.42e-10   2.5e-10  2.57e-10  2.62e-10  2.68e-10  2.72e-10  2.76e-10
O-O       2.4e-10  2.47e-10  2.54e-10   2.6e-10  2.65e-10  2.69e-10  2.74e-10  2.78e-10  2.81e-10  2.85e-10  2.88e-10  2.91e-10  2.94e-10  2.97e-10     3e-10  3.02e-10

P1->W2

P\T           500       600       700       800       900     1e+03   1.1e+03   1.2e+03   1.3e+03   1.4e+03   1.5e+03   1.6e+03   1.7e+03   1.8e+03   1.9e+03     2e+03
0.1           ***       ***       ***       ***       ***       ***       ***       ***       ***       ***       ***       ***       ***       ***       ***       ***
1             ***       ***       ***       ***       ***       ***       ***       ***       ***       ***       ***       ***       ***       ***       ***       ***
10            ***       ***       ***       ***       ***       ***       ***       ***       ***       ***       ***       ***       ***       ***       ***       ***
100           ***       ***       ***       ***       ***       ***       ***  1.12e-11  4.05e-12   4.8e-13 -1.55e-12 -2.78e-12 -3.56e-12 -4.06e-12 -4.38e-12 -4.56e-12
O-O           ***       ***       ***       ***       ***       ***       ***       ***       ***       ***       ***       ***       ***       ***       ***       ***

P1->P2

P\T           500       600       700       800       900     1e+03   1.1e+03   1.2e+03   1.3e+03   1.4e+03   1.5e+03   1.6e+03   1.7e+03   1.8e+03   1.9e+03     2e+03
0.1      1.56e-11   1.6e-11  1.73e-11  1.93e-11  2.17e-11  2.45e-11  2.76e-11  3.11e-11  3.48e-11  3.87e-11  4.29e-11  4.73e-11  5.18e-11  5.65e-11  6.13e-11  6.62e-11
1        1.56e-11   1.6e-11  1.73e-11  1.93e-11  2.17e-11  2.45e-11  2.76e-11  3.11e-11  3.48e-11  3.87e-11  4.29e-11  4.73e-11  5.18e-11  5.65e-11  6.13e-11  6.62e-11
10       1.56e-11   1.6e-11  1.73e-11  1.93e-11  2.17e-11  2.45e-11  2.76e-11  3.11e-11  3.48e-11  3.87e-11  4.29e-11  4.73e-11  5.19e-11  5.66e-11  6.14e-11  6.64e-11
100      1.57e-11   1.6e-11  1.73e-11  1.93e-11  2.17e-11  2.45e-11  2.77e-11 -7.21e-12 -4.15e-13  2.85e-12  4.66e-12  5.72e-12  6.38e-12  6.79e-12  7.03e-12  7.16e-12
O-O           ***       ***       ***       ***       ***       ***       ***       ***       ***       ***       ***       ***       ***       ***       ***       ***

P2->W1

P\T           500       600       700       800       900     1e+03   1.1e+03   1.2e+03   1.3e+03   1.4e+03   1.5e+03   1.6e+03   1.7e+03   1.8e+03   1.9e+03     2e+03
0.1           ***       ***       ***       ***       ***       ***       ***       ***       ***       ***       ***       ***       ***       ***       ***       ***
1             ***       ***       ***       ***       ***       ***       ***       ***       ***       ***       ***       ***       ***       ***       ***       ***
10            ***       ***       ***       ***       ***       ***       ***       ***       ***       ***       ***       ***       ***       ***       ***       ***
100           ***       ***       ***       ***       ***       ***       ***  -1.1e-18 -1.28e-16 -3.46e-16 -6.91e-16  -1.2e-15 -1.91e-15 -2.84e-15 -4.04e-15 -5.52e-15
O-O           ***       ***       ***       ***       ***       ***       ***       ***       ***       ***       ***       ***       ***       ***       ***       ***

P2->W2

P\T           500       600       700       800       900     1e+03   1.1e+03   1.2e+03   1.3e+03   1.4e+03   1.5e+03   1.6e+03   1.7e+03   1.8e+03   1.9e+03     2e+03
0.1           ***       ***       ***       ***       ***       ***       ***       ***       ***       ***       ***       ***       ***       ***       ***       ***
1             ***       ***       ***       ***       ***       ***       ***       ***       ***       ***       ***       ***       ***       ***       ***       ***
10            ***       ***       ***       ***       ***       ***       ***       ***       ***       ***       ***       ***       ***       ***       ***       ***
100           ***       ***       ***       ***       ***       ***       ***  1.95e-10  2.06e-10  2.16e-10  2.25e-10  2.33e-10   2.4e-10  2.46e-10  2.52e-10  2.57e-10
O-O      2.35e-10  2.42e-10  2.48e-10  2.54e-10  2.59e-10  2.63e-10  2.68e-10  2.71e-10  2.75e-10  2.79e-10  2.82e-10  2.85e-10  2.88e-10   2.9e-10  2.93e-10  2.96e-10

P2->P1

P\T           500       600       700       800       900     1e+03   1.1e+03   1.2e+03   1.3e+03   1.4e+03   1.5e+03   1.6e+03   1.7e+03   1.8e+03   1.9e+03     2e+03
0.1       4.9e-22  1.78e-20  2.45e-19  1.83e-18   9.1e-18  3.38e-17  1.01e-16  2.58e-16  5.78e-16  1.17e-15  2.18e-15   3.8e-15  6.26e-15  9.81e-15  1.47e-14  2.14e-14
1        4.91e-22  1.78e-20  2.45e-19  1.83e-18   9.1e-18  3.38e-17  1.01e-16  2.58e-16  5.78e-16  1.17e-15  2.18e-15   3.8e-15  6.26e-15  9.81e-15  1.48e-14  2.14e-14
10       4.92e-22  1.78e-20  2.45e-19  1.83e-18   9.1e-18  3.38e-17  1.01e-16  2.58e-16  5.78e-16  1.17e-15  2.19e-15  3.81e-15  6.26e-15  9.82e-15  1.48e-14  2.14e-14
100      4.93e-22  1.78e-20  2.45e-19  1.83e-18  9.11e-18  3.38e-17  1.01e-16 -5.99e-17  -6.9e-18  8.63e-17  2.37e-16  4.61e-16  7.71e-16  1.18e-15  1.69e-15  2.31e-15
O-O           ***       ***       ***       ***       ***       ***       ***       ***       ***       ***       ***       ***       ***       ***       ***       ***

W1-> 

P\T           500       600       700       800       900     1e+03   1.1e+03   1.2e+03   1.3e+03   1.4e+03   1.5e+03   1.6e+03   1.7e+03   1.8e+03   1.9e+03     2e+03
0.1           ***       ***       ***       ***       ***       ***       ***       ***       ***       ***       ***       ***       ***       ***       ***       ***
1             ***       ***       ***       ***       ***       ***       ***       ***       ***       ***       ***       ***       ***       ***       ***       ***
10            ***       ***       ***       ***       ***       ***       ***       ***       ***       ***       ***       ***       ***       ***       ***       ***
100           ***       ***       ***       ***       ***       ***       ***  9.13e+09  8.53e+09  7.98e+09  7.47e+09  7.01e+09  6.58e+09  6.19e+09  5.84e+09  5.52e+09
O-O      1.07e+10   1.2e+10  1.24e+10  1.22e+10  1.17e+10   1.1e+10  1.03e+10  9.66e+09  9.01e+09  8.41e+09  7.85e+09  7.35e+09  6.89e+09  6.47e+09  6.09e+09  5.75e+09

W2-> 

P\T           500       600       700       800       900     1e+03   1.1e+03   1.2e+03   1.3e+03   1.4e+03   1.5e+03   1.6e+03   1.7e+03   1.8e+03   1.9e+03     2e+03
0.1           ***       ***       ***       ***       ***       ***       ***       ***       ***       ***       ***       ***       ***       ***       ***       ***
1             ***       ***       ***       ***       ***       ***       ***       ***       ***       ***       ***       ***       ***       ***       ***       ***
10            ***       ***       ***       ***       ***       ***       ***       ***       ***       ***       ***       ***       ***       ***       ***       ***
100           ***       ***       ***       ***       ***       ***       ***  9.95e+09  8.88e+09  7.93e+09   7.1e+09  6.37e+09  5.73e+09  5.17e+09  4.68e+09  4.25e+09
O-O      1.94e+10  2.01e+10  1.93e+10  1.78e+10   1.6e+10  1.43e+10  1.27e+10  1.13e+10  9.98e+09  8.86e+09  7.89e+09  7.04e+09   6.3e+09  5.66e+09   5.1e+09  4.61e+09

P1-> 

P\T           500       600       700       800       900     1e+03   1.1e+03   1.2e+03   1.3e+03   1.4e+03   1.5e+03   1.6e+03   1.7e+03   1.8e+03   1.9e+03     2e+03
0.1      1.56e-11   1.6e-11  1.73e-11  1.93e-11  2.17e-11  2.45e-11  2.76e-11  3.11e-11  3.48e-11  3.87e-11  4.29e-11  4.73e-11  5.18e-11  5.65e-11  6.13e-11  6.62e-11
1        1.56e-11   1.6e-11  1.73e-11  1.93e-11  2.17e-11  2.45e-11  2.76e-11  3.11e-11  3.48e-11  3.87e-11  4.29e-11  4.73e-11  5.18e-11  5.65e-11  6.13e-11  6.62e-11
10       1.56e-11   1.6e-11  1.73e-11  1.93e-11  2.17e-11  2.45e-11  2.76e-11  3.11e-11  3.48e-11  3.87e-11  4.29e-11  4.73e-11  5.19e-11  5.66e-11  6.14e-11  6.64e-11
100      1.57e-11   1.6e-11  1.73e-11  1.93e-11  2.17e-11  2.45e-11  2.77e-11  2.26e-10  2.37e-10  2.46e-10  2.53e-10  2.59e-10  2.65e-10   2.7e-10  2.75e-10  2.79e-10
O-O       2.4e-10  2.47e-10  2.54e-10   2.6e-10  2.65e-10  2.69e-10  2.74e-10  2.78e-10  2.81e-10  2.85e-10  2.88e-10  2.91e-10  2.94e-10  2.97e-10     3e-10  3.02e-10

P2-> 

P\T           500       600       700       800       900     1e+03   1.1e+03   1.2e+03   1.3e+03   1.4e+03   1.5e+03   1.6e+03   1.7e+03   1.8e+03   1.9e+03     2e+03
0.1       4.9e-22  1.78e-20  2.45e-19  1.83e-18   9.1e-18  3.38e-17  1.01e-16  2.58e-16  5.78e-16  1.17e-15  2.18e-15   3.8e-15  6.26e-15  9.81e-15  1.47e-14  2.14e-14
1        4.91e-22  1.78e-20  2.45e-19  1.83e-18   9.1e-18  3.38e-17  1.01e-16  2.58e-16  5.78e-16  1.17e-15  2.18e-15   3.8e-15  6.26e-15  9.81e-15  1.48e-14  2.14e-14
10       4.92e-22  1.78e-20  2.45e-19  1.83e-18   9.1e-18  3.38e-17  1.01e-16  2.58e-16  5.78e-16  1.17e-15  2.19e-15  3.81e-15  6.26e-15  9.82e-15  1.48e-14  2.14e-14
100      4.95e-22  1.78e-20  2.45e-19  1.83e-18  9.11e-18  3.38e-17  1.01e-16  1.95e-10  2.06e-10  2.16e-10  2.25e-10  2.33e-10   2.4e-10  2.46e-10  2.52e-10  2.57e-10
O-O      2.35e-10  2.42e-10  2.48e-10  2.54e-10  2.59e-10  2.63e-10  2.68e-10  2.71e-10  2.75e-10  2.79e-10  2.82e-10  2.85e-10  2.88e-10   2.9e-10  2.93e-10  2.96e-10

