Wells (G - ground energy, D - dissociation limit, kcal/mol):
                            W         G         D
                C5O2nexammeze         0      1.28
      FakeW-C5H6O(645)z+OH(4)       -26       -23

Bimolecular Products (G - ground energy, kcal/mol):
                      P         G
      C5H6O(645)z+OH(4)       -23

Well-to-Bimolecular Barriers (H/G - barrier height/well depth, kcal/mol)
                            B         H                       W         G                 P
      FakeB-C5H6O(645)z+OH(4)       -23 FakeW-C5H6O(645)z+OH(4)       -26 C5H6O(645)z+OH(4)

Well-to-Well Barriers (H/G - barrier height/well depth, kcal/mol):
            B         H                      W1        G1                      W2        G2
      ts_3_45      1.28           C5O2nexammeze         0 FakeW-C5H6O(645)z+OH(4)       -26

Bound Groups: dissociation barrier (name/ground energy, kcal/mol): wells (name/ground energy, kcal/mol):
     C1/-23:  FakeW-C5H6O(645)z+OH(4)/-26

     B1/1.28:  C5O2nexammeze/0

________________________________________________________________________________________

Names Translation Tables (<short name> - <original name>):
Wells:
   W1 - C5O2nexammeze
   W2 - FakeW-C5H6O(645)z+OH(4)
Bimolecular products:
   P1 - C5H6O(645)z+OH(4)
Inner Barriers:
   B1 - ts_3_45
Outer Barriers:
   C1 - FakeB-C5H6O(645)z+OH(4)
Unimolecular Rate Units: 1/sec;  Bimolecular Rate Units: cm^3/sec

______________________________________________________________________________________

Species-Species Rate Tables:

Temperature = 500 K

High Pressure Rate Coefficients:

From\To         W1        W2        P1
W1             ***   2.1e+12       ***
W2        0.000146       ***  1.62e+10
P1             ***  2.41e-10       ***

Temperature = 500 K    Pressure = 0.1 atm

From\To         W1        W2        P1
W1        3.33e+10 -2.66e+07  3.33e+10
W2        2.24e-12  2.19e+09  2.19e+09
P1        3.31e-26  3.25e-11  3.25e-11

Temperature = 500 K    Pressure = 1 atm

From\To         W1        W2        P1
W1         9.8e+10 -2.34e+08  9.82e+10
W2         3.3e-10  4.56e+09  4.56e+09
P1        1.01e-25  6.78e-11  6.78e-11

Temperature = 500 K    Pressure = 10 atm

From\To         W1        W2        P1
W1        2.44e+11  2.53e+09  2.41e+11
W2        2.74e-07   8.6e+09   8.6e+09
P1        2.49e-25  1.28e-10  1.28e-10

Temperature = 500 K    Pressure = 100 atm

From\To         W1        W2        P1
W1        5.12e+11  2.41e+11  2.71e+11
W2        1.69e-05  1.39e+10  1.39e+10
P1         2.8e-25  2.07e-10  2.07e-10

Temperature = 600 K

High Pressure Rate Coefficients:

From\To         W1        W2        P1
W1             ***   2.6e+12       ***
W2         0.00945       ***  1.81e+10
P1             ***  2.48e-10       ***

Temperature = 600 K    Pressure = 0.1 atm

From\To         W1        W2        P1
W1        2.73e+10 -1.73e+07  2.73e+10
W2        5.95e-10  2.92e+09  2.92e+09
P1         1.3e-24  3.98e-11  3.98e-11

Temperature = 600 K    Pressure = 1 atm

From\To         W1        W2        P1
W1        8.03e+10 -1.46e+08  8.05e+10
W2        5.56e-08  5.56e+09  5.56e+09
P1        3.96e-24  7.62e-11  7.62e-11

Temperature = 600 K    Pressure = 10 atm

From\To         W1        W2        P1
W1        2.05e+11  3.59e+09  2.01e+11
W2        1.67e-05  9.62e+09  9.62e+09
P1        9.98e-24  1.32e-10  1.32e-10

Temperature = 600 K    Pressure = 100 atm

From\To         W1        W2        P1
W1        4.47e+11  2.06e+11  2.41e+11
W2        0.000753  1.52e+10  1.52e+10
P1         1.2e-23  2.08e-10  2.08e-10

Temperature = 700 K

High Pressure Rate Coefficients:

From\To         W1        W2        P1
W1             ***  3.04e+12       ***
W2           0.181       ***  1.85e+10
P1             ***  2.54e-10       ***

Temperature = 700 K    Pressure = 0.1 atm

From\To         W1        W2        P1
W1        1.99e+10 -9.37e+06  1.99e+10
W2         6.8e-09  3.33e+09  3.33e+09
P1        1.57e-23  4.55e-11  4.55e-11

Temperature = 700 K    Pressure = 1 atm

From\To         W1        W2        P1
W1        5.95e+10 -5.01e+07  5.96e+10
W2        2.58e-06  6.05e+09  6.05e+09
P1        4.82e-23  8.29e-11  8.29e-11

Temperature = 700 K    Pressure = 10 atm

From\To         W1        W2        P1
W1        1.56e+11  5.15e+09  1.51e+11
W2        0.000343  9.94e+09  9.94e+09
P1        1.23e-22  1.36e-10  1.36e-10

Temperature = 700 K    Pressure = 100 atm

From\To         W1        W2        P1
W1        3.57e+11  1.71e+11  1.86e+11
W2          0.0102  1.53e+10  1.53e+10
P1        1.52e-22   2.1e-10   2.1e-10

Temperature = 800 K

High Pressure Rate Coefficients:

From\To         W1        W2        P1
W1             ***  3.44e+12       ***
W2            1.64       ***  1.81e+10
P1             ***   2.6e-10       ***

Temperature = 800 K    Pressure = 0.1 atm

From\To         W1        W2        P1
W1        1.54e+10 -4.66e+06  1.54e+10
W2        6.96e-07  3.35e+09  3.35e+09
P1        1.01e-22  4.79e-11  4.79e-11

Temperature = 800 K    Pressure = 1 atm

From\To         W1        W2        P1
W1        4.62e+10  4.41e+07  4.62e+10
W2        5.08e-05  5.95e+09  5.95e+09
P1        3.13e-22  8.53e-11  8.53e-11

Temperature = 800 K    Pressure = 10 atm

From\To         W1        W2        P1
W1        1.24e+11  7.12e+09  1.17e+11
W2         0.00359  9.57e+09  9.57e+09
P1        7.94e-22  1.37e-10  1.37e-10

Temperature = 800 K    Pressure = 100 atm

From\To         W1        W2        P1
W1        2.91e+11  1.47e+11  1.44e+11
W2          0.0704  1.47e+10  1.47e+10
P1        9.81e-22  2.11e-10  2.11e-10

Temperature = 900 K

High Pressure Rate Coefficients:

From\To         W1        W2        P1
W1             ***  3.79e+12       ***
W2            8.97       ***  1.72e+10
P1             ***  2.65e-10       ***

Temperature = 900 K    Pressure = 0.1 atm

From\To         W1        W2        P1
W1        1.18e+10  1.41e+06  1.18e+10
W2        1.32e-05  3.39e+09  3.39e+09
P1        4.14e-22  5.18e-11  5.18e-11

Temperature = 900 K    Pressure = 1 atm

From\To         W1        W2        P1
W1        3.57e+10  2.61e+08  3.55e+10
W2        0.000719  5.86e+09  5.86e+09
P1        1.28e-21     9e-11     9e-11

Temperature = 900 K    Pressure = 10 atm

From\To         W1        W2        P1
W1        9.72e+10  1.06e+10  8.66e+10
W2          0.0257  9.19e+09  9.19e+09
P1        3.14e-21  1.41e-10  1.41e-10

Temperature = 900 K    Pressure = 100 atm

From\To         W1        W2        P1
W1        2.35e+11  1.31e+11  1.03e+11
W2           0.312  1.38e+10  1.38e+10
P1        3.75e-21  2.13e-10  2.13e-10

Temperature = 1e+03 K

High Pressure Rate Coefficients:

From\To         W1        W2        P1
W1             ***  4.11e+12       ***
W2            34.7       ***  1.61e+10
P1             ***   2.7e-10       ***

Temperature = 1e+03 K    Pressure = 0.1 atm

From\To         W1        W2        P1
W1        9.25e+09  4.67e+07   9.2e+09
W2        0.000449  3.23e+09  3.23e+09
P1        1.26e-21  5.38e-11  5.38e-11

Temperature = 1e+03 K    Pressure = 1 atm

From\To         W1        W2        P1
W1        2.82e+10  1.12e+09  2.71e+10
W2         0.00971  5.52e+09  5.52e+09
P1        3.79e-21  9.23e-11  9.23e-11

Temperature = 1e+03 K    Pressure = 10 atm

From\To         W1        W2        P1
W1        7.78e+10  1.57e+10  6.21e+10
W2           0.134  8.55e+09  8.55e+09
P1        8.75e-21  1.43e-10  1.43e-10

Temperature = 1e+03 K    Pressure = 100 atm

From\To         W1        W2        P1
W1        1.92e+11   1.2e+11   7.2e+10
W2            1.01  1.28e+10  1.28e+10
P1        1.02e-20  2.14e-10  2.14e-10

Temperature = 1.1e+03 K

High Pressure Rate Coefficients:

From\To         W1        W2        P1
W1             ***  4.41e+12       ***
W2             105       ***   1.5e+10
P1             ***  2.74e-10       ***

Temperature = 1.1e+03 K    Pressure = 0.1 atm

From\To         W1        W2        P1
W1        7.61e+09     4e+08  7.21e+09
W2          0.0099  3.16e+09  3.16e+09
P1        3.03e-21  5.75e-11  5.75e-11

Temperature = 1.1e+03 K    Pressure = 1 atm

From\To         W1        W2        P1
W1        2.33e+10  4.07e+09  1.92e+10
W2          0.0975  5.29e+09  5.29e+09
P1        8.26e-21  9.69e-11  9.69e-11

Temperature = 1.1e+03 K    Pressure = 10 atm

From\To         W1        W2        P1
W1        6.46e+10  2.51e+10  3.96e+10
W2           0.596  8.05e+09  8.05e+09
P1        1.72e-20  1.48e-10  1.48e-10

Temperature = 1.1e+03 K    Pressure = 100 atm

From\To         W1        W2        P1
W1        1.62e+11  1.16e+11  4.59e+10
W2            2.75  1.19e+10  1.19e+10
P1           2e-20  2.17e-10  2.17e-10

Temperature = 1.2e+03 K

High Pressure Rate Coefficients:

From\To         W1        W2        P1
W1             ***  4.68e+12       ***
W2             261       ***  1.38e+10
P1             ***  2.78e-10       ***

Temperature = 1.2e+03 K    Pressure = 0.1 atm

From\To         W1        W2        P1
W1        6.69e+09  1.35e+09  5.34e+09
W2          0.0766  3.01e+09  3.01e+09
P1        5.82e-21  6.02e-11  6.02e-11

Temperature = 1.2e+03 K    Pressure = 1 atm

From\To         W1        W2        P1
W1        2.03e+10  8.33e+09   1.2e+10
W2           0.466  4.98e+09  4.98e+09
P1        1.34e-20     1e-10     1e-10

Temperature = 1.2e+03 K    Pressure = 10 atm

From\To         W1        W2        P1
W1        5.67e+10  3.47e+10   2.2e+10
W2            1.94  7.48e+09  7.48e+09
P1        2.47e-20  1.51e-10  1.51e-10

Temperature = 1.2e+03 K    Pressure = 100 atm

From\To         W1        W2        P1
W1        1.43e+11  1.15e+11  2.74e+10
W2            6.43  1.09e+10  1.09e+10
P1        3.08e-20   2.2e-10   2.2e-10

Temperature = 1.3e+03 K

High Pressure Rate Coefficients:

From\To         W1        W2        P1
W1             ***  4.94e+12       ***
W2             566       ***  1.27e+10
P1             ***  2.82e-10       ***

Temperature = 1.3e+03 K    Pressure = 0.1 atm

From\To         W1        W2        P1
W1        5.57e+09  2.39e+09  3.18e+09
W2           0.276   2.8e+09   2.8e+09
P1        7.88e-21  6.17e-11  6.17e-11

Temperature = 1.3e+03 K    Pressure = 1 atm

From\To         W1        W2        P1
W1         1.7e+10  1.09e+10  6.13e+09
W2            1.24  4.59e+09  4.59e+09
P1        1.55e-20  1.02e-10  1.02e-10

Temperature = 1.3e+03 K    Pressure = 10 atm

From\To         W1        W2        P1
W1        4.77e+10  3.76e+10  1.01e+10
W2            4.31  6.86e+09  6.86e+09
P1        2.56e-20  1.52e-10  1.52e-10

Temperature = 1.3e+03 K    Pressure = 100 atm

From\To         W1        W2        P1
W1        1.21e+11  1.08e+11  1.39e+10
W2            12.3  9.96e+09  9.96e+09
P1        3.54e-20  2.21e-10  2.21e-10

Temperature = 1.4e+03 K

High Pressure Rate Coefficients:

From\To         W1        W2        P1
W1             ***  5.19e+12       ***
W2         1.1e+03       ***  1.17e+10
P1             ***  2.86e-10       ***

Temperature = 1.4e+03 K    Pressure = 0.1 atm

From\To         W1        W2        P1
W1        5.06e+09  3.29e+09  1.77e+09
W2           0.696  2.62e+09  2.62e+09
P1        9.04e-21  6.37e-11  6.37e-11

Temperature = 1.4e+03 K    Pressure = 1 atm

From\To         W1        W2        P1
W1        1.53e+10  1.23e+10  3.06e+09
W2             2.6  4.28e+09  4.28e+09
P1        1.58e-20  1.04e-10  1.04e-10

Temperature = 1.4e+03 K    Pressure = 10 atm

From\To         W1        W2        P1
W1        4.31e+10  3.84e+10  4.66e+09
W2            8.13  6.34e+09  6.34e+09
P1        2.41e-20  1.55e-10  1.55e-10

Temperature = 1.4e+03 K    Pressure = 100 atm

From\To         W1        W2        P1
W1         1.1e+11  1.03e+11  6.75e+09
W2            21.9  9.14e+09  9.14e+09
P1        3.49e-20  2.23e-10  2.23e-10

Temperature = 1.5e+03 K

High Pressure Rate Coefficients:

From\To         W1        W2        P1
W1             ***  5.42e+12       ***
W2        1.95e+03       ***  1.07e+10
P1             ***  2.89e-10       ***

Temperature = 1.5e+03 K    Pressure = 0.1 atm

From\To         W1        W2        P1
W1        4.41e+09  3.51e+09  9.02e+08
W2            1.26   2.4e+09   2.4e+09
P1        8.78e-21  6.41e-11  6.41e-11

Temperature = 1.5e+03 K    Pressure = 1 atm

From\To         W1        W2        P1
W1        1.34e+10  1.19e+10   1.5e+09
W2            4.27   3.9e+09   3.9e+09
P1        1.46e-20  1.05e-10  1.05e-10

Temperature = 1.5e+03 K    Pressure = 10 atm

From\To         W1        W2        P1
W1        3.78e+10  3.56e+10  2.22e+09
W2            12.8  5.78e+09  5.78e+09
P1        2.15e-20  1.55e-10  1.55e-10

Temperature = 1.5e+03 K    Pressure = 100 atm

From\To         W1        W2        P1
W1        9.74e+10   9.4e+10  3.33e+09
W2            33.8  8.35e+09  8.35e+09
P1        3.22e-20  2.25e-10  2.25e-10

Temperature = 1.6e+03 K

High Pressure Rate Coefficients:

From\To         W1        W2        P1
W1             ***  5.64e+12       ***
W2        3.21e+03       ***  9.88e+09
P1             ***  2.92e-10       ***

Temperature = 1.6e+03 K    Pressure = 0.1 atm

From\To         W1        W2        P1
W1        3.66e+09  3.33e+09  3.28e+08
W2            1.89  2.28e+09  2.28e+09
P1        5.95e-21   6.7e-11   6.7e-11

Temperature = 1.6e+03 K    Pressure = 1 atm

From\To         W1        W2        P1
W1        1.13e+10  1.07e+10   5.7e+08
W2             6.1  3.67e+09  3.67e+09
P1        9.81e-21  1.08e-10  1.08e-10

Temperature = 1.6e+03 K    Pressure = 10 atm

From\To         W1        W2        P1
W1        3.22e+10  3.14e+10  8.44e+08
W2            17.8  5.38e+09  5.38e+09
P1        1.43e-20  1.59e-10  1.59e-10

Temperature = 1.6e+03 K    Pressure = 100 atm

From\To         W1        W2        P1
W1         8.4e+10  8.27e+10  1.31e+09
W2            47.1   7.7e+09   7.7e+09
P1        2.21e-20  2.27e-10  2.27e-10

Temperature = 1.7e+03 K

High Pressure Rate Coefficients:

From\To         W1        W2        P1
W1             ***  5.86e+12       ***
W2           5e+03       ***   9.1e+09
P1             ***  2.95e-10       ***

Temperature = 1.7e+03 K    Pressure = 0.1 atm

From\To         W1        W2        P1
W1        2.85e+09  2.74e+09  1.14e+08
W2            2.32  2.14e+09  2.14e+09
P1         3.8e-21   6.9e-11   6.9e-11

Temperature = 1.7e+03 K    Pressure = 1 atm

From\To         W1        W2        P1
W1        9.16e+09  8.93e+09  2.26e+08
W2            7.62  3.42e+09  3.42e+09
P1        6.57e-21  1.11e-10  1.11e-10

Temperature = 1.7e+03 K    Pressure = 10 atm

From\To         W1        W2        P1
W1        2.67e+10  2.63e+10  3.52e+08
W2            22.5  4.99e+09  4.99e+09
P1        9.86e-21  1.62e-10  1.62e-10

Temperature = 1.7e+03 K    Pressure = 100 atm

From\To         W1        W2        P1
W1        7.07e+10  7.01e+10  5.77e+08
W2            59.9  7.11e+09  7.11e+09
P1        1.61e-20   2.3e-10   2.3e-10

Temperature = 1.8e+03 K

High Pressure Rate Coefficients:

From\To         W1        W2        P1
W1             ***  6.06e+12       ***
W2        7.41e+03       ***   8.4e+09
P1             ***  2.98e-10       ***

Temperature = 1.8e+03 K    Pressure = 0.1 atm

From\To         W1        W2        P1
W1        2.33e+09  2.31e+09  2.71e+07
W2             2.8  1.97e+09  1.97e+09
P1        2.37e-21  6.93e-11  6.93e-11

Temperature = 1.8e+03 K    Pressure = 1 atm

From\To         W1        W2        P1
W1        8.07e+09  7.98e+09  9.32e+07
W2            9.73  3.14e+09  3.14e+09
P1        4.66e-21  1.11e-10  1.11e-10

Temperature = 1.8e+03 K    Pressure = 10 atm

From\To         W1        W2        P1
W1        2.41e+10  2.39e+10   1.7e+08
W2            29.2  4.58e+09  4.58e+09
P1        7.64e-21  1.62e-10  1.62e-10

Temperature = 1.8e+03 K    Pressure = 100 atm

From\To         W1        W2        P1
W1        6.45e+10  6.42e+10  3.01e+08
W2            78.5  6.52e+09  6.52e+09
P1        1.32e-20  2.31e-10  2.31e-10

Temperature = 1.9e+03 K

High Pressure Rate Coefficients:

From\To         W1        W2        P1
W1             ***  6.26e+12       ***
W2        1.05e+04       ***  7.76e+09
P1             ***     3e-10       ***

Temperature = 1.9e+03 K    Pressure = 0.1 atm

From\To         W1        W2        P1
W1        1.73e+09  1.74e+09 -4.18e+06
W2             2.9  1.84e+09  1.84e+09
P1        1.29e-21  7.07e-11  7.07e-11

Temperature = 1.9e+03 K    Pressure = 1 atm

From\To         W1        W2        P1
W1        6.76e+09  6.73e+09  3.01e+07
W2            11.3  2.92e+09  2.92e+09
P1        2.82e-21  1.13e-10  1.13e-10

Temperature = 1.9e+03 K    Pressure = 10 atm

From\To         W1        W2        P1
W1        2.11e+10  2.11e+10   7.7e+07
W2            35.4  4.24e+09  4.24e+09
P1        5.39e-21  1.64e-10  1.64e-10

Temperature = 1.9e+03 K    Pressure = 100 atm

From\To         W1        W2        P1
W1        5.78e+10  5.76e+10  1.52e+08
W2              97  6.02e+09  6.02e+09
P1        1.02e-20  2.33e-10  2.33e-10

Temperature = 2e+03 K

High Pressure Rate Coefficients:

From\To         W1        W2        P1
W1             ***  6.45e+12       ***
W2        1.45e+04       ***  7.19e+09
P1             ***  3.03e-10       ***

Temperature = 2e+03 K    Pressure = 0.1 atm

From\To         W1        W2        P1
W1        1.14e+09  1.15e+09  -1.1e+07
W2            2.54  1.73e+09  1.73e+09
P1         6.4e-22  7.23e-11  7.23e-11

Temperature = 2e+03 K    Pressure = 1 atm

From\To         W1        W2        P1
W1         5.3e+09   5.3e+09  2.31e+06
W2            11.9  2.73e+09  2.73e+09
P1         1.3e-21  1.15e-10  1.15e-10

Temperature = 2e+03 K    Pressure = 10 atm

From\To         W1        W2        P1
W1        1.79e+10  1.79e+10  3.02e+07
W2            40.1  3.95e+09  3.95e+09
P1        3.34e-21  1.66e-10  1.66e-10

Temperature = 2e+03 K    Pressure = 100 atm

From\To         W1        W2        P1
W1        5.07e+10  5.06e+10  7.35e+07
W2             113  5.58e+09  5.58e+09
P1        7.27e-21  2.35e-10  2.35e-10

______________________________________________________________________________________

High Pressure Rate Coefficients (Temperature-Species Rate Tables):

Reactant = W1
   T(K)        W1        W2        P1
    500       ***   2.1e+12       ***
    600       ***   2.6e+12       ***
    700       ***  3.04e+12       ***
    800       ***  3.44e+12       ***
    900       ***  3.79e+12       ***
  1e+03       ***  4.11e+12       ***
1.1e+03       ***  4.41e+12       ***
1.2e+03       ***  4.68e+12       ***
1.3e+03       ***  4.94e+12       ***
1.4e+03       ***  5.19e+12       ***
1.5e+03       ***  5.42e+12       ***
1.6e+03       ***  5.64e+12       ***
1.7e+03       ***  5.86e+12       ***
1.8e+03       ***  6.06e+12       ***
1.9e+03       ***  6.26e+12       ***
  2e+03       ***  6.45e+12       ***

Reactant = W2
   T(K)        W1        W2        P1
    500  0.000146       ***  1.62e+10
    600   0.00945       ***  1.81e+10
    700     0.181       ***  1.85e+10
    800      1.64       ***  1.81e+10
    900      8.97       ***  1.72e+10
  1e+03      34.7       ***  1.61e+10
1.1e+03       105       ***   1.5e+10
1.2e+03       261       ***  1.38e+10
1.3e+03       566       ***  1.27e+10
1.4e+03   1.1e+03       ***  1.17e+10
1.5e+03  1.95e+03       ***  1.07e+10
1.6e+03  3.21e+03       ***  9.88e+09
1.7e+03     5e+03       ***   9.1e+09
1.8e+03  7.41e+03       ***   8.4e+09
1.9e+03  1.05e+04       ***  7.76e+09
  2e+03  1.45e+04       ***  7.19e+09

Reactant = P1
   T(K)        W1        W2        P1
    500       ***  2.41e-10       ***
    600       ***  2.48e-10       ***
    700       ***  2.54e-10       ***
    800       ***   2.6e-10       ***
    900       ***  2.65e-10       ***
  1e+03       ***   2.7e-10       ***
1.1e+03       ***  2.74e-10       ***
1.2e+03       ***  2.78e-10       ***
1.3e+03       ***  2.82e-10       ***
1.4e+03       ***  2.86e-10       ***
1.5e+03       ***  2.89e-10       ***
1.6e+03       ***  2.92e-10       ***
1.7e+03       ***  2.95e-10       ***
1.8e+03       ***  2.98e-10       ***
1.9e+03       ***     3e-10       ***
  2e+03       ***  3.03e-10       ***

Capture/Escape Rate Coefficients:

   T(K)        W1        W2        P1
    500   2.1e+12  1.62e+10  2.41e-10
    600   2.6e+12  1.81e+10  2.48e-10
    700  3.04e+12  1.85e+10  2.54e-10
    800  3.44e+12  1.81e+10   2.6e-10
    900  3.79e+12  1.72e+10  2.65e-10
  1e+03  4.11e+12  1.61e+10   2.7e-10
1.1e+03  4.41e+12   1.5e+10  2.74e-10
1.2e+03  4.68e+12  1.38e+10  2.78e-10
1.3e+03  4.94e+12  1.27e+10  2.82e-10
1.4e+03  5.19e+12  1.17e+10  2.86e-10
1.5e+03  5.42e+12  1.07e+10  2.89e-10
1.6e+03  5.64e+12  9.88e+09  2.92e-10
1.7e+03  5.86e+12   9.1e+09  2.95e-10
1.8e+03  6.06e+12   8.4e+09  2.98e-10
1.9e+03  6.26e+12  7.76e+09     3e-10
  2e+03  6.45e+12  7.19e+09  3.03e-10

______________________________________________________________________________________

Pressure-Species Rate Tables:

Reactant = W1   Temperature = 500 K

   P(atm)        W2        P1      Loss
      0.1 -2.66e+07  3.33e+10  3.33e+10
        1 -2.34e+08  9.82e+10   9.8e+10
       10  2.53e+09  2.41e+11  2.44e+11
      100  2.41e+11  2.71e+11  5.12e+11
      O-O   2.1e+12       ***   2.1e+12

Reactant = W1   Temperature = 600 K

   P(atm)        W2        P1      Loss
      0.1 -1.73e+07  2.73e+10  2.73e+10
        1 -1.46e+08  8.05e+10  8.03e+10
       10  3.59e+09  2.01e+11  2.05e+11
      100  2.06e+11  2.41e+11  4.47e+11
      O-O   2.6e+12       ***   2.6e+12

Reactant = W1   Temperature = 700 K

   P(atm)        W2        P1      Loss
      0.1 -9.37e+06  1.99e+10  1.99e+10
        1 -5.01e+07  5.96e+10  5.95e+10
       10  5.15e+09  1.51e+11  1.56e+11
      100  1.71e+11  1.86e+11  3.57e+11
      O-O  3.04e+12       ***  3.04e+12

Reactant = W1   Temperature = 800 K

   P(atm)        W2        P1      Loss
      0.1 -4.66e+06  1.54e+10  1.54e+10
        1  4.41e+07  4.62e+10  4.62e+10
       10  7.12e+09  1.17e+11  1.24e+11
      100  1.47e+11  1.44e+11  2.91e+11
      O-O  3.44e+12       ***  3.44e+12

Reactant = W1   Temperature = 900 K

   P(atm)        W2        P1      Loss
      0.1  1.41e+06  1.18e+10  1.18e+10
        1  2.61e+08  3.55e+10  3.57e+10
       10  1.06e+10  8.66e+10  9.72e+10
      100  1.31e+11  1.03e+11  2.35e+11
      O-O  3.79e+12       ***  3.79e+12

Reactant = W1   Temperature = 1e+03 K

   P(atm)        W2        P1      Loss
      0.1  4.67e+07   9.2e+09  9.25e+09
        1  1.12e+09  2.71e+10  2.82e+10
       10  1.57e+10  6.21e+10  7.78e+10
      100   1.2e+11   7.2e+10  1.92e+11
      O-O  4.11e+12       ***  4.11e+12

Reactant = W1   Temperature = 1.1e+03 K

   P(atm)        W2        P1      Loss
      0.1     4e+08  7.21e+09  7.61e+09
        1  4.07e+09  1.92e+10  2.33e+10
       10  2.51e+10  3.96e+10  6.46e+10
      100  1.16e+11  4.59e+10  1.62e+11
      O-O  4.41e+12       ***  4.41e+12

Reactant = W1   Temperature = 1.2e+03 K

   P(atm)        W2        P1      Loss
      0.1  1.35e+09  5.34e+09  6.69e+09
        1  8.33e+09   1.2e+10  2.03e+10
       10  3.47e+10   2.2e+10  5.67e+10
      100  1.15e+11  2.74e+10  1.43e+11
      O-O  4.68e+12       ***  4.68e+12

Reactant = W1   Temperature = 1.3e+03 K

   P(atm)        W2        P1      Loss
      0.1  2.39e+09  3.18e+09  5.57e+09
        1  1.09e+10  6.13e+09   1.7e+10
       10  3.76e+10  1.01e+10  4.77e+10
      100  1.08e+11  1.39e+10  1.21e+11
      O-O  4.94e+12       ***  4.94e+12

Reactant = W1   Temperature = 1.4e+03 K

   P(atm)        W2        P1      Loss
      0.1  3.29e+09  1.77e+09  5.06e+09
        1  1.23e+10  3.06e+09  1.53e+10
       10  3.84e+10  4.66e+09  4.31e+10
      100  1.03e+11  6.75e+09   1.1e+11
      O-O  5.19e+12       ***  5.19e+12

Reactant = W1   Temperature = 1.5e+03 K

   P(atm)        W2        P1      Loss
      0.1  3.51e+09  9.02e+08  4.41e+09
        1  1.19e+10   1.5e+09  1.34e+10
       10  3.56e+10  2.22e+09  3.78e+10
      100   9.4e+10  3.33e+09  9.74e+10
      O-O  5.42e+12       ***  5.42e+12

Reactant = W1   Temperature = 1.6e+03 K

   P(atm)        W2        P1      Loss
      0.1  3.33e+09  3.28e+08  3.66e+09
        1  1.07e+10   5.7e+08  1.13e+10
       10  3.14e+10  8.44e+08  3.22e+10
      100  8.27e+10  1.31e+09   8.4e+10
      O-O  5.64e+12       ***  5.64e+12

Reactant = W1   Temperature = 1.7e+03 K

   P(atm)        W2        P1      Loss
      0.1  2.74e+09  1.14e+08  2.85e+09
        1  8.93e+09  2.26e+08  9.16e+09
       10  2.63e+10  3.52e+08  2.67e+10
      100  7.01e+10  5.77e+08  7.07e+10
      O-O  5.86e+12       ***  5.86e+12

Reactant = W1   Temperature = 1.8e+03 K

   P(atm)        W2        P1      Loss
      0.1  2.31e+09  2.71e+07  2.33e+09
        1  7.98e+09  9.32e+07  8.07e+09
       10  2.39e+10   1.7e+08  2.41e+10
      100  6.42e+10  3.01e+08  6.45e+10
      O-O  6.06e+12       ***  6.06e+12

Reactant = W1   Temperature = 1.9e+03 K

   P(atm)        W2        P1      Loss
      0.1  1.74e+09 -4.18e+06  1.73e+09
        1  6.73e+09  3.01e+07  6.76e+09
       10  2.11e+10   7.7e+07  2.11e+10
      100  5.76e+10  1.52e+08  5.78e+10
      O-O  6.26e+12       ***  6.26e+12

Reactant = W1   Temperature = 2e+03 K

   P(atm)        W2        P1      Loss
      0.1  1.15e+09  -1.1e+07  1.14e+09
        1   5.3e+09  2.31e+06   5.3e+09
       10  1.79e+10  3.02e+07  1.79e+10
      100  5.06e+10  7.35e+07  5.07e+10
      O-O  6.45e+12       ***  6.45e+12

Reactant = W2   Temperature = 500 K

   P(atm)        W1        P1      Loss
      0.1  2.24e-12  2.19e+09  2.19e+09
        1   3.3e-10  4.56e+09  4.56e+09
       10  2.74e-07   8.6e+09   8.6e+09
      100  1.69e-05  1.39e+10  1.39e+10
      O-O  0.000146  1.62e+10  1.62e+10

Reactant = W2   Temperature = 600 K

   P(atm)        W1        P1      Loss
      0.1  5.95e-10  2.92e+09  2.92e+09
        1  5.56e-08  5.56e+09  5.56e+09
       10  1.67e-05  9.62e+09  9.62e+09
      100  0.000753  1.52e+10  1.52e+10
      O-O   0.00945  1.81e+10  1.81e+10

Reactant = W2   Temperature = 700 K

   P(atm)        W1        P1      Loss
      0.1   6.8e-09  3.33e+09  3.33e+09
        1  2.58e-06  6.05e+09  6.05e+09
       10  0.000343  9.94e+09  9.94e+09
      100    0.0102  1.53e+10  1.53e+10
      O-O     0.181  1.85e+10  1.85e+10

Reactant = W2   Temperature = 800 K

   P(atm)        W1        P1      Loss
      0.1  6.96e-07  3.35e+09  3.35e+09
        1  5.08e-05  5.95e+09  5.95e+09
       10   0.00359  9.57e+09  9.57e+09
      100    0.0704  1.47e+10  1.47e+10
      O-O      1.64  1.81e+10  1.81e+10

Reactant = W2   Temperature = 900 K

   P(atm)        W1        P1      Loss
      0.1  1.32e-05  3.39e+09  3.39e+09
        1  0.000719  5.86e+09  5.86e+09
       10    0.0257  9.19e+09  9.19e+09
      100     0.312  1.38e+10  1.38e+10
      O-O      8.97  1.72e+10  1.72e+10

Reactant = W2   Temperature = 1e+03 K

   P(atm)        W1        P1      Loss
      0.1  0.000449  3.23e+09  3.23e+09
        1   0.00971  5.52e+09  5.52e+09
       10     0.134  8.55e+09  8.55e+09
      100      1.01  1.28e+10  1.28e+10
      O-O      34.7  1.61e+10  1.61e+10

Reactant = W2   Temperature = 1.1e+03 K

   P(atm)        W1        P1      Loss
      0.1    0.0099  3.16e+09  3.16e+09
        1    0.0975  5.29e+09  5.29e+09
       10     0.596  8.05e+09  8.05e+09
      100      2.75  1.19e+10  1.19e+10
      O-O       105   1.5e+10   1.5e+10

Reactant = W2   Temperature = 1.2e+03 K

   P(atm)        W1        P1      Loss
      0.1    0.0766  3.01e+09  3.01e+09
        1     0.466  4.98e+09  4.98e+09
       10      1.94  7.48e+09  7.48e+09
      100      6.43  1.09e+10  1.09e+10
      O-O       261  1.38e+10  1.38e+10

Reactant = W2   Temperature = 1.3e+03 K

   P(atm)        W1        P1      Loss
      0.1     0.276   2.8e+09   2.8e+09
        1      1.24  4.59e+09  4.59e+09
       10      4.31  6.86e+09  6.86e+09
      100      12.3  9.96e+09  9.96e+09
      O-O       566  1.27e+10  1.27e+10

Reactant = W2   Temperature = 1.4e+03 K

   P(atm)        W1        P1      Loss
      0.1     0.696  2.62e+09  2.62e+09
        1       2.6  4.28e+09  4.28e+09
       10      8.13  6.34e+09  6.34e+09
      100      21.9  9.14e+09  9.14e+09
      O-O   1.1e+03  1.17e+10  1.17e+10

Reactant = W2   Temperature = 1.5e+03 K

   P(atm)        W1        P1      Loss
      0.1      1.26   2.4e+09   2.4e+09
        1      4.27   3.9e+09   3.9e+09
       10      12.8  5.78e+09  5.78e+09
      100      33.8  8.35e+09  8.35e+09
      O-O  1.95e+03  1.07e+10  1.07e+10

Reactant = W2   Temperature = 1.6e+03 K

   P(atm)        W1        P1      Loss
      0.1      1.89  2.28e+09  2.28e+09
        1       6.1  3.67e+09  3.67e+09
       10      17.8  5.38e+09  5.38e+09
      100      47.1   7.7e+09   7.7e+09
      O-O  3.21e+03  9.88e+09  9.88e+09

Reactant = W2   Temperature = 1.7e+03 K

   P(atm)        W1        P1      Loss
      0.1      2.32  2.14e+09  2.14e+09
        1      7.62  3.42e+09  3.42e+09
       10      22.5  4.99e+09  4.99e+09
      100      59.9  7.11e+09  7.11e+09
      O-O     5e+03   9.1e+09   9.1e+09

Reactant = W2   Temperature = 1.8e+03 K

   P(atm)        W1        P1      Loss
      0.1       2.8  1.97e+09  1.97e+09
        1      9.73  3.14e+09  3.14e+09
       10      29.2  4.58e+09  4.58e+09
      100      78.5  6.52e+09  6.52e+09
      O-O  7.41e+03   8.4e+09   8.4e+09

Reactant = W2   Temperature = 1.9e+03 K

   P(atm)        W1        P1      Loss
      0.1       2.9  1.84e+09  1.84e+09
        1      11.3  2.92e+09  2.92e+09
       10      35.4  4.24e+09  4.24e+09
      100        97  6.02e+09  6.02e+09
      O-O  1.05e+04  7.76e+09  7.76e+09

Reactant = W2   Temperature = 2e+03 K

   P(atm)        W1        P1      Loss
      0.1      2.54  1.73e+09  1.73e+09
        1      11.9  2.73e+09  2.73e+09
       10      40.1  3.95e+09  3.95e+09
      100       113  5.58e+09  5.58e+09
      O-O  1.45e+04  7.19e+09  7.19e+09

Reactant = P1   Temperature = 500 K

   P(atm)        W1        W2      Loss
      0.1  3.31e-26  3.25e-11  3.25e-11
        1  1.01e-25  6.78e-11  6.78e-11
       10  2.49e-25  1.28e-10  1.28e-10
      100   2.8e-25  2.07e-10  2.07e-10
      O-O       ***  2.41e-10  2.41e-10

Reactant = P1   Temperature = 600 K

   P(atm)        W1        W2      Loss
      0.1   1.3e-24  3.98e-11  3.98e-11
        1  3.96e-24  7.62e-11  7.62e-11
       10  9.98e-24  1.32e-10  1.32e-10
      100   1.2e-23  2.08e-10  2.08e-10
      O-O       ***  2.48e-10  2.48e-10

Reactant = P1   Temperature = 700 K

   P(atm)        W1        W2      Loss
      0.1  1.57e-23  4.55e-11  4.55e-11
        1  4.82e-23  8.29e-11  8.29e-11
       10  1.23e-22  1.36e-10  1.36e-10
      100  1.52e-22   2.1e-10   2.1e-10
      O-O       ***  2.54e-10  2.54e-10

Reactant = P1   Temperature = 800 K

   P(atm)        W1        W2      Loss
      0.1  1.01e-22  4.79e-11  4.79e-11
        1  3.13e-22  8.53e-11  8.53e-11
       10  7.94e-22  1.37e-10  1.37e-10
      100  9.81e-22  2.11e-10  2.11e-10
      O-O       ***   2.6e-10   2.6e-10

Reactant = P1   Temperature = 900 K

   P(atm)        W1        W2      Loss
      0.1  4.14e-22  5.18e-11  5.18e-11
        1  1.28e-21     9e-11     9e-11
       10  3.14e-21  1.41e-10  1.41e-10
      100  3.75e-21  2.13e-10  2.13e-10
      O-O       ***  2.65e-10  2.65e-10

Reactant = P1   Temperature = 1e+03 K

   P(atm)        W1        W2      Loss
      0.1  1.26e-21  5.38e-11  5.38e-11
        1  3.79e-21  9.23e-11  9.23e-11
       10  8.75e-21  1.43e-10  1.43e-10
      100  1.02e-20  2.14e-10  2.14e-10
      O-O       ***   2.7e-10   2.7e-10

Reactant = P1   Temperature = 1.1e+03 K

   P(atm)        W1        W2      Loss
      0.1  3.03e-21  5.75e-11  5.75e-11
        1  8.26e-21  9.69e-11  9.69e-11
       10  1.72e-20  1.48e-10  1.48e-10
      100     2e-20  2.17e-10  2.17e-10
      O-O       ***  2.74e-10  2.74e-10

Reactant = P1   Temperature = 1.2e+03 K

   P(atm)        W1        W2      Loss
      0.1  5.82e-21  6.02e-11  6.02e-11
        1  1.34e-20     1e-10     1e-10
       10  2.47e-20  1.51e-10  1.51e-10
      100  3.08e-20   2.2e-10   2.2e-10
      O-O       ***  2.78e-10  2.78e-10

Reactant = P1   Temperature = 1.3e+03 K

   P(atm)        W1        W2      Loss
      0.1  7.88e-21  6.17e-11  6.17e-11
        1  1.55e-20  1.02e-10  1.02e-10
       10  2.56e-20  1.52e-10  1.52e-10
      100  3.54e-20  2.21e-10  2.21e-10
      O-O       ***  2.82e-10  2.82e-10

Reactant = P1   Temperature = 1.4e+03 K

   P(atm)        W1        W2      Loss
      0.1  9.04e-21  6.37e-11  6.37e-11
        1  1.58e-20  1.04e-10  1.04e-10
       10  2.41e-20  1.55e-10  1.55e-10
      100  3.49e-20  2.23e-10  2.23e-10
      O-O       ***  2.86e-10  2.86e-10

Reactant = P1   Temperature = 1.5e+03 K

   P(atm)        W1        W2      Loss
      0.1  8.78e-21  6.41e-11  6.41e-11
        1  1.46e-20  1.05e-10  1.05e-10
       10  2.15e-20  1.55e-10  1.55e-10
      100  3.22e-20  2.25e-10  2.25e-10
      O-O       ***  2.89e-10  2.89e-10

Reactant = P1   Temperature = 1.6e+03 K

   P(atm)        W1        W2      Loss
      0.1  5.95e-21   6.7e-11   6.7e-11
        1  9.81e-21  1.08e-10  1.08e-10
       10  1.43e-20  1.59e-10  1.59e-10
      100  2.21e-20  2.27e-10  2.27e-10
      O-O       ***  2.92e-10  2.92e-10

Reactant = P1   Temperature = 1.7e+03 K

   P(atm)        W1        W2      Loss
      0.1   3.8e-21   6.9e-11   6.9e-11
        1  6.57e-21  1.11e-10  1.11e-10
       10  9.86e-21  1.62e-10  1.62e-10
      100  1.61e-20   2.3e-10   2.3e-10
      O-O       ***  2.95e-10  2.95e-10

Reactant = P1   Temperature = 1.8e+03 K

   P(atm)        W1        W2      Loss
      0.1  2.37e-21  6.93e-11  6.93e-11
        1  4.66e-21  1.11e-10  1.11e-10
       10  7.64e-21  1.62e-10  1.62e-10
      100  1.32e-20  2.31e-10  2.31e-10
      O-O       ***  2.98e-10  2.98e-10

Reactant = P1   Temperature = 1.9e+03 K

   P(atm)        W1        W2      Loss
      0.1  1.29e-21  7.07e-11  7.07e-11
        1  2.82e-21  1.13e-10  1.13e-10
       10  5.39e-21  1.64e-10  1.64e-10
      100  1.02e-20  2.33e-10  2.33e-10
      O-O       ***     3e-10     3e-10

Reactant = P1   Temperature = 2e+03 K

   P(atm)        W1        W2      Loss
      0.1   6.4e-22  7.23e-11  7.23e-11
        1   1.3e-21  1.15e-10  1.15e-10
       10  3.34e-21  1.66e-10  1.66e-10
      100  7.27e-21  2.35e-10  2.35e-10
      O-O       ***  3.03e-10  3.03e-10

______________________________________________________________________________________

Temperature-Species Rate Tables:

Reactant = W1   Pressure = 0.1 atm

   T(K)        W2        P1      Loss   Capture
    500 -2.66e+07  3.33e+10  3.33e+10   2.1e+12
    600 -1.73e+07  2.73e+10  2.73e+10   2.6e+12
    700 -9.37e+06  1.99e+10  1.99e+10  3.04e+12
    800 -4.66e+06  1.54e+10  1.54e+10  3.44e+12
    900  1.41e+06  1.18e+10  1.18e+10  3.79e+12
  1e+03  4.67e+07   9.2e+09  9.25e+09  4.11e+12
1.1e+03     4e+08  7.21e+09  7.61e+09  4.41e+12
1.2e+03  1.35e+09  5.34e+09  6.69e+09  4.68e+12
1.3e+03  2.39e+09  3.18e+09  5.57e+09  4.94e+12
1.4e+03  3.29e+09  1.77e+09  5.06e+09  5.19e+12
1.5e+03  3.51e+09  9.02e+08  4.41e+09  5.42e+12
1.6e+03  3.33e+09  3.28e+08  3.66e+09  5.64e+12
1.7e+03  2.74e+09  1.14e+08  2.85e+09  5.86e+12
1.8e+03  2.31e+09  2.71e+07  2.33e+09  6.06e+12
1.9e+03  1.74e+09 -4.18e+06  1.73e+09  6.26e+12
  2e+03  1.15e+09  -1.1e+07  1.14e+09  6.45e+12

Reactant = W1   Pressure = 1 atm

   T(K)        W2        P1      Loss   Capture
    500 -2.34e+08  9.82e+10   9.8e+10   2.1e+12
    600 -1.46e+08  8.05e+10  8.03e+10   2.6e+12
    700 -5.01e+07  5.96e+10  5.95e+10  3.04e+12
    800  4.41e+07  4.62e+10  4.62e+10  3.44e+12
    900  2.61e+08  3.55e+10  3.57e+10  3.79e+12
  1e+03  1.12e+09  2.71e+10  2.82e+10  4.11e+12
1.1e+03  4.07e+09  1.92e+10  2.33e+10  4.41e+12
1.2e+03  8.33e+09   1.2e+10  2.03e+10  4.68e+12
1.3e+03  1.09e+10  6.13e+09   1.7e+10  4.94e+12
1.4e+03  1.23e+10  3.06e+09  1.53e+10  5.19e+12
1.5e+03  1.19e+10   1.5e+09  1.34e+10  5.42e+12
1.6e+03  1.07e+10   5.7e+08  1.13e+10  5.64e+12
1.7e+03  8.93e+09  2.26e+08  9.16e+09  5.86e+12
1.8e+03  7.98e+09  9.32e+07  8.07e+09  6.06e+12
1.9e+03  6.73e+09  3.01e+07  6.76e+09  6.26e+12
  2e+03   5.3e+09  2.31e+06   5.3e+09  6.45e+12

Reactant = W1   Pressure = 10 atm

   T(K)        W2        P1      Loss   Capture
    500  2.53e+09  2.41e+11  2.44e+11   2.1e+12
    600  3.59e+09  2.01e+11  2.05e+11   2.6e+12
    700  5.15e+09  1.51e+11  1.56e+11  3.04e+12
    800  7.12e+09  1.17e+11  1.24e+11  3.44e+12
    900  1.06e+10  8.66e+10  9.72e+10  3.79e+12
  1e+03  1.57e+10  6.21e+10  7.78e+10  4.11e+12
1.1e+03  2.51e+10  3.96e+10  6.46e+10  4.41e+12
1.2e+03  3.47e+10   2.2e+10  5.67e+10  4.68e+12
1.3e+03  3.76e+10  1.01e+10  4.77e+10  4.94e+12
1.4e+03  3.84e+10  4.66e+09  4.31e+10  5.19e+12
1.5e+03  3.56e+10  2.22e+09  3.78e+10  5.42e+12
1.6e+03  3.14e+10  8.44e+08  3.22e+10  5.64e+12
1.7e+03  2.63e+10  3.52e+08  2.67e+10  5.86e+12
1.8e+03  2.39e+10   1.7e+08  2.41e+10  6.06e+12
1.9e+03  2.11e+10   7.7e+07  2.11e+10  6.26e+12
  2e+03  1.79e+10  3.02e+07  1.79e+10  6.45e+12

Reactant = W1   Pressure = 100 atm

   T(K)        W2        P1      Loss   Capture
    500  2.41e+11  2.71e+11  5.12e+11   2.1e+12
    600  2.06e+11  2.41e+11  4.47e+11   2.6e+12
    700  1.71e+11  1.86e+11  3.57e+11  3.04e+12
    800  1.47e+11  1.44e+11  2.91e+11  3.44e+12
    900  1.31e+11  1.03e+11  2.35e+11  3.79e+12
  1e+03   1.2e+11   7.2e+10  1.92e+11  4.11e+12
1.1e+03  1.16e+11  4.59e+10  1.62e+11  4.41e+12
1.2e+03  1.15e+11  2.74e+10  1.43e+11  4.68e+12
1.3e+03  1.08e+11  1.39e+10  1.21e+11  4.94e+12
1.4e+03  1.03e+11  6.75e+09   1.1e+11  5.19e+12
1.5e+03   9.4e+10  3.33e+09  9.74e+10  5.42e+12
1.6e+03  8.27e+10  1.31e+09   8.4e+10  5.64e+12
1.7e+03  7.01e+10  5.77e+08  7.07e+10  5.86e+12
1.8e+03  6.42e+10  3.01e+08  6.45e+10  6.06e+12
1.9e+03  5.76e+10  1.52e+08  5.78e+10  6.26e+12
  2e+03  5.06e+10  7.35e+07  5.07e+10  6.45e+12

Reactant = W2   Pressure = 0.1 atm

   T(K)        W1        P1      Loss   Capture
    500  2.24e-12  2.19e+09  2.19e+09  1.62e+10
    600  5.95e-10  2.92e+09  2.92e+09  1.81e+10
    700   6.8e-09  3.33e+09  3.33e+09  1.85e+10
    800  6.96e-07  3.35e+09  3.35e+09  1.81e+10
    900  1.32e-05  3.39e+09  3.39e+09  1.72e+10
  1e+03  0.000449  3.23e+09  3.23e+09  1.61e+10
1.1e+03    0.0099  3.16e+09  3.16e+09   1.5e+10
1.2e+03    0.0766  3.01e+09  3.01e+09  1.38e+10
1.3e+03     0.276   2.8e+09   2.8e+09  1.27e+10
1.4e+03     0.696  2.62e+09  2.62e+09  1.17e+10
1.5e+03      1.26   2.4e+09   2.4e+09  1.07e+10
1.6e+03      1.89  2.28e+09  2.28e+09  9.88e+09
1.7e+03      2.32  2.14e+09  2.14e+09   9.1e+09
1.8e+03       2.8  1.97e+09  1.97e+09   8.4e+09
1.9e+03       2.9  1.84e+09  1.84e+09  7.76e+09
  2e+03      2.54  1.73e+09  1.73e+09  7.19e+09

Reactant = W2   Pressure = 1 atm

   T(K)        W1        P1      Loss   Capture
    500   3.3e-10  4.56e+09  4.56e+09  1.62e+10
    600  5.56e-08  5.56e+09  5.56e+09  1.81e+10
    700  2.58e-06  6.05e+09  6.05e+09  1.85e+10
    800  5.08e-05  5.95e+09  5.95e+09  1.81e+10
    900  0.000719  5.86e+09  5.86e+09  1.72e+10
  1e+03   0.00971  5.52e+09  5.52e+09  1.61e+10
1.1e+03    0.0975  5.29e+09  5.29e+09   1.5e+10
1.2e+03     0.466  4.98e+09  4.98e+09  1.38e+10
1.3e+03      1.24  4.59e+09  4.59e+09  1.27e+10
1.4e+03       2.6  4.28e+09  4.28e+09  1.17e+10
1.5e+03      4.27   3.9e+09   3.9e+09  1.07e+10
1.6e+03       6.1  3.67e+09  3.67e+09  9.88e+09
1.7e+03      7.62  3.42e+09  3.42e+09   9.1e+09
1.8e+03      9.73  3.14e+09  3.14e+09   8.4e+09
1.9e+03      11.3  2.92e+09  2.92e+09  7.76e+09
  2e+03      11.9  2.73e+09  2.73e+09  7.19e+09

Reactant = W2   Pressure = 10 atm

   T(K)        W1        P1      Loss   Capture
    500  2.74e-07   8.6e+09   8.6e+09  1.62e+10
    600  1.67e-05  9.62e+09  9.62e+09  1.81e+10
    700  0.000343  9.94e+09  9.94e+09  1.85e+10
    800   0.00359  9.57e+09  9.57e+09  1.81e+10
    900    0.0257  9.19e+09  9.19e+09  1.72e+10
  1e+03     0.134  8.55e+09  8.55e+09  1.61e+10
1.1e+03     0.596  8.05e+09  8.05e+09   1.5e+10
1.2e+03      1.94  7.48e+09  7.48e+09  1.38e+10
1.3e+03      4.31  6.86e+09  6.86e+09  1.27e+10
1.4e+03      8.13  6.34e+09  6.34e+09  1.17e+10
1.5e+03      12.8  5.78e+09  5.78e+09  1.07e+10
1.6e+03      17.8  5.38e+09  5.38e+09  9.88e+09
1.7e+03      22.5  4.99e+09  4.99e+09   9.1e+09
1.8e+03      29.2  4.58e+09  4.58e+09   8.4e+09
1.9e+03      35.4  4.24e+09  4.24e+09  7.76e+09
  2e+03      40.1  3.95e+09  3.95e+09  7.19e+09

Reactant = W2   Pressure = 100 atm

   T(K)        W1        P1      Loss   Capture
    500  1.69e-05  1.39e+10  1.39e+10  1.62e+10
    600  0.000753  1.52e+10  1.52e+10  1.81e+10
    700    0.0102  1.53e+10  1.53e+10  1.85e+10
    800    0.0704  1.47e+10  1.47e+10  1.81e+10
    900     0.312  1.38e+10  1.38e+10  1.72e+10
  1e+03      1.01  1.28e+10  1.28e+10  1.61e+10
1.1e+03      2.75  1.19e+10  1.19e+10   1.5e+10
1.2e+03      6.43  1.09e+10  1.09e+10  1.38e+10
1.3e+03      12.3  9.96e+09  9.96e+09  1.27e+10
1.4e+03      21.9  9.14e+09  9.14e+09  1.17e+10
1.5e+03      33.8  8.35e+09  8.35e+09  1.07e+10
1.6e+03      47.1   7.7e+09   7.7e+09  9.88e+09
1.7e+03      59.9  7.11e+09  7.11e+09   9.1e+09
1.8e+03      78.5  6.52e+09  6.52e+09   8.4e+09
1.9e+03        97  6.02e+09  6.02e+09  7.76e+09
  2e+03       113  5.58e+09  5.58e+09  7.19e+09

Reactant = P1   Pressure = 0.1 atm

   T(K)        W1        W2      Loss   Capture
    500  3.31e-26  3.25e-11  3.25e-11  2.41e-10
    600   1.3e-24  3.98e-11  3.98e-11  2.48e-10
    700  1.57e-23  4.55e-11  4.55e-11  2.54e-10
    800  1.01e-22  4.79e-11  4.79e-11   2.6e-10
    900  4.14e-22  5.18e-11  5.18e-11  2.65e-10
  1e+03  1.26e-21  5.38e-11  5.38e-11   2.7e-10
1.1e+03  3.03e-21  5.75e-11  5.75e-11  2.74e-10
1.2e+03  5.82e-21  6.02e-11  6.02e-11  2.78e-10
1.3e+03  7.88e-21  6.17e-11  6.17e-11  2.82e-10
1.4e+03  9.04e-21  6.37e-11  6.37e-11  2.86e-10
1.5e+03  8.78e-21  6.41e-11  6.41e-11  2.89e-10
1.6e+03  5.95e-21   6.7e-11   6.7e-11  2.92e-10
1.7e+03   3.8e-21   6.9e-11   6.9e-11  2.95e-10
1.8e+03  2.37e-21  6.93e-11  6.93e-11  2.98e-10
1.9e+03  1.29e-21  7.07e-11  7.07e-11     3e-10
  2e+03   6.4e-22  7.23e-11  7.23e-11  3.03e-10

Reactant = P1   Pressure = 1 atm

   T(K)        W1        W2      Loss   Capture
    500  1.01e-25  6.78e-11  6.78e-11  2.41e-10
    600  3.96e-24  7.62e-11  7.62e-11  2.48e-10
    700  4.82e-23  8.29e-11  8.29e-11  2.54e-10
    800  3.13e-22  8.53e-11  8.53e-11   2.6e-10
    900  1.28e-21     9e-11     9e-11  2.65e-10
  1e+03  3.79e-21  9.23e-11  9.23e-11   2.7e-10
1.1e+03  8.26e-21  9.69e-11  9.69e-11  2.74e-10
1.2e+03  1.34e-20     1e-10     1e-10  2.78e-10
1.3e+03  1.55e-20  1.02e-10  1.02e-10  2.82e-10
1.4e+03  1.58e-20  1.04e-10  1.04e-10  2.86e-10
1.5e+03  1.46e-20  1.05e-10  1.05e-10  2.89e-10
1.6e+03  9.81e-21  1.08e-10  1.08e-10  2.92e-10
1.7e+03  6.57e-21  1.11e-10  1.11e-10  2.95e-10
1.8e+03  4.66e-21  1.11e-10  1.11e-10  2.98e-10
1.9e+03  2.82e-21  1.13e-10  1.13e-10     3e-10
  2e+03   1.3e-21  1.15e-10  1.15e-10  3.03e-10

Reactant = P1   Pressure = 10 atm

   T(K)        W1        W2      Loss   Capture
    500  2.49e-25  1.28e-10  1.28e-10  2.41e-10
    600  9.98e-24  1.32e-10  1.32e-10  2.48e-10
    700  1.23e-22  1.36e-10  1.36e-10  2.54e-10
    800  7.94e-22  1.37e-10  1.37e-10   2.6e-10
    900  3.14e-21  1.41e-10  1.41e-10  2.65e-10
  1e+03  8.75e-21  1.43e-10  1.43e-10   2.7e-10
1.1e+03  1.72e-20  1.48e-10  1.48e-10  2.74e-10
1.2e+03  2.47e-20  1.51e-10  1.51e-10  2.78e-10
1.3e+03  2.56e-20  1.52e-10  1.52e-10  2.82e-10
1.4e+03  2.41e-20  1.55e-10  1.55e-10  2.86e-10
1.5e+03  2.15e-20  1.55e-10  1.55e-10  2.89e-10
1.6e+03  1.43e-20  1.59e-10  1.59e-10  2.92e-10
1.7e+03  9.86e-21  1.62e-10  1.62e-10  2.95e-10
1.8e+03  7.64e-21  1.62e-10  1.62e-10  2.98e-10
1.9e+03  5.39e-21  1.64e-10  1.64e-10     3e-10
  2e+03  3.34e-21  1.66e-10  1.66e-10  3.03e-10

Reactant = P1   Pressure = 100 atm

   T(K)        W1        W2      Loss   Capture
    500   2.8e-25  2.07e-10  2.07e-10  2.41e-10
    600   1.2e-23  2.08e-10  2.08e-10  2.48e-10
    700  1.52e-22   2.1e-10   2.1e-10  2.54e-10
    800  9.81e-22  2.11e-10  2.11e-10   2.6e-10
    900  3.75e-21  2.13e-10  2.13e-10  2.65e-10
  1e+03  1.02e-20  2.14e-10  2.14e-10   2.7e-10
1.1e+03     2e-20  2.17e-10  2.17e-10  2.74e-10
1.2e+03  3.08e-20   2.2e-10   2.2e-10  2.78e-10
1.3e+03  3.54e-20  2.21e-10  2.21e-10  2.82e-10
1.4e+03  3.49e-20  2.23e-10  2.23e-10  2.86e-10
1.5e+03  3.22e-20  2.25e-10  2.25e-10  2.89e-10
1.6e+03  2.21e-20  2.27e-10  2.27e-10  2.92e-10
1.7e+03  1.61e-20   2.3e-10   2.3e-10  2.95e-10
1.8e+03  1.32e-20  2.31e-10  2.31e-10  2.98e-10
1.9e+03  1.02e-20  2.33e-10  2.33e-10     3e-10
  2e+03  7.27e-21  2.35e-10  2.35e-10  3.03e-10

______________________________________________________________________________________

Temperature-Pressure Rate Tables:

W1->W2

P\T           500       600       700       800       900     1e+03   1.1e+03   1.2e+03   1.3e+03   1.4e+03   1.5e+03   1.6e+03   1.7e+03   1.8e+03   1.9e+03     2e+03
0.1     -2.66e+07 -1.73e+07 -9.37e+06 -4.66e+06  1.41e+06  4.67e+07     4e+08  1.35e+09  2.39e+09  3.29e+09  3.51e+09  3.33e+09  2.74e+09  2.31e+09  1.74e+09  1.15e+09
1       -2.34e+08 -1.46e+08 -5.01e+07  4.41e+07  2.61e+08  1.12e+09  4.07e+09  8.33e+09  1.09e+10  1.23e+10  1.19e+10  1.07e+10  8.93e+09  7.98e+09  6.73e+09   5.3e+09
10       2.53e+09  3.59e+09  5.15e+09  7.12e+09  1.06e+10  1.57e+10  2.51e+10  3.47e+10  3.76e+10  3.84e+10  3.56e+10  3.14e+10  2.63e+10  2.39e+10  2.11e+10  1.79e+10
100      2.41e+11  2.06e+11  1.71e+11  1.47e+11  1.31e+11   1.2e+11  1.16e+11  1.15e+11  1.08e+11  1.03e+11   9.4e+10  8.27e+10  7.01e+10  6.42e+10  5.76e+10  5.06e+10
O-O       2.1e+12   2.6e+12  3.04e+12  3.44e+12  3.79e+12  4.11e+12  4.41e+12  4.68e+12  4.94e+12  5.19e+12  5.42e+12  5.64e+12  5.86e+12  6.06e+12  6.26e+12  6.45e+12

W1->P1

P\T           500       600       700       800       900     1e+03   1.1e+03   1.2e+03   1.3e+03   1.4e+03   1.5e+03   1.6e+03   1.7e+03   1.8e+03   1.9e+03     2e+03
0.1      3.33e+10  2.73e+10  1.99e+10  1.54e+10  1.18e+10   9.2e+09  7.21e+09  5.34e+09  3.18e+09  1.77e+09  9.02e+08  3.28e+08  1.14e+08  2.71e+07 -4.18e+06  -1.1e+07
1        9.82e+10  8.05e+10  5.96e+10  4.62e+10  3.55e+10  2.71e+10  1.92e+10   1.2e+10  6.13e+09  3.06e+09   1.5e+09   5.7e+08  2.26e+08  9.32e+07  3.01e+07  2.31e+06
10       2.41e+11  2.01e+11  1.51e+11  1.17e+11  8.66e+10  6.21e+10  3.96e+10   2.2e+10  1.01e+10  4.66e+09  2.22e+09  8.44e+08  3.52e+08   1.7e+08   7.7e+07  3.02e+07
100      2.71e+11  2.41e+11  1.86e+11  1.44e+11  1.03e+11   7.2e+10  4.59e+10  2.74e+10  1.39e+10  6.75e+09  3.33e+09  1.31e+09  5.77e+08  3.01e+08  1.52e+08  7.35e+07
O-O           ***       ***       ***       ***       ***       ***       ***       ***       ***       ***       ***       ***       ***       ***       ***       ***

W2->W1

P\T           500       600       700       800       900     1e+03   1.1e+03   1.2e+03   1.3e+03   1.4e+03   1.5e+03   1.6e+03   1.7e+03   1.8e+03   1.9e+03     2e+03
0.1      2.24e-12  5.95e-10   6.8e-09  6.96e-07  1.32e-05  0.000449    0.0099    0.0766     0.276     0.696      1.26      1.89      2.32       2.8       2.9      2.54
1         3.3e-10  5.56e-08  2.58e-06  5.08e-05  0.000719   0.00971    0.0975     0.466      1.24       2.6      4.27       6.1      7.62      9.73      11.3      11.9
10       2.74e-07  1.67e-05  0.000343   0.00359    0.0257     0.134     0.596      1.94      4.31      8.13      12.8      17.8      22.5      29.2      35.4      40.1
100      1.69e-05  0.000753    0.0102    0.0704     0.312      1.01      2.75      6.43      12.3      21.9      33.8      47.1      59.9      78.5        97       113
O-O      0.000146   0.00945     0.181      1.64      8.97      34.7       105       261       566   1.1e+03  1.95e+03  3.21e+03     5e+03  7.41e+03  1.05e+04  1.45e+04

W2->P1

P\T           500       600       700       800       900     1e+03   1.1e+03   1.2e+03   1.3e+03   1.4e+03   1.5e+03   1.6e+03   1.7e+03   1.8e+03   1.9e+03     2e+03
0.1      2.19e+09  2.92e+09  3.33e+09  3.35e+09  3.39e+09  3.23e+09  3.16e+09  3.01e+09   2.8e+09  2.62e+09   2.4e+09  2.28e+09  2.14e+09  1.97e+09  1.84e+09  1.73e+09
1        4.56e+09  5.56e+09  6.05e+09  5.95e+09  5.86e+09  5.52e+09  5.29e+09  4.98e+09  4.59e+09  4.28e+09   3.9e+09  3.67e+09  3.42e+09  3.14e+09  2.92e+09  2.73e+09
10        8.6e+09  9.62e+09  9.94e+09  9.57e+09  9.19e+09  8.55e+09  8.05e+09  7.48e+09  6.86e+09  6.34e+09  5.78e+09  5.38e+09  4.99e+09  4.58e+09  4.24e+09  3.95e+09
100      1.39e+10  1.52e+10  1.53e+10  1.47e+10  1.38e+10  1.28e+10  1.19e+10  1.09e+10  9.96e+09  9.14e+09  8.35e+09   7.7e+09  7.11e+09  6.52e+09  6.02e+09  5.58e+09
O-O      1.62e+10  1.81e+10  1.85e+10  1.81e+10  1.72e+10  1.61e+10   1.5e+10  1.38e+10  1.27e+10  1.17e+10  1.07e+10  9.88e+09   9.1e+09   8.4e+09  7.76e+09  7.19e+09

P1->W1

P\T           500       600       700       800       900     1e+03   1.1e+03   1.2e+03   1.3e+03   1.4e+03   1.5e+03   1.6e+03   1.7e+03   1.8e+03   1.9e+03     2e+03
0.1      3.31e-26   1.3e-24  1.57e-23  1.01e-22  4.14e-22  1.26e-21  3.03e-21  5.82e-21  7.88e-21  9.04e-21  8.78e-21  5.95e-21   3.8e-21  2.37e-21  1.29e-21   6.4e-22
1        1.01e-25  3.96e-24  4.82e-23  3.13e-22  1.28e-21  3.79e-21  8.26e-21  1.34e-20  1.55e-20  1.58e-20  1.46e-20  9.81e-21  6.57e-21  4.66e-21  2.82e-21   1.3e-21
10       2.49e-25  9.98e-24  1.23e-22  7.94e-22  3.14e-21  8.75e-21  1.72e-20  2.47e-20  2.56e-20  2.41e-20  2.15e-20  1.43e-20  9.86e-21  7.64e-21  5.39e-21  3.34e-21
100       2.8e-25   1.2e-23  1.52e-22  9.81e-22  3.75e-21  1.02e-20     2e-20  3.08e-20  3.54e-20  3.49e-20  3.22e-20  2.21e-20  1.61e-20  1.32e-20  1.02e-20  7.27e-21
O-O           ***       ***       ***       ***       ***       ***       ***       ***       ***       ***       ***       ***       ***       ***       ***       ***

P1->W2

P\T           500       600       700       800       900     1e+03   1.1e+03   1.2e+03   1.3e+03   1.4e+03   1.5e+03   1.6e+03   1.7e+03   1.8e+03   1.9e+03     2e+03
0.1      3.25e-11  3.98e-11  4.55e-11  4.79e-11  5.18e-11  5.38e-11  5.75e-11  6.02e-11  6.17e-11  6.37e-11  6.41e-11   6.7e-11   6.9e-11  6.93e-11  7.07e-11  7.23e-11
1        6.78e-11  7.62e-11  8.29e-11  8.53e-11     9e-11  9.23e-11  9.69e-11     1e-10  1.02e-10  1.04e-10  1.05e-10  1.08e-10  1.11e-10  1.11e-10  1.13e-10  1.15e-10
10       1.28e-10  1.32e-10  1.36e-10  1.37e-10  1.41e-10  1.43e-10  1.48e-10  1.51e-10  1.52e-10  1.55e-10  1.55e-10  1.59e-10  1.62e-10  1.62e-10  1.64e-10  1.66e-10
100      2.07e-10  2.08e-10   2.1e-10  2.11e-10  2.13e-10  2.14e-10  2.17e-10   2.2e-10  2.21e-10  2.23e-10  2.25e-10  2.27e-10   2.3e-10  2.31e-10  2.33e-10  2.35e-10
O-O      2.41e-10  2.48e-10  2.54e-10   2.6e-10  2.65e-10   2.7e-10  2.74e-10  2.78e-10  2.82e-10  2.86e-10  2.89e-10  2.92e-10  2.95e-10  2.98e-10     3e-10  3.03e-10

W1-> 

P\T           500       600       700       800       900     1e+03   1.1e+03   1.2e+03   1.3e+03   1.4e+03   1.5e+03   1.6e+03   1.7e+03   1.8e+03   1.9e+03     2e+03
0.1      3.33e+10  2.73e+10  1.99e+10  1.54e+10  1.18e+10  9.25e+09  7.61e+09  6.69e+09  5.57e+09  5.06e+09  4.41e+09  3.66e+09  2.85e+09  2.33e+09  1.73e+09  1.14e+09
1         9.8e+10  8.03e+10  5.95e+10  4.62e+10  3.57e+10  2.82e+10  2.33e+10  2.03e+10   1.7e+10  1.53e+10  1.34e+10  1.13e+10  9.16e+09  8.07e+09  6.76e+09   5.3e+09
10       2.44e+11  2.05e+11  1.56e+11  1.24e+11  9.72e+10  7.78e+10  6.46e+10  5.67e+10  4.77e+10  4.31e+10  3.78e+10  3.22e+10  2.67e+10  2.41e+10  2.11e+10  1.79e+10
100      5.12e+11  4.47e+11  3.57e+11  2.91e+11  2.35e+11  1.92e+11  1.62e+11  1.43e+11  1.21e+11   1.1e+11  9.74e+10   8.4e+10  7.07e+10  6.45e+10  5.78e+10  5.07e+10
O-O       2.1e+12   2.6e+12  3.04e+12  3.44e+12  3.79e+12  4.11e+12  4.41e+12  4.68e+12  4.94e+12  5.19e+12  5.42e+12  5.64e+12  5.86e+12  6.06e+12  6.26e+12  6.45e+12

W2-> 

P\T           500       600       700       800       900     1e+03   1.1e+03   1.2e+03   1.3e+03   1.4e+03   1.5e+03   1.6e+03   1.7e+03   1.8e+03   1.9e+03     2e+03
0.1      2.19e+09  2.92e+09  3.33e+09  3.35e+09  3.39e+09  3.23e+09  3.16e+09  3.01e+09   2.8e+09  2.62e+09   2.4e+09  2.28e+09  2.14e+09  1.97e+09  1.84e+09  1.73e+09
1        4.56e+09  5.56e+09  6.05e+09  5.95e+09  5.86e+09  5.52e+09  5.29e+09  4.98e+09  4.59e+09  4.28e+09   3.9e+09  3.67e+09  3.42e+09  3.14e+09  2.92e+09  2.73e+09
10        8.6e+09  9.62e+09  9.94e+09  9.57e+09  9.19e+09  8.55e+09  8.05e+09  7.48e+09  6.86e+09  6.34e+09  5.78e+09  5.38e+09  4.99e+09  4.58e+09  4.24e+09  3.95e+09
100      1.39e+10  1.52e+10  1.53e+10  1.47e+10  1.38e+10  1.28e+10  1.19e+10  1.09e+10  9.96e+09  9.14e+09  8.35e+09   7.7e+09  7.11e+09  6.52e+09  6.02e+09  5.58e+09
O-O      1.62e+10  1.81e+10  1.85e+10  1.81e+10  1.72e+10  1.61e+10   1.5e+10  1.38e+10  1.27e+10  1.17e+10  1.07e+10  9.88e+09   9.1e+09   8.4e+09  7.76e+09  7.19e+09

P1-> 

P\T           500       600       700       800       900     1e+03   1.1e+03   1.2e+03   1.3e+03   1.4e+03   1.5e+03   1.6e+03   1.7e+03   1.8e+03   1.9e+03     2e+03
0.1      3.25e-11  3.98e-11  4.55e-11  4.79e-11  5.18e-11  5.38e-11  5.75e-11  6.02e-11  6.17e-11  6.37e-11  6.41e-11   6.7e-11   6.9e-11  6.93e-11  7.07e-11  7.23e-11
1        6.78e-11  7.62e-11  8.29e-11  8.53e-11     9e-11  9.23e-11  9.69e-11     1e-10  1.02e-10  1.04e-10  1.05e-10  1.08e-10  1.11e-10  1.11e-10  1.13e-10  1.15e-10
10       1.28e-10  1.32e-10  1.36e-10  1.37e-10  1.41e-10  1.43e-10  1.48e-10  1.51e-10  1.52e-10  1.55e-10  1.55e-10  1.59e-10  1.62e-10  1.62e-10  1.64e-10  1.66e-10
100      2.07e-10  2.08e-10   2.1e-10  2.11e-10  2.13e-10  2.14e-10  2.17e-10   2.2e-10  2.21e-10  2.23e-10  2.25e-10  2.27e-10   2.3e-10  2.31e-10  2.33e-10  2.35e-10
O-O      2.41e-10  2.48e-10  2.54e-10   2.6e-10  2.65e-10   2.7e-10  2.74e-10  2.78e-10  2.82e-10  2.86e-10  2.89e-10  2.92e-10  2.95e-10  2.98e-10     3e-10  3.03e-10

