Wells (G - ground energy, D - dissociation limit, kcal/mol):
                           W         G         D
       FakeW-C5H8(522)+OH(4)        -3     -1.91
      FakeW-C5H7(500)+H2O(5)     -37.4     -34.4

Bimolecular Products (G - ground energy, kcal/mol):
                     P         G
       C5H8(522)+OH(4)         0
      C5H7(500)+H2O(5)     -34.4

Well-to-Bimolecular Barriers (H/G - barrier height/well depth, kcal/mol)
                           B         H                      W         G                P
       FakeB-C5H8(522)+OH(4)         0  FakeW-C5H8(522)+OH(4)        -3  C5H8(522)+OH(4)
      FakeB-C5H7(500)+H2O(5)     -34.4 FakeW-C5H7(500)+H2O(5)     -37.4 C5H7(500)+H2O(5)

Well-to-Well Barriers (H/G - barrier height/well depth, kcal/mol):
           B         H                     W1        G1                     W2        G2
      ts_1_2     -1.91  FakeW-C5H8(522)+OH(4)        -3 FakeW-C5H7(500)+H2O(5)     -37.4

Bound Groups: dissociation barrier (name/ground energy, kcal/mol): wells (name/ground energy, kcal/mol):
     C2/-34.4:  FakeW-C5H7(500)+H2O(5)/-37.4

     B1/-1.91:  FakeW-C5H8(522)+OH(4)/-3

________________________________________________________________________________________

Names Translation Tables (<short name> - <original name>):
Wells:
   W1 - FakeW-C5H8(522)+OH(4)
   W2 - FakeW-C5H7(500)+H2O(5)
Bimolecular products:
   P1 - C5H8(522)+OH(4)
   P2 - C5H7(500)+H2O(5)
Inner Barriers:
   B1 - ts_1_2
Outer Barriers:
   C1 - FakeB-C5H8(522)+OH(4)
   C2 - FakeB-C5H7(500)+H2O(5)
Unimolecular Rate Units: 1/sec;  Bimolecular Rate Units: cm^3/sec

______________________________________________________________________________________

Species-Species Rate Tables:

Temperature = 500 K

High Pressure Rate Coefficients:

From\To         W1        W2        P1        P2
W1             ***  8.52e+08  8.68e+09       ***
W2        6.76e-07       ***       ***  1.68e+10
P1        2.45e-10       ***       ***       ***
P2             ***   2.4e-10       ***       ***

Temperature = 500 K    Pressure = 0.1 atm

From\To         W1        W2        P1        P2
W1        1.47e+09  7.96e+03  1.27e+09  1.97e+08
W2              -0  2.39e+09         0  2.39e+09
P1        3.58e-11  2.96e-16  5.34e-11  1.65e-11
P2        2.23e-27   3.4e-11  6.62e-27  3.48e-11

Temperature = 500 K    Pressure = 1 atm

From\To         W1        W2        P1        P2
W1        3.06e+09  3.02e+04  2.72e+09  3.42e+08
W2        7.88e-15  5.03e+09  1.07e-15  5.03e+09
P1        7.66e-11  1.12e-15  8.96e-11   1.3e-11
P2        3.88e-27  7.18e-11  5.24e-27  7.18e-11

Temperature = 500 K    Pressure = 10 atm

From\To         W1        W2        P1        P2
W1        5.66e+09   8.2e+05  5.11e+09  5.51e+08
W2        5.86e-10  9.13e+09   1.4e-10  9.13e+09
P1        1.44e-10  8.21e-15  1.52e-10  7.61e-12
P2        6.24e-27   1.3e-10  3.06e-27   1.3e-10

Temperature = 500 K    Pressure = 100 atm

From\To         W1        W2        P1        P2
W1        8.53e+09  2.52e+08  7.76e+09  5.18e+08
W2           2e-07  1.44e+10  1.64e-08  1.44e+10
P1        2.19e-10  5.86e-13  2.21e-10  1.35e-12
P2        5.87e-27  2.05e-10  5.42e-28  2.05e-10

Temperature = 600 K

High Pressure Rate Coefficients:

From\To         W1        W2        P1        P2
W1             ***  8.39e+08  9.72e+09       ***
W2        0.000185       ***       ***  1.74e+10
P1        2.52e-10       ***       ***       ***
P2             ***  2.47e-10       ***       ***

Temperature = 600 K    Pressure = 0.1 atm

From\To         W1        W2        P1        P2
W1         1.9e+09  8.77e+03  1.71e+09  1.83e+08
W2       -4.01e-18   2.9e+09 -1.98e-14   2.9e+09
P1        4.44e-11  3.82e-16  6.07e-11  1.53e-11
P2        5.72e-25  4.11e-11  1.85e-24  4.19e-11

Temperature = 600 K    Pressure = 1 atm

From\To         W1        W2        P1        P2
W1        3.59e+09  3.05e+04  3.27e+09  3.16e+08
W2        1.11e-11  5.56e+09  1.04e-12  5.56e+09
P1        8.49e-11  1.29e-15  9.73e-11  1.23e-11
P2        9.89e-25   7.9e-11  1.49e-24   7.9e-11

Temperature = 600 K    Pressure = 10 atm

From\To         W1        W2        P1        P2
W1        6.13e+09  9.11e+05  5.62e+09  5.04e+08
W2        1.84e-07  9.41e+09  4.25e-08  9.41e+09
P1        1.46e-10  8.43e-15  1.54e-10  7.78e-12
P2        1.58e-24  1.34e-10  9.38e-25-4.03e+199

Temperature = 600 K    Pressure = 100 atm

From\To         W1        W2        P1        P2
W1        9.24e+09  2.24e+08   8.5e+09  5.08e+08
W2        4.94e-05  1.46e+10  5.38e-06  1.46e+10
P1        2.21e-10  6.36e-13  2.23e-10  1.67e-12
P2        1.59e-24  2.07e-10  2.02e-25  2.07e-10

Temperature = 700 K

High Pressure Rate Coefficients:

From\To         W1        W2        P1        P2
W1             ***  8.25e+08  9.97e+09       ***
W2         0.00998       ***       ***  1.67e+10
P1        2.59e-10       ***       ***       ***
P2             ***  2.53e-10       ***       ***

Temperature = 700 K    Pressure = 0.1 atm

From\To         W1        W2        P1        P2
W1        2.17e+09  1.07e+04     2e+09  1.75e+08
W2       -6.09e-14  3.31e+09 -3.58e-14  3.31e+09
P1        5.17e-11  4.78e-16  6.77e-11  1.51e-11
P2        3.22e-23  5.01e-11  1.07e-22  5.08e-11

Temperature = 700 K    Pressure = 1 atm

From\To         W1        W2        P1        P2
W1        3.86e+09  3.39e+04  3.56e+09  2.99e+08
W2        2.99e-09  5.89e+09  2.03e-10  5.89e+09
P1        9.25e-11   1.5e-15  1.05e-10  1.23e-11
P2         5.5e-23  8.95e-11  8.69e-23  8.95e-11

Temperature = 700 K    Pressure = 10 atm

From\To         W1        W2        P1        P2
W1        6.24e+09  1.28e+06  5.77e+09  4.71e+08
W2        1.45e-05  9.35e+09  3.05e-06  9.35e+09
P1         1.5e-10  1.03e-14  1.58e-10  8.09e-12
P2        8.67e-23  1.42e-10  5.73e-23  1.42e-10

Temperature = 700 K    Pressure = 100 atm

From\To         W1        W2        P1        P2
W1        9.28e+09  2.15e+08  8.58e+09  4.84e+08
W2          0.0026  1.39e+10  0.000334  1.39e+10
P1        2.23e-10  7.19e-13  2.26e-10  1.95e-12
P2         8.9e-23  2.11e-10  1.38e-23  2.11e-10

Temperature = 800 K

High Pressure Rate Coefficients:

From\To         W1        W2        P1        P2
W1             ***  8.12e+08  9.74e+09       ***
W2           0.196       ***       ***  1.53e+10
P1        2.65e-10       ***       ***       ***
P2             ***  2.59e-10       ***       ***

Temperature = 800 K    Pressure = 0.1 atm

From\To         W1        W2        P1        P2
W1        2.26e+09  9.96e+03  2.09e+09  1.68e+08
W2       -3.77e-12  3.26e+09  9.67e-12  3.26e+09
P1        5.66e-11  5.59e-16  7.29e-11  1.55e-11
P2        6.85e-22  5.47e-11  2.33e-21  5.54e-11

Temperature = 800 K    Pressure = 1 atm

From\To         W1        W2        P1        P2
W1        3.87e+09  3.11e+04  3.59e+09  2.85e+08
W2        2.14e-07   5.6e+09  1.14e-08   5.6e+09
P1        9.74e-11  1.69e-15   1.1e-10  1.27e-11
P2        1.16e-21  9.44e-11  1.91e-21  9.44e-11

Temperature = 800 K    Pressure = 10 atm

From\To         W1        W2        P1        P2
W1        6.05e+09  1.79e+06  5.61e+09  4.45e+08
W2        0.000417  8.64e+09  7.95e-05  8.64e+09
P1        1.52e-10   1.3e-14  1.61e-10  8.64e-12
P2        1.82e-21  1.46e-10   1.3e-21  1.46e-10

Temperature = 800 K    Pressure = 100 atm

From\To         W1        W2        P1        P2
W1        8.92e+09   2.1e+08  8.25e+09  4.59e+08
W2          0.0509  1.27e+10   0.00731  1.27e+10
P1        2.24e-10  8.24e-13  2.27e-10  2.25e-12
P2        1.88e-21  2.14e-10  3.39e-22  2.14e-10

Temperature = 900 K

High Pressure Rate Coefficients:

From\To         W1        W2        P1        P2
W1             ***     8e+08  9.26e+09       ***
W2            1.98       ***       ***  1.38e+10
P1         2.7e-10       ***       ***       ***
P2             ***  2.64e-10       ***       ***

Temperature = 900 K    Pressure = 0.1 atm

From\To         W1        W2        P1        P2
W1        2.25e+09  9.66e+03  2.08e+09  1.64e+08
W2        2.88e-08  3.14e+09 -5.04e-10  3.14e+09
P1        6.05e-11  6.48e-16  7.77e-11  1.63e-11
P2        7.71e-21  5.96e-11  2.64e-20  6.03e-11

Temperature = 900 K    Pressure = 1 atm

From\To         W1        W2        P1        P2
W1        3.76e+09  3.09e+04  3.48e+09  2.75e+08
W2        7.05e-06  5.24e+09  3.08e-07  5.24e+09
P1        1.01e-10   1.9e-15  1.15e-10  1.34e-11
P2         1.3e-20  9.99e-11  2.18e-20  9.99e-11

Temperature = 900 K    Pressure = 10 atm

From\To         W1        W2        P1        P2
W1        5.74e+09  2.68e+06  5.31e+09  4.26e+08
W2         0.00648  7.89e+09   0.00111  7.89e+09
P1        1.55e-10  1.76e-14  1.64e-10   9.3e-12
P2        2.01e-20  1.51e-10  1.51e-20  1.51e-10

Temperature = 900 K    Pressure = 100 atm

From\To         W1        W2        P1        P2
W1        8.38e+09  2.13e+08  7.73e+09  4.33e+08
W2           0.527  1.13e+10    0.0814  1.13e+10
P1        2.25e-10  9.61e-13  2.29e-10  2.54e-12
P2        2.05e-20  2.17e-10  4.12e-21  2.17e-10

Temperature = 1e+03 K

High Pressure Rate Coefficients:

From\To         W1        W2        P1        P2
W1             ***   7.9e+08  8.67e+09       ***
W2            12.6       ***       ***  1.23e+10
P1        2.75e-10       ***       ***       ***
P2             ***  2.69e-10       ***       ***

Temperature = 1e+03 K    Pressure = 0.1 atm

From\To         W1        W2        P1        P2
W1        2.12e+09  9.15e+03  1.96e+09  1.56e+08
W2       -1.49e-08  2.91e+09  2.35e-08  2.91e+09
P1         6.2e-11  6.97e-16  8.03e-11  1.75e-11
P2        5.37e-20  6.31e-11  1.91e-19  6.38e-11

Temperature = 1e+03 K    Pressure = 1 atm

From\To         W1        W2        P1        P2
W1         3.5e+09  3.38e+04  3.24e+09  2.62e+08
W2        0.000128  4.77e+09   4.9e-06  4.77e+09
P1        1.03e-10  2.04e-15  1.17e-10  1.45e-11
P2        9.06e-20  1.04e-10  1.59e-19  1.04e-10

Temperature = 1e+03 K    Pressure = 10 atm

From\To         W1        W2        P1        P2
W1         5.3e+09  3.95e+06  4.89e+09  4.04e+08
W2          0.0618  7.06e+09   0.00998  7.06e+09
P1        1.55e-10  2.46e-14  1.65e-10  1.03e-11
P2         1.4e-19  1.54e-10  1.12e-19  1.54e-10

Temperature = 1e+03 K    Pressure = 100 atm

From\To         W1        W2        P1        P2
W1        7.74e+09  2.17e+08  7.12e+09  4.07e+08
W2            3.45     1e+10     0.577     1e+10
P1        2.26e-10  1.16e-12   2.3e-10  2.91e-12
P2        1.41e-19  2.19e-10  3.18e-20  2.19e-10

Temperature = 1.1e+03 K

High Pressure Rate Coefficients:

From\To         W1        W2        P1        P2
W1             ***  7.82e+08  8.04e+09       ***
W2            56.7       ***       ***   1.1e+10
P1        2.79e-10       ***       ***       ***
P2             ***  2.73e-10       ***       ***

Temperature = 1.1e+03 K    Pressure = 0.1 atm

From\To         W1        W2        P1        P2
W1        2.01e+09  7.26e+03  1.85e+09  1.52e+08
W2        7.86e-06  2.59e+09  2.68e-07  2.59e+09
P1        6.41e-11   7.8e-16  8.37e-11  1.88e-11
P2        2.74e-19  6.43e-11  9.77e-19   6.5e-11

Temperature = 1.1e+03 K    Pressure = 1 atm

From\To         W1        W2        P1        P2
W1        3.27e+09  3.79e+04  3.02e+09  2.55e+08
W2          0.0013  4.21e+09  4.26e-05  4.21e+09
P1        1.05e-10  2.26e-15   1.2e-10  1.57e-11
P2         4.6e-19  1.05e-10  8.17e-19  1.05e-10

Temperature = 1.1e+03 K    Pressure = 10 atm

From\To         W1        W2        P1        P2
W1         4.9e+09  5.36e+06   4.5e+09   3.9e+08
W2           0.386   6.2e+09    0.0575   6.2e+09
P1        1.56e-10  3.27e-14  1.67e-10  1.12e-11
P2        7.05e-19  1.54e-10  5.84e-19  1.54e-10

Temperature = 1.1e+03 K    Pressure = 100 atm

From\To         W1        W2        P1        P2
W1        7.13e+09   2.2e+08  6.52e+09  3.86e+08
W2              16  8.83e+09      2.78  8.83e+09
P1        2.26e-10  1.34e-12  2.31e-10  3.26e-12
P2        6.99e-19   2.2e-10   1.7e-19   2.2e-10

Temperature = 1.2e+03 K

High Pressure Rate Coefficients:

From\To         W1        W2        P1        P2
W1             ***  7.73e+08  7.42e+09       ***
W2             199       ***       ***  9.71e+09
P1        2.83e-10       ***       ***       ***
P2             ***  2.77e-10       ***       ***

Temperature = 1.2e+03 K    Pressure = 0.1 atm

From\To         W1        W2        P1        P2
W1        1.92e+09  6.22e+03  1.77e+09  1.52e+08
W2         6.9e-05  2.36e+09  2.23e-06  2.36e+09
P1        6.71e-11  9.12e-16  8.81e-11  2.01e-11
P2        1.11e-18  6.71e-11  3.86e-18  6.77e-11

Temperature = 1.2e+03 K    Pressure = 1 atm

From\To         W1        W2        P1        P2
W1        3.08e+09  5.59e+04  2.83e+09  2.53e+08
W2          0.0102  3.78e+09  0.000286  3.78e+09
P1        1.08e-10  2.61e-15  1.25e-10  1.68e-11
P2        1.85e-18  1.08e-10  3.22e-18  1.08e-10

Temperature = 1.2e+03 K    Pressure = 10 atm

From\To         W1        W2        P1        P2
W1        4.56e+09  7.58e+06  4.17e+09  3.81e+08
W2            1.94  5.52e+09     0.263  5.52e+09
P1        1.59e-10  4.48e-14  1.71e-10   1.2e-11
P2         2.8e-18  1.57e-10  2.31e-18  1.57e-10

Temperature = 1.2e+03 K    Pressure = 100 atm

From\To         W1        W2        P1        P2
W1        6.57e+09  2.29e+08  5.97e+09  3.65e+08
W2              59   7.8e+09      10.2   7.8e+09
P1        2.28e-10  1.53e-12  2.33e-10   3.5e-12
P2        2.68e-18  2.23e-10  6.73e-19  2.23e-10

Temperature = 1.3e+03 K

High Pressure Rate Coefficients:

From\To         W1        W2        P1        P2
W1             ***  7.66e+08  6.83e+09       ***
W2             574       ***       ***  8.61e+09
P1        2.87e-10       ***       ***       ***
P2             ***  2.81e-10       ***       ***

Temperature = 1.3e+03 K    Pressure = 0.1 atm

From\To         W1        W2        P1        P2
W1         1.8e+09   6.5e+03  1.65e+09  1.51e+08
W2        0.000527  2.19e+09  1.53e-05  2.19e+09
P1         6.9e-11  1.03e-15  9.15e-11  2.16e-11
P2        3.67e-18  7.09e-11  1.25e-17  7.16e-11

Temperature = 1.3e+03 K    Pressure = 1 atm

From\To         W1        W2        P1        P2
W1        2.87e+09  1.08e+05  2.62e+09  2.49e+08
W2          0.0695  3.45e+09    0.0017  3.45e+09
P1         1.1e-10  2.96e-15  1.28e-10  1.81e-11
P2        6.08e-18  1.12e-10  1.05e-17  1.12e-10

Temperature = 1.3e+03 K    Pressure = 10 atm

From\To         W1        W2        P1        P2
W1        4.21e+09  1.11e+07  3.82e+09   3.7e+08
W2            8.27  4.96e+09      1.05  4.96e+09
P1        1.61e-10  6.49e-14  1.74e-10   1.3e-11
P2        9.06e-18  1.62e-10  7.58e-18  1.62e-10

Temperature = 1.3e+03 K    Pressure = 100 atm

From\To         W1        W2        P1        P2
W1        6.04e+09  2.42e+08  5.45e+09  3.41e+08
W2             182  6.91e+09      31.8  6.91e+09
P1        2.29e-10  1.79e-12  2.35e-10  3.76e-12
P2        8.34e-18  2.25e-10  2.19e-18  2.25e-10

Temperature = 1.4e+03 K

High Pressure Rate Coefficients:

From\To         W1        W2        P1        P2
W1             ***  7.59e+08  6.27e+09       ***
W2        1.42e+03       ***       ***  7.65e+09
P1        2.91e-10       ***       ***       ***
P2             ***  2.84e-10       ***       ***

Temperature = 1.4e+03 K    Pressure = 0.1 atm

From\To         W1        W2        P1        P2
W1        1.67e+09  5.45e+03  1.52e+09  1.48e+08
W2         0.00254  1.93e+09  6.42e-05  1.93e+09
P1        7.01e-11  1.13e-15  9.43e-11  2.33e-11
P2        1.03e-17  7.14e-11  3.51e-17  7.21e-11

Temperature = 1.4e+03 K    Pressure = 1 atm

From\To         W1        W2        P1        P2
W1        2.65e+09  1.74e+05   2.4e+09  2.44e+08
W2           0.307  3.03e+09   0.00669  3.03e+09
P1        1.11e-10  3.29e-15  1.31e-10  1.96e-11
P2         1.7e-17  1.13e-10  2.96e-17  1.13e-10

Temperature = 1.4e+03 K    Pressure = 10 atm

From\To         W1        W2        P1        P2
W1        3.86e+09   1.4e+07  3.49e+09  3.59e+08
W2            26.2  4.36e+09      3.15  4.36e+09
P1        1.62e-10  8.45e-14  1.76e-10  1.42e-11
P2         2.5e-17  1.62e-10  2.14e-17  1.62e-10

Temperature = 1.4e+03 K    Pressure = 100 atm

From\To         W1        W2        P1        P2
W1        5.54e+09  2.47e+08  4.97e+09  3.25e+08
W2             464  6.11e+09      82.8  6.11e+09
P1         2.3e-10  2.05e-12  2.36e-10  4.12e-12
P2        2.27e-17  2.27e-10  6.21e-18  2.27e-10

Temperature = 1.5e+03 K

High Pressure Rate Coefficients:

From\To         W1        W2        P1        P2
W1             ***  7.52e+08  5.77e+09       ***
W2        3.13e+03       ***       ***  6.81e+09
P1        2.94e-10       ***       ***       ***
P2             ***  2.88e-10       ***       ***

Temperature = 1.5e+03 K    Pressure = 0.1 atm

From\To         W1        W2        P1        P2
W1        1.58e+09  6.31e+03  1.43e+09  1.49e+08
W2          0.0123  1.77e+09   0.00026  1.77e+09
P1        7.26e-11  1.32e-15  9.85e-11  2.48e-11
P2        2.61e-17  7.46e-11  8.57e-17  7.52e-11

Temperature = 1.5e+03 K    Pressure = 1 atm

From\To         W1        W2        P1        P2
W1        2.49e+09   3.3e+05  2.24e+09  2.44e+08
W2            1.34  2.75e+09    0.0253  2.75e+09
P1        1.14e-10  3.89e-15  1.35e-10  2.09e-11
P2        4.28e-17  1.16e-10  7.22e-17  1.16e-10

Temperature = 1.5e+03 K    Pressure = 10 atm

From\To         W1        W2        P1        P2
W1         3.6e+09   1.9e+07  3.23e+09  3.52e+08
W2            78.9  3.92e+09      8.84  3.92e+09
P1        1.64e-10  1.16e-13   1.8e-10  1.51e-11
P2        6.18e-17  1.66e-10  5.21e-17  1.66e-10

Temperature = 1.5e+03 K    Pressure = 100 atm

From\To         W1        W2        P1        P2
W1        5.12e+09   2.6e+08  4.55e+09  3.04e+08
W2        1.08e+03  5.44e+09       189  5.44e+09
P1        2.32e-10  2.32e-12  2.39e-10  4.29e-12
P2        5.35e-17   2.3e-10  1.48e-17   2.3e-10

Temperature = 1.6e+03 K

High Pressure Rate Coefficients:

From\To         W1        W2        P1        P2
W1             ***  7.46e+08  5.31e+09       ***
W2        6.22e+03       ***       ***  6.07e+09
P1        2.97e-10       ***       ***       ***
P2             ***  2.91e-10       ***       ***

Temperature = 1.6e+03 K    Pressure = 0.1 atm

From\To         W1        W2        P1        P2
W1        1.45e+09  9.33e+03   1.3e+09  1.44e+08
W2          0.0535   1.6e+09  0.000927   1.6e+09
P1        7.25e-11  1.39e-15  1.01e-10  2.69e-11
P2        5.74e-17  7.61e-11  1.92e-16  7.68e-11

Temperature = 1.6e+03 K    Pressure = 1 atm

From\To         W1        W2        P1        P2
W1        2.27e+09  6.14e+05  2.04e+09  2.36e+08
W2            5.06  2.47e+09    0.0861  2.47e+09
P1        1.14e-10  4.38e-15  1.37e-10  2.28e-11
P2        9.42e-17  1.18e-10  1.63e-16  1.18e-10

Temperature = 1.6e+03 K    Pressure = 10 atm

From\To         W1        W2        P1        P2
W1        3.29e+09  2.45e+07  2.93e+09  3.36e+08
W2             204   3.5e+09      22.4   3.5e+09
P1        1.64e-10  1.58e-13  1.81e-10  1.66e-11
P2        1.34e-16  1.68e-10  1.18e-16  1.68e-10

Temperature = 1.6e+03 K    Pressure = 100 atm

From\To         W1        W2        P1        P2
W1        4.71e+09  2.69e+08  4.16e+09  2.85e+08
W2        2.24e+03  4.85e+09       403  4.85e+09
P1        2.33e-10  2.71e-12   2.4e-10  4.68e-12
P2        1.14e-16  2.32e-10  3.34e-17  2.32e-10

Temperature = 1.7e+03 K

High Pressure Rate Coefficients:

From\To         W1        W2        P1        P2
W1             ***   7.4e+08  4.89e+09       ***
W2        1.14e+04       ***       ***  5.44e+09
P1           3e-10       ***       ***       ***
P2             ***  2.94e-10       ***       ***

Temperature = 1.7e+03 K    Pressure = 0.1 atm

From\To         W1        W2        P1        P2
W1        1.37e+09  1.86e+04  1.23e+09  1.46e+08
W2           0.259  1.47e+09   0.00241  1.47e+09
P1        7.51e-11  1.33e-15  1.05e-10  2.89e-11
P2        1.21e-16  7.93e-11  3.92e-16     8e-11

Temperature = 1.7e+03 K    Pressure = 1 atm

From\To         W1        W2        P1        P2
W1        2.14e+09  1.24e+06  1.91e+09  2.36e+08
W2            19.1  2.26e+09     0.247  2.26e+09
P1        1.17e-10  4.54e-15  1.41e-10  2.44e-11
P2        1.96e-16  1.22e-10  3.31e-16  1.22e-10

Temperature = 1.7e+03 K    Pressure = 10 atm

From\To         W1        W2        P1        P2
W1        3.08e+09  3.21e+07  2.72e+09  3.27e+08
W2             494  3.18e+09      50.1  3.18e+09
P1        1.67e-10  2.06e-13  1.85e-10  1.77e-11
P2        2.72e-16  1.72e-10   2.4e-16  1.72e-10

Temperature = 1.7e+03 K    Pressure = 100 atm

From\To         W1        W2        P1        P2
W1        4.38e+09  2.81e+08  3.83e+09  2.69e+08
W2        4.33e+03  4.37e+09       764  4.37e+09
P1        2.35e-10  3.05e-12  2.43e-10  4.92e-12
P2        2.24e-16  2.36e-10  6.68e-17  2.36e-10

Temperature = 1.8e+03 K

High Pressure Rate Coefficients:

From\To         W1        W2        P1        P2
W1             ***  7.34e+08  4.51e+09       ***
W2        1.95e+04       ***       ***  4.88e+09
P1        3.03e-10       ***       ***       ***
P2             ***  2.97e-10       ***       ***

Temperature = 1.8e+03 K    Pressure = 0.1 atm

From\To         W1        W2        P1        P2
W1        1.27e+09  3.59e+04  1.13e+09  1.43e+08
W2           0.915  1.33e+09   0.00394  1.33e+09
P1        7.52e-11  1.83e-15  1.07e-10   3.1e-11
P2         2.3e-16  8.04e-11  7.47e-16  8.11e-11

Temperature = 1.8e+03 K    Pressure = 1 atm

From\To         W1        W2        P1        P2
W1        1.98e+09  2.11e+06  1.74e+09  2.31e+08
W2            56.1  2.03e+09     0.639  2.03e+09
P1        1.17e-10  6.41e-15  1.43e-10  2.61e-11
P2        3.73e-16  1.23e-10  6.29e-16  1.23e-10

Temperature = 1.8e+03 K    Pressure = 10 atm

From\To         W1        W2        P1        P2
W1        2.84e+09  3.93e+07  2.49e+09  3.13e+08
W2        1.05e+03  2.85e+09       105  2.85e+09
P1        1.67e-10  2.74e-13  1.86e-10  1.89e-11
P2        5.07e-16  1.73e-10  4.56e-16  1.73e-10

Temperature = 1.8e+03 K    Pressure = 100 atm

From\To         W1        W2        P1        P2
W1        4.05e+09   2.9e+08   3.5e+09  2.51e+08
W2        7.72e+03   3.9e+09  1.36e+03   3.9e+09
P1        2.35e-10  3.44e-12  2.44e-10  5.15e-12
P2        4.05e-16  2.37e-10  1.24e-16  2.37e-10

Temperature = 1.9e+03 K

High Pressure Rate Coefficients:

From\To         W1        W2        P1        P2
W1             ***  7.28e+08  4.17e+09       ***
W2        3.16e+04       ***       ***   4.4e+09
P1        3.06e-10       ***       ***       ***
P2             ***  2.99e-10       ***       ***

Temperature = 1.9e+03 K    Pressure = 0.1 atm

From\To         W1        W2        P1        P2
W1        1.18e+09  7.07e+04  1.04e+09  1.41e+08
W2            3.06  1.19e+09  -0.00123  1.19e+09
P1         7.6e-11  2.14e-15   1.1e-10  3.36e-11
P2        4.16e-16  8.09e-11  1.35e-15  8.18e-11

Temperature = 1.9e+03 K    Pressure = 1 atm

From\To         W1        W2        P1        P2
W1        1.84e+09  3.35e+06  1.61e+09  2.26e+08
W2             146  1.82e+09      1.36  1.82e+09
P1        1.18e-10  7.66e-15  1.46e-10   2.8e-11
P2        6.69e-16  1.24e-10  1.13e-15  1.24e-10

Temperature = 1.9e+03 K    Pressure = 10 atm

From\To         W1        W2        P1        P2
W1        2.64e+09  4.57e+07  2.29e+09  3.02e+08
W2        1.99e+03  2.56e+09       194  2.56e+09
P1        1.68e-10  3.37e-13  1.89e-10  2.03e-11
P2        8.93e-16  1.74e-10  8.17e-16  1.74e-10

Temperature = 1.9e+03 K    Pressure = 100 atm

From\To         W1        W2        P1        P2
W1        3.76e+09  2.95e+08  3.23e+09  2.38e+08
W2        1.28e+04  3.51e+09  2.26e+03  3.51e+09
P1        2.37e-10  3.82e-12  2.46e-10  5.45e-12
P2        7.05e-16  2.39e-10   2.2e-16  2.39e-10

Temperature = 2e+03 K

High Pressure Rate Coefficients:

From\To         W1        W2        P1        P2
W1             ***  7.22e+08  3.86e+09       ***
W2        4.87e+04       ***       ***  3.97e+09
P1        3.08e-10       ***       ***       ***
P2             ***  3.02e-10       ***       ***

Temperature = 2e+03 K    Pressure = 0.1 atm

From\To         W1        W2        P1        P2
W1        1.13e+09  1.56e+05  9.89e+08  1.44e+08
W2            10.6  1.11e+09   -0.0392  1.11e+09
P1        7.86e-11  2.79e-15  1.15e-10  3.55e-11
P2        7.35e-16  8.37e-11  2.28e-15  8.46e-11

Temperature = 2e+03 K    Pressure = 1 atm

From\To         W1        W2        P1        P2
W1        1.75e+09  5.53e+06  1.52e+09  2.27e+08
W2             374  1.67e+09      2.93  1.67e+09
P1        1.21e-10  9.84e-15   1.5e-10  2.93e-11
P2        1.16e-15  1.27e-10  1.88e-15  1.27e-10

Temperature = 2e+03 K    Pressure = 10 atm

From\To         W1        W2        P1        P2
W1        2.49e+09  5.55e+07  2.14e+09  2.93e+08
W2        3.75e+03  2.33e+09       349  2.33e+09
P1        1.71e-10  4.23e-13  1.93e-10  2.11e-11
P2        1.51e-15  1.77e-10  1.35e-15  1.77e-10

Temperature = 2e+03 K    Pressure = 100 atm

From\To         W1        W2        P1        P2
W1        3.52e+09  3.07e+08  2.99e+09  2.23e+08
W2        2.07e+04  3.17e+09   3.5e+03  3.17e+09
P1        2.39e-10  4.14e-12  2.48e-10  5.48e-12
P2        1.14e-15  2.41e-10  3.52e-16  2.41e-10

______________________________________________________________________________________

High Pressure Rate Coefficients (Temperature-Species Rate Tables):

Reactant = W1
   T(K)        W1        W2        P1        P2
    500       ***  8.52e+08  8.68e+09       ***
    600       ***  8.39e+08  9.72e+09       ***
    700       ***  8.25e+08  9.97e+09       ***
    800       ***  8.12e+08  9.74e+09       ***
    900       ***     8e+08  9.26e+09       ***
  1e+03       ***   7.9e+08  8.67e+09       ***
1.1e+03       ***  7.82e+08  8.04e+09       ***
1.2e+03       ***  7.73e+08  7.42e+09       ***
1.3e+03       ***  7.66e+08  6.83e+09       ***
1.4e+03       ***  7.59e+08  6.27e+09       ***
1.5e+03       ***  7.52e+08  5.77e+09       ***
1.6e+03       ***  7.46e+08  5.31e+09       ***
1.7e+03       ***   7.4e+08  4.89e+09       ***
1.8e+03       ***  7.34e+08  4.51e+09       ***
1.9e+03       ***  7.28e+08  4.17e+09       ***
  2e+03       ***  7.22e+08  3.86e+09       ***

Reactant = W2
   T(K)        W1        W2        P1        P2
    500  6.76e-07       ***       ***  1.68e+10
    600  0.000185       ***       ***  1.74e+10
    700   0.00998       ***       ***  1.67e+10
    800     0.196       ***       ***  1.53e+10
    900      1.98       ***       ***  1.38e+10
  1e+03      12.6       ***       ***  1.23e+10
1.1e+03      56.7       ***       ***   1.1e+10
1.2e+03       199       ***       ***  9.71e+09
1.3e+03       574       ***       ***  8.61e+09
1.4e+03  1.42e+03       ***       ***  7.65e+09
1.5e+03  3.13e+03       ***       ***  6.81e+09
1.6e+03  6.22e+03       ***       ***  6.07e+09
1.7e+03  1.14e+04       ***       ***  5.44e+09
1.8e+03  1.95e+04       ***       ***  4.88e+09
1.9e+03  3.16e+04       ***       ***   4.4e+09
  2e+03  4.87e+04       ***       ***  3.97e+09

Reactant = P1
   T(K)        W1        W2        P1        P2
    500  2.45e-10       ***       ***       ***
    600  2.52e-10       ***       ***       ***
    700  2.59e-10       ***       ***       ***
    800  2.65e-10       ***       ***       ***
    900   2.7e-10       ***       ***       ***
  1e+03  2.75e-10       ***       ***       ***
1.1e+03  2.79e-10       ***       ***       ***
1.2e+03  2.83e-10       ***       ***       ***
1.3e+03  2.87e-10       ***       ***       ***
1.4e+03  2.91e-10       ***       ***       ***
1.5e+03  2.94e-10       ***       ***       ***
1.6e+03  2.97e-10       ***       ***       ***
1.7e+03     3e-10       ***       ***       ***
1.8e+03  3.03e-10       ***       ***       ***
1.9e+03  3.06e-10       ***       ***       ***
  2e+03  3.08e-10       ***       ***       ***

Reactant = P2
   T(K)        W1        W2        P1        P2
    500       ***   2.4e-10       ***       ***
    600       ***  2.47e-10       ***       ***
    700       ***  2.53e-10       ***       ***
    800       ***  2.59e-10       ***       ***
    900       ***  2.64e-10       ***       ***
  1e+03       ***  2.69e-10       ***       ***
1.1e+03       ***  2.73e-10       ***       ***
1.2e+03       ***  2.77e-10       ***       ***
1.3e+03       ***  2.81e-10       ***       ***
1.4e+03       ***  2.84e-10       ***       ***
1.5e+03       ***  2.88e-10       ***       ***
1.6e+03       ***  2.91e-10       ***       ***
1.7e+03       ***  2.94e-10       ***       ***
1.8e+03       ***  2.97e-10       ***       ***
1.9e+03       ***  2.99e-10       ***       ***
  2e+03       ***  3.02e-10       ***       ***

Capture/Escape Rate Coefficients:

   T(K)        W1        W2        P1        P2
    500  9.53e+09  1.68e+10  2.45e-10   2.4e-10
    600  1.06e+10  1.74e+10  2.52e-10  2.47e-10
    700  1.08e+10  1.67e+10  2.59e-10  2.53e-10
    800  1.06e+10  1.53e+10  2.65e-10  2.59e-10
    900  1.01e+10  1.38e+10   2.7e-10  2.64e-10
  1e+03  9.46e+09  1.23e+10  2.75e-10  2.69e-10
1.1e+03  8.82e+09   1.1e+10  2.79e-10  2.73e-10
1.2e+03  8.19e+09  9.71e+09  2.83e-10  2.77e-10
1.3e+03  7.59e+09  8.61e+09  2.87e-10  2.81e-10
1.4e+03  7.03e+09  7.65e+09  2.91e-10  2.84e-10
1.5e+03  6.52e+09  6.81e+09  2.94e-10  2.88e-10
1.6e+03  6.05e+09  6.07e+09  2.97e-10  2.91e-10
1.7e+03  5.63e+09  5.44e+09     3e-10  2.94e-10
1.8e+03  5.25e+09  4.88e+09  3.03e-10  2.97e-10
1.9e+03   4.9e+09   4.4e+09  3.06e-10  2.99e-10
  2e+03  4.58e+09  3.97e+09  3.08e-10  3.02e-10

______________________________________________________________________________________

Pressure-Species Rate Tables:

Reactant = W1   Temperature = 500 K

   P(atm)        W2        P1        P2      Loss
      0.1  7.96e+03  1.27e+09  1.97e+08  1.47e+09
        1  3.02e+04  2.72e+09  3.42e+08  3.06e+09
       10   8.2e+05  5.11e+09  5.51e+08  5.66e+09
      100  2.52e+08  7.76e+09  5.18e+08  8.53e+09
      O-O  8.52e+08  8.68e+09       ***  9.53e+09

Reactant = W1   Temperature = 600 K

   P(atm)        W2        P1        P2      Loss
      0.1  8.77e+03  1.71e+09  1.83e+08   1.9e+09
        1  3.05e+04  3.27e+09  3.16e+08  3.59e+09
       10  9.11e+05  5.62e+09  5.04e+08  6.13e+09
      100  2.24e+08   8.5e+09  5.08e+08  9.24e+09
      O-O  8.39e+08  9.72e+09       ***  1.06e+10

Reactant = W1   Temperature = 700 K

   P(atm)        W2        P1        P2      Loss
      0.1  1.07e+04     2e+09  1.75e+08  2.17e+09
        1  3.39e+04  3.56e+09  2.99e+08  3.86e+09
       10  1.28e+06  5.77e+09  4.71e+08  6.24e+09
      100  2.15e+08  8.58e+09  4.84e+08  9.28e+09
      O-O  8.25e+08  9.97e+09       ***  1.08e+10

Reactant = W1   Temperature = 800 K

   P(atm)        W2        P1        P2      Loss
      0.1  9.96e+03  2.09e+09  1.68e+08  2.26e+09
        1  3.11e+04  3.59e+09  2.85e+08  3.87e+09
       10  1.79e+06  5.61e+09  4.45e+08  6.05e+09
      100   2.1e+08  8.25e+09  4.59e+08  8.92e+09
      O-O  8.12e+08  9.74e+09       ***  1.06e+10

Reactant = W1   Temperature = 900 K

   P(atm)        W2        P1        P2      Loss
      0.1  9.66e+03  2.08e+09  1.64e+08  2.25e+09
        1  3.09e+04  3.48e+09  2.75e+08  3.76e+09
       10  2.68e+06  5.31e+09  4.26e+08  5.74e+09
      100  2.13e+08  7.73e+09  4.33e+08  8.38e+09
      O-O     8e+08  9.26e+09       ***  1.01e+10

Reactant = W1   Temperature = 1e+03 K

   P(atm)        W2        P1        P2      Loss
      0.1  9.15e+03  1.96e+09  1.56e+08  2.12e+09
        1  3.38e+04  3.24e+09  2.62e+08   3.5e+09
       10  3.95e+06  4.89e+09  4.04e+08   5.3e+09
      100  2.17e+08  7.12e+09  4.07e+08  7.74e+09
      O-O   7.9e+08  8.67e+09       ***  9.46e+09

Reactant = W1   Temperature = 1.1e+03 K

   P(atm)        W2        P1        P2      Loss
      0.1  7.26e+03  1.85e+09  1.52e+08  2.01e+09
        1  3.79e+04  3.02e+09  2.55e+08  3.27e+09
       10  5.36e+06   4.5e+09   3.9e+08   4.9e+09
      100   2.2e+08  6.52e+09  3.86e+08  7.13e+09
      O-O  7.82e+08  8.04e+09       ***  8.82e+09

Reactant = W1   Temperature = 1.2e+03 K

   P(atm)        W2        P1        P2      Loss
      0.1  6.22e+03  1.77e+09  1.52e+08  1.92e+09
        1  5.59e+04  2.83e+09  2.53e+08  3.08e+09
       10  7.58e+06  4.17e+09  3.81e+08  4.56e+09
      100  2.29e+08  5.97e+09  3.65e+08  6.57e+09
      O-O  7.73e+08  7.42e+09       ***  8.19e+09

Reactant = W1   Temperature = 1.3e+03 K

   P(atm)        W2        P1        P2      Loss
      0.1   6.5e+03  1.65e+09  1.51e+08   1.8e+09
        1  1.08e+05  2.62e+09  2.49e+08  2.87e+09
       10  1.11e+07  3.82e+09   3.7e+08  4.21e+09
      100  2.42e+08  5.45e+09  3.41e+08  6.04e+09
      O-O  7.66e+08  6.83e+09       ***  7.59e+09

Reactant = W1   Temperature = 1.4e+03 K

   P(atm)        W2        P1        P2      Loss
      0.1  5.45e+03  1.52e+09  1.48e+08  1.67e+09
        1  1.74e+05   2.4e+09  2.44e+08  2.65e+09
       10   1.4e+07  3.49e+09  3.59e+08  3.86e+09
      100  2.47e+08  4.97e+09  3.25e+08  5.54e+09
      O-O  7.59e+08  6.27e+09       ***  7.03e+09

Reactant = W1   Temperature = 1.5e+03 K

   P(atm)        W2        P1        P2      Loss
      0.1  6.31e+03  1.43e+09  1.49e+08  1.58e+09
        1   3.3e+05  2.24e+09  2.44e+08  2.49e+09
       10   1.9e+07  3.23e+09  3.52e+08   3.6e+09
      100   2.6e+08  4.55e+09  3.04e+08  5.12e+09
      O-O  7.52e+08  5.77e+09       ***  6.52e+09

Reactant = W1   Temperature = 1.6e+03 K

   P(atm)        W2        P1        P2      Loss
      0.1  9.33e+03   1.3e+09  1.44e+08  1.45e+09
        1  6.14e+05  2.04e+09  2.36e+08  2.27e+09
       10  2.45e+07  2.93e+09  3.36e+08  3.29e+09
      100  2.69e+08  4.16e+09  2.85e+08  4.71e+09
      O-O  7.46e+08  5.31e+09       ***  6.05e+09

Reactant = W1   Temperature = 1.7e+03 K

   P(atm)        W2        P1        P2      Loss
      0.1  1.86e+04  1.23e+09  1.46e+08  1.37e+09
        1  1.24e+06  1.91e+09  2.36e+08  2.14e+09
       10  3.21e+07  2.72e+09  3.27e+08  3.08e+09
      100  2.81e+08  3.83e+09  2.69e+08  4.38e+09
      O-O   7.4e+08  4.89e+09       ***  5.63e+09

Reactant = W1   Temperature = 1.8e+03 K

   P(atm)        W2        P1        P2      Loss
      0.1  3.59e+04  1.13e+09  1.43e+08  1.27e+09
        1  2.11e+06  1.74e+09  2.31e+08  1.98e+09
       10  3.93e+07  2.49e+09  3.13e+08  2.84e+09
      100   2.9e+08   3.5e+09  2.51e+08  4.05e+09
      O-O  7.34e+08  4.51e+09       ***  5.25e+09

Reactant = W1   Temperature = 1.9e+03 K

   P(atm)        W2        P1        P2      Loss
      0.1  7.07e+04  1.04e+09  1.41e+08  1.18e+09
        1  3.35e+06  1.61e+09  2.26e+08  1.84e+09
       10  4.57e+07  2.29e+09  3.02e+08  2.64e+09
      100  2.95e+08  3.23e+09  2.38e+08  3.76e+09
      O-O  7.28e+08  4.17e+09       ***   4.9e+09

Reactant = W1   Temperature = 2e+03 K

   P(atm)        W2        P1        P2      Loss
      0.1  1.56e+05  9.89e+08  1.44e+08  1.13e+09
        1  5.53e+06  1.52e+09  2.27e+08  1.75e+09
       10  5.55e+07  2.14e+09  2.93e+08  2.49e+09
      100  3.07e+08  2.99e+09  2.23e+08  3.52e+09
      O-O  7.22e+08  3.86e+09       ***  4.58e+09

Reactant = W2   Temperature = 500 K

   P(atm)        W1        P1        P2      Loss
      0.1        -0         0  2.39e+09  2.39e+09
        1  7.88e-15  1.07e-15  5.03e+09  5.03e+09
       10  5.86e-10   1.4e-10  9.13e+09  9.13e+09
      100     2e-07  1.64e-08  1.44e+10  1.44e+10
      O-O  6.76e-07       ***  1.68e+10  1.68e+10

Reactant = W2   Temperature = 600 K

   P(atm)        W1        P1        P2      Loss
      0.1 -4.01e-18 -1.98e-14   2.9e+09   2.9e+09
        1  1.11e-11  1.04e-12  5.56e+09  5.56e+09
       10  1.84e-07  4.25e-08  9.41e+09  9.41e+09
      100  4.94e-05  5.38e-06  1.46e+10  1.46e+10
      O-O  0.000185       ***  1.74e+10  1.74e+10

Reactant = W2   Temperature = 700 K

   P(atm)        W1        P1        P2      Loss
      0.1 -6.09e-14 -3.58e-14  3.31e+09  3.31e+09
        1  2.99e-09  2.03e-10  5.89e+09  5.89e+09
       10  1.45e-05  3.05e-06  9.35e+09  9.35e+09
      100    0.0026  0.000334  1.39e+10  1.39e+10
      O-O   0.00998       ***  1.67e+10  1.67e+10

Reactant = W2   Temperature = 800 K

   P(atm)        W1        P1        P2      Loss
      0.1 -3.77e-12  9.67e-12  3.26e+09  3.26e+09
        1  2.14e-07  1.14e-08   5.6e+09   5.6e+09
       10  0.000417  7.95e-05  8.64e+09  8.64e+09
      100    0.0509   0.00731  1.27e+10  1.27e+10
      O-O     0.196       ***  1.53e+10  1.53e+10

Reactant = W2   Temperature = 900 K

   P(atm)        W1        P1        P2      Loss
      0.1  2.88e-08 -5.04e-10  3.14e+09  3.14e+09
        1  7.05e-06  3.08e-07  5.24e+09  5.24e+09
       10   0.00648   0.00111  7.89e+09  7.89e+09
      100     0.527    0.0814  1.13e+10  1.13e+10
      O-O      1.98       ***  1.38e+10  1.38e+10

Reactant = W2   Temperature = 1e+03 K

   P(atm)        W1        P1        P2      Loss
      0.1 -1.49e-08  2.35e-08  2.91e+09  2.91e+09
        1  0.000128   4.9e-06  4.77e+09  4.77e+09
       10    0.0618   0.00998  7.06e+09  7.06e+09
      100      3.45     0.577     1e+10     1e+10
      O-O      12.6       ***  1.23e+10  1.23e+10

Reactant = W2   Temperature = 1.1e+03 K

   P(atm)        W1        P1        P2      Loss
      0.1  7.86e-06  2.68e-07  2.59e+09  2.59e+09
        1    0.0013  4.26e-05  4.21e+09  4.21e+09
       10     0.386    0.0575   6.2e+09   6.2e+09
      100        16      2.78  8.83e+09  8.83e+09
      O-O      56.7       ***   1.1e+10   1.1e+10

Reactant = W2   Temperature = 1.2e+03 K

   P(atm)        W1        P1        P2      Loss
      0.1   6.9e-05  2.23e-06  2.36e+09  2.36e+09
        1    0.0102  0.000286  3.78e+09  3.78e+09
       10      1.94     0.263  5.52e+09  5.52e+09
      100        59      10.2   7.8e+09   7.8e+09
      O-O       199       ***  9.71e+09  9.71e+09

Reactant = W2   Temperature = 1.3e+03 K

   P(atm)        W1        P1        P2      Loss
      0.1  0.000527  1.53e-05  2.19e+09  2.19e+09
        1    0.0695    0.0017  3.45e+09  3.45e+09
       10      8.27      1.05  4.96e+09  4.96e+09
      100       182      31.8  6.91e+09  6.91e+09
      O-O       574       ***  8.61e+09  8.61e+09

Reactant = W2   Temperature = 1.4e+03 K

   P(atm)        W1        P1        P2      Loss
      0.1   0.00254  6.42e-05  1.93e+09  1.93e+09
        1     0.307   0.00669  3.03e+09  3.03e+09
       10      26.2      3.15  4.36e+09  4.36e+09
      100       464      82.8  6.11e+09  6.11e+09
      O-O  1.42e+03       ***  7.65e+09  7.65e+09

Reactant = W2   Temperature = 1.5e+03 K

   P(atm)        W1        P1        P2      Loss
      0.1    0.0123   0.00026  1.77e+09  1.77e+09
        1      1.34    0.0253  2.75e+09  2.75e+09
       10      78.9      8.84  3.92e+09  3.92e+09
      100  1.08e+03       189  5.44e+09  5.44e+09
      O-O  3.13e+03       ***  6.81e+09  6.81e+09

Reactant = W2   Temperature = 1.6e+03 K

   P(atm)        W1        P1        P2      Loss
      0.1    0.0535  0.000927   1.6e+09   1.6e+09
        1      5.06    0.0861  2.47e+09  2.47e+09
       10       204      22.4   3.5e+09   3.5e+09
      100  2.24e+03       403  4.85e+09  4.85e+09
      O-O  6.22e+03       ***  6.07e+09  6.07e+09

Reactant = W2   Temperature = 1.7e+03 K

   P(atm)        W1        P1        P2      Loss
      0.1     0.259   0.00241  1.47e+09  1.47e+09
        1      19.1     0.247  2.26e+09  2.26e+09
       10       494      50.1  3.18e+09  3.18e+09
      100  4.33e+03       764  4.37e+09  4.37e+09
      O-O  1.14e+04       ***  5.44e+09  5.44e+09

Reactant = W2   Temperature = 1.8e+03 K

   P(atm)        W1        P1        P2      Loss
      0.1     0.915   0.00394  1.33e+09  1.33e+09
        1      56.1     0.639  2.03e+09  2.03e+09
       10  1.05e+03       105  2.85e+09  2.85e+09
      100  7.72e+03  1.36e+03   3.9e+09   3.9e+09
      O-O  1.95e+04       ***  4.88e+09  4.88e+09

Reactant = W2   Temperature = 1.9e+03 K

   P(atm)        W1        P1        P2      Loss
      0.1      3.06  -0.00123  1.19e+09  1.19e+09
        1       146      1.36  1.82e+09  1.82e+09
       10  1.99e+03       194  2.56e+09  2.56e+09
      100  1.28e+04  2.26e+03  3.51e+09  3.51e+09
      O-O  3.16e+04       ***   4.4e+09   4.4e+09

Reactant = W2   Temperature = 2e+03 K

   P(atm)        W1        P1        P2      Loss
      0.1      10.6   -0.0392  1.11e+09  1.11e+09
        1       374      2.93  1.67e+09  1.67e+09
       10  3.75e+03       349  2.33e+09  2.33e+09
      100  2.07e+04   3.5e+03  3.17e+09  3.17e+09
      O-O  4.87e+04       ***  3.97e+09  3.97e+09

Reactant = P1   Temperature = 500 K

   P(atm)        W1        W2        P2      Loss
      0.1  3.58e-11  2.96e-16  1.65e-11  5.34e-11
        1  7.66e-11  1.12e-15   1.3e-11  8.96e-11
       10  1.44e-10  8.21e-15  7.61e-12  1.52e-10
      100  2.19e-10  5.86e-13  1.35e-12  2.21e-10
      O-O  2.45e-10       ***       ***  2.45e-10

Reactant = P1   Temperature = 600 K

   P(atm)        W1        W2        P2      Loss
      0.1  4.44e-11  3.82e-16  1.53e-11  6.07e-11
        1  8.49e-11  1.29e-15  1.23e-11  9.73e-11
       10  1.46e-10  8.43e-15  7.78e-12  1.54e-10
      100  2.21e-10  6.36e-13  1.67e-12  2.23e-10
      O-O  2.52e-10       ***       ***  2.52e-10

Reactant = P1   Temperature = 700 K

   P(atm)        W1        W2        P2      Loss
      0.1  5.17e-11  4.78e-16  1.51e-11  6.77e-11
        1  9.25e-11   1.5e-15  1.23e-11  1.05e-10
       10   1.5e-10  1.03e-14  8.09e-12  1.58e-10
      100  2.23e-10  7.19e-13  1.95e-12  2.26e-10
      O-O  2.59e-10       ***       ***  2.59e-10

Reactant = P1   Temperature = 800 K

   P(atm)        W1        W2        P2      Loss
      0.1  5.66e-11  5.59e-16  1.55e-11  7.29e-11
        1  9.74e-11  1.69e-15  1.27e-11   1.1e-10
       10  1.52e-10   1.3e-14  8.64e-12  1.61e-10
      100  2.24e-10  8.24e-13  2.25e-12  2.27e-10
      O-O  2.65e-10       ***       ***  2.65e-10

Reactant = P1   Temperature = 900 K

   P(atm)        W1        W2        P2      Loss
      0.1  6.05e-11  6.48e-16  1.63e-11  7.77e-11
        1  1.01e-10   1.9e-15  1.34e-11  1.15e-10
       10  1.55e-10  1.76e-14   9.3e-12  1.64e-10
      100  2.25e-10  9.61e-13  2.54e-12  2.29e-10
      O-O   2.7e-10       ***       ***   2.7e-10

Reactant = P1   Temperature = 1e+03 K

   P(atm)        W1        W2        P2      Loss
      0.1   6.2e-11  6.97e-16  1.75e-11  8.03e-11
        1  1.03e-10  2.04e-15  1.45e-11  1.17e-10
       10  1.55e-10  2.46e-14  1.03e-11  1.65e-10
      100  2.26e-10  1.16e-12  2.91e-12   2.3e-10
      O-O  2.75e-10       ***       ***  2.75e-10

Reactant = P1   Temperature = 1.1e+03 K

   P(atm)        W1        W2        P2      Loss
      0.1  6.41e-11   7.8e-16  1.88e-11  8.37e-11
        1  1.05e-10  2.26e-15  1.57e-11   1.2e-10
       10  1.56e-10  3.27e-14  1.12e-11  1.67e-10
      100  2.26e-10  1.34e-12  3.26e-12  2.31e-10
      O-O  2.79e-10       ***       ***  2.79e-10

Reactant = P1   Temperature = 1.2e+03 K

   P(atm)        W1        W2        P2      Loss
      0.1  6.71e-11  9.12e-16  2.01e-11  8.81e-11
        1  1.08e-10  2.61e-15  1.68e-11  1.25e-10
       10  1.59e-10  4.48e-14   1.2e-11  1.71e-10
      100  2.28e-10  1.53e-12   3.5e-12  2.33e-10
      O-O  2.83e-10       ***       ***  2.83e-10

Reactant = P1   Temperature = 1.3e+03 K

   P(atm)        W1        W2        P2      Loss
      0.1   6.9e-11  1.03e-15  2.16e-11  9.15e-11
        1   1.1e-10  2.96e-15  1.81e-11  1.28e-10
       10  1.61e-10  6.49e-14   1.3e-11  1.74e-10
      100  2.29e-10  1.79e-12  3.76e-12  2.35e-10
      O-O  2.87e-10       ***       ***  2.87e-10

Reactant = P1   Temperature = 1.4e+03 K

   P(atm)        W1        W2        P2      Loss
      0.1  7.01e-11  1.13e-15  2.33e-11  9.43e-11
        1  1.11e-10  3.29e-15  1.96e-11  1.31e-10
       10  1.62e-10  8.45e-14  1.42e-11  1.76e-10
      100   2.3e-10  2.05e-12  4.12e-12  2.36e-10
      O-O  2.91e-10       ***       ***  2.91e-10

Reactant = P1   Temperature = 1.5e+03 K

   P(atm)        W1        W2        P2      Loss
      0.1  7.26e-11  1.32e-15  2.48e-11  9.85e-11
        1  1.14e-10  3.89e-15  2.09e-11  1.35e-10
       10  1.64e-10  1.16e-13  1.51e-11   1.8e-10
      100  2.32e-10  2.32e-12  4.29e-12  2.39e-10
      O-O  2.94e-10       ***       ***  2.94e-10

Reactant = P1   Temperature = 1.6e+03 K

   P(atm)        W1        W2        P2      Loss
      0.1  7.25e-11  1.39e-15  2.69e-11  1.01e-10
        1  1.14e-10  4.38e-15  2.28e-11  1.37e-10
       10  1.64e-10  1.58e-13  1.66e-11  1.81e-10
      100  2.33e-10  2.71e-12  4.68e-12   2.4e-10
      O-O  2.97e-10       ***       ***  2.97e-10

Reactant = P1   Temperature = 1.7e+03 K

   P(atm)        W1        W2        P2      Loss
      0.1  7.51e-11  1.33e-15  2.89e-11  1.05e-10
        1  1.17e-10  4.54e-15  2.44e-11  1.41e-10
       10  1.67e-10  2.06e-13  1.77e-11  1.85e-10
      100  2.35e-10  3.05e-12  4.92e-12  2.43e-10
      O-O     3e-10       ***       ***     3e-10

Reactant = P1   Temperature = 1.8e+03 K

   P(atm)        W1        W2        P2      Loss
      0.1  7.52e-11  1.83e-15   3.1e-11  1.07e-10
        1  1.17e-10  6.41e-15  2.61e-11  1.43e-10
       10  1.67e-10  2.74e-13  1.89e-11  1.86e-10
      100  2.35e-10  3.44e-12  5.15e-12  2.44e-10
      O-O  3.03e-10       ***       ***  3.03e-10

Reactant = P1   Temperature = 1.9e+03 K

   P(atm)        W1        W2        P2      Loss
      0.1   7.6e-11  2.14e-15  3.36e-11   1.1e-10
        1  1.18e-10  7.66e-15   2.8e-11  1.46e-10
       10  1.68e-10  3.37e-13  2.03e-11  1.89e-10
      100  2.37e-10  3.82e-12  5.45e-12  2.46e-10
      O-O  3.06e-10       ***       ***  3.06e-10

Reactant = P1   Temperature = 2e+03 K

   P(atm)        W1        W2        P2      Loss
      0.1  7.86e-11  2.79e-15  3.55e-11  1.15e-10
        1  1.21e-10  9.84e-15  2.93e-11   1.5e-10
       10  1.71e-10  4.23e-13  2.11e-11  1.93e-10
      100  2.39e-10  4.14e-12  5.48e-12  2.48e-10
      O-O  3.08e-10       ***       ***  3.08e-10

Reactant = P2   Temperature = 500 K

   P(atm)        W1        W2        P1      Loss
      0.1  2.23e-27   3.4e-11  6.62e-27  3.48e-11
        1  3.88e-27  7.18e-11  5.24e-27  7.18e-11
       10  6.24e-27   1.3e-10  3.06e-27   1.3e-10
      100  5.87e-27  2.05e-10  5.42e-28  2.05e-10
      O-O       ***   2.4e-10       ***   2.4e-10

Reactant = P2   Temperature = 600 K

   P(atm)        W1        W2        P1      Loss
      0.1  5.72e-25  4.11e-11  1.85e-24  4.19e-11
        1  9.89e-25   7.9e-11  1.49e-24   7.9e-11
       10  1.58e-24  1.34e-10  9.38e-25-4.03e+199
      100  1.59e-24  2.07e-10  2.02e-25  2.07e-10
      O-O       ***  2.47e-10       ***  2.47e-10

Reactant = P2   Temperature = 700 K

   P(atm)        W1        W2        P1      Loss
      0.1  3.22e-23  5.01e-11  1.07e-22  5.08e-11
        1   5.5e-23  8.95e-11  8.69e-23  8.95e-11
       10  8.67e-23  1.42e-10  5.73e-23  1.42e-10
      100   8.9e-23  2.11e-10  1.38e-23  2.11e-10
      O-O       ***  2.53e-10       ***  2.53e-10

Reactant = P2   Temperature = 800 K

   P(atm)        W1        W2        P1      Loss
      0.1  6.85e-22  5.47e-11  2.33e-21  5.54e-11
        1  1.16e-21  9.44e-11  1.91e-21  9.44e-11
       10  1.82e-21  1.46e-10   1.3e-21  1.46e-10
      100  1.88e-21  2.14e-10  3.39e-22  2.14e-10
      O-O       ***  2.59e-10       ***  2.59e-10

Reactant = P2   Temperature = 900 K

   P(atm)        W1        W2        P1      Loss
      0.1  7.71e-21  5.96e-11  2.64e-20  6.03e-11
        1   1.3e-20  9.99e-11  2.18e-20  9.99e-11
       10  2.01e-20  1.51e-10  1.51e-20  1.51e-10
      100  2.05e-20  2.17e-10  4.12e-21  2.17e-10
      O-O       ***  2.64e-10       ***  2.64e-10

Reactant = P2   Temperature = 1e+03 K

   P(atm)        W1        W2        P1      Loss
      0.1  5.37e-20  6.31e-11  1.91e-19  6.38e-11
        1  9.06e-20  1.04e-10  1.59e-19  1.04e-10
       10   1.4e-19  1.54e-10  1.12e-19  1.54e-10
      100  1.41e-19  2.19e-10  3.18e-20  2.19e-10
      O-O       ***  2.69e-10       ***  2.69e-10

Reactant = P2   Temperature = 1.1e+03 K

   P(atm)        W1        W2        P1      Loss
      0.1  2.74e-19  6.43e-11  9.77e-19   6.5e-11
        1   4.6e-19  1.05e-10  8.17e-19  1.05e-10
       10  7.05e-19  1.54e-10  5.84e-19  1.54e-10
      100  6.99e-19   2.2e-10   1.7e-19   2.2e-10
      O-O       ***  2.73e-10       ***  2.73e-10

Reactant = P2   Temperature = 1.2e+03 K

   P(atm)        W1        W2        P1      Loss
      0.1  1.11e-18  6.71e-11  3.86e-18  6.77e-11
        1  1.85e-18  1.08e-10  3.22e-18  1.08e-10
       10   2.8e-18  1.57e-10  2.31e-18  1.57e-10
      100  2.68e-18  2.23e-10  6.73e-19  2.23e-10
      O-O       ***  2.77e-10       ***  2.77e-10

Reactant = P2   Temperature = 1.3e+03 K

   P(atm)        W1        W2        P1      Loss
      0.1  3.67e-18  7.09e-11  1.25e-17  7.16e-11
        1  6.08e-18  1.12e-10  1.05e-17  1.12e-10
       10  9.06e-18  1.62e-10  7.58e-18  1.62e-10
      100  8.34e-18  2.25e-10  2.19e-18  2.25e-10
      O-O       ***  2.81e-10       ***  2.81e-10

Reactant = P2   Temperature = 1.4e+03 K

   P(atm)        W1        W2        P1      Loss
      0.1  1.03e-17  7.14e-11  3.51e-17  7.21e-11
        1   1.7e-17  1.13e-10  2.96e-17  1.13e-10
       10   2.5e-17  1.62e-10  2.14e-17  1.62e-10
      100  2.27e-17  2.27e-10  6.21e-18  2.27e-10
      O-O       ***  2.84e-10       ***  2.84e-10

Reactant = P2   Temperature = 1.5e+03 K

   P(atm)        W1        W2        P1      Loss
      0.1  2.61e-17  7.46e-11  8.57e-17  7.52e-11
        1  4.28e-17  1.16e-10  7.22e-17  1.16e-10
       10  6.18e-17  1.66e-10  5.21e-17  1.66e-10
      100  5.35e-17   2.3e-10  1.48e-17   2.3e-10
      O-O       ***  2.88e-10       ***  2.88e-10

Reactant = P2   Temperature = 1.6e+03 K

   P(atm)        W1        W2        P1      Loss
      0.1  5.74e-17  7.61e-11  1.92e-16  7.68e-11
        1  9.42e-17  1.18e-10  1.63e-16  1.18e-10
       10  1.34e-16  1.68e-10  1.18e-16  1.68e-10
      100  1.14e-16  2.32e-10  3.34e-17  2.32e-10
      O-O       ***  2.91e-10       ***  2.91e-10

Reactant = P2   Temperature = 1.7e+03 K

   P(atm)        W1        W2        P1      Loss
      0.1  1.21e-16  7.93e-11  3.92e-16     8e-11
        1  1.96e-16  1.22e-10  3.31e-16  1.22e-10
       10  2.72e-16  1.72e-10   2.4e-16  1.72e-10
      100  2.24e-16  2.36e-10  6.68e-17  2.36e-10
      O-O       ***  2.94e-10       ***  2.94e-10

Reactant = P2   Temperature = 1.8e+03 K

   P(atm)        W1        W2        P1      Loss
      0.1   2.3e-16  8.04e-11  7.47e-16  8.11e-11
        1  3.73e-16  1.23e-10  6.29e-16  1.23e-10
       10  5.07e-16  1.73e-10  4.56e-16  1.73e-10
      100  4.05e-16  2.37e-10  1.24e-16  2.37e-10
      O-O       ***  2.97e-10       ***  2.97e-10

Reactant = P2   Temperature = 1.9e+03 K

   P(atm)        W1        W2        P1      Loss
      0.1  4.16e-16  8.09e-11  1.35e-15  8.18e-11
        1  6.69e-16  1.24e-10  1.13e-15  1.24e-10
       10  8.93e-16  1.74e-10  8.17e-16  1.74e-10
      100  7.05e-16  2.39e-10   2.2e-16  2.39e-10
      O-O       ***  2.99e-10       ***  2.99e-10

Reactant = P2   Temperature = 2e+03 K

   P(atm)        W1        W2        P1      Loss
      0.1  7.35e-16  8.37e-11  2.28e-15  8.46e-11
        1  1.16e-15  1.27e-10  1.88e-15  1.27e-10
       10  1.51e-15  1.77e-10  1.35e-15  1.77e-10
      100  1.14e-15  2.41e-10  3.52e-16  2.41e-10
      O-O       ***  3.02e-10       ***  3.02e-10

______________________________________________________________________________________

Temperature-Species Rate Tables:

Reactant = W1   Pressure = 0.1 atm

   T(K)        W2        P1        P2      Loss   Capture
    500  7.96e+03  1.27e+09  1.97e+08  1.47e+09  9.53e+09
    600  8.77e+03  1.71e+09  1.83e+08   1.9e+09  1.06e+10
    700  1.07e+04     2e+09  1.75e+08  2.17e+09  1.08e+10
    800  9.96e+03  2.09e+09  1.68e+08  2.26e+09  1.06e+10
    900  9.66e+03  2.08e+09  1.64e+08  2.25e+09  1.01e+10
  1e+03  9.15e+03  1.96e+09  1.56e+08  2.12e+09  9.46e+09
1.1e+03  7.26e+03  1.85e+09  1.52e+08  2.01e+09  8.82e+09
1.2e+03  6.22e+03  1.77e+09  1.52e+08  1.92e+09  8.19e+09
1.3e+03   6.5e+03  1.65e+09  1.51e+08   1.8e+09  7.59e+09
1.4e+03  5.45e+03  1.52e+09  1.48e+08  1.67e+09  7.03e+09
1.5e+03  6.31e+03  1.43e+09  1.49e+08  1.58e+09  6.52e+09
1.6e+03  9.33e+03   1.3e+09  1.44e+08  1.45e+09  6.05e+09
1.7e+03  1.86e+04  1.23e+09  1.46e+08  1.37e+09  5.63e+09
1.8e+03  3.59e+04  1.13e+09  1.43e+08  1.27e+09  5.25e+09
1.9e+03  7.07e+04  1.04e+09  1.41e+08  1.18e+09   4.9e+09
  2e+03  1.56e+05  9.89e+08  1.44e+08  1.13e+09  4.58e+09

Reactant = W1   Pressure = 1 atm

   T(K)        W2        P1        P2      Loss   Capture
    500  3.02e+04  2.72e+09  3.42e+08  3.06e+09  9.53e+09
    600  3.05e+04  3.27e+09  3.16e+08  3.59e+09  1.06e+10
    700  3.39e+04  3.56e+09  2.99e+08  3.86e+09  1.08e+10
    800  3.11e+04  3.59e+09  2.85e+08  3.87e+09  1.06e+10
    900  3.09e+04  3.48e+09  2.75e+08  3.76e+09  1.01e+10
  1e+03  3.38e+04  3.24e+09  2.62e+08   3.5e+09  9.46e+09
1.1e+03  3.79e+04  3.02e+09  2.55e+08  3.27e+09  8.82e+09
1.2e+03  5.59e+04  2.83e+09  2.53e+08  3.08e+09  8.19e+09
1.3e+03  1.08e+05  2.62e+09  2.49e+08  2.87e+09  7.59e+09
1.4e+03  1.74e+05   2.4e+09  2.44e+08  2.65e+09  7.03e+09
1.5e+03   3.3e+05  2.24e+09  2.44e+08  2.49e+09  6.52e+09
1.6e+03  6.14e+05  2.04e+09  2.36e+08  2.27e+09  6.05e+09
1.7e+03  1.24e+06  1.91e+09  2.36e+08  2.14e+09  5.63e+09
1.8e+03  2.11e+06  1.74e+09  2.31e+08  1.98e+09  5.25e+09
1.9e+03  3.35e+06  1.61e+09  2.26e+08  1.84e+09   4.9e+09
  2e+03  5.53e+06  1.52e+09  2.27e+08  1.75e+09  4.58e+09

Reactant = W1   Pressure = 10 atm

   T(K)        W2        P1        P2      Loss   Capture
    500   8.2e+05  5.11e+09  5.51e+08  5.66e+09  9.53e+09
    600  9.11e+05  5.62e+09  5.04e+08  6.13e+09  1.06e+10
    700  1.28e+06  5.77e+09  4.71e+08  6.24e+09  1.08e+10
    800  1.79e+06  5.61e+09  4.45e+08  6.05e+09  1.06e+10
    900  2.68e+06  5.31e+09  4.26e+08  5.74e+09  1.01e+10
  1e+03  3.95e+06  4.89e+09  4.04e+08   5.3e+09  9.46e+09
1.1e+03  5.36e+06   4.5e+09   3.9e+08   4.9e+09  8.82e+09
1.2e+03  7.58e+06  4.17e+09  3.81e+08  4.56e+09  8.19e+09
1.3e+03  1.11e+07  3.82e+09   3.7e+08  4.21e+09  7.59e+09
1.4e+03   1.4e+07  3.49e+09  3.59e+08  3.86e+09  7.03e+09
1.5e+03   1.9e+07  3.23e+09  3.52e+08   3.6e+09  6.52e+09
1.6e+03  2.45e+07  2.93e+09  3.36e+08  3.29e+09  6.05e+09
1.7e+03  3.21e+07  2.72e+09  3.27e+08  3.08e+09  5.63e+09
1.8e+03  3.93e+07  2.49e+09  3.13e+08  2.84e+09  5.25e+09
1.9e+03  4.57e+07  2.29e+09  3.02e+08  2.64e+09   4.9e+09
  2e+03  5.55e+07  2.14e+09  2.93e+08  2.49e+09  4.58e+09

Reactant = W1   Pressure = 100 atm

   T(K)        W2        P1        P2      Loss   Capture
    500  2.52e+08  7.76e+09  5.18e+08  8.53e+09  9.53e+09
    600  2.24e+08   8.5e+09  5.08e+08  9.24e+09  1.06e+10
    700  2.15e+08  8.58e+09  4.84e+08  9.28e+09  1.08e+10
    800   2.1e+08  8.25e+09  4.59e+08  8.92e+09  1.06e+10
    900  2.13e+08  7.73e+09  4.33e+08  8.38e+09  1.01e+10
  1e+03  2.17e+08  7.12e+09  4.07e+08  7.74e+09  9.46e+09
1.1e+03   2.2e+08  6.52e+09  3.86e+08  7.13e+09  8.82e+09
1.2e+03  2.29e+08  5.97e+09  3.65e+08  6.57e+09  8.19e+09
1.3e+03  2.42e+08  5.45e+09  3.41e+08  6.04e+09  7.59e+09
1.4e+03  2.47e+08  4.97e+09  3.25e+08  5.54e+09  7.03e+09
1.5e+03   2.6e+08  4.55e+09  3.04e+08  5.12e+09  6.52e+09
1.6e+03  2.69e+08  4.16e+09  2.85e+08  4.71e+09  6.05e+09
1.7e+03  2.81e+08  3.83e+09  2.69e+08  4.38e+09  5.63e+09
1.8e+03   2.9e+08   3.5e+09  2.51e+08  4.05e+09  5.25e+09
1.9e+03  2.95e+08  3.23e+09  2.38e+08  3.76e+09   4.9e+09
  2e+03  3.07e+08  2.99e+09  2.23e+08  3.52e+09  4.58e+09

Reactant = W2   Pressure = 0.1 atm

   T(K)        W1        P1        P2      Loss   Capture
    500        -0         0  2.39e+09  2.39e+09  1.68e+10
    600 -4.01e-18 -1.98e-14   2.9e+09   2.9e+09  1.74e+10
    700 -6.09e-14 -3.58e-14  3.31e+09  3.31e+09  1.67e+10
    800 -3.77e-12  9.67e-12  3.26e+09  3.26e+09  1.53e+10
    900  2.88e-08 -5.04e-10  3.14e+09  3.14e+09  1.38e+10
  1e+03 -1.49e-08  2.35e-08  2.91e+09  2.91e+09  1.23e+10
1.1e+03  7.86e-06  2.68e-07  2.59e+09  2.59e+09   1.1e+10
1.2e+03   6.9e-05  2.23e-06  2.36e+09  2.36e+09  9.71e+09
1.3e+03  0.000527  1.53e-05  2.19e+09  2.19e+09  8.61e+09
1.4e+03   0.00254  6.42e-05  1.93e+09  1.93e+09  7.65e+09
1.5e+03    0.0123   0.00026  1.77e+09  1.77e+09  6.81e+09
1.6e+03    0.0535  0.000927   1.6e+09   1.6e+09  6.07e+09
1.7e+03     0.259   0.00241  1.47e+09  1.47e+09  5.44e+09
1.8e+03     0.915   0.00394  1.33e+09  1.33e+09  4.88e+09
1.9e+03      3.06  -0.00123  1.19e+09  1.19e+09   4.4e+09
  2e+03      10.6   -0.0392  1.11e+09  1.11e+09  3.97e+09

Reactant = W2   Pressure = 1 atm

   T(K)        W1        P1        P2      Loss   Capture
    500  7.88e-15  1.07e-15  5.03e+09  5.03e+09  1.68e+10
    600  1.11e-11  1.04e-12  5.56e+09  5.56e+09  1.74e+10
    700  2.99e-09  2.03e-10  5.89e+09  5.89e+09  1.67e+10
    800  2.14e-07  1.14e-08   5.6e+09   5.6e+09  1.53e+10
    900  7.05e-06  3.08e-07  5.24e+09  5.24e+09  1.38e+10
  1e+03  0.000128   4.9e-06  4.77e+09  4.77e+09  1.23e+10
1.1e+03    0.0013  4.26e-05  4.21e+09  4.21e+09   1.1e+10
1.2e+03    0.0102  0.000286  3.78e+09  3.78e+09  9.71e+09
1.3e+03    0.0695    0.0017  3.45e+09  3.45e+09  8.61e+09
1.4e+03     0.307   0.00669  3.03e+09  3.03e+09  7.65e+09
1.5e+03      1.34    0.0253  2.75e+09  2.75e+09  6.81e+09
1.6e+03      5.06    0.0861  2.47e+09  2.47e+09  6.07e+09
1.7e+03      19.1     0.247  2.26e+09  2.26e+09  5.44e+09
1.8e+03      56.1     0.639  2.03e+09  2.03e+09  4.88e+09
1.9e+03       146      1.36  1.82e+09  1.82e+09   4.4e+09
  2e+03       374      2.93  1.67e+09  1.67e+09  3.97e+09

Reactant = W2   Pressure = 10 atm

   T(K)        W1        P1        P2      Loss   Capture
    500  5.86e-10   1.4e-10  9.13e+09  9.13e+09  1.68e+10
    600  1.84e-07  4.25e-08  9.41e+09  9.41e+09  1.74e+10
    700  1.45e-05  3.05e-06  9.35e+09  9.35e+09  1.67e+10
    800  0.000417  7.95e-05  8.64e+09  8.64e+09  1.53e+10
    900   0.00648   0.00111  7.89e+09  7.89e+09  1.38e+10
  1e+03    0.0618   0.00998  7.06e+09  7.06e+09  1.23e+10
1.1e+03     0.386    0.0575   6.2e+09   6.2e+09   1.1e+10
1.2e+03      1.94     0.263  5.52e+09  5.52e+09  9.71e+09
1.3e+03      8.27      1.05  4.96e+09  4.96e+09  8.61e+09
1.4e+03      26.2      3.15  4.36e+09  4.36e+09  7.65e+09
1.5e+03      78.9      8.84  3.92e+09  3.92e+09  6.81e+09
1.6e+03       204      22.4   3.5e+09   3.5e+09  6.07e+09
1.7e+03       494      50.1  3.18e+09  3.18e+09  5.44e+09
1.8e+03  1.05e+03       105  2.85e+09  2.85e+09  4.88e+09
1.9e+03  1.99e+03       194  2.56e+09  2.56e+09   4.4e+09
  2e+03  3.75e+03       349  2.33e+09  2.33e+09  3.97e+09

Reactant = W2   Pressure = 100 atm

   T(K)        W1        P1        P2      Loss   Capture
    500     2e-07  1.64e-08  1.44e+10  1.44e+10  1.68e+10
    600  4.94e-05  5.38e-06  1.46e+10  1.46e+10  1.74e+10
    700    0.0026  0.000334  1.39e+10  1.39e+10  1.67e+10
    800    0.0509   0.00731  1.27e+10  1.27e+10  1.53e+10
    900     0.527    0.0814  1.13e+10  1.13e+10  1.38e+10
  1e+03      3.45     0.577     1e+10     1e+10  1.23e+10
1.1e+03        16      2.78  8.83e+09  8.83e+09   1.1e+10
1.2e+03        59      10.2   7.8e+09   7.8e+09  9.71e+09
1.3e+03       182      31.8  6.91e+09  6.91e+09  8.61e+09
1.4e+03       464      82.8  6.11e+09  6.11e+09  7.65e+09
1.5e+03  1.08e+03       189  5.44e+09  5.44e+09  6.81e+09
1.6e+03  2.24e+03       403  4.85e+09  4.85e+09  6.07e+09
1.7e+03  4.33e+03       764  4.37e+09  4.37e+09  5.44e+09
1.8e+03  7.72e+03  1.36e+03   3.9e+09   3.9e+09  4.88e+09
1.9e+03  1.28e+04  2.26e+03  3.51e+09  3.51e+09   4.4e+09
  2e+03  2.07e+04   3.5e+03  3.17e+09  3.17e+09  3.97e+09

Reactant = P1   Pressure = 0.1 atm

   T(K)        W1        W2        P2      Loss   Capture
    500  3.58e-11  2.96e-16  1.65e-11  5.34e-11  2.45e-10
    600  4.44e-11  3.82e-16  1.53e-11  6.07e-11  2.52e-10
    700  5.17e-11  4.78e-16  1.51e-11  6.77e-11  2.59e-10
    800  5.66e-11  5.59e-16  1.55e-11  7.29e-11  2.65e-10
    900  6.05e-11  6.48e-16  1.63e-11  7.77e-11   2.7e-10
  1e+03   6.2e-11  6.97e-16  1.75e-11  8.03e-11  2.75e-10
1.1e+03  6.41e-11   7.8e-16  1.88e-11  8.37e-11  2.79e-10
1.2e+03  6.71e-11  9.12e-16  2.01e-11  8.81e-11  2.83e-10
1.3e+03   6.9e-11  1.03e-15  2.16e-11  9.15e-11  2.87e-10
1.4e+03  7.01e-11  1.13e-15  2.33e-11  9.43e-11  2.91e-10
1.5e+03  7.26e-11  1.32e-15  2.48e-11  9.85e-11  2.94e-10
1.6e+03  7.25e-11  1.39e-15  2.69e-11  1.01e-10  2.97e-10
1.7e+03  7.51e-11  1.33e-15  2.89e-11  1.05e-10     3e-10
1.8e+03  7.52e-11  1.83e-15   3.1e-11  1.07e-10  3.03e-10
1.9e+03   7.6e-11  2.14e-15  3.36e-11   1.1e-10  3.06e-10
  2e+03  7.86e-11  2.79e-15  3.55e-11  1.15e-10  3.08e-10

Reactant = P1   Pressure = 1 atm

   T(K)        W1        W2        P2      Loss   Capture
    500  7.66e-11  1.12e-15   1.3e-11  8.96e-11  2.45e-10
    600  8.49e-11  1.29e-15  1.23e-11  9.73e-11  2.52e-10
    700  9.25e-11   1.5e-15  1.23e-11  1.05e-10  2.59e-10
    800  9.74e-11  1.69e-15  1.27e-11   1.1e-10  2.65e-10
    900  1.01e-10   1.9e-15  1.34e-11  1.15e-10   2.7e-10
  1e+03  1.03e-10  2.04e-15  1.45e-11  1.17e-10  2.75e-10
1.1e+03  1.05e-10  2.26e-15  1.57e-11   1.2e-10  2.79e-10
1.2e+03  1.08e-10  2.61e-15  1.68e-11  1.25e-10  2.83e-10
1.3e+03   1.1e-10  2.96e-15  1.81e-11  1.28e-10  2.87e-10
1.4e+03  1.11e-10  3.29e-15  1.96e-11  1.31e-10  2.91e-10
1.5e+03  1.14e-10  3.89e-15  2.09e-11  1.35e-10  2.94e-10
1.6e+03  1.14e-10  4.38e-15  2.28e-11  1.37e-10  2.97e-10
1.7e+03  1.17e-10  4.54e-15  2.44e-11  1.41e-10     3e-10
1.8e+03  1.17e-10  6.41e-15  2.61e-11  1.43e-10  3.03e-10
1.9e+03  1.18e-10  7.66e-15   2.8e-11  1.46e-10  3.06e-10
  2e+03  1.21e-10  9.84e-15  2.93e-11   1.5e-10  3.08e-10

Reactant = P1   Pressure = 10 atm

   T(K)        W1        W2        P2      Loss   Capture
    500  1.44e-10  8.21e-15  7.61e-12  1.52e-10  2.45e-10
    600  1.46e-10  8.43e-15  7.78e-12  1.54e-10  2.52e-10
    700   1.5e-10  1.03e-14  8.09e-12  1.58e-10  2.59e-10
    800  1.52e-10   1.3e-14  8.64e-12  1.61e-10  2.65e-10
    900  1.55e-10  1.76e-14   9.3e-12  1.64e-10   2.7e-10
  1e+03  1.55e-10  2.46e-14  1.03e-11  1.65e-10  2.75e-10
1.1e+03  1.56e-10  3.27e-14  1.12e-11  1.67e-10  2.79e-10
1.2e+03  1.59e-10  4.48e-14   1.2e-11  1.71e-10  2.83e-10
1.3e+03  1.61e-10  6.49e-14   1.3e-11  1.74e-10  2.87e-10
1.4e+03  1.62e-10  8.45e-14  1.42e-11  1.76e-10  2.91e-10
1.5e+03  1.64e-10  1.16e-13  1.51e-11   1.8e-10  2.94e-10
1.6e+03  1.64e-10  1.58e-13  1.66e-11  1.81e-10  2.97e-10
1.7e+03  1.67e-10  2.06e-13  1.77e-11  1.85e-10     3e-10
1.8e+03  1.67e-10  2.74e-13  1.89e-11  1.86e-10  3.03e-10
1.9e+03  1.68e-10  3.37e-13  2.03e-11  1.89e-10  3.06e-10
  2e+03  1.71e-10  4.23e-13  2.11e-11  1.93e-10  3.08e-10

Reactant = P1   Pressure = 100 atm

   T(K)        W1        W2        P2      Loss   Capture
    500  2.19e-10  5.86e-13  1.35e-12  2.21e-10  2.45e-10
    600  2.21e-10  6.36e-13  1.67e-12  2.23e-10  2.52e-10
    700  2.23e-10  7.19e-13  1.95e-12  2.26e-10  2.59e-10
    800  2.24e-10  8.24e-13  2.25e-12  2.27e-10  2.65e-10
    900  2.25e-10  9.61e-13  2.54e-12  2.29e-10   2.7e-10
  1e+03  2.26e-10  1.16e-12  2.91e-12   2.3e-10  2.75e-10
1.1e+03  2.26e-10  1.34e-12  3.26e-12  2.31e-10  2.79e-10
1.2e+03  2.28e-10  1.53e-12   3.5e-12  2.33e-10  2.83e-10
1.3e+03  2.29e-10  1.79e-12  3.76e-12  2.35e-10  2.87e-10
1.4e+03   2.3e-10  2.05e-12  4.12e-12  2.36e-10  2.91e-10
1.5e+03  2.32e-10  2.32e-12  4.29e-12  2.39e-10  2.94e-10
1.6e+03  2.33e-10  2.71e-12  4.68e-12   2.4e-10  2.97e-10
1.7e+03  2.35e-10  3.05e-12  4.92e-12  2.43e-10     3e-10
1.8e+03  2.35e-10  3.44e-12  5.15e-12  2.44e-10  3.03e-10
1.9e+03  2.37e-10  3.82e-12  5.45e-12  2.46e-10  3.06e-10
  2e+03  2.39e-10  4.14e-12  5.48e-12  2.48e-10  3.08e-10

Reactant = P2   Pressure = 0.1 atm

   T(K)        W1        W2        P1      Loss   Capture
    500  2.23e-27   3.4e-11  6.62e-27  3.48e-11   2.4e-10
    600  5.72e-25  4.11e-11  1.85e-24  4.19e-11  2.47e-10
    700  3.22e-23  5.01e-11  1.07e-22  5.08e-11  2.53e-10
    800  6.85e-22  5.47e-11  2.33e-21  5.54e-11  2.59e-10
    900  7.71e-21  5.96e-11  2.64e-20  6.03e-11  2.64e-10
  1e+03  5.37e-20  6.31e-11  1.91e-19  6.38e-11  2.69e-10
1.1e+03  2.74e-19  6.43e-11  9.77e-19   6.5e-11  2.73e-10
1.2e+03  1.11e-18  6.71e-11  3.86e-18  6.77e-11  2.77e-10
1.3e+03  3.67e-18  7.09e-11  1.25e-17  7.16e-11  2.81e-10
1.4e+03  1.03e-17  7.14e-11  3.51e-17  7.21e-11  2.84e-10
1.5e+03  2.61e-17  7.46e-11  8.57e-17  7.52e-11  2.88e-10
1.6e+03  5.74e-17  7.61e-11  1.92e-16  7.68e-11  2.91e-10
1.7e+03  1.21e-16  7.93e-11  3.92e-16     8e-11  2.94e-10
1.8e+03   2.3e-16  8.04e-11  7.47e-16  8.11e-11  2.97e-10
1.9e+03  4.16e-16  8.09e-11  1.35e-15  8.18e-11  2.99e-10
  2e+03  7.35e-16  8.37e-11  2.28e-15  8.46e-11  3.02e-10

Reactant = P2   Pressure = 1 atm

   T(K)        W1        W2        P1      Loss   Capture
    500  3.88e-27  7.18e-11  5.24e-27  7.18e-11   2.4e-10
    600  9.89e-25   7.9e-11  1.49e-24   7.9e-11  2.47e-10
    700   5.5e-23  8.95e-11  8.69e-23  8.95e-11  2.53e-10
    800  1.16e-21  9.44e-11  1.91e-21  9.44e-11  2.59e-10
    900   1.3e-20  9.99e-11  2.18e-20  9.99e-11  2.64e-10
  1e+03  9.06e-20  1.04e-10  1.59e-19  1.04e-10  2.69e-10
1.1e+03   4.6e-19  1.05e-10  8.17e-19  1.05e-10  2.73e-10
1.2e+03  1.85e-18  1.08e-10  3.22e-18  1.08e-10  2.77e-10
1.3e+03  6.08e-18  1.12e-10  1.05e-17  1.12e-10  2.81e-10
1.4e+03   1.7e-17  1.13e-10  2.96e-17  1.13e-10  2.84e-10
1.5e+03  4.28e-17  1.16e-10  7.22e-17  1.16e-10  2.88e-10
1.6e+03  9.42e-17  1.18e-10  1.63e-16  1.18e-10  2.91e-10
1.7e+03  1.96e-16  1.22e-10  3.31e-16  1.22e-10  2.94e-10
1.8e+03  3.73e-16  1.23e-10  6.29e-16  1.23e-10  2.97e-10
1.9e+03  6.69e-16  1.24e-10  1.13e-15  1.24e-10  2.99e-10
  2e+03  1.16e-15  1.27e-10  1.88e-15  1.27e-10  3.02e-10

Reactant = P2   Pressure = 10 atm

   T(K)        W1        W2        P1      Loss   Capture
    500  6.24e-27   1.3e-10  3.06e-27   1.3e-10   2.4e-10
    600  1.58e-24  1.34e-10  9.38e-25-4.03e+199  2.47e-10
    700  8.67e-23  1.42e-10  5.73e-23  1.42e-10  2.53e-10
    800  1.82e-21  1.46e-10   1.3e-21  1.46e-10  2.59e-10
    900  2.01e-20  1.51e-10  1.51e-20  1.51e-10  2.64e-10
  1e+03   1.4e-19  1.54e-10  1.12e-19  1.54e-10  2.69e-10
1.1e+03  7.05e-19  1.54e-10  5.84e-19  1.54e-10  2.73e-10
1.2e+03   2.8e-18  1.57e-10  2.31e-18  1.57e-10  2.77e-10
1.3e+03  9.06e-18  1.62e-10  7.58e-18  1.62e-10  2.81e-10
1.4e+03   2.5e-17  1.62e-10  2.14e-17  1.62e-10  2.84e-10
1.5e+03  6.18e-17  1.66e-10  5.21e-17  1.66e-10  2.88e-10
1.6e+03  1.34e-16  1.68e-10  1.18e-16  1.68e-10  2.91e-10
1.7e+03  2.72e-16  1.72e-10   2.4e-16  1.72e-10  2.94e-10
1.8e+03  5.07e-16  1.73e-10  4.56e-16  1.73e-10  2.97e-10
1.9e+03  8.93e-16  1.74e-10  8.17e-16  1.74e-10  2.99e-10
  2e+03  1.51e-15  1.77e-10  1.35e-15  1.77e-10  3.02e-10

Reactant = P2   Pressure = 100 atm

   T(K)        W1        W2        P1      Loss   Capture
    500  5.87e-27  2.05e-10  5.42e-28  2.05e-10   2.4e-10
    600  1.59e-24  2.07e-10  2.02e-25  2.07e-10  2.47e-10
    700   8.9e-23  2.11e-10  1.38e-23  2.11e-10  2.53e-10
    800  1.88e-21  2.14e-10  3.39e-22  2.14e-10  2.59e-10
    900  2.05e-20  2.17e-10  4.12e-21  2.17e-10  2.64e-10
  1e+03  1.41e-19  2.19e-10  3.18e-20  2.19e-10  2.69e-10
1.1e+03  6.99e-19   2.2e-10   1.7e-19   2.2e-10  2.73e-10
1.2e+03  2.68e-18  2.23e-10  6.73e-19  2.23e-10  2.77e-10
1.3e+03  8.34e-18  2.25e-10  2.19e-18  2.25e-10  2.81e-10
1.4e+03  2.27e-17  2.27e-10  6.21e-18  2.27e-10  2.84e-10
1.5e+03  5.35e-17   2.3e-10  1.48e-17   2.3e-10  2.88e-10
1.6e+03  1.14e-16  2.32e-10  3.34e-17  2.32e-10  2.91e-10
1.7e+03  2.24e-16  2.36e-10  6.68e-17  2.36e-10  2.94e-10
1.8e+03  4.05e-16  2.37e-10  1.24e-16  2.37e-10  2.97e-10
1.9e+03  7.05e-16  2.39e-10   2.2e-16  2.39e-10  2.99e-10
  2e+03  1.14e-15  2.41e-10  3.52e-16  2.41e-10  3.02e-10

______________________________________________________________________________________

Temperature-Pressure Rate Tables:

W1->W2

P\T           500       600       700       800       900     1e+03   1.1e+03   1.2e+03   1.3e+03   1.4e+03   1.5e+03   1.6e+03   1.7e+03   1.8e+03   1.9e+03     2e+03
0.1      7.96e+03  8.77e+03  1.07e+04  9.96e+03  9.66e+03  9.15e+03  7.26e+03  6.22e+03   6.5e+03  5.45e+03  6.31e+03  9.33e+03  1.86e+04  3.59e+04  7.07e+04  1.56e+05
1        3.02e+04  3.05e+04  3.39e+04  3.11e+04  3.09e+04  3.38e+04  3.79e+04  5.59e+04  1.08e+05  1.74e+05   3.3e+05  6.14e+05  1.24e+06  2.11e+06  3.35e+06  5.53e+06
10        8.2e+05  9.11e+05  1.28e+06  1.79e+06  2.68e+06  3.95e+06  5.36e+06  7.58e+06  1.11e+07   1.4e+07   1.9e+07  2.45e+07  3.21e+07  3.93e+07  4.57e+07  5.55e+07
100      2.52e+08  2.24e+08  2.15e+08   2.1e+08  2.13e+08  2.17e+08   2.2e+08  2.29e+08  2.42e+08  2.47e+08   2.6e+08  2.69e+08  2.81e+08   2.9e+08  2.95e+08  3.07e+08
O-O      8.52e+08  8.39e+08  8.25e+08  8.12e+08     8e+08   7.9e+08  7.82e+08  7.73e+08  7.66e+08  7.59e+08  7.52e+08  7.46e+08   7.4e+08  7.34e+08  7.28e+08  7.22e+08

W1->P1

P\T           500       600       700       800       900     1e+03   1.1e+03   1.2e+03   1.3e+03   1.4e+03   1.5e+03   1.6e+03   1.7e+03   1.8e+03   1.9e+03     2e+03
0.1      1.27e+09  1.71e+09     2e+09  2.09e+09  2.08e+09  1.96e+09  1.85e+09  1.77e+09  1.65e+09  1.52e+09  1.43e+09   1.3e+09  1.23e+09  1.13e+09  1.04e+09  9.89e+08
1        2.72e+09  3.27e+09  3.56e+09  3.59e+09  3.48e+09  3.24e+09  3.02e+09  2.83e+09  2.62e+09   2.4e+09  2.24e+09  2.04e+09  1.91e+09  1.74e+09  1.61e+09  1.52e+09
10       5.11e+09  5.62e+09  5.77e+09  5.61e+09  5.31e+09  4.89e+09   4.5e+09  4.17e+09  3.82e+09  3.49e+09  3.23e+09  2.93e+09  2.72e+09  2.49e+09  2.29e+09  2.14e+09
100      7.76e+09   8.5e+09  8.58e+09  8.25e+09  7.73e+09  7.12e+09  6.52e+09  5.97e+09  5.45e+09  4.97e+09  4.55e+09  4.16e+09  3.83e+09   3.5e+09  3.23e+09  2.99e+09
O-O      8.68e+09  9.72e+09  9.97e+09  9.74e+09  9.26e+09  8.67e+09  8.04e+09  7.42e+09  6.83e+09  6.27e+09  5.77e+09  5.31e+09  4.89e+09  4.51e+09  4.17e+09  3.86e+09

W1->P2

P\T           500       600       700       800       900     1e+03   1.1e+03   1.2e+03   1.3e+03   1.4e+03   1.5e+03   1.6e+03   1.7e+03   1.8e+03   1.9e+03     2e+03
0.1      1.97e+08  1.83e+08  1.75e+08  1.68e+08  1.64e+08  1.56e+08  1.52e+08  1.52e+08  1.51e+08  1.48e+08  1.49e+08  1.44e+08  1.46e+08  1.43e+08  1.41e+08  1.44e+08
1        3.42e+08  3.16e+08  2.99e+08  2.85e+08  2.75e+08  2.62e+08  2.55e+08  2.53e+08  2.49e+08  2.44e+08  2.44e+08  2.36e+08  2.36e+08  2.31e+08  2.26e+08  2.27e+08
10       5.51e+08  5.04e+08  4.71e+08  4.45e+08  4.26e+08  4.04e+08   3.9e+08  3.81e+08   3.7e+08  3.59e+08  3.52e+08  3.36e+08  3.27e+08  3.13e+08  3.02e+08  2.93e+08
100      5.18e+08  5.08e+08  4.84e+08  4.59e+08  4.33e+08  4.07e+08  3.86e+08  3.65e+08  3.41e+08  3.25e+08  3.04e+08  2.85e+08  2.69e+08  2.51e+08  2.38e+08  2.23e+08
O-O           ***       ***       ***       ***       ***       ***       ***       ***       ***       ***       ***       ***       ***       ***       ***       ***

W2->W1

P\T           500       600       700       800       900     1e+03   1.1e+03   1.2e+03   1.3e+03   1.4e+03   1.5e+03   1.6e+03   1.7e+03   1.8e+03   1.9e+03     2e+03
0.1            -0 -4.01e-18 -6.09e-14 -3.77e-12  2.88e-08 -1.49e-08  7.86e-06   6.9e-05  0.000527   0.00254    0.0123    0.0535     0.259     0.915      3.06      10.6
1        7.88e-15  1.11e-11  2.99e-09  2.14e-07  7.05e-06  0.000128    0.0013    0.0102    0.0695     0.307      1.34      5.06      19.1      56.1       146       374
10       5.86e-10  1.84e-07  1.45e-05  0.000417   0.00648    0.0618     0.386      1.94      8.27      26.2      78.9       204       494  1.05e+03  1.99e+03  3.75e+03
100         2e-07  4.94e-05    0.0026    0.0509     0.527      3.45        16        59       182       464  1.08e+03  2.24e+03  4.33e+03  7.72e+03  1.28e+04  2.07e+04
O-O      6.76e-07  0.000185   0.00998     0.196      1.98      12.6      56.7       199       574  1.42e+03  3.13e+03  6.22e+03  1.14e+04  1.95e+04  3.16e+04  4.87e+04

W2->P1

P\T           500       600       700       800       900     1e+03   1.1e+03   1.2e+03   1.3e+03   1.4e+03   1.5e+03   1.6e+03   1.7e+03   1.8e+03   1.9e+03     2e+03
0.1             0 -1.98e-14 -3.58e-14  9.67e-12 -5.04e-10  2.35e-08  2.68e-07  2.23e-06  1.53e-05  6.42e-05   0.00026  0.000927   0.00241   0.00394  -0.00123   -0.0392
1        1.07e-15  1.04e-12  2.03e-10  1.14e-08  3.08e-07   4.9e-06  4.26e-05  0.000286    0.0017   0.00669    0.0253    0.0861     0.247     0.639      1.36      2.93
10        1.4e-10  4.25e-08  3.05e-06  7.95e-05   0.00111   0.00998    0.0575     0.263      1.05      3.15      8.84      22.4      50.1       105       194       349
100      1.64e-08  5.38e-06  0.000334   0.00731    0.0814     0.577      2.78      10.2      31.8      82.8       189       403       764  1.36e+03  2.26e+03   3.5e+03
O-O           ***       ***       ***       ***       ***       ***       ***       ***       ***       ***       ***       ***       ***       ***       ***       ***

W2->P2

P\T           500       600       700       800       900     1e+03   1.1e+03   1.2e+03   1.3e+03   1.4e+03   1.5e+03   1.6e+03   1.7e+03   1.8e+03   1.9e+03     2e+03
0.1      2.39e+09   2.9e+09  3.31e+09  3.26e+09  3.14e+09  2.91e+09  2.59e+09  2.36e+09  2.19e+09  1.93e+09  1.77e+09   1.6e+09  1.47e+09  1.33e+09  1.19e+09  1.11e+09
1        5.03e+09  5.56e+09  5.89e+09   5.6e+09  5.24e+09  4.77e+09  4.21e+09  3.78e+09  3.45e+09  3.03e+09  2.75e+09  2.47e+09  2.26e+09  2.03e+09  1.82e+09  1.67e+09
10       9.13e+09  9.41e+09  9.35e+09  8.64e+09  7.89e+09  7.06e+09   6.2e+09  5.52e+09  4.96e+09  4.36e+09  3.92e+09   3.5e+09  3.18e+09  2.85e+09  2.56e+09  2.33e+09
100      1.44e+10  1.46e+10  1.39e+10  1.27e+10  1.13e+10     1e+10  8.83e+09   7.8e+09  6.91e+09  6.11e+09  5.44e+09  4.85e+09  4.37e+09   3.9e+09  3.51e+09  3.17e+09
O-O      1.68e+10  1.74e+10  1.67e+10  1.53e+10  1.38e+10  1.23e+10   1.1e+10  9.71e+09  8.61e+09  7.65e+09  6.81e+09  6.07e+09  5.44e+09  4.88e+09   4.4e+09  3.97e+09

P1->W1

P\T           500       600       700       800       900     1e+03   1.1e+03   1.2e+03   1.3e+03   1.4e+03   1.5e+03   1.6e+03   1.7e+03   1.8e+03   1.9e+03     2e+03
0.1      3.58e-11  4.44e-11  5.17e-11  5.66e-11  6.05e-11   6.2e-11  6.41e-11  6.71e-11   6.9e-11  7.01e-11  7.26e-11  7.25e-11  7.51e-11  7.52e-11   7.6e-11  7.86e-11
1        7.66e-11  8.49e-11  9.25e-11  9.74e-11  1.01e-10  1.03e-10  1.05e-10  1.08e-10   1.1e-10  1.11e-10  1.14e-10  1.14e-10  1.17e-10  1.17e-10  1.18e-10  1.21e-10
10       1.44e-10  1.46e-10   1.5e-10  1.52e-10  1.55e-10  1.55e-10  1.56e-10  1.59e-10  1.61e-10  1.62e-10  1.64e-10  1.64e-10  1.67e-10  1.67e-10  1.68e-10  1.71e-10
100      2.19e-10  2.21e-10  2.23e-10  2.24e-10  2.25e-10  2.26e-10  2.26e-10  2.28e-10  2.29e-10   2.3e-10  2.32e-10  2.33e-10  2.35e-10  2.35e-10  2.37e-10  2.39e-10
O-O      2.45e-10  2.52e-10  2.59e-10  2.65e-10   2.7e-10  2.75e-10  2.79e-10  2.83e-10  2.87e-10  2.91e-10  2.94e-10  2.97e-10     3e-10  3.03e-10  3.06e-10  3.08e-10

P1->W2

P\T           500       600       700       800       900     1e+03   1.1e+03   1.2e+03   1.3e+03   1.4e+03   1.5e+03   1.6e+03   1.7e+03   1.8e+03   1.9e+03     2e+03
0.1      2.96e-16  3.82e-16  4.78e-16  5.59e-16  6.48e-16  6.97e-16   7.8e-16  9.12e-16  1.03e-15  1.13e-15  1.32e-15  1.39e-15  1.33e-15  1.83e-15  2.14e-15  2.79e-15
1        1.12e-15  1.29e-15   1.5e-15  1.69e-15   1.9e-15  2.04e-15  2.26e-15  2.61e-15  2.96e-15  3.29e-15  3.89e-15  4.38e-15  4.54e-15  6.41e-15  7.66e-15  9.84e-15
10       8.21e-15  8.43e-15  1.03e-14   1.3e-14  1.76e-14  2.46e-14  3.27e-14  4.48e-14  6.49e-14  8.45e-14  1.16e-13  1.58e-13  2.06e-13  2.74e-13  3.37e-13  4.23e-13
100      5.86e-13  6.36e-13  7.19e-13  8.24e-13  9.61e-13  1.16e-12  1.34e-12  1.53e-12  1.79e-12  2.05e-12  2.32e-12  2.71e-12  3.05e-12  3.44e-12  3.82e-12  4.14e-12
O-O           ***       ***       ***       ***       ***       ***       ***       ***       ***       ***       ***       ***       ***       ***       ***       ***

P1->P2

P\T           500       600       700       800       900     1e+03   1.1e+03   1.2e+03   1.3e+03   1.4e+03   1.5e+03   1.6e+03   1.7e+03   1.8e+03   1.9e+03     2e+03
0.1      1.65e-11  1.53e-11  1.51e-11  1.55e-11  1.63e-11  1.75e-11  1.88e-11  2.01e-11  2.16e-11  2.33e-11  2.48e-11  2.69e-11  2.89e-11   3.1e-11  3.36e-11  3.55e-11
1         1.3e-11  1.23e-11  1.23e-11  1.27e-11  1.34e-11  1.45e-11  1.57e-11  1.68e-11  1.81e-11  1.96e-11  2.09e-11  2.28e-11  2.44e-11  2.61e-11   2.8e-11  2.93e-11
10       7.61e-12  7.78e-12  8.09e-12  8.64e-12   9.3e-12  1.03e-11  1.12e-11   1.2e-11   1.3e-11  1.42e-11  1.51e-11  1.66e-11  1.77e-11  1.89e-11  2.03e-11  2.11e-11
100      1.35e-12  1.67e-12  1.95e-12  2.25e-12  2.54e-12  2.91e-12  3.26e-12   3.5e-12  3.76e-12  4.12e-12  4.29e-12  4.68e-12  4.92e-12  5.15e-12  5.45e-12  5.48e-12
O-O           ***       ***       ***       ***       ***       ***       ***       ***       ***       ***       ***       ***       ***       ***       ***       ***

P2->W1

P\T           500       600       700       800       900     1e+03   1.1e+03   1.2e+03   1.3e+03   1.4e+03   1.5e+03   1.6e+03   1.7e+03   1.8e+03   1.9e+03     2e+03
0.1      2.23e-27  5.72e-25  3.22e-23  6.85e-22  7.71e-21  5.37e-20  2.74e-19  1.11e-18  3.67e-18  1.03e-17  2.61e-17  5.74e-17  1.21e-16   2.3e-16  4.16e-16  7.35e-16
1        3.88e-27  9.89e-25   5.5e-23  1.16e-21   1.3e-20  9.06e-20   4.6e-19  1.85e-18  6.08e-18   1.7e-17  4.28e-17  9.42e-17  1.96e-16  3.73e-16  6.69e-16  1.16e-15
10       6.24e-27  1.58e-24  8.67e-23  1.82e-21  2.01e-20   1.4e-19  7.05e-19   2.8e-18  9.06e-18   2.5e-17  6.18e-17  1.34e-16  2.72e-16  5.07e-16  8.93e-16  1.51e-15
100      5.87e-27  1.59e-24   8.9e-23  1.88e-21  2.05e-20  1.41e-19  6.99e-19  2.68e-18  8.34e-18  2.27e-17  5.35e-17  1.14e-16  2.24e-16  4.05e-16  7.05e-16  1.14e-15
O-O           ***       ***       ***       ***       ***       ***       ***       ***       ***       ***       ***       ***       ***       ***       ***       ***

P2->W2

P\T           500       600       700       800       900     1e+03   1.1e+03   1.2e+03   1.3e+03   1.4e+03   1.5e+03   1.6e+03   1.7e+03   1.8e+03   1.9e+03     2e+03
0.1       3.4e-11  4.11e-11  5.01e-11  5.47e-11  5.96e-11  6.31e-11  6.43e-11  6.71e-11  7.09e-11  7.14e-11  7.46e-11  7.61e-11  7.93e-11  8.04e-11  8.09e-11  8.37e-11
1        7.18e-11   7.9e-11  8.95e-11  9.44e-11  9.99e-11  1.04e-10  1.05e-10  1.08e-10  1.12e-10  1.13e-10  1.16e-10  1.18e-10  1.22e-10  1.23e-10  1.24e-10  1.27e-10
10        1.3e-10  1.34e-10  1.42e-10  1.46e-10  1.51e-10  1.54e-10  1.54e-10  1.57e-10  1.62e-10  1.62e-10  1.66e-10  1.68e-10  1.72e-10  1.73e-10  1.74e-10  1.77e-10
100      2.05e-10  2.07e-10  2.11e-10  2.14e-10  2.17e-10  2.19e-10   2.2e-10  2.23e-10  2.25e-10  2.27e-10   2.3e-10  2.32e-10  2.36e-10  2.37e-10  2.39e-10  2.41e-10
O-O       2.4e-10  2.47e-10  2.53e-10  2.59e-10  2.64e-10  2.69e-10  2.73e-10  2.77e-10  2.81e-10  2.84e-10  2.88e-10  2.91e-10  2.94e-10  2.97e-10  2.99e-10  3.02e-10

P2->P1

P\T           500       600       700       800       900     1e+03   1.1e+03   1.2e+03   1.3e+03   1.4e+03   1.5e+03   1.6e+03   1.7e+03   1.8e+03   1.9e+03     2e+03
0.1      6.62e-27  1.85e-24  1.07e-22  2.33e-21  2.64e-20  1.91e-19  9.77e-19  3.86e-18  1.25e-17  3.51e-17  8.57e-17  1.92e-16  3.92e-16  7.47e-16  1.35e-15  2.28e-15
1        5.24e-27  1.49e-24  8.69e-23  1.91e-21  2.18e-20  1.59e-19  8.17e-19  3.22e-18  1.05e-17  2.96e-17  7.22e-17  1.63e-16  3.31e-16  6.29e-16  1.13e-15  1.88e-15
10       3.06e-27  9.38e-25  5.73e-23   1.3e-21  1.51e-20  1.12e-19  5.84e-19  2.31e-18  7.58e-18  2.14e-17  5.21e-17  1.18e-16   2.4e-16  4.56e-16  8.17e-16  1.35e-15
100      5.42e-28  2.02e-25  1.38e-23  3.39e-22  4.12e-21  3.18e-20   1.7e-19  6.73e-19  2.19e-18  6.21e-18  1.48e-17  3.34e-17  6.68e-17  1.24e-16   2.2e-16  3.52e-16
O-O           ***       ***       ***       ***       ***       ***       ***       ***       ***       ***       ***       ***       ***       ***       ***       ***

W1-> 

P\T           500       600       700       800       900     1e+03   1.1e+03   1.2e+03   1.3e+03   1.4e+03   1.5e+03   1.6e+03   1.7e+03   1.8e+03   1.9e+03     2e+03
0.1      1.47e+09   1.9e+09  2.17e+09  2.26e+09  2.25e+09  2.12e+09  2.01e+09  1.92e+09   1.8e+09  1.67e+09  1.58e+09  1.45e+09  1.37e+09  1.27e+09  1.18e+09  1.13e+09
1        3.06e+09  3.59e+09  3.86e+09  3.87e+09  3.76e+09   3.5e+09  3.27e+09  3.08e+09  2.87e+09  2.65e+09  2.49e+09  2.27e+09  2.14e+09  1.98e+09  1.84e+09  1.75e+09
10       5.66e+09  6.13e+09  6.24e+09  6.05e+09  5.74e+09   5.3e+09   4.9e+09  4.56e+09  4.21e+09  3.86e+09   3.6e+09  3.29e+09  3.08e+09  2.84e+09  2.64e+09  2.49e+09
100      8.53e+09  9.24e+09  9.28e+09  8.92e+09  8.38e+09  7.74e+09  7.13e+09  6.57e+09  6.04e+09  5.54e+09  5.12e+09  4.71e+09  4.38e+09  4.05e+09  3.76e+09  3.52e+09
O-O      9.53e+09  1.06e+10  1.08e+10  1.06e+10  1.01e+10  9.46e+09  8.82e+09  8.19e+09  7.59e+09  7.03e+09  6.52e+09  6.05e+09  5.63e+09  5.25e+09   4.9e+09  4.58e+09

W2-> 

P\T           500       600       700       800       900     1e+03   1.1e+03   1.2e+03   1.3e+03   1.4e+03   1.5e+03   1.6e+03   1.7e+03   1.8e+03   1.9e+03     2e+03
0.1      2.39e+09   2.9e+09  3.31e+09  3.26e+09  3.14e+09  2.91e+09  2.59e+09  2.36e+09  2.19e+09  1.93e+09  1.77e+09   1.6e+09  1.47e+09  1.33e+09  1.19e+09  1.11e+09
1        5.03e+09  5.56e+09  5.89e+09   5.6e+09  5.24e+09  4.77e+09  4.21e+09  3.78e+09  3.45e+09  3.03e+09  2.75e+09  2.47e+09  2.26e+09  2.03e+09  1.82e+09  1.67e+09
10       9.13e+09  9.41e+09  9.35e+09  8.64e+09  7.89e+09  7.06e+09   6.2e+09  5.52e+09  4.96e+09  4.36e+09  3.92e+09   3.5e+09  3.18e+09  2.85e+09  2.56e+09  2.33e+09
100      1.44e+10  1.46e+10  1.39e+10  1.27e+10  1.13e+10     1e+10  8.83e+09   7.8e+09  6.91e+09  6.11e+09  5.44e+09  4.85e+09  4.37e+09   3.9e+09  3.51e+09  3.17e+09
O-O      1.68e+10  1.74e+10  1.67e+10  1.53e+10  1.38e+10  1.23e+10   1.1e+10  9.71e+09  8.61e+09  7.65e+09  6.81e+09  6.07e+09  5.44e+09  4.88e+09   4.4e+09  3.97e+09

P1-> 

P\T           500       600       700       800       900     1e+03   1.1e+03   1.2e+03   1.3e+03   1.4e+03   1.5e+03   1.6e+03   1.7e+03   1.8e+03   1.9e+03     2e+03
0.1      5.34e-11  6.07e-11  6.77e-11  7.29e-11  7.77e-11  8.03e-11  8.37e-11  8.81e-11  9.15e-11  9.43e-11  9.85e-11  1.01e-10  1.05e-10  1.07e-10   1.1e-10  1.15e-10
1        8.96e-11  9.73e-11  1.05e-10   1.1e-10  1.15e-10  1.17e-10   1.2e-10  1.25e-10  1.28e-10  1.31e-10  1.35e-10  1.37e-10  1.41e-10  1.43e-10  1.46e-10   1.5e-10
10       1.52e-10  1.54e-10  1.58e-10  1.61e-10  1.64e-10  1.65e-10  1.67e-10  1.71e-10  1.74e-10  1.76e-10   1.8e-10  1.81e-10  1.85e-10  1.86e-10  1.89e-10  1.93e-10
100      2.21e-10  2.23e-10  2.26e-10  2.27e-10  2.29e-10   2.3e-10  2.31e-10  2.33e-10  2.35e-10  2.36e-10  2.39e-10   2.4e-10  2.43e-10  2.44e-10  2.46e-10  2.48e-10
O-O      2.45e-10  2.52e-10  2.59e-10  2.65e-10   2.7e-10  2.75e-10  2.79e-10  2.83e-10  2.87e-10  2.91e-10  2.94e-10  2.97e-10     3e-10  3.03e-10  3.06e-10  3.08e-10

P2-> 

P\T           500       600       700       800       900     1e+03   1.1e+03   1.2e+03   1.3e+03   1.4e+03   1.5e+03   1.6e+03   1.7e+03   1.8e+03   1.9e+03     2e+03
0.1      3.48e-11  4.19e-11  5.08e-11  5.54e-11  6.03e-11  6.38e-11   6.5e-11  6.77e-11  7.16e-11  7.21e-11  7.52e-11  7.68e-11     8e-11  8.11e-11  8.18e-11  8.46e-11
1        7.18e-11   7.9e-11  8.95e-11  9.44e-11  9.99e-11  1.04e-10  1.05e-10  1.08e-10  1.12e-10  1.13e-10  1.16e-10  1.18e-10  1.22e-10  1.23e-10  1.24e-10  1.27e-10
10        1.3e-10-4.03e+199  1.42e-10  1.46e-10  1.51e-10  1.54e-10  1.54e-10  1.57e-10  1.62e-10  1.62e-10  1.66e-10  1.68e-10  1.72e-10  1.73e-10  1.74e-10  1.77e-10
100      2.05e-10  2.07e-10  2.11e-10  2.14e-10  2.17e-10  2.19e-10   2.2e-10  2.23e-10  2.25e-10  2.27e-10   2.3e-10  2.32e-10  2.36e-10  2.37e-10  2.39e-10  2.41e-10
O-O       2.4e-10  2.47e-10  2.53e-10  2.59e-10  2.64e-10  2.69e-10  2.73e-10  2.77e-10  2.81e-10  2.84e-10  2.88e-10  2.91e-10  2.94e-10  2.97e-10  2.99e-10  3.02e-10

