Wells (G - ground energy, D - dissociation limit, kcal/mol):
                            W         G         D
        FakeW-C5H8(522)+OH(4)        -3         0
      FakeW-C5H7(1202)+H2O(5)     -7.94     -4.94

Bimolecular Products (G - ground energy, kcal/mol):
                      P         G
        C5H8(522)+OH(4)         0
      C5H7(1202)+H2O(5)     -4.94

Well-to-Bimolecular Barriers (H/G - barrier height/well depth, kcal/mol)
                            B         H                       W         G                 P
        FakeB-C5H8(522)+OH(4)         0   FakeW-C5H8(522)+OH(4)        -3   C5H8(522)+OH(4)
      FakeB-C5H7(1202)+H2O(5)     -4.94 FakeW-C5H7(1202)+H2O(5)     -7.94 C5H7(1202)+H2O(5)

Well-to-Well Barriers (H/G - barrier height/well depth, kcal/mol):
            B         H                      W1        G1                      W2        G2
      ts_5_15      3.55   FakeW-C5H8(522)+OH(4)        -3 FakeW-C5H7(1202)+H2O(5)     -7.94

Bound Groups: dissociation barrier (name/ground energy, kcal/mol): wells (name/ground energy, kcal/mol):
     C2/-4.94:  FakeW-C5H7(1202)+H2O(5)/-7.94

     C1/0:  FakeW-C5H8(522)+OH(4)/-3

________________________________________________________________________________________

Names Translation Tables (<short name> - <original name>):
Wells:
   W1 - FakeW-C5H8(522)+OH(4)
   W2 - FakeW-C5H7(1202)+H2O(5)
Bimolecular products:
   P1 - C5H8(522)+OH(4)
   P2 - C5H7(1202)+H2O(5)
Inner Barriers:
   B1 - ts_5_15
Outer Barriers:
   C1 - FakeB-C5H8(522)+OH(4)
   C2 - FakeB-C5H7(1202)+H2O(5)
Unimolecular Rate Units: 1/sec;  Bimolecular Rate Units: cm^3/sec

______________________________________________________________________________________

Species-Species Rate Tables:

Temperature = 500 K

High Pressure Rate Coefficients:

From\To         W1        W2        P1        P2
W1             ***   2.5e+06  8.65e+09       ***
W2        9.97e+03       ***       ***  1.44e+10
P1        2.45e-10       ***       ***       ***
P2             ***   2.4e-10       ***       ***

Temperature = 500 K    Pressure = 0.1 atm

From\To         W1        W2        P1        P2
W1        1.32e+09  1.45e+03  1.32e+09  1.03e+05
W2            5.74  2.13e+09      1.19  2.13e+09
P1        3.74e-11  8.69e-18  3.74e-11  6.77e-14
P2        6.77e-18  3.52e-11  1.58e-16  3.52e-11

Temperature = 500 K    Pressure = 1 atm

From\To         W1        W2        P1        P2
W1        2.79e+09  1.58e+04  2.79e+09  2.99e+05
W2            62.8   4.5e+09        23   4.5e+09
P1        7.88e-11  1.64e-16  7.89e-11  6.16e-14
P2        1.97e-17  7.46e-11  1.44e-16  7.46e-11

Temperature = 500 K    Pressure = 10 atm

From\To         W1        W2        P1        P2
W1         5.2e+09  1.88e+05   5.2e+09  7.88e+05
W2             748  8.18e+09       460  8.18e+09
P1        1.47e-10  3.27e-15  1.47e-10  3.97e-14
P2         5.2e-17  1.36e-10  9.27e-17  1.36e-10

Temperature = 500 K    Pressure = 100 atm

From\To         W1        W2        P1        P2
W1         7.8e+09  1.39e+06  7.79e+09  6.88e+05
W2        5.54e+03  1.26e+10  1.01e+03  1.26e+10
P1        2.21e-10  7.16e-15  2.21e-10  4.67e-15
P2        4.54e-17  2.09e-10  1.09e-17  2.09e-10

Temperature = 600 K

High Pressure Rate Coefficients:

From\To         W1        W2        P1        P2
W1             ***   5.1e+06  9.69e+09       ***
W2        4.24e+04       ***       ***   1.5e+10
P1        2.52e-10       ***       ***       ***
P2             ***  2.47e-10       ***       ***

Temperature = 600 K    Pressure = 0.1 atm

From\To         W1        W2        P1        P2
W1        1.72e+09  1.02e+04  1.72e+09  2.33e+05
W2            84.4  2.68e+09        11  2.68e+09
P1        4.48e-11  3.61e-17  4.49e-11  1.26e-13
P2        3.19e-17  4.41e-11  6.64e-16  4.41e-11

Temperature = 600 K    Pressure = 1 atm

From\To         W1        W2        P1        P2
W1        3.29e+09  6.93e+04  3.28e+09  5.99e+05
W2             576  5.09e+09       123  5.09e+09
P1        8.55e-11  3.89e-16  8.56e-11  1.15e-13
P2        8.21e-17  8.39e-11  6.04e-16  8.39e-11

Temperature = 600 K    Pressure = 10 atm

From\To         W1        W2        P1        P2
W1        5.66e+09  4.38e+05  5.66e+09  1.39e+06
W2        3.64e+03  8.54e+09  1.86e+03  8.54e+09
P1        1.47e-10  5.82e-15  1.48e-10  7.91e-14
P2        1.91e-16  1.41e-10  4.16e-16  1.41e-10

Temperature = 600 K    Pressure = 100 atm

From\To         W1        W2        P1        P2
W1        8.53e+09  2.63e+06  8.53e+09  1.42e+06
W2        2.19e+04  1.29e+10  4.89e+03  1.29e+10
P1        2.22e-10  1.53e-14  2.22e-10  1.19e-14
P2        1.94e-16  2.12e-10  6.27e-17  2.12e-10

Temperature = 700 K

High Pressure Rate Coefficients:

From\To         W1        W2        P1        P2
W1             ***   8.8e+06  9.93e+09       ***
W2        1.24e+05       ***       ***  1.44e+10
P1        2.59e-10       ***       ***       ***
P2             ***  2.53e-10       ***       ***

Temperature = 700 K    Pressure = 0.1 atm

From\To         W1        W2        P1        P2
W1           2e+09  4.56e+04     2e+09  4.75e+05
W2             639  2.85e+09        69  2.85e+09
P1        5.19e-11  1.36e-16  5.21e-11  2.15e-13
P2        1.17e-16  5.01e-11  2.04e-15  5.01e-11

Temperature = 700 K    Pressure = 1 atm

From\To         W1        W2        P1        P2
W1        3.56e+09  2.21e+05  3.56e+09  1.07e+06
W2         3.1e+03   5.1e+09       461   5.1e+09
P1        9.27e-11  8.63e-16  9.29e-11  1.94e-13
P2        2.65e-16     9e-11  1.84e-15     9e-11

Temperature = 700 K    Pressure = 10 atm

From\To         W1        W2        P1        P2
W1        5.79e+09  9.25e+05  5.79e+09   2.2e+06
W2         1.3e+04  8.18e+09  5.18e+03  8.18e+09
P1        1.51e-10  9.62e-15  1.51e-10  1.38e-13
P2        5.45e-16  1.44e-10  1.31e-15  1.44e-10

Temperature = 700 K    Pressure = 100 atm

From\To         W1        W2        P1        P2
W1        8.61e+09  4.39e+06  8.61e+09   2.4e+06
W2        6.16e+04  1.22e+10   1.5e+04  1.22e+10
P1        2.24e-10  2.78e-14  2.24e-10  2.42e-14
P2        5.93e-16  2.15e-10   2.3e-16  2.15e-10

Temperature = 800 K

High Pressure Rate Coefficients:

From\To         W1        W2        P1        P2
W1             ***  1.35e+07  9.71e+09       ***
W2        2.81e+05       ***       ***  1.32e+10
P1        2.65e-10       ***       ***       ***
P2             ***  2.59e-10       ***       ***

Temperature = 800 K    Pressure = 0.1 atm

From\To         W1        W2        P1        P2
W1        2.06e+09  1.55e+05  2.06e+09  7.74e+05
W2        3.22e+03  2.95e+09       393  2.95e+09
P1        5.59e-11  5.45e-16  5.62e-11  3.41e-13
P2        3.15e-16  5.75e-11  5.09e-15  5.75e-11

Temperature = 800 K    Pressure = 1 atm

From\To         W1        W2        P1        P2
W1        3.54e+09  5.75e+05  3.54e+09  1.57e+06
W2        1.19e+04  5.03e+09  1.69e+03  5.03e+09
P1        9.65e-11  2.23e-15  9.68e-11  3.06e-13
P2        6.39e-16  9.84e-11  4.57e-15  9.84e-11

Temperature = 800 K    Pressure = 10 atm

From\To         W1        W2        P1        P2
W1        5.59e+09   1.8e+06  5.59e+09  2.98e+06
W2        3.75e+04  7.72e+09  1.29e+04  7.72e+09
P1        1.52e-10   1.7e-14  1.53e-10   2.2e-13
P2        1.21e-15  1.51e-10  3.28e-15  1.51e-10

Temperature = 800 K    Pressure = 100 atm

From\To         W1        W2        P1        P2
W1        8.27e+09  6.78e+06  8.26e+09  3.41e+06
W2        1.41e+05  1.12e+10  3.63e+04  1.12e+10
P1        2.25e-10  4.76e-14  2.25e-10  4.23e-14
P2        1.39e-15  2.19e-10  6.31e-16  2.19e-10

Temperature = 900 K

High Pressure Rate Coefficients:

From\To         W1        W2        P1        P2
W1             ***  1.91e+07  9.23e+09       ***
W2        5.38e+05       ***       ***  1.19e+10
P1         2.7e-10       ***       ***       ***
P2             ***  2.64e-10       ***       ***

Temperature = 900 K    Pressure = 0.1 atm

From\To         W1        W2        P1        P2
W1        2.07e+09  3.48e+05  2.07e+09   1.2e+06
W2        9.79e+03  2.78e+09  1.19e+03  2.78e+09
P1        6.03e-11  1.31e-15  6.08e-11  5.09e-13
P2        7.47e-16  6.12e-11  1.09e-14  6.12e-11

Temperature = 900 K    Pressure = 1 atm

From\To         W1        W2        P1        P2
W1        3.47e+09  1.11e+06  3.46e+09  2.24e+06
W2        3.12e+04  4.62e+09   4.1e+03  4.62e+09
P1        1.01e-10  4.29e-15  1.02e-10  4.53e-13
P2         1.4e-15  1.02e-10  9.68e-15  1.02e-10

Temperature = 900 K    Pressure = 10 atm

From\To         W1        W2        P1        P2
W1        5.32e+09  2.99e+06  5.32e+09  3.96e+06
W2        8.42e+04  6.96e+09  2.52e+04  6.96e+09
P1        1.55e-10  2.61e-14  1.56e-10  3.26e-13
P2        2.47e-15  1.54e-10  6.97e-15  1.54e-10

Temperature = 900 K    Pressure = 100 atm

From\To         W1        W2        P1        P2
W1        7.78e+09  9.66e+06  7.76e+09  4.59e+06
W2        2.72e+05  9.97e+09  7.03e+04  9.97e+09
P1        2.27e-10  7.29e-14  2.27e-10  6.69e-14
P2        2.87e-15  2.21e-10  1.43e-15  2.21e-10

Temperature = 1e+03 K

High Pressure Rate Coefficients:

From\To         W1        W2        P1        P2
W1             ***  2.54e+07  8.64e+09       ***
W2        9.14e+05       ***       ***  1.06e+10
P1        2.75e-10       ***       ***       ***
P2             ***  2.69e-10       ***       ***

Temperature = 1e+03 K    Pressure = 0.1 atm

From\To         W1        W2        P1        P2
W1           2e+09   6.4e+05  1.99e+09  1.65e+06
W2         2.3e+04  2.55e+09  2.94e+03  2.55e+09
P1        6.32e-11  2.73e-15  6.39e-11  7.25e-13
P2         1.5e-15  6.42e-11  2.08e-14  6.42e-11

Temperature = 1e+03 K    Pressure = 1 atm

From\To         W1        W2        P1        P2
W1        3.28e+09  1.84e+06  3.28e+09  2.91e+06
W2        6.61e+04  4.17e+09  8.66e+03  4.17e+09
P1        1.04e-10   7.7e-15  1.05e-10  6.42e-13
P2        2.65e-15  1.05e-10  1.84e-14  1.05e-10

Temperature = 1e+03 K    Pressure = 10 atm

From\To         W1        W2        P1        P2
W1        4.95e+09  4.47e+06  4.95e+09  4.92e+06
W2        1.61e+05   6.2e+09  4.44e+04   6.2e+09
P1        1.57e-10  3.92e-14  1.58e-10  4.63e-13
P2        4.48e-15  1.57e-10  1.33e-14  1.57e-10

Temperature = 1e+03 K    Pressure = 100 atm

From\To         W1        W2        P1        P2
W1        7.19e+09   1.3e+07  7.18e+09  5.79e+06
W2        4.67e+05  8.82e+09  1.21e+05  8.81e+09
P1        2.28e-10  1.07e-13  2.28e-10  9.91e-14
P2        5.28e-15  2.23e-10  2.84e-15  2.23e-10

Temperature = 1.1e+03 K

High Pressure Rate Coefficients:

From\To         W1        W2        P1        P2
W1             ***  3.21e+07  8.01e+09       ***
W2        1.42e+06       ***       ***  9.45e+09
P1        2.79e-10       ***       ***       ***
P2             ***  2.73e-10       ***       ***

Temperature = 1.1e+03 K    Pressure = 0.1 atm

From\To         W1        W2        P1        P2
W1        1.94e+09  1.03e+06  1.94e+09  2.28e+06
W2        4.52e+04  2.31e+09  5.44e+03  2.31e+09
P1        6.71e-11  4.56e-15  6.81e-11  9.89e-13
P2        2.91e-15  6.66e-11  3.62e-14  6.66e-11

Temperature = 1.1e+03 K    Pressure = 1 atm

From\To         W1        W2        P1        P2
W1        3.13e+09  2.75e+06  3.12e+09  3.83e+06
W2        1.21e+05  3.73e+09  1.47e+04  3.73e+09
P1        1.09e-10  1.17e-14  1.09e-10  8.68e-13
P2        4.88e-15  1.08e-10  3.18e-14  1.08e-10

Temperature = 1.1e+03 K    Pressure = 10 atm

From\To         W1        W2        P1        P2
W1        4.63e+09  6.25e+06  4.62e+09  6.15e+06
W2        2.76e+05  5.48e+09  6.82e+04  5.48e+09
P1        1.61e-10  5.39e-14  1.62e-10  6.24e-13
P2        7.84e-15  1.59e-10  2.28e-14  1.59e-10

Temperature = 1.1e+03 K    Pressure = 100 atm

From\To         W1        W2        P1        P2
W1        6.63e+09  1.67e+07  6.61e+09   7.1e+06
W2        7.38e+05  7.77e+09  1.85e+05  7.77e+09
P1         2.3e-10  1.46e-13   2.3e-10  1.36e-13
P2        9.06e-15  2.25e-10  4.99e-15  2.25e-10

Temperature = 1.2e+03 K

High Pressure Rate Coefficients:

From\To         W1        W2        P1        P2
W1             ***  3.93e+07  7.39e+09       ***
W2        2.05e+06       ***       ***  8.37e+09
P1        2.83e-10       ***       ***       ***
P2             ***  2.77e-10       ***       ***

Temperature = 1.2e+03 K    Pressure = 0.1 atm

From\To         W1        W2        P1        P2
W1        1.78e+09  1.61e+06  1.78e+09  2.59e+06
W2        8.41e+04  2.14e+09  1.25e+04  2.14e+09
P1        6.78e-11  9.57e-15  6.92e-11  1.32e-12
P2        4.49e-15  7.06e-11  5.94e-14  7.07e-11

Temperature = 1.2e+03 K    Pressure = 1 atm

From\To         W1        W2        P1        P2
W1        2.86e+09  3.99e+06  2.85e+09  4.19e+06
W2        2.09e+05   3.4e+09  2.96e+04   3.4e+09
P1        1.09e-10  2.19e-14   1.1e-10  1.15e-12
P2        7.26e-15  1.12e-10   5.2e-14  1.12e-10

Temperature = 1.2e+03 K    Pressure = 10 atm

From\To         W1        W2        P1        P2
W1        4.21e+09  8.45e+06   4.2e+09  6.68e+06
W2        4.42e+05  4.92e+09  1.13e+05  4.92e+09
P1        1.61e-10   8.3e-14  1.62e-10  8.25e-13
P2        1.16e-14  1.63e-10  3.73e-14  1.63e-10

Temperature = 1.2e+03 K    Pressure = 100 atm

From\To         W1        W2        P1        P2
W1        6.05e+09  2.09e+07  6.02e+09  7.96e+06
W2        1.09e+06  6.87e+09  2.81e+05  6.87e+09
P1        2.31e-10  2.06e-13  2.31e-10  1.82e-13
P2        1.38e-14  2.27e-10  8.23e-15  2.27e-10

Temperature = 1.3e+03 K

High Pressure Rate Coefficients:

From\To         W1        W2        P1        P2
W1             ***  4.67e+07   6.8e+09       ***
W2        2.82e+06       ***       ***  7.42e+09
P1        2.87e-10       ***       ***       ***
P2             ***  2.81e-10       ***       ***

Temperature = 1.3e+03 K    Pressure = 0.1 atm

From\To         W1        W2        P1        P2
W1        1.67e+09  2.17e+06  1.67e+09   3.2e+06
W2        1.31e+05  1.91e+09   1.9e+04  1.91e+09
P1        7.01e-11  1.39e-14  7.18e-11   1.7e-12
P2        7.32e-15  7.19e-11  9.18e-14   7.2e-11

Temperature = 1.3e+03 K    Pressure = 1 atm

From\To         W1        W2        P1        P2
W1        2.66e+09  5.18e+06  2.65e+09  5.02e+06
W2        3.13e+05  3.01e+09  4.29e+04  3.01e+09
P1        1.12e-10  3.02e-14  1.13e-10  1.48e-12
P2        1.15e-14  1.14e-10  7.99e-14  1.14e-10

Temperature = 1.3e+03 K    Pressure = 10 atm

From\To         W1        W2        P1        P2
W1        3.88e+09  1.06e+07  3.86e+09  7.78e+06
W2         6.4e+05  4.34e+09  1.56e+05  4.34e+09
P1        1.63e-10  1.09e-13  1.64e-10  1.06e-12
P2        1.78e-14  1.64e-10  5.72e-14  1.64e-10

Temperature = 1.3e+03 K    Pressure = 100 atm

From\To         W1        W2        P1        P2
W1        5.54e+09  2.51e+07  5.51e+09  9.18e+06
W2        1.51e+06  6.06e+09  3.82e+05  6.06e+09
P1        2.32e-10  2.67e-13  2.33e-10  2.35e-13
P2         2.1e-14  2.29e-10  1.27e-14  2.29e-10

Temperature = 1.4e+03 K

High Pressure Rate Coefficients:

From\To         W1        W2        P1        P2
W1             ***  5.41e+07  6.25e+09       ***
W2         3.7e+06       ***       ***  6.59e+09
P1        2.91e-10       ***       ***       ***
P2             ***  2.84e-10       ***       ***

Temperature = 1.4e+03 K    Pressure = 0.1 atm

From\To         W1        W2        P1        P2
W1        1.56e+09  2.96e+06  1.55e+09  3.61e+06
W2        2.03e+05  1.75e+09  3.23e+04  1.75e+09
P1        7.18e-11  2.28e-14  7.39e-11  2.14e-12
P2        1.07e-14  7.51e-11  1.36e-13  7.52e-11

Temperature = 1.4e+03 K    Pressure = 1 atm

From\To         W1        W2        P1        P2
W1        2.45e+09  6.74e+06  2.44e+09  5.52e+06
W2        4.61e+05  2.72e+09  6.82e+04  2.72e+09
P1        1.13e-10  4.66e-14  1.15e-10  1.85e-12
P2        1.63e-14  1.17e-10  1.17e-13  1.17e-10

Temperature = 1.4e+03 K    Pressure = 10 atm

From\To         W1        W2        P1        P2
W1        3.57e+09  1.32e+07  3.54e+09  8.43e+06
W2        9.04e+05  3.88e+09  2.22e+05  3.88e+09
P1        1.65e-10  1.51e-13  1.66e-10  1.31e-12
P2        2.49e-14  1.67e-10  8.34e-14  1.68e-10

Temperature = 1.4e+03 K    Pressure = 100 atm

From\To         W1        W2        P1        P2
W1        5.07e+09  2.97e+07  5.03e+09  9.98e+06
W2        2.03e+06  5.37e+09  5.11e+05  5.37e+09
P1        2.34e-10  3.47e-13  2.34e-10   2.9e-13
P2        2.95e-14  2.32e-10  1.84e-14  2.32e-10

Temperature = 1.5e+03 K

High Pressure Rate Coefficients:

From\To         W1        W2        P1        P2
W1             ***  6.16e+07  5.75e+09       ***
W2         4.7e+06       ***       ***  5.87e+09
P1        2.94e-10       ***       ***       ***
P2             ***  2.88e-10       ***       ***

Temperature = 1.5e+03 K    Pressure = 0.1 atm

From\To         W1        W2        P1        P2
W1        1.44e+09  3.85e+06  1.43e+09  3.93e+06
W2        2.93e+05  1.59e+09  5.18e+04  1.59e+09
P1         7.3e-11  3.59e-14  7.57e-11  2.64e-12
P2        1.48e-14  7.78e-11  1.93e-13   7.8e-11

Temperature = 1.5e+03 K    Pressure = 1 atm

From\To         W1        W2        P1        P2
W1        2.26e+09  8.42e+06  2.24e+09  5.88e+06
W2        6.42e+05  2.46e+09  1.03e+05  2.46e+09
P1        1.15e-10  6.94e-14  1.17e-10  2.28e-12
P2         2.2e-14   1.2e-10  1.67e-13  1.21e-10

Temperature = 1.5e+03 K    Pressure = 10 atm

From\To         W1        W2        P1        P2
W1        3.27e+09   1.6e+07  3.24e+09  8.93e+06
W2        1.22e+06  3.48e+09  3.05e+05  3.48e+09
P1        1.66e-10  2.05e-13  1.68e-10  1.61e-12
P2        3.34e-14   1.7e-10  1.18e-13  1.71e-10

Temperature = 1.5e+03 K    Pressure = 100 atm

From\To         W1        W2        P1        P2
W1        4.64e+09  3.45e+07   4.6e+09  1.07e+07
W2        2.63e+06  4.78e+09  6.61e+05  4.77e+09
P1        2.35e-10  4.43e-13  2.36e-10  3.52e-13
P2        3.99e-14  2.34e-10  2.57e-14  2.34e-10

Temperature = 1.6e+03 K

High Pressure Rate Coefficients:

From\To         W1        W2        P1        P2
W1             ***   6.9e+07  5.29e+09       ***
W2         5.8e+06       ***       ***  5.24e+09
P1        2.97e-10       ***       ***       ***
P2             ***  2.91e-10       ***       ***

Temperature = 1.6e+03 K    Pressure = 0.1 atm

From\To         W1        W2        P1        P2
W1        1.33e+09  4.53e+06  1.32e+09  4.42e+06
W2        3.81e+05  1.42e+09  6.68e+04  1.42e+09
P1        7.38e-11  4.61e-14  7.71e-11  3.22e-12
P2        2.07e-14  7.83e-11  2.67e-13  7.86e-11

Temperature = 1.6e+03 K    Pressure = 1 atm

From\To         W1        W2        P1        P2
W1        2.08e+09  9.75e+06  2.06e+09  6.52e+06
W2        8.19e+05  2.18e+09   1.3e+05  2.18e+09
P1        1.16e-10  8.74e-14  1.18e-10  2.77e-12
P2        3.04e-14  1.21e-10   2.3e-13  1.21e-10

Temperature = 1.6e+03 K    Pressure = 10 atm

From\To         W1        W2        P1        P2
W1           3e+09  1.82e+07  2.97e+09  9.83e+06
W2        1.53e+06  3.09e+09  3.79e+05  3.08e+09
P1        1.67e-10  2.54e-13  1.69e-10  1.95e-12
P2        4.59e-14  1.71e-10  1.62e-13  1.71e-10

Temperature = 1.6e+03 K    Pressure = 100 atm

From\To         W1        W2        P1        P2
W1        4.26e+09  3.87e+07  4.21e+09  1.17e+07
W2        3.25e+06  4.25e+09  8.17e+05  4.25e+09
P1        2.36e-10  5.47e-13  2.37e-10  4.29e-13
P2        5.47e-14  2.36e-10  3.57e-14  2.36e-10

Temperature = 1.7e+03 K

High Pressure Rate Coefficients:

From\To         W1        W2        P1        P2
W1             ***  7.63e+07  4.87e+09       ***
W2        6.99e+06       ***       ***  4.69e+09
P1           3e-10       ***       ***       ***
P2             ***  2.94e-10       ***       ***

Temperature = 1.7e+03 K    Pressure = 0.1 atm

From\To         W1        W2        P1        P2
W1        1.27e+09  5.57e+06  1.26e+09  5.05e+06
W2         5.1e+05  1.31e+09  8.84e+04  1.31e+09
P1        7.75e-11  6.11e-14  8.14e-11  3.83e-12
P2         2.9e-14  8.18e-11  3.57e-13  8.22e-11

Temperature = 1.7e+03 K    Pressure = 1 atm

From\To         W1        W2        P1        P2
W1        1.97e+09  1.17e+07  1.95e+09  7.29e+06
W2        1.07e+06  1.99e+09  1.66e+05  1.99e+09
P1         1.2e-10  1.12e-13  1.23e-10  3.27e-12
P2        4.19e-14  1.25e-10  3.05e-13  1.25e-10

Temperature = 1.7e+03 K    Pressure = 10 atm

From\To         W1        W2        P1        P2
W1        2.81e+09  2.13e+07  2.78e+09  1.07e+07
W2        1.95e+06   2.8e+09  4.65e+05   2.8e+09
P1        1.71e-10  3.13e-13  1.74e-10  2.28e-12
P2        6.17e-14  1.75e-10  2.13e-13  1.76e-10

Temperature = 1.7e+03 K    Pressure = 100 atm

From\To         W1        W2        P1        P2
W1        3.95e+09  4.39e+07  3.89e+09  1.24e+07
W2        4.02e+06  3.83e+09  9.66e+05  3.83e+09
P1         2.4e-10   6.5e-13  2.41e-10  4.91e-13
P2        7.14e-14   2.4e-10  4.58e-14   2.4e-10

Temperature = 1.8e+03 K

High Pressure Rate Coefficients:

From\To         W1        W2        P1        P2
W1             ***  8.35e+07   4.5e+09       ***
W2        8.25e+06       ***       ***  4.21e+09
P1        3.03e-10       ***       ***       ***
P2             ***  2.97e-10       ***       ***

Temperature = 1.8e+03 K    Pressure = 0.1 atm

From\To         W1        W2        P1        P2
W1        1.15e+09  6.51e+06  1.14e+09  5.13e+06
W2        6.44e+05  1.18e+09  1.24e+05  1.18e+09
P1        7.67e-11  8.71e-14  8.13e-11  4.54e-12
P2        3.59e-14  8.27e-11  4.69e-13  8.32e-11

Temperature = 1.8e+03 K    Pressure = 1 atm

From\To         W1        W2        P1        P2
W1        1.79e+09  1.33e+07  1.77e+09  7.33e+06
W2        1.32e+06  1.79e+09  2.26e+05  1.79e+09
P1        1.19e-10  1.55e-13  1.23e-10  3.87e-12
P2        5.11e-14  1.26e-10     4e-13  1.26e-10

Temperature = 1.8e+03 K    Pressure = 10 atm

From\To         W1        W2        P1        P2
W1        2.56e+09  2.39e+07  2.53e+09  1.09e+07
W2        2.36e+06  2.51e+09  5.95e+05   2.5e+09
P1         1.7e-10  4.06e-13  1.73e-10  2.69e-12
P2         7.6e-14  1.76e-10  2.78e-13  1.77e-10

Temperature = 1.8e+03 K    Pressure = 100 atm

From\To         W1        W2        P1        P2
W1        3.62e+09  4.84e+07  3.56e+09  1.28e+07
W2        4.78e+06  3.42e+09  1.17e+06  3.41e+09
P1         2.4e-10  7.98e-13  2.41e-10  5.71e-13
P2        8.95e-14  2.41e-10  5.91e-14  2.41e-10

Temperature = 1.9e+03 K

High Pressure Rate Coefficients:

From\To         W1        W2        P1        P2
W1             ***  9.04e+07  4.16e+09       ***
W2        9.58e+06       ***       ***  3.79e+09
P1        3.06e-10       ***       ***       ***
P2             ***  2.99e-10       ***       ***

Temperature = 1.9e+03 K    Pressure = 0.1 atm

From\To         W1        W2        P1        P2
W1        1.09e+09  7.55e+06  1.08e+09  5.67e+06
W2           8e+05  1.08e+09  1.53e+05  1.08e+09
P1        7.88e-11  1.09e-13  8.42e-11  5.27e-12
P2        4.76e-14  8.46e-11     6e-13  8.52e-11

Temperature = 1.9e+03 K    Pressure = 1 atm

From\To         W1        W2        P1        P2
W1        1.67e+09  1.52e+07  1.65e+09  7.98e+06
W2        1.61e+06  1.62e+09  2.72e+05  1.62e+09
P1        1.21e-10   1.9e-13  1.26e-10  4.47e-12
P2        6.68e-14  1.28e-10  5.08e-13  1.29e-10

Temperature = 1.9e+03 K    Pressure = 10 atm

From\To         W1        W2        P1        P2
W1        2.39e+09  2.69e+07  2.35e+09  1.17e+07
W2        2.85e+06  2.27e+09  7.02e+05  2.27e+09
P1        1.73e-10  4.88e-13  1.76e-10  3.08e-12
P2        9.77e-14  1.79e-10   3.5e-13  1.79e-10

Temperature = 1.9e+03 K    Pressure = 100 atm

From\To         W1        W2        P1        P2
W1        3.35e+09  5.33e+07  3.28e+09  1.34e+07
W2        5.64e+06  3.08e+09  1.34e+06  3.07e+09
P1        2.42e-10  9.29e-13  2.43e-10   6.4e-13
P2        1.12e-13  2.43e-10  7.27e-14  2.43e-10

Temperature = 2e+03 K

High Pressure Rate Coefficients:

From\To         W1        W2        P1        P2
W1             ***  9.71e+07  3.85e+09       ***
W2         1.1e+07       ***       ***  3.42e+09
P1        3.08e-10       ***       ***       ***
P2             ***  3.02e-10       ***       ***

Temperature = 2e+03 K    Pressure = 0.1 atm

From\To         W1        W2        P1        P2
W1        1.03e+09  8.61e+06  1.01e+09  6.19e+06
W2        9.71e+05  9.85e+08  1.84e+05  9.84e+08
P1        8.07e-11  1.35e-13  8.69e-11  6.07e-12
P2        6.18e-14  8.64e-11  7.53e-13  8.72e-11

Temperature = 2e+03 K    Pressure = 1 atm

From\To         W1        W2        P1        P2
W1        1.57e+09  1.71e+07  1.54e+09  8.58e+06
W2        1.93e+06  1.48e+09  3.22e+05  1.48e+09
P1        1.24e-10   2.3e-13  1.29e-10  5.12e-12
P2        8.54e-14   1.3e-10  6.35e-13  1.31e-10

Temperature = 2e+03 K    Pressure = 10 atm

From\To         W1        W2        P1        P2
W1        2.23e+09  2.98e+07  2.18e+09  1.24e+07
W2        3.36e+06  2.06e+09  8.14e+05  2.05e+09
P1        1.75e-10  5.79e-13  1.79e-10  3.49e-12
P2        1.23e-13  1.81e-10  4.33e-13  1.82e-10

Temperature = 2e+03 K    Pressure = 100 atm

From\To         W1        W2        P1        P2
W1        3.11e+09  5.81e+07  3.04e+09  1.39e+07
W2        6.55e+06  2.79e+09  1.51e+06  2.78e+09
P1        2.43e-10  1.07e-12  2.45e-10   7.1e-13
P2        1.38e-13  2.45e-10   8.8e-14  2.45e-10

______________________________________________________________________________________

High Pressure Rate Coefficients (Temperature-Species Rate Tables):

Reactant = W1
   T(K)        W1        W2        P1        P2
    500       ***   2.5e+06  8.65e+09       ***
    600       ***   5.1e+06  9.69e+09       ***
    700       ***   8.8e+06  9.93e+09       ***
    800       ***  1.35e+07  9.71e+09       ***
    900       ***  1.91e+07  9.23e+09       ***
  1e+03       ***  2.54e+07  8.64e+09       ***
1.1e+03       ***  3.21e+07  8.01e+09       ***
1.2e+03       ***  3.93e+07  7.39e+09       ***
1.3e+03       ***  4.67e+07   6.8e+09       ***
1.4e+03       ***  5.41e+07  6.25e+09       ***
1.5e+03       ***  6.16e+07  5.75e+09       ***
1.6e+03       ***   6.9e+07  5.29e+09       ***
1.7e+03       ***  7.63e+07  4.87e+09       ***
1.8e+03       ***  8.35e+07   4.5e+09       ***
1.9e+03       ***  9.04e+07  4.16e+09       ***
  2e+03       ***  9.71e+07  3.85e+09       ***

Reactant = W2
   T(K)        W1        W2        P1        P2
    500  9.97e+03       ***       ***  1.44e+10
    600  4.24e+04       ***       ***   1.5e+10
    700  1.24e+05       ***       ***  1.44e+10
    800  2.81e+05       ***       ***  1.32e+10
    900  5.38e+05       ***       ***  1.19e+10
  1e+03  9.14e+05       ***       ***  1.06e+10
1.1e+03  1.42e+06       ***       ***  9.45e+09
1.2e+03  2.05e+06       ***       ***  8.37e+09
1.3e+03  2.82e+06       ***       ***  7.42e+09
1.4e+03   3.7e+06       ***       ***  6.59e+09
1.5e+03   4.7e+06       ***       ***  5.87e+09
1.6e+03   5.8e+06       ***       ***  5.24e+09
1.7e+03  6.99e+06       ***       ***  4.69e+09
1.8e+03  8.25e+06       ***       ***  4.21e+09
1.9e+03  9.58e+06       ***       ***  3.79e+09
  2e+03   1.1e+07       ***       ***  3.42e+09

Reactant = P1
   T(K)        W1        W2        P1        P2
    500  2.45e-10       ***       ***       ***
    600  2.52e-10       ***       ***       ***
    700  2.59e-10       ***       ***       ***
    800  2.65e-10       ***       ***       ***
    900   2.7e-10       ***       ***       ***
  1e+03  2.75e-10       ***       ***       ***
1.1e+03  2.79e-10       ***       ***       ***
1.2e+03  2.83e-10       ***       ***       ***
1.3e+03  2.87e-10       ***       ***       ***
1.4e+03  2.91e-10       ***       ***       ***
1.5e+03  2.94e-10       ***       ***       ***
1.6e+03  2.97e-10       ***       ***       ***
1.7e+03     3e-10       ***       ***       ***
1.8e+03  3.03e-10       ***       ***       ***
1.9e+03  3.06e-10       ***       ***       ***
  2e+03  3.08e-10       ***       ***       ***

Reactant = P2
   T(K)        W1        W2        P1        P2
    500       ***   2.4e-10       ***       ***
    600       ***  2.47e-10       ***       ***
    700       ***  2.53e-10       ***       ***
    800       ***  2.59e-10       ***       ***
    900       ***  2.64e-10       ***       ***
  1e+03       ***  2.69e-10       ***       ***
1.1e+03       ***  2.73e-10       ***       ***
1.2e+03       ***  2.77e-10       ***       ***
1.3e+03       ***  2.81e-10       ***       ***
1.4e+03       ***  2.84e-10       ***       ***
1.5e+03       ***  2.88e-10       ***       ***
1.6e+03       ***  2.91e-10       ***       ***
1.7e+03       ***  2.94e-10       ***       ***
1.8e+03       ***  2.97e-10       ***       ***
1.9e+03       ***  2.99e-10       ***       ***
  2e+03       ***  3.02e-10       ***       ***

Capture/Escape Rate Coefficients:

   T(K)        W1        W2        P1        P2
    500  8.65e+09  1.44e+10  2.45e-10   2.4e-10
    600  9.69e+09   1.5e+10  2.52e-10  2.47e-10
    700  9.94e+09  1.44e+10  2.59e-10  2.53e-10
    800  9.72e+09  1.32e+10  2.65e-10  2.59e-10
    900  9.25e+09  1.19e+10   2.7e-10  2.64e-10
  1e+03  8.66e+09  1.06e+10  2.75e-10  2.69e-10
1.1e+03  8.04e+09  9.45e+09  2.79e-10  2.73e-10
1.2e+03  7.43e+09  8.37e+09  2.83e-10  2.77e-10
1.3e+03  6.85e+09  7.43e+09  2.87e-10  2.81e-10
1.4e+03  6.31e+09   6.6e+09  2.91e-10  2.84e-10
1.5e+03  5.81e+09  5.87e+09  2.94e-10  2.88e-10
1.6e+03  5.36e+09  5.24e+09  2.97e-10  2.91e-10
1.7e+03  4.95e+09  4.69e+09     3e-10  2.94e-10
1.8e+03  4.58e+09  4.22e+09  3.03e-10  2.97e-10
1.9e+03  4.25e+09   3.8e+09  3.06e-10  2.99e-10
  2e+03  3.94e+09  3.44e+09  3.08e-10  3.02e-10

______________________________________________________________________________________

Pressure-Species Rate Tables:

Reactant = W1   Temperature = 500 K

   P(atm)        W2        P1        P2      Loss
      0.1  1.45e+03  1.32e+09  1.03e+05  1.32e+09
        1  1.58e+04  2.79e+09  2.99e+05  2.79e+09
       10  1.88e+05   5.2e+09  7.88e+05   5.2e+09
      100  1.39e+06  7.79e+09  6.88e+05   7.8e+09
      O-O   2.5e+06  8.65e+09       ***  8.65e+09

Reactant = W1   Temperature = 600 K

   P(atm)        W2        P1        P2      Loss
      0.1  1.02e+04  1.72e+09  2.33e+05  1.72e+09
        1  6.93e+04  3.28e+09  5.99e+05  3.29e+09
       10  4.38e+05  5.66e+09  1.39e+06  5.66e+09
      100  2.63e+06  8.53e+09  1.42e+06  8.53e+09
      O-O   5.1e+06  9.69e+09       ***  9.69e+09

Reactant = W1   Temperature = 700 K

   P(atm)        W2        P1        P2      Loss
      0.1  4.56e+04     2e+09  4.75e+05     2e+09
        1  2.21e+05  3.56e+09  1.07e+06  3.56e+09
       10  9.25e+05  5.79e+09   2.2e+06  5.79e+09
      100  4.39e+06  8.61e+09   2.4e+06  8.61e+09
      O-O   8.8e+06  9.93e+09       ***  9.94e+09

Reactant = W1   Temperature = 800 K

   P(atm)        W2        P1        P2      Loss
      0.1  1.55e+05  2.06e+09  7.74e+05  2.06e+09
        1  5.75e+05  3.54e+09  1.57e+06  3.54e+09
       10   1.8e+06  5.59e+09  2.98e+06  5.59e+09
      100  6.78e+06  8.26e+09  3.41e+06  8.27e+09
      O-O  1.35e+07  9.71e+09       ***  9.72e+09

Reactant = W1   Temperature = 900 K

   P(atm)        W2        P1        P2      Loss
      0.1  3.48e+05  2.07e+09   1.2e+06  2.07e+09
        1  1.11e+06  3.46e+09  2.24e+06  3.47e+09
       10  2.99e+06  5.32e+09  3.96e+06  5.32e+09
      100  9.66e+06  7.76e+09  4.59e+06  7.78e+09
      O-O  1.91e+07  9.23e+09       ***  9.25e+09

Reactant = W1   Temperature = 1e+03 K

   P(atm)        W2        P1        P2      Loss
      0.1   6.4e+05  1.99e+09  1.65e+06     2e+09
        1  1.84e+06  3.28e+09  2.91e+06  3.28e+09
       10  4.47e+06  4.95e+09  4.92e+06  4.95e+09
      100   1.3e+07  7.18e+09  5.79e+06  7.19e+09
      O-O  2.54e+07  8.64e+09       ***  8.66e+09

Reactant = W1   Temperature = 1.1e+03 K

   P(atm)        W2        P1        P2      Loss
      0.1  1.03e+06  1.94e+09  2.28e+06  1.94e+09
        1  2.75e+06  3.12e+09  3.83e+06  3.13e+09
       10  6.25e+06  4.62e+09  6.15e+06  4.63e+09
      100  1.67e+07  6.61e+09   7.1e+06  6.63e+09
      O-O  3.21e+07  8.01e+09       ***  8.04e+09

Reactant = W1   Temperature = 1.2e+03 K

   P(atm)        W2        P1        P2      Loss
      0.1  1.61e+06  1.78e+09  2.59e+06  1.78e+09
        1  3.99e+06  2.85e+09  4.19e+06  2.86e+09
       10  8.45e+06   4.2e+09  6.68e+06  4.21e+09
      100  2.09e+07  6.02e+09  7.96e+06  6.05e+09
      O-O  3.93e+07  7.39e+09       ***  7.43e+09

Reactant = W1   Temperature = 1.3e+03 K

   P(atm)        W2        P1        P2      Loss
      0.1  2.17e+06  1.67e+09   3.2e+06  1.67e+09
        1  5.18e+06  2.65e+09  5.02e+06  2.66e+09
       10  1.06e+07  3.86e+09  7.78e+06  3.88e+09
      100  2.51e+07  5.51e+09  9.18e+06  5.54e+09
      O-O  4.67e+07   6.8e+09       ***  6.85e+09

Reactant = W1   Temperature = 1.4e+03 K

   P(atm)        W2        P1        P2      Loss
      0.1  2.96e+06  1.55e+09  3.61e+06  1.56e+09
        1  6.74e+06  2.44e+09  5.52e+06  2.45e+09
       10  1.32e+07  3.54e+09  8.43e+06  3.57e+09
      100  2.97e+07  5.03e+09  9.98e+06  5.07e+09
      O-O  5.41e+07  6.25e+09       ***  6.31e+09

Reactant = W1   Temperature = 1.5e+03 K

   P(atm)        W2        P1        P2      Loss
      0.1  3.85e+06  1.43e+09  3.93e+06  1.44e+09
        1  8.42e+06  2.24e+09  5.88e+06  2.26e+09
       10   1.6e+07  3.24e+09  8.93e+06  3.27e+09
      100  3.45e+07   4.6e+09  1.07e+07  4.64e+09
      O-O  6.16e+07  5.75e+09       ***  5.81e+09

Reactant = W1   Temperature = 1.6e+03 K

   P(atm)        W2        P1        P2      Loss
      0.1  4.53e+06  1.32e+09  4.42e+06  1.33e+09
        1  9.75e+06  2.06e+09  6.52e+06  2.08e+09
       10  1.82e+07  2.97e+09  9.83e+06     3e+09
      100  3.87e+07  4.21e+09  1.17e+07  4.26e+09
      O-O   6.9e+07  5.29e+09       ***  5.36e+09

Reactant = W1   Temperature = 1.7e+03 K

   P(atm)        W2        P1        P2      Loss
      0.1  5.57e+06  1.26e+09  5.05e+06  1.27e+09
        1  1.17e+07  1.95e+09  7.29e+06  1.97e+09
       10  2.13e+07  2.78e+09  1.07e+07  2.81e+09
      100  4.39e+07  3.89e+09  1.24e+07  3.95e+09
      O-O  7.63e+07  4.87e+09       ***  4.95e+09

Reactant = W1   Temperature = 1.8e+03 K

   P(atm)        W2        P1        P2      Loss
      0.1  6.51e+06  1.14e+09  5.13e+06  1.15e+09
        1  1.33e+07  1.77e+09  7.33e+06  1.79e+09
       10  2.39e+07  2.53e+09  1.09e+07  2.56e+09
      100  4.84e+07  3.56e+09  1.28e+07  3.62e+09
      O-O  8.35e+07   4.5e+09       ***  4.58e+09

Reactant = W1   Temperature = 1.9e+03 K

   P(atm)        W2        P1        P2      Loss
      0.1  7.55e+06  1.08e+09  5.67e+06  1.09e+09
        1  1.52e+07  1.65e+09  7.98e+06  1.67e+09
       10  2.69e+07  2.35e+09  1.17e+07  2.39e+09
      100  5.33e+07  3.28e+09  1.34e+07  3.35e+09
      O-O  9.04e+07  4.16e+09       ***  4.25e+09

Reactant = W1   Temperature = 2e+03 K

   P(atm)        W2        P1        P2      Loss
      0.1  8.61e+06  1.01e+09  6.19e+06  1.03e+09
        1  1.71e+07  1.54e+09  8.58e+06  1.57e+09
       10  2.98e+07  2.18e+09  1.24e+07  2.23e+09
      100  5.81e+07  3.04e+09  1.39e+07  3.11e+09
      O-O  9.71e+07  3.85e+09       ***  3.94e+09

Reactant = W2   Temperature = 500 K

   P(atm)        W1        P1        P2      Loss
      0.1      5.74      1.19  2.13e+09  2.13e+09
        1      62.8        23   4.5e+09   4.5e+09
       10       748       460  8.18e+09  8.18e+09
      100  5.54e+03  1.01e+03  1.26e+10  1.26e+10
      O-O  9.97e+03       ***  1.44e+10  1.44e+10

Reactant = W2   Temperature = 600 K

   P(atm)        W1        P1        P2      Loss
      0.1      84.4        11  2.68e+09  2.68e+09
        1       576       123  5.09e+09  5.09e+09
       10  3.64e+03  1.86e+03  8.54e+09  8.54e+09
      100  2.19e+04  4.89e+03  1.29e+10  1.29e+10
      O-O  4.24e+04       ***   1.5e+10   1.5e+10

Reactant = W2   Temperature = 700 K

   P(atm)        W1        P1        P2      Loss
      0.1       639        69  2.85e+09  2.85e+09
        1   3.1e+03       461   5.1e+09   5.1e+09
       10   1.3e+04  5.18e+03  8.18e+09  8.18e+09
      100  6.16e+04   1.5e+04  1.22e+10  1.22e+10
      O-O  1.24e+05       ***  1.44e+10  1.44e+10

Reactant = W2   Temperature = 800 K

   P(atm)        W1        P1        P2      Loss
      0.1  3.22e+03       393  2.95e+09  2.95e+09
        1  1.19e+04  1.69e+03  5.03e+09  5.03e+09
       10  3.75e+04  1.29e+04  7.72e+09  7.72e+09
      100  1.41e+05  3.63e+04  1.12e+10  1.12e+10
      O-O  2.81e+05       ***  1.32e+10  1.32e+10

Reactant = W2   Temperature = 900 K

   P(atm)        W1        P1        P2      Loss
      0.1  9.79e+03  1.19e+03  2.78e+09  2.78e+09
        1  3.12e+04   4.1e+03  4.62e+09  4.62e+09
       10  8.42e+04  2.52e+04  6.96e+09  6.96e+09
      100  2.72e+05  7.03e+04  9.97e+09  9.97e+09
      O-O  5.38e+05       ***  1.19e+10  1.19e+10

Reactant = W2   Temperature = 1e+03 K

   P(atm)        W1        P1        P2      Loss
      0.1   2.3e+04  2.94e+03  2.55e+09  2.55e+09
        1  6.61e+04  8.66e+03  4.17e+09  4.17e+09
       10  1.61e+05  4.44e+04   6.2e+09   6.2e+09
      100  4.67e+05  1.21e+05  8.81e+09  8.82e+09
      O-O  9.14e+05       ***  1.06e+10  1.06e+10

Reactant = W2   Temperature = 1.1e+03 K

   P(atm)        W1        P1        P2      Loss
      0.1  4.52e+04  5.44e+03  2.31e+09  2.31e+09
        1  1.21e+05  1.47e+04  3.73e+09  3.73e+09
       10  2.76e+05  6.82e+04  5.48e+09  5.48e+09
      100  7.38e+05  1.85e+05  7.77e+09  7.77e+09
      O-O  1.42e+06       ***  9.45e+09  9.45e+09

Reactant = W2   Temperature = 1.2e+03 K

   P(atm)        W1        P1        P2      Loss
      0.1  8.41e+04  1.25e+04  2.14e+09  2.14e+09
        1  2.09e+05  2.96e+04   3.4e+09   3.4e+09
       10  4.42e+05  1.13e+05  4.92e+09  4.92e+09
      100  1.09e+06  2.81e+05  6.87e+09  6.87e+09
      O-O  2.05e+06       ***  8.37e+09  8.37e+09

Reactant = W2   Temperature = 1.3e+03 K

   P(atm)        W1        P1        P2      Loss
      0.1  1.31e+05   1.9e+04  1.91e+09  1.91e+09
        1  3.13e+05  4.29e+04  3.01e+09  3.01e+09
       10   6.4e+05  1.56e+05  4.34e+09  4.34e+09
      100  1.51e+06  3.82e+05  6.06e+09  6.06e+09
      O-O  2.82e+06       ***  7.42e+09  7.43e+09

Reactant = W2   Temperature = 1.4e+03 K

   P(atm)        W1        P1        P2      Loss
      0.1  2.03e+05  3.23e+04  1.75e+09  1.75e+09
        1  4.61e+05  6.82e+04  2.72e+09  2.72e+09
       10  9.04e+05  2.22e+05  3.88e+09  3.88e+09
      100  2.03e+06  5.11e+05  5.37e+09  5.37e+09
      O-O   3.7e+06       ***  6.59e+09   6.6e+09

Reactant = W2   Temperature = 1.5e+03 K

   P(atm)        W1        P1        P2      Loss
      0.1  2.93e+05  5.18e+04  1.59e+09  1.59e+09
        1  6.42e+05  1.03e+05  2.46e+09  2.46e+09
       10  1.22e+06  3.05e+05  3.48e+09  3.48e+09
      100  2.63e+06  6.61e+05  4.77e+09  4.78e+09
      O-O   4.7e+06       ***  5.87e+09  5.87e+09

Reactant = W2   Temperature = 1.6e+03 K

   P(atm)        W1        P1        P2      Loss
      0.1  3.81e+05  6.68e+04  1.42e+09  1.42e+09
        1  8.19e+05   1.3e+05  2.18e+09  2.18e+09
       10  1.53e+06  3.79e+05  3.08e+09  3.09e+09
      100  3.25e+06  8.17e+05  4.25e+09  4.25e+09
      O-O   5.8e+06       ***  5.24e+09  5.24e+09

Reactant = W2   Temperature = 1.7e+03 K

   P(atm)        W1        P1        P2      Loss
      0.1   5.1e+05  8.84e+04  1.31e+09  1.31e+09
        1  1.07e+06  1.66e+05  1.99e+09  1.99e+09
       10  1.95e+06  4.65e+05   2.8e+09   2.8e+09
      100  4.02e+06  9.66e+05  3.83e+09  3.83e+09
      O-O  6.99e+06       ***  4.69e+09  4.69e+09

Reactant = W2   Temperature = 1.8e+03 K

   P(atm)        W1        P1        P2      Loss
      0.1  6.44e+05  1.24e+05  1.18e+09  1.18e+09
        1  1.32e+06  2.26e+05  1.79e+09  1.79e+09
       10  2.36e+06  5.95e+05   2.5e+09  2.51e+09
      100  4.78e+06  1.17e+06  3.41e+09  3.42e+09
      O-O  8.25e+06       ***  4.21e+09  4.22e+09

Reactant = W2   Temperature = 1.9e+03 K

   P(atm)        W1        P1        P2      Loss
      0.1     8e+05  1.53e+05  1.08e+09  1.08e+09
        1  1.61e+06  2.72e+05  1.62e+09  1.62e+09
       10  2.85e+06  7.02e+05  2.27e+09  2.27e+09
      100  5.64e+06  1.34e+06  3.07e+09  3.08e+09
      O-O  9.58e+06       ***  3.79e+09   3.8e+09

Reactant = W2   Temperature = 2e+03 K

   P(atm)        W1        P1        P2      Loss
      0.1  9.71e+05  1.84e+05  9.84e+08  9.85e+08
        1  1.93e+06  3.22e+05  1.48e+09  1.48e+09
       10  3.36e+06  8.14e+05  2.05e+09  2.06e+09
      100  6.55e+06  1.51e+06  2.78e+09  2.79e+09
      O-O   1.1e+07       ***  3.42e+09  3.44e+09

Reactant = P1   Temperature = 500 K

   P(atm)        W1        W2        P2      Loss
      0.1  3.74e-11  8.69e-18  6.77e-14  3.74e-11
        1  7.88e-11  1.64e-16  6.16e-14  7.89e-11
       10  1.47e-10  3.27e-15  3.97e-14  1.47e-10
      100  2.21e-10  7.16e-15  4.67e-15  2.21e-10
      O-O  2.45e-10       ***       ***  2.45e-10

Reactant = P1   Temperature = 600 K

   P(atm)        W1        W2        P2      Loss
      0.1  4.48e-11  3.61e-17  1.26e-13  4.49e-11
        1  8.55e-11  3.89e-16  1.15e-13  8.56e-11
       10  1.47e-10  5.82e-15  7.91e-14  1.48e-10
      100  2.22e-10  1.53e-14  1.19e-14  2.22e-10
      O-O  2.52e-10       ***       ***  2.52e-10

Reactant = P1   Temperature = 700 K

   P(atm)        W1        W2        P2      Loss
      0.1  5.19e-11  1.36e-16  2.15e-13  5.21e-11
        1  9.27e-11  8.63e-16  1.94e-13  9.29e-11
       10  1.51e-10  9.62e-15  1.38e-13  1.51e-10
      100  2.24e-10  2.78e-14  2.42e-14  2.24e-10
      O-O  2.59e-10       ***       ***  2.59e-10

Reactant = P1   Temperature = 800 K

   P(atm)        W1        W2        P2      Loss
      0.1  5.59e-11  5.45e-16  3.41e-13  5.62e-11
        1  9.65e-11  2.23e-15  3.06e-13  9.68e-11
       10  1.52e-10   1.7e-14   2.2e-13  1.53e-10
      100  2.25e-10  4.76e-14  4.23e-14  2.25e-10
      O-O  2.65e-10       ***       ***  2.65e-10

Reactant = P1   Temperature = 900 K

   P(atm)        W1        W2        P2      Loss
      0.1  6.03e-11  1.31e-15  5.09e-13  6.08e-11
        1  1.01e-10  4.29e-15  4.53e-13  1.02e-10
       10  1.55e-10  2.61e-14  3.26e-13  1.56e-10
      100  2.27e-10  7.29e-14  6.69e-14  2.27e-10
      O-O   2.7e-10       ***       ***   2.7e-10

Reactant = P1   Temperature = 1e+03 K

   P(atm)        W1        W2        P2      Loss
      0.1  6.32e-11  2.73e-15  7.25e-13  6.39e-11
        1  1.04e-10   7.7e-15  6.42e-13  1.05e-10
       10  1.57e-10  3.92e-14  4.63e-13  1.58e-10
      100  2.28e-10  1.07e-13  9.91e-14  2.28e-10
      O-O  2.75e-10       ***       ***  2.75e-10

Reactant = P1   Temperature = 1.1e+03 K

   P(atm)        W1        W2        P2      Loss
      0.1  6.71e-11  4.56e-15  9.89e-13  6.81e-11
        1  1.09e-10  1.17e-14  8.68e-13  1.09e-10
       10  1.61e-10  5.39e-14  6.24e-13  1.62e-10
      100   2.3e-10  1.46e-13  1.36e-13   2.3e-10
      O-O  2.79e-10       ***       ***  2.79e-10

Reactant = P1   Temperature = 1.2e+03 K

   P(atm)        W1        W2        P2      Loss
      0.1  6.78e-11  9.57e-15  1.32e-12  6.92e-11
        1  1.09e-10  2.19e-14  1.15e-12   1.1e-10
       10  1.61e-10   8.3e-14  8.25e-13  1.62e-10
      100  2.31e-10  2.06e-13  1.82e-13  2.31e-10
      O-O  2.83e-10       ***       ***  2.83e-10

Reactant = P1   Temperature = 1.3e+03 K

   P(atm)        W1        W2        P2      Loss
      0.1  7.01e-11  1.39e-14   1.7e-12  7.18e-11
        1  1.12e-10  3.02e-14  1.48e-12  1.13e-10
       10  1.63e-10  1.09e-13  1.06e-12  1.64e-10
      100  2.32e-10  2.67e-13  2.35e-13  2.33e-10
      O-O  2.87e-10       ***       ***  2.87e-10

Reactant = P1   Temperature = 1.4e+03 K

   P(atm)        W1        W2        P2      Loss
      0.1  7.18e-11  2.28e-14  2.14e-12  7.39e-11
        1  1.13e-10  4.66e-14  1.85e-12  1.15e-10
       10  1.65e-10  1.51e-13  1.31e-12  1.66e-10
      100  2.34e-10  3.47e-13   2.9e-13  2.34e-10
      O-O  2.91e-10       ***       ***  2.91e-10

Reactant = P1   Temperature = 1.5e+03 K

   P(atm)        W1        W2        P2      Loss
      0.1   7.3e-11  3.59e-14  2.64e-12  7.57e-11
        1  1.15e-10  6.94e-14  2.28e-12  1.17e-10
       10  1.66e-10  2.05e-13  1.61e-12  1.68e-10
      100  2.35e-10  4.43e-13  3.52e-13  2.36e-10
      O-O  2.94e-10       ***       ***  2.94e-10

Reactant = P1   Temperature = 1.6e+03 K

   P(atm)        W1        W2        P2      Loss
      0.1  7.38e-11  4.61e-14  3.22e-12  7.71e-11
        1  1.16e-10  8.74e-14  2.77e-12  1.18e-10
       10  1.67e-10  2.54e-13  1.95e-12  1.69e-10
      100  2.36e-10  5.47e-13  4.29e-13  2.37e-10
      O-O  2.97e-10       ***       ***  2.97e-10

Reactant = P1   Temperature = 1.7e+03 K

   P(atm)        W1        W2        P2      Loss
      0.1  7.75e-11  6.11e-14  3.83e-12  8.14e-11
        1   1.2e-10  1.12e-13  3.27e-12  1.23e-10
       10  1.71e-10  3.13e-13  2.28e-12  1.74e-10
      100   2.4e-10   6.5e-13  4.91e-13  2.41e-10
      O-O     3e-10       ***       ***     3e-10

Reactant = P1   Temperature = 1.8e+03 K

   P(atm)        W1        W2        P2      Loss
      0.1  7.67e-11  8.71e-14  4.54e-12  8.13e-11
        1  1.19e-10  1.55e-13  3.87e-12  1.23e-10
       10   1.7e-10  4.06e-13  2.69e-12  1.73e-10
      100   2.4e-10  7.98e-13  5.71e-13  2.41e-10
      O-O  3.03e-10       ***       ***  3.03e-10

Reactant = P1   Temperature = 1.9e+03 K

   P(atm)        W1        W2        P2      Loss
      0.1  7.88e-11  1.09e-13  5.27e-12  8.42e-11
        1  1.21e-10   1.9e-13  4.47e-12  1.26e-10
       10  1.73e-10  4.88e-13  3.08e-12  1.76e-10
      100  2.42e-10  9.29e-13   6.4e-13  2.43e-10
      O-O  3.06e-10       ***       ***  3.06e-10

Reactant = P1   Temperature = 2e+03 K

   P(atm)        W1        W2        P2      Loss
      0.1  8.07e-11  1.35e-13  6.07e-12  8.69e-11
        1  1.24e-10   2.3e-13  5.12e-12  1.29e-10
       10  1.75e-10  5.79e-13  3.49e-12  1.79e-10
      100  2.43e-10  1.07e-12   7.1e-13  2.45e-10
      O-O  3.08e-10       ***       ***  3.08e-10

Reactant = P2   Temperature = 500 K

   P(atm)        W1        W2        P1      Loss
      0.1  6.77e-18  3.52e-11  1.58e-16  3.52e-11
        1  1.97e-17  7.46e-11  1.44e-16  7.46e-11
       10   5.2e-17  1.36e-10  9.27e-17  1.36e-10
      100  4.54e-17  2.09e-10  1.09e-17  2.09e-10
      O-O       ***   2.4e-10       ***   2.4e-10

Reactant = P2   Temperature = 600 K

   P(atm)        W1        W2        P1      Loss
      0.1  3.19e-17  4.41e-11  6.64e-16  4.41e-11
        1  8.21e-17  8.39e-11  6.04e-16  8.39e-11
       10  1.91e-16  1.41e-10  4.16e-16  1.41e-10
      100  1.94e-16  2.12e-10  6.27e-17  2.12e-10
      O-O       ***  2.47e-10       ***  2.47e-10

Reactant = P2   Temperature = 700 K

   P(atm)        W1        W2        P1      Loss
      0.1  1.17e-16  5.01e-11  2.04e-15  5.01e-11
        1  2.65e-16     9e-11  1.84e-15     9e-11
       10  5.45e-16  1.44e-10  1.31e-15  1.44e-10
      100  5.93e-16  2.15e-10   2.3e-16  2.15e-10
      O-O       ***  2.53e-10       ***  2.53e-10

Reactant = P2   Temperature = 800 K

   P(atm)        W1        W2        P1      Loss
      0.1  3.15e-16  5.75e-11  5.09e-15  5.75e-11
        1  6.39e-16  9.84e-11  4.57e-15  9.84e-11
       10  1.21e-15  1.51e-10  3.28e-15  1.51e-10
      100  1.39e-15  2.19e-10  6.31e-16  2.19e-10
      O-O       ***  2.59e-10       ***  2.59e-10

Reactant = P2   Temperature = 900 K

   P(atm)        W1        W2        P1      Loss
      0.1  7.47e-16  6.12e-11  1.09e-14  6.12e-11
        1   1.4e-15  1.02e-10  9.68e-15  1.02e-10
       10  2.47e-15  1.54e-10  6.97e-15  1.54e-10
      100  2.87e-15  2.21e-10  1.43e-15  2.21e-10
      O-O       ***  2.64e-10       ***  2.64e-10

Reactant = P2   Temperature = 1e+03 K

   P(atm)        W1        W2        P1      Loss
      0.1   1.5e-15  6.42e-11  2.08e-14  6.42e-11
        1  2.65e-15  1.05e-10  1.84e-14  1.05e-10
       10  4.48e-15  1.57e-10  1.33e-14  1.57e-10
      100  5.28e-15  2.23e-10  2.84e-15  2.23e-10
      O-O       ***  2.69e-10       ***  2.69e-10

Reactant = P2   Temperature = 1.1e+03 K

   P(atm)        W1        W2        P1      Loss
      0.1  2.91e-15  6.66e-11  3.62e-14  6.66e-11
        1  4.88e-15  1.08e-10  3.18e-14  1.08e-10
       10  7.84e-15  1.59e-10  2.28e-14  1.59e-10
      100  9.06e-15  2.25e-10  4.99e-15  2.25e-10
      O-O       ***  2.73e-10       ***  2.73e-10

Reactant = P2   Temperature = 1.2e+03 K

   P(atm)        W1        W2        P1      Loss
      0.1  4.49e-15  7.06e-11  5.94e-14  7.07e-11
        1  7.26e-15  1.12e-10   5.2e-14  1.12e-10
       10  1.16e-14  1.63e-10  3.73e-14  1.63e-10
      100  1.38e-14  2.27e-10  8.23e-15  2.27e-10
      O-O       ***  2.77e-10       ***  2.77e-10

Reactant = P2   Temperature = 1.3e+03 K

   P(atm)        W1        W2        P1      Loss
      0.1  7.32e-15  7.19e-11  9.18e-14   7.2e-11
        1  1.15e-14  1.14e-10  7.99e-14  1.14e-10
       10  1.78e-14  1.64e-10  5.72e-14  1.64e-10
      100   2.1e-14  2.29e-10  1.27e-14  2.29e-10
      O-O       ***  2.81e-10       ***  2.81e-10

Reactant = P2   Temperature = 1.4e+03 K

   P(atm)        W1        W2        P1      Loss
      0.1  1.07e-14  7.51e-11  1.36e-13  7.52e-11
        1  1.63e-14  1.17e-10  1.17e-13  1.17e-10
       10  2.49e-14  1.67e-10  8.34e-14  1.68e-10
      100  2.95e-14  2.32e-10  1.84e-14  2.32e-10
      O-O       ***  2.84e-10       ***  2.84e-10

Reactant = P2   Temperature = 1.5e+03 K

   P(atm)        W1        W2        P1      Loss
      0.1  1.48e-14  7.78e-11  1.93e-13   7.8e-11
        1   2.2e-14   1.2e-10  1.67e-13  1.21e-10
       10  3.34e-14   1.7e-10  1.18e-13  1.71e-10
      100  3.99e-14  2.34e-10  2.57e-14  2.34e-10
      O-O       ***  2.88e-10       ***  2.88e-10

Reactant = P2   Temperature = 1.6e+03 K

   P(atm)        W1        W2        P1      Loss
      0.1  2.07e-14  7.83e-11  2.67e-13  7.86e-11
        1  3.04e-14  1.21e-10   2.3e-13  1.21e-10
       10  4.59e-14  1.71e-10  1.62e-13  1.71e-10
      100  5.47e-14  2.36e-10  3.57e-14  2.36e-10
      O-O       ***  2.91e-10       ***  2.91e-10

Reactant = P2   Temperature = 1.7e+03 K

   P(atm)        W1        W2        P1      Loss
      0.1   2.9e-14  8.18e-11  3.57e-13  8.22e-11
        1  4.19e-14  1.25e-10  3.05e-13  1.25e-10
       10  6.17e-14  1.75e-10  2.13e-13  1.76e-10
      100  7.14e-14   2.4e-10  4.58e-14   2.4e-10
      O-O       ***  2.94e-10       ***  2.94e-10

Reactant = P2   Temperature = 1.8e+03 K

   P(atm)        W1        W2        P1      Loss
      0.1  3.59e-14  8.27e-11  4.69e-13  8.32e-11
        1  5.11e-14  1.26e-10     4e-13  1.26e-10
       10   7.6e-14  1.76e-10  2.78e-13  1.77e-10
      100  8.95e-14  2.41e-10  5.91e-14  2.41e-10
      O-O       ***  2.97e-10       ***  2.97e-10

Reactant = P2   Temperature = 1.9e+03 K

   P(atm)        W1        W2        P1      Loss
      0.1  4.76e-14  8.46e-11     6e-13  8.52e-11
        1  6.68e-14  1.28e-10  5.08e-13  1.29e-10
       10  9.77e-14  1.79e-10   3.5e-13  1.79e-10
      100  1.12e-13  2.43e-10  7.27e-14  2.43e-10
      O-O       ***  2.99e-10       ***  2.99e-10

Reactant = P2   Temperature = 2e+03 K

   P(atm)        W1        W2        P1      Loss
      0.1  6.18e-14  8.64e-11  7.53e-13  8.72e-11
        1  8.54e-14   1.3e-10  6.35e-13  1.31e-10
       10  1.23e-13  1.81e-10  4.33e-13  1.82e-10
      100  1.38e-13  2.45e-10   8.8e-14  2.45e-10
      O-O       ***  3.02e-10       ***  3.02e-10

______________________________________________________________________________________

Temperature-Species Rate Tables:

Reactant = W1   Pressure = 0.1 atm

   T(K)        W2        P1        P2      Loss   Capture
    500  1.45e+03  1.32e+09  1.03e+05  1.32e+09  8.65e+09
    600  1.02e+04  1.72e+09  2.33e+05  1.72e+09  9.69e+09
    700  4.56e+04     2e+09  4.75e+05     2e+09  9.94e+09
    800  1.55e+05  2.06e+09  7.74e+05  2.06e+09  9.72e+09
    900  3.48e+05  2.07e+09   1.2e+06  2.07e+09  9.25e+09
  1e+03   6.4e+05  1.99e+09  1.65e+06     2e+09  8.66e+09
1.1e+03  1.03e+06  1.94e+09  2.28e+06  1.94e+09  8.04e+09
1.2e+03  1.61e+06  1.78e+09  2.59e+06  1.78e+09  7.43e+09
1.3e+03  2.17e+06  1.67e+09   3.2e+06  1.67e+09  6.85e+09
1.4e+03  2.96e+06  1.55e+09  3.61e+06  1.56e+09  6.31e+09
1.5e+03  3.85e+06  1.43e+09  3.93e+06  1.44e+09  5.81e+09
1.6e+03  4.53e+06  1.32e+09  4.42e+06  1.33e+09  5.36e+09
1.7e+03  5.57e+06  1.26e+09  5.05e+06  1.27e+09  4.95e+09
1.8e+03  6.51e+06  1.14e+09  5.13e+06  1.15e+09  4.58e+09
1.9e+03  7.55e+06  1.08e+09  5.67e+06  1.09e+09  4.25e+09
  2e+03  8.61e+06  1.01e+09  6.19e+06  1.03e+09  3.94e+09

Reactant = W1   Pressure = 1 atm

   T(K)        W2        P1        P2      Loss   Capture
    500  1.58e+04  2.79e+09  2.99e+05  2.79e+09  8.65e+09
    600  6.93e+04  3.28e+09  5.99e+05  3.29e+09  9.69e+09
    700  2.21e+05  3.56e+09  1.07e+06  3.56e+09  9.94e+09
    800  5.75e+05  3.54e+09  1.57e+06  3.54e+09  9.72e+09
    900  1.11e+06  3.46e+09  2.24e+06  3.47e+09  9.25e+09
  1e+03  1.84e+06  3.28e+09  2.91e+06  3.28e+09  8.66e+09
1.1e+03  2.75e+06  3.12e+09  3.83e+06  3.13e+09  8.04e+09
1.2e+03  3.99e+06  2.85e+09  4.19e+06  2.86e+09  7.43e+09
1.3e+03  5.18e+06  2.65e+09  5.02e+06  2.66e+09  6.85e+09
1.4e+03  6.74e+06  2.44e+09  5.52e+06  2.45e+09  6.31e+09
1.5e+03  8.42e+06  2.24e+09  5.88e+06  2.26e+09  5.81e+09
1.6e+03  9.75e+06  2.06e+09  6.52e+06  2.08e+09  5.36e+09
1.7e+03  1.17e+07  1.95e+09  7.29e+06  1.97e+09  4.95e+09
1.8e+03  1.33e+07  1.77e+09  7.33e+06  1.79e+09  4.58e+09
1.9e+03  1.52e+07  1.65e+09  7.98e+06  1.67e+09  4.25e+09
  2e+03  1.71e+07  1.54e+09  8.58e+06  1.57e+09  3.94e+09

Reactant = W1   Pressure = 10 atm

   T(K)        W2        P1        P2      Loss   Capture
    500  1.88e+05   5.2e+09  7.88e+05   5.2e+09  8.65e+09
    600  4.38e+05  5.66e+09  1.39e+06  5.66e+09  9.69e+09
    700  9.25e+05  5.79e+09   2.2e+06  5.79e+09  9.94e+09
    800   1.8e+06  5.59e+09  2.98e+06  5.59e+09  9.72e+09
    900  2.99e+06  5.32e+09  3.96e+06  5.32e+09  9.25e+09
  1e+03  4.47e+06  4.95e+09  4.92e+06  4.95e+09  8.66e+09
1.1e+03  6.25e+06  4.62e+09  6.15e+06  4.63e+09  8.04e+09
1.2e+03  8.45e+06   4.2e+09  6.68e+06  4.21e+09  7.43e+09
1.3e+03  1.06e+07  3.86e+09  7.78e+06  3.88e+09  6.85e+09
1.4e+03  1.32e+07  3.54e+09  8.43e+06  3.57e+09  6.31e+09
1.5e+03   1.6e+07  3.24e+09  8.93e+06  3.27e+09  5.81e+09
1.6e+03  1.82e+07  2.97e+09  9.83e+06     3e+09  5.36e+09
1.7e+03  2.13e+07  2.78e+09  1.07e+07  2.81e+09  4.95e+09
1.8e+03  2.39e+07  2.53e+09  1.09e+07  2.56e+09  4.58e+09
1.9e+03  2.69e+07  2.35e+09  1.17e+07  2.39e+09  4.25e+09
  2e+03  2.98e+07  2.18e+09  1.24e+07  2.23e+09  3.94e+09

Reactant = W1   Pressure = 100 atm

   T(K)        W2        P1        P2      Loss   Capture
    500  1.39e+06  7.79e+09  6.88e+05   7.8e+09  8.65e+09
    600  2.63e+06  8.53e+09  1.42e+06  8.53e+09  9.69e+09
    700  4.39e+06  8.61e+09   2.4e+06  8.61e+09  9.94e+09
    800  6.78e+06  8.26e+09  3.41e+06  8.27e+09  9.72e+09
    900  9.66e+06  7.76e+09  4.59e+06  7.78e+09  9.25e+09
  1e+03   1.3e+07  7.18e+09  5.79e+06  7.19e+09  8.66e+09
1.1e+03  1.67e+07  6.61e+09   7.1e+06  6.63e+09  8.04e+09
1.2e+03  2.09e+07  6.02e+09  7.96e+06  6.05e+09  7.43e+09
1.3e+03  2.51e+07  5.51e+09  9.18e+06  5.54e+09  6.85e+09
1.4e+03  2.97e+07  5.03e+09  9.98e+06  5.07e+09  6.31e+09
1.5e+03  3.45e+07   4.6e+09  1.07e+07  4.64e+09  5.81e+09
1.6e+03  3.87e+07  4.21e+09  1.17e+07  4.26e+09  5.36e+09
1.7e+03  4.39e+07  3.89e+09  1.24e+07  3.95e+09  4.95e+09
1.8e+03  4.84e+07  3.56e+09  1.28e+07  3.62e+09  4.58e+09
1.9e+03  5.33e+07  3.28e+09  1.34e+07  3.35e+09  4.25e+09
  2e+03  5.81e+07  3.04e+09  1.39e+07  3.11e+09  3.94e+09

Reactant = W2   Pressure = 0.1 atm

   T(K)        W1        P1        P2      Loss   Capture
    500      5.74      1.19  2.13e+09  2.13e+09  1.44e+10
    600      84.4        11  2.68e+09  2.68e+09   1.5e+10
    700       639        69  2.85e+09  2.85e+09  1.44e+10
    800  3.22e+03       393  2.95e+09  2.95e+09  1.32e+10
    900  9.79e+03  1.19e+03  2.78e+09  2.78e+09  1.19e+10
  1e+03   2.3e+04  2.94e+03  2.55e+09  2.55e+09  1.06e+10
1.1e+03  4.52e+04  5.44e+03  2.31e+09  2.31e+09  9.45e+09
1.2e+03  8.41e+04  1.25e+04  2.14e+09  2.14e+09  8.37e+09
1.3e+03  1.31e+05   1.9e+04  1.91e+09  1.91e+09  7.43e+09
1.4e+03  2.03e+05  3.23e+04  1.75e+09  1.75e+09   6.6e+09
1.5e+03  2.93e+05  5.18e+04  1.59e+09  1.59e+09  5.87e+09
1.6e+03  3.81e+05  6.68e+04  1.42e+09  1.42e+09  5.24e+09
1.7e+03   5.1e+05  8.84e+04  1.31e+09  1.31e+09  4.69e+09
1.8e+03  6.44e+05  1.24e+05  1.18e+09  1.18e+09  4.22e+09
1.9e+03     8e+05  1.53e+05  1.08e+09  1.08e+09   3.8e+09
  2e+03  9.71e+05  1.84e+05  9.84e+08  9.85e+08  3.44e+09

Reactant = W2   Pressure = 1 atm

   T(K)        W1        P1        P2      Loss   Capture
    500      62.8        23   4.5e+09   4.5e+09  1.44e+10
    600       576       123  5.09e+09  5.09e+09   1.5e+10
    700   3.1e+03       461   5.1e+09   5.1e+09  1.44e+10
    800  1.19e+04  1.69e+03  5.03e+09  5.03e+09  1.32e+10
    900  3.12e+04   4.1e+03  4.62e+09  4.62e+09  1.19e+10
  1e+03  6.61e+04  8.66e+03  4.17e+09  4.17e+09  1.06e+10
1.1e+03  1.21e+05  1.47e+04  3.73e+09  3.73e+09  9.45e+09
1.2e+03  2.09e+05  2.96e+04   3.4e+09   3.4e+09  8.37e+09
1.3e+03  3.13e+05  4.29e+04  3.01e+09  3.01e+09  7.43e+09
1.4e+03  4.61e+05  6.82e+04  2.72e+09  2.72e+09   6.6e+09
1.5e+03  6.42e+05  1.03e+05  2.46e+09  2.46e+09  5.87e+09
1.6e+03  8.19e+05   1.3e+05  2.18e+09  2.18e+09  5.24e+09
1.7e+03  1.07e+06  1.66e+05  1.99e+09  1.99e+09  4.69e+09
1.8e+03  1.32e+06  2.26e+05  1.79e+09  1.79e+09  4.22e+09
1.9e+03  1.61e+06  2.72e+05  1.62e+09  1.62e+09   3.8e+09
  2e+03  1.93e+06  3.22e+05  1.48e+09  1.48e+09  3.44e+09

Reactant = W2   Pressure = 10 atm

   T(K)        W1        P1        P2      Loss   Capture
    500       748       460  8.18e+09  8.18e+09  1.44e+10
    600  3.64e+03  1.86e+03  8.54e+09  8.54e+09   1.5e+10
    700   1.3e+04  5.18e+03  8.18e+09  8.18e+09  1.44e+10
    800  3.75e+04  1.29e+04  7.72e+09  7.72e+09  1.32e+10
    900  8.42e+04  2.52e+04  6.96e+09  6.96e+09  1.19e+10
  1e+03  1.61e+05  4.44e+04   6.2e+09   6.2e+09  1.06e+10
1.1e+03  2.76e+05  6.82e+04  5.48e+09  5.48e+09  9.45e+09
1.2e+03  4.42e+05  1.13e+05  4.92e+09  4.92e+09  8.37e+09
1.3e+03   6.4e+05  1.56e+05  4.34e+09  4.34e+09  7.43e+09
1.4e+03  9.04e+05  2.22e+05  3.88e+09  3.88e+09   6.6e+09
1.5e+03  1.22e+06  3.05e+05  3.48e+09  3.48e+09  5.87e+09
1.6e+03  1.53e+06  3.79e+05  3.08e+09  3.09e+09  5.24e+09
1.7e+03  1.95e+06  4.65e+05   2.8e+09   2.8e+09  4.69e+09
1.8e+03  2.36e+06  5.95e+05   2.5e+09  2.51e+09  4.22e+09
1.9e+03  2.85e+06  7.02e+05  2.27e+09  2.27e+09   3.8e+09
  2e+03  3.36e+06  8.14e+05  2.05e+09  2.06e+09  3.44e+09

Reactant = W2   Pressure = 100 atm

   T(K)        W1        P1        P2      Loss   Capture
    500  5.54e+03  1.01e+03  1.26e+10  1.26e+10  1.44e+10
    600  2.19e+04  4.89e+03  1.29e+10  1.29e+10   1.5e+10
    700  6.16e+04   1.5e+04  1.22e+10  1.22e+10  1.44e+10
    800  1.41e+05  3.63e+04  1.12e+10  1.12e+10  1.32e+10
    900  2.72e+05  7.03e+04  9.97e+09  9.97e+09  1.19e+10
  1e+03  4.67e+05  1.21e+05  8.81e+09  8.82e+09  1.06e+10
1.1e+03  7.38e+05  1.85e+05  7.77e+09  7.77e+09  9.45e+09
1.2e+03  1.09e+06  2.81e+05  6.87e+09  6.87e+09  8.37e+09
1.3e+03  1.51e+06  3.82e+05  6.06e+09  6.06e+09  7.43e+09
1.4e+03  2.03e+06  5.11e+05  5.37e+09  5.37e+09   6.6e+09
1.5e+03  2.63e+06  6.61e+05  4.77e+09  4.78e+09  5.87e+09
1.6e+03  3.25e+06  8.17e+05  4.25e+09  4.25e+09  5.24e+09
1.7e+03  4.02e+06  9.66e+05  3.83e+09  3.83e+09  4.69e+09
1.8e+03  4.78e+06  1.17e+06  3.41e+09  3.42e+09  4.22e+09
1.9e+03  5.64e+06  1.34e+06  3.07e+09  3.08e+09   3.8e+09
  2e+03  6.55e+06  1.51e+06  2.78e+09  2.79e+09  3.44e+09

Reactant = P1   Pressure = 0.1 atm

   T(K)        W1        W2        P2      Loss   Capture
    500  3.74e-11  8.69e-18  6.77e-14  3.74e-11  2.45e-10
    600  4.48e-11  3.61e-17  1.26e-13  4.49e-11  2.52e-10
    700  5.19e-11  1.36e-16  2.15e-13  5.21e-11  2.59e-10
    800  5.59e-11  5.45e-16  3.41e-13  5.62e-11  2.65e-10
    900  6.03e-11  1.31e-15  5.09e-13  6.08e-11   2.7e-10
  1e+03  6.32e-11  2.73e-15  7.25e-13  6.39e-11  2.75e-10
1.1e+03  6.71e-11  4.56e-15  9.89e-13  6.81e-11  2.79e-10
1.2e+03  6.78e-11  9.57e-15  1.32e-12  6.92e-11  2.83e-10
1.3e+03  7.01e-11  1.39e-14   1.7e-12  7.18e-11  2.87e-10
1.4e+03  7.18e-11  2.28e-14  2.14e-12  7.39e-11  2.91e-10
1.5e+03   7.3e-11  3.59e-14  2.64e-12  7.57e-11  2.94e-10
1.6e+03  7.38e-11  4.61e-14  3.22e-12  7.71e-11  2.97e-10
1.7e+03  7.75e-11  6.11e-14  3.83e-12  8.14e-11     3e-10
1.8e+03  7.67e-11  8.71e-14  4.54e-12  8.13e-11  3.03e-10
1.9e+03  7.88e-11  1.09e-13  5.27e-12  8.42e-11  3.06e-10
  2e+03  8.07e-11  1.35e-13  6.07e-12  8.69e-11  3.08e-10

Reactant = P1   Pressure = 1 atm

   T(K)        W1        W2        P2      Loss   Capture
    500  7.88e-11  1.64e-16  6.16e-14  7.89e-11  2.45e-10
    600  8.55e-11  3.89e-16  1.15e-13  8.56e-11  2.52e-10
    700  9.27e-11  8.63e-16  1.94e-13  9.29e-11  2.59e-10
    800  9.65e-11  2.23e-15  3.06e-13  9.68e-11  2.65e-10
    900  1.01e-10  4.29e-15  4.53e-13  1.02e-10   2.7e-10
  1e+03  1.04e-10   7.7e-15  6.42e-13  1.05e-10  2.75e-10
1.1e+03  1.09e-10  1.17e-14  8.68e-13  1.09e-10  2.79e-10
1.2e+03  1.09e-10  2.19e-14  1.15e-12   1.1e-10  2.83e-10
1.3e+03  1.12e-10  3.02e-14  1.48e-12  1.13e-10  2.87e-10
1.4e+03  1.13e-10  4.66e-14  1.85e-12  1.15e-10  2.91e-10
1.5e+03  1.15e-10  6.94e-14  2.28e-12  1.17e-10  2.94e-10
1.6e+03  1.16e-10  8.74e-14  2.77e-12  1.18e-10  2.97e-10
1.7e+03   1.2e-10  1.12e-13  3.27e-12  1.23e-10     3e-10
1.8e+03  1.19e-10  1.55e-13  3.87e-12  1.23e-10  3.03e-10
1.9e+03  1.21e-10   1.9e-13  4.47e-12  1.26e-10  3.06e-10
  2e+03  1.24e-10   2.3e-13  5.12e-12  1.29e-10  3.08e-10

Reactant = P1   Pressure = 10 atm

   T(K)        W1        W2        P2      Loss   Capture
    500  1.47e-10  3.27e-15  3.97e-14  1.47e-10  2.45e-10
    600  1.47e-10  5.82e-15  7.91e-14  1.48e-10  2.52e-10
    700  1.51e-10  9.62e-15  1.38e-13  1.51e-10  2.59e-10
    800  1.52e-10   1.7e-14   2.2e-13  1.53e-10  2.65e-10
    900  1.55e-10  2.61e-14  3.26e-13  1.56e-10   2.7e-10
  1e+03  1.57e-10  3.92e-14  4.63e-13  1.58e-10  2.75e-10
1.1e+03  1.61e-10  5.39e-14  6.24e-13  1.62e-10  2.79e-10
1.2e+03  1.61e-10   8.3e-14  8.25e-13  1.62e-10  2.83e-10
1.3e+03  1.63e-10  1.09e-13  1.06e-12  1.64e-10  2.87e-10
1.4e+03  1.65e-10  1.51e-13  1.31e-12  1.66e-10  2.91e-10
1.5e+03  1.66e-10  2.05e-13  1.61e-12  1.68e-10  2.94e-10
1.6e+03  1.67e-10  2.54e-13  1.95e-12  1.69e-10  2.97e-10
1.7e+03  1.71e-10  3.13e-13  2.28e-12  1.74e-10     3e-10
1.8e+03   1.7e-10  4.06e-13  2.69e-12  1.73e-10  3.03e-10
1.9e+03  1.73e-10  4.88e-13  3.08e-12  1.76e-10  3.06e-10
  2e+03  1.75e-10  5.79e-13  3.49e-12  1.79e-10  3.08e-10

Reactant = P1   Pressure = 100 atm

   T(K)        W1        W2        P2      Loss   Capture
    500  2.21e-10  7.16e-15  4.67e-15  2.21e-10  2.45e-10
    600  2.22e-10  1.53e-14  1.19e-14  2.22e-10  2.52e-10
    700  2.24e-10  2.78e-14  2.42e-14  2.24e-10  2.59e-10
    800  2.25e-10  4.76e-14  4.23e-14  2.25e-10  2.65e-10
    900  2.27e-10  7.29e-14  6.69e-14  2.27e-10   2.7e-10
  1e+03  2.28e-10  1.07e-13  9.91e-14  2.28e-10  2.75e-10
1.1e+03   2.3e-10  1.46e-13  1.36e-13   2.3e-10  2.79e-10
1.2e+03  2.31e-10  2.06e-13  1.82e-13  2.31e-10  2.83e-10
1.3e+03  2.32e-10  2.67e-13  2.35e-13  2.33e-10  2.87e-10
1.4e+03  2.34e-10  3.47e-13   2.9e-13  2.34e-10  2.91e-10
1.5e+03  2.35e-10  4.43e-13  3.52e-13  2.36e-10  2.94e-10
1.6e+03  2.36e-10  5.47e-13  4.29e-13  2.37e-10  2.97e-10
1.7e+03   2.4e-10   6.5e-13  4.91e-13  2.41e-10     3e-10
1.8e+03   2.4e-10  7.98e-13  5.71e-13  2.41e-10  3.03e-10
1.9e+03  2.42e-10  9.29e-13   6.4e-13  2.43e-10  3.06e-10
  2e+03  2.43e-10  1.07e-12   7.1e-13  2.45e-10  3.08e-10

Reactant = P2   Pressure = 0.1 atm

   T(K)        W1        W2        P1      Loss   Capture
    500  6.77e-18  3.52e-11  1.58e-16  3.52e-11   2.4e-10
    600  3.19e-17  4.41e-11  6.64e-16  4.41e-11  2.47e-10
    700  1.17e-16  5.01e-11  2.04e-15  5.01e-11  2.53e-10
    800  3.15e-16  5.75e-11  5.09e-15  5.75e-11  2.59e-10
    900  7.47e-16  6.12e-11  1.09e-14  6.12e-11  2.64e-10
  1e+03   1.5e-15  6.42e-11  2.08e-14  6.42e-11  2.69e-10
1.1e+03  2.91e-15  6.66e-11  3.62e-14  6.66e-11  2.73e-10
1.2e+03  4.49e-15  7.06e-11  5.94e-14  7.07e-11  2.77e-10
1.3e+03  7.32e-15  7.19e-11  9.18e-14   7.2e-11  2.81e-10
1.4e+03  1.07e-14  7.51e-11  1.36e-13  7.52e-11  2.84e-10
1.5e+03  1.48e-14  7.78e-11  1.93e-13   7.8e-11  2.88e-10
1.6e+03  2.07e-14  7.83e-11  2.67e-13  7.86e-11  2.91e-10
1.7e+03   2.9e-14  8.18e-11  3.57e-13  8.22e-11  2.94e-10
1.8e+03  3.59e-14  8.27e-11  4.69e-13  8.32e-11  2.97e-10
1.9e+03  4.76e-14  8.46e-11     6e-13  8.52e-11  2.99e-10
  2e+03  6.18e-14  8.64e-11  7.53e-13  8.72e-11  3.02e-10

Reactant = P2   Pressure = 1 atm

   T(K)        W1        W2        P1      Loss   Capture
    500  1.97e-17  7.46e-11  1.44e-16  7.46e-11   2.4e-10
    600  8.21e-17  8.39e-11  6.04e-16  8.39e-11  2.47e-10
    700  2.65e-16     9e-11  1.84e-15     9e-11  2.53e-10
    800  6.39e-16  9.84e-11  4.57e-15  9.84e-11  2.59e-10
    900   1.4e-15  1.02e-10  9.68e-15  1.02e-10  2.64e-10
  1e+03  2.65e-15  1.05e-10  1.84e-14  1.05e-10  2.69e-10
1.1e+03  4.88e-15  1.08e-10  3.18e-14  1.08e-10  2.73e-10
1.2e+03  7.26e-15  1.12e-10   5.2e-14  1.12e-10  2.77e-10
1.3e+03  1.15e-14  1.14e-10  7.99e-14  1.14e-10  2.81e-10
1.4e+03  1.63e-14  1.17e-10  1.17e-13  1.17e-10  2.84e-10
1.5e+03   2.2e-14   1.2e-10  1.67e-13  1.21e-10  2.88e-10
1.6e+03  3.04e-14  1.21e-10   2.3e-13  1.21e-10  2.91e-10
1.7e+03  4.19e-14  1.25e-10  3.05e-13  1.25e-10  2.94e-10
1.8e+03  5.11e-14  1.26e-10     4e-13  1.26e-10  2.97e-10
1.9e+03  6.68e-14  1.28e-10  5.08e-13  1.29e-10  2.99e-10
  2e+03  8.54e-14   1.3e-10  6.35e-13  1.31e-10  3.02e-10

Reactant = P2   Pressure = 10 atm

   T(K)        W1        W2        P1      Loss   Capture
    500   5.2e-17  1.36e-10  9.27e-17  1.36e-10   2.4e-10
    600  1.91e-16  1.41e-10  4.16e-16  1.41e-10  2.47e-10
    700  5.45e-16  1.44e-10  1.31e-15  1.44e-10  2.53e-10
    800  1.21e-15  1.51e-10  3.28e-15  1.51e-10  2.59e-10
    900  2.47e-15  1.54e-10  6.97e-15  1.54e-10  2.64e-10
  1e+03  4.48e-15  1.57e-10  1.33e-14  1.57e-10  2.69e-10
1.1e+03  7.84e-15  1.59e-10  2.28e-14  1.59e-10  2.73e-10
1.2e+03  1.16e-14  1.63e-10  3.73e-14  1.63e-10  2.77e-10
1.3e+03  1.78e-14  1.64e-10  5.72e-14  1.64e-10  2.81e-10
1.4e+03  2.49e-14  1.67e-10  8.34e-14  1.68e-10  2.84e-10
1.5e+03  3.34e-14   1.7e-10  1.18e-13  1.71e-10  2.88e-10
1.6e+03  4.59e-14  1.71e-10  1.62e-13  1.71e-10  2.91e-10
1.7e+03  6.17e-14  1.75e-10  2.13e-13  1.76e-10  2.94e-10
1.8e+03   7.6e-14  1.76e-10  2.78e-13  1.77e-10  2.97e-10
1.9e+03  9.77e-14  1.79e-10   3.5e-13  1.79e-10  2.99e-10
  2e+03  1.23e-13  1.81e-10  4.33e-13  1.82e-10  3.02e-10

Reactant = P2   Pressure = 100 atm

   T(K)        W1        W2        P1      Loss   Capture
    500  4.54e-17  2.09e-10  1.09e-17  2.09e-10   2.4e-10
    600  1.94e-16  2.12e-10  6.27e-17  2.12e-10  2.47e-10
    700  5.93e-16  2.15e-10   2.3e-16  2.15e-10  2.53e-10
    800  1.39e-15  2.19e-10  6.31e-16  2.19e-10  2.59e-10
    900  2.87e-15  2.21e-10  1.43e-15  2.21e-10  2.64e-10
  1e+03  5.28e-15  2.23e-10  2.84e-15  2.23e-10  2.69e-10
1.1e+03  9.06e-15  2.25e-10  4.99e-15  2.25e-10  2.73e-10
1.2e+03  1.38e-14  2.27e-10  8.23e-15  2.27e-10  2.77e-10
1.3e+03   2.1e-14  2.29e-10  1.27e-14  2.29e-10  2.81e-10
1.4e+03  2.95e-14  2.32e-10  1.84e-14  2.32e-10  2.84e-10
1.5e+03  3.99e-14  2.34e-10  2.57e-14  2.34e-10  2.88e-10
1.6e+03  5.47e-14  2.36e-10  3.57e-14  2.36e-10  2.91e-10
1.7e+03  7.14e-14   2.4e-10  4.58e-14   2.4e-10  2.94e-10
1.8e+03  8.95e-14  2.41e-10  5.91e-14  2.41e-10  2.97e-10
1.9e+03  1.12e-13  2.43e-10  7.27e-14  2.43e-10  2.99e-10
  2e+03  1.38e-13  2.45e-10   8.8e-14  2.45e-10  3.02e-10

______________________________________________________________________________________

Temperature-Pressure Rate Tables:

W1->W2

P\T           500       600       700       800       900     1e+03   1.1e+03   1.2e+03   1.3e+03   1.4e+03   1.5e+03   1.6e+03   1.7e+03   1.8e+03   1.9e+03     2e+03
0.1      1.45e+03  1.02e+04  4.56e+04  1.55e+05  3.48e+05   6.4e+05  1.03e+06  1.61e+06  2.17e+06  2.96e+06  3.85e+06  4.53e+06  5.57e+06  6.51e+06  7.55e+06  8.61e+06
1        1.58e+04  6.93e+04  2.21e+05  5.75e+05  1.11e+06  1.84e+06  2.75e+06  3.99e+06  5.18e+06  6.74e+06  8.42e+06  9.75e+06  1.17e+07  1.33e+07  1.52e+07  1.71e+07
10       1.88e+05  4.38e+05  9.25e+05   1.8e+06  2.99e+06  4.47e+06  6.25e+06  8.45e+06  1.06e+07  1.32e+07   1.6e+07  1.82e+07  2.13e+07  2.39e+07  2.69e+07  2.98e+07
100      1.39e+06  2.63e+06  4.39e+06  6.78e+06  9.66e+06   1.3e+07  1.67e+07  2.09e+07  2.51e+07  2.97e+07  3.45e+07  3.87e+07  4.39e+07  4.84e+07  5.33e+07  5.81e+07
O-O       2.5e+06   5.1e+06   8.8e+06  1.35e+07  1.91e+07  2.54e+07  3.21e+07  3.93e+07  4.67e+07  5.41e+07  6.16e+07   6.9e+07  7.63e+07  8.35e+07  9.04e+07  9.71e+07

W1->P1

P\T           500       600       700       800       900     1e+03   1.1e+03   1.2e+03   1.3e+03   1.4e+03   1.5e+03   1.6e+03   1.7e+03   1.8e+03   1.9e+03     2e+03
0.1      1.32e+09  1.72e+09     2e+09  2.06e+09  2.07e+09  1.99e+09  1.94e+09  1.78e+09  1.67e+09  1.55e+09  1.43e+09  1.32e+09  1.26e+09  1.14e+09  1.08e+09  1.01e+09
1        2.79e+09  3.28e+09  3.56e+09  3.54e+09  3.46e+09  3.28e+09  3.12e+09  2.85e+09  2.65e+09  2.44e+09  2.24e+09  2.06e+09  1.95e+09  1.77e+09  1.65e+09  1.54e+09
10        5.2e+09  5.66e+09  5.79e+09  5.59e+09  5.32e+09  4.95e+09  4.62e+09   4.2e+09  3.86e+09  3.54e+09  3.24e+09  2.97e+09  2.78e+09  2.53e+09  2.35e+09  2.18e+09
100      7.79e+09  8.53e+09  8.61e+09  8.26e+09  7.76e+09  7.18e+09  6.61e+09  6.02e+09  5.51e+09  5.03e+09   4.6e+09  4.21e+09  3.89e+09  3.56e+09  3.28e+09  3.04e+09
O-O      8.65e+09  9.69e+09  9.93e+09  9.71e+09  9.23e+09  8.64e+09  8.01e+09  7.39e+09   6.8e+09  6.25e+09  5.75e+09  5.29e+09  4.87e+09   4.5e+09  4.16e+09  3.85e+09

W1->P2

P\T           500       600       700       800       900     1e+03   1.1e+03   1.2e+03   1.3e+03   1.4e+03   1.5e+03   1.6e+03   1.7e+03   1.8e+03   1.9e+03     2e+03
0.1      1.03e+05  2.33e+05  4.75e+05  7.74e+05   1.2e+06  1.65e+06  2.28e+06  2.59e+06   3.2e+06  3.61e+06  3.93e+06  4.42e+06  5.05e+06  5.13e+06  5.67e+06  6.19e+06
1        2.99e+05  5.99e+05  1.07e+06  1.57e+06  2.24e+06  2.91e+06  3.83e+06  4.19e+06  5.02e+06  5.52e+06  5.88e+06  6.52e+06  7.29e+06  7.33e+06  7.98e+06  8.58e+06
10       7.88e+05  1.39e+06   2.2e+06  2.98e+06  3.96e+06  4.92e+06  6.15e+06  6.68e+06  7.78e+06  8.43e+06  8.93e+06  9.83e+06  1.07e+07  1.09e+07  1.17e+07  1.24e+07
100      6.88e+05  1.42e+06   2.4e+06  3.41e+06  4.59e+06  5.79e+06   7.1e+06  7.96e+06  9.18e+06  9.98e+06  1.07e+07  1.17e+07  1.24e+07  1.28e+07  1.34e+07  1.39e+07
O-O           ***       ***       ***       ***       ***       ***       ***       ***       ***       ***       ***       ***       ***       ***       ***       ***

W2->W1

P\T           500       600       700       800       900     1e+03   1.1e+03   1.2e+03   1.3e+03   1.4e+03   1.5e+03   1.6e+03   1.7e+03   1.8e+03   1.9e+03     2e+03
0.1          5.74      84.4       639  3.22e+03  9.79e+03   2.3e+04  4.52e+04  8.41e+04  1.31e+05  2.03e+05  2.93e+05  3.81e+05   5.1e+05  6.44e+05     8e+05  9.71e+05
1            62.8       576   3.1e+03  1.19e+04  3.12e+04  6.61e+04  1.21e+05  2.09e+05  3.13e+05  4.61e+05  6.42e+05  8.19e+05  1.07e+06  1.32e+06  1.61e+06  1.93e+06
10            748  3.64e+03   1.3e+04  3.75e+04  8.42e+04  1.61e+05  2.76e+05  4.42e+05   6.4e+05  9.04e+05  1.22e+06  1.53e+06  1.95e+06  2.36e+06  2.85e+06  3.36e+06
100      5.54e+03  2.19e+04  6.16e+04  1.41e+05  2.72e+05  4.67e+05  7.38e+05  1.09e+06  1.51e+06  2.03e+06  2.63e+06  3.25e+06  4.02e+06  4.78e+06  5.64e+06  6.55e+06
O-O      9.97e+03  4.24e+04  1.24e+05  2.81e+05  5.38e+05  9.14e+05  1.42e+06  2.05e+06  2.82e+06   3.7e+06   4.7e+06   5.8e+06  6.99e+06  8.25e+06  9.58e+06   1.1e+07

W2->P1

P\T           500       600       700       800       900     1e+03   1.1e+03   1.2e+03   1.3e+03   1.4e+03   1.5e+03   1.6e+03   1.7e+03   1.8e+03   1.9e+03     2e+03
0.1          1.19        11        69       393  1.19e+03  2.94e+03  5.44e+03  1.25e+04   1.9e+04  3.23e+04  5.18e+04  6.68e+04  8.84e+04  1.24e+05  1.53e+05  1.84e+05
1              23       123       461  1.69e+03   4.1e+03  8.66e+03  1.47e+04  2.96e+04  4.29e+04  6.82e+04  1.03e+05   1.3e+05  1.66e+05  2.26e+05  2.72e+05  3.22e+05
10            460  1.86e+03  5.18e+03  1.29e+04  2.52e+04  4.44e+04  6.82e+04  1.13e+05  1.56e+05  2.22e+05  3.05e+05  3.79e+05  4.65e+05  5.95e+05  7.02e+05  8.14e+05
100      1.01e+03  4.89e+03   1.5e+04  3.63e+04  7.03e+04  1.21e+05  1.85e+05  2.81e+05  3.82e+05  5.11e+05  6.61e+05  8.17e+05  9.66e+05  1.17e+06  1.34e+06  1.51e+06
O-O           ***       ***       ***       ***       ***       ***       ***       ***       ***       ***       ***       ***       ***       ***       ***       ***

W2->P2

P\T           500       600       700       800       900     1e+03   1.1e+03   1.2e+03   1.3e+03   1.4e+03   1.5e+03   1.6e+03   1.7e+03   1.8e+03   1.9e+03     2e+03
0.1      2.13e+09  2.68e+09  2.85e+09  2.95e+09  2.78e+09  2.55e+09  2.31e+09  2.14e+09  1.91e+09  1.75e+09  1.59e+09  1.42e+09  1.31e+09  1.18e+09  1.08e+09  9.84e+08
1         4.5e+09  5.09e+09   5.1e+09  5.03e+09  4.62e+09  4.17e+09  3.73e+09   3.4e+09  3.01e+09  2.72e+09  2.46e+09  2.18e+09  1.99e+09  1.79e+09  1.62e+09  1.48e+09
10       8.18e+09  8.54e+09  8.18e+09  7.72e+09  6.96e+09   6.2e+09  5.48e+09  4.92e+09  4.34e+09  3.88e+09  3.48e+09  3.08e+09   2.8e+09   2.5e+09  2.27e+09  2.05e+09
100      1.26e+10  1.29e+10  1.22e+10  1.12e+10  9.97e+09  8.81e+09  7.77e+09  6.87e+09  6.06e+09  5.37e+09  4.77e+09  4.25e+09  3.83e+09  3.41e+09  3.07e+09  2.78e+09
O-O      1.44e+10   1.5e+10  1.44e+10  1.32e+10  1.19e+10  1.06e+10  9.45e+09  8.37e+09  7.42e+09  6.59e+09  5.87e+09  5.24e+09  4.69e+09  4.21e+09  3.79e+09  3.42e+09

P1->W1

P\T           500       600       700       800       900     1e+03   1.1e+03   1.2e+03   1.3e+03   1.4e+03   1.5e+03   1.6e+03   1.7e+03   1.8e+03   1.9e+03     2e+03
0.1      3.74e-11  4.48e-11  5.19e-11  5.59e-11  6.03e-11  6.32e-11  6.71e-11  6.78e-11  7.01e-11  7.18e-11   7.3e-11  7.38e-11  7.75e-11  7.67e-11  7.88e-11  8.07e-11
1        7.88e-11  8.55e-11  9.27e-11  9.65e-11  1.01e-10  1.04e-10  1.09e-10  1.09e-10  1.12e-10  1.13e-10  1.15e-10  1.16e-10   1.2e-10  1.19e-10  1.21e-10  1.24e-10
10       1.47e-10  1.47e-10  1.51e-10  1.52e-10  1.55e-10  1.57e-10  1.61e-10  1.61e-10  1.63e-10  1.65e-10  1.66e-10  1.67e-10  1.71e-10   1.7e-10  1.73e-10  1.75e-10
100      2.21e-10  2.22e-10  2.24e-10  2.25e-10  2.27e-10  2.28e-10   2.3e-10  2.31e-10  2.32e-10  2.34e-10  2.35e-10  2.36e-10   2.4e-10   2.4e-10  2.42e-10  2.43e-10
O-O      2.45e-10  2.52e-10  2.59e-10  2.65e-10   2.7e-10  2.75e-10  2.79e-10  2.83e-10  2.87e-10  2.91e-10  2.94e-10  2.97e-10     3e-10  3.03e-10  3.06e-10  3.08e-10

P1->W2

P\T           500       600       700       800       900     1e+03   1.1e+03   1.2e+03   1.3e+03   1.4e+03   1.5e+03   1.6e+03   1.7e+03   1.8e+03   1.9e+03     2e+03
0.1      8.69e-18  3.61e-17  1.36e-16  5.45e-16  1.31e-15  2.73e-15  4.56e-15  9.57e-15  1.39e-14  2.28e-14  3.59e-14  4.61e-14  6.11e-14  8.71e-14  1.09e-13  1.35e-13
1        1.64e-16  3.89e-16  8.63e-16  2.23e-15  4.29e-15   7.7e-15  1.17e-14  2.19e-14  3.02e-14  4.66e-14  6.94e-14  8.74e-14  1.12e-13  1.55e-13   1.9e-13   2.3e-13
10       3.27e-15  5.82e-15  9.62e-15   1.7e-14  2.61e-14  3.92e-14  5.39e-14   8.3e-14  1.09e-13  1.51e-13  2.05e-13  2.54e-13  3.13e-13  4.06e-13  4.88e-13  5.79e-13
100      7.16e-15  1.53e-14  2.78e-14  4.76e-14  7.29e-14  1.07e-13  1.46e-13  2.06e-13  2.67e-13  3.47e-13  4.43e-13  5.47e-13   6.5e-13  7.98e-13  9.29e-13  1.07e-12
O-O           ***       ***       ***       ***       ***       ***       ***       ***       ***       ***       ***       ***       ***       ***       ***       ***

P1->P2

P\T           500       600       700       800       900     1e+03   1.1e+03   1.2e+03   1.3e+03   1.4e+03   1.5e+03   1.6e+03   1.7e+03   1.8e+03   1.9e+03     2e+03
0.1      6.77e-14  1.26e-13  2.15e-13  3.41e-13  5.09e-13  7.25e-13  9.89e-13  1.32e-12   1.7e-12  2.14e-12  2.64e-12  3.22e-12  3.83e-12  4.54e-12  5.27e-12  6.07e-12
1        6.16e-14  1.15e-13  1.94e-13  3.06e-13  4.53e-13  6.42e-13  8.68e-13  1.15e-12  1.48e-12  1.85e-12  2.28e-12  2.77e-12  3.27e-12  3.87e-12  4.47e-12  5.12e-12
10       3.97e-14  7.91e-14  1.38e-13   2.2e-13  3.26e-13  4.63e-13  6.24e-13  8.25e-13  1.06e-12  1.31e-12  1.61e-12  1.95e-12  2.28e-12  2.69e-12  3.08e-12  3.49e-12
100      4.67e-15  1.19e-14  2.42e-14  4.23e-14  6.69e-14  9.91e-14  1.36e-13  1.82e-13  2.35e-13   2.9e-13  3.52e-13  4.29e-13  4.91e-13  5.71e-13   6.4e-13   7.1e-13
O-O           ***       ***       ***       ***       ***       ***       ***       ***       ***       ***       ***       ***       ***       ***       ***       ***

P2->W1

P\T           500       600       700       800       900     1e+03   1.1e+03   1.2e+03   1.3e+03   1.4e+03   1.5e+03   1.6e+03   1.7e+03   1.8e+03   1.9e+03     2e+03
0.1      6.77e-18  3.19e-17  1.17e-16  3.15e-16  7.47e-16   1.5e-15  2.91e-15  4.49e-15  7.32e-15  1.07e-14  1.48e-14  2.07e-14   2.9e-14  3.59e-14  4.76e-14  6.18e-14
1        1.97e-17  8.21e-17  2.65e-16  6.39e-16   1.4e-15  2.65e-15  4.88e-15  7.26e-15  1.15e-14  1.63e-14   2.2e-14  3.04e-14  4.19e-14  5.11e-14  6.68e-14  8.54e-14
10        5.2e-17  1.91e-16  5.45e-16  1.21e-15  2.47e-15  4.48e-15  7.84e-15  1.16e-14  1.78e-14  2.49e-14  3.34e-14  4.59e-14  6.17e-14   7.6e-14  9.77e-14  1.23e-13
100      4.54e-17  1.94e-16  5.93e-16  1.39e-15  2.87e-15  5.28e-15  9.06e-15  1.38e-14   2.1e-14  2.95e-14  3.99e-14  5.47e-14  7.14e-14  8.95e-14  1.12e-13  1.38e-13
O-O           ***       ***       ***       ***       ***       ***       ***       ***       ***       ***       ***       ***       ***       ***       ***       ***

P2->W2

P\T           500       600       700       800       900     1e+03   1.1e+03   1.2e+03   1.3e+03   1.4e+03   1.5e+03   1.6e+03   1.7e+03   1.8e+03   1.9e+03     2e+03
0.1      3.52e-11  4.41e-11  5.01e-11  5.75e-11  6.12e-11  6.42e-11  6.66e-11  7.06e-11  7.19e-11  7.51e-11  7.78e-11  7.83e-11  8.18e-11  8.27e-11  8.46e-11  8.64e-11
1        7.46e-11  8.39e-11     9e-11  9.84e-11  1.02e-10  1.05e-10  1.08e-10  1.12e-10  1.14e-10  1.17e-10   1.2e-10  1.21e-10  1.25e-10  1.26e-10  1.28e-10   1.3e-10
10       1.36e-10  1.41e-10  1.44e-10  1.51e-10  1.54e-10  1.57e-10  1.59e-10  1.63e-10  1.64e-10  1.67e-10   1.7e-10  1.71e-10  1.75e-10  1.76e-10  1.79e-10  1.81e-10
100      2.09e-10  2.12e-10  2.15e-10  2.19e-10  2.21e-10  2.23e-10  2.25e-10  2.27e-10  2.29e-10  2.32e-10  2.34e-10  2.36e-10   2.4e-10  2.41e-10  2.43e-10  2.45e-10
O-O       2.4e-10  2.47e-10  2.53e-10  2.59e-10  2.64e-10  2.69e-10  2.73e-10  2.77e-10  2.81e-10  2.84e-10  2.88e-10  2.91e-10  2.94e-10  2.97e-10  2.99e-10  3.02e-10

P2->P1

P\T           500       600       700       800       900     1e+03   1.1e+03   1.2e+03   1.3e+03   1.4e+03   1.5e+03   1.6e+03   1.7e+03   1.8e+03   1.9e+03     2e+03
0.1      1.58e-16  6.64e-16  2.04e-15  5.09e-15  1.09e-14  2.08e-14  3.62e-14  5.94e-14  9.18e-14  1.36e-13  1.93e-13  2.67e-13  3.57e-13  4.69e-13     6e-13  7.53e-13
1        1.44e-16  6.04e-16  1.84e-15  4.57e-15  9.68e-15  1.84e-14  3.18e-14   5.2e-14  7.99e-14  1.17e-13  1.67e-13   2.3e-13  3.05e-13     4e-13  5.08e-13  6.35e-13
10       9.27e-17  4.16e-16  1.31e-15  3.28e-15  6.97e-15  1.33e-14  2.28e-14  3.73e-14  5.72e-14  8.34e-14  1.18e-13  1.62e-13  2.13e-13  2.78e-13   3.5e-13  4.33e-13
100      1.09e-17  6.27e-17   2.3e-16  6.31e-16  1.43e-15  2.84e-15  4.99e-15  8.23e-15  1.27e-14  1.84e-14  2.57e-14  3.57e-14  4.58e-14  5.91e-14  7.27e-14   8.8e-14
O-O           ***       ***       ***       ***       ***       ***       ***       ***       ***       ***       ***       ***       ***       ***       ***       ***

W1-> 

P\T           500       600       700       800       900     1e+03   1.1e+03   1.2e+03   1.3e+03   1.4e+03   1.5e+03   1.6e+03   1.7e+03   1.8e+03   1.9e+03     2e+03
0.1      1.32e+09  1.72e+09     2e+09  2.06e+09  2.07e+09     2e+09  1.94e+09  1.78e+09  1.67e+09  1.56e+09  1.44e+09  1.33e+09  1.27e+09  1.15e+09  1.09e+09  1.03e+09
1        2.79e+09  3.29e+09  3.56e+09  3.54e+09  3.47e+09  3.28e+09  3.13e+09  2.86e+09  2.66e+09  2.45e+09  2.26e+09  2.08e+09  1.97e+09  1.79e+09  1.67e+09  1.57e+09
10        5.2e+09  5.66e+09  5.79e+09  5.59e+09  5.32e+09  4.95e+09  4.63e+09  4.21e+09  3.88e+09  3.57e+09  3.27e+09     3e+09  2.81e+09  2.56e+09  2.39e+09  2.23e+09
100       7.8e+09  8.53e+09  8.61e+09  8.27e+09  7.78e+09  7.19e+09  6.63e+09  6.05e+09  5.54e+09  5.07e+09  4.64e+09  4.26e+09  3.95e+09  3.62e+09  3.35e+09  3.11e+09
O-O      8.65e+09  9.69e+09  9.94e+09  9.72e+09  9.25e+09  8.66e+09  8.04e+09  7.43e+09  6.85e+09  6.31e+09  5.81e+09  5.36e+09  4.95e+09  4.58e+09  4.25e+09  3.94e+09

W2-> 

P\T           500       600       700       800       900     1e+03   1.1e+03   1.2e+03   1.3e+03   1.4e+03   1.5e+03   1.6e+03   1.7e+03   1.8e+03   1.9e+03     2e+03
0.1      2.13e+09  2.68e+09  2.85e+09  2.95e+09  2.78e+09  2.55e+09  2.31e+09  2.14e+09  1.91e+09  1.75e+09  1.59e+09  1.42e+09  1.31e+09  1.18e+09  1.08e+09  9.85e+08
1         4.5e+09  5.09e+09   5.1e+09  5.03e+09  4.62e+09  4.17e+09  3.73e+09   3.4e+09  3.01e+09  2.72e+09  2.46e+09  2.18e+09  1.99e+09  1.79e+09  1.62e+09  1.48e+09
10       8.18e+09  8.54e+09  8.18e+09  7.72e+09  6.96e+09   6.2e+09  5.48e+09  4.92e+09  4.34e+09  3.88e+09  3.48e+09  3.09e+09   2.8e+09  2.51e+09  2.27e+09  2.06e+09
100      1.26e+10  1.29e+10  1.22e+10  1.12e+10  9.97e+09  8.82e+09  7.77e+09  6.87e+09  6.06e+09  5.37e+09  4.78e+09  4.25e+09  3.83e+09  3.42e+09  3.08e+09  2.79e+09
O-O      1.44e+10   1.5e+10  1.44e+10  1.32e+10  1.19e+10  1.06e+10  9.45e+09  8.37e+09  7.43e+09   6.6e+09  5.87e+09  5.24e+09  4.69e+09  4.22e+09   3.8e+09  3.44e+09

P1-> 

P\T           500       600       700       800       900     1e+03   1.1e+03   1.2e+03   1.3e+03   1.4e+03   1.5e+03   1.6e+03   1.7e+03   1.8e+03   1.9e+03     2e+03
0.1      3.74e-11  4.49e-11  5.21e-11  5.62e-11  6.08e-11  6.39e-11  6.81e-11  6.92e-11  7.18e-11  7.39e-11  7.57e-11  7.71e-11  8.14e-11  8.13e-11  8.42e-11  8.69e-11
1        7.89e-11  8.56e-11  9.29e-11  9.68e-11  1.02e-10  1.05e-10  1.09e-10   1.1e-10  1.13e-10  1.15e-10  1.17e-10  1.18e-10  1.23e-10  1.23e-10  1.26e-10  1.29e-10
10       1.47e-10  1.48e-10  1.51e-10  1.53e-10  1.56e-10  1.58e-10  1.62e-10  1.62e-10  1.64e-10  1.66e-10  1.68e-10  1.69e-10  1.74e-10  1.73e-10  1.76e-10  1.79e-10
100      2.21e-10  2.22e-10  2.24e-10  2.25e-10  2.27e-10  2.28e-10   2.3e-10  2.31e-10  2.33e-10  2.34e-10  2.36e-10  2.37e-10  2.41e-10  2.41e-10  2.43e-10  2.45e-10
O-O      2.45e-10  2.52e-10  2.59e-10  2.65e-10   2.7e-10  2.75e-10  2.79e-10  2.83e-10  2.87e-10  2.91e-10  2.94e-10  2.97e-10     3e-10  3.03e-10  3.06e-10  3.08e-10

P2-> 

P\T           500       600       700       800       900     1e+03   1.1e+03   1.2e+03   1.3e+03   1.4e+03   1.5e+03   1.6e+03   1.7e+03   1.8e+03   1.9e+03     2e+03
0.1      3.52e-11  4.41e-11  5.01e-11  5.75e-11  6.12e-11  6.42e-11  6.66e-11  7.07e-11   7.2e-11  7.52e-11   7.8e-11  7.86e-11  8.22e-11  8.32e-11  8.52e-11  8.72e-11
1        7.46e-11  8.39e-11     9e-11  9.84e-11  1.02e-10  1.05e-10  1.08e-10  1.12e-10  1.14e-10  1.17e-10  1.21e-10  1.21e-10  1.25e-10  1.26e-10  1.29e-10  1.31e-10
10       1.36e-10  1.41e-10  1.44e-10  1.51e-10  1.54e-10  1.57e-10  1.59e-10  1.63e-10  1.64e-10  1.68e-10  1.71e-10  1.71e-10  1.76e-10  1.77e-10  1.79e-10  1.82e-10
100      2.09e-10  2.12e-10  2.15e-10  2.19e-10  2.21e-10  2.23e-10  2.25e-10  2.27e-10  2.29e-10  2.32e-10  2.34e-10  2.36e-10   2.4e-10  2.41e-10  2.43e-10  2.45e-10
O-O       2.4e-10  2.47e-10  2.53e-10  2.59e-10  2.64e-10  2.69e-10  2.73e-10  2.77e-10  2.81e-10  2.84e-10  2.88e-10  2.91e-10  2.94e-10  2.97e-10  2.99e-10  3.02e-10

