Wells (G - ground energy, D - dissociation limit, kcal/mol):
                            W         G         D
                C5O2nexammzez         0      3.84
      FakeW-C5H6O(645)e+OH(4)     -28.9     -25.9

Bimolecular Products (G - ground energy, kcal/mol):
                      P         G
      C5H6O(645)e+OH(4)     -25.9

Well-to-Bimolecular Barriers (H/G - barrier height/well depth, kcal/mol)
                            B         H                       W         G                 P
      FakeB-C5H6O(645)e+OH(4)     -25.9 FakeW-C5H6O(645)e+OH(4)     -28.9 C5H6O(645)e+OH(4)

Well-to-Well Barriers (H/G - barrier height/well depth, kcal/mol):
            B         H                      W1        G1                      W2        G2
      ts_3_48      3.84           C5O2nexammzez         0 FakeW-C5H6O(645)e+OH(4)     -28.9

Bound Groups: dissociation barrier (name/ground energy, kcal/mol): wells (name/ground energy, kcal/mol):
     C1/-25.9:  FakeW-C5H6O(645)e+OH(4)/-28.9

     B1/3.84:  C5O2nexammzez/0

________________________________________________________________________________________

Names Translation Tables (<short name> - <original name>):
Wells:
   W1 - C5O2nexammzez
   W2 - FakeW-C5H6O(645)e+OH(4)
Bimolecular products:
   P1 - C5H6O(645)e+OH(4)
Inner Barriers:
   B1 - ts_3_48
Outer Barriers:
   C1 - FakeB-C5H6O(645)e+OH(4)
Unimolecular Rate Units: 1/sec;  Bimolecular Rate Units: cm^3/sec

______________________________________________________________________________________

Species-Species Rate Tables:

Temperature = 500 K

High Pressure Rate Coefficients:

From\To         W1        W2        P1
W1             ***  2.36e+11       ***
W2        1.02e-06       ***  1.02e+10
P1             ***  2.41e-10       ***

Temperature = 500 K    Pressure = 0.1 atm

From\To         W1        W2        P1
W1        3.65e+09 -2.97e+05  3.65e+09
W2        4.88e-17  1.67e+09  1.67e+09
P1        3.72e-28  3.94e-11  3.94e-11

Temperature = 500 K    Pressure = 1 atm

From\To         W1        W2        P1
W1        1.06e+10 -2.94e+06  1.06e+10
W2        1.54e-12   3.3e+09   3.3e+09
P1        1.09e-27  7.77e-11  7.77e-11

Temperature = 500 K    Pressure = 10 atm

From\To         W1        W2        P1
W1        2.69e+10 -1.67e+07  2.61e+10
W2        1.99e-11   6.1e+09   6.1e+09
P1        2.68e-27  1.44e-10  1.44e-10

Temperature = 500 K    Pressure = 100 atm

From\To         W1        W2        P1
W1        6.59e+10  3.73e+10  2.86e+10
W2        1.62e-07  9.18e+09  9.18e+09
P1        2.94e-27  2.17e-10  2.17e-10

Temperature = 600 K

High Pressure Rate Coefficients:

From\To         W1        W2        P1
W1             ***  4.51e+11       ***
W2        0.000139       ***  1.14e+10
P1             ***  2.48e-10       ***

Temperature = 600 K    Pressure = 0.1 atm

From\To         W1        W2        P1
W1        3.97e+09  1.53e+08  3.97e+09
W2        4.71e-08  2.18e+09  2.18e+09
P1        2.64e-26  4.73e-11  4.73e-11

Temperature = 600 K    Pressure = 1 atm

From\To         W1        W2        P1
W1         1.2e+10 -2.55e+06   1.2e+10
W2        4.84e-10  3.99e+09  3.99e+09
P1        8.02e-26  8.67e-11  8.67e-11

Temperature = 600 K    Pressure = 10 atm

From\To         W1        W2        P1
W1        3.15e+10  1.04e+09  3.05e+10
W2         3.3e-07   6.8e+09   6.8e+09
P1        2.04e-25  1.48e-10  1.48e-10

Temperature = 600 K    Pressure = 100 atm

From\To         W1        W2        P1
W1        7.86e+10  4.36e+10   3.5e+10
W2        1.35e-05  1.01e+10  1.01e+10
P1        2.34e-25   2.2e-10   2.2e-10

Temperature = 700 K

High Pressure Rate Coefficients:

From\To         W1        W2        P1
W1             ***  7.28e+11       ***
W2         0.00452       ***  1.17e+10
P1             ***  2.54e-10       ***

Temperature = 700 K    Pressure = 0.1 atm

From\To         W1        W2        P1
W1        3.88e+09 -2.76e+05  3.88e+09
W2        9.68e-12  2.33e+09  2.33e+09
P1         5.2e-25  5.04e-11  5.04e-11

Temperature = 700 K    Pressure = 1 atm

From\To         W1        W2        P1
W1         1.2e+10  7.43e+05   1.2e+10
W2         3.3e-08  4.13e+09  4.13e+09
P1        1.62e-24  8.97e-11  8.97e-11

Temperature = 700 K    Pressure = 10 atm

From\To         W1        W2        P1
W1        3.26e+10  1.45e+09  3.11e+10
W2        9.23e-06   6.8e+09   6.8e+09
P1         4.2e-24  1.48e-10  1.48e-10

Temperature = 700 K    Pressure = 100 atm

From\To         W1        W2        P1
W1        8.23e+10  4.59e+10  3.64e+10
W2        0.000285  1.02e+10  1.02e+10
P1        4.91e-24  2.21e-10  2.21e-10

Temperature = 800 K

High Pressure Rate Coefficients:

From\To         W1        W2        P1
W1             ***  1.05e+12       ***
W2          0.0606       ***  1.14e+10
P1             ***   2.6e-10       ***

Temperature = 800 K    Pressure = 0.1 atm

From\To         W1        W2        P1
W1        3.59e+09 -2.45e+05  3.59e+09
W2        2.76e-10  2.42e+09  2.42e+09
P1        4.66e-24  5.49e-11  5.49e-11

Temperature = 800 K    Pressure = 1 atm

From\To         W1        W2        P1
W1        1.13e+10  1.26e+07  1.13e+10
W2        9.88e-07  4.18e+09  4.18e+09
P1        1.47e-23   9.5e-11   9.5e-11

Temperature = 800 K    Pressure = 10 atm

From\To         W1        W2        P1
W1        3.13e+10  2.13e+09  2.92e+10
W2        0.000125  6.66e+09  6.66e+09
P1        3.83e-23  1.51e-10  1.51e-10

Temperature = 800 K    Pressure = 100 atm

From\To         W1        W2        P1
W1        8.03e+10  4.65e+10  3.37e+10
W2         0.00269  9.84e+09  9.84e+09
P1        4.42e-23  2.24e-10  2.24e-10

Temperature = 900 K

High Pressure Rate Coefficients:

From\To         W1        W2        P1
W1             ***  1.41e+12       ***
W2           0.453       ***  1.09e+10
P1             ***  2.65e-10       ***

Temperature = 900 K    Pressure = 0.1 atm

From\To         W1        W2        P1
W1        3.26e+09 -2.34e+05  3.26e+09
W2        5.91e-09  2.38e+09  2.38e+09
P1        2.54e-23  5.77e-11  5.77e-11

Temperature = 900 K    Pressure = 1 atm

From\To         W1        W2        P1
W1        1.04e+10  4.36e+07  1.03e+10
W2        1.55e-05  4.03e+09  4.03e+09
P1        8.09e-23  9.81e-11  9.81e-11

Temperature = 900 K    Pressure = 10 atm

From\To         W1        W2        P1
W1        2.93e+10  3.08e+09  2.62e+10
W2           0.001  6.29e+09  6.29e+09
P1        2.06e-22  1.53e-10  1.53e-10

Temperature = 900 K    Pressure = 100 atm

From\To         W1        W2        P1
W1        7.59e+10  4.64e+10  2.95e+10
W2           0.015  9.25e+09  9.25e+09
P1        2.32e-22  2.26e-10  2.26e-10

Temperature = 1e+03 K

High Pressure Rate Coefficients:

From\To         W1        W2        P1
W1             ***  1.78e+12       ***
W2            2.26       ***  1.02e+10
P1             ***   2.7e-10       ***

Temperature = 1e+03 K    Pressure = 0.1 atm

From\To         W1        W2        P1
W1        3.02e+09 -1.95e+05  3.02e+09
W2         1.3e-07  2.34e+09  2.34e+09
P1           1e-22  6.17e-11  6.17e-11

Temperature = 1e+03 K    Pressure = 1 atm

From\To         W1        W2        P1
W1        9.65e+09  1.48e+08   9.5e+09
W2        0.000193  3.88e+09  3.88e+09
P1        3.18e-22  1.03e-10  1.03e-10

Temperature = 1e+03 K    Pressure = 10 atm

From\To         W1        W2        P1
W1        2.76e+10  4.72e+09  2.29e+10
W2         0.00601  5.94e+09  5.94e+09
P1        7.67e-22  1.57e-10  1.57e-10

Temperature = 1e+03 K    Pressure = 100 atm

From\To         W1        W2        P1
W1        7.19e+10  4.74e+10  2.46e+10
W2            0.06  8.61e+09  8.61e+09
P1        8.25e-22  2.28e-10  2.28e-10

Temperature = 1.1e+03 K

High Pressure Rate Coefficients:

From\To         W1        W2        P1
W1             ***  2.16e+12       ***
W2            8.36       ***  9.44e+09
P1             ***  2.74e-10       ***

Temperature = 1.1e+03 K    Pressure = 0.1 atm

From\To         W1        W2        P1
W1        2.93e+09  2.59e+07   2.9e+09
W2        0.000102  2.19e+09  2.19e+09
P1        3.21e-22  6.34e-11  6.34e-11

Temperature = 1.1e+03 K    Pressure = 1 atm

From\To         W1        W2        P1
W1        9.32e+09   5.2e+08   8.8e+09
W2         0.00203  3.61e+09  3.61e+09
P1        9.83e-22  1.05e-10  1.05e-10

Temperature = 1.1e+03 K    Pressure = 10 atm

From\To         W1        W2        P1
W1        2.67e+10  7.13e+09  1.96e+10
W2          0.0276  5.47e+09  5.47e+09
P1         2.2e-21  1.59e-10  1.59e-10

Temperature = 1.1e+03 K    Pressure = 100 atm

From\To         W1        W2        P1
W1        6.98e+10  4.93e+10  2.05e+10
W2           0.191  7.92e+09  7.92e+09
P1         2.3e-21   2.3e-10   2.3e-10

Temperature = 1.2e+03 K

High Pressure Rate Coefficients:

From\To         W1        W2        P1
W1             ***  2.55e+12       ***
W2            24.9       ***  8.71e+09
P1             ***  2.78e-10       ***

Temperature = 1.2e+03 K    Pressure = 0.1 atm

From\To         W1        W2        P1
W1        2.65e+09  1.72e+08  2.47e+09
W2         0.00169   2.1e+09   2.1e+09
P1         7.6e-22  6.68e-11  6.68e-11

Temperature = 1.2e+03 K    Pressure = 1 atm

From\To         W1        W2        P1
W1        8.45e+09   1.7e+09  6.75e+09
W2          0.0166  3.41e+09  3.41e+09
P1         2.1e-21  1.09e-10  1.09e-10

Temperature = 1.2e+03 K    Pressure = 10 atm

From\To         W1        W2        P1
W1        2.45e+10  1.08e+10  1.37e+10
W2           0.105  5.09e+09  5.09e+09
P1        4.26e-21  1.63e-10  1.63e-10

Temperature = 1.2e+03 K    Pressure = 100 atm

From\To         W1        W2        P1
W1        6.45e+10     5e+10  1.45e+10
W2           0.488  7.28e+09  7.28e+09
P1        4.52e-21  2.33e-10  2.33e-10

Temperature = 1.3e+03 K

High Pressure Rate Coefficients:

From\To         W1        W2        P1
W1             ***  2.93e+12       ***
W2            62.6       ***  8.02e+09
P1             ***  2.82e-10       ***

Temperature = 1.3e+03 K    Pressure = 0.1 atm

From\To         W1        W2        P1
W1        2.58e+09  5.49e+08  2.03e+09
W2          0.0117  1.97e+09  1.97e+09
P1         1.5e-21   6.9e-11   6.9e-11

Temperature = 1.3e+03 K    Pressure = 1 atm

From\To         W1        W2        P1
W1        8.19e+09   3.5e+09  4.68e+09
W2          0.0748  3.17e+09  3.17e+09
P1         3.5e-21  1.11e-10  1.11e-10

Temperature = 1.3e+03 K    Pressure = 10 atm

From\To         W1        W2        P1
W1        2.37e+10  1.51e+10  8.66e+09
W2           0.321  4.69e+09  4.69e+09
P1        6.49e-21  1.65e-10  1.65e-10

Temperature = 1.3e+03 K    Pressure = 100 atm

From\To         W1        W2        P1
W1        6.26e+10  5.26e+10  9.98e+09
W2            1.12  6.67e+09  6.67e+09
P1        7.49e-21  2.35e-10  2.35e-10

Temperature = 1.4e+03 K

High Pressure Rate Coefficients:

From\To         W1        W2        P1
W1             ***  3.31e+12       ***
W2             138       ***  7.37e+09
P1             ***  2.86e-10       ***

Temperature = 1.4e+03 K    Pressure = 0.1 atm

From\To         W1        W2        P1
W1        2.39e+09  1.01e+09  1.38e+09
W2           0.042  1.81e+09  1.81e+09
P1        2.21e-21  6.99e-11  6.99e-11

Temperature = 1.4e+03 K    Pressure = 1 atm

From\To         W1        W2        P1
W1        7.59e+09  4.84e+09  2.75e+09
W2           0.202   2.9e+09   2.9e+09
P1        4.42e-21  1.12e-10  1.12e-10

Temperature = 1.4e+03 K    Pressure = 10 atm

From\To         W1        W2        P1
W1        2.21e+10  1.74e+10  4.66e+09
W2           0.726  4.28e+09  4.28e+09
P1        7.51e-21  1.66e-10  1.66e-10

Temperature = 1.4e+03 K    Pressure = 100 atm

From\To         W1        W2        P1
W1        5.86e+10  5.26e+10  6.07e+09
W2            2.19   6.1e+09   6.1e+09
P1         9.8e-21  2.36e-10  2.36e-10

Temperature = 1.5e+03 K

High Pressure Rate Coefficients:

From\To         W1        W2        P1
W1             ***  3.69e+12       ***
W2             274       ***  6.78e+09
P1             ***  2.89e-10       ***

Temperature = 1.5e+03 K    Pressure = 0.1 atm

From\To         W1        W2        P1
W1        2.12e+09  1.36e+09  7.59e+08
W2           0.101  1.68e+09  1.68e+09
P1         2.4e-21  7.14e-11  7.14e-11

Temperature = 1.5e+03 K    Pressure = 1 atm

From\To         W1        W2        P1
W1        6.76e+09  5.42e+09  1.34e+09
W2           0.403  2.68e+09  2.68e+09
P1        4.25e-21  1.14e-10  1.14e-10

Temperature = 1.5e+03 K    Pressure = 10 atm

From\To         W1        W2        P1
W1        1.98e+10  1.77e+10  2.11e+09
W2            1.32  3.94e+09  3.94e+09
P1        6.68e-21  1.68e-10  1.68e-10

Temperature = 1.5e+03 K    Pressure = 100 atm

From\To         W1        W2        P1
W1        5.32e+10  5.01e+10  3.04e+09
W2            3.73  5.59e+09  5.59e+09
P1        9.64e-21  2.38e-10  2.38e-10

Temperature = 1.6e+03 K

High Pressure Rate Coefficients:

From\To         W1        W2        P1
W1             ***  4.05e+12       ***
W2             500       ***  6.24e+09
P1             ***  2.92e-10       ***

Temperature = 1.6e+03 K    Pressure = 0.1 atm

From\To         W1        W2        P1
W1        2.08e+09  1.66e+09  4.22e+08
W2           0.204  1.58e+09  1.58e+09
P1        2.47e-21  7.34e-11  7.34e-11

Temperature = 1.6e+03 K    Pressure = 1 atm

From\To         W1        W2        P1
W1         6.6e+09   5.9e+09     7e+08
W2           0.727  2.49e+09  2.49e+09
P1        4.06e-21  1.16e-10  1.16e-10

Temperature = 1.6e+03 K    Pressure = 10 atm

From\To         W1        W2        P1
W1        1.93e+10  1.83e+10  1.05e+09
W2            2.25  3.64e+09  3.64e+09
P1        6.08e-21   1.7e-10   1.7e-10

Temperature = 1.6e+03 K    Pressure = 100 atm

From\To         W1        W2        P1
W1        5.19e+10  5.03e+10  1.59e+09
W2             6.2  5.13e+09  5.13e+09
P1        9.19e-21   2.4e-10   2.4e-10

Temperature = 1.7e+03 K

High Pressure Rate Coefficients:

From\To         W1        W2        P1
W1             ***   4.4e+12       ***
W2             849       ***  5.74e+09
P1             ***  2.95e-10       ***

Temperature = 1.7e+03 K    Pressure = 0.1 atm

From\To         W1        W2        P1
W1        1.96e+09  1.76e+09  2.03e+08
W2           0.337   1.5e+09   1.5e+09
P1        2.09e-21  7.69e-11  7.69e-11

Temperature = 1.7e+03 K    Pressure = 1 atm

From\To         W1        W2        P1
W1        6.24e+09  5.91e+09  3.33e+08
W2            1.14  2.35e+09  2.35e+09
P1        3.34e-21  1.21e-10  1.21e-10

Temperature = 1.7e+03 K    Pressure = 10 atm

From\To         W1        W2        P1
W1        1.83e+10  1.78e+10  4.92e+08
W2            3.44   3.4e+09   3.4e+09
P1        4.88e-21  1.74e-10  1.74e-10

Temperature = 1.7e+03 K    Pressure = 100 atm

From\To         W1        W2        P1
W1        4.94e+10  4.86e+10  7.72e+08
W2            9.38  4.75e+09  4.75e+09
P1        7.65e-21  2.44e-10  2.44e-10

Temperature = 1.8e+03 K

High Pressure Rate Coefficients:

From\To         W1        W2        P1
W1             ***  4.75e+12       ***
W2        1.36e+03       ***   5.3e+09
P1             ***  2.98e-10       ***

Temperature = 1.8e+03 K    Pressure = 0.1 atm

From\To         W1        W2        P1
W1        1.79e+09   1.7e+09  9.31e+07
W2           0.484  1.37e+09  1.37e+09
P1        1.69e-21  7.64e-11  7.64e-11

Temperature = 1.8e+03 K    Pressure = 1 atm

From\To         W1        W2        P1
W1        5.76e+09  5.59e+09  1.67e+08
W2             1.6  2.14e+09  2.14e+09
P1        2.78e-21   1.2e-10   1.2e-10

Temperature = 1.8e+03 K    Pressure = 10 atm

From\To         W1        W2        P1
W1         1.7e+10  1.68e+10  2.54e+08
W2             4.8   3.1e+09   3.1e+09
P1        4.14e-21  1.74e-10  1.74e-10

Temperature = 1.8e+03 K    Pressure = 100 atm

From\To         W1        W2        P1
W1        4.62e+10  4.57e+10  4.19e+08
W2            13.1  4.35e+09  4.35e+09
P1        6.77e-21  2.44e-10  2.44e-10

Temperature = 1.9e+03 K

High Pressure Rate Coefficients:

From\To         W1        W2        P1
W1             ***  5.09e+12       ***
W2        2.08e+03       ***   4.9e+09
P1             ***     3e-10       ***

Temperature = 1.9e+03 K    Pressure = 0.1 atm

From\To         W1        W2        P1
W1        1.54e+09  1.51e+09  3.49e+07
W2           0.612  1.26e+09  1.26e+09
P1        1.17e-21  7.72e-11  7.72e-11

Temperature = 1.9e+03 K    Pressure = 1 atm

From\To         W1        W2        P1
W1        5.14e+09  5.06e+09  7.67e+07
W2            2.07  1.97e+09  1.97e+09
P1        2.07e-21  1.21e-10  1.21e-10

Temperature = 1.9e+03 K    Pressure = 10 atm

From\To         W1        W2        P1
W1        1.54e+10  1.53e+10  1.26e+08
W2            6.25  2.86e+09  2.86e+09
P1        3.23e-21  1.75e-10  1.75e-10

Temperature = 1.9e+03 K    Pressure = 100 atm

From\To         W1        W2        P1
W1        4.23e+10   4.2e+10   2.2e+08
W2            17.2  4.01e+09  4.01e+09
P1        5.56e-21  2.46e-10  2.46e-10

Temperature = 2e+03 K

High Pressure Rate Coefficients:

From\To         W1        W2        P1
W1             ***  5.41e+12       ***
W2        3.04e+03       ***  4.53e+09
P1             ***  3.03e-10       ***

Temperature = 2e+03 K    Pressure = 0.1 atm

From\To         W1        W2        P1
W1        1.18e+09  1.18e+09  2.62e+06
W2           0.656  1.21e+09  1.21e+09
P1         5.1e-22  8.04e-11  8.04e-11

Temperature = 2e+03 K    Pressure = 1 atm

From\To         W1        W2        P1
W1        4.35e+09  4.32e+09  2.29e+07
W2            2.43  1.87e+09  1.87e+09
P1        1.08e-21  1.25e-10  1.25e-10

Temperature = 2e+03 K    Pressure = 10 atm

From\To         W1        W2        P1
W1        1.36e+10  1.35e+10  4.84e+07
W2            7.59  2.68e+09  2.68e+09
P1        1.91e-21  1.79e-10  1.79e-10

Temperature = 2e+03 K    Pressure = 100 atm

From\To         W1        W2        P1
W1        3.79e+10  3.78e+10  9.39e+07
W2            21.2  3.72e+09  3.72e+09
P1         3.6e-21  2.49e-10  2.49e-10

______________________________________________________________________________________

High Pressure Rate Coefficients (Temperature-Species Rate Tables):

Reactant = W1
   T(K)        W1        W2        P1
    500       ***  2.36e+11       ***
    600       ***  4.51e+11       ***
    700       ***  7.28e+11       ***
    800       ***  1.05e+12       ***
    900       ***  1.41e+12       ***
  1e+03       ***  1.78e+12       ***
1.1e+03       ***  2.16e+12       ***
1.2e+03       ***  2.55e+12       ***
1.3e+03       ***  2.93e+12       ***
1.4e+03       ***  3.31e+12       ***
1.5e+03       ***  3.69e+12       ***
1.6e+03       ***  4.05e+12       ***
1.7e+03       ***   4.4e+12       ***
1.8e+03       ***  4.75e+12       ***
1.9e+03       ***  5.09e+12       ***
  2e+03       ***  5.41e+12       ***

Reactant = W2
   T(K)        W1        W2        P1
    500  1.02e-06       ***  1.02e+10
    600  0.000139       ***  1.14e+10
    700   0.00452       ***  1.17e+10
    800    0.0606       ***  1.14e+10
    900     0.453       ***  1.09e+10
  1e+03      2.26       ***  1.02e+10
1.1e+03      8.36       ***  9.44e+09
1.2e+03      24.9       ***  8.71e+09
1.3e+03      62.6       ***  8.02e+09
1.4e+03       138       ***  7.37e+09
1.5e+03       274       ***  6.78e+09
1.6e+03       500       ***  6.24e+09
1.7e+03       849       ***  5.74e+09
1.8e+03  1.36e+03       ***   5.3e+09
1.9e+03  2.08e+03       ***   4.9e+09
  2e+03  3.04e+03       ***  4.53e+09

Reactant = P1
   T(K)        W1        W2        P1
    500       ***  2.41e-10       ***
    600       ***  2.48e-10       ***
    700       ***  2.54e-10       ***
    800       ***   2.6e-10       ***
    900       ***  2.65e-10       ***
  1e+03       ***   2.7e-10       ***
1.1e+03       ***  2.74e-10       ***
1.2e+03       ***  2.78e-10       ***
1.3e+03       ***  2.82e-10       ***
1.4e+03       ***  2.86e-10       ***
1.5e+03       ***  2.89e-10       ***
1.6e+03       ***  2.92e-10       ***
1.7e+03       ***  2.95e-10       ***
1.8e+03       ***  2.98e-10       ***
1.9e+03       ***     3e-10       ***
  2e+03       ***  3.03e-10       ***

Capture/Escape Rate Coefficients:

   T(K)        W1        W2        P1
    500  2.36e+11  1.02e+10  2.41e-10
    600  4.51e+11  1.14e+10  2.48e-10
    700  7.28e+11  1.17e+10  2.54e-10
    800  1.05e+12  1.14e+10   2.6e-10
    900  1.41e+12  1.09e+10  2.65e-10
  1e+03  1.78e+12  1.02e+10   2.7e-10
1.1e+03  2.16e+12  9.44e+09  2.74e-10
1.2e+03  2.55e+12  8.71e+09  2.78e-10
1.3e+03  2.93e+12  8.02e+09  2.82e-10
1.4e+03  3.31e+12  7.37e+09  2.86e-10
1.5e+03  3.69e+12  6.78e+09  2.89e-10
1.6e+03  4.05e+12  6.24e+09  2.92e-10
1.7e+03   4.4e+12  5.74e+09  2.95e-10
1.8e+03  4.75e+12   5.3e+09  2.98e-10
1.9e+03  5.09e+12   4.9e+09     3e-10
  2e+03  5.41e+12  4.53e+09  3.03e-10

______________________________________________________________________________________

Pressure-Species Rate Tables:

Reactant = W1   Temperature = 500 K

   P(atm)        W2        P1      Loss
      0.1 -2.97e+05  3.65e+09  3.65e+09
        1 -2.94e+06  1.06e+10  1.06e+10
       10 -1.67e+07  2.61e+10  2.69e+10
      100  3.73e+10  2.86e+10  6.59e+10
      O-O  2.36e+11       ***  2.36e+11

Reactant = W1   Temperature = 600 K

   P(atm)        W2        P1      Loss
      0.1  1.53e+08  3.97e+09  3.97e+09
        1 -2.55e+06   1.2e+10   1.2e+10
       10  1.04e+09  3.05e+10  3.15e+10
      100  4.36e+10   3.5e+10  7.86e+10
      O-O  4.51e+11       ***  4.51e+11

Reactant = W1   Temperature = 700 K

   P(atm)        W2        P1      Loss
      0.1 -2.76e+05  3.88e+09  3.88e+09
        1  7.43e+05   1.2e+10   1.2e+10
       10  1.45e+09  3.11e+10  3.26e+10
      100  4.59e+10  3.64e+10  8.23e+10
      O-O  7.28e+11       ***  7.28e+11

Reactant = W1   Temperature = 800 K

   P(atm)        W2        P1      Loss
      0.1 -2.45e+05  3.59e+09  3.59e+09
        1  1.26e+07  1.13e+10  1.13e+10
       10  2.13e+09  2.92e+10  3.13e+10
      100  4.65e+10  3.37e+10  8.03e+10
      O-O  1.05e+12       ***  1.05e+12

Reactant = W1   Temperature = 900 K

   P(atm)        W2        P1      Loss
      0.1 -2.34e+05  3.26e+09  3.26e+09
        1  4.36e+07  1.03e+10  1.04e+10
       10  3.08e+09  2.62e+10  2.93e+10
      100  4.64e+10  2.95e+10  7.59e+10
      O-O  1.41e+12       ***  1.41e+12

Reactant = W1   Temperature = 1e+03 K

   P(atm)        W2        P1      Loss
      0.1 -1.95e+05  3.02e+09  3.02e+09
        1  1.48e+08   9.5e+09  9.65e+09
       10  4.72e+09  2.29e+10  2.76e+10
      100  4.74e+10  2.46e+10  7.19e+10
      O-O  1.78e+12       ***  1.78e+12

Reactant = W1   Temperature = 1.1e+03 K

   P(atm)        W2        P1      Loss
      0.1  2.59e+07   2.9e+09  2.93e+09
        1   5.2e+08   8.8e+09  9.32e+09
       10  7.13e+09  1.96e+10  2.67e+10
      100  4.93e+10  2.05e+10  6.98e+10
      O-O  2.16e+12       ***  2.16e+12

Reactant = W1   Temperature = 1.2e+03 K

   P(atm)        W2        P1      Loss
      0.1  1.72e+08  2.47e+09  2.65e+09
        1   1.7e+09  6.75e+09  8.45e+09
       10  1.08e+10  1.37e+10  2.45e+10
      100     5e+10  1.45e+10  6.45e+10
      O-O  2.55e+12       ***  2.55e+12

Reactant = W1   Temperature = 1.3e+03 K

   P(atm)        W2        P1      Loss
      0.1  5.49e+08  2.03e+09  2.58e+09
        1   3.5e+09  4.68e+09  8.19e+09
       10  1.51e+10  8.66e+09  2.37e+10
      100  5.26e+10  9.98e+09  6.26e+10
      O-O  2.93e+12       ***  2.93e+12

Reactant = W1   Temperature = 1.4e+03 K

   P(atm)        W2        P1      Loss
      0.1  1.01e+09  1.38e+09  2.39e+09
        1  4.84e+09  2.75e+09  7.59e+09
       10  1.74e+10  4.66e+09  2.21e+10
      100  5.26e+10  6.07e+09  5.86e+10
      O-O  3.31e+12       ***  3.31e+12

Reactant = W1   Temperature = 1.5e+03 K

   P(atm)        W2        P1      Loss
      0.1  1.36e+09  7.59e+08  2.12e+09
        1  5.42e+09  1.34e+09  6.76e+09
       10  1.77e+10  2.11e+09  1.98e+10
      100  5.01e+10  3.04e+09  5.32e+10
      O-O  3.69e+12       ***  3.69e+12

Reactant = W1   Temperature = 1.6e+03 K

   P(atm)        W2        P1      Loss
      0.1  1.66e+09  4.22e+08  2.08e+09
        1   5.9e+09     7e+08   6.6e+09
       10  1.83e+10  1.05e+09  1.93e+10
      100  5.03e+10  1.59e+09  5.19e+10
      O-O  4.05e+12       ***  4.05e+12

Reactant = W1   Temperature = 1.7e+03 K

   P(atm)        W2        P1      Loss
      0.1  1.76e+09  2.03e+08  1.96e+09
        1  5.91e+09  3.33e+08  6.24e+09
       10  1.78e+10  4.92e+08  1.83e+10
      100  4.86e+10  7.72e+08  4.94e+10
      O-O   4.4e+12       ***   4.4e+12

Reactant = W1   Temperature = 1.8e+03 K

   P(atm)        W2        P1      Loss
      0.1   1.7e+09  9.31e+07  1.79e+09
        1  5.59e+09  1.67e+08  5.76e+09
       10  1.68e+10  2.54e+08   1.7e+10
      100  4.57e+10  4.19e+08  4.62e+10
      O-O  4.75e+12       ***  4.75e+12

Reactant = W1   Temperature = 1.9e+03 K

   P(atm)        W2        P1      Loss
      0.1  1.51e+09  3.49e+07  1.54e+09
        1  5.06e+09  7.67e+07  5.14e+09
       10  1.53e+10  1.26e+08  1.54e+10
      100   4.2e+10   2.2e+08  4.23e+10
      O-O  5.09e+12       ***  5.09e+12

Reactant = W1   Temperature = 2e+03 K

   P(atm)        W2        P1      Loss
      0.1  1.18e+09  2.62e+06  1.18e+09
        1  4.32e+09  2.29e+07  4.35e+09
       10  1.35e+10  4.84e+07  1.36e+10
      100  3.78e+10  9.39e+07  3.79e+10
      O-O  5.41e+12       ***  5.41e+12

Reactant = W2   Temperature = 500 K

   P(atm)        W1        P1      Loss
      0.1  4.88e-17  1.67e+09  1.67e+09
        1  1.54e-12   3.3e+09   3.3e+09
       10  1.99e-11   6.1e+09   6.1e+09
      100  1.62e-07  9.18e+09  9.18e+09
      O-O  1.02e-06  1.02e+10  1.02e+10

Reactant = W2   Temperature = 600 K

   P(atm)        W1        P1      Loss
      0.1  4.71e-08  2.18e+09  2.18e+09
        1  4.84e-10  3.99e+09  3.99e+09
       10   3.3e-07   6.8e+09   6.8e+09
      100  1.35e-05  1.01e+10  1.01e+10
      O-O  0.000139  1.14e+10  1.14e+10

Reactant = W2   Temperature = 700 K

   P(atm)        W1        P1      Loss
      0.1  9.68e-12  2.33e+09  2.33e+09
        1   3.3e-08  4.13e+09  4.13e+09
       10  9.23e-06   6.8e+09   6.8e+09
      100  0.000285  1.02e+10  1.02e+10
      O-O   0.00452  1.17e+10  1.17e+10

Reactant = W2   Temperature = 800 K

   P(atm)        W1        P1      Loss
      0.1  2.76e-10  2.42e+09  2.42e+09
        1  9.88e-07  4.18e+09  4.18e+09
       10  0.000125  6.66e+09  6.66e+09
      100   0.00269  9.84e+09  9.84e+09
      O-O    0.0606  1.14e+10  1.14e+10

Reactant = W2   Temperature = 900 K

   P(atm)        W1        P1      Loss
      0.1  5.91e-09  2.38e+09  2.38e+09
        1  1.55e-05  4.03e+09  4.03e+09
       10     0.001  6.29e+09  6.29e+09
      100     0.015  9.25e+09  9.25e+09
      O-O     0.453  1.09e+10  1.09e+10

Reactant = W2   Temperature = 1e+03 K

   P(atm)        W1        P1      Loss
      0.1   1.3e-07  2.34e+09  2.34e+09
        1  0.000193  3.88e+09  3.88e+09
       10   0.00601  5.94e+09  5.94e+09
      100      0.06  8.61e+09  8.61e+09
      O-O      2.26  1.02e+10  1.02e+10

Reactant = W2   Temperature = 1.1e+03 K

   P(atm)        W1        P1      Loss
      0.1  0.000102  2.19e+09  2.19e+09
        1   0.00203  3.61e+09  3.61e+09
       10    0.0276  5.47e+09  5.47e+09
      100     0.191  7.92e+09  7.92e+09
      O-O      8.36  9.44e+09  9.44e+09

Reactant = W2   Temperature = 1.2e+03 K

   P(atm)        W1        P1      Loss
      0.1   0.00169   2.1e+09   2.1e+09
        1    0.0166  3.41e+09  3.41e+09
       10     0.105  5.09e+09  5.09e+09
      100     0.488  7.28e+09  7.28e+09
      O-O      24.9  8.71e+09  8.71e+09

Reactant = W2   Temperature = 1.3e+03 K

   P(atm)        W1        P1      Loss
      0.1    0.0117  1.97e+09  1.97e+09
        1    0.0748  3.17e+09  3.17e+09
       10     0.321  4.69e+09  4.69e+09
      100      1.12  6.67e+09  6.67e+09
      O-O      62.6  8.02e+09  8.02e+09

Reactant = W2   Temperature = 1.4e+03 K

   P(atm)        W1        P1      Loss
      0.1     0.042  1.81e+09  1.81e+09
        1     0.202   2.9e+09   2.9e+09
       10     0.726  4.28e+09  4.28e+09
      100      2.19   6.1e+09   6.1e+09
      O-O       138  7.37e+09  7.37e+09

Reactant = W2   Temperature = 1.5e+03 K

   P(atm)        W1        P1      Loss
      0.1     0.101  1.68e+09  1.68e+09
        1     0.403  2.68e+09  2.68e+09
       10      1.32  3.94e+09  3.94e+09
      100      3.73  5.59e+09  5.59e+09
      O-O       274  6.78e+09  6.78e+09

Reactant = W2   Temperature = 1.6e+03 K

   P(atm)        W1        P1      Loss
      0.1     0.204  1.58e+09  1.58e+09
        1     0.727  2.49e+09  2.49e+09
       10      2.25  3.64e+09  3.64e+09
      100       6.2  5.13e+09  5.13e+09
      O-O       500  6.24e+09  6.24e+09

Reactant = W2   Temperature = 1.7e+03 K

   P(atm)        W1        P1      Loss
      0.1     0.337   1.5e+09   1.5e+09
        1      1.14  2.35e+09  2.35e+09
       10      3.44   3.4e+09   3.4e+09
      100      9.38  4.75e+09  4.75e+09
      O-O       849  5.74e+09  5.74e+09

Reactant = W2   Temperature = 1.8e+03 K

   P(atm)        W1        P1      Loss
      0.1     0.484  1.37e+09  1.37e+09
        1       1.6  2.14e+09  2.14e+09
       10       4.8   3.1e+09   3.1e+09
      100      13.1  4.35e+09  4.35e+09
      O-O  1.36e+03   5.3e+09   5.3e+09

Reactant = W2   Temperature = 1.9e+03 K

   P(atm)        W1        P1      Loss
      0.1     0.612  1.26e+09  1.26e+09
        1      2.07  1.97e+09  1.97e+09
       10      6.25  2.86e+09  2.86e+09
      100      17.2  4.01e+09  4.01e+09
      O-O  2.08e+03   4.9e+09   4.9e+09

Reactant = W2   Temperature = 2e+03 K

   P(atm)        W1        P1      Loss
      0.1     0.656  1.21e+09  1.21e+09
        1      2.43  1.87e+09  1.87e+09
       10      7.59  2.68e+09  2.68e+09
      100      21.2  3.72e+09  3.72e+09
      O-O  3.04e+03  4.53e+09  4.53e+09

Reactant = P1   Temperature = 500 K

   P(atm)        W1        W2      Loss
      0.1  3.72e-28  3.94e-11  3.94e-11
        1  1.09e-27  7.77e-11  7.77e-11
       10  2.68e-27  1.44e-10  1.44e-10
      100  2.94e-27  2.17e-10  2.17e-10
      O-O       ***  2.41e-10  2.41e-10

Reactant = P1   Temperature = 600 K

   P(atm)        W1        W2      Loss
      0.1  2.64e-26  4.73e-11  4.73e-11
        1  8.02e-26  8.67e-11  8.67e-11
       10  2.04e-25  1.48e-10  1.48e-10
      100  2.34e-25   2.2e-10   2.2e-10
      O-O       ***  2.48e-10  2.48e-10

Reactant = P1   Temperature = 700 K

   P(atm)        W1        W2      Loss
      0.1   5.2e-25  5.04e-11  5.04e-11
        1  1.62e-24  8.97e-11  8.97e-11
       10   4.2e-24  1.48e-10  1.48e-10
      100  4.91e-24  2.21e-10  2.21e-10
      O-O       ***  2.54e-10  2.54e-10

Reactant = P1   Temperature = 800 K

   P(atm)        W1        W2      Loss
      0.1  4.66e-24  5.49e-11  5.49e-11
        1  1.47e-23   9.5e-11   9.5e-11
       10  3.83e-23  1.51e-10  1.51e-10
      100  4.42e-23  2.24e-10  2.24e-10
      O-O       ***   2.6e-10   2.6e-10

Reactant = P1   Temperature = 900 K

   P(atm)        W1        W2      Loss
      0.1  2.54e-23  5.77e-11  5.77e-11
        1  8.09e-23  9.81e-11  9.81e-11
       10  2.06e-22  1.53e-10  1.53e-10
      100  2.32e-22  2.26e-10  2.26e-10
      O-O       ***  2.65e-10  2.65e-10

Reactant = P1   Temperature = 1e+03 K

   P(atm)        W1        W2      Loss
      0.1     1e-22  6.17e-11  6.17e-11
        1  3.18e-22  1.03e-10  1.03e-10
       10  7.67e-22  1.57e-10  1.57e-10
      100  8.25e-22  2.28e-10  2.28e-10
      O-O       ***   2.7e-10   2.7e-10

Reactant = P1   Temperature = 1.1e+03 K

   P(atm)        W1        W2      Loss
      0.1  3.21e-22  6.34e-11  6.34e-11
        1  9.83e-22  1.05e-10  1.05e-10
       10   2.2e-21  1.59e-10  1.59e-10
      100   2.3e-21   2.3e-10   2.3e-10
      O-O       ***  2.74e-10  2.74e-10

Reactant = P1   Temperature = 1.2e+03 K

   P(atm)        W1        W2      Loss
      0.1   7.6e-22  6.68e-11  6.68e-11
        1   2.1e-21  1.09e-10  1.09e-10
       10  4.26e-21  1.63e-10  1.63e-10
      100  4.52e-21  2.33e-10  2.33e-10
      O-O       ***  2.78e-10  2.78e-10

Reactant = P1   Temperature = 1.3e+03 K

   P(atm)        W1        W2      Loss
      0.1   1.5e-21   6.9e-11   6.9e-11
        1   3.5e-21  1.11e-10  1.11e-10
       10  6.49e-21  1.65e-10  1.65e-10
      100  7.49e-21  2.35e-10  2.35e-10
      O-O       ***  2.82e-10  2.82e-10

Reactant = P1   Temperature = 1.4e+03 K

   P(atm)        W1        W2      Loss
      0.1  2.21e-21  6.99e-11  6.99e-11
        1  4.42e-21  1.12e-10  1.12e-10
       10  7.51e-21  1.66e-10  1.66e-10
      100   9.8e-21  2.36e-10  2.36e-10
      O-O       ***  2.86e-10  2.86e-10

Reactant = P1   Temperature = 1.5e+03 K

   P(atm)        W1        W2      Loss
      0.1   2.4e-21  7.14e-11  7.14e-11
        1  4.25e-21  1.14e-10  1.14e-10
       10  6.68e-21  1.68e-10  1.68e-10
      100  9.64e-21  2.38e-10  2.38e-10
      O-O       ***  2.89e-10  2.89e-10

Reactant = P1   Temperature = 1.6e+03 K

   P(atm)        W1        W2      Loss
      0.1  2.47e-21  7.34e-11  7.34e-11
        1  4.06e-21  1.16e-10  1.16e-10
       10  6.08e-21   1.7e-10   1.7e-10
      100  9.19e-21   2.4e-10   2.4e-10
      O-O       ***  2.92e-10  2.92e-10

Reactant = P1   Temperature = 1.7e+03 K

   P(atm)        W1        W2      Loss
      0.1  2.09e-21  7.69e-11  7.69e-11
        1  3.34e-21  1.21e-10  1.21e-10
       10  4.88e-21  1.74e-10  1.74e-10
      100  7.65e-21  2.44e-10  2.44e-10
      O-O       ***  2.95e-10  2.95e-10

Reactant = P1   Temperature = 1.8e+03 K

   P(atm)        W1        W2      Loss
      0.1  1.69e-21  7.64e-11  7.64e-11
        1  2.78e-21   1.2e-10   1.2e-10
       10  4.14e-21  1.74e-10  1.74e-10
      100  6.77e-21  2.44e-10  2.44e-10
      O-O       ***  2.98e-10  2.98e-10

Reactant = P1   Temperature = 1.9e+03 K

   P(atm)        W1        W2      Loss
      0.1  1.17e-21  7.72e-11  7.72e-11
        1  2.07e-21  1.21e-10  1.21e-10
       10  3.23e-21  1.75e-10  1.75e-10
      100  5.56e-21  2.46e-10  2.46e-10
      O-O       ***     3e-10     3e-10

Reactant = P1   Temperature = 2e+03 K

   P(atm)        W1        W2      Loss
      0.1   5.1e-22  8.04e-11  8.04e-11
        1  1.08e-21  1.25e-10  1.25e-10
       10  1.91e-21  1.79e-10  1.79e-10
      100   3.6e-21  2.49e-10  2.49e-10
      O-O       ***  3.03e-10  3.03e-10

______________________________________________________________________________________

Temperature-Species Rate Tables:

Reactant = W1   Pressure = 0.1 atm

   T(K)        W2        P1      Loss   Capture
    500 -2.97e+05  3.65e+09  3.65e+09  2.36e+11
    600  1.53e+08  3.97e+09  3.97e+09  4.51e+11
    700 -2.76e+05  3.88e+09  3.88e+09  7.28e+11
    800 -2.45e+05  3.59e+09  3.59e+09  1.05e+12
    900 -2.34e+05  3.26e+09  3.26e+09  1.41e+12
  1e+03 -1.95e+05  3.02e+09  3.02e+09  1.78e+12
1.1e+03  2.59e+07   2.9e+09  2.93e+09  2.16e+12
1.2e+03  1.72e+08  2.47e+09  2.65e+09  2.55e+12
1.3e+03  5.49e+08  2.03e+09  2.58e+09  2.93e+12
1.4e+03  1.01e+09  1.38e+09  2.39e+09  3.31e+12
1.5e+03  1.36e+09  7.59e+08  2.12e+09  3.69e+12
1.6e+03  1.66e+09  4.22e+08  2.08e+09  4.05e+12
1.7e+03  1.76e+09  2.03e+08  1.96e+09   4.4e+12
1.8e+03   1.7e+09  9.31e+07  1.79e+09  4.75e+12
1.9e+03  1.51e+09  3.49e+07  1.54e+09  5.09e+12
  2e+03  1.18e+09  2.62e+06  1.18e+09  5.41e+12

Reactant = W1   Pressure = 1 atm

   T(K)        W2        P1      Loss   Capture
    500 -2.94e+06  1.06e+10  1.06e+10  2.36e+11
    600 -2.55e+06   1.2e+10   1.2e+10  4.51e+11
    700  7.43e+05   1.2e+10   1.2e+10  7.28e+11
    800  1.26e+07  1.13e+10  1.13e+10  1.05e+12
    900  4.36e+07  1.03e+10  1.04e+10  1.41e+12
  1e+03  1.48e+08   9.5e+09  9.65e+09  1.78e+12
1.1e+03   5.2e+08   8.8e+09  9.32e+09  2.16e+12
1.2e+03   1.7e+09  6.75e+09  8.45e+09  2.55e+12
1.3e+03   3.5e+09  4.68e+09  8.19e+09  2.93e+12
1.4e+03  4.84e+09  2.75e+09  7.59e+09  3.31e+12
1.5e+03  5.42e+09  1.34e+09  6.76e+09  3.69e+12
1.6e+03   5.9e+09     7e+08   6.6e+09  4.05e+12
1.7e+03  5.91e+09  3.33e+08  6.24e+09   4.4e+12
1.8e+03  5.59e+09  1.67e+08  5.76e+09  4.75e+12
1.9e+03  5.06e+09  7.67e+07  5.14e+09  5.09e+12
  2e+03  4.32e+09  2.29e+07  4.35e+09  5.41e+12

Reactant = W1   Pressure = 10 atm

   T(K)        W2        P1      Loss   Capture
    500 -1.67e+07  2.61e+10  2.69e+10  2.36e+11
    600  1.04e+09  3.05e+10  3.15e+10  4.51e+11
    700  1.45e+09  3.11e+10  3.26e+10  7.28e+11
    800  2.13e+09  2.92e+10  3.13e+10  1.05e+12
    900  3.08e+09  2.62e+10  2.93e+10  1.41e+12
  1e+03  4.72e+09  2.29e+10  2.76e+10  1.78e+12
1.1e+03  7.13e+09  1.96e+10  2.67e+10  2.16e+12
1.2e+03  1.08e+10  1.37e+10  2.45e+10  2.55e+12
1.3e+03  1.51e+10  8.66e+09  2.37e+10  2.93e+12
1.4e+03  1.74e+10  4.66e+09  2.21e+10  3.31e+12
1.5e+03  1.77e+10  2.11e+09  1.98e+10  3.69e+12
1.6e+03  1.83e+10  1.05e+09  1.93e+10  4.05e+12
1.7e+03  1.78e+10  4.92e+08  1.83e+10   4.4e+12
1.8e+03  1.68e+10  2.54e+08   1.7e+10  4.75e+12
1.9e+03  1.53e+10  1.26e+08  1.54e+10  5.09e+12
  2e+03  1.35e+10  4.84e+07  1.36e+10  5.41e+12

Reactant = W1   Pressure = 100 atm

   T(K)        W2        P1      Loss   Capture
    500  3.73e+10  2.86e+10  6.59e+10  2.36e+11
    600  4.36e+10   3.5e+10  7.86e+10  4.51e+11
    700  4.59e+10  3.64e+10  8.23e+10  7.28e+11
    800  4.65e+10  3.37e+10  8.03e+10  1.05e+12
    900  4.64e+10  2.95e+10  7.59e+10  1.41e+12
  1e+03  4.74e+10  2.46e+10  7.19e+10  1.78e+12
1.1e+03  4.93e+10  2.05e+10  6.98e+10  2.16e+12
1.2e+03     5e+10  1.45e+10  6.45e+10  2.55e+12
1.3e+03  5.26e+10  9.98e+09  6.26e+10  2.93e+12
1.4e+03  5.26e+10  6.07e+09  5.86e+10  3.31e+12
1.5e+03  5.01e+10  3.04e+09  5.32e+10  3.69e+12
1.6e+03  5.03e+10  1.59e+09  5.19e+10  4.05e+12
1.7e+03  4.86e+10  7.72e+08  4.94e+10   4.4e+12
1.8e+03  4.57e+10  4.19e+08  4.62e+10  4.75e+12
1.9e+03   4.2e+10   2.2e+08  4.23e+10  5.09e+12
  2e+03  3.78e+10  9.39e+07  3.79e+10  5.41e+12

Reactant = W2   Pressure = 0.1 atm

   T(K)        W1        P1      Loss   Capture
    500  4.88e-17  1.67e+09  1.67e+09  1.02e+10
    600  4.71e-08  2.18e+09  2.18e+09  1.14e+10
    700  9.68e-12  2.33e+09  2.33e+09  1.17e+10
    800  2.76e-10  2.42e+09  2.42e+09  1.14e+10
    900  5.91e-09  2.38e+09  2.38e+09  1.09e+10
  1e+03   1.3e-07  2.34e+09  2.34e+09  1.02e+10
1.1e+03  0.000102  2.19e+09  2.19e+09  9.44e+09
1.2e+03   0.00169   2.1e+09   2.1e+09  8.71e+09
1.3e+03    0.0117  1.97e+09  1.97e+09  8.02e+09
1.4e+03     0.042  1.81e+09  1.81e+09  7.37e+09
1.5e+03     0.101  1.68e+09  1.68e+09  6.78e+09
1.6e+03     0.204  1.58e+09  1.58e+09  6.24e+09
1.7e+03     0.337   1.5e+09   1.5e+09  5.74e+09
1.8e+03     0.484  1.37e+09  1.37e+09   5.3e+09
1.9e+03     0.612  1.26e+09  1.26e+09   4.9e+09
  2e+03     0.656  1.21e+09  1.21e+09  4.53e+09

Reactant = W2   Pressure = 1 atm

   T(K)        W1        P1      Loss   Capture
    500  1.54e-12   3.3e+09   3.3e+09  1.02e+10
    600  4.84e-10  3.99e+09  3.99e+09  1.14e+10
    700   3.3e-08  4.13e+09  4.13e+09  1.17e+10
    800  9.88e-07  4.18e+09  4.18e+09  1.14e+10
    900  1.55e-05  4.03e+09  4.03e+09  1.09e+10
  1e+03  0.000193  3.88e+09  3.88e+09  1.02e+10
1.1e+03   0.00203  3.61e+09  3.61e+09  9.44e+09
1.2e+03    0.0166  3.41e+09  3.41e+09  8.71e+09
1.3e+03    0.0748  3.17e+09  3.17e+09  8.02e+09
1.4e+03     0.202   2.9e+09   2.9e+09  7.37e+09
1.5e+03     0.403  2.68e+09  2.68e+09  6.78e+09
1.6e+03     0.727  2.49e+09  2.49e+09  6.24e+09
1.7e+03      1.14  2.35e+09  2.35e+09  5.74e+09
1.8e+03       1.6  2.14e+09  2.14e+09   5.3e+09
1.9e+03      2.07  1.97e+09  1.97e+09   4.9e+09
  2e+03      2.43  1.87e+09  1.87e+09  4.53e+09

Reactant = W2   Pressure = 10 atm

   T(K)        W1        P1      Loss   Capture
    500  1.99e-11   6.1e+09   6.1e+09  1.02e+10
    600   3.3e-07   6.8e+09   6.8e+09  1.14e+10
    700  9.23e-06   6.8e+09   6.8e+09  1.17e+10
    800  0.000125  6.66e+09  6.66e+09  1.14e+10
    900     0.001  6.29e+09  6.29e+09  1.09e+10
  1e+03   0.00601  5.94e+09  5.94e+09  1.02e+10
1.1e+03    0.0276  5.47e+09  5.47e+09  9.44e+09
1.2e+03     0.105  5.09e+09  5.09e+09  8.71e+09
1.3e+03     0.321  4.69e+09  4.69e+09  8.02e+09
1.4e+03     0.726  4.28e+09  4.28e+09  7.37e+09
1.5e+03      1.32  3.94e+09  3.94e+09  6.78e+09
1.6e+03      2.25  3.64e+09  3.64e+09  6.24e+09
1.7e+03      3.44   3.4e+09   3.4e+09  5.74e+09
1.8e+03       4.8   3.1e+09   3.1e+09   5.3e+09
1.9e+03      6.25  2.86e+09  2.86e+09   4.9e+09
  2e+03      7.59  2.68e+09  2.68e+09  4.53e+09

Reactant = W2   Pressure = 100 atm

   T(K)        W1        P1      Loss   Capture
    500  1.62e-07  9.18e+09  9.18e+09  1.02e+10
    600  1.35e-05  1.01e+10  1.01e+10  1.14e+10
    700  0.000285  1.02e+10  1.02e+10  1.17e+10
    800   0.00269  9.84e+09  9.84e+09  1.14e+10
    900     0.015  9.25e+09  9.25e+09  1.09e+10
  1e+03      0.06  8.61e+09  8.61e+09  1.02e+10
1.1e+03     0.191  7.92e+09  7.92e+09  9.44e+09
1.2e+03     0.488  7.28e+09  7.28e+09  8.71e+09
1.3e+03      1.12  6.67e+09  6.67e+09  8.02e+09
1.4e+03      2.19   6.1e+09   6.1e+09  7.37e+09
1.5e+03      3.73  5.59e+09  5.59e+09  6.78e+09
1.6e+03       6.2  5.13e+09  5.13e+09  6.24e+09
1.7e+03      9.38  4.75e+09  4.75e+09  5.74e+09
1.8e+03      13.1  4.35e+09  4.35e+09   5.3e+09
1.9e+03      17.2  4.01e+09  4.01e+09   4.9e+09
  2e+03      21.2  3.72e+09  3.72e+09  4.53e+09

Reactant = P1   Pressure = 0.1 atm

   T(K)        W1        W2      Loss   Capture
    500  3.72e-28  3.94e-11  3.94e-11  2.41e-10
    600  2.64e-26  4.73e-11  4.73e-11  2.48e-10
    700   5.2e-25  5.04e-11  5.04e-11  2.54e-10
    800  4.66e-24  5.49e-11  5.49e-11   2.6e-10
    900  2.54e-23  5.77e-11  5.77e-11  2.65e-10
  1e+03     1e-22  6.17e-11  6.17e-11   2.7e-10
1.1e+03  3.21e-22  6.34e-11  6.34e-11  2.74e-10
1.2e+03   7.6e-22  6.68e-11  6.68e-11  2.78e-10
1.3e+03   1.5e-21   6.9e-11   6.9e-11  2.82e-10
1.4e+03  2.21e-21  6.99e-11  6.99e-11  2.86e-10
1.5e+03   2.4e-21  7.14e-11  7.14e-11  2.89e-10
1.6e+03  2.47e-21  7.34e-11  7.34e-11  2.92e-10
1.7e+03  2.09e-21  7.69e-11  7.69e-11  2.95e-10
1.8e+03  1.69e-21  7.64e-11  7.64e-11  2.98e-10
1.9e+03  1.17e-21  7.72e-11  7.72e-11     3e-10
  2e+03   5.1e-22  8.04e-11  8.04e-11  3.03e-10

Reactant = P1   Pressure = 1 atm

   T(K)        W1        W2      Loss   Capture
    500  1.09e-27  7.77e-11  7.77e-11  2.41e-10
    600  8.02e-26  8.67e-11  8.67e-11  2.48e-10
    700  1.62e-24  8.97e-11  8.97e-11  2.54e-10
    800  1.47e-23   9.5e-11   9.5e-11   2.6e-10
    900  8.09e-23  9.81e-11  9.81e-11  2.65e-10
  1e+03  3.18e-22  1.03e-10  1.03e-10   2.7e-10
1.1e+03  9.83e-22  1.05e-10  1.05e-10  2.74e-10
1.2e+03   2.1e-21  1.09e-10  1.09e-10  2.78e-10
1.3e+03   3.5e-21  1.11e-10  1.11e-10  2.82e-10
1.4e+03  4.42e-21  1.12e-10  1.12e-10  2.86e-10
1.5e+03  4.25e-21  1.14e-10  1.14e-10  2.89e-10
1.6e+03  4.06e-21  1.16e-10  1.16e-10  2.92e-10
1.7e+03  3.34e-21  1.21e-10  1.21e-10  2.95e-10
1.8e+03  2.78e-21   1.2e-10   1.2e-10  2.98e-10
1.9e+03  2.07e-21  1.21e-10  1.21e-10     3e-10
  2e+03  1.08e-21  1.25e-10  1.25e-10  3.03e-10

Reactant = P1   Pressure = 10 atm

   T(K)        W1        W2      Loss   Capture
    500  2.68e-27  1.44e-10  1.44e-10  2.41e-10
    600  2.04e-25  1.48e-10  1.48e-10  2.48e-10
    700   4.2e-24  1.48e-10  1.48e-10  2.54e-10
    800  3.83e-23  1.51e-10  1.51e-10   2.6e-10
    900  2.06e-22  1.53e-10  1.53e-10  2.65e-10
  1e+03  7.67e-22  1.57e-10  1.57e-10   2.7e-10
1.1e+03   2.2e-21  1.59e-10  1.59e-10  2.74e-10
1.2e+03  4.26e-21  1.63e-10  1.63e-10  2.78e-10
1.3e+03  6.49e-21  1.65e-10  1.65e-10  2.82e-10
1.4e+03  7.51e-21  1.66e-10  1.66e-10  2.86e-10
1.5e+03  6.68e-21  1.68e-10  1.68e-10  2.89e-10
1.6e+03  6.08e-21   1.7e-10   1.7e-10  2.92e-10
1.7e+03  4.88e-21  1.74e-10  1.74e-10  2.95e-10
1.8e+03  4.14e-21  1.74e-10  1.74e-10  2.98e-10
1.9e+03  3.23e-21  1.75e-10  1.75e-10     3e-10
  2e+03  1.91e-21  1.79e-10  1.79e-10  3.03e-10

Reactant = P1   Pressure = 100 atm

   T(K)        W1        W2      Loss   Capture
    500  2.94e-27  2.17e-10  2.17e-10  2.41e-10
    600  2.34e-25   2.2e-10   2.2e-10  2.48e-10
    700  4.91e-24  2.21e-10  2.21e-10  2.54e-10
    800  4.42e-23  2.24e-10  2.24e-10   2.6e-10
    900  2.32e-22  2.26e-10  2.26e-10  2.65e-10
  1e+03  8.25e-22  2.28e-10  2.28e-10   2.7e-10
1.1e+03   2.3e-21   2.3e-10   2.3e-10  2.74e-10
1.2e+03  4.52e-21  2.33e-10  2.33e-10  2.78e-10
1.3e+03  7.49e-21  2.35e-10  2.35e-10  2.82e-10
1.4e+03   9.8e-21  2.36e-10  2.36e-10  2.86e-10
1.5e+03  9.64e-21  2.38e-10  2.38e-10  2.89e-10
1.6e+03  9.19e-21   2.4e-10   2.4e-10  2.92e-10
1.7e+03  7.65e-21  2.44e-10  2.44e-10  2.95e-10
1.8e+03  6.77e-21  2.44e-10  2.44e-10  2.98e-10
1.9e+03  5.56e-21  2.46e-10  2.46e-10     3e-10
  2e+03   3.6e-21  2.49e-10  2.49e-10  3.03e-10

______________________________________________________________________________________

Temperature-Pressure Rate Tables:

W1->W2

P\T           500       600       700       800       900     1e+03   1.1e+03   1.2e+03   1.3e+03   1.4e+03   1.5e+03   1.6e+03   1.7e+03   1.8e+03   1.9e+03     2e+03
0.1     -2.97e+05  1.53e+08 -2.76e+05 -2.45e+05 -2.34e+05 -1.95e+05  2.59e+07  1.72e+08  5.49e+08  1.01e+09  1.36e+09  1.66e+09  1.76e+09   1.7e+09  1.51e+09  1.18e+09
1       -2.94e+06 -2.55e+06  7.43e+05  1.26e+07  4.36e+07  1.48e+08   5.2e+08   1.7e+09   3.5e+09  4.84e+09  5.42e+09   5.9e+09  5.91e+09  5.59e+09  5.06e+09  4.32e+09
10      -1.67e+07  1.04e+09  1.45e+09  2.13e+09  3.08e+09  4.72e+09  7.13e+09  1.08e+10  1.51e+10  1.74e+10  1.77e+10  1.83e+10  1.78e+10  1.68e+10  1.53e+10  1.35e+10
100      3.73e+10  4.36e+10  4.59e+10  4.65e+10  4.64e+10  4.74e+10  4.93e+10     5e+10  5.26e+10  5.26e+10  5.01e+10  5.03e+10  4.86e+10  4.57e+10   4.2e+10  3.78e+10
O-O      2.36e+11  4.51e+11  7.28e+11  1.05e+12  1.41e+12  1.78e+12  2.16e+12  2.55e+12  2.93e+12  3.31e+12  3.69e+12  4.05e+12   4.4e+12  4.75e+12  5.09e+12  5.41e+12

W1->P1

P\T           500       600       700       800       900     1e+03   1.1e+03   1.2e+03   1.3e+03   1.4e+03   1.5e+03   1.6e+03   1.7e+03   1.8e+03   1.9e+03     2e+03
0.1      3.65e+09  3.97e+09  3.88e+09  3.59e+09  3.26e+09  3.02e+09   2.9e+09  2.47e+09  2.03e+09  1.38e+09  7.59e+08  4.22e+08  2.03e+08  9.31e+07  3.49e+07  2.62e+06
1        1.06e+10   1.2e+10   1.2e+10  1.13e+10  1.03e+10   9.5e+09   8.8e+09  6.75e+09  4.68e+09  2.75e+09  1.34e+09     7e+08  3.33e+08  1.67e+08  7.67e+07  2.29e+07
10       2.61e+10  3.05e+10  3.11e+10  2.92e+10  2.62e+10  2.29e+10  1.96e+10  1.37e+10  8.66e+09  4.66e+09  2.11e+09  1.05e+09  4.92e+08  2.54e+08  1.26e+08  4.84e+07
100      2.86e+10   3.5e+10  3.64e+10  3.37e+10  2.95e+10  2.46e+10  2.05e+10  1.45e+10  9.98e+09  6.07e+09  3.04e+09  1.59e+09  7.72e+08  4.19e+08   2.2e+08  9.39e+07
O-O           ***       ***       ***       ***       ***       ***       ***       ***       ***       ***       ***       ***       ***       ***       ***       ***

W2->W1

P\T           500       600       700       800       900     1e+03   1.1e+03   1.2e+03   1.3e+03   1.4e+03   1.5e+03   1.6e+03   1.7e+03   1.8e+03   1.9e+03     2e+03
0.1      4.88e-17  4.71e-08  9.68e-12  2.76e-10  5.91e-09   1.3e-07  0.000102   0.00169    0.0117     0.042     0.101     0.204     0.337     0.484     0.612     0.656
1        1.54e-12  4.84e-10   3.3e-08  9.88e-07  1.55e-05  0.000193   0.00203    0.0166    0.0748     0.202     0.403     0.727      1.14       1.6      2.07      2.43
10       1.99e-11   3.3e-07  9.23e-06  0.000125     0.001   0.00601    0.0276     0.105     0.321     0.726      1.32      2.25      3.44       4.8      6.25      7.59
100      1.62e-07  1.35e-05  0.000285   0.00269     0.015      0.06     0.191     0.488      1.12      2.19      3.73       6.2      9.38      13.1      17.2      21.2
O-O      1.02e-06  0.000139   0.00452    0.0606     0.453      2.26      8.36      24.9      62.6       138       274       500       849  1.36e+03  2.08e+03  3.04e+03

W2->P1

P\T           500       600       700       800       900     1e+03   1.1e+03   1.2e+03   1.3e+03   1.4e+03   1.5e+03   1.6e+03   1.7e+03   1.8e+03   1.9e+03     2e+03
0.1      1.67e+09  2.18e+09  2.33e+09  2.42e+09  2.38e+09  2.34e+09  2.19e+09   2.1e+09  1.97e+09  1.81e+09  1.68e+09  1.58e+09   1.5e+09  1.37e+09  1.26e+09  1.21e+09
1         3.3e+09  3.99e+09  4.13e+09  4.18e+09  4.03e+09  3.88e+09  3.61e+09  3.41e+09  3.17e+09   2.9e+09  2.68e+09  2.49e+09  2.35e+09  2.14e+09  1.97e+09  1.87e+09
10        6.1e+09   6.8e+09   6.8e+09  6.66e+09  6.29e+09  5.94e+09  5.47e+09  5.09e+09  4.69e+09  4.28e+09  3.94e+09  3.64e+09   3.4e+09   3.1e+09  2.86e+09  2.68e+09
100      9.18e+09  1.01e+10  1.02e+10  9.84e+09  9.25e+09  8.61e+09  7.92e+09  7.28e+09  6.67e+09   6.1e+09  5.59e+09  5.13e+09  4.75e+09  4.35e+09  4.01e+09  3.72e+09
O-O      1.02e+10  1.14e+10  1.17e+10  1.14e+10  1.09e+10  1.02e+10  9.44e+09  8.71e+09  8.02e+09  7.37e+09  6.78e+09  6.24e+09  5.74e+09   5.3e+09   4.9e+09  4.53e+09

P1->W1

P\T           500       600       700       800       900     1e+03   1.1e+03   1.2e+03   1.3e+03   1.4e+03   1.5e+03   1.6e+03   1.7e+03   1.8e+03   1.9e+03     2e+03
0.1      3.72e-28  2.64e-26   5.2e-25  4.66e-24  2.54e-23     1e-22  3.21e-22   7.6e-22   1.5e-21  2.21e-21   2.4e-21  2.47e-21  2.09e-21  1.69e-21  1.17e-21   5.1e-22
1        1.09e-27  8.02e-26  1.62e-24  1.47e-23  8.09e-23  3.18e-22  9.83e-22   2.1e-21   3.5e-21  4.42e-21  4.25e-21  4.06e-21  3.34e-21  2.78e-21  2.07e-21  1.08e-21
10       2.68e-27  2.04e-25   4.2e-24  3.83e-23  2.06e-22  7.67e-22   2.2e-21  4.26e-21  6.49e-21  7.51e-21  6.68e-21  6.08e-21  4.88e-21  4.14e-21  3.23e-21  1.91e-21
100      2.94e-27  2.34e-25  4.91e-24  4.42e-23  2.32e-22  8.25e-22   2.3e-21  4.52e-21  7.49e-21   9.8e-21  9.64e-21  9.19e-21  7.65e-21  6.77e-21  5.56e-21   3.6e-21
O-O           ***       ***       ***       ***       ***       ***       ***       ***       ***       ***       ***       ***       ***       ***       ***       ***

P1->W2

P\T           500       600       700       800       900     1e+03   1.1e+03   1.2e+03   1.3e+03   1.4e+03   1.5e+03   1.6e+03   1.7e+03   1.8e+03   1.9e+03     2e+03
0.1      3.94e-11  4.73e-11  5.04e-11  5.49e-11  5.77e-11  6.17e-11  6.34e-11  6.68e-11   6.9e-11  6.99e-11  7.14e-11  7.34e-11  7.69e-11  7.64e-11  7.72e-11  8.04e-11
1        7.77e-11  8.67e-11  8.97e-11   9.5e-11  9.81e-11  1.03e-10  1.05e-10  1.09e-10  1.11e-10  1.12e-10  1.14e-10  1.16e-10  1.21e-10   1.2e-10  1.21e-10  1.25e-10
10       1.44e-10  1.48e-10  1.48e-10  1.51e-10  1.53e-10  1.57e-10  1.59e-10  1.63e-10  1.65e-10  1.66e-10  1.68e-10   1.7e-10  1.74e-10  1.74e-10  1.75e-10  1.79e-10
100      2.17e-10   2.2e-10  2.21e-10  2.24e-10  2.26e-10  2.28e-10   2.3e-10  2.33e-10  2.35e-10  2.36e-10  2.38e-10   2.4e-10  2.44e-10  2.44e-10  2.46e-10  2.49e-10
O-O      2.41e-10  2.48e-10  2.54e-10   2.6e-10  2.65e-10   2.7e-10  2.74e-10  2.78e-10  2.82e-10  2.86e-10  2.89e-10  2.92e-10  2.95e-10  2.98e-10     3e-10  3.03e-10

W1-> 

P\T           500       600       700       800       900     1e+03   1.1e+03   1.2e+03   1.3e+03   1.4e+03   1.5e+03   1.6e+03   1.7e+03   1.8e+03   1.9e+03     2e+03
0.1      3.65e+09  3.97e+09  3.88e+09  3.59e+09  3.26e+09  3.02e+09  2.93e+09  2.65e+09  2.58e+09  2.39e+09  2.12e+09  2.08e+09  1.96e+09  1.79e+09  1.54e+09  1.18e+09
1        1.06e+10   1.2e+10   1.2e+10  1.13e+10  1.04e+10  9.65e+09  9.32e+09  8.45e+09  8.19e+09  7.59e+09  6.76e+09   6.6e+09  6.24e+09  5.76e+09  5.14e+09  4.35e+09
10       2.69e+10  3.15e+10  3.26e+10  3.13e+10  2.93e+10  2.76e+10  2.67e+10  2.45e+10  2.37e+10  2.21e+10  1.98e+10  1.93e+10  1.83e+10   1.7e+10  1.54e+10  1.36e+10
100      6.59e+10  7.86e+10  8.23e+10  8.03e+10  7.59e+10  7.19e+10  6.98e+10  6.45e+10  6.26e+10  5.86e+10  5.32e+10  5.19e+10  4.94e+10  4.62e+10  4.23e+10  3.79e+10
O-O      2.36e+11  4.51e+11  7.28e+11  1.05e+12  1.41e+12  1.78e+12  2.16e+12  2.55e+12  2.93e+12  3.31e+12  3.69e+12  4.05e+12   4.4e+12  4.75e+12  5.09e+12  5.41e+12

W2-> 

P\T           500       600       700       800       900     1e+03   1.1e+03   1.2e+03   1.3e+03   1.4e+03   1.5e+03   1.6e+03   1.7e+03   1.8e+03   1.9e+03     2e+03
0.1      1.67e+09  2.18e+09  2.33e+09  2.42e+09  2.38e+09  2.34e+09  2.19e+09   2.1e+09  1.97e+09  1.81e+09  1.68e+09  1.58e+09   1.5e+09  1.37e+09  1.26e+09  1.21e+09
1         3.3e+09  3.99e+09  4.13e+09  4.18e+09  4.03e+09  3.88e+09  3.61e+09  3.41e+09  3.17e+09   2.9e+09  2.68e+09  2.49e+09  2.35e+09  2.14e+09  1.97e+09  1.87e+09
10        6.1e+09   6.8e+09   6.8e+09  6.66e+09  6.29e+09  5.94e+09  5.47e+09  5.09e+09  4.69e+09  4.28e+09  3.94e+09  3.64e+09   3.4e+09   3.1e+09  2.86e+09  2.68e+09
100      9.18e+09  1.01e+10  1.02e+10  9.84e+09  9.25e+09  8.61e+09  7.92e+09  7.28e+09  6.67e+09   6.1e+09  5.59e+09  5.13e+09  4.75e+09  4.35e+09  4.01e+09  3.72e+09
O-O      1.02e+10  1.14e+10  1.17e+10  1.14e+10  1.09e+10  1.02e+10  9.44e+09  8.71e+09  8.02e+09  7.37e+09  6.78e+09  6.24e+09  5.74e+09   5.3e+09   4.9e+09  4.53e+09

P1-> 

P\T           500       600       700       800       900     1e+03   1.1e+03   1.2e+03   1.3e+03   1.4e+03   1.5e+03   1.6e+03   1.7e+03   1.8e+03   1.9e+03     2e+03
0.1      3.94e-11  4.73e-11  5.04e-11  5.49e-11  5.77e-11  6.17e-11  6.34e-11  6.68e-11   6.9e-11  6.99e-11  7.14e-11  7.34e-11  7.69e-11  7.64e-11  7.72e-11  8.04e-11
1        7.77e-11  8.67e-11  8.97e-11   9.5e-11  9.81e-11  1.03e-10  1.05e-10  1.09e-10  1.11e-10  1.12e-10  1.14e-10  1.16e-10  1.21e-10   1.2e-10  1.21e-10  1.25e-10
10       1.44e-10  1.48e-10  1.48e-10  1.51e-10  1.53e-10  1.57e-10  1.59e-10  1.63e-10  1.65e-10  1.66e-10  1.68e-10   1.7e-10  1.74e-10  1.74e-10  1.75e-10  1.79e-10
100      2.17e-10   2.2e-10  2.21e-10  2.24e-10  2.26e-10  2.28e-10   2.3e-10  2.33e-10  2.35e-10  2.36e-10  2.38e-10   2.4e-10  2.44e-10  2.44e-10  2.46e-10  2.49e-10
O-O      2.41e-10  2.48e-10  2.54e-10   2.6e-10  2.65e-10   2.7e-10  2.74e-10  2.78e-10  2.82e-10  2.86e-10  2.89e-10  2.92e-10  2.95e-10  2.98e-10     3e-10  3.03e-10

