Wells (G - ground energy, D - dissociation limit, kcal/mol):
                             W         G         D
        FakeW-C5H8(522)+HO2(8)        -3         0
      FakeW-C5H7(504)+H2O2(10)      6.14      9.14

Bimolecular Products (G - ground energy, kcal/mol):
                       P         G
        C5H8(522)+HO2(8)         0
      C5H7(504)+H2O2(10)      9.14

Well-to-Bimolecular Barriers (H/G - barrier height/well depth, kcal/mol)
                             B         H                        W         G                  P
        FakeB-C5H8(522)+HO2(8)         0   FakeW-C5H8(522)+HO2(8)        -3   C5H8(522)+HO2(8)
      FakeB-C5H7(504)+H2O2(10)      9.14 FakeW-C5H7(504)+H2O2(10)      6.14 C5H7(504)+H2O2(10)

Well-to-Well Barriers (H/G - barrier height/well depth, kcal/mol):
            B         H                       W1        G1                       W2        G2
      ts_6_37      15.3   FakeW-C5H8(522)+HO2(8)        -3 FakeW-C5H7(504)+H2O2(10)      6.14

Bound Groups: dissociation barrier (name/ground energy, kcal/mol): wells (name/ground energy, kcal/mol):
     C1/0:  FakeW-C5H8(522)+HO2(8)/-3

     C2/9.14:  FakeW-C5H7(504)+H2O2(10)/6.14

________________________________________________________________________________________

Names Translation Tables (<short name> - <original name>):
Wells:
   W1 - FakeW-C5H8(522)+HO2(8)
   W2 - FakeW-C5H7(504)+H2O2(10)
Bimolecular products:
   P1 - C5H8(522)+HO2(8)
   P2 - C5H7(504)+H2O2(10)
Inner Barriers:
   B1 - ts_6_37
Outer Barriers:
   C1 - FakeB-C5H8(522)+HO2(8)
   C2 - FakeB-C5H7(504)+H2O2(10)
Unimolecular Rate Units: 1/sec;  Bimolecular Rate Units: cm^3/sec

______________________________________________________________________________________

Species-Species Rate Tables:

Temperature = 500 K

High Pressure Rate Coefficients:

From\To         W1        W2        P1        P2
W1             ***       171  2.12e+11       ***
W2        4.06e+06       ***       ***  5.06e+11
P1        1.91e-10       ***       ***       ***
P2             ***   1.9e-10       ***       ***

Temperature = 500 K    Pressure = 0.1 atm

From\To         W1        W2        P1        P2
W1        1.01e+10 -3.85e-07  1.01e+10  2.51e-05
W2          -0.359  1.88e+10  1.83e+04  1.88e+10
P1        8.99e-12  6.82e-22  8.99e-12  1.53e-19
P2        4.88e-22  6.91e-12  1.51e-15  6.91e-12

Temperature = 500 K    Pressure = 1 atm

From\To         W1        W2        P1        P2
W1        2.72e+10 -6.89e-06  2.72e+10  0.000279
W2            -3.3  5.09e+10  5.99e+04  5.09e+10
P1        2.45e-11  2.27e-21  2.45e-11  1.52e-19
P2        4.93e-21   1.9e-11   1.5e-15   1.9e-11

Temperature = 500 K    Pressure = 10 atm

From\To         W1        W2        P1        P2
W1        5.82e+10    0.0145  5.82e+10    0.0112
W2             322  1.12e+11  1.82e+05  1.12e+11
P1        5.26e-11  6.94e-21  5.26e-11  1.47e-19
P2        1.16e-19   4.2e-11  1.45e-15   4.2e-11

Temperature = 500 K    Pressure = 100 atm

From\To         W1        W2        P1        P2
W1        1.07e+11      1.08  1.07e+11      1.57
W2        2.53e+04  2.07e+11  5.19e+05  2.07e+11
P1        9.64e-11  1.98e-20  9.64e-11  1.32e-19
P2         1.4e-17  7.79e-11   1.3e-15  7.79e-11

Temperature = 600 K

High Pressure Rate Coefficients:

From\To         W1        W2        P1        P2
W1             ***   2.3e+03   2.2e+11       ***
W2        9.89e+06       ***       ***  5.24e+11
P1        1.97e-10       ***       ***       ***
P2             ***  1.96e-10       ***       ***

Temperature = 600 K    Pressure = 0.1 atm

From\To         W1        W2        P1        P2
W1        1.61e+10 -3.12e-05  1.61e+10  0.000247
W2           -1.71  2.92e+10  4.65e+04  2.92e+10
P1        1.41e-11  9.35e-21  1.41e-11  2.05e-18
P2        1.63e-21  1.05e-11  3.66e-15  1.05e-11

Temperature = 600 K    Pressure = 1 atm

From\To         W1        W2        P1        P2
W1        3.59e+10  -0.00043  3.59e+10   0.00635
W2           -14.1  6.64e+10   1.6e+05  6.64e+10
P1        3.21e-11  3.31e-20  3.21e-11  2.03e-18
P2        1.98e-20  2.46e-11  3.62e-15  2.46e-11

Temperature = 600 K    Pressure = 10 atm

From\To         W1        W2        P1        P2
W1         6.8e+10     0.442   6.8e+10     0.225
W2        1.82e+03  1.31e+11  4.85e+05  1.31e+11
P1         6.1e-11  1.01e-19   6.1e-11  1.96e-18
P2         4.2e-19  4.89e-11   3.5e-15  4.89e-11

Temperature = 600 K    Pressure = 100 atm

From\To         W1        W2        P1        P2
W1        1.14e+11      18.5  1.14e+11      19.9
W2        7.91e+04  2.24e+11  1.27e+06  2.24e+11
P1        1.02e-10  2.66e-19  1.02e-10  1.76e-18
P2        3.22e-17  8.37e-11  3.14e-15  8.37e-11

Temperature = 700 K

High Pressure Rate Coefficients:

From\To         W1        W2        P1        P2
W1             ***  1.59e+04  2.11e+11       ***
W2        1.97e+07       ***       ***  5.03e+11
P1        2.03e-10       ***       ***       ***
P2             ***  2.01e-10       ***       ***

Temperature = 700 K    Pressure = 0.1 atm

From\To         W1        W2        P1        P2
W1        1.95e+10  -0.00248  1.95e+10   0.00278
W2           -15.8  3.71e+10  1.46e+05  3.71e+10
P1        1.83e-11  1.07e-19  1.83e-11  1.51e-17
P2        1.13e-20  1.41e-11  7.81e-15  1.41e-11

Temperature = 700 K    Pressure = 1 atm

From\To         W1        W2        P1        P2
W1        3.96e+10     0.355  3.96e+10    0.0746
W2             384  7.65e+10  4.59e+05  7.65e+10
P1        3.78e-11  3.51e-19  3.78e-11  1.48e-17
P2        8.59e-20  3.02e-11  7.68e-15  3.03e-11

Temperature = 700 K    Pressure = 10 atm

From\To         W1        W2        P1        P2
W1        7.03e+10      10.4  7.03e+10      2.38
W2        1.26e+04  1.41e+11  1.27e+06  1.41e+11
P1        6.75e-11  9.77e-19  6.75e-11  1.42e-17
P2         1.4e-18  5.61e-11  7.35e-15  5.61e-11

Temperature = 700 K    Pressure = 100 atm

From\To         W1        W2        P1        P2
W1        1.11e+11       210  1.11e+11       143
W2         2.6e+05  2.28e+11  2.91e+06  2.28e+11
P1        1.07e-10  2.24e-18  1.07e-10  1.26e-17
P2         7.2e-17  9.09e-11  6.53e-15  9.09e-11

Temperature = 800 K

High Pressure Rate Coefficients:

From\To         W1        W2        P1        P2
W1             ***  7.02e+04  1.94e+11       ***
W2        3.41e+07       ***       ***  4.63e+11
P1        2.07e-10       ***       ***       ***
P2             ***  2.06e-10       ***       ***

Temperature = 800 K    Pressure = 0.1 atm

From\To         W1        W2        P1        P2
W1        2.08e+10     0.297  2.08e+10    0.0266
W2            51.2  3.82e+10  3.55e+05  3.82e+10
P1        2.15e-11  7.34e-19  2.15e-11  7.39e-17
P2        9.42e-20   1.6e-11  1.49e-14   1.6e-11

Temperature = 800 K    Pressure = 1 atm

From\To         W1        W2        P1        P2
W1           4e+10      10.3     4e+10     0.618
W2        4.75e+03  7.54e+10  1.02e+06  7.54e+10
P1        4.24e-11  2.21e-18  4.24e-11  7.24e-17
P2        3.98e-19  3.31e-11  1.46e-14  3.31e-11

Temperature = 800 K    Pressure = 10 atm

From\To         W1        W2        P1        P2
W1        6.81e+10       160  6.81e+10      18.1
W2         7.7e+04  1.34e+11  2.56e+06  1.34e+11
P1        7.26e-11   5.6e-18  7.26e-11  6.88e-17
P2        4.55e-18  5.94e-11  1.39e-14  5.94e-11

Temperature = 800 K    Pressure = 100 atm

From\To         W1        W2        P1        P2
W1        1.04e+11  1.56e+03  1.04e+11       745
W2        7.58e+05  2.12e+11  5.27e+06  2.12e+11
P1        1.11e-10  1.16e-17  1.11e-10  6.06e-17
P2        1.62e-16  9.39e-11  1.23e-14  9.39e-11

Temperature = 900 K

High Pressure Rate Coefficients:

From\To         W1        W2        P1        P2
W1             ***  2.29e+05  1.75e+11       ***
W2        5.31e+07       ***       ***  4.18e+11
P1        2.11e-10       ***       ***       ***
P2             ***   2.1e-10       ***       ***

Temperature = 900 K    Pressure = 0.1 atm

From\To         W1        W2        P1        P2
W1        2.04e+10      5.42  2.04e+10      0.22
W2             743  3.68e+10  7.21e+05  3.68e+10
P1        2.38e-11  3.52e-18  2.38e-11  2.71e-16
P2        6.08e-19  1.74e-11  2.62e-14  1.74e-11

Temperature = 900 K    Pressure = 1 atm

From\To         W1        W2        P1        P2
W1        3.79e+10       140  3.79e+10      4.59
W2        3.16e+04  7.06e+10   1.9e+06  7.06e+10
P1        4.55e-11  9.75e-18  4.55e-11  2.65e-16
P2         1.8e-18   3.5e-11  2.56e-14   3.5e-11

Temperature = 900 K    Pressure = 10 atm

From\To         W1        W2        P1        P2
W1         6.3e+10  1.32e+03   6.3e+10       104
W2        3.05e+05  1.23e+11  4.37e+06  1.23e+11
P1        7.59e-11  2.26e-17  7.59e-11   2.5e-16
P2        1.38e-17  6.16e-11  2.42e-14  6.16e-11

Temperature = 900 K    Pressure = 100 atm

From\To         W1        W2        P1        P2
W1        9.44e+10  7.91e+03  9.44e+10  2.89e+03
W2        1.84e+06  1.91e+11  8.27e+06  1.91e+11
P1        1.14e-10  4.29e-17  1.14e-10  2.19e-16
P2         3.4e-16  9.58e-11  2.11e-14  9.59e-11

Temperature = 1e+03 K

High Pressure Rate Coefficients:

From\To         W1        W2        P1        P2
W1             ***  5.96e+05  1.56e+11       ***
W2        7.65e+07       ***       ***  3.73e+11
P1        2.15e-10       ***       ***       ***
P2             ***  2.13e-10       ***       ***

Temperature = 1e+03 K    Pressure = 0.1 atm

From\To         W1        W2        P1        P2
W1        1.89e+10      41.9  1.89e+10     0.982
W2        3.39e+03  3.56e+10  1.38e+06  3.56e+10
P1        2.51e-11  1.38e-17  2.51e-11  8.02e-16
P2        2.52e-18  1.91e-11  4.28e-14  1.91e-11

Temperature = 1e+03 K    Pressure = 1 atm

From\To         W1        W2        P1        P2
W1        3.44e+10       871  3.44e+10      23.4
W2        1.09e+05  6.66e+10  3.34e+06  6.66e+10
P1         4.7e-11  3.54e-17   4.7e-11  7.79e-16
P2        5.99e-18  3.76e-11  4.16e-14  3.77e-11

Temperature = 1e+03 K    Pressure = 10 atm

From\To         W1        W2        P1        P2
W1        5.64e+10  6.23e+03  5.64e+10       401
W2        7.97e+05  1.14e+11  7.07e+06  1.14e+11
P1        7.75e-11  7.57e-17  7.75e-11  7.31e-16
P2        3.35e-17  6.49e-11   3.9e-14  6.49e-11

Temperature = 1e+03 K    Pressure = 100 atm

From\To         W1        W2        P1        P2
W1        8.36e+10  2.86e+04  8.36e+10  8.31e+03
W2        3.67e+06  1.73e+11  1.24e+07  1.73e+11
P1        1.15e-10  1.33e-16  1.15e-10  6.32e-16
P2        6.16e-16  9.92e-11  3.37e-14  9.92e-11

Temperature = 1.1e+03 K

High Pressure Rate Coefficients:

From\To         W1        W2        P1        P2
W1             ***  1.32e+06  1.39e+11       ***
W2        1.04e+08       ***       ***  3.31e+11
P1        2.18e-10       ***       ***       ***
P2             ***  2.17e-10       ***       ***

Temperature = 1.1e+03 K    Pressure = 0.1 atm

From\To         W1        W2        P1        P2
W1        1.74e+10       245  1.74e+10      4.05
W2        1.34e+04  3.35e+10   2.3e+06  3.35e+10
P1        2.64e-11  4.31e-17  2.64e-11  2.02e-15
P2        8.48e-18  2.05e-11  6.62e-14  2.06e-11

Temperature = 1.1e+03 K    Pressure = 1 atm

From\To         W1        W2        P1        P2
W1        3.12e+10  3.91e+03  3.12e+10       114
W2        3.02e+05  6.15e+10   5.2e+06  6.15e+10
P1        4.88e-11  1.03e-16  4.88e-11  1.95e-15
P2        1.75e-17  3.97e-11   6.4e-14  3.98e-11

Temperature = 1.1e+03 K    Pressure = 10 atm

From\To         W1        W2        P1        P2
W1        5.04e+10  2.21e+04  5.04e+10  1.36e+03
W2        1.74e+06  1.03e+11  1.03e+07  1.03e+11
P1        7.93e-11  2.05e-16  7.93e-11  1.82e-15
P2        7.87e-17  6.74e-11  5.96e-14  6.75e-11

Temperature = 1.1e+03 K    Pressure = 100 atm

From\To         W1        W2        P1        P2
W1         7.4e+10  8.34e+04   7.4e+10  2.09e+04
W2        6.57e+06  1.55e+11  1.71e+07  1.55e+11
P1        1.17e-10   3.4e-16  1.17e-10  1.55e-15
P2        1.09e-15  1.02e-10   5.1e-14  1.02e-10

Temperature = 1.2e+03 K

High Pressure Rate Coefficients:

From\To         W1        W2        P1        P2
W1             ***  2.56e+06  1.23e+11       ***
W2        1.34e+08       ***       ***  2.93e+11
P1        2.22e-10       ***       ***       ***
P2             ***   2.2e-10       ***       ***

Temperature = 1.2e+03 K    Pressure = 0.1 atm

From\To         W1        W2        P1        P2
W1         1.6e+10  1.13e+03   1.6e+10      18.7
W2        4.51e+04  3.09e+10  3.48e+06  3.09e+10
P1        2.77e-11  1.12e-16  2.77e-11  4.46e-15
P2        2.43e-17  2.17e-11  9.76e-14  2.18e-11

Temperature = 1.2e+03 K    Pressure = 1 atm

From\To         W1        W2        P1        P2
W1        2.82e+10  1.36e+04  2.82e+10       500
W2        7.03e+05  5.59e+10  7.37e+06  5.59e+10
P1        5.06e-11   2.5e-16  5.06e-11   4.3e-15
P2        4.59e-17  4.14e-11  9.41e-14  4.15e-11

Temperature = 1.2e+03 K    Pressure = 10 atm

From\To         W1        W2        P1        P2
W1        4.51e+10  6.33e+04  4.51e+10  4.12e+03
W2        3.32e+06  9.28e+10  1.37e+07  9.28e+10
P1        8.13e-11   4.7e-16  8.13e-11  3.99e-15
P2        1.78e-16  6.94e-11  8.72e-14  6.95e-11

Temperature = 1.2e+03 K    Pressure = 100 atm

From\To         W1        W2        P1        P2
W1        6.57e+10  2.04e+05  6.57e+10   4.7e+04
W2        1.07e+07  1.38e+11  2.17e+07  1.38e+11
P1        1.18e-10  7.45e-16  1.18e-10  3.38e-15
P2        1.87e-15  1.04e-10  7.39e-14  1.04e-10

Temperature = 1.3e+03 K

High Pressure Rate Coefficients:

From\To         W1        W2        P1        P2
W1             ***  4.51e+06  1.09e+11       ***
W2        1.68e+08       ***       ***   2.6e+11
P1        2.25e-10       ***       ***       ***
P2             ***  2.23e-10       ***       ***

Temperature = 1.3e+03 K    Pressure = 0.1 atm

From\To         W1        W2        P1        P2
W1        1.46e+10  4.31e+03  1.46e+10      95.6
W2        1.31e+05  2.82e+10  4.85e+06  2.82e+10
P1        2.91e-11  2.53e-16  2.91e-11  8.94e-15
P2        6.06e-17  2.26e-11  1.39e-13  2.27e-11

Temperature = 1.3e+03 K    Pressure = 1 atm

From\To         W1        W2        P1        P2
W1        2.56e+10  3.88e+04  2.56e+10  1.88e+03
W2        1.43e+06  5.05e+10  9.65e+06  5.05e+10
P1        5.24e-11  5.28e-16  5.24e-11  8.59e-15
P2        1.12e-16  4.27e-11  1.33e-13  4.28e-11

Temperature = 1.3e+03 K    Pressure = 10 atm

From\To         W1        W2        P1        P2
W1        4.05e+10  1.53e+05  4.05e+10  1.12e+04
W2        5.68e+06   8.3e+10  1.71e+07   8.3e+10
P1        8.33e-11  9.43e-16  8.33e-11  7.92e-15
P2        3.84e-16   7.1e-11  1.23e-13  7.11e-11

Temperature = 1.3e+03 K    Pressure = 100 atm

From\To         W1        W2        P1        P2
W1        5.84e+10  4.37e+05  5.84e+10  9.72e+04
W2        1.63e+07  1.23e+11  2.61e+07  1.23e+11
P1         1.2e-10  1.44e-15   1.2e-10  6.66e-15
P2        3.13e-15  1.05e-10  1.03e-13  1.05e-10

Temperature = 1.4e+03 K

High Pressure Rate Coefficients:

From\To         W1        W2        P1        P2
W1             ***  7.33e+06  9.67e+10       ***
W2        2.04e+08       ***       ***  2.31e+11
P1        2.27e-10       ***       ***       ***
P2             ***  2.26e-10       ***       ***

Temperature = 1.4e+03 K    Pressure = 0.1 atm

From\To         W1        W2        P1        P2
W1        1.34e+10  1.37e+04  1.34e+10       463
W2         3.3e+05  2.55e+10   6.3e+06  2.55e+10
P1        3.04e-11  5.04e-16  3.04e-11  1.65e-14
P2        1.35e-16  2.33e-11  1.91e-13  2.35e-11

Temperature = 1.4e+03 K    Pressure = 1 atm

From\To         W1        W2        P1        P2
W1        2.32e+10   9.4e+04  2.32e+10  6.06e+03
W2        2.58e+06  4.53e+10  1.18e+07  4.53e+10
P1        5.42e-11  9.92e-16  5.42e-11  1.58e-14
P2        2.55e-16  4.37e-11  1.83e-13  4.39e-11

Temperature = 1.4e+03 K    Pressure = 10 atm

From\To         W1        W2        P1        P2
W1        3.64e+10  3.22e+05  3.64e+10  2.76e+04
W2        8.95e+06  7.41e+10  2.01e+07   7.4e+10
P1        8.54e-11   1.7e-15  8.54e-11  1.45e-14
P2         7.9e-16  7.22e-11  1.68e-13  7.24e-11

Temperature = 1.4e+03 K    Pressure = 100 atm

From\To         W1        W2        P1        P2
W1        5.21e+10  8.37e+05  5.21e+10  1.87e+05
W2        2.33e+07  1.09e+11  2.99e+07  1.09e+11
P1        1.22e-10  2.53e-15  1.22e-10  1.21e-14
P2        5.11e-15  1.07e-10   1.4e-13  1.07e-10

Temperature = 1.5e+03 K

High Pressure Rate Coefficients:

From\To         W1        W2        P1        P2
W1             ***  1.12e+07  8.61e+10       ***
W2        2.41e+08       ***       ***  2.05e+11
P1         2.3e-10       ***       ***       ***
P2             ***  2.28e-10       ***       ***

Temperature = 1.5e+03 K    Pressure = 0.1 atm

From\To         W1        W2        P1        P2
W1        1.23e+10  3.24e+04  1.23e+10  1.28e+03
W2        6.13e+05  2.38e+10  8.37e+06  2.38e+10
P1        3.17e-11  9.85e-16  3.18e-11  2.84e-14
P2        2.61e-16  2.47e-11  2.55e-13   2.5e-11

Temperature = 1.5e+03 K    Pressure = 1 atm

From\To         W1        W2        P1        P2
W1        2.11e+10  1.92e+05  2.11e+10  1.39e+04
W2         4.1e+06  4.18e+10   1.5e+07  4.18e+10
P1         5.6e-11  1.84e-15   5.6e-11  2.71e-14
P2        4.82e-16  4.58e-11  2.43e-13  4.61e-11

Temperature = 1.5e+03 K    Pressure = 10 atm

From\To         W1        W2        P1        P2
W1        3.28e+10  6.07e+05  3.28e+10  5.48e+04
W2        1.31e+07  6.75e+10  2.44e+07  6.75e+10
P1        8.75e-11  3.02e-15  8.75e-11  2.47e-14
P2        1.38e-15  7.48e-11  2.22e-13  7.51e-11

Temperature = 1.5e+03 K    Pressure = 100 atm

From\To         W1        W2        P1        P2
W1        4.67e+10  1.47e+06  4.67e+10  3.18e+05
W2        3.18e+07  9.86e+10  3.51e+07  9.86e+10
P1        1.25e-10  4.35e-15  1.25e-10  2.03e-14
P2        7.65e-15  1.09e-10  1.83e-13   1.1e-10

Temperature = 1.6e+03 K

High Pressure Rate Coefficients:

From\To         W1        W2        P1        P2
W1             ***  1.62e+07  7.68e+10       ***
W2         2.8e+08       ***       ***  1.83e+11
P1        2.32e-10       ***       ***       ***
P2             ***  2.31e-10       ***       ***

Temperature = 1.6e+03 K    Pressure = 0.1 atm

From\To         W1        W2        P1        P2
W1        1.13e+10  7.84e+04  1.13e+10  4.79e+03
W2        1.24e+06  2.14e+10  9.74e+06  2.13e+10
P1        3.31e-11  1.63e-15  3.31e-11  4.64e-14
P2        4.98e-16  2.52e-11  3.34e-13  2.56e-11

Temperature = 1.6e+03 K    Pressure = 1 atm

From\To         W1        W2        P1        P2
W1        1.92e+10   3.7e+05  1.92e+10  3.53e+04
W2        6.35e+06  3.74e+10  1.66e+07  3.74e+10
P1        5.78e-11  2.89e-15  5.78e-11  4.41e-14
P2         9.9e-16  4.64e-11  3.18e-13  4.68e-11

Temperature = 1.6e+03 K    Pressure = 10 atm

From\To         W1        W2        P1        P2
W1        2.97e+10  1.06e+06  2.97e+10  1.15e+05
W2        1.83e+07  6.02e+10  2.63e+07  6.02e+10
P1        8.96e-11   4.6e-15  8.97e-11  4.01e-14
P2        2.59e-15  7.55e-11  2.88e-13  7.58e-11

Temperature = 1.6e+03 K    Pressure = 100 atm

From\To         W1        W2        P1        P2
W1        4.19e+10   2.4e+06  4.19e+10  5.47e+05
W2        4.15e+07  8.77e+10  3.74e+07  8.77e+10
P1        1.27e-10  6.54e-15  1.27e-10  3.28e-14
P2        1.19e-14   1.1e-10  2.36e-13  1.11e-10

Temperature = 1.7e+03 K

High Pressure Rate Coefficients:

From\To         W1        W2        P1        P2
W1             ***  2.24e+07  6.88e+10       ***
W2         3.2e+08       ***       ***  1.64e+11
P1        2.35e-10       ***       ***       ***
P2             ***  2.33e-10       ***       ***

Temperature = 1.7e+03 K    Pressure = 0.1 atm

From\To         W1        W2        P1        P2
W1        1.03e+10  1.41e+05  1.03e+10  8.86e+03
W2        1.87e+06  2.01e+10   1.2e+07  2.01e+10
P1        3.42e-11  2.77e-15  3.43e-11   7.2e-14
P2        6.87e-16  2.71e-11  4.27e-13  2.75e-11

Temperature = 1.7e+03 K    Pressure = 1 atm

From\To         W1        W2        P1        P2
W1        1.74e+10     6e+05  1.74e+10  5.69e+04
W2        8.49e+06  3.49e+10  2.01e+07  3.49e+10
P1        5.92e-11  4.79e-15  5.93e-11  6.83e-14
P2        1.42e-15  4.91e-11  4.05e-13  4.95e-11

Temperature = 1.7e+03 K    Pressure = 10 atm

From\To         W1        W2        P1        P2
W1        2.67e+10  1.63e+06  2.67e+10  1.72e+05
W2        2.32e+07  5.57e+10  3.13e+07  5.56e+10
P1        9.12e-11  7.49e-15  9.13e-11  6.17e-14
P2        3.57e-15  7.88e-11  3.66e-13  7.92e-11

Temperature = 1.7e+03 K    Pressure = 100 atm

From\To         W1        W2        P1        P2
W1        3.77e+10  3.58e+06  3.77e+10  7.71e+05
W2         5.1e+07  8.03e+10  4.36e+07  8.02e+10
P1        1.29e-10  1.05e-14  1.29e-10     5e-14
P2        1.56e-14  1.14e-10  2.97e-13  1.14e-10

Temperature = 1.8e+03 K

High Pressure Rate Coefficients:

From\To         W1        W2        P1        P2
W1             ***     3e+07  6.18e+10       ***
W2         3.6e+08       ***       ***  1.47e+11
P1        2.37e-10       ***       ***       ***
P2             ***  2.35e-10       ***       ***

Temperature = 1.8e+03 K    Pressure = 0.1 atm

From\To         W1        W2        P1        P2
W1        9.36e+09  2.55e+05  9.36e+09  2.23e+04
W2        2.87e+06  1.78e+10  1.31e+07  1.77e+10
P1        3.47e-11  4.04e-15  3.48e-11  1.08e-13
P2        1.28e-15  2.67e-11  5.38e-13  2.72e-11

Temperature = 1.8e+03 K    Pressure = 1 atm

From\To         W1        W2        P1        P2
W1        1.57e+10  9.65e+05  1.57e+10  1.17e+05
W2        1.15e+07  3.08e+10   2.1e+07  3.07e+10
P1           6e-11   6.7e-15  6.01e-11  1.02e-13
P2        2.66e-15  4.85e-11  5.09e-13   4.9e-11

Temperature = 1.8e+03 K    Pressure = 10 atm

From\To         W1        W2        P1        P2
W1         2.4e+10  2.48e+06   2.4e+10  3.17e+05
W2        2.97e+07  4.91e+10  3.19e+07   4.9e+10
P1        9.22e-11  1.02e-14  9.23e-11  9.19e-14
P2        6.22e-15  7.81e-11  4.59e-13  7.85e-11

Temperature = 1.8e+03 K    Pressure = 100 atm

From\To         W1        W2        P1        P2
W1        3.38e+10  5.19e+06  3.38e+10  1.22e+06
W2        6.23e+07   7.1e+10  4.42e+07  7.09e+10
P1         1.3e-10  1.41e-14   1.3e-10  7.41e-14
P2        2.35e-14  1.13e-10   3.7e-13  1.13e-10

Temperature = 1.9e+03 K

High Pressure Rate Coefficients:

From\To         W1        W2        P1        P2
W1             ***  3.88e+07  5.56e+10       ***
W2           4e+08       ***       ***  1.33e+11
P1        2.39e-10       ***       ***       ***
P2             ***  2.37e-10       ***       ***

Temperature = 1.9e+03 K    Pressure = 0.1 atm

From\To         W1        W2        P1        P2
W1        8.43e+09  3.71e+05  8.43e+09  3.19e+04
W2        3.59e+06  1.64e+10  1.55e+07  1.64e+10
P1        3.51e-11  6.25e-15  3.53e-11  1.55e-13
P2        1.75e-15  2.77e-11  6.65e-13  2.84e-11

Temperature = 1.9e+03 K    Pressure = 1 atm

From\To         W1        W2        P1        P2
W1        1.41e+10  1.36e+06  1.41e+10  1.62e+05
W2         1.4e+07  2.83e+10  2.45e+07  2.82e+10
P1        6.04e-11  1.02e-14  6.06e-11  1.46e-13
P2        3.54e-15  4.99e-11  6.28e-13  5.06e-11

Temperature = 1.9e+03 K    Pressure = 10 atm

From\To         W1        W2        P1        P2
W1        2.16e+10  3.43e+06  2.16e+10  4.27e+05
W2        3.53e+07  4.48e+10  3.65e+07  4.47e+10
P1        9.27e-11  1.52e-14  9.28e-11  1.31e-13
P2        8.07e-15  7.99e-11  5.63e-13  8.05e-11

Temperature = 1.9e+03 K    Pressure = 100 atm

From\To         W1        W2        P1        P2
W1        3.03e+10  7.05e+06  3.03e+10  1.61e+06
W2        7.27e+07  6.45e+10     5e+07  6.44e+10
P1         1.3e-10  2.09e-14   1.3e-10  1.05e-13
P2        2.97e-14  1.15e-10  4.51e-13  1.16e-10

Temperature = 2e+03 K

High Pressure Rate Coefficients:

From\To         W1        W2        P1        P2
W1             ***  4.89e+07  5.02e+10       ***
W2         4.4e+08       ***       ***   1.2e+11
P1        2.41e-10       ***       ***       ***
P2             ***  2.39e-10       ***       ***

Temperature = 2e+03 K    Pressure = 0.1 atm

From\To         W1        W2        P1        P2
W1        7.83e+09  5.98e+05  7.82e+09   6.1e+04
W2         5.1e+06  1.52e+10  1.73e+07  1.52e+10
P1        3.64e-11  8.97e-15  3.66e-11  2.17e-13
P2        2.71e-15  2.86e-11  8.11e-13  2.94e-11

Temperature = 2e+03 K    Pressure = 1 atm

From\To         W1        W2        P1        P2
W1         1.3e+10  2.01e+06   1.3e+10  2.68e+05
W2         1.8e+07   2.6e+10  2.66e+07   2.6e+10
P1        6.22e-11  1.42e-14  6.24e-11  2.04e-13
P2        5.54e-15  5.13e-11  7.63e-13  5.21e-11

Temperature = 2e+03 K    Pressure = 10 atm

From\To         W1        W2        P1        P2
W1        1.98e+10  4.83e+06  1.98e+10  6.55e+05
W2        4.34e+07   4.1e+10  3.89e+07  4.09e+10
P1        9.48e-11  2.08e-14   9.5e-11  1.82e-13
P2         1.2e-14  8.16e-11   6.8e-13  8.23e-11

Temperature = 2e+03 K    Pressure = 100 atm

From\To         W1        W2        P1        P2
W1        2.76e+10  9.62e+06  2.76e+10  2.24e+06
W2        8.65e+07  5.87e+10  5.27e+07  5.86e+10
P1        1.33e-10  2.81e-14  1.33e-10  1.44e-13
P2        4.04e-14  1.17e-10  5.39e-13  1.18e-10

______________________________________________________________________________________

High Pressure Rate Coefficients (Temperature-Species Rate Tables):

Reactant = W1
   T(K)        W1        W2        P1        P2
    500       ***       171  2.12e+11       ***
    600       ***   2.3e+03   2.2e+11       ***
    700       ***  1.59e+04  2.11e+11       ***
    800       ***  7.02e+04  1.94e+11       ***
    900       ***  2.29e+05  1.75e+11       ***
  1e+03       ***  5.96e+05  1.56e+11       ***
1.1e+03       ***  1.32e+06  1.39e+11       ***
1.2e+03       ***  2.56e+06  1.23e+11       ***
1.3e+03       ***  4.51e+06  1.09e+11       ***
1.4e+03       ***  7.33e+06  9.67e+10       ***
1.5e+03       ***  1.12e+07  8.61e+10       ***
1.6e+03       ***  1.62e+07  7.68e+10       ***
1.7e+03       ***  2.24e+07  6.88e+10       ***
1.8e+03       ***     3e+07  6.18e+10       ***
1.9e+03       ***  3.88e+07  5.56e+10       ***
  2e+03       ***  4.89e+07  5.02e+10       ***

Reactant = W2
   T(K)        W1        W2        P1        P2
    500  4.06e+06       ***       ***  5.06e+11
    600  9.89e+06       ***       ***  5.24e+11
    700  1.97e+07       ***       ***  5.03e+11
    800  3.41e+07       ***       ***  4.63e+11
    900  5.31e+07       ***       ***  4.18e+11
  1e+03  7.65e+07       ***       ***  3.73e+11
1.1e+03  1.04e+08       ***       ***  3.31e+11
1.2e+03  1.34e+08       ***       ***  2.93e+11
1.3e+03  1.68e+08       ***       ***   2.6e+11
1.4e+03  2.04e+08       ***       ***  2.31e+11
1.5e+03  2.41e+08       ***       ***  2.05e+11
1.6e+03   2.8e+08       ***       ***  1.83e+11
1.7e+03   3.2e+08       ***       ***  1.64e+11
1.8e+03   3.6e+08       ***       ***  1.47e+11
1.9e+03     4e+08       ***       ***  1.33e+11
  2e+03   4.4e+08       ***       ***   1.2e+11

Reactant = P1
   T(K)        W1        W2        P1        P2
    500  1.91e-10       ***       ***       ***
    600  1.97e-10       ***       ***       ***
    700  2.03e-10       ***       ***       ***
    800  2.07e-10       ***       ***       ***
    900  2.11e-10       ***       ***       ***
  1e+03  2.15e-10       ***       ***       ***
1.1e+03  2.18e-10       ***       ***       ***
1.2e+03  2.22e-10       ***       ***       ***
1.3e+03  2.25e-10       ***       ***       ***
1.4e+03  2.27e-10       ***       ***       ***
1.5e+03   2.3e-10       ***       ***       ***
1.6e+03  2.32e-10       ***       ***       ***
1.7e+03  2.35e-10       ***       ***       ***
1.8e+03  2.37e-10       ***       ***       ***
1.9e+03  2.39e-10       ***       ***       ***
  2e+03  2.41e-10       ***       ***       ***

Reactant = P2
   T(K)        W1        W2        P1        P2
    500       ***   1.9e-10       ***       ***
    600       ***  1.96e-10       ***       ***
    700       ***  2.01e-10       ***       ***
    800       ***  2.06e-10       ***       ***
    900       ***   2.1e-10       ***       ***
  1e+03       ***  2.13e-10       ***       ***
1.1e+03       ***  2.17e-10       ***       ***
1.2e+03       ***   2.2e-10       ***       ***
1.3e+03       ***  2.23e-10       ***       ***
1.4e+03       ***  2.26e-10       ***       ***
1.5e+03       ***  2.28e-10       ***       ***
1.6e+03       ***  2.31e-10       ***       ***
1.7e+03       ***  2.33e-10       ***       ***
1.8e+03       ***  2.35e-10       ***       ***
1.9e+03       ***  2.37e-10       ***       ***
  2e+03       ***  2.39e-10       ***       ***

Capture/Escape Rate Coefficients:

   T(K)        W1        W2        P1        P2
    500  2.12e+11  5.06e+11  1.91e-10   1.9e-10
    600   2.2e+11  5.24e+11  1.97e-10  1.96e-10
    700  2.11e+11  5.03e+11  2.03e-10  2.01e-10
    800  1.94e+11  4.63e+11  2.07e-10  2.06e-10
    900  1.75e+11  4.18e+11  2.11e-10   2.1e-10
  1e+03  1.56e+11  3.73e+11  2.15e-10  2.13e-10
1.1e+03  1.39e+11  3.31e+11  2.18e-10  2.17e-10
1.2e+03  1.23e+11  2.93e+11  2.22e-10   2.2e-10
1.3e+03  1.09e+11   2.6e+11  2.25e-10  2.23e-10
1.4e+03  9.67e+10  2.31e+11  2.27e-10  2.26e-10
1.5e+03  8.61e+10  2.06e+11   2.3e-10  2.28e-10
1.6e+03  7.69e+10  1.84e+11  2.32e-10  2.31e-10
1.7e+03  6.88e+10  1.64e+11  2.35e-10  2.33e-10
1.8e+03  6.18e+10  1.48e+11  2.37e-10  2.35e-10
1.9e+03  5.57e+10  1.33e+11  2.39e-10  2.37e-10
  2e+03  5.03e+10   1.2e+11  2.41e-10  2.39e-10

______________________________________________________________________________________

Pressure-Species Rate Tables:

Reactant = W1   Temperature = 500 K

   P(atm)        W2        P1        P2      Loss
      0.1 -3.85e-07  1.01e+10  2.51e-05  1.01e+10
        1 -6.89e-06  2.72e+10  0.000279  2.72e+10
       10    0.0145  5.82e+10    0.0112  5.82e+10
      100      1.08  1.07e+11      1.57  1.07e+11
      O-O       171  2.12e+11       ***  2.12e+11

Reactant = W1   Temperature = 600 K

   P(atm)        W2        P1        P2      Loss
      0.1 -3.12e-05  1.61e+10  0.000247  1.61e+10
        1  -0.00043  3.59e+10   0.00635  3.59e+10
       10     0.442   6.8e+10     0.225   6.8e+10
      100      18.5  1.14e+11      19.9  1.14e+11
      O-O   2.3e+03   2.2e+11       ***   2.2e+11

Reactant = W1   Temperature = 700 K

   P(atm)        W2        P1        P2      Loss
      0.1  -0.00248  1.95e+10   0.00278  1.95e+10
        1     0.355  3.96e+10    0.0746  3.96e+10
       10      10.4  7.03e+10      2.38  7.03e+10
      100       210  1.11e+11       143  1.11e+11
      O-O  1.59e+04  2.11e+11       ***  2.11e+11

Reactant = W1   Temperature = 800 K

   P(atm)        W2        P1        P2      Loss
      0.1     0.297  2.08e+10    0.0266  2.08e+10
        1      10.3     4e+10     0.618     4e+10
       10       160  6.81e+10      18.1  6.81e+10
      100  1.56e+03  1.04e+11       745  1.04e+11
      O-O  7.02e+04  1.94e+11       ***  1.94e+11

Reactant = W1   Temperature = 900 K

   P(atm)        W2        P1        P2      Loss
      0.1      5.42  2.04e+10      0.22  2.04e+10
        1       140  3.79e+10      4.59  3.79e+10
       10  1.32e+03   6.3e+10       104   6.3e+10
      100  7.91e+03  9.44e+10  2.89e+03  9.44e+10
      O-O  2.29e+05  1.75e+11       ***  1.75e+11

Reactant = W1   Temperature = 1e+03 K

   P(atm)        W2        P1        P2      Loss
      0.1      41.9  1.89e+10     0.982  1.89e+10
        1       871  3.44e+10      23.4  3.44e+10
       10  6.23e+03  5.64e+10       401  5.64e+10
      100  2.86e+04  8.36e+10  8.31e+03  8.36e+10
      O-O  5.96e+05  1.56e+11       ***  1.56e+11

Reactant = W1   Temperature = 1.1e+03 K

   P(atm)        W2        P1        P2      Loss
      0.1       245  1.74e+10      4.05  1.74e+10
        1  3.91e+03  3.12e+10       114  3.12e+10
       10  2.21e+04  5.04e+10  1.36e+03  5.04e+10
      100  8.34e+04   7.4e+10  2.09e+04   7.4e+10
      O-O  1.32e+06  1.39e+11       ***  1.39e+11

Reactant = W1   Temperature = 1.2e+03 K

   P(atm)        W2        P1        P2      Loss
      0.1  1.13e+03   1.6e+10      18.7   1.6e+10
        1  1.36e+04  2.82e+10       500  2.82e+10
       10  6.33e+04  4.51e+10  4.12e+03  4.51e+10
      100  2.04e+05  6.57e+10   4.7e+04  6.57e+10
      O-O  2.56e+06  1.23e+11       ***  1.23e+11

Reactant = W1   Temperature = 1.3e+03 K

   P(atm)        W2        P1        P2      Loss
      0.1  4.31e+03  1.46e+10      95.6  1.46e+10
        1  3.88e+04  2.56e+10  1.88e+03  2.56e+10
       10  1.53e+05  4.05e+10  1.12e+04  4.05e+10
      100  4.37e+05  5.84e+10  9.72e+04  5.84e+10
      O-O  4.51e+06  1.09e+11       ***  1.09e+11

Reactant = W1   Temperature = 1.4e+03 K

   P(atm)        W2        P1        P2      Loss
      0.1  1.37e+04  1.34e+10       463  1.34e+10
        1   9.4e+04  2.32e+10  6.06e+03  2.32e+10
       10  3.22e+05  3.64e+10  2.76e+04  3.64e+10
      100  8.37e+05  5.21e+10  1.87e+05  5.21e+10
      O-O  7.33e+06  9.67e+10       ***  9.67e+10

Reactant = W1   Temperature = 1.5e+03 K

   P(atm)        W2        P1        P2      Loss
      0.1  3.24e+04  1.23e+10  1.28e+03  1.23e+10
        1  1.92e+05  2.11e+10  1.39e+04  2.11e+10
       10  6.07e+05  3.28e+10  5.48e+04  3.28e+10
      100  1.47e+06  4.67e+10  3.18e+05  4.67e+10
      O-O  1.12e+07  8.61e+10       ***  8.61e+10

Reactant = W1   Temperature = 1.6e+03 K

   P(atm)        W2        P1        P2      Loss
      0.1  7.84e+04  1.13e+10  4.79e+03  1.13e+10
        1   3.7e+05  1.92e+10  3.53e+04  1.92e+10
       10  1.06e+06  2.97e+10  1.15e+05  2.97e+10
      100   2.4e+06  4.19e+10  5.47e+05  4.19e+10
      O-O  1.62e+07  7.68e+10       ***  7.69e+10

Reactant = W1   Temperature = 1.7e+03 K

   P(atm)        W2        P1        P2      Loss
      0.1  1.41e+05  1.03e+10  8.86e+03  1.03e+10
        1     6e+05  1.74e+10  5.69e+04  1.74e+10
       10  1.63e+06  2.67e+10  1.72e+05  2.67e+10
      100  3.58e+06  3.77e+10  7.71e+05  3.77e+10
      O-O  2.24e+07  6.88e+10       ***  6.88e+10

Reactant = W1   Temperature = 1.8e+03 K

   P(atm)        W2        P1        P2      Loss
      0.1  2.55e+05  9.36e+09  2.23e+04  9.36e+09
        1  9.65e+05  1.57e+10  1.17e+05  1.57e+10
       10  2.48e+06   2.4e+10  3.17e+05   2.4e+10
      100  5.19e+06  3.38e+10  1.22e+06  3.38e+10
      O-O     3e+07  6.18e+10       ***  6.18e+10

Reactant = W1   Temperature = 1.9e+03 K

   P(atm)        W2        P1        P2      Loss
      0.1  3.71e+05  8.43e+09  3.19e+04  8.43e+09
        1  1.36e+06  1.41e+10  1.62e+05  1.41e+10
       10  3.43e+06  2.16e+10  4.27e+05  2.16e+10
      100  7.05e+06  3.03e+10  1.61e+06  3.03e+10
      O-O  3.88e+07  5.56e+10       ***  5.57e+10

Reactant = W1   Temperature = 2e+03 K

   P(atm)        W2        P1        P2      Loss
      0.1  5.98e+05  7.82e+09   6.1e+04  7.83e+09
        1  2.01e+06   1.3e+10  2.68e+05   1.3e+10
       10  4.83e+06  1.98e+10  6.55e+05  1.98e+10
      100  9.62e+06  2.76e+10  2.24e+06  2.76e+10
      O-O  4.89e+07  5.02e+10       ***  5.03e+10

Reactant = W2   Temperature = 500 K

   P(atm)        W1        P1        P2      Loss
      0.1    -0.359  1.83e+04  1.88e+10  1.88e+10
        1      -3.3  5.99e+04  5.09e+10  5.09e+10
       10       322  1.82e+05  1.12e+11  1.12e+11
      100  2.53e+04  5.19e+05  2.07e+11  2.07e+11
      O-O  4.06e+06       ***  5.06e+11  5.06e+11

Reactant = W2   Temperature = 600 K

   P(atm)        W1        P1        P2      Loss
      0.1     -1.71  4.65e+04  2.92e+10  2.92e+10
        1     -14.1   1.6e+05  6.64e+10  6.64e+10
       10  1.82e+03  4.85e+05  1.31e+11  1.31e+11
      100  7.91e+04  1.27e+06  2.24e+11  2.24e+11
      O-O  9.89e+06       ***  5.24e+11  5.24e+11

Reactant = W2   Temperature = 700 K

   P(atm)        W1        P1        P2      Loss
      0.1     -15.8  1.46e+05  3.71e+10  3.71e+10
        1       384  4.59e+05  7.65e+10  7.65e+10
       10  1.26e+04  1.27e+06  1.41e+11  1.41e+11
      100   2.6e+05  2.91e+06  2.28e+11  2.28e+11
      O-O  1.97e+07       ***  5.03e+11  5.03e+11

Reactant = W2   Temperature = 800 K

   P(atm)        W1        P1        P2      Loss
      0.1      51.2  3.55e+05  3.82e+10  3.82e+10
        1  4.75e+03  1.02e+06  7.54e+10  7.54e+10
       10   7.7e+04  2.56e+06  1.34e+11  1.34e+11
      100  7.58e+05  5.27e+06  2.12e+11  2.12e+11
      O-O  3.41e+07       ***  4.63e+11  4.63e+11

Reactant = W2   Temperature = 900 K

   P(atm)        W1        P1        P2      Loss
      0.1       743  7.21e+05  3.68e+10  3.68e+10
        1  3.16e+04   1.9e+06  7.06e+10  7.06e+10
       10  3.05e+05  4.37e+06  1.23e+11  1.23e+11
      100  1.84e+06  8.27e+06  1.91e+11  1.91e+11
      O-O  5.31e+07       ***  4.18e+11  4.18e+11

Reactant = W2   Temperature = 1e+03 K

   P(atm)        W1        P1        P2      Loss
      0.1  3.39e+03  1.38e+06  3.56e+10  3.56e+10
        1  1.09e+05  3.34e+06  6.66e+10  6.66e+10
       10  7.97e+05  7.07e+06  1.14e+11  1.14e+11
      100  3.67e+06  1.24e+07  1.73e+11  1.73e+11
      O-O  7.65e+07       ***  3.73e+11  3.73e+11

Reactant = W2   Temperature = 1.1e+03 K

   P(atm)        W1        P1        P2      Loss
      0.1  1.34e+04   2.3e+06  3.35e+10  3.35e+10
        1  3.02e+05   5.2e+06  6.15e+10  6.15e+10
       10  1.74e+06  1.03e+07  1.03e+11  1.03e+11
      100  6.57e+06  1.71e+07  1.55e+11  1.55e+11
      O-O  1.04e+08       ***  3.31e+11  3.31e+11

Reactant = W2   Temperature = 1.2e+03 K

   P(atm)        W1        P1        P2      Loss
      0.1  4.51e+04  3.48e+06  3.09e+10  3.09e+10
        1  7.03e+05  7.37e+06  5.59e+10  5.59e+10
       10  3.32e+06  1.37e+07  9.28e+10  9.28e+10
      100  1.07e+07  2.17e+07  1.38e+11  1.38e+11
      O-O  1.34e+08       ***  2.93e+11  2.93e+11

Reactant = W2   Temperature = 1.3e+03 K

   P(atm)        W1        P1        P2      Loss
      0.1  1.31e+05  4.85e+06  2.82e+10  2.82e+10
        1  1.43e+06  9.65e+06  5.05e+10  5.05e+10
       10  5.68e+06  1.71e+07   8.3e+10   8.3e+10
      100  1.63e+07  2.61e+07  1.23e+11  1.23e+11
      O-O  1.68e+08       ***   2.6e+11   2.6e+11

Reactant = W2   Temperature = 1.4e+03 K

   P(atm)        W1        P1        P2      Loss
      0.1   3.3e+05   6.3e+06  2.55e+10  2.55e+10
        1  2.58e+06  1.18e+07  4.53e+10  4.53e+10
       10  8.95e+06  2.01e+07   7.4e+10  7.41e+10
      100  2.33e+07  2.99e+07  1.09e+11  1.09e+11
      O-O  2.04e+08       ***  2.31e+11  2.31e+11

Reactant = W2   Temperature = 1.5e+03 K

   P(atm)        W1        P1        P2      Loss
      0.1  6.13e+05  8.37e+06  2.38e+10  2.38e+10
        1   4.1e+06   1.5e+07  4.18e+10  4.18e+10
       10  1.31e+07  2.44e+07  6.75e+10  6.75e+10
      100  3.18e+07  3.51e+07  9.86e+10  9.86e+10
      O-O  2.41e+08       ***  2.05e+11  2.06e+11

Reactant = W2   Temperature = 1.6e+03 K

   P(atm)        W1        P1        P2      Loss
      0.1  1.24e+06  9.74e+06  2.13e+10  2.14e+10
        1  6.35e+06  1.66e+07  3.74e+10  3.74e+10
       10  1.83e+07  2.63e+07  6.02e+10  6.02e+10
      100  4.15e+07  3.74e+07  8.77e+10  8.77e+10
      O-O   2.8e+08       ***  1.83e+11  1.84e+11

Reactant = W2   Temperature = 1.7e+03 K

   P(atm)        W1        P1        P2      Loss
      0.1  1.87e+06   1.2e+07  2.01e+10  2.01e+10
        1  8.49e+06  2.01e+07  3.49e+10  3.49e+10
       10  2.32e+07  3.13e+07  5.56e+10  5.57e+10
      100   5.1e+07  4.36e+07  8.02e+10  8.03e+10
      O-O   3.2e+08       ***  1.64e+11  1.64e+11

Reactant = W2   Temperature = 1.8e+03 K

   P(atm)        W1        P1        P2      Loss
      0.1  2.87e+06  1.31e+07  1.77e+10  1.78e+10
        1  1.15e+07   2.1e+07  3.07e+10  3.08e+10
       10  2.97e+07  3.19e+07   4.9e+10  4.91e+10
      100  6.23e+07  4.42e+07  7.09e+10   7.1e+10
      O-O   3.6e+08       ***  1.47e+11  1.48e+11

Reactant = W2   Temperature = 1.9e+03 K

   P(atm)        W1        P1        P2      Loss
      0.1  3.59e+06  1.55e+07  1.64e+10  1.64e+10
        1   1.4e+07  2.45e+07  2.82e+10  2.83e+10
       10  3.53e+07  3.65e+07  4.47e+10  4.48e+10
      100  7.27e+07     5e+07  6.44e+10  6.45e+10
      O-O     4e+08       ***  1.33e+11  1.33e+11

Reactant = W2   Temperature = 2e+03 K

   P(atm)        W1        P1        P2      Loss
      0.1   5.1e+06  1.73e+07  1.52e+10  1.52e+10
        1   1.8e+07  2.66e+07   2.6e+10   2.6e+10
       10  4.34e+07  3.89e+07  4.09e+10   4.1e+10
      100  8.65e+07  5.27e+07  5.86e+10  5.87e+10
      O-O   4.4e+08       ***   1.2e+11   1.2e+11

Reactant = P1   Temperature = 500 K

   P(atm)        W1        W2        P2      Loss
      0.1  8.99e-12  6.82e-22  1.53e-19  8.99e-12
        1  2.45e-11  2.27e-21  1.52e-19  2.45e-11
       10  5.26e-11  6.94e-21  1.47e-19  5.26e-11
      100  9.64e-11  1.98e-20  1.32e-19  9.64e-11
      O-O  1.91e-10       ***       ***  1.91e-10

Reactant = P1   Temperature = 600 K

   P(atm)        W1        W2        P2      Loss
      0.1  1.41e-11  9.35e-21  2.05e-18  1.41e-11
        1  3.21e-11  3.31e-20  2.03e-18  3.21e-11
       10   6.1e-11  1.01e-19  1.96e-18   6.1e-11
      100  1.02e-10  2.66e-19  1.76e-18  1.02e-10
      O-O  1.97e-10       ***       ***  1.97e-10

Reactant = P1   Temperature = 700 K

   P(atm)        W1        W2        P2      Loss
      0.1  1.83e-11  1.07e-19  1.51e-17  1.83e-11
        1  3.78e-11  3.51e-19  1.48e-17  3.78e-11
       10  6.75e-11  9.77e-19  1.42e-17  6.75e-11
      100  1.07e-10  2.24e-18  1.26e-17  1.07e-10
      O-O  2.03e-10       ***       ***  2.03e-10

Reactant = P1   Temperature = 800 K

   P(atm)        W1        W2        P2      Loss
      0.1  2.15e-11  7.34e-19  7.39e-17  2.15e-11
        1  4.24e-11  2.21e-18  7.24e-17  4.24e-11
       10  7.26e-11   5.6e-18  6.88e-17  7.26e-11
      100  1.11e-10  1.16e-17  6.06e-17  1.11e-10
      O-O  2.07e-10       ***       ***  2.07e-10

Reactant = P1   Temperature = 900 K

   P(atm)        W1        W2        P2      Loss
      0.1  2.38e-11  3.52e-18  2.71e-16  2.38e-11
        1  4.55e-11  9.75e-18  2.65e-16  4.55e-11
       10  7.59e-11  2.26e-17   2.5e-16  7.59e-11
      100  1.14e-10  4.29e-17  2.19e-16  1.14e-10
      O-O  2.11e-10       ***       ***  2.11e-10

Reactant = P1   Temperature = 1e+03 K

   P(atm)        W1        W2        P2      Loss
      0.1  2.51e-11  1.38e-17  8.02e-16  2.51e-11
        1   4.7e-11  3.54e-17  7.79e-16   4.7e-11
       10  7.75e-11  7.57e-17  7.31e-16  7.75e-11
      100  1.15e-10  1.33e-16  6.32e-16  1.15e-10
      O-O  2.15e-10       ***       ***  2.15e-10

Reactant = P1   Temperature = 1.1e+03 K

   P(atm)        W1        W2        P2      Loss
      0.1  2.64e-11  4.31e-17  2.02e-15  2.64e-11
        1  4.88e-11  1.03e-16  1.95e-15  4.88e-11
       10  7.93e-11  2.05e-16  1.82e-15  7.93e-11
      100  1.17e-10   3.4e-16  1.55e-15  1.17e-10
      O-O  2.18e-10       ***       ***  2.18e-10

Reactant = P1   Temperature = 1.2e+03 K

   P(atm)        W1        W2        P2      Loss
      0.1  2.77e-11  1.12e-16  4.46e-15  2.77e-11
        1  5.06e-11   2.5e-16   4.3e-15  5.06e-11
       10  8.13e-11   4.7e-16  3.99e-15  8.13e-11
      100  1.18e-10  7.45e-16  3.38e-15  1.18e-10
      O-O  2.22e-10       ***       ***  2.22e-10

Reactant = P1   Temperature = 1.3e+03 K

   P(atm)        W1        W2        P2      Loss
      0.1  2.91e-11  2.53e-16  8.94e-15  2.91e-11
        1  5.24e-11  5.28e-16  8.59e-15  5.24e-11
       10  8.33e-11  9.43e-16  7.92e-15  8.33e-11
      100   1.2e-10  1.44e-15  6.66e-15   1.2e-10
      O-O  2.25e-10       ***       ***  2.25e-10

Reactant = P1   Temperature = 1.4e+03 K

   P(atm)        W1        W2        P2      Loss
      0.1  3.04e-11  5.04e-16  1.65e-14  3.04e-11
        1  5.42e-11  9.92e-16  1.58e-14  5.42e-11
       10  8.54e-11   1.7e-15  1.45e-14  8.54e-11
      100  1.22e-10  2.53e-15  1.21e-14  1.22e-10
      O-O  2.27e-10       ***       ***  2.27e-10

Reactant = P1   Temperature = 1.5e+03 K

   P(atm)        W1        W2        P2      Loss
      0.1  3.17e-11  9.85e-16  2.84e-14  3.18e-11
        1   5.6e-11  1.84e-15  2.71e-14   5.6e-11
       10  8.75e-11  3.02e-15  2.47e-14  8.75e-11
      100  1.25e-10  4.35e-15  2.03e-14  1.25e-10
      O-O   2.3e-10       ***       ***   2.3e-10

Reactant = P1   Temperature = 1.6e+03 K

   P(atm)        W1        W2        P2      Loss
      0.1  3.31e-11  1.63e-15  4.64e-14  3.31e-11
        1  5.78e-11  2.89e-15  4.41e-14  5.78e-11
       10  8.96e-11   4.6e-15  4.01e-14  8.97e-11
      100  1.27e-10  6.54e-15  3.28e-14  1.27e-10
      O-O  2.32e-10       ***       ***  2.32e-10

Reactant = P1   Temperature = 1.7e+03 K

   P(atm)        W1        W2        P2      Loss
      0.1  3.42e-11  2.77e-15   7.2e-14  3.43e-11
        1  5.92e-11  4.79e-15  6.83e-14  5.93e-11
       10  9.12e-11  7.49e-15  6.17e-14  9.13e-11
      100  1.29e-10  1.05e-14     5e-14  1.29e-10
      O-O  2.35e-10       ***       ***  2.35e-10

Reactant = P1   Temperature = 1.8e+03 K

   P(atm)        W1        W2        P2      Loss
      0.1  3.47e-11  4.04e-15  1.08e-13  3.48e-11
        1     6e-11   6.7e-15  1.02e-13  6.01e-11
       10  9.22e-11  1.02e-14  9.19e-14  9.23e-11
      100   1.3e-10  1.41e-14  7.41e-14   1.3e-10
      O-O  2.37e-10       ***       ***  2.37e-10

Reactant = P1   Temperature = 1.9e+03 K

   P(atm)        W1        W2        P2      Loss
      0.1  3.51e-11  6.25e-15  1.55e-13  3.53e-11
        1  6.04e-11  1.02e-14  1.46e-13  6.06e-11
       10  9.27e-11  1.52e-14  1.31e-13  9.28e-11
      100   1.3e-10  2.09e-14  1.05e-13   1.3e-10
      O-O  2.39e-10       ***       ***  2.39e-10

Reactant = P1   Temperature = 2e+03 K

   P(atm)        W1        W2        P2      Loss
      0.1  3.64e-11  8.97e-15  2.17e-13  3.66e-11
        1  6.22e-11  1.42e-14  2.04e-13  6.24e-11
       10  9.48e-11  2.08e-14  1.82e-13   9.5e-11
      100  1.33e-10  2.81e-14  1.44e-13  1.33e-10
      O-O  2.41e-10       ***       ***  2.41e-10

Reactant = P2   Temperature = 500 K

   P(atm)        W1        W2        P1      Loss
      0.1  4.88e-22  6.91e-12  1.51e-15  6.91e-12
        1  4.93e-21   1.9e-11   1.5e-15   1.9e-11
       10  1.16e-19   4.2e-11  1.45e-15   4.2e-11
      100   1.4e-17  7.79e-11   1.3e-15  7.79e-11
      O-O       ***   1.9e-10       ***   1.9e-10

Reactant = P2   Temperature = 600 K

   P(atm)        W1        W2        P1      Loss
      0.1  1.63e-21  1.05e-11  3.66e-15  1.05e-11
        1  1.98e-20  2.46e-11  3.62e-15  2.46e-11
       10   4.2e-19  4.89e-11   3.5e-15  4.89e-11
      100  3.22e-17  8.37e-11  3.14e-15  8.37e-11
      O-O       ***  1.96e-10       ***  1.96e-10

Reactant = P2   Temperature = 700 K

   P(atm)        W1        W2        P1      Loss
      0.1  1.13e-20  1.41e-11  7.81e-15  1.41e-11
        1  8.59e-20  3.02e-11  7.68e-15  3.03e-11
       10   1.4e-18  5.61e-11  7.35e-15  5.61e-11
      100   7.2e-17  9.09e-11  6.53e-15  9.09e-11
      O-O       ***  2.01e-10       ***  2.01e-10

Reactant = P2   Temperature = 800 K

   P(atm)        W1        W2        P1      Loss
      0.1  9.42e-20   1.6e-11  1.49e-14   1.6e-11
        1  3.98e-19  3.31e-11  1.46e-14  3.31e-11
       10  4.55e-18  5.94e-11  1.39e-14  5.94e-11
      100  1.62e-16  9.39e-11  1.23e-14  9.39e-11
      O-O       ***  2.06e-10       ***  2.06e-10

Reactant = P2   Temperature = 900 K

   P(atm)        W1        W2        P1      Loss
      0.1  6.08e-19  1.74e-11  2.62e-14  1.74e-11
        1   1.8e-18   3.5e-11  2.56e-14   3.5e-11
       10  1.38e-17  6.16e-11  2.42e-14  6.16e-11
      100   3.4e-16  9.58e-11  2.11e-14  9.59e-11
      O-O       ***   2.1e-10       ***   2.1e-10

Reactant = P2   Temperature = 1e+03 K

   P(atm)        W1        W2        P1      Loss
      0.1  2.52e-18  1.91e-11  4.28e-14  1.91e-11
        1  5.99e-18  3.76e-11  4.16e-14  3.77e-11
       10  3.35e-17  6.49e-11   3.9e-14  6.49e-11
      100  6.16e-16  9.92e-11  3.37e-14  9.92e-11
      O-O       ***  2.13e-10       ***  2.13e-10

Reactant = P2   Temperature = 1.1e+03 K

   P(atm)        W1        W2        P1      Loss
      0.1  8.48e-18  2.05e-11  6.62e-14  2.06e-11
        1  1.75e-17  3.97e-11   6.4e-14  3.98e-11
       10  7.87e-17  6.74e-11  5.96e-14  6.75e-11
      100  1.09e-15  1.02e-10   5.1e-14  1.02e-10
      O-O       ***  2.17e-10       ***  2.17e-10

Reactant = P2   Temperature = 1.2e+03 K

   P(atm)        W1        W2        P1      Loss
      0.1  2.43e-17  2.17e-11  9.76e-14  2.18e-11
        1  4.59e-17  4.14e-11  9.41e-14  4.15e-11
       10  1.78e-16  6.94e-11  8.72e-14  6.95e-11
      100  1.87e-15  1.04e-10  7.39e-14  1.04e-10
      O-O       ***   2.2e-10       ***   2.2e-10

Reactant = P2   Temperature = 1.3e+03 K

   P(atm)        W1        W2        P1      Loss
      0.1  6.06e-17  2.26e-11  1.39e-13  2.27e-11
        1  1.12e-16  4.27e-11  1.33e-13  4.28e-11
       10  3.84e-16   7.1e-11  1.23e-13  7.11e-11
      100  3.13e-15  1.05e-10  1.03e-13  1.05e-10
      O-O       ***  2.23e-10       ***  2.23e-10

Reactant = P2   Temperature = 1.4e+03 K

   P(atm)        W1        W2        P1      Loss
      0.1  1.35e-16  2.33e-11  1.91e-13  2.35e-11
        1  2.55e-16  4.37e-11  1.83e-13  4.39e-11
       10   7.9e-16  7.22e-11  1.68e-13  7.24e-11
      100  5.11e-15  1.07e-10   1.4e-13  1.07e-10
      O-O       ***  2.26e-10       ***  2.26e-10

Reactant = P2   Temperature = 1.5e+03 K

   P(atm)        W1        W2        P1      Loss
      0.1  2.61e-16  2.47e-11  2.55e-13   2.5e-11
        1  4.82e-16  4.58e-11  2.43e-13  4.61e-11
       10  1.38e-15  7.48e-11  2.22e-13  7.51e-11
      100  7.65e-15  1.09e-10  1.83e-13   1.1e-10
      O-O       ***  2.28e-10       ***  2.28e-10

Reactant = P2   Temperature = 1.6e+03 K

   P(atm)        W1        W2        P1      Loss
      0.1  4.98e-16  2.52e-11  3.34e-13  2.56e-11
        1   9.9e-16  4.64e-11  3.18e-13  4.68e-11
       10  2.59e-15  7.55e-11  2.88e-13  7.58e-11
      100  1.19e-14   1.1e-10  2.36e-13  1.11e-10
      O-O       ***  2.31e-10       ***  2.31e-10

Reactant = P2   Temperature = 1.7e+03 K

   P(atm)        W1        W2        P1      Loss
      0.1  6.87e-16  2.71e-11  4.27e-13  2.75e-11
        1  1.42e-15  4.91e-11  4.05e-13  4.95e-11
       10  3.57e-15  7.88e-11  3.66e-13  7.92e-11
      100  1.56e-14  1.14e-10  2.97e-13  1.14e-10
      O-O       ***  2.33e-10       ***  2.33e-10

Reactant = P2   Temperature = 1.8e+03 K

   P(atm)        W1        W2        P1      Loss
      0.1  1.28e-15  2.67e-11  5.38e-13  2.72e-11
        1  2.66e-15  4.85e-11  5.09e-13   4.9e-11
       10  6.22e-15  7.81e-11  4.59e-13  7.85e-11
      100  2.35e-14  1.13e-10   3.7e-13  1.13e-10
      O-O       ***  2.35e-10       ***  2.35e-10

Reactant = P2   Temperature = 1.9e+03 K

   P(atm)        W1        W2        P1      Loss
      0.1  1.75e-15  2.77e-11  6.65e-13  2.84e-11
        1  3.54e-15  4.99e-11  6.28e-13  5.06e-11
       10  8.07e-15  7.99e-11  5.63e-13  8.05e-11
      100  2.97e-14  1.15e-10  4.51e-13  1.16e-10
      O-O       ***  2.37e-10       ***  2.37e-10

Reactant = P2   Temperature = 2e+03 K

   P(atm)        W1        W2        P1      Loss
      0.1  2.71e-15  2.86e-11  8.11e-13  2.94e-11
        1  5.54e-15  5.13e-11  7.63e-13  5.21e-11
       10   1.2e-14  8.16e-11   6.8e-13  8.23e-11
      100  4.04e-14  1.17e-10  5.39e-13  1.18e-10
      O-O       ***  2.39e-10       ***  2.39e-10

______________________________________________________________________________________

Temperature-Species Rate Tables:

Reactant = W1   Pressure = 0.1 atm

   T(K)        W2        P1        P2      Loss   Capture
    500 -3.85e-07  1.01e+10  2.51e-05  1.01e+10  2.12e+11
    600 -3.12e-05  1.61e+10  0.000247  1.61e+10   2.2e+11
    700  -0.00248  1.95e+10   0.00278  1.95e+10  2.11e+11
    800     0.297  2.08e+10    0.0266  2.08e+10  1.94e+11
    900      5.42  2.04e+10      0.22  2.04e+10  1.75e+11
  1e+03      41.9  1.89e+10     0.982  1.89e+10  1.56e+11
1.1e+03       245  1.74e+10      4.05  1.74e+10  1.39e+11
1.2e+03  1.13e+03   1.6e+10      18.7   1.6e+10  1.23e+11
1.3e+03  4.31e+03  1.46e+10      95.6  1.46e+10  1.09e+11
1.4e+03  1.37e+04  1.34e+10       463  1.34e+10  9.67e+10
1.5e+03  3.24e+04  1.23e+10  1.28e+03  1.23e+10  8.61e+10
1.6e+03  7.84e+04  1.13e+10  4.79e+03  1.13e+10  7.69e+10
1.7e+03  1.41e+05  1.03e+10  8.86e+03  1.03e+10  6.88e+10
1.8e+03  2.55e+05  9.36e+09  2.23e+04  9.36e+09  6.18e+10
1.9e+03  3.71e+05  8.43e+09  3.19e+04  8.43e+09  5.57e+10
  2e+03  5.98e+05  7.82e+09   6.1e+04  7.83e+09  5.03e+10

Reactant = W1   Pressure = 1 atm

   T(K)        W2        P1        P2      Loss   Capture
    500 -6.89e-06  2.72e+10  0.000279  2.72e+10  2.12e+11
    600  -0.00043  3.59e+10   0.00635  3.59e+10   2.2e+11
    700     0.355  3.96e+10    0.0746  3.96e+10  2.11e+11
    800      10.3     4e+10     0.618     4e+10  1.94e+11
    900       140  3.79e+10      4.59  3.79e+10  1.75e+11
  1e+03       871  3.44e+10      23.4  3.44e+10  1.56e+11
1.1e+03  3.91e+03  3.12e+10       114  3.12e+10  1.39e+11
1.2e+03  1.36e+04  2.82e+10       500  2.82e+10  1.23e+11
1.3e+03  3.88e+04  2.56e+10  1.88e+03  2.56e+10  1.09e+11
1.4e+03   9.4e+04  2.32e+10  6.06e+03  2.32e+10  9.67e+10
1.5e+03  1.92e+05  2.11e+10  1.39e+04  2.11e+10  8.61e+10
1.6e+03   3.7e+05  1.92e+10  3.53e+04  1.92e+10  7.69e+10
1.7e+03     6e+05  1.74e+10  5.69e+04  1.74e+10  6.88e+10
1.8e+03  9.65e+05  1.57e+10  1.17e+05  1.57e+10  6.18e+10
1.9e+03  1.36e+06  1.41e+10  1.62e+05  1.41e+10  5.57e+10
  2e+03  2.01e+06   1.3e+10  2.68e+05   1.3e+10  5.03e+10

Reactant = W1   Pressure = 10 atm

   T(K)        W2        P1        P2      Loss   Capture
    500    0.0145  5.82e+10    0.0112  5.82e+10  2.12e+11
    600     0.442   6.8e+10     0.225   6.8e+10   2.2e+11
    700      10.4  7.03e+10      2.38  7.03e+10  2.11e+11
    800       160  6.81e+10      18.1  6.81e+10  1.94e+11
    900  1.32e+03   6.3e+10       104   6.3e+10  1.75e+11
  1e+03  6.23e+03  5.64e+10       401  5.64e+10  1.56e+11
1.1e+03  2.21e+04  5.04e+10  1.36e+03  5.04e+10  1.39e+11
1.2e+03  6.33e+04  4.51e+10  4.12e+03  4.51e+10  1.23e+11
1.3e+03  1.53e+05  4.05e+10  1.12e+04  4.05e+10  1.09e+11
1.4e+03  3.22e+05  3.64e+10  2.76e+04  3.64e+10  9.67e+10
1.5e+03  6.07e+05  3.28e+10  5.48e+04  3.28e+10  8.61e+10
1.6e+03  1.06e+06  2.97e+10  1.15e+05  2.97e+10  7.69e+10
1.7e+03  1.63e+06  2.67e+10  1.72e+05  2.67e+10  6.88e+10
1.8e+03  2.48e+06   2.4e+10  3.17e+05   2.4e+10  6.18e+10
1.9e+03  3.43e+06  2.16e+10  4.27e+05  2.16e+10  5.57e+10
  2e+03  4.83e+06  1.98e+10  6.55e+05  1.98e+10  5.03e+10

Reactant = W1   Pressure = 100 atm

   T(K)        W2        P1        P2      Loss   Capture
    500      1.08  1.07e+11      1.57  1.07e+11  2.12e+11
    600      18.5  1.14e+11      19.9  1.14e+11   2.2e+11
    700       210  1.11e+11       143  1.11e+11  2.11e+11
    800  1.56e+03  1.04e+11       745  1.04e+11  1.94e+11
    900  7.91e+03  9.44e+10  2.89e+03  9.44e+10  1.75e+11
  1e+03  2.86e+04  8.36e+10  8.31e+03  8.36e+10  1.56e+11
1.1e+03  8.34e+04   7.4e+10  2.09e+04   7.4e+10  1.39e+11
1.2e+03  2.04e+05  6.57e+10   4.7e+04  6.57e+10  1.23e+11
1.3e+03  4.37e+05  5.84e+10  9.72e+04  5.84e+10  1.09e+11
1.4e+03  8.37e+05  5.21e+10  1.87e+05  5.21e+10  9.67e+10
1.5e+03  1.47e+06  4.67e+10  3.18e+05  4.67e+10  8.61e+10
1.6e+03   2.4e+06  4.19e+10  5.47e+05  4.19e+10  7.69e+10
1.7e+03  3.58e+06  3.77e+10  7.71e+05  3.77e+10  6.88e+10
1.8e+03  5.19e+06  3.38e+10  1.22e+06  3.38e+10  6.18e+10
1.9e+03  7.05e+06  3.03e+10  1.61e+06  3.03e+10  5.57e+10
  2e+03  9.62e+06  2.76e+10  2.24e+06  2.76e+10  5.03e+10

Reactant = W2   Pressure = 0.1 atm

   T(K)        W1        P1        P2      Loss   Capture
    500    -0.359  1.83e+04  1.88e+10  1.88e+10  5.06e+11
    600     -1.71  4.65e+04  2.92e+10  2.92e+10  5.24e+11
    700     -15.8  1.46e+05  3.71e+10  3.71e+10  5.03e+11
    800      51.2  3.55e+05  3.82e+10  3.82e+10  4.63e+11
    900       743  7.21e+05  3.68e+10  3.68e+10  4.18e+11
  1e+03  3.39e+03  1.38e+06  3.56e+10  3.56e+10  3.73e+11
1.1e+03  1.34e+04   2.3e+06  3.35e+10  3.35e+10  3.31e+11
1.2e+03  4.51e+04  3.48e+06  3.09e+10  3.09e+10  2.93e+11
1.3e+03  1.31e+05  4.85e+06  2.82e+10  2.82e+10   2.6e+11
1.4e+03   3.3e+05   6.3e+06  2.55e+10  2.55e+10  2.31e+11
1.5e+03  6.13e+05  8.37e+06  2.38e+10  2.38e+10  2.06e+11
1.6e+03  1.24e+06  9.74e+06  2.13e+10  2.14e+10  1.84e+11
1.7e+03  1.87e+06   1.2e+07  2.01e+10  2.01e+10  1.64e+11
1.8e+03  2.87e+06  1.31e+07  1.77e+10  1.78e+10  1.48e+11
1.9e+03  3.59e+06  1.55e+07  1.64e+10  1.64e+10  1.33e+11
  2e+03   5.1e+06  1.73e+07  1.52e+10  1.52e+10   1.2e+11

Reactant = W2   Pressure = 1 atm

   T(K)        W1        P1        P2      Loss   Capture
    500      -3.3  5.99e+04  5.09e+10  5.09e+10  5.06e+11
    600     -14.1   1.6e+05  6.64e+10  6.64e+10  5.24e+11
    700       384  4.59e+05  7.65e+10  7.65e+10  5.03e+11
    800  4.75e+03  1.02e+06  7.54e+10  7.54e+10  4.63e+11
    900  3.16e+04   1.9e+06  7.06e+10  7.06e+10  4.18e+11
  1e+03  1.09e+05  3.34e+06  6.66e+10  6.66e+10  3.73e+11
1.1e+03  3.02e+05   5.2e+06  6.15e+10  6.15e+10  3.31e+11
1.2e+03  7.03e+05  7.37e+06  5.59e+10  5.59e+10  2.93e+11
1.3e+03  1.43e+06  9.65e+06  5.05e+10  5.05e+10   2.6e+11
1.4e+03  2.58e+06  1.18e+07  4.53e+10  4.53e+10  2.31e+11
1.5e+03   4.1e+06   1.5e+07  4.18e+10  4.18e+10  2.06e+11
1.6e+03  6.35e+06  1.66e+07  3.74e+10  3.74e+10  1.84e+11
1.7e+03  8.49e+06  2.01e+07  3.49e+10  3.49e+10  1.64e+11
1.8e+03  1.15e+07   2.1e+07  3.07e+10  3.08e+10  1.48e+11
1.9e+03   1.4e+07  2.45e+07  2.82e+10  2.83e+10  1.33e+11
  2e+03   1.8e+07  2.66e+07   2.6e+10   2.6e+10   1.2e+11

Reactant = W2   Pressure = 10 atm

   T(K)        W1        P1        P2      Loss   Capture
    500       322  1.82e+05  1.12e+11  1.12e+11  5.06e+11
    600  1.82e+03  4.85e+05  1.31e+11  1.31e+11  5.24e+11
    700  1.26e+04  1.27e+06  1.41e+11  1.41e+11  5.03e+11
    800   7.7e+04  2.56e+06  1.34e+11  1.34e+11  4.63e+11
    900  3.05e+05  4.37e+06  1.23e+11  1.23e+11  4.18e+11
  1e+03  7.97e+05  7.07e+06  1.14e+11  1.14e+11  3.73e+11
1.1e+03  1.74e+06  1.03e+07  1.03e+11  1.03e+11  3.31e+11
1.2e+03  3.32e+06  1.37e+07  9.28e+10  9.28e+10  2.93e+11
1.3e+03  5.68e+06  1.71e+07   8.3e+10   8.3e+10   2.6e+11
1.4e+03  8.95e+06  2.01e+07   7.4e+10  7.41e+10  2.31e+11
1.5e+03  1.31e+07  2.44e+07  6.75e+10  6.75e+10  2.06e+11
1.6e+03  1.83e+07  2.63e+07  6.02e+10  6.02e+10  1.84e+11
1.7e+03  2.32e+07  3.13e+07  5.56e+10  5.57e+10  1.64e+11
1.8e+03  2.97e+07  3.19e+07   4.9e+10  4.91e+10  1.48e+11
1.9e+03  3.53e+07  3.65e+07  4.47e+10  4.48e+10  1.33e+11
  2e+03  4.34e+07  3.89e+07  4.09e+10   4.1e+10   1.2e+11

Reactant = W2   Pressure = 100 atm

   T(K)        W1        P1        P2      Loss   Capture
    500  2.53e+04  5.19e+05  2.07e+11  2.07e+11  5.06e+11
    600  7.91e+04  1.27e+06  2.24e+11  2.24e+11  5.24e+11
    700   2.6e+05  2.91e+06  2.28e+11  2.28e+11  5.03e+11
    800  7.58e+05  5.27e+06  2.12e+11  2.12e+11  4.63e+11
    900  1.84e+06  8.27e+06  1.91e+11  1.91e+11  4.18e+11
  1e+03  3.67e+06  1.24e+07  1.73e+11  1.73e+11  3.73e+11
1.1e+03  6.57e+06  1.71e+07  1.55e+11  1.55e+11  3.31e+11
1.2e+03  1.07e+07  2.17e+07  1.38e+11  1.38e+11  2.93e+11
1.3e+03  1.63e+07  2.61e+07  1.23e+11  1.23e+11   2.6e+11
1.4e+03  2.33e+07  2.99e+07  1.09e+11  1.09e+11  2.31e+11
1.5e+03  3.18e+07  3.51e+07  9.86e+10  9.86e+10  2.06e+11
1.6e+03  4.15e+07  3.74e+07  8.77e+10  8.77e+10  1.84e+11
1.7e+03   5.1e+07  4.36e+07  8.02e+10  8.03e+10  1.64e+11
1.8e+03  6.23e+07  4.42e+07  7.09e+10   7.1e+10  1.48e+11
1.9e+03  7.27e+07     5e+07  6.44e+10  6.45e+10  1.33e+11
  2e+03  8.65e+07  5.27e+07  5.86e+10  5.87e+10   1.2e+11

Reactant = P1   Pressure = 0.1 atm

   T(K)        W1        W2        P2      Loss   Capture
    500  8.99e-12  6.82e-22  1.53e-19  8.99e-12  1.91e-10
    600  1.41e-11  9.35e-21  2.05e-18  1.41e-11  1.97e-10
    700  1.83e-11  1.07e-19  1.51e-17  1.83e-11  2.03e-10
    800  2.15e-11  7.34e-19  7.39e-17  2.15e-11  2.07e-10
    900  2.38e-11  3.52e-18  2.71e-16  2.38e-11  2.11e-10
  1e+03  2.51e-11  1.38e-17  8.02e-16  2.51e-11  2.15e-10
1.1e+03  2.64e-11  4.31e-17  2.02e-15  2.64e-11  2.18e-10
1.2e+03  2.77e-11  1.12e-16  4.46e-15  2.77e-11  2.22e-10
1.3e+03  2.91e-11  2.53e-16  8.94e-15  2.91e-11  2.25e-10
1.4e+03  3.04e-11  5.04e-16  1.65e-14  3.04e-11  2.27e-10
1.5e+03  3.17e-11  9.85e-16  2.84e-14  3.18e-11   2.3e-10
1.6e+03  3.31e-11  1.63e-15  4.64e-14  3.31e-11  2.32e-10
1.7e+03  3.42e-11  2.77e-15   7.2e-14  3.43e-11  2.35e-10
1.8e+03  3.47e-11  4.04e-15  1.08e-13  3.48e-11  2.37e-10
1.9e+03  3.51e-11  6.25e-15  1.55e-13  3.53e-11  2.39e-10
  2e+03  3.64e-11  8.97e-15  2.17e-13  3.66e-11  2.41e-10

Reactant = P1   Pressure = 1 atm

   T(K)        W1        W2        P2      Loss   Capture
    500  2.45e-11  2.27e-21  1.52e-19  2.45e-11  1.91e-10
    600  3.21e-11  3.31e-20  2.03e-18  3.21e-11  1.97e-10
    700  3.78e-11  3.51e-19  1.48e-17  3.78e-11  2.03e-10
    800  4.24e-11  2.21e-18  7.24e-17  4.24e-11  2.07e-10
    900  4.55e-11  9.75e-18  2.65e-16  4.55e-11  2.11e-10
  1e+03   4.7e-11  3.54e-17  7.79e-16   4.7e-11  2.15e-10
1.1e+03  4.88e-11  1.03e-16  1.95e-15  4.88e-11  2.18e-10
1.2e+03  5.06e-11   2.5e-16   4.3e-15  5.06e-11  2.22e-10
1.3e+03  5.24e-11  5.28e-16  8.59e-15  5.24e-11  2.25e-10
1.4e+03  5.42e-11  9.92e-16  1.58e-14  5.42e-11  2.27e-10
1.5e+03   5.6e-11  1.84e-15  2.71e-14   5.6e-11   2.3e-10
1.6e+03  5.78e-11  2.89e-15  4.41e-14  5.78e-11  2.32e-10
1.7e+03  5.92e-11  4.79e-15  6.83e-14  5.93e-11  2.35e-10
1.8e+03     6e-11   6.7e-15  1.02e-13  6.01e-11  2.37e-10
1.9e+03  6.04e-11  1.02e-14  1.46e-13  6.06e-11  2.39e-10
  2e+03  6.22e-11  1.42e-14  2.04e-13  6.24e-11  2.41e-10

Reactant = P1   Pressure = 10 atm

   T(K)        W1        W2        P2      Loss   Capture
    500  5.26e-11  6.94e-21  1.47e-19  5.26e-11  1.91e-10
    600   6.1e-11  1.01e-19  1.96e-18   6.1e-11  1.97e-10
    700  6.75e-11  9.77e-19  1.42e-17  6.75e-11  2.03e-10
    800  7.26e-11   5.6e-18  6.88e-17  7.26e-11  2.07e-10
    900  7.59e-11  2.26e-17   2.5e-16  7.59e-11  2.11e-10
  1e+03  7.75e-11  7.57e-17  7.31e-16  7.75e-11  2.15e-10
1.1e+03  7.93e-11  2.05e-16  1.82e-15  7.93e-11  2.18e-10
1.2e+03  8.13e-11   4.7e-16  3.99e-15  8.13e-11  2.22e-10
1.3e+03  8.33e-11  9.43e-16  7.92e-15  8.33e-11  2.25e-10
1.4e+03  8.54e-11   1.7e-15  1.45e-14  8.54e-11  2.27e-10
1.5e+03  8.75e-11  3.02e-15  2.47e-14  8.75e-11   2.3e-10
1.6e+03  8.96e-11   4.6e-15  4.01e-14  8.97e-11  2.32e-10
1.7e+03  9.12e-11  7.49e-15  6.17e-14  9.13e-11  2.35e-10
1.8e+03  9.22e-11  1.02e-14  9.19e-14  9.23e-11  2.37e-10
1.9e+03  9.27e-11  1.52e-14  1.31e-13  9.28e-11  2.39e-10
  2e+03  9.48e-11  2.08e-14  1.82e-13   9.5e-11  2.41e-10

Reactant = P1   Pressure = 100 atm

   T(K)        W1        W2        P2      Loss   Capture
    500  9.64e-11  1.98e-20  1.32e-19  9.64e-11  1.91e-10
    600  1.02e-10  2.66e-19  1.76e-18  1.02e-10  1.97e-10
    700  1.07e-10  2.24e-18  1.26e-17  1.07e-10  2.03e-10
    800  1.11e-10  1.16e-17  6.06e-17  1.11e-10  2.07e-10
    900  1.14e-10  4.29e-17  2.19e-16  1.14e-10  2.11e-10
  1e+03  1.15e-10  1.33e-16  6.32e-16  1.15e-10  2.15e-10
1.1e+03  1.17e-10   3.4e-16  1.55e-15  1.17e-10  2.18e-10
1.2e+03  1.18e-10  7.45e-16  3.38e-15  1.18e-10  2.22e-10
1.3e+03   1.2e-10  1.44e-15  6.66e-15   1.2e-10  2.25e-10
1.4e+03  1.22e-10  2.53e-15  1.21e-14  1.22e-10  2.27e-10
1.5e+03  1.25e-10  4.35e-15  2.03e-14  1.25e-10   2.3e-10
1.6e+03  1.27e-10  6.54e-15  3.28e-14  1.27e-10  2.32e-10
1.7e+03  1.29e-10  1.05e-14     5e-14  1.29e-10  2.35e-10
1.8e+03   1.3e-10  1.41e-14  7.41e-14   1.3e-10  2.37e-10
1.9e+03   1.3e-10  2.09e-14  1.05e-13   1.3e-10  2.39e-10
  2e+03  1.33e-10  2.81e-14  1.44e-13  1.33e-10  2.41e-10

Reactant = P2   Pressure = 0.1 atm

   T(K)        W1        W2        P1      Loss   Capture
    500  4.88e-22  6.91e-12  1.51e-15  6.91e-12   1.9e-10
    600  1.63e-21  1.05e-11  3.66e-15  1.05e-11  1.96e-10
    700  1.13e-20  1.41e-11  7.81e-15  1.41e-11  2.01e-10
    800  9.42e-20   1.6e-11  1.49e-14   1.6e-11  2.06e-10
    900  6.08e-19  1.74e-11  2.62e-14  1.74e-11   2.1e-10
  1e+03  2.52e-18  1.91e-11  4.28e-14  1.91e-11  2.13e-10
1.1e+03  8.48e-18  2.05e-11  6.62e-14  2.06e-11  2.17e-10
1.2e+03  2.43e-17  2.17e-11  9.76e-14  2.18e-11   2.2e-10
1.3e+03  6.06e-17  2.26e-11  1.39e-13  2.27e-11  2.23e-10
1.4e+03  1.35e-16  2.33e-11  1.91e-13  2.35e-11  2.26e-10
1.5e+03  2.61e-16  2.47e-11  2.55e-13   2.5e-11  2.28e-10
1.6e+03  4.98e-16  2.52e-11  3.34e-13  2.56e-11  2.31e-10
1.7e+03  6.87e-16  2.71e-11  4.27e-13  2.75e-11  2.33e-10
1.8e+03  1.28e-15  2.67e-11  5.38e-13  2.72e-11  2.35e-10
1.9e+03  1.75e-15  2.77e-11  6.65e-13  2.84e-11  2.37e-10
  2e+03  2.71e-15  2.86e-11  8.11e-13  2.94e-11  2.39e-10

Reactant = P2   Pressure = 1 atm

   T(K)        W1        W2        P1      Loss   Capture
    500  4.93e-21   1.9e-11   1.5e-15   1.9e-11   1.9e-10
    600  1.98e-20  2.46e-11  3.62e-15  2.46e-11  1.96e-10
    700  8.59e-20  3.02e-11  7.68e-15  3.03e-11  2.01e-10
    800  3.98e-19  3.31e-11  1.46e-14  3.31e-11  2.06e-10
    900   1.8e-18   3.5e-11  2.56e-14   3.5e-11   2.1e-10
  1e+03  5.99e-18  3.76e-11  4.16e-14  3.77e-11  2.13e-10
1.1e+03  1.75e-17  3.97e-11   6.4e-14  3.98e-11  2.17e-10
1.2e+03  4.59e-17  4.14e-11  9.41e-14  4.15e-11   2.2e-10
1.3e+03  1.12e-16  4.27e-11  1.33e-13  4.28e-11  2.23e-10
1.4e+03  2.55e-16  4.37e-11  1.83e-13  4.39e-11  2.26e-10
1.5e+03  4.82e-16  4.58e-11  2.43e-13  4.61e-11  2.28e-10
1.6e+03   9.9e-16  4.64e-11  3.18e-13  4.68e-11  2.31e-10
1.7e+03  1.42e-15  4.91e-11  4.05e-13  4.95e-11  2.33e-10
1.8e+03  2.66e-15  4.85e-11  5.09e-13   4.9e-11  2.35e-10
1.9e+03  3.54e-15  4.99e-11  6.28e-13  5.06e-11  2.37e-10
  2e+03  5.54e-15  5.13e-11  7.63e-13  5.21e-11  2.39e-10

Reactant = P2   Pressure = 10 atm

   T(K)        W1        W2        P1      Loss   Capture
    500  1.16e-19   4.2e-11  1.45e-15   4.2e-11   1.9e-10
    600   4.2e-19  4.89e-11   3.5e-15  4.89e-11  1.96e-10
    700   1.4e-18  5.61e-11  7.35e-15  5.61e-11  2.01e-10
    800  4.55e-18  5.94e-11  1.39e-14  5.94e-11  2.06e-10
    900  1.38e-17  6.16e-11  2.42e-14  6.16e-11   2.1e-10
  1e+03  3.35e-17  6.49e-11   3.9e-14  6.49e-11  2.13e-10
1.1e+03  7.87e-17  6.74e-11  5.96e-14  6.75e-11  2.17e-10
1.2e+03  1.78e-16  6.94e-11  8.72e-14  6.95e-11   2.2e-10
1.3e+03  3.84e-16   7.1e-11  1.23e-13  7.11e-11  2.23e-10
1.4e+03   7.9e-16  7.22e-11  1.68e-13  7.24e-11  2.26e-10
1.5e+03  1.38e-15  7.48e-11  2.22e-13  7.51e-11  2.28e-10
1.6e+03  2.59e-15  7.55e-11  2.88e-13  7.58e-11  2.31e-10
1.7e+03  3.57e-15  7.88e-11  3.66e-13  7.92e-11  2.33e-10
1.8e+03  6.22e-15  7.81e-11  4.59e-13  7.85e-11  2.35e-10
1.9e+03  8.07e-15  7.99e-11  5.63e-13  8.05e-11  2.37e-10
  2e+03   1.2e-14  8.16e-11   6.8e-13  8.23e-11  2.39e-10

Reactant = P2   Pressure = 100 atm

   T(K)        W1        W2        P1      Loss   Capture
    500   1.4e-17  7.79e-11   1.3e-15  7.79e-11   1.9e-10
    600  3.22e-17  8.37e-11  3.14e-15  8.37e-11  1.96e-10
    700   7.2e-17  9.09e-11  6.53e-15  9.09e-11  2.01e-10
    800  1.62e-16  9.39e-11  1.23e-14  9.39e-11  2.06e-10
    900   3.4e-16  9.58e-11  2.11e-14  9.59e-11   2.1e-10
  1e+03  6.16e-16  9.92e-11  3.37e-14  9.92e-11  2.13e-10
1.1e+03  1.09e-15  1.02e-10   5.1e-14  1.02e-10  2.17e-10
1.2e+03  1.87e-15  1.04e-10  7.39e-14  1.04e-10   2.2e-10
1.3e+03  3.13e-15  1.05e-10  1.03e-13  1.05e-10  2.23e-10
1.4e+03  5.11e-15  1.07e-10   1.4e-13  1.07e-10  2.26e-10
1.5e+03  7.65e-15  1.09e-10  1.83e-13   1.1e-10  2.28e-10
1.6e+03  1.19e-14   1.1e-10  2.36e-13  1.11e-10  2.31e-10
1.7e+03  1.56e-14  1.14e-10  2.97e-13  1.14e-10  2.33e-10
1.8e+03  2.35e-14  1.13e-10   3.7e-13  1.13e-10  2.35e-10
1.9e+03  2.97e-14  1.15e-10  4.51e-13  1.16e-10  2.37e-10
  2e+03  4.04e-14  1.17e-10  5.39e-13  1.18e-10  2.39e-10

______________________________________________________________________________________

Temperature-Pressure Rate Tables:

W1->W2

P\T           500       600       700       800       900     1e+03   1.1e+03   1.2e+03   1.3e+03   1.4e+03   1.5e+03   1.6e+03   1.7e+03   1.8e+03   1.9e+03     2e+03
0.1     -3.85e-07 -3.12e-05  -0.00248     0.297      5.42      41.9       245  1.13e+03  4.31e+03  1.37e+04  3.24e+04  7.84e+04  1.41e+05  2.55e+05  3.71e+05  5.98e+05
1       -6.89e-06  -0.00043     0.355      10.3       140       871  3.91e+03  1.36e+04  3.88e+04   9.4e+04  1.92e+05   3.7e+05     6e+05  9.65e+05  1.36e+06  2.01e+06
10         0.0145     0.442      10.4       160  1.32e+03  6.23e+03  2.21e+04  6.33e+04  1.53e+05  3.22e+05  6.07e+05  1.06e+06  1.63e+06  2.48e+06  3.43e+06  4.83e+06
100          1.08      18.5       210  1.56e+03  7.91e+03  2.86e+04  8.34e+04  2.04e+05  4.37e+05  8.37e+05  1.47e+06   2.4e+06  3.58e+06  5.19e+06  7.05e+06  9.62e+06
O-O           171   2.3e+03  1.59e+04  7.02e+04  2.29e+05  5.96e+05  1.32e+06  2.56e+06  4.51e+06  7.33e+06  1.12e+07  1.62e+07  2.24e+07     3e+07  3.88e+07  4.89e+07

W1->P1

P\T           500       600       700       800       900     1e+03   1.1e+03   1.2e+03   1.3e+03   1.4e+03   1.5e+03   1.6e+03   1.7e+03   1.8e+03   1.9e+03     2e+03
0.1      1.01e+10  1.61e+10  1.95e+10  2.08e+10  2.04e+10  1.89e+10  1.74e+10   1.6e+10  1.46e+10  1.34e+10  1.23e+10  1.13e+10  1.03e+10  9.36e+09  8.43e+09  7.82e+09
1        2.72e+10  3.59e+10  3.96e+10     4e+10  3.79e+10  3.44e+10  3.12e+10  2.82e+10  2.56e+10  2.32e+10  2.11e+10  1.92e+10  1.74e+10  1.57e+10  1.41e+10   1.3e+10
10       5.82e+10   6.8e+10  7.03e+10  6.81e+10   6.3e+10  5.64e+10  5.04e+10  4.51e+10  4.05e+10  3.64e+10  3.28e+10  2.97e+10  2.67e+10   2.4e+10  2.16e+10  1.98e+10
100      1.07e+11  1.14e+11  1.11e+11  1.04e+11  9.44e+10  8.36e+10   7.4e+10  6.57e+10  5.84e+10  5.21e+10  4.67e+10  4.19e+10  3.77e+10  3.38e+10  3.03e+10  2.76e+10
O-O      2.12e+11   2.2e+11  2.11e+11  1.94e+11  1.75e+11  1.56e+11  1.39e+11  1.23e+11  1.09e+11  9.67e+10  8.61e+10  7.68e+10  6.88e+10  6.18e+10  5.56e+10  5.02e+10

W1->P2

P\T           500       600       700       800       900     1e+03   1.1e+03   1.2e+03   1.3e+03   1.4e+03   1.5e+03   1.6e+03   1.7e+03   1.8e+03   1.9e+03     2e+03
0.1      2.51e-05  0.000247   0.00278    0.0266      0.22     0.982      4.05      18.7      95.6       463  1.28e+03  4.79e+03  8.86e+03  2.23e+04  3.19e+04   6.1e+04
1        0.000279   0.00635    0.0746     0.618      4.59      23.4       114       500  1.88e+03  6.06e+03  1.39e+04  3.53e+04  5.69e+04  1.17e+05  1.62e+05  2.68e+05
10         0.0112     0.225      2.38      18.1       104       401  1.36e+03  4.12e+03  1.12e+04  2.76e+04  5.48e+04  1.15e+05  1.72e+05  3.17e+05  4.27e+05  6.55e+05
100          1.57      19.9       143       745  2.89e+03  8.31e+03  2.09e+04   4.7e+04  9.72e+04  1.87e+05  3.18e+05  5.47e+05  7.71e+05  1.22e+06  1.61e+06  2.24e+06
O-O           ***       ***       ***       ***       ***       ***       ***       ***       ***       ***       ***       ***       ***       ***       ***       ***

W2->W1

P\T           500       600       700       800       900     1e+03   1.1e+03   1.2e+03   1.3e+03   1.4e+03   1.5e+03   1.6e+03   1.7e+03   1.8e+03   1.9e+03     2e+03
0.1        -0.359     -1.71     -15.8      51.2       743  3.39e+03  1.34e+04  4.51e+04  1.31e+05   3.3e+05  6.13e+05  1.24e+06  1.87e+06  2.87e+06  3.59e+06   5.1e+06
1            -3.3     -14.1       384  4.75e+03  3.16e+04  1.09e+05  3.02e+05  7.03e+05  1.43e+06  2.58e+06   4.1e+06  6.35e+06  8.49e+06  1.15e+07   1.4e+07   1.8e+07
10            322  1.82e+03  1.26e+04   7.7e+04  3.05e+05  7.97e+05  1.74e+06  3.32e+06  5.68e+06  8.95e+06  1.31e+07  1.83e+07  2.32e+07  2.97e+07  3.53e+07  4.34e+07
100      2.53e+04  7.91e+04   2.6e+05  7.58e+05  1.84e+06  3.67e+06  6.57e+06  1.07e+07  1.63e+07  2.33e+07  3.18e+07  4.15e+07   5.1e+07  6.23e+07  7.27e+07  8.65e+07
O-O      4.06e+06  9.89e+06  1.97e+07  3.41e+07  5.31e+07  7.65e+07  1.04e+08  1.34e+08  1.68e+08  2.04e+08  2.41e+08   2.8e+08   3.2e+08   3.6e+08     4e+08   4.4e+08

W2->P1

P\T           500       600       700       800       900     1e+03   1.1e+03   1.2e+03   1.3e+03   1.4e+03   1.5e+03   1.6e+03   1.7e+03   1.8e+03   1.9e+03     2e+03
0.1      1.83e+04  4.65e+04  1.46e+05  3.55e+05  7.21e+05  1.38e+06   2.3e+06  3.48e+06  4.85e+06   6.3e+06  8.37e+06  9.74e+06   1.2e+07  1.31e+07  1.55e+07  1.73e+07
1        5.99e+04   1.6e+05  4.59e+05  1.02e+06   1.9e+06  3.34e+06   5.2e+06  7.37e+06  9.65e+06  1.18e+07   1.5e+07  1.66e+07  2.01e+07   2.1e+07  2.45e+07  2.66e+07
10       1.82e+05  4.85e+05  1.27e+06  2.56e+06  4.37e+06  7.07e+06  1.03e+07  1.37e+07  1.71e+07  2.01e+07  2.44e+07  2.63e+07  3.13e+07  3.19e+07  3.65e+07  3.89e+07
100      5.19e+05  1.27e+06  2.91e+06  5.27e+06  8.27e+06  1.24e+07  1.71e+07  2.17e+07  2.61e+07  2.99e+07  3.51e+07  3.74e+07  4.36e+07  4.42e+07     5e+07  5.27e+07
O-O           ***       ***       ***       ***       ***       ***       ***       ***       ***       ***       ***       ***       ***       ***       ***       ***

W2->P2

P\T           500       600       700       800       900     1e+03   1.1e+03   1.2e+03   1.3e+03   1.4e+03   1.5e+03   1.6e+03   1.7e+03   1.8e+03   1.9e+03     2e+03
0.1      1.88e+10  2.92e+10  3.71e+10  3.82e+10  3.68e+10  3.56e+10  3.35e+10  3.09e+10  2.82e+10  2.55e+10  2.38e+10  2.13e+10  2.01e+10  1.77e+10  1.64e+10  1.52e+10
1        5.09e+10  6.64e+10  7.65e+10  7.54e+10  7.06e+10  6.66e+10  6.15e+10  5.59e+10  5.05e+10  4.53e+10  4.18e+10  3.74e+10  3.49e+10  3.07e+10  2.82e+10   2.6e+10
10       1.12e+11  1.31e+11  1.41e+11  1.34e+11  1.23e+11  1.14e+11  1.03e+11  9.28e+10   8.3e+10   7.4e+10  6.75e+10  6.02e+10  5.56e+10   4.9e+10  4.47e+10  4.09e+10
100      2.07e+11  2.24e+11  2.28e+11  2.12e+11  1.91e+11  1.73e+11  1.55e+11  1.38e+11  1.23e+11  1.09e+11  9.86e+10  8.77e+10  8.02e+10  7.09e+10  6.44e+10  5.86e+10
O-O      5.06e+11  5.24e+11  5.03e+11  4.63e+11  4.18e+11  3.73e+11  3.31e+11  2.93e+11   2.6e+11  2.31e+11  2.05e+11  1.83e+11  1.64e+11  1.47e+11  1.33e+11   1.2e+11

P1->W1

P\T           500       600       700       800       900     1e+03   1.1e+03   1.2e+03   1.3e+03   1.4e+03   1.5e+03   1.6e+03   1.7e+03   1.8e+03   1.9e+03     2e+03
0.1      8.99e-12  1.41e-11  1.83e-11  2.15e-11  2.38e-11  2.51e-11  2.64e-11  2.77e-11  2.91e-11  3.04e-11  3.17e-11  3.31e-11  3.42e-11  3.47e-11  3.51e-11  3.64e-11
1        2.45e-11  3.21e-11  3.78e-11  4.24e-11  4.55e-11   4.7e-11  4.88e-11  5.06e-11  5.24e-11  5.42e-11   5.6e-11  5.78e-11  5.92e-11     6e-11  6.04e-11  6.22e-11
10       5.26e-11   6.1e-11  6.75e-11  7.26e-11  7.59e-11  7.75e-11  7.93e-11  8.13e-11  8.33e-11  8.54e-11  8.75e-11  8.96e-11  9.12e-11  9.22e-11  9.27e-11  9.48e-11
100      9.64e-11  1.02e-10  1.07e-10  1.11e-10  1.14e-10  1.15e-10  1.17e-10  1.18e-10   1.2e-10  1.22e-10  1.25e-10  1.27e-10  1.29e-10   1.3e-10   1.3e-10  1.33e-10
O-O      1.91e-10  1.97e-10  2.03e-10  2.07e-10  2.11e-10  2.15e-10  2.18e-10  2.22e-10  2.25e-10  2.27e-10   2.3e-10  2.32e-10  2.35e-10  2.37e-10  2.39e-10  2.41e-10

P1->W2

P\T           500       600       700       800       900     1e+03   1.1e+03   1.2e+03   1.3e+03   1.4e+03   1.5e+03   1.6e+03   1.7e+03   1.8e+03   1.9e+03     2e+03
0.1      6.82e-22  9.35e-21  1.07e-19  7.34e-19  3.52e-18  1.38e-17  4.31e-17  1.12e-16  2.53e-16  5.04e-16  9.85e-16  1.63e-15  2.77e-15  4.04e-15  6.25e-15  8.97e-15
1        2.27e-21  3.31e-20  3.51e-19  2.21e-18  9.75e-18  3.54e-17  1.03e-16   2.5e-16  5.28e-16  9.92e-16  1.84e-15  2.89e-15  4.79e-15   6.7e-15  1.02e-14  1.42e-14
10       6.94e-21  1.01e-19  9.77e-19   5.6e-18  2.26e-17  7.57e-17  2.05e-16   4.7e-16  9.43e-16   1.7e-15  3.02e-15   4.6e-15  7.49e-15  1.02e-14  1.52e-14  2.08e-14
100      1.98e-20  2.66e-19  2.24e-18  1.16e-17  4.29e-17  1.33e-16   3.4e-16  7.45e-16  1.44e-15  2.53e-15  4.35e-15  6.54e-15  1.05e-14  1.41e-14  2.09e-14  2.81e-14
O-O           ***       ***       ***       ***       ***       ***       ***       ***       ***       ***       ***       ***       ***       ***       ***       ***

P1->P2

P\T           500       600       700       800       900     1e+03   1.1e+03   1.2e+03   1.3e+03   1.4e+03   1.5e+03   1.6e+03   1.7e+03   1.8e+03   1.9e+03     2e+03
0.1      1.53e-19  2.05e-18  1.51e-17  7.39e-17  2.71e-16  8.02e-16  2.02e-15  4.46e-15  8.94e-15  1.65e-14  2.84e-14  4.64e-14   7.2e-14  1.08e-13  1.55e-13  2.17e-13
1        1.52e-19  2.03e-18  1.48e-17  7.24e-17  2.65e-16  7.79e-16  1.95e-15   4.3e-15  8.59e-15  1.58e-14  2.71e-14  4.41e-14  6.83e-14  1.02e-13  1.46e-13  2.04e-13
10       1.47e-19  1.96e-18  1.42e-17  6.88e-17   2.5e-16  7.31e-16  1.82e-15  3.99e-15  7.92e-15  1.45e-14  2.47e-14  4.01e-14  6.17e-14  9.19e-14  1.31e-13  1.82e-13
100      1.32e-19  1.76e-18  1.26e-17  6.06e-17  2.19e-16  6.32e-16  1.55e-15  3.38e-15  6.66e-15  1.21e-14  2.03e-14  3.28e-14     5e-14  7.41e-14  1.05e-13  1.44e-13
O-O           ***       ***       ***       ***       ***       ***       ***       ***       ***       ***       ***       ***       ***       ***       ***       ***

P2->W1

P\T           500       600       700       800       900     1e+03   1.1e+03   1.2e+03   1.3e+03   1.4e+03   1.5e+03   1.6e+03   1.7e+03   1.8e+03   1.9e+03     2e+03
0.1      4.88e-22  1.63e-21  1.13e-20  9.42e-20  6.08e-19  2.52e-18  8.48e-18  2.43e-17  6.06e-17  1.35e-16  2.61e-16  4.98e-16  6.87e-16  1.28e-15  1.75e-15  2.71e-15
1        4.93e-21  1.98e-20  8.59e-20  3.98e-19   1.8e-18  5.99e-18  1.75e-17  4.59e-17  1.12e-16  2.55e-16  4.82e-16   9.9e-16  1.42e-15  2.66e-15  3.54e-15  5.54e-15
10       1.16e-19   4.2e-19   1.4e-18  4.55e-18  1.38e-17  3.35e-17  7.87e-17  1.78e-16  3.84e-16   7.9e-16  1.38e-15  2.59e-15  3.57e-15  6.22e-15  8.07e-15   1.2e-14
100       1.4e-17  3.22e-17   7.2e-17  1.62e-16   3.4e-16  6.16e-16  1.09e-15  1.87e-15  3.13e-15  5.11e-15  7.65e-15  1.19e-14  1.56e-14  2.35e-14  2.97e-14  4.04e-14
O-O           ***       ***       ***       ***       ***       ***       ***       ***       ***       ***       ***       ***       ***       ***       ***       ***

P2->W2

P\T           500       600       700       800       900     1e+03   1.1e+03   1.2e+03   1.3e+03   1.4e+03   1.5e+03   1.6e+03   1.7e+03   1.8e+03   1.9e+03     2e+03
0.1      6.91e-12  1.05e-11  1.41e-11   1.6e-11  1.74e-11  1.91e-11  2.05e-11  2.17e-11  2.26e-11  2.33e-11  2.47e-11  2.52e-11  2.71e-11  2.67e-11  2.77e-11  2.86e-11
1         1.9e-11  2.46e-11  3.02e-11  3.31e-11   3.5e-11  3.76e-11  3.97e-11  4.14e-11  4.27e-11  4.37e-11  4.58e-11  4.64e-11  4.91e-11  4.85e-11  4.99e-11  5.13e-11
10        4.2e-11  4.89e-11  5.61e-11  5.94e-11  6.16e-11  6.49e-11  6.74e-11  6.94e-11   7.1e-11  7.22e-11  7.48e-11  7.55e-11  7.88e-11  7.81e-11  7.99e-11  8.16e-11
100      7.79e-11  8.37e-11  9.09e-11  9.39e-11  9.58e-11  9.92e-11  1.02e-10  1.04e-10  1.05e-10  1.07e-10  1.09e-10   1.1e-10  1.14e-10  1.13e-10  1.15e-10  1.17e-10
O-O       1.9e-10  1.96e-10  2.01e-10  2.06e-10   2.1e-10  2.13e-10  2.17e-10   2.2e-10  2.23e-10  2.26e-10  2.28e-10  2.31e-10  2.33e-10  2.35e-10  2.37e-10  2.39e-10

P2->P1

P\T           500       600       700       800       900     1e+03   1.1e+03   1.2e+03   1.3e+03   1.4e+03   1.5e+03   1.6e+03   1.7e+03   1.8e+03   1.9e+03     2e+03
0.1      1.51e-15  3.66e-15  7.81e-15  1.49e-14  2.62e-14  4.28e-14  6.62e-14  9.76e-14  1.39e-13  1.91e-13  2.55e-13  3.34e-13  4.27e-13  5.38e-13  6.65e-13  8.11e-13
1         1.5e-15  3.62e-15  7.68e-15  1.46e-14  2.56e-14  4.16e-14   6.4e-14  9.41e-14  1.33e-13  1.83e-13  2.43e-13  3.18e-13  4.05e-13  5.09e-13  6.28e-13  7.63e-13
10       1.45e-15   3.5e-15  7.35e-15  1.39e-14  2.42e-14   3.9e-14  5.96e-14  8.72e-14  1.23e-13  1.68e-13  2.22e-13  2.88e-13  3.66e-13  4.59e-13  5.63e-13   6.8e-13
100       1.3e-15  3.14e-15  6.53e-15  1.23e-14  2.11e-14  3.37e-14   5.1e-14  7.39e-14  1.03e-13   1.4e-13  1.83e-13  2.36e-13  2.97e-13   3.7e-13  4.51e-13  5.39e-13
O-O           ***       ***       ***       ***       ***       ***       ***       ***       ***       ***       ***       ***       ***       ***       ***       ***

W1-> 

P\T           500       600       700       800       900     1e+03   1.1e+03   1.2e+03   1.3e+03   1.4e+03   1.5e+03   1.6e+03   1.7e+03   1.8e+03   1.9e+03     2e+03
0.1      1.01e+10  1.61e+10  1.95e+10  2.08e+10  2.04e+10  1.89e+10  1.74e+10   1.6e+10  1.46e+10  1.34e+10  1.23e+10  1.13e+10  1.03e+10  9.36e+09  8.43e+09  7.83e+09
1        2.72e+10  3.59e+10  3.96e+10     4e+10  3.79e+10  3.44e+10  3.12e+10  2.82e+10  2.56e+10  2.32e+10  2.11e+10  1.92e+10  1.74e+10  1.57e+10  1.41e+10   1.3e+10
10       5.82e+10   6.8e+10  7.03e+10  6.81e+10   6.3e+10  5.64e+10  5.04e+10  4.51e+10  4.05e+10  3.64e+10  3.28e+10  2.97e+10  2.67e+10   2.4e+10  2.16e+10  1.98e+10
100      1.07e+11  1.14e+11  1.11e+11  1.04e+11  9.44e+10  8.36e+10   7.4e+10  6.57e+10  5.84e+10  5.21e+10  4.67e+10  4.19e+10  3.77e+10  3.38e+10  3.03e+10  2.76e+10
O-O      2.12e+11   2.2e+11  2.11e+11  1.94e+11  1.75e+11  1.56e+11  1.39e+11  1.23e+11  1.09e+11  9.67e+10  8.61e+10  7.69e+10  6.88e+10  6.18e+10  5.57e+10  5.03e+10

W2-> 

P\T           500       600       700       800       900     1e+03   1.1e+03   1.2e+03   1.3e+03   1.4e+03   1.5e+03   1.6e+03   1.7e+03   1.8e+03   1.9e+03     2e+03
0.1      1.88e+10  2.92e+10  3.71e+10  3.82e+10  3.68e+10  3.56e+10  3.35e+10  3.09e+10  2.82e+10  2.55e+10  2.38e+10  2.14e+10  2.01e+10  1.78e+10  1.64e+10  1.52e+10
1        5.09e+10  6.64e+10  7.65e+10  7.54e+10  7.06e+10  6.66e+10  6.15e+10  5.59e+10  5.05e+10  4.53e+10  4.18e+10  3.74e+10  3.49e+10  3.08e+10  2.83e+10   2.6e+10
10       1.12e+11  1.31e+11  1.41e+11  1.34e+11  1.23e+11  1.14e+11  1.03e+11  9.28e+10   8.3e+10  7.41e+10  6.75e+10  6.02e+10  5.57e+10  4.91e+10  4.48e+10   4.1e+10
100      2.07e+11  2.24e+11  2.28e+11  2.12e+11  1.91e+11  1.73e+11  1.55e+11  1.38e+11  1.23e+11  1.09e+11  9.86e+10  8.77e+10  8.03e+10   7.1e+10  6.45e+10  5.87e+10
O-O      5.06e+11  5.24e+11  5.03e+11  4.63e+11  4.18e+11  3.73e+11  3.31e+11  2.93e+11   2.6e+11  2.31e+11  2.06e+11  1.84e+11  1.64e+11  1.48e+11  1.33e+11   1.2e+11

P1-> 

P\T           500       600       700       800       900     1e+03   1.1e+03   1.2e+03   1.3e+03   1.4e+03   1.5e+03   1.6e+03   1.7e+03   1.8e+03   1.9e+03     2e+03
0.1      8.99e-12  1.41e-11  1.83e-11  2.15e-11  2.38e-11  2.51e-11  2.64e-11  2.77e-11  2.91e-11  3.04e-11  3.18e-11  3.31e-11  3.43e-11  3.48e-11  3.53e-11  3.66e-11
1        2.45e-11  3.21e-11  3.78e-11  4.24e-11  4.55e-11   4.7e-11  4.88e-11  5.06e-11  5.24e-11  5.42e-11   5.6e-11  5.78e-11  5.93e-11  6.01e-11  6.06e-11  6.24e-11
10       5.26e-11   6.1e-11  6.75e-11  7.26e-11  7.59e-11  7.75e-11  7.93e-11  8.13e-11  8.33e-11  8.54e-11  8.75e-11  8.97e-11  9.13e-11  9.23e-11  9.28e-11   9.5e-11
100      9.64e-11  1.02e-10  1.07e-10  1.11e-10  1.14e-10  1.15e-10  1.17e-10  1.18e-10   1.2e-10  1.22e-10  1.25e-10  1.27e-10  1.29e-10   1.3e-10   1.3e-10  1.33e-10
O-O      1.91e-10  1.97e-10  2.03e-10  2.07e-10  2.11e-10  2.15e-10  2.18e-10  2.22e-10  2.25e-10  2.27e-10   2.3e-10  2.32e-10  2.35e-10  2.37e-10  2.39e-10  2.41e-10

P2-> 

P\T           500       600       700       800       900     1e+03   1.1e+03   1.2e+03   1.3e+03   1.4e+03   1.5e+03   1.6e+03   1.7e+03   1.8e+03   1.9e+03     2e+03
0.1      6.91e-12  1.05e-11  1.41e-11   1.6e-11  1.74e-11  1.91e-11  2.06e-11  2.18e-11  2.27e-11  2.35e-11   2.5e-11  2.56e-11  2.75e-11  2.72e-11  2.84e-11  2.94e-11
1         1.9e-11  2.46e-11  3.03e-11  3.31e-11   3.5e-11  3.77e-11  3.98e-11  4.15e-11  4.28e-11  4.39e-11  4.61e-11  4.68e-11  4.95e-11   4.9e-11  5.06e-11  5.21e-11
10        4.2e-11  4.89e-11  5.61e-11  5.94e-11  6.16e-11  6.49e-11  6.75e-11  6.95e-11  7.11e-11  7.24e-11  7.51e-11  7.58e-11  7.92e-11  7.85e-11  8.05e-11  8.23e-11
100      7.79e-11  8.37e-11  9.09e-11  9.39e-11  9.59e-11  9.92e-11  1.02e-10  1.04e-10  1.05e-10  1.07e-10   1.1e-10  1.11e-10  1.14e-10  1.13e-10  1.16e-10  1.18e-10
O-O       1.9e-10  1.96e-10  2.01e-10  2.06e-10   2.1e-10  2.13e-10  2.17e-10   2.2e-10  2.23e-10  2.26e-10  2.28e-10  2.31e-10  2.33e-10  2.35e-10  2.37e-10  2.39e-10

