Wells (G - ground energy, D - dissociation limit, kcal/mol):
               W         G         D
      C5H7(487)e         0      12.8
       C5H7(504)     -31.1      12.8

Well-to-Well Barriers (H/G - barrier height/well depth, kcal/mol):
           B         H         W1        G1         W2        G2
      ts_1_1      12.8 C5H7(487)e         0  C5H7(504)     -31.1

________________________________________________________________________________________

Names Translation Tables (<short name> - <original name>):
Wells:
   W1 - C5H7(487)e
   W2 - C5H7(504)
Inner Barriers:
   B1 - ts_1_1
Unimolecular Rate Units: 1/sec;  Bimolecular Rate Units: cm^3/sec

______________________________________________________________________________________

Species-Species Rate Tables:

Temperature = 500 K

High Pressure Rate Coefficients:

From\To         W1        W2
W1             ***  3.45e+05
W2        2.77e-06       ***

Temperature = 500 K    Pressure = 0.1 atm

From\To         W1        W2
W1         2.9e+05   2.9e+05
W2        2.34e-06  2.34e-06

Temperature = 500 K    Pressure = 1 atm

From\To         W1        W2
W1        3.36e+05  3.36e+05
W2        2.71e-06  2.71e-06

Temperature = 500 K    Pressure = 10 atm

From\To         W1        W2
W1        3.43e+05  3.43e+05
W2        2.76e-06  2.76e-06

Temperature = 500 K    Pressure = 100 atm

From\To         W1        W2
W1        3.44e+05  3.44e+05
W2        2.77e-06  2.77e-06

Temperature = 500 K    Pressure = 1e+03 atm

From\To         W1        W2
W1        3.44e+05  3.44e+05
W2        2.77e-06  2.77e-06

Temperature = 500 K    Pressure = 1e+04 atm

From\To         W1        W2
W1        3.44e+05  3.44e+05
W2        2.77e-06  2.75e-06

Temperature = 500 K    Pressure = 1e+05 atm

From\To         W1        W2
W1        3.44e+05  3.44e+05
W2        2.77e-06  2.99e-06

Temperature = 500 K    Pressure = 1e+06 atm

From\To         W1        W2
W1        3.44e+05  3.44e+05
W2        2.77e-06  5.58e-06

Temperature = 500 K    Pressure = 1e+07 atm

From\To         W1        W2
W1        3.44e+05  3.44e+05
W2        2.77e-06  2.13e-05

Temperature = 600 K

High Pressure Rate Coefficients:

From\To         W1        W2
W1             ***  2.44e+06
W2         0.00495       ***

Temperature = 600 K    Pressure = 0.1 atm

From\To         W1        W2
W1        1.64e+06  1.64e+06
W2         0.00332   0.00332

Temperature = 600 K    Pressure = 1 atm

From\To         W1        W2
W1        2.27e+06  2.27e+06
W2         0.00461   0.00461

Temperature = 600 K    Pressure = 10 atm

From\To         W1        W2
W1        2.42e+06  2.42e+06
W2         0.00491   0.00491

Temperature = 600 K    Pressure = 100 atm

From\To         W1        W2
W1        2.44e+06  2.44e+06
W2         0.00494   0.00494

Temperature = 600 K    Pressure = 1e+03 atm

From\To         W1        W2
W1        2.44e+06  2.44e+06
W2         0.00495   0.00494

Temperature = 600 K    Pressure = 1e+04 atm

From\To         W1        W2
W1        2.44e+06  2.44e+06
W2         0.00495   0.00495

Temperature = 600 K    Pressure = 1e+05 atm

From\To         W1        W2
W1        2.44e+06  2.44e+06
W2         0.00495   0.00516

Temperature = 600 K    Pressure = 1e+06 atm

From\To         W1        W2
W1        2.44e+06  2.44e+06
W2         0.00495   0.00625

Temperature = 600 K    Pressure = 1e+07 atm

From\To         W1        W2
W1        2.44e+06  2.44e+06
W2         0.00495   0.00519

Temperature = 700 K

High Pressure Rate Coefficients:

From\To         W1        W2
W1             ***  1.01e+07
W2            1.06       ***

Temperature = 700 K    Pressure = 0.1 atm

From\To         W1        W2
W1        4.83e+06  4.83e+06
W2           0.507     0.507

Temperature = 700 K    Pressure = 1 atm

From\To         W1        W2
W1        8.53e+06  8.53e+06
W2           0.896     0.896

Temperature = 700 K    Pressure = 10 atm

From\To         W1        W2
W1        9.86e+06  9.86e+06
W2            1.04      1.04

Temperature = 700 K    Pressure = 100 atm

From\To         W1        W2
W1        1.01e+07  1.01e+07
W2            1.06      1.06

Temperature = 700 K    Pressure = 1e+03 atm

From\To         W1        W2
W1        1.01e+07  1.01e+07
W2            1.06      1.06

Temperature = 700 K    Pressure = 1e+04 atm

From\To         W1        W2
W1        1.01e+07  1.01e+07
W2            1.06      1.06

Temperature = 700 K    Pressure = 1e+05 atm

From\To         W1        W2
W1        1.01e+07  1.01e+07
W2            1.06       1.1

Temperature = 700 K    Pressure = 1e+06 atm

From\To         W1        W2
W1        1.01e+07  1.01e+07
W2            1.06      0.91

Temperature = 700 K    Pressure = 1e+07 atm

From\To         W1        W2
W1        1.01e+07  1.01e+07
W2            1.06      1.17

Temperature = 800 K

High Pressure Rate Coefficients:

From\To         W1        W2
W1             ***  2.97e+07
W2            59.9       ***

Temperature = 800 K    Pressure = 0.1 atm

From\To         W1        W2
W1         9.8e+06   9.8e+06
W2            19.8      19.8

Temperature = 800 K    Pressure = 1 atm

From\To         W1        W2
W1        2.18e+07  2.18e+07
W2            44.1      44.1

Temperature = 800 K    Pressure = 10 atm

From\To         W1        W2
W1        2.83e+07  2.83e+07
W2              57        57

Temperature = 800 K    Pressure = 100 atm

From\To         W1        W2
W1        2.95e+07  2.95e+07
W2            59.5      59.5

Temperature = 800 K    Pressure = 1e+03 atm

From\To         W1        W2
W1        2.96e+07  2.96e+07
W2            59.8      59.8

Temperature = 800 K    Pressure = 1e+04 atm

From\To         W1        W2
W1        2.96e+07  2.96e+07
W2            59.8      59.8

Temperature = 800 K    Pressure = 1e+05 atm

From\To         W1        W2
W1        2.96e+07  2.96e+07
W2            59.8      59.8

Temperature = 800 K    Pressure = 1e+06 atm

From\To         W1        W2
W1        2.96e+07  2.96e+07
W2            59.8      59.8

Temperature = 800 K    Pressure = 1e+07 atm

From\To         W1        W2
W1        2.96e+07  2.96e+07
W2            59.8      60.9

Temperature = 900 K

High Pressure Rate Coefficients:

From\To         W1        W2
W1             ***  6.95e+07
W2        1.39e+03       ***

Temperature = 900 K    Pressure = 0.1 atm

From\To         W1        W2
W1             ***       ***
W2             *** -4.86e-09

Temperature = 900 K    Pressure = 1 atm

From\To         W1        W2
W1        4.02e+07  4.02e+07
W2             802       802

Temperature = 900 K    Pressure = 10 atm

From\To         W1        W2
W1        6.31e+07  6.31e+07
W2        1.26e+03  1.26e+03

Temperature = 900 K    Pressure = 100 atm

From\To         W1        W2
W1        6.87e+07  6.87e+07
W2        1.37e+03  1.37e+03

Temperature = 900 K    Pressure = 1e+03 atm

From\To         W1        W2
W1        6.94e+07  6.94e+07
W2        1.38e+03  1.38e+03

Temperature = 900 K    Pressure = 1e+04 atm

From\To         W1        W2
W1        6.94e+07  6.94e+07
W2        1.39e+03  1.39e+03

Temperature = 900 K    Pressure = 1e+05 atm

From\To         W1        W2
W1        6.94e+07  6.94e+07
W2        1.39e+03  1.39e+03

Temperature = 900 K    Pressure = 1e+06 atm

From\To         W1        W2
W1        6.94e+07  6.94e+07
W2        1.39e+03  1.39e+03

Temperature = 900 K    Pressure = 1e+07 atm

From\To         W1        W2
W1        6.94e+07  6.94e+07
W2        1.39e+03  1.36e+03

Temperature = 1e+03 K

High Pressure Rate Coefficients:

From\To         W1        W2
W1             ***  1.39e+08
W2        1.72e+04       ***

Temperature = 1e+03 K    Pressure = 0.1 atm

From\To         W1        W2
W1             ***       ***
W2             ***  9.19e-07

Temperature = 1e+03 K    Pressure = 1 atm

From\To         W1        W2
W1         6.2e+07   6.2e+07
W2        7.68e+03  7.68e+03

Temperature = 1e+03 K    Pressure = 10 atm

From\To         W1        W2
W1        1.18e+08  1.18e+08
W2        1.46e+04  1.46e+04

Temperature = 1e+03 K    Pressure = 100 atm

From\To         W1        W2
W1        1.36e+08  1.36e+08
W2        1.68e+04  1.68e+04

Temperature = 1e+03 K    Pressure = 1e+03 atm

From\To         W1        W2
W1        1.38e+08  1.38e+08
W2        1.71e+04  1.71e+04

Temperature = 1e+03 K    Pressure = 1e+04 atm

From\To         W1        W2
W1        1.39e+08  1.39e+08
W2        1.72e+04  1.72e+04

Temperature = 1e+03 K    Pressure = 1e+05 atm

From\To         W1        W2
W1        1.39e+08  1.39e+08
W2        1.72e+04  1.72e+04

Temperature = 1e+03 K    Pressure = 1e+06 atm

From\To         W1        W2
W1        1.39e+08  1.39e+08
W2        1.72e+04  1.72e+04

Temperature = 1e+03 K    Pressure = 1e+07 atm

From\To         W1        W2
W1        1.39e+08  1.39e+08
W2        1.72e+04  1.71e+04

Temperature = 1.1e+03 K

High Pressure Rate Coefficients:

From\To         W1        W2
W1             ***  2.47e+08
W2        1.35e+05       ***

Temperature = 1.1e+03 K    Pressure = 0.1 atm

From\To         W1        W2
W1             ***       ***
W2             *** -1.01e-08

Temperature = 1.1e+03 K    Pressure = 1 atm

From\To         W1        W2
W1             ***       ***
W2             ***  1.65e-06

Temperature = 1.1e+03 K    Pressure = 10 atm

From\To         W1        W2
W1        1.88e+08  1.88e+08
W2        1.03e+05  1.03e+05

Temperature = 1.1e+03 K    Pressure = 100 atm

From\To         W1        W2
W1        2.37e+08  2.37e+08
W2         1.3e+05   1.3e+05

Temperature = 1.1e+03 K    Pressure = 1e+03 atm

From\To         W1        W2
W1        2.45e+08  2.45e+08
W2        1.34e+05  1.34e+05

Temperature = 1.1e+03 K    Pressure = 1e+04 atm

From\To         W1        W2
W1        2.46e+08  2.46e+08
W2        1.35e+05  1.35e+05

Temperature = 1.1e+03 K    Pressure = 1e+05 atm

From\To         W1        W2
W1        2.46e+08  2.46e+08
W2        1.35e+05  1.35e+05

Temperature = 1.1e+03 K    Pressure = 1e+06 atm

From\To         W1        W2
W1        2.46e+08  2.46e+08
W2        1.35e+05  1.35e+05

Temperature = 1.1e+03 K    Pressure = 1e+07 atm

From\To         W1        W2
W1        2.46e+08  2.46e+08
W2        1.35e+05  1.35e+05

Temperature = 1.2e+03 K

High Pressure Rate Coefficients:

From\To         W1        W2
W1             ***  4.01e+08
W2        7.54e+05       ***

Temperature = 1.2e+03 K    Pressure = 0.1 atm

From\To         W1        W2
W1             ***       ***
W2             ***  2.75e-08

Temperature = 1.2e+03 K    Pressure = 1 atm

From\To         W1        W2
W1             ***       ***
W2             *** -4.03e-06

Temperature = 1.2e+03 K    Pressure = 10 atm

From\To         W1        W2
W1         2.5e+08   2.5e+08
W2         4.7e+05   4.7e+05

Temperature = 1.2e+03 K    Pressure = 100 atm

From\To         W1        W2
W1        3.73e+08  3.73e+08
W2        7.01e+05  7.01e+05

Temperature = 1.2e+03 K    Pressure = 1e+03 atm

From\To         W1        W2
W1        3.98e+08  3.98e+08
W2        7.47e+05  7.47e+05

Temperature = 1.2e+03 K    Pressure = 1e+04 atm

From\To         W1        W2
W1           4e+08     4e+08
W2        7.53e+05  7.53e+05

Temperature = 1.2e+03 K    Pressure = 1e+05 atm

From\To         W1        W2
W1        4.01e+08  4.01e+08
W2        7.53e+05  7.53e+05

Temperature = 1.2e+03 K    Pressure = 1e+06 atm

From\To         W1        W2
W1        4.01e+08  4.01e+08
W2        7.53e+05  7.53e+05

Temperature = 1.2e+03 K    Pressure = 1e+07 atm

From\To         W1        W2
W1        4.01e+08  4.01e+08
W2        7.53e+05  7.53e+05

Temperature = 1.3e+03 K

High Pressure Rate Coefficients:

From\To         W1        W2
W1             ***  6.09e+08
W2        3.23e+06       ***

Temperature = 1.3e+03 K    Pressure = 0.1 atm

From\To         W1        W2
W1             ***       ***
W2             ***  -2.1e-08

Temperature = 1.3e+03 K    Pressure = 1 atm

From\To         W1        W2
W1             ***       ***
W2             *** -5.26e-06

Temperature = 1.3e+03 K    Pressure = 10 atm

From\To         W1        W2
W1        3.33e+08  3.33e+08
W2        1.77e+06  1.77e+06

Temperature = 1.3e+03 K    Pressure = 100 atm

From\To         W1        W2
W1        5.45e+08  5.45e+08
W2        2.89e+06  2.89e+06

Temperature = 1.3e+03 K    Pressure = 1e+03 atm

From\To         W1        W2
W1           6e+08     6e+08
W2        3.18e+06  3.18e+06

Temperature = 1.3e+03 K    Pressure = 1e+04 atm

From\To         W1        W2
W1        6.08e+08  6.08e+08
W2        3.22e+06  3.22e+06

Temperature = 1.3e+03 K    Pressure = 1e+05 atm

From\To         W1        W2
W1        6.09e+08  6.09e+08
W2        3.23e+06  3.23e+06

Temperature = 1.3e+03 K    Pressure = 1e+06 atm

From\To         W1        W2
W1        6.09e+08  6.09e+08
W2        3.23e+06  3.23e+06

Temperature = 1.3e+03 K    Pressure = 1e+07 atm

From\To         W1        W2
W1        6.09e+08  6.09e+08
W2        3.23e+06  3.23e+06

Temperature = 1.4e+03 K

High Pressure Rate Coefficients:

From\To         W1        W2
W1             ***  8.76e+08
W2        1.12e+07       ***

Temperature = 1.4e+03 K    Pressure = 0.1 atm

From\To         W1        W2
W1             ***       ***
W2             *** -2.94e-07

Temperature = 1.4e+03 K    Pressure = 1 atm

From\To         W1        W2
W1             ***       ***
W2             ***  5.28e-07

Temperature = 1.4e+03 K    Pressure = 10 atm

From\To         W1        W2
W1             ***       ***
W2             ***  1.74e-05

Temperature = 1.4e+03 K    Pressure = 100 atm

From\To         W1        W2
W1        7.03e+08  7.03e+08
W2        9.02e+06  9.02e+06

Temperature = 1.4e+03 K    Pressure = 1e+03 atm

From\To         W1        W2
W1        8.52e+08  8.52e+08
W2        1.09e+07  1.09e+07

Temperature = 1.4e+03 K    Pressure = 1e+04 atm

From\To         W1        W2
W1        8.73e+08  8.73e+08
W2        1.12e+07  1.12e+07

Temperature = 1.4e+03 K    Pressure = 1e+05 atm

From\To         W1        W2
W1        8.75e+08  8.75e+08
W2        1.12e+07  1.12e+07

Temperature = 1.4e+03 K    Pressure = 1e+06 atm

From\To         W1        W2
W1        8.75e+08  8.75e+08
W2        1.12e+07  1.12e+07

Temperature = 1.4e+03 K    Pressure = 1e+07 atm

From\To         W1        W2
W1        8.75e+08  8.75e+08
W2        1.12e+07  1.12e+07

Temperature = 1.5e+03 K

High Pressure Rate Coefficients:

From\To         W1        W2
W1             ***  1.21e+09
W2        3.32e+07       ***

Temperature = 1.5e+03 K    Pressure = 0.1 atm

From\To         W1        W2
W1             ***       ***
W2             *** -5.89e-07

Temperature = 1.5e+03 K    Pressure = 1 atm

From\To         W1        W2
W1             ***       ***
W2             ***  1.01e-05

Temperature = 1.5e+03 K    Pressure = 10 atm

From\To         W1        W2
W1             ***       ***
W2             *** -5.96e-05

Temperature = 1.5e+03 K    Pressure = 100 atm

From\To         W1        W2
W1        8.33e+08  8.33e+08
W2        2.29e+07  2.29e+07

Temperature = 1.5e+03 K    Pressure = 1e+03 atm

From\To         W1        W2
W1        1.15e+09  1.15e+09
W2        3.17e+07  3.17e+07

Temperature = 1.5e+03 K    Pressure = 1e+04 atm

From\To         W1        W2
W1         1.2e+09   1.2e+09
W2         3.3e+07   3.3e+07

Temperature = 1.5e+03 K    Pressure = 1e+05 atm

From\To         W1        W2
W1         1.2e+09   1.2e+09
W2        3.31e+07  3.31e+07

Temperature = 1.5e+03 K    Pressure = 1e+06 atm

From\To         W1        W2
W1        1.21e+09  1.21e+09
W2        3.31e+07  3.31e+07

Temperature = 1.5e+03 K    Pressure = 1e+07 atm

From\To         W1        W2
W1        1.21e+09  1.21e+09
W2        3.31e+07  3.31e+07

Temperature = 1.6e+03 K

High Pressure Rate Coefficients:

From\To         W1        W2
W1             ***   1.6e+09
W2        8.55e+07       ***

Temperature = 1.6e+03 K    Pressure = 0.1 atm

From\To         W1        W2
W1             ***       ***
W2             ***  -2.1e-06

Temperature = 1.6e+03 K    Pressure = 1 atm

From\To         W1        W2
W1             ***       ***
W2             *** -1.16e-05

Temperature = 1.6e+03 K    Pressure = 10 atm

From\To         W1        W2
W1             ***       ***
W2             ***  6.88e-05

Temperature = 1.6e+03 K    Pressure = 100 atm

From\To         W1        W2
W1             ***       ***
W2             *** -0.000257

Temperature = 1.6e+03 K    Pressure = 1e+03 atm

From\To         W1        W2
W1        1.48e+09  1.48e+09
W2        7.92e+07  7.92e+07

Temperature = 1.6e+03 K    Pressure = 1e+04 atm

From\To         W1        W2
W1        1.59e+09  1.59e+09
W2        8.47e+07  8.47e+07

Temperature = 1.6e+03 K    Pressure = 1e+05 atm

From\To         W1        W2
W1         1.6e+09   1.6e+09
W2        8.53e+07  8.53e+07

Temperature = 1.6e+03 K    Pressure = 1e+06 atm

From\To         W1        W2
W1         1.6e+09   1.6e+09
W2        8.54e+07  8.54e+07

Temperature = 1.6e+03 K    Pressure = 1e+07 atm

From\To         W1        W2
W1         1.6e+09   1.6e+09
W2        8.54e+07  8.54e+07

Temperature = 1.7e+03 K

High Pressure Rate Coefficients:

From\To         W1        W2
W1             ***  2.06e+09
W2        1.97e+08       ***

Temperature = 1.7e+03 K    Pressure = 0.1 atm

From\To         W1        W2
W1             ***       ***
W2             ***  -8.5e-07

Temperature = 1.7e+03 K    Pressure = 1 atm

From\To         W1        W2
W1             ***       ***
W2             *** -1.16e-05

Temperature = 1.7e+03 K    Pressure = 10 atm

From\To         W1        W2
W1             ***       ***
W2             *** -1.86e-05

Temperature = 1.7e+03 K    Pressure = 100 atm

From\To         W1        W2
W1             ***       ***
W2             ***  0.000101

Temperature = 1.7e+03 K    Pressure = 1e+03 atm

From\To         W1        W2
W1        1.86e+09  1.86e+09
W2        1.77e+08  1.77e+08

Temperature = 1.7e+03 K    Pressure = 1e+04 atm

From\To         W1        W2
W1        2.04e+09  2.04e+09
W2        1.94e+08  1.94e+08

Temperature = 1.7e+03 K    Pressure = 1e+05 atm

From\To         W1        W2
W1        2.06e+09  2.06e+09
W2        1.97e+08  1.97e+08

Temperature = 1.7e+03 K    Pressure = 1e+06 atm

From\To         W1        W2
W1        2.06e+09  2.06e+09
W2        1.97e+08  1.97e+08

Temperature = 1.7e+03 K    Pressure = 1e+07 atm

From\To         W1        W2
W1        2.06e+09  2.06e+09
W2        1.97e+08  1.97e+08

Temperature = 1.8e+03 K

High Pressure Rate Coefficients:

From\To         W1        W2
W1             ***   2.6e+09
W2        4.14e+08       ***

Temperature = 1.8e+03 K    Pressure = 0.1 atm

From\To         W1        W2
W1             ***       ***
W2             ***  2.55e-06

Temperature = 1.8e+03 K    Pressure = 1 atm

From\To         W1        W2
W1             ***       ***
W2             ***  3.66e-06

Temperature = 1.8e+03 K    Pressure = 10 atm

From\To         W1        W2
W1             ***       ***
W2             *** -7.81e-05

Temperature = 1.8e+03 K    Pressure = 100 atm

From\To         W1        W2
W1             ***       ***
W2             *** -0.000451

Temperature = 1.8e+03 K    Pressure = 1e+03 atm

From\To         W1        W2
W1        2.22e+09  2.22e+09
W2        3.53e+08  3.53e+08

Temperature = 1.8e+03 K    Pressure = 1e+04 atm

From\To         W1        W2
W1        2.54e+09  2.54e+09
W2        4.06e+08  4.06e+08

Temperature = 1.8e+03 K    Pressure = 1e+05 atm

From\To         W1        W2
W1        2.59e+09  2.59e+09
W2        4.13e+08  4.13e+08

Temperature = 1.8e+03 K    Pressure = 1e+06 atm

From\To         W1        W2
W1        2.59e+09  2.59e+09
W2        4.14e+08  4.14e+08

Temperature = 1.8e+03 K    Pressure = 1e+07 atm

From\To         W1        W2
W1        2.59e+09  2.59e+09
W2        4.14e+08  4.14e+08

Temperature = 1.9e+03 K

High Pressure Rate Coefficients:

From\To         W1        W2
W1             ***   3.2e+09
W2        8.04e+08       ***

Temperature = 1.9e+03 K    Pressure = 0.1 atm

From\To         W1        W2
W1             ***       ***
W2             ***  5.41e-06

Temperature = 1.9e+03 K    Pressure = 1 atm

From\To         W1        W2
W1             ***       ***
W2             ***  1.52e-05

Temperature = 1.9e+03 K    Pressure = 10 atm

From\To         W1        W2
W1             ***       ***
W2             *** -8.24e-06

Temperature = 1.9e+03 K    Pressure = 100 atm

From\To         W1        W2
W1             ***       ***
W2             *** -0.000291

Temperature = 1.9e+03 K    Pressure = 1e+03 atm

From\To         W1        W2
W1        2.58e+09  2.58e+09
W2        6.49e+08  6.49e+08

Temperature = 1.9e+03 K    Pressure = 1e+04 atm

From\To         W1        W2
W1         3.1e+09   3.1e+09
W2        7.81e+08  7.81e+08

Temperature = 1.9e+03 K    Pressure = 1e+05 atm

From\To         W1        W2
W1        3.18e+09  3.18e+09
W2        8.01e+08  8.01e+08

Temperature = 1.9e+03 K    Pressure = 1e+06 atm

From\To         W1        W2
W1        3.19e+09  3.19e+09
W2        8.04e+08  8.04e+08

Temperature = 1.9e+03 K    Pressure = 1e+07 atm

From\To         W1        W2
W1        3.19e+09  3.19e+09
W2        8.04e+08  8.04e+08

Temperature = 2e+03 K

High Pressure Rate Coefficients:

From\To         W1        W2
W1             ***  3.86e+09
W2        1.46e+09       ***

Temperature = 2e+03 K    Pressure = 0.1 atm

From\To         W1        W2
W1             ***       ***
W2             ***  6.87e-06

Temperature = 2e+03 K    Pressure = 1 atm

From\To         W1        W2
W1             ***       ***
W2             *** -2.73e-05

Temperature = 2e+03 K    Pressure = 10 atm

From\To         W1        W2
W1             ***       ***
W2             *** -2.25e-06

Temperature = 2e+03 K    Pressure = 100 atm

From\To         W1        W2
W1             ***       ***
W2             ***  0.000274

Temperature = 2e+03 K    Pressure = 1e+03 atm

From\To         W1        W2
W1        2.91e+09  2.91e+09
W2         1.1e+09   1.1e+09

Temperature = 2e+03 K    Pressure = 1e+04 atm

From\To         W1        W2
W1         3.7e+09   3.7e+09
W2         1.4e+09   1.4e+09

Temperature = 2e+03 K    Pressure = 1e+05 atm

From\To         W1        W2
W1        3.84e+09  3.84e+09
W2        1.45e+09  1.45e+09

Temperature = 2e+03 K    Pressure = 1e+06 atm

From\To         W1        W2
W1        3.86e+09  3.86e+09
W2        1.46e+09  1.46e+09

Temperature = 2e+03 K    Pressure = 1e+07 atm

From\To         W1        W2
W1        3.86e+09  3.86e+09
W2        1.46e+09  1.46e+09

______________________________________________________________________________________

High Pressure Rate Coefficients (Temperature-Species Rate Tables):

Reactant = W1
   T(K)        W1        W2
    500       ***  3.45e+05
    600       ***  2.44e+06
    700       ***  1.01e+07
    800       ***  2.97e+07
    900       ***  6.95e+07
  1e+03       ***  1.39e+08
1.1e+03       ***  2.47e+08
1.2e+03       ***  4.01e+08
1.3e+03       ***  6.09e+08
1.4e+03       ***  8.76e+08
1.5e+03       ***  1.21e+09
1.6e+03       ***   1.6e+09
1.7e+03       ***  2.06e+09
1.8e+03       ***   2.6e+09
1.9e+03       ***   3.2e+09
  2e+03       ***  3.86e+09

Reactant = W2
   T(K)        W1        W2
    500  2.77e-06       ***
    600   0.00495       ***
    700      1.06       ***
    800      59.9       ***
    900  1.39e+03       ***
  1e+03  1.72e+04       ***
1.1e+03  1.35e+05       ***
1.2e+03  7.54e+05       ***
1.3e+03  3.23e+06       ***
1.4e+03  1.12e+07       ***
1.5e+03  3.32e+07       ***
1.6e+03  8.55e+07       ***
1.7e+03  1.97e+08       ***
1.8e+03  4.14e+08       ***
1.9e+03  8.04e+08       ***
  2e+03  1.46e+09       ***

Capture/Escape Rate Coefficients:

   T(K)        W1        W2
    500  3.45e+05  2.77e-06
    600  2.44e+06   0.00495
    700  1.01e+07      1.06
    800  2.97e+07      59.9
    900  6.95e+07  1.39e+03
  1e+03  1.39e+08  1.72e+04
1.1e+03  2.47e+08  1.35e+05
1.2e+03  4.01e+08  7.54e+05
1.3e+03  6.09e+08  3.23e+06
1.4e+03  8.76e+08  1.12e+07
1.5e+03  1.21e+09  3.32e+07
1.6e+03   1.6e+09  8.55e+07
1.7e+03  2.06e+09  1.97e+08
1.8e+03   2.6e+09  4.14e+08
1.9e+03   3.2e+09  8.04e+08
  2e+03  3.86e+09  1.46e+09

______________________________________________________________________________________

Pressure-Species Rate Tables:

Reactant = W1   Temperature = 500 K

   P(atm)        W2      Loss
      0.1   2.9e+05   2.9e+05
        1  3.36e+05  3.36e+05
       10  3.43e+05  3.43e+05
      100  3.44e+05  3.44e+05
    1e+03  3.44e+05  3.44e+05
    1e+04  3.44e+05  3.44e+05
    1e+05  3.44e+05  3.44e+05
    1e+06  3.44e+05  3.44e+05
    1e+07  3.44e+05  3.44e+05
      O-O  3.45e+05  3.45e+05

Reactant = W1   Temperature = 600 K

   P(atm)        W2      Loss
      0.1  1.64e+06  1.64e+06
        1  2.27e+06  2.27e+06
       10  2.42e+06  2.42e+06
      100  2.44e+06  2.44e+06
    1e+03  2.44e+06  2.44e+06
    1e+04  2.44e+06  2.44e+06
    1e+05  2.44e+06  2.44e+06
    1e+06  2.44e+06  2.44e+06
    1e+07  2.44e+06  2.44e+06
      O-O  2.44e+06  2.44e+06

Reactant = W1   Temperature = 700 K

   P(atm)        W2      Loss
      0.1  4.83e+06  4.83e+06
        1  8.53e+06  8.53e+06
       10  9.86e+06  9.86e+06
      100  1.01e+07  1.01e+07
    1e+03  1.01e+07  1.01e+07
    1e+04  1.01e+07  1.01e+07
    1e+05  1.01e+07  1.01e+07
    1e+06  1.01e+07  1.01e+07
    1e+07  1.01e+07  1.01e+07
      O-O  1.01e+07  1.01e+07

Reactant = W1   Temperature = 800 K

   P(atm)        W2      Loss
      0.1   9.8e+06   9.8e+06
        1  2.18e+07  2.18e+07
       10  2.83e+07  2.83e+07
      100  2.95e+07  2.95e+07
    1e+03  2.96e+07  2.96e+07
    1e+04  2.96e+07  2.96e+07
    1e+05  2.96e+07  2.96e+07
    1e+06  2.96e+07  2.96e+07
    1e+07  2.96e+07  2.96e+07
      O-O  2.97e+07  2.97e+07

Reactant = W1   Temperature = 900 K

   P(atm)        W2      Loss
      0.1       ***       ***
        1  4.02e+07  4.02e+07
       10  6.31e+07  6.31e+07
      100  6.87e+07  6.87e+07
    1e+03  6.94e+07  6.94e+07
    1e+04  6.94e+07  6.94e+07
    1e+05  6.94e+07  6.94e+07
    1e+06  6.94e+07  6.94e+07
    1e+07  6.94e+07  6.94e+07
      O-O  6.95e+07  6.95e+07

Reactant = W1   Temperature = 1e+03 K

   P(atm)        W2      Loss
      0.1       ***       ***
        1   6.2e+07   6.2e+07
       10  1.18e+08  1.18e+08
      100  1.36e+08  1.36e+08
    1e+03  1.38e+08  1.38e+08
    1e+04  1.39e+08  1.39e+08
    1e+05  1.39e+08  1.39e+08
    1e+06  1.39e+08  1.39e+08
    1e+07  1.39e+08  1.39e+08
      O-O  1.39e+08  1.39e+08

Reactant = W1   Temperature = 1.1e+03 K

   P(atm)        W2      Loss
      0.1       ***       ***
        1       ***       ***
       10  1.88e+08  1.88e+08
      100  2.37e+08  2.37e+08
    1e+03  2.45e+08  2.45e+08
    1e+04  2.46e+08  2.46e+08
    1e+05  2.46e+08  2.46e+08
    1e+06  2.46e+08  2.46e+08
    1e+07  2.46e+08  2.46e+08
      O-O  2.47e+08  2.47e+08

Reactant = W1   Temperature = 1.2e+03 K

   P(atm)        W2      Loss
      0.1       ***       ***
        1       ***       ***
       10   2.5e+08   2.5e+08
      100  3.73e+08  3.73e+08
    1e+03  3.98e+08  3.98e+08
    1e+04     4e+08     4e+08
    1e+05  4.01e+08  4.01e+08
    1e+06  4.01e+08  4.01e+08
    1e+07  4.01e+08  4.01e+08
      O-O  4.01e+08  4.01e+08

Reactant = W1   Temperature = 1.3e+03 K

   P(atm)        W2      Loss
      0.1       ***       ***
        1       ***       ***
       10  3.33e+08  3.33e+08
      100  5.45e+08  5.45e+08
    1e+03     6e+08     6e+08
    1e+04  6.08e+08  6.08e+08
    1e+05  6.09e+08  6.09e+08
    1e+06  6.09e+08  6.09e+08
    1e+07  6.09e+08  6.09e+08
      O-O  6.09e+08  6.09e+08

Reactant = W1   Temperature = 1.4e+03 K

   P(atm)        W2      Loss
      0.1       ***       ***
        1       ***       ***
       10       ***       ***
      100  7.03e+08  7.03e+08
    1e+03  8.52e+08  8.52e+08
    1e+04  8.73e+08  8.73e+08
    1e+05  8.75e+08  8.75e+08
    1e+06  8.75e+08  8.75e+08
    1e+07  8.75e+08  8.75e+08
      O-O  8.76e+08  8.76e+08

Reactant = W1   Temperature = 1.5e+03 K

   P(atm)        W2      Loss
      0.1       ***       ***
        1       ***       ***
       10       ***       ***
      100  8.33e+08  8.33e+08
    1e+03  1.15e+09  1.15e+09
    1e+04   1.2e+09   1.2e+09
    1e+05   1.2e+09   1.2e+09
    1e+06  1.21e+09  1.21e+09
    1e+07  1.21e+09  1.21e+09
      O-O  1.21e+09  1.21e+09

Reactant = W1   Temperature = 1.6e+03 K

   P(atm)        W2      Loss
      0.1       ***       ***
        1       ***       ***
       10       ***       ***
      100       ***       ***
    1e+03  1.48e+09  1.48e+09
    1e+04  1.59e+09  1.59e+09
    1e+05   1.6e+09   1.6e+09
    1e+06   1.6e+09   1.6e+09
    1e+07   1.6e+09   1.6e+09
      O-O   1.6e+09   1.6e+09

Reactant = W1   Temperature = 1.7e+03 K

   P(atm)        W2      Loss
      0.1       ***       ***
        1       ***       ***
       10       ***       ***
      100       ***       ***
    1e+03  1.86e+09  1.86e+09
    1e+04  2.04e+09  2.04e+09
    1e+05  2.06e+09  2.06e+09
    1e+06  2.06e+09  2.06e+09
    1e+07  2.06e+09  2.06e+09
      O-O  2.06e+09  2.06e+09

Reactant = W1   Temperature = 1.8e+03 K

   P(atm)        W2      Loss
      0.1       ***       ***
        1       ***       ***
       10       ***       ***
      100       ***       ***
    1e+03  2.22e+09  2.22e+09
    1e+04  2.54e+09  2.54e+09
    1e+05  2.59e+09  2.59e+09
    1e+06  2.59e+09  2.59e+09
    1e+07  2.59e+09  2.59e+09
      O-O   2.6e+09   2.6e+09

Reactant = W1   Temperature = 1.9e+03 K

   P(atm)        W2      Loss
      0.1       ***       ***
        1       ***       ***
       10       ***       ***
      100       ***       ***
    1e+03  2.58e+09  2.58e+09
    1e+04   3.1e+09   3.1e+09
    1e+05  3.18e+09  3.18e+09
    1e+06  3.19e+09  3.19e+09
    1e+07  3.19e+09  3.19e+09
      O-O   3.2e+09   3.2e+09

Reactant = W1   Temperature = 2e+03 K

   P(atm)        W2      Loss
      0.1       ***       ***
        1       ***       ***
       10       ***       ***
      100       ***       ***
    1e+03  2.91e+09  2.91e+09
    1e+04   3.7e+09   3.7e+09
    1e+05  3.84e+09  3.84e+09
    1e+06  3.86e+09  3.86e+09
    1e+07  3.86e+09  3.86e+09
      O-O  3.86e+09  3.86e+09

Reactant = W2   Temperature = 500 K

   P(atm)        W1      Loss
      0.1  2.34e-06  2.34e-06
        1  2.71e-06  2.71e-06
       10  2.76e-06  2.76e-06
      100  2.77e-06  2.77e-06
    1e+03  2.77e-06  2.77e-06
    1e+04  2.77e-06  2.75e-06
    1e+05  2.77e-06  2.99e-06
    1e+06  2.77e-06  5.58e-06
    1e+07  2.77e-06  2.13e-05
      O-O  2.77e-06  2.77e-06

Reactant = W2   Temperature = 600 K

   P(atm)        W1      Loss
      0.1   0.00332   0.00332
        1   0.00461   0.00461
       10   0.00491   0.00491
      100   0.00494   0.00494
    1e+03   0.00495   0.00494
    1e+04   0.00495   0.00495
    1e+05   0.00495   0.00516
    1e+06   0.00495   0.00625
    1e+07   0.00495   0.00519
      O-O   0.00495   0.00495

Reactant = W2   Temperature = 700 K

   P(atm)        W1      Loss
      0.1     0.507     0.507
        1     0.896     0.896
       10      1.04      1.04
      100      1.06      1.06
    1e+03      1.06      1.06
    1e+04      1.06      1.06
    1e+05      1.06       1.1
    1e+06      1.06      0.91
    1e+07      1.06      1.17
      O-O      1.06      1.06

Reactant = W2   Temperature = 800 K

   P(atm)        W1      Loss
      0.1      19.8      19.8
        1      44.1      44.1
       10        57        57
      100      59.5      59.5
    1e+03      59.8      59.8
    1e+04      59.8      59.8
    1e+05      59.8      59.8
    1e+06      59.8      59.8
    1e+07      59.8      60.9
      O-O      59.9      59.9

Reactant = W2   Temperature = 900 K

   P(atm)        W1      Loss
      0.1       *** -4.86e-09
        1       802       802
       10  1.26e+03  1.26e+03
      100  1.37e+03  1.37e+03
    1e+03  1.38e+03  1.38e+03
    1e+04  1.39e+03  1.39e+03
    1e+05  1.39e+03  1.39e+03
    1e+06  1.39e+03  1.39e+03
    1e+07  1.39e+03  1.36e+03
      O-O  1.39e+03  1.39e+03

Reactant = W2   Temperature = 1e+03 K

   P(atm)        W1      Loss
      0.1       ***  9.19e-07
        1  7.68e+03  7.68e+03
       10  1.46e+04  1.46e+04
      100  1.68e+04  1.68e+04
    1e+03  1.71e+04  1.71e+04
    1e+04  1.72e+04  1.72e+04
    1e+05  1.72e+04  1.72e+04
    1e+06  1.72e+04  1.72e+04
    1e+07  1.72e+04  1.71e+04
      O-O  1.72e+04  1.72e+04

Reactant = W2   Temperature = 1.1e+03 K

   P(atm)        W1      Loss
      0.1       *** -1.01e-08
        1       ***  1.65e-06
       10  1.03e+05  1.03e+05
      100   1.3e+05   1.3e+05
    1e+03  1.34e+05  1.34e+05
    1e+04  1.35e+05  1.35e+05
    1e+05  1.35e+05  1.35e+05
    1e+06  1.35e+05  1.35e+05
    1e+07  1.35e+05  1.35e+05
      O-O  1.35e+05  1.35e+05

Reactant = W2   Temperature = 1.2e+03 K

   P(atm)        W1      Loss
      0.1       ***  2.75e-08
        1       *** -4.03e-06
       10   4.7e+05   4.7e+05
      100  7.01e+05  7.01e+05
    1e+03  7.47e+05  7.47e+05
    1e+04  7.53e+05  7.53e+05
    1e+05  7.53e+05  7.53e+05
    1e+06  7.53e+05  7.53e+05
    1e+07  7.53e+05  7.53e+05
      O-O  7.54e+05  7.54e+05

Reactant = W2   Temperature = 1.3e+03 K

   P(atm)        W1      Loss
      0.1       ***  -2.1e-08
        1       *** -5.26e-06
       10  1.77e+06  1.77e+06
      100  2.89e+06  2.89e+06
    1e+03  3.18e+06  3.18e+06
    1e+04  3.22e+06  3.22e+06
    1e+05  3.23e+06  3.23e+06
    1e+06  3.23e+06  3.23e+06
    1e+07  3.23e+06  3.23e+06
      O-O  3.23e+06  3.23e+06

Reactant = W2   Temperature = 1.4e+03 K

   P(atm)        W1      Loss
      0.1       *** -2.94e-07
        1       ***  5.28e-07
       10       ***  1.74e-05
      100  9.02e+06  9.02e+06
    1e+03  1.09e+07  1.09e+07
    1e+04  1.12e+07  1.12e+07
    1e+05  1.12e+07  1.12e+07
    1e+06  1.12e+07  1.12e+07
    1e+07  1.12e+07  1.12e+07
      O-O  1.12e+07  1.12e+07

Reactant = W2   Temperature = 1.5e+03 K

   P(atm)        W1      Loss
      0.1       *** -5.89e-07
        1       ***  1.01e-05
       10       *** -5.96e-05
      100  2.29e+07  2.29e+07
    1e+03  3.17e+07  3.17e+07
    1e+04   3.3e+07   3.3e+07
    1e+05  3.31e+07  3.31e+07
    1e+06  3.31e+07  3.31e+07
    1e+07  3.31e+07  3.31e+07
      O-O  3.32e+07  3.32e+07

Reactant = W2   Temperature = 1.6e+03 K

   P(atm)        W1      Loss
      0.1       ***  -2.1e-06
        1       *** -1.16e-05
       10       ***  6.88e-05
      100       *** -0.000257
    1e+03  7.92e+07  7.92e+07
    1e+04  8.47e+07  8.47e+07
    1e+05  8.53e+07  8.53e+07
    1e+06  8.54e+07  8.54e+07
    1e+07  8.54e+07  8.54e+07
      O-O  8.55e+07  8.55e+07

Reactant = W2   Temperature = 1.7e+03 K

   P(atm)        W1      Loss
      0.1       ***  -8.5e-07
        1       *** -1.16e-05
       10       *** -1.86e-05
      100       ***  0.000101
    1e+03  1.77e+08  1.77e+08
    1e+04  1.94e+08  1.94e+08
    1e+05  1.97e+08  1.97e+08
    1e+06  1.97e+08  1.97e+08
    1e+07  1.97e+08  1.97e+08
      O-O  1.97e+08  1.97e+08

Reactant = W2   Temperature = 1.8e+03 K

   P(atm)        W1      Loss
      0.1       ***  2.55e-06
        1       ***  3.66e-06
       10       *** -7.81e-05
      100       *** -0.000451
    1e+03  3.53e+08  3.53e+08
    1e+04  4.06e+08  4.06e+08
    1e+05  4.13e+08  4.13e+08
    1e+06  4.14e+08  4.14e+08
    1e+07  4.14e+08  4.14e+08
      O-O  4.14e+08  4.14e+08

Reactant = W2   Temperature = 1.9e+03 K

   P(atm)        W1      Loss
      0.1       ***  5.41e-06
        1       ***  1.52e-05
       10       *** -8.24e-06
      100       *** -0.000291
    1e+03  6.49e+08  6.49e+08
    1e+04  7.81e+08  7.81e+08
    1e+05  8.01e+08  8.01e+08
    1e+06  8.04e+08  8.04e+08
    1e+07  8.04e+08  8.04e+08
      O-O  8.04e+08  8.04e+08

Reactant = W2   Temperature = 2e+03 K

   P(atm)        W1      Loss
      0.1       ***  6.87e-06
        1       *** -2.73e-05
       10       *** -2.25e-06
      100       ***  0.000274
    1e+03   1.1e+09   1.1e+09
    1e+04   1.4e+09   1.4e+09
    1e+05  1.45e+09  1.45e+09
    1e+06  1.46e+09  1.46e+09
    1e+07  1.46e+09  1.46e+09
      O-O  1.46e+09  1.46e+09

______________________________________________________________________________________

Temperature-Species Rate Tables:

Reactant = W1   Pressure = 0.1 atm

   T(K)        W2      Loss   Capture
    500   2.9e+05   2.9e+05  3.45e+05
    600  1.64e+06  1.64e+06  2.44e+06
    700  4.83e+06  4.83e+06  1.01e+07
    800   9.8e+06   9.8e+06  2.97e+07
    900       ***       ***  6.95e+07
  1e+03       ***       ***  1.39e+08
1.1e+03       ***       ***  2.47e+08
1.2e+03       ***       ***  4.01e+08
1.3e+03       ***       ***  6.09e+08
1.4e+03       ***       ***  8.76e+08
1.5e+03       ***       ***  1.21e+09
1.6e+03       ***       ***   1.6e+09
1.7e+03       ***       ***  2.06e+09
1.8e+03       ***       ***   2.6e+09
1.9e+03       ***       ***   3.2e+09
  2e+03       ***       ***  3.86e+09

Reactant = W1   Pressure = 1 atm

   T(K)        W2      Loss   Capture
    500  3.36e+05  3.36e+05  3.45e+05
    600  2.27e+06  2.27e+06  2.44e+06
    700  8.53e+06  8.53e+06  1.01e+07
    800  2.18e+07  2.18e+07  2.97e+07
    900  4.02e+07  4.02e+07  6.95e+07
  1e+03   6.2e+07   6.2e+07  1.39e+08
1.1e+03       ***       ***  2.47e+08
1.2e+03       ***       ***  4.01e+08
1.3e+03       ***       ***  6.09e+08
1.4e+03       ***       ***  8.76e+08
1.5e+03       ***       ***  1.21e+09
1.6e+03       ***       ***   1.6e+09
1.7e+03       ***       ***  2.06e+09
1.8e+03       ***       ***   2.6e+09
1.9e+03       ***       ***   3.2e+09
  2e+03       ***       ***  3.86e+09

Reactant = W1   Pressure = 10 atm

   T(K)        W2      Loss   Capture
    500  3.43e+05  3.43e+05  3.45e+05
    600  2.42e+06  2.42e+06  2.44e+06
    700  9.86e+06  9.86e+06  1.01e+07
    800  2.83e+07  2.83e+07  2.97e+07
    900  6.31e+07  6.31e+07  6.95e+07
  1e+03  1.18e+08  1.18e+08  1.39e+08
1.1e+03  1.88e+08  1.88e+08  2.47e+08
1.2e+03   2.5e+08   2.5e+08  4.01e+08
1.3e+03  3.33e+08  3.33e+08  6.09e+08
1.4e+03       ***       ***  8.76e+08
1.5e+03       ***       ***  1.21e+09
1.6e+03       ***       ***   1.6e+09
1.7e+03       ***       ***  2.06e+09
1.8e+03       ***       ***   2.6e+09
1.9e+03       ***       ***   3.2e+09
  2e+03       ***       ***  3.86e+09

Reactant = W1   Pressure = 100 atm

   T(K)        W2      Loss   Capture
    500  3.44e+05  3.44e+05  3.45e+05
    600  2.44e+06  2.44e+06  2.44e+06
    700  1.01e+07  1.01e+07  1.01e+07
    800  2.95e+07  2.95e+07  2.97e+07
    900  6.87e+07  6.87e+07  6.95e+07
  1e+03  1.36e+08  1.36e+08  1.39e+08
1.1e+03  2.37e+08  2.37e+08  2.47e+08
1.2e+03  3.73e+08  3.73e+08  4.01e+08
1.3e+03  5.45e+08  5.45e+08  6.09e+08
1.4e+03  7.03e+08  7.03e+08  8.76e+08
1.5e+03  8.33e+08  8.33e+08  1.21e+09
1.6e+03       ***       ***   1.6e+09
1.7e+03       ***       ***  2.06e+09
1.8e+03       ***       ***   2.6e+09
1.9e+03       ***       ***   3.2e+09
  2e+03       ***       ***  3.86e+09

Reactant = W1   Pressure = 1e+03 atm

   T(K)        W2      Loss   Capture
    500  3.44e+05  3.44e+05  3.45e+05
    600  2.44e+06  2.44e+06  2.44e+06
    700  1.01e+07  1.01e+07  1.01e+07
    800  2.96e+07  2.96e+07  2.97e+07
    900  6.94e+07  6.94e+07  6.95e+07
  1e+03  1.38e+08  1.38e+08  1.39e+08
1.1e+03  2.45e+08  2.45e+08  2.47e+08
1.2e+03  3.98e+08  3.98e+08  4.01e+08
1.3e+03     6e+08     6e+08  6.09e+08
1.4e+03  8.52e+08  8.52e+08  8.76e+08
1.5e+03  1.15e+09  1.15e+09  1.21e+09
1.6e+03  1.48e+09  1.48e+09   1.6e+09
1.7e+03  1.86e+09  1.86e+09  2.06e+09
1.8e+03  2.22e+09  2.22e+09   2.6e+09
1.9e+03  2.58e+09  2.58e+09   3.2e+09
  2e+03  2.91e+09  2.91e+09  3.86e+09

Reactant = W1   Pressure = 1e+04 atm

   T(K)        W2      Loss   Capture
    500  3.44e+05  3.44e+05  3.45e+05
    600  2.44e+06  2.44e+06  2.44e+06
    700  1.01e+07  1.01e+07  1.01e+07
    800  2.96e+07  2.96e+07  2.97e+07
    900  6.94e+07  6.94e+07  6.95e+07
  1e+03  1.39e+08  1.39e+08  1.39e+08
1.1e+03  2.46e+08  2.46e+08  2.47e+08
1.2e+03     4e+08     4e+08  4.01e+08
1.3e+03  6.08e+08  6.08e+08  6.09e+08
1.4e+03  8.73e+08  8.73e+08  8.76e+08
1.5e+03   1.2e+09   1.2e+09  1.21e+09
1.6e+03  1.59e+09  1.59e+09   1.6e+09
1.7e+03  2.04e+09  2.04e+09  2.06e+09
1.8e+03  2.54e+09  2.54e+09   2.6e+09
1.9e+03   3.1e+09   3.1e+09   3.2e+09
  2e+03   3.7e+09   3.7e+09  3.86e+09

Reactant = W1   Pressure = 1e+05 atm

   T(K)        W2      Loss   Capture
    500  3.44e+05  3.44e+05  3.45e+05
    600  2.44e+06  2.44e+06  2.44e+06
    700  1.01e+07  1.01e+07  1.01e+07
    800  2.96e+07  2.96e+07  2.97e+07
    900  6.94e+07  6.94e+07  6.95e+07
  1e+03  1.39e+08  1.39e+08  1.39e+08
1.1e+03  2.46e+08  2.46e+08  2.47e+08
1.2e+03  4.01e+08  4.01e+08  4.01e+08
1.3e+03  6.09e+08  6.09e+08  6.09e+08
1.4e+03  8.75e+08  8.75e+08  8.76e+08
1.5e+03   1.2e+09   1.2e+09  1.21e+09
1.6e+03   1.6e+09   1.6e+09   1.6e+09
1.7e+03  2.06e+09  2.06e+09  2.06e+09
1.8e+03  2.59e+09  2.59e+09   2.6e+09
1.9e+03  3.18e+09  3.18e+09   3.2e+09
  2e+03  3.84e+09  3.84e+09  3.86e+09

Reactant = W1   Pressure = 1e+06 atm

   T(K)        W2      Loss   Capture
    500  3.44e+05  3.44e+05  3.45e+05
    600  2.44e+06  2.44e+06  2.44e+06
    700  1.01e+07  1.01e+07  1.01e+07
    800  2.96e+07  2.96e+07  2.97e+07
    900  6.94e+07  6.94e+07  6.95e+07
  1e+03  1.39e+08  1.39e+08  1.39e+08
1.1e+03  2.46e+08  2.46e+08  2.47e+08
1.2e+03  4.01e+08  4.01e+08  4.01e+08
1.3e+03  6.09e+08  6.09e+08  6.09e+08
1.4e+03  8.75e+08  8.75e+08  8.76e+08
1.5e+03  1.21e+09  1.21e+09  1.21e+09
1.6e+03   1.6e+09   1.6e+09   1.6e+09
1.7e+03  2.06e+09  2.06e+09  2.06e+09
1.8e+03  2.59e+09  2.59e+09   2.6e+09
1.9e+03  3.19e+09  3.19e+09   3.2e+09
  2e+03  3.86e+09  3.86e+09  3.86e+09

Reactant = W1   Pressure = 1e+07 atm

   T(K)        W2      Loss   Capture
    500  3.44e+05  3.44e+05  3.45e+05
    600  2.44e+06  2.44e+06  2.44e+06
    700  1.01e+07  1.01e+07  1.01e+07
    800  2.96e+07  2.96e+07  2.97e+07
    900  6.94e+07  6.94e+07  6.95e+07
  1e+03  1.39e+08  1.39e+08  1.39e+08
1.1e+03  2.46e+08  2.46e+08  2.47e+08
1.2e+03  4.01e+08  4.01e+08  4.01e+08
1.3e+03  6.09e+08  6.09e+08  6.09e+08
1.4e+03  8.75e+08  8.75e+08  8.76e+08
1.5e+03  1.21e+09  1.21e+09  1.21e+09
1.6e+03   1.6e+09   1.6e+09   1.6e+09
1.7e+03  2.06e+09  2.06e+09  2.06e+09
1.8e+03  2.59e+09  2.59e+09   2.6e+09
1.9e+03  3.19e+09  3.19e+09   3.2e+09
  2e+03  3.86e+09  3.86e+09  3.86e+09

Reactant = W2   Pressure = 0.1 atm

   T(K)        W1      Loss   Capture
    500  2.34e-06  2.34e-06  2.77e-06
    600   0.00332   0.00332   0.00495
    700     0.507     0.507      1.06
    800      19.8      19.8      59.9
    900       *** -4.86e-09  1.39e+03
  1e+03       ***  9.19e-07  1.72e+04
1.1e+03       *** -1.01e-08  1.35e+05
1.2e+03       ***  2.75e-08  7.54e+05
1.3e+03       ***  -2.1e-08  3.23e+06
1.4e+03       *** -2.94e-07  1.12e+07
1.5e+03       *** -5.89e-07  3.32e+07
1.6e+03       ***  -2.1e-06  8.55e+07
1.7e+03       ***  -8.5e-07  1.97e+08
1.8e+03       ***  2.55e-06  4.14e+08
1.9e+03       ***  5.41e-06  8.04e+08
  2e+03       ***  6.87e-06  1.46e+09

Reactant = W2   Pressure = 1 atm

   T(K)        W1      Loss   Capture
    500  2.71e-06  2.71e-06  2.77e-06
    600   0.00461   0.00461   0.00495
    700     0.896     0.896      1.06
    800      44.1      44.1      59.9
    900       802       802  1.39e+03
  1e+03  7.68e+03  7.68e+03  1.72e+04
1.1e+03       ***  1.65e-06  1.35e+05
1.2e+03       *** -4.03e-06  7.54e+05
1.3e+03       *** -5.26e-06  3.23e+06
1.4e+03       ***  5.28e-07  1.12e+07
1.5e+03       ***  1.01e-05  3.32e+07
1.6e+03       *** -1.16e-05  8.55e+07
1.7e+03       *** -1.16e-05  1.97e+08
1.8e+03       ***  3.66e-06  4.14e+08
1.9e+03       ***  1.52e-05  8.04e+08
  2e+03       *** -2.73e-05  1.46e+09

Reactant = W2   Pressure = 10 atm

   T(K)        W1      Loss   Capture
    500  2.76e-06  2.76e-06  2.77e-06
    600   0.00491   0.00491   0.00495
    700      1.04      1.04      1.06
    800        57        57      59.9
    900  1.26e+03  1.26e+03  1.39e+03
  1e+03  1.46e+04  1.46e+04  1.72e+04
1.1e+03  1.03e+05  1.03e+05  1.35e+05
1.2e+03   4.7e+05   4.7e+05  7.54e+05
1.3e+03  1.77e+06  1.77e+06  3.23e+06
1.4e+03       ***  1.74e-05  1.12e+07
1.5e+03       *** -5.96e-05  3.32e+07
1.6e+03       ***  6.88e-05  8.55e+07
1.7e+03       *** -1.86e-05  1.97e+08
1.8e+03       *** -7.81e-05  4.14e+08
1.9e+03       *** -8.24e-06  8.04e+08
  2e+03       *** -2.25e-06  1.46e+09

Reactant = W2   Pressure = 100 atm

   T(K)        W1      Loss   Capture
    500  2.77e-06  2.77e-06  2.77e-06
    600   0.00494   0.00494   0.00495
    700      1.06      1.06      1.06
    800      59.5      59.5      59.9
    900  1.37e+03  1.37e+03  1.39e+03
  1e+03  1.68e+04  1.68e+04  1.72e+04
1.1e+03   1.3e+05   1.3e+05  1.35e+05
1.2e+03  7.01e+05  7.01e+05  7.54e+05
1.3e+03  2.89e+06  2.89e+06  3.23e+06
1.4e+03  9.02e+06  9.02e+06  1.12e+07
1.5e+03  2.29e+07  2.29e+07  3.32e+07
1.6e+03       *** -0.000257  8.55e+07
1.7e+03       ***  0.000101  1.97e+08
1.8e+03       *** -0.000451  4.14e+08
1.9e+03       *** -0.000291  8.04e+08
  2e+03       ***  0.000274  1.46e+09

Reactant = W2   Pressure = 1e+03 atm

   T(K)        W1      Loss   Capture
    500  2.77e-06  2.77e-06  2.77e-06
    600   0.00495   0.00494   0.00495
    700      1.06      1.06      1.06
    800      59.8      59.8      59.9
    900  1.38e+03  1.38e+03  1.39e+03
  1e+03  1.71e+04  1.71e+04  1.72e+04
1.1e+03  1.34e+05  1.34e+05  1.35e+05
1.2e+03  7.47e+05  7.47e+05  7.54e+05
1.3e+03  3.18e+06  3.18e+06  3.23e+06
1.4e+03  1.09e+07  1.09e+07  1.12e+07
1.5e+03  3.17e+07  3.17e+07  3.32e+07
1.6e+03  7.92e+07  7.92e+07  8.55e+07
1.7e+03  1.77e+08  1.77e+08  1.97e+08
1.8e+03  3.53e+08  3.53e+08  4.14e+08
1.9e+03  6.49e+08  6.49e+08  8.04e+08
  2e+03   1.1e+09   1.1e+09  1.46e+09

Reactant = W2   Pressure = 1e+04 atm

   T(K)        W1      Loss   Capture
    500  2.77e-06  2.75e-06  2.77e-06
    600   0.00495   0.00495   0.00495
    700      1.06      1.06      1.06
    800      59.8      59.8      59.9
    900  1.39e+03  1.39e+03  1.39e+03
  1e+03  1.72e+04  1.72e+04  1.72e+04
1.1e+03  1.35e+05  1.35e+05  1.35e+05
1.2e+03  7.53e+05  7.53e+05  7.54e+05
1.3e+03  3.22e+06  3.22e+06  3.23e+06
1.4e+03  1.12e+07  1.12e+07  1.12e+07
1.5e+03   3.3e+07   3.3e+07  3.32e+07
1.6e+03  8.47e+07  8.47e+07  8.55e+07
1.7e+03  1.94e+08  1.94e+08  1.97e+08
1.8e+03  4.06e+08  4.06e+08  4.14e+08
1.9e+03  7.81e+08  7.81e+08  8.04e+08
  2e+03   1.4e+09   1.4e+09  1.46e+09

Reactant = W2   Pressure = 1e+05 atm

   T(K)        W1      Loss   Capture
    500  2.77e-06  2.99e-06  2.77e-06
    600   0.00495   0.00516   0.00495
    700      1.06       1.1      1.06
    800      59.8      59.8      59.9
    900  1.39e+03  1.39e+03  1.39e+03
  1e+03  1.72e+04  1.72e+04  1.72e+04
1.1e+03  1.35e+05  1.35e+05  1.35e+05
1.2e+03  7.53e+05  7.53e+05  7.54e+05
1.3e+03  3.23e+06  3.23e+06  3.23e+06
1.4e+03  1.12e+07  1.12e+07  1.12e+07
1.5e+03  3.31e+07  3.31e+07  3.32e+07
1.6e+03  8.53e+07  8.53e+07  8.55e+07
1.7e+03  1.97e+08  1.97e+08  1.97e+08
1.8e+03  4.13e+08  4.13e+08  4.14e+08
1.9e+03  8.01e+08  8.01e+08  8.04e+08
  2e+03  1.45e+09  1.45e+09  1.46e+09

Reactant = W2   Pressure = 1e+06 atm

   T(K)        W1      Loss   Capture
    500  2.77e-06  5.58e-06  2.77e-06
    600   0.00495   0.00625   0.00495
    700      1.06      0.91      1.06
    800      59.8      59.8      59.9
    900  1.39e+03  1.39e+03  1.39e+03
  1e+03  1.72e+04  1.72e+04  1.72e+04
1.1e+03  1.35e+05  1.35e+05  1.35e+05
1.2e+03  7.53e+05  7.53e+05  7.54e+05
1.3e+03  3.23e+06  3.23e+06  3.23e+06
1.4e+03  1.12e+07  1.12e+07  1.12e+07
1.5e+03  3.31e+07  3.31e+07  3.32e+07
1.6e+03  8.54e+07  8.54e+07  8.55e+07
1.7e+03  1.97e+08  1.97e+08  1.97e+08
1.8e+03  4.14e+08  4.14e+08  4.14e+08
1.9e+03  8.04e+08  8.04e+08  8.04e+08
  2e+03  1.46e+09  1.46e+09  1.46e+09

Reactant = W2   Pressure = 1e+07 atm

   T(K)        W1      Loss   Capture
    500  2.77e-06  2.13e-05  2.77e-06
    600   0.00495   0.00519   0.00495
    700      1.06      1.17      1.06
    800      59.8      60.9      59.9
    900  1.39e+03  1.36e+03  1.39e+03
  1e+03  1.72e+04  1.71e+04  1.72e+04
1.1e+03  1.35e+05  1.35e+05  1.35e+05
1.2e+03  7.53e+05  7.53e+05  7.54e+05
1.3e+03  3.23e+06  3.23e+06  3.23e+06
1.4e+03  1.12e+07  1.12e+07  1.12e+07
1.5e+03  3.31e+07  3.31e+07  3.32e+07
1.6e+03  8.54e+07  8.54e+07  8.55e+07
1.7e+03  1.97e+08  1.97e+08  1.97e+08
1.8e+03  4.14e+08  4.14e+08  4.14e+08
1.9e+03  8.04e+08  8.04e+08  8.04e+08
  2e+03  1.46e+09  1.46e+09  1.46e+09

______________________________________________________________________________________

Temperature-Pressure Rate Tables:

W1->W2

P\T           500       600       700       800       900     1e+03   1.1e+03   1.2e+03   1.3e+03   1.4e+03   1.5e+03   1.6e+03   1.7e+03   1.8e+03   1.9e+03     2e+03
0.1       2.9e+05  1.64e+06  4.83e+06   9.8e+06       ***       ***       ***       ***       ***       ***       ***       ***       ***       ***       ***       ***
1        3.36e+05  2.27e+06  8.53e+06  2.18e+07  4.02e+07   6.2e+07       ***       ***       ***       ***       ***       ***       ***       ***       ***       ***
10       3.43e+05  2.42e+06  9.86e+06  2.83e+07  6.31e+07  1.18e+08  1.88e+08   2.5e+08  3.33e+08       ***       ***       ***       ***       ***       ***       ***
100      3.44e+05  2.44e+06  1.01e+07  2.95e+07  6.87e+07  1.36e+08  2.37e+08  3.73e+08  5.45e+08  7.03e+08  8.33e+08       ***       ***       ***       ***       ***
1e+03    3.44e+05  2.44e+06  1.01e+07  2.96e+07  6.94e+07  1.38e+08  2.45e+08  3.98e+08     6e+08  8.52e+08  1.15e+09  1.48e+09  1.86e+09  2.22e+09  2.58e+09  2.91e+09
1e+04    3.44e+05  2.44e+06  1.01e+07  2.96e+07  6.94e+07  1.39e+08  2.46e+08     4e+08  6.08e+08  8.73e+08   1.2e+09  1.59e+09  2.04e+09  2.54e+09   3.1e+09   3.7e+09
1e+05    3.44e+05  2.44e+06  1.01e+07  2.96e+07  6.94e+07  1.39e+08  2.46e+08  4.01e+08  6.09e+08  8.75e+08   1.2e+09   1.6e+09  2.06e+09  2.59e+09  3.18e+09  3.84e+09
1e+06    3.44e+05  2.44e+06  1.01e+07  2.96e+07  6.94e+07  1.39e+08  2.46e+08  4.01e+08  6.09e+08  8.75e+08  1.21e+09   1.6e+09  2.06e+09  2.59e+09  3.19e+09  3.86e+09
1e+07    3.44e+05  2.44e+06  1.01e+07  2.96e+07  6.94e+07  1.39e+08  2.46e+08  4.01e+08  6.09e+08  8.75e+08  1.21e+09   1.6e+09  2.06e+09  2.59e+09  3.19e+09  3.86e+09
O-O      3.45e+05  2.44e+06  1.01e+07  2.97e+07  6.95e+07  1.39e+08  2.47e+08  4.01e+08  6.09e+08  8.76e+08  1.21e+09   1.6e+09  2.06e+09   2.6e+09   3.2e+09  3.86e+09

W2->W1

P\T           500       600       700       800       900     1e+03   1.1e+03   1.2e+03   1.3e+03   1.4e+03   1.5e+03   1.6e+03   1.7e+03   1.8e+03   1.9e+03     2e+03
0.1      2.34e-06   0.00332     0.507      19.8       ***       ***       ***       ***       ***       ***       ***       ***       ***       ***       ***       ***
1        2.71e-06   0.00461     0.896      44.1       802  7.68e+03       ***       ***       ***       ***       ***       ***       ***       ***       ***       ***
10       2.76e-06   0.00491      1.04        57  1.26e+03  1.46e+04  1.03e+05   4.7e+05  1.77e+06       ***       ***       ***       ***       ***       ***       ***
100      2.77e-06   0.00494      1.06      59.5  1.37e+03  1.68e+04   1.3e+05  7.01e+05  2.89e+06  9.02e+06  2.29e+07       ***       ***       ***       ***       ***
1e+03    2.77e-06   0.00495      1.06      59.8  1.38e+03  1.71e+04  1.34e+05  7.47e+05  3.18e+06  1.09e+07  3.17e+07  7.92e+07  1.77e+08  3.53e+08  6.49e+08   1.1e+09
1e+04    2.77e-06   0.00495      1.06      59.8  1.39e+03  1.72e+04  1.35e+05  7.53e+05  3.22e+06  1.12e+07   3.3e+07  8.47e+07  1.94e+08  4.06e+08  7.81e+08   1.4e+09
1e+05    2.77e-06   0.00495      1.06      59.8  1.39e+03  1.72e+04  1.35e+05  7.53e+05  3.23e+06  1.12e+07  3.31e+07  8.53e+07  1.97e+08  4.13e+08  8.01e+08  1.45e+09
1e+06    2.77e-06   0.00495      1.06      59.8  1.39e+03  1.72e+04  1.35e+05  7.53e+05  3.23e+06  1.12e+07  3.31e+07  8.54e+07  1.97e+08  4.14e+08  8.04e+08  1.46e+09
1e+07    2.77e-06   0.00495      1.06      59.8  1.39e+03  1.72e+04  1.35e+05  7.53e+05  3.23e+06  1.12e+07  3.31e+07  8.54e+07  1.97e+08  4.14e+08  8.04e+08  1.46e+09
O-O      2.77e-06   0.00495      1.06      59.9  1.39e+03  1.72e+04  1.35e+05  7.54e+05  3.23e+06  1.12e+07  3.32e+07  8.55e+07  1.97e+08  4.14e+08  8.04e+08  1.46e+09

W1-> 

P\T           500       600       700       800       900     1e+03   1.1e+03   1.2e+03   1.3e+03   1.4e+03   1.5e+03   1.6e+03   1.7e+03   1.8e+03   1.9e+03     2e+03
0.1       2.9e+05  1.64e+06  4.83e+06   9.8e+06       ***       ***       ***       ***       ***       ***       ***       ***       ***       ***       ***       ***
1        3.36e+05  2.27e+06  8.53e+06  2.18e+07  4.02e+07   6.2e+07       ***       ***       ***       ***       ***       ***       ***       ***       ***       ***
10       3.43e+05  2.42e+06  9.86e+06  2.83e+07  6.31e+07  1.18e+08  1.88e+08   2.5e+08  3.33e+08       ***       ***       ***       ***       ***       ***       ***
100      3.44e+05  2.44e+06  1.01e+07  2.95e+07  6.87e+07  1.36e+08  2.37e+08  3.73e+08  5.45e+08  7.03e+08  8.33e+08       ***       ***       ***       ***       ***
1e+03    3.44e+05  2.44e+06  1.01e+07  2.96e+07  6.94e+07  1.38e+08  2.45e+08  3.98e+08     6e+08  8.52e+08  1.15e+09  1.48e+09  1.86e+09  2.22e+09  2.58e+09  2.91e+09
1e+04    3.44e+05  2.44e+06  1.01e+07  2.96e+07  6.94e+07  1.39e+08  2.46e+08     4e+08  6.08e+08  8.73e+08   1.2e+09  1.59e+09  2.04e+09  2.54e+09   3.1e+09   3.7e+09
1e+05    3.44e+05  2.44e+06  1.01e+07  2.96e+07  6.94e+07  1.39e+08  2.46e+08  4.01e+08  6.09e+08  8.75e+08   1.2e+09   1.6e+09  2.06e+09  2.59e+09  3.18e+09  3.84e+09
1e+06    3.44e+05  2.44e+06  1.01e+07  2.96e+07  6.94e+07  1.39e+08  2.46e+08  4.01e+08  6.09e+08  8.75e+08  1.21e+09   1.6e+09  2.06e+09  2.59e+09  3.19e+09  3.86e+09
1e+07    3.44e+05  2.44e+06  1.01e+07  2.96e+07  6.94e+07  1.39e+08  2.46e+08  4.01e+08  6.09e+08  8.75e+08  1.21e+09   1.6e+09  2.06e+09  2.59e+09  3.19e+09  3.86e+09
O-O      3.45e+05  2.44e+06  1.01e+07  2.97e+07  6.95e+07  1.39e+08  2.47e+08  4.01e+08  6.09e+08  8.76e+08  1.21e+09   1.6e+09  2.06e+09   2.6e+09   3.2e+09  3.86e+09

W2-> 

P\T           500       600       700       800       900     1e+03   1.1e+03   1.2e+03   1.3e+03   1.4e+03   1.5e+03   1.6e+03   1.7e+03   1.8e+03   1.9e+03     2e+03
0.1      2.34e-06   0.00332     0.507      19.8 -4.86e-09  9.19e-07 -1.01e-08  2.75e-08  -2.1e-08 -2.94e-07 -5.89e-07  -2.1e-06  -8.5e-07  2.55e-06  5.41e-06  6.87e-06
1        2.71e-06   0.00461     0.896      44.1       802  7.68e+03  1.65e-06 -4.03e-06 -5.26e-06  5.28e-07  1.01e-05 -1.16e-05 -1.16e-05  3.66e-06  1.52e-05 -2.73e-05
10       2.76e-06   0.00491      1.04        57  1.26e+03  1.46e+04  1.03e+05   4.7e+05  1.77e+06  1.74e-05 -5.96e-05  6.88e-05 -1.86e-05 -7.81e-05 -8.24e-06 -2.25e-06
100      2.77e-06   0.00494      1.06      59.5  1.37e+03  1.68e+04   1.3e+05  7.01e+05  2.89e+06  9.02e+06  2.29e+07 -0.000257  0.000101 -0.000451 -0.000291  0.000274
1e+03    2.77e-06   0.00494      1.06      59.8  1.38e+03  1.71e+04  1.34e+05  7.47e+05  3.18e+06  1.09e+07  3.17e+07  7.92e+07  1.77e+08  3.53e+08  6.49e+08   1.1e+09
1e+04    2.75e-06   0.00495      1.06      59.8  1.39e+03  1.72e+04  1.35e+05  7.53e+05  3.22e+06  1.12e+07   3.3e+07  8.47e+07  1.94e+08  4.06e+08  7.81e+08   1.4e+09
1e+05    2.99e-06   0.00516       1.1      59.8  1.39e+03  1.72e+04  1.35e+05  7.53e+05  3.23e+06  1.12e+07  3.31e+07  8.53e+07  1.97e+08  4.13e+08  8.01e+08  1.45e+09
1e+06    5.58e-06   0.00625      0.91      59.8  1.39e+03  1.72e+04  1.35e+05  7.53e+05  3.23e+06  1.12e+07  3.31e+07  8.54e+07  1.97e+08  4.14e+08  8.04e+08  1.46e+09
1e+07    2.13e-05   0.00519      1.17      60.9  1.36e+03  1.71e+04  1.35e+05  7.53e+05  3.23e+06  1.12e+07  3.31e+07  8.54e+07  1.97e+08  4.14e+08  8.04e+08  1.46e+09
O-O      2.77e-06   0.00495      1.06      59.9  1.39e+03  1.72e+04  1.35e+05  7.54e+05  3.23e+06  1.12e+07  3.32e+07  8.55e+07  1.97e+08  4.14e+08  8.04e+08  1.46e+09

