Wells (G - ground energy, D - dissociation limit, kcal/mol):
                              W         G         D
         FakeW-C5H8(522)+HO2(8)        -3         0
      FakeW-C5H7(1202)+H2O2(10)      23.8      25.5

Bimolecular Products (G - ground energy, kcal/mol):
                        P         G
         C5H8(522)+HO2(8)         0
      C5H7(1202)+H2O2(10)      26.8

Well-to-Bimolecular Barriers (H/G - barrier height/well depth, kcal/mol)
                              B         H                         W         G                   P
         FakeB-C5H8(522)+HO2(8)         0    FakeW-C5H8(522)+HO2(8)        -3    C5H8(522)+HO2(8)
      FakeB-C5H7(1202)+H2O2(10)      26.8 FakeW-C5H7(1202)+H2O2(10)      23.8 C5H7(1202)+H2O2(10)

Well-to-Well Barriers (H/G - barrier height/well depth, kcal/mol):
            B         H                        W1        G1                        W2        G2
      ts_6_35      25.5    FakeW-C5H8(522)+HO2(8)        -3 FakeW-C5H7(1202)+H2O2(10)      23.8

Bound Groups: dissociation barrier (name/ground energy, kcal/mol): wells (name/ground energy, kcal/mol):
     C1/0:  FakeW-C5H8(522)+HO2(8)/-3

     B1/25.5:  FakeW-C5H7(1202)+H2O2(10)/23.8

________________________________________________________________________________________

Names Translation Tables (<short name> - <original name>):
Wells:
   W1 - FakeW-C5H8(522)+HO2(8)
   W2 - FakeW-C5H7(1202)+H2O2(10)
Bimolecular products:
   P1 - C5H8(522)+HO2(8)
   P2 - C5H7(1202)+H2O2(10)
Inner Barriers:
   B1 - ts_6_35
Outer Barriers:
   C1 - FakeB-C5H8(522)+HO2(8)
   C2 - FakeB-C5H7(1202)+H2O2(10)
Unimolecular Rate Units: 1/sec;  Bimolecular Rate Units: cm^3/sec

______________________________________________________________________________________

Species-Species Rate Tables:

Temperature = 500 K

High Pressure Rate Coefficients:

From\To         W1        W2        P1        P2
W1             ***   0.00643  2.12e+11       ***
W2        1.96e+09       ***       ***  3.86e+11
P1        1.91e-10       ***       ***       ***
P2             ***   1.9e-10       ***       ***

Temperature = 500 K    Pressure = 0.1 atm

From\To         W1        W2        P1        P2
W1        1.08e+10  1.91e-11  1.08e+10  6.75e-09
W2       -1.89e+03  1.56e+10  1.39e+08  1.54e+10
P1        9.61e-12  4.03e-25  9.61e-12  5.31e-24
P2        3.91e-18  7.44e-12  8.83e-13  8.33e-12

Temperature = 500 K    Pressure = 1 atm

From\To         W1        W2        P1        P2
W1        2.87e+10 -5.77e-13  2.87e+10 -1.83e-10
W2       -1.16e+04  4.25e+10  2.89e+08  4.22e+10
P1        2.58e-11  8.52e-25  2.58e-11  4.86e-24
P2        1.71e-17  2.07e-11  8.09e-13  2.15e-11

Temperature = 500 K    Pressure = 10 atm

From\To         W1        W2        P1        P2
W1        6.04e+10  6.79e-10  6.04e+10 -1.32e-09
W2       -5.21e+04  9.31e+10   5.4e+08  9.26e+10
P1        5.45e-11   1.6e-24  5.45e-11  4.12e-24
P2        7.17e-17  4.56e-11  6.85e-13  4.62e-11

Temperature = 500 K    Pressure = 100 atm

From\To         W1        W2        P1        P2
W1        1.09e+11  4.85e-06  1.09e+11  1.84e-06
W2        1.31e+06  1.71e+11  9.05e+08  1.71e+11
P1        9.85e-11  2.68e-24  9.85e-11  3.03e-24
P2        4.94e-16   8.4e-11  5.05e-13  8.45e-11

Temperature = 600 K

High Pressure Rate Coefficients:

From\To         W1        W2        P1        P2
W1             ***     0.655   2.2e+11       ***
W2        2.06e+09       ***       ***     4e+11
P1        1.97e-10       ***       ***       ***
P2             ***  1.96e-10       ***       ***

Temperature = 600 K    Pressure = 0.1 atm

From\To         W1        W2        P1        P2
W1         1.6e+10 -7.76e-11   1.6e+10  9.85e-09
W2       -3.67e+03  2.46e+10  1.34e+08  2.45e+10
P1         1.4e-11  3.69e-23   1.4e-11  5.37e-22
P2        4.85e-18  1.16e-11   9.2e-13  1.25e-11

Temperature = 600 K    Pressure = 1 atm

From\To         W1        W2        P1        P2
W1        3.56e+10 -1.69e-11  3.56e+10     2e-08
W2       -1.85e+04  5.58e+10   2.8e+08  5.55e+10
P1        3.19e-11  7.94e-23  3.19e-11  4.95e-22
P2        2.43e-17   2.7e-11  8.48e-13  2.79e-11

Temperature = 600 K    Pressure = 10 atm

From\To         W1        W2        P1        P2
W1        6.77e+10 -2.63e-09  6.77e+10 -6.51e-09
W2       -7.25e+04  1.09e+11  5.24e+08  1.08e+11
P1        6.07e-11   1.5e-22  6.07e-11  4.25e-22
P2        9.16e-17   5.3e-11  7.28e-13  5.38e-11

Temperature = 600 K    Pressure = 100 atm

From\To         W1        W2        P1        P2
W1        1.13e+11  0.000602  1.13e+11  0.000198
W2        1.68e+06  1.85e+11  8.77e+08  1.84e+11
P1        1.02e-10  2.51e-22  1.02e-10  3.23e-22
P2        5.62e-16     9e-11  5.54e-13  9.05e-11

Temperature = 700 K

High Pressure Rate Coefficients:

From\To         W1        W2        P1        P2
W1             ***      18.2  2.11e+11       ***
W2        2.16e+09       ***       ***  3.83e+11
P1        2.03e-10       ***       ***       ***
P2             ***  2.01e-10       ***       ***

Temperature = 700 K    Pressure = 0.1 atm

From\To         W1        W2        P1        P2
W1        2.01e+10 -2.52e-09  2.01e+10 -2.54e-07
W2       -4.59e+03  2.96e+10  1.38e+08  2.95e+10
P1        1.88e-11  1.07e-21  1.88e-11  1.58e-20
P2        7.12e-18  1.48e-11  1.03e-12  1.59e-11

Temperature = 700 K    Pressure = 1 atm

From\To         W1        W2        P1        P2
W1        4.05e+10 -9.88e-09  4.05e+10  1.01e-07
W2       -2.15e+04  6.14e+10  2.85e+08  6.12e+10
P1        3.87e-11  2.28e-21  3.87e-11  1.46e-20
P2        3.26e-17  3.18e-11  9.47e-13  3.27e-11

Temperature = 700 K    Pressure = 10 atm

From\To         W1        W2        P1        P2
W1        7.15e+10 -2.73e-07  7.15e+10   3.2e-06
W2       -8.08e+04  1.13e+11  5.29e+08  1.12e+11
P1        6.86e-11  4.27e-21  6.86e-11  1.26e-20
P2        1.15e-16  5.86e-11  8.18e-13  5.95e-11

Temperature = 700 K    Pressure = 100 atm

From\To         W1        W2        P1        P2
W1        1.13e+11    0.0262  1.13e+11   0.00726
W2        2.89e+06  1.82e+11  8.78e+08  1.81e+11
P1        1.08e-10   7.1e-21  1.08e-10  9.77e-21
P2        7.61e-16  9.48e-11  6.34e-13  9.54e-11

Temperature = 800 K

High Pressure Rate Coefficients:

From\To         W1        W2        P1        P2
W1             ***       222  1.94e+11       ***
W2        2.26e+09       ***       ***  3.53e+11
P1        2.07e-10       ***       ***       ***
P2             ***  2.06e-10       ***       ***

Temperature = 800 K    Pressure = 0.1 atm

From\To         W1        W2        P1        P2
W1        2.04e+10 -3.27e-08  2.04e+10  5.76e-08
W2       -5.79e+03  3.08e+10  1.43e+08  3.07e+10
P1         2.1e-11  1.43e-20   2.1e-11  2.13e-19
P2        9.43e-18   1.7e-11  1.18e-12  1.82e-11

Temperature = 800 K    Pressure = 1 atm

From\To         W1        W2        P1        P2
W1        3.92e+10 -1.18e-05  3.92e+10  8.37e-07
W2       -2.54e+04  6.08e+10  2.92e+08  6.05e+10
P1        4.16e-11  3.03e-20  4.16e-11  1.97e-19
P2        4.08e-17  3.49e-11  1.09e-12   3.6e-11

Temperature = 800 K    Pressure = 10 atm

From\To         W1        W2        P1        P2
W1        6.71e+10   0.00114  6.71e+10  9.57e-05
W2       -7.88e+04  1.08e+11  5.38e+08  1.07e+11
P1        7.15e-11  5.62e-20  7.15e-11  1.71e-19
P2         1.4e-16  6.22e-11   9.5e-13  6.31e-11

Temperature = 800 K    Pressure = 100 atm

From\To         W1        W2        P1        P2
W1        1.03e+11     0.484  1.03e+11     0.115
W2        4.68e+06  1.69e+11  8.85e+08  1.68e+11
P1         1.1e-10  9.27e-20   1.1e-10  1.34e-19
P2        1.04e-15  9.78e-11  7.45e-13  9.86e-11

Temperature = 900 K

High Pressure Rate Coefficients:

From\To         W1        W2        P1        P2
W1             ***  1.57e+03  1.75e+11       ***
W2        2.36e+09       ***       ***  3.19e+11
P1        2.11e-10       ***       ***       ***
P2             ***   2.1e-10       ***       ***

Temperature = 900 K    Pressure = 0.1 atm

From\To         W1        W2        P1        P2
W1        2.02e+10 -7.71e-06  2.02e+10  1.42e-06
W2       -6.43e+03  3.02e+10  1.51e+08  3.01e+10
P1        2.35e-11  1.15e-19  2.35e-11  1.68e-18
P2        1.22e-17  1.88e-11  1.38e-12  2.02e-11

Temperature = 900 K    Pressure = 1 atm

From\To         W1        W2        P1        P2
W1        3.76e+10 -1.16e-05  3.76e+10  2.58e-05
W2       -2.71e+04  5.78e+10  3.03e+08  5.75e+10
P1         4.5e-11   2.4e-19   4.5e-11  1.56e-18
P2        5.07e-17  3.74e-11  1.28e-12  3.87e-11

Temperature = 900 K    Pressure = 10 atm

From\To         W1        W2        P1        P2
W1        6.26e+10    0.0235  6.26e+10   0.00163
W2       -5.94e+04  9.97e+10  5.52e+08  9.91e+10
P1        7.54e-11  4.42e-19  7.54e-11  1.36e-18
P2        1.69e-16  6.51e-11  1.12e-12  6.62e-11

Temperature = 900 K    Pressure = 100 atm

From\To         W1        W2        P1        P2
W1         9.4e+10      5.54   9.4e+10      1.14
W2        8.09e+06  1.54e+11     9e+08  1.53e+11
P1        1.13e-10  7.21e-19  1.13e-10  1.07e-18
P2        1.56e-15     1e-10  8.81e-13  1.01e-10

Temperature = 1e+03 K

High Pressure Rate Coefficients:

From\To         W1        W2        P1        P2
W1             ***  7.53e+03  1.56e+11       ***
W2        2.46e+09       ***       ***  2.84e+11
P1        2.15e-10       ***       ***       ***
P2             ***  2.13e-10       ***       ***

Temperature = 1e+03 K    Pressure = 0.1 atm

From\To         W1        W2        P1        P2
W1        1.87e+10 -9.86e-06  1.87e+10  1.01e-05
W2       -8.03e+03  2.91e+10  1.61e+08  2.89e+10
P1        2.48e-11  6.44e-19  2.48e-11   9.1e-18
P2        1.59e-17  2.05e-11  1.62e-12  2.22e-11

Temperature = 1e+03 K    Pressure = 1 atm

From\To         W1        W2        P1        P2
W1        3.41e+10   0.00265  3.41e+10  0.000267
W2       -3.12e+04  5.42e+10  3.19e+08  5.38e+10
P1        4.66e-11  1.33e-18  4.66e-11  8.42e-18
P2         6.4e-17     4e-11   1.5e-12  4.15e-11

Temperature = 1e+03 K    Pressure = 10 atm

From\To         W1        W2        P1        P2
W1        5.59e+10     0.259  5.59e+10    0.0149
W2       -2.27e+04  9.16e+10  5.76e+08   9.1e+10
P1        7.69e-11  2.42e-18  7.69e-11  7.33e-18
P2         2.1e-16  6.82e-11  1.31e-12  6.95e-11

Temperature = 1e+03 K    Pressure = 100 atm

From\To         W1        W2        P1        P2
W1        8.31e+10      39.5  8.31e+10      7.07
W2        1.27e+07  1.39e+11  9.26e+08  1.38e+11
P1        1.14e-10   3.9e-18  1.14e-10   5.8e-18
P2        2.24e-15  1.03e-10  1.03e-12  1.04e-10

Temperature = 1.1e+03 K

High Pressure Rate Coefficients:

From\To         W1        W2        P1        P2
W1             ***  2.72e+04  1.39e+11       ***
W2        2.55e+09       ***       ***  2.52e+11
P1        2.18e-10       ***       ***       ***
P2             ***  2.17e-10       ***       ***

Temperature = 1.1e+03 K    Pressure = 0.1 atm

From\To         W1        W2        P1        P2
W1        1.76e+10   0.00035  1.76e+10  7.79e-05
W2       -8.06e+03  2.68e+10  1.68e+08  2.66e+10
P1        2.67e-11  2.67e-18  2.67e-11  3.73e-17
P2        1.93e-17  2.16e-11  1.91e-12  2.35e-11

Temperature = 1.1e+03 K    Pressure = 1 atm

From\To         W1        W2        P1        P2
W1        3.14e+10    0.0256  3.14e+10   0.00223
W2       -2.96e+04  4.91e+10  3.29e+08  4.88e+10
P1        4.92e-11  5.46e-18  4.92e-11  3.45e-17
P2         7.6e-17  4.15e-11  1.77e-12  4.32e-11

Temperature = 1.1e+03 K    Pressure = 10 atm

From\To         W1        W2        P1        P2
W1        5.07e+10      2.34  5.07e+10     0.114
W2        1.13e+05   8.2e+10  5.89e+08  8.14e+10
P1        7.98e-11  9.88e-18  7.98e-11  3.02e-17
P2         2.5e-16  6.98e-11  1.54e-12  7.14e-11

Temperature = 1.1e+03 K    Pressure = 100 atm

From\To         W1        W2        P1        P2
W1        7.43e+10       225  7.43e+10      36.3
W2        2.09e+07  1.23e+11  9.36e+08  1.22e+11
P1        1.17e-10  1.57e-17  1.17e-10   2.4e-17
P2         3.5e-15  1.05e-10  1.23e-12  1.06e-10

Temperature = 1.2e+03 K

High Pressure Rate Coefficients:

From\To         W1        W2        P1        P2
W1             ***  7.95e+04  1.23e+11       ***
W2        2.64e+09       ***       ***  2.24e+11
P1        2.22e-10       ***       ***       ***
P2             ***   2.2e-10       ***       ***

Temperature = 1.2e+03 K    Pressure = 0.1 atm

From\To         W1        W2        P1        P2
W1        1.61e+10   0.00216  1.61e+10  0.000442
W2       -9.26e+03   2.5e+10  1.79e+08  2.48e+10
P1        2.79e-11   9.2e-18  2.79e-11  1.23e-16
P2        2.45e-17   2.3e-11  2.23e-12  2.53e-11

Temperature = 1.2e+03 K    Pressure = 1 atm

From\To         W1        W2        P1        P2
W1        2.84e+10     0.166  2.84e+10    0.0121
W2       -3.02e+04  4.51e+10  3.47e+08  4.47e+10
P1        5.09e-11  1.86e-17  5.09e-11  1.14e-16
P2        9.44e-17  4.35e-11  2.06e-12  4.56e-11

Temperature = 1.2e+03 K    Pressure = 10 atm

From\To         W1        W2        P1        P2
W1        4.53e+10      14.5  4.53e+10      0.59
W2        3.65e+05  7.42e+10  6.15e+08  7.36e+10
P1        8.17e-11  3.34e-17  8.17e-11  9.93e-17
P2        3.12e-16  7.23e-11   1.8e-12  7.41e-11

Temperature = 1.2e+03 K    Pressure = 100 atm

From\To         W1        W2        P1        P2
W1        6.59e+10       963  6.59e+10       138
W2        3.17e+07   1.1e+11  9.59e+08  1.09e+11
P1        1.19e-10  5.21e-17  1.19e-10  7.88e-17
P2        5.19e-15  1.07e-10  1.43e-12  1.09e-10

Temperature = 1.3e+03 K

High Pressure Rate Coefficients:

From\To         W1        W2        P1        P2
W1             ***  1.97e+05  1.09e+11       ***
W2        2.72e+09       ***       ***  1.98e+11
P1        2.25e-10       ***       ***       ***
P2             ***  2.23e-10       ***       ***

Temperature = 1.3e+03 K    Pressure = 0.1 atm

From\To         W1        W2        P1        P2
W1        1.49e+10    0.0124  1.49e+10   0.00209
W2       -9.43e+03  2.28e+10  1.87e+08  2.26e+10
P1        2.96e-11  2.65e-17  2.96e-11  3.45e-16
P2        2.97e-17  2.41e-11   2.6e-12  2.67e-11

Temperature = 1.3e+03 K    Pressure = 1 atm

From\To         W1        W2        P1        P2
W1        2.59e+10     0.994  2.59e+10    0.0587
W2       -2.27e+04  4.08e+10   3.6e+08  4.04e+10
P1        5.31e-11  5.31e-17  5.31e-11  3.19e-16
P2        1.13e-16   4.5e-11  2.41e-12  4.74e-11

Temperature = 1.3e+03 K    Pressure = 10 atm

From\To         W1        W2        P1        P2
W1        4.09e+10      80.5  4.09e+10      2.74
W2        9.96e+05  6.65e+10  6.33e+08  6.59e+10
P1        8.42e-11  9.43e-17  8.42e-11  2.78e-16
P2        3.88e-16   7.4e-11   2.1e-12  7.61e-11

Temperature = 1.3e+03 K    Pressure = 100 atm

From\To         W1        W2        P1        P2
W1        5.89e+10  3.56e+03  5.89e+10       467
W2         4.9e+07   9.8e+10  9.67e+08   9.7e+10
P1        1.21e-10  1.44e-16  1.21e-10  2.21e-16
P2        8.03e-15  1.09e-10  1.66e-12  1.11e-10

Temperature = 1.4e+03 K

High Pressure Rate Coefficients:

From\To         W1        W2        P1        P2
W1             ***  4.28e+05  9.67e+10       ***
W2         2.8e+09       ***       ***  1.76e+11
P1        2.27e-10       ***       ***       ***
P2             ***  2.26e-10       ***       ***

Temperature = 1.4e+03 K    Pressure = 0.1 atm

From\To         W1        W2        P1        P2
W1        1.34e+10    0.0514  1.34e+10   0.00654
W2       -1.14e+04  2.13e+10  2.02e+08  2.11e+10
P1        3.04e-11  6.88e-17  3.04e-11  8.44e-16
P2        3.84e-17  2.56e-11  3.01e-12  2.86e-11

Temperature = 1.4e+03 K    Pressure = 1 atm

From\To         W1        W2        P1        P2
W1        2.32e+10      4.24  2.32e+10     0.183
W2       -1.52e+04  3.76e+10  3.83e+08  3.72e+10
P1        5.42e-11  1.36e-16  5.42e-11  7.77e-16
P2        1.43e-16  4.72e-11  2.77e-12     5e-11

Temperature = 1.4e+03 K    Pressure = 10 atm

From\To         W1        W2        P1        P2
W1        3.64e+10       320  3.64e+10      8.66
W2        1.96e+06  6.06e+10  6.66e+08     6e+10
P1        8.55e-11  2.39e-16  8.55e-11  6.75e-16
P2        5.01e-16  7.67e-11   2.4e-12  7.92e-11

Temperature = 1.4e+03 K    Pressure = 100 atm

From\To         W1        W2        P1        P2
W1        5.22e+10  1.04e+04  5.22e+10  1.22e+03
W2        6.76e+07  8.84e+10  9.92e+08  8.74e+10
P1        1.23e-10  3.57e-16  1.23e-10  5.33e-16
P2        1.12e-14  1.12e-10   1.9e-12  1.14e-10

Temperature = 1.5e+03 K

High Pressure Rate Coefficients:

From\To         W1        W2        P1        P2
W1             ***  8.38e+05  8.61e+10       ***
W2        2.87e+09       ***       ***  1.57e+11
P1         2.3e-10       ***       ***       ***
P2             ***  2.28e-10       ***       ***

Temperature = 1.5e+03 K    Pressure = 0.1 atm

From\To         W1        W2        P1        P2
W1        1.22e+10     0.335  1.22e+10    0.0148
W2       -1.22e+04  1.91e+10  2.05e+08  1.89e+10
P1        3.15e-11  1.52e-16  3.15e-11  1.87e-15
P2        5.17e-17  2.61e-11  3.48e-12  2.95e-11

Temperature = 1.5e+03 K    Pressure = 1 atm

From\To         W1        W2        P1        P2
W1         2.1e+10      26.7   2.1e+10     0.423
W2         4.6e+04  3.35e+10  3.88e+08  3.31e+10
P1        5.57e-11     3e-16  5.57e-11  1.72e-15
P2        1.78e-16  4.77e-11  3.21e-12  5.09e-11

Temperature = 1.5e+03 K    Pressure = 10 atm

From\To         W1        W2        P1        P2
W1        3.27e+10  1.53e+03  3.27e+10      27.5
W2        5.11e+06  5.38e+10  6.69e+08  5.31e+10
P1        8.71e-11  5.22e-16  8.71e-11   1.5e-15
P2        6.43e-16  7.73e-11  2.79e-12  8.01e-11

Temperature = 1.5e+03 K    Pressure = 100 atm

From\To         W1        W2        P1        P2
W1        4.65e+10  2.87e+04  4.65e+10  3.15e+03
W2        9.78e+07  7.83e+10  9.71e+08  7.73e+10
P1        1.24e-10  7.59e-16  1.24e-10  1.19e-15
P2        1.67e-14  1.13e-10  2.21e-12  1.15e-10

Temperature = 1.6e+03 K

High Pressure Rate Coefficients:

From\To         W1        W2        P1        P2
W1             ***  1.51e+06  7.68e+10       ***
W2        2.93e+09       ***       ***   1.4e+11
P1        2.32e-10       ***       ***       ***
P2             ***  2.31e-10       ***       ***

Temperature = 1.6e+03 K    Pressure = 0.1 atm

From\To         W1        W2        P1        P2
W1        1.12e+10      1.88  1.12e+10  0.000175
W2        -1.6e+04  1.75e+10  2.15e+08  1.73e+10
P1        3.27e-11  3.18e-16  3.28e-11  3.76e-15
P2        8.57e-17  2.71e-11  3.99e-12  3.11e-11

Temperature = 1.6e+03 K    Pressure = 1 atm

From\To         W1        W2        P1        P2
W1        1.91e+10       144  1.91e+10  -0.00427
W2        2.22e+05  3.05e+10  4.04e+08  3.01e+10
P1        5.73e-11  6.22e-16  5.73e-11  3.46e-15
P2        2.57e-16  4.93e-11  3.67e-12  5.29e-11

Temperature = 1.6e+03 K    Pressure = 10 atm

From\To         W1        W2        P1        P2
W1        2.95e+10   5.9e+03  2.95e+10      72.3
W2        1.13e+07  4.87e+10  6.86e+08   4.8e+10
P1        8.91e-11  1.07e-15  8.91e-11  3.01e-15
P2        8.77e-16  7.91e-11  3.19e-12  8.23e-11

Temperature = 1.6e+03 K    Pressure = 100 atm

From\To         W1        W2        P1        P2
W1        4.18e+10  6.95e+04  4.18e+10  7.09e+03
W2        1.35e+08  7.05e+10  9.64e+08  6.94e+10
P1        1.26e-10   1.5e-15  1.26e-10  2.37e-15
P2        2.39e-14  1.14e-10  2.51e-12  1.17e-10

Temperature = 1.7e+03 K

High Pressure Rate Coefficients:

From\To         W1        W2        P1        P2
W1             ***  2.53e+06  6.88e+10       ***
W2        2.99e+09       ***       ***  1.25e+11
P1        2.35e-10       ***       ***       ***
P2             ***  2.33e-10       ***       ***

Temperature = 1.7e+03 K    Pressure = 0.1 atm

From\To         W1        W2        P1        P2
W1        1.05e+10      14.4  1.05e+10    -0.324
W2       -1.33e+04  1.63e+10  2.26e+08  1.61e+10
P1        3.49e-11  6.24e-16  3.49e-11  7.06e-15
P2        1.53e-16  2.87e-11  4.55e-12  3.33e-11

Temperature = 1.7e+03 K    Pressure = 1 atm

From\To         W1        W2        P1        P2
W1        1.77e+10       965  1.77e+10     -7.21
W2        1.07e+06  2.83e+10  4.21e+08  2.78e+10
P1        6.02e-11  1.21e-15  6.02e-11  6.48e-15
P2        3.73e-16  5.14e-11  4.18e-12  5.56e-11

Temperature = 1.7e+03 K    Pressure = 10 atm

From\To         W1        W2        P1        P2
W1        2.71e+10  2.24e+04  2.71e+10       202
W2        2.63e+07  4.47e+10  6.97e+08   4.4e+10
P1        9.25e-11  2.01e-15  9.25e-11  5.62e-15
P2        1.15e-15  8.17e-11  3.62e-12  8.54e-11

Temperature = 1.7e+03 K    Pressure = 100 atm

From\To         W1        W2        P1        P2
W1         3.8e+10  1.59e+05   3.8e+10  1.51e+04
W2        1.87e+08  6.41e+10  9.44e+08   6.3e+10
P1         1.3e-10  2.73e-15   1.3e-10  4.41e-15
P2        3.42e-14  1.17e-10  2.85e-12   1.2e-10

Temperature = 1.8e+03 K

High Pressure Rate Coefficients:

From\To         W1        W2        P1        P2
W1             ***     4e+06  6.18e+10       ***
W2        3.04e+09       ***       ***  1.12e+11
P1        2.37e-10       ***       ***       ***
P2             ***  2.35e-10       ***       ***

Temperature = 1.8e+03 K    Pressure = 0.1 atm

From\To         W1        W2        P1        P2
W1        9.32e+09      38.7  9.32e+09     -1.07
W2       -1.96e+04  1.47e+10   2.3e+08  1.44e+10
P1        3.46e-11   1.1e-15  3.46e-11  1.24e-14
P2        2.69e-16  2.87e-11  5.15e-12  3.39e-11

Temperature = 1.8e+03 K    Pressure = 1 atm

From\To         W1        W2        P1        P2
W1        1.57e+10  2.44e+03  1.57e+10     -23.7
W2        1.75e+06  2.53e+10  4.26e+08  2.48e+10
P1        5.98e-11  2.13e-15  5.98e-11  1.14e-14
P2        6.08e-16  5.15e-11  4.73e-12  5.62e-11

Temperature = 1.8e+03 K    Pressure = 10 atm

From\To         W1        W2        P1        P2
W1         2.4e+10  4.69e+04   2.4e+10       429
W2        3.56e+07  3.99e+10  6.96e+08  3.91e+10
P1         9.2e-11   3.5e-15   9.2e-11  9.88e-15
P2         1.7e-15  8.18e-11   4.1e-12  8.59e-11

Temperature = 1.8e+03 K    Pressure = 100 atm

From\To         W1        W2        P1        P2
W1        3.37e+10  2.86e+05  3.37e+10  2.76e+04
W2        2.17e+08  5.73e+10  9.27e+08  5.61e+10
P1        1.29e-10  4.67e-15  1.29e-10  7.74e-15
P2        4.54e-14  1.17e-10  3.22e-12  1.21e-10

Temperature = 1.9e+03 K

High Pressure Rate Coefficients:

From\To         W1        W2        P1        P2
W1             ***  6.01e+06  5.56e+10       ***
W2        3.09e+09       ***       ***  1.01e+11
P1        2.39e-10       ***       ***       ***
P2             ***  2.37e-10       ***       ***

Temperature = 1.9e+03 K    Pressure = 0.1 atm

From\To         W1        W2        P1        P2
W1        8.45e+09      96.6  8.45e+09     -2.99
W2       -2.22e+04  1.38e+10  2.45e+08  1.35e+10
P1        3.52e-11  1.95e-15  3.52e-11  2.06e-14
P2        4.11e-16  3.02e-11  5.78e-12  3.59e-11

Temperature = 1.9e+03 K    Pressure = 1 atm

From\To         W1        W2        P1        P2
W1        1.42e+10  5.73e+03  1.42e+10       -60
W2        2.79e+06  2.35e+10  4.49e+08   2.3e+10
P1        6.06e-11  3.72e-15  6.06e-11  1.88e-14
P2        8.59e-16  5.36e-11  5.29e-12  5.88e-11

Temperature = 1.9e+03 K    Pressure = 10 atm

From\To         W1        W2        P1        P2
W1        2.16e+10  9.14e+04  2.16e+10       801
W2        4.68e+07  3.68e+10  7.18e+08   3.6e+10
P1        9.29e-11     6e-15  9.29e-11  1.63e-14
P2        2.23e-15  8.44e-11  4.56e-12   8.9e-11

Temperature = 1.9e+03 K    Pressure = 100 atm

From\To         W1        W2        P1        P2
W1        3.04e+10  4.88e+05  3.04e+10  4.53e+04
W2        2.51e+08  5.24e+10  9.36e+08  5.12e+10
P1        1.31e-10  7.83e-15  1.31e-10  1.26e-14
P2        5.62e-14   1.2e-10  3.54e-12  1.24e-10

Temperature = 2e+03 K

High Pressure Rate Coefficients:

From\To         W1        W2        P1        P2
W1             ***  8.67e+06  5.02e+10       ***
W2        3.14e+09       ***       ***  9.14e+10
P1        2.41e-10       ***       ***       ***
P2             ***  2.39e-10       ***       ***

Temperature = 2e+03 K    Pressure = 0.1 atm

From\To         W1        W2        P1        P2
W1        7.91e+09       478  7.91e+09     -15.6
W2        4.84e+04  1.25e+10  2.49e+08  1.23e+10
P1        3.68e-11  3.16e-15  3.68e-11  3.29e-14
P2        8.42e-16  3.07e-11  6.49e-12  3.72e-11

Temperature = 2e+03 K    Pressure = 1 atm

From\To         W1        W2        P1        P2
W1        1.32e+10   2.1e+04  1.32e+10      -190
W2        7.37e+06  2.13e+10   4.5e+08  2.09e+10
P1        6.28e-11  5.92e-15  6.28e-11  3.01e-14
P2        1.46e-15  5.42e-11  5.94e-12  6.02e-11

Temperature = 2e+03 K    Pressure = 10 atm

From\To         W1        W2        P1        P2
W1        1.99e+10  2.11e+05  1.99e+10  2.28e+03
W2        7.61e+07  3.33e+10  6.97e+08  3.26e+10
P1        9.55e-11  9.25e-15  9.55e-11   2.6e-14
P2         3.7e-15  8.52e-11  5.13e-12  9.03e-11

Temperature = 2e+03 K    Pressure = 100 atm

From\To         W1        W2        P1        P2
W1        2.78e+10  8.67e+05  2.78e+10  8.39e+04
W2        3.13e+08  4.75e+10  8.85e+08  4.63e+10
P1        1.33e-10  1.18e-14  1.33e-10  2.01e-14
P2        8.11e-14  1.21e-10  3.97e-12  1.25e-10

______________________________________________________________________________________

High Pressure Rate Coefficients (Temperature-Species Rate Tables):

Reactant = W1
   T(K)        W1        W2        P1        P2
    500       ***   0.00643  2.12e+11       ***
    600       ***     0.655   2.2e+11       ***
    700       ***      18.2  2.11e+11       ***
    800       ***       222  1.94e+11       ***
    900       ***  1.57e+03  1.75e+11       ***
  1e+03       ***  7.53e+03  1.56e+11       ***
1.1e+03       ***  2.72e+04  1.39e+11       ***
1.2e+03       ***  7.95e+04  1.23e+11       ***
1.3e+03       ***  1.97e+05  1.09e+11       ***
1.4e+03       ***  4.28e+05  9.67e+10       ***
1.5e+03       ***  8.38e+05  8.61e+10       ***
1.6e+03       ***  1.51e+06  7.68e+10       ***
1.7e+03       ***  2.53e+06  6.88e+10       ***
1.8e+03       ***     4e+06  6.18e+10       ***
1.9e+03       ***  6.01e+06  5.56e+10       ***
  2e+03       ***  8.67e+06  5.02e+10       ***

Reactant = W2
   T(K)        W1        W2        P1        P2
    500  1.96e+09       ***       ***  3.86e+11
    600  2.06e+09       ***       ***     4e+11
    700  2.16e+09       ***       ***  3.83e+11
    800  2.26e+09       ***       ***  3.53e+11
    900  2.36e+09       ***       ***  3.19e+11
  1e+03  2.46e+09       ***       ***  2.84e+11
1.1e+03  2.55e+09       ***       ***  2.52e+11
1.2e+03  2.64e+09       ***       ***  2.24e+11
1.3e+03  2.72e+09       ***       ***  1.98e+11
1.4e+03   2.8e+09       ***       ***  1.76e+11
1.5e+03  2.87e+09       ***       ***  1.57e+11
1.6e+03  2.93e+09       ***       ***   1.4e+11
1.7e+03  2.99e+09       ***       ***  1.25e+11
1.8e+03  3.04e+09       ***       ***  1.12e+11
1.9e+03  3.09e+09       ***       ***  1.01e+11
  2e+03  3.14e+09       ***       ***  9.14e+10

Reactant = P1
   T(K)        W1        W2        P1        P2
    500  1.91e-10       ***       ***       ***
    600  1.97e-10       ***       ***       ***
    700  2.03e-10       ***       ***       ***
    800  2.07e-10       ***       ***       ***
    900  2.11e-10       ***       ***       ***
  1e+03  2.15e-10       ***       ***       ***
1.1e+03  2.18e-10       ***       ***       ***
1.2e+03  2.22e-10       ***       ***       ***
1.3e+03  2.25e-10       ***       ***       ***
1.4e+03  2.27e-10       ***       ***       ***
1.5e+03   2.3e-10       ***       ***       ***
1.6e+03  2.32e-10       ***       ***       ***
1.7e+03  2.35e-10       ***       ***       ***
1.8e+03  2.37e-10       ***       ***       ***
1.9e+03  2.39e-10       ***       ***       ***
  2e+03  2.41e-10       ***       ***       ***

Reactant = P2
   T(K)        W1        W2        P1        P2
    500       ***   1.9e-10       ***       ***
    600       ***  1.96e-10       ***       ***
    700       ***  2.01e-10       ***       ***
    800       ***  2.06e-10       ***       ***
    900       ***   2.1e-10       ***       ***
  1e+03       ***  2.13e-10       ***       ***
1.1e+03       ***  2.17e-10       ***       ***
1.2e+03       ***   2.2e-10       ***       ***
1.3e+03       ***  2.23e-10       ***       ***
1.4e+03       ***  2.26e-10       ***       ***
1.5e+03       ***  2.28e-10       ***       ***
1.6e+03       ***  2.31e-10       ***       ***
1.7e+03       ***  2.33e-10       ***       ***
1.8e+03       ***  2.35e-10       ***       ***
1.9e+03       ***  2.37e-10       ***       ***
  2e+03       ***  2.39e-10       ***       ***

Capture/Escape Rate Coefficients:

   T(K)        W1        W2        P1        P2
    500  2.12e+11  3.88e+11  1.91e-10   1.9e-10
    600   2.2e+11  4.02e+11  1.97e-10  1.96e-10
    700  2.11e+11  3.86e+11  2.03e-10  2.01e-10
    800  1.94e+11  3.55e+11  2.07e-10  2.06e-10
    900  1.75e+11  3.21e+11  2.11e-10   2.1e-10
  1e+03  1.56e+11  2.87e+11  2.15e-10  2.13e-10
1.1e+03  1.39e+11  2.55e+11  2.18e-10  2.17e-10
1.2e+03  1.23e+11  2.26e+11  2.22e-10   2.2e-10
1.3e+03  1.09e+11  2.01e+11  2.25e-10  2.23e-10
1.4e+03  9.67e+10  1.79e+11  2.27e-10  2.26e-10
1.5e+03  8.61e+10   1.6e+11   2.3e-10  2.28e-10
1.6e+03  7.68e+10  1.43e+11  2.32e-10  2.31e-10
1.7e+03  6.88e+10  1.28e+11  2.35e-10  2.33e-10
1.8e+03  6.18e+10  1.15e+11  2.37e-10  2.35e-10
1.9e+03  5.56e+10  1.04e+11  2.39e-10  2.37e-10
  2e+03  5.03e+10  9.46e+10  2.41e-10  2.39e-10

______________________________________________________________________________________

Pressure-Species Rate Tables:

Reactant = W1   Temperature = 500 K

   P(atm)        W2        P1        P2      Loss
      0.1  1.91e-11  1.08e+10  6.75e-09  1.08e+10
        1 -5.77e-13  2.87e+10 -1.83e-10  2.87e+10
       10  6.79e-10  6.04e+10 -1.32e-09  6.04e+10
      100  4.85e-06  1.09e+11  1.84e-06  1.09e+11
      O-O   0.00643  2.12e+11       ***  2.12e+11

Reactant = W1   Temperature = 600 K

   P(atm)        W2        P1        P2      Loss
      0.1 -7.76e-11   1.6e+10  9.85e-09   1.6e+10
        1 -1.69e-11  3.56e+10     2e-08  3.56e+10
       10 -2.63e-09  6.77e+10 -6.51e-09  6.77e+10
      100  0.000602  1.13e+11  0.000198  1.13e+11
      O-O     0.655   2.2e+11       ***   2.2e+11

Reactant = W1   Temperature = 700 K

   P(atm)        W2        P1        P2      Loss
      0.1 -2.52e-09  2.01e+10 -2.54e-07  2.01e+10
        1 -9.88e-09  4.05e+10  1.01e-07  4.05e+10
       10 -2.73e-07  7.15e+10   3.2e-06  7.15e+10
      100    0.0262  1.13e+11   0.00726  1.13e+11
      O-O      18.2  2.11e+11       ***  2.11e+11

Reactant = W1   Temperature = 800 K

   P(atm)        W2        P1        P2      Loss
      0.1 -3.27e-08  2.04e+10  5.76e-08  2.04e+10
        1 -1.18e-05  3.92e+10  8.37e-07  3.92e+10
       10   0.00114  6.71e+10  9.57e-05  6.71e+10
      100     0.484  1.03e+11     0.115  1.03e+11
      O-O       222  1.94e+11       ***  1.94e+11

Reactant = W1   Temperature = 900 K

   P(atm)        W2        P1        P2      Loss
      0.1 -7.71e-06  2.02e+10  1.42e-06  2.02e+10
        1 -1.16e-05  3.76e+10  2.58e-05  3.76e+10
       10    0.0235  6.26e+10   0.00163  6.26e+10
      100      5.54   9.4e+10      1.14   9.4e+10
      O-O  1.57e+03  1.75e+11       ***  1.75e+11

Reactant = W1   Temperature = 1e+03 K

   P(atm)        W2        P1        P2      Loss
      0.1 -9.86e-06  1.87e+10  1.01e-05  1.87e+10
        1   0.00265  3.41e+10  0.000267  3.41e+10
       10     0.259  5.59e+10    0.0149  5.59e+10
      100      39.5  8.31e+10      7.07  8.31e+10
      O-O  7.53e+03  1.56e+11       ***  1.56e+11

Reactant = W1   Temperature = 1.1e+03 K

   P(atm)        W2        P1        P2      Loss
      0.1   0.00035  1.76e+10  7.79e-05  1.76e+10
        1    0.0256  3.14e+10   0.00223  3.14e+10
       10      2.34  5.07e+10     0.114  5.07e+10
      100       225  7.43e+10      36.3  7.43e+10
      O-O  2.72e+04  1.39e+11       ***  1.39e+11

Reactant = W1   Temperature = 1.2e+03 K

   P(atm)        W2        P1        P2      Loss
      0.1   0.00216  1.61e+10  0.000442  1.61e+10
        1     0.166  2.84e+10    0.0121  2.84e+10
       10      14.5  4.53e+10      0.59  4.53e+10
      100       963  6.59e+10       138  6.59e+10
      O-O  7.95e+04  1.23e+11       ***  1.23e+11

Reactant = W1   Temperature = 1.3e+03 K

   P(atm)        W2        P1        P2      Loss
      0.1    0.0124  1.49e+10   0.00209  1.49e+10
        1     0.994  2.59e+10    0.0587  2.59e+10
       10      80.5  4.09e+10      2.74  4.09e+10
      100  3.56e+03  5.89e+10       467  5.89e+10
      O-O  1.97e+05  1.09e+11       ***  1.09e+11

Reactant = W1   Temperature = 1.4e+03 K

   P(atm)        W2        P1        P2      Loss
      0.1    0.0514  1.34e+10   0.00654  1.34e+10
        1      4.24  2.32e+10     0.183  2.32e+10
       10       320  3.64e+10      8.66  3.64e+10
      100  1.04e+04  5.22e+10  1.22e+03  5.22e+10
      O-O  4.28e+05  9.67e+10       ***  9.67e+10

Reactant = W1   Temperature = 1.5e+03 K

   P(atm)        W2        P1        P2      Loss
      0.1     0.335  1.22e+10    0.0148  1.22e+10
        1      26.7   2.1e+10     0.423   2.1e+10
       10  1.53e+03  3.27e+10      27.5  3.27e+10
      100  2.87e+04  4.65e+10  3.15e+03  4.65e+10
      O-O  8.38e+05  8.61e+10       ***  8.61e+10

Reactant = W1   Temperature = 1.6e+03 K

   P(atm)        W2        P1        P2      Loss
      0.1      1.88  1.12e+10  0.000175  1.12e+10
        1       144  1.91e+10  -0.00427  1.91e+10
       10   5.9e+03  2.95e+10      72.3  2.95e+10
      100  6.95e+04  4.18e+10  7.09e+03  4.18e+10
      O-O  1.51e+06  7.68e+10       ***  7.68e+10

Reactant = W1   Temperature = 1.7e+03 K

   P(atm)        W2        P1        P2      Loss
      0.1      14.4  1.05e+10    -0.324  1.05e+10
        1       965  1.77e+10     -7.21  1.77e+10
       10  2.24e+04  2.71e+10       202  2.71e+10
      100  1.59e+05   3.8e+10  1.51e+04   3.8e+10
      O-O  2.53e+06  6.88e+10       ***  6.88e+10

Reactant = W1   Temperature = 1.8e+03 K

   P(atm)        W2        P1        P2      Loss
      0.1      38.7  9.32e+09     -1.07  9.32e+09
        1  2.44e+03  1.57e+10     -23.7  1.57e+10
       10  4.69e+04   2.4e+10       429   2.4e+10
      100  2.86e+05  3.37e+10  2.76e+04  3.37e+10
      O-O     4e+06  6.18e+10       ***  6.18e+10

Reactant = W1   Temperature = 1.9e+03 K

   P(atm)        W2        P1        P2      Loss
      0.1      96.6  8.45e+09     -2.99  8.45e+09
        1  5.73e+03  1.42e+10       -60  1.42e+10
       10  9.14e+04  2.16e+10       801  2.16e+10
      100  4.88e+05  3.04e+10  4.53e+04  3.04e+10
      O-O  6.01e+06  5.56e+10       ***  5.56e+10

Reactant = W1   Temperature = 2e+03 K

   P(atm)        W2        P1        P2      Loss
      0.1       478  7.91e+09     -15.6  7.91e+09
        1   2.1e+04  1.32e+10      -190  1.32e+10
       10  2.11e+05  1.99e+10  2.28e+03  1.99e+10
      100  8.67e+05  2.78e+10  8.39e+04  2.78e+10
      O-O  8.67e+06  5.02e+10       ***  5.03e+10

Reactant = W2   Temperature = 500 K

   P(atm)        W1        P1        P2      Loss
      0.1 -1.89e+03  1.39e+08  1.54e+10  1.56e+10
        1 -1.16e+04  2.89e+08  4.22e+10  4.25e+10
       10 -5.21e+04   5.4e+08  9.26e+10  9.31e+10
      100  1.31e+06  9.05e+08  1.71e+11  1.71e+11
      O-O  1.96e+09       ***  3.86e+11  3.88e+11

Reactant = W2   Temperature = 600 K

   P(atm)        W1        P1        P2      Loss
      0.1 -3.67e+03  1.34e+08  2.45e+10  2.46e+10
        1 -1.85e+04   2.8e+08  5.55e+10  5.58e+10
       10 -7.25e+04  5.24e+08  1.08e+11  1.09e+11
      100  1.68e+06  8.77e+08  1.84e+11  1.85e+11
      O-O  2.06e+09       ***     4e+11  4.02e+11

Reactant = W2   Temperature = 700 K

   P(atm)        W1        P1        P2      Loss
      0.1 -4.59e+03  1.38e+08  2.95e+10  2.96e+10
        1 -2.15e+04  2.85e+08  6.12e+10  6.14e+10
       10 -8.08e+04  5.29e+08  1.12e+11  1.13e+11
      100  2.89e+06  8.78e+08  1.81e+11  1.82e+11
      O-O  2.16e+09       ***  3.83e+11  3.86e+11

Reactant = W2   Temperature = 800 K

   P(atm)        W1        P1        P2      Loss
      0.1 -5.79e+03  1.43e+08  3.07e+10  3.08e+10
        1 -2.54e+04  2.92e+08  6.05e+10  6.08e+10
       10 -7.88e+04  5.38e+08  1.07e+11  1.08e+11
      100  4.68e+06  8.85e+08  1.68e+11  1.69e+11
      O-O  2.26e+09       ***  3.53e+11  3.55e+11

Reactant = W2   Temperature = 900 K

   P(atm)        W1        P1        P2      Loss
      0.1 -6.43e+03  1.51e+08  3.01e+10  3.02e+10
        1 -2.71e+04  3.03e+08  5.75e+10  5.78e+10
       10 -5.94e+04  5.52e+08  9.91e+10  9.97e+10
      100  8.09e+06     9e+08  1.53e+11  1.54e+11
      O-O  2.36e+09       ***  3.19e+11  3.21e+11

Reactant = W2   Temperature = 1e+03 K

   P(atm)        W1        P1        P2      Loss
      0.1 -8.03e+03  1.61e+08  2.89e+10  2.91e+10
        1 -3.12e+04  3.19e+08  5.38e+10  5.42e+10
       10 -2.27e+04  5.76e+08   9.1e+10  9.16e+10
      100  1.27e+07  9.26e+08  1.38e+11  1.39e+11
      O-O  2.46e+09       ***  2.84e+11  2.87e+11

Reactant = W2   Temperature = 1.1e+03 K

   P(atm)        W1        P1        P2      Loss
      0.1 -8.06e+03  1.68e+08  2.66e+10  2.68e+10
        1 -2.96e+04  3.29e+08  4.88e+10  4.91e+10
       10  1.13e+05  5.89e+08  8.14e+10   8.2e+10
      100  2.09e+07  9.36e+08  1.22e+11  1.23e+11
      O-O  2.55e+09       ***  2.52e+11  2.55e+11

Reactant = W2   Temperature = 1.2e+03 K

   P(atm)        W1        P1        P2      Loss
      0.1 -9.26e+03  1.79e+08  2.48e+10   2.5e+10
        1 -3.02e+04  3.47e+08  4.47e+10  4.51e+10
       10  3.65e+05  6.15e+08  7.36e+10  7.42e+10
      100  3.17e+07  9.59e+08  1.09e+11   1.1e+11
      O-O  2.64e+09       ***  2.24e+11  2.26e+11

Reactant = W2   Temperature = 1.3e+03 K

   P(atm)        W1        P1        P2      Loss
      0.1 -9.43e+03  1.87e+08  2.26e+10  2.28e+10
        1 -2.27e+04   3.6e+08  4.04e+10  4.08e+10
       10  9.96e+05  6.33e+08  6.59e+10  6.65e+10
      100   4.9e+07  9.67e+08   9.7e+10   9.8e+10
      O-O  2.72e+09       ***  1.98e+11  2.01e+11

Reactant = W2   Temperature = 1.4e+03 K

   P(atm)        W1        P1        P2      Loss
      0.1 -1.14e+04  2.02e+08  2.11e+10  2.13e+10
        1 -1.52e+04  3.83e+08  3.72e+10  3.76e+10
       10  1.96e+06  6.66e+08     6e+10  6.06e+10
      100  6.76e+07  9.92e+08  8.74e+10  8.84e+10
      O-O   2.8e+09       ***  1.76e+11  1.79e+11

Reactant = W2   Temperature = 1.5e+03 K

   P(atm)        W1        P1        P2      Loss
      0.1 -1.22e+04  2.05e+08  1.89e+10  1.91e+10
        1   4.6e+04  3.88e+08  3.31e+10  3.35e+10
       10  5.11e+06  6.69e+08  5.31e+10  5.38e+10
      100  9.78e+07  9.71e+08  7.73e+10  7.83e+10
      O-O  2.87e+09       ***  1.57e+11   1.6e+11

Reactant = W2   Temperature = 1.6e+03 K

   P(atm)        W1        P1        P2      Loss
      0.1  -1.6e+04  2.15e+08  1.73e+10  1.75e+10
        1  2.22e+05  4.04e+08  3.01e+10  3.05e+10
       10  1.13e+07  6.86e+08   4.8e+10  4.87e+10
      100  1.35e+08  9.64e+08  6.94e+10  7.05e+10
      O-O  2.93e+09       ***   1.4e+11  1.43e+11

Reactant = W2   Temperature = 1.7e+03 K

   P(atm)        W1        P1        P2      Loss
      0.1 -1.33e+04  2.26e+08  1.61e+10  1.63e+10
        1  1.07e+06  4.21e+08  2.78e+10  2.83e+10
       10  2.63e+07  6.97e+08   4.4e+10  4.47e+10
      100  1.87e+08  9.44e+08   6.3e+10  6.41e+10
      O-O  2.99e+09       ***  1.25e+11  1.28e+11

Reactant = W2   Temperature = 1.8e+03 K

   P(atm)        W1        P1        P2      Loss
      0.1 -1.96e+04   2.3e+08  1.44e+10  1.47e+10
        1  1.75e+06  4.26e+08  2.48e+10  2.53e+10
       10  3.56e+07  6.96e+08  3.91e+10  3.99e+10
      100  2.17e+08  9.27e+08  5.61e+10  5.73e+10
      O-O  3.04e+09       ***  1.12e+11  1.15e+11

Reactant = W2   Temperature = 1.9e+03 K

   P(atm)        W1        P1        P2      Loss
      0.1 -2.22e+04  2.45e+08  1.35e+10  1.38e+10
        1  2.79e+06  4.49e+08   2.3e+10  2.35e+10
       10  4.68e+07  7.18e+08   3.6e+10  3.68e+10
      100  2.51e+08  9.36e+08  5.12e+10  5.24e+10
      O-O  3.09e+09       ***  1.01e+11  1.04e+11

Reactant = W2   Temperature = 2e+03 K

   P(atm)        W1        P1        P2      Loss
      0.1  4.84e+04  2.49e+08  1.23e+10  1.25e+10
        1  7.37e+06   4.5e+08  2.09e+10  2.13e+10
       10  7.61e+07  6.97e+08  3.26e+10  3.33e+10
      100  3.13e+08  8.85e+08  4.63e+10  4.75e+10
      O-O  3.14e+09       ***  9.14e+10  9.46e+10

Reactant = P1   Temperature = 500 K

   P(atm)        W1        W2        P2      Loss
      0.1  9.61e-12  4.03e-25  5.31e-24  9.61e-12
        1  2.58e-11  8.52e-25  4.86e-24  2.58e-11
       10  5.45e-11   1.6e-24  4.12e-24  5.45e-11
      100  9.85e-11  2.68e-24  3.03e-24  9.85e-11
      O-O  1.91e-10       ***       ***  1.91e-10

Reactant = P1   Temperature = 600 K

   P(atm)        W1        W2        P2      Loss
      0.1   1.4e-11  3.69e-23  5.37e-22   1.4e-11
        1  3.19e-11  7.94e-23  4.95e-22  3.19e-11
       10  6.07e-11   1.5e-22  4.25e-22  6.07e-11
      100  1.02e-10  2.51e-22  3.23e-22  1.02e-10
      O-O  1.97e-10       ***       ***  1.97e-10

Reactant = P1   Temperature = 700 K

   P(atm)        W1        W2        P2      Loss
      0.1  1.88e-11  1.07e-21  1.58e-20  1.88e-11
        1  3.87e-11  2.28e-21  1.46e-20  3.87e-11
       10  6.86e-11  4.27e-21  1.26e-20  6.86e-11
      100  1.08e-10   7.1e-21  9.77e-21  1.08e-10
      O-O  2.03e-10       ***       ***  2.03e-10

Reactant = P1   Temperature = 800 K

   P(atm)        W1        W2        P2      Loss
      0.1   2.1e-11  1.43e-20  2.13e-19   2.1e-11
        1  4.16e-11  3.03e-20  1.97e-19  4.16e-11
       10  7.15e-11  5.62e-20  1.71e-19  7.15e-11
      100   1.1e-10  9.27e-20  1.34e-19   1.1e-10
      O-O  2.07e-10       ***       ***  2.07e-10

Reactant = P1   Temperature = 900 K

   P(atm)        W1        W2        P2      Loss
      0.1  2.35e-11  1.15e-19  1.68e-18  2.35e-11
        1   4.5e-11   2.4e-19  1.56e-18   4.5e-11
       10  7.54e-11  4.42e-19  1.36e-18  7.54e-11
      100  1.13e-10  7.21e-19  1.07e-18  1.13e-10
      O-O  2.11e-10       ***       ***  2.11e-10

Reactant = P1   Temperature = 1e+03 K

   P(atm)        W1        W2        P2      Loss
      0.1  2.48e-11  6.44e-19   9.1e-18  2.48e-11
        1  4.66e-11  1.33e-18  8.42e-18  4.66e-11
       10  7.69e-11  2.42e-18  7.33e-18  7.69e-11
      100  1.14e-10   3.9e-18   5.8e-18  1.14e-10
      O-O  2.15e-10       ***       ***  2.15e-10

Reactant = P1   Temperature = 1.1e+03 K

   P(atm)        W1        W2        P2      Loss
      0.1  2.67e-11  2.67e-18  3.73e-17  2.67e-11
        1  4.92e-11  5.46e-18  3.45e-17  4.92e-11
       10  7.98e-11  9.88e-18  3.02e-17  7.98e-11
      100  1.17e-10  1.57e-17   2.4e-17  1.17e-10
      O-O  2.18e-10       ***       ***  2.18e-10

Reactant = P1   Temperature = 1.2e+03 K

   P(atm)        W1        W2        P2      Loss
      0.1  2.79e-11   9.2e-18  1.23e-16  2.79e-11
        1  5.09e-11  1.86e-17  1.14e-16  5.09e-11
       10  8.17e-11  3.34e-17  9.93e-17  8.17e-11
      100  1.19e-10  5.21e-17  7.88e-17  1.19e-10
      O-O  2.22e-10       ***       ***  2.22e-10

Reactant = P1   Temperature = 1.3e+03 K

   P(atm)        W1        W2        P2      Loss
      0.1  2.96e-11  2.65e-17  3.45e-16  2.96e-11
        1  5.31e-11  5.31e-17  3.19e-16  5.31e-11
       10  8.42e-11  9.43e-17  2.78e-16  8.42e-11
      100  1.21e-10  1.44e-16  2.21e-16  1.21e-10
      O-O  2.25e-10       ***       ***  2.25e-10

Reactant = P1   Temperature = 1.4e+03 K

   P(atm)        W1        W2        P2      Loss
      0.1  3.04e-11  6.88e-17  8.44e-16  3.04e-11
        1  5.42e-11  1.36e-16  7.77e-16  5.42e-11
       10  8.55e-11  2.39e-16  6.75e-16  8.55e-11
      100  1.23e-10  3.57e-16  5.33e-16  1.23e-10
      O-O  2.27e-10       ***       ***  2.27e-10

Reactant = P1   Temperature = 1.5e+03 K

   P(atm)        W1        W2        P2      Loss
      0.1  3.15e-11  1.52e-16  1.87e-15  3.15e-11
        1  5.57e-11     3e-16  1.72e-15  5.57e-11
       10  8.71e-11  5.22e-16   1.5e-15  8.71e-11
      100  1.24e-10  7.59e-16  1.19e-15  1.24e-10
      O-O   2.3e-10       ***       ***   2.3e-10

Reactant = P1   Temperature = 1.6e+03 K

   P(atm)        W1        W2        P2      Loss
      0.1  3.27e-11  3.18e-16  3.76e-15  3.28e-11
        1  5.73e-11  6.22e-16  3.46e-15  5.73e-11
       10  8.91e-11  1.07e-15  3.01e-15  8.91e-11
      100  1.26e-10   1.5e-15  2.37e-15  1.26e-10
      O-O  2.32e-10       ***       ***  2.32e-10

Reactant = P1   Temperature = 1.7e+03 K

   P(atm)        W1        W2        P2      Loss
      0.1  3.49e-11  6.24e-16  7.06e-15  3.49e-11
        1  6.02e-11  1.21e-15  6.48e-15  6.02e-11
       10  9.25e-11  2.01e-15  5.62e-15  9.25e-11
      100   1.3e-10  2.73e-15  4.41e-15   1.3e-10
      O-O  2.35e-10       ***       ***  2.35e-10

Reactant = P1   Temperature = 1.8e+03 K

   P(atm)        W1        W2        P2      Loss
      0.1  3.46e-11   1.1e-15  1.24e-14  3.46e-11
        1  5.98e-11  2.13e-15  1.14e-14  5.98e-11
       10   9.2e-11   3.5e-15  9.88e-15   9.2e-11
      100  1.29e-10  4.67e-15  7.74e-15  1.29e-10
      O-O  2.37e-10       ***       ***  2.37e-10

Reactant = P1   Temperature = 1.9e+03 K

   P(atm)        W1        W2        P2      Loss
      0.1  3.52e-11  1.95e-15  2.06e-14  3.52e-11
        1  6.06e-11  3.72e-15  1.88e-14  6.06e-11
       10  9.29e-11     6e-15  1.63e-14  9.29e-11
      100  1.31e-10  7.83e-15  1.26e-14  1.31e-10
      O-O  2.39e-10       ***       ***  2.39e-10

Reactant = P1   Temperature = 2e+03 K

   P(atm)        W1        W2        P2      Loss
      0.1  3.68e-11  3.16e-15  3.29e-14  3.68e-11
        1  6.28e-11  5.92e-15  3.01e-14  6.28e-11
       10  9.55e-11  9.25e-15   2.6e-14  9.55e-11
      100  1.33e-10  1.18e-14  2.01e-14  1.33e-10
      O-O  2.41e-10       ***       ***  2.41e-10

Reactant = P2   Temperature = 500 K

   P(atm)        W1        W2        P1      Loss
      0.1  3.91e-18  7.44e-12  8.83e-13  8.33e-12
        1  1.71e-17  2.07e-11  8.09e-13  2.15e-11
       10  7.17e-17  4.56e-11  6.85e-13  4.62e-11
      100  4.94e-16   8.4e-11  5.05e-13  8.45e-11
      O-O       ***   1.9e-10       ***   1.9e-10

Reactant = P2   Temperature = 600 K

   P(atm)        W1        W2        P1      Loss
      0.1  4.85e-18  1.16e-11   9.2e-13  1.25e-11
        1  2.43e-17   2.7e-11  8.48e-13  2.79e-11
       10  9.16e-17   5.3e-11  7.28e-13  5.38e-11
      100  5.62e-16     9e-11  5.54e-13  9.05e-11
      O-O       ***  1.96e-10       ***  1.96e-10

Reactant = P2   Temperature = 700 K

   P(atm)        W1        W2        P1      Loss
      0.1  7.12e-18  1.48e-11  1.03e-12  1.59e-11
        1  3.26e-17  3.18e-11  9.47e-13  3.27e-11
       10  1.15e-16  5.86e-11  8.18e-13  5.95e-11
      100  7.61e-16  9.48e-11  6.34e-13  9.54e-11
      O-O       ***  2.01e-10       ***  2.01e-10

Reactant = P2   Temperature = 800 K

   P(atm)        W1        W2        P1      Loss
      0.1  9.43e-18   1.7e-11  1.18e-12  1.82e-11
        1  4.08e-17  3.49e-11  1.09e-12   3.6e-11
       10   1.4e-16  6.22e-11   9.5e-13  6.31e-11
      100  1.04e-15  9.78e-11  7.45e-13  9.86e-11
      O-O       ***  2.06e-10       ***  2.06e-10

Reactant = P2   Temperature = 900 K

   P(atm)        W1        W2        P1      Loss
      0.1  1.22e-17  1.88e-11  1.38e-12  2.02e-11
        1  5.07e-17  3.74e-11  1.28e-12  3.87e-11
       10  1.69e-16  6.51e-11  1.12e-12  6.62e-11
      100  1.56e-15     1e-10  8.81e-13  1.01e-10
      O-O       ***   2.1e-10       ***   2.1e-10

Reactant = P2   Temperature = 1e+03 K

   P(atm)        W1        W2        P1      Loss
      0.1  1.59e-17  2.05e-11  1.62e-12  2.22e-11
        1   6.4e-17     4e-11   1.5e-12  4.15e-11
       10   2.1e-16  6.82e-11  1.31e-12  6.95e-11
      100  2.24e-15  1.03e-10  1.03e-12  1.04e-10
      O-O       ***  2.13e-10       ***  2.13e-10

Reactant = P2   Temperature = 1.1e+03 K

   P(atm)        W1        W2        P1      Loss
      0.1  1.93e-17  2.16e-11  1.91e-12  2.35e-11
        1   7.6e-17  4.15e-11  1.77e-12  4.32e-11
       10   2.5e-16  6.98e-11  1.54e-12  7.14e-11
      100   3.5e-15  1.05e-10  1.23e-12  1.06e-10
      O-O       ***  2.17e-10       ***  2.17e-10

Reactant = P2   Temperature = 1.2e+03 K

   P(atm)        W1        W2        P1      Loss
      0.1  2.45e-17   2.3e-11  2.23e-12  2.53e-11
        1  9.44e-17  4.35e-11  2.06e-12  4.56e-11
       10  3.12e-16  7.23e-11   1.8e-12  7.41e-11
      100  5.19e-15  1.07e-10  1.43e-12  1.09e-10
      O-O       ***   2.2e-10       ***   2.2e-10

Reactant = P2   Temperature = 1.3e+03 K

   P(atm)        W1        W2        P1      Loss
      0.1  2.97e-17  2.41e-11   2.6e-12  2.67e-11
        1  1.13e-16   4.5e-11  2.41e-12  4.74e-11
       10  3.88e-16   7.4e-11   2.1e-12  7.61e-11
      100  8.03e-15  1.09e-10  1.66e-12  1.11e-10
      O-O       ***  2.23e-10       ***  2.23e-10

Reactant = P2   Temperature = 1.4e+03 K

   P(atm)        W1        W2        P1      Loss
      0.1  3.84e-17  2.56e-11  3.01e-12  2.86e-11
        1  1.43e-16  4.72e-11  2.77e-12     5e-11
       10  5.01e-16  7.67e-11   2.4e-12  7.92e-11
      100  1.12e-14  1.12e-10   1.9e-12  1.14e-10
      O-O       ***  2.26e-10       ***  2.26e-10

Reactant = P2   Temperature = 1.5e+03 K

   P(atm)        W1        W2        P1      Loss
      0.1  5.17e-17  2.61e-11  3.48e-12  2.95e-11
        1  1.78e-16  4.77e-11  3.21e-12  5.09e-11
       10  6.43e-16  7.73e-11  2.79e-12  8.01e-11
      100  1.67e-14  1.13e-10  2.21e-12  1.15e-10
      O-O       ***  2.28e-10       ***  2.28e-10

Reactant = P2   Temperature = 1.6e+03 K

   P(atm)        W1        W2        P1      Loss
      0.1  8.57e-17  2.71e-11  3.99e-12  3.11e-11
        1  2.57e-16  4.93e-11  3.67e-12  5.29e-11
       10  8.77e-16  7.91e-11  3.19e-12  8.23e-11
      100  2.39e-14  1.14e-10  2.51e-12  1.17e-10
      O-O       ***  2.31e-10       ***  2.31e-10

Reactant = P2   Temperature = 1.7e+03 K

   P(atm)        W1        W2        P1      Loss
      0.1  1.53e-16  2.87e-11  4.55e-12  3.33e-11
        1  3.73e-16  5.14e-11  4.18e-12  5.56e-11
       10  1.15e-15  8.17e-11  3.62e-12  8.54e-11
      100  3.42e-14  1.17e-10  2.85e-12   1.2e-10
      O-O       ***  2.33e-10       ***  2.33e-10

Reactant = P2   Temperature = 1.8e+03 K

   P(atm)        W1        W2        P1      Loss
      0.1  2.69e-16  2.87e-11  5.15e-12  3.39e-11
        1  6.08e-16  5.15e-11  4.73e-12  5.62e-11
       10   1.7e-15  8.18e-11   4.1e-12  8.59e-11
      100  4.54e-14  1.17e-10  3.22e-12  1.21e-10
      O-O       ***  2.35e-10       ***  2.35e-10

Reactant = P2   Temperature = 1.9e+03 K

   P(atm)        W1        W2        P1      Loss
      0.1  4.11e-16  3.02e-11  5.78e-12  3.59e-11
        1  8.59e-16  5.36e-11  5.29e-12  5.88e-11
       10  2.23e-15  8.44e-11  4.56e-12   8.9e-11
      100  5.62e-14   1.2e-10  3.54e-12  1.24e-10
      O-O       ***  2.37e-10       ***  2.37e-10

Reactant = P2   Temperature = 2e+03 K

   P(atm)        W1        W2        P1      Loss
      0.1  8.42e-16  3.07e-11  6.49e-12  3.72e-11
        1  1.46e-15  5.42e-11  5.94e-12  6.02e-11
       10   3.7e-15  8.52e-11  5.13e-12  9.03e-11
      100  8.11e-14  1.21e-10  3.97e-12  1.25e-10
      O-O       ***  2.39e-10       ***  2.39e-10

______________________________________________________________________________________

Temperature-Species Rate Tables:

Reactant = W1   Pressure = 0.1 atm

   T(K)        W2        P1        P2      Loss   Capture
    500  1.91e-11  1.08e+10  6.75e-09  1.08e+10  2.12e+11
    600 -7.76e-11   1.6e+10  9.85e-09   1.6e+10   2.2e+11
    700 -2.52e-09  2.01e+10 -2.54e-07  2.01e+10  2.11e+11
    800 -3.27e-08  2.04e+10  5.76e-08  2.04e+10  1.94e+11
    900 -7.71e-06  2.02e+10  1.42e-06  2.02e+10  1.75e+11
  1e+03 -9.86e-06  1.87e+10  1.01e-05  1.87e+10  1.56e+11
1.1e+03   0.00035  1.76e+10  7.79e-05  1.76e+10  1.39e+11
1.2e+03   0.00216  1.61e+10  0.000442  1.61e+10  1.23e+11
1.3e+03    0.0124  1.49e+10   0.00209  1.49e+10  1.09e+11
1.4e+03    0.0514  1.34e+10   0.00654  1.34e+10  9.67e+10
1.5e+03     0.335  1.22e+10    0.0148  1.22e+10  8.61e+10
1.6e+03      1.88  1.12e+10  0.000175  1.12e+10  7.68e+10
1.7e+03      14.4  1.05e+10    -0.324  1.05e+10  6.88e+10
1.8e+03      38.7  9.32e+09     -1.07  9.32e+09  6.18e+10
1.9e+03      96.6  8.45e+09     -2.99  8.45e+09  5.56e+10
  2e+03       478  7.91e+09     -15.6  7.91e+09  5.03e+10

Reactant = W1   Pressure = 1 atm

   T(K)        W2        P1        P2      Loss   Capture
    500 -5.77e-13  2.87e+10 -1.83e-10  2.87e+10  2.12e+11
    600 -1.69e-11  3.56e+10     2e-08  3.56e+10   2.2e+11
    700 -9.88e-09  4.05e+10  1.01e-07  4.05e+10  2.11e+11
    800 -1.18e-05  3.92e+10  8.37e-07  3.92e+10  1.94e+11
    900 -1.16e-05  3.76e+10  2.58e-05  3.76e+10  1.75e+11
  1e+03   0.00265  3.41e+10  0.000267  3.41e+10  1.56e+11
1.1e+03    0.0256  3.14e+10   0.00223  3.14e+10  1.39e+11
1.2e+03     0.166  2.84e+10    0.0121  2.84e+10  1.23e+11
1.3e+03     0.994  2.59e+10    0.0587  2.59e+10  1.09e+11
1.4e+03      4.24  2.32e+10     0.183  2.32e+10  9.67e+10
1.5e+03      26.7   2.1e+10     0.423   2.1e+10  8.61e+10
1.6e+03       144  1.91e+10  -0.00427  1.91e+10  7.68e+10
1.7e+03       965  1.77e+10     -7.21  1.77e+10  6.88e+10
1.8e+03  2.44e+03  1.57e+10     -23.7  1.57e+10  6.18e+10
1.9e+03  5.73e+03  1.42e+10       -60  1.42e+10  5.56e+10
  2e+03   2.1e+04  1.32e+10      -190  1.32e+10  5.03e+10

Reactant = W1   Pressure = 10 atm

   T(K)        W2        P1        P2      Loss   Capture
    500  6.79e-10  6.04e+10 -1.32e-09  6.04e+10  2.12e+11
    600 -2.63e-09  6.77e+10 -6.51e-09  6.77e+10   2.2e+11
    700 -2.73e-07  7.15e+10   3.2e-06  7.15e+10  2.11e+11
    800   0.00114  6.71e+10  9.57e-05  6.71e+10  1.94e+11
    900    0.0235  6.26e+10   0.00163  6.26e+10  1.75e+11
  1e+03     0.259  5.59e+10    0.0149  5.59e+10  1.56e+11
1.1e+03      2.34  5.07e+10     0.114  5.07e+10  1.39e+11
1.2e+03      14.5  4.53e+10      0.59  4.53e+10  1.23e+11
1.3e+03      80.5  4.09e+10      2.74  4.09e+10  1.09e+11
1.4e+03       320  3.64e+10      8.66  3.64e+10  9.67e+10
1.5e+03  1.53e+03  3.27e+10      27.5  3.27e+10  8.61e+10
1.6e+03   5.9e+03  2.95e+10      72.3  2.95e+10  7.68e+10
1.7e+03  2.24e+04  2.71e+10       202  2.71e+10  6.88e+10
1.8e+03  4.69e+04   2.4e+10       429   2.4e+10  6.18e+10
1.9e+03  9.14e+04  2.16e+10       801  2.16e+10  5.56e+10
  2e+03  2.11e+05  1.99e+10  2.28e+03  1.99e+10  5.03e+10

Reactant = W1   Pressure = 100 atm

   T(K)        W2        P1        P2      Loss   Capture
    500  4.85e-06  1.09e+11  1.84e-06  1.09e+11  2.12e+11
    600  0.000602  1.13e+11  0.000198  1.13e+11   2.2e+11
    700    0.0262  1.13e+11   0.00726  1.13e+11  2.11e+11
    800     0.484  1.03e+11     0.115  1.03e+11  1.94e+11
    900      5.54   9.4e+10      1.14   9.4e+10  1.75e+11
  1e+03      39.5  8.31e+10      7.07  8.31e+10  1.56e+11
1.1e+03       225  7.43e+10      36.3  7.43e+10  1.39e+11
1.2e+03       963  6.59e+10       138  6.59e+10  1.23e+11
1.3e+03  3.56e+03  5.89e+10       467  5.89e+10  1.09e+11
1.4e+03  1.04e+04  5.22e+10  1.22e+03  5.22e+10  9.67e+10
1.5e+03  2.87e+04  4.65e+10  3.15e+03  4.65e+10  8.61e+10
1.6e+03  6.95e+04  4.18e+10  7.09e+03  4.18e+10  7.68e+10
1.7e+03  1.59e+05   3.8e+10  1.51e+04   3.8e+10  6.88e+10
1.8e+03  2.86e+05  3.37e+10  2.76e+04  3.37e+10  6.18e+10
1.9e+03  4.88e+05  3.04e+10  4.53e+04  3.04e+10  5.56e+10
  2e+03  8.67e+05  2.78e+10  8.39e+04  2.78e+10  5.03e+10

Reactant = W2   Pressure = 0.1 atm

   T(K)        W1        P1        P2      Loss   Capture
    500 -1.89e+03  1.39e+08  1.54e+10  1.56e+10  3.88e+11
    600 -3.67e+03  1.34e+08  2.45e+10  2.46e+10  4.02e+11
    700 -4.59e+03  1.38e+08  2.95e+10  2.96e+10  3.86e+11
    800 -5.79e+03  1.43e+08  3.07e+10  3.08e+10  3.55e+11
    900 -6.43e+03  1.51e+08  3.01e+10  3.02e+10  3.21e+11
  1e+03 -8.03e+03  1.61e+08  2.89e+10  2.91e+10  2.87e+11
1.1e+03 -8.06e+03  1.68e+08  2.66e+10  2.68e+10  2.55e+11
1.2e+03 -9.26e+03  1.79e+08  2.48e+10   2.5e+10  2.26e+11
1.3e+03 -9.43e+03  1.87e+08  2.26e+10  2.28e+10  2.01e+11
1.4e+03 -1.14e+04  2.02e+08  2.11e+10  2.13e+10  1.79e+11
1.5e+03 -1.22e+04  2.05e+08  1.89e+10  1.91e+10   1.6e+11
1.6e+03  -1.6e+04  2.15e+08  1.73e+10  1.75e+10  1.43e+11
1.7e+03 -1.33e+04  2.26e+08  1.61e+10  1.63e+10  1.28e+11
1.8e+03 -1.96e+04   2.3e+08  1.44e+10  1.47e+10  1.15e+11
1.9e+03 -2.22e+04  2.45e+08  1.35e+10  1.38e+10  1.04e+11
  2e+03  4.84e+04  2.49e+08  1.23e+10  1.25e+10  9.46e+10

Reactant = W2   Pressure = 1 atm

   T(K)        W1        P1        P2      Loss   Capture
    500 -1.16e+04  2.89e+08  4.22e+10  4.25e+10  3.88e+11
    600 -1.85e+04   2.8e+08  5.55e+10  5.58e+10  4.02e+11
    700 -2.15e+04  2.85e+08  6.12e+10  6.14e+10  3.86e+11
    800 -2.54e+04  2.92e+08  6.05e+10  6.08e+10  3.55e+11
    900 -2.71e+04  3.03e+08  5.75e+10  5.78e+10  3.21e+11
  1e+03 -3.12e+04  3.19e+08  5.38e+10  5.42e+10  2.87e+11
1.1e+03 -2.96e+04  3.29e+08  4.88e+10  4.91e+10  2.55e+11
1.2e+03 -3.02e+04  3.47e+08  4.47e+10  4.51e+10  2.26e+11
1.3e+03 -2.27e+04   3.6e+08  4.04e+10  4.08e+10  2.01e+11
1.4e+03 -1.52e+04  3.83e+08  3.72e+10  3.76e+10  1.79e+11
1.5e+03   4.6e+04  3.88e+08  3.31e+10  3.35e+10   1.6e+11
1.6e+03  2.22e+05  4.04e+08  3.01e+10  3.05e+10  1.43e+11
1.7e+03  1.07e+06  4.21e+08  2.78e+10  2.83e+10  1.28e+11
1.8e+03  1.75e+06  4.26e+08  2.48e+10  2.53e+10  1.15e+11
1.9e+03  2.79e+06  4.49e+08   2.3e+10  2.35e+10  1.04e+11
  2e+03  7.37e+06   4.5e+08  2.09e+10  2.13e+10  9.46e+10

Reactant = W2   Pressure = 10 atm

   T(K)        W1        P1        P2      Loss   Capture
    500 -5.21e+04   5.4e+08  9.26e+10  9.31e+10  3.88e+11
    600 -7.25e+04  5.24e+08  1.08e+11  1.09e+11  4.02e+11
    700 -8.08e+04  5.29e+08  1.12e+11  1.13e+11  3.86e+11
    800 -7.88e+04  5.38e+08  1.07e+11  1.08e+11  3.55e+11
    900 -5.94e+04  5.52e+08  9.91e+10  9.97e+10  3.21e+11
  1e+03 -2.27e+04  5.76e+08   9.1e+10  9.16e+10  2.87e+11
1.1e+03  1.13e+05  5.89e+08  8.14e+10   8.2e+10  2.55e+11
1.2e+03  3.65e+05  6.15e+08  7.36e+10  7.42e+10  2.26e+11
1.3e+03  9.96e+05  6.33e+08  6.59e+10  6.65e+10  2.01e+11
1.4e+03  1.96e+06  6.66e+08     6e+10  6.06e+10  1.79e+11
1.5e+03  5.11e+06  6.69e+08  5.31e+10  5.38e+10   1.6e+11
1.6e+03  1.13e+07  6.86e+08   4.8e+10  4.87e+10  1.43e+11
1.7e+03  2.63e+07  6.97e+08   4.4e+10  4.47e+10  1.28e+11
1.8e+03  3.56e+07  6.96e+08  3.91e+10  3.99e+10  1.15e+11
1.9e+03  4.68e+07  7.18e+08   3.6e+10  3.68e+10  1.04e+11
  2e+03  7.61e+07  6.97e+08  3.26e+10  3.33e+10  9.46e+10

Reactant = W2   Pressure = 100 atm

   T(K)        W1        P1        P2      Loss   Capture
    500  1.31e+06  9.05e+08  1.71e+11  1.71e+11  3.88e+11
    600  1.68e+06  8.77e+08  1.84e+11  1.85e+11  4.02e+11
    700  2.89e+06  8.78e+08  1.81e+11  1.82e+11  3.86e+11
    800  4.68e+06  8.85e+08  1.68e+11  1.69e+11  3.55e+11
    900  8.09e+06     9e+08  1.53e+11  1.54e+11  3.21e+11
  1e+03  1.27e+07  9.26e+08  1.38e+11  1.39e+11  2.87e+11
1.1e+03  2.09e+07  9.36e+08  1.22e+11  1.23e+11  2.55e+11
1.2e+03  3.17e+07  9.59e+08  1.09e+11   1.1e+11  2.26e+11
1.3e+03   4.9e+07  9.67e+08   9.7e+10   9.8e+10  2.01e+11
1.4e+03  6.76e+07  9.92e+08  8.74e+10  8.84e+10  1.79e+11
1.5e+03  9.78e+07  9.71e+08  7.73e+10  7.83e+10   1.6e+11
1.6e+03  1.35e+08  9.64e+08  6.94e+10  7.05e+10  1.43e+11
1.7e+03  1.87e+08  9.44e+08   6.3e+10  6.41e+10  1.28e+11
1.8e+03  2.17e+08  9.27e+08  5.61e+10  5.73e+10  1.15e+11
1.9e+03  2.51e+08  9.36e+08  5.12e+10  5.24e+10  1.04e+11
  2e+03  3.13e+08  8.85e+08  4.63e+10  4.75e+10  9.46e+10

Reactant = P1   Pressure = 0.1 atm

   T(K)        W1        W2        P2      Loss   Capture
    500  9.61e-12  4.03e-25  5.31e-24  9.61e-12  1.91e-10
    600   1.4e-11  3.69e-23  5.37e-22   1.4e-11  1.97e-10
    700  1.88e-11  1.07e-21  1.58e-20  1.88e-11  2.03e-10
    800   2.1e-11  1.43e-20  2.13e-19   2.1e-11  2.07e-10
    900  2.35e-11  1.15e-19  1.68e-18  2.35e-11  2.11e-10
  1e+03  2.48e-11  6.44e-19   9.1e-18  2.48e-11  2.15e-10
1.1e+03  2.67e-11  2.67e-18  3.73e-17  2.67e-11  2.18e-10
1.2e+03  2.79e-11   9.2e-18  1.23e-16  2.79e-11  2.22e-10
1.3e+03  2.96e-11  2.65e-17  3.45e-16  2.96e-11  2.25e-10
1.4e+03  3.04e-11  6.88e-17  8.44e-16  3.04e-11  2.27e-10
1.5e+03  3.15e-11  1.52e-16  1.87e-15  3.15e-11   2.3e-10
1.6e+03  3.27e-11  3.18e-16  3.76e-15  3.28e-11  2.32e-10
1.7e+03  3.49e-11  6.24e-16  7.06e-15  3.49e-11  2.35e-10
1.8e+03  3.46e-11   1.1e-15  1.24e-14  3.46e-11  2.37e-10
1.9e+03  3.52e-11  1.95e-15  2.06e-14  3.52e-11  2.39e-10
  2e+03  3.68e-11  3.16e-15  3.29e-14  3.68e-11  2.41e-10

Reactant = P1   Pressure = 1 atm

   T(K)        W1        W2        P2      Loss   Capture
    500  2.58e-11  8.52e-25  4.86e-24  2.58e-11  1.91e-10
    600  3.19e-11  7.94e-23  4.95e-22  3.19e-11  1.97e-10
    700  3.87e-11  2.28e-21  1.46e-20  3.87e-11  2.03e-10
    800  4.16e-11  3.03e-20  1.97e-19  4.16e-11  2.07e-10
    900   4.5e-11   2.4e-19  1.56e-18   4.5e-11  2.11e-10
  1e+03  4.66e-11  1.33e-18  8.42e-18  4.66e-11  2.15e-10
1.1e+03  4.92e-11  5.46e-18  3.45e-17  4.92e-11  2.18e-10
1.2e+03  5.09e-11  1.86e-17  1.14e-16  5.09e-11  2.22e-10
1.3e+03  5.31e-11  5.31e-17  3.19e-16  5.31e-11  2.25e-10
1.4e+03  5.42e-11  1.36e-16  7.77e-16  5.42e-11  2.27e-10
1.5e+03  5.57e-11     3e-16  1.72e-15  5.57e-11   2.3e-10
1.6e+03  5.73e-11  6.22e-16  3.46e-15  5.73e-11  2.32e-10
1.7e+03  6.02e-11  1.21e-15  6.48e-15  6.02e-11  2.35e-10
1.8e+03  5.98e-11  2.13e-15  1.14e-14  5.98e-11  2.37e-10
1.9e+03  6.06e-11  3.72e-15  1.88e-14  6.06e-11  2.39e-10
  2e+03  6.28e-11  5.92e-15  3.01e-14  6.28e-11  2.41e-10

Reactant = P1   Pressure = 10 atm

   T(K)        W1        W2        P2      Loss   Capture
    500  5.45e-11   1.6e-24  4.12e-24  5.45e-11  1.91e-10
    600  6.07e-11   1.5e-22  4.25e-22  6.07e-11  1.97e-10
    700  6.86e-11  4.27e-21  1.26e-20  6.86e-11  2.03e-10
    800  7.15e-11  5.62e-20  1.71e-19  7.15e-11  2.07e-10
    900  7.54e-11  4.42e-19  1.36e-18  7.54e-11  2.11e-10
  1e+03  7.69e-11  2.42e-18  7.33e-18  7.69e-11  2.15e-10
1.1e+03  7.98e-11  9.88e-18  3.02e-17  7.98e-11  2.18e-10
1.2e+03  8.17e-11  3.34e-17  9.93e-17  8.17e-11  2.22e-10
1.3e+03  8.42e-11  9.43e-17  2.78e-16  8.42e-11  2.25e-10
1.4e+03  8.55e-11  2.39e-16  6.75e-16  8.55e-11  2.27e-10
1.5e+03  8.71e-11  5.22e-16   1.5e-15  8.71e-11   2.3e-10
1.6e+03  8.91e-11  1.07e-15  3.01e-15  8.91e-11  2.32e-10
1.7e+03  9.25e-11  2.01e-15  5.62e-15  9.25e-11  2.35e-10
1.8e+03   9.2e-11   3.5e-15  9.88e-15   9.2e-11  2.37e-10
1.9e+03  9.29e-11     6e-15  1.63e-14  9.29e-11  2.39e-10
  2e+03  9.55e-11  9.25e-15   2.6e-14  9.55e-11  2.41e-10

Reactant = P1   Pressure = 100 atm

   T(K)        W1        W2        P2      Loss   Capture
    500  9.85e-11  2.68e-24  3.03e-24  9.85e-11  1.91e-10
    600  1.02e-10  2.51e-22  3.23e-22  1.02e-10  1.97e-10
    700  1.08e-10   7.1e-21  9.77e-21  1.08e-10  2.03e-10
    800   1.1e-10  9.27e-20  1.34e-19   1.1e-10  2.07e-10
    900  1.13e-10  7.21e-19  1.07e-18  1.13e-10  2.11e-10
  1e+03  1.14e-10   3.9e-18   5.8e-18  1.14e-10  2.15e-10
1.1e+03  1.17e-10  1.57e-17   2.4e-17  1.17e-10  2.18e-10
1.2e+03  1.19e-10  5.21e-17  7.88e-17  1.19e-10  2.22e-10
1.3e+03  1.21e-10  1.44e-16  2.21e-16  1.21e-10  2.25e-10
1.4e+03  1.23e-10  3.57e-16  5.33e-16  1.23e-10  2.27e-10
1.5e+03  1.24e-10  7.59e-16  1.19e-15  1.24e-10   2.3e-10
1.6e+03  1.26e-10   1.5e-15  2.37e-15  1.26e-10  2.32e-10
1.7e+03   1.3e-10  2.73e-15  4.41e-15   1.3e-10  2.35e-10
1.8e+03  1.29e-10  4.67e-15  7.74e-15  1.29e-10  2.37e-10
1.9e+03  1.31e-10  7.83e-15  1.26e-14  1.31e-10  2.39e-10
  2e+03  1.33e-10  1.18e-14  2.01e-14  1.33e-10  2.41e-10

Reactant = P2   Pressure = 0.1 atm

   T(K)        W1        W2        P1      Loss   Capture
    500  3.91e-18  7.44e-12  8.83e-13  8.33e-12   1.9e-10
    600  4.85e-18  1.16e-11   9.2e-13  1.25e-11  1.96e-10
    700  7.12e-18  1.48e-11  1.03e-12  1.59e-11  2.01e-10
    800  9.43e-18   1.7e-11  1.18e-12  1.82e-11  2.06e-10
    900  1.22e-17  1.88e-11  1.38e-12  2.02e-11   2.1e-10
  1e+03  1.59e-17  2.05e-11  1.62e-12  2.22e-11  2.13e-10
1.1e+03  1.93e-17  2.16e-11  1.91e-12  2.35e-11  2.17e-10
1.2e+03  2.45e-17   2.3e-11  2.23e-12  2.53e-11   2.2e-10
1.3e+03  2.97e-17  2.41e-11   2.6e-12  2.67e-11  2.23e-10
1.4e+03  3.84e-17  2.56e-11  3.01e-12  2.86e-11  2.26e-10
1.5e+03  5.17e-17  2.61e-11  3.48e-12  2.95e-11  2.28e-10
1.6e+03  8.57e-17  2.71e-11  3.99e-12  3.11e-11  2.31e-10
1.7e+03  1.53e-16  2.87e-11  4.55e-12  3.33e-11  2.33e-10
1.8e+03  2.69e-16  2.87e-11  5.15e-12  3.39e-11  2.35e-10
1.9e+03  4.11e-16  3.02e-11  5.78e-12  3.59e-11  2.37e-10
  2e+03  8.42e-16  3.07e-11  6.49e-12  3.72e-11  2.39e-10

Reactant = P2   Pressure = 1 atm

   T(K)        W1        W2        P1      Loss   Capture
    500  1.71e-17  2.07e-11  8.09e-13  2.15e-11   1.9e-10
    600  2.43e-17   2.7e-11  8.48e-13  2.79e-11  1.96e-10
    700  3.26e-17  3.18e-11  9.47e-13  3.27e-11  2.01e-10
    800  4.08e-17  3.49e-11  1.09e-12   3.6e-11  2.06e-10
    900  5.07e-17  3.74e-11  1.28e-12  3.87e-11   2.1e-10
  1e+03   6.4e-17     4e-11   1.5e-12  4.15e-11  2.13e-10
1.1e+03   7.6e-17  4.15e-11  1.77e-12  4.32e-11  2.17e-10
1.2e+03  9.44e-17  4.35e-11  2.06e-12  4.56e-11   2.2e-10
1.3e+03  1.13e-16   4.5e-11  2.41e-12  4.74e-11  2.23e-10
1.4e+03  1.43e-16  4.72e-11  2.77e-12     5e-11  2.26e-10
1.5e+03  1.78e-16  4.77e-11  3.21e-12  5.09e-11  2.28e-10
1.6e+03  2.57e-16  4.93e-11  3.67e-12  5.29e-11  2.31e-10
1.7e+03  3.73e-16  5.14e-11  4.18e-12  5.56e-11  2.33e-10
1.8e+03  6.08e-16  5.15e-11  4.73e-12  5.62e-11  2.35e-10
1.9e+03  8.59e-16  5.36e-11  5.29e-12  5.88e-11  2.37e-10
  2e+03  1.46e-15  5.42e-11  5.94e-12  6.02e-11  2.39e-10

Reactant = P2   Pressure = 10 atm

   T(K)        W1        W2        P1      Loss   Capture
    500  7.17e-17  4.56e-11  6.85e-13  4.62e-11   1.9e-10
    600  9.16e-17   5.3e-11  7.28e-13  5.38e-11  1.96e-10
    700  1.15e-16  5.86e-11  8.18e-13  5.95e-11  2.01e-10
    800   1.4e-16  6.22e-11   9.5e-13  6.31e-11  2.06e-10
    900  1.69e-16  6.51e-11  1.12e-12  6.62e-11   2.1e-10
  1e+03   2.1e-16  6.82e-11  1.31e-12  6.95e-11  2.13e-10
1.1e+03   2.5e-16  6.98e-11  1.54e-12  7.14e-11  2.17e-10
1.2e+03  3.12e-16  7.23e-11   1.8e-12  7.41e-11   2.2e-10
1.3e+03  3.88e-16   7.4e-11   2.1e-12  7.61e-11  2.23e-10
1.4e+03  5.01e-16  7.67e-11   2.4e-12  7.92e-11  2.26e-10
1.5e+03  6.43e-16  7.73e-11  2.79e-12  8.01e-11  2.28e-10
1.6e+03  8.77e-16  7.91e-11  3.19e-12  8.23e-11  2.31e-10
1.7e+03  1.15e-15  8.17e-11  3.62e-12  8.54e-11  2.33e-10
1.8e+03   1.7e-15  8.18e-11   4.1e-12  8.59e-11  2.35e-10
1.9e+03  2.23e-15  8.44e-11  4.56e-12   8.9e-11  2.37e-10
  2e+03   3.7e-15  8.52e-11  5.13e-12  9.03e-11  2.39e-10

Reactant = P2   Pressure = 100 atm

   T(K)        W1        W2        P1      Loss   Capture
    500  4.94e-16   8.4e-11  5.05e-13  8.45e-11   1.9e-10
    600  5.62e-16     9e-11  5.54e-13  9.05e-11  1.96e-10
    700  7.61e-16  9.48e-11  6.34e-13  9.54e-11  2.01e-10
    800  1.04e-15  9.78e-11  7.45e-13  9.86e-11  2.06e-10
    900  1.56e-15     1e-10  8.81e-13  1.01e-10   2.1e-10
  1e+03  2.24e-15  1.03e-10  1.03e-12  1.04e-10  2.13e-10
1.1e+03   3.5e-15  1.05e-10  1.23e-12  1.06e-10  2.17e-10
1.2e+03  5.19e-15  1.07e-10  1.43e-12  1.09e-10   2.2e-10
1.3e+03  8.03e-15  1.09e-10  1.66e-12  1.11e-10  2.23e-10
1.4e+03  1.12e-14  1.12e-10   1.9e-12  1.14e-10  2.26e-10
1.5e+03  1.67e-14  1.13e-10  2.21e-12  1.15e-10  2.28e-10
1.6e+03  2.39e-14  1.14e-10  2.51e-12  1.17e-10  2.31e-10
1.7e+03  3.42e-14  1.17e-10  2.85e-12   1.2e-10  2.33e-10
1.8e+03  4.54e-14  1.17e-10  3.22e-12  1.21e-10  2.35e-10
1.9e+03  5.62e-14   1.2e-10  3.54e-12  1.24e-10  2.37e-10
  2e+03  8.11e-14  1.21e-10  3.97e-12  1.25e-10  2.39e-10

______________________________________________________________________________________

Temperature-Pressure Rate Tables:

W1->W2

P\T           500       600       700       800       900     1e+03   1.1e+03   1.2e+03   1.3e+03   1.4e+03   1.5e+03   1.6e+03   1.7e+03   1.8e+03   1.9e+03     2e+03
0.1      1.91e-11 -7.76e-11 -2.52e-09 -3.27e-08 -7.71e-06 -9.86e-06   0.00035   0.00216    0.0124    0.0514     0.335      1.88      14.4      38.7      96.6       478
1       -5.77e-13 -1.69e-11 -9.88e-09 -1.18e-05 -1.16e-05   0.00265    0.0256     0.166     0.994      4.24      26.7       144       965  2.44e+03  5.73e+03   2.1e+04
10       6.79e-10 -2.63e-09 -2.73e-07   0.00114    0.0235     0.259      2.34      14.5      80.5       320  1.53e+03   5.9e+03  2.24e+04  4.69e+04  9.14e+04  2.11e+05
100      4.85e-06  0.000602    0.0262     0.484      5.54      39.5       225       963  3.56e+03  1.04e+04  2.87e+04  6.95e+04  1.59e+05  2.86e+05  4.88e+05  8.67e+05
O-O       0.00643     0.655      18.2       222  1.57e+03  7.53e+03  2.72e+04  7.95e+04  1.97e+05  4.28e+05  8.38e+05  1.51e+06  2.53e+06     4e+06  6.01e+06  8.67e+06

W1->P1

P\T           500       600       700       800       900     1e+03   1.1e+03   1.2e+03   1.3e+03   1.4e+03   1.5e+03   1.6e+03   1.7e+03   1.8e+03   1.9e+03     2e+03
0.1      1.08e+10   1.6e+10  2.01e+10  2.04e+10  2.02e+10  1.87e+10  1.76e+10  1.61e+10  1.49e+10  1.34e+10  1.22e+10  1.12e+10  1.05e+10  9.32e+09  8.45e+09  7.91e+09
1        2.87e+10  3.56e+10  4.05e+10  3.92e+10  3.76e+10  3.41e+10  3.14e+10  2.84e+10  2.59e+10  2.32e+10   2.1e+10  1.91e+10  1.77e+10  1.57e+10  1.42e+10  1.32e+10
10       6.04e+10  6.77e+10  7.15e+10  6.71e+10  6.26e+10  5.59e+10  5.07e+10  4.53e+10  4.09e+10  3.64e+10  3.27e+10  2.95e+10  2.71e+10   2.4e+10  2.16e+10  1.99e+10
100      1.09e+11  1.13e+11  1.13e+11  1.03e+11   9.4e+10  8.31e+10  7.43e+10  6.59e+10  5.89e+10  5.22e+10  4.65e+10  4.18e+10   3.8e+10  3.37e+10  3.04e+10  2.78e+10
O-O      2.12e+11   2.2e+11  2.11e+11  1.94e+11  1.75e+11  1.56e+11  1.39e+11  1.23e+11  1.09e+11  9.67e+10  8.61e+10  7.68e+10  6.88e+10  6.18e+10  5.56e+10  5.02e+10

W1->P2

P\T           500       600       700       800       900     1e+03   1.1e+03   1.2e+03   1.3e+03   1.4e+03   1.5e+03   1.6e+03   1.7e+03   1.8e+03   1.9e+03     2e+03
0.1      6.75e-09  9.85e-09 -2.54e-07  5.76e-08  1.42e-06  1.01e-05  7.79e-05  0.000442   0.00209   0.00654    0.0148  0.000175    -0.324     -1.07     -2.99     -15.6
1       -1.83e-10     2e-08  1.01e-07  8.37e-07  2.58e-05  0.000267   0.00223    0.0121    0.0587     0.183     0.423  -0.00427     -7.21     -23.7       -60      -190
10      -1.32e-09 -6.51e-09   3.2e-06  9.57e-05   0.00163    0.0149     0.114      0.59      2.74      8.66      27.5      72.3       202       429       801  2.28e+03
100      1.84e-06  0.000198   0.00726     0.115      1.14      7.07      36.3       138       467  1.22e+03  3.15e+03  7.09e+03  1.51e+04  2.76e+04  4.53e+04  8.39e+04
O-O           ***       ***       ***       ***       ***       ***       ***       ***       ***       ***       ***       ***       ***       ***       ***       ***

W2->W1

P\T           500       600       700       800       900     1e+03   1.1e+03   1.2e+03   1.3e+03   1.4e+03   1.5e+03   1.6e+03   1.7e+03   1.8e+03   1.9e+03     2e+03
0.1     -1.89e+03 -3.67e+03 -4.59e+03 -5.79e+03 -6.43e+03 -8.03e+03 -8.06e+03 -9.26e+03 -9.43e+03 -1.14e+04 -1.22e+04  -1.6e+04 -1.33e+04 -1.96e+04 -2.22e+04  4.84e+04
1       -1.16e+04 -1.85e+04 -2.15e+04 -2.54e+04 -2.71e+04 -3.12e+04 -2.96e+04 -3.02e+04 -2.27e+04 -1.52e+04   4.6e+04  2.22e+05  1.07e+06  1.75e+06  2.79e+06  7.37e+06
10      -5.21e+04 -7.25e+04 -8.08e+04 -7.88e+04 -5.94e+04 -2.27e+04  1.13e+05  3.65e+05  9.96e+05  1.96e+06  5.11e+06  1.13e+07  2.63e+07  3.56e+07  4.68e+07  7.61e+07
100      1.31e+06  1.68e+06  2.89e+06  4.68e+06  8.09e+06  1.27e+07  2.09e+07  3.17e+07   4.9e+07  6.76e+07  9.78e+07  1.35e+08  1.87e+08  2.17e+08  2.51e+08  3.13e+08
O-O      1.96e+09  2.06e+09  2.16e+09  2.26e+09  2.36e+09  2.46e+09  2.55e+09  2.64e+09  2.72e+09   2.8e+09  2.87e+09  2.93e+09  2.99e+09  3.04e+09  3.09e+09  3.14e+09

W2->P1

P\T           500       600       700       800       900     1e+03   1.1e+03   1.2e+03   1.3e+03   1.4e+03   1.5e+03   1.6e+03   1.7e+03   1.8e+03   1.9e+03     2e+03
0.1      1.39e+08  1.34e+08  1.38e+08  1.43e+08  1.51e+08  1.61e+08  1.68e+08  1.79e+08  1.87e+08  2.02e+08  2.05e+08  2.15e+08  2.26e+08   2.3e+08  2.45e+08  2.49e+08
1        2.89e+08   2.8e+08  2.85e+08  2.92e+08  3.03e+08  3.19e+08  3.29e+08  3.47e+08   3.6e+08  3.83e+08  3.88e+08  4.04e+08  4.21e+08  4.26e+08  4.49e+08   4.5e+08
10        5.4e+08  5.24e+08  5.29e+08  5.38e+08  5.52e+08  5.76e+08  5.89e+08  6.15e+08  6.33e+08  6.66e+08  6.69e+08  6.86e+08  6.97e+08  6.96e+08  7.18e+08  6.97e+08
100      9.05e+08  8.77e+08  8.78e+08  8.85e+08     9e+08  9.26e+08  9.36e+08  9.59e+08  9.67e+08  9.92e+08  9.71e+08  9.64e+08  9.44e+08  9.27e+08  9.36e+08  8.85e+08
O-O           ***       ***       ***       ***       ***       ***       ***       ***       ***       ***       ***       ***       ***       ***       ***       ***

W2->P2

P\T           500       600       700       800       900     1e+03   1.1e+03   1.2e+03   1.3e+03   1.4e+03   1.5e+03   1.6e+03   1.7e+03   1.8e+03   1.9e+03     2e+03
0.1      1.54e+10  2.45e+10  2.95e+10  3.07e+10  3.01e+10  2.89e+10  2.66e+10  2.48e+10  2.26e+10  2.11e+10  1.89e+10  1.73e+10  1.61e+10  1.44e+10  1.35e+10  1.23e+10
1        4.22e+10  5.55e+10  6.12e+10  6.05e+10  5.75e+10  5.38e+10  4.88e+10  4.47e+10  4.04e+10  3.72e+10  3.31e+10  3.01e+10  2.78e+10  2.48e+10   2.3e+10  2.09e+10
10       9.26e+10  1.08e+11  1.12e+11  1.07e+11  9.91e+10   9.1e+10  8.14e+10  7.36e+10  6.59e+10     6e+10  5.31e+10   4.8e+10   4.4e+10  3.91e+10   3.6e+10  3.26e+10
100      1.71e+11  1.84e+11  1.81e+11  1.68e+11  1.53e+11  1.38e+11  1.22e+11  1.09e+11   9.7e+10  8.74e+10  7.73e+10  6.94e+10   6.3e+10  5.61e+10  5.12e+10  4.63e+10
O-O      3.86e+11     4e+11  3.83e+11  3.53e+11  3.19e+11  2.84e+11  2.52e+11  2.24e+11  1.98e+11  1.76e+11  1.57e+11   1.4e+11  1.25e+11  1.12e+11  1.01e+11  9.14e+10

P1->W1

P\T           500       600       700       800       900     1e+03   1.1e+03   1.2e+03   1.3e+03   1.4e+03   1.5e+03   1.6e+03   1.7e+03   1.8e+03   1.9e+03     2e+03
0.1      9.61e-12   1.4e-11  1.88e-11   2.1e-11  2.35e-11  2.48e-11  2.67e-11  2.79e-11  2.96e-11  3.04e-11  3.15e-11  3.27e-11  3.49e-11  3.46e-11  3.52e-11  3.68e-11
1        2.58e-11  3.19e-11  3.87e-11  4.16e-11   4.5e-11  4.66e-11  4.92e-11  5.09e-11  5.31e-11  5.42e-11  5.57e-11  5.73e-11  6.02e-11  5.98e-11  6.06e-11  6.28e-11
10       5.45e-11  6.07e-11  6.86e-11  7.15e-11  7.54e-11  7.69e-11  7.98e-11  8.17e-11  8.42e-11  8.55e-11  8.71e-11  8.91e-11  9.25e-11   9.2e-11  9.29e-11  9.55e-11
100      9.85e-11  1.02e-10  1.08e-10   1.1e-10  1.13e-10  1.14e-10  1.17e-10  1.19e-10  1.21e-10  1.23e-10  1.24e-10  1.26e-10   1.3e-10  1.29e-10  1.31e-10  1.33e-10
O-O      1.91e-10  1.97e-10  2.03e-10  2.07e-10  2.11e-10  2.15e-10  2.18e-10  2.22e-10  2.25e-10  2.27e-10   2.3e-10  2.32e-10  2.35e-10  2.37e-10  2.39e-10  2.41e-10

P1->W2

P\T           500       600       700       800       900     1e+03   1.1e+03   1.2e+03   1.3e+03   1.4e+03   1.5e+03   1.6e+03   1.7e+03   1.8e+03   1.9e+03     2e+03
0.1      4.03e-25  3.69e-23  1.07e-21  1.43e-20  1.15e-19  6.44e-19  2.67e-18   9.2e-18  2.65e-17  6.88e-17  1.52e-16  3.18e-16  6.24e-16   1.1e-15  1.95e-15  3.16e-15
1        8.52e-25  7.94e-23  2.28e-21  3.03e-20   2.4e-19  1.33e-18  5.46e-18  1.86e-17  5.31e-17  1.36e-16     3e-16  6.22e-16  1.21e-15  2.13e-15  3.72e-15  5.92e-15
10        1.6e-24   1.5e-22  4.27e-21  5.62e-20  4.42e-19  2.42e-18  9.88e-18  3.34e-17  9.43e-17  2.39e-16  5.22e-16  1.07e-15  2.01e-15   3.5e-15     6e-15  9.25e-15
100      2.68e-24  2.51e-22   7.1e-21  9.27e-20  7.21e-19   3.9e-18  1.57e-17  5.21e-17  1.44e-16  3.57e-16  7.59e-16   1.5e-15  2.73e-15  4.67e-15  7.83e-15  1.18e-14
O-O           ***       ***       ***       ***       ***       ***       ***       ***       ***       ***       ***       ***       ***       ***       ***       ***

P1->P2

P\T           500       600       700       800       900     1e+03   1.1e+03   1.2e+03   1.3e+03   1.4e+03   1.5e+03   1.6e+03   1.7e+03   1.8e+03   1.9e+03     2e+03
0.1      5.31e-24  5.37e-22  1.58e-20  2.13e-19  1.68e-18   9.1e-18  3.73e-17  1.23e-16  3.45e-16  8.44e-16  1.87e-15  3.76e-15  7.06e-15  1.24e-14  2.06e-14  3.29e-14
1        4.86e-24  4.95e-22  1.46e-20  1.97e-19  1.56e-18  8.42e-18  3.45e-17  1.14e-16  3.19e-16  7.77e-16  1.72e-15  3.46e-15  6.48e-15  1.14e-14  1.88e-14  3.01e-14
10       4.12e-24  4.25e-22  1.26e-20  1.71e-19  1.36e-18  7.33e-18  3.02e-17  9.93e-17  2.78e-16  6.75e-16   1.5e-15  3.01e-15  5.62e-15  9.88e-15  1.63e-14   2.6e-14
100      3.03e-24  3.23e-22  9.77e-21  1.34e-19  1.07e-18   5.8e-18   2.4e-17  7.88e-17  2.21e-16  5.33e-16  1.19e-15  2.37e-15  4.41e-15  7.74e-15  1.26e-14  2.01e-14
O-O           ***       ***       ***       ***       ***       ***       ***       ***       ***       ***       ***       ***       ***       ***       ***       ***

P2->W1

P\T           500       600       700       800       900     1e+03   1.1e+03   1.2e+03   1.3e+03   1.4e+03   1.5e+03   1.6e+03   1.7e+03   1.8e+03   1.9e+03     2e+03
0.1      3.91e-18  4.85e-18  7.12e-18  9.43e-18  1.22e-17  1.59e-17  1.93e-17  2.45e-17  2.97e-17  3.84e-17  5.17e-17  8.57e-17  1.53e-16  2.69e-16  4.11e-16  8.42e-16
1        1.71e-17  2.43e-17  3.26e-17  4.08e-17  5.07e-17   6.4e-17   7.6e-17  9.44e-17  1.13e-16  1.43e-16  1.78e-16  2.57e-16  3.73e-16  6.08e-16  8.59e-16  1.46e-15
10       7.17e-17  9.16e-17  1.15e-16   1.4e-16  1.69e-16   2.1e-16   2.5e-16  3.12e-16  3.88e-16  5.01e-16  6.43e-16  8.77e-16  1.15e-15   1.7e-15  2.23e-15   3.7e-15
100      4.94e-16  5.62e-16  7.61e-16  1.04e-15  1.56e-15  2.24e-15   3.5e-15  5.19e-15  8.03e-15  1.12e-14  1.67e-14  2.39e-14  3.42e-14  4.54e-14  5.62e-14  8.11e-14
O-O           ***       ***       ***       ***       ***       ***       ***       ***       ***       ***       ***       ***       ***       ***       ***       ***

P2->W2

P\T           500       600       700       800       900     1e+03   1.1e+03   1.2e+03   1.3e+03   1.4e+03   1.5e+03   1.6e+03   1.7e+03   1.8e+03   1.9e+03     2e+03
0.1      7.44e-12  1.16e-11  1.48e-11   1.7e-11  1.88e-11  2.05e-11  2.16e-11   2.3e-11  2.41e-11  2.56e-11  2.61e-11  2.71e-11  2.87e-11  2.87e-11  3.02e-11  3.07e-11
1        2.07e-11   2.7e-11  3.18e-11  3.49e-11  3.74e-11     4e-11  4.15e-11  4.35e-11   4.5e-11  4.72e-11  4.77e-11  4.93e-11  5.14e-11  5.15e-11  5.36e-11  5.42e-11
10       4.56e-11   5.3e-11  5.86e-11  6.22e-11  6.51e-11  6.82e-11  6.98e-11  7.23e-11   7.4e-11  7.67e-11  7.73e-11  7.91e-11  8.17e-11  8.18e-11  8.44e-11  8.52e-11
100       8.4e-11     9e-11  9.48e-11  9.78e-11     1e-10  1.03e-10  1.05e-10  1.07e-10  1.09e-10  1.12e-10  1.13e-10  1.14e-10  1.17e-10  1.17e-10   1.2e-10  1.21e-10
O-O       1.9e-10  1.96e-10  2.01e-10  2.06e-10   2.1e-10  2.13e-10  2.17e-10   2.2e-10  2.23e-10  2.26e-10  2.28e-10  2.31e-10  2.33e-10  2.35e-10  2.37e-10  2.39e-10

P2->P1

P\T           500       600       700       800       900     1e+03   1.1e+03   1.2e+03   1.3e+03   1.4e+03   1.5e+03   1.6e+03   1.7e+03   1.8e+03   1.9e+03     2e+03
0.1      8.83e-13   9.2e-13  1.03e-12  1.18e-12  1.38e-12  1.62e-12  1.91e-12  2.23e-12   2.6e-12  3.01e-12  3.48e-12  3.99e-12  4.55e-12  5.15e-12  5.78e-12  6.49e-12
1        8.09e-13  8.48e-13  9.47e-13  1.09e-12  1.28e-12   1.5e-12  1.77e-12  2.06e-12  2.41e-12  2.77e-12  3.21e-12  3.67e-12  4.18e-12  4.73e-12  5.29e-12  5.94e-12
10       6.85e-13  7.28e-13  8.18e-13   9.5e-13  1.12e-12  1.31e-12  1.54e-12   1.8e-12   2.1e-12   2.4e-12  2.79e-12  3.19e-12  3.62e-12   4.1e-12  4.56e-12  5.13e-12
100      5.05e-13  5.54e-13  6.34e-13  7.45e-13  8.81e-13  1.03e-12  1.23e-12  1.43e-12  1.66e-12   1.9e-12  2.21e-12  2.51e-12  2.85e-12  3.22e-12  3.54e-12  3.97e-12
O-O           ***       ***       ***       ***       ***       ***       ***       ***       ***       ***       ***       ***       ***       ***       ***       ***

W1-> 

P\T           500       600       700       800       900     1e+03   1.1e+03   1.2e+03   1.3e+03   1.4e+03   1.5e+03   1.6e+03   1.7e+03   1.8e+03   1.9e+03     2e+03
0.1      1.08e+10   1.6e+10  2.01e+10  2.04e+10  2.02e+10  1.87e+10  1.76e+10  1.61e+10  1.49e+10  1.34e+10  1.22e+10  1.12e+10  1.05e+10  9.32e+09  8.45e+09  7.91e+09
1        2.87e+10  3.56e+10  4.05e+10  3.92e+10  3.76e+10  3.41e+10  3.14e+10  2.84e+10  2.59e+10  2.32e+10   2.1e+10  1.91e+10  1.77e+10  1.57e+10  1.42e+10  1.32e+10
10       6.04e+10  6.77e+10  7.15e+10  6.71e+10  6.26e+10  5.59e+10  5.07e+10  4.53e+10  4.09e+10  3.64e+10  3.27e+10  2.95e+10  2.71e+10   2.4e+10  2.16e+10  1.99e+10
100      1.09e+11  1.13e+11  1.13e+11  1.03e+11   9.4e+10  8.31e+10  7.43e+10  6.59e+10  5.89e+10  5.22e+10  4.65e+10  4.18e+10   3.8e+10  3.37e+10  3.04e+10  2.78e+10
O-O      2.12e+11   2.2e+11  2.11e+11  1.94e+11  1.75e+11  1.56e+11  1.39e+11  1.23e+11  1.09e+11  9.67e+10  8.61e+10  7.68e+10  6.88e+10  6.18e+10  5.56e+10  5.03e+10

W2-> 

P\T           500       600       700       800       900     1e+03   1.1e+03   1.2e+03   1.3e+03   1.4e+03   1.5e+03   1.6e+03   1.7e+03   1.8e+03   1.9e+03     2e+03
0.1      1.56e+10  2.46e+10  2.96e+10  3.08e+10  3.02e+10  2.91e+10  2.68e+10   2.5e+10  2.28e+10  2.13e+10  1.91e+10  1.75e+10  1.63e+10  1.47e+10  1.38e+10  1.25e+10
1        4.25e+10  5.58e+10  6.14e+10  6.08e+10  5.78e+10  5.42e+10  4.91e+10  4.51e+10  4.08e+10  3.76e+10  3.35e+10  3.05e+10  2.83e+10  2.53e+10  2.35e+10  2.13e+10
10       9.31e+10  1.09e+11  1.13e+11  1.08e+11  9.97e+10  9.16e+10   8.2e+10  7.42e+10  6.65e+10  6.06e+10  5.38e+10  4.87e+10  4.47e+10  3.99e+10  3.68e+10  3.33e+10
100      1.71e+11  1.85e+11  1.82e+11  1.69e+11  1.54e+11  1.39e+11  1.23e+11   1.1e+11   9.8e+10  8.84e+10  7.83e+10  7.05e+10  6.41e+10  5.73e+10  5.24e+10  4.75e+10
O-O      3.88e+11  4.02e+11  3.86e+11  3.55e+11  3.21e+11  2.87e+11  2.55e+11  2.26e+11  2.01e+11  1.79e+11   1.6e+11  1.43e+11  1.28e+11  1.15e+11  1.04e+11  9.46e+10

P1-> 

P\T           500       600       700       800       900     1e+03   1.1e+03   1.2e+03   1.3e+03   1.4e+03   1.5e+03   1.6e+03   1.7e+03   1.8e+03   1.9e+03     2e+03
0.1      9.61e-12   1.4e-11  1.88e-11   2.1e-11  2.35e-11  2.48e-11  2.67e-11  2.79e-11  2.96e-11  3.04e-11  3.15e-11  3.28e-11  3.49e-11  3.46e-11  3.52e-11  3.68e-11
1        2.58e-11  3.19e-11  3.87e-11  4.16e-11   4.5e-11  4.66e-11  4.92e-11  5.09e-11  5.31e-11  5.42e-11  5.57e-11  5.73e-11  6.02e-11  5.98e-11  6.06e-11  6.28e-11
10       5.45e-11  6.07e-11  6.86e-11  7.15e-11  7.54e-11  7.69e-11  7.98e-11  8.17e-11  8.42e-11  8.55e-11  8.71e-11  8.91e-11  9.25e-11   9.2e-11  9.29e-11  9.55e-11
100      9.85e-11  1.02e-10  1.08e-10   1.1e-10  1.13e-10  1.14e-10  1.17e-10  1.19e-10  1.21e-10  1.23e-10  1.24e-10  1.26e-10   1.3e-10  1.29e-10  1.31e-10  1.33e-10
O-O      1.91e-10  1.97e-10  2.03e-10  2.07e-10  2.11e-10  2.15e-10  2.18e-10  2.22e-10  2.25e-10  2.27e-10   2.3e-10  2.32e-10  2.35e-10  2.37e-10  2.39e-10  2.41e-10

P2-> 

P\T           500       600       700       800       900     1e+03   1.1e+03   1.2e+03   1.3e+03   1.4e+03   1.5e+03   1.6e+03   1.7e+03   1.8e+03   1.9e+03     2e+03
0.1      8.33e-12  1.25e-11  1.59e-11  1.82e-11  2.02e-11  2.22e-11  2.35e-11  2.53e-11  2.67e-11  2.86e-11  2.95e-11  3.11e-11  3.33e-11  3.39e-11  3.59e-11  3.72e-11
1        2.15e-11  2.79e-11  3.27e-11   3.6e-11  3.87e-11  4.15e-11  4.32e-11  4.56e-11  4.74e-11     5e-11  5.09e-11  5.29e-11  5.56e-11  5.62e-11  5.88e-11  6.02e-11
10       4.62e-11  5.38e-11  5.95e-11  6.31e-11  6.62e-11  6.95e-11  7.14e-11  7.41e-11  7.61e-11  7.92e-11  8.01e-11  8.23e-11  8.54e-11  8.59e-11   8.9e-11  9.03e-11
100      8.45e-11  9.05e-11  9.54e-11  9.86e-11  1.01e-10  1.04e-10  1.06e-10  1.09e-10  1.11e-10  1.14e-10  1.15e-10  1.17e-10   1.2e-10  1.21e-10  1.24e-10  1.25e-10
O-O       1.9e-10  1.96e-10  2.01e-10  2.06e-10   2.1e-10  2.13e-10  2.17e-10   2.2e-10  2.23e-10  2.26e-10  2.28e-10  2.31e-10  2.33e-10  2.35e-10  2.37e-10  2.39e-10

