Wells (G - ground energy, D - dissociation limit, kcal/mol):
                             W         G         D
         FakeW-CPT(563)+HO2(8)        -3         0
      FakeW-C5H9(553)+H2O2(10)       5.7       8.7

Bimolecular Products (G - ground energy, kcal/mol):
                       P         G
         CPT(563)+HO2(8)         0
      C5H9(553)+H2O2(10)       8.7

Well-to-Bimolecular Barriers (H/G - barrier height/well depth, kcal/mol)
                             B         H                        W         G                  P
         FakeB-CPT(563)+HO2(8)         0    FakeW-CPT(563)+HO2(8)        -3    CPT(563)+HO2(8)
      FakeB-C5H9(553)+H2O2(10)       8.7 FakeW-C5H9(553)+H2O2(10)       5.7 C5H9(553)+H2O2(10)

Well-to-Well Barriers (H/G - barrier height/well depth, kcal/mol):
           B         H                       W1        G1                       W2        G2
      ts_8_1      14.5    FakeW-CPT(563)+HO2(8)        -3 FakeW-C5H9(553)+H2O2(10)       5.7

Bound Groups: dissociation barrier (name/ground energy, kcal/mol): wells (name/ground energy, kcal/mol):
     C1/0:  FakeW-CPT(563)+HO2(8)/-3

     C2/8.7:  FakeW-C5H9(553)+H2O2(10)/5.7

________________________________________________________________________________________

Names Translation Tables (<short name> - <original name>):
Wells:
   W1 - FakeW-CPT(563)+HO2(8)
   W2 - FakeW-C5H9(553)+H2O2(10)
Bimolecular products:
   P1 - CPT(563)+HO2(8)
   P2 - C5H9(553)+H2O2(10)
Inner Barriers:
   B1 - ts_8_1
Outer Barriers:
   C1 - FakeB-CPT(563)+HO2(8)
   C2 - FakeB-C5H9(553)+H2O2(10)
Unimolecular Rate Units: 1/sec;  Bimolecular Rate Units: cm^3/sec

______________________________________________________________________________________

Species-Species Rate Tables:

Temperature = 500 K

High Pressure Rate Coefficients:

From\To         W1        W2        P1        P2
W1             ***   3.3e+05  4.78e+15       ***
W2        3.57e+10       ***       ***  8.55e+15
P1        1.91e-10       ***       ***       ***
P2             ***  1.89e-10       ***       ***

Temperature = 500 K    Pressure = 0.1 atm

From\To         W1        W2        P1        P2
W1        1.01e+11       ***  1.01e+11     -1.68
W2             ***       ***       ***       ***
P1        3.31e-15       ***  3.31e-15  1.31e-20
P2       -3.29e-21       ***  7.87e-16  7.87e-16

Temperature = 500 K    Pressure = 1 atm

From\To         W1        W2        P1        P2
W1        7.34e+11       ***  7.34e+11     -1.07
W2             ***       ***       ***       ***
P1        2.54e-14       ***  2.54e-14  1.31e-20
P2       -2.24e-21       ***  7.87e-16  7.87e-16

Temperature = 500 K    Pressure = 10 atm

From\To         W1        W2        P1        P2
W1        4.59e+12  -0.00643  4.59e+12    -0.185
W2             -98  9.37e+12  6.69e+06  9.37e+12
P1        1.68e-13   2.1e-24  1.68e-13  1.31e-20
P2        -4.3e-22  1.77e-13  7.87e-16  1.78e-13

Temperature = 500 K    Pressure = 100 atm

From\To         W1        W2        P1        P2
W1        2.36e+13   0.00463  2.36e+13     0.396
W2           -27.7  4.24e+13  1.98e+07  4.24e+13
P1        9.04e-13  6.82e-24  9.04e-13  1.31e-20
P2        9.36e-22  8.76e-13  7.86e-16  8.77e-13

Temperature = 600 K

High Pressure Rate Coefficients:

From\To         W1        W2        P1        P2
W1             ***  5.01e+06  6.13e+15       ***
W2        1.09e+11       ***       ***   1.1e+16
P1        1.96e-10       ***       ***       ***
P2             ***  1.95e-10       ***       ***

Temperature = 600 K    Pressure = 0.1 atm

From\To         W1        W2        P1        P2
W1             ***       ***       ***       ***
W2             ***       ***       ***       ***
P1             ***       ***   1.6e-19   1.6e-19
P2             ***       ***  1.93e-15  1.93e-15

Temperature = 600 K    Pressure = 1 atm

From\To         W1        W2        P1        P2
W1             ***       ***       ***       ***
W2             ***       ***       ***       ***
P1             ***       ***   1.6e-19   1.6e-19
P2             ***       ***  1.93e-15  1.93e-15

Temperature = 600 K    Pressure = 10 atm

From\To         W1        W2        P1        P2
W1             ***       ***       ***       ***
W2             ***       ***       ***       ***
P1             ***       ***   1.6e-19   1.6e-19
P2             ***       ***  1.93e-15  1.93e-15

Temperature = 600 K    Pressure = 100 atm

From\To         W1        W2        P1        P2
W1        7.82e+13    0.0408  7.82e+13      1.03
W2            -539  1.36e+14  6.51e+07  1.36e+14
P1        2.23e-12  8.02e-23  2.23e-12   1.6e-19
P2        4.04e-22  2.02e-12  1.93e-15  2.02e-12

Temperature = 700 K

High Pressure Rate Coefficients:

From\To         W1        W2        P1        P2
W1             ***  3.78e+07  6.86e+15       ***
W2        2.56e+11       ***       ***  1.23e+16
P1        2.02e-10       ***       ***       ***
P2             ***     2e-10       ***       ***

Temperature = 700 K    Pressure = 0.1 atm

From\To         W1        W2        P1        P2
W1             ***       ***       ***       ***
W2             ***       ***       ***       ***
P1             ***       ***  1.11e-18  1.11e-18
P2             ***       ***  4.16e-15  4.16e-15

Temperature = 700 K    Pressure = 1 atm

From\To         W1        W2        P1        P2
W1             ***       ***       ***       ***
W2             ***       ***       ***       ***
P1             ***       ***  1.11e-18  1.11e-18
P2             ***       ***  4.16e-15  4.16e-15

Temperature = 700 K    Pressure = 10 atm

From\To         W1        W2        P1        P2
W1             ***       ***       ***       ***
W2             ***       ***       ***       ***
P1             ***       ***  1.11e-18  1.11e-18
P2             ***       ***  4.16e-15  4.16e-15

Temperature = 700 K    Pressure = 100 atm

From\To         W1        W2        P1        P2
W1         1.6e+14       ***   1.6e+14    -0.141
W2             ***       ***       ***       ***
P1        3.82e-12       ***  3.82e-12  1.11e-18
P2       -1.27e-23       ***  4.16e-15  4.16e-15

Temperature = 800 K

High Pressure Rate Coefficients:

From\To         W1        W2        P1        P2
W1             ***  1.79e+08  7.11e+15       ***
W2        5.01e+11       ***       ***  1.27e+16
P1        2.06e-10       ***       ***       ***
P2             ***  2.05e-10       ***       ***

Temperature = 800 K    Pressure = 0.1 atm

From\To         W1        W2        P1        P2
W1             ***       ***       ***       ***
W2             ***       ***       ***       ***
P1             ***       ***  5.17e-18  5.17e-18
P2             ***       ***  8.02e-15  8.02e-15

Temperature = 800 K    Pressure = 1 atm

From\To         W1        W2        P1        P2
W1             ***       ***       ***       ***
W2             ***       ***       ***       ***
P1             ***       ***  5.17e-18  5.17e-18
P2             ***       ***  8.02e-15  8.02e-15

Temperature = 800 K    Pressure = 10 atm

From\To         W1        W2        P1        P2
W1             ***       ***       ***       ***
W2             ***       ***       ***       ***
P1             ***       ***  5.17e-18  5.17e-18
P2             ***       ***  8.02e-15  8.02e-15

Temperature = 800 K    Pressure = 100 atm

From\To         W1        W2        P1        P2
W1             ***       ***       ***       ***
W2             ***       ***       ***       ***
P1             ***       ***  5.17e-18  5.17e-18
P2             ***       ***  8.02e-15  8.02e-15

Temperature = 900 K

High Pressure Rate Coefficients:

From\To         W1        W2        P1        P2
W1             ***  6.13e+08  7.03e+15       ***
W2        8.57e+11       ***       ***  1.26e+16
P1         2.1e-10       ***       ***       ***
P2             ***  2.09e-10       ***       ***

Temperature = 900 K    Pressure = 0.1 atm

From\To         W1        W2        P1        P2
W1             ***       ***       ***       ***
W2             ***       ***       ***       ***
P1             ***       ***  1.83e-17  1.83e-17
P2             ***       ***  1.41e-14  1.41e-14

Temperature = 900 K    Pressure = 1 atm

From\To         W1        W2        P1        P2
W1             ***       ***       ***       ***
W2             ***       ***       ***       ***
P1             ***       ***  1.83e-17  1.83e-17
P2             ***       ***  1.41e-14  1.41e-14

Temperature = 900 K    Pressure = 10 atm

From\To         W1        W2        P1        P2
W1             ***       ***       ***       ***
W2             ***       ***       ***       ***
P1             ***       ***  1.83e-17  1.83e-17
P2             ***       ***  1.41e-14  1.41e-14

Temperature = 900 K    Pressure = 100 atm

From\To         W1        W2        P1        P2
W1             ***       ***       ***       ***
W2             ***       ***       ***       ***
P1             ***       ***  1.83e-17  1.83e-17
P2             ***       ***  1.41e-14  1.41e-14

Temperature = 1e+03 K

High Pressure Rate Coefficients:

From\To         W1        W2        P1        P2
W1             ***  1.67e+09  6.76e+15       ***
W2        1.33e+12       ***       ***  1.21e+16
P1        2.14e-10       ***       ***       ***
P2             ***  2.12e-10       ***       ***

Temperature = 1e+03 K    Pressure = 0.1 atm

From\To         W1        W2        P1        P2
W1             ***       ***       ***       ***
W2             ***       ***       ***       ***
P1             ***       ***  5.25e-17  5.25e-17
P2             ***       ***  2.32e-14  2.32e-14

Temperature = 1e+03 K    Pressure = 1 atm

From\To         W1        W2        P1        P2
W1             ***       ***       ***       ***
W2             ***       ***       ***       ***
P1             ***       ***  5.25e-17  5.25e-17
P2             ***       ***  2.32e-14  2.32e-14

Temperature = 1e+03 K    Pressure = 10 atm

From\To         W1        W2        P1        P2
W1             ***       ***       ***       ***
W2             ***       ***       ***       ***
P1             ***       ***  5.25e-17  5.25e-17
P2             ***       ***  2.32e-14  2.32e-14

Temperature = 1e+03 K    Pressure = 100 atm

From\To         W1        W2        P1        P2
W1             ***       ***       ***       ***
W2             ***       ***       ***       ***
P1             ***       ***  5.25e-17  5.25e-17
P2             ***       ***  2.32e-14  2.32e-14

Temperature = 1.1e+03 K

High Pressure Rate Coefficients:

From\To         W1        W2        P1        P2
W1             ***  3.81e+09  6.38e+15       ***
W2        1.92e+12       ***       ***  1.14e+16
P1        2.17e-10       ***       ***       ***
P2             ***  2.16e-10       ***       ***

Temperature = 1.1e+03 K    Pressure = 0.1 atm

From\To         W1        W2        P1        P2
W1             ***       ***       ***       ***
W2             ***       ***       ***       ***
P1             ***       ***  1.29e-16  1.29e-16
P2             ***       ***  3.61e-14  3.61e-14

Temperature = 1.1e+03 K    Pressure = 1 atm

From\To         W1        W2        P1        P2
W1             ***       ***       ***       ***
W2             ***       ***       ***       ***
P1             ***       ***  1.29e-16  1.29e-16
P2             ***       ***  3.61e-14  3.61e-14

Temperature = 1.1e+03 K    Pressure = 10 atm

From\To         W1        W2        P1        P2
W1             ***       ***       ***       ***
W2             ***       ***       ***       ***
P1             ***       ***  1.29e-16  1.29e-16
P2             ***       ***  3.61e-14  3.61e-14

Temperature = 1.1e+03 K    Pressure = 100 atm

From\To         W1        W2        P1        P2
W1             ***       ***       ***       ***
W2             ***       ***       ***       ***
P1             ***       ***  1.29e-16  1.29e-16
P2             ***       ***  3.61e-14  3.61e-14

Temperature = 1.2e+03 K

High Pressure Rate Coefficients:

From\To         W1        W2        P1        P2
W1             ***  7.61e+09  5.95e+15       ***
W2        2.62e+12       ***       ***  1.06e+16
P1        2.21e-10       ***       ***       ***
P2             ***  2.19e-10       ***       ***

Temperature = 1.2e+03 K    Pressure = 0.1 atm

From\To         W1        W2        P1        P2
W1             ***       ***       ***       ***
W2             ***       ***       ***       ***
P1             ***       ***   2.8e-16   2.8e-16
P2             ***       ***  5.35e-14  5.35e-14

Temperature = 1.2e+03 K    Pressure = 1 atm

From\To         W1        W2        P1        P2
W1             ***       ***       ***       ***
W2             ***       ***       ***       ***
P1             ***       ***   2.8e-16   2.8e-16
P2             ***       ***  5.35e-14  5.35e-14

Temperature = 1.2e+03 K    Pressure = 10 atm

From\To         W1        W2        P1        P2
W1             ***       ***       ***       ***
W2             ***       ***       ***       ***
P1             ***       ***   2.8e-16   2.8e-16
P2             ***       ***  5.35e-14  5.35e-14

Temperature = 1.2e+03 K    Pressure = 100 atm

From\To         W1        W2        P1        P2
W1             ***       ***       ***       ***
W2             ***       ***       ***       ***
P1             ***       ***   2.8e-16   2.8e-16
P2             ***       ***  5.35e-14  5.35e-14

Temperature = 1.3e+03 K

High Pressure Rate Coefficients:

From\To         W1        W2        P1        P2
W1             ***  1.37e+10  5.51e+15       ***
W2        3.42e+12       ***       ***  9.86e+15
P1        2.23e-10       ***       ***       ***
P2             ***  2.22e-10       ***       ***

Temperature = 1.3e+03 K    Pressure = 0.1 atm

From\To         W1        W2        P1        P2
W1             ***       ***       ***       ***
W2             ***       ***       ***       ***
P1             ***       ***  5.52e-16  5.52e-16
P2             ***       ***  7.63e-14  7.63e-14

Temperature = 1.3e+03 K    Pressure = 1 atm

From\To         W1        W2        P1        P2
W1             ***       ***       ***       ***
W2             ***       ***       ***       ***
P1             ***       ***  5.52e-16  5.52e-16
P2             ***       ***  7.63e-14  7.63e-14

Temperature = 1.3e+03 K    Pressure = 10 atm

From\To         W1        W2        P1        P2
W1             ***       ***       ***       ***
W2             ***       ***       ***       ***
P1             ***       ***  5.52e-16  5.52e-16
P2             ***       ***  7.63e-14  7.63e-14

Temperature = 1.3e+03 K    Pressure = 100 atm

From\To         W1        W2        P1        P2
W1             ***       ***       ***       ***
W2             ***       ***       ***       ***
P1             ***       ***  5.52e-16  5.52e-16
P2             ***       ***  7.63e-14  7.63e-14

Temperature = 1.4e+03 K

High Pressure Rate Coefficients:

From\To         W1        W2        P1        P2
W1             ***  2.28e+10  5.08e+15       ***
W2        4.31e+12       ***       ***  9.09e+15
P1        2.26e-10       ***       ***       ***
P2             ***  2.25e-10       ***       ***

Temperature = 1.4e+03 K    Pressure = 0.1 atm

From\To         W1        W2        P1        P2
W1             ***       ***       ***       ***
W2             ***       ***       ***       ***
P1             ***       ***     1e-15     1e-15
P2             ***       ***  1.05e-13  1.05e-13

Temperature = 1.4e+03 K    Pressure = 1 atm

From\To         W1        W2        P1        P2
W1             ***       ***       ***       ***
W2             ***       ***       ***       ***
P1             ***       ***     1e-15     1e-15
P2             ***       ***  1.05e-13  1.05e-13

Temperature = 1.4e+03 K    Pressure = 10 atm

From\To         W1        W2        P1        P2
W1             ***       ***       ***       ***
W2             ***       ***       ***       ***
P1             ***       ***     1e-15     1e-15
P2             ***       ***  1.05e-13  1.05e-13

Temperature = 1.4e+03 K    Pressure = 100 atm

From\To         W1        W2        P1        P2
W1             ***       ***       ***       ***
W2             ***       ***       ***       ***
P1             ***       ***     1e-15     1e-15
P2             ***       ***  1.05e-13  1.05e-13

Temperature = 1.5e+03 K

High Pressure Rate Coefficients:

From\To         W1        W2        P1        P2
W1             ***  3.54e+10  4.67e+15       ***
W2        5.27e+12       ***       ***  8.36e+15
P1        2.29e-10       ***       ***       ***
P2             ***  2.27e-10       ***       ***

Temperature = 1.5e+03 K    Pressure = 0.1 atm

From\To         W1        W2        P1        P2
W1             ***       ***       ***       ***
W2             ***       ***       ***       ***
P1             ***       ***  1.71e-15  1.71e-15
P2             ***       ***  1.41e-13  1.41e-13

Temperature = 1.5e+03 K    Pressure = 1 atm

From\To         W1        W2        P1        P2
W1             ***       ***       ***       ***
W2             ***       ***       ***       ***
P1             ***       ***  1.71e-15  1.71e-15
P2             ***       ***  1.41e-13  1.41e-13

Temperature = 1.5e+03 K    Pressure = 10 atm

From\To         W1        W2        P1        P2
W1             ***       ***       ***       ***
W2             ***       ***       ***       ***
P1             ***       ***  1.71e-15  1.71e-15
P2             ***       ***  1.41e-13  1.41e-13

Temperature = 1.5e+03 K    Pressure = 100 atm

From\To         W1        W2        P1        P2
W1             ***       ***       ***       ***
W2             ***       ***       ***       ***
P1             ***       ***  1.71e-15  1.71e-15
P2             ***       ***  1.41e-13  1.41e-13

Temperature = 1.6e+03 K

High Pressure Rate Coefficients:

From\To         W1        W2        P1        P2
W1             ***  5.21e+10  4.29e+15       ***
W2         6.3e+12       ***       ***  7.68e+15
P1        2.31e-10       ***       ***       ***
P2             ***   2.3e-10       ***       ***

Temperature = 1.6e+03 K    Pressure = 0.1 atm

From\To         W1        W2        P1        P2
W1             ***       ***       ***       ***
W2             ***       ***       ***       ***
P1             ***       ***  2.76e-15  2.76e-15
P2             ***       ***  1.85e-13  1.85e-13

Temperature = 1.6e+03 K    Pressure = 1 atm

From\To         W1        W2        P1        P2
W1             ***       ***       ***       ***
W2             ***       ***       ***       ***
P1             ***       ***  2.76e-15  2.76e-15
P2             ***       ***  1.85e-13  1.85e-13

Temperature = 1.6e+03 K    Pressure = 10 atm

From\To         W1        W2        P1        P2
W1             ***       ***       ***       ***
W2             ***       ***       ***       ***
P1             ***       ***  2.76e-15  2.76e-15
P2             ***       ***  1.85e-13  1.85e-13

Temperature = 1.6e+03 K    Pressure = 100 atm

From\To         W1        W2        P1        P2
W1             ***       ***       ***       ***
W2             ***       ***       ***       ***
P1             ***       ***  2.76e-15  2.76e-15
P2             ***       ***  1.85e-13  1.85e-13

Temperature = 1.7e+03 K

High Pressure Rate Coefficients:

From\To         W1        W2        P1        P2
W1             ***  7.32e+10  3.94e+15       ***
W2        7.37e+12       ***       ***  7.05e+15
P1        2.34e-10       ***       ***       ***
P2             ***  2.32e-10       ***       ***

Temperature = 1.7e+03 K    Pressure = 0.1 atm

From\To         W1        W2        P1        P2
W1             ***       ***       ***       ***
W2             ***       ***       ***       ***
P1             ***       ***  4.27e-15  4.27e-15
P2             ***       ***  2.38e-13  2.38e-13

Temperature = 1.7e+03 K    Pressure = 1 atm

From\To         W1        W2        P1        P2
W1             ***       ***       ***       ***
W2             ***       ***       ***       ***
P1             ***       ***  4.27e-15  4.27e-15
P2             ***       ***  2.38e-13  2.38e-13

Temperature = 1.7e+03 K    Pressure = 10 atm

From\To         W1        W2        P1        P2
W1             ***       ***       ***       ***
W2             ***       ***       ***       ***
P1             ***       ***  4.27e-15  4.27e-15
P2             ***       ***  2.38e-13  2.38e-13

Temperature = 1.7e+03 K    Pressure = 100 atm

From\To         W1        W2        P1        P2
W1             ***       ***       ***       ***
W2             ***       ***       ***       ***
P1             ***       ***  4.27e-15  4.27e-15
P2             ***       ***  2.38e-13  2.38e-13

Temperature = 1.8e+03 K

High Pressure Rate Coefficients:

From\To         W1        W2        P1        P2
W1             ***  9.89e+10  3.62e+15       ***
W2        8.48e+12       ***       ***  6.47e+15
P1        2.36e-10       ***       ***       ***
P2             ***  2.34e-10       ***       ***

Temperature = 1.8e+03 K    Pressure = 0.1 atm

From\To         W1        W2        P1        P2
W1             ***       ***       ***       ***
W2             ***       ***       ***       ***
P1             ***       ***  6.31e-15  6.31e-15
P2             ***       ***     3e-13     3e-13

Temperature = 1.8e+03 K    Pressure = 1 atm

From\To         W1        W2        P1        P2
W1             ***       ***       ***       ***
W2             ***       ***       ***       ***
P1             ***       ***  6.31e-15  6.31e-15
P2             ***       ***     3e-13     3e-13

Temperature = 1.8e+03 K    Pressure = 10 atm

From\To         W1        W2        P1        P2
W1             ***       ***       ***       ***
W2             ***       ***       ***       ***
P1             ***       ***  6.31e-15  6.31e-15
P2             ***       ***     3e-13     3e-13

Temperature = 1.8e+03 K    Pressure = 100 atm

From\To         W1        W2        P1        P2
W1             ***       ***       ***       ***
W2             ***       ***       ***       ***
P1             ***       ***  6.31e-15  6.31e-15
P2             ***       ***     3e-13     3e-13

Temperature = 1.9e+03 K

High Pressure Rate Coefficients:

From\To         W1        W2        P1        P2
W1             ***  1.29e+11  3.32e+15       ***
W2        9.62e+12       ***       ***  5.95e+15
P1        2.38e-10       ***       ***       ***
P2             ***  2.36e-10       ***       ***

Temperature = 1.9e+03 K    Pressure = 0.1 atm

From\To         W1        W2        P1        P2
W1             ***       ***       ***       ***
W2             ***       ***       ***       ***
P1             ***       ***  9.06e-15  9.06e-15
P2             ***       ***  3.73e-13  3.73e-13

Temperature = 1.9e+03 K    Pressure = 1 atm

From\To         W1        W2        P1        P2
W1             ***       ***       ***       ***
W2             ***       ***       ***       ***
P1             ***       ***  9.06e-15  9.06e-15
P2             ***       ***  3.73e-13  3.73e-13

Temperature = 1.9e+03 K    Pressure = 10 atm

From\To         W1        W2        P1        P2
W1             ***       ***       ***       ***
W2             ***       ***       ***       ***
P1             ***       ***  9.06e-15  9.06e-15
P2             ***       ***  3.73e-13  3.73e-13

Temperature = 1.9e+03 K    Pressure = 100 atm

From\To         W1        W2        P1        P2
W1             ***       ***       ***       ***
W2             ***       ***       ***       ***
P1             ***       ***  9.06e-15  9.06e-15
P2             ***       ***  3.73e-13  3.73e-13

Temperature = 2e+03 K

High Pressure Rate Coefficients:

From\To         W1        W2        P1        P2
W1             ***  1.65e+11  3.06e+15       ***
W2        1.08e+13       ***       ***  5.47e+15
P1         2.4e-10       ***       ***       ***
P2             ***  2.38e-10       ***       ***

Temperature = 2e+03 K    Pressure = 0.1 atm

From\To         W1        W2        P1        P2
W1             ***       ***       ***       ***
W2             ***       ***       ***       ***
P1             ***       ***  1.26e-14  1.26e-14
P2             ***       ***  4.57e-13  4.57e-13

Temperature = 2e+03 K    Pressure = 1 atm

From\To         W1        W2        P1        P2
W1             ***       ***       ***       ***
W2             ***       ***       ***       ***
P1             ***       ***  1.26e-14  1.26e-14
P2             ***       ***  4.57e-13  4.57e-13

Temperature = 2e+03 K    Pressure = 10 atm

From\To         W1        W2        P1        P2
W1             ***       ***       ***       ***
W2             ***       ***       ***       ***
P1             ***       ***  1.26e-14  1.26e-14
P2             ***       ***  4.57e-13  4.57e-13

Temperature = 2e+03 K    Pressure = 100 atm

From\To         W1        W2        P1        P2
W1             ***       ***       ***       ***
W2             ***       ***       ***       ***
P1             ***       ***  1.26e-14  1.26e-14
P2             ***       ***  4.57e-13  4.57e-13

______________________________________________________________________________________

High Pressure Rate Coefficients (Temperature-Species Rate Tables):

Reactant = W1
   T(K)        W1        W2        P1        P2
    500       ***   3.3e+05  4.78e+15       ***
    600       ***  5.01e+06  6.13e+15       ***
    700       ***  3.78e+07  6.86e+15       ***
    800       ***  1.79e+08  7.11e+15       ***
    900       ***  6.13e+08  7.03e+15       ***
  1e+03       ***  1.67e+09  6.76e+15       ***
1.1e+03       ***  3.81e+09  6.38e+15       ***
1.2e+03       ***  7.61e+09  5.95e+15       ***
1.3e+03       ***  1.37e+10  5.51e+15       ***
1.4e+03       ***  2.28e+10  5.08e+15       ***
1.5e+03       ***  3.54e+10  4.67e+15       ***
1.6e+03       ***  5.21e+10  4.29e+15       ***
1.7e+03       ***  7.32e+10  3.94e+15       ***
1.8e+03       ***  9.89e+10  3.62e+15       ***
1.9e+03       ***  1.29e+11  3.32e+15       ***
  2e+03       ***  1.65e+11  3.06e+15       ***

Reactant = W2
   T(K)        W1        W2        P1        P2
    500  3.57e+10       ***       ***  8.55e+15
    600  1.09e+11       ***       ***   1.1e+16
    700  2.56e+11       ***       ***  1.23e+16
    800  5.01e+11       ***       ***  1.27e+16
    900  8.57e+11       ***       ***  1.26e+16
  1e+03  1.33e+12       ***       ***  1.21e+16
1.1e+03  1.92e+12       ***       ***  1.14e+16
1.2e+03  2.62e+12       ***       ***  1.06e+16
1.3e+03  3.42e+12       ***       ***  9.86e+15
1.4e+03  4.31e+12       ***       ***  9.09e+15
1.5e+03  5.27e+12       ***       ***  8.36e+15
1.6e+03   6.3e+12       ***       ***  7.68e+15
1.7e+03  7.37e+12       ***       ***  7.05e+15
1.8e+03  8.48e+12       ***       ***  6.47e+15
1.9e+03  9.62e+12       ***       ***  5.95e+15
  2e+03  1.08e+13       ***       ***  5.47e+15

Reactant = P1
   T(K)        W1        W2        P1        P2
    500  1.91e-10       ***       ***       ***
    600  1.96e-10       ***       ***       ***
    700  2.02e-10       ***       ***       ***
    800  2.06e-10       ***       ***       ***
    900   2.1e-10       ***       ***       ***
  1e+03  2.14e-10       ***       ***       ***
1.1e+03  2.17e-10       ***       ***       ***
1.2e+03  2.21e-10       ***       ***       ***
1.3e+03  2.23e-10       ***       ***       ***
1.4e+03  2.26e-10       ***       ***       ***
1.5e+03  2.29e-10       ***       ***       ***
1.6e+03  2.31e-10       ***       ***       ***
1.7e+03  2.34e-10       ***       ***       ***
1.8e+03  2.36e-10       ***       ***       ***
1.9e+03  2.38e-10       ***       ***       ***
  2e+03   2.4e-10       ***       ***       ***

Reactant = P2
   T(K)        W1        W2        P1        P2
    500       ***  1.89e-10       ***       ***
    600       ***  1.95e-10       ***       ***
    700       ***     2e-10       ***       ***
    800       ***  2.05e-10       ***       ***
    900       ***  2.09e-10       ***       ***
  1e+03       ***  2.12e-10       ***       ***
1.1e+03       ***  2.16e-10       ***       ***
1.2e+03       ***  2.19e-10       ***       ***
1.3e+03       ***  2.22e-10       ***       ***
1.4e+03       ***  2.25e-10       ***       ***
1.5e+03       ***  2.27e-10       ***       ***
1.6e+03       ***   2.3e-10       ***       ***
1.7e+03       ***  2.32e-10       ***       ***
1.8e+03       ***  2.34e-10       ***       ***
1.9e+03       ***  2.36e-10       ***       ***
  2e+03       ***  2.38e-10       ***       ***

Capture/Escape Rate Coefficients:

   T(K)        W1        W2        P1        P2
    500  4.78e+15  8.55e+15  1.91e-10  1.89e-10
    600  6.13e+15   1.1e+16  1.96e-10  1.95e-10
    700  6.86e+15  1.23e+16  2.02e-10     2e-10
    800  7.11e+15  1.27e+16  2.06e-10  2.05e-10
    900  7.03e+15  1.26e+16   2.1e-10  2.09e-10
  1e+03  6.76e+15  1.21e+16  2.14e-10  2.12e-10
1.1e+03  6.38e+15  1.14e+16  2.17e-10  2.16e-10
1.2e+03  5.95e+15  1.06e+16  2.21e-10  2.19e-10
1.3e+03  5.51e+15  9.86e+15  2.23e-10  2.22e-10
1.4e+03  5.08e+15  9.09e+15  2.26e-10  2.25e-10
1.5e+03  4.67e+15  8.36e+15  2.29e-10  2.27e-10
1.6e+03  4.29e+15  7.68e+15  2.31e-10   2.3e-10
1.7e+03  3.94e+15  7.05e+15  2.34e-10  2.32e-10
1.8e+03  3.62e+15  6.48e+15  2.36e-10  2.34e-10
1.9e+03  3.32e+15  5.96e+15  2.38e-10  2.36e-10
  2e+03  3.06e+15  5.48e+15   2.4e-10  2.38e-10

______________________________________________________________________________________

Pressure-Species Rate Tables:

Reactant = W1   Temperature = 500 K

   P(atm)        W2        P1        P2      Loss
      0.1       ***  1.01e+11     -1.68  1.01e+11
        1       ***  7.34e+11     -1.07  7.34e+11
       10  -0.00643  4.59e+12    -0.185  4.59e+12
      100   0.00463  2.36e+13     0.396  2.36e+13
      O-O   3.3e+05  4.78e+15       ***  4.78e+15

Reactant = W1   Temperature = 600 K

   P(atm)        W2        P1        P2      Loss
      0.1       ***       ***       ***       ***
        1       ***       ***       ***       ***
       10       ***       ***       ***       ***
      100    0.0408  7.82e+13      1.03  7.82e+13
      O-O  5.01e+06  6.13e+15       ***  6.13e+15

Reactant = W1   Temperature = 700 K

   P(atm)        W2        P1        P2      Loss
      0.1       ***       ***       ***       ***
        1       ***       ***       ***       ***
       10       ***       ***       ***       ***
      100       ***   1.6e+14    -0.141   1.6e+14
      O-O  3.78e+07  6.86e+15       ***  6.86e+15

Reactant = W1   Temperature = 800 K

   P(atm)        W2        P1        P2      Loss
      0.1       ***       ***       ***       ***
        1       ***       ***       ***       ***
       10       ***       ***       ***       ***
      100       ***       ***       ***       ***
      O-O  1.79e+08  7.11e+15       ***  7.11e+15

Reactant = W1   Temperature = 900 K

   P(atm)        W2        P1        P2      Loss
      0.1       ***       ***       ***       ***
        1       ***       ***       ***       ***
       10       ***       ***       ***       ***
      100       ***       ***       ***       ***
      O-O  6.13e+08  7.03e+15       ***  7.03e+15

Reactant = W1   Temperature = 1e+03 K

   P(atm)        W2        P1        P2      Loss
      0.1       ***       ***       ***       ***
        1       ***       ***       ***       ***
       10       ***       ***       ***       ***
      100       ***       ***       ***       ***
      O-O  1.67e+09  6.76e+15       ***  6.76e+15

Reactant = W1   Temperature = 1.1e+03 K

   P(atm)        W2        P1        P2      Loss
      0.1       ***       ***       ***       ***
        1       ***       ***       ***       ***
       10       ***       ***       ***       ***
      100       ***       ***       ***       ***
      O-O  3.81e+09  6.38e+15       ***  6.38e+15

Reactant = W1   Temperature = 1.2e+03 K

   P(atm)        W2        P1        P2      Loss
      0.1       ***       ***       ***       ***
        1       ***       ***       ***       ***
       10       ***       ***       ***       ***
      100       ***       ***       ***       ***
      O-O  7.61e+09  5.95e+15       ***  5.95e+15

Reactant = W1   Temperature = 1.3e+03 K

   P(atm)        W2        P1        P2      Loss
      0.1       ***       ***       ***       ***
        1       ***       ***       ***       ***
       10       ***       ***       ***       ***
      100       ***       ***       ***       ***
      O-O  1.37e+10  5.51e+15       ***  5.51e+15

Reactant = W1   Temperature = 1.4e+03 K

   P(atm)        W2        P1        P2      Loss
      0.1       ***       ***       ***       ***
        1       ***       ***       ***       ***
       10       ***       ***       ***       ***
      100       ***       ***       ***       ***
      O-O  2.28e+10  5.08e+15       ***  5.08e+15

Reactant = W1   Temperature = 1.5e+03 K

   P(atm)        W2        P1        P2      Loss
      0.1       ***       ***       ***       ***
        1       ***       ***       ***       ***
       10       ***       ***       ***       ***
      100       ***       ***       ***       ***
      O-O  3.54e+10  4.67e+15       ***  4.67e+15

Reactant = W1   Temperature = 1.6e+03 K

   P(atm)        W2        P1        P2      Loss
      0.1       ***       ***       ***       ***
        1       ***       ***       ***       ***
       10       ***       ***       ***       ***
      100       ***       ***       ***       ***
      O-O  5.21e+10  4.29e+15       ***  4.29e+15

Reactant = W1   Temperature = 1.7e+03 K

   P(atm)        W2        P1        P2      Loss
      0.1       ***       ***       ***       ***
        1       ***       ***       ***       ***
       10       ***       ***       ***       ***
      100       ***       ***       ***       ***
      O-O  7.32e+10  3.94e+15       ***  3.94e+15

Reactant = W1   Temperature = 1.8e+03 K

   P(atm)        W2        P1        P2      Loss
      0.1       ***       ***       ***       ***
        1       ***       ***       ***       ***
       10       ***       ***       ***       ***
      100       ***       ***       ***       ***
      O-O  9.89e+10  3.62e+15       ***  3.62e+15

Reactant = W1   Temperature = 1.9e+03 K

   P(atm)        W2        P1        P2      Loss
      0.1       ***       ***       ***       ***
        1       ***       ***       ***       ***
       10       ***       ***       ***       ***
      100       ***       ***       ***       ***
      O-O  1.29e+11  3.32e+15       ***  3.32e+15

Reactant = W1   Temperature = 2e+03 K

   P(atm)        W2        P1        P2      Loss
      0.1       ***       ***       ***       ***
        1       ***       ***       ***       ***
       10       ***       ***       ***       ***
      100       ***       ***       ***       ***
      O-O  1.65e+11  3.06e+15       ***  3.06e+15

Reactant = W2   Temperature = 500 K

   P(atm)        W1        P1        P2      Loss
      0.1       ***       ***       ***       ***
        1       ***       ***       ***       ***
       10       -98  6.69e+06  9.37e+12  9.37e+12
      100     -27.7  1.98e+07  4.24e+13  4.24e+13
      O-O  3.57e+10       ***  8.55e+15  8.55e+15

Reactant = W2   Temperature = 600 K

   P(atm)        W1        P1        P2      Loss
      0.1       ***       ***       ***       ***
        1       ***       ***       ***       ***
       10       ***       ***       ***       ***
      100      -539  6.51e+07  1.36e+14  1.36e+14
      O-O  1.09e+11       ***   1.1e+16   1.1e+16

Reactant = W2   Temperature = 700 K

   P(atm)        W1        P1        P2      Loss
      0.1       ***       ***       ***       ***
        1       ***       ***       ***       ***
       10       ***       ***       ***       ***
      100       ***       ***       ***       ***
      O-O  2.56e+11       ***  1.23e+16  1.23e+16

Reactant = W2   Temperature = 800 K

   P(atm)        W1        P1        P2      Loss
      0.1       ***       ***       ***       ***
        1       ***       ***       ***       ***
       10       ***       ***       ***       ***
      100       ***       ***       ***       ***
      O-O  5.01e+11       ***  1.27e+16  1.27e+16

Reactant = W2   Temperature = 900 K

   P(atm)        W1        P1        P2      Loss
      0.1       ***       ***       ***       ***
        1       ***       ***       ***       ***
       10       ***       ***       ***       ***
      100       ***       ***       ***       ***
      O-O  8.57e+11       ***  1.26e+16  1.26e+16

Reactant = W2   Temperature = 1e+03 K

   P(atm)        W1        P1        P2      Loss
      0.1       ***       ***       ***       ***
        1       ***       ***       ***       ***
       10       ***       ***       ***       ***
      100       ***       ***       ***       ***
      O-O  1.33e+12       ***  1.21e+16  1.21e+16

Reactant = W2   Temperature = 1.1e+03 K

   P(atm)        W1        P1        P2      Loss
      0.1       ***       ***       ***       ***
        1       ***       ***       ***       ***
       10       ***       ***       ***       ***
      100       ***       ***       ***       ***
      O-O  1.92e+12       ***  1.14e+16  1.14e+16

Reactant = W2   Temperature = 1.2e+03 K

   P(atm)        W1        P1        P2      Loss
      0.1       ***       ***       ***       ***
        1       ***       ***       ***       ***
       10       ***       ***       ***       ***
      100       ***       ***       ***       ***
      O-O  2.62e+12       ***  1.06e+16  1.06e+16

Reactant = W2   Temperature = 1.3e+03 K

   P(atm)        W1        P1        P2      Loss
      0.1       ***       ***       ***       ***
        1       ***       ***       ***       ***
       10       ***       ***       ***       ***
      100       ***       ***       ***       ***
      O-O  3.42e+12       ***  9.86e+15  9.86e+15

Reactant = W2   Temperature = 1.4e+03 K

   P(atm)        W1        P1        P2      Loss
      0.1       ***       ***       ***       ***
        1       ***       ***       ***       ***
       10       ***       ***       ***       ***
      100       ***       ***       ***       ***
      O-O  4.31e+12       ***  9.09e+15  9.09e+15

Reactant = W2   Temperature = 1.5e+03 K

   P(atm)        W1        P1        P2      Loss
      0.1       ***       ***       ***       ***
        1       ***       ***       ***       ***
       10       ***       ***       ***       ***
      100       ***       ***       ***       ***
      O-O  5.27e+12       ***  8.36e+15  8.36e+15

Reactant = W2   Temperature = 1.6e+03 K

   P(atm)        W1        P1        P2      Loss
      0.1       ***       ***       ***       ***
        1       ***       ***       ***       ***
       10       ***       ***       ***       ***
      100       ***       ***       ***       ***
      O-O   6.3e+12       ***  7.68e+15  7.68e+15

Reactant = W2   Temperature = 1.7e+03 K

   P(atm)        W1        P1        P2      Loss
      0.1       ***       ***       ***       ***
        1       ***       ***       ***       ***
       10       ***       ***       ***       ***
      100       ***       ***       ***       ***
      O-O  7.37e+12       ***  7.05e+15  7.05e+15

Reactant = W2   Temperature = 1.8e+03 K

   P(atm)        W1        P1        P2      Loss
      0.1       ***       ***       ***       ***
        1       ***       ***       ***       ***
       10       ***       ***       ***       ***
      100       ***       ***       ***       ***
      O-O  8.48e+12       ***  6.47e+15  6.48e+15

Reactant = W2   Temperature = 1.9e+03 K

   P(atm)        W1        P1        P2      Loss
      0.1       ***       ***       ***       ***
        1       ***       ***       ***       ***
       10       ***       ***       ***       ***
      100       ***       ***       ***       ***
      O-O  9.62e+12       ***  5.95e+15  5.96e+15

Reactant = W2   Temperature = 2e+03 K

   P(atm)        W1        P1        P2      Loss
      0.1       ***       ***       ***       ***
        1       ***       ***       ***       ***
       10       ***       ***       ***       ***
      100       ***       ***       ***       ***
      O-O  1.08e+13       ***  5.47e+15  5.48e+15

Reactant = P1   Temperature = 500 K

   P(atm)        W1        W2        P2      Loss
      0.1  3.31e-15       ***  1.31e-20  3.31e-15
        1  2.54e-14       ***  1.31e-20  2.54e-14
       10  1.68e-13   2.1e-24  1.31e-20  1.68e-13
      100  9.04e-13  6.82e-24  1.31e-20  9.04e-13
      O-O  1.91e-10       ***       ***  1.91e-10

Reactant = P1   Temperature = 600 K

   P(atm)        W1        W2        P2      Loss
      0.1       ***       ***   1.6e-19   1.6e-19
        1       ***       ***   1.6e-19   1.6e-19
       10       ***       ***   1.6e-19   1.6e-19
      100  2.23e-12  8.02e-23   1.6e-19  2.23e-12
      O-O  1.96e-10       ***       ***  1.96e-10

Reactant = P1   Temperature = 700 K

   P(atm)        W1        W2        P2      Loss
      0.1       ***       ***  1.11e-18  1.11e-18
        1       ***       ***  1.11e-18  1.11e-18
       10       ***       ***  1.11e-18  1.11e-18
      100  3.82e-12       ***  1.11e-18  3.82e-12
      O-O  2.02e-10       ***       ***  2.02e-10

Reactant = P1   Temperature = 800 K

   P(atm)        W1        W2        P2      Loss
      0.1       ***       ***  5.17e-18  5.17e-18
        1       ***       ***  5.17e-18  5.17e-18
       10       ***       ***  5.17e-18  5.17e-18
      100       ***       ***  5.17e-18  5.17e-18
      O-O  2.06e-10       ***       ***  2.06e-10

Reactant = P1   Temperature = 900 K

   P(atm)        W1        W2        P2      Loss
      0.1       ***       ***  1.83e-17  1.83e-17
        1       ***       ***  1.83e-17  1.83e-17
       10       ***       ***  1.83e-17  1.83e-17
      100       ***       ***  1.83e-17  1.83e-17
      O-O   2.1e-10       ***       ***   2.1e-10

Reactant = P1   Temperature = 1e+03 K

   P(atm)        W1        W2        P2      Loss
      0.1       ***       ***  5.25e-17  5.25e-17
        1       ***       ***  5.25e-17  5.25e-17
       10       ***       ***  5.25e-17  5.25e-17
      100       ***       ***  5.25e-17  5.25e-17
      O-O  2.14e-10       ***       ***  2.14e-10

Reactant = P1   Temperature = 1.1e+03 K

   P(atm)        W1        W2        P2      Loss
      0.1       ***       ***  1.29e-16  1.29e-16
        1       ***       ***  1.29e-16  1.29e-16
       10       ***       ***  1.29e-16  1.29e-16
      100       ***       ***  1.29e-16  1.29e-16
      O-O  2.17e-10       ***       ***  2.17e-10

Reactant = P1   Temperature = 1.2e+03 K

   P(atm)        W1        W2        P2      Loss
      0.1       ***       ***   2.8e-16   2.8e-16
        1       ***       ***   2.8e-16   2.8e-16
       10       ***       ***   2.8e-16   2.8e-16
      100       ***       ***   2.8e-16   2.8e-16
      O-O  2.21e-10       ***       ***  2.21e-10

Reactant = P1   Temperature = 1.3e+03 K

   P(atm)        W1        W2        P2      Loss
      0.1       ***       ***  5.52e-16  5.52e-16
        1       ***       ***  5.52e-16  5.52e-16
       10       ***       ***  5.52e-16  5.52e-16
      100       ***       ***  5.52e-16  5.52e-16
      O-O  2.23e-10       ***       ***  2.23e-10

Reactant = P1   Temperature = 1.4e+03 K

   P(atm)        W1        W2        P2      Loss
      0.1       ***       ***     1e-15     1e-15
        1       ***       ***     1e-15     1e-15
       10       ***       ***     1e-15     1e-15
      100       ***       ***     1e-15     1e-15
      O-O  2.26e-10       ***       ***  2.26e-10

Reactant = P1   Temperature = 1.5e+03 K

   P(atm)        W1        W2        P2      Loss
      0.1       ***       ***  1.71e-15  1.71e-15
        1       ***       ***  1.71e-15  1.71e-15
       10       ***       ***  1.71e-15  1.71e-15
      100       ***       ***  1.71e-15  1.71e-15
      O-O  2.29e-10       ***       ***  2.29e-10

Reactant = P1   Temperature = 1.6e+03 K

   P(atm)        W1        W2        P2      Loss
      0.1       ***       ***  2.76e-15  2.76e-15
        1       ***       ***  2.76e-15  2.76e-15
       10       ***       ***  2.76e-15  2.76e-15
      100       ***       ***  2.76e-15  2.76e-15
      O-O  2.31e-10       ***       ***  2.31e-10

Reactant = P1   Temperature = 1.7e+03 K

   P(atm)        W1        W2        P2      Loss
      0.1       ***       ***  4.27e-15  4.27e-15
        1       ***       ***  4.27e-15  4.27e-15
       10       ***       ***  4.27e-15  4.27e-15
      100       ***       ***  4.27e-15  4.27e-15
      O-O  2.34e-10       ***       ***  2.34e-10

Reactant = P1   Temperature = 1.8e+03 K

   P(atm)        W1        W2        P2      Loss
      0.1       ***       ***  6.31e-15  6.31e-15
        1       ***       ***  6.31e-15  6.31e-15
       10       ***       ***  6.31e-15  6.31e-15
      100       ***       ***  6.31e-15  6.31e-15
      O-O  2.36e-10       ***       ***  2.36e-10

Reactant = P1   Temperature = 1.9e+03 K

   P(atm)        W1        W2        P2      Loss
      0.1       ***       ***  9.06e-15  9.06e-15
        1       ***       ***  9.06e-15  9.06e-15
       10       ***       ***  9.06e-15  9.06e-15
      100       ***       ***  9.06e-15  9.06e-15
      O-O  2.38e-10       ***       ***  2.38e-10

Reactant = P1   Temperature = 2e+03 K

   P(atm)        W1        W2        P2      Loss
      0.1       ***       ***  1.26e-14  1.26e-14
        1       ***       ***  1.26e-14  1.26e-14
       10       ***       ***  1.26e-14  1.26e-14
      100       ***       ***  1.26e-14  1.26e-14
      O-O   2.4e-10       ***       ***   2.4e-10

Reactant = P2   Temperature = 500 K

   P(atm)        W1        W2        P1      Loss
      0.1 -3.29e-21       ***  7.87e-16  7.87e-16
        1 -2.24e-21       ***  7.87e-16  7.87e-16
       10  -4.3e-22  1.77e-13  7.87e-16  1.78e-13
      100  9.36e-22  8.76e-13  7.86e-16  8.77e-13
      O-O       ***  1.89e-10       ***  1.89e-10

Reactant = P2   Temperature = 600 K

   P(atm)        W1        W2        P1      Loss
      0.1       ***       ***  1.93e-15  1.93e-15
        1       ***       ***  1.93e-15  1.93e-15
       10       ***       ***  1.93e-15  1.93e-15
      100  4.04e-22  2.02e-12  1.93e-15  2.02e-12
      O-O       ***  1.95e-10       ***  1.95e-10

Reactant = P2   Temperature = 700 K

   P(atm)        W1        W2        P1      Loss
      0.1       ***       ***  4.16e-15  4.16e-15
        1       ***       ***  4.16e-15  4.16e-15
       10       ***       ***  4.16e-15  4.16e-15
      100 -1.27e-23       ***  4.16e-15  4.16e-15
      O-O       ***     2e-10       ***     2e-10

Reactant = P2   Temperature = 800 K

   P(atm)        W1        W2        P1      Loss
      0.1       ***       ***  8.02e-15  8.02e-15
        1       ***       ***  8.02e-15  8.02e-15
       10       ***       ***  8.02e-15  8.02e-15
      100       ***       ***  8.02e-15  8.02e-15
      O-O       ***  2.05e-10       ***  2.05e-10

Reactant = P2   Temperature = 900 K

   P(atm)        W1        W2        P1      Loss
      0.1       ***       ***  1.41e-14  1.41e-14
        1       ***       ***  1.41e-14  1.41e-14
       10       ***       ***  1.41e-14  1.41e-14
      100       ***       ***  1.41e-14  1.41e-14
      O-O       ***  2.09e-10       ***  2.09e-10

Reactant = P2   Temperature = 1e+03 K

   P(atm)        W1        W2        P1      Loss
      0.1       ***       ***  2.32e-14  2.32e-14
        1       ***       ***  2.32e-14  2.32e-14
       10       ***       ***  2.32e-14  2.32e-14
      100       ***       ***  2.32e-14  2.32e-14
      O-O       ***  2.12e-10       ***  2.12e-10

Reactant = P2   Temperature = 1.1e+03 K

   P(atm)        W1        W2        P1      Loss
      0.1       ***       ***  3.61e-14  3.61e-14
        1       ***       ***  3.61e-14  3.61e-14
       10       ***       ***  3.61e-14  3.61e-14
      100       ***       ***  3.61e-14  3.61e-14
      O-O       ***  2.16e-10       ***  2.16e-10

Reactant = P2   Temperature = 1.2e+03 K

   P(atm)        W1        W2        P1      Loss
      0.1       ***       ***  5.35e-14  5.35e-14
        1       ***       ***  5.35e-14  5.35e-14
       10       ***       ***  5.35e-14  5.35e-14
      100       ***       ***  5.35e-14  5.35e-14
      O-O       ***  2.19e-10       ***  2.19e-10

Reactant = P2   Temperature = 1.3e+03 K

   P(atm)        W1        W2        P1      Loss
      0.1       ***       ***  7.63e-14  7.63e-14
        1       ***       ***  7.63e-14  7.63e-14
       10       ***       ***  7.63e-14  7.63e-14
      100       ***       ***  7.63e-14  7.63e-14
      O-O       ***  2.22e-10       ***  2.22e-10

Reactant = P2   Temperature = 1.4e+03 K

   P(atm)        W1        W2        P1      Loss
      0.1       ***       ***  1.05e-13  1.05e-13
        1       ***       ***  1.05e-13  1.05e-13
       10       ***       ***  1.05e-13  1.05e-13
      100       ***       ***  1.05e-13  1.05e-13
      O-O       ***  2.25e-10       ***  2.25e-10

Reactant = P2   Temperature = 1.5e+03 K

   P(atm)        W1        W2        P1      Loss
      0.1       ***       ***  1.41e-13  1.41e-13
        1       ***       ***  1.41e-13  1.41e-13
       10       ***       ***  1.41e-13  1.41e-13
      100       ***       ***  1.41e-13  1.41e-13
      O-O       ***  2.27e-10       ***  2.27e-10

Reactant = P2   Temperature = 1.6e+03 K

   P(atm)        W1        W2        P1      Loss
      0.1       ***       ***  1.85e-13  1.85e-13
        1       ***       ***  1.85e-13  1.85e-13
       10       ***       ***  1.85e-13  1.85e-13
      100       ***       ***  1.85e-13  1.85e-13
      O-O       ***   2.3e-10       ***   2.3e-10

Reactant = P2   Temperature = 1.7e+03 K

   P(atm)        W1        W2        P1      Loss
      0.1       ***       ***  2.38e-13  2.38e-13
        1       ***       ***  2.38e-13  2.38e-13
       10       ***       ***  2.38e-13  2.38e-13
      100       ***       ***  2.38e-13  2.38e-13
      O-O       ***  2.32e-10       ***  2.32e-10

Reactant = P2   Temperature = 1.8e+03 K

   P(atm)        W1        W2        P1      Loss
      0.1       ***       ***     3e-13     3e-13
        1       ***       ***     3e-13     3e-13
       10       ***       ***     3e-13     3e-13
      100       ***       ***     3e-13     3e-13
      O-O       ***  2.34e-10       ***  2.34e-10

Reactant = P2   Temperature = 1.9e+03 K

   P(atm)        W1        W2        P1      Loss
      0.1       ***       ***  3.73e-13  3.73e-13
        1       ***       ***  3.73e-13  3.73e-13
       10       ***       ***  3.73e-13  3.73e-13
      100       ***       ***  3.73e-13  3.73e-13
      O-O       ***  2.36e-10       ***  2.36e-10

Reactant = P2   Temperature = 2e+03 K

   P(atm)        W1        W2        P1      Loss
      0.1       ***       ***  4.57e-13  4.57e-13
        1       ***       ***  4.57e-13  4.57e-13
       10       ***       ***  4.57e-13  4.57e-13
      100       ***       ***  4.57e-13  4.57e-13
      O-O       ***  2.38e-10       ***  2.38e-10

______________________________________________________________________________________

Temperature-Species Rate Tables:

Reactant = W1   Pressure = 0.1 atm

   T(K)        W2        P1        P2      Loss   Capture
    500       ***  1.01e+11     -1.68  1.01e+11  4.78e+15
    600       ***       ***       ***       ***  6.13e+15
    700       ***       ***       ***       ***  6.86e+15
    800       ***       ***       ***       ***  7.11e+15
    900       ***       ***       ***       ***  7.03e+15
  1e+03       ***       ***       ***       ***  6.76e+15
1.1e+03       ***       ***       ***       ***  6.38e+15
1.2e+03       ***       ***       ***       ***  5.95e+15
1.3e+03       ***       ***       ***       ***  5.51e+15
1.4e+03       ***       ***       ***       ***  5.08e+15
1.5e+03       ***       ***       ***       ***  4.67e+15
1.6e+03       ***       ***       ***       ***  4.29e+15
1.7e+03       ***       ***       ***       ***  3.94e+15
1.8e+03       ***       ***       ***       ***  3.62e+15
1.9e+03       ***       ***       ***       ***  3.32e+15
  2e+03       ***       ***       ***       ***  3.06e+15

Reactant = W1   Pressure = 1 atm

   T(K)        W2        P1        P2      Loss   Capture
    500       ***  7.34e+11     -1.07  7.34e+11  4.78e+15
    600       ***       ***       ***       ***  6.13e+15
    700       ***       ***       ***       ***  6.86e+15
    800       ***       ***       ***       ***  7.11e+15
    900       ***       ***       ***       ***  7.03e+15
  1e+03       ***       ***       ***       ***  6.76e+15
1.1e+03       ***       ***       ***       ***  6.38e+15
1.2e+03       ***       ***       ***       ***  5.95e+15
1.3e+03       ***       ***       ***       ***  5.51e+15
1.4e+03       ***       ***       ***       ***  5.08e+15
1.5e+03       ***       ***       ***       ***  4.67e+15
1.6e+03       ***       ***       ***       ***  4.29e+15
1.7e+03       ***       ***       ***       ***  3.94e+15
1.8e+03       ***       ***       ***       ***  3.62e+15
1.9e+03       ***       ***       ***       ***  3.32e+15
  2e+03       ***       ***       ***       ***  3.06e+15

Reactant = W1   Pressure = 10 atm

   T(K)        W2        P1        P2      Loss   Capture
    500  -0.00643  4.59e+12    -0.185  4.59e+12  4.78e+15
    600       ***       ***       ***       ***  6.13e+15
    700       ***       ***       ***       ***  6.86e+15
    800       ***       ***       ***       ***  7.11e+15
    900       ***       ***       ***       ***  7.03e+15
  1e+03       ***       ***       ***       ***  6.76e+15
1.1e+03       ***       ***       ***       ***  6.38e+15
1.2e+03       ***       ***       ***       ***  5.95e+15
1.3e+03       ***       ***       ***       ***  5.51e+15
1.4e+03       ***       ***       ***       ***  5.08e+15
1.5e+03       ***       ***       ***       ***  4.67e+15
1.6e+03       ***       ***       ***       ***  4.29e+15
1.7e+03       ***       ***       ***       ***  3.94e+15
1.8e+03       ***       ***       ***       ***  3.62e+15
1.9e+03       ***       ***       ***       ***  3.32e+15
  2e+03       ***       ***       ***       ***  3.06e+15

Reactant = W1   Pressure = 100 atm

   T(K)        W2        P1        P2      Loss   Capture
    500   0.00463  2.36e+13     0.396  2.36e+13  4.78e+15
    600    0.0408  7.82e+13      1.03  7.82e+13  6.13e+15
    700       ***   1.6e+14    -0.141   1.6e+14  6.86e+15
    800       ***       ***       ***       ***  7.11e+15
    900       ***       ***       ***       ***  7.03e+15
  1e+03       ***       ***       ***       ***  6.76e+15
1.1e+03       ***       ***       ***       ***  6.38e+15
1.2e+03       ***       ***       ***       ***  5.95e+15
1.3e+03       ***       ***       ***       ***  5.51e+15
1.4e+03       ***       ***       ***       ***  5.08e+15
1.5e+03       ***       ***       ***       ***  4.67e+15
1.6e+03       ***       ***       ***       ***  4.29e+15
1.7e+03       ***       ***       ***       ***  3.94e+15
1.8e+03       ***       ***       ***       ***  3.62e+15
1.9e+03       ***       ***       ***       ***  3.32e+15
  2e+03       ***       ***       ***       ***  3.06e+15

Reactant = W2   Pressure = 0.1 atm

   T(K)        W1        P1        P2      Loss   Capture
    500       ***       ***       ***       ***  8.55e+15
    600       ***       ***       ***       ***   1.1e+16
    700       ***       ***       ***       ***  1.23e+16
    800       ***       ***       ***       ***  1.27e+16
    900       ***       ***       ***       ***  1.26e+16
  1e+03       ***       ***       ***       ***  1.21e+16
1.1e+03       ***       ***       ***       ***  1.14e+16
1.2e+03       ***       ***       ***       ***  1.06e+16
1.3e+03       ***       ***       ***       ***  9.86e+15
1.4e+03       ***       ***       ***       ***  9.09e+15
1.5e+03       ***       ***       ***       ***  8.36e+15
1.6e+03       ***       ***       ***       ***  7.68e+15
1.7e+03       ***       ***       ***       ***  7.05e+15
1.8e+03       ***       ***       ***       ***  6.48e+15
1.9e+03       ***       ***       ***       ***  5.96e+15
  2e+03       ***       ***       ***       ***  5.48e+15

Reactant = W2   Pressure = 1 atm

   T(K)        W1        P1        P2      Loss   Capture
    500       ***       ***       ***       ***  8.55e+15
    600       ***       ***       ***       ***   1.1e+16
    700       ***       ***       ***       ***  1.23e+16
    800       ***       ***       ***       ***  1.27e+16
    900       ***       ***       ***       ***  1.26e+16
  1e+03       ***       ***       ***       ***  1.21e+16
1.1e+03       ***       ***       ***       ***  1.14e+16
1.2e+03       ***       ***       ***       ***  1.06e+16
1.3e+03       ***       ***       ***       ***  9.86e+15
1.4e+03       ***       ***       ***       ***  9.09e+15
1.5e+03       ***       ***       ***       ***  8.36e+15
1.6e+03       ***       ***       ***       ***  7.68e+15
1.7e+03       ***       ***       ***       ***  7.05e+15
1.8e+03       ***       ***       ***       ***  6.48e+15
1.9e+03       ***       ***       ***       ***  5.96e+15
  2e+03       ***       ***       ***       ***  5.48e+15

Reactant = W2   Pressure = 10 atm

   T(K)        W1        P1        P2      Loss   Capture
    500       -98  6.69e+06  9.37e+12  9.37e+12  8.55e+15
    600       ***       ***       ***       ***   1.1e+16
    700       ***       ***       ***       ***  1.23e+16
    800       ***       ***       ***       ***  1.27e+16
    900       ***       ***       ***       ***  1.26e+16
  1e+03       ***       ***       ***       ***  1.21e+16
1.1e+03       ***       ***       ***       ***  1.14e+16
1.2e+03       ***       ***       ***       ***  1.06e+16
1.3e+03       ***       ***       ***       ***  9.86e+15
1.4e+03       ***       ***       ***       ***  9.09e+15
1.5e+03       ***       ***       ***       ***  8.36e+15
1.6e+03       ***       ***       ***       ***  7.68e+15
1.7e+03       ***       ***       ***       ***  7.05e+15
1.8e+03       ***       ***       ***       ***  6.48e+15
1.9e+03       ***       ***       ***       ***  5.96e+15
  2e+03       ***       ***       ***       ***  5.48e+15

Reactant = W2   Pressure = 100 atm

   T(K)        W1        P1        P2      Loss   Capture
    500     -27.7  1.98e+07  4.24e+13  4.24e+13  8.55e+15
    600      -539  6.51e+07  1.36e+14  1.36e+14   1.1e+16
    700       ***       ***       ***       ***  1.23e+16
    800       ***       ***       ***       ***  1.27e+16
    900       ***       ***       ***       ***  1.26e+16
  1e+03       ***       ***       ***       ***  1.21e+16
1.1e+03       ***       ***       ***       ***  1.14e+16
1.2e+03       ***       ***       ***       ***  1.06e+16
1.3e+03       ***       ***       ***       ***  9.86e+15
1.4e+03       ***       ***       ***       ***  9.09e+15
1.5e+03       ***       ***       ***       ***  8.36e+15
1.6e+03       ***       ***       ***       ***  7.68e+15
1.7e+03       ***       ***       ***       ***  7.05e+15
1.8e+03       ***       ***       ***       ***  6.48e+15
1.9e+03       ***       ***       ***       ***  5.96e+15
  2e+03       ***       ***       ***       ***  5.48e+15

Reactant = P1   Pressure = 0.1 atm

   T(K)        W1        W2        P2      Loss   Capture
    500  3.31e-15       ***  1.31e-20  3.31e-15  1.91e-10
    600       ***       ***   1.6e-19   1.6e-19  1.96e-10
    700       ***       ***  1.11e-18  1.11e-18  2.02e-10
    800       ***       ***  5.17e-18  5.17e-18  2.06e-10
    900       ***       ***  1.83e-17  1.83e-17   2.1e-10
  1e+03       ***       ***  5.25e-17  5.25e-17  2.14e-10
1.1e+03       ***       ***  1.29e-16  1.29e-16  2.17e-10
1.2e+03       ***       ***   2.8e-16   2.8e-16  2.21e-10
1.3e+03       ***       ***  5.52e-16  5.52e-16  2.23e-10
1.4e+03       ***       ***     1e-15     1e-15  2.26e-10
1.5e+03       ***       ***  1.71e-15  1.71e-15  2.29e-10
1.6e+03       ***       ***  2.76e-15  2.76e-15  2.31e-10
1.7e+03       ***       ***  4.27e-15  4.27e-15  2.34e-10
1.8e+03       ***       ***  6.31e-15  6.31e-15  2.36e-10
1.9e+03       ***       ***  9.06e-15  9.06e-15  2.38e-10
  2e+03       ***       ***  1.26e-14  1.26e-14   2.4e-10

Reactant = P1   Pressure = 1 atm

   T(K)        W1        W2        P2      Loss   Capture
    500  2.54e-14       ***  1.31e-20  2.54e-14  1.91e-10
    600       ***       ***   1.6e-19   1.6e-19  1.96e-10
    700       ***       ***  1.11e-18  1.11e-18  2.02e-10
    800       ***       ***  5.17e-18  5.17e-18  2.06e-10
    900       ***       ***  1.83e-17  1.83e-17   2.1e-10
  1e+03       ***       ***  5.25e-17  5.25e-17  2.14e-10
1.1e+03       ***       ***  1.29e-16  1.29e-16  2.17e-10
1.2e+03       ***       ***   2.8e-16   2.8e-16  2.21e-10
1.3e+03       ***       ***  5.52e-16  5.52e-16  2.23e-10
1.4e+03       ***       ***     1e-15     1e-15  2.26e-10
1.5e+03       ***       ***  1.71e-15  1.71e-15  2.29e-10
1.6e+03       ***       ***  2.76e-15  2.76e-15  2.31e-10
1.7e+03       ***       ***  4.27e-15  4.27e-15  2.34e-10
1.8e+03       ***       ***  6.31e-15  6.31e-15  2.36e-10
1.9e+03       ***       ***  9.06e-15  9.06e-15  2.38e-10
  2e+03       ***       ***  1.26e-14  1.26e-14   2.4e-10

Reactant = P1   Pressure = 10 atm

   T(K)        W1        W2        P2      Loss   Capture
    500  1.68e-13   2.1e-24  1.31e-20  1.68e-13  1.91e-10
    600       ***       ***   1.6e-19   1.6e-19  1.96e-10
    700       ***       ***  1.11e-18  1.11e-18  2.02e-10
    800       ***       ***  5.17e-18  5.17e-18  2.06e-10
    900       ***       ***  1.83e-17  1.83e-17   2.1e-10
  1e+03       ***       ***  5.25e-17  5.25e-17  2.14e-10
1.1e+03       ***       ***  1.29e-16  1.29e-16  2.17e-10
1.2e+03       ***       ***   2.8e-16   2.8e-16  2.21e-10
1.3e+03       ***       ***  5.52e-16  5.52e-16  2.23e-10
1.4e+03       ***       ***     1e-15     1e-15  2.26e-10
1.5e+03       ***       ***  1.71e-15  1.71e-15  2.29e-10
1.6e+03       ***       ***  2.76e-15  2.76e-15  2.31e-10
1.7e+03       ***       ***  4.27e-15  4.27e-15  2.34e-10
1.8e+03       ***       ***  6.31e-15  6.31e-15  2.36e-10
1.9e+03       ***       ***  9.06e-15  9.06e-15  2.38e-10
  2e+03       ***       ***  1.26e-14  1.26e-14   2.4e-10

Reactant = P1   Pressure = 100 atm

   T(K)        W1        W2        P2      Loss   Capture
    500  9.04e-13  6.82e-24  1.31e-20  9.04e-13  1.91e-10
    600  2.23e-12  8.02e-23   1.6e-19  2.23e-12  1.96e-10
    700  3.82e-12       ***  1.11e-18  3.82e-12  2.02e-10
    800       ***       ***  5.17e-18  5.17e-18  2.06e-10
    900       ***       ***  1.83e-17  1.83e-17   2.1e-10
  1e+03       ***       ***  5.25e-17  5.25e-17  2.14e-10
1.1e+03       ***       ***  1.29e-16  1.29e-16  2.17e-10
1.2e+03       ***       ***   2.8e-16   2.8e-16  2.21e-10
1.3e+03       ***       ***  5.52e-16  5.52e-16  2.23e-10
1.4e+03       ***       ***     1e-15     1e-15  2.26e-10
1.5e+03       ***       ***  1.71e-15  1.71e-15  2.29e-10
1.6e+03       ***       ***  2.76e-15  2.76e-15  2.31e-10
1.7e+03       ***       ***  4.27e-15  4.27e-15  2.34e-10
1.8e+03       ***       ***  6.31e-15  6.31e-15  2.36e-10
1.9e+03       ***       ***  9.06e-15  9.06e-15  2.38e-10
  2e+03       ***       ***  1.26e-14  1.26e-14   2.4e-10

Reactant = P2   Pressure = 0.1 atm

   T(K)        W1        W2        P1      Loss   Capture
    500 -3.29e-21       ***  7.87e-16  7.87e-16  1.89e-10
    600       ***       ***  1.93e-15  1.93e-15  1.95e-10
    700       ***       ***  4.16e-15  4.16e-15     2e-10
    800       ***       ***  8.02e-15  8.02e-15  2.05e-10
    900       ***       ***  1.41e-14  1.41e-14  2.09e-10
  1e+03       ***       ***  2.32e-14  2.32e-14  2.12e-10
1.1e+03       ***       ***  3.61e-14  3.61e-14  2.16e-10
1.2e+03       ***       ***  5.35e-14  5.35e-14  2.19e-10
1.3e+03       ***       ***  7.63e-14  7.63e-14  2.22e-10
1.4e+03       ***       ***  1.05e-13  1.05e-13  2.25e-10
1.5e+03       ***       ***  1.41e-13  1.41e-13  2.27e-10
1.6e+03       ***       ***  1.85e-13  1.85e-13   2.3e-10
1.7e+03       ***       ***  2.38e-13  2.38e-13  2.32e-10
1.8e+03       ***       ***     3e-13     3e-13  2.34e-10
1.9e+03       ***       ***  3.73e-13  3.73e-13  2.36e-10
  2e+03       ***       ***  4.57e-13  4.57e-13  2.38e-10

Reactant = P2   Pressure = 1 atm

   T(K)        W1        W2        P1      Loss   Capture
    500 -2.24e-21       ***  7.87e-16  7.87e-16  1.89e-10
    600       ***       ***  1.93e-15  1.93e-15  1.95e-10
    700       ***       ***  4.16e-15  4.16e-15     2e-10
    800       ***       ***  8.02e-15  8.02e-15  2.05e-10
    900       ***       ***  1.41e-14  1.41e-14  2.09e-10
  1e+03       ***       ***  2.32e-14  2.32e-14  2.12e-10
1.1e+03       ***       ***  3.61e-14  3.61e-14  2.16e-10
1.2e+03       ***       ***  5.35e-14  5.35e-14  2.19e-10
1.3e+03       ***       ***  7.63e-14  7.63e-14  2.22e-10
1.4e+03       ***       ***  1.05e-13  1.05e-13  2.25e-10
1.5e+03       ***       ***  1.41e-13  1.41e-13  2.27e-10
1.6e+03       ***       ***  1.85e-13  1.85e-13   2.3e-10
1.7e+03       ***       ***  2.38e-13  2.38e-13  2.32e-10
1.8e+03       ***       ***     3e-13     3e-13  2.34e-10
1.9e+03       ***       ***  3.73e-13  3.73e-13  2.36e-10
  2e+03       ***       ***  4.57e-13  4.57e-13  2.38e-10

Reactant = P2   Pressure = 10 atm

   T(K)        W1        W2        P1      Loss   Capture
    500  -4.3e-22  1.77e-13  7.87e-16  1.78e-13  1.89e-10
    600       ***       ***  1.93e-15  1.93e-15  1.95e-10
    700       ***       ***  4.16e-15  4.16e-15     2e-10
    800       ***       ***  8.02e-15  8.02e-15  2.05e-10
    900       ***       ***  1.41e-14  1.41e-14  2.09e-10
  1e+03       ***       ***  2.32e-14  2.32e-14  2.12e-10
1.1e+03       ***       ***  3.61e-14  3.61e-14  2.16e-10
1.2e+03       ***       ***  5.35e-14  5.35e-14  2.19e-10
1.3e+03       ***       ***  7.63e-14  7.63e-14  2.22e-10
1.4e+03       ***       ***  1.05e-13  1.05e-13  2.25e-10
1.5e+03       ***       ***  1.41e-13  1.41e-13  2.27e-10
1.6e+03       ***       ***  1.85e-13  1.85e-13   2.3e-10
1.7e+03       ***       ***  2.38e-13  2.38e-13  2.32e-10
1.8e+03       ***       ***     3e-13     3e-13  2.34e-10
1.9e+03       ***       ***  3.73e-13  3.73e-13  2.36e-10
  2e+03       ***       ***  4.57e-13  4.57e-13  2.38e-10

Reactant = P2   Pressure = 100 atm

   T(K)        W1        W2        P1      Loss   Capture
    500  9.36e-22  8.76e-13  7.86e-16  8.77e-13  1.89e-10
    600  4.04e-22  2.02e-12  1.93e-15  2.02e-12  1.95e-10
    700 -1.27e-23       ***  4.16e-15  4.16e-15     2e-10
    800       ***       ***  8.02e-15  8.02e-15  2.05e-10
    900       ***       ***  1.41e-14  1.41e-14  2.09e-10
  1e+03       ***       ***  2.32e-14  2.32e-14  2.12e-10
1.1e+03       ***       ***  3.61e-14  3.61e-14  2.16e-10
1.2e+03       ***       ***  5.35e-14  5.35e-14  2.19e-10
1.3e+03       ***       ***  7.63e-14  7.63e-14  2.22e-10
1.4e+03       ***       ***  1.05e-13  1.05e-13  2.25e-10
1.5e+03       ***       ***  1.41e-13  1.41e-13  2.27e-10
1.6e+03       ***       ***  1.85e-13  1.85e-13   2.3e-10
1.7e+03       ***       ***  2.38e-13  2.38e-13  2.32e-10
1.8e+03       ***       ***     3e-13     3e-13  2.34e-10
1.9e+03       ***       ***  3.73e-13  3.73e-13  2.36e-10
  2e+03       ***       ***  4.57e-13  4.57e-13  2.38e-10

______________________________________________________________________________________

Temperature-Pressure Rate Tables:

W1->W2

P\T           500       600       700       800       900     1e+03   1.1e+03   1.2e+03   1.3e+03   1.4e+03   1.5e+03   1.6e+03   1.7e+03   1.8e+03   1.9e+03     2e+03
0.1           ***       ***       ***       ***       ***       ***       ***       ***       ***       ***       ***       ***       ***       ***       ***       ***
1             ***       ***       ***       ***       ***       ***       ***       ***       ***       ***       ***       ***       ***       ***       ***       ***
10       -0.00643       ***       ***       ***       ***       ***       ***       ***       ***       ***       ***       ***       ***       ***       ***       ***
100       0.00463    0.0408       ***       ***       ***       ***       ***       ***       ***       ***       ***       ***       ***       ***       ***       ***
O-O       3.3e+05  5.01e+06  3.78e+07  1.79e+08  6.13e+08  1.67e+09  3.81e+09  7.61e+09  1.37e+10  2.28e+10  3.54e+10  5.21e+10  7.32e+10  9.89e+10  1.29e+11  1.65e+11

W1->P1

P\T           500       600       700       800       900     1e+03   1.1e+03   1.2e+03   1.3e+03   1.4e+03   1.5e+03   1.6e+03   1.7e+03   1.8e+03   1.9e+03     2e+03
0.1      1.01e+11       ***       ***       ***       ***       ***       ***       ***       ***       ***       ***       ***       ***       ***       ***       ***
1        7.34e+11       ***       ***       ***       ***       ***       ***       ***       ***       ***       ***       ***       ***       ***       ***       ***
10       4.59e+12       ***       ***       ***       ***       ***       ***       ***       ***       ***       ***       ***       ***       ***       ***       ***
100      2.36e+13  7.82e+13   1.6e+14       ***       ***       ***       ***       ***       ***       ***       ***       ***       ***       ***       ***       ***
O-O      4.78e+15  6.13e+15  6.86e+15  7.11e+15  7.03e+15  6.76e+15  6.38e+15  5.95e+15  5.51e+15  5.08e+15  4.67e+15  4.29e+15  3.94e+15  3.62e+15  3.32e+15  3.06e+15

W1->P2

P\T           500       600       700       800       900     1e+03   1.1e+03   1.2e+03   1.3e+03   1.4e+03   1.5e+03   1.6e+03   1.7e+03   1.8e+03   1.9e+03     2e+03
0.1         -1.68       ***       ***       ***       ***       ***       ***       ***       ***       ***       ***       ***       ***       ***       ***       ***
1           -1.07       ***       ***       ***       ***       ***       ***       ***       ***       ***       ***       ***       ***       ***       ***       ***
10         -0.185       ***       ***       ***       ***       ***       ***       ***       ***       ***       ***       ***       ***       ***       ***       ***
100         0.396      1.03    -0.141       ***       ***       ***       ***       ***       ***       ***       ***       ***       ***       ***       ***       ***
O-O           ***       ***       ***       ***       ***       ***       ***       ***       ***       ***       ***       ***       ***       ***       ***       ***

W2->W1

P\T           500       600       700       800       900     1e+03   1.1e+03   1.2e+03   1.3e+03   1.4e+03   1.5e+03   1.6e+03   1.7e+03   1.8e+03   1.9e+03     2e+03
0.1           ***       ***       ***       ***       ***       ***       ***       ***       ***       ***       ***       ***       ***       ***       ***       ***
1             ***       ***       ***       ***       ***       ***       ***       ***       ***       ***       ***       ***       ***       ***       ***       ***
10            -98       ***       ***       ***       ***       ***       ***       ***       ***       ***       ***       ***       ***       ***       ***       ***
100         -27.7      -539       ***       ***       ***       ***       ***       ***       ***       ***       ***       ***       ***       ***       ***       ***
O-O      3.57e+10  1.09e+11  2.56e+11  5.01e+11  8.57e+11  1.33e+12  1.92e+12  2.62e+12  3.42e+12  4.31e+12  5.27e+12   6.3e+12  7.37e+12  8.48e+12  9.62e+12  1.08e+13

W2->P1

P\T           500       600       700       800       900     1e+03   1.1e+03   1.2e+03   1.3e+03   1.4e+03   1.5e+03   1.6e+03   1.7e+03   1.8e+03   1.9e+03     2e+03
0.1           ***       ***       ***       ***       ***       ***       ***       ***       ***       ***       ***       ***       ***       ***       ***       ***
1             ***       ***       ***       ***       ***       ***       ***       ***       ***       ***       ***       ***       ***       ***       ***       ***
10       6.69e+06       ***       ***       ***       ***       ***       ***       ***       ***       ***       ***       ***       ***       ***       ***       ***
100      1.98e+07  6.51e+07       ***       ***       ***       ***       ***       ***       ***       ***       ***       ***       ***       ***       ***       ***
O-O           ***       ***       ***       ***       ***       ***       ***       ***       ***       ***       ***       ***       ***       ***       ***       ***

W2->P2

P\T           500       600       700       800       900     1e+03   1.1e+03   1.2e+03   1.3e+03   1.4e+03   1.5e+03   1.6e+03   1.7e+03   1.8e+03   1.9e+03     2e+03
0.1           ***       ***       ***       ***       ***       ***       ***       ***       ***       ***       ***       ***       ***       ***       ***       ***
1             ***       ***       ***       ***       ***       ***       ***       ***       ***       ***       ***       ***       ***       ***       ***       ***
10       9.37e+12       ***       ***       ***       ***       ***       ***       ***       ***       ***       ***       ***       ***       ***       ***       ***
100      4.24e+13  1.36e+14       ***       ***       ***       ***       ***       ***       ***       ***       ***       ***       ***       ***       ***       ***
O-O      8.55e+15   1.1e+16  1.23e+16  1.27e+16  1.26e+16  1.21e+16  1.14e+16  1.06e+16  9.86e+15  9.09e+15  8.36e+15  7.68e+15  7.05e+15  6.47e+15  5.95e+15  5.47e+15

P1->W1

P\T           500       600       700       800       900     1e+03   1.1e+03   1.2e+03   1.3e+03   1.4e+03   1.5e+03   1.6e+03   1.7e+03   1.8e+03   1.9e+03     2e+03
0.1      3.31e-15       ***       ***       ***       ***       ***       ***       ***       ***       ***       ***       ***       ***       ***       ***       ***
1        2.54e-14       ***       ***       ***       ***       ***       ***       ***       ***       ***       ***       ***       ***       ***       ***       ***
10       1.68e-13       ***       ***       ***       ***       ***       ***       ***       ***       ***       ***       ***       ***       ***       ***       ***
100      9.04e-13  2.23e-12  3.82e-12       ***       ***       ***       ***       ***       ***       ***       ***       ***       ***       ***       ***       ***
O-O      1.91e-10  1.96e-10  2.02e-10  2.06e-10   2.1e-10  2.14e-10  2.17e-10  2.21e-10  2.23e-10  2.26e-10  2.29e-10  2.31e-10  2.34e-10  2.36e-10  2.38e-10   2.4e-10

P1->W2

P\T           500       600       700       800       900     1e+03   1.1e+03   1.2e+03   1.3e+03   1.4e+03   1.5e+03   1.6e+03   1.7e+03   1.8e+03   1.9e+03     2e+03
0.1           ***       ***       ***       ***       ***       ***       ***       ***       ***       ***       ***       ***       ***       ***       ***       ***
1             ***       ***       ***       ***       ***       ***       ***       ***       ***       ***       ***       ***       ***       ***       ***       ***
10        2.1e-24       ***       ***       ***       ***       ***       ***       ***       ***       ***       ***       ***       ***       ***       ***       ***
100      6.82e-24  8.02e-23       ***       ***       ***       ***       ***       ***       ***       ***       ***       ***       ***       ***       ***       ***
O-O           ***       ***       ***       ***       ***       ***       ***       ***       ***       ***       ***       ***       ***       ***       ***       ***

P1->P2

P\T           500       600       700       800       900     1e+03   1.1e+03   1.2e+03   1.3e+03   1.4e+03   1.5e+03   1.6e+03   1.7e+03   1.8e+03   1.9e+03     2e+03
0.1      1.31e-20   1.6e-19  1.11e-18  5.17e-18  1.83e-17  5.25e-17  1.29e-16   2.8e-16  5.52e-16     1e-15  1.71e-15  2.76e-15  4.27e-15  6.31e-15  9.06e-15  1.26e-14
1        1.31e-20   1.6e-19  1.11e-18  5.17e-18  1.83e-17  5.25e-17  1.29e-16   2.8e-16  5.52e-16     1e-15  1.71e-15  2.76e-15  4.27e-15  6.31e-15  9.06e-15  1.26e-14
10       1.31e-20   1.6e-19  1.11e-18  5.17e-18  1.83e-17  5.25e-17  1.29e-16   2.8e-16  5.52e-16     1e-15  1.71e-15  2.76e-15  4.27e-15  6.31e-15  9.06e-15  1.26e-14
100      1.31e-20   1.6e-19  1.11e-18  5.17e-18  1.83e-17  5.25e-17  1.29e-16   2.8e-16  5.52e-16     1e-15  1.71e-15  2.76e-15  4.27e-15  6.31e-15  9.06e-15  1.26e-14
O-O           ***       ***       ***       ***       ***       ***       ***       ***       ***       ***       ***       ***       ***       ***       ***       ***

P2->W1

P\T           500       600       700       800       900     1e+03   1.1e+03   1.2e+03   1.3e+03   1.4e+03   1.5e+03   1.6e+03   1.7e+03   1.8e+03   1.9e+03     2e+03
0.1     -3.29e-21       ***       ***       ***       ***       ***       ***       ***       ***       ***       ***       ***       ***       ***       ***       ***
1       -2.24e-21       ***       ***       ***       ***       ***       ***       ***       ***       ***       ***       ***       ***       ***       ***       ***
10       -4.3e-22       ***       ***       ***       ***       ***       ***       ***       ***       ***       ***       ***       ***       ***       ***       ***
100      9.36e-22  4.04e-22 -1.27e-23       ***       ***       ***       ***       ***       ***       ***       ***       ***       ***       ***       ***       ***
O-O           ***       ***       ***       ***       ***       ***       ***       ***       ***       ***       ***       ***       ***       ***       ***       ***

P2->W2

P\T           500       600       700       800       900     1e+03   1.1e+03   1.2e+03   1.3e+03   1.4e+03   1.5e+03   1.6e+03   1.7e+03   1.8e+03   1.9e+03     2e+03
0.1           ***       ***       ***       ***       ***       ***       ***       ***       ***       ***       ***       ***       ***       ***       ***       ***
1             ***       ***       ***       ***       ***       ***       ***       ***       ***       ***       ***       ***       ***       ***       ***       ***
10       1.77e-13       ***       ***       ***       ***       ***       ***       ***       ***       ***       ***       ***       ***       ***       ***       ***
100      8.76e-13  2.02e-12       ***       ***       ***       ***       ***       ***       ***       ***       ***       ***       ***       ***       ***       ***
O-O      1.89e-10  1.95e-10     2e-10  2.05e-10  2.09e-10  2.12e-10  2.16e-10  2.19e-10  2.22e-10  2.25e-10  2.27e-10   2.3e-10  2.32e-10  2.34e-10  2.36e-10  2.38e-10

P2->P1

P\T           500       600       700       800       900     1e+03   1.1e+03   1.2e+03   1.3e+03   1.4e+03   1.5e+03   1.6e+03   1.7e+03   1.8e+03   1.9e+03     2e+03
0.1      7.87e-16  1.93e-15  4.16e-15  8.02e-15  1.41e-14  2.32e-14  3.61e-14  5.35e-14  7.63e-14  1.05e-13  1.41e-13  1.85e-13  2.38e-13     3e-13  3.73e-13  4.57e-13
1        7.87e-16  1.93e-15  4.16e-15  8.02e-15  1.41e-14  2.32e-14  3.61e-14  5.35e-14  7.63e-14  1.05e-13  1.41e-13  1.85e-13  2.38e-13     3e-13  3.73e-13  4.57e-13
10       7.87e-16  1.93e-15  4.16e-15  8.02e-15  1.41e-14  2.32e-14  3.61e-14  5.35e-14  7.63e-14  1.05e-13  1.41e-13  1.85e-13  2.38e-13     3e-13  3.73e-13  4.57e-13
100      7.86e-16  1.93e-15  4.16e-15  8.02e-15  1.41e-14  2.32e-14  3.61e-14  5.35e-14  7.63e-14  1.05e-13  1.41e-13  1.85e-13  2.38e-13     3e-13  3.73e-13  4.57e-13
O-O           ***       ***       ***       ***       ***       ***       ***       ***       ***       ***       ***       ***       ***       ***       ***       ***

W1-> 

P\T           500       600       700       800       900     1e+03   1.1e+03   1.2e+03   1.3e+03   1.4e+03   1.5e+03   1.6e+03   1.7e+03   1.8e+03   1.9e+03     2e+03
0.1      1.01e+11       ***       ***       ***       ***       ***       ***       ***       ***       ***       ***       ***       ***       ***       ***       ***
1        7.34e+11       ***       ***       ***       ***       ***       ***       ***       ***       ***       ***       ***       ***       ***       ***       ***
10       4.59e+12       ***       ***       ***       ***       ***       ***       ***       ***       ***       ***       ***       ***       ***       ***       ***
100      2.36e+13  7.82e+13   1.6e+14       ***       ***       ***       ***       ***       ***       ***       ***       ***       ***       ***       ***       ***
O-O      4.78e+15  6.13e+15  6.86e+15  7.11e+15  7.03e+15  6.76e+15  6.38e+15  5.95e+15  5.51e+15  5.08e+15  4.67e+15  4.29e+15  3.94e+15  3.62e+15  3.32e+15  3.06e+15

W2-> 

P\T           500       600       700       800       900     1e+03   1.1e+03   1.2e+03   1.3e+03   1.4e+03   1.5e+03   1.6e+03   1.7e+03   1.8e+03   1.9e+03     2e+03
0.1           ***       ***       ***       ***       ***       ***       ***       ***       ***       ***       ***       ***       ***       ***       ***       ***
1             ***       ***       ***       ***       ***       ***       ***       ***       ***       ***       ***       ***       ***       ***       ***       ***
10       9.37e+12       ***       ***       ***       ***       ***       ***       ***       ***       ***       ***       ***       ***       ***       ***       ***
100      4.24e+13  1.36e+14       ***       ***       ***       ***       ***       ***       ***       ***       ***       ***       ***       ***       ***       ***
O-O      8.55e+15   1.1e+16  1.23e+16  1.27e+16  1.26e+16  1.21e+16  1.14e+16  1.06e+16  9.86e+15  9.09e+15  8.36e+15  7.68e+15  7.05e+15  6.48e+15  5.96e+15  5.48e+15

P1-> 

P\T           500       600       700       800       900     1e+03   1.1e+03   1.2e+03   1.3e+03   1.4e+03   1.5e+03   1.6e+03   1.7e+03   1.8e+03   1.9e+03     2e+03
0.1      3.31e-15   1.6e-19  1.11e-18  5.17e-18  1.83e-17  5.25e-17  1.29e-16   2.8e-16  5.52e-16     1e-15  1.71e-15  2.76e-15  4.27e-15  6.31e-15  9.06e-15  1.26e-14
1        2.54e-14   1.6e-19  1.11e-18  5.17e-18  1.83e-17  5.25e-17  1.29e-16   2.8e-16  5.52e-16     1e-15  1.71e-15  2.76e-15  4.27e-15  6.31e-15  9.06e-15  1.26e-14
10       1.68e-13   1.6e-19  1.11e-18  5.17e-18  1.83e-17  5.25e-17  1.29e-16   2.8e-16  5.52e-16     1e-15  1.71e-15  2.76e-15  4.27e-15  6.31e-15  9.06e-15  1.26e-14
100      9.04e-13  2.23e-12  3.82e-12  5.17e-18  1.83e-17  5.25e-17  1.29e-16   2.8e-16  5.52e-16     1e-15  1.71e-15  2.76e-15  4.27e-15  6.31e-15  9.06e-15  1.26e-14
O-O      1.91e-10  1.96e-10  2.02e-10  2.06e-10   2.1e-10  2.14e-10  2.17e-10  2.21e-10  2.23e-10  2.26e-10  2.29e-10  2.31e-10  2.34e-10  2.36e-10  2.38e-10   2.4e-10

P2-> 

P\T           500       600       700       800       900     1e+03   1.1e+03   1.2e+03   1.3e+03   1.4e+03   1.5e+03   1.6e+03   1.7e+03   1.8e+03   1.9e+03     2e+03
0.1      7.87e-16  1.93e-15  4.16e-15  8.02e-15  1.41e-14  2.32e-14  3.61e-14  5.35e-14  7.63e-14  1.05e-13  1.41e-13  1.85e-13  2.38e-13     3e-13  3.73e-13  4.57e-13
1        7.87e-16  1.93e-15  4.16e-15  8.02e-15  1.41e-14  2.32e-14  3.61e-14  5.35e-14  7.63e-14  1.05e-13  1.41e-13  1.85e-13  2.38e-13     3e-13  3.73e-13  4.57e-13
10       1.78e-13  1.93e-15  4.16e-15  8.02e-15  1.41e-14  2.32e-14  3.61e-14  5.35e-14  7.63e-14  1.05e-13  1.41e-13  1.85e-13  2.38e-13     3e-13  3.73e-13  4.57e-13
100      8.77e-13  2.02e-12  4.16e-15  8.02e-15  1.41e-14  2.32e-14  3.61e-14  5.35e-14  7.63e-14  1.05e-13  1.41e-13  1.85e-13  2.38e-13     3e-13  3.73e-13  4.57e-13
O-O      1.89e-10  1.95e-10     2e-10  2.05e-10  2.09e-10  2.12e-10  2.16e-10  2.19e-10  2.22e-10  2.25e-10  2.27e-10   2.3e-10  2.32e-10  2.34e-10  2.36e-10  2.38e-10

