Wells (G - ground energy, D - dissociation limit, kcal/mol):
                            W         G         D
        FakeW-C5H8(522)+OH(4)        -3         0
      FakeW-C5H7(1202)+H2O(5)     -7.96     -4.96

Bimolecular Products (G - ground energy, kcal/mol):
                      P         G
        C5H8(522)+OH(4)         0
      C5H7(1202)+H2O(5)     -4.96

Well-to-Bimolecular Barriers (H/G - barrier height/well depth, kcal/mol)
                            B         H                       W         G                 P
        FakeB-C5H8(522)+OH(4)         0   FakeW-C5H8(522)+OH(4)        -3   C5H8(522)+OH(4)
      FakeB-C5H7(1202)+H2O(5)     -4.96 FakeW-C5H7(1202)+H2O(5)     -7.96 C5H7(1202)+H2O(5)

Well-to-Well Barriers (H/G - barrier height/well depth, kcal/mol):
           B         H                      W1        G1                      W2        G2
      ts_1_1       3.5   FakeW-C5H8(522)+OH(4)        -3 FakeW-C5H7(1202)+H2O(5)     -7.96

Bound Groups: dissociation barrier (name/ground energy, kcal/mol): wells (name/ground energy, kcal/mol):
     C2/-4.96:  FakeW-C5H7(1202)+H2O(5)/-7.96

     C1/0:  FakeW-C5H8(522)+OH(4)/-3

________________________________________________________________________________________

Names Translation Tables (<short name> - <original name>):
Wells:
   W1 - FakeW-C5H8(522)+OH(4)
   W2 - FakeW-C5H7(1202)+H2O(5)
Bimolecular products:
   P1 - C5H8(522)+OH(4)
   P2 - C5H7(1202)+H2O(5)
Inner Barriers:
   B1 - ts_1_1
Outer Barriers:
   C1 - FakeB-C5H8(522)+OH(4)
   C2 - FakeB-C5H7(1202)+H2O(5)
Unimolecular Rate Units: 1/sec;  Bimolecular Rate Units: cm^3/sec

______________________________________________________________________________________

Species-Species Rate Tables:

Temperature = 500 K

High Pressure Rate Coefficients:

From\To         W1        W2        P1        P2
W1             ***  2.78e+06  8.68e+09       ***
W2        1.08e+04       ***       ***  1.45e+10
P1        2.45e-10       ***       ***       ***
P2             ***   2.4e-10       ***       ***

Temperature = 500 K    Pressure = 0.1 atm

From\To         W1        W2        P1        P2
W1         1.3e+09  1.49e+03   1.3e+09  1.11e+05
W2            5.78  2.12e+09      1.21  2.12e+09
P1        3.67e-11  8.96e-18  3.78e-11  7.46e-14
P2        7.14e-18  3.48e-11   1.7e-16  3.57e-11

Temperature = 500 K    Pressure = 1 atm

From\To         W1        W2        P1        P2
W1        2.76e+09  1.67e+04  2.76e+09  3.27e+05
W2              65  4.48e+09      24.5  4.48e+09
P1        7.78e-11  1.78e-16  7.79e-11  6.82e-14
P2         2.1e-17  7.39e-11  1.56e-16  7.39e-11

Temperature = 500 K    Pressure = 10 atm

From\To         W1        W2        P1        P2
W1        5.18e+09  2.04e+05  5.18e+09   8.7e+05
W2             795  8.18e+09       496  8.18e+09
P1        1.46e-10  3.59e-15  1.46e-10  4.42e-14
P2         5.6e-17  1.35e-10  1.01e-16  1.35e-10

Temperature = 500 K    Pressure = 100 atm

From\To         W1        W2        P1        P2
W1        7.81e+09  1.53e+06  7.81e+09  7.67e+05
W2        5.98e+03  1.27e+10   1.1e+03  1.27e+10
P1         2.2e-10  7.96e-15   2.2e-10  5.23e-15
P2        4.93e-17  2.09e-10  1.19e-17  2.09e-10

Temperature = 600 K

High Pressure Rate Coefficients:

From\To         W1        W2        P1        P2
W1             ***  5.64e+06  9.72e+09       ***
W2        4.61e+04       ***       ***  1.51e+10
P1        2.52e-10       ***       ***       ***
P2             ***  2.47e-10       ***       ***

Temperature = 600 K    Pressure = 0.1 atm

From\To         W1        W2        P1        P2
W1        1.71e+09  1.08e+04  1.71e+09  2.55e+05
W2            88.3  2.67e+09      11.6  2.67e+09
P1        4.42e-11  3.84e-17  4.52e-11  1.39e-13
P2        3.41e-17  4.37e-11  7.16e-16  4.44e-11

Temperature = 600 K    Pressure = 1 atm

From\To         W1        W2        P1        P2
W1        3.26e+09  7.48e+04  3.26e+09  6.58e+05
W2             611  5.09e+09       132  5.09e+09
P1        8.47e-11  4.23e-16  8.48e-11  1.26e-13
P2        8.82e-17  8.34e-11  6.53e-16  8.34e-11

Temperature = 600 K    Pressure = 10 atm

From\To         W1        W2        P1        P2
W1        5.65e+09  4.77e+05  5.65e+09  1.53e+06
W2         3.9e+03  8.54e+09     2e+03  8.54e+09
P1        1.47e-10  6.36e-15  1.47e-10  8.74e-14
P2        2.05e-16   1.4e-10  4.52e-16   1.4e-10

Temperature = 600 K    Pressure = 100 atm

From\To         W1        W2        P1        P2
W1        8.55e+09  2.89e+06  8.54e+09  1.57e+06
W2        2.36e+04  1.29e+10  5.33e+03  1.29e+10
P1        2.22e-10  1.69e-14  2.22e-10  1.33e-14
P2        2.11e-16  2.12e-10  6.85e-17  2.12e-10

Temperature = 700 K

High Pressure Rate Coefficients:

From\To         W1        W2        P1        P2
W1             ***  9.69e+06  9.97e+09       ***
W2        1.34e+05       ***       ***  1.44e+10
P1        2.59e-10       ***       ***       ***
P2             ***  2.53e-10       ***       ***

Temperature = 700 K    Pressure = 0.1 atm

From\To         W1        W2        P1        P2
W1        1.98e+09  4.95e+04  1.98e+09  5.21e+05
W2             683  2.84e+09      73.5  2.84e+09
P1        5.13e-11  1.47e-16  5.24e-11  2.35e-13
P2        1.26e-16  4.97e-11   2.2e-15  5.05e-11

Temperature = 700 K    Pressure = 1 atm

From\To         W1        W2        P1        P2
W1        3.55e+09   2.4e+05  3.54e+09  1.18e+06
W2        3.32e+03  5.11e+09       495  5.11e+09
P1         9.2e-11  9.37e-16  9.22e-11  2.13e-13
P2        2.85e-16  8.95e-11  1.99e-15  8.95e-11

Temperature = 700 K    Pressure = 10 atm

From\To         W1        W2        P1        P2
W1        5.78e+09  1.01e+06  5.78e+09  2.42e+06
W2         1.4e+04   8.2e+09  5.57e+03   8.2e+09
P1         1.5e-10  1.05e-14   1.5e-10  1.51e-13
P2        5.87e-16  1.44e-10  1.41e-15  1.44e-10

Temperature = 700 K    Pressure = 100 atm

From\To         W1        W2        P1        P2
W1        8.63e+09  4.81e+06  8.62e+09  2.65e+06
W2        6.65e+04  1.22e+10  1.63e+04  1.22e+10
P1        2.24e-10  3.06e-14  2.24e-10  2.68e-14
P2        6.42e-16  2.14e-10  2.51e-16  2.14e-10

Temperature = 800 K

High Pressure Rate Coefficients:

From\To         W1        W2        P1        P2
W1             ***  1.48e+07  9.74e+09       ***
W2        3.04e+05       ***       ***  1.33e+10
P1        2.65e-10       ***       ***       ***
P2             ***  2.59e-10       ***       ***

Temperature = 800 K    Pressure = 0.1 atm

From\To         W1        W2        P1        P2
W1        2.14e+09   1.7e+05  2.14e+09  9.27e+05
W2        3.48e+03  2.95e+09       371  2.95e+09
P1        5.81e-11  5.25e-16  5.92e-11   3.7e-13
P2         3.7e-16  5.72e-11  5.44e-15  5.79e-11

Temperature = 800 K    Pressure = 1 atm

From\To         W1        W2        P1        P2
W1        3.66e+09  6.34e+05  3.66e+09  1.86e+06
W2         1.3e+04  5.03e+09  1.65e+03  5.03e+09
P1        9.93e-11   2.2e-15  9.97e-11  3.31e-13
P2        7.42e-16   9.8e-11  4.87e-15   9.8e-11

Temperature = 800 K    Pressure = 10 atm

From\To         W1        W2        P1        P2
W1        5.71e+09     2e+06   5.7e+09  3.43e+06
W2        4.11e+04  7.74e+09  1.32e+04  7.74e+09
P1        1.55e-10  1.75e-14  1.55e-10  2.36e-13
P2        1.37e-15  1.51e-10  3.47e-15  1.51e-10

Temperature = 800 K    Pressure = 100 atm

From\To         W1        W2        P1        P2
W1        8.34e+09  7.48e+06  8.33e+09   3.8e+06
W2        1.53e+05  1.12e+10  3.77e+04  1.12e+10
P1        2.26e-10     5e-14  2.27e-10  4.53e-14
P2        1.52e-15  2.18e-10  6.66e-16  2.18e-10

Temperature = 900 K

High Pressure Rate Coefficients:

From\To         W1        W2        P1        P2
W1             ***  2.09e+07  9.26e+09       ***
W2        5.82e+05       ***       ***   1.2e+10
P1         2.7e-10       ***       ***       ***
P2             ***  2.64e-10       ***       ***

Temperature = 900 K    Pressure = 0.1 atm

From\To         W1        W2        P1        P2
W1        2.07e+09  3.79e+05  2.06e+09  1.31e+06
W2        1.06e+04  2.78e+09  1.28e+03  2.78e+09
P1           6e-11  1.42e-15  6.12e-11  5.53e-13
P2        8.03e-16   6.1e-11  1.16e-14  6.17e-11

Temperature = 900 K    Pressure = 1 atm

From\To         W1        W2        P1        P2
W1        3.46e+09  1.21e+06  3.46e+09  2.45e+06
W2        3.37e+04  4.63e+09  4.41e+03  4.63e+09
P1        1.01e-10  4.64e-15  1.01e-10  4.94e-13
P2         1.5e-15  1.02e-10  1.04e-14  1.02e-10

Temperature = 900 K    Pressure = 10 atm

From\To         W1        W2        P1        P2
W1        5.32e+09  3.26e+06  5.32e+09  4.33e+06
W2        9.08e+04  6.98e+09   2.7e+04  6.98e+09
P1        1.55e-10  2.83e-14  1.55e-10  3.56e-13
P2        2.66e-15  1.54e-10   7.5e-15  1.54e-10

Temperature = 900 K    Pressure = 100 atm

From\To         W1        W2        P1        P2
W1         7.8e+09  1.05e+07  7.78e+09  5.03e+06
W2        2.93e+05     1e+10   7.6e+04     1e+10
P1        2.27e-10  7.95e-14  2.27e-10  7.34e-14
P2        3.09e-15   2.2e-10  1.55e-15   2.2e-10

Temperature = 1e+03 K

High Pressure Rate Coefficients:

From\To         W1        W2        P1        P2
W1             ***  2.77e+07  8.67e+09       ***
W2        9.87e+05       ***       ***  1.07e+10
P1        2.75e-10       ***       ***       ***
P2             ***  2.69e-10       ***       ***

Temperature = 1e+03 K    Pressure = 0.1 atm

From\To         W1        W2        P1        P2
W1        1.99e+09  6.97e+05  1.99e+09   1.8e+06
W2        2.48e+04  2.56e+09  3.15e+03  2.56e+09
P1        6.28e-11  2.95e-15  6.43e-11  7.85e-13
P2        1.61e-15   6.4e-11  2.22e-14  6.47e-11

Temperature = 1e+03 K    Pressure = 1 atm

From\To         W1        W2        P1        P2
W1        3.28e+09     2e+06  3.27e+09  3.17e+06
W2        7.13e+04  4.18e+09   9.3e+03  4.18e+09
P1        1.04e-10  8.32e-15  1.04e-10  6.97e-13
P2        2.85e-15  1.05e-10  1.97e-14  1.05e-10

Temperature = 1e+03 K    Pressure = 10 atm

From\To         W1        W2        P1        P2
W1        4.96e+09  4.86e+06  4.95e+09  5.36e+06
W2        1.73e+05  6.22e+09  4.76e+04  6.22e+09
P1        1.57e-10  4.23e-14  1.57e-10  5.04e-13
P2        4.81e-15  1.56e-10  1.43e-14  1.56e-10

Temperature = 1e+03 K    Pressure = 100 atm

From\To         W1        W2        P1        P2
W1        7.21e+09  1.41e+07  7.19e+09  6.33e+06
W2        5.03e+05  8.85e+09  1.31e+05  8.85e+09
P1        2.28e-10  1.16e-13  2.28e-10  1.08e-13
P2        5.68e-15  2.22e-10  3.07e-15  2.22e-10

Temperature = 1.1e+03 K

High Pressure Rate Coefficients:

From\To         W1        W2        P1        P2
W1             ***   3.5e+07  8.04e+09       ***
W2        1.53e+06       ***       ***   9.5e+09
P1        2.79e-10       ***       ***       ***
P2             ***  2.73e-10       ***       ***

Temperature = 1.1e+03 K    Pressure = 0.1 atm

From\To         W1        W2        P1        P2
W1        1.94e+09  1.21e+06  1.93e+09  2.39e+06
W2        5.29e+04   2.4e+09  7.13e+03   2.4e+09
P1        6.68e-11  5.95e-15  6.86e-11  1.07e-12
P2        3.01e-15  6.86e-11  3.86e-14  6.93e-11

Temperature = 1.1e+03 K    Pressure = 1 atm

From\To         W1        W2        P1        P2
W1        3.13e+09  3.17e+06  3.12e+09  3.98e+06
W2        1.39e+05  3.84e+09  1.84e+04  3.84e+09
P1        1.08e-10  1.47e-14  1.09e-10  9.38e-13
P2           5e-15   1.1e-10   3.4e-14   1.1e-10

Temperature = 1.1e+03 K    Pressure = 10 atm

From\To         W1        W2        P1        P2
W1        4.64e+09  7.07e+06  4.62e+09   6.4e+06
W2        3.09e+05   5.6e+09  7.88e+04  5.59e+09
P1         1.6e-10  6.27e-14  1.61e-10  6.72e-13
P2        8.05e-15  1.61e-10  2.43e-14  1.61e-10

Temperature = 1.1e+03 K    Pressure = 100 atm

From\To         W1        W2        P1        P2
W1        6.65e+09  1.84e+07  6.62e+09  7.46e+06
W2        8.05e+05  7.84e+09  2.03e+05  7.83e+09
P1         2.3e-10  1.61e-13   2.3e-10  1.46e-13
P2        9.38e-15  2.25e-10  5.27e-15  2.25e-10

Temperature = 1.2e+03 K

High Pressure Rate Coefficients:

From\To         W1        W2        P1        P2
W1             ***  4.27e+07  7.42e+09       ***
W2        2.21e+06       ***       ***  8.42e+09
P1        2.83e-10       ***       ***       ***
P2             ***  2.77e-10       ***       ***

Temperature = 1.2e+03 K    Pressure = 0.1 atm

From\To         W1        W2        P1        P2
W1        1.78e+09  1.75e+06  1.78e+09  2.82e+06
W2        9.06e+04  2.15e+09  1.34e+04  2.15e+09
P1        6.75e-11  1.03e-14  6.97e-11  1.42e-12
P2        4.82e-15  7.04e-11  6.33e-14  7.12e-11

Temperature = 1.2e+03 K    Pressure = 1 atm

From\To         W1        W2        P1        P2
W1        2.86e+09  4.33e+06  2.85e+09  4.55e+06
W2        2.24e+05  3.41e+09  3.18e+04  3.41e+09
P1        1.09e-10  2.36e-14   1.1e-10  1.24e-12
P2        7.77e-15  1.12e-10  5.56e-14  1.12e-10

Temperature = 1.2e+03 K    Pressure = 10 atm

From\To         W1        W2        P1        P2
W1        4.22e+09  9.16e+06   4.2e+09  7.24e+06
W2        4.75e+05  4.93e+09  1.21e+05  4.93e+09
P1         1.6e-10  8.93e-14  1.61e-10  8.93e-13
P2        1.24e-14  1.62e-10  3.99e-14  1.63e-10

Temperature = 1.2e+03 K    Pressure = 100 atm

From\To         W1        W2        P1        P2
W1        6.07e+09  2.26e+07  6.04e+09  8.65e+06
W2        1.17e+06   6.9e+09  3.02e+05   6.9e+09
P1        2.31e-10  2.23e-13  2.31e-10  1.98e-13
P2        1.48e-14  2.27e-10  8.86e-15  2.27e-10

Temperature = 1.3e+03 K

High Pressure Rate Coefficients:

From\To         W1        W2        P1        P2
W1             ***  5.06e+07  6.83e+09       ***
W2        3.03e+06       ***       ***  7.46e+09
P1        2.87e-10       ***       ***       ***
P2             ***  2.81e-10       ***       ***

Temperature = 1.3e+03 K    Pressure = 0.1 atm

From\To         W1        W2        P1        P2
W1        1.67e+09  2.36e+06  1.67e+09  3.47e+06
W2        1.41e+05  1.91e+09  2.03e+04  1.91e+09
P1        6.98e-11  1.49e-14  7.24e-11  1.82e-12
P2        7.84e-15  7.17e-11  9.76e-14  7.25e-11

Temperature = 1.3e+03 K    Pressure = 1 atm

From\To         W1        W2        P1        P2
W1        2.66e+09  5.61e+06  2.65e+09  5.45e+06
W2        3.36e+05  3.02e+09   4.6e+04  3.02e+09
P1        1.11e-10  3.25e-14  1.13e-10  1.59e-12
P2        1.23e-14  1.13e-10  8.54e-14  1.14e-10

Temperature = 1.3e+03 K    Pressure = 10 atm

From\To         W1        W2        P1        P2
W1        3.89e+09  1.15e+07  3.87e+09  8.43e+06
W2        6.87e+05  4.35e+09  1.66e+05  4.35e+09
P1        1.63e-10  1.17e-13  1.64e-10  1.14e-12
P2         1.9e-14  1.64e-10  6.11e-14  1.64e-10

Temperature = 1.3e+03 K    Pressure = 100 atm

From\To         W1        W2        P1        P2
W1        5.56e+09  2.71e+07  5.52e+09  9.96e+06
W2        1.62e+06  6.08e+09  4.11e+05  6.08e+09
P1        2.32e-10  2.89e-13  2.33e-10  2.55e-13
P2        2.25e-14  2.29e-10  1.37e-14  2.29e-10

Temperature = 1.4e+03 K

High Pressure Rate Coefficients:

From\To         W1        W2        P1        P2
W1             ***  5.86e+07  6.27e+09       ***
W2        3.98e+06       ***       ***  6.63e+09
P1        2.91e-10       ***       ***       ***
P2             ***  2.84e-10       ***       ***

Temperature = 1.4e+03 K    Pressure = 0.1 atm

From\To         W1        W2        P1        P2
W1        1.56e+09  3.21e+06  1.55e+09  3.91e+06
W2        2.18e+05  1.75e+09  3.46e+04  1.75e+09
P1        7.15e-11  2.45e-14  7.46e-11  2.28e-12
P2        1.14e-14  7.49e-11  1.44e-13  7.57e-11

Temperature = 1.4e+03 K    Pressure = 1 atm

From\To         W1        W2        P1        P2
W1        2.46e+09   7.3e+06  2.44e+09  5.97e+06
W2        4.95e+05  2.73e+09   7.3e+04  2.73e+09
P1        1.13e-10     5e-14  1.15e-10  1.99e-12
P2        1.74e-14  1.17e-10  1.25e-13  1.17e-10

Temperature = 1.4e+03 K    Pressure = 10 atm

From\To         W1        W2        P1        P2
W1        3.57e+09  1.43e+07  3.55e+09  9.11e+06
W2        9.71e+05   3.9e+09  2.37e+05   3.9e+09
P1        1.64e-10  1.62e-13  1.66e-10  1.42e-12
P2        2.66e-14  1.67e-10  8.91e-14  1.67e-10

Temperature = 1.4e+03 K    Pressure = 100 atm

From\To         W1        W2        P1        P2
W1        5.09e+09  3.21e+07  5.04e+09  1.08e+07
W2        2.18e+06   5.4e+09  5.48e+05  5.39e+09
P1        2.34e-10  3.74e-13  2.34e-10  3.15e-13
P2        3.15e-14  2.31e-10  1.98e-14  2.32e-10

Temperature = 1.5e+03 K

High Pressure Rate Coefficients:

From\To         W1        W2        P1        P2
W1             ***  6.66e+07  5.77e+09       ***
W2        5.05e+06       ***       ***   5.9e+09
P1        2.94e-10       ***       ***       ***
P2             ***  2.88e-10       ***       ***

Temperature = 1.5e+03 K    Pressure = 0.1 atm

From\To         W1        W2        P1        P2
W1        1.44e+09  4.16e+06  1.43e+09  4.25e+06
W2        3.15e+05   1.6e+09  5.54e+04   1.6e+09
P1        7.27e-11  3.85e-14  7.63e-11  2.81e-12
P2        1.58e-14  7.76e-11  2.04e-13  7.85e-11

Temperature = 1.5e+03 K    Pressure = 1 atm

From\To         W1        W2        P1        P2
W1        2.26e+09  9.09e+06  2.25e+09  6.35e+06
W2        6.89e+05  2.46e+09   1.1e+05  2.46e+09
P1        1.14e-10  7.45e-14  1.17e-10  2.45e-12
P2        2.35e-14   1.2e-10  1.78e-13   1.2e-10

Temperature = 1.5e+03 K    Pressure = 10 atm

From\To         W1        W2        P1        P2
W1        3.28e+09  1.72e+07  3.25e+09  9.64e+06
W2        1.31e+06  3.49e+09  3.26e+05  3.49e+09
P1        1.65e-10  2.19e-13  1.67e-10  1.73e-12
P2        3.56e-14   1.7e-10  1.25e-13   1.7e-10

Temperature = 1.5e+03 K    Pressure = 100 atm

From\To         W1        W2        P1        P2
W1        4.66e+09  3.72e+07  4.61e+09  1.15e+07
W2        2.82e+06   4.8e+09  7.08e+05  4.79e+09
P1        2.35e-10  4.76e-13  2.36e-10  3.81e-13
P2        4.26e-14  2.34e-10  2.76e-14  2.34e-10

Temperature = 1.6e+03 K

High Pressure Rate Coefficients:

From\To         W1        W2        P1        P2
W1             ***  7.45e+07  5.31e+09       ***
W2        6.22e+06       ***       ***  5.26e+09
P1        2.97e-10       ***       ***       ***
P2             ***  2.91e-10       ***       ***

Temperature = 1.6e+03 K    Pressure = 0.1 atm

From\To         W1        W2        P1        P2
W1        1.37e+09  4.89e+06  1.36e+09  5.25e+06
W2        4.08e+05  1.42e+09   6.3e+04  1.42e+09
P1        7.57e-11  4.39e-14  7.98e-11  3.39e-12
P2        2.43e-14  7.81e-11   2.8e-13  7.92e-11

Temperature = 1.6e+03 K    Pressure = 1 atm

From\To         W1        W2        P1        P2
W1        2.12e+09  1.06e+07  2.11e+09  7.68e+06
W2        8.83e+05  2.18e+09  1.25e+05  2.18e+09
P1        1.18e-10  8.42e-14  1.21e-10  2.94e-12
P2        3.54e-14  1.21e-10  2.42e-13  1.21e-10

Temperature = 1.6e+03 K    Pressure = 10 atm

From\To         W1        W2        P1        P2
W1        3.05e+09  1.98e+07  3.02e+09  1.13e+07
W2        1.65e+06   3.1e+09  3.79e+05  3.09e+09
P1        1.69e-10  2.55e-13  1.71e-10  2.06e-12
P2        5.19e-14  1.71e-10   1.7e-13  1.71e-10

Temperature = 1.6e+03 K    Pressure = 100 atm

From\To         W1        W2        P1        P2
W1        4.29e+09  4.21e+07  4.23e+09  1.29e+07
W2        3.51e+06  4.27e+09  8.38e+05  4.27e+09
P1        2.37e-10  5.62e-13  2.38e-10  4.51e-13
P2        5.95e-14  2.36e-10  3.72e-14  2.36e-10

Temperature = 1.7e+03 K

High Pressure Rate Coefficients:

From\To         W1        W2        P1        P2
W1             ***  8.23e+07  4.89e+09       ***
W2        7.49e+06       ***       ***  4.71e+09
P1           3e-10       ***       ***       ***
P2             ***  2.94e-10       ***       ***

Temperature = 1.7e+03 K    Pressure = 0.1 atm

From\To         W1        W2        P1        P2
W1        1.28e+09  6.01e+06  1.26e+09  5.44e+06
W2        5.46e+05  1.31e+09  9.44e+04  1.31e+09
P1        7.73e-11  6.55e-14  8.22e-11  4.06e-12
P2        3.09e-14  8.16e-11  3.75e-13  8.29e-11

Temperature = 1.7e+03 K    Pressure = 1 atm

From\To         W1        W2        P1        P2
W1        1.97e+09  1.26e+07  1.95e+09  7.86e+06
W2        1.14e+06     2e+09  1.77e+05     2e+09
P1         1.2e-10   1.2e-13  1.23e-10  3.51e-12
P2        4.46e-14  1.25e-10  3.25e-13  1.25e-10

Temperature = 1.7e+03 K    Pressure = 10 atm

From\To         W1        W2        P1        P2
W1        2.82e+09  2.29e+07  2.78e+09  1.16e+07
W2        2.08e+06  2.81e+09  4.96e+05  2.81e+09
P1        1.71e-10  3.35e-13  1.74e-10  2.45e-12
P2        6.56e-14  1.75e-10  2.27e-13  1.75e-10

Temperature = 1.7e+03 K    Pressure = 100 atm

From\To         W1        W2        P1        P2
W1        3.96e+09  4.72e+07   3.9e+09  1.34e+07
W2        4.29e+06  3.85e+09  1.03e+06  3.84e+09
P1         2.4e-10  6.98e-13  2.41e-10  5.31e-13
P2        7.62e-14   2.4e-10   4.9e-14   2.4e-10

Temperature = 1.8e+03 K

High Pressure Rate Coefficients:

From\To         W1        W2        P1        P2
W1             ***  8.99e+07  4.51e+09       ***
W2        8.83e+06       ***       ***  4.23e+09
P1        3.03e-10       ***       ***       ***
P2             ***  2.97e-10       ***       ***

Temperature = 1.8e+03 K    Pressure = 0.1 atm

From\To         W1        W2        P1        P2
W1        1.16e+09  7.01e+06  1.14e+09  5.52e+06
W2        6.89e+05  1.18e+09  1.33e+05  1.18e+09
P1        7.65e-11  9.32e-14  8.22e-11  4.79e-12
P2        3.82e-14  8.25e-11  4.92e-13  8.39e-11

Temperature = 1.8e+03 K    Pressure = 1 atm

From\To         W1        W2        P1        P2
W1        1.79e+09  1.44e+07  1.77e+09   7.9e+06
W2        1.41e+06  1.79e+09  2.41e+05  1.79e+09
P1        1.19e-10  1.65e-13  1.23e-10  4.14e-12
P2        5.44e-14  1.26e-10  4.25e-13  1.26e-10

Temperature = 1.8e+03 K    Pressure = 10 atm

From\To         W1        W2        P1        P2
W1        2.57e+09  2.57e+07  2.53e+09  1.17e+07
W2        2.53e+06  2.52e+09  6.34e+05  2.51e+09
P1         1.7e-10  4.33e-13  1.73e-10  2.88e-12
P2        8.08e-14  1.76e-10  2.96e-13  1.77e-10

Temperature = 1.8e+03 K    Pressure = 100 atm

From\To         W1        W2        P1        P2
W1        3.63e+09   5.2e+07  3.57e+09  1.38e+07
W2        5.11e+06  3.44e+09  1.25e+06  3.43e+09
P1        2.39e-10  8.56e-13  2.41e-10  6.16e-13
P2        9.54e-14   2.4e-10  6.32e-14   2.4e-10

Temperature = 1.9e+03 K

High Pressure Rate Coefficients:

From\To         W1        W2        P1        P2
W1             ***  9.73e+07  4.17e+09       ***
W2        1.02e+07       ***       ***  3.81e+09
P1        3.06e-10       ***       ***       ***
P2             ***  2.99e-10       ***       ***

Temperature = 1.9e+03 K    Pressure = 0.1 atm

From\To         W1        W2        P1        P2
W1        1.09e+09  8.12e+06  1.08e+09   6.1e+06
W2        8.56e+05  1.08e+09  1.63e+05  1.08e+09
P1        7.86e-11  1.17e-13  8.51e-11  5.56e-12
P2        5.07e-14  8.44e-11  6.27e-13  8.61e-11

Temperature = 1.9e+03 K    Pressure = 1 atm

From\To         W1        W2        P1        P2
W1        1.68e+09  1.64e+07  1.65e+09  8.58e+06
W2        1.73e+06  1.63e+09   2.9e+05  1.63e+09
P1        1.21e-10  2.03e-13  1.26e-10  4.78e-12
P2         7.1e-14  1.28e-10   5.4e-13  1.28e-10

Temperature = 1.9e+03 K    Pressure = 10 atm

From\To         W1        W2        P1        P2
W1        2.39e+09  2.89e+07  2.35e+09  1.25e+07
W2        3.04e+06  2.28e+09  7.46e+05  2.27e+09
P1        1.72e-10   5.2e-13  1.76e-10  3.29e-12
P2        1.04e-13  1.79e-10  3.72e-13  1.79e-10

Temperature = 1.9e+03 K    Pressure = 100 atm

From\To         W1        W2        P1        P2
W1        3.36e+09  5.72e+07  3.29e+09  1.45e+07
W2        6.03e+06   3.1e+09  1.43e+06  3.09e+09
P1        2.41e-10  9.95e-13  2.43e-10  6.89e-13
P2         1.2e-13  2.43e-10  7.78e-14  2.43e-10

Temperature = 2e+03 K

High Pressure Rate Coefficients:

From\To         W1        W2        P1        P2
W1             ***  1.04e+08  3.86e+09       ***
W2        1.17e+07       ***       ***  3.44e+09
P1        3.08e-10       ***       ***       ***
P2             ***  3.02e-10       ***       ***

Temperature = 2e+03 K    Pressure = 0.1 atm

From\To         W1        W2        P1        P2
W1        1.03e+09  9.25e+06  1.01e+09  6.65e+06
W2        1.04e+06  9.88e+08  1.96e+05  9.87e+08
P1        8.05e-11  1.44e-13  8.79e-11  6.39e-12
P2        6.57e-14  8.62e-11  7.87e-13  8.82e-11

Temperature = 2e+03 K    Pressure = 1 atm

From\To         W1        W2        P1        P2
W1        1.57e+09  1.84e+07  1.55e+09  9.22e+06
W2        2.06e+06  1.48e+09  3.43e+05  1.48e+09
P1        1.23e-10  2.45e-13  1.29e-10  5.47e-12
P2        9.08e-14   1.3e-10  6.73e-13  1.31e-10

Temperature = 2e+03 K    Pressure = 10 atm

From\To         W1        W2        P1        P2
W1        2.23e+09   3.2e+07  2.19e+09  1.33e+07
W2        3.59e+06  2.07e+09  8.66e+05  2.06e+09
P1        1.75e-10  6.17e-13  1.79e-10  3.73e-12
P2        1.31e-13  1.81e-10   4.6e-13  1.81e-10

Temperature = 2e+03 K    Pressure = 100 atm

From\To         W1        W2        P1        P2
W1        3.12e+09  6.23e+07  3.04e+09   1.5e+07
W2        6.99e+06   2.8e+09  1.61e+06  2.79e+09
P1        2.43e-10  1.15e-12  2.45e-10  7.64e-13
P2        1.47e-13  2.45e-10  9.41e-14  2.45e-10

______________________________________________________________________________________

High Pressure Rate Coefficients (Temperature-Species Rate Tables):

Reactant = W1
   T(K)        W1        W2        P1        P2
    500       ***  2.78e+06  8.68e+09       ***
    600       ***  5.64e+06  9.72e+09       ***
    700       ***  9.69e+06  9.97e+09       ***
    800       ***  1.48e+07  9.74e+09       ***
    900       ***  2.09e+07  9.26e+09       ***
  1e+03       ***  2.77e+07  8.67e+09       ***
1.1e+03       ***   3.5e+07  8.04e+09       ***
1.2e+03       ***  4.27e+07  7.42e+09       ***
1.3e+03       ***  5.06e+07  6.83e+09       ***
1.4e+03       ***  5.86e+07  6.27e+09       ***
1.5e+03       ***  6.66e+07  5.77e+09       ***
1.6e+03       ***  7.45e+07  5.31e+09       ***
1.7e+03       ***  8.23e+07  4.89e+09       ***
1.8e+03       ***  8.99e+07  4.51e+09       ***
1.9e+03       ***  9.73e+07  4.17e+09       ***
  2e+03       ***  1.04e+08  3.86e+09       ***

Reactant = W2
   T(K)        W1        W2        P1        P2
    500  1.08e+04       ***       ***  1.45e+10
    600  4.61e+04       ***       ***  1.51e+10
    700  1.34e+05       ***       ***  1.44e+10
    800  3.04e+05       ***       ***  1.33e+10
    900  5.82e+05       ***       ***   1.2e+10
  1e+03  9.87e+05       ***       ***  1.07e+10
1.1e+03  1.53e+06       ***       ***   9.5e+09
1.2e+03  2.21e+06       ***       ***  8.42e+09
1.3e+03  3.03e+06       ***       ***  7.46e+09
1.4e+03  3.98e+06       ***       ***  6.63e+09
1.5e+03  5.05e+06       ***       ***   5.9e+09
1.6e+03  6.22e+06       ***       ***  5.26e+09
1.7e+03  7.49e+06       ***       ***  4.71e+09
1.8e+03  8.83e+06       ***       ***  4.23e+09
1.9e+03  1.02e+07       ***       ***  3.81e+09
  2e+03  1.17e+07       ***       ***  3.44e+09

Reactant = P1
   T(K)        W1        W2        P1        P2
    500  2.45e-10       ***       ***       ***
    600  2.52e-10       ***       ***       ***
    700  2.59e-10       ***       ***       ***
    800  2.65e-10       ***       ***       ***
    900   2.7e-10       ***       ***       ***
  1e+03  2.75e-10       ***       ***       ***
1.1e+03  2.79e-10       ***       ***       ***
1.2e+03  2.83e-10       ***       ***       ***
1.3e+03  2.87e-10       ***       ***       ***
1.4e+03  2.91e-10       ***       ***       ***
1.5e+03  2.94e-10       ***       ***       ***
1.6e+03  2.97e-10       ***       ***       ***
1.7e+03     3e-10       ***       ***       ***
1.8e+03  3.03e-10       ***       ***       ***
1.9e+03  3.06e-10       ***       ***       ***
  2e+03  3.08e-10       ***       ***       ***

Reactant = P2
   T(K)        W1        W2        P1        P2
    500       ***   2.4e-10       ***       ***
    600       ***  2.47e-10       ***       ***
    700       ***  2.53e-10       ***       ***
    800       ***  2.59e-10       ***       ***
    900       ***  2.64e-10       ***       ***
  1e+03       ***  2.69e-10       ***       ***
1.1e+03       ***  2.73e-10       ***       ***
1.2e+03       ***  2.77e-10       ***       ***
1.3e+03       ***  2.81e-10       ***       ***
1.4e+03       ***  2.84e-10       ***       ***
1.5e+03       ***  2.88e-10       ***       ***
1.6e+03       ***  2.91e-10       ***       ***
1.7e+03       ***  2.94e-10       ***       ***
1.8e+03       ***  2.97e-10       ***       ***
1.9e+03       ***  2.99e-10       ***       ***
  2e+03       ***  3.02e-10       ***       ***

Capture/Escape Rate Coefficients:

   T(K)        W1        W2        P1        P2
    500  8.68e+09  1.45e+10  2.45e-10   2.4e-10
    600  9.72e+09  1.51e+10  2.52e-10  2.47e-10
    700  9.98e+09  1.44e+10  2.59e-10  2.53e-10
    800  9.75e+09  1.33e+10  2.65e-10  2.59e-10
    900  9.28e+09   1.2e+10   2.7e-10  2.64e-10
  1e+03   8.7e+09  1.07e+10  2.75e-10  2.69e-10
1.1e+03  8.07e+09   9.5e+09  2.79e-10  2.73e-10
1.2e+03  7.46e+09  8.42e+09  2.83e-10  2.77e-10
1.3e+03  6.88e+09  7.47e+09  2.87e-10  2.81e-10
1.4e+03  6.33e+09  6.63e+09  2.91e-10  2.84e-10
1.5e+03  5.84e+09   5.9e+09  2.94e-10  2.88e-10
1.6e+03  5.38e+09  5.27e+09  2.97e-10  2.91e-10
1.7e+03  4.97e+09  4.72e+09     3e-10  2.94e-10
1.8e+03   4.6e+09  4.24e+09  3.03e-10  2.97e-10
1.9e+03  4.27e+09  3.82e+09  3.06e-10  2.99e-10
  2e+03  3.96e+09  3.45e+09  3.08e-10  3.02e-10

______________________________________________________________________________________

Pressure-Species Rate Tables:

Reactant = W1   Temperature = 500 K

   P(atm)        W2        P1        P2      Loss
      0.1  1.49e+03   1.3e+09  1.11e+05   1.3e+09
        1  1.67e+04  2.76e+09  3.27e+05  2.76e+09
       10  2.04e+05  5.18e+09   8.7e+05  5.18e+09
      100  1.53e+06  7.81e+09  7.67e+05  7.81e+09
      O-O  2.78e+06  8.68e+09       ***  8.68e+09

Reactant = W1   Temperature = 600 K

   P(atm)        W2        P1        P2      Loss
      0.1  1.08e+04  1.71e+09  2.55e+05  1.71e+09
        1  7.48e+04  3.26e+09  6.58e+05  3.26e+09
       10  4.77e+05  5.65e+09  1.53e+06  5.65e+09
      100  2.89e+06  8.54e+09  1.57e+06  8.55e+09
      O-O  5.64e+06  9.72e+09       ***  9.72e+09

Reactant = W1   Temperature = 700 K

   P(atm)        W2        P1        P2      Loss
      0.1  4.95e+04  1.98e+09  5.21e+05  1.98e+09
        1   2.4e+05  3.54e+09  1.18e+06  3.55e+09
       10  1.01e+06  5.78e+09  2.42e+06  5.78e+09
      100  4.81e+06  8.62e+09  2.65e+06  8.63e+09
      O-O  9.69e+06  9.97e+09       ***  9.98e+09

Reactant = W1   Temperature = 800 K

   P(atm)        W2        P1        P2      Loss
      0.1   1.7e+05  2.14e+09  9.27e+05  2.14e+09
        1  6.34e+05  3.66e+09  1.86e+06  3.66e+09
       10     2e+06   5.7e+09  3.43e+06  5.71e+09
      100  7.48e+06  8.33e+09   3.8e+06  8.34e+09
      O-O  1.48e+07  9.74e+09       ***  9.75e+09

Reactant = W1   Temperature = 900 K

   P(atm)        W2        P1        P2      Loss
      0.1  3.79e+05  2.06e+09  1.31e+06  2.07e+09
        1  1.21e+06  3.46e+09  2.45e+06  3.46e+09
       10  3.26e+06  5.32e+09  4.33e+06  5.32e+09
      100  1.05e+07  7.78e+09  5.03e+06   7.8e+09
      O-O  2.09e+07  9.26e+09       ***  9.28e+09

Reactant = W1   Temperature = 1e+03 K

   P(atm)        W2        P1        P2      Loss
      0.1  6.97e+05  1.99e+09   1.8e+06  1.99e+09
        1     2e+06  3.27e+09  3.17e+06  3.28e+09
       10  4.86e+06  4.95e+09  5.36e+06  4.96e+09
      100  1.41e+07  7.19e+09  6.33e+06  7.21e+09
      O-O  2.77e+07  8.67e+09       ***   8.7e+09

Reactant = W1   Temperature = 1.1e+03 K

   P(atm)        W2        P1        P2      Loss
      0.1  1.21e+06  1.93e+09  2.39e+06  1.94e+09
        1  3.17e+06  3.12e+09  3.98e+06  3.13e+09
       10  7.07e+06  4.62e+09   6.4e+06  4.64e+09
      100  1.84e+07  6.62e+09  7.46e+06  6.65e+09
      O-O   3.5e+07  8.04e+09       ***  8.07e+09

Reactant = W1   Temperature = 1.2e+03 K

   P(atm)        W2        P1        P2      Loss
      0.1  1.75e+06  1.78e+09  2.82e+06  1.78e+09
        1  4.33e+06  2.85e+09  4.55e+06  2.86e+09
       10  9.16e+06   4.2e+09  7.24e+06  4.22e+09
      100  2.26e+07  6.04e+09  8.65e+06  6.07e+09
      O-O  4.27e+07  7.42e+09       ***  7.46e+09

Reactant = W1   Temperature = 1.3e+03 K

   P(atm)        W2        P1        P2      Loss
      0.1  2.36e+06  1.67e+09  3.47e+06  1.67e+09
        1  5.61e+06  2.65e+09  5.45e+06  2.66e+09
       10  1.15e+07  3.87e+09  8.43e+06  3.89e+09
      100  2.71e+07  5.52e+09  9.96e+06  5.56e+09
      O-O  5.06e+07  6.83e+09       ***  6.88e+09

Reactant = W1   Temperature = 1.4e+03 K

   P(atm)        W2        P1        P2      Loss
      0.1  3.21e+06  1.55e+09  3.91e+06  1.56e+09
        1   7.3e+06  2.44e+09  5.97e+06  2.46e+09
       10  1.43e+07  3.55e+09  9.11e+06  3.57e+09
      100  3.21e+07  5.04e+09  1.08e+07  5.09e+09
      O-O  5.86e+07  6.27e+09       ***  6.33e+09

Reactant = W1   Temperature = 1.5e+03 K

   P(atm)        W2        P1        P2      Loss
      0.1  4.16e+06  1.43e+09  4.25e+06  1.44e+09
        1  9.09e+06  2.25e+09  6.35e+06  2.26e+09
       10  1.72e+07  3.25e+09  9.64e+06  3.28e+09
      100  3.72e+07  4.61e+09  1.15e+07  4.66e+09
      O-O  6.66e+07  5.77e+09       ***  5.84e+09

Reactant = W1   Temperature = 1.6e+03 K

   P(atm)        W2        P1        P2      Loss
      0.1  4.89e+06  1.36e+09  5.25e+06  1.37e+09
        1  1.06e+07  2.11e+09  7.68e+06  2.12e+09
       10  1.98e+07  3.02e+09  1.13e+07  3.05e+09
      100  4.21e+07  4.23e+09  1.29e+07  4.29e+09
      O-O  7.45e+07  5.31e+09       ***  5.38e+09

Reactant = W1   Temperature = 1.7e+03 K

   P(atm)        W2        P1        P2      Loss
      0.1  6.01e+06  1.26e+09  5.44e+06  1.28e+09
        1  1.26e+07  1.95e+09  7.86e+06  1.97e+09
       10  2.29e+07  2.78e+09  1.16e+07  2.82e+09
      100  4.72e+07   3.9e+09  1.34e+07  3.96e+09
      O-O  8.23e+07  4.89e+09       ***  4.97e+09

Reactant = W1   Temperature = 1.8e+03 K

   P(atm)        W2        P1        P2      Loss
      0.1  7.01e+06  1.14e+09  5.52e+06  1.16e+09
        1  1.44e+07  1.77e+09   7.9e+06  1.79e+09
       10  2.57e+07  2.53e+09  1.17e+07  2.57e+09
      100   5.2e+07  3.57e+09  1.38e+07  3.63e+09
      O-O  8.99e+07  4.51e+09       ***   4.6e+09

Reactant = W1   Temperature = 1.9e+03 K

   P(atm)        W2        P1        P2      Loss
      0.1  8.12e+06  1.08e+09   6.1e+06  1.09e+09
        1  1.64e+07  1.65e+09  8.58e+06  1.68e+09
       10  2.89e+07  2.35e+09  1.25e+07  2.39e+09
      100  5.72e+07  3.29e+09  1.45e+07  3.36e+09
      O-O  9.73e+07  4.17e+09       ***  4.27e+09

Reactant = W1   Temperature = 2e+03 K

   P(atm)        W2        P1        P2      Loss
      0.1  9.25e+06  1.01e+09  6.65e+06  1.03e+09
        1  1.84e+07  1.55e+09  9.22e+06  1.57e+09
       10   3.2e+07  2.19e+09  1.33e+07  2.23e+09
      100  6.23e+07  3.04e+09   1.5e+07  3.12e+09
      O-O  1.04e+08  3.86e+09       ***  3.96e+09

Reactant = W2   Temperature = 500 K

   P(atm)        W1        P1        P2      Loss
      0.1      5.78      1.21  2.12e+09  2.12e+09
        1        65      24.5  4.48e+09  4.48e+09
       10       795       496  8.18e+09  8.18e+09
      100  5.98e+03   1.1e+03  1.27e+10  1.27e+10
      O-O  1.08e+04       ***  1.45e+10  1.45e+10

Reactant = W2   Temperature = 600 K

   P(atm)        W1        P1        P2      Loss
      0.1      88.3      11.6  2.67e+09  2.67e+09
        1       611       132  5.09e+09  5.09e+09
       10   3.9e+03     2e+03  8.54e+09  8.54e+09
      100  2.36e+04  5.33e+03  1.29e+10  1.29e+10
      O-O  4.61e+04       ***  1.51e+10  1.51e+10

Reactant = W2   Temperature = 700 K

   P(atm)        W1        P1        P2      Loss
      0.1       683      73.5  2.84e+09  2.84e+09
        1  3.32e+03       495  5.11e+09  5.11e+09
       10   1.4e+04  5.57e+03   8.2e+09   8.2e+09
      100  6.65e+04  1.63e+04  1.22e+10  1.22e+10
      O-O  1.34e+05       ***  1.44e+10  1.44e+10

Reactant = W2   Temperature = 800 K

   P(atm)        W1        P1        P2      Loss
      0.1  3.48e+03       371  2.95e+09  2.95e+09
        1   1.3e+04  1.65e+03  5.03e+09  5.03e+09
       10  4.11e+04  1.32e+04  7.74e+09  7.74e+09
      100  1.53e+05  3.77e+04  1.12e+10  1.12e+10
      O-O  3.04e+05       ***  1.33e+10  1.33e+10

Reactant = W2   Temperature = 900 K

   P(atm)        W1        P1        P2      Loss
      0.1  1.06e+04  1.28e+03  2.78e+09  2.78e+09
        1  3.37e+04  4.41e+03  4.63e+09  4.63e+09
       10  9.08e+04   2.7e+04  6.98e+09  6.98e+09
      100  2.93e+05   7.6e+04     1e+10     1e+10
      O-O  5.82e+05       ***   1.2e+10   1.2e+10

Reactant = W2   Temperature = 1e+03 K

   P(atm)        W1        P1        P2      Loss
      0.1  2.48e+04  3.15e+03  2.56e+09  2.56e+09
        1  7.13e+04   9.3e+03  4.18e+09  4.18e+09
       10  1.73e+05  4.76e+04  6.22e+09  6.22e+09
      100  5.03e+05  1.31e+05  8.85e+09  8.85e+09
      O-O  9.87e+05       ***  1.07e+10  1.07e+10

Reactant = W2   Temperature = 1.1e+03 K

   P(atm)        W1        P1        P2      Loss
      0.1  5.29e+04  7.13e+03   2.4e+09   2.4e+09
        1  1.39e+05  1.84e+04  3.84e+09  3.84e+09
       10  3.09e+05  7.88e+04  5.59e+09   5.6e+09
      100  8.05e+05  2.03e+05  7.83e+09  7.84e+09
      O-O  1.53e+06       ***   9.5e+09   9.5e+09

Reactant = W2   Temperature = 1.2e+03 K

   P(atm)        W1        P1        P2      Loss
      0.1  9.06e+04  1.34e+04  2.15e+09  2.15e+09
        1  2.24e+05  3.18e+04  3.41e+09  3.41e+09
       10  4.75e+05  1.21e+05  4.93e+09  4.93e+09
      100  1.17e+06  3.02e+05   6.9e+09   6.9e+09
      O-O  2.21e+06       ***  8.42e+09  8.42e+09

Reactant = W2   Temperature = 1.3e+03 K

   P(atm)        W1        P1        P2      Loss
      0.1  1.41e+05  2.03e+04  1.91e+09  1.91e+09
        1  3.36e+05   4.6e+04  3.02e+09  3.02e+09
       10  6.87e+05  1.66e+05  4.35e+09  4.35e+09
      100  1.62e+06  4.11e+05  6.08e+09  6.08e+09
      O-O  3.03e+06       ***  7.46e+09  7.47e+09

Reactant = W2   Temperature = 1.4e+03 K

   P(atm)        W1        P1        P2      Loss
      0.1  2.18e+05  3.46e+04  1.75e+09  1.75e+09
        1  4.95e+05   7.3e+04  2.73e+09  2.73e+09
       10  9.71e+05  2.37e+05   3.9e+09   3.9e+09
      100  2.18e+06  5.48e+05  5.39e+09   5.4e+09
      O-O  3.98e+06       ***  6.63e+09  6.63e+09

Reactant = W2   Temperature = 1.5e+03 K

   P(atm)        W1        P1        P2      Loss
      0.1  3.15e+05  5.54e+04   1.6e+09   1.6e+09
        1  6.89e+05   1.1e+05  2.46e+09  2.46e+09
       10  1.31e+06  3.26e+05  3.49e+09  3.49e+09
      100  2.82e+06  7.08e+05  4.79e+09   4.8e+09
      O-O  5.05e+06       ***   5.9e+09   5.9e+09

Reactant = W2   Temperature = 1.6e+03 K

   P(atm)        W1        P1        P2      Loss
      0.1  4.08e+05   6.3e+04  1.42e+09  1.42e+09
        1  8.83e+05  1.25e+05  2.18e+09  2.18e+09
       10  1.65e+06  3.79e+05  3.09e+09   3.1e+09
      100  3.51e+06  8.38e+05  4.27e+09  4.27e+09
      O-O  6.22e+06       ***  5.26e+09  5.27e+09

Reactant = W2   Temperature = 1.7e+03 K

   P(atm)        W1        P1        P2      Loss
      0.1  5.46e+05  9.44e+04  1.31e+09  1.31e+09
        1  1.14e+06  1.77e+05     2e+09     2e+09
       10  2.08e+06  4.96e+05  2.81e+09  2.81e+09
      100  4.29e+06  1.03e+06  3.84e+09  3.85e+09
      O-O  7.49e+06       ***  4.71e+09  4.72e+09

Reactant = W2   Temperature = 1.8e+03 K

   P(atm)        W1        P1        P2      Loss
      0.1  6.89e+05  1.33e+05  1.18e+09  1.18e+09
        1  1.41e+06  2.41e+05  1.79e+09  1.79e+09
       10  2.53e+06  6.34e+05  2.51e+09  2.52e+09
      100  5.11e+06  1.25e+06  3.43e+09  3.44e+09
      O-O  8.83e+06       ***  4.23e+09  4.24e+09

Reactant = W2   Temperature = 1.9e+03 K

   P(atm)        W1        P1        P2      Loss
      0.1  8.56e+05  1.63e+05  1.08e+09  1.08e+09
        1  1.73e+06   2.9e+05  1.63e+09  1.63e+09
       10  3.04e+06  7.46e+05  2.27e+09  2.28e+09
      100  6.03e+06  1.43e+06  3.09e+09   3.1e+09
      O-O  1.02e+07       ***  3.81e+09  3.82e+09

Reactant = W2   Temperature = 2e+03 K

   P(atm)        W1        P1        P2      Loss
      0.1  1.04e+06  1.96e+05  9.87e+08  9.88e+08
        1  2.06e+06  3.43e+05  1.48e+09  1.48e+09
       10  3.59e+06  8.66e+05  2.06e+09  2.07e+09
      100  6.99e+06  1.61e+06  2.79e+09   2.8e+09
      O-O  1.17e+07       ***  3.44e+09  3.45e+09

Reactant = P1   Temperature = 500 K

   P(atm)        W1        W2        P2      Loss
      0.1  3.67e-11  8.96e-18  7.46e-14  3.78e-11
        1  7.78e-11  1.78e-16  6.82e-14  7.79e-11
       10  1.46e-10  3.59e-15  4.42e-14  1.46e-10
      100   2.2e-10  7.96e-15  5.23e-15   2.2e-10
      O-O  2.45e-10       ***       ***  2.45e-10

Reactant = P1   Temperature = 600 K

   P(atm)        W1        W2        P2      Loss
      0.1  4.42e-11  3.84e-17  1.39e-13  4.52e-11
        1  8.47e-11  4.23e-16  1.26e-13  8.48e-11
       10  1.47e-10  6.36e-15  8.74e-14  1.47e-10
      100  2.22e-10  1.69e-14  1.33e-14  2.22e-10
      O-O  2.52e-10       ***       ***  2.52e-10

Reactant = P1   Temperature = 700 K

   P(atm)        W1        W2        P2      Loss
      0.1  5.13e-11  1.47e-16  2.35e-13  5.24e-11
        1   9.2e-11  9.37e-16  2.13e-13  9.22e-11
       10   1.5e-10  1.05e-14  1.51e-13   1.5e-10
      100  2.24e-10  3.06e-14  2.68e-14  2.24e-10
      O-O  2.59e-10       ***       ***  2.59e-10

Reactant = P1   Temperature = 800 K

   P(atm)        W1        W2        P2      Loss
      0.1  5.81e-11  5.25e-16   3.7e-13  5.92e-11
        1  9.93e-11   2.2e-15  3.31e-13  9.97e-11
       10  1.55e-10  1.75e-14  2.36e-13  1.55e-10
      100  2.26e-10     5e-14  4.53e-14  2.27e-10
      O-O  2.65e-10       ***       ***  2.65e-10

Reactant = P1   Temperature = 900 K

   P(atm)        W1        W2        P2      Loss
      0.1     6e-11  1.42e-15  5.53e-13  6.12e-11
        1  1.01e-10  4.64e-15  4.94e-13  1.01e-10
       10  1.55e-10  2.83e-14  3.56e-13  1.55e-10
      100  2.27e-10  7.95e-14  7.34e-14  2.27e-10
      O-O   2.7e-10       ***       ***   2.7e-10

Reactant = P1   Temperature = 1e+03 K

   P(atm)        W1        W2        P2      Loss
      0.1  6.28e-11  2.95e-15  7.85e-13  6.43e-11
        1  1.04e-10  8.32e-15  6.97e-13  1.04e-10
       10  1.57e-10  4.23e-14  5.04e-13  1.57e-10
      100  2.28e-10  1.16e-13  1.08e-13  2.28e-10
      O-O  2.75e-10       ***       ***  2.75e-10

Reactant = P1   Temperature = 1.1e+03 K

   P(atm)        W1        W2        P2      Loss
      0.1  6.68e-11  5.95e-15  1.07e-12  6.86e-11
        1  1.08e-10  1.47e-14  9.38e-13  1.09e-10
       10   1.6e-10  6.27e-14  6.72e-13  1.61e-10
      100   2.3e-10  1.61e-13  1.46e-13   2.3e-10
      O-O  2.79e-10       ***       ***  2.79e-10

Reactant = P1   Temperature = 1.2e+03 K

   P(atm)        W1        W2        P2      Loss
      0.1  6.75e-11  1.03e-14  1.42e-12  6.97e-11
        1  1.09e-10  2.36e-14  1.24e-12   1.1e-10
       10   1.6e-10  8.93e-14  8.93e-13  1.61e-10
      100  2.31e-10  2.23e-13  1.98e-13  2.31e-10
      O-O  2.83e-10       ***       ***  2.83e-10

Reactant = P1   Temperature = 1.3e+03 K

   P(atm)        W1        W2        P2      Loss
      0.1  6.98e-11  1.49e-14  1.82e-12  7.24e-11
        1  1.11e-10  3.25e-14  1.59e-12  1.13e-10
       10  1.63e-10  1.17e-13  1.14e-12  1.64e-10
      100  2.32e-10  2.89e-13  2.55e-13  2.33e-10
      O-O  2.87e-10       ***       ***  2.87e-10

Reactant = P1   Temperature = 1.4e+03 K

   P(atm)        W1        W2        P2      Loss
      0.1  7.15e-11  2.45e-14  2.28e-12  7.46e-11
        1  1.13e-10     5e-14  1.99e-12  1.15e-10
       10  1.64e-10  1.62e-13  1.42e-12  1.66e-10
      100  2.34e-10  3.74e-13  3.15e-13  2.34e-10
      O-O  2.91e-10       ***       ***  2.91e-10

Reactant = P1   Temperature = 1.5e+03 K

   P(atm)        W1        W2        P2      Loss
      0.1  7.27e-11  3.85e-14  2.81e-12  7.63e-11
        1  1.14e-10  7.45e-14  2.45e-12  1.17e-10
       10  1.65e-10  2.19e-13  1.73e-12  1.67e-10
      100  2.35e-10  4.76e-13  3.81e-13  2.36e-10
      O-O  2.94e-10       ***       ***  2.94e-10

Reactant = P1   Temperature = 1.6e+03 K

   P(atm)        W1        W2        P2      Loss
      0.1  7.57e-11  4.39e-14  3.39e-12  7.98e-11
        1  1.18e-10  8.42e-14  2.94e-12  1.21e-10
       10  1.69e-10  2.55e-13  2.06e-12  1.71e-10
      100  2.37e-10  5.62e-13  4.51e-13  2.38e-10
      O-O  2.97e-10       ***       ***  2.97e-10

Reactant = P1   Temperature = 1.7e+03 K

   P(atm)        W1        W2        P2      Loss
      0.1  7.73e-11  6.55e-14  4.06e-12  8.22e-11
        1   1.2e-10   1.2e-13  3.51e-12  1.23e-10
       10  1.71e-10  3.35e-13  2.45e-12  1.74e-10
      100   2.4e-10  6.98e-13  5.31e-13  2.41e-10
      O-O     3e-10       ***       ***     3e-10

Reactant = P1   Temperature = 1.8e+03 K

   P(atm)        W1        W2        P2      Loss
      0.1  7.65e-11  9.32e-14  4.79e-12  8.22e-11
        1  1.19e-10  1.65e-13  4.14e-12  1.23e-10
       10   1.7e-10  4.33e-13  2.88e-12  1.73e-10
      100  2.39e-10  8.56e-13  6.16e-13  2.41e-10
      O-O  3.03e-10       ***       ***  3.03e-10

Reactant = P1   Temperature = 1.9e+03 K

   P(atm)        W1        W2        P2      Loss
      0.1  7.86e-11  1.17e-13  5.56e-12  8.51e-11
        1  1.21e-10  2.03e-13  4.78e-12  1.26e-10
       10  1.72e-10   5.2e-13  3.29e-12  1.76e-10
      100  2.41e-10  9.95e-13  6.89e-13  2.43e-10
      O-O  3.06e-10       ***       ***  3.06e-10

Reactant = P1   Temperature = 2e+03 K

   P(atm)        W1        W2        P2      Loss
      0.1  8.05e-11  1.44e-13  6.39e-12  8.79e-11
        1  1.23e-10  2.45e-13  5.47e-12  1.29e-10
       10  1.75e-10  6.17e-13  3.73e-12  1.79e-10
      100  2.43e-10  1.15e-12  7.64e-13  2.45e-10
      O-O  3.08e-10       ***       ***  3.08e-10

Reactant = P2   Temperature = 500 K

   P(atm)        W1        W2        P1      Loss
      0.1  7.14e-18  3.48e-11   1.7e-16  3.57e-11
        1   2.1e-17  7.39e-11  1.56e-16  7.39e-11
       10   5.6e-17  1.35e-10  1.01e-16  1.35e-10
      100  4.93e-17  2.09e-10  1.19e-17  2.09e-10
      O-O       ***   2.4e-10       ***   2.4e-10

Reactant = P2   Temperature = 600 K

   P(atm)        W1        W2        P1      Loss
      0.1  3.41e-17  4.37e-11  7.16e-16  4.44e-11
        1  8.82e-17  8.34e-11  6.53e-16  8.34e-11
       10  2.05e-16   1.4e-10  4.52e-16   1.4e-10
      100  2.11e-16  2.12e-10  6.85e-17  2.12e-10
      O-O       ***  2.47e-10       ***  2.47e-10

Reactant = P2   Temperature = 700 K

   P(atm)        W1        W2        P1      Loss
      0.1  1.26e-16  4.97e-11   2.2e-15  5.05e-11
        1  2.85e-16  8.95e-11  1.99e-15  8.95e-11
       10  5.87e-16  1.44e-10  1.41e-15  1.44e-10
      100  6.42e-16  2.14e-10  2.51e-16  2.14e-10
      O-O       ***  2.53e-10       ***  2.53e-10

Reactant = P2   Temperature = 800 K

   P(atm)        W1        W2        P1      Loss
      0.1   3.7e-16  5.72e-11  5.44e-15  5.79e-11
        1  7.42e-16   9.8e-11  4.87e-15   9.8e-11
       10  1.37e-15  1.51e-10  3.47e-15  1.51e-10
      100  1.52e-15  2.18e-10  6.66e-16  2.18e-10
      O-O       ***  2.59e-10       ***  2.59e-10

Reactant = P2   Temperature = 900 K

   P(atm)        W1        W2        P1      Loss
      0.1  8.03e-16   6.1e-11  1.16e-14  6.17e-11
        1   1.5e-15  1.02e-10  1.04e-14  1.02e-10
       10  2.66e-15  1.54e-10   7.5e-15  1.54e-10
      100  3.09e-15   2.2e-10  1.55e-15   2.2e-10
      O-O       ***  2.64e-10       ***  2.64e-10

Reactant = P2   Temperature = 1e+03 K

   P(atm)        W1        W2        P1      Loss
      0.1  1.61e-15   6.4e-11  2.22e-14  6.47e-11
        1  2.85e-15  1.05e-10  1.97e-14  1.05e-10
       10  4.81e-15  1.56e-10  1.43e-14  1.56e-10
      100  5.68e-15  2.22e-10  3.07e-15  2.22e-10
      O-O       ***  2.69e-10       ***  2.69e-10

Reactant = P2   Temperature = 1.1e+03 K

   P(atm)        W1        W2        P1      Loss
      0.1  3.01e-15  6.86e-11  3.86e-14  6.93e-11
        1     5e-15   1.1e-10   3.4e-14   1.1e-10
       10  8.05e-15  1.61e-10  2.43e-14  1.61e-10
      100  9.38e-15  2.25e-10  5.27e-15  2.25e-10
      O-O       ***  2.73e-10       ***  2.73e-10

Reactant = P2   Temperature = 1.2e+03 K

   P(atm)        W1        W2        P1      Loss
      0.1  4.82e-15  7.04e-11  6.33e-14  7.12e-11
        1  7.77e-15  1.12e-10  5.56e-14  1.12e-10
       10  1.24e-14  1.62e-10  3.99e-14  1.63e-10
      100  1.48e-14  2.27e-10  8.86e-15  2.27e-10
      O-O       ***  2.77e-10       ***  2.77e-10

Reactant = P2   Temperature = 1.3e+03 K

   P(atm)        W1        W2        P1      Loss
      0.1  7.84e-15  7.17e-11  9.76e-14  7.25e-11
        1  1.23e-14  1.13e-10  8.54e-14  1.14e-10
       10   1.9e-14  1.64e-10  6.11e-14  1.64e-10
      100  2.25e-14  2.29e-10  1.37e-14  2.29e-10
      O-O       ***  2.81e-10       ***  2.81e-10

Reactant = P2   Temperature = 1.4e+03 K

   P(atm)        W1        W2        P1      Loss
      0.1  1.14e-14  7.49e-11  1.44e-13  7.57e-11
        1  1.74e-14  1.17e-10  1.25e-13  1.17e-10
       10  2.66e-14  1.67e-10  8.91e-14  1.67e-10
      100  3.15e-14  2.31e-10  1.98e-14  2.32e-10
      O-O       ***  2.84e-10       ***  2.84e-10

Reactant = P2   Temperature = 1.5e+03 K

   P(atm)        W1        W2        P1      Loss
      0.1  1.58e-14  7.76e-11  2.04e-13  7.85e-11
        1  2.35e-14   1.2e-10  1.78e-13   1.2e-10
       10  3.56e-14   1.7e-10  1.25e-13   1.7e-10
      100  4.26e-14  2.34e-10  2.76e-14  2.34e-10
      O-O       ***  2.88e-10       ***  2.88e-10

Reactant = P2   Temperature = 1.6e+03 K

   P(atm)        W1        W2        P1      Loss
      0.1  2.43e-14  7.81e-11   2.8e-13  7.92e-11
        1  3.54e-14  1.21e-10  2.42e-13  1.21e-10
       10  5.19e-14  1.71e-10   1.7e-13  1.71e-10
      100  5.95e-14  2.36e-10  3.72e-14  2.36e-10
      O-O       ***  2.91e-10       ***  2.91e-10

Reactant = P2   Temperature = 1.7e+03 K

   P(atm)        W1        W2        P1      Loss
      0.1  3.09e-14  8.16e-11  3.75e-13  8.29e-11
        1  4.46e-14  1.25e-10  3.25e-13  1.25e-10
       10  6.56e-14  1.75e-10  2.27e-13  1.75e-10
      100  7.62e-14   2.4e-10   4.9e-14   2.4e-10
      O-O       ***  2.94e-10       ***  2.94e-10

Reactant = P2   Temperature = 1.8e+03 K

   P(atm)        W1        W2        P1      Loss
      0.1  3.82e-14  8.25e-11  4.92e-13  8.39e-11
        1  5.44e-14  1.26e-10  4.25e-13  1.26e-10
       10  8.08e-14  1.76e-10  2.96e-13  1.77e-10
      100  9.54e-14   2.4e-10  6.32e-14   2.4e-10
      O-O       ***  2.97e-10       ***  2.97e-10

Reactant = P2   Temperature = 1.9e+03 K

   P(atm)        W1        W2        P1      Loss
      0.1  5.07e-14  8.44e-11  6.27e-13  8.61e-11
        1   7.1e-14  1.28e-10   5.4e-13  1.28e-10
       10  1.04e-13  1.79e-10  3.72e-13  1.79e-10
      100   1.2e-13  2.43e-10  7.78e-14  2.43e-10
      O-O       ***  2.99e-10       ***  2.99e-10

Reactant = P2   Temperature = 2e+03 K

   P(atm)        W1        W2        P1      Loss
      0.1  6.57e-14  8.62e-11  7.87e-13  8.82e-11
        1  9.08e-14   1.3e-10  6.73e-13  1.31e-10
       10  1.31e-13  1.81e-10   4.6e-13  1.81e-10
      100  1.47e-13  2.45e-10  9.41e-14  2.45e-10
      O-O       ***  3.02e-10       ***  3.02e-10

______________________________________________________________________________________

Temperature-Species Rate Tables:

Reactant = W1   Pressure = 0.1 atm

   T(K)        W2        P1        P2      Loss   Capture
    500  1.49e+03   1.3e+09  1.11e+05   1.3e+09  8.68e+09
    600  1.08e+04  1.71e+09  2.55e+05  1.71e+09  9.72e+09
    700  4.95e+04  1.98e+09  5.21e+05  1.98e+09  9.98e+09
    800   1.7e+05  2.14e+09  9.27e+05  2.14e+09  9.75e+09
    900  3.79e+05  2.06e+09  1.31e+06  2.07e+09  9.28e+09
  1e+03  6.97e+05  1.99e+09   1.8e+06  1.99e+09   8.7e+09
1.1e+03  1.21e+06  1.93e+09  2.39e+06  1.94e+09  8.07e+09
1.2e+03  1.75e+06  1.78e+09  2.82e+06  1.78e+09  7.46e+09
1.3e+03  2.36e+06  1.67e+09  3.47e+06  1.67e+09  6.88e+09
1.4e+03  3.21e+06  1.55e+09  3.91e+06  1.56e+09  6.33e+09
1.5e+03  4.16e+06  1.43e+09  4.25e+06  1.44e+09  5.84e+09
1.6e+03  4.89e+06  1.36e+09  5.25e+06  1.37e+09  5.38e+09
1.7e+03  6.01e+06  1.26e+09  5.44e+06  1.28e+09  4.97e+09
1.8e+03  7.01e+06  1.14e+09  5.52e+06  1.16e+09   4.6e+09
1.9e+03  8.12e+06  1.08e+09   6.1e+06  1.09e+09  4.27e+09
  2e+03  9.25e+06  1.01e+09  6.65e+06  1.03e+09  3.96e+09

Reactant = W1   Pressure = 1 atm

   T(K)        W2        P1        P2      Loss   Capture
    500  1.67e+04  2.76e+09  3.27e+05  2.76e+09  8.68e+09
    600  7.48e+04  3.26e+09  6.58e+05  3.26e+09  9.72e+09
    700   2.4e+05  3.54e+09  1.18e+06  3.55e+09  9.98e+09
    800  6.34e+05  3.66e+09  1.86e+06  3.66e+09  9.75e+09
    900  1.21e+06  3.46e+09  2.45e+06  3.46e+09  9.28e+09
  1e+03     2e+06  3.27e+09  3.17e+06  3.28e+09   8.7e+09
1.1e+03  3.17e+06  3.12e+09  3.98e+06  3.13e+09  8.07e+09
1.2e+03  4.33e+06  2.85e+09  4.55e+06  2.86e+09  7.46e+09
1.3e+03  5.61e+06  2.65e+09  5.45e+06  2.66e+09  6.88e+09
1.4e+03   7.3e+06  2.44e+09  5.97e+06  2.46e+09  6.33e+09
1.5e+03  9.09e+06  2.25e+09  6.35e+06  2.26e+09  5.84e+09
1.6e+03  1.06e+07  2.11e+09  7.68e+06  2.12e+09  5.38e+09
1.7e+03  1.26e+07  1.95e+09  7.86e+06  1.97e+09  4.97e+09
1.8e+03  1.44e+07  1.77e+09   7.9e+06  1.79e+09   4.6e+09
1.9e+03  1.64e+07  1.65e+09  8.58e+06  1.68e+09  4.27e+09
  2e+03  1.84e+07  1.55e+09  9.22e+06  1.57e+09  3.96e+09

Reactant = W1   Pressure = 10 atm

   T(K)        W2        P1        P2      Loss   Capture
    500  2.04e+05  5.18e+09   8.7e+05  5.18e+09  8.68e+09
    600  4.77e+05  5.65e+09  1.53e+06  5.65e+09  9.72e+09
    700  1.01e+06  5.78e+09  2.42e+06  5.78e+09  9.98e+09
    800     2e+06   5.7e+09  3.43e+06  5.71e+09  9.75e+09
    900  3.26e+06  5.32e+09  4.33e+06  5.32e+09  9.28e+09
  1e+03  4.86e+06  4.95e+09  5.36e+06  4.96e+09   8.7e+09
1.1e+03  7.07e+06  4.62e+09   6.4e+06  4.64e+09  8.07e+09
1.2e+03  9.16e+06   4.2e+09  7.24e+06  4.22e+09  7.46e+09
1.3e+03  1.15e+07  3.87e+09  8.43e+06  3.89e+09  6.88e+09
1.4e+03  1.43e+07  3.55e+09  9.11e+06  3.57e+09  6.33e+09
1.5e+03  1.72e+07  3.25e+09  9.64e+06  3.28e+09  5.84e+09
1.6e+03  1.98e+07  3.02e+09  1.13e+07  3.05e+09  5.38e+09
1.7e+03  2.29e+07  2.78e+09  1.16e+07  2.82e+09  4.97e+09
1.8e+03  2.57e+07  2.53e+09  1.17e+07  2.57e+09   4.6e+09
1.9e+03  2.89e+07  2.35e+09  1.25e+07  2.39e+09  4.27e+09
  2e+03   3.2e+07  2.19e+09  1.33e+07  2.23e+09  3.96e+09

Reactant = W1   Pressure = 100 atm

   T(K)        W2        P1        P2      Loss   Capture
    500  1.53e+06  7.81e+09  7.67e+05  7.81e+09  8.68e+09
    600  2.89e+06  8.54e+09  1.57e+06  8.55e+09  9.72e+09
    700  4.81e+06  8.62e+09  2.65e+06  8.63e+09  9.98e+09
    800  7.48e+06  8.33e+09   3.8e+06  8.34e+09  9.75e+09
    900  1.05e+07  7.78e+09  5.03e+06   7.8e+09  9.28e+09
  1e+03  1.41e+07  7.19e+09  6.33e+06  7.21e+09   8.7e+09
1.1e+03  1.84e+07  6.62e+09  7.46e+06  6.65e+09  8.07e+09
1.2e+03  2.26e+07  6.04e+09  8.65e+06  6.07e+09  7.46e+09
1.3e+03  2.71e+07  5.52e+09  9.96e+06  5.56e+09  6.88e+09
1.4e+03  3.21e+07  5.04e+09  1.08e+07  5.09e+09  6.33e+09
1.5e+03  3.72e+07  4.61e+09  1.15e+07  4.66e+09  5.84e+09
1.6e+03  4.21e+07  4.23e+09  1.29e+07  4.29e+09  5.38e+09
1.7e+03  4.72e+07   3.9e+09  1.34e+07  3.96e+09  4.97e+09
1.8e+03   5.2e+07  3.57e+09  1.38e+07  3.63e+09   4.6e+09
1.9e+03  5.72e+07  3.29e+09  1.45e+07  3.36e+09  4.27e+09
  2e+03  6.23e+07  3.04e+09   1.5e+07  3.12e+09  3.96e+09

Reactant = W2   Pressure = 0.1 atm

   T(K)        W1        P1        P2      Loss   Capture
    500      5.78      1.21  2.12e+09  2.12e+09  1.45e+10
    600      88.3      11.6  2.67e+09  2.67e+09  1.51e+10
    700       683      73.5  2.84e+09  2.84e+09  1.44e+10
    800  3.48e+03       371  2.95e+09  2.95e+09  1.33e+10
    900  1.06e+04  1.28e+03  2.78e+09  2.78e+09   1.2e+10
  1e+03  2.48e+04  3.15e+03  2.56e+09  2.56e+09  1.07e+10
1.1e+03  5.29e+04  7.13e+03   2.4e+09   2.4e+09   9.5e+09
1.2e+03  9.06e+04  1.34e+04  2.15e+09  2.15e+09  8.42e+09
1.3e+03  1.41e+05  2.03e+04  1.91e+09  1.91e+09  7.47e+09
1.4e+03  2.18e+05  3.46e+04  1.75e+09  1.75e+09  6.63e+09
1.5e+03  3.15e+05  5.54e+04   1.6e+09   1.6e+09   5.9e+09
1.6e+03  4.08e+05   6.3e+04  1.42e+09  1.42e+09  5.27e+09
1.7e+03  5.46e+05  9.44e+04  1.31e+09  1.31e+09  4.72e+09
1.8e+03  6.89e+05  1.33e+05  1.18e+09  1.18e+09  4.24e+09
1.9e+03  8.56e+05  1.63e+05  1.08e+09  1.08e+09  3.82e+09
  2e+03  1.04e+06  1.96e+05  9.87e+08  9.88e+08  3.45e+09

Reactant = W2   Pressure = 1 atm

   T(K)        W1        P1        P2      Loss   Capture
    500        65      24.5  4.48e+09  4.48e+09  1.45e+10
    600       611       132  5.09e+09  5.09e+09  1.51e+10
    700  3.32e+03       495  5.11e+09  5.11e+09  1.44e+10
    800   1.3e+04  1.65e+03  5.03e+09  5.03e+09  1.33e+10
    900  3.37e+04  4.41e+03  4.63e+09  4.63e+09   1.2e+10
  1e+03  7.13e+04   9.3e+03  4.18e+09  4.18e+09  1.07e+10
1.1e+03  1.39e+05  1.84e+04  3.84e+09  3.84e+09   9.5e+09
1.2e+03  2.24e+05  3.18e+04  3.41e+09  3.41e+09  8.42e+09
1.3e+03  3.36e+05   4.6e+04  3.02e+09  3.02e+09  7.47e+09
1.4e+03  4.95e+05   7.3e+04  2.73e+09  2.73e+09  6.63e+09
1.5e+03  6.89e+05   1.1e+05  2.46e+09  2.46e+09   5.9e+09
1.6e+03  8.83e+05  1.25e+05  2.18e+09  2.18e+09  5.27e+09
1.7e+03  1.14e+06  1.77e+05     2e+09     2e+09  4.72e+09
1.8e+03  1.41e+06  2.41e+05  1.79e+09  1.79e+09  4.24e+09
1.9e+03  1.73e+06   2.9e+05  1.63e+09  1.63e+09  3.82e+09
  2e+03  2.06e+06  3.43e+05  1.48e+09  1.48e+09  3.45e+09

Reactant = W2   Pressure = 10 atm

   T(K)        W1        P1        P2      Loss   Capture
    500       795       496  8.18e+09  8.18e+09  1.45e+10
    600   3.9e+03     2e+03  8.54e+09  8.54e+09  1.51e+10
    700   1.4e+04  5.57e+03   8.2e+09   8.2e+09  1.44e+10
    800  4.11e+04  1.32e+04  7.74e+09  7.74e+09  1.33e+10
    900  9.08e+04   2.7e+04  6.98e+09  6.98e+09   1.2e+10
  1e+03  1.73e+05  4.76e+04  6.22e+09  6.22e+09  1.07e+10
1.1e+03  3.09e+05  7.88e+04  5.59e+09   5.6e+09   9.5e+09
1.2e+03  4.75e+05  1.21e+05  4.93e+09  4.93e+09  8.42e+09
1.3e+03  6.87e+05  1.66e+05  4.35e+09  4.35e+09  7.47e+09
1.4e+03  9.71e+05  2.37e+05   3.9e+09   3.9e+09  6.63e+09
1.5e+03  1.31e+06  3.26e+05  3.49e+09  3.49e+09   5.9e+09
1.6e+03  1.65e+06  3.79e+05  3.09e+09   3.1e+09  5.27e+09
1.7e+03  2.08e+06  4.96e+05  2.81e+09  2.81e+09  4.72e+09
1.8e+03  2.53e+06  6.34e+05  2.51e+09  2.52e+09  4.24e+09
1.9e+03  3.04e+06  7.46e+05  2.27e+09  2.28e+09  3.82e+09
  2e+03  3.59e+06  8.66e+05  2.06e+09  2.07e+09  3.45e+09

Reactant = W2   Pressure = 100 atm

   T(K)        W1        P1        P2      Loss   Capture
    500  5.98e+03   1.1e+03  1.27e+10  1.27e+10  1.45e+10
    600  2.36e+04  5.33e+03  1.29e+10  1.29e+10  1.51e+10
    700  6.65e+04  1.63e+04  1.22e+10  1.22e+10  1.44e+10
    800  1.53e+05  3.77e+04  1.12e+10  1.12e+10  1.33e+10
    900  2.93e+05   7.6e+04     1e+10     1e+10   1.2e+10
  1e+03  5.03e+05  1.31e+05  8.85e+09  8.85e+09  1.07e+10
1.1e+03  8.05e+05  2.03e+05  7.83e+09  7.84e+09   9.5e+09
1.2e+03  1.17e+06  3.02e+05   6.9e+09   6.9e+09  8.42e+09
1.3e+03  1.62e+06  4.11e+05  6.08e+09  6.08e+09  7.47e+09
1.4e+03  2.18e+06  5.48e+05  5.39e+09   5.4e+09  6.63e+09
1.5e+03  2.82e+06  7.08e+05  4.79e+09   4.8e+09   5.9e+09
1.6e+03  3.51e+06  8.38e+05  4.27e+09  4.27e+09  5.27e+09
1.7e+03  4.29e+06  1.03e+06  3.84e+09  3.85e+09  4.72e+09
1.8e+03  5.11e+06  1.25e+06  3.43e+09  3.44e+09  4.24e+09
1.9e+03  6.03e+06  1.43e+06  3.09e+09   3.1e+09  3.82e+09
  2e+03  6.99e+06  1.61e+06  2.79e+09   2.8e+09  3.45e+09

Reactant = P1   Pressure = 0.1 atm

   T(K)        W1        W2        P2      Loss   Capture
    500  3.67e-11  8.96e-18  7.46e-14  3.78e-11  2.45e-10
    600  4.42e-11  3.84e-17  1.39e-13  4.52e-11  2.52e-10
    700  5.13e-11  1.47e-16  2.35e-13  5.24e-11  2.59e-10
    800  5.81e-11  5.25e-16   3.7e-13  5.92e-11  2.65e-10
    900     6e-11  1.42e-15  5.53e-13  6.12e-11   2.7e-10
  1e+03  6.28e-11  2.95e-15  7.85e-13  6.43e-11  2.75e-10
1.1e+03  6.68e-11  5.95e-15  1.07e-12  6.86e-11  2.79e-10
1.2e+03  6.75e-11  1.03e-14  1.42e-12  6.97e-11  2.83e-10
1.3e+03  6.98e-11  1.49e-14  1.82e-12  7.24e-11  2.87e-10
1.4e+03  7.15e-11  2.45e-14  2.28e-12  7.46e-11  2.91e-10
1.5e+03  7.27e-11  3.85e-14  2.81e-12  7.63e-11  2.94e-10
1.6e+03  7.57e-11  4.39e-14  3.39e-12  7.98e-11  2.97e-10
1.7e+03  7.73e-11  6.55e-14  4.06e-12  8.22e-11     3e-10
1.8e+03  7.65e-11  9.32e-14  4.79e-12  8.22e-11  3.03e-10
1.9e+03  7.86e-11  1.17e-13  5.56e-12  8.51e-11  3.06e-10
  2e+03  8.05e-11  1.44e-13  6.39e-12  8.79e-11  3.08e-10

Reactant = P1   Pressure = 1 atm

   T(K)        W1        W2        P2      Loss   Capture
    500  7.78e-11  1.78e-16  6.82e-14  7.79e-11  2.45e-10
    600  8.47e-11  4.23e-16  1.26e-13  8.48e-11  2.52e-10
    700   9.2e-11  9.37e-16  2.13e-13  9.22e-11  2.59e-10
    800  9.93e-11   2.2e-15  3.31e-13  9.97e-11  2.65e-10
    900  1.01e-10  4.64e-15  4.94e-13  1.01e-10   2.7e-10
  1e+03  1.04e-10  8.32e-15  6.97e-13  1.04e-10  2.75e-10
1.1e+03  1.08e-10  1.47e-14  9.38e-13  1.09e-10  2.79e-10
1.2e+03  1.09e-10  2.36e-14  1.24e-12   1.1e-10  2.83e-10
1.3e+03  1.11e-10  3.25e-14  1.59e-12  1.13e-10  2.87e-10
1.4e+03  1.13e-10     5e-14  1.99e-12  1.15e-10  2.91e-10
1.5e+03  1.14e-10  7.45e-14  2.45e-12  1.17e-10  2.94e-10
1.6e+03  1.18e-10  8.42e-14  2.94e-12  1.21e-10  2.97e-10
1.7e+03   1.2e-10   1.2e-13  3.51e-12  1.23e-10     3e-10
1.8e+03  1.19e-10  1.65e-13  4.14e-12  1.23e-10  3.03e-10
1.9e+03  1.21e-10  2.03e-13  4.78e-12  1.26e-10  3.06e-10
  2e+03  1.23e-10  2.45e-13  5.47e-12  1.29e-10  3.08e-10

Reactant = P1   Pressure = 10 atm

   T(K)        W1        W2        P2      Loss   Capture
    500  1.46e-10  3.59e-15  4.42e-14  1.46e-10  2.45e-10
    600  1.47e-10  6.36e-15  8.74e-14  1.47e-10  2.52e-10
    700   1.5e-10  1.05e-14  1.51e-13   1.5e-10  2.59e-10
    800  1.55e-10  1.75e-14  2.36e-13  1.55e-10  2.65e-10
    900  1.55e-10  2.83e-14  3.56e-13  1.55e-10   2.7e-10
  1e+03  1.57e-10  4.23e-14  5.04e-13  1.57e-10  2.75e-10
1.1e+03   1.6e-10  6.27e-14  6.72e-13  1.61e-10  2.79e-10
1.2e+03   1.6e-10  8.93e-14  8.93e-13  1.61e-10  2.83e-10
1.3e+03  1.63e-10  1.17e-13  1.14e-12  1.64e-10  2.87e-10
1.4e+03  1.64e-10  1.62e-13  1.42e-12  1.66e-10  2.91e-10
1.5e+03  1.65e-10  2.19e-13  1.73e-12  1.67e-10  2.94e-10
1.6e+03  1.69e-10  2.55e-13  2.06e-12  1.71e-10  2.97e-10
1.7e+03  1.71e-10  3.35e-13  2.45e-12  1.74e-10     3e-10
1.8e+03   1.7e-10  4.33e-13  2.88e-12  1.73e-10  3.03e-10
1.9e+03  1.72e-10   5.2e-13  3.29e-12  1.76e-10  3.06e-10
  2e+03  1.75e-10  6.17e-13  3.73e-12  1.79e-10  3.08e-10

Reactant = P1   Pressure = 100 atm

   T(K)        W1        W2        P2      Loss   Capture
    500   2.2e-10  7.96e-15  5.23e-15   2.2e-10  2.45e-10
    600  2.22e-10  1.69e-14  1.33e-14  2.22e-10  2.52e-10
    700  2.24e-10  3.06e-14  2.68e-14  2.24e-10  2.59e-10
    800  2.26e-10     5e-14  4.53e-14  2.27e-10  2.65e-10
    900  2.27e-10  7.95e-14  7.34e-14  2.27e-10   2.7e-10
  1e+03  2.28e-10  1.16e-13  1.08e-13  2.28e-10  2.75e-10
1.1e+03   2.3e-10  1.61e-13  1.46e-13   2.3e-10  2.79e-10
1.2e+03  2.31e-10  2.23e-13  1.98e-13  2.31e-10  2.83e-10
1.3e+03  2.32e-10  2.89e-13  2.55e-13  2.33e-10  2.87e-10
1.4e+03  2.34e-10  3.74e-13  3.15e-13  2.34e-10  2.91e-10
1.5e+03  2.35e-10  4.76e-13  3.81e-13  2.36e-10  2.94e-10
1.6e+03  2.37e-10  5.62e-13  4.51e-13  2.38e-10  2.97e-10
1.7e+03   2.4e-10  6.98e-13  5.31e-13  2.41e-10     3e-10
1.8e+03  2.39e-10  8.56e-13  6.16e-13  2.41e-10  3.03e-10
1.9e+03  2.41e-10  9.95e-13  6.89e-13  2.43e-10  3.06e-10
  2e+03  2.43e-10  1.15e-12  7.64e-13  2.45e-10  3.08e-10

Reactant = P2   Pressure = 0.1 atm

   T(K)        W1        W2        P1      Loss   Capture
    500  7.14e-18  3.48e-11   1.7e-16  3.57e-11   2.4e-10
    600  3.41e-17  4.37e-11  7.16e-16  4.44e-11  2.47e-10
    700  1.26e-16  4.97e-11   2.2e-15  5.05e-11  2.53e-10
    800   3.7e-16  5.72e-11  5.44e-15  5.79e-11  2.59e-10
    900  8.03e-16   6.1e-11  1.16e-14  6.17e-11  2.64e-10
  1e+03  1.61e-15   6.4e-11  2.22e-14  6.47e-11  2.69e-10
1.1e+03  3.01e-15  6.86e-11  3.86e-14  6.93e-11  2.73e-10
1.2e+03  4.82e-15  7.04e-11  6.33e-14  7.12e-11  2.77e-10
1.3e+03  7.84e-15  7.17e-11  9.76e-14  7.25e-11  2.81e-10
1.4e+03  1.14e-14  7.49e-11  1.44e-13  7.57e-11  2.84e-10
1.5e+03  1.58e-14  7.76e-11  2.04e-13  7.85e-11  2.88e-10
1.6e+03  2.43e-14  7.81e-11   2.8e-13  7.92e-11  2.91e-10
1.7e+03  3.09e-14  8.16e-11  3.75e-13  8.29e-11  2.94e-10
1.8e+03  3.82e-14  8.25e-11  4.92e-13  8.39e-11  2.97e-10
1.9e+03  5.07e-14  8.44e-11  6.27e-13  8.61e-11  2.99e-10
  2e+03  6.57e-14  8.62e-11  7.87e-13  8.82e-11  3.02e-10

Reactant = P2   Pressure = 1 atm

   T(K)        W1        W2        P1      Loss   Capture
    500   2.1e-17  7.39e-11  1.56e-16  7.39e-11   2.4e-10
    600  8.82e-17  8.34e-11  6.53e-16  8.34e-11  2.47e-10
    700  2.85e-16  8.95e-11  1.99e-15  8.95e-11  2.53e-10
    800  7.42e-16   9.8e-11  4.87e-15   9.8e-11  2.59e-10
    900   1.5e-15  1.02e-10  1.04e-14  1.02e-10  2.64e-10
  1e+03  2.85e-15  1.05e-10  1.97e-14  1.05e-10  2.69e-10
1.1e+03     5e-15   1.1e-10   3.4e-14   1.1e-10  2.73e-10
1.2e+03  7.77e-15  1.12e-10  5.56e-14  1.12e-10  2.77e-10
1.3e+03  1.23e-14  1.13e-10  8.54e-14  1.14e-10  2.81e-10
1.4e+03  1.74e-14  1.17e-10  1.25e-13  1.17e-10  2.84e-10
1.5e+03  2.35e-14   1.2e-10  1.78e-13   1.2e-10  2.88e-10
1.6e+03  3.54e-14  1.21e-10  2.42e-13  1.21e-10  2.91e-10
1.7e+03  4.46e-14  1.25e-10  3.25e-13  1.25e-10  2.94e-10
1.8e+03  5.44e-14  1.26e-10  4.25e-13  1.26e-10  2.97e-10
1.9e+03   7.1e-14  1.28e-10   5.4e-13  1.28e-10  2.99e-10
  2e+03  9.08e-14   1.3e-10  6.73e-13  1.31e-10  3.02e-10

Reactant = P2   Pressure = 10 atm

   T(K)        W1        W2        P1      Loss   Capture
    500   5.6e-17  1.35e-10  1.01e-16  1.35e-10   2.4e-10
    600  2.05e-16   1.4e-10  4.52e-16   1.4e-10  2.47e-10
    700  5.87e-16  1.44e-10  1.41e-15  1.44e-10  2.53e-10
    800  1.37e-15  1.51e-10  3.47e-15  1.51e-10  2.59e-10
    900  2.66e-15  1.54e-10   7.5e-15  1.54e-10  2.64e-10
  1e+03  4.81e-15  1.56e-10  1.43e-14  1.56e-10  2.69e-10
1.1e+03  8.05e-15  1.61e-10  2.43e-14  1.61e-10  2.73e-10
1.2e+03  1.24e-14  1.62e-10  3.99e-14  1.63e-10  2.77e-10
1.3e+03   1.9e-14  1.64e-10  6.11e-14  1.64e-10  2.81e-10
1.4e+03  2.66e-14  1.67e-10  8.91e-14  1.67e-10  2.84e-10
1.5e+03  3.56e-14   1.7e-10  1.25e-13   1.7e-10  2.88e-10
1.6e+03  5.19e-14  1.71e-10   1.7e-13  1.71e-10  2.91e-10
1.7e+03  6.56e-14  1.75e-10  2.27e-13  1.75e-10  2.94e-10
1.8e+03  8.08e-14  1.76e-10  2.96e-13  1.77e-10  2.97e-10
1.9e+03  1.04e-13  1.79e-10  3.72e-13  1.79e-10  2.99e-10
  2e+03  1.31e-13  1.81e-10   4.6e-13  1.81e-10  3.02e-10

Reactant = P2   Pressure = 100 atm

   T(K)        W1        W2        P1      Loss   Capture
    500  4.93e-17  2.09e-10  1.19e-17  2.09e-10   2.4e-10
    600  2.11e-16  2.12e-10  6.85e-17  2.12e-10  2.47e-10
    700  6.42e-16  2.14e-10  2.51e-16  2.14e-10  2.53e-10
    800  1.52e-15  2.18e-10  6.66e-16  2.18e-10  2.59e-10
    900  3.09e-15   2.2e-10  1.55e-15   2.2e-10  2.64e-10
  1e+03  5.68e-15  2.22e-10  3.07e-15  2.22e-10  2.69e-10
1.1e+03  9.38e-15  2.25e-10  5.27e-15  2.25e-10  2.73e-10
1.2e+03  1.48e-14  2.27e-10  8.86e-15  2.27e-10  2.77e-10
1.3e+03  2.25e-14  2.29e-10  1.37e-14  2.29e-10  2.81e-10
1.4e+03  3.15e-14  2.31e-10  1.98e-14  2.32e-10  2.84e-10
1.5e+03  4.26e-14  2.34e-10  2.76e-14  2.34e-10  2.88e-10
1.6e+03  5.95e-14  2.36e-10  3.72e-14  2.36e-10  2.91e-10
1.7e+03  7.62e-14   2.4e-10   4.9e-14   2.4e-10  2.94e-10
1.8e+03  9.54e-14   2.4e-10  6.32e-14   2.4e-10  2.97e-10
1.9e+03   1.2e-13  2.43e-10  7.78e-14  2.43e-10  2.99e-10
  2e+03  1.47e-13  2.45e-10  9.41e-14  2.45e-10  3.02e-10

______________________________________________________________________________________

Temperature-Pressure Rate Tables:

W1->W2

P\T           500       600       700       800       900     1e+03   1.1e+03   1.2e+03   1.3e+03   1.4e+03   1.5e+03   1.6e+03   1.7e+03   1.8e+03   1.9e+03     2e+03
0.1      1.49e+03  1.08e+04  4.95e+04   1.7e+05  3.79e+05  6.97e+05  1.21e+06  1.75e+06  2.36e+06  3.21e+06  4.16e+06  4.89e+06  6.01e+06  7.01e+06  8.12e+06  9.25e+06
1        1.67e+04  7.48e+04   2.4e+05  6.34e+05  1.21e+06     2e+06  3.17e+06  4.33e+06  5.61e+06   7.3e+06  9.09e+06  1.06e+07  1.26e+07  1.44e+07  1.64e+07  1.84e+07
10       2.04e+05  4.77e+05  1.01e+06     2e+06  3.26e+06  4.86e+06  7.07e+06  9.16e+06  1.15e+07  1.43e+07  1.72e+07  1.98e+07  2.29e+07  2.57e+07  2.89e+07   3.2e+07
100      1.53e+06  2.89e+06  4.81e+06  7.48e+06  1.05e+07  1.41e+07  1.84e+07  2.26e+07  2.71e+07  3.21e+07  3.72e+07  4.21e+07  4.72e+07   5.2e+07  5.72e+07  6.23e+07
O-O      2.78e+06  5.64e+06  9.69e+06  1.48e+07  2.09e+07  2.77e+07   3.5e+07  4.27e+07  5.06e+07  5.86e+07  6.66e+07  7.45e+07  8.23e+07  8.99e+07  9.73e+07  1.04e+08

W1->P1

P\T           500       600       700       800       900     1e+03   1.1e+03   1.2e+03   1.3e+03   1.4e+03   1.5e+03   1.6e+03   1.7e+03   1.8e+03   1.9e+03     2e+03
0.1       1.3e+09  1.71e+09  1.98e+09  2.14e+09  2.06e+09  1.99e+09  1.93e+09  1.78e+09  1.67e+09  1.55e+09  1.43e+09  1.36e+09  1.26e+09  1.14e+09  1.08e+09  1.01e+09
1        2.76e+09  3.26e+09  3.54e+09  3.66e+09  3.46e+09  3.27e+09  3.12e+09  2.85e+09  2.65e+09  2.44e+09  2.25e+09  2.11e+09  1.95e+09  1.77e+09  1.65e+09  1.55e+09
10       5.18e+09  5.65e+09  5.78e+09   5.7e+09  5.32e+09  4.95e+09  4.62e+09   4.2e+09  3.87e+09  3.55e+09  3.25e+09  3.02e+09  2.78e+09  2.53e+09  2.35e+09  2.19e+09
100      7.81e+09  8.54e+09  8.62e+09  8.33e+09  7.78e+09  7.19e+09  6.62e+09  6.04e+09  5.52e+09  5.04e+09  4.61e+09  4.23e+09   3.9e+09  3.57e+09  3.29e+09  3.04e+09
O-O      8.68e+09  9.72e+09  9.97e+09  9.74e+09  9.26e+09  8.67e+09  8.04e+09  7.42e+09  6.83e+09  6.27e+09  5.77e+09  5.31e+09  4.89e+09  4.51e+09  4.17e+09  3.86e+09

W1->P2

P\T           500       600       700       800       900     1e+03   1.1e+03   1.2e+03   1.3e+03   1.4e+03   1.5e+03   1.6e+03   1.7e+03   1.8e+03   1.9e+03     2e+03
0.1      1.11e+05  2.55e+05  5.21e+05  9.27e+05  1.31e+06   1.8e+06  2.39e+06  2.82e+06  3.47e+06  3.91e+06  4.25e+06  5.25e+06  5.44e+06  5.52e+06   6.1e+06  6.65e+06
1        3.27e+05  6.58e+05  1.18e+06  1.86e+06  2.45e+06  3.17e+06  3.98e+06  4.55e+06  5.45e+06  5.97e+06  6.35e+06  7.68e+06  7.86e+06   7.9e+06  8.58e+06  9.22e+06
10        8.7e+05  1.53e+06  2.42e+06  3.43e+06  4.33e+06  5.36e+06   6.4e+06  7.24e+06  8.43e+06  9.11e+06  9.64e+06  1.13e+07  1.16e+07  1.17e+07  1.25e+07  1.33e+07
100      7.67e+05  1.57e+06  2.65e+06   3.8e+06  5.03e+06  6.33e+06  7.46e+06  8.65e+06  9.96e+06  1.08e+07  1.15e+07  1.29e+07  1.34e+07  1.38e+07  1.45e+07   1.5e+07
O-O           ***       ***       ***       ***       ***       ***       ***       ***       ***       ***       ***       ***       ***       ***       ***       ***

W2->W1

P\T           500       600       700       800       900     1e+03   1.1e+03   1.2e+03   1.3e+03   1.4e+03   1.5e+03   1.6e+03   1.7e+03   1.8e+03   1.9e+03     2e+03
0.1          5.78      88.3       683  3.48e+03  1.06e+04  2.48e+04  5.29e+04  9.06e+04  1.41e+05  2.18e+05  3.15e+05  4.08e+05  5.46e+05  6.89e+05  8.56e+05  1.04e+06
1              65       611  3.32e+03   1.3e+04  3.37e+04  7.13e+04  1.39e+05  2.24e+05  3.36e+05  4.95e+05  6.89e+05  8.83e+05  1.14e+06  1.41e+06  1.73e+06  2.06e+06
10            795   3.9e+03   1.4e+04  4.11e+04  9.08e+04  1.73e+05  3.09e+05  4.75e+05  6.87e+05  9.71e+05  1.31e+06  1.65e+06  2.08e+06  2.53e+06  3.04e+06  3.59e+06
100      5.98e+03  2.36e+04  6.65e+04  1.53e+05  2.93e+05  5.03e+05  8.05e+05  1.17e+06  1.62e+06  2.18e+06  2.82e+06  3.51e+06  4.29e+06  5.11e+06  6.03e+06  6.99e+06
O-O      1.08e+04  4.61e+04  1.34e+05  3.04e+05  5.82e+05  9.87e+05  1.53e+06  2.21e+06  3.03e+06  3.98e+06  5.05e+06  6.22e+06  7.49e+06  8.83e+06  1.02e+07  1.17e+07

W2->P1

P\T           500       600       700       800       900     1e+03   1.1e+03   1.2e+03   1.3e+03   1.4e+03   1.5e+03   1.6e+03   1.7e+03   1.8e+03   1.9e+03     2e+03
0.1          1.21      11.6      73.5       371  1.28e+03  3.15e+03  7.13e+03  1.34e+04  2.03e+04  3.46e+04  5.54e+04   6.3e+04  9.44e+04  1.33e+05  1.63e+05  1.96e+05
1            24.5       132       495  1.65e+03  4.41e+03   9.3e+03  1.84e+04  3.18e+04   4.6e+04   7.3e+04   1.1e+05  1.25e+05  1.77e+05  2.41e+05   2.9e+05  3.43e+05
10            496     2e+03  5.57e+03  1.32e+04   2.7e+04  4.76e+04  7.88e+04  1.21e+05  1.66e+05  2.37e+05  3.26e+05  3.79e+05  4.96e+05  6.34e+05  7.46e+05  8.66e+05
100       1.1e+03  5.33e+03  1.63e+04  3.77e+04   7.6e+04  1.31e+05  2.03e+05  3.02e+05  4.11e+05  5.48e+05  7.08e+05  8.38e+05  1.03e+06  1.25e+06  1.43e+06  1.61e+06
O-O           ***       ***       ***       ***       ***       ***       ***       ***       ***       ***       ***       ***       ***       ***       ***       ***

W2->P2

P\T           500       600       700       800       900     1e+03   1.1e+03   1.2e+03   1.3e+03   1.4e+03   1.5e+03   1.6e+03   1.7e+03   1.8e+03   1.9e+03     2e+03
0.1      2.12e+09  2.67e+09  2.84e+09  2.95e+09  2.78e+09  2.56e+09   2.4e+09  2.15e+09  1.91e+09  1.75e+09   1.6e+09  1.42e+09  1.31e+09  1.18e+09  1.08e+09  9.87e+08
1        4.48e+09  5.09e+09  5.11e+09  5.03e+09  4.63e+09  4.18e+09  3.84e+09  3.41e+09  3.02e+09  2.73e+09  2.46e+09  2.18e+09     2e+09  1.79e+09  1.63e+09  1.48e+09
10       8.18e+09  8.54e+09   8.2e+09  7.74e+09  6.98e+09  6.22e+09  5.59e+09  4.93e+09  4.35e+09   3.9e+09  3.49e+09  3.09e+09  2.81e+09  2.51e+09  2.27e+09  2.06e+09
100      1.27e+10  1.29e+10  1.22e+10  1.12e+10     1e+10  8.85e+09  7.83e+09   6.9e+09  6.08e+09  5.39e+09  4.79e+09  4.27e+09  3.84e+09  3.43e+09  3.09e+09  2.79e+09
O-O      1.45e+10  1.51e+10  1.44e+10  1.33e+10   1.2e+10  1.07e+10   9.5e+09  8.42e+09  7.46e+09  6.63e+09   5.9e+09  5.26e+09  4.71e+09  4.23e+09  3.81e+09  3.44e+09

P1->W1

P\T           500       600       700       800       900     1e+03   1.1e+03   1.2e+03   1.3e+03   1.4e+03   1.5e+03   1.6e+03   1.7e+03   1.8e+03   1.9e+03     2e+03
0.1      3.67e-11  4.42e-11  5.13e-11  5.81e-11     6e-11  6.28e-11  6.68e-11  6.75e-11  6.98e-11  7.15e-11  7.27e-11  7.57e-11  7.73e-11  7.65e-11  7.86e-11  8.05e-11
1        7.78e-11  8.47e-11   9.2e-11  9.93e-11  1.01e-10  1.04e-10  1.08e-10  1.09e-10  1.11e-10  1.13e-10  1.14e-10  1.18e-10   1.2e-10  1.19e-10  1.21e-10  1.23e-10
10       1.46e-10  1.47e-10   1.5e-10  1.55e-10  1.55e-10  1.57e-10   1.6e-10   1.6e-10  1.63e-10  1.64e-10  1.65e-10  1.69e-10  1.71e-10   1.7e-10  1.72e-10  1.75e-10
100       2.2e-10  2.22e-10  2.24e-10  2.26e-10  2.27e-10  2.28e-10   2.3e-10  2.31e-10  2.32e-10  2.34e-10  2.35e-10  2.37e-10   2.4e-10  2.39e-10  2.41e-10  2.43e-10
O-O      2.45e-10  2.52e-10  2.59e-10  2.65e-10   2.7e-10  2.75e-10  2.79e-10  2.83e-10  2.87e-10  2.91e-10  2.94e-10  2.97e-10     3e-10  3.03e-10  3.06e-10  3.08e-10

P1->W2

P\T           500       600       700       800       900     1e+03   1.1e+03   1.2e+03   1.3e+03   1.4e+03   1.5e+03   1.6e+03   1.7e+03   1.8e+03   1.9e+03     2e+03
0.1      8.96e-18  3.84e-17  1.47e-16  5.25e-16  1.42e-15  2.95e-15  5.95e-15  1.03e-14  1.49e-14  2.45e-14  3.85e-14  4.39e-14  6.55e-14  9.32e-14  1.17e-13  1.44e-13
1        1.78e-16  4.23e-16  9.37e-16   2.2e-15  4.64e-15  8.32e-15  1.47e-14  2.36e-14  3.25e-14     5e-14  7.45e-14  8.42e-14   1.2e-13  1.65e-13  2.03e-13  2.45e-13
10       3.59e-15  6.36e-15  1.05e-14  1.75e-14  2.83e-14  4.23e-14  6.27e-14  8.93e-14  1.17e-13  1.62e-13  2.19e-13  2.55e-13  3.35e-13  4.33e-13   5.2e-13  6.17e-13
100      7.96e-15  1.69e-14  3.06e-14     5e-14  7.95e-14  1.16e-13  1.61e-13  2.23e-13  2.89e-13  3.74e-13  4.76e-13  5.62e-13  6.98e-13  8.56e-13  9.95e-13  1.15e-12
O-O           ***       ***       ***       ***       ***       ***       ***       ***       ***       ***       ***       ***       ***       ***       ***       ***

P1->P2

P\T           500       600       700       800       900     1e+03   1.1e+03   1.2e+03   1.3e+03   1.4e+03   1.5e+03   1.6e+03   1.7e+03   1.8e+03   1.9e+03     2e+03
0.1      7.46e-14  1.39e-13  2.35e-13   3.7e-13  5.53e-13  7.85e-13  1.07e-12  1.42e-12  1.82e-12  2.28e-12  2.81e-12  3.39e-12  4.06e-12  4.79e-12  5.56e-12  6.39e-12
1        6.82e-14  1.26e-13  2.13e-13  3.31e-13  4.94e-13  6.97e-13  9.38e-13  1.24e-12  1.59e-12  1.99e-12  2.45e-12  2.94e-12  3.51e-12  4.14e-12  4.78e-12  5.47e-12
10       4.42e-14  8.74e-14  1.51e-13  2.36e-13  3.56e-13  5.04e-13  6.72e-13  8.93e-13  1.14e-12  1.42e-12  1.73e-12  2.06e-12  2.45e-12  2.88e-12  3.29e-12  3.73e-12
100      5.23e-15  1.33e-14  2.68e-14  4.53e-14  7.34e-14  1.08e-13  1.46e-13  1.98e-13  2.55e-13  3.15e-13  3.81e-13  4.51e-13  5.31e-13  6.16e-13  6.89e-13  7.64e-13
O-O           ***       ***       ***       ***       ***       ***       ***       ***       ***       ***       ***       ***       ***       ***       ***       ***

P2->W1

P\T           500       600       700       800       900     1e+03   1.1e+03   1.2e+03   1.3e+03   1.4e+03   1.5e+03   1.6e+03   1.7e+03   1.8e+03   1.9e+03     2e+03
0.1      7.14e-18  3.41e-17  1.26e-16   3.7e-16  8.03e-16  1.61e-15  3.01e-15  4.82e-15  7.84e-15  1.14e-14  1.58e-14  2.43e-14  3.09e-14  3.82e-14  5.07e-14  6.57e-14
1         2.1e-17  8.82e-17  2.85e-16  7.42e-16   1.5e-15  2.85e-15     5e-15  7.77e-15  1.23e-14  1.74e-14  2.35e-14  3.54e-14  4.46e-14  5.44e-14   7.1e-14  9.08e-14
10        5.6e-17  2.05e-16  5.87e-16  1.37e-15  2.66e-15  4.81e-15  8.05e-15  1.24e-14   1.9e-14  2.66e-14  3.56e-14  5.19e-14  6.56e-14  8.08e-14  1.04e-13  1.31e-13
100      4.93e-17  2.11e-16  6.42e-16  1.52e-15  3.09e-15  5.68e-15  9.38e-15  1.48e-14  2.25e-14  3.15e-14  4.26e-14  5.95e-14  7.62e-14  9.54e-14   1.2e-13  1.47e-13
O-O           ***       ***       ***       ***       ***       ***       ***       ***       ***       ***       ***       ***       ***       ***       ***       ***

P2->W2

P\T           500       600       700       800       900     1e+03   1.1e+03   1.2e+03   1.3e+03   1.4e+03   1.5e+03   1.6e+03   1.7e+03   1.8e+03   1.9e+03     2e+03
0.1      3.48e-11  4.37e-11  4.97e-11  5.72e-11   6.1e-11   6.4e-11  6.86e-11  7.04e-11  7.17e-11  7.49e-11  7.76e-11  7.81e-11  8.16e-11  8.25e-11  8.44e-11  8.62e-11
1        7.39e-11  8.34e-11  8.95e-11   9.8e-11  1.02e-10  1.05e-10   1.1e-10  1.12e-10  1.13e-10  1.17e-10   1.2e-10  1.21e-10  1.25e-10  1.26e-10  1.28e-10   1.3e-10
10       1.35e-10   1.4e-10  1.44e-10  1.51e-10  1.54e-10  1.56e-10  1.61e-10  1.62e-10  1.64e-10  1.67e-10   1.7e-10  1.71e-10  1.75e-10  1.76e-10  1.79e-10  1.81e-10
100      2.09e-10  2.12e-10  2.14e-10  2.18e-10   2.2e-10  2.22e-10  2.25e-10  2.27e-10  2.29e-10  2.31e-10  2.34e-10  2.36e-10   2.4e-10   2.4e-10  2.43e-10  2.45e-10
O-O       2.4e-10  2.47e-10  2.53e-10  2.59e-10  2.64e-10  2.69e-10  2.73e-10  2.77e-10  2.81e-10  2.84e-10  2.88e-10  2.91e-10  2.94e-10  2.97e-10  2.99e-10  3.02e-10

P2->P1

P\T           500       600       700       800       900     1e+03   1.1e+03   1.2e+03   1.3e+03   1.4e+03   1.5e+03   1.6e+03   1.7e+03   1.8e+03   1.9e+03     2e+03
0.1       1.7e-16  7.16e-16   2.2e-15  5.44e-15  1.16e-14  2.22e-14  3.86e-14  6.33e-14  9.76e-14  1.44e-13  2.04e-13   2.8e-13  3.75e-13  4.92e-13  6.27e-13  7.87e-13
1        1.56e-16  6.53e-16  1.99e-15  4.87e-15  1.04e-14  1.97e-14   3.4e-14  5.56e-14  8.54e-14  1.25e-13  1.78e-13  2.42e-13  3.25e-13  4.25e-13   5.4e-13  6.73e-13
10       1.01e-16  4.52e-16  1.41e-15  3.47e-15   7.5e-15  1.43e-14  2.43e-14  3.99e-14  6.11e-14  8.91e-14  1.25e-13   1.7e-13  2.27e-13  2.96e-13  3.72e-13   4.6e-13
100      1.19e-17  6.85e-17  2.51e-16  6.66e-16  1.55e-15  3.07e-15  5.27e-15  8.86e-15  1.37e-14  1.98e-14  2.76e-14  3.72e-14   4.9e-14  6.32e-14  7.78e-14  9.41e-14
O-O           ***       ***       ***       ***       ***       ***       ***       ***       ***       ***       ***       ***       ***       ***       ***       ***

W1-> 

P\T           500       600       700       800       900     1e+03   1.1e+03   1.2e+03   1.3e+03   1.4e+03   1.5e+03   1.6e+03   1.7e+03   1.8e+03   1.9e+03     2e+03
0.1       1.3e+09  1.71e+09  1.98e+09  2.14e+09  2.07e+09  1.99e+09  1.94e+09  1.78e+09  1.67e+09  1.56e+09  1.44e+09  1.37e+09  1.28e+09  1.16e+09  1.09e+09  1.03e+09
1        2.76e+09  3.26e+09  3.55e+09  3.66e+09  3.46e+09  3.28e+09  3.13e+09  2.86e+09  2.66e+09  2.46e+09  2.26e+09  2.12e+09  1.97e+09  1.79e+09  1.68e+09  1.57e+09
10       5.18e+09  5.65e+09  5.78e+09  5.71e+09  5.32e+09  4.96e+09  4.64e+09  4.22e+09  3.89e+09  3.57e+09  3.28e+09  3.05e+09  2.82e+09  2.57e+09  2.39e+09  2.23e+09
100      7.81e+09  8.55e+09  8.63e+09  8.34e+09   7.8e+09  7.21e+09  6.65e+09  6.07e+09  5.56e+09  5.09e+09  4.66e+09  4.29e+09  3.96e+09  3.63e+09  3.36e+09  3.12e+09
O-O      8.68e+09  9.72e+09  9.98e+09  9.75e+09  9.28e+09   8.7e+09  8.07e+09  7.46e+09  6.88e+09  6.33e+09  5.84e+09  5.38e+09  4.97e+09   4.6e+09  4.27e+09  3.96e+09

W2-> 

P\T           500       600       700       800       900     1e+03   1.1e+03   1.2e+03   1.3e+03   1.4e+03   1.5e+03   1.6e+03   1.7e+03   1.8e+03   1.9e+03     2e+03
0.1      2.12e+09  2.67e+09  2.84e+09  2.95e+09  2.78e+09  2.56e+09   2.4e+09  2.15e+09  1.91e+09  1.75e+09   1.6e+09  1.42e+09  1.31e+09  1.18e+09  1.08e+09  9.88e+08
1        4.48e+09  5.09e+09  5.11e+09  5.03e+09  4.63e+09  4.18e+09  3.84e+09  3.41e+09  3.02e+09  2.73e+09  2.46e+09  2.18e+09     2e+09  1.79e+09  1.63e+09  1.48e+09
10       8.18e+09  8.54e+09   8.2e+09  7.74e+09  6.98e+09  6.22e+09   5.6e+09  4.93e+09  4.35e+09   3.9e+09  3.49e+09   3.1e+09  2.81e+09  2.52e+09  2.28e+09  2.07e+09
100      1.27e+10  1.29e+10  1.22e+10  1.12e+10     1e+10  8.85e+09  7.84e+09   6.9e+09  6.08e+09   5.4e+09   4.8e+09  4.27e+09  3.85e+09  3.44e+09   3.1e+09   2.8e+09
O-O      1.45e+10  1.51e+10  1.44e+10  1.33e+10   1.2e+10  1.07e+10   9.5e+09  8.42e+09  7.47e+09  6.63e+09   5.9e+09  5.27e+09  4.72e+09  4.24e+09  3.82e+09  3.45e+09

P1-> 

P\T           500       600       700       800       900     1e+03   1.1e+03   1.2e+03   1.3e+03   1.4e+03   1.5e+03   1.6e+03   1.7e+03   1.8e+03   1.9e+03     2e+03
0.1      3.78e-11  4.52e-11  5.24e-11  5.92e-11  6.12e-11  6.43e-11  6.86e-11  6.97e-11  7.24e-11  7.46e-11  7.63e-11  7.98e-11  8.22e-11  8.22e-11  8.51e-11  8.79e-11
1        7.79e-11  8.48e-11  9.22e-11  9.97e-11  1.01e-10  1.04e-10  1.09e-10   1.1e-10  1.13e-10  1.15e-10  1.17e-10  1.21e-10  1.23e-10  1.23e-10  1.26e-10  1.29e-10
10       1.46e-10  1.47e-10   1.5e-10  1.55e-10  1.55e-10  1.57e-10  1.61e-10  1.61e-10  1.64e-10  1.66e-10  1.67e-10  1.71e-10  1.74e-10  1.73e-10  1.76e-10  1.79e-10
100       2.2e-10  2.22e-10  2.24e-10  2.27e-10  2.27e-10  2.28e-10   2.3e-10  2.31e-10  2.33e-10  2.34e-10  2.36e-10  2.38e-10  2.41e-10  2.41e-10  2.43e-10  2.45e-10
O-O      2.45e-10  2.52e-10  2.59e-10  2.65e-10   2.7e-10  2.75e-10  2.79e-10  2.83e-10  2.87e-10  2.91e-10  2.94e-10  2.97e-10     3e-10  3.03e-10  3.06e-10  3.08e-10

P2-> 

P\T           500       600       700       800       900     1e+03   1.1e+03   1.2e+03   1.3e+03   1.4e+03   1.5e+03   1.6e+03   1.7e+03   1.8e+03   1.9e+03     2e+03
0.1      3.57e-11  4.44e-11  5.05e-11  5.79e-11  6.17e-11  6.47e-11  6.93e-11  7.12e-11  7.25e-11  7.57e-11  7.85e-11  7.92e-11  8.29e-11  8.39e-11  8.61e-11  8.82e-11
1        7.39e-11  8.34e-11  8.95e-11   9.8e-11  1.02e-10  1.05e-10   1.1e-10  1.12e-10  1.14e-10  1.17e-10   1.2e-10  1.21e-10  1.25e-10  1.26e-10  1.28e-10  1.31e-10
10       1.35e-10   1.4e-10  1.44e-10  1.51e-10  1.54e-10  1.56e-10  1.61e-10  1.63e-10  1.64e-10  1.67e-10   1.7e-10  1.71e-10  1.75e-10  1.77e-10  1.79e-10  1.81e-10
100      2.09e-10  2.12e-10  2.14e-10  2.18e-10   2.2e-10  2.22e-10  2.25e-10  2.27e-10  2.29e-10  2.32e-10  2.34e-10  2.36e-10   2.4e-10   2.4e-10  2.43e-10  2.45e-10
O-O       2.4e-10  2.47e-10  2.53e-10  2.59e-10  2.64e-10  2.69e-10  2.73e-10  2.77e-10  2.81e-10  2.84e-10  2.88e-10  2.91e-10  2.94e-10  2.97e-10  2.99e-10  3.02e-10

