Wells (G - ground energy, D - dissociation limit, kcal/mol):
                             W         G         D
        FakeW-C5H8(522)+HO2(8)        -3         0
      FakeW-C5H7(500)+H2O2(10)     -5.67     -2.67

Bimolecular Products (G - ground energy, kcal/mol):
                       P         G
        C5H8(522)+HO2(8)         0
      C5H7(500)+H2O2(10)     -2.67

Well-to-Bimolecular Barriers (H/G - barrier height/well depth, kcal/mol)
                             B         H                        W         G                  P
        FakeB-C5H8(522)+HO2(8)         0   FakeW-C5H8(522)+HO2(8)        -3   C5H8(522)+HO2(8)
      FakeB-C5H7(500)+H2O2(10)     -2.67 FakeW-C5H7(500)+H2O2(10)     -5.67 C5H7(500)+H2O2(10)

Well-to-Well Barriers (H/G - barrier height/well depth, kcal/mol):
            B         H                       W1        G1                       W2        G2
      ts_6_36      12.4   FakeW-C5H8(522)+HO2(8)        -3 FakeW-C5H7(500)+H2O2(10)     -5.67

Bound Groups: dissociation barrier (name/ground energy, kcal/mol): wells (name/ground energy, kcal/mol):
     C2/-2.67:  FakeW-C5H7(500)+H2O2(10)/-5.67

     C1/0:  FakeW-C5H8(522)+HO2(8)/-3

________________________________________________________________________________________

Names Translation Tables (<short name> - <original name>):
Wells:
   W1 - FakeW-C5H8(522)+HO2(8)
   W2 - FakeW-C5H7(500)+H2O2(10)
Bimolecular products:
   P1 - C5H8(522)+HO2(8)
   P2 - C5H7(500)+H2O2(10)
Inner Barriers:
   B1 - ts_6_36
Outer Barriers:
   C1 - FakeB-C5H8(522)+HO2(8)
   C2 - FakeB-C5H7(500)+H2O2(10)
Unimolecular Rate Units: 1/sec;  Bimolecular Rate Units: cm^3/sec

______________________________________________________________________________________

Species-Species Rate Tables:

Temperature = 500 K

High Pressure Rate Coefficients:

From\To         W1        W2        P1        P2
W1             ***  7.48e+03  2.12e+11       ***
W2             495       ***       ***  4.56e+11
P1        1.91e-10       ***       ***       ***
P2             ***   1.9e-10       ***       ***

Temperature = 500 K    Pressure = 0.1 atm

From\To         W1        W2        P1        P2
W1        1.02e+10    0.0225  1.02e+10     0.562
W2         0.00148  1.82e+10  0.000742  1.82e+10
P1        9.11e-12  1.04e-23  9.11e-12  6.73e-18
P2        1.53e-23  7.42e-12  2.05e-19  7.42e-12

Temperature = 500 K    Pressure = 1 atm

From\To         W1        W2        P1        P2
W1        2.75e+10     0.207  2.75e+10      3.24
W2          0.0136   4.9e+10   0.00702   4.9e+10
P1        2.48e-11  9.66e-23  2.48e-11  6.72e-18
P2        8.91e-23  2.03e-11  2.05e-19  2.03e-11

Temperature = 500 K    Pressure = 10 atm

From\To         W1        W2        P1        P2
W1        5.87e+10      1.65  5.87e+10      20.8
W2           0.109  1.07e+11    0.0953  1.07e+11
P1        5.29e-11   1.3e-21  5.29e-11  6.71e-18
P2        5.74e-22  4.44e-11  2.05e-19  4.44e-11

Temperature = 500 K    Pressure = 100 atm

From\To         W1        W2        P1        P2
W1        1.07e+11      16.9  1.07e+11       304
W2            1.12  1.95e+11      2.78  1.95e+11
P1        9.68e-11   3.8e-20  9.68e-11   6.4e-18
P2        8.38e-21  8.14e-11  1.95e-19  8.14e-11

Temperature = 600 K

High Pressure Rate Coefficients:

From\To         W1        W2        P1        P2
W1             ***   5.6e+04   2.2e+11       ***
W2        5.05e+03       ***       ***  4.73e+11
P1        1.97e-10       ***       ***       ***
P2             ***  1.96e-10       ***       ***

Temperature = 600 K    Pressure = 0.1 atm

From\To         W1        W2        P1        P2
W1        1.72e+10     0.256  1.72e+10      4.61
W2          0.0226  2.78e+10    0.0127  2.78e+10
P1        1.51e-11  1.36e-22  1.51e-11  5.01e-17
P2        1.69e-22  1.11e-11  2.08e-18  1.11e-11

Temperature = 600 K    Pressure = 1 atm

From\To         W1        W2        P1        P2
W1        3.77e+10   -0.0622  3.77e+10      28.8
W2        -0.00751  6.28e+10     0.117  6.28e+10
P1        3.37e-11  1.18e-21  3.37e-11  5.01e-17
P2        1.07e-21  2.58e-11  2.08e-18  2.58e-11

Temperature = 600 K    Pressure = 10 atm

From\To         W1        W2        P1        P2
W1        7.06e+10      18.2  7.06e+10       190
W2            1.64  1.23e+11      1.26  1.23e+11
P1        6.33e-11  1.26e-20  6.33e-11  4.99e-17
P2         7.1e-21  5.08e-11  2.08e-18  5.08e-11

Temperature = 600 K    Pressure = 100 atm

From\To         W1        W2        P1        P2
W1        1.16e+11       164  1.16e+11  2.24e+03
W2            14.8  2.09e+11      28.8  2.09e+11
P1        1.04e-10  2.87e-19  1.04e-10  4.77e-17
P2        8.38e-20  8.64e-11  1.98e-18  8.64e-11

Temperature = 700 K

High Pressure Rate Coefficients:

From\To         W1        W2        P1        P2
W1             ***   2.6e+05  2.11e+11       ***
W2        2.87e+04       ***       ***  4.54e+11
P1        2.03e-10       ***       ***       ***
P2             ***  2.01e-10       ***       ***

Temperature = 700 K    Pressure = 0.1 atm

From\To         W1        W2        P1        P2
W1        1.96e+10      3.02  1.96e+10      35.9
W2           0.321   3.3e+10     0.225   3.3e+10
P1        1.83e-11  2.08e-21  1.83e-11  2.49e-16
P2        1.73e-21   1.4e-11  1.27e-17   1.4e-11

Temperature = 700 K    Pressure = 1 atm

From\To         W1        W2        P1        P2
W1        3.96e+10      25.8  3.96e+10       232
W2            2.82  6.86e+10      1.89  6.86e+10
P1        3.79e-11  1.67e-20  3.79e-11  2.49e-16
P2        1.13e-20  3.01e-11  1.27e-17  3.01e-11

Temperature = 700 K    Pressure = 10 atm

From\To         W1        W2        P1        P2
W1        7.03e+10       204  7.03e+10  1.39e+03
W2            22.5  1.26e+11      15.4  1.26e+11
P1        6.75e-11  1.34e-19  6.75e-11  2.47e-16
P2        6.78e-20  5.59e-11  1.26e-17  5.59e-11

Temperature = 700 K    Pressure = 100 atm

From\To         W1        W2        P1        P2
W1        1.11e+11  1.49e+03  1.11e+11  1.15e+04
W2             165  2.05e+11       216  2.05e+11
P1        1.07e-10  1.88e-18  1.07e-10  2.35e-16
P2        5.63e-19   9.1e-11   1.2e-17   9.1e-11

Temperature = 800 K

High Pressure Rate Coefficients:

From\To         W1        W2        P1        P2
W1             ***   8.6e+05  1.94e+11       ***
W2         1.1e+05       ***       ***  4.18e+11
P1        2.07e-10       ***       ***       ***
P2             ***  2.06e-10       ***       ***

Temperature = 800 K    Pressure = 0.1 atm

From\To         W1        W2        P1        P2
W1         2.1e+10      38.7   2.1e+10       329
W2            4.71  3.57e+10      3.43  3.57e+10
P1        2.16e-11  3.09e-20  2.16e-11  9.15e-16
P2        2.03e-20  1.66e-11  5.38e-17  1.66e-11

Temperature = 800 K    Pressure = 1 atm

From\To         W1        W2        P1        P2
W1        4.02e+10       302  4.02e+10  1.85e+03
W2            38.2  7.02e+10        24  7.02e+10
P1        4.26e-11  2.05e-19  4.26e-11  9.12e-16
P2        1.16e-19  3.41e-11  5.36e-17  3.41e-11

Temperature = 800 K    Pressure = 10 atm

From\To         W1        W2        P1        P2
W1        6.84e+10  2.05e+03  6.84e+10  8.62e+03
W2             261  1.24e+11       139  1.24e+11
P1        7.29e-11  1.17e-18  7.29e-11  9.02e-16
P2        5.41e-19  6.09e-11  5.31e-17  6.09e-11

Temperature = 800 K    Pressure = 100 atm

From\To         W1        W2        P1        P2
W1        1.05e+11  1.11e+04  1.05e+11  4.74e+04
W2        1.41e+03  1.95e+11  1.14e+03  1.95e+11
P1        1.11e-10  9.57e-18  1.11e-10  8.43e-16
P2        2.97e-18  9.59e-11  4.96e-17  9.59e-11

Temperature = 900 K

High Pressure Rate Coefficients:

From\To         W1        W2        P1        P2
W1             ***  2.24e+06  1.75e+11       ***
W2        3.17e+05       ***       ***  3.77e+11
P1        2.11e-10       ***       ***       ***
P2             ***   2.1e-10       ***       ***

Temperature = 900 K    Pressure = 0.1 atm

From\To         W1        W2        P1        P2
W1        2.05e+10       338  2.05e+10  2.15e+03
W2            45.9   3.4e+10      26.8   3.4e+10
P1        2.39e-11  2.53e-19  2.39e-11  2.69e-15
P2        1.68e-19  1.78e-11  1.76e-16  1.78e-11

Temperature = 900 K    Pressure = 1 atm

From\To         W1        W2        P1        P2
W1         3.8e+10  2.18e+03   3.8e+10  9.75e+03
W2             306  6.51e+10       151  6.51e+10
P1        4.56e-11  1.32e-18  4.56e-11  2.67e-15
P2        7.69e-19  3.58e-11  1.75e-16  3.58e-11

Temperature = 900 K    Pressure = 10 atm

From\To         W1        W2        P1        P2
W1        6.31e+10  1.17e+04  6.31e+10  3.61e+04
W2        1.66e+03  1.13e+11       672  1.13e+11
P1        7.61e-11  5.75e-18  7.61e-11  2.63e-15
P2        2.85e-18  6.27e-11  1.72e-16  6.27e-11

Temperature = 900 K    Pressure = 100 atm

From\To         W1        W2        P1        P2
W1        9.46e+10  4.99e+04  9.46e+10  1.48e+05
W2        7.08e+03  1.75e+11  3.95e+03  1.75e+11
P1        1.14e-10  3.36e-17  1.14e-10  2.42e-15
P2        1.17e-17  9.73e-11  1.58e-16  9.73e-11

Temperature = 1e+03 K

High Pressure Rate Coefficients:

From\To         W1        W2        P1        P2
W1             ***  4.87e+06  1.56e+11       ***
W2         7.5e+05       ***       ***  3.36e+11
P1        2.15e-10       ***       ***       ***
P2             ***  2.13e-10       ***       ***

Temperature = 1e+03 K    Pressure = 0.1 atm

From\To         W1        W2        P1        P2
W1        1.88e+10  2.42e+03  1.88e+10  8.32e+03
W2             358  3.35e+10       206  3.35e+10
P1        2.49e-11     2e-18  2.49e-11  6.67e-15
P2        8.17e-19     2e-11  4.74e-16     2e-11

Temperature = 1e+03 K    Pressure = 1 atm

From\To         W1        W2        P1        P2
W1        3.43e+10  1.19e+04  3.43e+10  3.14e+04
W2        1.82e+03  6.24e+10       901  6.24e+10
P1        4.68e-11  8.23e-18  4.68e-11  6.62e-15
P2        3.08e-18  3.91e-11   4.7e-16  3.91e-11

Temperature = 1e+03 K    Pressure = 10 atm

From\To         W1        W2        P1        P2
W1        5.62e+10  5.12e+04  5.62e+10  9.84e+04
W2        7.88e+03  1.06e+11  3.17e+03  1.06e+11
P1        7.72e-11  2.84e-17  7.72e-11  6.45e-15
P2        9.63e-18  6.69e-11  4.58e-16  6.69e-11

Temperature = 1e+03 K    Pressure = 100 atm

From\To         W1        W2        P1        P2
W1        8.34e+10  1.78e+05  8.34e+10   3.4e+05
W2        2.74e+04   1.6e+11  1.32e+04   1.6e+11
P1        1.15e-10  1.18e-16  1.15e-10  5.86e-15
P2        3.32e-17  1.02e-10  4.16e-16  1.02e-10

Temperature = 1.1e+03 K

High Pressure Rate Coefficients:

From\To         W1        W2        P1        P2
W1             ***  9.28e+06  1.39e+11       ***
W2        1.53e+06       ***       ***  2.98e+11
P1        2.18e-10       ***       ***       ***
P2             ***  2.17e-10       ***       ***

Temperature = 1.1e+03 K    Pressure = 0.1 atm

From\To         W1        W2        P1        P2
W1        1.78e+10   9.7e+03  1.78e+10  3.03e+04
W2        1.55e+03  3.01e+10       628  3.01e+10
P1        2.69e-11  6.82e-18   2.7e-11  1.45e-14
P2        3.64e-18  2.06e-11   1.1e-15  2.06e-11

Temperature = 1.1e+03 K    Pressure = 1 atm

From\To         W1        W2        P1        P2
W1        3.17e+10  4.07e+04  3.17e+10  9.73e+04
W2        6.66e+03  5.54e+10  2.44e+03  5.54e+10
P1        4.96e-11  2.41e-17  4.96e-11  1.43e-14
P2        1.17e-17  3.98e-11  1.09e-15  3.98e-11

Temperature = 1.1e+03 K    Pressure = 10 atm

From\To         W1        W2        P1        P2
W1        5.11e+10   1.5e+05  5.11e+10  2.65e+05
W2        2.47e+04  9.31e+10  7.53e+03  9.31e+10
P1        8.04e-11  7.25e-17  8.04e-11  1.39e-14
P2        3.17e-17  6.75e-11  1.05e-15  6.75e-11

Temperature = 1.1e+03 K    Pressure = 100 atm

From\To         W1        W2        P1        P2
W1        7.47e+10   4.6e+05  7.47e+10  7.69e+05
W2        7.58e+04  1.41e+11  2.76e+04  1.41e+11
P1        1.18e-10  2.65e-16  1.18e-10  1.24e-14
P2         9.2e-17  1.02e-10   9.4e-16  1.02e-10

Temperature = 1.2e+03 K

High Pressure Rate Coefficients:

From\To         W1        W2        P1        P2
W1             ***   1.6e+07  1.23e+11       ***
W2        2.78e+06       ***       ***  2.64e+11
P1        2.22e-10       ***       ***       ***
P2             ***   2.2e-10       ***       ***

Temperature = 1.2e+03 K    Pressure = 0.1 atm

From\To         W1        W2        P1        P2
W1         1.6e+10  3.23e+04   1.6e+10  7.26e+04
W2        5.47e+03  2.81e+10  2.15e+03  2.81e+10
P1        2.79e-11  2.48e-17  2.79e-11  2.85e-14
P2        1.07e-17   2.2e-11  2.29e-15   2.2e-11

Temperature = 1.2e+03 K    Pressure = 1 atm

From\To         W1        W2        P1        P2
W1        2.83e+10  1.17e+05  2.83e+10   2.1e+05
W2        2.02e+04   5.1e+10  7.22e+03   5.1e+10
P1        5.07e-11  7.68e-17  5.08e-11  2.81e-14
P2        3.06e-17  4.19e-11  2.25e-15  4.19e-11

Temperature = 1.2e+03 K    Pressure = 10 atm

From\To         W1        W2        P1        P2
W1        4.53e+10   3.8e+05  4.52e+10  5.18e+05
W2        6.61e+04  8.45e+10  1.97e+04  8.45e+10
P1        8.15e-11  2.05e-16  8.15e-11  2.69e-14
P2        7.52e-17  7.01e-11  2.16e-15  7.01e-11

Temperature = 1.2e+03 K    Pressure = 100 atm

From\To         W1        W2        P1        P2
W1        6.58e+10  1.04e+06  6.58e+10  1.37e+06
W2        1.82e+05  1.26e+11  6.12e+04  1.26e+11
P1        1.19e-10  6.35e-16  1.19e-10  2.37e-14
P2        1.99e-16  1.05e-10  1.91e-15  1.05e-10

Temperature = 1.3e+03 K

High Pressure Rate Coefficients:

From\To         W1        W2        P1        P2
W1             ***  2.53e+07  1.09e+11       ***
W2        4.63e+06       ***       ***  2.34e+11
P1        2.25e-10       ***       ***       ***
P2             ***  2.23e-10       ***       ***

Temperature = 1.3e+03 K    Pressure = 0.1 atm

From\To         W1        W2        P1        P2
W1        1.49e+10   8.8e+04  1.49e+10   1.7e+05
W2        1.57e+04  2.62e+10  5.33e+03  2.62e+10
P1        2.97e-11  6.79e-17  2.97e-11  5.15e-14
P2        3.01e-17  2.34e-11  4.34e-15  2.34e-11

Temperature = 1.3e+03 K    Pressure = 1 atm

From\To         W1        W2        P1        P2
W1         2.6e+10  2.85e+05   2.6e+10  4.43e+05
W2        5.19e+04  4.68e+10  1.63e+04  4.68e+10
P1        5.33e-11   1.9e-16  5.33e-11  5.04e-14
P2        7.75e-17   4.4e-11  4.25e-15   4.4e-11

Temperature = 1.3e+03 K    Pressure = 10 atm

From\To         W1        W2        P1        P2
W1         4.1e+10  8.43e+05   4.1e+10     1e+06
W2        1.54e+05  7.66e+10  4.05e+04  7.66e+10
P1        8.44e-11   4.6e-16  8.45e-11  4.78e-14
P2        1.74e-16  7.27e-11  4.03e-15  7.27e-11

Temperature = 1.3e+03 K    Pressure = 100 atm

From\To         W1        W2        P1        P2
W1         5.9e+10  2.13e+06   5.9e+10  2.39e+06
W2        3.88e+05  1.13e+11  1.13e+05  1.13e+11
P1        1.21e-10  1.28e-15  1.22e-10  4.15e-14
P2        4.16e-16  1.07e-10  3.49e-15  1.07e-10

Temperature = 1.4e+03 K

High Pressure Rate Coefficients:

From\To         W1        W2        P1        P2
W1             ***  3.77e+07  9.67e+10       ***
W2        7.19e+06       ***       ***  2.08e+11
P1        2.27e-10       ***       ***       ***
P2             ***  2.26e-10       ***       ***

Temperature = 1.4e+03 K    Pressure = 0.1 atm

From\To         W1        W2        P1        P2
W1        1.34e+10  1.81e+05  1.34e+10  3.17e+05
W2        3.38e+04  2.35e+10  1.04e+04  2.35e+10
P1        3.04e-11  1.46e-16  3.05e-11   8.7e-14
P2        6.69e-17   2.4e-11  7.64e-15   2.4e-11

Temperature = 1.4e+03 K    Pressure = 1 atm

From\To         W1        W2        P1        P2
W1        2.32e+10   5.5e+05  2.32e+10  7.75e+05
W2        1.04e+05  4.18e+10  3.02e+04  4.18e+10
P1        5.42e-11  3.83e-16  5.43e-11  8.48e-14
P2        1.61e-16  4.47e-11  7.45e-15  4.47e-11

Temperature = 1.4e+03 K    Pressure = 10 atm

From\To         W1        W2        P1        P2
W1        3.64e+10  1.52e+06  3.64e+10  1.65e+06
W2         2.9e+05   6.8e+10  7.06e+04   6.8e+10
P1        8.55e-11  8.75e-16  8.56e-11  7.99e-14
P2        3.42e-16  7.35e-11  7.02e-15  7.35e-11

Temperature = 1.4e+03 K    Pressure = 100 atm

From\To         W1        W2        P1        P2
W1        5.22e+10  3.64e+06  5.22e+10  3.73e+06
W2        6.93e+05  9.99e+10  1.85e+05  9.99e+10
P1        1.23e-10  2.28e-15  1.23e-10  6.87e-14
P2        7.71e-16  1.08e-10  6.03e-15  1.08e-10

Temperature = 1.5e+03 K

High Pressure Rate Coefficients:

From\To         W1        W2        P1        P2
W1             ***  5.32e+07  8.61e+10       ***
W2        1.05e+07       ***       ***  1.85e+11
P1         2.3e-10       ***       ***       ***
P2             ***  2.28e-10       ***       ***

Temperature = 1.5e+03 K    Pressure = 0.1 atm

From\To         W1        W2        P1        P2
W1        1.21e+10  3.66e+05  1.21e+10  5.03e+05
W2        7.11e+04  2.19e+10  2.32e+04  2.19e+10
P1        3.12e-11  3.46e-16  3.13e-11  1.39e-13
P2        1.27e-16  2.54e-11  1.27e-14  2.54e-11

Temperature = 1.5e+03 K    Pressure = 1 atm

From\To         W1        W2        P1        P2
W1        2.08e+10  1.03e+06  2.08e+10  1.18e+06
W2        2.02e+05  3.84e+10  6.09e+04  3.84e+10
P1        5.51e-11  8.43e-16  5.53e-11  1.35e-13
P2        2.91e-16  4.67e-11  1.23e-14  4.67e-11

Temperature = 1.5e+03 K    Pressure = 10 atm

From\To         W1        W2        P1        P2
W1        3.24e+10  2.67e+06  3.24e+10   2.4e+06
W2        5.28e+05  6.19e+10  1.33e+05  6.19e+10
P1        8.65e-11   1.8e-15  8.66e-11  1.26e-13
P2        5.87e-16   7.6e-11  1.15e-14   7.6e-11

Temperature = 1.5e+03 K    Pressure = 100 atm

From\To         W1        W2        P1        P2
W1        4.63e+10  6.02e+06  4.63e+10  5.22e+06
W2        1.19e+06  9.01e+10  3.18e+05  9.01e+10
P1        1.24e-10   4.3e-15  1.24e-10  1.07e-13
P2        1.27e-15  1.11e-10  9.78e-15  1.11e-10

Temperature = 1.6e+03 K

High Pressure Rate Coefficients:

From\To         W1        W2        P1        P2
W1             ***  7.19e+07  7.68e+10       ***
W2        1.47e+07       ***       ***  1.65e+11
P1        2.32e-10       ***       ***       ***
P2             ***  2.31e-10       ***       ***

Temperature = 1.6e+03 K    Pressure = 0.1 atm

From\To         W1        W2        P1        P2
W1        1.12e+10  6.11e+05  1.12e+10  9.12e+05
W2        1.23e+05  1.97e+10  3.26e+04  1.97e+10
P1        3.28e-11  5.51e-16   3.3e-11  2.11e-13
P2        2.68e-16  2.59e-11  1.99e-14  2.59e-11

Temperature = 1.6e+03 K    Pressure = 1 atm

From\To         W1        W2        P1        P2
W1        1.91e+10  1.67e+06  1.91e+10     2e+06
W2        3.42e+05  3.44e+10  8.53e+04  3.44e+10
P1        5.74e-11   1.3e-15  5.76e-11  2.04e-13
P2        5.77e-16  4.75e-11  1.93e-14  4.75e-11

Temperature = 1.6e+03 K    Pressure = 10 atm

From\To         W1        W2        P1        P2
W1        2.95e+10  4.19e+06  2.95e+10  3.87e+06
W2        8.57e+05  5.52e+10   1.8e+05  5.52e+10
P1        8.92e-11  2.68e-15  8.93e-11  1.89e-13
P2        1.11e-15  7.69e-11  1.79e-14  7.69e-11

Temperature = 1.6e+03 K    Pressure = 100 atm

From\To         W1        W2        P1        P2
W1        4.18e+10  9.11e+06  4.18e+10  7.86e+06
W2        1.87e+06  8.02e+10  4.25e+05  8.02e+10
P1        1.26e-10  6.28e-15  1.26e-10  1.59e-13
P2        2.25e-15  1.12e-10   1.5e-14  1.12e-10

Temperature = 1.7e+03 K

High Pressure Rate Coefficients:

From\To         W1        W2        P1        P2
W1             ***  9.38e+07  6.88e+10       ***
W2        1.98e+07       ***       ***  1.48e+11
P1        2.35e-10       ***       ***       ***
P2             ***  2.33e-10       ***       ***

Temperature = 1.7e+03 K    Pressure = 0.1 atm

From\To         W1        W2        P1        P2
W1        1.03e+10  1.03e+06  1.03e+10  1.25e+06
W2        2.16e+05  1.87e+10   6.3e+04  1.87e+10
P1        3.42e-11  1.11e-15  3.45e-11  3.09e-13
P2         4.3e-16   2.8e-11  3.01e-14   2.8e-11

Temperature = 1.7e+03 K    Pressure = 1 atm

From\To         W1        W2        P1        P2
W1        1.74e+10  2.68e+06  1.74e+10  2.68e+06
W2        5.66e+05  3.23e+10  1.51e+05  3.23e+10
P1        5.92e-11  2.49e-15  5.95e-11  2.97e-13
P2        9.02e-16  5.04e-11   2.9e-14  5.04e-11

Temperature = 1.7e+03 K    Pressure = 10 atm

From\To         W1        W2        P1        P2
W1        2.68e+10  6.42e+06  2.68e+10  5.02e+06
W2        1.36e+06  5.12e+10  3.01e+05  5.12e+10
P1        9.13e-11  4.89e-15  9.15e-11  2.74e-13
P2        1.68e-15  8.05e-11  2.67e-14  8.05e-11

Temperature = 1.7e+03 K    Pressure = 100 atm

From\To         W1        W2        P1        P2
W1        3.77e+10  1.34e+07  3.77e+10     1e+07
W2        2.84e+06  7.36e+10  6.61e+05  7.36e+10
P1        1.29e-10  1.07e-14  1.29e-10  2.27e-13
P2        3.33e-15  1.16e-10  2.22e-14  1.16e-10

Temperature = 1.8e+03 K

High Pressure Rate Coefficients:

From\To         W1        W2        P1        P2
W1             ***  1.19e+08  6.18e+10       ***
W2        2.58e+07       ***       ***  1.33e+11
P1        2.37e-10       ***       ***       ***
P2             ***  2.35e-10       ***       ***

Temperature = 1.8e+03 K    Pressure = 0.1 atm

From\To         W1        W2        P1        P2
W1        9.43e+09  1.51e+06  9.43e+09  2.02e+06
W2        3.24e+05  1.66e+10  7.68e+04  1.66e+10
P1         3.5e-11  1.56e-15  3.54e-11  4.36e-13
P2           8e-16  2.78e-11  4.38e-14  2.78e-11

Temperature = 1.8e+03 K    Pressure = 1 atm

From\To         W1        W2        P1        P2
W1        1.58e+10  3.86e+06  1.58e+10  4.09e+06
W2        8.38e+05  2.86e+10  1.88e+05  2.86e+10
P1        6.04e-11  3.42e-15  6.08e-11  4.17e-13
P2        1.59e-15  5.01e-11  4.19e-14  5.02e-11

Temperature = 1.8e+03 K    Pressure = 10 atm

From\To         W1        W2        P1        P2
W1        2.42e+10     9e+06  2.42e+10  7.37e+06
W2        1.96e+06  4.54e+10   3.7e+05  4.54e+10
P1        9.26e-11  6.56e-15   9.3e-11  3.82e-13
P2        2.84e-15  8.01e-11  3.83e-14  8.02e-11

Temperature = 1.8e+03 K    Pressure = 100 atm

From\To         W1        W2        P1        P2
W1        3.39e+10  1.84e+07  3.39e+10   1.4e+07
W2           4e+06  6.53e+10  8.11e+05  6.53e+10
P1         1.3e-10  1.43e-14   1.3e-10  3.13e-13
P2        5.38e-15  1.15e-10  3.14e-14  1.15e-10

Temperature = 1.9e+03 K

High Pressure Rate Coefficients:

From\To         W1        W2        P1        P2
W1             ***  1.46e+08  5.56e+10       ***
W2        3.27e+07       ***       ***   1.2e+11
P1        2.39e-10       ***       ***       ***
P2             ***  2.37e-10       ***       ***

Temperature = 1.9e+03 K    Pressure = 0.1 atm

From\To         W1        W2        P1        P2
W1        8.55e+09  2.11e+06  8.55e+09  2.71e+06
W2        4.65e+05  1.51e+10  1.06e+05  1.51e+10
P1        3.56e-11  2.35e-15  3.62e-11  5.99e-13
P2        1.24e-15  2.83e-11  6.18e-14  2.83e-11

Temperature = 1.9e+03 K    Pressure = 1 atm

From\To         W1        W2        P1        P2
W1        1.43e+10  5.26e+06  1.43e+10  5.36e+06
W2        1.17e+06  2.59e+10  2.54e+05  2.59e+10
P1        6.11e-11  5.04e-15  6.17e-11  5.71e-13
P2         2.4e-15  5.08e-11  5.89e-14  5.08e-11

Temperature = 1.9e+03 K    Pressure = 10 atm

From\To         W1        W2        P1        P2
W1        2.18e+10   1.2e+07  2.18e+10  9.44e+06
W2        2.68e+06  4.09e+10  4.88e+05  4.09e+10
P1        9.35e-11  9.44e-15   9.4e-11   5.2e-13
P2         4.2e-15   8.1e-11  5.36e-14   8.1e-11

Temperature = 1.9e+03 K    Pressure = 100 atm

From\To         W1        W2        P1        P2
W1        3.05e+10   2.4e+07  3.05e+10  1.75e+07
W2        5.36e+06  5.87e+10  1.05e+06  5.87e+10
P1        1.31e-10  2.02e-14  1.32e-10  4.23e-13
P2        7.78e-15  1.16e-10  4.37e-14  1.16e-10

Temperature = 2e+03 K

High Pressure Rate Coefficients:

From\To         W1        W2        P1        P2
W1             ***  1.77e+08  5.02e+10       ***
W2        4.05e+07       ***       ***  1.08e+11
P1        2.41e-10       ***       ***       ***
P2             ***  2.39e-10       ***       ***

Temperature = 2e+03 K    Pressure = 0.1 atm

From\To         W1        W2        P1        P2
W1        7.77e+09  3.09e+06  7.77e+09  3.26e+06
W2        6.99e+05  1.41e+10  1.77e+05  1.41e+10
P1        3.62e-11  4.12e-15   3.7e-11  8.02e-13
P2        1.72e-15  2.96e-11  8.48e-14  2.97e-11

Temperature = 2e+03 K    Pressure = 1 atm

From\To         W1        W2        P1        P2
W1         1.3e+10  7.35e+06   1.3e+10   6.4e+06
W2        1.68e+06   2.4e+10  3.95e+05   2.4e+10
P1        6.18e-11  8.47e-15  6.26e-11  7.61e-13
P2        3.29e-15  5.27e-11  8.05e-14  5.28e-11

Temperature = 2e+03 K    Pressure = 10 atm

From\To         W1        W2        P1        P2
W1        1.97e+10  1.62e+07  1.97e+10   1.1e+07
W2        3.72e+06  3.77e+10  7.28e+05  3.77e+10
P1        9.44e-11  1.53e-14  9.51e-11  6.89e-13
P2        5.62e-15  8.33e-11   7.3e-14  8.34e-11

Temperature = 2e+03 K    Pressure = 100 atm

From\To         W1        W2        P1        P2
W1        2.76e+10  3.15e+07  2.75e+10  2.04e+07
W2        7.23e+06  5.38e+10  1.48e+06  5.38e+10
P1        1.32e-10  3.11e-14  1.33e-10  5.56e-13
P2        1.04e-14  1.19e-10  5.88e-14  1.19e-10

______________________________________________________________________________________

High Pressure Rate Coefficients (Temperature-Species Rate Tables):

Reactant = W1
   T(K)        W1        W2        P1        P2
    500       ***  7.48e+03  2.12e+11       ***
    600       ***   5.6e+04   2.2e+11       ***
    700       ***   2.6e+05  2.11e+11       ***
    800       ***   8.6e+05  1.94e+11       ***
    900       ***  2.24e+06  1.75e+11       ***
  1e+03       ***  4.87e+06  1.56e+11       ***
1.1e+03       ***  9.28e+06  1.39e+11       ***
1.2e+03       ***   1.6e+07  1.23e+11       ***
1.3e+03       ***  2.53e+07  1.09e+11       ***
1.4e+03       ***  3.77e+07  9.67e+10       ***
1.5e+03       ***  5.32e+07  8.61e+10       ***
1.6e+03       ***  7.19e+07  7.68e+10       ***
1.7e+03       ***  9.38e+07  6.88e+10       ***
1.8e+03       ***  1.19e+08  6.18e+10       ***
1.9e+03       ***  1.46e+08  5.56e+10       ***
  2e+03       ***  1.77e+08  5.02e+10       ***

Reactant = W2
   T(K)        W1        W2        P1        P2
    500       495       ***       ***  4.56e+11
    600  5.05e+03       ***       ***  4.73e+11
    700  2.87e+04       ***       ***  4.54e+11
    800   1.1e+05       ***       ***  4.18e+11
    900  3.17e+05       ***       ***  3.77e+11
  1e+03   7.5e+05       ***       ***  3.36e+11
1.1e+03  1.53e+06       ***       ***  2.98e+11
1.2e+03  2.78e+06       ***       ***  2.64e+11
1.3e+03  4.63e+06       ***       ***  2.34e+11
1.4e+03  7.19e+06       ***       ***  2.08e+11
1.5e+03  1.05e+07       ***       ***  1.85e+11
1.6e+03  1.47e+07       ***       ***  1.65e+11
1.7e+03  1.98e+07       ***       ***  1.48e+11
1.8e+03  2.58e+07       ***       ***  1.33e+11
1.9e+03  3.27e+07       ***       ***   1.2e+11
  2e+03  4.05e+07       ***       ***  1.08e+11

Reactant = P1
   T(K)        W1        W2        P1        P2
    500  1.91e-10       ***       ***       ***
    600  1.97e-10       ***       ***       ***
    700  2.03e-10       ***       ***       ***
    800  2.07e-10       ***       ***       ***
    900  2.11e-10       ***       ***       ***
  1e+03  2.15e-10       ***       ***       ***
1.1e+03  2.18e-10       ***       ***       ***
1.2e+03  2.22e-10       ***       ***       ***
1.3e+03  2.25e-10       ***       ***       ***
1.4e+03  2.27e-10       ***       ***       ***
1.5e+03   2.3e-10       ***       ***       ***
1.6e+03  2.32e-10       ***       ***       ***
1.7e+03  2.35e-10       ***       ***       ***
1.8e+03  2.37e-10       ***       ***       ***
1.9e+03  2.39e-10       ***       ***       ***
  2e+03  2.41e-10       ***       ***       ***

Reactant = P2
   T(K)        W1        W2        P1        P2
    500       ***   1.9e-10       ***       ***
    600       ***  1.96e-10       ***       ***
    700       ***  2.01e-10       ***       ***
    800       ***  2.06e-10       ***       ***
    900       ***   2.1e-10       ***       ***
  1e+03       ***  2.13e-10       ***       ***
1.1e+03       ***  2.17e-10       ***       ***
1.2e+03       ***   2.2e-10       ***       ***
1.3e+03       ***  2.23e-10       ***       ***
1.4e+03       ***  2.26e-10       ***       ***
1.5e+03       ***  2.28e-10       ***       ***
1.6e+03       ***  2.31e-10       ***       ***
1.7e+03       ***  2.33e-10       ***       ***
1.8e+03       ***  2.35e-10       ***       ***
1.9e+03       ***  2.37e-10       ***       ***
  2e+03       ***  2.39e-10       ***       ***

Capture/Escape Rate Coefficients:

   T(K)        W1        W2        P1        P2
    500  2.12e+11  4.56e+11  1.91e-10   1.9e-10
    600   2.2e+11  4.73e+11  1.97e-10  1.96e-10
    700  2.11e+11  4.54e+11  2.03e-10  2.01e-10
    800  1.94e+11  4.18e+11  2.07e-10  2.06e-10
    900  1.75e+11  3.77e+11  2.11e-10   2.1e-10
  1e+03  1.56e+11  3.36e+11  2.15e-10  2.13e-10
1.1e+03  1.39e+11  2.98e+11  2.18e-10  2.17e-10
1.2e+03  1.23e+11  2.64e+11  2.22e-10   2.2e-10
1.3e+03  1.09e+11  2.34e+11  2.25e-10  2.23e-10
1.4e+03  9.68e+10  2.08e+11  2.27e-10  2.26e-10
1.5e+03  8.61e+10  1.85e+11   2.3e-10  2.28e-10
1.6e+03  7.69e+10  1.65e+11  2.32e-10  2.31e-10
1.7e+03  6.89e+10  1.48e+11  2.35e-10  2.33e-10
1.8e+03  6.19e+10  1.33e+11  2.37e-10  2.35e-10
1.9e+03  5.58e+10   1.2e+11  2.39e-10  2.37e-10
  2e+03  5.04e+10  1.08e+11  2.41e-10  2.39e-10

______________________________________________________________________________________

Pressure-Species Rate Tables:

Reactant = W1   Temperature = 500 K

   P(atm)        W2        P1        P2      Loss
      0.1    0.0225  1.02e+10     0.562  1.02e+10
        1     0.207  2.75e+10      3.24  2.75e+10
       10      1.65  5.87e+10      20.8  5.87e+10
      100      16.9  1.07e+11       304  1.07e+11
      O-O  7.48e+03  2.12e+11       ***  2.12e+11

Reactant = W1   Temperature = 600 K

   P(atm)        W2        P1        P2      Loss
      0.1     0.256  1.72e+10      4.61  1.72e+10
        1   -0.0622  3.77e+10      28.8  3.77e+10
       10      18.2  7.06e+10       190  7.06e+10
      100       164  1.16e+11  2.24e+03  1.16e+11
      O-O   5.6e+04   2.2e+11       ***   2.2e+11

Reactant = W1   Temperature = 700 K

   P(atm)        W2        P1        P2      Loss
      0.1      3.02  1.96e+10      35.9  1.96e+10
        1      25.8  3.96e+10       232  3.96e+10
       10       204  7.03e+10  1.39e+03  7.03e+10
      100  1.49e+03  1.11e+11  1.15e+04  1.11e+11
      O-O   2.6e+05  2.11e+11       ***  2.11e+11

Reactant = W1   Temperature = 800 K

   P(atm)        W2        P1        P2      Loss
      0.1      38.7   2.1e+10       329   2.1e+10
        1       302  4.02e+10  1.85e+03  4.02e+10
       10  2.05e+03  6.84e+10  8.62e+03  6.84e+10
      100  1.11e+04  1.05e+11  4.74e+04  1.05e+11
      O-O   8.6e+05  1.94e+11       ***  1.94e+11

Reactant = W1   Temperature = 900 K

   P(atm)        W2        P1        P2      Loss
      0.1       338  2.05e+10  2.15e+03  2.05e+10
        1  2.18e+03   3.8e+10  9.75e+03   3.8e+10
       10  1.17e+04  6.31e+10  3.61e+04  6.31e+10
      100  4.99e+04  9.46e+10  1.48e+05  9.46e+10
      O-O  2.24e+06  1.75e+11       ***  1.75e+11

Reactant = W1   Temperature = 1e+03 K

   P(atm)        W2        P1        P2      Loss
      0.1  2.42e+03  1.88e+10  8.32e+03  1.88e+10
        1  1.19e+04  3.43e+10  3.14e+04  3.43e+10
       10  5.12e+04  5.62e+10  9.84e+04  5.62e+10
      100  1.78e+05  8.34e+10   3.4e+05  8.34e+10
      O-O  4.87e+06  1.56e+11       ***  1.56e+11

Reactant = W1   Temperature = 1.1e+03 K

   P(atm)        W2        P1        P2      Loss
      0.1   9.7e+03  1.78e+10  3.03e+04  1.78e+10
        1  4.07e+04  3.17e+10  9.73e+04  3.17e+10
       10   1.5e+05  5.11e+10  2.65e+05  5.11e+10
      100   4.6e+05  7.47e+10  7.69e+05  7.47e+10
      O-O  9.28e+06  1.39e+11       ***  1.39e+11

Reactant = W1   Temperature = 1.2e+03 K

   P(atm)        W2        P1        P2      Loss
      0.1  3.23e+04   1.6e+10  7.26e+04   1.6e+10
        1  1.17e+05  2.83e+10   2.1e+05  2.83e+10
       10   3.8e+05  4.52e+10  5.18e+05  4.53e+10
      100  1.04e+06  6.58e+10  1.37e+06  6.58e+10
      O-O   1.6e+07  1.23e+11       ***  1.23e+11

Reactant = W1   Temperature = 1.3e+03 K

   P(atm)        W2        P1        P2      Loss
      0.1   8.8e+04  1.49e+10   1.7e+05  1.49e+10
        1  2.85e+05   2.6e+10  4.43e+05   2.6e+10
       10  8.43e+05   4.1e+10     1e+06   4.1e+10
      100  2.13e+06   5.9e+10  2.39e+06   5.9e+10
      O-O  2.53e+07  1.09e+11       ***  1.09e+11

Reactant = W1   Temperature = 1.4e+03 K

   P(atm)        W2        P1        P2      Loss
      0.1  1.81e+05  1.34e+10  3.17e+05  1.34e+10
        1   5.5e+05  2.32e+10  7.75e+05  2.32e+10
       10  1.52e+06  3.64e+10  1.65e+06  3.64e+10
      100  3.64e+06  5.22e+10  3.73e+06  5.22e+10
      O-O  3.77e+07  9.67e+10       ***  9.68e+10

Reactant = W1   Temperature = 1.5e+03 K

   P(atm)        W2        P1        P2      Loss
      0.1  3.66e+05  1.21e+10  5.03e+05  1.21e+10
        1  1.03e+06  2.08e+10  1.18e+06  2.08e+10
       10  2.67e+06  3.24e+10   2.4e+06  3.24e+10
      100  6.02e+06  4.63e+10  5.22e+06  4.63e+10
      O-O  5.32e+07  8.61e+10       ***  8.61e+10

Reactant = W1   Temperature = 1.6e+03 K

   P(atm)        W2        P1        P2      Loss
      0.1  6.11e+05  1.12e+10  9.12e+05  1.12e+10
        1  1.67e+06  1.91e+10     2e+06  1.91e+10
       10  4.19e+06  2.95e+10  3.87e+06  2.95e+10
      100  9.11e+06  4.18e+10  7.86e+06  4.18e+10
      O-O  7.19e+07  7.68e+10       ***  7.69e+10

Reactant = W1   Temperature = 1.7e+03 K

   P(atm)        W2        P1        P2      Loss
      0.1  1.03e+06  1.03e+10  1.25e+06  1.03e+10
        1  2.68e+06  1.74e+10  2.68e+06  1.74e+10
       10  6.42e+06  2.68e+10  5.02e+06  2.68e+10
      100  1.34e+07  3.77e+10     1e+07  3.77e+10
      O-O  9.38e+07  6.88e+10       ***  6.89e+10

Reactant = W1   Temperature = 1.8e+03 K

   P(atm)        W2        P1        P2      Loss
      0.1  1.51e+06  9.43e+09  2.02e+06  9.43e+09
        1  3.86e+06  1.58e+10  4.09e+06  1.58e+10
       10     9e+06  2.42e+10  7.37e+06  2.42e+10
      100  1.84e+07  3.39e+10   1.4e+07  3.39e+10
      O-O  1.19e+08  6.18e+10       ***  6.19e+10

Reactant = W1   Temperature = 1.9e+03 K

   P(atm)        W2        P1        P2      Loss
      0.1  2.11e+06  8.55e+09  2.71e+06  8.55e+09
        1  5.26e+06  1.43e+10  5.36e+06  1.43e+10
       10   1.2e+07  2.18e+10  9.44e+06  2.18e+10
      100   2.4e+07  3.05e+10  1.75e+07  3.05e+10
      O-O  1.46e+08  5.56e+10       ***  5.58e+10

Reactant = W1   Temperature = 2e+03 K

   P(atm)        W2        P1        P2      Loss
      0.1  3.09e+06  7.77e+09  3.26e+06  7.77e+09
        1  7.35e+06   1.3e+10   6.4e+06   1.3e+10
       10  1.62e+07  1.97e+10   1.1e+07  1.97e+10
      100  3.15e+07  2.75e+10  2.04e+07  2.76e+10
      O-O  1.77e+08  5.02e+10       ***  5.04e+10

Reactant = W2   Temperature = 500 K

   P(atm)        W1        P1        P2      Loss
      0.1   0.00148  0.000742  1.82e+10  1.82e+10
        1    0.0136   0.00702   4.9e+10   4.9e+10
       10     0.109    0.0953  1.07e+11  1.07e+11
      100      1.12      2.78  1.95e+11  1.95e+11
      O-O       495       ***  4.56e+11  4.56e+11

Reactant = W2   Temperature = 600 K

   P(atm)        W1        P1        P2      Loss
      0.1    0.0226    0.0127  2.78e+10  2.78e+10
        1  -0.00751     0.117  6.28e+10  6.28e+10
       10      1.64      1.26  1.23e+11  1.23e+11
      100      14.8      28.8  2.09e+11  2.09e+11
      O-O  5.05e+03       ***  4.73e+11  4.73e+11

Reactant = W2   Temperature = 700 K

   P(atm)        W1        P1        P2      Loss
      0.1     0.321     0.225   3.3e+10   3.3e+10
        1      2.82      1.89  6.86e+10  6.86e+10
       10      22.5      15.4  1.26e+11  1.26e+11
      100       165       216  2.05e+11  2.05e+11
      O-O  2.87e+04       ***  4.54e+11  4.54e+11

Reactant = W2   Temperature = 800 K

   P(atm)        W1        P1        P2      Loss
      0.1      4.71      3.43  3.57e+10  3.57e+10
        1      38.2        24  7.02e+10  7.02e+10
       10       261       139  1.24e+11  1.24e+11
      100  1.41e+03  1.14e+03  1.95e+11  1.95e+11
      O-O   1.1e+05       ***  4.18e+11  4.18e+11

Reactant = W2   Temperature = 900 K

   P(atm)        W1        P1        P2      Loss
      0.1      45.9      26.8   3.4e+10   3.4e+10
        1       306       151  6.51e+10  6.51e+10
       10  1.66e+03       672  1.13e+11  1.13e+11
      100  7.08e+03  3.95e+03  1.75e+11  1.75e+11
      O-O  3.17e+05       ***  3.77e+11  3.77e+11

Reactant = W2   Temperature = 1e+03 K

   P(atm)        W1        P1        P2      Loss
      0.1       358       206  3.35e+10  3.35e+10
        1  1.82e+03       901  6.24e+10  6.24e+10
       10  7.88e+03  3.17e+03  1.06e+11  1.06e+11
      100  2.74e+04  1.32e+04   1.6e+11   1.6e+11
      O-O   7.5e+05       ***  3.36e+11  3.36e+11

Reactant = W2   Temperature = 1.1e+03 K

   P(atm)        W1        P1        P2      Loss
      0.1  1.55e+03       628  3.01e+10  3.01e+10
        1  6.66e+03  2.44e+03  5.54e+10  5.54e+10
       10  2.47e+04  7.53e+03  9.31e+10  9.31e+10
      100  7.58e+04  2.76e+04  1.41e+11  1.41e+11
      O-O  1.53e+06       ***  2.98e+11  2.98e+11

Reactant = W2   Temperature = 1.2e+03 K

   P(atm)        W1        P1        P2      Loss
      0.1  5.47e+03  2.15e+03  2.81e+10  2.81e+10
        1  2.02e+04  7.22e+03   5.1e+10   5.1e+10
       10  6.61e+04  1.97e+04  8.45e+10  8.45e+10
      100  1.82e+05  6.12e+04  1.26e+11  1.26e+11
      O-O  2.78e+06       ***  2.64e+11  2.64e+11

Reactant = W2   Temperature = 1.3e+03 K

   P(atm)        W1        P1        P2      Loss
      0.1  1.57e+04  5.33e+03  2.62e+10  2.62e+10
        1  5.19e+04  1.63e+04  4.68e+10  4.68e+10
       10  1.54e+05  4.05e+04  7.66e+10  7.66e+10
      100  3.88e+05  1.13e+05  1.13e+11  1.13e+11
      O-O  4.63e+06       ***  2.34e+11  2.34e+11

Reactant = W2   Temperature = 1.4e+03 K

   P(atm)        W1        P1        P2      Loss
      0.1  3.38e+04  1.04e+04  2.35e+10  2.35e+10
        1  1.04e+05  3.02e+04  4.18e+10  4.18e+10
       10   2.9e+05  7.06e+04   6.8e+10   6.8e+10
      100  6.93e+05  1.85e+05  9.99e+10  9.99e+10
      O-O  7.19e+06       ***  2.08e+11  2.08e+11

Reactant = W2   Temperature = 1.5e+03 K

   P(atm)        W1        P1        P2      Loss
      0.1  7.11e+04  2.32e+04  2.19e+10  2.19e+10
        1  2.02e+05  6.09e+04  3.84e+10  3.84e+10
       10  5.28e+05  1.33e+05  6.19e+10  6.19e+10
      100  1.19e+06  3.18e+05  9.01e+10  9.01e+10
      O-O  1.05e+07       ***  1.85e+11  1.85e+11

Reactant = W2   Temperature = 1.6e+03 K

   P(atm)        W1        P1        P2      Loss
      0.1  1.23e+05  3.26e+04  1.97e+10  1.97e+10
        1  3.42e+05  8.53e+04  3.44e+10  3.44e+10
       10  8.57e+05   1.8e+05  5.52e+10  5.52e+10
      100  1.87e+06  4.25e+05  8.02e+10  8.02e+10
      O-O  1.47e+07       ***  1.65e+11  1.65e+11

Reactant = W2   Temperature = 1.7e+03 K

   P(atm)        W1        P1        P2      Loss
      0.1  2.16e+05   6.3e+04  1.87e+10  1.87e+10
        1  5.66e+05  1.51e+05  3.23e+10  3.23e+10
       10  1.36e+06  3.01e+05  5.12e+10  5.12e+10
      100  2.84e+06  6.61e+05  7.36e+10  7.36e+10
      O-O  1.98e+07       ***  1.48e+11  1.48e+11

Reactant = W2   Temperature = 1.8e+03 K

   P(atm)        W1        P1        P2      Loss
      0.1  3.24e+05  7.68e+04  1.66e+10  1.66e+10
        1  8.38e+05  1.88e+05  2.86e+10  2.86e+10
       10  1.96e+06   3.7e+05  4.54e+10  4.54e+10
      100     4e+06  8.11e+05  6.53e+10  6.53e+10
      O-O  2.58e+07       ***  1.33e+11  1.33e+11

Reactant = W2   Temperature = 1.9e+03 K

   P(atm)        W1        P1        P2      Loss
      0.1  4.65e+05  1.06e+05  1.51e+10  1.51e+10
        1  1.17e+06  2.54e+05  2.59e+10  2.59e+10
       10  2.68e+06  4.88e+05  4.09e+10  4.09e+10
      100  5.36e+06  1.05e+06  5.87e+10  5.87e+10
      O-O  3.27e+07       ***   1.2e+11   1.2e+11

Reactant = W2   Temperature = 2e+03 K

   P(atm)        W1        P1        P2      Loss
      0.1  6.99e+05  1.77e+05  1.41e+10  1.41e+10
        1  1.68e+06  3.95e+05   2.4e+10   2.4e+10
       10  3.72e+06  7.28e+05  3.77e+10  3.77e+10
      100  7.23e+06  1.48e+06  5.38e+10  5.38e+10
      O-O  4.05e+07       ***  1.08e+11  1.08e+11

Reactant = P1   Temperature = 500 K

   P(atm)        W1        W2        P2      Loss
      0.1  9.11e-12  1.04e-23  6.73e-18  9.11e-12
        1  2.48e-11  9.66e-23  6.72e-18  2.48e-11
       10  5.29e-11   1.3e-21  6.71e-18  5.29e-11
      100  9.68e-11   3.8e-20   6.4e-18  9.68e-11
      O-O  1.91e-10       ***       ***  1.91e-10

Reactant = P1   Temperature = 600 K

   P(atm)        W1        W2        P2      Loss
      0.1  1.51e-11  1.36e-22  5.01e-17  1.51e-11
        1  3.37e-11  1.18e-21  5.01e-17  3.37e-11
       10  6.33e-11  1.26e-20  4.99e-17  6.33e-11
      100  1.04e-10  2.87e-19  4.77e-17  1.04e-10
      O-O  1.97e-10       ***       ***  1.97e-10

Reactant = P1   Temperature = 700 K

   P(atm)        W1        W2        P2      Loss
      0.1  1.83e-11  2.08e-21  2.49e-16  1.83e-11
        1  3.79e-11  1.67e-20  2.49e-16  3.79e-11
       10  6.75e-11  1.34e-19  2.47e-16  6.75e-11
      100  1.07e-10  1.88e-18  2.35e-16  1.07e-10
      O-O  2.03e-10       ***       ***  2.03e-10

Reactant = P1   Temperature = 800 K

   P(atm)        W1        W2        P2      Loss
      0.1  2.16e-11  3.09e-20  9.15e-16  2.16e-11
        1  4.26e-11  2.05e-19  9.12e-16  4.26e-11
       10  7.29e-11  1.17e-18  9.02e-16  7.29e-11
      100  1.11e-10  9.57e-18  8.43e-16  1.11e-10
      O-O  2.07e-10       ***       ***  2.07e-10

Reactant = P1   Temperature = 900 K

   P(atm)        W1        W2        P2      Loss
      0.1  2.39e-11  2.53e-19  2.69e-15  2.39e-11
        1  4.56e-11  1.32e-18  2.67e-15  4.56e-11
       10  7.61e-11  5.75e-18  2.63e-15  7.61e-11
      100  1.14e-10  3.36e-17  2.42e-15  1.14e-10
      O-O  2.11e-10       ***       ***  2.11e-10

Reactant = P1   Temperature = 1e+03 K

   P(atm)        W1        W2        P2      Loss
      0.1  2.49e-11     2e-18  6.67e-15  2.49e-11
        1  4.68e-11  8.23e-18  6.62e-15  4.68e-11
       10  7.72e-11  2.84e-17  6.45e-15  7.72e-11
      100  1.15e-10  1.18e-16  5.86e-15  1.15e-10
      O-O  2.15e-10       ***       ***  2.15e-10

Reactant = P1   Temperature = 1.1e+03 K

   P(atm)        W1        W2        P2      Loss
      0.1  2.69e-11  6.82e-18  1.45e-14   2.7e-11
        1  4.96e-11  2.41e-17  1.43e-14  4.96e-11
       10  8.04e-11  7.25e-17  1.39e-14  8.04e-11
      100  1.18e-10  2.65e-16  1.24e-14  1.18e-10
      O-O  2.18e-10       ***       ***  2.18e-10

Reactant = P1   Temperature = 1.2e+03 K

   P(atm)        W1        W2        P2      Loss
      0.1  2.79e-11  2.48e-17  2.85e-14  2.79e-11
        1  5.07e-11  7.68e-17  2.81e-14  5.08e-11
       10  8.15e-11  2.05e-16  2.69e-14  8.15e-11
      100  1.19e-10  6.35e-16  2.37e-14  1.19e-10
      O-O  2.22e-10       ***       ***  2.22e-10

Reactant = P1   Temperature = 1.3e+03 K

   P(atm)        W1        W2        P2      Loss
      0.1  2.97e-11  6.79e-17  5.15e-14  2.97e-11
        1  5.33e-11   1.9e-16  5.04e-14  5.33e-11
       10  8.44e-11   4.6e-16  4.78e-14  8.45e-11
      100  1.21e-10  1.28e-15  4.15e-14  1.22e-10
      O-O  2.25e-10       ***       ***  2.25e-10

Reactant = P1   Temperature = 1.4e+03 K

   P(atm)        W1        W2        P2      Loss
      0.1  3.04e-11  1.46e-16   8.7e-14  3.05e-11
        1  5.42e-11  3.83e-16  8.48e-14  5.43e-11
       10  8.55e-11  8.75e-16  7.99e-14  8.56e-11
      100  1.23e-10  2.28e-15  6.87e-14  1.23e-10
      O-O  2.27e-10       ***       ***  2.27e-10

Reactant = P1   Temperature = 1.5e+03 K

   P(atm)        W1        W2        P2      Loss
      0.1  3.12e-11  3.46e-16  1.39e-13  3.13e-11
        1  5.51e-11  8.43e-16  1.35e-13  5.53e-11
       10  8.65e-11   1.8e-15  1.26e-13  8.66e-11
      100  1.24e-10   4.3e-15  1.07e-13  1.24e-10
      O-O   2.3e-10       ***       ***   2.3e-10

Reactant = P1   Temperature = 1.6e+03 K

   P(atm)        W1        W2        P2      Loss
      0.1  3.28e-11  5.51e-16  2.11e-13   3.3e-11
        1  5.74e-11   1.3e-15  2.04e-13  5.76e-11
       10  8.92e-11  2.68e-15  1.89e-13  8.93e-11
      100  1.26e-10  6.28e-15  1.59e-13  1.26e-10
      O-O  2.32e-10       ***       ***  2.32e-10

Reactant = P1   Temperature = 1.7e+03 K

   P(atm)        W1        W2        P2      Loss
      0.1  3.42e-11  1.11e-15  3.09e-13  3.45e-11
        1  5.92e-11  2.49e-15  2.97e-13  5.95e-11
       10  9.13e-11  4.89e-15  2.74e-13  9.15e-11
      100  1.29e-10  1.07e-14  2.27e-13  1.29e-10
      O-O  2.35e-10       ***       ***  2.35e-10

Reactant = P1   Temperature = 1.8e+03 K

   P(atm)        W1        W2        P2      Loss
      0.1   3.5e-11  1.56e-15  4.36e-13  3.54e-11
        1  6.04e-11  3.42e-15  4.17e-13  6.08e-11
       10  9.26e-11  6.56e-15  3.82e-13   9.3e-11
      100   1.3e-10  1.43e-14  3.13e-13   1.3e-10
      O-O  2.37e-10       ***       ***  2.37e-10

Reactant = P1   Temperature = 1.9e+03 K

   P(atm)        W1        W2        P2      Loss
      0.1  3.56e-11  2.35e-15  5.99e-13  3.62e-11
        1  6.11e-11  5.04e-15  5.71e-13  6.17e-11
       10  9.35e-11  9.44e-15   5.2e-13   9.4e-11
      100  1.31e-10  2.02e-14  4.23e-13  1.32e-10
      O-O  2.39e-10       ***       ***  2.39e-10

Reactant = P1   Temperature = 2e+03 K

   P(atm)        W1        W2        P2      Loss
      0.1  3.62e-11  4.12e-15  8.02e-13   3.7e-11
        1  6.18e-11  8.47e-15  7.61e-13  6.26e-11
       10  9.44e-11  1.53e-14  6.89e-13  9.51e-11
      100  1.32e-10  3.11e-14  5.56e-13  1.33e-10
      O-O  2.41e-10       ***       ***  2.41e-10

Reactant = P2   Temperature = 500 K

   P(atm)        W1        W2        P1      Loss
      0.1  1.53e-23  7.42e-12  2.05e-19  7.42e-12
        1  8.91e-23  2.03e-11  2.05e-19  2.03e-11
       10  5.74e-22  4.44e-11  2.05e-19  4.44e-11
      100  8.38e-21  8.14e-11  1.95e-19  8.14e-11
      O-O       ***   1.9e-10       ***   1.9e-10

Reactant = P2   Temperature = 600 K

   P(atm)        W1        W2        P1      Loss
      0.1  1.69e-22  1.11e-11  2.08e-18  1.11e-11
        1  1.07e-21  2.58e-11  2.08e-18  2.58e-11
       10   7.1e-21  5.08e-11  2.08e-18  5.08e-11
      100  8.38e-20  8.64e-11  1.98e-18  8.64e-11
      O-O       ***  1.96e-10       ***  1.96e-10

Reactant = P2   Temperature = 700 K

   P(atm)        W1        W2        P1      Loss
      0.1  1.73e-21   1.4e-11  1.27e-17   1.4e-11
        1  1.13e-20  3.01e-11  1.27e-17  3.01e-11
       10  6.78e-20  5.59e-11  1.26e-17  5.59e-11
      100  5.63e-19   9.1e-11   1.2e-17   9.1e-11
      O-O       ***  2.01e-10       ***  2.01e-10

Reactant = P2   Temperature = 800 K

   P(atm)        W1        W2        P1      Loss
      0.1  2.03e-20  1.66e-11  5.38e-17  1.66e-11
        1  1.16e-19  3.41e-11  5.36e-17  3.41e-11
       10  5.41e-19  6.09e-11  5.31e-17  6.09e-11
      100  2.97e-18  9.59e-11  4.96e-17  9.59e-11
      O-O       ***  2.06e-10       ***  2.06e-10

Reactant = P2   Temperature = 900 K

   P(atm)        W1        W2        P1      Loss
      0.1  1.68e-19  1.78e-11  1.76e-16  1.78e-11
        1  7.69e-19  3.58e-11  1.75e-16  3.58e-11
       10  2.85e-18  6.27e-11  1.72e-16  6.27e-11
      100  1.17e-17  9.73e-11  1.58e-16  9.73e-11
      O-O       ***   2.1e-10       ***   2.1e-10

Reactant = P2   Temperature = 1e+03 K

   P(atm)        W1        W2        P1      Loss
      0.1  8.17e-19     2e-11  4.74e-16     2e-11
        1  3.08e-18  3.91e-11   4.7e-16  3.91e-11
       10  9.63e-18  6.69e-11  4.58e-16  6.69e-11
      100  3.32e-17  1.02e-10  4.16e-16  1.02e-10
      O-O       ***  2.13e-10       ***  2.13e-10

Reactant = P2   Temperature = 1.1e+03 K

   P(atm)        W1        W2        P1      Loss
      0.1  3.64e-18  2.06e-11   1.1e-15  2.06e-11
        1  1.17e-17  3.98e-11  1.09e-15  3.98e-11
       10  3.17e-17  6.75e-11  1.05e-15  6.75e-11
      100   9.2e-17  1.02e-10   9.4e-16  1.02e-10
      O-O       ***  2.17e-10       ***  2.17e-10

Reactant = P2   Temperature = 1.2e+03 K

   P(atm)        W1        W2        P1      Loss
      0.1  1.07e-17   2.2e-11  2.29e-15   2.2e-11
        1  3.06e-17  4.19e-11  2.25e-15  4.19e-11
       10  7.52e-17  7.01e-11  2.16e-15  7.01e-11
      100  1.99e-16  1.05e-10  1.91e-15  1.05e-10
      O-O       ***   2.2e-10       ***   2.2e-10

Reactant = P2   Temperature = 1.3e+03 K

   P(atm)        W1        W2        P1      Loss
      0.1  3.01e-17  2.34e-11  4.34e-15  2.34e-11
        1  7.75e-17   4.4e-11  4.25e-15   4.4e-11
       10  1.74e-16  7.27e-11  4.03e-15  7.27e-11
      100  4.16e-16  1.07e-10  3.49e-15  1.07e-10
      O-O       ***  2.23e-10       ***  2.23e-10

Reactant = P2   Temperature = 1.4e+03 K

   P(atm)        W1        W2        P1      Loss
      0.1  6.69e-17   2.4e-11  7.64e-15   2.4e-11
        1  1.61e-16  4.47e-11  7.45e-15  4.47e-11
       10  3.42e-16  7.35e-11  7.02e-15  7.35e-11
      100  7.71e-16  1.08e-10  6.03e-15  1.08e-10
      O-O       ***  2.26e-10       ***  2.26e-10

Reactant = P2   Temperature = 1.5e+03 K

   P(atm)        W1        W2        P1      Loss
      0.1  1.27e-16  2.54e-11  1.27e-14  2.54e-11
        1  2.91e-16  4.67e-11  1.23e-14  4.67e-11
       10  5.87e-16   7.6e-11  1.15e-14   7.6e-11
      100  1.27e-15  1.11e-10  9.78e-15  1.11e-10
      O-O       ***  2.28e-10       ***  2.28e-10

Reactant = P2   Temperature = 1.6e+03 K

   P(atm)        W1        W2        P1      Loss
      0.1  2.68e-16  2.59e-11  1.99e-14  2.59e-11
        1  5.77e-16  4.75e-11  1.93e-14  4.75e-11
       10  1.11e-15  7.69e-11  1.79e-14  7.69e-11
      100  2.25e-15  1.12e-10   1.5e-14  1.12e-10
      O-O       ***  2.31e-10       ***  2.31e-10

Reactant = P2   Temperature = 1.7e+03 K

   P(atm)        W1        W2        P1      Loss
      0.1   4.3e-16   2.8e-11  3.01e-14   2.8e-11
        1  9.02e-16  5.04e-11   2.9e-14  5.04e-11
       10  1.68e-15  8.05e-11  2.67e-14  8.05e-11
      100  3.33e-15  1.16e-10  2.22e-14  1.16e-10
      O-O       ***  2.33e-10       ***  2.33e-10

Reactant = P2   Temperature = 1.8e+03 K

   P(atm)        W1        W2        P1      Loss
      0.1     8e-16  2.78e-11  4.38e-14  2.78e-11
        1  1.59e-15  5.01e-11  4.19e-14  5.02e-11
       10  2.84e-15  8.01e-11  3.83e-14  8.02e-11
      100  5.38e-15  1.15e-10  3.14e-14  1.15e-10
      O-O       ***  2.35e-10       ***  2.35e-10

Reactant = P2   Temperature = 1.9e+03 K

   P(atm)        W1        W2        P1      Loss
      0.1  1.24e-15  2.83e-11  6.18e-14  2.83e-11
        1   2.4e-15  5.08e-11  5.89e-14  5.08e-11
       10   4.2e-15   8.1e-11  5.36e-14   8.1e-11
      100  7.78e-15  1.16e-10  4.37e-14  1.16e-10
      O-O       ***  2.37e-10       ***  2.37e-10

Reactant = P2   Temperature = 2e+03 K

   P(atm)        W1        W2        P1      Loss
      0.1  1.72e-15  2.96e-11  8.48e-14  2.97e-11
        1  3.29e-15  5.27e-11  8.05e-14  5.28e-11
       10  5.62e-15  8.33e-11   7.3e-14  8.34e-11
      100  1.04e-14  1.19e-10  5.88e-14  1.19e-10
      O-O       ***  2.39e-10       ***  2.39e-10

______________________________________________________________________________________

Temperature-Species Rate Tables:

Reactant = W1   Pressure = 0.1 atm

   T(K)        W2        P1        P2      Loss   Capture
    500    0.0225  1.02e+10     0.562  1.02e+10  2.12e+11
    600     0.256  1.72e+10      4.61  1.72e+10   2.2e+11
    700      3.02  1.96e+10      35.9  1.96e+10  2.11e+11
    800      38.7   2.1e+10       329   2.1e+10  1.94e+11
    900       338  2.05e+10  2.15e+03  2.05e+10  1.75e+11
  1e+03  2.42e+03  1.88e+10  8.32e+03  1.88e+10  1.56e+11
1.1e+03   9.7e+03  1.78e+10  3.03e+04  1.78e+10  1.39e+11
1.2e+03  3.23e+04   1.6e+10  7.26e+04   1.6e+10  1.23e+11
1.3e+03   8.8e+04  1.49e+10   1.7e+05  1.49e+10  1.09e+11
1.4e+03  1.81e+05  1.34e+10  3.17e+05  1.34e+10  9.68e+10
1.5e+03  3.66e+05  1.21e+10  5.03e+05  1.21e+10  8.61e+10
1.6e+03  6.11e+05  1.12e+10  9.12e+05  1.12e+10  7.69e+10
1.7e+03  1.03e+06  1.03e+10  1.25e+06  1.03e+10  6.89e+10
1.8e+03  1.51e+06  9.43e+09  2.02e+06  9.43e+09  6.19e+10
1.9e+03  2.11e+06  8.55e+09  2.71e+06  8.55e+09  5.58e+10
  2e+03  3.09e+06  7.77e+09  3.26e+06  7.77e+09  5.04e+10

Reactant = W1   Pressure = 1 atm

   T(K)        W2        P1        P2      Loss   Capture
    500     0.207  2.75e+10      3.24  2.75e+10  2.12e+11
    600   -0.0622  3.77e+10      28.8  3.77e+10   2.2e+11
    700      25.8  3.96e+10       232  3.96e+10  2.11e+11
    800       302  4.02e+10  1.85e+03  4.02e+10  1.94e+11
    900  2.18e+03   3.8e+10  9.75e+03   3.8e+10  1.75e+11
  1e+03  1.19e+04  3.43e+10  3.14e+04  3.43e+10  1.56e+11
1.1e+03  4.07e+04  3.17e+10  9.73e+04  3.17e+10  1.39e+11
1.2e+03  1.17e+05  2.83e+10   2.1e+05  2.83e+10  1.23e+11
1.3e+03  2.85e+05   2.6e+10  4.43e+05   2.6e+10  1.09e+11
1.4e+03   5.5e+05  2.32e+10  7.75e+05  2.32e+10  9.68e+10
1.5e+03  1.03e+06  2.08e+10  1.18e+06  2.08e+10  8.61e+10
1.6e+03  1.67e+06  1.91e+10     2e+06  1.91e+10  7.69e+10
1.7e+03  2.68e+06  1.74e+10  2.68e+06  1.74e+10  6.89e+10
1.8e+03  3.86e+06  1.58e+10  4.09e+06  1.58e+10  6.19e+10
1.9e+03  5.26e+06  1.43e+10  5.36e+06  1.43e+10  5.58e+10
  2e+03  7.35e+06   1.3e+10   6.4e+06   1.3e+10  5.04e+10

Reactant = W1   Pressure = 10 atm

   T(K)        W2        P1        P2      Loss   Capture
    500      1.65  5.87e+10      20.8  5.87e+10  2.12e+11
    600      18.2  7.06e+10       190  7.06e+10   2.2e+11
    700       204  7.03e+10  1.39e+03  7.03e+10  2.11e+11
    800  2.05e+03  6.84e+10  8.62e+03  6.84e+10  1.94e+11
    900  1.17e+04  6.31e+10  3.61e+04  6.31e+10  1.75e+11
  1e+03  5.12e+04  5.62e+10  9.84e+04  5.62e+10  1.56e+11
1.1e+03   1.5e+05  5.11e+10  2.65e+05  5.11e+10  1.39e+11
1.2e+03   3.8e+05  4.52e+10  5.18e+05  4.53e+10  1.23e+11
1.3e+03  8.43e+05   4.1e+10     1e+06   4.1e+10  1.09e+11
1.4e+03  1.52e+06  3.64e+10  1.65e+06  3.64e+10  9.68e+10
1.5e+03  2.67e+06  3.24e+10   2.4e+06  3.24e+10  8.61e+10
1.6e+03  4.19e+06  2.95e+10  3.87e+06  2.95e+10  7.69e+10
1.7e+03  6.42e+06  2.68e+10  5.02e+06  2.68e+10  6.89e+10
1.8e+03     9e+06  2.42e+10  7.37e+06  2.42e+10  6.19e+10
1.9e+03   1.2e+07  2.18e+10  9.44e+06  2.18e+10  5.58e+10
  2e+03  1.62e+07  1.97e+10   1.1e+07  1.97e+10  5.04e+10

Reactant = W1   Pressure = 100 atm

   T(K)        W2        P1        P2      Loss   Capture
    500      16.9  1.07e+11       304  1.07e+11  2.12e+11
    600       164  1.16e+11  2.24e+03  1.16e+11   2.2e+11
    700  1.49e+03  1.11e+11  1.15e+04  1.11e+11  2.11e+11
    800  1.11e+04  1.05e+11  4.74e+04  1.05e+11  1.94e+11
    900  4.99e+04  9.46e+10  1.48e+05  9.46e+10  1.75e+11
  1e+03  1.78e+05  8.34e+10   3.4e+05  8.34e+10  1.56e+11
1.1e+03   4.6e+05  7.47e+10  7.69e+05  7.47e+10  1.39e+11
1.2e+03  1.04e+06  6.58e+10  1.37e+06  6.58e+10  1.23e+11
1.3e+03  2.13e+06   5.9e+10  2.39e+06   5.9e+10  1.09e+11
1.4e+03  3.64e+06  5.22e+10  3.73e+06  5.22e+10  9.68e+10
1.5e+03  6.02e+06  4.63e+10  5.22e+06  4.63e+10  8.61e+10
1.6e+03  9.11e+06  4.18e+10  7.86e+06  4.18e+10  7.69e+10
1.7e+03  1.34e+07  3.77e+10     1e+07  3.77e+10  6.89e+10
1.8e+03  1.84e+07  3.39e+10   1.4e+07  3.39e+10  6.19e+10
1.9e+03   2.4e+07  3.05e+10  1.75e+07  3.05e+10  5.58e+10
  2e+03  3.15e+07  2.75e+10  2.04e+07  2.76e+10  5.04e+10

Reactant = W2   Pressure = 0.1 atm

   T(K)        W1        P1        P2      Loss   Capture
    500   0.00148  0.000742  1.82e+10  1.82e+10  4.56e+11
    600    0.0226    0.0127  2.78e+10  2.78e+10  4.73e+11
    700     0.321     0.225   3.3e+10   3.3e+10  4.54e+11
    800      4.71      3.43  3.57e+10  3.57e+10  4.18e+11
    900      45.9      26.8   3.4e+10   3.4e+10  3.77e+11
  1e+03       358       206  3.35e+10  3.35e+10  3.36e+11
1.1e+03  1.55e+03       628  3.01e+10  3.01e+10  2.98e+11
1.2e+03  5.47e+03  2.15e+03  2.81e+10  2.81e+10  2.64e+11
1.3e+03  1.57e+04  5.33e+03  2.62e+10  2.62e+10  2.34e+11
1.4e+03  3.38e+04  1.04e+04  2.35e+10  2.35e+10  2.08e+11
1.5e+03  7.11e+04  2.32e+04  2.19e+10  2.19e+10  1.85e+11
1.6e+03  1.23e+05  3.26e+04  1.97e+10  1.97e+10  1.65e+11
1.7e+03  2.16e+05   6.3e+04  1.87e+10  1.87e+10  1.48e+11
1.8e+03  3.24e+05  7.68e+04  1.66e+10  1.66e+10  1.33e+11
1.9e+03  4.65e+05  1.06e+05  1.51e+10  1.51e+10   1.2e+11
  2e+03  6.99e+05  1.77e+05  1.41e+10  1.41e+10  1.08e+11

Reactant = W2   Pressure = 1 atm

   T(K)        W1        P1        P2      Loss   Capture
    500    0.0136   0.00702   4.9e+10   4.9e+10  4.56e+11
    600  -0.00751     0.117  6.28e+10  6.28e+10  4.73e+11
    700      2.82      1.89  6.86e+10  6.86e+10  4.54e+11
    800      38.2        24  7.02e+10  7.02e+10  4.18e+11
    900       306       151  6.51e+10  6.51e+10  3.77e+11
  1e+03  1.82e+03       901  6.24e+10  6.24e+10  3.36e+11
1.1e+03  6.66e+03  2.44e+03  5.54e+10  5.54e+10  2.98e+11
1.2e+03  2.02e+04  7.22e+03   5.1e+10   5.1e+10  2.64e+11
1.3e+03  5.19e+04  1.63e+04  4.68e+10  4.68e+10  2.34e+11
1.4e+03  1.04e+05  3.02e+04  4.18e+10  4.18e+10  2.08e+11
1.5e+03  2.02e+05  6.09e+04  3.84e+10  3.84e+10  1.85e+11
1.6e+03  3.42e+05  8.53e+04  3.44e+10  3.44e+10  1.65e+11
1.7e+03  5.66e+05  1.51e+05  3.23e+10  3.23e+10  1.48e+11
1.8e+03  8.38e+05  1.88e+05  2.86e+10  2.86e+10  1.33e+11
1.9e+03  1.17e+06  2.54e+05  2.59e+10  2.59e+10   1.2e+11
  2e+03  1.68e+06  3.95e+05   2.4e+10   2.4e+10  1.08e+11

Reactant = W2   Pressure = 10 atm

   T(K)        W1        P1        P2      Loss   Capture
    500     0.109    0.0953  1.07e+11  1.07e+11  4.56e+11
    600      1.64      1.26  1.23e+11  1.23e+11  4.73e+11
    700      22.5      15.4  1.26e+11  1.26e+11  4.54e+11
    800       261       139  1.24e+11  1.24e+11  4.18e+11
    900  1.66e+03       672  1.13e+11  1.13e+11  3.77e+11
  1e+03  7.88e+03  3.17e+03  1.06e+11  1.06e+11  3.36e+11
1.1e+03  2.47e+04  7.53e+03  9.31e+10  9.31e+10  2.98e+11
1.2e+03  6.61e+04  1.97e+04  8.45e+10  8.45e+10  2.64e+11
1.3e+03  1.54e+05  4.05e+04  7.66e+10  7.66e+10  2.34e+11
1.4e+03   2.9e+05  7.06e+04   6.8e+10   6.8e+10  2.08e+11
1.5e+03  5.28e+05  1.33e+05  6.19e+10  6.19e+10  1.85e+11
1.6e+03  8.57e+05   1.8e+05  5.52e+10  5.52e+10  1.65e+11
1.7e+03  1.36e+06  3.01e+05  5.12e+10  5.12e+10  1.48e+11
1.8e+03  1.96e+06   3.7e+05  4.54e+10  4.54e+10  1.33e+11
1.9e+03  2.68e+06  4.88e+05  4.09e+10  4.09e+10   1.2e+11
  2e+03  3.72e+06  7.28e+05  3.77e+10  3.77e+10  1.08e+11

Reactant = W2   Pressure = 100 atm

   T(K)        W1        P1        P2      Loss   Capture
    500      1.12      2.78  1.95e+11  1.95e+11  4.56e+11
    600      14.8      28.8  2.09e+11  2.09e+11  4.73e+11
    700       165       216  2.05e+11  2.05e+11  4.54e+11
    800  1.41e+03  1.14e+03  1.95e+11  1.95e+11  4.18e+11
    900  7.08e+03  3.95e+03  1.75e+11  1.75e+11  3.77e+11
  1e+03  2.74e+04  1.32e+04   1.6e+11   1.6e+11  3.36e+11
1.1e+03  7.58e+04  2.76e+04  1.41e+11  1.41e+11  2.98e+11
1.2e+03  1.82e+05  6.12e+04  1.26e+11  1.26e+11  2.64e+11
1.3e+03  3.88e+05  1.13e+05  1.13e+11  1.13e+11  2.34e+11
1.4e+03  6.93e+05  1.85e+05  9.99e+10  9.99e+10  2.08e+11
1.5e+03  1.19e+06  3.18e+05  9.01e+10  9.01e+10  1.85e+11
1.6e+03  1.87e+06  4.25e+05  8.02e+10  8.02e+10  1.65e+11
1.7e+03  2.84e+06  6.61e+05  7.36e+10  7.36e+10  1.48e+11
1.8e+03     4e+06  8.11e+05  6.53e+10  6.53e+10  1.33e+11
1.9e+03  5.36e+06  1.05e+06  5.87e+10  5.87e+10   1.2e+11
  2e+03  7.23e+06  1.48e+06  5.38e+10  5.38e+10  1.08e+11

Reactant = P1   Pressure = 0.1 atm

   T(K)        W1        W2        P2      Loss   Capture
    500  9.11e-12  1.04e-23  6.73e-18  9.11e-12  1.91e-10
    600  1.51e-11  1.36e-22  5.01e-17  1.51e-11  1.97e-10
    700  1.83e-11  2.08e-21  2.49e-16  1.83e-11  2.03e-10
    800  2.16e-11  3.09e-20  9.15e-16  2.16e-11  2.07e-10
    900  2.39e-11  2.53e-19  2.69e-15  2.39e-11  2.11e-10
  1e+03  2.49e-11     2e-18  6.67e-15  2.49e-11  2.15e-10
1.1e+03  2.69e-11  6.82e-18  1.45e-14   2.7e-11  2.18e-10
1.2e+03  2.79e-11  2.48e-17  2.85e-14  2.79e-11  2.22e-10
1.3e+03  2.97e-11  6.79e-17  5.15e-14  2.97e-11  2.25e-10
1.4e+03  3.04e-11  1.46e-16   8.7e-14  3.05e-11  2.27e-10
1.5e+03  3.12e-11  3.46e-16  1.39e-13  3.13e-11   2.3e-10
1.6e+03  3.28e-11  5.51e-16  2.11e-13   3.3e-11  2.32e-10
1.7e+03  3.42e-11  1.11e-15  3.09e-13  3.45e-11  2.35e-10
1.8e+03   3.5e-11  1.56e-15  4.36e-13  3.54e-11  2.37e-10
1.9e+03  3.56e-11  2.35e-15  5.99e-13  3.62e-11  2.39e-10
  2e+03  3.62e-11  4.12e-15  8.02e-13   3.7e-11  2.41e-10

Reactant = P1   Pressure = 1 atm

   T(K)        W1        W2        P2      Loss   Capture
    500  2.48e-11  9.66e-23  6.72e-18  2.48e-11  1.91e-10
    600  3.37e-11  1.18e-21  5.01e-17  3.37e-11  1.97e-10
    700  3.79e-11  1.67e-20  2.49e-16  3.79e-11  2.03e-10
    800  4.26e-11  2.05e-19  9.12e-16  4.26e-11  2.07e-10
    900  4.56e-11  1.32e-18  2.67e-15  4.56e-11  2.11e-10
  1e+03  4.68e-11  8.23e-18  6.62e-15  4.68e-11  2.15e-10
1.1e+03  4.96e-11  2.41e-17  1.43e-14  4.96e-11  2.18e-10
1.2e+03  5.07e-11  7.68e-17  2.81e-14  5.08e-11  2.22e-10
1.3e+03  5.33e-11   1.9e-16  5.04e-14  5.33e-11  2.25e-10
1.4e+03  5.42e-11  3.83e-16  8.48e-14  5.43e-11  2.27e-10
1.5e+03  5.51e-11  8.43e-16  1.35e-13  5.53e-11   2.3e-10
1.6e+03  5.74e-11   1.3e-15  2.04e-13  5.76e-11  2.32e-10
1.7e+03  5.92e-11  2.49e-15  2.97e-13  5.95e-11  2.35e-10
1.8e+03  6.04e-11  3.42e-15  4.17e-13  6.08e-11  2.37e-10
1.9e+03  6.11e-11  5.04e-15  5.71e-13  6.17e-11  2.39e-10
  2e+03  6.18e-11  8.47e-15  7.61e-13  6.26e-11  2.41e-10

Reactant = P1   Pressure = 10 atm

   T(K)        W1        W2        P2      Loss   Capture
    500  5.29e-11   1.3e-21  6.71e-18  5.29e-11  1.91e-10
    600  6.33e-11  1.26e-20  4.99e-17  6.33e-11  1.97e-10
    700  6.75e-11  1.34e-19  2.47e-16  6.75e-11  2.03e-10
    800  7.29e-11  1.17e-18  9.02e-16  7.29e-11  2.07e-10
    900  7.61e-11  5.75e-18  2.63e-15  7.61e-11  2.11e-10
  1e+03  7.72e-11  2.84e-17  6.45e-15  7.72e-11  2.15e-10
1.1e+03  8.04e-11  7.25e-17  1.39e-14  8.04e-11  2.18e-10
1.2e+03  8.15e-11  2.05e-16  2.69e-14  8.15e-11  2.22e-10
1.3e+03  8.44e-11   4.6e-16  4.78e-14  8.45e-11  2.25e-10
1.4e+03  8.55e-11  8.75e-16  7.99e-14  8.56e-11  2.27e-10
1.5e+03  8.65e-11   1.8e-15  1.26e-13  8.66e-11   2.3e-10
1.6e+03  8.92e-11  2.68e-15  1.89e-13  8.93e-11  2.32e-10
1.7e+03  9.13e-11  4.89e-15  2.74e-13  9.15e-11  2.35e-10
1.8e+03  9.26e-11  6.56e-15  3.82e-13   9.3e-11  2.37e-10
1.9e+03  9.35e-11  9.44e-15   5.2e-13   9.4e-11  2.39e-10
  2e+03  9.44e-11  1.53e-14  6.89e-13  9.51e-11  2.41e-10

Reactant = P1   Pressure = 100 atm

   T(K)        W1        W2        P2      Loss   Capture
    500  9.68e-11   3.8e-20   6.4e-18  9.68e-11  1.91e-10
    600  1.04e-10  2.87e-19  4.77e-17  1.04e-10  1.97e-10
    700  1.07e-10  1.88e-18  2.35e-16  1.07e-10  2.03e-10
    800  1.11e-10  9.57e-18  8.43e-16  1.11e-10  2.07e-10
    900  1.14e-10  3.36e-17  2.42e-15  1.14e-10  2.11e-10
  1e+03  1.15e-10  1.18e-16  5.86e-15  1.15e-10  2.15e-10
1.1e+03  1.18e-10  2.65e-16  1.24e-14  1.18e-10  2.18e-10
1.2e+03  1.19e-10  6.35e-16  2.37e-14  1.19e-10  2.22e-10
1.3e+03  1.21e-10  1.28e-15  4.15e-14  1.22e-10  2.25e-10
1.4e+03  1.23e-10  2.28e-15  6.87e-14  1.23e-10  2.27e-10
1.5e+03  1.24e-10   4.3e-15  1.07e-13  1.24e-10   2.3e-10
1.6e+03  1.26e-10  6.28e-15  1.59e-13  1.26e-10  2.32e-10
1.7e+03  1.29e-10  1.07e-14  2.27e-13  1.29e-10  2.35e-10
1.8e+03   1.3e-10  1.43e-14  3.13e-13   1.3e-10  2.37e-10
1.9e+03  1.31e-10  2.02e-14  4.23e-13  1.32e-10  2.39e-10
  2e+03  1.32e-10  3.11e-14  5.56e-13  1.33e-10  2.41e-10

Reactant = P2   Pressure = 0.1 atm

   T(K)        W1        W2        P1      Loss   Capture
    500  1.53e-23  7.42e-12  2.05e-19  7.42e-12   1.9e-10
    600  1.69e-22  1.11e-11  2.08e-18  1.11e-11  1.96e-10
    700  1.73e-21   1.4e-11  1.27e-17   1.4e-11  2.01e-10
    800  2.03e-20  1.66e-11  5.38e-17  1.66e-11  2.06e-10
    900  1.68e-19  1.78e-11  1.76e-16  1.78e-11   2.1e-10
  1e+03  8.17e-19     2e-11  4.74e-16     2e-11  2.13e-10
1.1e+03  3.64e-18  2.06e-11   1.1e-15  2.06e-11  2.17e-10
1.2e+03  1.07e-17   2.2e-11  2.29e-15   2.2e-11   2.2e-10
1.3e+03  3.01e-17  2.34e-11  4.34e-15  2.34e-11  2.23e-10
1.4e+03  6.69e-17   2.4e-11  7.64e-15   2.4e-11  2.26e-10
1.5e+03  1.27e-16  2.54e-11  1.27e-14  2.54e-11  2.28e-10
1.6e+03  2.68e-16  2.59e-11  1.99e-14  2.59e-11  2.31e-10
1.7e+03   4.3e-16   2.8e-11  3.01e-14   2.8e-11  2.33e-10
1.8e+03     8e-16  2.78e-11  4.38e-14  2.78e-11  2.35e-10
1.9e+03  1.24e-15  2.83e-11  6.18e-14  2.83e-11  2.37e-10
  2e+03  1.72e-15  2.96e-11  8.48e-14  2.97e-11  2.39e-10

Reactant = P2   Pressure = 1 atm

   T(K)        W1        W2        P1      Loss   Capture
    500  8.91e-23  2.03e-11  2.05e-19  2.03e-11   1.9e-10
    600  1.07e-21  2.58e-11  2.08e-18  2.58e-11  1.96e-10
    700  1.13e-20  3.01e-11  1.27e-17  3.01e-11  2.01e-10
    800  1.16e-19  3.41e-11  5.36e-17  3.41e-11  2.06e-10
    900  7.69e-19  3.58e-11  1.75e-16  3.58e-11   2.1e-10
  1e+03  3.08e-18  3.91e-11   4.7e-16  3.91e-11  2.13e-10
1.1e+03  1.17e-17  3.98e-11  1.09e-15  3.98e-11  2.17e-10
1.2e+03  3.06e-17  4.19e-11  2.25e-15  4.19e-11   2.2e-10
1.3e+03  7.75e-17   4.4e-11  4.25e-15   4.4e-11  2.23e-10
1.4e+03  1.61e-16  4.47e-11  7.45e-15  4.47e-11  2.26e-10
1.5e+03  2.91e-16  4.67e-11  1.23e-14  4.67e-11  2.28e-10
1.6e+03  5.77e-16  4.75e-11  1.93e-14  4.75e-11  2.31e-10
1.7e+03  9.02e-16  5.04e-11   2.9e-14  5.04e-11  2.33e-10
1.8e+03  1.59e-15  5.01e-11  4.19e-14  5.02e-11  2.35e-10
1.9e+03   2.4e-15  5.08e-11  5.89e-14  5.08e-11  2.37e-10
  2e+03  3.29e-15  5.27e-11  8.05e-14  5.28e-11  2.39e-10

Reactant = P2   Pressure = 10 atm

   T(K)        W1        W2        P1      Loss   Capture
    500  5.74e-22  4.44e-11  2.05e-19  4.44e-11   1.9e-10
    600   7.1e-21  5.08e-11  2.08e-18  5.08e-11  1.96e-10
    700  6.78e-20  5.59e-11  1.26e-17  5.59e-11  2.01e-10
    800  5.41e-19  6.09e-11  5.31e-17  6.09e-11  2.06e-10
    900  2.85e-18  6.27e-11  1.72e-16  6.27e-11   2.1e-10
  1e+03  9.63e-18  6.69e-11  4.58e-16  6.69e-11  2.13e-10
1.1e+03  3.17e-17  6.75e-11  1.05e-15  6.75e-11  2.17e-10
1.2e+03  7.52e-17  7.01e-11  2.16e-15  7.01e-11   2.2e-10
1.3e+03  1.74e-16  7.27e-11  4.03e-15  7.27e-11  2.23e-10
1.4e+03  3.42e-16  7.35e-11  7.02e-15  7.35e-11  2.26e-10
1.5e+03  5.87e-16   7.6e-11  1.15e-14   7.6e-11  2.28e-10
1.6e+03  1.11e-15  7.69e-11  1.79e-14  7.69e-11  2.31e-10
1.7e+03  1.68e-15  8.05e-11  2.67e-14  8.05e-11  2.33e-10
1.8e+03  2.84e-15  8.01e-11  3.83e-14  8.02e-11  2.35e-10
1.9e+03   4.2e-15   8.1e-11  5.36e-14   8.1e-11  2.37e-10
  2e+03  5.62e-15  8.33e-11   7.3e-14  8.34e-11  2.39e-10

Reactant = P2   Pressure = 100 atm

   T(K)        W1        W2        P1      Loss   Capture
    500  8.38e-21  8.14e-11  1.95e-19  8.14e-11   1.9e-10
    600  8.38e-20  8.64e-11  1.98e-18  8.64e-11  1.96e-10
    700  5.63e-19   9.1e-11   1.2e-17   9.1e-11  2.01e-10
    800  2.97e-18  9.59e-11  4.96e-17  9.59e-11  2.06e-10
    900  1.17e-17  9.73e-11  1.58e-16  9.73e-11   2.1e-10
  1e+03  3.32e-17  1.02e-10  4.16e-16  1.02e-10  2.13e-10
1.1e+03   9.2e-17  1.02e-10   9.4e-16  1.02e-10  2.17e-10
1.2e+03  1.99e-16  1.05e-10  1.91e-15  1.05e-10   2.2e-10
1.3e+03  4.16e-16  1.07e-10  3.49e-15  1.07e-10  2.23e-10
1.4e+03  7.71e-16  1.08e-10  6.03e-15  1.08e-10  2.26e-10
1.5e+03  1.27e-15  1.11e-10  9.78e-15  1.11e-10  2.28e-10
1.6e+03  2.25e-15  1.12e-10   1.5e-14  1.12e-10  2.31e-10
1.7e+03  3.33e-15  1.16e-10  2.22e-14  1.16e-10  2.33e-10
1.8e+03  5.38e-15  1.15e-10  3.14e-14  1.15e-10  2.35e-10
1.9e+03  7.78e-15  1.16e-10  4.37e-14  1.16e-10  2.37e-10
  2e+03  1.04e-14  1.19e-10  5.88e-14  1.19e-10  2.39e-10

______________________________________________________________________________________

Temperature-Pressure Rate Tables:

W1->W2

P\T           500       600       700       800       900     1e+03   1.1e+03   1.2e+03   1.3e+03   1.4e+03   1.5e+03   1.6e+03   1.7e+03   1.8e+03   1.9e+03     2e+03
0.1        0.0225     0.256      3.02      38.7       338  2.42e+03   9.7e+03  3.23e+04   8.8e+04  1.81e+05  3.66e+05  6.11e+05  1.03e+06  1.51e+06  2.11e+06  3.09e+06
1           0.207   -0.0622      25.8       302  2.18e+03  1.19e+04  4.07e+04  1.17e+05  2.85e+05   5.5e+05  1.03e+06  1.67e+06  2.68e+06  3.86e+06  5.26e+06  7.35e+06
10           1.65      18.2       204  2.05e+03  1.17e+04  5.12e+04   1.5e+05   3.8e+05  8.43e+05  1.52e+06  2.67e+06  4.19e+06  6.42e+06     9e+06   1.2e+07  1.62e+07
100          16.9       164  1.49e+03  1.11e+04  4.99e+04  1.78e+05   4.6e+05  1.04e+06  2.13e+06  3.64e+06  6.02e+06  9.11e+06  1.34e+07  1.84e+07   2.4e+07  3.15e+07
O-O      7.48e+03   5.6e+04   2.6e+05   8.6e+05  2.24e+06  4.87e+06  9.28e+06   1.6e+07  2.53e+07  3.77e+07  5.32e+07  7.19e+07  9.38e+07  1.19e+08  1.46e+08  1.77e+08

W1->P1

P\T           500       600       700       800       900     1e+03   1.1e+03   1.2e+03   1.3e+03   1.4e+03   1.5e+03   1.6e+03   1.7e+03   1.8e+03   1.9e+03     2e+03
0.1      1.02e+10  1.72e+10  1.96e+10   2.1e+10  2.05e+10  1.88e+10  1.78e+10   1.6e+10  1.49e+10  1.34e+10  1.21e+10  1.12e+10  1.03e+10  9.43e+09  8.55e+09  7.77e+09
1        2.75e+10  3.77e+10  3.96e+10  4.02e+10   3.8e+10  3.43e+10  3.17e+10  2.83e+10   2.6e+10  2.32e+10  2.08e+10  1.91e+10  1.74e+10  1.58e+10  1.43e+10   1.3e+10
10       5.87e+10  7.06e+10  7.03e+10  6.84e+10  6.31e+10  5.62e+10  5.11e+10  4.52e+10   4.1e+10  3.64e+10  3.24e+10  2.95e+10  2.68e+10  2.42e+10  2.18e+10  1.97e+10
100      1.07e+11  1.16e+11  1.11e+11  1.05e+11  9.46e+10  8.34e+10  7.47e+10  6.58e+10   5.9e+10  5.22e+10  4.63e+10  4.18e+10  3.77e+10  3.39e+10  3.05e+10  2.75e+10
O-O      2.12e+11   2.2e+11  2.11e+11  1.94e+11  1.75e+11  1.56e+11  1.39e+11  1.23e+11  1.09e+11  9.67e+10  8.61e+10  7.68e+10  6.88e+10  6.18e+10  5.56e+10  5.02e+10

W1->P2

P\T           500       600       700       800       900     1e+03   1.1e+03   1.2e+03   1.3e+03   1.4e+03   1.5e+03   1.6e+03   1.7e+03   1.8e+03   1.9e+03     2e+03
0.1         0.562      4.61      35.9       329  2.15e+03  8.32e+03  3.03e+04  7.26e+04   1.7e+05  3.17e+05  5.03e+05  9.12e+05  1.25e+06  2.02e+06  2.71e+06  3.26e+06
1            3.24      28.8       232  1.85e+03  9.75e+03  3.14e+04  9.73e+04   2.1e+05  4.43e+05  7.75e+05  1.18e+06     2e+06  2.68e+06  4.09e+06  5.36e+06   6.4e+06
10           20.8       190  1.39e+03  8.62e+03  3.61e+04  9.84e+04  2.65e+05  5.18e+05     1e+06  1.65e+06   2.4e+06  3.87e+06  5.02e+06  7.37e+06  9.44e+06   1.1e+07
100           304  2.24e+03  1.15e+04  4.74e+04  1.48e+05   3.4e+05  7.69e+05  1.37e+06  2.39e+06  3.73e+06  5.22e+06  7.86e+06     1e+07   1.4e+07  1.75e+07  2.04e+07
O-O           ***       ***       ***       ***       ***       ***       ***       ***       ***       ***       ***       ***       ***       ***       ***       ***

W2->W1

P\T           500       600       700       800       900     1e+03   1.1e+03   1.2e+03   1.3e+03   1.4e+03   1.5e+03   1.6e+03   1.7e+03   1.8e+03   1.9e+03     2e+03
0.1       0.00148    0.0226     0.321      4.71      45.9       358  1.55e+03  5.47e+03  1.57e+04  3.38e+04  7.11e+04  1.23e+05  2.16e+05  3.24e+05  4.65e+05  6.99e+05
1          0.0136  -0.00751      2.82      38.2       306  1.82e+03  6.66e+03  2.02e+04  5.19e+04  1.04e+05  2.02e+05  3.42e+05  5.66e+05  8.38e+05  1.17e+06  1.68e+06
10          0.109      1.64      22.5       261  1.66e+03  7.88e+03  2.47e+04  6.61e+04  1.54e+05   2.9e+05  5.28e+05  8.57e+05  1.36e+06  1.96e+06  2.68e+06  3.72e+06
100          1.12      14.8       165  1.41e+03  7.08e+03  2.74e+04  7.58e+04  1.82e+05  3.88e+05  6.93e+05  1.19e+06  1.87e+06  2.84e+06     4e+06  5.36e+06  7.23e+06
O-O           495  5.05e+03  2.87e+04   1.1e+05  3.17e+05   7.5e+05  1.53e+06  2.78e+06  4.63e+06  7.19e+06  1.05e+07  1.47e+07  1.98e+07  2.58e+07  3.27e+07  4.05e+07

W2->P1

P\T           500       600       700       800       900     1e+03   1.1e+03   1.2e+03   1.3e+03   1.4e+03   1.5e+03   1.6e+03   1.7e+03   1.8e+03   1.9e+03     2e+03
0.1      0.000742    0.0127     0.225      3.43      26.8       206       628  2.15e+03  5.33e+03  1.04e+04  2.32e+04  3.26e+04   6.3e+04  7.68e+04  1.06e+05  1.77e+05
1         0.00702     0.117      1.89        24       151       901  2.44e+03  7.22e+03  1.63e+04  3.02e+04  6.09e+04  8.53e+04  1.51e+05  1.88e+05  2.54e+05  3.95e+05
10         0.0953      1.26      15.4       139       672  3.17e+03  7.53e+03  1.97e+04  4.05e+04  7.06e+04  1.33e+05   1.8e+05  3.01e+05   3.7e+05  4.88e+05  7.28e+05
100          2.78      28.8       216  1.14e+03  3.95e+03  1.32e+04  2.76e+04  6.12e+04  1.13e+05  1.85e+05  3.18e+05  4.25e+05  6.61e+05  8.11e+05  1.05e+06  1.48e+06
O-O           ***       ***       ***       ***       ***       ***       ***       ***       ***       ***       ***       ***       ***       ***       ***       ***

W2->P2

P\T           500       600       700       800       900     1e+03   1.1e+03   1.2e+03   1.3e+03   1.4e+03   1.5e+03   1.6e+03   1.7e+03   1.8e+03   1.9e+03     2e+03
0.1      1.82e+10  2.78e+10   3.3e+10  3.57e+10   3.4e+10  3.35e+10  3.01e+10  2.81e+10  2.62e+10  2.35e+10  2.19e+10  1.97e+10  1.87e+10  1.66e+10  1.51e+10  1.41e+10
1         4.9e+10  6.28e+10  6.86e+10  7.02e+10  6.51e+10  6.24e+10  5.54e+10   5.1e+10  4.68e+10  4.18e+10  3.84e+10  3.44e+10  3.23e+10  2.86e+10  2.59e+10   2.4e+10
10       1.07e+11  1.23e+11  1.26e+11  1.24e+11  1.13e+11  1.06e+11  9.31e+10  8.45e+10  7.66e+10   6.8e+10  6.19e+10  5.52e+10  5.12e+10  4.54e+10  4.09e+10  3.77e+10
100      1.95e+11  2.09e+11  2.05e+11  1.95e+11  1.75e+11   1.6e+11  1.41e+11  1.26e+11  1.13e+11  9.99e+10  9.01e+10  8.02e+10  7.36e+10  6.53e+10  5.87e+10  5.38e+10
O-O      4.56e+11  4.73e+11  4.54e+11  4.18e+11  3.77e+11  3.36e+11  2.98e+11  2.64e+11  2.34e+11  2.08e+11  1.85e+11  1.65e+11  1.48e+11  1.33e+11   1.2e+11  1.08e+11

P1->W1

P\T           500       600       700       800       900     1e+03   1.1e+03   1.2e+03   1.3e+03   1.4e+03   1.5e+03   1.6e+03   1.7e+03   1.8e+03   1.9e+03     2e+03
0.1      9.11e-12  1.51e-11  1.83e-11  2.16e-11  2.39e-11  2.49e-11  2.69e-11  2.79e-11  2.97e-11  3.04e-11  3.12e-11  3.28e-11  3.42e-11   3.5e-11  3.56e-11  3.62e-11
1        2.48e-11  3.37e-11  3.79e-11  4.26e-11  4.56e-11  4.68e-11  4.96e-11  5.07e-11  5.33e-11  5.42e-11  5.51e-11  5.74e-11  5.92e-11  6.04e-11  6.11e-11  6.18e-11
10       5.29e-11  6.33e-11  6.75e-11  7.29e-11  7.61e-11  7.72e-11  8.04e-11  8.15e-11  8.44e-11  8.55e-11  8.65e-11  8.92e-11  9.13e-11  9.26e-11  9.35e-11  9.44e-11
100      9.68e-11  1.04e-10  1.07e-10  1.11e-10  1.14e-10  1.15e-10  1.18e-10  1.19e-10  1.21e-10  1.23e-10  1.24e-10  1.26e-10  1.29e-10   1.3e-10  1.31e-10  1.32e-10
O-O      1.91e-10  1.97e-10  2.03e-10  2.07e-10  2.11e-10  2.15e-10  2.18e-10  2.22e-10  2.25e-10  2.27e-10   2.3e-10  2.32e-10  2.35e-10  2.37e-10  2.39e-10  2.41e-10

P1->W2

P\T           500       600       700       800       900     1e+03   1.1e+03   1.2e+03   1.3e+03   1.4e+03   1.5e+03   1.6e+03   1.7e+03   1.8e+03   1.9e+03     2e+03
0.1      1.04e-23  1.36e-22  2.08e-21  3.09e-20  2.53e-19     2e-18  6.82e-18  2.48e-17  6.79e-17  1.46e-16  3.46e-16  5.51e-16  1.11e-15  1.56e-15  2.35e-15  4.12e-15
1        9.66e-23  1.18e-21  1.67e-20  2.05e-19  1.32e-18  8.23e-18  2.41e-17  7.68e-17   1.9e-16  3.83e-16  8.43e-16   1.3e-15  2.49e-15  3.42e-15  5.04e-15  8.47e-15
10        1.3e-21  1.26e-20  1.34e-19  1.17e-18  5.75e-18  2.84e-17  7.25e-17  2.05e-16   4.6e-16  8.75e-16   1.8e-15  2.68e-15  4.89e-15  6.56e-15  9.44e-15  1.53e-14
100       3.8e-20  2.87e-19  1.88e-18  9.57e-18  3.36e-17  1.18e-16  2.65e-16  6.35e-16  1.28e-15  2.28e-15   4.3e-15  6.28e-15  1.07e-14  1.43e-14  2.02e-14  3.11e-14
O-O           ***       ***       ***       ***       ***       ***       ***       ***       ***       ***       ***       ***       ***       ***       ***       ***

P1->P2

P\T           500       600       700       800       900     1e+03   1.1e+03   1.2e+03   1.3e+03   1.4e+03   1.5e+03   1.6e+03   1.7e+03   1.8e+03   1.9e+03     2e+03
0.1      6.73e-18  5.01e-17  2.49e-16  9.15e-16  2.69e-15  6.67e-15  1.45e-14  2.85e-14  5.15e-14   8.7e-14  1.39e-13  2.11e-13  3.09e-13  4.36e-13  5.99e-13  8.02e-13
1        6.72e-18  5.01e-17  2.49e-16  9.12e-16  2.67e-15  6.62e-15  1.43e-14  2.81e-14  5.04e-14  8.48e-14  1.35e-13  2.04e-13  2.97e-13  4.17e-13  5.71e-13  7.61e-13
10       6.71e-18  4.99e-17  2.47e-16  9.02e-16  2.63e-15  6.45e-15  1.39e-14  2.69e-14  4.78e-14  7.99e-14  1.26e-13  1.89e-13  2.74e-13  3.82e-13   5.2e-13  6.89e-13
100       6.4e-18  4.77e-17  2.35e-16  8.43e-16  2.42e-15  5.86e-15  1.24e-14  2.37e-14  4.15e-14  6.87e-14  1.07e-13  1.59e-13  2.27e-13  3.13e-13  4.23e-13  5.56e-13
O-O           ***       ***       ***       ***       ***       ***       ***       ***       ***       ***       ***       ***       ***       ***       ***       ***

P2->W1

P\T           500       600       700       800       900     1e+03   1.1e+03   1.2e+03   1.3e+03   1.4e+03   1.5e+03   1.6e+03   1.7e+03   1.8e+03   1.9e+03     2e+03
0.1      1.53e-23  1.69e-22  1.73e-21  2.03e-20  1.68e-19  8.17e-19  3.64e-18  1.07e-17  3.01e-17  6.69e-17  1.27e-16  2.68e-16   4.3e-16     8e-16  1.24e-15  1.72e-15
1        8.91e-23  1.07e-21  1.13e-20  1.16e-19  7.69e-19  3.08e-18  1.17e-17  3.06e-17  7.75e-17  1.61e-16  2.91e-16  5.77e-16  9.02e-16  1.59e-15   2.4e-15  3.29e-15
10       5.74e-22   7.1e-21  6.78e-20  5.41e-19  2.85e-18  9.63e-18  3.17e-17  7.52e-17  1.74e-16  3.42e-16  5.87e-16  1.11e-15  1.68e-15  2.84e-15   4.2e-15  5.62e-15
100      8.38e-21  8.38e-20  5.63e-19  2.97e-18  1.17e-17  3.32e-17   9.2e-17  1.99e-16  4.16e-16  7.71e-16  1.27e-15  2.25e-15  3.33e-15  5.38e-15  7.78e-15  1.04e-14
O-O           ***       ***       ***       ***       ***       ***       ***       ***       ***       ***       ***       ***       ***       ***       ***       ***

P2->W2

P\T           500       600       700       800       900     1e+03   1.1e+03   1.2e+03   1.3e+03   1.4e+03   1.5e+03   1.6e+03   1.7e+03   1.8e+03   1.9e+03     2e+03
0.1      7.42e-12  1.11e-11   1.4e-11  1.66e-11  1.78e-11     2e-11  2.06e-11   2.2e-11  2.34e-11   2.4e-11  2.54e-11  2.59e-11   2.8e-11  2.78e-11  2.83e-11  2.96e-11
1        2.03e-11  2.58e-11  3.01e-11  3.41e-11  3.58e-11  3.91e-11  3.98e-11  4.19e-11   4.4e-11  4.47e-11  4.67e-11  4.75e-11  5.04e-11  5.01e-11  5.08e-11  5.27e-11
10       4.44e-11  5.08e-11  5.59e-11  6.09e-11  6.27e-11  6.69e-11  6.75e-11  7.01e-11  7.27e-11  7.35e-11   7.6e-11  7.69e-11  8.05e-11  8.01e-11   8.1e-11  8.33e-11
100      8.14e-11  8.64e-11   9.1e-11  9.59e-11  9.73e-11  1.02e-10  1.02e-10  1.05e-10  1.07e-10  1.08e-10  1.11e-10  1.12e-10  1.16e-10  1.15e-10  1.16e-10  1.19e-10
O-O       1.9e-10  1.96e-10  2.01e-10  2.06e-10   2.1e-10  2.13e-10  2.17e-10   2.2e-10  2.23e-10  2.26e-10  2.28e-10  2.31e-10  2.33e-10  2.35e-10  2.37e-10  2.39e-10

P2->P1

P\T           500       600       700       800       900     1e+03   1.1e+03   1.2e+03   1.3e+03   1.4e+03   1.5e+03   1.6e+03   1.7e+03   1.8e+03   1.9e+03     2e+03
0.1      2.05e-19  2.08e-18  1.27e-17  5.38e-17  1.76e-16  4.74e-16   1.1e-15  2.29e-15  4.34e-15  7.64e-15  1.27e-14  1.99e-14  3.01e-14  4.38e-14  6.18e-14  8.48e-14
1        2.05e-19  2.08e-18  1.27e-17  5.36e-17  1.75e-16   4.7e-16  1.09e-15  2.25e-15  4.25e-15  7.45e-15  1.23e-14  1.93e-14   2.9e-14  4.19e-14  5.89e-14  8.05e-14
10       2.05e-19  2.08e-18  1.26e-17  5.31e-17  1.72e-16  4.58e-16  1.05e-15  2.16e-15  4.03e-15  7.02e-15  1.15e-14  1.79e-14  2.67e-14  3.83e-14  5.36e-14   7.3e-14
100      1.95e-19  1.98e-18   1.2e-17  4.96e-17  1.58e-16  4.16e-16   9.4e-16  1.91e-15  3.49e-15  6.03e-15  9.78e-15   1.5e-14  2.22e-14  3.14e-14  4.37e-14  5.88e-14
O-O           ***       ***       ***       ***       ***       ***       ***       ***       ***       ***       ***       ***       ***       ***       ***       ***

W1-> 

P\T           500       600       700       800       900     1e+03   1.1e+03   1.2e+03   1.3e+03   1.4e+03   1.5e+03   1.6e+03   1.7e+03   1.8e+03   1.9e+03     2e+03
0.1      1.02e+10  1.72e+10  1.96e+10   2.1e+10  2.05e+10  1.88e+10  1.78e+10   1.6e+10  1.49e+10  1.34e+10  1.21e+10  1.12e+10  1.03e+10  9.43e+09  8.55e+09  7.77e+09
1        2.75e+10  3.77e+10  3.96e+10  4.02e+10   3.8e+10  3.43e+10  3.17e+10  2.83e+10   2.6e+10  2.32e+10  2.08e+10  1.91e+10  1.74e+10  1.58e+10  1.43e+10   1.3e+10
10       5.87e+10  7.06e+10  7.03e+10  6.84e+10  6.31e+10  5.62e+10  5.11e+10  4.53e+10   4.1e+10  3.64e+10  3.24e+10  2.95e+10  2.68e+10  2.42e+10  2.18e+10  1.97e+10
100      1.07e+11  1.16e+11  1.11e+11  1.05e+11  9.46e+10  8.34e+10  7.47e+10  6.58e+10   5.9e+10  5.22e+10  4.63e+10  4.18e+10  3.77e+10  3.39e+10  3.05e+10  2.76e+10
O-O      2.12e+11   2.2e+11  2.11e+11  1.94e+11  1.75e+11  1.56e+11  1.39e+11  1.23e+11  1.09e+11  9.68e+10  8.61e+10  7.69e+10  6.89e+10  6.19e+10  5.58e+10  5.04e+10

W2-> 

P\T           500       600       700       800       900     1e+03   1.1e+03   1.2e+03   1.3e+03   1.4e+03   1.5e+03   1.6e+03   1.7e+03   1.8e+03   1.9e+03     2e+03
0.1      1.82e+10  2.78e+10   3.3e+10  3.57e+10   3.4e+10  3.35e+10  3.01e+10  2.81e+10  2.62e+10  2.35e+10  2.19e+10  1.97e+10  1.87e+10  1.66e+10  1.51e+10  1.41e+10
1         4.9e+10  6.28e+10  6.86e+10  7.02e+10  6.51e+10  6.24e+10  5.54e+10   5.1e+10  4.68e+10  4.18e+10  3.84e+10  3.44e+10  3.23e+10  2.86e+10  2.59e+10   2.4e+10
10       1.07e+11  1.23e+11  1.26e+11  1.24e+11  1.13e+11  1.06e+11  9.31e+10  8.45e+10  7.66e+10   6.8e+10  6.19e+10  5.52e+10  5.12e+10  4.54e+10  4.09e+10  3.77e+10
100      1.95e+11  2.09e+11  2.05e+11  1.95e+11  1.75e+11   1.6e+11  1.41e+11  1.26e+11  1.13e+11  9.99e+10  9.01e+10  8.02e+10  7.36e+10  6.53e+10  5.87e+10  5.38e+10
O-O      4.56e+11  4.73e+11  4.54e+11  4.18e+11  3.77e+11  3.36e+11  2.98e+11  2.64e+11  2.34e+11  2.08e+11  1.85e+11  1.65e+11  1.48e+11  1.33e+11   1.2e+11  1.08e+11

P1-> 

P\T           500       600       700       800       900     1e+03   1.1e+03   1.2e+03   1.3e+03   1.4e+03   1.5e+03   1.6e+03   1.7e+03   1.8e+03   1.9e+03     2e+03
0.1      9.11e-12  1.51e-11  1.83e-11  2.16e-11  2.39e-11  2.49e-11   2.7e-11  2.79e-11  2.97e-11  3.05e-11  3.13e-11   3.3e-11  3.45e-11  3.54e-11  3.62e-11   3.7e-11
1        2.48e-11  3.37e-11  3.79e-11  4.26e-11  4.56e-11  4.68e-11  4.96e-11  5.08e-11  5.33e-11  5.43e-11  5.53e-11  5.76e-11  5.95e-11  6.08e-11  6.17e-11  6.26e-11
10       5.29e-11  6.33e-11  6.75e-11  7.29e-11  7.61e-11  7.72e-11  8.04e-11  8.15e-11  8.45e-11  8.56e-11  8.66e-11  8.93e-11  9.15e-11   9.3e-11   9.4e-11  9.51e-11
100      9.68e-11  1.04e-10  1.07e-10  1.11e-10  1.14e-10  1.15e-10  1.18e-10  1.19e-10  1.22e-10  1.23e-10  1.24e-10  1.26e-10  1.29e-10   1.3e-10  1.32e-10  1.33e-10
O-O      1.91e-10  1.97e-10  2.03e-10  2.07e-10  2.11e-10  2.15e-10  2.18e-10  2.22e-10  2.25e-10  2.27e-10   2.3e-10  2.32e-10  2.35e-10  2.37e-10  2.39e-10  2.41e-10

P2-> 

P\T           500       600       700       800       900     1e+03   1.1e+03   1.2e+03   1.3e+03   1.4e+03   1.5e+03   1.6e+03   1.7e+03   1.8e+03   1.9e+03     2e+03
0.1      7.42e-12  1.11e-11   1.4e-11  1.66e-11  1.78e-11     2e-11  2.06e-11   2.2e-11  2.34e-11   2.4e-11  2.54e-11  2.59e-11   2.8e-11  2.78e-11  2.83e-11  2.97e-11
1        2.03e-11  2.58e-11  3.01e-11  3.41e-11  3.58e-11  3.91e-11  3.98e-11  4.19e-11   4.4e-11  4.47e-11  4.67e-11  4.75e-11  5.04e-11  5.02e-11  5.08e-11  5.28e-11
10       4.44e-11  5.08e-11  5.59e-11  6.09e-11  6.27e-11  6.69e-11  6.75e-11  7.01e-11  7.27e-11  7.35e-11   7.6e-11  7.69e-11  8.05e-11  8.02e-11   8.1e-11  8.34e-11
100      8.14e-11  8.64e-11   9.1e-11  9.59e-11  9.73e-11  1.02e-10  1.02e-10  1.05e-10  1.07e-10  1.08e-10  1.11e-10  1.12e-10  1.16e-10  1.15e-10  1.16e-10  1.19e-10
O-O       1.9e-10  1.96e-10  2.01e-10  2.06e-10   2.1e-10  2.13e-10  2.17e-10   2.2e-10  2.23e-10  2.26e-10  2.28e-10  2.31e-10  2.33e-10  2.35e-10  2.37e-10  2.39e-10

