Wells (G - ground energy, D - dissociation limit, kcal/mol):
                            W         G         D
                 C5O2sidwaozz         0      24.5
      FakeW-C2H2(40)+S(2258)z      5.03      8.03

Bimolecular Products (G - ground energy, kcal/mol):
                      P         G
      C2H2(40)+S(2258)z      8.03

Well-to-Bimolecular Barriers (H/G - barrier height/well depth, kcal/mol)
                            B         H                       W         G                 P
      FakeB-C2H2(40)+S(2258)z      8.03 FakeW-C2H2(40)+S(2258)z      5.03 C2H2(40)+S(2258)z

Well-to-Well Barriers (H/G - barrier height/well depth, kcal/mol):
            B         H                      W1        G1                      W2        G2
      ts_3_55      24.5            C5O2sidwaozz         0 FakeW-C2H2(40)+S(2258)z      5.03

Bound Groups: dissociation barrier (name/ground energy, kcal/mol): wells (name/ground energy, kcal/mol):
     C1/8.03:  FakeW-C2H2(40)+S(2258)z/5.03

     B1/24.5:  C5O2sidwaozz/0

________________________________________________________________________________________

Names Translation Tables (<short name> - <original name>):
Wells:
   W1 - C5O2sidwaozz
   W2 - FakeW-C2H2(40)+S(2258)z
Bimolecular products:
   P1 - C2H2(40)+S(2258)z
Inner Barriers:
   B1 - ts_3_55
Outer Barriers:
   C1 - FakeB-C2H2(40)+S(2258)z
Unimolecular Rate Units: 1/sec;  Bimolecular Rate Units: cm^3/sec

______________________________________________________________________________________

Species-Species Rate Tables:

Temperature = 500 K

High Pressure Rate Coefficients:

From\To         W1        W2        P1
W1             ***       258       ***
W2        2.87e+05       ***  1.16e+15
P1             ***  2.06e-10       ***

Temperature = 500 K    Pressure = 0.1 atm

From\To         W1        W2        P1
W1             236       ***       235
W2             ***       ***       ***
P1        4.64e-20       ***  4.63e-20

Temperature = 500 K    Pressure = 1 atm

From\To         W1        W2        P1
W1             253  4.73e-05       253
W2       -6.17e-07  8.21e+11  8.21e+11
P1        4.99e-20  1.28e-13  1.28e-13

Temperature = 500 K    Pressure = 10 atm

From\To         W1        W2        P1
W1             256  0.000278       256
W2       -1.19e-05  3.83e+12  3.83e+12
P1        5.05e-20  6.42e-13  6.42e-13

Temperature = 500 K    Pressure = 100 atm

From\To         W1        W2        P1
W1             257  0.000886       257
W2       -0.000141  1.49e+13  1.49e+13
P1        5.06e-20  2.58e-12  2.58e-12

Temperature = 600 K

High Pressure Rate Coefficients:

From\To         W1        W2        P1
W1             ***  1.83e+04       ***
W2        6.84e+06       ***  1.56e+15
P1             ***  2.12e-10       ***

Temperature = 600 K    Pressure = 0.1 atm

From\To         W1        W2        P1
W1        1.31e+04       ***  1.31e+04
W2             ***       ***       ***
P1        6.65e-19       ***  6.65e-19

Temperature = 600 K    Pressure = 1 atm

From\To         W1        W2        P1
W1         1.7e+04       ***   1.7e+04
W2             ***       ***       ***
P1         8.6e-19       ***   8.6e-19

Temperature = 600 K    Pressure = 10 atm

From\To         W1        W2        P1
W1        1.81e+04       ***  1.81e+04
W2             ***       ***       ***
P1        9.16e-19       ***  9.16e-19

Temperature = 600 K    Pressure = 100 atm

From\To         W1        W2        P1
W1        1.82e+04      0.13  1.82e+04
W2          -0.016  2.99e+13  2.99e+13
P1        9.24e-19  3.89e-12  3.89e-12

Temperature = 700 K

High Pressure Rate Coefficients:

From\To         W1        W2        P1
W1             ***  4.01e+05       ***
W2        6.56e+07       ***  1.83e+15
P1             ***  2.18e-10       ***

Temperature = 700 K    Pressure = 0.1 atm

From\To         W1        W2        P1
W1        1.78e+05       ***  1.78e+05
W2             ***       ***       ***
P1        3.46e-18       ***  3.46e-18

Temperature = 700 K    Pressure = 1 atm

From\To         W1        W2        P1
W1        3.12e+05       ***  3.12e+05
W2             ***       ***       ***
P1        6.08e-18       ***  6.08e-18

Temperature = 700 K    Pressure = 10 atm

From\To         W1        W2        P1
W1        3.82e+05       ***  3.82e+05
W2             ***       ***       ***
P1        7.44e-18       ***  7.44e-18

Temperature = 700 K    Pressure = 100 atm

From\To         W1        W2        P1
W1        3.97e+05      4.85  3.97e+05
W2           0.711   4.8e+13   4.8e+13
P1        7.73e-18  5.32e-12  5.32e-12

Temperature = 800 K

High Pressure Rate Coefficients:

From\To         W1        W2        P1
W1             ***  4.16e+06       ***
W2        3.55e+08       ***  1.98e+15
P1             ***  2.23e-10       ***

Temperature = 800 K    Pressure = 0.1 atm

From\To         W1        W2        P1
W1        9.11e+05       ***  9.11e+05
W2             ***       ***       ***
P1        8.76e-18       ***  8.76e-18

Temperature = 800 K    Pressure = 1 atm

From\To         W1        W2        P1
W1        2.31e+06       ***  2.31e+06
W2             ***       ***       ***
P1        2.22e-17       ***  2.22e-17

Temperature = 800 K    Pressure = 10 atm

From\To         W1        W2        P1
W1         3.6e+06       ***   3.6e+06
W2             ***       ***       ***
P1        3.46e-17       ***  3.46e-17

Temperature = 800 K    Pressure = 100 atm

From\To         W1        W2        P1
W1        4.06e+06       ***  4.06e+06
W2             ***       ***       ***
P1        3.91e-17       ***  3.91e-17

Temperature = 900 K

High Pressure Rate Coefficients:

From\To         W1        W2        P1
W1             ***   2.6e+07       ***
W2        1.32e+09       ***  2.04e+15
P1             ***  2.27e-10       ***

Temperature = 900 K    Pressure = 0.1 atm

From\To         W1        W2        P1
W1        2.48e+06       ***  2.48e+06
W2             ***       ***       ***
P1         1.4e-17       ***   1.4e-17

Temperature = 900 K    Pressure = 1 atm

From\To         W1        W2        P1
W1        8.68e+06       ***  8.68e+06
W2             ***       ***       ***
P1        4.89e-17       ***  4.89e-17

Temperature = 900 K    Pressure = 10 atm

From\To         W1        W2        P1
W1        1.85e+07       ***  1.85e+07
W2             ***       ***       ***
P1        1.04e-16       ***  1.04e-16

Temperature = 900 K    Pressure = 100 atm

From\To         W1        W2        P1
W1        2.44e+07       ***  2.44e+07
W2             ***       ***       ***
P1        1.38e-16       ***  1.38e-16

Temperature = 1e+03 K

High Pressure Rate Coefficients:

From\To         W1        W2        P1
W1             ***  1.14e+08       ***
W2        3.73e+09       ***  2.03e+15
P1             ***  2.31e-10       ***

Temperature = 1e+03 K    Pressure = 0.1 atm

From\To         W1        W2        P1
W1         4.8e+06       ***   4.8e+06
W2             ***       ***       ***
P1        1.79e-17       ***  1.79e-17

Temperature = 1e+03 K    Pressure = 1 atm

From\To         W1        W2        P1
W1        2.06e+07       ***  2.06e+07
W2             ***       ***       ***
P1        7.69e-17       ***  7.69e-17

Temperature = 1e+03 K    Pressure = 10 atm

From\To         W1        W2        P1
W1        5.93e+07       ***  5.93e+07
W2             ***       ***       ***
P1        2.21e-16       ***  2.21e-16

Temperature = 1e+03 K    Pressure = 100 atm

From\To         W1        W2        P1
W1        9.83e+07       ***  9.83e+07
W2             ***       ***       ***
P1        3.66e-16       ***  3.66e-16

Temperature = 1.1e+03 K

High Pressure Rate Coefficients:

From\To         W1        W2        P1
W1             ***  3.85e+08       ***
W2        8.73e+09       ***  1.99e+15
P1             ***  2.35e-10       ***

Temperature = 1.1e+03 K    Pressure = 0.1 atm

From\To         W1        W2        P1
W1        8.04e+06       ***  8.04e+06
W2             ***       ***       ***
P1        2.16e-17       ***  2.16e-17

Temperature = 1.1e+03 K    Pressure = 1 atm

From\To         W1        W2        P1
W1        3.72e+07       ***  3.72e+07
W2             ***       ***       ***
P1        9.98e-17       ***  9.98e-17

Temperature = 1.1e+03 K    Pressure = 10 atm

From\To         W1        W2        P1
W1        1.33e+08       ***  1.33e+08
W2             ***       ***       ***
P1        3.57e-16       ***  3.57e-16

Temperature = 1.1e+03 K    Pressure = 100 atm

From\To         W1        W2        P1
W1        2.86e+08       ***  2.86e+08
W2             ***       ***       ***
P1        7.67e-16       ***  7.67e-16

Temperature = 1.2e+03 K

High Pressure Rate Coefficients:

From\To         W1        W2        P1
W1             ***  1.07e+09       ***
W2        1.77e+10       ***  1.92e+15
P1             ***  2.38e-10       ***

Temperature = 1.2e+03 K    Pressure = 0.1 atm

From\To         W1        W2        P1
W1        1.15e+07       ***  1.15e+07
W2             ***       ***       ***
P1        2.37e-17       ***  2.37e-17

Temperature = 1.2e+03 K    Pressure = 1 atm

From\To         W1        W2        P1
W1        5.42e+07       ***  5.42e+07
W2             ***       ***       ***
P1        1.12e-16       ***  1.12e-16

Temperature = 1.2e+03 K    Pressure = 10 atm

From\To         W1        W2        P1
W1        2.27e+08       ***  2.27e+08
W2             ***       ***       ***
P1        4.69e-16       ***  4.69e-16

Temperature = 1.2e+03 K    Pressure = 100 atm

From\To         W1        W2        P1
W1        6.31e+08       ***  6.31e+08
W2             ***       ***       ***
P1         1.3e-15       ***   1.3e-15

Temperature = 1.3e+03 K

High Pressure Rate Coefficients:

From\To         W1        W2        P1
W1             ***  2.53e+09       ***
W2         3.2e+10       ***  1.83e+15
P1             ***  2.42e-10       ***

Temperature = 1.3e+03 K    Pressure = 0.1 atm

From\To         W1        W2        P1
W1         1.5e+07       ***   1.5e+07
W2             ***       ***       ***
P1         2.5e-17       ***   2.5e-17

Temperature = 1.3e+03 K    Pressure = 1 atm

From\To         W1        W2        P1
W1        6.91e+07       ***  6.91e+07
W2             ***       ***       ***
P1        1.15e-16       ***  1.15e-16

Temperature = 1.3e+03 K    Pressure = 10 atm

From\To         W1        W2        P1
W1         3.2e+08       ***   3.2e+08
W2             ***       ***       ***
P1        5.34e-16       ***  5.34e-16

Temperature = 1.3e+03 K    Pressure = 100 atm

From\To         W1        W2        P1
W1        1.11e+09       ***  1.11e+09
W2             ***       ***       ***
P1        1.85e-15       ***  1.85e-15

Temperature = 1.4e+03 K

High Pressure Rate Coefficients:

From\To         W1        W2        P1
W1             ***  5.34e+09       ***
W2        5.32e+10       ***  1.74e+15
P1             ***  2.45e-10       ***

Temperature = 1.4e+03 K    Pressure = 0.1 atm

From\To         W1        W2        P1
W1        2.03e+07       ***  2.03e+07
W2             ***       ***       ***
P1        2.85e-17       ***  2.85e-17

Temperature = 1.4e+03 K    Pressure = 1 atm

From\To         W1        W2        P1
W1        8.56e+07       ***  8.56e+07
W2             ***       ***       ***
P1         1.2e-16       ***   1.2e-16

Temperature = 1.4e+03 K    Pressure = 10 atm

From\To         W1        W2        P1
W1        4.06e+08       ***  4.06e+08
W2             ***       ***       ***
P1        5.69e-16       ***  5.69e-16

Temperature = 1.4e+03 K    Pressure = 100 atm

From\To         W1        W2        P1
W1        1.64e+09       ***  1.64e+09
W2             ***       ***       ***
P1         2.3e-15       ***   2.3e-15

Temperature = 1.5e+03 K

High Pressure Rate Coefficients:

From\To         W1        W2        P1
W1             ***  1.02e+10       ***
W2        8.23e+10       ***  1.64e+15
P1             ***  2.48e-10       ***

Temperature = 1.5e+03 K    Pressure = 0.1 atm

From\To         W1        W2        P1
W1        2.69e+07       ***  2.69e+07
W2             ***       ***       ***
P1        3.26e-17       ***  3.26e-17

Temperature = 1.5e+03 K    Pressure = 1 atm

From\To         W1        W2        P1
W1        1.04e+08       ***  1.04e+08
W2             ***       ***       ***
P1        1.26e-16       ***  1.26e-16

Temperature = 1.5e+03 K    Pressure = 10 atm

From\To         W1        W2        P1
W1         4.8e+08       ***   4.8e+08
W2             ***       ***       ***
P1        5.82e-16       ***  5.82e-16

Temperature = 1.5e+03 K    Pressure = 100 atm

From\To         W1        W2        P1
W1        2.14e+09       ***  2.14e+09
W2             ***       ***       ***
P1         2.6e-15       ***   2.6e-15

Temperature = 1.6e+03 K

High Pressure Rate Coefficients:

From\To         W1        W2        P1
W1             ***   1.8e+10       ***
W2         1.2e+11       ***  1.55e+15
P1             ***   2.5e-10       ***

Temperature = 1.6e+03 K    Pressure = 0.1 atm

From\To         W1        W2        P1
W1        3.01e+07       ***  3.01e+07
W2             ***       ***       ***
P1        3.24e-17       ***  3.24e-17

Temperature = 1.6e+03 K    Pressure = 1 atm

From\To         W1        W2        P1
W1        1.14e+08       ***  1.14e+08
W2             ***       ***       ***
P1        1.23e-16       ***  1.23e-16

Temperature = 1.6e+03 K    Pressure = 10 atm

From\To         W1        W2        P1
W1        5.21e+08       ***  5.21e+08
W2             ***       ***       ***
P1        5.61e-16       ***  5.61e-16

Temperature = 1.6e+03 K    Pressure = 100 atm

From\To         W1        W2        P1
W1        2.51e+09       ***  2.51e+09
W2             ***       ***       ***
P1         2.7e-15       ***   2.7e-15

Temperature = 1.7e+03 K

High Pressure Rate Coefficients:

From\To         W1        W2        P1
W1             ***  2.99e+10       ***
W2        1.68e+11       ***  1.46e+15
P1             ***  2.53e-10       ***

Temperature = 1.7e+03 K    Pressure = 0.1 atm

From\To         W1        W2        P1
W1        3.51e+07       ***  3.51e+07
W2             ***       ***       ***
P1        3.42e-17       ***  3.42e-17

Temperature = 1.7e+03 K    Pressure = 1 atm

From\To         W1        W2        P1
W1        1.32e+08       ***  1.32e+08
W2             ***       ***       ***
P1        1.28e-16       ***  1.28e-16

Temperature = 1.7e+03 K    Pressure = 10 atm

From\To         W1        W2        P1
W1        5.69e+08       ***  5.69e+08
W2             ***       ***       ***
P1        5.55e-16       ***  5.55e-16

Temperature = 1.7e+03 K    Pressure = 100 atm

From\To         W1        W2        P1
W1         2.8e+09       ***   2.8e+09
W2             ***       ***       ***
P1        2.73e-15       ***  2.73e-15

Temperature = 1.8e+03 K

High Pressure Rate Coefficients:

From\To         W1        W2        P1
W1             ***  4.68e+10       ***
W2        2.26e+11       ***  1.37e+15
P1             ***  2.55e-10       ***

Temperature = 1.8e+03 K    Pressure = 0.1 atm

From\To         W1        W2        P1
W1        3.29e+07       ***  3.29e+07
W2             ***       ***       ***
P1        2.95e-17       ***  2.95e-17

Temperature = 1.8e+03 K    Pressure = 1 atm

From\To         W1        W2        P1
W1        1.41e+08       ***  1.41e+08
W2             ***       ***       ***
P1        1.26e-16       ***  1.26e-16

Temperature = 1.8e+03 K    Pressure = 10 atm

From\To         W1        W2        P1
W1        6.03e+08       ***  6.03e+08
W2             ***       ***       ***
P1        5.41e-16       ***  5.41e-16

Temperature = 1.8e+03 K    Pressure = 100 atm

From\To         W1        W2        P1
W1        2.99e+09       ***  2.99e+09
W2             ***       ***       ***
P1        2.69e-15       ***  2.69e-15

Temperature = 1.9e+03 K

High Pressure Rate Coefficients:

From\To         W1        W2        P1
W1             ***  7.01e+10       ***
W2        2.95e+11       ***  1.29e+15
P1             ***  2.57e-10       ***

Temperature = 1.9e+03 K    Pressure = 0.1 atm

From\To         W1        W2        P1
W1        3.06e+07       ***  3.06e+07
W2             ***       ***       ***
P1        2.56e-17       ***  2.56e-17

Temperature = 1.9e+03 K    Pressure = 1 atm

From\To         W1        W2        P1
W1        1.47e+08       ***  1.47e+08
W2             ***       ***       ***
P1        1.23e-16       ***  1.23e-16

Temperature = 1.9e+03 K    Pressure = 10 atm

From\To         W1        W2        P1
W1         6.3e+08       ***   6.3e+08
W2             ***       ***       ***
P1        5.28e-16       ***  5.28e-16

Temperature = 1.9e+03 K    Pressure = 100 atm

From\To         W1        W2        P1
W1        3.11e+09       ***  3.11e+09
W2             ***       ***       ***
P1         2.6e-15       ***   2.6e-15

Temperature = 2e+03 K

High Pressure Rate Coefficients:

From\To         W1        W2        P1
W1             ***  1.01e+11       ***
W2        3.73e+11       ***  1.21e+15
P1             ***   2.6e-10       ***

Temperature = 2e+03 K    Pressure = 0.1 atm

From\To         W1        W2        P1
W1        2.27e+07       ***  2.27e+07
W2             ***       ***       ***
P1        1.79e-17       ***  1.79e-17

Temperature = 2e+03 K    Pressure = 1 atm

From\To         W1        W2        P1
W1        1.37e+08       ***  1.37e+08
W2             ***       ***       ***
P1        1.08e-16       ***  1.08e-16

Temperature = 2e+03 K    Pressure = 10 atm

From\To         W1        W2        P1
W1         6.3e+08       ***   6.3e+08
W2             ***       ***       ***
P1        4.98e-16       ***  4.98e-16

Temperature = 2e+03 K    Pressure = 100 atm

From\To         W1        W2        P1
W1        3.14e+09       ***  3.14e+09
W2             ***       ***       ***
P1        2.48e-15       ***  2.48e-15

______________________________________________________________________________________

High Pressure Rate Coefficients (Temperature-Species Rate Tables):

Reactant = W1
   T(K)        W1        W2        P1
    500       ***       258       ***
    600       ***  1.83e+04       ***
    700       ***  4.01e+05       ***
    800       ***  4.16e+06       ***
    900       ***   2.6e+07       ***
  1e+03       ***  1.14e+08       ***
1.1e+03       ***  3.85e+08       ***
1.2e+03       ***  1.07e+09       ***
1.3e+03       ***  2.53e+09       ***
1.4e+03       ***  5.34e+09       ***
1.5e+03       ***  1.02e+10       ***
1.6e+03       ***   1.8e+10       ***
1.7e+03       ***  2.99e+10       ***
1.8e+03       ***  4.68e+10       ***
1.9e+03       ***  7.01e+10       ***
  2e+03       ***  1.01e+11       ***

Reactant = W2
   T(K)        W1        W2        P1
    500  2.87e+05       ***  1.16e+15
    600  6.84e+06       ***  1.56e+15
    700  6.56e+07       ***  1.83e+15
    800  3.55e+08       ***  1.98e+15
    900  1.32e+09       ***  2.04e+15
  1e+03  3.73e+09       ***  2.03e+15
1.1e+03  8.73e+09       ***  1.99e+15
1.2e+03  1.77e+10       ***  1.92e+15
1.3e+03   3.2e+10       ***  1.83e+15
1.4e+03  5.32e+10       ***  1.74e+15
1.5e+03  8.23e+10       ***  1.64e+15
1.6e+03   1.2e+11       ***  1.55e+15
1.7e+03  1.68e+11       ***  1.46e+15
1.8e+03  2.26e+11       ***  1.37e+15
1.9e+03  2.95e+11       ***  1.29e+15
  2e+03  3.73e+11       ***  1.21e+15

Reactant = P1
   T(K)        W1        W2        P1
    500       ***  2.06e-10       ***
    600       ***  2.12e-10       ***
    700       ***  2.18e-10       ***
    800       ***  2.23e-10       ***
    900       ***  2.27e-10       ***
  1e+03       ***  2.31e-10       ***
1.1e+03       ***  2.35e-10       ***
1.2e+03       ***  2.38e-10       ***
1.3e+03       ***  2.42e-10       ***
1.4e+03       ***  2.45e-10       ***
1.5e+03       ***  2.48e-10       ***
1.6e+03       ***   2.5e-10       ***
1.7e+03       ***  2.53e-10       ***
1.8e+03       ***  2.55e-10       ***
1.9e+03       ***  2.57e-10       ***
  2e+03       ***   2.6e-10       ***

Capture/Escape Rate Coefficients:

   T(K)        W1        W2        P1
    500       258  1.16e+15  2.06e-10
    600  1.83e+04  1.56e+15  2.12e-10
    700  4.01e+05  1.83e+15  2.18e-10
    800  4.16e+06  1.98e+15  2.23e-10
    900   2.6e+07  2.04e+15  2.27e-10
  1e+03  1.14e+08  2.03e+15  2.31e-10
1.1e+03  3.85e+08  1.99e+15  2.35e-10
1.2e+03  1.07e+09  1.92e+15  2.38e-10
1.3e+03  2.53e+09  1.83e+15  2.42e-10
1.4e+03  5.34e+09  1.74e+15  2.45e-10
1.5e+03  1.02e+10  1.64e+15  2.48e-10
1.6e+03   1.8e+10  1.55e+15   2.5e-10
1.7e+03  2.99e+10  1.46e+15  2.53e-10
1.8e+03  4.68e+10  1.37e+15  2.55e-10
1.9e+03  7.01e+10  1.29e+15  2.57e-10
  2e+03  1.01e+11  1.21e+15   2.6e-10

______________________________________________________________________________________

Pressure-Species Rate Tables:

Reactant = W1   Temperature = 500 K

   P(atm)        W2        P1      Loss
      0.1       ***       235       236
        1  4.73e-05       253       253
       10  0.000278       256       256
      100  0.000886       257       257
      O-O       258       ***       258

Reactant = W1   Temperature = 600 K

   P(atm)        W2        P1      Loss
      0.1       ***  1.31e+04  1.31e+04
        1       ***   1.7e+04   1.7e+04
       10       ***  1.81e+04  1.81e+04
      100      0.13  1.82e+04  1.82e+04
      O-O  1.83e+04       ***  1.83e+04

Reactant = W1   Temperature = 700 K

   P(atm)        W2        P1      Loss
      0.1       ***  1.78e+05  1.78e+05
        1       ***  3.12e+05  3.12e+05
       10       ***  3.82e+05  3.82e+05
      100      4.85  3.97e+05  3.97e+05
      O-O  4.01e+05       ***  4.01e+05

Reactant = W1   Temperature = 800 K

   P(atm)        W2        P1      Loss
      0.1       ***  9.11e+05  9.11e+05
        1       ***  2.31e+06  2.31e+06
       10       ***   3.6e+06   3.6e+06
      100       ***  4.06e+06  4.06e+06
      O-O  4.16e+06       ***  4.16e+06

Reactant = W1   Temperature = 900 K

   P(atm)        W2        P1      Loss
      0.1       ***  2.48e+06  2.48e+06
        1       ***  8.68e+06  8.68e+06
       10       ***  1.85e+07  1.85e+07
      100       ***  2.44e+07  2.44e+07
      O-O   2.6e+07       ***   2.6e+07

Reactant = W1   Temperature = 1e+03 K

   P(atm)        W2        P1      Loss
      0.1       ***   4.8e+06   4.8e+06
        1       ***  2.06e+07  2.06e+07
       10       ***  5.93e+07  5.93e+07
      100       ***  9.83e+07  9.83e+07
      O-O  1.14e+08       ***  1.14e+08

Reactant = W1   Temperature = 1.1e+03 K

   P(atm)        W2        P1      Loss
      0.1       ***  8.04e+06  8.04e+06
        1       ***  3.72e+07  3.72e+07
       10       ***  1.33e+08  1.33e+08
      100       ***  2.86e+08  2.86e+08
      O-O  3.85e+08       ***  3.85e+08

Reactant = W1   Temperature = 1.2e+03 K

   P(atm)        W2        P1      Loss
      0.1       ***  1.15e+07  1.15e+07
        1       ***  5.42e+07  5.42e+07
       10       ***  2.27e+08  2.27e+08
      100       ***  6.31e+08  6.31e+08
      O-O  1.07e+09       ***  1.07e+09

Reactant = W1   Temperature = 1.3e+03 K

   P(atm)        W2        P1      Loss
      0.1       ***   1.5e+07   1.5e+07
        1       ***  6.91e+07  6.91e+07
       10       ***   3.2e+08   3.2e+08
      100       ***  1.11e+09  1.11e+09
      O-O  2.53e+09       ***  2.53e+09

Reactant = W1   Temperature = 1.4e+03 K

   P(atm)        W2        P1      Loss
      0.1       ***  2.03e+07  2.03e+07
        1       ***  8.56e+07  8.56e+07
       10       ***  4.06e+08  4.06e+08
      100       ***  1.64e+09  1.64e+09
      O-O  5.34e+09       ***  5.34e+09

Reactant = W1   Temperature = 1.5e+03 K

   P(atm)        W2        P1      Loss
      0.1       ***  2.69e+07  2.69e+07
        1       ***  1.04e+08  1.04e+08
       10       ***   4.8e+08   4.8e+08
      100       ***  2.14e+09  2.14e+09
      O-O  1.02e+10       ***  1.02e+10

Reactant = W1   Temperature = 1.6e+03 K

   P(atm)        W2        P1      Loss
      0.1       ***  3.01e+07  3.01e+07
        1       ***  1.14e+08  1.14e+08
       10       ***  5.21e+08  5.21e+08
      100       ***  2.51e+09  2.51e+09
      O-O   1.8e+10       ***   1.8e+10

Reactant = W1   Temperature = 1.7e+03 K

   P(atm)        W2        P1      Loss
      0.1       ***  3.51e+07  3.51e+07
        1       ***  1.32e+08  1.32e+08
       10       ***  5.69e+08  5.69e+08
      100       ***   2.8e+09   2.8e+09
      O-O  2.99e+10       ***  2.99e+10

Reactant = W1   Temperature = 1.8e+03 K

   P(atm)        W2        P1      Loss
      0.1       ***  3.29e+07  3.29e+07
        1       ***  1.41e+08  1.41e+08
       10       ***  6.03e+08  6.03e+08
      100       ***  2.99e+09  2.99e+09
      O-O  4.68e+10       ***  4.68e+10

Reactant = W1   Temperature = 1.9e+03 K

   P(atm)        W2        P1      Loss
      0.1       ***  3.06e+07  3.06e+07
        1       ***  1.47e+08  1.47e+08
       10       ***   6.3e+08   6.3e+08
      100       ***  3.11e+09  3.11e+09
      O-O  7.01e+10       ***  7.01e+10

Reactant = W1   Temperature = 2e+03 K

   P(atm)        W2        P1      Loss
      0.1       ***  2.27e+07  2.27e+07
        1       ***  1.37e+08  1.37e+08
       10       ***   6.3e+08   6.3e+08
      100       ***  3.14e+09  3.14e+09
      O-O  1.01e+11       ***  1.01e+11

Reactant = W2   Temperature = 500 K

   P(atm)        W1        P1      Loss
      0.1       ***       ***       ***
        1 -6.17e-07  8.21e+11  8.21e+11
       10 -1.19e-05  3.83e+12  3.83e+12
      100 -0.000141  1.49e+13  1.49e+13
      O-O  2.87e+05  1.16e+15  1.16e+15

Reactant = W2   Temperature = 600 K

   P(atm)        W1        P1      Loss
      0.1       ***       ***       ***
        1       ***       ***       ***
       10       ***       ***       ***
      100    -0.016  2.99e+13  2.99e+13
      O-O  6.84e+06  1.56e+15  1.56e+15

Reactant = W2   Temperature = 700 K

   P(atm)        W1        P1      Loss
      0.1       ***       ***       ***
        1       ***       ***       ***
       10       ***       ***       ***
      100     0.711   4.8e+13   4.8e+13
      O-O  6.56e+07  1.83e+15  1.83e+15

Reactant = W2   Temperature = 800 K

   P(atm)        W1        P1      Loss
      0.1       ***       ***       ***
        1       ***       ***       ***
       10       ***       ***       ***
      100       ***       ***       ***
      O-O  3.55e+08  1.98e+15  1.98e+15

Reactant = W2   Temperature = 900 K

   P(atm)        W1        P1      Loss
      0.1       ***       ***       ***
        1       ***       ***       ***
       10       ***       ***       ***
      100       ***       ***       ***
      O-O  1.32e+09  2.04e+15  2.04e+15

Reactant = W2   Temperature = 1e+03 K

   P(atm)        W1        P1      Loss
      0.1       ***       ***       ***
        1       ***       ***       ***
       10       ***       ***       ***
      100       ***       ***       ***
      O-O  3.73e+09  2.03e+15  2.03e+15

Reactant = W2   Temperature = 1.1e+03 K

   P(atm)        W1        P1      Loss
      0.1       ***       ***       ***
        1       ***       ***       ***
       10       ***       ***       ***
      100       ***       ***       ***
      O-O  8.73e+09  1.99e+15  1.99e+15

Reactant = W2   Temperature = 1.2e+03 K

   P(atm)        W1        P1      Loss
      0.1       ***       ***       ***
        1       ***       ***       ***
       10       ***       ***       ***
      100       ***       ***       ***
      O-O  1.77e+10  1.92e+15  1.92e+15

Reactant = W2   Temperature = 1.3e+03 K

   P(atm)        W1        P1      Loss
      0.1       ***       ***       ***
        1       ***       ***       ***
       10       ***       ***       ***
      100       ***       ***       ***
      O-O   3.2e+10  1.83e+15  1.83e+15

Reactant = W2   Temperature = 1.4e+03 K

   P(atm)        W1        P1      Loss
      0.1       ***       ***       ***
        1       ***       ***       ***
       10       ***       ***       ***
      100       ***       ***       ***
      O-O  5.32e+10  1.74e+15  1.74e+15

Reactant = W2   Temperature = 1.5e+03 K

   P(atm)        W1        P1      Loss
      0.1       ***       ***       ***
        1       ***       ***       ***
       10       ***       ***       ***
      100       ***       ***       ***
      O-O  8.23e+10  1.64e+15  1.64e+15

Reactant = W2   Temperature = 1.6e+03 K

   P(atm)        W1        P1      Loss
      0.1       ***       ***       ***
        1       ***       ***       ***
       10       ***       ***       ***
      100       ***       ***       ***
      O-O   1.2e+11  1.55e+15  1.55e+15

Reactant = W2   Temperature = 1.7e+03 K

   P(atm)        W1        P1      Loss
      0.1       ***       ***       ***
        1       ***       ***       ***
       10       ***       ***       ***
      100       ***       ***       ***
      O-O  1.68e+11  1.46e+15  1.46e+15

Reactant = W2   Temperature = 1.8e+03 K

   P(atm)        W1        P1      Loss
      0.1       ***       ***       ***
        1       ***       ***       ***
       10       ***       ***       ***
      100       ***       ***       ***
      O-O  2.26e+11  1.37e+15  1.37e+15

Reactant = W2   Temperature = 1.9e+03 K

   P(atm)        W1        P1      Loss
      0.1       ***       ***       ***
        1       ***       ***       ***
       10       ***       ***       ***
      100       ***       ***       ***
      O-O  2.95e+11  1.29e+15  1.29e+15

Reactant = W2   Temperature = 2e+03 K

   P(atm)        W1        P1      Loss
      0.1       ***       ***       ***
        1       ***       ***       ***
       10       ***       ***       ***
      100       ***       ***       ***
      O-O  3.73e+11  1.21e+15  1.21e+15

Reactant = P1   Temperature = 500 K

   P(atm)        W1        W2      Loss
      0.1  4.64e-20       ***  4.63e-20
        1  4.99e-20  1.28e-13  1.28e-13
       10  5.05e-20  6.42e-13  6.42e-13
      100  5.06e-20  2.58e-12  2.58e-12
      O-O       ***  2.06e-10  2.06e-10

Reactant = P1   Temperature = 600 K

   P(atm)        W1        W2      Loss
      0.1  6.65e-19       ***  6.65e-19
        1   8.6e-19       ***   8.6e-19
       10  9.16e-19       ***  9.16e-19
      100  9.24e-19  3.89e-12  3.89e-12
      O-O       ***  2.12e-10  2.12e-10

Reactant = P1   Temperature = 700 K

   P(atm)        W1        W2      Loss
      0.1  3.46e-18       ***  3.46e-18
        1  6.08e-18       ***  6.08e-18
       10  7.44e-18       ***  7.44e-18
      100  7.73e-18  5.32e-12  5.32e-12
      O-O       ***  2.18e-10  2.18e-10

Reactant = P1   Temperature = 800 K

   P(atm)        W1        W2      Loss
      0.1  8.76e-18       ***  8.76e-18
        1  2.22e-17       ***  2.22e-17
       10  3.46e-17       ***  3.46e-17
      100  3.91e-17       ***  3.91e-17
      O-O       ***  2.23e-10  2.23e-10

Reactant = P1   Temperature = 900 K

   P(atm)        W1        W2      Loss
      0.1   1.4e-17       ***   1.4e-17
        1  4.89e-17       ***  4.89e-17
       10  1.04e-16       ***  1.04e-16
      100  1.38e-16       ***  1.38e-16
      O-O       ***  2.27e-10  2.27e-10

Reactant = P1   Temperature = 1e+03 K

   P(atm)        W1        W2      Loss
      0.1  1.79e-17       ***  1.79e-17
        1  7.69e-17       ***  7.69e-17
       10  2.21e-16       ***  2.21e-16
      100  3.66e-16       ***  3.66e-16
      O-O       ***  2.31e-10  2.31e-10

Reactant = P1   Temperature = 1.1e+03 K

   P(atm)        W1        W2      Loss
      0.1  2.16e-17       ***  2.16e-17
        1  9.98e-17       ***  9.98e-17
       10  3.57e-16       ***  3.57e-16
      100  7.67e-16       ***  7.67e-16
      O-O       ***  2.35e-10  2.35e-10

Reactant = P1   Temperature = 1.2e+03 K

   P(atm)        W1        W2      Loss
      0.1  2.37e-17       ***  2.37e-17
        1  1.12e-16       ***  1.12e-16
       10  4.69e-16       ***  4.69e-16
      100   1.3e-15       ***   1.3e-15
      O-O       ***  2.38e-10  2.38e-10

Reactant = P1   Temperature = 1.3e+03 K

   P(atm)        W1        W2      Loss
      0.1   2.5e-17       ***   2.5e-17
        1  1.15e-16       ***  1.15e-16
       10  5.34e-16       ***  5.34e-16
      100  1.85e-15       ***  1.85e-15
      O-O       ***  2.42e-10  2.42e-10

Reactant = P1   Temperature = 1.4e+03 K

   P(atm)        W1        W2      Loss
      0.1  2.85e-17       ***  2.85e-17
        1   1.2e-16       ***   1.2e-16
       10  5.69e-16       ***  5.69e-16
      100   2.3e-15       ***   2.3e-15
      O-O       ***  2.45e-10  2.45e-10

Reactant = P1   Temperature = 1.5e+03 K

   P(atm)        W1        W2      Loss
      0.1  3.26e-17       ***  3.26e-17
        1  1.26e-16       ***  1.26e-16
       10  5.82e-16       ***  5.82e-16
      100   2.6e-15       ***   2.6e-15
      O-O       ***  2.48e-10  2.48e-10

Reactant = P1   Temperature = 1.6e+03 K

   P(atm)        W1        W2      Loss
      0.1  3.24e-17       ***  3.24e-17
        1  1.23e-16       ***  1.23e-16
       10  5.61e-16       ***  5.61e-16
      100   2.7e-15       ***   2.7e-15
      O-O       ***   2.5e-10   2.5e-10

Reactant = P1   Temperature = 1.7e+03 K

   P(atm)        W1        W2      Loss
      0.1  3.42e-17       ***  3.42e-17
        1  1.28e-16       ***  1.28e-16
       10  5.55e-16       ***  5.55e-16
      100  2.73e-15       ***  2.73e-15
      O-O       ***  2.53e-10  2.53e-10

Reactant = P1   Temperature = 1.8e+03 K

   P(atm)        W1        W2      Loss
      0.1  2.95e-17       ***  2.95e-17
        1  1.26e-16       ***  1.26e-16
       10  5.41e-16       ***  5.41e-16
      100  2.69e-15       ***  2.69e-15
      O-O       ***  2.55e-10  2.55e-10

Reactant = P1   Temperature = 1.9e+03 K

   P(atm)        W1        W2      Loss
      0.1  2.56e-17       ***  2.56e-17
        1  1.23e-16       ***  1.23e-16
       10  5.28e-16       ***  5.28e-16
      100   2.6e-15       ***   2.6e-15
      O-O       ***  2.57e-10  2.57e-10

Reactant = P1   Temperature = 2e+03 K

   P(atm)        W1        W2      Loss
      0.1  1.79e-17       ***  1.79e-17
        1  1.08e-16       ***  1.08e-16
       10  4.98e-16       ***  4.98e-16
      100  2.48e-15       ***  2.48e-15
      O-O       ***   2.6e-10   2.6e-10

______________________________________________________________________________________

Temperature-Species Rate Tables:

Reactant = W1   Pressure = 0.1 atm

   T(K)        W2        P1      Loss   Capture
    500       ***       235       236       258
    600       ***  1.31e+04  1.31e+04  1.83e+04
    700       ***  1.78e+05  1.78e+05  4.01e+05
    800       ***  9.11e+05  9.11e+05  4.16e+06
    900       ***  2.48e+06  2.48e+06   2.6e+07
  1e+03       ***   4.8e+06   4.8e+06  1.14e+08
1.1e+03       ***  8.04e+06  8.04e+06  3.85e+08
1.2e+03       ***  1.15e+07  1.15e+07  1.07e+09
1.3e+03       ***   1.5e+07   1.5e+07  2.53e+09
1.4e+03       ***  2.03e+07  2.03e+07  5.34e+09
1.5e+03       ***  2.69e+07  2.69e+07  1.02e+10
1.6e+03       ***  3.01e+07  3.01e+07   1.8e+10
1.7e+03       ***  3.51e+07  3.51e+07  2.99e+10
1.8e+03       ***  3.29e+07  3.29e+07  4.68e+10
1.9e+03       ***  3.06e+07  3.06e+07  7.01e+10
  2e+03       ***  2.27e+07  2.27e+07  1.01e+11

Reactant = W1   Pressure = 1 atm

   T(K)        W2        P1      Loss   Capture
    500  4.73e-05       253       253       258
    600       ***   1.7e+04   1.7e+04  1.83e+04
    700       ***  3.12e+05  3.12e+05  4.01e+05
    800       ***  2.31e+06  2.31e+06  4.16e+06
    900       ***  8.68e+06  8.68e+06   2.6e+07
  1e+03       ***  2.06e+07  2.06e+07  1.14e+08
1.1e+03       ***  3.72e+07  3.72e+07  3.85e+08
1.2e+03       ***  5.42e+07  5.42e+07  1.07e+09
1.3e+03       ***  6.91e+07  6.91e+07  2.53e+09
1.4e+03       ***  8.56e+07  8.56e+07  5.34e+09
1.5e+03       ***  1.04e+08  1.04e+08  1.02e+10
1.6e+03       ***  1.14e+08  1.14e+08   1.8e+10
1.7e+03       ***  1.32e+08  1.32e+08  2.99e+10
1.8e+03       ***  1.41e+08  1.41e+08  4.68e+10
1.9e+03       ***  1.47e+08  1.47e+08  7.01e+10
  2e+03       ***  1.37e+08  1.37e+08  1.01e+11

Reactant = W1   Pressure = 10 atm

   T(K)        W2        P1      Loss   Capture
    500  0.000278       256       256       258
    600       ***  1.81e+04  1.81e+04  1.83e+04
    700       ***  3.82e+05  3.82e+05  4.01e+05
    800       ***   3.6e+06   3.6e+06  4.16e+06
    900       ***  1.85e+07  1.85e+07   2.6e+07
  1e+03       ***  5.93e+07  5.93e+07  1.14e+08
1.1e+03       ***  1.33e+08  1.33e+08  3.85e+08
1.2e+03       ***  2.27e+08  2.27e+08  1.07e+09
1.3e+03       ***   3.2e+08   3.2e+08  2.53e+09
1.4e+03       ***  4.06e+08  4.06e+08  5.34e+09
1.5e+03       ***   4.8e+08   4.8e+08  1.02e+10
1.6e+03       ***  5.21e+08  5.21e+08   1.8e+10
1.7e+03       ***  5.69e+08  5.69e+08  2.99e+10
1.8e+03       ***  6.03e+08  6.03e+08  4.68e+10
1.9e+03       ***   6.3e+08   6.3e+08  7.01e+10
  2e+03       ***   6.3e+08   6.3e+08  1.01e+11

Reactant = W1   Pressure = 100 atm

   T(K)        W2        P1      Loss   Capture
    500  0.000886       257       257       258
    600      0.13  1.82e+04  1.82e+04  1.83e+04
    700      4.85  3.97e+05  3.97e+05  4.01e+05
    800       ***  4.06e+06  4.06e+06  4.16e+06
    900       ***  2.44e+07  2.44e+07   2.6e+07
  1e+03       ***  9.83e+07  9.83e+07  1.14e+08
1.1e+03       ***  2.86e+08  2.86e+08  3.85e+08
1.2e+03       ***  6.31e+08  6.31e+08  1.07e+09
1.3e+03       ***  1.11e+09  1.11e+09  2.53e+09
1.4e+03       ***  1.64e+09  1.64e+09  5.34e+09
1.5e+03       ***  2.14e+09  2.14e+09  1.02e+10
1.6e+03       ***  2.51e+09  2.51e+09   1.8e+10
1.7e+03       ***   2.8e+09   2.8e+09  2.99e+10
1.8e+03       ***  2.99e+09  2.99e+09  4.68e+10
1.9e+03       ***  3.11e+09  3.11e+09  7.01e+10
  2e+03       ***  3.14e+09  3.14e+09  1.01e+11

Reactant = W2   Pressure = 0.1 atm

   T(K)        W1        P1      Loss   Capture
    500       ***       ***       ***  1.16e+15
    600       ***       ***       ***  1.56e+15
    700       ***       ***       ***  1.83e+15
    800       ***       ***       ***  1.98e+15
    900       ***       ***       ***  2.04e+15
  1e+03       ***       ***       ***  2.03e+15
1.1e+03       ***       ***       ***  1.99e+15
1.2e+03       ***       ***       ***  1.92e+15
1.3e+03       ***       ***       ***  1.83e+15
1.4e+03       ***       ***       ***  1.74e+15
1.5e+03       ***       ***       ***  1.64e+15
1.6e+03       ***       ***       ***  1.55e+15
1.7e+03       ***       ***       ***  1.46e+15
1.8e+03       ***       ***       ***  1.37e+15
1.9e+03       ***       ***       ***  1.29e+15
  2e+03       ***       ***       ***  1.21e+15

Reactant = W2   Pressure = 1 atm

   T(K)        W1        P1      Loss   Capture
    500 -6.17e-07  8.21e+11  8.21e+11  1.16e+15
    600       ***       ***       ***  1.56e+15
    700       ***       ***       ***  1.83e+15
    800       ***       ***       ***  1.98e+15
    900       ***       ***       ***  2.04e+15
  1e+03       ***       ***       ***  2.03e+15
1.1e+03       ***       ***       ***  1.99e+15
1.2e+03       ***       ***       ***  1.92e+15
1.3e+03       ***       ***       ***  1.83e+15
1.4e+03       ***       ***       ***  1.74e+15
1.5e+03       ***       ***       ***  1.64e+15
1.6e+03       ***       ***       ***  1.55e+15
1.7e+03       ***       ***       ***  1.46e+15
1.8e+03       ***       ***       ***  1.37e+15
1.9e+03       ***       ***       ***  1.29e+15
  2e+03       ***       ***       ***  1.21e+15

Reactant = W2   Pressure = 10 atm

   T(K)        W1        P1      Loss   Capture
    500 -1.19e-05  3.83e+12  3.83e+12  1.16e+15
    600       ***       ***       ***  1.56e+15
    700       ***       ***       ***  1.83e+15
    800       ***       ***       ***  1.98e+15
    900       ***       ***       ***  2.04e+15
  1e+03       ***       ***       ***  2.03e+15
1.1e+03       ***       ***       ***  1.99e+15
1.2e+03       ***       ***       ***  1.92e+15
1.3e+03       ***       ***       ***  1.83e+15
1.4e+03       ***       ***       ***  1.74e+15
1.5e+03       ***       ***       ***  1.64e+15
1.6e+03       ***       ***       ***  1.55e+15
1.7e+03       ***       ***       ***  1.46e+15
1.8e+03       ***       ***       ***  1.37e+15
1.9e+03       ***       ***       ***  1.29e+15
  2e+03       ***       ***       ***  1.21e+15

Reactant = W2   Pressure = 100 atm

   T(K)        W1        P1      Loss   Capture
    500 -0.000141  1.49e+13  1.49e+13  1.16e+15
    600    -0.016  2.99e+13  2.99e+13  1.56e+15
    700     0.711   4.8e+13   4.8e+13  1.83e+15
    800       ***       ***       ***  1.98e+15
    900       ***       ***       ***  2.04e+15
  1e+03       ***       ***       ***  2.03e+15
1.1e+03       ***       ***       ***  1.99e+15
1.2e+03       ***       ***       ***  1.92e+15
1.3e+03       ***       ***       ***  1.83e+15
1.4e+03       ***       ***       ***  1.74e+15
1.5e+03       ***       ***       ***  1.64e+15
1.6e+03       ***       ***       ***  1.55e+15
1.7e+03       ***       ***       ***  1.46e+15
1.8e+03       ***       ***       ***  1.37e+15
1.9e+03       ***       ***       ***  1.29e+15
  2e+03       ***       ***       ***  1.21e+15

Reactant = P1   Pressure = 0.1 atm

   T(K)        W1        W2      Loss   Capture
    500  4.64e-20       ***  4.63e-20  2.06e-10
    600  6.65e-19       ***  6.65e-19  2.12e-10
    700  3.46e-18       ***  3.46e-18  2.18e-10
    800  8.76e-18       ***  8.76e-18  2.23e-10
    900   1.4e-17       ***   1.4e-17  2.27e-10
  1e+03  1.79e-17       ***  1.79e-17  2.31e-10
1.1e+03  2.16e-17       ***  2.16e-17  2.35e-10
1.2e+03  2.37e-17       ***  2.37e-17  2.38e-10
1.3e+03   2.5e-17       ***   2.5e-17  2.42e-10
1.4e+03  2.85e-17       ***  2.85e-17  2.45e-10
1.5e+03  3.26e-17       ***  3.26e-17  2.48e-10
1.6e+03  3.24e-17       ***  3.24e-17   2.5e-10
1.7e+03  3.42e-17       ***  3.42e-17  2.53e-10
1.8e+03  2.95e-17       ***  2.95e-17  2.55e-10
1.9e+03  2.56e-17       ***  2.56e-17  2.57e-10
  2e+03  1.79e-17       ***  1.79e-17   2.6e-10

Reactant = P1   Pressure = 1 atm

   T(K)        W1        W2      Loss   Capture
    500  4.99e-20  1.28e-13  1.28e-13  2.06e-10
    600   8.6e-19       ***   8.6e-19  2.12e-10
    700  6.08e-18       ***  6.08e-18  2.18e-10
    800  2.22e-17       ***  2.22e-17  2.23e-10
    900  4.89e-17       ***  4.89e-17  2.27e-10
  1e+03  7.69e-17       ***  7.69e-17  2.31e-10
1.1e+03  9.98e-17       ***  9.98e-17  2.35e-10
1.2e+03  1.12e-16       ***  1.12e-16  2.38e-10
1.3e+03  1.15e-16       ***  1.15e-16  2.42e-10
1.4e+03   1.2e-16       ***   1.2e-16  2.45e-10
1.5e+03  1.26e-16       ***  1.26e-16  2.48e-10
1.6e+03  1.23e-16       ***  1.23e-16   2.5e-10
1.7e+03  1.28e-16       ***  1.28e-16  2.53e-10
1.8e+03  1.26e-16       ***  1.26e-16  2.55e-10
1.9e+03  1.23e-16       ***  1.23e-16  2.57e-10
  2e+03  1.08e-16       ***  1.08e-16   2.6e-10

Reactant = P1   Pressure = 10 atm

   T(K)        W1        W2      Loss   Capture
    500  5.05e-20  6.42e-13  6.42e-13  2.06e-10
    600  9.16e-19       ***  9.16e-19  2.12e-10
    700  7.44e-18       ***  7.44e-18  2.18e-10
    800  3.46e-17       ***  3.46e-17  2.23e-10
    900  1.04e-16       ***  1.04e-16  2.27e-10
  1e+03  2.21e-16       ***  2.21e-16  2.31e-10
1.1e+03  3.57e-16       ***  3.57e-16  2.35e-10
1.2e+03  4.69e-16       ***  4.69e-16  2.38e-10
1.3e+03  5.34e-16       ***  5.34e-16  2.42e-10
1.4e+03  5.69e-16       ***  5.69e-16  2.45e-10
1.5e+03  5.82e-16       ***  5.82e-16  2.48e-10
1.6e+03  5.61e-16       ***  5.61e-16   2.5e-10
1.7e+03  5.55e-16       ***  5.55e-16  2.53e-10
1.8e+03  5.41e-16       ***  5.41e-16  2.55e-10
1.9e+03  5.28e-16       ***  5.28e-16  2.57e-10
  2e+03  4.98e-16       ***  4.98e-16   2.6e-10

Reactant = P1   Pressure = 100 atm

   T(K)        W1        W2      Loss   Capture
    500  5.06e-20  2.58e-12  2.58e-12  2.06e-10
    600  9.24e-19  3.89e-12  3.89e-12  2.12e-10
    700  7.73e-18  5.32e-12  5.32e-12  2.18e-10
    800  3.91e-17       ***  3.91e-17  2.23e-10
    900  1.38e-16       ***  1.38e-16  2.27e-10
  1e+03  3.66e-16       ***  3.66e-16  2.31e-10
1.1e+03  7.67e-16       ***  7.67e-16  2.35e-10
1.2e+03   1.3e-15       ***   1.3e-15  2.38e-10
1.3e+03  1.85e-15       ***  1.85e-15  2.42e-10
1.4e+03   2.3e-15       ***   2.3e-15  2.45e-10
1.5e+03   2.6e-15       ***   2.6e-15  2.48e-10
1.6e+03   2.7e-15       ***   2.7e-15   2.5e-10
1.7e+03  2.73e-15       ***  2.73e-15  2.53e-10
1.8e+03  2.69e-15       ***  2.69e-15  2.55e-10
1.9e+03   2.6e-15       ***   2.6e-15  2.57e-10
  2e+03  2.48e-15       ***  2.48e-15   2.6e-10

______________________________________________________________________________________

Temperature-Pressure Rate Tables:

W1->W2

P\T           500       600       700       800       900     1e+03   1.1e+03   1.2e+03   1.3e+03   1.4e+03   1.5e+03   1.6e+03   1.7e+03   1.8e+03   1.9e+03     2e+03
0.1           ***       ***       ***       ***       ***       ***       ***       ***       ***       ***       ***       ***       ***       ***       ***       ***
1        4.73e-05       ***       ***       ***       ***       ***       ***       ***       ***       ***       ***       ***       ***       ***       ***       ***
10       0.000278       ***       ***       ***       ***       ***       ***       ***       ***       ***       ***       ***       ***       ***       ***       ***
100      0.000886      0.13      4.85       ***       ***       ***       ***       ***       ***       ***       ***       ***       ***       ***       ***       ***
O-O           258  1.83e+04  4.01e+05  4.16e+06   2.6e+07  1.14e+08  3.85e+08  1.07e+09  2.53e+09  5.34e+09  1.02e+10   1.8e+10  2.99e+10  4.68e+10  7.01e+10  1.01e+11

W1->P1

P\T           500       600       700       800       900     1e+03   1.1e+03   1.2e+03   1.3e+03   1.4e+03   1.5e+03   1.6e+03   1.7e+03   1.8e+03   1.9e+03     2e+03
0.1           235  1.31e+04  1.78e+05  9.11e+05  2.48e+06   4.8e+06  8.04e+06  1.15e+07   1.5e+07  2.03e+07  2.69e+07  3.01e+07  3.51e+07  3.29e+07  3.06e+07  2.27e+07
1             253   1.7e+04  3.12e+05  2.31e+06  8.68e+06  2.06e+07  3.72e+07  5.42e+07  6.91e+07  8.56e+07  1.04e+08  1.14e+08  1.32e+08  1.41e+08  1.47e+08  1.37e+08
10            256  1.81e+04  3.82e+05   3.6e+06  1.85e+07  5.93e+07  1.33e+08  2.27e+08   3.2e+08  4.06e+08   4.8e+08  5.21e+08  5.69e+08  6.03e+08   6.3e+08   6.3e+08
100           257  1.82e+04  3.97e+05  4.06e+06  2.44e+07  9.83e+07  2.86e+08  6.31e+08  1.11e+09  1.64e+09  2.14e+09  2.51e+09   2.8e+09  2.99e+09  3.11e+09  3.14e+09
O-O           ***       ***       ***       ***       ***       ***       ***       ***       ***       ***       ***       ***       ***       ***       ***       ***

W2->W1

P\T           500       600       700       800       900     1e+03   1.1e+03   1.2e+03   1.3e+03   1.4e+03   1.5e+03   1.6e+03   1.7e+03   1.8e+03   1.9e+03     2e+03
0.1           ***       ***       ***       ***       ***       ***       ***       ***       ***       ***       ***       ***       ***       ***       ***       ***
1       -6.17e-07       ***       ***       ***       ***       ***       ***       ***       ***       ***       ***       ***       ***       ***       ***       ***
10      -1.19e-05       ***       ***       ***       ***       ***       ***       ***       ***       ***       ***       ***       ***       ***       ***       ***
100     -0.000141    -0.016     0.711       ***       ***       ***       ***       ***       ***       ***       ***       ***       ***       ***       ***       ***
O-O      2.87e+05  6.84e+06  6.56e+07  3.55e+08  1.32e+09  3.73e+09  8.73e+09  1.77e+10   3.2e+10  5.32e+10  8.23e+10   1.2e+11  1.68e+11  2.26e+11  2.95e+11  3.73e+11

W2->P1

P\T           500       600       700       800       900     1e+03   1.1e+03   1.2e+03   1.3e+03   1.4e+03   1.5e+03   1.6e+03   1.7e+03   1.8e+03   1.9e+03     2e+03
0.1           ***       ***       ***       ***       ***       ***       ***       ***       ***       ***       ***       ***       ***       ***       ***       ***
1        8.21e+11       ***       ***       ***       ***       ***       ***       ***       ***       ***       ***       ***       ***       ***       ***       ***
10       3.83e+12       ***       ***       ***       ***       ***       ***       ***       ***       ***       ***       ***       ***       ***       ***       ***
100      1.49e+13  2.99e+13   4.8e+13       ***       ***       ***       ***       ***       ***       ***       ***       ***       ***       ***       ***       ***
O-O      1.16e+15  1.56e+15  1.83e+15  1.98e+15  2.04e+15  2.03e+15  1.99e+15  1.92e+15  1.83e+15  1.74e+15  1.64e+15  1.55e+15  1.46e+15  1.37e+15  1.29e+15  1.21e+15

P1->W1

P\T           500       600       700       800       900     1e+03   1.1e+03   1.2e+03   1.3e+03   1.4e+03   1.5e+03   1.6e+03   1.7e+03   1.8e+03   1.9e+03     2e+03
0.1      4.64e-20  6.65e-19  3.46e-18  8.76e-18   1.4e-17  1.79e-17  2.16e-17  2.37e-17   2.5e-17  2.85e-17  3.26e-17  3.24e-17  3.42e-17  2.95e-17  2.56e-17  1.79e-17
1        4.99e-20   8.6e-19  6.08e-18  2.22e-17  4.89e-17  7.69e-17  9.98e-17  1.12e-16  1.15e-16   1.2e-16  1.26e-16  1.23e-16  1.28e-16  1.26e-16  1.23e-16  1.08e-16
10       5.05e-20  9.16e-19  7.44e-18  3.46e-17  1.04e-16  2.21e-16  3.57e-16  4.69e-16  5.34e-16  5.69e-16  5.82e-16  5.61e-16  5.55e-16  5.41e-16  5.28e-16  4.98e-16
100      5.06e-20  9.24e-19  7.73e-18  3.91e-17  1.38e-16  3.66e-16  7.67e-16   1.3e-15  1.85e-15   2.3e-15   2.6e-15   2.7e-15  2.73e-15  2.69e-15   2.6e-15  2.48e-15
O-O           ***       ***       ***       ***       ***       ***       ***       ***       ***       ***       ***       ***       ***       ***       ***       ***

P1->W2

P\T           500       600       700       800       900     1e+03   1.1e+03   1.2e+03   1.3e+03   1.4e+03   1.5e+03   1.6e+03   1.7e+03   1.8e+03   1.9e+03     2e+03
0.1           ***       ***       ***       ***       ***       ***       ***       ***       ***       ***       ***       ***       ***       ***       ***       ***
1        1.28e-13       ***       ***       ***       ***       ***       ***       ***       ***       ***       ***       ***       ***       ***       ***       ***
10       6.42e-13       ***       ***       ***       ***       ***       ***       ***       ***       ***       ***       ***       ***       ***       ***       ***
100      2.58e-12  3.89e-12  5.32e-12       ***       ***       ***       ***       ***       ***       ***       ***       ***       ***       ***       ***       ***
O-O      2.06e-10  2.12e-10  2.18e-10  2.23e-10  2.27e-10  2.31e-10  2.35e-10  2.38e-10  2.42e-10  2.45e-10  2.48e-10   2.5e-10  2.53e-10  2.55e-10  2.57e-10   2.6e-10

W1-> 

P\T           500       600       700       800       900     1e+03   1.1e+03   1.2e+03   1.3e+03   1.4e+03   1.5e+03   1.6e+03   1.7e+03   1.8e+03   1.9e+03     2e+03
0.1           236  1.31e+04  1.78e+05  9.11e+05  2.48e+06   4.8e+06  8.04e+06  1.15e+07   1.5e+07  2.03e+07  2.69e+07  3.01e+07  3.51e+07  3.29e+07  3.06e+07  2.27e+07
1             253   1.7e+04  3.12e+05  2.31e+06  8.68e+06  2.06e+07  3.72e+07  5.42e+07  6.91e+07  8.56e+07  1.04e+08  1.14e+08  1.32e+08  1.41e+08  1.47e+08  1.37e+08
10            256  1.81e+04  3.82e+05   3.6e+06  1.85e+07  5.93e+07  1.33e+08  2.27e+08   3.2e+08  4.06e+08   4.8e+08  5.21e+08  5.69e+08  6.03e+08   6.3e+08   6.3e+08
100           257  1.82e+04  3.97e+05  4.06e+06  2.44e+07  9.83e+07  2.86e+08  6.31e+08  1.11e+09  1.64e+09  2.14e+09  2.51e+09   2.8e+09  2.99e+09  3.11e+09  3.14e+09
O-O           258  1.83e+04  4.01e+05  4.16e+06   2.6e+07  1.14e+08  3.85e+08  1.07e+09  2.53e+09  5.34e+09  1.02e+10   1.8e+10  2.99e+10  4.68e+10  7.01e+10  1.01e+11

W2-> 

P\T           500       600       700       800       900     1e+03   1.1e+03   1.2e+03   1.3e+03   1.4e+03   1.5e+03   1.6e+03   1.7e+03   1.8e+03   1.9e+03     2e+03
0.1           ***       ***       ***       ***       ***       ***       ***       ***       ***       ***       ***       ***       ***       ***       ***       ***
1        8.21e+11       ***       ***       ***       ***       ***       ***       ***       ***       ***       ***       ***       ***       ***       ***       ***
10       3.83e+12       ***       ***       ***       ***       ***       ***       ***       ***       ***       ***       ***       ***       ***       ***       ***
100      1.49e+13  2.99e+13   4.8e+13       ***       ***       ***       ***       ***       ***       ***       ***       ***       ***       ***       ***       ***
O-O      1.16e+15  1.56e+15  1.83e+15  1.98e+15  2.04e+15  2.03e+15  1.99e+15  1.92e+15  1.83e+15  1.74e+15  1.64e+15  1.55e+15  1.46e+15  1.37e+15  1.29e+15  1.21e+15

P1-> 

P\T           500       600       700       800       900     1e+03   1.1e+03   1.2e+03   1.3e+03   1.4e+03   1.5e+03   1.6e+03   1.7e+03   1.8e+03   1.9e+03     2e+03
0.1      4.63e-20  6.65e-19  3.46e-18  8.76e-18   1.4e-17  1.79e-17  2.16e-17  2.37e-17   2.5e-17  2.85e-17  3.26e-17  3.24e-17  3.42e-17  2.95e-17  2.56e-17  1.79e-17
1        1.28e-13   8.6e-19  6.08e-18  2.22e-17  4.89e-17  7.69e-17  9.98e-17  1.12e-16  1.15e-16   1.2e-16  1.26e-16  1.23e-16  1.28e-16  1.26e-16  1.23e-16  1.08e-16
10       6.42e-13  9.16e-19  7.44e-18  3.46e-17  1.04e-16  2.21e-16  3.57e-16  4.69e-16  5.34e-16  5.69e-16  5.82e-16  5.61e-16  5.55e-16  5.41e-16  5.28e-16  4.98e-16
100      2.58e-12  3.89e-12  5.32e-12  3.91e-17  1.38e-16  3.66e-16  7.67e-16   1.3e-15  1.85e-15   2.3e-15   2.6e-15   2.7e-15  2.73e-15  2.69e-15   2.6e-15  2.48e-15
O-O      2.06e-10  2.12e-10  2.18e-10  2.23e-10  2.27e-10  2.31e-10  2.35e-10  2.38e-10  2.42e-10  2.45e-10  2.48e-10   2.5e-10  2.53e-10  2.55e-10  2.57e-10   2.6e-10

