Wells (G - ground energy, D - dissociation limit, kcal/mol):
                             W         G         D
      FakeW-C5H8O(825)rs+OH(4)        -3        -3
        FakeW-H2O(5)+S(1289)rs     -24.3     -21.3

Bimolecular Products (G - ground energy, kcal/mol):
                       P         G
      C5H8O(825)rs+OH(4)         0
        H2O(5)+S(1289)rs     -21.3

Well-to-Bimolecular Barriers (H/G - barrier height/well depth, kcal/mol)
                             B         H                        W         G                  P
      FakeB-C5H8O(825)rs+OH(4)         0 FakeW-C5H8O(825)rs+OH(4)        -3 C5H8O(825)rs+OH(4)
        FakeB-H2O(5)+S(1289)rs     -21.3   FakeW-H2O(5)+S(1289)rs     -24.3   H2O(5)+S(1289)rs

Well-to-Well Barriers (H/G - barrier height/well depth, kcal/mol):
           B         H                       W1        G1                       W2        G2
      ts_1_3        -3 FakeW-C5H8O(825)rs+OH(4)        -3   FakeW-H2O(5)+S(1289)rs     -24.3

Bound Groups: dissociation barrier (name/ground energy, kcal/mol): wells (name/ground energy, kcal/mol):
     C2/-21.3:  FakeW-H2O(5)+S(1289)rs/-24.3

     B1/-3:  FakeW-C5H8O(825)rs+OH(4)/-3

________________________________________________________________________________________

Names Translation Tables (<short name> - <original name>):
Wells:
   W1 - FakeW-C5H8O(825)rs+OH(4)
   W2 - FakeW-H2O(5)+S(1289)rs
Bimolecular products:
   P1 - C5H8O(825)rs+OH(4)
   P2 - H2O(5)+S(1289)rs
Inner Barriers:
   B1 - ts_1_3
Outer Barriers:
   C1 - FakeB-C5H8O(825)rs+OH(4)
   C2 - FakeB-H2O(5)+S(1289)rs
Unimolecular Rate Units: 1/sec;  Bimolecular Rate Units: cm^3/sec

______________________________________________________________________________________

Species-Species Rate Tables:

Temperature = 500 K

High Pressure Rate Coefficients:

From\To         W1        W2        P1        P2
W1             ***  3.65e+08     1e+10       ***
W2          0.0995       ***       ***  2.84e+10
P1         2.4e-10       ***       ***       ***
P2             ***  2.35e-10       ***       ***

Temperature = 500 K    Pressure = 0.1 atm

From\To         W1        W2        P1        P2
W1             ***       ***       ***       ***
W2             ***       ***       ***       ***
P1             ***       ***   8.1e-12   8.1e-12
P2             ***       ***  7.61e-22  7.61e-22

Temperature = 500 K    Pressure = 1 atm

From\To         W1        W2        P1        P2
W1             ***       ***       ***       ***
W2             ***       ***       ***       ***
P1             ***       ***  8.12e-12  8.12e-12
P2             ***       ***  7.63e-22  7.63e-22

Temperature = 500 K    Pressure = 10 atm

From\To         W1        W2        P1        P2
W1             ***       ***       ***       ***
W2             ***       ***       ***       ***
P1             ***       ***  8.22e-12  8.22e-12
P2             ***       ***  7.73e-22  7.73e-22

Temperature = 500 K    Pressure = 100 atm

From\To         W1        W2        P1        P2
W1             ***       ***       ***       ***
W2             ***       ***       ***       ***
P1             ***       ***  8.37e-12  8.37e-12
P2             ***       ***  7.87e-22  7.86e-22

Temperature = 600 K

High Pressure Rate Coefficients:

From\To         W1        W2        P1        P2
W1             ***  3.45e+08  1.12e+10       ***
W2            2.77       ***       ***  2.94e+10
P1        2.47e-10       ***       ***       ***
P2             ***  2.42e-10       ***       ***

Temperature = 600 K    Pressure = 0.1 atm

From\To         W1        W2        P1        P2
W1             ***       ***       ***       ***
W2             ***       ***       ***       ***
P1             ***       ***  7.32e-12  7.32e-12
P2             ***       ***   2.2e-20   2.2e-20

Temperature = 600 K    Pressure = 1 atm

From\To         W1        W2        P1        P2
W1             ***       ***       ***       ***
W2             ***       ***       ***       ***
P1             ***       ***  7.32e-12  7.32e-12
P2             ***       ***   2.2e-20   2.2e-20

Temperature = 600 K    Pressure = 10 atm

From\To         W1        W2        P1        P2
W1             ***       ***       ***       ***
W2             ***       ***       ***       ***
P1             ***       ***  7.33e-12  7.33e-12
P2             ***       ***   2.2e-20   2.2e-20

Temperature = 600 K    Pressure = 100 atm

From\To         W1        W2        P1        P2
W1             ***       ***       ***       ***
W2             ***       ***       ***       ***
P1             ***       ***  7.35e-12  7.35e-12
P2             ***       ***  2.21e-20  2.21e-20

Temperature = 700 K

High Pressure Rate Coefficients:

From\To         W1        W2        P1        P2
W1             ***  3.46e+08  1.15e+10       ***
W2            30.8       ***       ***  2.82e+10
P1        2.54e-10       ***       ***       ***
P2             ***  2.48e-10       ***       ***

Temperature = 700 K    Pressure = 0.1 atm

From\To         W1        W2        P1        P2
W1             ***       ***       ***       ***
W2             ***       ***       ***       ***
P1             ***       ***   7.4e-12   7.4e-12
P2             ***       ***  2.62e-19  2.62e-19

Temperature = 700 K    Pressure = 1 atm

From\To         W1        W2        P1        P2
W1             ***       ***       ***       ***
W2             ***       ***       ***       ***
P1             ***       ***   7.4e-12   7.4e-12
P2             ***       ***  2.62e-19  2.62e-19

Temperature = 700 K    Pressure = 10 atm

From\To         W1        W2        P1        P2
W1             ***       ***       ***       ***
W2             ***       ***       ***       ***
P1             ***       ***  7.41e-12  7.41e-12
P2             ***       ***  2.62e-19  2.62e-19

Temperature = 700 K    Pressure = 100 atm

From\To         W1        W2        P1        P2
W1             ***       ***       ***       ***
W2             ***       ***       ***       ***
P1             ***       ***  7.41e-12  7.41e-12
P2             ***       ***  2.62e-19  2.62e-19

Temperature = 800 K

High Pressure Rate Coefficients:

From\To         W1        W2        P1        P2
W1             ***  3.56e+08  1.12e+10       ***
W2             190       ***       ***   2.6e+10
P1         2.6e-10       ***       ***       ***
P2             ***  2.54e-10       ***       ***

Temperature = 800 K    Pressure = 0.1 atm

From\To         W1        W2        P1        P2
W1             ***       ***       ***       ***
W2             ***       ***       ***       ***
P1             ***       ***  7.96e-12  7.96e-12
P2             ***       ***  1.79e-18  1.79e-18

Temperature = 800 K    Pressure = 1 atm

From\To         W1        W2        P1        P2
W1             ***       ***       ***       ***
W2             ***       ***       ***       ***
P1             ***       ***  7.96e-12  7.96e-12
P2             ***       ***  1.79e-18  1.79e-18

Temperature = 800 K    Pressure = 10 atm

From\To         W1        W2        P1        P2
W1             ***       ***       ***       ***
W2             ***       ***       ***       ***
P1             ***       ***  7.96e-12  7.96e-12
P2             ***       ***  1.79e-18  1.79e-18

Temperature = 800 K    Pressure = 100 atm

From\To         W1        W2        P1        P2
W1             ***       ***       ***       ***
W2             ***       ***       ***       ***
P1             ***       ***  7.96e-12  7.96e-12
P2             ***       ***  1.79e-18  1.79e-18

Temperature = 900 K

High Pressure Rate Coefficients:

From\To         W1        W2        P1        P2
W1             ***  3.69e+08  1.07e+10       ***
W2             788       ***       ***  2.34e+10
P1        2.65e-10       ***       ***       ***
P2             ***  2.59e-10       ***       ***

Temperature = 900 K    Pressure = 0.1 atm

From\To         W1        W2        P1        P2
W1             ***       ***       ***       ***
W2             ***       ***       ***       ***
P1             ***       ***  8.82e-12  8.82e-12
P2             ***       ***   8.4e-18   8.4e-18

Temperature = 900 K    Pressure = 1 atm

From\To         W1        W2        P1        P2
W1             ***       ***       ***       ***
W2             ***       ***       ***       ***
P1             ***       ***  8.82e-12  8.82e-12
P2             ***       ***   8.4e-18   8.4e-18

Temperature = 900 K    Pressure = 10 atm

From\To         W1        W2        P1        P2
W1             ***       ***       ***       ***
W2             ***       ***       ***       ***
P1             ***       ***  8.82e-12  8.82e-12
P2             ***       ***   8.4e-18   8.4e-18

Temperature = 900 K    Pressure = 100 atm

From\To         W1        W2        P1        P2
W1             ***       ***       ***       ***
W2             ***       ***       ***       ***
P1             ***       ***  8.82e-12  8.82e-12
P2             ***       ***   8.4e-18   8.4e-18

Temperature = 1e+03 K

High Pressure Rate Coefficients:

From\To         W1        W2        P1        P2
W1             ***  3.83e+08     1e+10       ***
W2        2.47e+03       ***       ***  2.09e+10
P1        2.69e-10       ***       ***       ***
P2             ***  2.63e-10       ***       ***

Temperature = 1e+03 K    Pressure = 0.1 atm

From\To         W1        W2        P1        P2
W1             ***       ***       ***       ***
W2             ***       ***       ***       ***
P1             ***       ***  9.91e-12  9.91e-12
P2             ***       ***  2.99e-17  2.99e-17

Temperature = 1e+03 K    Pressure = 1 atm

From\To         W1        W2        P1        P2
W1             ***       ***       ***       ***
W2             ***       ***       ***       ***
P1             ***       ***  9.91e-12  9.91e-12
P2             ***       ***  2.99e-17  2.99e-17

Temperature = 1e+03 K    Pressure = 10 atm

From\To         W1        W2        P1        P2
W1             ***       ***       ***       ***
W2             ***       ***       ***       ***
P1             ***       ***  9.91e-12  9.91e-12
P2             ***       ***  2.99e-17  2.99e-17

Temperature = 1e+03 K    Pressure = 100 atm

From\To         W1        W2        P1        P2
W1             ***       ***       ***       ***
W2             ***       ***       ***       ***
P1             ***       ***  9.91e-12  9.91e-12
P2             ***       ***  2.99e-17  2.99e-17

Temperature = 1.1e+03 K

High Pressure Rate Coefficients:

From\To         W1        W2        P1        P2
W1             ***  3.97e+08  9.28e+09       ***
W2        6.33e+03       ***       ***  1.85e+10
P1        2.74e-10       ***       ***       ***
P2             ***  2.68e-10       ***       ***

Temperature = 1.1e+03 K    Pressure = 0.1 atm

From\To         W1        W2        P1        P2
W1             ***       ***       ***       ***
W2             ***       ***       ***       ***
P1             ***       ***  1.12e-11  1.12e-11
P2             ***       ***  8.72e-17  8.72e-17

Temperature = 1.1e+03 K    Pressure = 1 atm

From\To         W1        W2        P1        P2
W1             ***       ***       ***       ***
W2             ***       ***       ***       ***
P1             ***       ***  1.12e-11  1.12e-11
P2             ***       ***  8.72e-17  8.72e-17

Temperature = 1.1e+03 K    Pressure = 10 atm

From\To         W1        W2        P1        P2
W1             ***       ***       ***       ***
W2             ***       ***       ***       ***
P1             ***       ***  1.12e-11  1.12e-11
P2             ***       ***  8.72e-17  8.72e-17

Temperature = 1.1e+03 K    Pressure = 100 atm

From\To         W1        W2        P1        P2
W1             ***       ***       ***       ***
W2             ***       ***       ***       ***
P1             ***       ***  1.12e-11  1.12e-11
P2             ***       ***  8.73e-17  8.73e-17

Temperature = 1.2e+03 K

High Pressure Rate Coefficients:

From\To         W1        W2        P1        P2
W1             ***   4.1e+08  8.56e+09       ***
W2        1.39e+04       ***       ***  1.64e+10
P1        2.78e-10       ***       ***       ***
P2             ***  2.71e-10       ***       ***

Temperature = 1.2e+03 K    Pressure = 0.1 atm

From\To         W1        W2        P1        P2
W1             ***       ***       ***       ***
W2             ***       ***       ***       ***
P1             ***       ***  1.26e-11  1.26e-11
P2             ***       ***  2.18e-16  2.18e-16

Temperature = 1.2e+03 K    Pressure = 1 atm

From\To         W1        W2        P1        P2
W1             ***       ***       ***       ***
W2             ***       ***       ***       ***
P1             ***       ***  1.26e-11  1.26e-11
P2             ***       ***  2.18e-16  2.18e-16

Temperature = 1.2e+03 K    Pressure = 10 atm

From\To         W1        W2        P1        P2
W1             ***       ***       ***       ***
W2             ***       ***       ***       ***
P1             ***       ***  1.26e-11  1.26e-11
P2             ***       ***  2.18e-16  2.18e-16

Temperature = 1.2e+03 K    Pressure = 100 atm

From\To         W1        W2        P1        P2
W1        8.43e+09       ***  8.01e+09  1.16e+09
W2             ***       ***       ***       ***
P1        2.21e-10       ***  2.23e-10 -1.78e-11
P2        5.51e-16       *** -3.06e-16  2.94e-16

Temperature = 1.3e+03 K

High Pressure Rate Coefficients:

From\To         W1        W2        P1        P2
W1             ***  4.22e+08  7.88e+09       ***
W2         2.7e+04       ***       ***  1.46e+10
P1        2.81e-10       ***       ***       ***
P2             ***  2.75e-10       ***       ***

Temperature = 1.3e+03 K    Pressure = 0.1 atm

From\To         W1        W2        P1        P2
W1             ***       ***       ***       ***
W2             ***       ***       ***       ***
P1             ***       ***  1.42e-11  1.42e-11
P2             ***       ***  4.81e-16  4.81e-16

Temperature = 1.3e+03 K    Pressure = 1 atm

From\To         W1        W2        P1        P2
W1             ***       ***       ***       ***
W2             ***       ***       ***       ***
P1             ***       ***  1.42e-11  1.42e-11
P2             ***       ***  4.81e-16  4.81e-16

Temperature = 1.3e+03 K    Pressure = 10 atm

From\To         W1        W2        P1        P2
W1             ***       ***       ***       ***
W2             ***       ***       ***       ***
P1             ***       ***  1.43e-11  1.43e-11
P2             ***       ***  4.81e-16  4.81e-16

Temperature = 1.3e+03 K    Pressure = 100 atm

From\To         W1        W2        P1        P2
W1        7.81e+09       ***  7.38e+09  1.26e+09
W2             ***       ***       ***       ***
P1        2.32e-10       ***  2.34e-10 -2.31e-11
P2        1.33e-15       ***  -7.8e-16  6.96e-16

Temperature = 1.4e+03 K

High Pressure Rate Coefficients:

From\To         W1        W2        P1        P2
W1             ***  4.33e+08  7.24e+09       ***
W2        4.77e+04       ***       ***  1.29e+10
P1        2.85e-10       ***       ***       ***
P2             ***  2.79e-10       ***       ***

Temperature = 1.4e+03 K    Pressure = 0.1 atm

From\To         W1        W2        P1        P2
W1             ***       ***       ***       ***
W2             ***       ***       ***       ***
P1             ***       ***   1.6e-11   1.6e-11
P2             ***       ***  9.64e-16  9.64e-16

Temperature = 1.4e+03 K    Pressure = 1 atm

From\To         W1        W2        P1        P2
W1             ***       ***       ***       ***
W2             ***       ***       ***       ***
P1             ***       ***   1.6e-11   1.6e-11
P2             ***       ***  9.64e-16  9.64e-16

Temperature = 1.4e+03 K    Pressure = 10 atm

From\To         W1        W2        P1        P2
W1             ***       ***       ***       ***
W2             ***       ***       ***       ***
P1             ***       ***   1.6e-11   1.6e-11
P2             ***       ***  9.64e-16  9.64e-16

Temperature = 1.4e+03 K    Pressure = 100 atm

From\To         W1        W2        P1        P2
W1        7.24e+09       ***   6.8e+09  1.37e+09
W2             ***       ***       ***       ***
P1        2.41e-10       ***  2.43e-10 -2.95e-11
P2        2.92e-15       *** -1.78e-15  1.52e-15

Temperature = 1.5e+03 K

High Pressure Rate Coefficients:

From\To         W1        W2        P1        P2
W1             ***  4.44e+08  6.66e+09       ***
W2        7.83e+04       ***       ***  1.15e+10
P1        2.88e-10       ***       ***       ***
P2             ***  2.82e-10       ***       ***

Temperature = 1.5e+03 K    Pressure = 0.1 atm

From\To         W1        W2        P1        P2
W1             ***       ***       ***       ***
W2             ***       ***       ***       ***
P1             ***       ***  1.79e-11  1.79e-11
P2             ***       ***  1.79e-15  1.79e-15

Temperature = 1.5e+03 K    Pressure = 1 atm

From\To         W1        W2        P1        P2
W1             ***       ***       ***       ***
W2             ***       ***       ***       ***
P1             ***       ***  1.79e-11  1.79e-11
P2             ***       ***  1.79e-15  1.79e-15

Temperature = 1.5e+03 K    Pressure = 10 atm

From\To         W1        W2        P1        P2
W1             ***       ***       ***       ***
W2             ***       ***       ***       ***
P1             ***       ***  1.79e-11  1.79e-11
P2             ***       ***  1.79e-15  1.79e-15

Temperature = 1.5e+03 K    Pressure = 100 atm

From\To         W1        W2        P1        P2
W1        6.72e+09  5.29e+08  6.27e+09 -8.01e+07
W2         7.4e+04  1.02e+10   3.5e+04  1.02e+10
P1        2.49e-10  1.74e-11   2.5e-10 -1.61e-11
P2        1.31e-15  2.12e-10 -1.61e-15  2.12e-10

Temperature = 1.6e+03 K

High Pressure Rate Coefficients:

From\To         W1        W2        P1        P2
W1             ***  4.53e+08  6.13e+09       ***
W2        1.21e+05       ***       ***  1.03e+10
P1        2.91e-10       ***       ***       ***
P2             ***  2.85e-10       ***       ***

Temperature = 1.6e+03 K    Pressure = 0.1 atm

From\To         W1        W2        P1        P2
W1             ***       ***       ***       ***
W2             ***       ***       ***       ***
P1             ***       ***  1.99e-11  1.99e-11
P2             ***       ***   3.1e-15   3.1e-15

Temperature = 1.6e+03 K    Pressure = 1 atm

From\To         W1        W2        P1        P2
W1             ***       ***       ***       ***
W2             ***       ***       ***       ***
P1             ***       ***  1.99e-11  1.99e-11
P2             ***       ***   3.1e-15   3.1e-15

Temperature = 1.6e+03 K    Pressure = 10 atm

From\To         W1        W2        P1        P2
W1             ***       ***       ***       ***
W2             ***       ***       ***       ***
P1             ***       ***  1.99e-11  1.99e-11
P2             ***       ***   3.1e-15   3.1e-15

Temperature = 1.6e+03 K    Pressure = 100 atm

From\To         W1        W2        P1        P2
W1        6.24e+09  5.33e+08  5.78e+09 -7.56e+07
W2        1.48e+05  9.12e+09  1.28e+04  9.12e+09
P1        2.56e-10  3.01e-12  2.57e-10 -1.81e-12
P2        -2.7e-16   2.2e-10 -2.81e-16   2.2e-10

Temperature = 1.7e+03 K

High Pressure Rate Coefficients:

From\To         W1        W2        P1        P2
W1             ***  4.61e+08  5.64e+09       ***
W2        1.77e+05       ***       ***   9.2e+09
P1        2.94e-10       ***       ***       ***
P2             ***  2.88e-10       ***       ***

Temperature = 1.7e+03 K    Pressure = 0.1 atm

From\To         W1        W2        P1        P2
W1             ***       ***       ***       ***
W2             ***       ***       ***       ***
P1             ***       ***  2.21e-11  2.21e-11
P2             ***       ***  5.08e-15  5.08e-15

Temperature = 1.7e+03 K    Pressure = 1 atm

From\To         W1        W2        P1        P2
W1             ***       ***       ***       ***
W2             ***       ***       ***       ***
P1             ***       ***  2.21e-11  2.21e-11
P2             ***       ***  5.08e-15  5.08e-15

Temperature = 1.7e+03 K    Pressure = 10 atm

From\To         W1        W2        P1        P2
W1             ***       ***       ***       ***
W2             ***       ***       ***       ***
P1             ***       ***  2.21e-11  2.21e-11
P2             ***       ***  5.09e-15  5.09e-15

Temperature = 1.7e+03 K    Pressure = 100 atm

From\To         W1        W2        P1        P2
W1        5.81e+09  5.37e+08  5.34e+09 -7.12e+07
W2         2.2e+05   8.2e+09  8.76e+03   8.2e+09
P1        2.62e-10  5.72e-13  2.63e-10  5.77e-13
P2       -9.75e-16  2.28e-10  1.33e-16  2.28e-10

Temperature = 1.8e+03 K

High Pressure Rate Coefficients:

From\To         W1        W2        P1        P2
W1             ***  4.69e+08  5.21e+09       ***
W2        2.49e+05       ***       ***  8.26e+09
P1        2.97e-10       ***       ***       ***
P2             ***   2.9e-10       ***       ***

Temperature = 1.8e+03 K    Pressure = 0.1 atm

From\To         W1        W2        P1        P2
W1             ***       ***       ***       ***
W2             ***       ***       ***       ***
P1             ***       ***  2.43e-11  2.43e-11
P2             ***       ***  7.97e-15  7.97e-15

Temperature = 1.8e+03 K    Pressure = 1 atm

From\To         W1        W2        P1        P2
W1             ***       ***       ***       ***
W2             ***       ***       ***       ***
P1             ***       ***  2.43e-11  2.43e-11
P2             ***       ***  7.97e-15  7.97e-15

Temperature = 1.8e+03 K    Pressure = 10 atm

From\To         W1        W2        P1        P2
W1             ***       ***       ***       ***
W2             ***       ***       ***       ***
P1             ***       ***  2.44e-11  2.44e-11
P2             ***       ***  7.97e-15  7.97e-15

Temperature = 1.8e+03 K    Pressure = 100 atm

From\To         W1        W2        P1        P2
W1        5.41e+09  5.39e+08  4.94e+09  -6.7e+07
W2        3.06e+05   7.4e+09  6.83e+03   7.4e+09
P1        2.67e-10 -4.09e-13  2.68e-10  1.52e-12
P2       -1.71e-15  2.34e-10  4.98e-16  2.34e-10

Temperature = 1.9e+03 K

High Pressure Rate Coefficients:

From\To         W1        W2        P1        P2
W1             ***  4.75e+08  4.81e+09       ***
W2        3.38e+05       ***       ***  7.44e+09
P1           3e-10       ***       ***       ***
P2             ***  2.93e-10       ***       ***

Temperature = 1.9e+03 K    Pressure = 0.1 atm

From\To         W1        W2        P1        P2
W1             ***       ***       ***       ***
W2             ***       ***       ***       ***
P1             ***       ***  2.67e-11  2.67e-11
P2             ***       ***   1.2e-14   1.2e-14

Temperature = 1.9e+03 K    Pressure = 1 atm

From\To         W1        W2        P1        P2
W1             ***       ***       ***       ***
W2             ***       ***       ***       ***
P1             ***       ***  2.67e-11  2.67e-11
P2             ***       ***   1.2e-14   1.2e-14

Temperature = 1.9e+03 K    Pressure = 10 atm

From\To         W1        W2        P1        P2
W1             ***       ***       ***       ***
W2             ***       ***       ***       ***
P1             ***       ***  2.68e-11  2.68e-11
P2             ***       ***   1.2e-14   1.2e-14

Temperature = 1.9e+03 K    Pressure = 100 atm

From\To         W1        W2        P1        P2
W1        5.05e+09  5.41e+08  4.57e+09 -6.29e+07
W2        4.08e+05   6.7e+09  5.59e+03   6.7e+09
P1        2.72e-10 -9.08e-13  2.73e-10  1.99e-12
P2       -2.57e-15   2.4e-10  8.94e-16   2.4e-10

Temperature = 2e+03 K

High Pressure Rate Coefficients:

From\To         W1        W2        P1        P2
W1             ***  4.81e+08  4.45e+09       ***
W2        4.44e+05       ***       ***  6.72e+09
P1        3.02e-10       ***       ***       ***
P2             ***  2.96e-10       ***       ***

Temperature = 2e+03 K    Pressure = 0.1 atm

From\To         W1        W2        P1        P2
W1             ***       ***       ***       ***
W2             ***       ***       ***       ***
P1             ***       ***  2.92e-11  2.92e-11
P2             ***       ***  1.74e-14  1.74e-14

Temperature = 2e+03 K    Pressure = 1 atm

From\To         W1        W2        P1        P2
W1             ***       ***       ***       ***
W2             ***       ***       ***       ***
P1             ***       ***  2.92e-11  2.92e-11
P2             ***       ***  1.75e-14  1.75e-14

Temperature = 2e+03 K    Pressure = 10 atm

From\To         W1        W2        P1        P2
W1             ***       ***       ***       ***
W2             ***       ***       ***       ***
P1             ***       ***  2.93e-11  2.93e-11
P2             ***       ***  1.75e-14  1.75e-14

Temperature = 2e+03 K    Pressure = 100 atm

From\To         W1        W2        P1        P2
W1        4.72e+09  5.43e+08  4.24e+09  -5.9e+07
W2        5.28e+05  6.08e+09  4.67e+03  6.08e+09
P1        2.76e-10 -1.19e-12  2.77e-10  2.25e-12
P2       -3.58e-15  2.46e-10  1.34e-15  2.46e-10

______________________________________________________________________________________

High Pressure Rate Coefficients (Temperature-Species Rate Tables):

Reactant = W1
   T(K)        W1        W2        P1        P2
    500       ***  3.65e+08     1e+10       ***
    600       ***  3.45e+08  1.12e+10       ***
    700       ***  3.46e+08  1.15e+10       ***
    800       ***  3.56e+08  1.12e+10       ***
    900       ***  3.69e+08  1.07e+10       ***
  1e+03       ***  3.83e+08     1e+10       ***
1.1e+03       ***  3.97e+08  9.28e+09       ***
1.2e+03       ***   4.1e+08  8.56e+09       ***
1.3e+03       ***  4.22e+08  7.88e+09       ***
1.4e+03       ***  4.33e+08  7.24e+09       ***
1.5e+03       ***  4.44e+08  6.66e+09       ***
1.6e+03       ***  4.53e+08  6.13e+09       ***
1.7e+03       ***  4.61e+08  5.64e+09       ***
1.8e+03       ***  4.69e+08  5.21e+09       ***
1.9e+03       ***  4.75e+08  4.81e+09       ***
  2e+03       ***  4.81e+08  4.45e+09       ***

Reactant = W2
   T(K)        W1        W2        P1        P2
    500    0.0995       ***       ***  2.84e+10
    600      2.77       ***       ***  2.94e+10
    700      30.8       ***       ***  2.82e+10
    800       190       ***       ***   2.6e+10
    900       788       ***       ***  2.34e+10
  1e+03  2.47e+03       ***       ***  2.09e+10
1.1e+03  6.33e+03       ***       ***  1.85e+10
1.2e+03  1.39e+04       ***       ***  1.64e+10
1.3e+03   2.7e+04       ***       ***  1.46e+10
1.4e+03  4.77e+04       ***       ***  1.29e+10
1.5e+03  7.83e+04       ***       ***  1.15e+10
1.6e+03  1.21e+05       ***       ***  1.03e+10
1.7e+03  1.77e+05       ***       ***   9.2e+09
1.8e+03  2.49e+05       ***       ***  8.26e+09
1.9e+03  3.38e+05       ***       ***  7.44e+09
  2e+03  4.44e+05       ***       ***  6.72e+09

Reactant = P1
   T(K)        W1        W2        P1        P2
    500   2.4e-10       ***       ***       ***
    600  2.47e-10       ***       ***       ***
    700  2.54e-10       ***       ***       ***
    800   2.6e-10       ***       ***       ***
    900  2.65e-10       ***       ***       ***
  1e+03  2.69e-10       ***       ***       ***
1.1e+03  2.74e-10       ***       ***       ***
1.2e+03  2.78e-10       ***       ***       ***
1.3e+03  2.81e-10       ***       ***       ***
1.4e+03  2.85e-10       ***       ***       ***
1.5e+03  2.88e-10       ***       ***       ***
1.6e+03  2.91e-10       ***       ***       ***
1.7e+03  2.94e-10       ***       ***       ***
1.8e+03  2.97e-10       ***       ***       ***
1.9e+03     3e-10       ***       ***       ***
  2e+03  3.02e-10       ***       ***       ***

Reactant = P2
   T(K)        W1        W2        P1        P2
    500       ***  2.35e-10       ***       ***
    600       ***  2.42e-10       ***       ***
    700       ***  2.48e-10       ***       ***
    800       ***  2.54e-10       ***       ***
    900       ***  2.59e-10       ***       ***
  1e+03       ***  2.63e-10       ***       ***
1.1e+03       ***  2.68e-10       ***       ***
1.2e+03       ***  2.71e-10       ***       ***
1.3e+03       ***  2.75e-10       ***       ***
1.4e+03       ***  2.79e-10       ***       ***
1.5e+03       ***  2.82e-10       ***       ***
1.6e+03       ***  2.85e-10       ***       ***
1.7e+03       ***  2.88e-10       ***       ***
1.8e+03       ***   2.9e-10       ***       ***
1.9e+03       ***  2.93e-10       ***       ***
  2e+03       ***  2.96e-10       ***       ***

Capture/Escape Rate Coefficients:

   T(K)        W1        W2        P1        P2
    500  1.04e+10  2.84e+10   2.4e-10  2.35e-10
    600  1.16e+10  2.94e+10  2.47e-10  2.42e-10
    700  1.18e+10  2.82e+10  2.54e-10  2.48e-10
    800  1.16e+10   2.6e+10   2.6e-10  2.54e-10
    900  1.11e+10  2.34e+10  2.65e-10  2.59e-10
  1e+03  1.04e+10  2.09e+10  2.69e-10  2.63e-10
1.1e+03  9.67e+09  1.85e+10  2.74e-10  2.68e-10
1.2e+03  8.97e+09  1.64e+10  2.78e-10  2.71e-10
1.3e+03   8.3e+09  1.46e+10  2.81e-10  2.75e-10
1.4e+03  7.67e+09  1.29e+10  2.85e-10  2.79e-10
1.5e+03   7.1e+09  1.15e+10  2.88e-10  2.82e-10
1.6e+03  6.58e+09  1.03e+10  2.91e-10  2.85e-10
1.7e+03   6.1e+09   9.2e+09  2.94e-10  2.88e-10
1.8e+03  5.68e+09  8.26e+09  2.97e-10   2.9e-10
1.9e+03  5.29e+09  7.44e+09     3e-10  2.93e-10
  2e+03  4.94e+09  6.72e+09  3.02e-10  2.96e-10

______________________________________________________________________________________

Pressure-Species Rate Tables:

Reactant = W1   Temperature = 500 K

   P(atm)        W2        P1        P2      Loss
      0.1       ***       ***       ***       ***
        1       ***       ***       ***       ***
       10       ***       ***       ***       ***
      100       ***       ***       ***       ***
      O-O  3.65e+08     1e+10       ***  1.04e+10

Reactant = W1   Temperature = 600 K

   P(atm)        W2        P1        P2      Loss
      0.1       ***       ***       ***       ***
        1       ***       ***       ***       ***
       10       ***       ***       ***       ***
      100       ***       ***       ***       ***
      O-O  3.45e+08  1.12e+10       ***  1.16e+10

Reactant = W1   Temperature = 700 K

   P(atm)        W2        P1        P2      Loss
      0.1       ***       ***       ***       ***
        1       ***       ***       ***       ***
       10       ***       ***       ***       ***
      100       ***       ***       ***       ***
      O-O  3.46e+08  1.15e+10       ***  1.18e+10

Reactant = W1   Temperature = 800 K

   P(atm)        W2        P1        P2      Loss
      0.1       ***       ***       ***       ***
        1       ***       ***       ***       ***
       10       ***       ***       ***       ***
      100       ***       ***       ***       ***
      O-O  3.56e+08  1.12e+10       ***  1.16e+10

Reactant = W1   Temperature = 900 K

   P(atm)        W2        P1        P2      Loss
      0.1       ***       ***       ***       ***
        1       ***       ***       ***       ***
       10       ***       ***       ***       ***
      100       ***       ***       ***       ***
      O-O  3.69e+08  1.07e+10       ***  1.11e+10

Reactant = W1   Temperature = 1e+03 K

   P(atm)        W2        P1        P2      Loss
      0.1       ***       ***       ***       ***
        1       ***       ***       ***       ***
       10       ***       ***       ***       ***
      100       ***       ***       ***       ***
      O-O  3.83e+08     1e+10       ***  1.04e+10

Reactant = W1   Temperature = 1.1e+03 K

   P(atm)        W2        P1        P2      Loss
      0.1       ***       ***       ***       ***
        1       ***       ***       ***       ***
       10       ***       ***       ***       ***
      100       ***       ***       ***       ***
      O-O  3.97e+08  9.28e+09       ***  9.67e+09

Reactant = W1   Temperature = 1.2e+03 K

   P(atm)        W2        P1        P2      Loss
      0.1       ***       ***       ***       ***
        1       ***       ***       ***       ***
       10       ***       ***       ***       ***
      100       ***  8.01e+09  1.16e+09  8.43e+09
      O-O   4.1e+08  8.56e+09       ***  8.97e+09

Reactant = W1   Temperature = 1.3e+03 K

   P(atm)        W2        P1        P2      Loss
      0.1       ***       ***       ***       ***
        1       ***       ***       ***       ***
       10       ***       ***       ***       ***
      100       ***  7.38e+09  1.26e+09  7.81e+09
      O-O  4.22e+08  7.88e+09       ***   8.3e+09

Reactant = W1   Temperature = 1.4e+03 K

   P(atm)        W2        P1        P2      Loss
      0.1       ***       ***       ***       ***
        1       ***       ***       ***       ***
       10       ***       ***       ***       ***
      100       ***   6.8e+09  1.37e+09  7.24e+09
      O-O  4.33e+08  7.24e+09       ***  7.67e+09

Reactant = W1   Temperature = 1.5e+03 K

   P(atm)        W2        P1        P2      Loss
      0.1       ***       ***       ***       ***
        1       ***       ***       ***       ***
       10       ***       ***       ***       ***
      100  5.29e+08  6.27e+09 -8.01e+07  6.72e+09
      O-O  4.44e+08  6.66e+09       ***   7.1e+09

Reactant = W1   Temperature = 1.6e+03 K

   P(atm)        W2        P1        P2      Loss
      0.1       ***       ***       ***       ***
        1       ***       ***       ***       ***
       10       ***       ***       ***       ***
      100  5.33e+08  5.78e+09 -7.56e+07  6.24e+09
      O-O  4.53e+08  6.13e+09       ***  6.58e+09

Reactant = W1   Temperature = 1.7e+03 K

   P(atm)        W2        P1        P2      Loss
      0.1       ***       ***       ***       ***
        1       ***       ***       ***       ***
       10       ***       ***       ***       ***
      100  5.37e+08  5.34e+09 -7.12e+07  5.81e+09
      O-O  4.61e+08  5.64e+09       ***   6.1e+09

Reactant = W1   Temperature = 1.8e+03 K

   P(atm)        W2        P1        P2      Loss
      0.1       ***       ***       ***       ***
        1       ***       ***       ***       ***
       10       ***       ***       ***       ***
      100  5.39e+08  4.94e+09  -6.7e+07  5.41e+09
      O-O  4.69e+08  5.21e+09       ***  5.68e+09

Reactant = W1   Temperature = 1.9e+03 K

   P(atm)        W2        P1        P2      Loss
      0.1       ***       ***       ***       ***
        1       ***       ***       ***       ***
       10       ***       ***       ***       ***
      100  5.41e+08  4.57e+09 -6.29e+07  5.05e+09
      O-O  4.75e+08  4.81e+09       ***  5.29e+09

Reactant = W1   Temperature = 2e+03 K

   P(atm)        W2        P1        P2      Loss
      0.1       ***       ***       ***       ***
        1       ***       ***       ***       ***
       10       ***       ***       ***       ***
      100  5.43e+08  4.24e+09  -5.9e+07  4.72e+09
      O-O  4.81e+08  4.45e+09       ***  4.94e+09

Reactant = W2   Temperature = 500 K

   P(atm)        W1        P1        P2      Loss
      0.1       ***       ***       ***       ***
        1       ***       ***       ***       ***
       10       ***       ***       ***       ***
      100       ***       ***       ***       ***
      O-O    0.0995       ***  2.84e+10  2.84e+10

Reactant = W2   Temperature = 600 K

   P(atm)        W1        P1        P2      Loss
      0.1       ***       ***       ***       ***
        1       ***       ***       ***       ***
       10       ***       ***       ***       ***
      100       ***       ***       ***       ***
      O-O      2.77       ***  2.94e+10  2.94e+10

Reactant = W2   Temperature = 700 K

   P(atm)        W1        P1        P2      Loss
      0.1       ***       ***       ***       ***
        1       ***       ***       ***       ***
       10       ***       ***       ***       ***
      100       ***       ***       ***       ***
      O-O      30.8       ***  2.82e+10  2.82e+10

Reactant = W2   Temperature = 800 K

   P(atm)        W1        P1        P2      Loss
      0.1       ***       ***       ***       ***
        1       ***       ***       ***       ***
       10       ***       ***       ***       ***
      100       ***       ***       ***       ***
      O-O       190       ***   2.6e+10   2.6e+10

Reactant = W2   Temperature = 900 K

   P(atm)        W1        P1        P2      Loss
      0.1       ***       ***       ***       ***
        1       ***       ***       ***       ***
       10       ***       ***       ***       ***
      100       ***       ***       ***       ***
      O-O       788       ***  2.34e+10  2.34e+10

Reactant = W2   Temperature = 1e+03 K

   P(atm)        W1        P1        P2      Loss
      0.1       ***       ***       ***       ***
        1       ***       ***       ***       ***
       10       ***       ***       ***       ***
      100       ***       ***       ***       ***
      O-O  2.47e+03       ***  2.09e+10  2.09e+10

Reactant = W2   Temperature = 1.1e+03 K

   P(atm)        W1        P1        P2      Loss
      0.1       ***       ***       ***       ***
        1       ***       ***       ***       ***
       10       ***       ***       ***       ***
      100       ***       ***       ***       ***
      O-O  6.33e+03       ***  1.85e+10  1.85e+10

Reactant = W2   Temperature = 1.2e+03 K

   P(atm)        W1        P1        P2      Loss
      0.1       ***       ***       ***       ***
        1       ***       ***       ***       ***
       10       ***       ***       ***       ***
      100       ***       ***       ***       ***
      O-O  1.39e+04       ***  1.64e+10  1.64e+10

Reactant = W2   Temperature = 1.3e+03 K

   P(atm)        W1        P1        P2      Loss
      0.1       ***       ***       ***       ***
        1       ***       ***       ***       ***
       10       ***       ***       ***       ***
      100       ***       ***       ***       ***
      O-O   2.7e+04       ***  1.46e+10  1.46e+10

Reactant = W2   Temperature = 1.4e+03 K

   P(atm)        W1        P1        P2      Loss
      0.1       ***       ***       ***       ***
        1       ***       ***       ***       ***
       10       ***       ***       ***       ***
      100       ***       ***       ***       ***
      O-O  4.77e+04       ***  1.29e+10  1.29e+10

Reactant = W2   Temperature = 1.5e+03 K

   P(atm)        W1        P1        P2      Loss
      0.1       ***       ***       ***       ***
        1       ***       ***       ***       ***
       10       ***       ***       ***       ***
      100   7.4e+04   3.5e+04  1.02e+10  1.02e+10
      O-O  7.83e+04       ***  1.15e+10  1.15e+10

Reactant = W2   Temperature = 1.6e+03 K

   P(atm)        W1        P1        P2      Loss
      0.1       ***       ***       ***       ***
        1       ***       ***       ***       ***
       10       ***       ***       ***       ***
      100  1.48e+05  1.28e+04  9.12e+09  9.12e+09
      O-O  1.21e+05       ***  1.03e+10  1.03e+10

Reactant = W2   Temperature = 1.7e+03 K

   P(atm)        W1        P1        P2      Loss
      0.1       ***       ***       ***       ***
        1       ***       ***       ***       ***
       10       ***       ***       ***       ***
      100   2.2e+05  8.76e+03   8.2e+09   8.2e+09
      O-O  1.77e+05       ***   9.2e+09   9.2e+09

Reactant = W2   Temperature = 1.8e+03 K

   P(atm)        W1        P1        P2      Loss
      0.1       ***       ***       ***       ***
        1       ***       ***       ***       ***
       10       ***       ***       ***       ***
      100  3.06e+05  6.83e+03   7.4e+09   7.4e+09
      O-O  2.49e+05       ***  8.26e+09  8.26e+09

Reactant = W2   Temperature = 1.9e+03 K

   P(atm)        W1        P1        P2      Loss
      0.1       ***       ***       ***       ***
        1       ***       ***       ***       ***
       10       ***       ***       ***       ***
      100  4.08e+05  5.59e+03   6.7e+09   6.7e+09
      O-O  3.38e+05       ***  7.44e+09  7.44e+09

Reactant = W2   Temperature = 2e+03 K

   P(atm)        W1        P1        P2      Loss
      0.1       ***       ***       ***       ***
        1       ***       ***       ***       ***
       10       ***       ***       ***       ***
      100  5.28e+05  4.67e+03  6.08e+09  6.08e+09
      O-O  4.44e+05       ***  6.72e+09  6.72e+09

Reactant = P1   Temperature = 500 K

   P(atm)        W1        W2        P2      Loss
      0.1       ***       ***   8.1e-12   8.1e-12
        1       ***       ***  8.12e-12  8.12e-12
       10       ***       ***  8.22e-12  8.22e-12
      100       ***       ***  8.37e-12  8.37e-12
      O-O   2.4e-10       ***       ***   2.4e-10

Reactant = P1   Temperature = 600 K

   P(atm)        W1        W2        P2      Loss
      0.1       ***       ***  7.32e-12  7.32e-12
        1       ***       ***  7.32e-12  7.32e-12
       10       ***       ***  7.33e-12  7.33e-12
      100       ***       ***  7.35e-12  7.35e-12
      O-O  2.47e-10       ***       ***  2.47e-10

Reactant = P1   Temperature = 700 K

   P(atm)        W1        W2        P2      Loss
      0.1       ***       ***   7.4e-12   7.4e-12
        1       ***       ***   7.4e-12   7.4e-12
       10       ***       ***  7.41e-12  7.41e-12
      100       ***       ***  7.41e-12  7.41e-12
      O-O  2.54e-10       ***       ***  2.54e-10

Reactant = P1   Temperature = 800 K

   P(atm)        W1        W2        P2      Loss
      0.1       ***       ***  7.96e-12  7.96e-12
        1       ***       ***  7.96e-12  7.96e-12
       10       ***       ***  7.96e-12  7.96e-12
      100       ***       ***  7.96e-12  7.96e-12
      O-O   2.6e-10       ***       ***   2.6e-10

Reactant = P1   Temperature = 900 K

   P(atm)        W1        W2        P2      Loss
      0.1       ***       ***  8.82e-12  8.82e-12
        1       ***       ***  8.82e-12  8.82e-12
       10       ***       ***  8.82e-12  8.82e-12
      100       ***       ***  8.82e-12  8.82e-12
      O-O  2.65e-10       ***       ***  2.65e-10

Reactant = P1   Temperature = 1e+03 K

   P(atm)        W1        W2        P2      Loss
      0.1       ***       ***  9.91e-12  9.91e-12
        1       ***       ***  9.91e-12  9.91e-12
       10       ***       ***  9.91e-12  9.91e-12
      100       ***       ***  9.91e-12  9.91e-12
      O-O  2.69e-10       ***       ***  2.69e-10

Reactant = P1   Temperature = 1.1e+03 K

   P(atm)        W1        W2        P2      Loss
      0.1       ***       ***  1.12e-11  1.12e-11
        1       ***       ***  1.12e-11  1.12e-11
       10       ***       ***  1.12e-11  1.12e-11
      100       ***       ***  1.12e-11  1.12e-11
      O-O  2.74e-10       ***       ***  2.74e-10

Reactant = P1   Temperature = 1.2e+03 K

   P(atm)        W1        W2        P2      Loss
      0.1       ***       ***  1.26e-11  1.26e-11
        1       ***       ***  1.26e-11  1.26e-11
       10       ***       ***  1.26e-11  1.26e-11
      100  2.21e-10       *** -1.78e-11  2.23e-10
      O-O  2.78e-10       ***       ***  2.78e-10

Reactant = P1   Temperature = 1.3e+03 K

   P(atm)        W1        W2        P2      Loss
      0.1       ***       ***  1.42e-11  1.42e-11
        1       ***       ***  1.42e-11  1.42e-11
       10       ***       ***  1.43e-11  1.43e-11
      100  2.32e-10       *** -2.31e-11  2.34e-10
      O-O  2.81e-10       ***       ***  2.81e-10

Reactant = P1   Temperature = 1.4e+03 K

   P(atm)        W1        W2        P2      Loss
      0.1       ***       ***   1.6e-11   1.6e-11
        1       ***       ***   1.6e-11   1.6e-11
       10       ***       ***   1.6e-11   1.6e-11
      100  2.41e-10       *** -2.95e-11  2.43e-10
      O-O  2.85e-10       ***       ***  2.85e-10

Reactant = P1   Temperature = 1.5e+03 K

   P(atm)        W1        W2        P2      Loss
      0.1       ***       ***  1.79e-11  1.79e-11
        1       ***       ***  1.79e-11  1.79e-11
       10       ***       ***  1.79e-11  1.79e-11
      100  2.49e-10  1.74e-11 -1.61e-11   2.5e-10
      O-O  2.88e-10       ***       ***  2.88e-10

Reactant = P1   Temperature = 1.6e+03 K

   P(atm)        W1        W2        P2      Loss
      0.1       ***       ***  1.99e-11  1.99e-11
        1       ***       ***  1.99e-11  1.99e-11
       10       ***       ***  1.99e-11  1.99e-11
      100  2.56e-10  3.01e-12 -1.81e-12  2.57e-10
      O-O  2.91e-10       ***       ***  2.91e-10

Reactant = P1   Temperature = 1.7e+03 K

   P(atm)        W1        W2        P2      Loss
      0.1       ***       ***  2.21e-11  2.21e-11
        1       ***       ***  2.21e-11  2.21e-11
       10       ***       ***  2.21e-11  2.21e-11
      100  2.62e-10  5.72e-13  5.77e-13  2.63e-10
      O-O  2.94e-10       ***       ***  2.94e-10

Reactant = P1   Temperature = 1.8e+03 K

   P(atm)        W1        W2        P2      Loss
      0.1       ***       ***  2.43e-11  2.43e-11
        1       ***       ***  2.43e-11  2.43e-11
       10       ***       ***  2.44e-11  2.44e-11
      100  2.67e-10 -4.09e-13  1.52e-12  2.68e-10
      O-O  2.97e-10       ***       ***  2.97e-10

Reactant = P1   Temperature = 1.9e+03 K

   P(atm)        W1        W2        P2      Loss
      0.1       ***       ***  2.67e-11  2.67e-11
        1       ***       ***  2.67e-11  2.67e-11
       10       ***       ***  2.68e-11  2.68e-11
      100  2.72e-10 -9.08e-13  1.99e-12  2.73e-10
      O-O     3e-10       ***       ***     3e-10

Reactant = P1   Temperature = 2e+03 K

   P(atm)        W1        W2        P2      Loss
      0.1       ***       ***  2.92e-11  2.92e-11
        1       ***       ***  2.92e-11  2.92e-11
       10       ***       ***  2.93e-11  2.93e-11
      100  2.76e-10 -1.19e-12  2.25e-12  2.77e-10
      O-O  3.02e-10       ***       ***  3.02e-10

Reactant = P2   Temperature = 500 K

   P(atm)        W1        W2        P1      Loss
      0.1       ***       ***  7.61e-22  7.61e-22
        1       ***       ***  7.63e-22  7.63e-22
       10       ***       ***  7.73e-22  7.73e-22
      100       ***       ***  7.87e-22  7.86e-22
      O-O       ***  2.35e-10       ***  2.35e-10

Reactant = P2   Temperature = 600 K

   P(atm)        W1        W2        P1      Loss
      0.1       ***       ***   2.2e-20   2.2e-20
        1       ***       ***   2.2e-20   2.2e-20
       10       ***       ***   2.2e-20   2.2e-20
      100       ***       ***  2.21e-20  2.21e-20
      O-O       ***  2.42e-10       ***  2.42e-10

Reactant = P2   Temperature = 700 K

   P(atm)        W1        W2        P1      Loss
      0.1       ***       ***  2.62e-19  2.62e-19
        1       ***       ***  2.62e-19  2.62e-19
       10       ***       ***  2.62e-19  2.62e-19
      100       ***       ***  2.62e-19  2.62e-19
      O-O       ***  2.48e-10       ***  2.48e-10

Reactant = P2   Temperature = 800 K

   P(atm)        W1        W2        P1      Loss
      0.1       ***       ***  1.79e-18  1.79e-18
        1       ***       ***  1.79e-18  1.79e-18
       10       ***       ***  1.79e-18  1.79e-18
      100       ***       ***  1.79e-18  1.79e-18
      O-O       ***  2.54e-10       ***  2.54e-10

Reactant = P2   Temperature = 900 K

   P(atm)        W1        W2        P1      Loss
      0.1       ***       ***   8.4e-18   8.4e-18
        1       ***       ***   8.4e-18   8.4e-18
       10       ***       ***   8.4e-18   8.4e-18
      100       ***       ***   8.4e-18   8.4e-18
      O-O       ***  2.59e-10       ***  2.59e-10

Reactant = P2   Temperature = 1e+03 K

   P(atm)        W1        W2        P1      Loss
      0.1       ***       ***  2.99e-17  2.99e-17
        1       ***       ***  2.99e-17  2.99e-17
       10       ***       ***  2.99e-17  2.99e-17
      100       ***       ***  2.99e-17  2.99e-17
      O-O       ***  2.63e-10       ***  2.63e-10

Reactant = P2   Temperature = 1.1e+03 K

   P(atm)        W1        W2        P1      Loss
      0.1       ***       ***  8.72e-17  8.72e-17
        1       ***       ***  8.72e-17  8.72e-17
       10       ***       ***  8.72e-17  8.72e-17
      100       ***       ***  8.73e-17  8.73e-17
      O-O       ***  2.68e-10       ***  2.68e-10

Reactant = P2   Temperature = 1.2e+03 K

   P(atm)        W1        W2        P1      Loss
      0.1       ***       ***  2.18e-16  2.18e-16
        1       ***       ***  2.18e-16  2.18e-16
       10       ***       ***  2.18e-16  2.18e-16
      100  5.51e-16       *** -3.06e-16  2.94e-16
      O-O       ***  2.71e-10       ***  2.71e-10

Reactant = P2   Temperature = 1.3e+03 K

   P(atm)        W1        W2        P1      Loss
      0.1       ***       ***  4.81e-16  4.81e-16
        1       ***       ***  4.81e-16  4.81e-16
       10       ***       ***  4.81e-16  4.81e-16
      100  1.33e-15       ***  -7.8e-16  6.96e-16
      O-O       ***  2.75e-10       ***  2.75e-10

Reactant = P2   Temperature = 1.4e+03 K

   P(atm)        W1        W2        P1      Loss
      0.1       ***       ***  9.64e-16  9.64e-16
        1       ***       ***  9.64e-16  9.64e-16
       10       ***       ***  9.64e-16  9.64e-16
      100  2.92e-15       *** -1.78e-15  1.52e-15
      O-O       ***  2.79e-10       ***  2.79e-10

Reactant = P2   Temperature = 1.5e+03 K

   P(atm)        W1        W2        P1      Loss
      0.1       ***       ***  1.79e-15  1.79e-15
        1       ***       ***  1.79e-15  1.79e-15
       10       ***       ***  1.79e-15  1.79e-15
      100  1.31e-15  2.12e-10 -1.61e-15  2.12e-10
      O-O       ***  2.82e-10       ***  2.82e-10

Reactant = P2   Temperature = 1.6e+03 K

   P(atm)        W1        W2        P1      Loss
      0.1       ***       ***   3.1e-15   3.1e-15
        1       ***       ***   3.1e-15   3.1e-15
       10       ***       ***   3.1e-15   3.1e-15
      100  -2.7e-16   2.2e-10 -2.81e-16   2.2e-10
      O-O       ***  2.85e-10       ***  2.85e-10

Reactant = P2   Temperature = 1.7e+03 K

   P(atm)        W1        W2        P1      Loss
      0.1       ***       ***  5.08e-15  5.08e-15
        1       ***       ***  5.08e-15  5.08e-15
       10       ***       ***  5.09e-15  5.09e-15
      100 -9.75e-16  2.28e-10  1.33e-16  2.28e-10
      O-O       ***  2.88e-10       ***  2.88e-10

Reactant = P2   Temperature = 1.8e+03 K

   P(atm)        W1        W2        P1      Loss
      0.1       ***       ***  7.97e-15  7.97e-15
        1       ***       ***  7.97e-15  7.97e-15
       10       ***       ***  7.97e-15  7.97e-15
      100 -1.71e-15  2.34e-10  4.98e-16  2.34e-10
      O-O       ***   2.9e-10       ***   2.9e-10

Reactant = P2   Temperature = 1.9e+03 K

   P(atm)        W1        W2        P1      Loss
      0.1       ***       ***   1.2e-14   1.2e-14
        1       ***       ***   1.2e-14   1.2e-14
       10       ***       ***   1.2e-14   1.2e-14
      100 -2.57e-15   2.4e-10  8.94e-16   2.4e-10
      O-O       ***  2.93e-10       ***  2.93e-10

Reactant = P2   Temperature = 2e+03 K

   P(atm)        W1        W2        P1      Loss
      0.1       ***       ***  1.74e-14  1.74e-14
        1       ***       ***  1.75e-14  1.75e-14
       10       ***       ***  1.75e-14  1.75e-14
      100 -3.58e-15  2.46e-10  1.34e-15  2.46e-10
      O-O       ***  2.96e-10       ***  2.96e-10

______________________________________________________________________________________

Temperature-Species Rate Tables:

Reactant = W1   Pressure = 0.1 atm

   T(K)        W2        P1        P2      Loss   Capture
    500       ***       ***       ***       ***  1.04e+10
    600       ***       ***       ***       ***  1.16e+10
    700       ***       ***       ***       ***  1.18e+10
    800       ***       ***       ***       ***  1.16e+10
    900       ***       ***       ***       ***  1.11e+10
  1e+03       ***       ***       ***       ***  1.04e+10
1.1e+03       ***       ***       ***       ***  9.67e+09
1.2e+03       ***       ***       ***       ***  8.97e+09
1.3e+03       ***       ***       ***       ***   8.3e+09
1.4e+03       ***       ***       ***       ***  7.67e+09
1.5e+03       ***       ***       ***       ***   7.1e+09
1.6e+03       ***       ***       ***       ***  6.58e+09
1.7e+03       ***       ***       ***       ***   6.1e+09
1.8e+03       ***       ***       ***       ***  5.68e+09
1.9e+03       ***       ***       ***       ***  5.29e+09
  2e+03       ***       ***       ***       ***  4.94e+09

Reactant = W1   Pressure = 1 atm

   T(K)        W2        P1        P2      Loss   Capture
    500       ***       ***       ***       ***  1.04e+10
    600       ***       ***       ***       ***  1.16e+10
    700       ***       ***       ***       ***  1.18e+10
    800       ***       ***       ***       ***  1.16e+10
    900       ***       ***       ***       ***  1.11e+10
  1e+03       ***       ***       ***       ***  1.04e+10
1.1e+03       ***       ***       ***       ***  9.67e+09
1.2e+03       ***       ***       ***       ***  8.97e+09
1.3e+03       ***       ***       ***       ***   8.3e+09
1.4e+03       ***       ***       ***       ***  7.67e+09
1.5e+03       ***       ***       ***       ***   7.1e+09
1.6e+03       ***       ***       ***       ***  6.58e+09
1.7e+03       ***       ***       ***       ***   6.1e+09
1.8e+03       ***       ***       ***       ***  5.68e+09
1.9e+03       ***       ***       ***       ***  5.29e+09
  2e+03       ***       ***       ***       ***  4.94e+09

Reactant = W1   Pressure = 10 atm

   T(K)        W2        P1        P2      Loss   Capture
    500       ***       ***       ***       ***  1.04e+10
    600       ***       ***       ***       ***  1.16e+10
    700       ***       ***       ***       ***  1.18e+10
    800       ***       ***       ***       ***  1.16e+10
    900       ***       ***       ***       ***  1.11e+10
  1e+03       ***       ***       ***       ***  1.04e+10
1.1e+03       ***       ***       ***       ***  9.67e+09
1.2e+03       ***       ***       ***       ***  8.97e+09
1.3e+03       ***       ***       ***       ***   8.3e+09
1.4e+03       ***       ***       ***       ***  7.67e+09
1.5e+03       ***       ***       ***       ***   7.1e+09
1.6e+03       ***       ***       ***       ***  6.58e+09
1.7e+03       ***       ***       ***       ***   6.1e+09
1.8e+03       ***       ***       ***       ***  5.68e+09
1.9e+03       ***       ***       ***       ***  5.29e+09
  2e+03       ***       ***       ***       ***  4.94e+09

Reactant = W1   Pressure = 100 atm

   T(K)        W2        P1        P2      Loss   Capture
    500       ***       ***       ***       ***  1.04e+10
    600       ***       ***       ***       ***  1.16e+10
    700       ***       ***       ***       ***  1.18e+10
    800       ***       ***       ***       ***  1.16e+10
    900       ***       ***       ***       ***  1.11e+10
  1e+03       ***       ***       ***       ***  1.04e+10
1.1e+03       ***       ***       ***       ***  9.67e+09
1.2e+03       ***  8.01e+09  1.16e+09  8.43e+09  8.97e+09
1.3e+03       ***  7.38e+09  1.26e+09  7.81e+09   8.3e+09
1.4e+03       ***   6.8e+09  1.37e+09  7.24e+09  7.67e+09
1.5e+03  5.29e+08  6.27e+09 -8.01e+07  6.72e+09   7.1e+09
1.6e+03  5.33e+08  5.78e+09 -7.56e+07  6.24e+09  6.58e+09
1.7e+03  5.37e+08  5.34e+09 -7.12e+07  5.81e+09   6.1e+09
1.8e+03  5.39e+08  4.94e+09  -6.7e+07  5.41e+09  5.68e+09
1.9e+03  5.41e+08  4.57e+09 -6.29e+07  5.05e+09  5.29e+09
  2e+03  5.43e+08  4.24e+09  -5.9e+07  4.72e+09  4.94e+09

Reactant = W2   Pressure = 0.1 atm

   T(K)        W1        P1        P2      Loss   Capture
    500       ***       ***       ***       ***  2.84e+10
    600       ***       ***       ***       ***  2.94e+10
    700       ***       ***       ***       ***  2.82e+10
    800       ***       ***       ***       ***   2.6e+10
    900       ***       ***       ***       ***  2.34e+10
  1e+03       ***       ***       ***       ***  2.09e+10
1.1e+03       ***       ***       ***       ***  1.85e+10
1.2e+03       ***       ***       ***       ***  1.64e+10
1.3e+03       ***       ***       ***       ***  1.46e+10
1.4e+03       ***       ***       ***       ***  1.29e+10
1.5e+03       ***       ***       ***       ***  1.15e+10
1.6e+03       ***       ***       ***       ***  1.03e+10
1.7e+03       ***       ***       ***       ***   9.2e+09
1.8e+03       ***       ***       ***       ***  8.26e+09
1.9e+03       ***       ***       ***       ***  7.44e+09
  2e+03       ***       ***       ***       ***  6.72e+09

Reactant = W2   Pressure = 1 atm

   T(K)        W1        P1        P2      Loss   Capture
    500       ***       ***       ***       ***  2.84e+10
    600       ***       ***       ***       ***  2.94e+10
    700       ***       ***       ***       ***  2.82e+10
    800       ***       ***       ***       ***   2.6e+10
    900       ***       ***       ***       ***  2.34e+10
  1e+03       ***       ***       ***       ***  2.09e+10
1.1e+03       ***       ***       ***       ***  1.85e+10
1.2e+03       ***       ***       ***       ***  1.64e+10
1.3e+03       ***       ***       ***       ***  1.46e+10
1.4e+03       ***       ***       ***       ***  1.29e+10
1.5e+03       ***       ***       ***       ***  1.15e+10
1.6e+03       ***       ***       ***       ***  1.03e+10
1.7e+03       ***       ***       ***       ***   9.2e+09
1.8e+03       ***       ***       ***       ***  8.26e+09
1.9e+03       ***       ***       ***       ***  7.44e+09
  2e+03       ***       ***       ***       ***  6.72e+09

Reactant = W2   Pressure = 10 atm

   T(K)        W1        P1        P2      Loss   Capture
    500       ***       ***       ***       ***  2.84e+10
    600       ***       ***       ***       ***  2.94e+10
    700       ***       ***       ***       ***  2.82e+10
    800       ***       ***       ***       ***   2.6e+10
    900       ***       ***       ***       ***  2.34e+10
  1e+03       ***       ***       ***       ***  2.09e+10
1.1e+03       ***       ***       ***       ***  1.85e+10
1.2e+03       ***       ***       ***       ***  1.64e+10
1.3e+03       ***       ***       ***       ***  1.46e+10
1.4e+03       ***       ***       ***       ***  1.29e+10
1.5e+03       ***       ***       ***       ***  1.15e+10
1.6e+03       ***       ***       ***       ***  1.03e+10
1.7e+03       ***       ***       ***       ***   9.2e+09
1.8e+03       ***       ***       ***       ***  8.26e+09
1.9e+03       ***       ***       ***       ***  7.44e+09
  2e+03       ***       ***       ***       ***  6.72e+09

Reactant = W2   Pressure = 100 atm

   T(K)        W1        P1        P2      Loss   Capture
    500       ***       ***       ***       ***  2.84e+10
    600       ***       ***       ***       ***  2.94e+10
    700       ***       ***       ***       ***  2.82e+10
    800       ***       ***       ***       ***   2.6e+10
    900       ***       ***       ***       ***  2.34e+10
  1e+03       ***       ***       ***       ***  2.09e+10
1.1e+03       ***       ***       ***       ***  1.85e+10
1.2e+03       ***       ***       ***       ***  1.64e+10
1.3e+03       ***       ***       ***       ***  1.46e+10
1.4e+03       ***       ***       ***       ***  1.29e+10
1.5e+03   7.4e+04   3.5e+04  1.02e+10  1.02e+10  1.15e+10
1.6e+03  1.48e+05  1.28e+04  9.12e+09  9.12e+09  1.03e+10
1.7e+03   2.2e+05  8.76e+03   8.2e+09   8.2e+09   9.2e+09
1.8e+03  3.06e+05  6.83e+03   7.4e+09   7.4e+09  8.26e+09
1.9e+03  4.08e+05  5.59e+03   6.7e+09   6.7e+09  7.44e+09
  2e+03  5.28e+05  4.67e+03  6.08e+09  6.08e+09  6.72e+09

Reactant = P1   Pressure = 0.1 atm

   T(K)        W1        W2        P2      Loss   Capture
    500       ***       ***   8.1e-12   8.1e-12   2.4e-10
    600       ***       ***  7.32e-12  7.32e-12  2.47e-10
    700       ***       ***   7.4e-12   7.4e-12  2.54e-10
    800       ***       ***  7.96e-12  7.96e-12   2.6e-10
    900       ***       ***  8.82e-12  8.82e-12  2.65e-10
  1e+03       ***       ***  9.91e-12  9.91e-12  2.69e-10
1.1e+03       ***       ***  1.12e-11  1.12e-11  2.74e-10
1.2e+03       ***       ***  1.26e-11  1.26e-11  2.78e-10
1.3e+03       ***       ***  1.42e-11  1.42e-11  2.81e-10
1.4e+03       ***       ***   1.6e-11   1.6e-11  2.85e-10
1.5e+03       ***       ***  1.79e-11  1.79e-11  2.88e-10
1.6e+03       ***       ***  1.99e-11  1.99e-11  2.91e-10
1.7e+03       ***       ***  2.21e-11  2.21e-11  2.94e-10
1.8e+03       ***       ***  2.43e-11  2.43e-11  2.97e-10
1.9e+03       ***       ***  2.67e-11  2.67e-11     3e-10
  2e+03       ***       ***  2.92e-11  2.92e-11  3.02e-10

Reactant = P1   Pressure = 1 atm

   T(K)        W1        W2        P2      Loss   Capture
    500       ***       ***  8.12e-12  8.12e-12   2.4e-10
    600       ***       ***  7.32e-12  7.32e-12  2.47e-10
    700       ***       ***   7.4e-12   7.4e-12  2.54e-10
    800       ***       ***  7.96e-12  7.96e-12   2.6e-10
    900       ***       ***  8.82e-12  8.82e-12  2.65e-10
  1e+03       ***       ***  9.91e-12  9.91e-12  2.69e-10
1.1e+03       ***       ***  1.12e-11  1.12e-11  2.74e-10
1.2e+03       ***       ***  1.26e-11  1.26e-11  2.78e-10
1.3e+03       ***       ***  1.42e-11  1.42e-11  2.81e-10
1.4e+03       ***       ***   1.6e-11   1.6e-11  2.85e-10
1.5e+03       ***       ***  1.79e-11  1.79e-11  2.88e-10
1.6e+03       ***       ***  1.99e-11  1.99e-11  2.91e-10
1.7e+03       ***       ***  2.21e-11  2.21e-11  2.94e-10
1.8e+03       ***       ***  2.43e-11  2.43e-11  2.97e-10
1.9e+03       ***       ***  2.67e-11  2.67e-11     3e-10
  2e+03       ***       ***  2.92e-11  2.92e-11  3.02e-10

Reactant = P1   Pressure = 10 atm

   T(K)        W1        W2        P2      Loss   Capture
    500       ***       ***  8.22e-12  8.22e-12   2.4e-10
    600       ***       ***  7.33e-12  7.33e-12  2.47e-10
    700       ***       ***  7.41e-12  7.41e-12  2.54e-10
    800       ***       ***  7.96e-12  7.96e-12   2.6e-10
    900       ***       ***  8.82e-12  8.82e-12  2.65e-10
  1e+03       ***       ***  9.91e-12  9.91e-12  2.69e-10
1.1e+03       ***       ***  1.12e-11  1.12e-11  2.74e-10
1.2e+03       ***       ***  1.26e-11  1.26e-11  2.78e-10
1.3e+03       ***       ***  1.43e-11  1.43e-11  2.81e-10
1.4e+03       ***       ***   1.6e-11   1.6e-11  2.85e-10
1.5e+03       ***       ***  1.79e-11  1.79e-11  2.88e-10
1.6e+03       ***       ***  1.99e-11  1.99e-11  2.91e-10
1.7e+03       ***       ***  2.21e-11  2.21e-11  2.94e-10
1.8e+03       ***       ***  2.44e-11  2.44e-11  2.97e-10
1.9e+03       ***       ***  2.68e-11  2.68e-11     3e-10
  2e+03       ***       ***  2.93e-11  2.93e-11  3.02e-10

Reactant = P1   Pressure = 100 atm

   T(K)        W1        W2        P2      Loss   Capture
    500       ***       ***  8.37e-12  8.37e-12   2.4e-10
    600       ***       ***  7.35e-12  7.35e-12  2.47e-10
    700       ***       ***  7.41e-12  7.41e-12  2.54e-10
    800       ***       ***  7.96e-12  7.96e-12   2.6e-10
    900       ***       ***  8.82e-12  8.82e-12  2.65e-10
  1e+03       ***       ***  9.91e-12  9.91e-12  2.69e-10
1.1e+03       ***       ***  1.12e-11  1.12e-11  2.74e-10
1.2e+03  2.21e-10       *** -1.78e-11  2.23e-10  2.78e-10
1.3e+03  2.32e-10       *** -2.31e-11  2.34e-10  2.81e-10
1.4e+03  2.41e-10       *** -2.95e-11  2.43e-10  2.85e-10
1.5e+03  2.49e-10  1.74e-11 -1.61e-11   2.5e-10  2.88e-10
1.6e+03  2.56e-10  3.01e-12 -1.81e-12  2.57e-10  2.91e-10
1.7e+03  2.62e-10  5.72e-13  5.77e-13  2.63e-10  2.94e-10
1.8e+03  2.67e-10 -4.09e-13  1.52e-12  2.68e-10  2.97e-10
1.9e+03  2.72e-10 -9.08e-13  1.99e-12  2.73e-10     3e-10
  2e+03  2.76e-10 -1.19e-12  2.25e-12  2.77e-10  3.02e-10

Reactant = P2   Pressure = 0.1 atm

   T(K)        W1        W2        P1      Loss   Capture
    500       ***       ***  7.61e-22  7.61e-22  2.35e-10
    600       ***       ***   2.2e-20   2.2e-20  2.42e-10
    700       ***       ***  2.62e-19  2.62e-19  2.48e-10
    800       ***       ***  1.79e-18  1.79e-18  2.54e-10
    900       ***       ***   8.4e-18   8.4e-18  2.59e-10
  1e+03       ***       ***  2.99e-17  2.99e-17  2.63e-10
1.1e+03       ***       ***  8.72e-17  8.72e-17  2.68e-10
1.2e+03       ***       ***  2.18e-16  2.18e-16  2.71e-10
1.3e+03       ***       ***  4.81e-16  4.81e-16  2.75e-10
1.4e+03       ***       ***  9.64e-16  9.64e-16  2.79e-10
1.5e+03       ***       ***  1.79e-15  1.79e-15  2.82e-10
1.6e+03       ***       ***   3.1e-15   3.1e-15  2.85e-10
1.7e+03       ***       ***  5.08e-15  5.08e-15  2.88e-10
1.8e+03       ***       ***  7.97e-15  7.97e-15   2.9e-10
1.9e+03       ***       ***   1.2e-14   1.2e-14  2.93e-10
  2e+03       ***       ***  1.74e-14  1.74e-14  2.96e-10

Reactant = P2   Pressure = 1 atm

   T(K)        W1        W2        P1      Loss   Capture
    500       ***       ***  7.63e-22  7.63e-22  2.35e-10
    600       ***       ***   2.2e-20   2.2e-20  2.42e-10
    700       ***       ***  2.62e-19  2.62e-19  2.48e-10
    800       ***       ***  1.79e-18  1.79e-18  2.54e-10
    900       ***       ***   8.4e-18   8.4e-18  2.59e-10
  1e+03       ***       ***  2.99e-17  2.99e-17  2.63e-10
1.1e+03       ***       ***  8.72e-17  8.72e-17  2.68e-10
1.2e+03       ***       ***  2.18e-16  2.18e-16  2.71e-10
1.3e+03       ***       ***  4.81e-16  4.81e-16  2.75e-10
1.4e+03       ***       ***  9.64e-16  9.64e-16  2.79e-10
1.5e+03       ***       ***  1.79e-15  1.79e-15  2.82e-10
1.6e+03       ***       ***   3.1e-15   3.1e-15  2.85e-10
1.7e+03       ***       ***  5.08e-15  5.08e-15  2.88e-10
1.8e+03       ***       ***  7.97e-15  7.97e-15   2.9e-10
1.9e+03       ***       ***   1.2e-14   1.2e-14  2.93e-10
  2e+03       ***       ***  1.75e-14  1.75e-14  2.96e-10

Reactant = P2   Pressure = 10 atm

   T(K)        W1        W2        P1      Loss   Capture
    500       ***       ***  7.73e-22  7.73e-22  2.35e-10
    600       ***       ***   2.2e-20   2.2e-20  2.42e-10
    700       ***       ***  2.62e-19  2.62e-19  2.48e-10
    800       ***       ***  1.79e-18  1.79e-18  2.54e-10
    900       ***       ***   8.4e-18   8.4e-18  2.59e-10
  1e+03       ***       ***  2.99e-17  2.99e-17  2.63e-10
1.1e+03       ***       ***  8.72e-17  8.72e-17  2.68e-10
1.2e+03       ***       ***  2.18e-16  2.18e-16  2.71e-10
1.3e+03       ***       ***  4.81e-16  4.81e-16  2.75e-10
1.4e+03       ***       ***  9.64e-16  9.64e-16  2.79e-10
1.5e+03       ***       ***  1.79e-15  1.79e-15  2.82e-10
1.6e+03       ***       ***   3.1e-15   3.1e-15  2.85e-10
1.7e+03       ***       ***  5.09e-15  5.09e-15  2.88e-10
1.8e+03       ***       ***  7.97e-15  7.97e-15   2.9e-10
1.9e+03       ***       ***   1.2e-14   1.2e-14  2.93e-10
  2e+03       ***       ***  1.75e-14  1.75e-14  2.96e-10

Reactant = P2   Pressure = 100 atm

   T(K)        W1        W2        P1      Loss   Capture
    500       ***       ***  7.87e-22  7.86e-22  2.35e-10
    600       ***       ***  2.21e-20  2.21e-20  2.42e-10
    700       ***       ***  2.62e-19  2.62e-19  2.48e-10
    800       ***       ***  1.79e-18  1.79e-18  2.54e-10
    900       ***       ***   8.4e-18   8.4e-18  2.59e-10
  1e+03       ***       ***  2.99e-17  2.99e-17  2.63e-10
1.1e+03       ***       ***  8.73e-17  8.73e-17  2.68e-10
1.2e+03  5.51e-16       *** -3.06e-16  2.94e-16  2.71e-10
1.3e+03  1.33e-15       ***  -7.8e-16  6.96e-16  2.75e-10
1.4e+03  2.92e-15       *** -1.78e-15  1.52e-15  2.79e-10
1.5e+03  1.31e-15  2.12e-10 -1.61e-15  2.12e-10  2.82e-10
1.6e+03  -2.7e-16   2.2e-10 -2.81e-16   2.2e-10  2.85e-10
1.7e+03 -9.75e-16  2.28e-10  1.33e-16  2.28e-10  2.88e-10
1.8e+03 -1.71e-15  2.34e-10  4.98e-16  2.34e-10   2.9e-10
1.9e+03 -2.57e-15   2.4e-10  8.94e-16   2.4e-10  2.93e-10
  2e+03 -3.58e-15  2.46e-10  1.34e-15  2.46e-10  2.96e-10

______________________________________________________________________________________

Temperature-Pressure Rate Tables:

W1->W2

P\T           500       600       700       800       900     1e+03   1.1e+03   1.2e+03   1.3e+03   1.4e+03   1.5e+03   1.6e+03   1.7e+03   1.8e+03   1.9e+03     2e+03
0.1           ***       ***       ***       ***       ***       ***       ***       ***       ***       ***       ***       ***       ***       ***       ***       ***
1             ***       ***       ***       ***       ***       ***       ***       ***       ***       ***       ***       ***       ***       ***       ***       ***
10            ***       ***       ***       ***       ***       ***       ***       ***       ***       ***       ***       ***       ***       ***       ***       ***
100           ***       ***       ***       ***       ***       ***       ***       ***       ***       ***  5.29e+08  5.33e+08  5.37e+08  5.39e+08  5.41e+08  5.43e+08
O-O      3.65e+08  3.45e+08  3.46e+08  3.56e+08  3.69e+08  3.83e+08  3.97e+08   4.1e+08  4.22e+08  4.33e+08  4.44e+08  4.53e+08  4.61e+08  4.69e+08  4.75e+08  4.81e+08

W1->P1

P\T           500       600       700       800       900     1e+03   1.1e+03   1.2e+03   1.3e+03   1.4e+03   1.5e+03   1.6e+03   1.7e+03   1.8e+03   1.9e+03     2e+03
0.1           ***       ***       ***       ***       ***       ***       ***       ***       ***       ***       ***       ***       ***       ***       ***       ***
1             ***       ***       ***       ***       ***       ***       ***       ***       ***       ***       ***       ***       ***       ***       ***       ***
10            ***       ***       ***       ***       ***       ***       ***       ***       ***       ***       ***       ***       ***       ***       ***       ***
100           ***       ***       ***       ***       ***       ***       ***  8.01e+09  7.38e+09   6.8e+09  6.27e+09  5.78e+09  5.34e+09  4.94e+09  4.57e+09  4.24e+09
O-O         1e+10  1.12e+10  1.15e+10  1.12e+10  1.07e+10     1e+10  9.28e+09  8.56e+09  7.88e+09  7.24e+09  6.66e+09  6.13e+09  5.64e+09  5.21e+09  4.81e+09  4.45e+09

W1->P2

P\T           500       600       700       800       900     1e+03   1.1e+03   1.2e+03   1.3e+03   1.4e+03   1.5e+03   1.6e+03   1.7e+03   1.8e+03   1.9e+03     2e+03
0.1           ***       ***       ***       ***       ***       ***       ***       ***       ***       ***       ***       ***       ***       ***       ***       ***
1             ***       ***       ***       ***       ***       ***       ***       ***       ***       ***       ***       ***       ***       ***       ***       ***
10            ***       ***       ***       ***       ***       ***       ***       ***       ***       ***       ***       ***       ***       ***       ***       ***
100           ***       ***       ***       ***       ***       ***       ***  1.16e+09  1.26e+09  1.37e+09 -8.01e+07 -7.56e+07 -7.12e+07  -6.7e+07 -6.29e+07  -5.9e+07
O-O           ***       ***       ***       ***       ***       ***       ***       ***       ***       ***       ***       ***       ***       ***       ***       ***

W2->W1

P\T           500       600       700       800       900     1e+03   1.1e+03   1.2e+03   1.3e+03   1.4e+03   1.5e+03   1.6e+03   1.7e+03   1.8e+03   1.9e+03     2e+03
0.1           ***       ***       ***       ***       ***       ***       ***       ***       ***       ***       ***       ***       ***       ***       ***       ***
1             ***       ***       ***       ***       ***       ***       ***       ***       ***       ***       ***       ***       ***       ***       ***       ***
10            ***       ***       ***       ***       ***       ***       ***       ***       ***       ***       ***       ***       ***       ***       ***       ***
100           ***       ***       ***       ***       ***       ***       ***       ***       ***       ***   7.4e+04  1.48e+05   2.2e+05  3.06e+05  4.08e+05  5.28e+05
O-O        0.0995      2.77      30.8       190       788  2.47e+03  6.33e+03  1.39e+04   2.7e+04  4.77e+04  7.83e+04  1.21e+05  1.77e+05  2.49e+05  3.38e+05  4.44e+05

W2->P1

P\T           500       600       700       800       900     1e+03   1.1e+03   1.2e+03   1.3e+03   1.4e+03   1.5e+03   1.6e+03   1.7e+03   1.8e+03   1.9e+03     2e+03
0.1           ***       ***       ***       ***       ***       ***       ***       ***       ***       ***       ***       ***       ***       ***       ***       ***
1             ***       ***       ***       ***       ***       ***       ***       ***       ***       ***       ***       ***       ***       ***       ***       ***
10            ***       ***       ***       ***       ***       ***       ***       ***       ***       ***       ***       ***       ***       ***       ***       ***
100           ***       ***       ***       ***       ***       ***       ***       ***       ***       ***   3.5e+04  1.28e+04  8.76e+03  6.83e+03  5.59e+03  4.67e+03
O-O           ***       ***       ***       ***       ***       ***       ***       ***       ***       ***       ***       ***       ***       ***       ***       ***

W2->P2

P\T           500       600       700       800       900     1e+03   1.1e+03   1.2e+03   1.3e+03   1.4e+03   1.5e+03   1.6e+03   1.7e+03   1.8e+03   1.9e+03     2e+03
0.1           ***       ***       ***       ***       ***       ***       ***       ***       ***       ***       ***       ***       ***       ***       ***       ***
1             ***       ***       ***       ***       ***       ***       ***       ***       ***       ***       ***       ***       ***       ***       ***       ***
10            ***       ***       ***       ***       ***       ***       ***       ***       ***       ***       ***       ***       ***       ***       ***       ***
100           ***       ***       ***       ***       ***       ***       ***       ***       ***       ***  1.02e+10  9.12e+09   8.2e+09   7.4e+09   6.7e+09  6.08e+09
O-O      2.84e+10  2.94e+10  2.82e+10   2.6e+10  2.34e+10  2.09e+10  1.85e+10  1.64e+10  1.46e+10  1.29e+10  1.15e+10  1.03e+10   9.2e+09  8.26e+09  7.44e+09  6.72e+09

P1->W1

P\T           500       600       700       800       900     1e+03   1.1e+03   1.2e+03   1.3e+03   1.4e+03   1.5e+03   1.6e+03   1.7e+03   1.8e+03   1.9e+03     2e+03
0.1           ***       ***       ***       ***       ***       ***       ***       ***       ***       ***       ***       ***       ***       ***       ***       ***
1             ***       ***       ***       ***       ***       ***       ***       ***       ***       ***       ***       ***       ***       ***       ***       ***
10            ***       ***       ***       ***       ***       ***       ***       ***       ***       ***       ***       ***       ***       ***       ***       ***
100           ***       ***       ***       ***       ***       ***       ***  2.21e-10  2.32e-10  2.41e-10  2.49e-10  2.56e-10  2.62e-10  2.67e-10  2.72e-10  2.76e-10
O-O       2.4e-10  2.47e-10  2.54e-10   2.6e-10  2.65e-10  2.69e-10  2.74e-10  2.78e-10  2.81e-10  2.85e-10  2.88e-10  2.91e-10  2.94e-10  2.97e-10     3e-10  3.02e-10

P1->W2

P\T           500       600       700       800       900     1e+03   1.1e+03   1.2e+03   1.3e+03   1.4e+03   1.5e+03   1.6e+03   1.7e+03   1.8e+03   1.9e+03     2e+03
0.1           ***       ***       ***       ***       ***       ***       ***       ***       ***       ***       ***       ***       ***       ***       ***       ***
1             ***       ***       ***       ***       ***       ***       ***       ***       ***       ***       ***       ***       ***       ***       ***       ***
10            ***       ***       ***       ***       ***       ***       ***       ***       ***       ***       ***       ***       ***       ***       ***       ***
100           ***       ***       ***       ***       ***       ***       ***       ***       ***       ***  1.74e-11  3.01e-12  5.72e-13 -4.09e-13 -9.08e-13 -1.19e-12
O-O           ***       ***       ***       ***       ***       ***       ***       ***       ***       ***       ***       ***       ***       ***       ***       ***

P1->P2

P\T           500       600       700       800       900     1e+03   1.1e+03   1.2e+03   1.3e+03   1.4e+03   1.5e+03   1.6e+03   1.7e+03   1.8e+03   1.9e+03     2e+03
0.1       8.1e-12  7.32e-12   7.4e-12  7.96e-12  8.82e-12  9.91e-12  1.12e-11  1.26e-11  1.42e-11   1.6e-11  1.79e-11  1.99e-11  2.21e-11  2.43e-11  2.67e-11  2.92e-11
1        8.12e-12  7.32e-12   7.4e-12  7.96e-12  8.82e-12  9.91e-12  1.12e-11  1.26e-11  1.42e-11   1.6e-11  1.79e-11  1.99e-11  2.21e-11  2.43e-11  2.67e-11  2.92e-11
10       8.22e-12  7.33e-12  7.41e-12  7.96e-12  8.82e-12  9.91e-12  1.12e-11  1.26e-11  1.43e-11   1.6e-11  1.79e-11  1.99e-11  2.21e-11  2.44e-11  2.68e-11  2.93e-11
100      8.37e-12  7.35e-12  7.41e-12  7.96e-12  8.82e-12  9.91e-12  1.12e-11 -1.78e-11 -2.31e-11 -2.95e-11 -1.61e-11 -1.81e-12  5.77e-13  1.52e-12  1.99e-12  2.25e-12
O-O           ***       ***       ***       ***       ***       ***       ***       ***       ***       ***       ***       ***       ***       ***       ***       ***

P2->W1

P\T           500       600       700       800       900     1e+03   1.1e+03   1.2e+03   1.3e+03   1.4e+03   1.5e+03   1.6e+03   1.7e+03   1.8e+03   1.9e+03     2e+03
0.1           ***       ***       ***       ***       ***       ***       ***       ***       ***       ***       ***       ***       ***       ***       ***       ***
1             ***       ***       ***       ***       ***       ***       ***       ***       ***       ***       ***       ***       ***       ***       ***       ***
10            ***       ***       ***       ***       ***       ***       ***       ***       ***       ***       ***       ***       ***       ***       ***       ***
100           ***       ***       ***       ***       ***       ***       ***  5.51e-16  1.33e-15  2.92e-15  1.31e-15  -2.7e-16 -9.75e-16 -1.71e-15 -2.57e-15 -3.58e-15
O-O           ***       ***       ***       ***       ***       ***       ***       ***       ***       ***       ***       ***       ***       ***       ***       ***

P2->W2

P\T           500       600       700       800       900     1e+03   1.1e+03   1.2e+03   1.3e+03   1.4e+03   1.5e+03   1.6e+03   1.7e+03   1.8e+03   1.9e+03     2e+03
0.1           ***       ***       ***       ***       ***       ***       ***       ***       ***       ***       ***       ***       ***       ***       ***       ***
1             ***       ***       ***       ***       ***       ***       ***       ***       ***       ***       ***       ***       ***       ***       ***       ***
10            ***       ***       ***       ***       ***       ***       ***       ***       ***       ***       ***       ***       ***       ***       ***       ***
100           ***       ***       ***       ***       ***       ***       ***       ***       ***       ***  2.12e-10   2.2e-10  2.28e-10  2.34e-10   2.4e-10  2.46e-10
O-O      2.35e-10  2.42e-10  2.48e-10  2.54e-10  2.59e-10  2.63e-10  2.68e-10  2.71e-10  2.75e-10  2.79e-10  2.82e-10  2.85e-10  2.88e-10   2.9e-10  2.93e-10  2.96e-10

P2->P1

P\T           500       600       700       800       900     1e+03   1.1e+03   1.2e+03   1.3e+03   1.4e+03   1.5e+03   1.6e+03   1.7e+03   1.8e+03   1.9e+03     2e+03
0.1      7.61e-22   2.2e-20  2.62e-19  1.79e-18   8.4e-18  2.99e-17  8.72e-17  2.18e-16  4.81e-16  9.64e-16  1.79e-15   3.1e-15  5.08e-15  7.97e-15   1.2e-14  1.74e-14
1        7.63e-22   2.2e-20  2.62e-19  1.79e-18   8.4e-18  2.99e-17  8.72e-17  2.18e-16  4.81e-16  9.64e-16  1.79e-15   3.1e-15  5.08e-15  7.97e-15   1.2e-14  1.75e-14
10       7.73e-22   2.2e-20  2.62e-19  1.79e-18   8.4e-18  2.99e-17  8.72e-17  2.18e-16  4.81e-16  9.64e-16  1.79e-15   3.1e-15  5.09e-15  7.97e-15   1.2e-14  1.75e-14
100      7.87e-22  2.21e-20  2.62e-19  1.79e-18   8.4e-18  2.99e-17  8.73e-17 -3.06e-16  -7.8e-16 -1.78e-15 -1.61e-15 -2.81e-16  1.33e-16  4.98e-16  8.94e-16  1.34e-15
O-O           ***       ***       ***       ***       ***       ***       ***       ***       ***       ***       ***       ***       ***       ***       ***       ***

W1-> 

P\T           500       600       700       800       900     1e+03   1.1e+03   1.2e+03   1.3e+03   1.4e+03   1.5e+03   1.6e+03   1.7e+03   1.8e+03   1.9e+03     2e+03
0.1           ***       ***       ***       ***       ***       ***       ***       ***       ***       ***       ***       ***       ***       ***       ***       ***
1             ***       ***       ***       ***       ***       ***       ***       ***       ***       ***       ***       ***       ***       ***       ***       ***
10            ***       ***       ***       ***       ***       ***       ***       ***       ***       ***       ***       ***       ***       ***       ***       ***
100           ***       ***       ***       ***       ***       ***       ***  8.43e+09  7.81e+09  7.24e+09  6.72e+09  6.24e+09  5.81e+09  5.41e+09  5.05e+09  4.72e+09
O-O      1.04e+10  1.16e+10  1.18e+10  1.16e+10  1.11e+10  1.04e+10  9.67e+09  8.97e+09   8.3e+09  7.67e+09   7.1e+09  6.58e+09   6.1e+09  5.68e+09  5.29e+09  4.94e+09

W2-> 

P\T           500       600       700       800       900     1e+03   1.1e+03   1.2e+03   1.3e+03   1.4e+03   1.5e+03   1.6e+03   1.7e+03   1.8e+03   1.9e+03     2e+03
0.1           ***       ***       ***       ***       ***       ***       ***       ***       ***       ***       ***       ***       ***       ***       ***       ***
1             ***       ***       ***       ***       ***       ***       ***       ***       ***       ***       ***       ***       ***       ***       ***       ***
10            ***       ***       ***       ***       ***       ***       ***       ***       ***       ***       ***       ***       ***       ***       ***       ***
100           ***       ***       ***       ***       ***       ***       ***       ***       ***       ***  1.02e+10  9.12e+09   8.2e+09   7.4e+09   6.7e+09  6.08e+09
O-O      2.84e+10  2.94e+10  2.82e+10   2.6e+10  2.34e+10  2.09e+10  1.85e+10  1.64e+10  1.46e+10  1.29e+10  1.15e+10  1.03e+10   9.2e+09  8.26e+09  7.44e+09  6.72e+09

P1-> 

P\T           500       600       700       800       900     1e+03   1.1e+03   1.2e+03   1.3e+03   1.4e+03   1.5e+03   1.6e+03   1.7e+03   1.8e+03   1.9e+03     2e+03
0.1       8.1e-12  7.32e-12   7.4e-12  7.96e-12  8.82e-12  9.91e-12  1.12e-11  1.26e-11  1.42e-11   1.6e-11  1.79e-11  1.99e-11  2.21e-11  2.43e-11  2.67e-11  2.92e-11
1        8.12e-12  7.32e-12   7.4e-12  7.96e-12  8.82e-12  9.91e-12  1.12e-11  1.26e-11  1.42e-11   1.6e-11  1.79e-11  1.99e-11  2.21e-11  2.43e-11  2.67e-11  2.92e-11
10       8.22e-12  7.33e-12  7.41e-12  7.96e-12  8.82e-12  9.91e-12  1.12e-11  1.26e-11  1.43e-11   1.6e-11  1.79e-11  1.99e-11  2.21e-11  2.44e-11  2.68e-11  2.93e-11
100      8.37e-12  7.35e-12  7.41e-12  7.96e-12  8.82e-12  9.91e-12  1.12e-11  2.23e-10  2.34e-10  2.43e-10   2.5e-10  2.57e-10  2.63e-10  2.68e-10  2.73e-10  2.77e-10
O-O       2.4e-10  2.47e-10  2.54e-10   2.6e-10  2.65e-10  2.69e-10  2.74e-10  2.78e-10  2.81e-10  2.85e-10  2.88e-10  2.91e-10  2.94e-10  2.97e-10     3e-10  3.02e-10

P2-> 

P\T           500       600       700       800       900     1e+03   1.1e+03   1.2e+03   1.3e+03   1.4e+03   1.5e+03   1.6e+03   1.7e+03   1.8e+03   1.9e+03     2e+03
0.1      7.61e-22   2.2e-20  2.62e-19  1.79e-18   8.4e-18  2.99e-17  8.72e-17  2.18e-16  4.81e-16  9.64e-16  1.79e-15   3.1e-15  5.08e-15  7.97e-15   1.2e-14  1.74e-14
1        7.63e-22   2.2e-20  2.62e-19  1.79e-18   8.4e-18  2.99e-17  8.72e-17  2.18e-16  4.81e-16  9.64e-16  1.79e-15   3.1e-15  5.08e-15  7.97e-15   1.2e-14  1.75e-14
10       7.73e-22   2.2e-20  2.62e-19  1.79e-18   8.4e-18  2.99e-17  8.72e-17  2.18e-16  4.81e-16  9.64e-16  1.79e-15   3.1e-15  5.09e-15  7.97e-15   1.2e-14  1.75e-14
100      7.86e-22  2.21e-20  2.62e-19  1.79e-18   8.4e-18  2.99e-17  8.73e-17  2.94e-16  6.96e-16  1.52e-15  2.12e-10   2.2e-10  2.28e-10  2.34e-10   2.4e-10  2.46e-10
O-O      2.35e-10  2.42e-10  2.48e-10  2.54e-10  2.59e-10  2.63e-10  2.68e-10  2.71e-10  2.75e-10  2.79e-10  2.82e-10  2.85e-10  2.88e-10   2.9e-10  2.93e-10  2.96e-10

