Wells (G - ground energy, D - dissociation limit, kcal/mol):
                             W         G         D
                     C5H9(553)         0      35.2
                     C5H9(536)      17.3      35.2
      FakeW-C2H4(52)+C3H5(122)      22.8      25.8

Bimolecular Products (G - ground energy, kcal/mol):
                       P         G
      C2H4(52)+C3H5(122)      25.8

Well-to-Bimolecular Barriers (H/G - barrier height/well depth, kcal/mol)
                             B         H                        W         G                  P
      FakeB-C2H4(52)+C3H5(122)      25.8 FakeW-C2H4(52)+C3H5(122)      22.8 C2H4(52)+C3H5(122)

Well-to-Well Barriers (H/G - barrier height/well depth, kcal/mol):
           B         H                       W1        G1                       W2        G2
      ts_4_1      35.2                C5H9(553)         0                C5H9(536)      17.3
      ts_4_2      40.1                C5H9(536)      17.3 FakeW-C2H4(52)+C3H5(122)      22.8

Bound Groups: dissociation barrier (name/ground energy, kcal/mol): wells (name/ground energy, kcal/mol):
     C1/25.8:  FakeW-C2H4(52)+C3H5(122)/22.8

     B2/40.1:  C5H9(553)/0  C5H9(536)/17.3

________________________________________________________________________________________

Names Translation Tables (<short name> - <original name>):
Wells:
   W1 - C5H9(553)
   W2 - C5H9(536)
   W3 - FakeW-C2H4(52)+C3H5(122)
Bimolecular products:
   P1 - C2H4(52)+C3H5(122)
Inner Barriers:
   B1 - ts_4_1
   B2 - ts_4_2
Outer Barriers:
   C1 - FakeB-C2H4(52)+C3H5(122)
Unimolecular Rate Units: 1/sec;  Bimolecular Rate Units: cm^3/sec

______________________________________________________________________________________

Species-Species Rate Tables:

Temperature = 300 K

High Pressure Rate Coefficients:

From\To         W1        W2        W3        P1
W1             ***  4.78e-13       ***       ***
W2         0.00719       ***  4.82e-05       ***
W3             ***   0.00248       ***  7.34e+10
P1             ***       ***  2.03e-10       ***

Temperature = 300 K    Pressure = 0.1 atm

From\To         W1        W2        W3        P1
W1        1.39e-06 -1.78e-17  2.75e-17  1.42e-13
W2       -2.68e-07   0.00722  8.09e-11  4.81e-05
W3       -1.16e-20 -5.13e-16  5.26e+08  5.26e+08
P1        3.05e-22  6.86e-24  1.45e-12  1.45e-12

Temperature = 300 K    Pressure = 1 atm

From\To         W1        W2        W3        P1
W1       -9.75e-06  4.77e-13  3.21e-17     2e-13
W2         0.00717   0.00723  3.51e-10  4.85e-05
W3       -1.37e-19 -2.09e-14  2.87e+09  2.87e+09
P1        4.29e-22  6.92e-24  7.95e-12  7.95e-12

Temperature = 300 K    Pressure = 10 atm

From\To         W1        W2        W3        P1
W1       -1.88e-05 -9.37e-19  8.49e-17   2.2e-12
W2       -1.41e-08   0.00721  1.39e-09   4.8e-05
W3       -6.83e-18 -4.75e-12  1.21e+10  1.21e+10
P1        4.73e-21  6.85e-24  3.35e-11  3.35e-11

Temperature = 300 K    Pressure = 100 atm

From\To         W1        W2        W3        P1
W1        9.28e-05  1.15e-10 -1.77e-18 -1.38e-13
W2            1.72   0.00709  7.06e-07  4.73e-05
W3        2.73e-11  3.62e-05   3.8e+10   3.8e+10
P1       -2.97e-22  6.75e-24  1.05e-10  1.05e-10

Temperature = 400 K

High Pressure Rate Coefficients:

From\To         W1        W2        W3        P1
W1             ***  1.25e-06       ***       ***
W2            6.66       ***     0.599       ***
W3             ***      1.87       ***  1.29e+11
P1             ***       ***  2.13e-10       ***

Temperature = 400 K    Pressure = 0.1 atm

From\To         W1        W2        W3        P1
W1        7.24e-07  1.24e-06 -6.52e-14  2.17e-10
W2            6.64      7.23  4.25e-06     0.592
W3       -5.32e-15 -2.32e-11  2.48e+09  2.48e+09
P1        5.97e-24  3.05e-21  4.08e-12  4.08e-12

Temperature = 400 K    Pressure = 1 atm

From\To         W1        W2        W3        P1
W1       -3.73e-06  1.24e-06 -2.02e-14 -1.92e-09
W2            6.65      7.25  1.73e-05     0.596
W3        2.31e-12  4.81e-08     1e+10     1e+10
P1       -5.28e-23  3.07e-21  1.65e-11  1.65e-11

Temperature = 400 K    Pressure = 10 atm

From\To         W1        W2        W3        P1
W1        9.22e-06  1.25e-06 -1.96e-14  3.53e-11
W2            6.65      7.25  5.26e-05     0.597
W3        8.59e-11  1.03e-05  2.87e+10  2.87e+10
P1        9.69e-25  3.07e-21  4.74e-11  4.74e-11

Temperature = 400 K    Pressure = 100 atm

From\To         W1        W2        W3        P1
W1        0.000126  1.25e-06   3.3e-16 -7.18e-11
W2            6.65      7.25   0.00579     0.591
W3        4.11e-08    0.0177  6.46e+10  6.46e+10
P1       -1.97e-24  3.04e-21  1.07e-10  1.07e-10

Temperature = 500 K

High Pressure Rate Coefficients:

From\To         W1        W2        W3        P1
W1             ***   0.00979       ***       ***
W2             416       ***       192       ***
W3             ***       102       ***  1.57e+11
P1             ***       ***  2.21e-10       ***

Temperature = 500 K    Pressure = 0.1 atm

From\To         W1        W2        W3        P1
W1         0.00966   0.00962  9.54e-10  4.29e-05
W2             409       591    0.0037       182
W3        5.69e-10  3.49e-07  6.05e+09  6.05e+09
P1        1.36e-21  1.36e-19  8.43e-12  8.43e-12

Temperature = 500 K    Pressure = 1 atm

From\To         W1        W2        W3        P1
W1         0.00976   0.00976  3.89e-10  5.44e-06
W2             415       605    0.0118       190
W3        3.63e-09  1.58e-05  1.83e+10  1.83e+10
P1        1.72e-22  1.42e-19  2.57e-11  2.57e-11

Temperature = 500 K    Pressure = 10 atm

From\To         W1        W2        W3        P1
W1         0.00977   0.00977  1.13e-10  5.73e-07
W2             415       606    0.0271       191
W3       -1.15e-09 -2.36e-05  4.21e+10  4.21e+10
P1        1.82e-23  1.43e-19  5.92e-11  5.92e-11

Temperature = 500 K    Pressure = 100 atm

From\To         W1        W2        W3        P1
W1         0.00972   0.00978  2.74e-10  5.47e-08
W2             415       607      1.92       189
W3        5.39e-06     0.993  8.01e+10  8.01e+10
P1        1.74e-24  1.41e-19  1.13e-10  1.13e-10

Temperature = 600 K

High Pressure Rate Coefficients:

From\To         W1        W2        W3        P1
W1             ***      4.06       ***       ***
W2        6.73e+03       ***  9.55e+03       ***
W3             ***  1.46e+03       ***  1.63e+11
P1             ***       ***  2.28e-10       ***

Temperature = 600 K    Pressure = 0.1 atm

From\To         W1        W2        W3        P1
W1            3.83      3.72  4.55e-06     0.111
W2        6.17e+03  1.41e+04       0.3  7.93e+03
W3        1.04e-07  2.28e-05  9.87e+09  9.87e+09
P1        3.94e-20   1.7e-18  1.36e-11  1.36e-11

Temperature = 600 K    Pressure = 1 atm

From\To         W1        W2        W3        P1
W1            4.02         4  2.19e-06    0.0202
W2        6.64e+03  1.59e+04     0.885  9.24e+03
W3       -4.78e-08 -0.000126  2.45e+10  2.45e+10
P1        7.19e-21  1.98e-18  3.41e-11  3.41e-11

Temperature = 600 K    Pressure = 10 atm

From\To         W1        W2        W3        P1
W1            4.05      4.05  5.57e-07   0.00233
W2        6.71e+03  1.62e+04       2.5  9.49e+03
W3        7.17e-06       0.1  4.96e+10  4.96e+10
P1        8.29e-22  2.03e-18  6.93e-11  6.93e-11

Temperature = 600 K    Pressure = 100 atm

From\To         W1        W2        W3        P1
W1            4.05      4.05  1.25e-06  0.000236
W2        6.72e+03  1.62e+04       127  9.39e+03
W3        0.000294        19  8.58e+10  8.58e+10
P1         8.4e-23  2.01e-18   1.2e-10   1.2e-10

Temperature = 700 K

High Pressure Rate Coefficients:

From\To         W1        W2        W3        P1
W1             ***       309       ***       ***
W2        5.04e+04       ***  1.62e+05       ***
W3             ***  9.77e+03       ***  1.56e+11
P1             ***       ***  2.34e-10       ***

Temperature = 700 K    Pressure = 0.1 atm

From\To         W1        W2        W3        P1
W1             255       230   0.00155      25.6
W2        3.75e+04  1.38e+05      5.73  1.01e+05
W3        8.16e-06  0.000741  1.32e+10  1.32e+10
P1        3.78e-19  9.11e-18  1.93e-11  1.93e-11

Temperature = 700 K    Pressure = 1 atm

From\To         W1        W2        W3        P1
W1             298       290    0.0011      7.59
W2        4.74e+04  1.93e+05      19.5  1.46e+05
W3        5.15e-05    0.0407  2.86e+10  2.86e+10
P1        1.12e-19  1.32e-17  4.27e-11  4.27e-11

Temperature = 700 K    Pressure = 10 atm

From\To         W1        W2        W3        P1
W1             307       306  0.000352       1.1
W2        4.99e+04  2.09e+05      83.2  1.59e+05
W3        0.000444      2.69  5.32e+10  5.32e+10
P1        1.62e-20  1.44e-17  7.95e-11  7.95e-11

Temperature = 700 K    Pressure = 100 atm

From\To         W1        W2        W3        P1
W1             308       308   0.00087     0.116
W2        5.03e+04  2.11e+05  3.34e+03  1.58e+05
W3         0.00808       198  8.61e+10  8.61e+10
P1        1.71e-21  1.43e-17  1.29e-10  1.29e-10

Temperature = 800 K

High Pressure Rate Coefficients:

From\To         W1        W2        W3        P1
W1             ***  8.07e+03       ***       ***
W2        2.33e+05       ***  1.39e+06       ***
W3             ***  4.04e+04       ***  1.44e+11
P1             ***       ***  2.39e-10       ***

Temperature = 800 K    Pressure = 0.1 atm

From\To         W1        W2        W3        P1
W1        5.17e+03  4.02e+03    0.0769  1.15e+03
W2        1.16e+05  6.57e+05      35.6  5.41e+05
W3          0.0004    0.0305  1.36e+10  1.36e+10
P1        1.61e-18  2.62e-17   2.2e-11   2.2e-11

Temperature = 800 K    Pressure = 1 atm

From\To         W1        W2        W3        P1
W1        7.23e+03  6.64e+03    0.0934       587
W2        1.91e+05  1.25e+06       197  1.06e+06
W3         0.00289       1.4  2.78e+10  2.78e+10
P1         8.2e-19  5.12e-17   4.6e-11   4.6e-11

Temperature = 800 K    Pressure = 10 atm

From\To         W1        W2        W3        P1
W1        7.93e+03  7.81e+03    0.0536       120
W2        2.25e+05  1.55e+06  1.81e+03  1.32e+06
W3          0.0151      42.6  4.99e+10  4.99e+10
P1        1.68e-19   6.4e-17  8.28e-11  8.28e-11

Temperature = 800 K    Pressure = 100 atm

From\To         W1        W2        W3        P1
W1        8.05e+03  8.03e+03     0.146      14.1
W2        2.32e+05  1.61e+06  4.16e+04  1.34e+06
W3           0.117   1.2e+03  7.89e+10  7.89e+10
P1        1.97e-20  6.47e-17  1.31e-10  1.31e-10

Temperature = 900 K

High Pressure Rate Coefficients:

From\To         W1        W2        W3        P1
W1             ***  1.03e+05       ***       ***
W2        7.78e+05       ***  7.53e+06       ***
W3             ***  1.21e+05       ***   1.3e+11
P1             ***       ***  2.44e-10       ***

Temperature = 900 K    Pressure = 0.1 atm

From\To         W1        W2        W3        P1
W1         4.4e+04  2.83e+04      1.33  1.57e+04
W2        2.14e+05  1.81e+06       247   1.6e+06
W3           0.018      1.64  1.38e+10  1.38e+10
P1        3.58e-18  4.84e-17  2.52e-11  2.52e-11

Temperature = 900 K    Pressure = 1 atm

From\To         W1        W2        W3        P1
W1        7.88e+04  6.47e+04      3.29  1.41e+04
W2        4.88e+05  4.78e+06  3.06e+03  4.29e+06
W3           0.126      38.1  2.71e+10  2.71e+10
P1        3.23e-18   1.3e-16  5.06e-11  5.06e-11

Temperature = 900 K    Pressure = 10 atm

From\To         W1        W2        W3        P1
W1        9.79e+04  9.33e+04      4.29  4.55e+03
W2        7.05e+05  7.38e+06  3.14e+04  6.65e+06
W3           0.353       476  4.69e+10  4.69e+10
P1        1.04e-18  2.02e-16   8.8e-11   8.8e-11

Temperature = 900 K    Pressure = 100 atm

From\To         W1        W2        W3        P1
W1        1.02e+05  1.02e+05      10.1       643
W2        7.68e+05  8.17e+06   3.5e+05  7.05e+06
W3             1.2  5.61e+03  7.22e+10  7.22e+10
P1        1.47e-19  2.14e-16  1.36e-10  1.36e-10

Temperature = 1e+03 K

High Pressure Rate Coefficients:

From\To         W1        W2        W3        P1
W1             ***  7.95e+05       ***       ***
W2        2.07e+06       ***  2.95e+07       ***
W3             ***  2.92e+05       ***  1.16e+11
P1             ***       ***  2.48e-10       ***

Temperature = 1e+03 K    Pressure = 0.1 atm

From\To         W1        W2        W3        P1
W1        1.95e+05  1.08e+05      22.5  8.68e+04
W2        2.82e+05  3.54e+06  4.86e+03  3.25e+06
W3           0.196      38.6  1.39e+10  1.39e+10
P1         4.8e-18  6.89e-17  2.88e-11  2.88e-11

Temperature = 1e+03 K    Pressure = 1 atm

From\To         W1        W2        W3        P1
W1        4.65e+05  3.29e+05      97.7  1.36e+05
W2        8.57e+05  1.21e+07  4.63e+04  1.12e+07
W3            1.94       431  2.61e+10  2.61e+10
P1        7.54e-18  2.38e-16  5.57e-11  5.57e-11

Temperature = 1e+03 K    Pressure = 10 atm

From\To         W1        W2        W3        P1
W1        6.99e+05  6.25e+05       196  7.43e+04
W2        1.63e+06  2.45e+07   3.2e+05  2.25e+07
W3            4.47  3.09e+03  4.39e+10  4.39e+10
P1         4.1e-18  4.77e-16   9.4e-11   9.4e-11

Temperature = 1e+03 K    Pressure = 100 atm

From\To         W1        W2        W3        P1
W1         7.8e+05  7.66e+05       352   1.4e+04
W2           2e+06  3.04e+07  2.09e+06  2.63e+07
W3            8.91  2.06e+04  6.59e+10  6.59e+10
P1        7.72e-19  5.57e-16  1.41e-10  1.41e-10

______________________________________________________________________________________

High Pressure Rate Coefficients (Temperature-Species Rate Tables):

Reactant = W1
   T(K)        W1        W2        W3        P1
    300       ***  4.78e-13       ***       ***
    400       ***  1.25e-06       ***       ***
    500       ***   0.00979       ***       ***
    600       ***      4.06       ***       ***
    700       ***       309       ***       ***
    800       ***  8.07e+03       ***       ***
    900       ***  1.03e+05       ***       ***
  1e+03       ***  7.95e+05       ***       ***

Reactant = W2
   T(K)        W1        W2        W3        P1
    300   0.00719       ***  4.82e-05       ***
    400      6.66       ***     0.599       ***
    500       416       ***       192       ***
    600  6.73e+03       ***  9.55e+03       ***
    700  5.04e+04       ***  1.62e+05       ***
    800  2.33e+05       ***  1.39e+06       ***
    900  7.78e+05       ***  7.53e+06       ***
  1e+03  2.07e+06       ***  2.95e+07       ***

Reactant = W3
   T(K)        W1        W2        W3        P1
    300       ***   0.00248       ***  7.34e+10
    400       ***      1.87       ***  1.29e+11
    500       ***       102       ***  1.57e+11
    600       ***  1.46e+03       ***  1.63e+11
    700       ***  9.77e+03       ***  1.56e+11
    800       ***  4.04e+04       ***  1.44e+11
    900       ***  1.21e+05       ***   1.3e+11
  1e+03       ***  2.92e+05       ***  1.16e+11

Reactant = P1
   T(K)        W1        W2        W3        P1
    300       ***       ***  2.03e-10       ***
    400       ***       ***  2.13e-10       ***
    500       ***       ***  2.21e-10       ***
    600       ***       ***  2.28e-10       ***
    700       ***       ***  2.34e-10       ***
    800       ***       ***  2.39e-10       ***
    900       ***       ***  2.44e-10       ***
  1e+03       ***       ***  2.48e-10       ***

Capture/Escape Rate Coefficients:

   T(K)        W1        W2        W3        P1
    300  4.78e-13   0.00724  7.34e+10  2.03e-10
    400  1.25e-06      7.26  1.29e+11  2.13e-10
    500   0.00979       608  1.57e+11  2.21e-10
    600      4.06  1.63e+04  1.63e+11  2.28e-10
    700       309  2.12e+05  1.56e+11  2.34e-10
    800  8.07e+03  1.62e+06  1.44e+11  2.39e-10
    900  1.03e+05   8.3e+06   1.3e+11  2.44e-10
  1e+03  7.95e+05  3.16e+07  1.16e+11  2.48e-10

______________________________________________________________________________________

Pressure-Species Rate Tables:

Reactant = W1   Temperature = 300 K

   P(atm)        W2        W3        P1      Loss
      0.1 -1.78e-17  2.75e-17  1.42e-13  1.39e-06
        1  4.77e-13  3.21e-17     2e-13 -9.75e-06
       10 -9.37e-19  8.49e-17   2.2e-12 -1.88e-05
      100  1.15e-10 -1.77e-18 -1.38e-13  9.28e-05
      O-O  4.78e-13       ***       ***  4.78e-13

Reactant = W1   Temperature = 400 K

   P(atm)        W2        W3        P1      Loss
      0.1  1.24e-06 -6.52e-14  2.17e-10  7.24e-07
        1  1.24e-06 -2.02e-14 -1.92e-09 -3.73e-06
       10  1.25e-06 -1.96e-14  3.53e-11  9.22e-06
      100  1.25e-06   3.3e-16 -7.18e-11  0.000126
      O-O  1.25e-06       ***       ***  1.25e-06

Reactant = W1   Temperature = 500 K

   P(atm)        W2        W3        P1      Loss
      0.1   0.00962  9.54e-10  4.29e-05   0.00966
        1   0.00976  3.89e-10  5.44e-06   0.00976
       10   0.00977  1.13e-10  5.73e-07   0.00977
      100   0.00978  2.74e-10  5.47e-08   0.00972
      O-O   0.00979       ***       ***   0.00979

Reactant = W1   Temperature = 600 K

   P(atm)        W2        W3        P1      Loss
      0.1      3.72  4.55e-06     0.111      3.83
        1         4  2.19e-06    0.0202      4.02
       10      4.05  5.57e-07   0.00233      4.05
      100      4.05  1.25e-06  0.000236      4.05
      O-O      4.06       ***       ***      4.06

Reactant = W1   Temperature = 700 K

   P(atm)        W2        W3        P1      Loss
      0.1       230   0.00155      25.6       255
        1       290    0.0011      7.59       298
       10       306  0.000352       1.1       307
      100       308   0.00087     0.116       308
      O-O       309       ***       ***       309

Reactant = W1   Temperature = 800 K

   P(atm)        W2        W3        P1      Loss
      0.1  4.02e+03    0.0769  1.15e+03  5.17e+03
        1  6.64e+03    0.0934       587  7.23e+03
       10  7.81e+03    0.0536       120  7.93e+03
      100  8.03e+03     0.146      14.1  8.05e+03
      O-O  8.07e+03       ***       ***  8.07e+03

Reactant = W1   Temperature = 900 K

   P(atm)        W2        W3        P1      Loss
      0.1  2.83e+04      1.33  1.57e+04   4.4e+04
        1  6.47e+04      3.29  1.41e+04  7.88e+04
       10  9.33e+04      4.29  4.55e+03  9.79e+04
      100  1.02e+05      10.1       643  1.02e+05
      O-O  1.03e+05       ***       ***  1.03e+05

Reactant = W1   Temperature = 1e+03 K

   P(atm)        W2        W3        P1      Loss
      0.1  1.08e+05      22.5  8.68e+04  1.95e+05
        1  3.29e+05      97.7  1.36e+05  4.65e+05
       10  6.25e+05       196  7.43e+04  6.99e+05
      100  7.66e+05       352   1.4e+04   7.8e+05
      O-O  7.95e+05       ***       ***  7.95e+05

Reactant = W2   Temperature = 300 K

   P(atm)        W1        W3        P1      Loss
      0.1 -2.68e-07  8.09e-11  4.81e-05   0.00722
        1   0.00717  3.51e-10  4.85e-05   0.00723
       10 -1.41e-08  1.39e-09   4.8e-05   0.00721
      100      1.72  7.06e-07  4.73e-05   0.00709
      O-O   0.00719  4.82e-05       ***   0.00724

Reactant = W2   Temperature = 400 K

   P(atm)        W1        W3        P1      Loss
      0.1      6.64  4.25e-06     0.592      7.23
        1      6.65  1.73e-05     0.596      7.25
       10      6.65  5.26e-05     0.597      7.25
      100      6.65   0.00579     0.591      7.25
      O-O      6.66     0.599       ***      7.26

Reactant = W2   Temperature = 500 K

   P(atm)        W1        W3        P1      Loss
      0.1       409    0.0037       182       591
        1       415    0.0118       190       605
       10       415    0.0271       191       606
      100       415      1.92       189       607
      O-O       416       192       ***       608

Reactant = W2   Temperature = 600 K

   P(atm)        W1        W3        P1      Loss
      0.1  6.17e+03       0.3  7.93e+03  1.41e+04
        1  6.64e+03     0.885  9.24e+03  1.59e+04
       10  6.71e+03       2.5  9.49e+03  1.62e+04
      100  6.72e+03       127  9.39e+03  1.62e+04
      O-O  6.73e+03  9.55e+03       ***  1.63e+04

Reactant = W2   Temperature = 700 K

   P(atm)        W1        W3        P1      Loss
      0.1  3.75e+04      5.73  1.01e+05  1.38e+05
        1  4.74e+04      19.5  1.46e+05  1.93e+05
       10  4.99e+04      83.2  1.59e+05  2.09e+05
      100  5.03e+04  3.34e+03  1.58e+05  2.11e+05
      O-O  5.04e+04  1.62e+05       ***  2.12e+05

Reactant = W2   Temperature = 800 K

   P(atm)        W1        W3        P1      Loss
      0.1  1.16e+05      35.6  5.41e+05  6.57e+05
        1  1.91e+05       197  1.06e+06  1.25e+06
       10  2.25e+05  1.81e+03  1.32e+06  1.55e+06
      100  2.32e+05  4.16e+04  1.34e+06  1.61e+06
      O-O  2.33e+05  1.39e+06       ***  1.62e+06

Reactant = W2   Temperature = 900 K

   P(atm)        W1        W3        P1      Loss
      0.1  2.14e+05       247   1.6e+06  1.81e+06
        1  4.88e+05  3.06e+03  4.29e+06  4.78e+06
       10  7.05e+05  3.14e+04  6.65e+06  7.38e+06
      100  7.68e+05   3.5e+05  7.05e+06  8.17e+06
      O-O  7.78e+05  7.53e+06       ***   8.3e+06

Reactant = W2   Temperature = 1e+03 K

   P(atm)        W1        W3        P1      Loss
      0.1  2.82e+05  4.86e+03  3.25e+06  3.54e+06
        1  8.57e+05  4.63e+04  1.12e+07  1.21e+07
       10  1.63e+06   3.2e+05  2.25e+07  2.45e+07
      100     2e+06  2.09e+06  2.63e+07  3.04e+07
      O-O  2.07e+06  2.95e+07       ***  3.16e+07

Reactant = W3   Temperature = 300 K

   P(atm)        W1        W2        P1      Loss
      0.1 -1.16e-20 -5.13e-16  5.26e+08  5.26e+08
        1 -1.37e-19 -2.09e-14  2.87e+09  2.87e+09
       10 -6.83e-18 -4.75e-12  1.21e+10  1.21e+10
      100  2.73e-11  3.62e-05   3.8e+10   3.8e+10
      O-O       ***   0.00248  7.34e+10  7.34e+10

Reactant = W3   Temperature = 400 K

   P(atm)        W1        W2        P1      Loss
      0.1 -5.32e-15 -2.32e-11  2.48e+09  2.48e+09
        1  2.31e-12  4.81e-08     1e+10     1e+10
       10  8.59e-11  1.03e-05  2.87e+10  2.87e+10
      100  4.11e-08    0.0177  6.46e+10  6.46e+10
      O-O       ***      1.87  1.29e+11  1.29e+11

Reactant = W3   Temperature = 500 K

   P(atm)        W1        W2        P1      Loss
      0.1  5.69e-10  3.49e-07  6.05e+09  6.05e+09
        1  3.63e-09  1.58e-05  1.83e+10  1.83e+10
       10 -1.15e-09 -2.36e-05  4.21e+10  4.21e+10
      100  5.39e-06     0.993  8.01e+10  8.01e+10
      O-O       ***       102  1.57e+11  1.57e+11

Reactant = W3   Temperature = 600 K

   P(atm)        W1        W2        P1      Loss
      0.1  1.04e-07  2.28e-05  9.87e+09  9.87e+09
        1 -4.78e-08 -0.000126  2.45e+10  2.45e+10
       10  7.17e-06       0.1  4.96e+10  4.96e+10
      100  0.000294        19  8.58e+10  8.58e+10
      O-O       ***  1.46e+03  1.63e+11  1.63e+11

Reactant = W3   Temperature = 700 K

   P(atm)        W1        W2        P1      Loss
      0.1  8.16e-06  0.000741  1.32e+10  1.32e+10
        1  5.15e-05    0.0407  2.86e+10  2.86e+10
       10  0.000444      2.69  5.32e+10  5.32e+10
      100   0.00808       198  8.61e+10  8.61e+10
      O-O       ***  9.77e+03  1.56e+11  1.56e+11

Reactant = W3   Temperature = 800 K

   P(atm)        W1        W2        P1      Loss
      0.1    0.0004    0.0305  1.36e+10  1.36e+10
        1   0.00289       1.4  2.78e+10  2.78e+10
       10    0.0151      42.6  4.99e+10  4.99e+10
      100     0.117   1.2e+03  7.89e+10  7.89e+10
      O-O       ***  4.04e+04  1.44e+11  1.44e+11

Reactant = W3   Temperature = 900 K

   P(atm)        W1        W2        P1      Loss
      0.1     0.018      1.64  1.38e+10  1.38e+10
        1     0.126      38.1  2.71e+10  2.71e+10
       10     0.353       476  4.69e+10  4.69e+10
      100       1.2  5.61e+03  7.22e+10  7.22e+10
      O-O       ***  1.21e+05   1.3e+11   1.3e+11

Reactant = W3   Temperature = 1e+03 K

   P(atm)        W1        W2        P1      Loss
      0.1     0.196      38.6  1.39e+10  1.39e+10
        1      1.94       431  2.61e+10  2.61e+10
       10      4.47  3.09e+03  4.39e+10  4.39e+10
      100      8.91  2.06e+04  6.59e+10  6.59e+10
      O-O       ***  2.92e+05  1.16e+11  1.16e+11

Reactant = P1   Temperature = 300 K

   P(atm)        W1        W2        W3      Loss
      0.1  3.05e-22  6.86e-24  1.45e-12  1.45e-12
        1  4.29e-22  6.92e-24  7.95e-12  7.95e-12
       10  4.73e-21  6.85e-24  3.35e-11  3.35e-11
      100 -2.97e-22  6.75e-24  1.05e-10  1.05e-10
      O-O       ***       ***  2.03e-10  2.03e-10

Reactant = P1   Temperature = 400 K

   P(atm)        W1        W2        W3      Loss
      0.1  5.97e-24  3.05e-21  4.08e-12  4.08e-12
        1 -5.28e-23  3.07e-21  1.65e-11  1.65e-11
       10  9.69e-25  3.07e-21  4.74e-11  4.74e-11
      100 -1.97e-24  3.04e-21  1.07e-10  1.07e-10
      O-O       ***       ***  2.13e-10  2.13e-10

Reactant = P1   Temperature = 500 K

   P(atm)        W1        W2        W3      Loss
      0.1  1.36e-21  1.36e-19  8.43e-12  8.43e-12
        1  1.72e-22  1.42e-19  2.57e-11  2.57e-11
       10  1.82e-23  1.43e-19  5.92e-11  5.92e-11
      100  1.74e-24  1.41e-19  1.13e-10  1.13e-10
      O-O       ***       ***  2.21e-10  2.21e-10

Reactant = P1   Temperature = 600 K

   P(atm)        W1        W2        W3      Loss
      0.1  3.94e-20   1.7e-18  1.36e-11  1.36e-11
        1  7.19e-21  1.98e-18  3.41e-11  3.41e-11
       10  8.29e-22  2.03e-18  6.93e-11  6.93e-11
      100   8.4e-23  2.01e-18   1.2e-10   1.2e-10
      O-O       ***       ***  2.28e-10  2.28e-10

Reactant = P1   Temperature = 700 K

   P(atm)        W1        W2        W3      Loss
      0.1  3.78e-19  9.11e-18  1.93e-11  1.93e-11
        1  1.12e-19  1.32e-17  4.27e-11  4.27e-11
       10  1.62e-20  1.44e-17  7.95e-11  7.95e-11
      100  1.71e-21  1.43e-17  1.29e-10  1.29e-10
      O-O       ***       ***  2.34e-10  2.34e-10

Reactant = P1   Temperature = 800 K

   P(atm)        W1        W2        W3      Loss
      0.1  1.61e-18  2.62e-17   2.2e-11   2.2e-11
        1   8.2e-19  5.12e-17   4.6e-11   4.6e-11
       10  1.68e-19   6.4e-17  8.28e-11  8.28e-11
      100  1.97e-20  6.47e-17  1.31e-10  1.31e-10
      O-O       ***       ***  2.39e-10  2.39e-10

Reactant = P1   Temperature = 900 K

   P(atm)        W1        W2        W3      Loss
      0.1  3.58e-18  4.84e-17  2.52e-11  2.52e-11
        1  3.23e-18   1.3e-16  5.06e-11  5.06e-11
       10  1.04e-18  2.02e-16   8.8e-11   8.8e-11
      100  1.47e-19  2.14e-16  1.36e-10  1.36e-10
      O-O       ***       ***  2.44e-10  2.44e-10

Reactant = P1   Temperature = 1e+03 K

   P(atm)        W1        W2        W3      Loss
      0.1   4.8e-18  6.89e-17  2.88e-11  2.88e-11
        1  7.54e-18  2.38e-16  5.57e-11  5.57e-11
       10   4.1e-18  4.77e-16   9.4e-11   9.4e-11
      100  7.72e-19  5.57e-16  1.41e-10  1.41e-10
      O-O       ***       ***  2.48e-10  2.48e-10

______________________________________________________________________________________

Temperature-Species Rate Tables:

Reactant = W1   Pressure = 0.1 atm

   T(K)        W2        W3        P1      Loss   Capture
    300 -1.78e-17  2.75e-17  1.42e-13  1.39e-06  4.78e-13
    400  1.24e-06 -6.52e-14  2.17e-10  7.24e-07  1.25e-06
    500   0.00962  9.54e-10  4.29e-05   0.00966   0.00979
    600      3.72  4.55e-06     0.111      3.83      4.06
    700       230   0.00155      25.6       255       309
    800  4.02e+03    0.0769  1.15e+03  5.17e+03  8.07e+03
    900  2.83e+04      1.33  1.57e+04   4.4e+04  1.03e+05
  1e+03  1.08e+05      22.5  8.68e+04  1.95e+05  7.95e+05

Reactant = W1   Pressure = 1 atm

   T(K)        W2        W3        P1      Loss   Capture
    300  4.77e-13  3.21e-17     2e-13 -9.75e-06  4.78e-13
    400  1.24e-06 -2.02e-14 -1.92e-09 -3.73e-06  1.25e-06
    500   0.00976  3.89e-10  5.44e-06   0.00976   0.00979
    600         4  2.19e-06    0.0202      4.02      4.06
    700       290    0.0011      7.59       298       309
    800  6.64e+03    0.0934       587  7.23e+03  8.07e+03
    900  6.47e+04      3.29  1.41e+04  7.88e+04  1.03e+05
  1e+03  3.29e+05      97.7  1.36e+05  4.65e+05  7.95e+05

Reactant = W1   Pressure = 10 atm

   T(K)        W2        W3        P1      Loss   Capture
    300 -9.37e-19  8.49e-17   2.2e-12 -1.88e-05  4.78e-13
    400  1.25e-06 -1.96e-14  3.53e-11  9.22e-06  1.25e-06
    500   0.00977  1.13e-10  5.73e-07   0.00977   0.00979
    600      4.05  5.57e-07   0.00233      4.05      4.06
    700       306  0.000352       1.1       307       309
    800  7.81e+03    0.0536       120  7.93e+03  8.07e+03
    900  9.33e+04      4.29  4.55e+03  9.79e+04  1.03e+05
  1e+03  6.25e+05       196  7.43e+04  6.99e+05  7.95e+05

Reactant = W1   Pressure = 100 atm

   T(K)        W2        W3        P1      Loss   Capture
    300  1.15e-10 -1.77e-18 -1.38e-13  9.28e-05  4.78e-13
    400  1.25e-06   3.3e-16 -7.18e-11  0.000126  1.25e-06
    500   0.00978  2.74e-10  5.47e-08   0.00972   0.00979
    600      4.05  1.25e-06  0.000236      4.05      4.06
    700       308   0.00087     0.116       308       309
    800  8.03e+03     0.146      14.1  8.05e+03  8.07e+03
    900  1.02e+05      10.1       643  1.02e+05  1.03e+05
  1e+03  7.66e+05       352   1.4e+04   7.8e+05  7.95e+05

Reactant = W2   Pressure = 0.1 atm

   T(K)        W1        W3        P1      Loss   Capture
    300 -2.68e-07  8.09e-11  4.81e-05   0.00722   0.00724
    400      6.64  4.25e-06     0.592      7.23      7.26
    500       409    0.0037       182       591       608
    600  6.17e+03       0.3  7.93e+03  1.41e+04  1.63e+04
    700  3.75e+04      5.73  1.01e+05  1.38e+05  2.12e+05
    800  1.16e+05      35.6  5.41e+05  6.57e+05  1.62e+06
    900  2.14e+05       247   1.6e+06  1.81e+06   8.3e+06
  1e+03  2.82e+05  4.86e+03  3.25e+06  3.54e+06  3.16e+07

Reactant = W2   Pressure = 1 atm

   T(K)        W1        W3        P1      Loss   Capture
    300   0.00717  3.51e-10  4.85e-05   0.00723   0.00724
    400      6.65  1.73e-05     0.596      7.25      7.26
    500       415    0.0118       190       605       608
    600  6.64e+03     0.885  9.24e+03  1.59e+04  1.63e+04
    700  4.74e+04      19.5  1.46e+05  1.93e+05  2.12e+05
    800  1.91e+05       197  1.06e+06  1.25e+06  1.62e+06
    900  4.88e+05  3.06e+03  4.29e+06  4.78e+06   8.3e+06
  1e+03  8.57e+05  4.63e+04  1.12e+07  1.21e+07  3.16e+07

Reactant = W2   Pressure = 10 atm

   T(K)        W1        W3        P1      Loss   Capture
    300 -1.41e-08  1.39e-09   4.8e-05   0.00721   0.00724
    400      6.65  5.26e-05     0.597      7.25      7.26
    500       415    0.0271       191       606       608
    600  6.71e+03       2.5  9.49e+03  1.62e+04  1.63e+04
    700  4.99e+04      83.2  1.59e+05  2.09e+05  2.12e+05
    800  2.25e+05  1.81e+03  1.32e+06  1.55e+06  1.62e+06
    900  7.05e+05  3.14e+04  6.65e+06  7.38e+06   8.3e+06
  1e+03  1.63e+06   3.2e+05  2.25e+07  2.45e+07  3.16e+07

Reactant = W2   Pressure = 100 atm

   T(K)        W1        W3        P1      Loss   Capture
    300      1.72  7.06e-07  4.73e-05   0.00709   0.00724
    400      6.65   0.00579     0.591      7.25      7.26
    500       415      1.92       189       607       608
    600  6.72e+03       127  9.39e+03  1.62e+04  1.63e+04
    700  5.03e+04  3.34e+03  1.58e+05  2.11e+05  2.12e+05
    800  2.32e+05  4.16e+04  1.34e+06  1.61e+06  1.62e+06
    900  7.68e+05   3.5e+05  7.05e+06  8.17e+06   8.3e+06
  1e+03     2e+06  2.09e+06  2.63e+07  3.04e+07  3.16e+07

Reactant = W3   Pressure = 0.1 atm

   T(K)        W1        W2        P1      Loss   Capture
    300 -1.16e-20 -5.13e-16  5.26e+08  5.26e+08  7.34e+10
    400 -5.32e-15 -2.32e-11  2.48e+09  2.48e+09  1.29e+11
    500  5.69e-10  3.49e-07  6.05e+09  6.05e+09  1.57e+11
    600  1.04e-07  2.28e-05  9.87e+09  9.87e+09  1.63e+11
    700  8.16e-06  0.000741  1.32e+10  1.32e+10  1.56e+11
    800    0.0004    0.0305  1.36e+10  1.36e+10  1.44e+11
    900     0.018      1.64  1.38e+10  1.38e+10   1.3e+11
  1e+03     0.196      38.6  1.39e+10  1.39e+10  1.16e+11

Reactant = W3   Pressure = 1 atm

   T(K)        W1        W2        P1      Loss   Capture
    300 -1.37e-19 -2.09e-14  2.87e+09  2.87e+09  7.34e+10
    400  2.31e-12  4.81e-08     1e+10     1e+10  1.29e+11
    500  3.63e-09  1.58e-05  1.83e+10  1.83e+10  1.57e+11
    600 -4.78e-08 -0.000126  2.45e+10  2.45e+10  1.63e+11
    700  5.15e-05    0.0407  2.86e+10  2.86e+10  1.56e+11
    800   0.00289       1.4  2.78e+10  2.78e+10  1.44e+11
    900     0.126      38.1  2.71e+10  2.71e+10   1.3e+11
  1e+03      1.94       431  2.61e+10  2.61e+10  1.16e+11

Reactant = W3   Pressure = 10 atm

   T(K)        W1        W2        P1      Loss   Capture
    300 -6.83e-18 -4.75e-12  1.21e+10  1.21e+10  7.34e+10
    400  8.59e-11  1.03e-05  2.87e+10  2.87e+10  1.29e+11
    500 -1.15e-09 -2.36e-05  4.21e+10  4.21e+10  1.57e+11
    600  7.17e-06       0.1  4.96e+10  4.96e+10  1.63e+11
    700  0.000444      2.69  5.32e+10  5.32e+10  1.56e+11
    800    0.0151      42.6  4.99e+10  4.99e+10  1.44e+11
    900     0.353       476  4.69e+10  4.69e+10   1.3e+11
  1e+03      4.47  3.09e+03  4.39e+10  4.39e+10  1.16e+11

Reactant = W3   Pressure = 100 atm

   T(K)        W1        W2        P1      Loss   Capture
    300  2.73e-11  3.62e-05   3.8e+10   3.8e+10  7.34e+10
    400  4.11e-08    0.0177  6.46e+10  6.46e+10  1.29e+11
    500  5.39e-06     0.993  8.01e+10  8.01e+10  1.57e+11
    600  0.000294        19  8.58e+10  8.58e+10  1.63e+11
    700   0.00808       198  8.61e+10  8.61e+10  1.56e+11
    800     0.117   1.2e+03  7.89e+10  7.89e+10  1.44e+11
    900       1.2  5.61e+03  7.22e+10  7.22e+10   1.3e+11
  1e+03      8.91  2.06e+04  6.59e+10  6.59e+10  1.16e+11

Reactant = P1   Pressure = 0.1 atm

   T(K)        W1        W2        W3      Loss   Capture
    300  3.05e-22  6.86e-24  1.45e-12  1.45e-12  2.03e-10
    400  5.97e-24  3.05e-21  4.08e-12  4.08e-12  2.13e-10
    500  1.36e-21  1.36e-19  8.43e-12  8.43e-12  2.21e-10
    600  3.94e-20   1.7e-18  1.36e-11  1.36e-11  2.28e-10
    700  3.78e-19  9.11e-18  1.93e-11  1.93e-11  2.34e-10
    800  1.61e-18  2.62e-17   2.2e-11   2.2e-11  2.39e-10
    900  3.58e-18  4.84e-17  2.52e-11  2.52e-11  2.44e-10
  1e+03   4.8e-18  6.89e-17  2.88e-11  2.88e-11  2.48e-10

Reactant = P1   Pressure = 1 atm

   T(K)        W1        W2        W3      Loss   Capture
    300  4.29e-22  6.92e-24  7.95e-12  7.95e-12  2.03e-10
    400 -5.28e-23  3.07e-21  1.65e-11  1.65e-11  2.13e-10
    500  1.72e-22  1.42e-19  2.57e-11  2.57e-11  2.21e-10
    600  7.19e-21  1.98e-18  3.41e-11  3.41e-11  2.28e-10
    700  1.12e-19  1.32e-17  4.27e-11  4.27e-11  2.34e-10
    800   8.2e-19  5.12e-17   4.6e-11   4.6e-11  2.39e-10
    900  3.23e-18   1.3e-16  5.06e-11  5.06e-11  2.44e-10
  1e+03  7.54e-18  2.38e-16  5.57e-11  5.57e-11  2.48e-10

Reactant = P1   Pressure = 10 atm

   T(K)        W1        W2        W3      Loss   Capture
    300  4.73e-21  6.85e-24  3.35e-11  3.35e-11  2.03e-10
    400  9.69e-25  3.07e-21  4.74e-11  4.74e-11  2.13e-10
    500  1.82e-23  1.43e-19  5.92e-11  5.92e-11  2.21e-10
    600  8.29e-22  2.03e-18  6.93e-11  6.93e-11  2.28e-10
    700  1.62e-20  1.44e-17  7.95e-11  7.95e-11  2.34e-10
    800  1.68e-19   6.4e-17  8.28e-11  8.28e-11  2.39e-10
    900  1.04e-18  2.02e-16   8.8e-11   8.8e-11  2.44e-10
  1e+03   4.1e-18  4.77e-16   9.4e-11   9.4e-11  2.48e-10

Reactant = P1   Pressure = 100 atm

   T(K)        W1        W2        W3      Loss   Capture
    300 -2.97e-22  6.75e-24  1.05e-10  1.05e-10  2.03e-10
    400 -1.97e-24  3.04e-21  1.07e-10  1.07e-10  2.13e-10
    500  1.74e-24  1.41e-19  1.13e-10  1.13e-10  2.21e-10
    600   8.4e-23  2.01e-18   1.2e-10   1.2e-10  2.28e-10
    700  1.71e-21  1.43e-17  1.29e-10  1.29e-10  2.34e-10
    800  1.97e-20  6.47e-17  1.31e-10  1.31e-10  2.39e-10
    900  1.47e-19  2.14e-16  1.36e-10  1.36e-10  2.44e-10
  1e+03  7.72e-19  5.57e-16  1.41e-10  1.41e-10  2.48e-10

______________________________________________________________________________________

Temperature-Pressure Rate Tables:

W1->W2

P\T           300       400       500       600       700       800       900     1e+03
0.1     -1.78e-17  1.24e-06   0.00962      3.72       230  4.02e+03  2.83e+04  1.08e+05
1        4.77e-13  1.24e-06   0.00976         4       290  6.64e+03  6.47e+04  3.29e+05
10      -9.37e-19  1.25e-06   0.00977      4.05       306  7.81e+03  9.33e+04  6.25e+05
100      1.15e-10  1.25e-06   0.00978      4.05       308  8.03e+03  1.02e+05  7.66e+05
O-O      4.78e-13  1.25e-06   0.00979      4.06       309  8.07e+03  1.03e+05  7.95e+05

W1->W3

P\T           300       400       500       600       700       800       900     1e+03
0.1      2.75e-17 -6.52e-14  9.54e-10  4.55e-06   0.00155    0.0769      1.33      22.5
1        3.21e-17 -2.02e-14  3.89e-10  2.19e-06    0.0011    0.0934      3.29      97.7
10       8.49e-17 -1.96e-14  1.13e-10  5.57e-07  0.000352    0.0536      4.29       196
100     -1.77e-18   3.3e-16  2.74e-10  1.25e-06   0.00087     0.146      10.1       352
O-O           ***       ***       ***       ***       ***       ***       ***       ***

W1->P1

P\T           300       400       500       600       700       800       900     1e+03
0.1      1.42e-13  2.17e-10  4.29e-05     0.111      25.6  1.15e+03  1.57e+04  8.68e+04
1           2e-13 -1.92e-09  5.44e-06    0.0202      7.59       587  1.41e+04  1.36e+05
10        2.2e-12  3.53e-11  5.73e-07   0.00233       1.1       120  4.55e+03  7.43e+04
100     -1.38e-13 -7.18e-11  5.47e-08  0.000236     0.116      14.1       643   1.4e+04
O-O           ***       ***       ***       ***       ***       ***       ***       ***

W2->W1

P\T           300       400       500       600       700       800       900     1e+03
0.1     -2.68e-07      6.64       409  6.17e+03  3.75e+04  1.16e+05  2.14e+05  2.82e+05
1         0.00717      6.65       415  6.64e+03  4.74e+04  1.91e+05  4.88e+05  8.57e+05
10      -1.41e-08      6.65       415  6.71e+03  4.99e+04  2.25e+05  7.05e+05  1.63e+06
100          1.72      6.65       415  6.72e+03  5.03e+04  2.32e+05  7.68e+05     2e+06
O-O       0.00719      6.66       416  6.73e+03  5.04e+04  2.33e+05  7.78e+05  2.07e+06

W2->W3

P\T           300       400       500       600       700       800       900     1e+03
0.1      8.09e-11  4.25e-06    0.0037       0.3      5.73      35.6       247  4.86e+03
1        3.51e-10  1.73e-05    0.0118     0.885      19.5       197  3.06e+03  4.63e+04
10       1.39e-09  5.26e-05    0.0271       2.5      83.2  1.81e+03  3.14e+04   3.2e+05
100      7.06e-07   0.00579      1.92       127  3.34e+03  4.16e+04   3.5e+05  2.09e+06
O-O      4.82e-05     0.599       192  9.55e+03  1.62e+05  1.39e+06  7.53e+06  2.95e+07

W2->P1

P\T           300       400       500       600       700       800       900     1e+03
0.1      4.81e-05     0.592       182  7.93e+03  1.01e+05  5.41e+05   1.6e+06  3.25e+06
1        4.85e-05     0.596       190  9.24e+03  1.46e+05  1.06e+06  4.29e+06  1.12e+07
10        4.8e-05     0.597       191  9.49e+03  1.59e+05  1.32e+06  6.65e+06  2.25e+07
100      4.73e-05     0.591       189  9.39e+03  1.58e+05  1.34e+06  7.05e+06  2.63e+07
O-O           ***       ***       ***       ***       ***       ***       ***       ***

W3->W1

P\T           300       400       500       600       700       800       900     1e+03
0.1     -1.16e-20 -5.32e-15  5.69e-10  1.04e-07  8.16e-06    0.0004     0.018     0.196
1       -1.37e-19  2.31e-12  3.63e-09 -4.78e-08  5.15e-05   0.00289     0.126      1.94
10      -6.83e-18  8.59e-11 -1.15e-09  7.17e-06  0.000444    0.0151     0.353      4.47
100      2.73e-11  4.11e-08  5.39e-06  0.000294   0.00808     0.117       1.2      8.91
O-O           ***       ***       ***       ***       ***       ***       ***       ***

W3->W2

P\T           300       400       500       600       700       800       900     1e+03
0.1     -5.13e-16 -2.32e-11  3.49e-07  2.28e-05  0.000741    0.0305      1.64      38.6
1       -2.09e-14  4.81e-08  1.58e-05 -0.000126    0.0407       1.4      38.1       431
10      -4.75e-12  1.03e-05 -2.36e-05       0.1      2.69      42.6       476  3.09e+03
100      3.62e-05    0.0177     0.993        19       198   1.2e+03  5.61e+03  2.06e+04
O-O       0.00248      1.87       102  1.46e+03  9.77e+03  4.04e+04  1.21e+05  2.92e+05

W3->P1

P\T           300       400       500       600       700       800       900     1e+03
0.1      5.26e+08  2.48e+09  6.05e+09  9.87e+09  1.32e+10  1.36e+10  1.38e+10  1.39e+10
1        2.87e+09     1e+10  1.83e+10  2.45e+10  2.86e+10  2.78e+10  2.71e+10  2.61e+10
10       1.21e+10  2.87e+10  4.21e+10  4.96e+10  5.32e+10  4.99e+10  4.69e+10  4.39e+10
100       3.8e+10  6.46e+10  8.01e+10  8.58e+10  8.61e+10  7.89e+10  7.22e+10  6.59e+10
O-O      7.34e+10  1.29e+11  1.57e+11  1.63e+11  1.56e+11  1.44e+11   1.3e+11  1.16e+11

P1->W1

P\T           300       400       500       600       700       800       900     1e+03
0.1      3.05e-22  5.97e-24  1.36e-21  3.94e-20  3.78e-19  1.61e-18  3.58e-18   4.8e-18
1        4.29e-22 -5.28e-23  1.72e-22  7.19e-21  1.12e-19   8.2e-19  3.23e-18  7.54e-18
10       4.73e-21  9.69e-25  1.82e-23  8.29e-22  1.62e-20  1.68e-19  1.04e-18   4.1e-18
100     -2.97e-22 -1.97e-24  1.74e-24   8.4e-23  1.71e-21  1.97e-20  1.47e-19  7.72e-19
O-O           ***       ***       ***       ***       ***       ***       ***       ***

P1->W2

P\T           300       400       500       600       700       800       900     1e+03
0.1      6.86e-24  3.05e-21  1.36e-19   1.7e-18  9.11e-18  2.62e-17  4.84e-17  6.89e-17
1        6.92e-24  3.07e-21  1.42e-19  1.98e-18  1.32e-17  5.12e-17   1.3e-16  2.38e-16
10       6.85e-24  3.07e-21  1.43e-19  2.03e-18  1.44e-17   6.4e-17  2.02e-16  4.77e-16
100      6.75e-24  3.04e-21  1.41e-19  2.01e-18  1.43e-17  6.47e-17  2.14e-16  5.57e-16
O-O           ***       ***       ***       ***       ***       ***       ***       ***

P1->W3

P\T           300       400       500       600       700       800       900     1e+03
0.1      1.45e-12  4.08e-12  8.43e-12  1.36e-11  1.93e-11   2.2e-11  2.52e-11  2.88e-11
1        7.95e-12  1.65e-11  2.57e-11  3.41e-11  4.27e-11   4.6e-11  5.06e-11  5.57e-11
10       3.35e-11  4.74e-11  5.92e-11  6.93e-11  7.95e-11  8.28e-11   8.8e-11   9.4e-11
100      1.05e-10  1.07e-10  1.13e-10   1.2e-10  1.29e-10  1.31e-10  1.36e-10  1.41e-10
O-O      2.03e-10  2.13e-10  2.21e-10  2.28e-10  2.34e-10  2.39e-10  2.44e-10  2.48e-10

W1-> 

P\T           300       400       500       600       700       800       900     1e+03
0.1      1.39e-06  7.24e-07   0.00966      3.83       255  5.17e+03   4.4e+04  1.95e+05
1       -9.75e-06 -3.73e-06   0.00976      4.02       298  7.23e+03  7.88e+04  4.65e+05
10      -1.88e-05  9.22e-06   0.00977      4.05       307  7.93e+03  9.79e+04  6.99e+05
100      9.28e-05  0.000126   0.00972      4.05       308  8.05e+03  1.02e+05   7.8e+05
O-O      4.78e-13  1.25e-06   0.00979      4.06       309  8.07e+03  1.03e+05  7.95e+05

W2-> 

P\T           300       400       500       600       700       800       900     1e+03
0.1       0.00722      7.23       591  1.41e+04  1.38e+05  6.57e+05  1.81e+06  3.54e+06
1         0.00723      7.25       605  1.59e+04  1.93e+05  1.25e+06  4.78e+06  1.21e+07
10        0.00721      7.25       606  1.62e+04  2.09e+05  1.55e+06  7.38e+06  2.45e+07
100       0.00709      7.25       607  1.62e+04  2.11e+05  1.61e+06  8.17e+06  3.04e+07
O-O       0.00724      7.26       608  1.63e+04  2.12e+05  1.62e+06   8.3e+06  3.16e+07

W3-> 

P\T           300       400       500       600       700       800       900     1e+03
0.1      5.26e+08  2.48e+09  6.05e+09  9.87e+09  1.32e+10  1.36e+10  1.38e+10  1.39e+10
1        2.87e+09     1e+10  1.83e+10  2.45e+10  2.86e+10  2.78e+10  2.71e+10  2.61e+10
10       1.21e+10  2.87e+10  4.21e+10  4.96e+10  5.32e+10  4.99e+10  4.69e+10  4.39e+10
100       3.8e+10  6.46e+10  8.01e+10  8.58e+10  8.61e+10  7.89e+10  7.22e+10  6.59e+10
O-O      7.34e+10  1.29e+11  1.57e+11  1.63e+11  1.56e+11  1.44e+11   1.3e+11  1.16e+11

P1-> 

P\T           300       400       500       600       700       800       900     1e+03
0.1      1.45e-12  4.08e-12  8.43e-12  1.36e-11  1.93e-11   2.2e-11  2.52e-11  2.88e-11
1        7.95e-12  1.65e-11  2.57e-11  3.41e-11  4.27e-11   4.6e-11  5.06e-11  5.57e-11
10       3.35e-11  4.74e-11  5.92e-11  6.93e-11  7.95e-11  8.28e-11   8.8e-11   9.4e-11
100      1.05e-10  1.07e-10  1.13e-10   1.2e-10  1.29e-10  1.31e-10  1.36e-10  1.41e-10
O-O      2.03e-10  2.13e-10  2.21e-10  2.28e-10  2.34e-10  2.39e-10  2.44e-10  2.48e-10

