Wells (G - ground energy, D - dissociation limit, kcal/mol):
                            W         G         D
                C5O2nexammzez         0      3.84
      FakeW-C5H6O(645)e+OH(4)     -28.9     -25.9

Bimolecular Products (G - ground energy, kcal/mol):
                      P         G
      C5H6O(645)e+OH(4)     -25.9

Well-to-Bimolecular Barriers (H/G - barrier height/well depth, kcal/mol)
                            B         H                       W         G                 P
      FakeB-C5H6O(645)e+OH(4)     -25.9 FakeW-C5H6O(645)e+OH(4)     -28.9 C5H6O(645)e+OH(4)

Well-to-Well Barriers (H/G - barrier height/well depth, kcal/mol):
            B         H                      W1        G1                      W2        G2
      ts_3_48      3.84           C5O2nexammzez         0 FakeW-C5H6O(645)e+OH(4)     -28.9

Bound Groups: dissociation barrier (name/ground energy, kcal/mol): wells (name/ground energy, kcal/mol):
     C1/-25.9:  FakeW-C5H6O(645)e+OH(4)/-28.9

     B1/3.84:  C5O2nexammzez/0

________________________________________________________________________________________

Names Translation Tables (<short name> - <original name>):
Wells:
   W1 - C5O2nexammzez
   W2 - FakeW-C5H6O(645)e+OH(4)
Bimolecular products:
   P1 - C5H6O(645)e+OH(4)
Inner Barriers:
   B1 - ts_3_48
Outer Barriers:
   C1 - FakeB-C5H6O(645)e+OH(4)
Unimolecular Rate Units: 1/sec;  Bimolecular Rate Units: cm^3/sec

______________________________________________________________________________________

Species-Species Rate Tables:

Temperature = 500 K

High Pressure Rate Coefficients:

From\To         W1        W2        P1
W1             ***  2.36e+11       ***
W2          0.0086       ***  8.56e+13
P1             ***  2.41e-10       ***

Temperature = 500 K    Pressure = 0.1 atm

From\To         W1        W2        P1
W1        3.65e+09  4.43e+05  3.65e+09
W2        1.89e-15  9.87e+10  9.87e+10
P1        3.73e-28  2.39e-13  2.39e-13

Temperature = 500 K    Pressure = 1 atm

From\To         W1        W2        P1
W1        1.06e+10  6.89e+04  1.06e+10
W2        7.62e-16  4.07e+11  4.07e+11
P1        1.09e-27  1.08e-12  1.08e-12

Temperature = 500 K    Pressure = 10 atm

From\To         W1        W2        P1
W1        2.69e+10  1.34e+05  2.69e+10
W2        2.94e-14  1.44e+12  1.44e+12
P1        2.75e-27  3.98e-12  3.98e-12

Temperature = 500 K    Pressure = 100 atm

From\To         W1        W2        P1
W1        6.59e+10  8.87e+05  6.59e+10
W2       -2.98e-14   4.3e+12   4.3e+12
P1        6.76e-27   1.2e-11   1.2e-11

Temperature = 600 K

High Pressure Rate Coefficients:

From\To         W1        W2        P1
W1             ***  4.51e+11       ***
W2             1.4       ***  1.15e+14
P1             ***  2.48e-10       ***

Temperature = 600 K    Pressure = 0.1 atm

From\To         W1        W2        P1
W1        3.97e+09       ***  3.97e+09
W2             ***       ***       ***
P1        2.64e-26       *** -1.34e-23

Temperature = 600 K    Pressure = 1 atm

From\To         W1        W2        P1
W1         1.2e+10   1.7e+04   1.2e+10
W2         9.7e-13  9.52e+11  9.52e+11
P1        8.02e-26   1.8e-12   1.8e-12

Temperature = 600 K    Pressure = 10 atm

From\To         W1        W2        P1
W1        3.15e+10  2.86e+05  3.15e+10
W2       -2.07e-11  2.74e+12  2.74e+12
P1        2.11e-25  5.68e-12  5.68e-12

Temperature = 600 K    Pressure = 100 atm

From\To         W1        W2        P1
W1        7.86e+10  1.85e+06  7.86e+10
W2       -6.64e-11  7.17e+12  7.17e+12
P1        5.26e-25  1.53e-11  1.53e-11

Temperature = 700 K

High Pressure Rate Coefficients:

From\To         W1        W2        P1
W1             ***  7.28e+11       ***
W2              52       ***  1.35e+14
P1             ***  2.54e-10       ***

Temperature = 700 K    Pressure = 0.1 atm

From\To         W1        W2        P1
W1        3.88e+09       ***  3.88e+09
W2             ***       ***       ***
P1         5.2e-25       ***  2.12e-23

Temperature = 700 K    Pressure = 1 atm

From\To         W1        W2        P1
W1         1.2e+10  4.47e+04   1.2e+10
W2        8.09e-11  1.57e+12  1.57e+12
P1        1.62e-24   2.4e-12   2.4e-12

Temperature = 700 K    Pressure = 10 atm

From\To         W1        W2        P1
W1        3.26e+10  4.37e+05  3.26e+10
W2       -2.95e-09  3.95e+12  3.95e+12
P1        4.39e-24  7.03e-12  7.03e-12

Temperature = 700 K    Pressure = 100 atm

From\To         W1        W2        P1
W1        8.23e+10   2.7e+06  8.23e+10
W2        2.59e-07  9.56e+12  9.56e+12
P1        1.11e-23  1.78e-11  1.78e-11

Temperature = 800 K

High Pressure Rate Coefficients:

From\To         W1        W2        P1
W1             ***  1.05e+12       ***
W2             773       ***  1.46e+14
P1             ***   2.6e-10       ***

Temperature = 800 K    Pressure = 0.1 atm

From\To         W1        W2        P1
W1        3.59e+09       ***  3.59e+09
W2             ***       ***       ***
P1        4.66e-24       ***  3.31e-24

Temperature = 800 K    Pressure = 1 atm

From\To         W1        W2        P1
W1        1.13e+10       ***  1.13e+10
W2             ***       ***       ***
P1        1.48e-23       ***  8.83e-24

Temperature = 800 K    Pressure = 10 atm

From\To         W1        W2        P1
W1        3.13e+10  5.42e+05  3.13e+10
W2       -1.38e-07  4.96e+12  4.96e+12
P1         4.1e-23  8.17e-12  8.17e-12

Temperature = 800 K    Pressure = 100 atm

From\To         W1        W2        P1
W1        8.03e+10  3.23e+06  8.02e+10
W2       -2.15e-06  1.13e+13  1.13e+13
P1        1.05e-22  1.99e-11  1.99e-11

Temperature = 900 K

High Pressure Rate Coefficients:

From\To         W1        W2        P1
W1             ***  1.41e+12       ***
W2        6.25e+03       ***   1.5e+14
P1             ***  2.65e-10       ***

Temperature = 900 K    Pressure = 0.1 atm

From\To         W1        W2        P1
W1        3.26e+09       ***  3.26e+09
W2             ***       ***       ***
P1        2.54e-23       ***  3.39e-23

Temperature = 900 K    Pressure = 1 atm

From\To         W1        W2        P1
W1        1.04e+10       ***  1.04e+10
W2             ***       ***       ***
P1        8.12e-23       ***  7.84e-23

Temperature = 900 K    Pressure = 10 atm

From\To         W1        W2        P1
W1        2.93e+10  6.32e+05  2.93e+10
W2        2.33e-06  5.94e+12  5.94e+12
P1         2.3e-22   9.5e-12   9.5e-12

Temperature = 900 K    Pressure = 100 atm

From\To         W1        W2        P1
W1        7.59e+10  3.64e+06  7.59e+10
W2       -3.02e-05   1.3e+13   1.3e+13
P1        5.96e-22  2.24e-11  2.24e-11

Temperature = 1e+03 K

High Pressure Rate Coefficients:

From\To         W1        W2        P1
W1             ***  1.78e+12       ***
W2        3.32e+04       ***   1.5e+14
P1             ***   2.7e-10       ***

Temperature = 1e+03 K    Pressure = 0.1 atm

From\To         W1        W2        P1
W1        3.02e+09       ***  3.02e+09
W2             ***       ***       ***
P1           1e-22       ***   1.1e-22

Temperature = 1e+03 K    Pressure = 1 atm

From\To         W1        W2        P1
W1        9.65e+09       ***  9.65e+09
W2             ***       ***       ***
P1        3.23e-22       ***   3.1e-22

Temperature = 1e+03 K    Pressure = 10 atm

From\To         W1        W2        P1
W1        2.76e+10  6.84e+05  2.76e+10
W2        2.91e-05  6.58e+12  6.58e+12
P1        9.25e-22  1.06e-11  1.06e-11

Temperature = 1e+03 K    Pressure = 100 atm

From\To         W1        W2        P1
W1        7.19e+10   3.8e+06  7.19e+10
W2       -0.000724  1.39e+13  1.39e+13
P1        2.41e-21  2.44e-11  2.44e-11

Temperature = 1.1e+03 K

High Pressure Rate Coefficients:

From\To         W1        W2        P1
W1             ***  2.16e+12       ***
W2         1.3e+05       ***  1.46e+14
P1             ***  2.74e-10       ***

Temperature = 1.1e+03 K    Pressure = 0.1 atm

From\To         W1        W2        P1
W1        2.93e+09       ***  2.93e+09
W2             ***       ***       ***
P1        3.24e-22       ***  3.29e-22

Temperature = 1.1e+03 K    Pressure = 1 atm

From\To         W1        W2        P1
W1        9.32e+09       ***  9.32e+09
W2             ***       ***       ***
P1        1.04e-21       ***  1.02e-21

Temperature = 1.1e+03 K    Pressure = 10 atm

From\To         W1        W2        P1
W1        2.67e+10  8.15e+05  2.67e+10
W2        0.000629  7.09e+12  7.09e+12
P1           3e-21  1.16e-11  1.16e-11

Temperature = 1.1e+03 K    Pressure = 100 atm

From\To         W1        W2        P1
W1        6.98e+10  4.18e+06  6.98e+10
W2        -0.00214  1.46e+13  1.46e+13
P1        7.83e-21  2.65e-11  2.65e-11

Temperature = 1.2e+03 K

High Pressure Rate Coefficients:

From\To         W1        W2        P1
W1             ***  2.55e+12       ***
W2        4.03e+05       ***  1.41e+14
P1             ***  2.78e-10       ***

Temperature = 1.2e+03 K    Pressure = 0.1 atm

From\To         W1        W2        P1
W1        2.65e+09       ***  2.65e+09
W2             ***       ***       ***
P1        8.12e-22       ***  8.11e-22

Temperature = 1.2e+03 K    Pressure = 1 atm

From\To         W1        W2        P1
W1        8.45e+09       ***  8.45e+09
W2             ***       ***       ***
P1        2.62e-21       ***  2.65e-21

Temperature = 1.2e+03 K    Pressure = 10 atm

From\To         W1        W2        P1
W1        2.45e+10  1.33e+06  2.45e+10
W2          0.0155  6.95e+12  6.95e+12
P1        7.61e-21  1.19e-11  1.19e-11

Temperature = 1.2e+03 K    Pressure = 100 atm

From\To         W1        W2        P1
W1        6.45e+10  8.07e+06  6.45e+10
W2           0.505  1.41e+13  1.41e+13
P1        2.01e-20  2.69e-11  2.69e-11

Temperature = 1.3e+03 K

High Pressure Rate Coefficients:

From\To         W1        W2        P1
W1             ***  2.93e+12       ***
W2        1.05e+06       ***  1.35e+14
P1             ***  2.82e-10       ***

Temperature = 1.3e+03 K    Pressure = 0.1 atm

From\To         W1        W2        P1
W1        2.58e+09       ***  2.58e+09
W2             ***       ***       ***
P1         1.9e-21       ***  1.89e-21

Temperature = 1.3e+03 K    Pressure = 1 atm

From\To         W1        W2        P1
W1        8.19e+09       ***  8.19e+09
W2             ***       ***       ***
P1        6.11e-21       ***  6.11e-21

Temperature = 1.3e+03 K    Pressure = 10 atm

From\To         W1        W2        P1
W1        2.37e+10  4.69e+06  2.37e+10
W2           0.338  6.95e+12  6.95e+12
P1        1.78e-20  1.26e-11  1.26e-11

Temperature = 1.3e+03 K    Pressure = 100 atm

From\To         W1        W2        P1
W1        6.26e+10   3.3e+07  6.26e+10
W2            8.37  1.39e+13  1.39e+13
P1        4.69e-20   2.8e-11   2.8e-11

Temperature = 1.4e+03 K

High Pressure Rate Coefficients:

From\To         W1        W2        P1
W1             ***  3.31e+12       ***
W2         2.4e+06       ***  1.28e+14
P1             ***  2.86e-10       ***

Temperature = 1.4e+03 K    Pressure = 0.1 atm

From\To         W1        W2        P1
W1        2.39e+09       ***  2.39e+09
W2             ***       ***       ***
P1        3.78e-21       ***  3.79e-21

Temperature = 1.4e+03 K    Pressure = 1 atm

From\To         W1        W2        P1
W1        7.59e+09       ***  7.59e+09
W2             ***       ***       ***
P1        1.22e-20       ***  1.22e-20

Temperature = 1.4e+03 K    Pressure = 10 atm

From\To         W1        W2        P1
W1        2.21e+10  2.16e+07  2.21e+10
W2            5.65  7.03e+12  7.03e+12
P1        3.55e-20  1.34e-11  1.34e-11

Temperature = 1.4e+03 K    Pressure = 100 atm

From\To         W1        W2        P1
W1        5.86e+10  1.49e+08  5.85e+10
W2            89.4  1.38e+13  1.38e+13
P1        9.44e-20  2.97e-11  2.97e-11

Temperature = 1.5e+03 K

High Pressure Rate Coefficients:

From\To         W1        W2        P1
W1             ***  3.69e+12       ***
W2         4.9e+06       ***  1.21e+14
P1             ***  2.89e-10       ***

Temperature = 1.5e+03 K    Pressure = 0.1 atm

From\To         W1        W2        P1
W1        2.12e+09       ***  2.12e+09
W2             ***       ***       ***
P1        6.58e-21       ***  6.58e-21

Temperature = 1.5e+03 K    Pressure = 1 atm

From\To         W1        W2        P1
W1        6.76e+09       ***  6.76e+09
W2             ***       ***       ***
P1        2.13e-20       ***  2.13e-20

Temperature = 1.5e+03 K    Pressure = 10 atm

From\To         W1        W2        P1
W1        1.98e+10  7.32e+07  1.98e+10
W2            49.3  6.81e+12  6.81e+12
P1        6.26e-20  1.39e-11  1.39e-11

Temperature = 1.5e+03 K    Pressure = 100 atm

From\To         W1        W2        P1
W1        5.32e+10  4.47e+08  5.27e+10
W2             521  1.32e+13  1.32e+13
P1        1.67e-19  3.05e-11  3.05e-11

Temperature = 1.6e+03 K

High Pressure Rate Coefficients:

From\To         W1        W2        P1
W1             ***  4.05e+12       ***
W2        9.15e+06       ***  1.14e+14
P1             ***  2.92e-10       ***

Temperature = 1.6e+03 K    Pressure = 0.1 atm

From\To         W1        W2        P1
W1        2.08e+09       ***  2.08e+09
W2             ***       ***       ***
P1        1.18e-20       ***  1.18e-20

Temperature = 1.6e+03 K    Pressure = 1 atm

From\To         W1        W2        P1
W1         6.6e+09       ***   6.6e+09
W2             ***       ***       ***
P1        3.78e-20       ***  3.78e-20

Temperature = 1.6e+03 K    Pressure = 10 atm

From\To         W1        W2        P1
W1        1.93e+10  2.14e+08  1.91e+10
W2             297  6.65e+12  6.65e+12
P1        1.11e-19  1.45e-11  1.45e-11

Temperature = 1.6e+03 K    Pressure = 100 atm

From\To         W1        W2        P1
W1        5.19e+10  1.12e+09  5.07e+10
W2        2.29e+03  1.28e+13  1.28e+13
P1        2.94e-19  3.15e-11  3.15e-11

Temperature = 1.7e+03 K

High Pressure Rate Coefficients:

From\To         W1        W2        P1
W1             ***   4.4e+12       ***
W2        1.59e+07       ***  1.08e+14
P1             ***  2.95e-10       ***

Temperature = 1.7e+03 K    Pressure = 0.1 atm

From\To         W1        W2        P1
W1        1.97e+09       ***  1.97e+09
W2             ***       ***       ***
P1        1.91e-20       ***  1.91e-20

Temperature = 1.7e+03 K    Pressure = 1 atm

From\To         W1        W2        P1
W1        6.25e+09       ***  6.25e+09
W2             ***       ***       ***
P1        6.14e-20       ***  6.14e-20

Temperature = 1.7e+03 K    Pressure = 10 atm

From\To         W1        W2        P1
W1        1.84e+10  4.92e+08  1.79e+10
W2        1.28e+03  6.57e+12  6.57e+12
P1        1.78e-19  1.56e-11  1.56e-11

Temperature = 1.7e+03 K    Pressure = 100 atm

From\To         W1        W2        P1
W1        4.94e+10  2.35e+09  4.71e+10
W2        7.92e+03  1.26e+13  1.26e+13
P1        4.68e-19  3.34e-11  3.34e-11

Temperature = 1.8e+03 K

High Pressure Rate Coefficients:

From\To         W1        W2        P1
W1             ***  4.75e+12       ***
W2         2.6e+07       ***  1.01e+14
P1             ***  2.98e-10       ***

Temperature = 1.8e+03 K    Pressure = 0.1 atm

From\To         W1        W2        P1
W1        1.82e+09       ***  1.82e+09
W2             ***       ***       ***
P1        2.85e-20       ***  2.85e-20

Temperature = 1.8e+03 K    Pressure = 1 atm

From\To         W1        W2        P1
W1        5.79e+09       ***  5.79e+09
W2             ***       ***       ***
P1        9.23e-20       ***  9.23e-20

Temperature = 1.8e+03 K    Pressure = 10 atm

From\To         W1        W2        P1
W1        1.71e+10  9.58e+08  1.61e+10
W2        3.79e+03  6.14e+12  6.14e+12
P1        2.64e-19  1.54e-11  1.54e-11

Temperature = 1.8e+03 K    Pressure = 100 atm

From\To         W1        W2        P1
W1        4.62e+10  3.97e+09  4.22e+10
W2        2.03e+04  1.17e+13  1.17e+13
P1        6.85e-19   3.3e-11   3.3e-11

Temperature = 1.9e+03 K

High Pressure Rate Coefficients:

From\To         W1        W2        P1
W1             ***  5.09e+12       ***
W2        4.04e+07       ***  9.51e+13
P1             ***     3e-10       ***

Temperature = 1.9e+03 K    Pressure = 0.1 atm

From\To         W1        W2        P1
W1        1.57e+09       ***  1.57e+09
W2             ***       ***       ***
P1        3.83e-20       ***  3.83e-20

Temperature = 1.9e+03 K    Pressure = 1 atm

From\To         W1        W2        P1
W1        5.17e+09       ***  5.18e+09
W2             ***       ***       ***
P1        1.28e-19       ***  1.28e-19

Temperature = 1.9e+03 K    Pressure = 10 atm

From\To         W1        W2        P1
W1        1.55e+10  1.81e+09  1.37e+10
W2        1.04e+04  6.08e+12  6.08e+12
P1        3.58e-19  1.62e-11  1.62e-11

Temperature = 1.9e+03 K    Pressure = 100 atm

From\To         W1        W2        P1
W1        4.23e+10  6.77e+09  3.55e+10
W2        5.08e+04  1.14e+13  1.14e+13
P1        9.04e-19  3.47e-11  3.47e-11

Temperature = 2e+03 K

High Pressure Rate Coefficients:

From\To         W1        W2        P1
W1             ***  5.41e+12       ***
W2        6.01e+07       ***  8.94e+13
P1             ***  3.03e-10       ***

Temperature = 2e+03 K    Pressure = 0.1 atm

From\To         W1        W2        P1
W1        1.29e+09       ***  1.29e+09
W2             ***       ***       ***
P1         4.7e-20       ***   4.7e-20

Temperature = 2e+03 K    Pressure = 1 atm

From\To         W1        W2        P1
W1        4.48e+09       ***  4.48e+09
W2             ***       ***       ***
P1        1.67e-19       ***  1.67e-19

Temperature = 2e+03 K    Pressure = 10 atm

From\To         W1        W2        P1
W1        1.37e+10  2.62e+09  1.11e+10
W2        2.09e+04  5.77e+12  5.77e+12
P1        4.53e-19  1.66e-11  1.66e-11

Temperature = 2e+03 K    Pressure = 100 atm

From\To         W1        W2        P1
W1         3.8e+10  9.27e+09  2.88e+10
W2        9.78e+04  1.08e+13  1.08e+13
P1        1.11e-18  3.52e-11  3.52e-11

______________________________________________________________________________________

High Pressure Rate Coefficients (Temperature-Species Rate Tables):

Reactant = W1
   T(K)        W1        W2        P1
    500       ***  2.36e+11       ***
    600       ***  4.51e+11       ***
    700       ***  7.28e+11       ***
    800       ***  1.05e+12       ***
    900       ***  1.41e+12       ***
  1e+03       ***  1.78e+12       ***
1.1e+03       ***  2.16e+12       ***
1.2e+03       ***  2.55e+12       ***
1.3e+03       ***  2.93e+12       ***
1.4e+03       ***  3.31e+12       ***
1.5e+03       ***  3.69e+12       ***
1.6e+03       ***  4.05e+12       ***
1.7e+03       ***   4.4e+12       ***
1.8e+03       ***  4.75e+12       ***
1.9e+03       ***  5.09e+12       ***
  2e+03       ***  5.41e+12       ***

Reactant = W2
   T(K)        W1        W2        P1
    500    0.0086       ***  8.56e+13
    600       1.4       ***  1.15e+14
    700        52       ***  1.35e+14
    800       773       ***  1.46e+14
    900  6.25e+03       ***   1.5e+14
  1e+03  3.32e+04       ***   1.5e+14
1.1e+03   1.3e+05       ***  1.46e+14
1.2e+03  4.03e+05       ***  1.41e+14
1.3e+03  1.05e+06       ***  1.35e+14
1.4e+03   2.4e+06       ***  1.28e+14
1.5e+03   4.9e+06       ***  1.21e+14
1.6e+03  9.15e+06       ***  1.14e+14
1.7e+03  1.59e+07       ***  1.08e+14
1.8e+03   2.6e+07       ***  1.01e+14
1.9e+03  4.04e+07       ***  9.51e+13
  2e+03  6.01e+07       ***  8.94e+13

Reactant = P1
   T(K)        W1        W2        P1
    500       ***  2.41e-10       ***
    600       ***  2.48e-10       ***
    700       ***  2.54e-10       ***
    800       ***   2.6e-10       ***
    900       ***  2.65e-10       ***
  1e+03       ***   2.7e-10       ***
1.1e+03       ***  2.74e-10       ***
1.2e+03       ***  2.78e-10       ***
1.3e+03       ***  2.82e-10       ***
1.4e+03       ***  2.86e-10       ***
1.5e+03       ***  2.89e-10       ***
1.6e+03       ***  2.92e-10       ***
1.7e+03       ***  2.95e-10       ***
1.8e+03       ***  2.98e-10       ***
1.9e+03       ***     3e-10       ***
  2e+03       ***  3.03e-10       ***

Capture/Escape Rate Coefficients:

   T(K)        W1        W2        P1
    500  2.36e+11  8.56e+13  2.41e-10
    600  4.51e+11  1.15e+14  2.48e-10
    700  7.28e+11  1.35e+14  2.54e-10
    800  1.05e+12  1.46e+14   2.6e-10
    900  1.41e+12   1.5e+14  2.65e-10
  1e+03  1.78e+12   1.5e+14   2.7e-10
1.1e+03  2.16e+12  1.46e+14  2.74e-10
1.2e+03  2.55e+12  1.41e+14  2.78e-10
1.3e+03  2.93e+12  1.35e+14  2.82e-10
1.4e+03  3.31e+12  1.28e+14  2.86e-10
1.5e+03  3.69e+12  1.21e+14  2.89e-10
1.6e+03  4.05e+12  1.14e+14  2.92e-10
1.7e+03   4.4e+12  1.08e+14  2.95e-10
1.8e+03  4.75e+12  1.01e+14  2.98e-10
1.9e+03  5.09e+12  9.51e+13     3e-10
  2e+03  5.41e+12  8.94e+13  3.03e-10

______________________________________________________________________________________

Pressure-Species Rate Tables:

Reactant = W1   Temperature = 500 K

   P(atm)        W2        P1      Loss
      0.1  4.43e+05  3.65e+09  3.65e+09
        1  6.89e+04  1.06e+10  1.06e+10
       10  1.34e+05  2.69e+10  2.69e+10
      100  8.87e+05  6.59e+10  6.59e+10
      O-O  2.36e+11       ***  2.36e+11

Reactant = W1   Temperature = 600 K

   P(atm)        W2        P1      Loss
      0.1       ***  3.97e+09  3.97e+09
        1   1.7e+04   1.2e+10   1.2e+10
       10  2.86e+05  3.15e+10  3.15e+10
      100  1.85e+06  7.86e+10  7.86e+10
      O-O  4.51e+11       ***  4.51e+11

Reactant = W1   Temperature = 700 K

   P(atm)        W2        P1      Loss
      0.1       ***  3.88e+09  3.88e+09
        1  4.47e+04   1.2e+10   1.2e+10
       10  4.37e+05  3.26e+10  3.26e+10
      100   2.7e+06  8.23e+10  8.23e+10
      O-O  7.28e+11       ***  7.28e+11

Reactant = W1   Temperature = 800 K

   P(atm)        W2        P1      Loss
      0.1       ***  3.59e+09  3.59e+09
        1       ***  1.13e+10  1.13e+10
       10  5.42e+05  3.13e+10  3.13e+10
      100  3.23e+06  8.02e+10  8.03e+10
      O-O  1.05e+12       ***  1.05e+12

Reactant = W1   Temperature = 900 K

   P(atm)        W2        P1      Loss
      0.1       ***  3.26e+09  3.26e+09
        1       ***  1.04e+10  1.04e+10
       10  6.32e+05  2.93e+10  2.93e+10
      100  3.64e+06  7.59e+10  7.59e+10
      O-O  1.41e+12       ***  1.41e+12

Reactant = W1   Temperature = 1e+03 K

   P(atm)        W2        P1      Loss
      0.1       ***  3.02e+09  3.02e+09
        1       ***  9.65e+09  9.65e+09
       10  6.84e+05  2.76e+10  2.76e+10
      100   3.8e+06  7.19e+10  7.19e+10
      O-O  1.78e+12       ***  1.78e+12

Reactant = W1   Temperature = 1.1e+03 K

   P(atm)        W2        P1      Loss
      0.1       ***  2.93e+09  2.93e+09
        1       ***  9.32e+09  9.32e+09
       10  8.15e+05  2.67e+10  2.67e+10
      100  4.18e+06  6.98e+10  6.98e+10
      O-O  2.16e+12       ***  2.16e+12

Reactant = W1   Temperature = 1.2e+03 K

   P(atm)        W2        P1      Loss
      0.1       ***  2.65e+09  2.65e+09
        1       ***  8.45e+09  8.45e+09
       10  1.33e+06  2.45e+10  2.45e+10
      100  8.07e+06  6.45e+10  6.45e+10
      O-O  2.55e+12       ***  2.55e+12

Reactant = W1   Temperature = 1.3e+03 K

   P(atm)        W2        P1      Loss
      0.1       ***  2.58e+09  2.58e+09
        1       ***  8.19e+09  8.19e+09
       10  4.69e+06  2.37e+10  2.37e+10
      100   3.3e+07  6.26e+10  6.26e+10
      O-O  2.93e+12       ***  2.93e+12

Reactant = W1   Temperature = 1.4e+03 K

   P(atm)        W2        P1      Loss
      0.1       ***  2.39e+09  2.39e+09
        1       ***  7.59e+09  7.59e+09
       10  2.16e+07  2.21e+10  2.21e+10
      100  1.49e+08  5.85e+10  5.86e+10
      O-O  3.31e+12       ***  3.31e+12

Reactant = W1   Temperature = 1.5e+03 K

   P(atm)        W2        P1      Loss
      0.1       ***  2.12e+09  2.12e+09
        1       ***  6.76e+09  6.76e+09
       10  7.32e+07  1.98e+10  1.98e+10
      100  4.47e+08  5.27e+10  5.32e+10
      O-O  3.69e+12       ***  3.69e+12

Reactant = W1   Temperature = 1.6e+03 K

   P(atm)        W2        P1      Loss
      0.1       ***  2.08e+09  2.08e+09
        1       ***   6.6e+09   6.6e+09
       10  2.14e+08  1.91e+10  1.93e+10
      100  1.12e+09  5.07e+10  5.19e+10
      O-O  4.05e+12       ***  4.05e+12

Reactant = W1   Temperature = 1.7e+03 K

   P(atm)        W2        P1      Loss
      0.1       ***  1.97e+09  1.97e+09
        1       ***  6.25e+09  6.25e+09
       10  4.92e+08  1.79e+10  1.84e+10
      100  2.35e+09  4.71e+10  4.94e+10
      O-O   4.4e+12       ***   4.4e+12

Reactant = W1   Temperature = 1.8e+03 K

   P(atm)        W2        P1      Loss
      0.1       ***  1.82e+09  1.82e+09
        1       ***  5.79e+09  5.79e+09
       10  9.58e+08  1.61e+10  1.71e+10
      100  3.97e+09  4.22e+10  4.62e+10
      O-O  4.75e+12       ***  4.75e+12

Reactant = W1   Temperature = 1.9e+03 K

   P(atm)        W2        P1      Loss
      0.1       ***  1.57e+09  1.57e+09
        1       ***  5.18e+09  5.17e+09
       10  1.81e+09  1.37e+10  1.55e+10
      100  6.77e+09  3.55e+10  4.23e+10
      O-O  5.09e+12       ***  5.09e+12

Reactant = W1   Temperature = 2e+03 K

   P(atm)        W2        P1      Loss
      0.1       ***  1.29e+09  1.29e+09
        1       ***  4.48e+09  4.48e+09
       10  2.62e+09  1.11e+10  1.37e+10
      100  9.27e+09  2.88e+10   3.8e+10
      O-O  5.41e+12       ***  5.41e+12

Reactant = W2   Temperature = 500 K

   P(atm)        W1        P1      Loss
      0.1  1.89e-15  9.87e+10  9.87e+10
        1  7.62e-16  4.07e+11  4.07e+11
       10  2.94e-14  1.44e+12  1.44e+12
      100 -2.98e-14   4.3e+12   4.3e+12
      O-O    0.0086  8.56e+13  8.56e+13

Reactant = W2   Temperature = 600 K

   P(atm)        W1        P1      Loss
      0.1       ***       ***       ***
        1   9.7e-13  9.52e+11  9.52e+11
       10 -2.07e-11  2.74e+12  2.74e+12
      100 -6.64e-11  7.17e+12  7.17e+12
      O-O       1.4  1.15e+14  1.15e+14

Reactant = W2   Temperature = 700 K

   P(atm)        W1        P1      Loss
      0.1       ***       ***       ***
        1  8.09e-11  1.57e+12  1.57e+12
       10 -2.95e-09  3.95e+12  3.95e+12
      100  2.59e-07  9.56e+12  9.56e+12
      O-O        52  1.35e+14  1.35e+14

Reactant = W2   Temperature = 800 K

   P(atm)        W1        P1      Loss
      0.1       ***       ***       ***
        1       ***       ***       ***
       10 -1.38e-07  4.96e+12  4.96e+12
      100 -2.15e-06  1.13e+13  1.13e+13
      O-O       773  1.46e+14  1.46e+14

Reactant = W2   Temperature = 900 K

   P(atm)        W1        P1      Loss
      0.1       ***       ***       ***
        1       ***       ***       ***
       10  2.33e-06  5.94e+12  5.94e+12
      100 -3.02e-05   1.3e+13   1.3e+13
      O-O  6.25e+03   1.5e+14   1.5e+14

Reactant = W2   Temperature = 1e+03 K

   P(atm)        W1        P1      Loss
      0.1       ***       ***       ***
        1       ***       ***       ***
       10  2.91e-05  6.58e+12  6.58e+12
      100 -0.000724  1.39e+13  1.39e+13
      O-O  3.32e+04   1.5e+14   1.5e+14

Reactant = W2   Temperature = 1.1e+03 K

   P(atm)        W1        P1      Loss
      0.1       ***       ***       ***
        1       ***       ***       ***
       10  0.000629  7.09e+12  7.09e+12
      100  -0.00214  1.46e+13  1.46e+13
      O-O   1.3e+05  1.46e+14  1.46e+14

Reactant = W2   Temperature = 1.2e+03 K

   P(atm)        W1        P1      Loss
      0.1       ***       ***       ***
        1       ***       ***       ***
       10    0.0155  6.95e+12  6.95e+12
      100     0.505  1.41e+13  1.41e+13
      O-O  4.03e+05  1.41e+14  1.41e+14

Reactant = W2   Temperature = 1.3e+03 K

   P(atm)        W1        P1      Loss
      0.1       ***       ***       ***
        1       ***       ***       ***
       10     0.338  6.95e+12  6.95e+12
      100      8.37  1.39e+13  1.39e+13
      O-O  1.05e+06  1.35e+14  1.35e+14

Reactant = W2   Temperature = 1.4e+03 K

   P(atm)        W1        P1      Loss
      0.1       ***       ***       ***
        1       ***       ***       ***
       10      5.65  7.03e+12  7.03e+12
      100      89.4  1.38e+13  1.38e+13
      O-O   2.4e+06  1.28e+14  1.28e+14

Reactant = W2   Temperature = 1.5e+03 K

   P(atm)        W1        P1      Loss
      0.1       ***       ***       ***
        1       ***       ***       ***
       10      49.3  6.81e+12  6.81e+12
      100       521  1.32e+13  1.32e+13
      O-O   4.9e+06  1.21e+14  1.21e+14

Reactant = W2   Temperature = 1.6e+03 K

   P(atm)        W1        P1      Loss
      0.1       ***       ***       ***
        1       ***       ***       ***
       10       297  6.65e+12  6.65e+12
      100  2.29e+03  1.28e+13  1.28e+13
      O-O  9.15e+06  1.14e+14  1.14e+14

Reactant = W2   Temperature = 1.7e+03 K

   P(atm)        W1        P1      Loss
      0.1       ***       ***       ***
        1       ***       ***       ***
       10  1.28e+03  6.57e+12  6.57e+12
      100  7.92e+03  1.26e+13  1.26e+13
      O-O  1.59e+07  1.08e+14  1.08e+14

Reactant = W2   Temperature = 1.8e+03 K

   P(atm)        W1        P1      Loss
      0.1       ***       ***       ***
        1       ***       ***       ***
       10  3.79e+03  6.14e+12  6.14e+12
      100  2.03e+04  1.17e+13  1.17e+13
      O-O   2.6e+07  1.01e+14  1.01e+14

Reactant = W2   Temperature = 1.9e+03 K

   P(atm)        W1        P1      Loss
      0.1       ***       ***       ***
        1       ***       ***       ***
       10  1.04e+04  6.08e+12  6.08e+12
      100  5.08e+04  1.14e+13  1.14e+13
      O-O  4.04e+07  9.51e+13  9.51e+13

Reactant = W2   Temperature = 2e+03 K

   P(atm)        W1        P1      Loss
      0.1       ***       ***       ***
        1       ***       ***       ***
       10  2.09e+04  5.77e+12  5.77e+12
      100  9.78e+04  1.08e+13  1.08e+13
      O-O  6.01e+07  8.94e+13  8.94e+13

Reactant = P1   Temperature = 500 K

   P(atm)        W1        W2      Loss
      0.1  3.73e-28  2.39e-13  2.39e-13
        1  1.09e-27  1.08e-12  1.08e-12
       10  2.75e-27  3.98e-12  3.98e-12
      100  6.76e-27   1.2e-11   1.2e-11
      O-O       ***  2.41e-10  2.41e-10

Reactant = P1   Temperature = 600 K

   P(atm)        W1        W2      Loss
      0.1  2.64e-26       *** -1.34e-23
        1  8.02e-26   1.8e-12   1.8e-12
       10  2.11e-25  5.68e-12  5.68e-12
      100  5.26e-25  1.53e-11  1.53e-11
      O-O       ***  2.48e-10  2.48e-10

Reactant = P1   Temperature = 700 K

   P(atm)        W1        W2      Loss
      0.1   5.2e-25       ***  2.12e-23
        1  1.62e-24   2.4e-12   2.4e-12
       10  4.39e-24  7.03e-12  7.03e-12
      100  1.11e-23  1.78e-11  1.78e-11
      O-O       ***  2.54e-10  2.54e-10

Reactant = P1   Temperature = 800 K

   P(atm)        W1        W2      Loss
      0.1  4.66e-24       ***  3.31e-24
        1  1.48e-23       ***  8.83e-24
       10   4.1e-23  8.17e-12  8.17e-12
      100  1.05e-22  1.99e-11  1.99e-11
      O-O       ***   2.6e-10   2.6e-10

Reactant = P1   Temperature = 900 K

   P(atm)        W1        W2      Loss
      0.1  2.54e-23       ***  3.39e-23
        1  8.12e-23       ***  7.84e-23
       10   2.3e-22   9.5e-12   9.5e-12
      100  5.96e-22  2.24e-11  2.24e-11
      O-O       ***  2.65e-10  2.65e-10

Reactant = P1   Temperature = 1e+03 K

   P(atm)        W1        W2      Loss
      0.1     1e-22       ***   1.1e-22
        1  3.23e-22       ***   3.1e-22
       10  9.25e-22  1.06e-11  1.06e-11
      100  2.41e-21  2.44e-11  2.44e-11
      O-O       ***   2.7e-10   2.7e-10

Reactant = P1   Temperature = 1.1e+03 K

   P(atm)        W1        W2      Loss
      0.1  3.24e-22       ***  3.29e-22
        1  1.04e-21       ***  1.02e-21
       10     3e-21  1.16e-11  1.16e-11
      100  7.83e-21  2.65e-11  2.65e-11
      O-O       ***  2.74e-10  2.74e-10

Reactant = P1   Temperature = 1.2e+03 K

   P(atm)        W1        W2      Loss
      0.1  8.12e-22       ***  8.11e-22
        1  2.62e-21       ***  2.65e-21
       10  7.61e-21  1.19e-11  1.19e-11
      100  2.01e-20  2.69e-11  2.69e-11
      O-O       ***  2.78e-10  2.78e-10

Reactant = P1   Temperature = 1.3e+03 K

   P(atm)        W1        W2      Loss
      0.1   1.9e-21       ***  1.89e-21
        1  6.11e-21       ***  6.11e-21
       10  1.78e-20  1.26e-11  1.26e-11
      100  4.69e-20   2.8e-11   2.8e-11
      O-O       ***  2.82e-10  2.82e-10

Reactant = P1   Temperature = 1.4e+03 K

   P(atm)        W1        W2      Loss
      0.1  3.78e-21       ***  3.79e-21
        1  1.22e-20       ***  1.22e-20
       10  3.55e-20  1.34e-11  1.34e-11
      100  9.44e-20  2.97e-11  2.97e-11
      O-O       ***  2.86e-10  2.86e-10

Reactant = P1   Temperature = 1.5e+03 K

   P(atm)        W1        W2      Loss
      0.1  6.58e-21       ***  6.58e-21
        1  2.13e-20       ***  2.13e-20
       10  6.26e-20  1.39e-11  1.39e-11
      100  1.67e-19  3.05e-11  3.05e-11
      O-O       ***  2.89e-10  2.89e-10

Reactant = P1   Temperature = 1.6e+03 K

   P(atm)        W1        W2      Loss
      0.1  1.18e-20       ***  1.18e-20
        1  3.78e-20       ***  3.78e-20
       10  1.11e-19  1.45e-11  1.45e-11
      100  2.94e-19  3.15e-11  3.15e-11
      O-O       ***  2.92e-10  2.92e-10

Reactant = P1   Temperature = 1.7e+03 K

   P(atm)        W1        W2      Loss
      0.1  1.91e-20       ***  1.91e-20
        1  6.14e-20       ***  6.14e-20
       10  1.78e-19  1.56e-11  1.56e-11
      100  4.68e-19  3.34e-11  3.34e-11
      O-O       ***  2.95e-10  2.95e-10

Reactant = P1   Temperature = 1.8e+03 K

   P(atm)        W1        W2      Loss
      0.1  2.85e-20       ***  2.85e-20
        1  9.23e-20       ***  9.23e-20
       10  2.64e-19  1.54e-11  1.54e-11
      100  6.85e-19   3.3e-11   3.3e-11
      O-O       ***  2.98e-10  2.98e-10

Reactant = P1   Temperature = 1.9e+03 K

   P(atm)        W1        W2      Loss
      0.1  3.83e-20       ***  3.83e-20
        1  1.28e-19       ***  1.28e-19
       10  3.58e-19  1.62e-11  1.62e-11
      100  9.04e-19  3.47e-11  3.47e-11
      O-O       ***     3e-10     3e-10

Reactant = P1   Temperature = 2e+03 K

   P(atm)        W1        W2      Loss
      0.1   4.7e-20       ***   4.7e-20
        1  1.67e-19       ***  1.67e-19
       10  4.53e-19  1.66e-11  1.66e-11
      100  1.11e-18  3.52e-11  3.52e-11
      O-O       ***  3.03e-10  3.03e-10

______________________________________________________________________________________

Temperature-Species Rate Tables:

Reactant = W1   Pressure = 0.1 atm

   T(K)        W2        P1      Loss   Capture
    500  4.43e+05  3.65e+09  3.65e+09  2.36e+11
    600       ***  3.97e+09  3.97e+09  4.51e+11
    700       ***  3.88e+09  3.88e+09  7.28e+11
    800       ***  3.59e+09  3.59e+09  1.05e+12
    900       ***  3.26e+09  3.26e+09  1.41e+12
  1e+03       ***  3.02e+09  3.02e+09  1.78e+12
1.1e+03       ***  2.93e+09  2.93e+09  2.16e+12
1.2e+03       ***  2.65e+09  2.65e+09  2.55e+12
1.3e+03       ***  2.58e+09  2.58e+09  2.93e+12
1.4e+03       ***  2.39e+09  2.39e+09  3.31e+12
1.5e+03       ***  2.12e+09  2.12e+09  3.69e+12
1.6e+03       ***  2.08e+09  2.08e+09  4.05e+12
1.7e+03       ***  1.97e+09  1.97e+09   4.4e+12
1.8e+03       ***  1.82e+09  1.82e+09  4.75e+12
1.9e+03       ***  1.57e+09  1.57e+09  5.09e+12
  2e+03       ***  1.29e+09  1.29e+09  5.41e+12

Reactant = W1   Pressure = 1 atm

   T(K)        W2        P1      Loss   Capture
    500  6.89e+04  1.06e+10  1.06e+10  2.36e+11
    600   1.7e+04   1.2e+10   1.2e+10  4.51e+11
    700  4.47e+04   1.2e+10   1.2e+10  7.28e+11
    800       ***  1.13e+10  1.13e+10  1.05e+12
    900       ***  1.04e+10  1.04e+10  1.41e+12
  1e+03       ***  9.65e+09  9.65e+09  1.78e+12
1.1e+03       ***  9.32e+09  9.32e+09  2.16e+12
1.2e+03       ***  8.45e+09  8.45e+09  2.55e+12
1.3e+03       ***  8.19e+09  8.19e+09  2.93e+12
1.4e+03       ***  7.59e+09  7.59e+09  3.31e+12
1.5e+03       ***  6.76e+09  6.76e+09  3.69e+12
1.6e+03       ***   6.6e+09   6.6e+09  4.05e+12
1.7e+03       ***  6.25e+09  6.25e+09   4.4e+12
1.8e+03       ***  5.79e+09  5.79e+09  4.75e+12
1.9e+03       ***  5.18e+09  5.17e+09  5.09e+12
  2e+03       ***  4.48e+09  4.48e+09  5.41e+12

Reactant = W1   Pressure = 10 atm

   T(K)        W2        P1      Loss   Capture
    500  1.34e+05  2.69e+10  2.69e+10  2.36e+11
    600  2.86e+05  3.15e+10  3.15e+10  4.51e+11
    700  4.37e+05  3.26e+10  3.26e+10  7.28e+11
    800  5.42e+05  3.13e+10  3.13e+10  1.05e+12
    900  6.32e+05  2.93e+10  2.93e+10  1.41e+12
  1e+03  6.84e+05  2.76e+10  2.76e+10  1.78e+12
1.1e+03  8.15e+05  2.67e+10  2.67e+10  2.16e+12
1.2e+03  1.33e+06  2.45e+10  2.45e+10  2.55e+12
1.3e+03  4.69e+06  2.37e+10  2.37e+10  2.93e+12
1.4e+03  2.16e+07  2.21e+10  2.21e+10  3.31e+12
1.5e+03  7.32e+07  1.98e+10  1.98e+10  3.69e+12
1.6e+03  2.14e+08  1.91e+10  1.93e+10  4.05e+12
1.7e+03  4.92e+08  1.79e+10  1.84e+10   4.4e+12
1.8e+03  9.58e+08  1.61e+10  1.71e+10  4.75e+12
1.9e+03  1.81e+09  1.37e+10  1.55e+10  5.09e+12
  2e+03  2.62e+09  1.11e+10  1.37e+10  5.41e+12

Reactant = W1   Pressure = 100 atm

   T(K)        W2        P1      Loss   Capture
    500  8.87e+05  6.59e+10  6.59e+10  2.36e+11
    600  1.85e+06  7.86e+10  7.86e+10  4.51e+11
    700   2.7e+06  8.23e+10  8.23e+10  7.28e+11
    800  3.23e+06  8.02e+10  8.03e+10  1.05e+12
    900  3.64e+06  7.59e+10  7.59e+10  1.41e+12
  1e+03   3.8e+06  7.19e+10  7.19e+10  1.78e+12
1.1e+03  4.18e+06  6.98e+10  6.98e+10  2.16e+12
1.2e+03  8.07e+06  6.45e+10  6.45e+10  2.55e+12
1.3e+03   3.3e+07  6.26e+10  6.26e+10  2.93e+12
1.4e+03  1.49e+08  5.85e+10  5.86e+10  3.31e+12
1.5e+03  4.47e+08  5.27e+10  5.32e+10  3.69e+12
1.6e+03  1.12e+09  5.07e+10  5.19e+10  4.05e+12
1.7e+03  2.35e+09  4.71e+10  4.94e+10   4.4e+12
1.8e+03  3.97e+09  4.22e+10  4.62e+10  4.75e+12
1.9e+03  6.77e+09  3.55e+10  4.23e+10  5.09e+12
  2e+03  9.27e+09  2.88e+10   3.8e+10  5.41e+12

Reactant = W2   Pressure = 0.1 atm

   T(K)        W1        P1      Loss   Capture
    500  1.89e-15  9.87e+10  9.87e+10  8.56e+13
    600       ***       ***       ***  1.15e+14
    700       ***       ***       ***  1.35e+14
    800       ***       ***       ***  1.46e+14
    900       ***       ***       ***   1.5e+14
  1e+03       ***       ***       ***   1.5e+14
1.1e+03       ***       ***       ***  1.46e+14
1.2e+03       ***       ***       ***  1.41e+14
1.3e+03       ***       ***       ***  1.35e+14
1.4e+03       ***       ***       ***  1.28e+14
1.5e+03       ***       ***       ***  1.21e+14
1.6e+03       ***       ***       ***  1.14e+14
1.7e+03       ***       ***       ***  1.08e+14
1.8e+03       ***       ***       ***  1.01e+14
1.9e+03       ***       ***       ***  9.51e+13
  2e+03       ***       ***       ***  8.94e+13

Reactant = W2   Pressure = 1 atm

   T(K)        W1        P1      Loss   Capture
    500  7.62e-16  4.07e+11  4.07e+11  8.56e+13
    600   9.7e-13  9.52e+11  9.52e+11  1.15e+14
    700  8.09e-11  1.57e+12  1.57e+12  1.35e+14
    800       ***       ***       ***  1.46e+14
    900       ***       ***       ***   1.5e+14
  1e+03       ***       ***       ***   1.5e+14
1.1e+03       ***       ***       ***  1.46e+14
1.2e+03       ***       ***       ***  1.41e+14
1.3e+03       ***       ***       ***  1.35e+14
1.4e+03       ***       ***       ***  1.28e+14
1.5e+03       ***       ***       ***  1.21e+14
1.6e+03       ***       ***       ***  1.14e+14
1.7e+03       ***       ***       ***  1.08e+14
1.8e+03       ***       ***       ***  1.01e+14
1.9e+03       ***       ***       ***  9.51e+13
  2e+03       ***       ***       ***  8.94e+13

Reactant = W2   Pressure = 10 atm

   T(K)        W1        P1      Loss   Capture
    500  2.94e-14  1.44e+12  1.44e+12  8.56e+13
    600 -2.07e-11  2.74e+12  2.74e+12  1.15e+14
    700 -2.95e-09  3.95e+12  3.95e+12  1.35e+14
    800 -1.38e-07  4.96e+12  4.96e+12  1.46e+14
    900  2.33e-06  5.94e+12  5.94e+12   1.5e+14
  1e+03  2.91e-05  6.58e+12  6.58e+12   1.5e+14
1.1e+03  0.000629  7.09e+12  7.09e+12  1.46e+14
1.2e+03    0.0155  6.95e+12  6.95e+12  1.41e+14
1.3e+03     0.338  6.95e+12  6.95e+12  1.35e+14
1.4e+03      5.65  7.03e+12  7.03e+12  1.28e+14
1.5e+03      49.3  6.81e+12  6.81e+12  1.21e+14
1.6e+03       297  6.65e+12  6.65e+12  1.14e+14
1.7e+03  1.28e+03  6.57e+12  6.57e+12  1.08e+14
1.8e+03  3.79e+03  6.14e+12  6.14e+12  1.01e+14
1.9e+03  1.04e+04  6.08e+12  6.08e+12  9.51e+13
  2e+03  2.09e+04  5.77e+12  5.77e+12  8.94e+13

Reactant = W2   Pressure = 100 atm

   T(K)        W1        P1      Loss   Capture
    500 -2.98e-14   4.3e+12   4.3e+12  8.56e+13
    600 -6.64e-11  7.17e+12  7.17e+12  1.15e+14
    700  2.59e-07  9.56e+12  9.56e+12  1.35e+14
    800 -2.15e-06  1.13e+13  1.13e+13  1.46e+14
    900 -3.02e-05   1.3e+13   1.3e+13   1.5e+14
  1e+03 -0.000724  1.39e+13  1.39e+13   1.5e+14
1.1e+03  -0.00214  1.46e+13  1.46e+13  1.46e+14
1.2e+03     0.505  1.41e+13  1.41e+13  1.41e+14
1.3e+03      8.37  1.39e+13  1.39e+13  1.35e+14
1.4e+03      89.4  1.38e+13  1.38e+13  1.28e+14
1.5e+03       521  1.32e+13  1.32e+13  1.21e+14
1.6e+03  2.29e+03  1.28e+13  1.28e+13  1.14e+14
1.7e+03  7.92e+03  1.26e+13  1.26e+13  1.08e+14
1.8e+03  2.03e+04  1.17e+13  1.17e+13  1.01e+14
1.9e+03  5.08e+04  1.14e+13  1.14e+13  9.51e+13
  2e+03  9.78e+04  1.08e+13  1.08e+13  8.94e+13

Reactant = P1   Pressure = 0.1 atm

   T(K)        W1        W2      Loss   Capture
    500  3.73e-28  2.39e-13  2.39e-13  2.41e-10
    600  2.64e-26       *** -1.34e-23  2.48e-10
    700   5.2e-25       ***  2.12e-23  2.54e-10
    800  4.66e-24       ***  3.31e-24   2.6e-10
    900  2.54e-23       ***  3.39e-23  2.65e-10
  1e+03     1e-22       ***   1.1e-22   2.7e-10
1.1e+03  3.24e-22       ***  3.29e-22  2.74e-10
1.2e+03  8.12e-22       ***  8.11e-22  2.78e-10
1.3e+03   1.9e-21       ***  1.89e-21  2.82e-10
1.4e+03  3.78e-21       ***  3.79e-21  2.86e-10
1.5e+03  6.58e-21       ***  6.58e-21  2.89e-10
1.6e+03  1.18e-20       ***  1.18e-20  2.92e-10
1.7e+03  1.91e-20       ***  1.91e-20  2.95e-10
1.8e+03  2.85e-20       ***  2.85e-20  2.98e-10
1.9e+03  3.83e-20       ***  3.83e-20     3e-10
  2e+03   4.7e-20       ***   4.7e-20  3.03e-10

Reactant = P1   Pressure = 1 atm

   T(K)        W1        W2      Loss   Capture
    500  1.09e-27  1.08e-12  1.08e-12  2.41e-10
    600  8.02e-26   1.8e-12   1.8e-12  2.48e-10
    700  1.62e-24   2.4e-12   2.4e-12  2.54e-10
    800  1.48e-23       ***  8.83e-24   2.6e-10
    900  8.12e-23       ***  7.84e-23  2.65e-10
  1e+03  3.23e-22       ***   3.1e-22   2.7e-10
1.1e+03  1.04e-21       ***  1.02e-21  2.74e-10
1.2e+03  2.62e-21       ***  2.65e-21  2.78e-10
1.3e+03  6.11e-21       ***  6.11e-21  2.82e-10
1.4e+03  1.22e-20       ***  1.22e-20  2.86e-10
1.5e+03  2.13e-20       ***  2.13e-20  2.89e-10
1.6e+03  3.78e-20       ***  3.78e-20  2.92e-10
1.7e+03  6.14e-20       ***  6.14e-20  2.95e-10
1.8e+03  9.23e-20       ***  9.23e-20  2.98e-10
1.9e+03  1.28e-19       ***  1.28e-19     3e-10
  2e+03  1.67e-19       ***  1.67e-19  3.03e-10

Reactant = P1   Pressure = 10 atm

   T(K)        W1        W2      Loss   Capture
    500  2.75e-27  3.98e-12  3.98e-12  2.41e-10
    600  2.11e-25  5.68e-12  5.68e-12  2.48e-10
    700  4.39e-24  7.03e-12  7.03e-12  2.54e-10
    800   4.1e-23  8.17e-12  8.17e-12   2.6e-10
    900   2.3e-22   9.5e-12   9.5e-12  2.65e-10
  1e+03  9.25e-22  1.06e-11  1.06e-11   2.7e-10
1.1e+03     3e-21  1.16e-11  1.16e-11  2.74e-10
1.2e+03  7.61e-21  1.19e-11  1.19e-11  2.78e-10
1.3e+03  1.78e-20  1.26e-11  1.26e-11  2.82e-10
1.4e+03  3.55e-20  1.34e-11  1.34e-11  2.86e-10
1.5e+03  6.26e-20  1.39e-11  1.39e-11  2.89e-10
1.6e+03  1.11e-19  1.45e-11  1.45e-11  2.92e-10
1.7e+03  1.78e-19  1.56e-11  1.56e-11  2.95e-10
1.8e+03  2.64e-19  1.54e-11  1.54e-11  2.98e-10
1.9e+03  3.58e-19  1.62e-11  1.62e-11     3e-10
  2e+03  4.53e-19  1.66e-11  1.66e-11  3.03e-10

Reactant = P1   Pressure = 100 atm

   T(K)        W1        W2      Loss   Capture
    500  6.76e-27   1.2e-11   1.2e-11  2.41e-10
    600  5.26e-25  1.53e-11  1.53e-11  2.48e-10
    700  1.11e-23  1.78e-11  1.78e-11  2.54e-10
    800  1.05e-22  1.99e-11  1.99e-11   2.6e-10
    900  5.96e-22  2.24e-11  2.24e-11  2.65e-10
  1e+03  2.41e-21  2.44e-11  2.44e-11   2.7e-10
1.1e+03  7.83e-21  2.65e-11  2.65e-11  2.74e-10
1.2e+03  2.01e-20  2.69e-11  2.69e-11  2.78e-10
1.3e+03  4.69e-20   2.8e-11   2.8e-11  2.82e-10
1.4e+03  9.44e-20  2.97e-11  2.97e-11  2.86e-10
1.5e+03  1.67e-19  3.05e-11  3.05e-11  2.89e-10
1.6e+03  2.94e-19  3.15e-11  3.15e-11  2.92e-10
1.7e+03  4.68e-19  3.34e-11  3.34e-11  2.95e-10
1.8e+03  6.85e-19   3.3e-11   3.3e-11  2.98e-10
1.9e+03  9.04e-19  3.47e-11  3.47e-11     3e-10
  2e+03  1.11e-18  3.52e-11  3.52e-11  3.03e-10

______________________________________________________________________________________

Temperature-Pressure Rate Tables:

W1->W2

P\T           500       600       700       800       900     1e+03   1.1e+03   1.2e+03   1.3e+03   1.4e+03   1.5e+03   1.6e+03   1.7e+03   1.8e+03   1.9e+03     2e+03
0.1      4.43e+05       ***       ***       ***       ***       ***       ***       ***       ***       ***       ***       ***       ***       ***       ***       ***
1        6.89e+04   1.7e+04  4.47e+04       ***       ***       ***       ***       ***       ***       ***       ***       ***       ***       ***       ***       ***
10       1.34e+05  2.86e+05  4.37e+05  5.42e+05  6.32e+05  6.84e+05  8.15e+05  1.33e+06  4.69e+06  2.16e+07  7.32e+07  2.14e+08  4.92e+08  9.58e+08  1.81e+09  2.62e+09
100      8.87e+05  1.85e+06   2.7e+06  3.23e+06  3.64e+06   3.8e+06  4.18e+06  8.07e+06   3.3e+07  1.49e+08  4.47e+08  1.12e+09  2.35e+09  3.97e+09  6.77e+09  9.27e+09
O-O      2.36e+11  4.51e+11  7.28e+11  1.05e+12  1.41e+12  1.78e+12  2.16e+12  2.55e+12  2.93e+12  3.31e+12  3.69e+12  4.05e+12   4.4e+12  4.75e+12  5.09e+12  5.41e+12

W1->P1

P\T           500       600       700       800       900     1e+03   1.1e+03   1.2e+03   1.3e+03   1.4e+03   1.5e+03   1.6e+03   1.7e+03   1.8e+03   1.9e+03     2e+03
0.1      3.65e+09  3.97e+09  3.88e+09  3.59e+09  3.26e+09  3.02e+09  2.93e+09  2.65e+09  2.58e+09  2.39e+09  2.12e+09  2.08e+09  1.97e+09  1.82e+09  1.57e+09  1.29e+09
1        1.06e+10   1.2e+10   1.2e+10  1.13e+10  1.04e+10  9.65e+09  9.32e+09  8.45e+09  8.19e+09  7.59e+09  6.76e+09   6.6e+09  6.25e+09  5.79e+09  5.18e+09  4.48e+09
10       2.69e+10  3.15e+10  3.26e+10  3.13e+10  2.93e+10  2.76e+10  2.67e+10  2.45e+10  2.37e+10  2.21e+10  1.98e+10  1.91e+10  1.79e+10  1.61e+10  1.37e+10  1.11e+10
100      6.59e+10  7.86e+10  8.23e+10  8.02e+10  7.59e+10  7.19e+10  6.98e+10  6.45e+10  6.26e+10  5.85e+10  5.27e+10  5.07e+10  4.71e+10  4.22e+10  3.55e+10  2.88e+10
O-O           ***       ***       ***       ***       ***       ***       ***       ***       ***       ***       ***       ***       ***       ***       ***       ***

W2->W1

P\T           500       600       700       800       900     1e+03   1.1e+03   1.2e+03   1.3e+03   1.4e+03   1.5e+03   1.6e+03   1.7e+03   1.8e+03   1.9e+03     2e+03
0.1      1.89e-15       ***       ***       ***       ***       ***       ***       ***       ***       ***       ***       ***       ***       ***       ***       ***
1        7.62e-16   9.7e-13  8.09e-11       ***       ***       ***       ***       ***       ***       ***       ***       ***       ***       ***       ***       ***
10       2.94e-14 -2.07e-11 -2.95e-09 -1.38e-07  2.33e-06  2.91e-05  0.000629    0.0155     0.338      5.65      49.3       297  1.28e+03  3.79e+03  1.04e+04  2.09e+04
100     -2.98e-14 -6.64e-11  2.59e-07 -2.15e-06 -3.02e-05 -0.000724  -0.00214     0.505      8.37      89.4       521  2.29e+03  7.92e+03  2.03e+04  5.08e+04  9.78e+04
O-O        0.0086       1.4        52       773  6.25e+03  3.32e+04   1.3e+05  4.03e+05  1.05e+06   2.4e+06   4.9e+06  9.15e+06  1.59e+07   2.6e+07  4.04e+07  6.01e+07

W2->P1

P\T           500       600       700       800       900     1e+03   1.1e+03   1.2e+03   1.3e+03   1.4e+03   1.5e+03   1.6e+03   1.7e+03   1.8e+03   1.9e+03     2e+03
0.1      9.87e+10       ***       ***       ***       ***       ***       ***       ***       ***       ***       ***       ***       ***       ***       ***       ***
1        4.07e+11  9.52e+11  1.57e+12       ***       ***       ***       ***       ***       ***       ***       ***       ***       ***       ***       ***       ***
10       1.44e+12  2.74e+12  3.95e+12  4.96e+12  5.94e+12  6.58e+12  7.09e+12  6.95e+12  6.95e+12  7.03e+12  6.81e+12  6.65e+12  6.57e+12  6.14e+12  6.08e+12  5.77e+12
100       4.3e+12  7.17e+12  9.56e+12  1.13e+13   1.3e+13  1.39e+13  1.46e+13  1.41e+13  1.39e+13  1.38e+13  1.32e+13  1.28e+13  1.26e+13  1.17e+13  1.14e+13  1.08e+13
O-O      8.56e+13  1.15e+14  1.35e+14  1.46e+14   1.5e+14   1.5e+14  1.46e+14  1.41e+14  1.35e+14  1.28e+14  1.21e+14  1.14e+14  1.08e+14  1.01e+14  9.51e+13  8.94e+13

P1->W1

P\T           500       600       700       800       900     1e+03   1.1e+03   1.2e+03   1.3e+03   1.4e+03   1.5e+03   1.6e+03   1.7e+03   1.8e+03   1.9e+03     2e+03
0.1      3.73e-28  2.64e-26   5.2e-25  4.66e-24  2.54e-23     1e-22  3.24e-22  8.12e-22   1.9e-21  3.78e-21  6.58e-21  1.18e-20  1.91e-20  2.85e-20  3.83e-20   4.7e-20
1        1.09e-27  8.02e-26  1.62e-24  1.48e-23  8.12e-23  3.23e-22  1.04e-21  2.62e-21  6.11e-21  1.22e-20  2.13e-20  3.78e-20  6.14e-20  9.23e-20  1.28e-19  1.67e-19
10       2.75e-27  2.11e-25  4.39e-24   4.1e-23   2.3e-22  9.25e-22     3e-21  7.61e-21  1.78e-20  3.55e-20  6.26e-20  1.11e-19  1.78e-19  2.64e-19  3.58e-19  4.53e-19
100      6.76e-27  5.26e-25  1.11e-23  1.05e-22  5.96e-22  2.41e-21  7.83e-21  2.01e-20  4.69e-20  9.44e-20  1.67e-19  2.94e-19  4.68e-19  6.85e-19  9.04e-19  1.11e-18
O-O           ***       ***       ***       ***       ***       ***       ***       ***       ***       ***       ***       ***       ***       ***       ***       ***

P1->W2

P\T           500       600       700       800       900     1e+03   1.1e+03   1.2e+03   1.3e+03   1.4e+03   1.5e+03   1.6e+03   1.7e+03   1.8e+03   1.9e+03     2e+03
0.1      2.39e-13       ***       ***       ***       ***       ***       ***       ***       ***       ***       ***       ***       ***       ***       ***       ***
1        1.08e-12   1.8e-12   2.4e-12       ***       ***       ***       ***       ***       ***       ***       ***       ***       ***       ***       ***       ***
10       3.98e-12  5.68e-12  7.03e-12  8.17e-12   9.5e-12  1.06e-11  1.16e-11  1.19e-11  1.26e-11  1.34e-11  1.39e-11  1.45e-11  1.56e-11  1.54e-11  1.62e-11  1.66e-11
100       1.2e-11  1.53e-11  1.78e-11  1.99e-11  2.24e-11  2.44e-11  2.65e-11  2.69e-11   2.8e-11  2.97e-11  3.05e-11  3.15e-11  3.34e-11   3.3e-11  3.47e-11  3.52e-11
O-O      2.41e-10  2.48e-10  2.54e-10   2.6e-10  2.65e-10   2.7e-10  2.74e-10  2.78e-10  2.82e-10  2.86e-10  2.89e-10  2.92e-10  2.95e-10  2.98e-10     3e-10  3.03e-10

W1-> 

P\T           500       600       700       800       900     1e+03   1.1e+03   1.2e+03   1.3e+03   1.4e+03   1.5e+03   1.6e+03   1.7e+03   1.8e+03   1.9e+03     2e+03
0.1      3.65e+09  3.97e+09  3.88e+09  3.59e+09  3.26e+09  3.02e+09  2.93e+09  2.65e+09  2.58e+09  2.39e+09  2.12e+09  2.08e+09  1.97e+09  1.82e+09  1.57e+09  1.29e+09
1        1.06e+10   1.2e+10   1.2e+10  1.13e+10  1.04e+10  9.65e+09  9.32e+09  8.45e+09  8.19e+09  7.59e+09  6.76e+09   6.6e+09  6.25e+09  5.79e+09  5.17e+09  4.48e+09
10       2.69e+10  3.15e+10  3.26e+10  3.13e+10  2.93e+10  2.76e+10  2.67e+10  2.45e+10  2.37e+10  2.21e+10  1.98e+10  1.93e+10  1.84e+10  1.71e+10  1.55e+10  1.37e+10
100      6.59e+10  7.86e+10  8.23e+10  8.03e+10  7.59e+10  7.19e+10  6.98e+10  6.45e+10  6.26e+10  5.86e+10  5.32e+10  5.19e+10  4.94e+10  4.62e+10  4.23e+10   3.8e+10
O-O      2.36e+11  4.51e+11  7.28e+11  1.05e+12  1.41e+12  1.78e+12  2.16e+12  2.55e+12  2.93e+12  3.31e+12  3.69e+12  4.05e+12   4.4e+12  4.75e+12  5.09e+12  5.41e+12

W2-> 

P\T           500       600       700       800       900     1e+03   1.1e+03   1.2e+03   1.3e+03   1.4e+03   1.5e+03   1.6e+03   1.7e+03   1.8e+03   1.9e+03     2e+03
0.1      9.87e+10       ***       ***       ***       ***       ***       ***       ***       ***       ***       ***       ***       ***       ***       ***       ***
1        4.07e+11  9.52e+11  1.57e+12       ***       ***       ***       ***       ***       ***       ***       ***       ***       ***       ***       ***       ***
10       1.44e+12  2.74e+12  3.95e+12  4.96e+12  5.94e+12  6.58e+12  7.09e+12  6.95e+12  6.95e+12  7.03e+12  6.81e+12  6.65e+12  6.57e+12  6.14e+12  6.08e+12  5.77e+12
100       4.3e+12  7.17e+12  9.56e+12  1.13e+13   1.3e+13  1.39e+13  1.46e+13  1.41e+13  1.39e+13  1.38e+13  1.32e+13  1.28e+13  1.26e+13  1.17e+13  1.14e+13  1.08e+13
O-O      8.56e+13  1.15e+14  1.35e+14  1.46e+14   1.5e+14   1.5e+14  1.46e+14  1.41e+14  1.35e+14  1.28e+14  1.21e+14  1.14e+14  1.08e+14  1.01e+14  9.51e+13  8.94e+13

P1-> 

P\T           500       600       700       800       900     1e+03   1.1e+03   1.2e+03   1.3e+03   1.4e+03   1.5e+03   1.6e+03   1.7e+03   1.8e+03   1.9e+03     2e+03
0.1      2.39e-13 -1.34e-23  2.12e-23  3.31e-24  3.39e-23   1.1e-22  3.29e-22  8.11e-22  1.89e-21  3.79e-21  6.58e-21  1.18e-20  1.91e-20  2.85e-20  3.83e-20   4.7e-20
1        1.08e-12   1.8e-12   2.4e-12  8.83e-24  7.84e-23   3.1e-22  1.02e-21  2.65e-21  6.11e-21  1.22e-20  2.13e-20  3.78e-20  6.14e-20  9.23e-20  1.28e-19  1.67e-19
10       3.98e-12  5.68e-12  7.03e-12  8.17e-12   9.5e-12  1.06e-11  1.16e-11  1.19e-11  1.26e-11  1.34e-11  1.39e-11  1.45e-11  1.56e-11  1.54e-11  1.62e-11  1.66e-11
100       1.2e-11  1.53e-11  1.78e-11  1.99e-11  2.24e-11  2.44e-11  2.65e-11  2.69e-11   2.8e-11  2.97e-11  3.05e-11  3.15e-11  3.34e-11   3.3e-11  3.47e-11  3.52e-11
O-O      2.41e-10  2.48e-10  2.54e-10   2.6e-10  2.65e-10   2.7e-10  2.74e-10  2.78e-10  2.82e-10  2.86e-10  2.89e-10  2.92e-10  2.95e-10  2.98e-10     3e-10  3.03e-10

