Wells (G - ground energy, D - dissociation limit, kcal/mol):
                W         G         D
      C5H7(507)zz         0      31.1
        C5H7(500)     -13.7      31.1

Well-to-Well Barriers (H/G - barrier height/well depth, kcal/mol):
           B         H          W1        G1          W2        G2
      ts_1_2      31.1 C5H7(507)zz         0   C5H7(500)     -13.7

________________________________________________________________________________________

Names Translation Tables (<short name> - <original name>):
Wells:
   W1 - C5H7(507)zz
   W2 - C5H7(500)
Inner Barriers:
   B1 - ts_1_2
Unimolecular Rate Units: 1/sec;  Bimolecular Rate Units: cm^3/sec

______________________________________________________________________________________

Species-Species Rate Tables:

Temperature = 500 K

High Pressure Rate Coefficients:

From\To         W1        W2
W1             ***     0.107
W2           5e-07       ***

Temperature = 500 K    Pressure = 0.1 atm

From\To         W1        W2
W1           0.106     0.106
W2        4.97e-07  4.98e-07

Temperature = 500 K    Pressure = 1 atm

From\To         W1        W2
W1           0.106     0.106
W2        4.99e-07  9.86e-07

Temperature = 500 K    Pressure = 10 atm

From\To         W1        W2
W1           0.107     0.107
W2        4.99e-07 -1.84e-06

Temperature = 500 K    Pressure = 100 atm

From\To         W1        W2
W1           0.106  3.87e-12
W2        1.81e-17  0.000119

Temperature = 600 K

High Pressure Rate Coefficients:

From\To         W1        W2
W1             ***      18.2
W2         0.00103       ***

Temperature = 600 K    Pressure = 0.1 atm

From\To         W1        W2
W1            17.7      17.7
W2        0.000999  0.000999

Temperature = 600 K    Pressure = 1 atm

From\To         W1        W2
W1            18.1      18.1
W2         0.00102   0.00102

Temperature = 600 K    Pressure = 10 atm

From\To         W1        W2
W1            18.2      18.2
W2         0.00102   0.00102

Temperature = 600 K    Pressure = 100 atm

From\To         W1        W2
W1            18.2      18.2
W2         0.00102  0.000882

Temperature = 700 K

High Pressure Rate Coefficients:

From\To         W1        W2
W1             ***       725
W2           0.246       ***

Temperature = 700 K    Pressure = 0.1 atm

From\To         W1        W2
W1             660       660
W2           0.224     0.224

Temperature = 700 K    Pressure = 1 atm

From\To         W1        W2
W1             714       714
W2           0.242     0.242

Temperature = 700 K    Pressure = 10 atm

From\To         W1        W2
W1             723       723
W2           0.245     0.245

Temperature = 700 K    Pressure = 100 atm

From\To         W1        W2
W1             724       724
W2           0.245     0.245

Temperature = 800 K

High Pressure Rate Coefficients:

From\To         W1        W2
W1             ***  1.16e+04
W2            15.2       ***

Temperature = 800 K    Pressure = 0.1 atm

From\To         W1        W2
W1        9.14e+03  9.14e+03
W2              12        12

Temperature = 800 K    Pressure = 1 atm

From\To         W1        W2
W1        1.11e+04  1.11e+04
W2            14.5      14.5

Temperature = 800 K    Pressure = 10 atm

From\To         W1        W2
W1        1.15e+04  1.15e+04
W2            15.1      15.1

Temperature = 800 K    Pressure = 100 atm

From\To         W1        W2
W1        1.16e+04  1.16e+04
W2            15.2      15.2

Temperature = 900 K

High Pressure Rate Coefficients:

From\To         W1        W2
W1             ***  1.01e+05
W2             379       ***

Temperature = 900 K    Pressure = 0.1 atm

From\To         W1        W2
W1        6.16e+04  6.16e+04
W2             232       232

Temperature = 900 K    Pressure = 1 atm

From\To         W1        W2
W1        8.94e+04  8.94e+04
W2             337       337

Temperature = 900 K    Pressure = 10 atm

From\To         W1        W2
W1        9.88e+04  9.88e+04
W2             372       372

Temperature = 900 K    Pressure = 100 atm

From\To         W1        W2
W1           1e+05     1e+05
W2             378       378

Temperature = 1e+03 K

High Pressure Rate Coefficients:

From\To         W1        W2
W1             ***  5.69e+05
W2           5e+03       ***

Temperature = 1e+03 K    Pressure = 0.1 atm

From\To         W1        W2
W1        2.42e+05  2.42e+05
W2        2.13e+03  2.13e+03

Temperature = 1e+03 K    Pressure = 1 atm

From\To         W1        W2
W1        4.41e+05  4.41e+05
W2        3.88e+03  3.88e+03

Temperature = 1e+03 K    Pressure = 10 atm

From\To         W1        W2
W1        5.44e+05  5.44e+05
W2        4.78e+03  4.78e+03

Temperature = 1e+03 K    Pressure = 100 atm

From\To         W1        W2
W1        5.66e+05  5.66e+05
W2        4.97e+03  4.97e+03

Temperature = 1.1e+03 K

High Pressure Rate Coefficients:

From\To         W1        W2
W1             ***  2.35e+06
W2        4.15e+04       ***

Temperature = 1.1e+03 K    Pressure = 0.1 atm

From\To         W1        W2
W1        6.29e+05  6.29e+05
W2        1.11e+04  1.11e+04

Temperature = 1.1e+03 K    Pressure = 1 atm

From\To         W1        W2
W1        1.47e+06  1.47e+06
W2         2.6e+04   2.6e+04

Temperature = 1.1e+03 K    Pressure = 10 atm

From\To         W1        W2
W1        2.13e+06  2.13e+06
W2        3.75e+04  3.75e+04

Temperature = 1.1e+03 K    Pressure = 100 atm

From\To         W1        W2
W1        2.32e+06  2.32e+06
W2        4.09e+04  4.09e+04

Temperature = 1.2e+03 K

High Pressure Rate Coefficients:

From\To         W1        W2
W1             ***   7.7e+06
W2        2.42e+05       ***

Temperature = 1.2e+03 K    Pressure = 0.1 atm

From\To         W1        W2
W1        1.21e+06  1.21e+06
W2        3.82e+04  3.82e+04

Temperature = 1.2e+03 K    Pressure = 1 atm

From\To         W1        W2
W1         3.6e+06   3.6e+06
W2        1.13e+05  1.13e+05

Temperature = 1.2e+03 K    Pressure = 10 atm

From\To         W1        W2
W1        6.32e+06  6.32e+06
W2        1.99e+05  1.99e+05

Temperature = 1.2e+03 K    Pressure = 100 atm

From\To         W1        W2
W1        7.47e+06  7.47e+06
W2        2.35e+05  2.35e+05

Temperature = 1.3e+03 K

High Pressure Rate Coefficients:

From\To         W1        W2
W1             ***   2.1e+07
W2        1.08e+06       ***

Temperature = 1.3e+03 K    Pressure = 0.1 atm

From\To         W1        W2
W1        1.94e+06  1.94e+06
W2        9.96e+04  9.96e+04

Temperature = 1.3e+03 K    Pressure = 1 atm

From\To         W1        W2
W1        6.89e+06  6.89e+06
W2        3.54e+05  3.54e+05

Temperature = 1.3e+03 K    Pressure = 10 atm

From\To         W1        W2
W1        1.49e+07  1.49e+07
W2        7.66e+05  7.66e+05

Temperature = 1.3e+03 K    Pressure = 100 atm

From\To         W1        W2
W1        1.98e+07  1.98e+07
W2        1.02e+06  1.02e+06

Temperature = 1.4e+03 K

High Pressure Rate Coefficients:

From\To         W1        W2
W1             ***  4.98e+07
W2        3.89e+06       ***

Temperature = 1.4e+03 K    Pressure = 0.1 atm

From\To         W1        W2
W1        2.72e+06  2.72e+06
W2        2.13e+05  2.13e+05

Temperature = 1.4e+03 K    Pressure = 1 atm

From\To         W1        W2
W1         1.1e+07   1.1e+07
W2        8.59e+05  8.59e+05

Temperature = 1.4e+03 K    Pressure = 10 atm

From\To         W1        W2
W1         2.9e+07   2.9e+07
W2        2.27e+06  2.27e+06

Temperature = 1.4e+03 K    Pressure = 100 atm

From\To         W1        W2
W1        4.45e+07  4.45e+07
W2        3.48e+06  3.48e+06

Temperature = 1.5e+03 K

High Pressure Rate Coefficients:

From\To         W1        W2
W1             ***  1.05e+08
W2        1.18e+07       ***

Temperature = 1.5e+03 K    Pressure = 0.1 atm

From\To         W1        W2
W1        3.57e+06  3.57e+06
W2        4.02e+05  4.02e+05

Temperature = 1.5e+03 K    Pressure = 1 atm

From\To         W1        W2
W1        1.55e+07  1.55e+07
W2        1.74e+06  1.74e+06

Temperature = 1.5e+03 K    Pressure = 10 atm

From\To         W1        W2
W1        4.81e+07  4.81e+07
W2        5.42e+06  5.42e+06

Temperature = 1.5e+03 K    Pressure = 100 atm

From\To         W1        W2
W1         8.7e+07   8.7e+07
W2        9.81e+06  9.81e+06

Temperature = 1.6e+03 K

High Pressure Rate Coefficients:

From\To         W1        W2
W1             ***  2.02e+08
W2        3.13e+07       ***

Temperature = 1.6e+03 K    Pressure = 0.1 atm

From\To         W1        W2
W1        4.13e+06  4.13e+06
W2         6.4e+05   6.4e+05

Temperature = 1.6e+03 K    Pressure = 1 atm

From\To         W1        W2
W1        1.91e+07  1.91e+07
W2        2.96e+06  2.96e+06

Temperature = 1.6e+03 K    Pressure = 10 atm

From\To         W1        W2
W1        6.92e+07  6.92e+07
W2        1.07e+07  1.07e+07

Temperature = 1.6e+03 K    Pressure = 100 atm

From\To         W1        W2
W1         1.5e+08   1.5e+08
W2        2.32e+07  2.32e+07

Temperature = 1.7e+03 K

High Pressure Rate Coefficients:

From\To         W1        W2
W1             ***   3.6e+08
W2        7.41e+07       ***

Temperature = 1.7e+03 K    Pressure = 0.1 atm

From\To         W1        W2
W1        4.57e+06  4.57e+06
W2        9.39e+05  9.39e+05

Temperature = 1.7e+03 K    Pressure = 1 atm

From\To         W1        W2
W1         2.2e+07   2.2e+07
W2        4.52e+06  4.52e+06

Temperature = 1.7e+03 K    Pressure = 10 atm

From\To         W1        W2
W1        8.94e+07  8.94e+07
W2        1.84e+07  1.84e+07

Temperature = 1.7e+03 K    Pressure = 100 atm

From\To         W1        W2
W1        2.31e+08  2.31e+08
W2        4.75e+07  4.75e+07

Temperature = 1.8e+03 K

High Pressure Rate Coefficients:

From\To         W1        W2
W1             ***  6.03e+08
W2        1.59e+08       ***

Temperature = 1.8e+03 K    Pressure = 0.1 atm

From\To         W1        W2
W1        4.82e+06  4.82e+06
W2        1.27e+06  1.27e+06

Temperature = 1.8e+03 K    Pressure = 1 atm

From\To         W1        W2
W1        2.38e+07  2.38e+07
W2        6.28e+06  6.28e+06

Temperature = 1.8e+03 K    Pressure = 10 atm

From\To         W1        W2
W1        1.06e+08  1.06e+08
W2        2.79e+07  2.79e+07

Temperature = 1.8e+03 K    Pressure = 100 atm

From\To         W1        W2
W1        3.23e+08  3.23e+08
W2        8.51e+07  8.51e+07

Temperature = 1.9e+03 K

High Pressure Rate Coefficients:

From\To         W1        W2
W1             ***  9.55e+08
W2        3.15e+08       ***

Temperature = 1.9e+03 K    Pressure = 0.1 atm

From\To         W1        W2
W1        4.92e+06  4.92e+06
W2        1.62e+06  1.62e+06

Temperature = 1.9e+03 K    Pressure = 1 atm

From\To         W1        W2
W1        2.47e+07  2.47e+07
W2        8.16e+06  8.16e+06

Temperature = 1.9e+03 K    Pressure = 10 atm

From\To         W1        W2
W1        1.17e+08  1.17e+08
W2        3.87e+07  3.87e+07

Temperature = 1.9e+03 K    Pressure = 100 atm

From\To         W1        W2
W1        4.13e+08  4.13e+08
W2        1.36e+08  1.36e+08

Temperature = 2e+03 K

High Pressure Rate Coefficients:

From\To         W1        W2
W1             ***  1.45e+09
W2        5.84e+08       ***

Temperature = 2e+03 K    Pressure = 0.1 atm

From\To         W1        W2
W1        4.91e+06  4.91e+06
W2        1.98e+06  1.98e+06

Temperature = 2e+03 K    Pressure = 1 atm

From\To         W1        W2
W1         2.5e+07   2.5e+07
W2        1.01e+07  1.01e+07

Temperature = 2e+03 K    Pressure = 10 atm

From\To         W1        W2
W1        1.24e+08  1.24e+08
W2           5e+07     5e+07

Temperature = 2e+03 K    Pressure = 100 atm

From\To         W1        W2
W1        4.92e+08  4.92e+08
W2        1.98e+08  1.98e+08

______________________________________________________________________________________

High Pressure Rate Coefficients (Temperature-Species Rate Tables):

Reactant = W1
   T(K)        W1        W2
    500       ***     0.107
    600       ***      18.2
    700       ***       725
    800       ***  1.16e+04
    900       ***  1.01e+05
  1e+03       ***  5.69e+05
1.1e+03       ***  2.35e+06
1.2e+03       ***   7.7e+06
1.3e+03       ***   2.1e+07
1.4e+03       ***  4.98e+07
1.5e+03       ***  1.05e+08
1.6e+03       ***  2.02e+08
1.7e+03       ***   3.6e+08
1.8e+03       ***  6.03e+08
1.9e+03       ***  9.55e+08
  2e+03       ***  1.45e+09

Reactant = W2
   T(K)        W1        W2
    500     5e-07       ***
    600   0.00103       ***
    700     0.246       ***
    800      15.2       ***
    900       379       ***
  1e+03     5e+03       ***
1.1e+03  4.15e+04       ***
1.2e+03  2.42e+05       ***
1.3e+03  1.08e+06       ***
1.4e+03  3.89e+06       ***
1.5e+03  1.18e+07       ***
1.6e+03  3.13e+07       ***
1.7e+03  7.41e+07       ***
1.8e+03  1.59e+08       ***
1.9e+03  3.15e+08       ***
  2e+03  5.84e+08       ***

Capture/Escape Rate Coefficients:

   T(K)        W1        W2
    500     0.107     5e-07
    600      18.2   0.00103
    700       725     0.246
    800  1.16e+04      15.2
    900  1.01e+05       379
  1e+03  5.69e+05     5e+03
1.1e+03  2.35e+06  4.15e+04
1.2e+03   7.7e+06  2.42e+05
1.3e+03   2.1e+07  1.08e+06
1.4e+03  4.98e+07  3.89e+06
1.5e+03  1.05e+08  1.18e+07
1.6e+03  2.02e+08  3.13e+07
1.7e+03   3.6e+08  7.41e+07
1.8e+03  6.03e+08  1.59e+08
1.9e+03  9.55e+08  3.15e+08
  2e+03  1.45e+09  5.84e+08

______________________________________________________________________________________

Pressure-Species Rate Tables:

Reactant = W1   Temperature = 500 K

   P(atm)        W2      Loss
      0.1     0.106     0.106
        1     0.106     0.106
       10     0.107     0.107
      100  3.87e-12     0.106
      O-O     0.107     0.107

Reactant = W1   Temperature = 600 K

   P(atm)        W2      Loss
      0.1      17.7      17.7
        1      18.1      18.1
       10      18.2      18.2
      100      18.2      18.2
      O-O      18.2      18.2

Reactant = W1   Temperature = 700 K

   P(atm)        W2      Loss
      0.1       660       660
        1       714       714
       10       723       723
      100       724       724
      O-O       725       725

Reactant = W1   Temperature = 800 K

   P(atm)        W2      Loss
      0.1  9.14e+03  9.14e+03
        1  1.11e+04  1.11e+04
       10  1.15e+04  1.15e+04
      100  1.16e+04  1.16e+04
      O-O  1.16e+04  1.16e+04

Reactant = W1   Temperature = 900 K

   P(atm)        W2      Loss
      0.1  6.16e+04  6.16e+04
        1  8.94e+04  8.94e+04
       10  9.88e+04  9.88e+04
      100     1e+05     1e+05
      O-O  1.01e+05  1.01e+05

Reactant = W1   Temperature = 1e+03 K

   P(atm)        W2      Loss
      0.1  2.42e+05  2.42e+05
        1  4.41e+05  4.41e+05
       10  5.44e+05  5.44e+05
      100  5.66e+05  5.66e+05
      O-O  5.69e+05  5.69e+05

Reactant = W1   Temperature = 1.1e+03 K

   P(atm)        W2      Loss
      0.1  6.29e+05  6.29e+05
        1  1.47e+06  1.47e+06
       10  2.13e+06  2.13e+06
      100  2.32e+06  2.32e+06
      O-O  2.35e+06  2.35e+06

Reactant = W1   Temperature = 1.2e+03 K

   P(atm)        W2      Loss
      0.1  1.21e+06  1.21e+06
        1   3.6e+06   3.6e+06
       10  6.32e+06  6.32e+06
      100  7.47e+06  7.47e+06
      O-O   7.7e+06   7.7e+06

Reactant = W1   Temperature = 1.3e+03 K

   P(atm)        W2      Loss
      0.1  1.94e+06  1.94e+06
        1  6.89e+06  6.89e+06
       10  1.49e+07  1.49e+07
      100  1.98e+07  1.98e+07
      O-O   2.1e+07   2.1e+07

Reactant = W1   Temperature = 1.4e+03 K

   P(atm)        W2      Loss
      0.1  2.72e+06  2.72e+06
        1   1.1e+07   1.1e+07
       10   2.9e+07   2.9e+07
      100  4.45e+07  4.45e+07
      O-O  4.98e+07  4.98e+07

Reactant = W1   Temperature = 1.5e+03 K

   P(atm)        W2      Loss
      0.1  3.57e+06  3.57e+06
        1  1.55e+07  1.55e+07
       10  4.81e+07  4.81e+07
      100   8.7e+07   8.7e+07
      O-O  1.05e+08  1.05e+08

Reactant = W1   Temperature = 1.6e+03 K

   P(atm)        W2      Loss
      0.1  4.13e+06  4.13e+06
        1  1.91e+07  1.91e+07
       10  6.92e+07  6.92e+07
      100   1.5e+08   1.5e+08
      O-O  2.02e+08  2.02e+08

Reactant = W1   Temperature = 1.7e+03 K

   P(atm)        W2      Loss
      0.1  4.57e+06  4.57e+06
        1   2.2e+07   2.2e+07
       10  8.94e+07  8.94e+07
      100  2.31e+08  2.31e+08
      O-O   3.6e+08   3.6e+08

Reactant = W1   Temperature = 1.8e+03 K

   P(atm)        W2      Loss
      0.1  4.82e+06  4.82e+06
        1  2.38e+07  2.38e+07
       10  1.06e+08  1.06e+08
      100  3.23e+08  3.23e+08
      O-O  6.03e+08  6.03e+08

Reactant = W1   Temperature = 1.9e+03 K

   P(atm)        W2      Loss
      0.1  4.92e+06  4.92e+06
        1  2.47e+07  2.47e+07
       10  1.17e+08  1.17e+08
      100  4.13e+08  4.13e+08
      O-O  9.55e+08  9.55e+08

Reactant = W1   Temperature = 2e+03 K

   P(atm)        W2      Loss
      0.1  4.91e+06  4.91e+06
        1   2.5e+07   2.5e+07
       10  1.24e+08  1.24e+08
      100  4.92e+08  4.92e+08
      O-O  1.45e+09  1.45e+09

Reactant = W2   Temperature = 500 K

   P(atm)        W1      Loss
      0.1  4.97e-07  4.98e-07
        1  4.99e-07  9.86e-07
       10  4.99e-07 -1.84e-06
      100  1.81e-17  0.000119
      O-O     5e-07     5e-07

Reactant = W2   Temperature = 600 K

   P(atm)        W1      Loss
      0.1  0.000999  0.000999
        1   0.00102   0.00102
       10   0.00102   0.00102
      100   0.00102  0.000882
      O-O   0.00103   0.00103

Reactant = W2   Temperature = 700 K

   P(atm)        W1      Loss
      0.1     0.224     0.224
        1     0.242     0.242
       10     0.245     0.245
      100     0.245     0.245
      O-O     0.246     0.246

Reactant = W2   Temperature = 800 K

   P(atm)        W1      Loss
      0.1        12        12
        1      14.5      14.5
       10      15.1      15.1
      100      15.2      15.2
      O-O      15.2      15.2

Reactant = W2   Temperature = 900 K

   P(atm)        W1      Loss
      0.1       232       232
        1       337       337
       10       372       372
      100       378       378
      O-O       379       379

Reactant = W2   Temperature = 1e+03 K

   P(atm)        W1      Loss
      0.1  2.13e+03  2.13e+03
        1  3.88e+03  3.88e+03
       10  4.78e+03  4.78e+03
      100  4.97e+03  4.97e+03
      O-O     5e+03     5e+03

Reactant = W2   Temperature = 1.1e+03 K

   P(atm)        W1      Loss
      0.1  1.11e+04  1.11e+04
        1   2.6e+04   2.6e+04
       10  3.75e+04  3.75e+04
      100  4.09e+04  4.09e+04
      O-O  4.15e+04  4.15e+04

Reactant = W2   Temperature = 1.2e+03 K

   P(atm)        W1      Loss
      0.1  3.82e+04  3.82e+04
        1  1.13e+05  1.13e+05
       10  1.99e+05  1.99e+05
      100  2.35e+05  2.35e+05
      O-O  2.42e+05  2.42e+05

Reactant = W2   Temperature = 1.3e+03 K

   P(atm)        W1      Loss
      0.1  9.96e+04  9.96e+04
        1  3.54e+05  3.54e+05
       10  7.66e+05  7.66e+05
      100  1.02e+06  1.02e+06
      O-O  1.08e+06  1.08e+06

Reactant = W2   Temperature = 1.4e+03 K

   P(atm)        W1      Loss
      0.1  2.13e+05  2.13e+05
        1  8.59e+05  8.59e+05
       10  2.27e+06  2.27e+06
      100  3.48e+06  3.48e+06
      O-O  3.89e+06  3.89e+06

Reactant = W2   Temperature = 1.5e+03 K

   P(atm)        W1      Loss
      0.1  4.02e+05  4.02e+05
        1  1.74e+06  1.74e+06
       10  5.42e+06  5.42e+06
      100  9.81e+06  9.81e+06
      O-O  1.18e+07  1.18e+07

Reactant = W2   Temperature = 1.6e+03 K

   P(atm)        W1      Loss
      0.1   6.4e+05   6.4e+05
        1  2.96e+06  2.96e+06
       10  1.07e+07  1.07e+07
      100  2.32e+07  2.32e+07
      O-O  3.13e+07  3.13e+07

Reactant = W2   Temperature = 1.7e+03 K

   P(atm)        W1      Loss
      0.1  9.39e+05  9.39e+05
        1  4.52e+06  4.52e+06
       10  1.84e+07  1.84e+07
      100  4.75e+07  4.75e+07
      O-O  7.41e+07  7.41e+07

Reactant = W2   Temperature = 1.8e+03 K

   P(atm)        W1      Loss
      0.1  1.27e+06  1.27e+06
        1  6.28e+06  6.28e+06
       10  2.79e+07  2.79e+07
      100  8.51e+07  8.51e+07
      O-O  1.59e+08  1.59e+08

Reactant = W2   Temperature = 1.9e+03 K

   P(atm)        W1      Loss
      0.1  1.62e+06  1.62e+06
        1  8.16e+06  8.16e+06
       10  3.87e+07  3.87e+07
      100  1.36e+08  1.36e+08
      O-O  3.15e+08  3.15e+08

Reactant = W2   Temperature = 2e+03 K

   P(atm)        W1      Loss
      0.1  1.98e+06  1.98e+06
        1  1.01e+07  1.01e+07
       10     5e+07     5e+07
      100  1.98e+08  1.98e+08
      O-O  5.84e+08  5.84e+08

______________________________________________________________________________________

Temperature-Species Rate Tables:

Reactant = W1   Pressure = 0.1 atm

   T(K)        W2      Loss   Capture
    500     0.106     0.106     0.107
    600      17.7      17.7      18.2
    700       660       660       725
    800  9.14e+03  9.14e+03  1.16e+04
    900  6.16e+04  6.16e+04  1.01e+05
  1e+03  2.42e+05  2.42e+05  5.69e+05
1.1e+03  6.29e+05  6.29e+05  2.35e+06
1.2e+03  1.21e+06  1.21e+06   7.7e+06
1.3e+03  1.94e+06  1.94e+06   2.1e+07
1.4e+03  2.72e+06  2.72e+06  4.98e+07
1.5e+03  3.57e+06  3.57e+06  1.05e+08
1.6e+03  4.13e+06  4.13e+06  2.02e+08
1.7e+03  4.57e+06  4.57e+06   3.6e+08
1.8e+03  4.82e+06  4.82e+06  6.03e+08
1.9e+03  4.92e+06  4.92e+06  9.55e+08
  2e+03  4.91e+06  4.91e+06  1.45e+09

Reactant = W1   Pressure = 1 atm

   T(K)        W2      Loss   Capture
    500     0.106     0.106     0.107
    600      18.1      18.1      18.2
    700       714       714       725
    800  1.11e+04  1.11e+04  1.16e+04
    900  8.94e+04  8.94e+04  1.01e+05
  1e+03  4.41e+05  4.41e+05  5.69e+05
1.1e+03  1.47e+06  1.47e+06  2.35e+06
1.2e+03   3.6e+06   3.6e+06   7.7e+06
1.3e+03  6.89e+06  6.89e+06   2.1e+07
1.4e+03   1.1e+07   1.1e+07  4.98e+07
1.5e+03  1.55e+07  1.55e+07  1.05e+08
1.6e+03  1.91e+07  1.91e+07  2.02e+08
1.7e+03   2.2e+07   2.2e+07   3.6e+08
1.8e+03  2.38e+07  2.38e+07  6.03e+08
1.9e+03  2.47e+07  2.47e+07  9.55e+08
  2e+03   2.5e+07   2.5e+07  1.45e+09

Reactant = W1   Pressure = 10 atm

   T(K)        W2      Loss   Capture
    500     0.107     0.107     0.107
    600      18.2      18.2      18.2
    700       723       723       725
    800  1.15e+04  1.15e+04  1.16e+04
    900  9.88e+04  9.88e+04  1.01e+05
  1e+03  5.44e+05  5.44e+05  5.69e+05
1.1e+03  2.13e+06  2.13e+06  2.35e+06
1.2e+03  6.32e+06  6.32e+06   7.7e+06
1.3e+03  1.49e+07  1.49e+07   2.1e+07
1.4e+03   2.9e+07   2.9e+07  4.98e+07
1.5e+03  4.81e+07  4.81e+07  1.05e+08
1.6e+03  6.92e+07  6.92e+07  2.02e+08
1.7e+03  8.94e+07  8.94e+07   3.6e+08
1.8e+03  1.06e+08  1.06e+08  6.03e+08
1.9e+03  1.17e+08  1.17e+08  9.55e+08
  2e+03  1.24e+08  1.24e+08  1.45e+09

Reactant = W1   Pressure = 100 atm

   T(K)        W2      Loss   Capture
    500  3.87e-12     0.106     0.107
    600      18.2      18.2      18.2
    700       724       724       725
    800  1.16e+04  1.16e+04  1.16e+04
    900     1e+05     1e+05  1.01e+05
  1e+03  5.66e+05  5.66e+05  5.69e+05
1.1e+03  2.32e+06  2.32e+06  2.35e+06
1.2e+03  7.47e+06  7.47e+06   7.7e+06
1.3e+03  1.98e+07  1.98e+07   2.1e+07
1.4e+03  4.45e+07  4.45e+07  4.98e+07
1.5e+03   8.7e+07   8.7e+07  1.05e+08
1.6e+03   1.5e+08   1.5e+08  2.02e+08
1.7e+03  2.31e+08  2.31e+08   3.6e+08
1.8e+03  3.23e+08  3.23e+08  6.03e+08
1.9e+03  4.13e+08  4.13e+08  9.55e+08
  2e+03  4.92e+08  4.92e+08  1.45e+09

Reactant = W2   Pressure = 0.1 atm

   T(K)        W1      Loss   Capture
    500  4.97e-07  4.98e-07     5e-07
    600  0.000999  0.000999   0.00103
    700     0.224     0.224     0.246
    800        12        12      15.2
    900       232       232       379
  1e+03  2.13e+03  2.13e+03     5e+03
1.1e+03  1.11e+04  1.11e+04  4.15e+04
1.2e+03  3.82e+04  3.82e+04  2.42e+05
1.3e+03  9.96e+04  9.96e+04  1.08e+06
1.4e+03  2.13e+05  2.13e+05  3.89e+06
1.5e+03  4.02e+05  4.02e+05  1.18e+07
1.6e+03   6.4e+05   6.4e+05  3.13e+07
1.7e+03  9.39e+05  9.39e+05  7.41e+07
1.8e+03  1.27e+06  1.27e+06  1.59e+08
1.9e+03  1.62e+06  1.62e+06  3.15e+08
  2e+03  1.98e+06  1.98e+06  5.84e+08

Reactant = W2   Pressure = 1 atm

   T(K)        W1      Loss   Capture
    500  4.99e-07  9.86e-07     5e-07
    600   0.00102   0.00102   0.00103
    700     0.242     0.242     0.246
    800      14.5      14.5      15.2
    900       337       337       379
  1e+03  3.88e+03  3.88e+03     5e+03
1.1e+03   2.6e+04   2.6e+04  4.15e+04
1.2e+03  1.13e+05  1.13e+05  2.42e+05
1.3e+03  3.54e+05  3.54e+05  1.08e+06
1.4e+03  8.59e+05  8.59e+05  3.89e+06
1.5e+03  1.74e+06  1.74e+06  1.18e+07
1.6e+03  2.96e+06  2.96e+06  3.13e+07
1.7e+03  4.52e+06  4.52e+06  7.41e+07
1.8e+03  6.28e+06  6.28e+06  1.59e+08
1.9e+03  8.16e+06  8.16e+06  3.15e+08
  2e+03  1.01e+07  1.01e+07  5.84e+08

Reactant = W2   Pressure = 10 atm

   T(K)        W1      Loss   Capture
    500  4.99e-07 -1.84e-06     5e-07
    600   0.00102   0.00102   0.00103
    700     0.245     0.245     0.246
    800      15.1      15.1      15.2
    900       372       372       379
  1e+03  4.78e+03  4.78e+03     5e+03
1.1e+03  3.75e+04  3.75e+04  4.15e+04
1.2e+03  1.99e+05  1.99e+05  2.42e+05
1.3e+03  7.66e+05  7.66e+05  1.08e+06
1.4e+03  2.27e+06  2.27e+06  3.89e+06
1.5e+03  5.42e+06  5.42e+06  1.18e+07
1.6e+03  1.07e+07  1.07e+07  3.13e+07
1.7e+03  1.84e+07  1.84e+07  7.41e+07
1.8e+03  2.79e+07  2.79e+07  1.59e+08
1.9e+03  3.87e+07  3.87e+07  3.15e+08
  2e+03     5e+07     5e+07  5.84e+08

Reactant = W2   Pressure = 100 atm

   T(K)        W1      Loss   Capture
    500  1.81e-17  0.000119     5e-07
    600   0.00102  0.000882   0.00103
    700     0.245     0.245     0.246
    800      15.2      15.2      15.2
    900       378       378       379
  1e+03  4.97e+03  4.97e+03     5e+03
1.1e+03  4.09e+04  4.09e+04  4.15e+04
1.2e+03  2.35e+05  2.35e+05  2.42e+05
1.3e+03  1.02e+06  1.02e+06  1.08e+06
1.4e+03  3.48e+06  3.48e+06  3.89e+06
1.5e+03  9.81e+06  9.81e+06  1.18e+07
1.6e+03  2.32e+07  2.32e+07  3.13e+07
1.7e+03  4.75e+07  4.75e+07  7.41e+07
1.8e+03  8.51e+07  8.51e+07  1.59e+08
1.9e+03  1.36e+08  1.36e+08  3.15e+08
  2e+03  1.98e+08  1.98e+08  5.84e+08

______________________________________________________________________________________

Temperature-Pressure Rate Tables:

W1->W2

P\T           500       600       700       800       900     1e+03   1.1e+03   1.2e+03   1.3e+03   1.4e+03   1.5e+03   1.6e+03   1.7e+03   1.8e+03   1.9e+03     2e+03
0.1         0.106      17.7       660  9.14e+03  6.16e+04  2.42e+05  6.29e+05  1.21e+06  1.94e+06  2.72e+06  3.57e+06  4.13e+06  4.57e+06  4.82e+06  4.92e+06  4.91e+06
1           0.106      18.1       714  1.11e+04  8.94e+04  4.41e+05  1.47e+06   3.6e+06  6.89e+06   1.1e+07  1.55e+07  1.91e+07   2.2e+07  2.38e+07  2.47e+07   2.5e+07
10          0.107      18.2       723  1.15e+04  9.88e+04  5.44e+05  2.13e+06  6.32e+06  1.49e+07   2.9e+07  4.81e+07  6.92e+07  8.94e+07  1.06e+08  1.17e+08  1.24e+08
100      3.87e-12      18.2       724  1.16e+04     1e+05  5.66e+05  2.32e+06  7.47e+06  1.98e+07  4.45e+07   8.7e+07   1.5e+08  2.31e+08  3.23e+08  4.13e+08  4.92e+08
O-O         0.107      18.2       725  1.16e+04  1.01e+05  5.69e+05  2.35e+06   7.7e+06   2.1e+07  4.98e+07  1.05e+08  2.02e+08   3.6e+08  6.03e+08  9.55e+08  1.45e+09

W2->W1

P\T           500       600       700       800       900     1e+03   1.1e+03   1.2e+03   1.3e+03   1.4e+03   1.5e+03   1.6e+03   1.7e+03   1.8e+03   1.9e+03     2e+03
0.1      4.97e-07  0.000999     0.224        12       232  2.13e+03  1.11e+04  3.82e+04  9.96e+04  2.13e+05  4.02e+05   6.4e+05  9.39e+05  1.27e+06  1.62e+06  1.98e+06
1        4.99e-07   0.00102     0.242      14.5       337  3.88e+03   2.6e+04  1.13e+05  3.54e+05  8.59e+05  1.74e+06  2.96e+06  4.52e+06  6.28e+06  8.16e+06  1.01e+07
10       4.99e-07   0.00102     0.245      15.1       372  4.78e+03  3.75e+04  1.99e+05  7.66e+05  2.27e+06  5.42e+06  1.07e+07  1.84e+07  2.79e+07  3.87e+07     5e+07
100      1.81e-17   0.00102     0.245      15.2       378  4.97e+03  4.09e+04  2.35e+05  1.02e+06  3.48e+06  9.81e+06  2.32e+07  4.75e+07  8.51e+07  1.36e+08  1.98e+08
O-O         5e-07   0.00103     0.246      15.2       379     5e+03  4.15e+04  2.42e+05  1.08e+06  3.89e+06  1.18e+07  3.13e+07  7.41e+07  1.59e+08  3.15e+08  5.84e+08

W1-> 

P\T           500       600       700       800       900     1e+03   1.1e+03   1.2e+03   1.3e+03   1.4e+03   1.5e+03   1.6e+03   1.7e+03   1.8e+03   1.9e+03     2e+03
0.1         0.106      17.7       660  9.14e+03  6.16e+04  2.42e+05  6.29e+05  1.21e+06  1.94e+06  2.72e+06  3.57e+06  4.13e+06  4.57e+06  4.82e+06  4.92e+06  4.91e+06
1           0.106      18.1       714  1.11e+04  8.94e+04  4.41e+05  1.47e+06   3.6e+06  6.89e+06   1.1e+07  1.55e+07  1.91e+07   2.2e+07  2.38e+07  2.47e+07   2.5e+07
10          0.107      18.2       723  1.15e+04  9.88e+04  5.44e+05  2.13e+06  6.32e+06  1.49e+07   2.9e+07  4.81e+07  6.92e+07  8.94e+07  1.06e+08  1.17e+08  1.24e+08
100         0.106      18.2       724  1.16e+04     1e+05  5.66e+05  2.32e+06  7.47e+06  1.98e+07  4.45e+07   8.7e+07   1.5e+08  2.31e+08  3.23e+08  4.13e+08  4.92e+08
O-O         0.107      18.2       725  1.16e+04  1.01e+05  5.69e+05  2.35e+06   7.7e+06   2.1e+07  4.98e+07  1.05e+08  2.02e+08   3.6e+08  6.03e+08  9.55e+08  1.45e+09

W2-> 

P\T           500       600       700       800       900     1e+03   1.1e+03   1.2e+03   1.3e+03   1.4e+03   1.5e+03   1.6e+03   1.7e+03   1.8e+03   1.9e+03     2e+03
0.1      4.98e-07  0.000999     0.224        12       232  2.13e+03  1.11e+04  3.82e+04  9.96e+04  2.13e+05  4.02e+05   6.4e+05  9.39e+05  1.27e+06  1.62e+06  1.98e+06
1        9.86e-07   0.00102     0.242      14.5       337  3.88e+03   2.6e+04  1.13e+05  3.54e+05  8.59e+05  1.74e+06  2.96e+06  4.52e+06  6.28e+06  8.16e+06  1.01e+07
10      -1.84e-06   0.00102     0.245      15.1       372  4.78e+03  3.75e+04  1.99e+05  7.66e+05  2.27e+06  5.42e+06  1.07e+07  1.84e+07  2.79e+07  3.87e+07     5e+07
100      0.000119  0.000882     0.245      15.2       378  4.97e+03  4.09e+04  2.35e+05  1.02e+06  3.48e+06  9.81e+06  2.32e+07  4.75e+07  8.51e+07  1.36e+08  1.98e+08
O-O         5e-07   0.00103     0.246      15.2       379     5e+03  4.15e+04  2.42e+05  1.08e+06  3.89e+06  1.18e+07  3.13e+07  7.41e+07  1.59e+08  3.15e+08  5.84e+08

