Wells (G - ground energy, D - dissociation limit, kcal/mol):
                              W         G         D
         FakeW-C5H8(522)+HO2(8)        -3         0
      FakeW-C5H7(1202)+H2O2(10)      23.8      25.5

Bimolecular Products (G - ground energy, kcal/mol):
                        P         G
         C5H8(522)+HO2(8)         0
      C5H7(1202)+H2O2(10)      26.8

Well-to-Bimolecular Barriers (H/G - barrier height/well depth, kcal/mol)
                              B         H                         W         G                   P
         FakeB-C5H8(522)+HO2(8)         0    FakeW-C5H8(522)+HO2(8)        -3    C5H8(522)+HO2(8)
      FakeB-C5H7(1202)+H2O2(10)      26.8 FakeW-C5H7(1202)+H2O2(10)      23.8 C5H7(1202)+H2O2(10)

Well-to-Well Barriers (H/G - barrier height/well depth, kcal/mol):
            B         H                        W1        G1                        W2        G2
      ts_6_35      25.5    FakeW-C5H8(522)+HO2(8)        -3 FakeW-C5H7(1202)+H2O2(10)      23.8

Bound Groups: dissociation barrier (name/ground energy, kcal/mol): wells (name/ground energy, kcal/mol):
     C1/0:  FakeW-C5H8(522)+HO2(8)/-3

     B1/25.5:  FakeW-C5H7(1202)+H2O2(10)/23.8

________________________________________________________________________________________

Names Translation Tables (<short name> - <original name>):
Wells:
   W1 - FakeW-C5H8(522)+HO2(8)
   W2 - FakeW-C5H7(1202)+H2O2(10)
Bimolecular products:
   P1 - C5H8(522)+HO2(8)
   P2 - C5H7(1202)+H2O2(10)
Inner Barriers:
   B1 - ts_6_35
Outer Barriers:
   C1 - FakeB-C5H8(522)+HO2(8)
   C2 - FakeB-C5H7(1202)+H2O2(10)
Unimolecular Rate Units: 1/sec;  Bimolecular Rate Units: cm^3/sec

______________________________________________________________________________________

Species-Species Rate Tables:

Temperature = 500 K

High Pressure Rate Coefficients:

From\To         W1        W2        P1        P2
W1             ***       149  4.91e+15       ***
W2        4.54e+13       ***       ***  8.93e+15
P1        1.91e-10       ***       ***       ***
P2             ***   1.9e-10       ***       ***

Temperature = 500 K    Pressure = 0.1 atm

From\To         W1        W2        P1        P2
W1         4.8e+10  5.46e-06   4.8e+10  0.000304
W2        1.73e+06  1.55e+11  1.03e+11   5.2e+10
P1         1.7e-15  1.07e-26   1.7e-15  5.73e-24
P2         1.8e-18     9e-16  9.54e-13  9.55e-13

Temperature = 500 K    Pressure = 1 atm

From\To         W1        W2        P1        P2
W1        3.88e+11  4.37e-06  3.88e+11    0.0015
W2       -1.46e+06  7.17e+11  1.89e+11  5.28e+11
P1         1.4e-14  2.14e-26   1.4e-14  5.73e-24
P2        9.08e-18  9.96e-15  9.53e-13  9.63e-13

Temperature = 500 K    Pressure = 10 atm

From\To         W1        W2        P1        P2
W1        2.73e+12 -9.44e-06  2.73e+12  -5.9e-05
W2       -2.71e+06  4.19e+12  3.32e+11  3.85e+12
P1        1.01e-13  3.94e-26  1.01e-13  5.71e-24
P2       -3.76e-19  7.61e-14   9.5e-13  1.03e-12

Temperature = 500 K    Pressure = 100 atm

From\To         W1        W2        P1        P2
W1        1.59e+13  9.99e-07  1.59e+13  0.000236
W2       -2.94e+05   2.3e+13   6.6e+11  2.23e+13
P1        6.04e-13  8.11e-26  6.04e-13  5.67e-24
P2        1.53e-18  4.56e-13  9.44e-13   1.4e-12

Temperature = 600 K

High Pressure Rate Coefficients:

From\To         W1        W2        P1        P2
W1             ***  1.88e+04   6.3e+15       ***
W2        5.89e+13       ***       ***  1.15e+16
P1        1.97e-10       ***       ***       ***
P2             ***  1.96e-10       ***       ***

Temperature = 600 K    Pressure = 0.1 atm

From\To         W1        W2        P1        P2
W1             ***       ***       ***       ***
W2             ***       ***       ***       ***
P1             ***       ***  5.62e-22  5.82e-22
P2             ***       ***  9.98e-13  9.98e-13

Temperature = 600 K    Pressure = 1 atm

From\To         W1        W2        P1        P2
W1             ***       ***       ***       ***
W2             ***       ***       ***       ***
P1             ***       ***  7.71e-22  5.82e-22
P2             ***       ***  9.98e-13  9.98e-13

Temperature = 600 K    Pressure = 10 atm

From\To         W1        W2        P1        P2
W1             ***       ***       ***       ***
W2             ***       ***       ***       ***
P1             ***       ***  7.22e-22  5.82e-22
P2             ***       ***  9.98e-13  9.98e-13

Temperature = 600 K    Pressure = 100 atm

From\To         W1        W2        P1        P2
W1        5.69e+13 -0.000139  5.69e+13  -0.00602
W2       -1.79e+06  8.97e+13  7.62e+11   8.9e+13
P1        1.62e-12  6.59e-24  1.62e-12  5.76e-22
P2       -2.41e-19  1.32e-12  9.87e-13  2.31e-12

Temperature = 700 K

High Pressure Rate Coefficients:

From\To         W1        W2        P1        P2
W1             ***  6.08e+05  7.05e+15       ***
W2        7.23e+13       ***       ***  1.28e+16
P1        2.03e-10       ***       ***       ***
P2             ***  2.01e-10       ***       ***

Temperature = 700 K    Pressure = 0.1 atm

From\To         W1        W2        P1        P2
W1             ***       ***       ***       ***
W2             ***       ***       ***       ***
P1             ***       ***  1.72e-20  1.72e-20
P2             ***       ***  1.12e-12  1.12e-12

Temperature = 700 K    Pressure = 1 atm

From\To         W1        W2        P1        P2
W1             ***       ***       ***       ***
W2             ***       ***       ***       ***
P1             ***       ***  1.71e-20  1.72e-20
P2             ***       ***  1.12e-12  1.12e-12

Temperature = 700 K    Pressure = 10 atm

From\To         W1        W2        P1        P2
W1             ***       ***       ***       ***
W2             ***       ***       ***       ***
P1             ***       ***  1.71e-20  1.72e-20
P2             ***       ***  1.12e-12  1.12e-12

Temperature = 700 K    Pressure = 100 atm

From\To         W1        W2        P1        P2
W1        1.24e+14       ***  1.24e+14    0.0087
W2             ***       ***       ***       ***
P1        2.98e-12       ***  2.98e-12  1.72e-20
P2        1.36e-20       ***  1.12e-12  1.12e-12

Temperature = 800 K

High Pressure Rate Coefficients:

From\To         W1        W2        P1        P2
W1             ***  8.36e+06  7.31e+15       ***
W2        8.52e+13       ***       ***  1.33e+16
P1        2.07e-10       ***       ***       ***
P2             ***  2.06e-10       ***       ***

Temperature = 800 K    Pressure = 0.1 atm

From\To         W1        W2        P1        P2
W1             ***       ***       ***       ***
W2             ***       ***       ***       ***
P1             ***       ***  2.33e-19  2.34e-19
P2             ***       ***   1.3e-12   1.3e-12

Temperature = 800 K    Pressure = 1 atm

From\To         W1        W2        P1        P2
W1             ***       ***       ***       ***
W2             ***       ***       ***       ***
P1             ***       ***  2.34e-19  2.34e-19
P2             ***       ***   1.3e-12   1.3e-12

Temperature = 800 K    Pressure = 10 atm

From\To         W1        W2        P1        P2
W1             ***       ***       ***       ***
W2             ***       ***       ***       ***
P1             ***       ***  2.34e-19  2.34e-19
P2             ***       ***   1.3e-12   1.3e-12

Temperature = 800 K    Pressure = 100 atm

From\To         W1        W2        P1        P2
W1             ***       ***       ***       ***
W2             ***       ***       ***       ***
P1             ***       ***  2.34e-19  2.34e-19
P2             ***       ***   1.3e-12   1.3e-12

Temperature = 900 K

High Pressure Rate Coefficients:

From\To         W1        W2        P1        P2
W1             ***  6.48e+07  7.23e+15       ***
W2        9.76e+13       ***       ***  1.32e+16
P1        2.11e-10       ***       ***       ***
P2             ***   2.1e-10       ***       ***

Temperature = 900 K    Pressure = 0.1 atm

From\To         W1        W2        P1        P2
W1             ***       ***       ***       ***
W2             ***       ***       ***       ***
P1             ***       ***  1.86e-18  1.86e-18
P2             ***       ***  1.53e-12  1.53e-12

Temperature = 900 K    Pressure = 1 atm

From\To         W1        W2        P1        P2
W1             ***       ***       ***       ***
W2             ***       ***       ***       ***
P1             ***       ***  1.86e-18  1.86e-18
P2             ***       ***  1.53e-12  1.53e-12

Temperature = 900 K    Pressure = 10 atm

From\To         W1        W2        P1        P2
W1             ***       ***       ***       ***
W2             ***       ***       ***       ***
P1             ***       ***  1.86e-18  1.86e-18
P2             ***       ***  1.53e-12  1.53e-12

Temperature = 900 K    Pressure = 100 atm

From\To         W1        W2        P1        P2
W1             ***       ***       ***       ***
W2             ***       ***       ***       ***
P1             ***       ***  1.86e-18  1.86e-18
P2             ***       ***  1.53e-12  1.53e-12

Temperature = 1e+03 K

High Pressure Rate Coefficients:

From\To         W1        W2        P1        P2
W1             ***  3.35e+08  6.95e+15       ***
W2        1.09e+14       ***       ***  1.26e+16
P1        2.15e-10       ***       ***       ***
P2             ***  2.13e-10       ***       ***

Temperature = 1e+03 K    Pressure = 0.1 atm

From\To         W1        W2        P1        P2
W1             ***       ***       ***       ***
W2             ***       ***       ***       ***
P1             ***       ***  1.01e-17  1.01e-17
P2             ***       ***  1.81e-12  1.81e-12

Temperature = 1e+03 K    Pressure = 1 atm

From\To         W1        W2        P1        P2
W1             ***       ***       ***       ***
W2             ***       ***       ***       ***
P1             ***       ***  1.01e-17  1.01e-17
P2             ***       ***  1.81e-12  1.81e-12

Temperature = 1e+03 K    Pressure = 10 atm

From\To         W1        W2        P1        P2
W1             ***       ***       ***       ***
W2             ***       ***       ***       ***
P1             ***       ***  1.01e-17  1.01e-17
P2             ***       ***  1.81e-12  1.81e-12

Temperature = 1e+03 K    Pressure = 100 atm

From\To         W1        W2        P1        P2
W1             ***       ***       ***       ***
W2             ***       ***       ***       ***
P1             ***       ***  1.01e-17  1.01e-17
P2             ***       ***  1.81e-12  1.81e-12

Temperature = 1.1e+03 K

High Pressure Rate Coefficients:

From\To         W1        W2        P1        P2
W1             ***  1.29e+09  6.56e+15       ***
W2        1.21e+14       ***       ***  1.19e+16
P1        2.18e-10       ***       ***       ***
P2             ***  2.17e-10       ***       ***

Temperature = 1.1e+03 K    Pressure = 0.1 atm

From\To         W1        W2        P1        P2
W1             ***       ***       ***       ***
W2             ***       ***       ***       ***
P1             ***       ***  4.18e-17  4.18e-17
P2             ***       ***  2.14e-12  2.14e-12

Temperature = 1.1e+03 K    Pressure = 1 atm

From\To         W1        W2        P1        P2
W1             ***       ***       ***       ***
W2             ***       ***       ***       ***
P1             ***       ***  4.18e-17  4.18e-17
P2             ***       ***  2.14e-12  2.14e-12

Temperature = 1.1e+03 K    Pressure = 10 atm

From\To         W1        W2        P1        P2
W1             ***       ***       ***       ***
W2             ***       ***       ***       ***
P1             ***       ***  4.18e-17  4.18e-17
P2             ***       ***  2.14e-12  2.14e-12

Temperature = 1.1e+03 K    Pressure = 100 atm

From\To         W1        W2        P1        P2
W1             ***       ***       ***       ***
W2             ***       ***       ***       ***
P1             ***       ***  4.18e-17  4.18e-17
P2             ***       ***  2.14e-12  2.14e-12

Temperature = 1.2e+03 K

High Pressure Rate Coefficients:

From\To         W1        W2        P1        P2
W1             ***  3.96e+09  6.12e+15       ***
W2        1.31e+14       ***       ***  1.11e+16
P1        2.22e-10       ***       ***       ***
P2             ***   2.2e-10       ***       ***

Temperature = 1.2e+03 K    Pressure = 0.1 atm

From\To         W1        W2        P1        P2
W1             ***       ***       ***       ***
W2             ***       ***       ***       ***
P1             ***       ***  1.39e-16  1.39e-16
P2             ***       ***  2.52e-12  2.52e-12

Temperature = 1.2e+03 K    Pressure = 1 atm

From\To         W1        W2        P1        P2
W1             ***       ***       ***       ***
W2             ***       ***       ***       ***
P1             ***       ***  1.39e-16  1.39e-16
P2             ***       ***  2.52e-12  2.52e-12

Temperature = 1.2e+03 K    Pressure = 10 atm

From\To         W1        W2        P1        P2
W1             ***       ***       ***       ***
W2             ***       ***       ***       ***
P1             ***       ***  1.39e-16  1.39e-16
P2             ***       ***  2.52e-12  2.52e-12

Temperature = 1.2e+03 K    Pressure = 100 atm

From\To         W1        W2        P1        P2
W1             ***       ***       ***       ***
W2             ***       ***       ***       ***
P1             ***       ***  1.39e-16  1.39e-16
P2             ***       ***  2.52e-12  2.52e-12

Temperature = 1.3e+03 K

High Pressure Rate Coefficients:

From\To         W1        W2        P1        P2
W1             ***  1.02e+10  5.66e+15       ***
W2        1.41e+14       ***       ***  1.03e+16
P1        2.25e-10       ***       ***       ***
P2             ***  2.23e-10       ***       ***

Temperature = 1.3e+03 K    Pressure = 0.1 atm

From\To         W1        W2        P1        P2
W1             ***       ***       ***       ***
W2             ***       ***       ***       ***
P1             ***       ***  3.91e-16  3.91e-16
P2             ***       ***  2.95e-12  2.95e-12

Temperature = 1.3e+03 K    Pressure = 1 atm

From\To         W1        W2        P1        P2
W1             ***       ***       ***       ***
W2             ***       ***       ***       ***
P1             ***       ***  3.91e-16  3.91e-16
P2             ***       ***  2.95e-12  2.95e-12

Temperature = 1.3e+03 K    Pressure = 10 atm

From\To         W1        W2        P1        P2
W1             ***       ***       ***       ***
W2             ***       ***       ***       ***
P1             ***       ***  3.91e-16  3.91e-16
P2             ***       ***  2.95e-12  2.95e-12

Temperature = 1.3e+03 K    Pressure = 100 atm

From\To         W1        W2        P1        P2
W1             ***       ***       ***       ***
W2             ***       ***       ***       ***
P1             ***       ***  3.91e-16  3.91e-16
P2             ***       ***  2.95e-12  2.95e-12

Temperature = 1.4e+03 K

High Pressure Rate Coefficients:

From\To         W1        W2        P1        P2
W1             ***  2.31e+10  5.22e+15       ***
W2        1.51e+14       ***       ***   9.5e+15
P1        2.27e-10       ***       ***       ***
P2             ***  2.26e-10       ***       ***

Temperature = 1.4e+03 K    Pressure = 0.1 atm

From\To         W1        W2        P1        P2
W1             ***       ***       ***       ***
W2             ***       ***       ***       ***
P1             ***       ***  9.67e-16  9.67e-16
P2             ***       ***  3.45e-12  3.45e-12

Temperature = 1.4e+03 K    Pressure = 1 atm

From\To         W1        W2        P1        P2
W1             ***       ***       ***       ***
W2             ***       ***       ***       ***
P1             ***       ***  9.67e-16  9.67e-16
P2             ***       ***  3.45e-12  3.45e-12

Temperature = 1.4e+03 K    Pressure = 10 atm

From\To         W1        W2        P1        P2
W1             ***       ***       ***       ***
W2             ***       ***       ***       ***
P1             ***       ***  9.67e-16  9.67e-16
P2             ***       ***  3.45e-12  3.45e-12

Temperature = 1.4e+03 K    Pressure = 100 atm

From\To         W1        W2        P1        P2
W1             ***       ***       ***       ***
W2             ***       ***       ***       ***
P1             ***       ***  9.67e-16  9.67e-16
P2             ***       ***  3.45e-12  3.45e-12

Temperature = 1.5e+03 K

High Pressure Rate Coefficients:

From\To         W1        W2        P1        P2
W1             ***  4.68e+10   4.8e+15       ***
W2         1.6e+14       ***       ***  8.74e+15
P1         2.3e-10       ***       ***       ***
P2             ***  2.28e-10       ***       ***

Temperature = 1.5e+03 K    Pressure = 0.1 atm

From\To         W1        W2        P1        P2
W1             ***       ***       ***       ***
W2             ***       ***       ***       ***
P1             ***       ***  2.14e-15  2.14e-15
P2             ***       ***  3.99e-12  3.99e-12

Temperature = 1.5e+03 K    Pressure = 1 atm

From\To         W1        W2        P1        P2
W1             ***       ***       ***       ***
W2             ***       ***       ***       ***
P1             ***       ***  2.14e-15  2.14e-15
P2             ***       ***  3.99e-12  3.99e-12

Temperature = 1.5e+03 K    Pressure = 10 atm

From\To         W1        W2        P1        P2
W1             ***       ***       ***       ***
W2             ***       ***       ***       ***
P1             ***       ***  2.14e-15  2.14e-15
P2             ***       ***  3.99e-12  3.99e-12

Temperature = 1.5e+03 K    Pressure = 100 atm

From\To         W1        W2        P1        P2
W1             ***       ***       ***       ***
W2             ***       ***       ***       ***
P1             ***       ***  2.14e-15  2.14e-15
P2             ***       ***  3.99e-12  3.99e-12

Temperature = 1.6e+03 K

High Pressure Rate Coefficients:

From\To         W1        W2        P1        P2
W1             ***  8.65e+10  4.41e+15       ***
W2        1.68e+14       ***       ***  8.02e+15
P1        2.32e-10       ***       ***       ***
P2             ***  2.31e-10       ***       ***

Temperature = 1.6e+03 K    Pressure = 0.1 atm

From\To         W1        W2        P1        P2
W1             ***       ***       ***       ***
W2             ***       ***       ***       ***
P1             ***       ***  4.34e-15  4.34e-15
P2             ***       ***   4.6e-12   4.6e-12

Temperature = 1.6e+03 K    Pressure = 1 atm

From\To         W1        W2        P1        P2
W1             ***       ***       ***       ***
W2             ***       ***       ***       ***
P1             ***       ***  4.34e-15  4.34e-15
P2             ***       ***   4.6e-12   4.6e-12

Temperature = 1.6e+03 K    Pressure = 10 atm

From\To         W1        W2        P1        P2
W1             ***       ***       ***       ***
W2             ***       ***       ***       ***
P1             ***       ***  4.34e-15  4.34e-15
P2             ***       ***   4.6e-12   4.6e-12

Temperature = 1.6e+03 K    Pressure = 100 atm

From\To         W1        W2        P1        P2
W1             ***       ***       ***       ***
W2             ***       ***       ***       ***
P1             ***       ***  4.34e-15  4.34e-15
P2             ***       ***   4.6e-12   4.6e-12

Temperature = 1.7e+03 K

High Pressure Rate Coefficients:

From\To         W1        W2        P1        P2
W1             ***  1.49e+11  4.05e+15       ***
W2        1.76e+14       ***       ***  7.37e+15
P1        2.35e-10       ***       ***       ***
P2             ***  2.33e-10       ***       ***

Temperature = 1.7e+03 K    Pressure = 0.1 atm

From\To         W1        W2        P1        P2
W1             ***       ***       ***       ***
W2             ***       ***       ***       ***
P1             ***       ***  8.19e-15  8.19e-15
P2             ***       ***  5.28e-12  5.28e-12

Temperature = 1.7e+03 K    Pressure = 1 atm

From\To         W1        W2        P1        P2
W1             ***       ***       ***       ***
W2             ***       ***       ***       ***
P1             ***       ***  8.19e-15  8.19e-15
P2             ***       ***  5.28e-12  5.28e-12

Temperature = 1.7e+03 K    Pressure = 10 atm

From\To         W1        W2        P1        P2
W1             ***       ***       ***       ***
W2             ***       ***       ***       ***
P1             ***       ***  8.19e-15  8.19e-15
P2             ***       ***  5.28e-12  5.28e-12

Temperature = 1.7e+03 K    Pressure = 100 atm

From\To         W1        W2        P1        P2
W1             ***       ***       ***       ***
W2             ***       ***       ***       ***
P1             ***       ***  8.19e-15  8.19e-15
P2             ***       ***  5.28e-12  5.28e-12

Temperature = 1.8e+03 K

High Pressure Rate Coefficients:

From\To         W1        W2        P1        P2
W1             ***  2.41e+11  3.72e+15       ***
W2        1.83e+14       ***       ***  6.77e+15
P1        2.37e-10       ***       ***       ***
P2             ***  2.35e-10       ***       ***

Temperature = 1.8e+03 K    Pressure = 0.1 atm

From\To         W1        W2        P1        P2
W1             ***       ***       ***       ***
W2             ***       ***       ***       ***
P1             ***       ***  1.45e-14  1.45e-14
P2             ***       ***     6e-12     6e-12

Temperature = 1.8e+03 K    Pressure = 1 atm

From\To         W1        W2        P1        P2
W1             ***       ***       ***       ***
W2             ***       ***       ***       ***
P1             ***       ***  1.45e-14  1.45e-14
P2             ***       ***     6e-12     6e-12

Temperature = 1.8e+03 K    Pressure = 10 atm

From\To         W1        W2        P1        P2
W1             ***       ***       ***       ***
W2             ***       ***       ***       ***
P1             ***       ***  1.45e-14  1.45e-14
P2             ***       ***     6e-12     6e-12

Temperature = 1.8e+03 K    Pressure = 100 atm

From\To         W1        W2        P1        P2
W1             ***       ***       ***       ***
W2             ***       ***       ***       ***
P1             ***       ***  1.45e-14  1.45e-14
P2             ***       ***     6e-12     6e-12

Temperature = 1.9e+03 K

High Pressure Rate Coefficients:

From\To         W1        W2        P1        P2
W1             ***  3.69e+11  3.42e+15       ***
W2         1.9e+14       ***       ***  6.22e+15
P1        2.39e-10       ***       ***       ***
P2             ***  2.37e-10       ***       ***

Temperature = 1.9e+03 K    Pressure = 0.1 atm

From\To         W1        W2        P1        P2
W1             ***       ***       ***       ***
W2             ***       ***       ***       ***
P1             ***       ***  2.42e-14  2.42e-14
P2             ***       ***  6.79e-12  6.79e-12

Temperature = 1.9e+03 K    Pressure = 1 atm

From\To         W1        W2        P1        P2
W1             ***       ***       ***       ***
W2             ***       ***       ***       ***
P1             ***       ***  2.42e-14  2.42e-14
P2             ***       ***  6.79e-12  6.79e-12

Temperature = 1.9e+03 K    Pressure = 10 atm

From\To         W1        W2        P1        P2
W1             ***       ***       ***       ***
W2             ***       ***       ***       ***
P1             ***       ***  2.42e-14  2.42e-14
P2             ***       ***  6.79e-12  6.79e-12

Temperature = 1.9e+03 K    Pressure = 100 atm

From\To         W1        W2        P1        P2
W1             ***       ***       ***       ***
W2             ***       ***       ***       ***
P1             ***       ***  2.42e-14  2.42e-14
P2             ***       ***  6.79e-12  6.79e-12

Temperature = 2e+03 K

High Pressure Rate Coefficients:

From\To         W1        W2        P1        P2
W1             ***  5.43e+11  3.14e+15       ***
W2        1.96e+14       ***       ***  5.72e+15
P1        2.41e-10       ***       ***       ***
P2             ***  2.39e-10       ***       ***

Temperature = 2e+03 K    Pressure = 0.1 atm

From\To         W1        W2        P1        P2
W1             ***       ***       ***       ***
W2             ***       ***       ***       ***
P1             ***       ***  3.88e-14  3.88e-14
P2             ***       ***  7.65e-12  7.65e-12

Temperature = 2e+03 K    Pressure = 1 atm

From\To         W1        W2        P1        P2
W1             ***       ***       ***       ***
W2             ***       ***       ***       ***
P1             ***       ***  3.88e-14  3.88e-14
P2             ***       ***  7.65e-12  7.65e-12

Temperature = 2e+03 K    Pressure = 10 atm

From\To         W1        W2        P1        P2
W1             ***       ***       ***       ***
W2             ***       ***       ***       ***
P1             ***       ***  3.88e-14  3.88e-14
P2             ***       ***  7.65e-12  7.65e-12

Temperature = 2e+03 K    Pressure = 100 atm

From\To         W1        W2        P1        P2
W1             ***       ***       ***       ***
W2             ***       ***       ***       ***
P1             ***       ***  3.88e-14  3.88e-14
P2             ***       ***  7.65e-12  7.65e-12

______________________________________________________________________________________

High Pressure Rate Coefficients (Temperature-Species Rate Tables):

Reactant = W1
   T(K)        W1        W2        P1        P2
    500       ***       149  4.91e+15       ***
    600       ***  1.88e+04   6.3e+15       ***
    700       ***  6.08e+05  7.05e+15       ***
    800       ***  8.36e+06  7.31e+15       ***
    900       ***  6.48e+07  7.23e+15       ***
  1e+03       ***  3.35e+08  6.95e+15       ***
1.1e+03       ***  1.29e+09  6.56e+15       ***
1.2e+03       ***  3.96e+09  6.12e+15       ***
1.3e+03       ***  1.02e+10  5.66e+15       ***
1.4e+03       ***  2.31e+10  5.22e+15       ***
1.5e+03       ***  4.68e+10   4.8e+15       ***
1.6e+03       ***  8.65e+10  4.41e+15       ***
1.7e+03       ***  1.49e+11  4.05e+15       ***
1.8e+03       ***  2.41e+11  3.72e+15       ***
1.9e+03       ***  3.69e+11  3.42e+15       ***
  2e+03       ***  5.43e+11  3.14e+15       ***

Reactant = W2
   T(K)        W1        W2        P1        P2
    500  4.54e+13       ***       ***  8.93e+15
    600  5.89e+13       ***       ***  1.15e+16
    700  7.23e+13       ***       ***  1.28e+16
    800  8.52e+13       ***       ***  1.33e+16
    900  9.76e+13       ***       ***  1.32e+16
  1e+03  1.09e+14       ***       ***  1.26e+16
1.1e+03  1.21e+14       ***       ***  1.19e+16
1.2e+03  1.31e+14       ***       ***  1.11e+16
1.3e+03  1.41e+14       ***       ***  1.03e+16
1.4e+03  1.51e+14       ***       ***   9.5e+15
1.5e+03   1.6e+14       ***       ***  8.74e+15
1.6e+03  1.68e+14       ***       ***  8.02e+15
1.7e+03  1.76e+14       ***       ***  7.37e+15
1.8e+03  1.83e+14       ***       ***  6.77e+15
1.9e+03   1.9e+14       ***       ***  6.22e+15
  2e+03  1.96e+14       ***       ***  5.72e+15

Reactant = P1
   T(K)        W1        W2        P1        P2
    500  1.91e-10       ***       ***       ***
    600  1.97e-10       ***       ***       ***
    700  2.03e-10       ***       ***       ***
    800  2.07e-10       ***       ***       ***
    900  2.11e-10       ***       ***       ***
  1e+03  2.15e-10       ***       ***       ***
1.1e+03  2.18e-10       ***       ***       ***
1.2e+03  2.22e-10       ***       ***       ***
1.3e+03  2.25e-10       ***       ***       ***
1.4e+03  2.27e-10       ***       ***       ***
1.5e+03   2.3e-10       ***       ***       ***
1.6e+03  2.32e-10       ***       ***       ***
1.7e+03  2.35e-10       ***       ***       ***
1.8e+03  2.37e-10       ***       ***       ***
1.9e+03  2.39e-10       ***       ***       ***
  2e+03  2.41e-10       ***       ***       ***

Reactant = P2
   T(K)        W1        W2        P1        P2
    500       ***   1.9e-10       ***       ***
    600       ***  1.96e-10       ***       ***
    700       ***  2.01e-10       ***       ***
    800       ***  2.06e-10       ***       ***
    900       ***   2.1e-10       ***       ***
  1e+03       ***  2.13e-10       ***       ***
1.1e+03       ***  2.17e-10       ***       ***
1.2e+03       ***   2.2e-10       ***       ***
1.3e+03       ***  2.23e-10       ***       ***
1.4e+03       ***  2.26e-10       ***       ***
1.5e+03       ***  2.28e-10       ***       ***
1.6e+03       ***  2.31e-10       ***       ***
1.7e+03       ***  2.33e-10       ***       ***
1.8e+03       ***  2.35e-10       ***       ***
1.9e+03       ***  2.37e-10       ***       ***
  2e+03       ***  2.39e-10       ***       ***

Capture/Escape Rate Coefficients:

   T(K)        W1        W2        P1        P2
    500  4.91e+15  8.98e+15  1.91e-10   1.9e-10
    600   6.3e+15  1.15e+16  1.97e-10  1.96e-10
    700  7.05e+15  1.29e+16  2.03e-10  2.01e-10
    800  7.31e+15  1.34e+16  2.07e-10  2.06e-10
    900  7.23e+15  1.33e+16  2.11e-10   2.1e-10
  1e+03  6.95e+15  1.28e+16  2.15e-10  2.13e-10
1.1e+03  6.56e+15  1.21e+16  2.18e-10  2.17e-10
1.2e+03  6.12e+15  1.13e+16  2.22e-10   2.2e-10
1.3e+03  5.66e+15  1.04e+16  2.25e-10  2.23e-10
1.4e+03  5.22e+15  9.65e+15  2.27e-10  2.26e-10
1.5e+03   4.8e+15   8.9e+15   2.3e-10  2.28e-10
1.6e+03  4.41e+15  8.19e+15  2.32e-10  2.31e-10
1.7e+03  4.05e+15  7.54e+15  2.35e-10  2.33e-10
1.8e+03  3.72e+15  6.95e+15  2.37e-10  2.35e-10
1.9e+03  3.42e+15  6.41e+15  2.39e-10  2.37e-10
  2e+03  3.14e+15  5.92e+15  2.41e-10  2.39e-10

______________________________________________________________________________________

Pressure-Species Rate Tables:

Reactant = W1   Temperature = 500 K

   P(atm)        W2        P1        P2      Loss
      0.1  5.46e-06   4.8e+10  0.000304   4.8e+10
        1  4.37e-06  3.88e+11    0.0015  3.88e+11
       10 -9.44e-06  2.73e+12  -5.9e-05  2.73e+12
      100  9.99e-07  1.59e+13  0.000236  1.59e+13
      O-O       149  4.91e+15       ***  4.91e+15

Reactant = W1   Temperature = 600 K

   P(atm)        W2        P1        P2      Loss
      0.1       ***       ***       ***       ***
        1       ***       ***       ***       ***
       10       ***       ***       ***       ***
      100 -0.000139  5.69e+13  -0.00602  5.69e+13
      O-O  1.88e+04   6.3e+15       ***   6.3e+15

Reactant = W1   Temperature = 700 K

   P(atm)        W2        P1        P2      Loss
      0.1       ***       ***       ***       ***
        1       ***       ***       ***       ***
       10       ***       ***       ***       ***
      100       ***  1.24e+14    0.0087  1.24e+14
      O-O  6.08e+05  7.05e+15       ***  7.05e+15

Reactant = W1   Temperature = 800 K

   P(atm)        W2        P1        P2      Loss
      0.1       ***       ***       ***       ***
        1       ***       ***       ***       ***
       10       ***       ***       ***       ***
      100       ***       ***       ***       ***
      O-O  8.36e+06  7.31e+15       ***  7.31e+15

Reactant = W1   Temperature = 900 K

   P(atm)        W2        P1        P2      Loss
      0.1       ***       ***       ***       ***
        1       ***       ***       ***       ***
       10       ***       ***       ***       ***
      100       ***       ***       ***       ***
      O-O  6.48e+07  7.23e+15       ***  7.23e+15

Reactant = W1   Temperature = 1e+03 K

   P(atm)        W2        P1        P2      Loss
      0.1       ***       ***       ***       ***
        1       ***       ***       ***       ***
       10       ***       ***       ***       ***
      100       ***       ***       ***       ***
      O-O  3.35e+08  6.95e+15       ***  6.95e+15

Reactant = W1   Temperature = 1.1e+03 K

   P(atm)        W2        P1        P2      Loss
      0.1       ***       ***       ***       ***
        1       ***       ***       ***       ***
       10       ***       ***       ***       ***
      100       ***       ***       ***       ***
      O-O  1.29e+09  6.56e+15       ***  6.56e+15

Reactant = W1   Temperature = 1.2e+03 K

   P(atm)        W2        P1        P2      Loss
      0.1       ***       ***       ***       ***
        1       ***       ***       ***       ***
       10       ***       ***       ***       ***
      100       ***       ***       ***       ***
      O-O  3.96e+09  6.12e+15       ***  6.12e+15

Reactant = W1   Temperature = 1.3e+03 K

   P(atm)        W2        P1        P2      Loss
      0.1       ***       ***       ***       ***
        1       ***       ***       ***       ***
       10       ***       ***       ***       ***
      100       ***       ***       ***       ***
      O-O  1.02e+10  5.66e+15       ***  5.66e+15

Reactant = W1   Temperature = 1.4e+03 K

   P(atm)        W2        P1        P2      Loss
      0.1       ***       ***       ***       ***
        1       ***       ***       ***       ***
       10       ***       ***       ***       ***
      100       ***       ***       ***       ***
      O-O  2.31e+10  5.22e+15       ***  5.22e+15

Reactant = W1   Temperature = 1.5e+03 K

   P(atm)        W2        P1        P2      Loss
      0.1       ***       ***       ***       ***
        1       ***       ***       ***       ***
       10       ***       ***       ***       ***
      100       ***       ***       ***       ***
      O-O  4.68e+10   4.8e+15       ***   4.8e+15

Reactant = W1   Temperature = 1.6e+03 K

   P(atm)        W2        P1        P2      Loss
      0.1       ***       ***       ***       ***
        1       ***       ***       ***       ***
       10       ***       ***       ***       ***
      100       ***       ***       ***       ***
      O-O  8.65e+10  4.41e+15       ***  4.41e+15

Reactant = W1   Temperature = 1.7e+03 K

   P(atm)        W2        P1        P2      Loss
      0.1       ***       ***       ***       ***
        1       ***       ***       ***       ***
       10       ***       ***       ***       ***
      100       ***       ***       ***       ***
      O-O  1.49e+11  4.05e+15       ***  4.05e+15

Reactant = W1   Temperature = 1.8e+03 K

   P(atm)        W2        P1        P2      Loss
      0.1       ***       ***       ***       ***
        1       ***       ***       ***       ***
       10       ***       ***       ***       ***
      100       ***       ***       ***       ***
      O-O  2.41e+11  3.72e+15       ***  3.72e+15

Reactant = W1   Temperature = 1.9e+03 K

   P(atm)        W2        P1        P2      Loss
      0.1       ***       ***       ***       ***
        1       ***       ***       ***       ***
       10       ***       ***       ***       ***
      100       ***       ***       ***       ***
      O-O  3.69e+11  3.42e+15       ***  3.42e+15

Reactant = W1   Temperature = 2e+03 K

   P(atm)        W2        P1        P2      Loss
      0.1       ***       ***       ***       ***
        1       ***       ***       ***       ***
       10       ***       ***       ***       ***
      100       ***       ***       ***       ***
      O-O  5.43e+11  3.14e+15       ***  3.14e+15

Reactant = W2   Temperature = 500 K

   P(atm)        W1        P1        P2      Loss
      0.1  1.73e+06  1.03e+11   5.2e+10  1.55e+11
        1 -1.46e+06  1.89e+11  5.28e+11  7.17e+11
       10 -2.71e+06  3.32e+11  3.85e+12  4.19e+12
      100 -2.94e+05   6.6e+11  2.23e+13   2.3e+13
      O-O  4.54e+13       ***  8.93e+15  8.98e+15

Reactant = W2   Temperature = 600 K

   P(atm)        W1        P1        P2      Loss
      0.1       ***       ***       ***       ***
        1       ***       ***       ***       ***
       10       ***       ***       ***       ***
      100 -1.79e+06  7.62e+11   8.9e+13  8.97e+13
      O-O  5.89e+13       ***  1.15e+16  1.15e+16

Reactant = W2   Temperature = 700 K

   P(atm)        W1        P1        P2      Loss
      0.1       ***       ***       ***       ***
        1       ***       ***       ***       ***
       10       ***       ***       ***       ***
      100       ***       ***       ***       ***
      O-O  7.23e+13       ***  1.28e+16  1.29e+16

Reactant = W2   Temperature = 800 K

   P(atm)        W1        P1        P2      Loss
      0.1       ***       ***       ***       ***
        1       ***       ***       ***       ***
       10       ***       ***       ***       ***
      100       ***       ***       ***       ***
      O-O  8.52e+13       ***  1.33e+16  1.34e+16

Reactant = W2   Temperature = 900 K

   P(atm)        W1        P1        P2      Loss
      0.1       ***       ***       ***       ***
        1       ***       ***       ***       ***
       10       ***       ***       ***       ***
      100       ***       ***       ***       ***
      O-O  9.76e+13       ***  1.32e+16  1.33e+16

Reactant = W2   Temperature = 1e+03 K

   P(atm)        W1        P1        P2      Loss
      0.1       ***       ***       ***       ***
        1       ***       ***       ***       ***
       10       ***       ***       ***       ***
      100       ***       ***       ***       ***
      O-O  1.09e+14       ***  1.26e+16  1.28e+16

Reactant = W2   Temperature = 1.1e+03 K

   P(atm)        W1        P1        P2      Loss
      0.1       ***       ***       ***       ***
        1       ***       ***       ***       ***
       10       ***       ***       ***       ***
      100       ***       ***       ***       ***
      O-O  1.21e+14       ***  1.19e+16  1.21e+16

Reactant = W2   Temperature = 1.2e+03 K

   P(atm)        W1        P1        P2      Loss
      0.1       ***       ***       ***       ***
        1       ***       ***       ***       ***
       10       ***       ***       ***       ***
      100       ***       ***       ***       ***
      O-O  1.31e+14       ***  1.11e+16  1.13e+16

Reactant = W2   Temperature = 1.3e+03 K

   P(atm)        W1        P1        P2      Loss
      0.1       ***       ***       ***       ***
        1       ***       ***       ***       ***
       10       ***       ***       ***       ***
      100       ***       ***       ***       ***
      O-O  1.41e+14       ***  1.03e+16  1.04e+16

Reactant = W2   Temperature = 1.4e+03 K

   P(atm)        W1        P1        P2      Loss
      0.1       ***       ***       ***       ***
        1       ***       ***       ***       ***
       10       ***       ***       ***       ***
      100       ***       ***       ***       ***
      O-O  1.51e+14       ***   9.5e+15  9.65e+15

Reactant = W2   Temperature = 1.5e+03 K

   P(atm)        W1        P1        P2      Loss
      0.1       ***       ***       ***       ***
        1       ***       ***       ***       ***
       10       ***       ***       ***       ***
      100       ***       ***       ***       ***
      O-O   1.6e+14       ***  8.74e+15   8.9e+15

Reactant = W2   Temperature = 1.6e+03 K

   P(atm)        W1        P1        P2      Loss
      0.1       ***       ***       ***       ***
        1       ***       ***       ***       ***
       10       ***       ***       ***       ***
      100       ***       ***       ***       ***
      O-O  1.68e+14       ***  8.02e+15  8.19e+15

Reactant = W2   Temperature = 1.7e+03 K

   P(atm)        W1        P1        P2      Loss
      0.1       ***       ***       ***       ***
        1       ***       ***       ***       ***
       10       ***       ***       ***       ***
      100       ***       ***       ***       ***
      O-O  1.76e+14       ***  7.37e+15  7.54e+15

Reactant = W2   Temperature = 1.8e+03 K

   P(atm)        W1        P1        P2      Loss
      0.1       ***       ***       ***       ***
        1       ***       ***       ***       ***
       10       ***       ***       ***       ***
      100       ***       ***       ***       ***
      O-O  1.83e+14       ***  6.77e+15  6.95e+15

Reactant = W2   Temperature = 1.9e+03 K

   P(atm)        W1        P1        P2      Loss
      0.1       ***       ***       ***       ***
        1       ***       ***       ***       ***
       10       ***       ***       ***       ***
      100       ***       ***       ***       ***
      O-O   1.9e+14       ***  6.22e+15  6.41e+15

Reactant = W2   Temperature = 2e+03 K

   P(atm)        W1        P1        P2      Loss
      0.1       ***       ***       ***       ***
        1       ***       ***       ***       ***
       10       ***       ***       ***       ***
      100       ***       ***       ***       ***
      O-O  1.96e+14       ***  5.72e+15  5.92e+15

Reactant = P1   Temperature = 500 K

   P(atm)        W1        W2        P2      Loss
      0.1   1.7e-15  1.07e-26  5.73e-24   1.7e-15
        1   1.4e-14  2.14e-26  5.73e-24   1.4e-14
       10  1.01e-13  3.94e-26  5.71e-24  1.01e-13
      100  6.04e-13  8.11e-26  5.67e-24  6.04e-13
      O-O  1.91e-10       ***       ***  1.91e-10

Reactant = P1   Temperature = 600 K

   P(atm)        W1        W2        P2      Loss
      0.1       ***       ***  5.82e-22  5.62e-22
        1       ***       ***  5.82e-22  7.71e-22
       10       ***       ***  5.82e-22  7.22e-22
      100  1.62e-12  6.59e-24  5.76e-22  1.62e-12
      O-O  1.97e-10       ***       ***  1.97e-10

Reactant = P1   Temperature = 700 K

   P(atm)        W1        W2        P2      Loss
      0.1       ***       ***  1.72e-20  1.72e-20
        1       ***       ***  1.72e-20  1.71e-20
       10       ***       ***  1.72e-20  1.71e-20
      100  2.98e-12       ***  1.72e-20  2.98e-12
      O-O  2.03e-10       ***       ***  2.03e-10

Reactant = P1   Temperature = 800 K

   P(atm)        W1        W2        P2      Loss
      0.1       ***       ***  2.34e-19  2.33e-19
        1       ***       ***  2.34e-19  2.34e-19
       10       ***       ***  2.34e-19  2.34e-19
      100       ***       ***  2.34e-19  2.34e-19
      O-O  2.07e-10       ***       ***  2.07e-10

Reactant = P1   Temperature = 900 K

   P(atm)        W1        W2        P2      Loss
      0.1       ***       ***  1.86e-18  1.86e-18
        1       ***       ***  1.86e-18  1.86e-18
       10       ***       ***  1.86e-18  1.86e-18
      100       ***       ***  1.86e-18  1.86e-18
      O-O  2.11e-10       ***       ***  2.11e-10

Reactant = P1   Temperature = 1e+03 K

   P(atm)        W1        W2        P2      Loss
      0.1       ***       ***  1.01e-17  1.01e-17
        1       ***       ***  1.01e-17  1.01e-17
       10       ***       ***  1.01e-17  1.01e-17
      100       ***       ***  1.01e-17  1.01e-17
      O-O  2.15e-10       ***       ***  2.15e-10

Reactant = P1   Temperature = 1.1e+03 K

   P(atm)        W1        W2        P2      Loss
      0.1       ***       ***  4.18e-17  4.18e-17
        1       ***       ***  4.18e-17  4.18e-17
       10       ***       ***  4.18e-17  4.18e-17
      100       ***       ***  4.18e-17  4.18e-17
      O-O  2.18e-10       ***       ***  2.18e-10

Reactant = P1   Temperature = 1.2e+03 K

   P(atm)        W1        W2        P2      Loss
      0.1       ***       ***  1.39e-16  1.39e-16
        1       ***       ***  1.39e-16  1.39e-16
       10       ***       ***  1.39e-16  1.39e-16
      100       ***       ***  1.39e-16  1.39e-16
      O-O  2.22e-10       ***       ***  2.22e-10

Reactant = P1   Temperature = 1.3e+03 K

   P(atm)        W1        W2        P2      Loss
      0.1       ***       ***  3.91e-16  3.91e-16
        1       ***       ***  3.91e-16  3.91e-16
       10       ***       ***  3.91e-16  3.91e-16
      100       ***       ***  3.91e-16  3.91e-16
      O-O  2.25e-10       ***       ***  2.25e-10

Reactant = P1   Temperature = 1.4e+03 K

   P(atm)        W1        W2        P2      Loss
      0.1       ***       ***  9.67e-16  9.67e-16
        1       ***       ***  9.67e-16  9.67e-16
       10       ***       ***  9.67e-16  9.67e-16
      100       ***       ***  9.67e-16  9.67e-16
      O-O  2.27e-10       ***       ***  2.27e-10

Reactant = P1   Temperature = 1.5e+03 K

   P(atm)        W1        W2        P2      Loss
      0.1       ***       ***  2.14e-15  2.14e-15
        1       ***       ***  2.14e-15  2.14e-15
       10       ***       ***  2.14e-15  2.14e-15
      100       ***       ***  2.14e-15  2.14e-15
      O-O   2.3e-10       ***       ***   2.3e-10

Reactant = P1   Temperature = 1.6e+03 K

   P(atm)        W1        W2        P2      Loss
      0.1       ***       ***  4.34e-15  4.34e-15
        1       ***       ***  4.34e-15  4.34e-15
       10       ***       ***  4.34e-15  4.34e-15
      100       ***       ***  4.34e-15  4.34e-15
      O-O  2.32e-10       ***       ***  2.32e-10

Reactant = P1   Temperature = 1.7e+03 K

   P(atm)        W1        W2        P2      Loss
      0.1       ***       ***  8.19e-15  8.19e-15
        1       ***       ***  8.19e-15  8.19e-15
       10       ***       ***  8.19e-15  8.19e-15
      100       ***       ***  8.19e-15  8.19e-15
      O-O  2.35e-10       ***       ***  2.35e-10

Reactant = P1   Temperature = 1.8e+03 K

   P(atm)        W1        W2        P2      Loss
      0.1       ***       ***  1.45e-14  1.45e-14
        1       ***       ***  1.45e-14  1.45e-14
       10       ***       ***  1.45e-14  1.45e-14
      100       ***       ***  1.45e-14  1.45e-14
      O-O  2.37e-10       ***       ***  2.37e-10

Reactant = P1   Temperature = 1.9e+03 K

   P(atm)        W1        W2        P2      Loss
      0.1       ***       ***  2.42e-14  2.42e-14
        1       ***       ***  2.42e-14  2.42e-14
       10       ***       ***  2.42e-14  2.42e-14
      100       ***       ***  2.42e-14  2.42e-14
      O-O  2.39e-10       ***       ***  2.39e-10

Reactant = P1   Temperature = 2e+03 K

   P(atm)        W1        W2        P2      Loss
      0.1       ***       ***  3.88e-14  3.88e-14
        1       ***       ***  3.88e-14  3.88e-14
       10       ***       ***  3.88e-14  3.88e-14
      100       ***       ***  3.88e-14  3.88e-14
      O-O  2.41e-10       ***       ***  2.41e-10

Reactant = P2   Temperature = 500 K

   P(atm)        W1        W2        P1      Loss
      0.1   1.8e-18     9e-16  9.54e-13  9.55e-13
        1  9.08e-18  9.96e-15  9.53e-13  9.63e-13
       10 -3.76e-19  7.61e-14   9.5e-13  1.03e-12
      100  1.53e-18  4.56e-13  9.44e-13   1.4e-12
      O-O       ***   1.9e-10       ***   1.9e-10

Reactant = P2   Temperature = 600 K

   P(atm)        W1        W2        P1      Loss
      0.1       ***       ***  9.98e-13  9.98e-13
        1       ***       ***  9.98e-13  9.98e-13
       10       ***       ***  9.98e-13  9.98e-13
      100 -2.41e-19  1.32e-12  9.87e-13  2.31e-12
      O-O       ***  1.96e-10       ***  1.96e-10

Reactant = P2   Temperature = 700 K

   P(atm)        W1        W2        P1      Loss
      0.1       ***       ***  1.12e-12  1.12e-12
        1       ***       ***  1.12e-12  1.12e-12
       10       ***       ***  1.12e-12  1.12e-12
      100  1.36e-20       ***  1.12e-12  1.12e-12
      O-O       ***  2.01e-10       ***  2.01e-10

Reactant = P2   Temperature = 800 K

   P(atm)        W1        W2        P1      Loss
      0.1       ***       ***   1.3e-12   1.3e-12
        1       ***       ***   1.3e-12   1.3e-12
       10       ***       ***   1.3e-12   1.3e-12
      100       ***       ***   1.3e-12   1.3e-12
      O-O       ***  2.06e-10       ***  2.06e-10

Reactant = P2   Temperature = 900 K

   P(atm)        W1        W2        P1      Loss
      0.1       ***       ***  1.53e-12  1.53e-12
        1       ***       ***  1.53e-12  1.53e-12
       10       ***       ***  1.53e-12  1.53e-12
      100       ***       ***  1.53e-12  1.53e-12
      O-O       ***   2.1e-10       ***   2.1e-10

Reactant = P2   Temperature = 1e+03 K

   P(atm)        W1        W2        P1      Loss
      0.1       ***       ***  1.81e-12  1.81e-12
        1       ***       ***  1.81e-12  1.81e-12
       10       ***       ***  1.81e-12  1.81e-12
      100       ***       ***  1.81e-12  1.81e-12
      O-O       ***  2.13e-10       ***  2.13e-10

Reactant = P2   Temperature = 1.1e+03 K

   P(atm)        W1        W2        P1      Loss
      0.1       ***       ***  2.14e-12  2.14e-12
        1       ***       ***  2.14e-12  2.14e-12
       10       ***       ***  2.14e-12  2.14e-12
      100       ***       ***  2.14e-12  2.14e-12
      O-O       ***  2.17e-10       ***  2.17e-10

Reactant = P2   Temperature = 1.2e+03 K

   P(atm)        W1        W2        P1      Loss
      0.1       ***       ***  2.52e-12  2.52e-12
        1       ***       ***  2.52e-12  2.52e-12
       10       ***       ***  2.52e-12  2.52e-12
      100       ***       ***  2.52e-12  2.52e-12
      O-O       ***   2.2e-10       ***   2.2e-10

Reactant = P2   Temperature = 1.3e+03 K

   P(atm)        W1        W2        P1      Loss
      0.1       ***       ***  2.95e-12  2.95e-12
        1       ***       ***  2.95e-12  2.95e-12
       10       ***       ***  2.95e-12  2.95e-12
      100       ***       ***  2.95e-12  2.95e-12
      O-O       ***  2.23e-10       ***  2.23e-10

Reactant = P2   Temperature = 1.4e+03 K

   P(atm)        W1        W2        P1      Loss
      0.1       ***       ***  3.45e-12  3.45e-12
        1       ***       ***  3.45e-12  3.45e-12
       10       ***       ***  3.45e-12  3.45e-12
      100       ***       ***  3.45e-12  3.45e-12
      O-O       ***  2.26e-10       ***  2.26e-10

Reactant = P2   Temperature = 1.5e+03 K

   P(atm)        W1        W2        P1      Loss
      0.1       ***       ***  3.99e-12  3.99e-12
        1       ***       ***  3.99e-12  3.99e-12
       10       ***       ***  3.99e-12  3.99e-12
      100       ***       ***  3.99e-12  3.99e-12
      O-O       ***  2.28e-10       ***  2.28e-10

Reactant = P2   Temperature = 1.6e+03 K

   P(atm)        W1        W2        P1      Loss
      0.1       ***       ***   4.6e-12   4.6e-12
        1       ***       ***   4.6e-12   4.6e-12
       10       ***       ***   4.6e-12   4.6e-12
      100       ***       ***   4.6e-12   4.6e-12
      O-O       ***  2.31e-10       ***  2.31e-10

Reactant = P2   Temperature = 1.7e+03 K

   P(atm)        W1        W2        P1      Loss
      0.1       ***       ***  5.28e-12  5.28e-12
        1       ***       ***  5.28e-12  5.28e-12
       10       ***       ***  5.28e-12  5.28e-12
      100       ***       ***  5.28e-12  5.28e-12
      O-O       ***  2.33e-10       ***  2.33e-10

Reactant = P2   Temperature = 1.8e+03 K

   P(atm)        W1        W2        P1      Loss
      0.1       ***       ***     6e-12     6e-12
        1       ***       ***     6e-12     6e-12
       10       ***       ***     6e-12     6e-12
      100       ***       ***     6e-12     6e-12
      O-O       ***  2.35e-10       ***  2.35e-10

Reactant = P2   Temperature = 1.9e+03 K

   P(atm)        W1        W2        P1      Loss
      0.1       ***       ***  6.79e-12  6.79e-12
        1       ***       ***  6.79e-12  6.79e-12
       10       ***       ***  6.79e-12  6.79e-12
      100       ***       ***  6.79e-12  6.79e-12
      O-O       ***  2.37e-10       ***  2.37e-10

Reactant = P2   Temperature = 2e+03 K

   P(atm)        W1        W2        P1      Loss
      0.1       ***       ***  7.65e-12  7.65e-12
        1       ***       ***  7.65e-12  7.65e-12
       10       ***       ***  7.65e-12  7.65e-12
      100       ***       ***  7.65e-12  7.65e-12
      O-O       ***  2.39e-10       ***  2.39e-10

______________________________________________________________________________________

Temperature-Species Rate Tables:

Reactant = W1   Pressure = 0.1 atm

   T(K)        W2        P1        P2      Loss   Capture
    500  5.46e-06   4.8e+10  0.000304   4.8e+10  4.91e+15
    600       ***       ***       ***       ***   6.3e+15
    700       ***       ***       ***       ***  7.05e+15
    800       ***       ***       ***       ***  7.31e+15
    900       ***       ***       ***       ***  7.23e+15
  1e+03       ***       ***       ***       ***  6.95e+15
1.1e+03       ***       ***       ***       ***  6.56e+15
1.2e+03       ***       ***       ***       ***  6.12e+15
1.3e+03       ***       ***       ***       ***  5.66e+15
1.4e+03       ***       ***       ***       ***  5.22e+15
1.5e+03       ***       ***       ***       ***   4.8e+15
1.6e+03       ***       ***       ***       ***  4.41e+15
1.7e+03       ***       ***       ***       ***  4.05e+15
1.8e+03       ***       ***       ***       ***  3.72e+15
1.9e+03       ***       ***       ***       ***  3.42e+15
  2e+03       ***       ***       ***       ***  3.14e+15

Reactant = W1   Pressure = 1 atm

   T(K)        W2        P1        P2      Loss   Capture
    500  4.37e-06  3.88e+11    0.0015  3.88e+11  4.91e+15
    600       ***       ***       ***       ***   6.3e+15
    700       ***       ***       ***       ***  7.05e+15
    800       ***       ***       ***       ***  7.31e+15
    900       ***       ***       ***       ***  7.23e+15
  1e+03       ***       ***       ***       ***  6.95e+15
1.1e+03       ***       ***       ***       ***  6.56e+15
1.2e+03       ***       ***       ***       ***  6.12e+15
1.3e+03       ***       ***       ***       ***  5.66e+15
1.4e+03       ***       ***       ***       ***  5.22e+15
1.5e+03       ***       ***       ***       ***   4.8e+15
1.6e+03       ***       ***       ***       ***  4.41e+15
1.7e+03       ***       ***       ***       ***  4.05e+15
1.8e+03       ***       ***       ***       ***  3.72e+15
1.9e+03       ***       ***       ***       ***  3.42e+15
  2e+03       ***       ***       ***       ***  3.14e+15

Reactant = W1   Pressure = 10 atm

   T(K)        W2        P1        P2      Loss   Capture
    500 -9.44e-06  2.73e+12  -5.9e-05  2.73e+12  4.91e+15
    600       ***       ***       ***       ***   6.3e+15
    700       ***       ***       ***       ***  7.05e+15
    800       ***       ***       ***       ***  7.31e+15
    900       ***       ***       ***       ***  7.23e+15
  1e+03       ***       ***       ***       ***  6.95e+15
1.1e+03       ***       ***       ***       ***  6.56e+15
1.2e+03       ***       ***       ***       ***  6.12e+15
1.3e+03       ***       ***       ***       ***  5.66e+15
1.4e+03       ***       ***       ***       ***  5.22e+15
1.5e+03       ***       ***       ***       ***   4.8e+15
1.6e+03       ***       ***       ***       ***  4.41e+15
1.7e+03       ***       ***       ***       ***  4.05e+15
1.8e+03       ***       ***       ***       ***  3.72e+15
1.9e+03       ***       ***       ***       ***  3.42e+15
  2e+03       ***       ***       ***       ***  3.14e+15

Reactant = W1   Pressure = 100 atm

   T(K)        W2        P1        P2      Loss   Capture
    500  9.99e-07  1.59e+13  0.000236  1.59e+13  4.91e+15
    600 -0.000139  5.69e+13  -0.00602  5.69e+13   6.3e+15
    700       ***  1.24e+14    0.0087  1.24e+14  7.05e+15
    800       ***       ***       ***       ***  7.31e+15
    900       ***       ***       ***       ***  7.23e+15
  1e+03       ***       ***       ***       ***  6.95e+15
1.1e+03       ***       ***       ***       ***  6.56e+15
1.2e+03       ***       ***       ***       ***  6.12e+15
1.3e+03       ***       ***       ***       ***  5.66e+15
1.4e+03       ***       ***       ***       ***  5.22e+15
1.5e+03       ***       ***       ***       ***   4.8e+15
1.6e+03       ***       ***       ***       ***  4.41e+15
1.7e+03       ***       ***       ***       ***  4.05e+15
1.8e+03       ***       ***       ***       ***  3.72e+15
1.9e+03       ***       ***       ***       ***  3.42e+15
  2e+03       ***       ***       ***       ***  3.14e+15

Reactant = W2   Pressure = 0.1 atm

   T(K)        W1        P1        P2      Loss   Capture
    500  1.73e+06  1.03e+11   5.2e+10  1.55e+11  8.98e+15
    600       ***       ***       ***       ***  1.15e+16
    700       ***       ***       ***       ***  1.29e+16
    800       ***       ***       ***       ***  1.34e+16
    900       ***       ***       ***       ***  1.33e+16
  1e+03       ***       ***       ***       ***  1.28e+16
1.1e+03       ***       ***       ***       ***  1.21e+16
1.2e+03       ***       ***       ***       ***  1.13e+16
1.3e+03       ***       ***       ***       ***  1.04e+16
1.4e+03       ***       ***       ***       ***  9.65e+15
1.5e+03       ***       ***       ***       ***   8.9e+15
1.6e+03       ***       ***       ***       ***  8.19e+15
1.7e+03       ***       ***       ***       ***  7.54e+15
1.8e+03       ***       ***       ***       ***  6.95e+15
1.9e+03       ***       ***       ***       ***  6.41e+15
  2e+03       ***       ***       ***       ***  5.92e+15

Reactant = W2   Pressure = 1 atm

   T(K)        W1        P1        P2      Loss   Capture
    500 -1.46e+06  1.89e+11  5.28e+11  7.17e+11  8.98e+15
    600       ***       ***       ***       ***  1.15e+16
    700       ***       ***       ***       ***  1.29e+16
    800       ***       ***       ***       ***  1.34e+16
    900       ***       ***       ***       ***  1.33e+16
  1e+03       ***       ***       ***       ***  1.28e+16
1.1e+03       ***       ***       ***       ***  1.21e+16
1.2e+03       ***       ***       ***       ***  1.13e+16
1.3e+03       ***       ***       ***       ***  1.04e+16
1.4e+03       ***       ***       ***       ***  9.65e+15
1.5e+03       ***       ***       ***       ***   8.9e+15
1.6e+03       ***       ***       ***       ***  8.19e+15
1.7e+03       ***       ***       ***       ***  7.54e+15
1.8e+03       ***       ***       ***       ***  6.95e+15
1.9e+03       ***       ***       ***       ***  6.41e+15
  2e+03       ***       ***       ***       ***  5.92e+15

Reactant = W2   Pressure = 10 atm

   T(K)        W1        P1        P2      Loss   Capture
    500 -2.71e+06  3.32e+11  3.85e+12  4.19e+12  8.98e+15
    600       ***       ***       ***       ***  1.15e+16
    700       ***       ***       ***       ***  1.29e+16
    800       ***       ***       ***       ***  1.34e+16
    900       ***       ***       ***       ***  1.33e+16
  1e+03       ***       ***       ***       ***  1.28e+16
1.1e+03       ***       ***       ***       ***  1.21e+16
1.2e+03       ***       ***       ***       ***  1.13e+16
1.3e+03       ***       ***       ***       ***  1.04e+16
1.4e+03       ***       ***       ***       ***  9.65e+15
1.5e+03       ***       ***       ***       ***   8.9e+15
1.6e+03       ***       ***       ***       ***  8.19e+15
1.7e+03       ***       ***       ***       ***  7.54e+15
1.8e+03       ***       ***       ***       ***  6.95e+15
1.9e+03       ***       ***       ***       ***  6.41e+15
  2e+03       ***       ***       ***       ***  5.92e+15

Reactant = W2   Pressure = 100 atm

   T(K)        W1        P1        P2      Loss   Capture
    500 -2.94e+05   6.6e+11  2.23e+13   2.3e+13  8.98e+15
    600 -1.79e+06  7.62e+11   8.9e+13  8.97e+13  1.15e+16
    700       ***       ***       ***       ***  1.29e+16
    800       ***       ***       ***       ***  1.34e+16
    900       ***       ***       ***       ***  1.33e+16
  1e+03       ***       ***       ***       ***  1.28e+16
1.1e+03       ***       ***       ***       ***  1.21e+16
1.2e+03       ***       ***       ***       ***  1.13e+16
1.3e+03       ***       ***       ***       ***  1.04e+16
1.4e+03       ***       ***       ***       ***  9.65e+15
1.5e+03       ***       ***       ***       ***   8.9e+15
1.6e+03       ***       ***       ***       ***  8.19e+15
1.7e+03       ***       ***       ***       ***  7.54e+15
1.8e+03       ***       ***       ***       ***  6.95e+15
1.9e+03       ***       ***       ***       ***  6.41e+15
  2e+03       ***       ***       ***       ***  5.92e+15

Reactant = P1   Pressure = 0.1 atm

   T(K)        W1        W2        P2      Loss   Capture
    500   1.7e-15  1.07e-26  5.73e-24   1.7e-15  1.91e-10
    600       ***       ***  5.82e-22  5.62e-22  1.97e-10
    700       ***       ***  1.72e-20  1.72e-20  2.03e-10
    800       ***       ***  2.34e-19  2.33e-19  2.07e-10
    900       ***       ***  1.86e-18  1.86e-18  2.11e-10
  1e+03       ***       ***  1.01e-17  1.01e-17  2.15e-10
1.1e+03       ***       ***  4.18e-17  4.18e-17  2.18e-10
1.2e+03       ***       ***  1.39e-16  1.39e-16  2.22e-10
1.3e+03       ***       ***  3.91e-16  3.91e-16  2.25e-10
1.4e+03       ***       ***  9.67e-16  9.67e-16  2.27e-10
1.5e+03       ***       ***  2.14e-15  2.14e-15   2.3e-10
1.6e+03       ***       ***  4.34e-15  4.34e-15  2.32e-10
1.7e+03       ***       ***  8.19e-15  8.19e-15  2.35e-10
1.8e+03       ***       ***  1.45e-14  1.45e-14  2.37e-10
1.9e+03       ***       ***  2.42e-14  2.42e-14  2.39e-10
  2e+03       ***       ***  3.88e-14  3.88e-14  2.41e-10

Reactant = P1   Pressure = 1 atm

   T(K)        W1        W2        P2      Loss   Capture
    500   1.4e-14  2.14e-26  5.73e-24   1.4e-14  1.91e-10
    600       ***       ***  5.82e-22  7.71e-22  1.97e-10
    700       ***       ***  1.72e-20  1.71e-20  2.03e-10
    800       ***       ***  2.34e-19  2.34e-19  2.07e-10
    900       ***       ***  1.86e-18  1.86e-18  2.11e-10
  1e+03       ***       ***  1.01e-17  1.01e-17  2.15e-10
1.1e+03       ***       ***  4.18e-17  4.18e-17  2.18e-10
1.2e+03       ***       ***  1.39e-16  1.39e-16  2.22e-10
1.3e+03       ***       ***  3.91e-16  3.91e-16  2.25e-10
1.4e+03       ***       ***  9.67e-16  9.67e-16  2.27e-10
1.5e+03       ***       ***  2.14e-15  2.14e-15   2.3e-10
1.6e+03       ***       ***  4.34e-15  4.34e-15  2.32e-10
1.7e+03       ***       ***  8.19e-15  8.19e-15  2.35e-10
1.8e+03       ***       ***  1.45e-14  1.45e-14  2.37e-10
1.9e+03       ***       ***  2.42e-14  2.42e-14  2.39e-10
  2e+03       ***       ***  3.88e-14  3.88e-14  2.41e-10

Reactant = P1   Pressure = 10 atm

   T(K)        W1        W2        P2      Loss   Capture
    500  1.01e-13  3.94e-26  5.71e-24  1.01e-13  1.91e-10
    600       ***       ***  5.82e-22  7.22e-22  1.97e-10
    700       ***       ***  1.72e-20  1.71e-20  2.03e-10
    800       ***       ***  2.34e-19  2.34e-19  2.07e-10
    900       ***       ***  1.86e-18  1.86e-18  2.11e-10
  1e+03       ***       ***  1.01e-17  1.01e-17  2.15e-10
1.1e+03       ***       ***  4.18e-17  4.18e-17  2.18e-10
1.2e+03       ***       ***  1.39e-16  1.39e-16  2.22e-10
1.3e+03       ***       ***  3.91e-16  3.91e-16  2.25e-10
1.4e+03       ***       ***  9.67e-16  9.67e-16  2.27e-10
1.5e+03       ***       ***  2.14e-15  2.14e-15   2.3e-10
1.6e+03       ***       ***  4.34e-15  4.34e-15  2.32e-10
1.7e+03       ***       ***  8.19e-15  8.19e-15  2.35e-10
1.8e+03       ***       ***  1.45e-14  1.45e-14  2.37e-10
1.9e+03       ***       ***  2.42e-14  2.42e-14  2.39e-10
  2e+03       ***       ***  3.88e-14  3.88e-14  2.41e-10

Reactant = P1   Pressure = 100 atm

   T(K)        W1        W2        P2      Loss   Capture
    500  6.04e-13  8.11e-26  5.67e-24  6.04e-13  1.91e-10
    600  1.62e-12  6.59e-24  5.76e-22  1.62e-12  1.97e-10
    700  2.98e-12       ***  1.72e-20  2.98e-12  2.03e-10
    800       ***       ***  2.34e-19  2.34e-19  2.07e-10
    900       ***       ***  1.86e-18  1.86e-18  2.11e-10
  1e+03       ***       ***  1.01e-17  1.01e-17  2.15e-10
1.1e+03       ***       ***  4.18e-17  4.18e-17  2.18e-10
1.2e+03       ***       ***  1.39e-16  1.39e-16  2.22e-10
1.3e+03       ***       ***  3.91e-16  3.91e-16  2.25e-10
1.4e+03       ***       ***  9.67e-16  9.67e-16  2.27e-10
1.5e+03       ***       ***  2.14e-15  2.14e-15   2.3e-10
1.6e+03       ***       ***  4.34e-15  4.34e-15  2.32e-10
1.7e+03       ***       ***  8.19e-15  8.19e-15  2.35e-10
1.8e+03       ***       ***  1.45e-14  1.45e-14  2.37e-10
1.9e+03       ***       ***  2.42e-14  2.42e-14  2.39e-10
  2e+03       ***       ***  3.88e-14  3.88e-14  2.41e-10

Reactant = P2   Pressure = 0.1 atm

   T(K)        W1        W2        P1      Loss   Capture
    500   1.8e-18     9e-16  9.54e-13  9.55e-13   1.9e-10
    600       ***       ***  9.98e-13  9.98e-13  1.96e-10
    700       ***       ***  1.12e-12  1.12e-12  2.01e-10
    800       ***       ***   1.3e-12   1.3e-12  2.06e-10
    900       ***       ***  1.53e-12  1.53e-12   2.1e-10
  1e+03       ***       ***  1.81e-12  1.81e-12  2.13e-10
1.1e+03       ***       ***  2.14e-12  2.14e-12  2.17e-10
1.2e+03       ***       ***  2.52e-12  2.52e-12   2.2e-10
1.3e+03       ***       ***  2.95e-12  2.95e-12  2.23e-10
1.4e+03       ***       ***  3.45e-12  3.45e-12  2.26e-10
1.5e+03       ***       ***  3.99e-12  3.99e-12  2.28e-10
1.6e+03       ***       ***   4.6e-12   4.6e-12  2.31e-10
1.7e+03       ***       ***  5.28e-12  5.28e-12  2.33e-10
1.8e+03       ***       ***     6e-12     6e-12  2.35e-10
1.9e+03       ***       ***  6.79e-12  6.79e-12  2.37e-10
  2e+03       ***       ***  7.65e-12  7.65e-12  2.39e-10

Reactant = P2   Pressure = 1 atm

   T(K)        W1        W2        P1      Loss   Capture
    500  9.08e-18  9.96e-15  9.53e-13  9.63e-13   1.9e-10
    600       ***       ***  9.98e-13  9.98e-13  1.96e-10
    700       ***       ***  1.12e-12  1.12e-12  2.01e-10
    800       ***       ***   1.3e-12   1.3e-12  2.06e-10
    900       ***       ***  1.53e-12  1.53e-12   2.1e-10
  1e+03       ***       ***  1.81e-12  1.81e-12  2.13e-10
1.1e+03       ***       ***  2.14e-12  2.14e-12  2.17e-10
1.2e+03       ***       ***  2.52e-12  2.52e-12   2.2e-10
1.3e+03       ***       ***  2.95e-12  2.95e-12  2.23e-10
1.4e+03       ***       ***  3.45e-12  3.45e-12  2.26e-10
1.5e+03       ***       ***  3.99e-12  3.99e-12  2.28e-10
1.6e+03       ***       ***   4.6e-12   4.6e-12  2.31e-10
1.7e+03       ***       ***  5.28e-12  5.28e-12  2.33e-10
1.8e+03       ***       ***     6e-12     6e-12  2.35e-10
1.9e+03       ***       ***  6.79e-12  6.79e-12  2.37e-10
  2e+03       ***       ***  7.65e-12  7.65e-12  2.39e-10

Reactant = P2   Pressure = 10 atm

   T(K)        W1        W2        P1      Loss   Capture
    500 -3.76e-19  7.61e-14   9.5e-13  1.03e-12   1.9e-10
    600       ***       ***  9.98e-13  9.98e-13  1.96e-10
    700       ***       ***  1.12e-12  1.12e-12  2.01e-10
    800       ***       ***   1.3e-12   1.3e-12  2.06e-10
    900       ***       ***  1.53e-12  1.53e-12   2.1e-10
  1e+03       ***       ***  1.81e-12  1.81e-12  2.13e-10
1.1e+03       ***       ***  2.14e-12  2.14e-12  2.17e-10
1.2e+03       ***       ***  2.52e-12  2.52e-12   2.2e-10
1.3e+03       ***       ***  2.95e-12  2.95e-12  2.23e-10
1.4e+03       ***       ***  3.45e-12  3.45e-12  2.26e-10
1.5e+03       ***       ***  3.99e-12  3.99e-12  2.28e-10
1.6e+03       ***       ***   4.6e-12   4.6e-12  2.31e-10
1.7e+03       ***       ***  5.28e-12  5.28e-12  2.33e-10
1.8e+03       ***       ***     6e-12     6e-12  2.35e-10
1.9e+03       ***       ***  6.79e-12  6.79e-12  2.37e-10
  2e+03       ***       ***  7.65e-12  7.65e-12  2.39e-10

Reactant = P2   Pressure = 100 atm

   T(K)        W1        W2        P1      Loss   Capture
    500  1.53e-18  4.56e-13  9.44e-13   1.4e-12   1.9e-10
    600 -2.41e-19  1.32e-12  9.87e-13  2.31e-12  1.96e-10
    700  1.36e-20       ***  1.12e-12  1.12e-12  2.01e-10
    800       ***       ***   1.3e-12   1.3e-12  2.06e-10
    900       ***       ***  1.53e-12  1.53e-12   2.1e-10
  1e+03       ***       ***  1.81e-12  1.81e-12  2.13e-10
1.1e+03       ***       ***  2.14e-12  2.14e-12  2.17e-10
1.2e+03       ***       ***  2.52e-12  2.52e-12   2.2e-10
1.3e+03       ***       ***  2.95e-12  2.95e-12  2.23e-10
1.4e+03       ***       ***  3.45e-12  3.45e-12  2.26e-10
1.5e+03       ***       ***  3.99e-12  3.99e-12  2.28e-10
1.6e+03       ***       ***   4.6e-12   4.6e-12  2.31e-10
1.7e+03       ***       ***  5.28e-12  5.28e-12  2.33e-10
1.8e+03       ***       ***     6e-12     6e-12  2.35e-10
1.9e+03       ***       ***  6.79e-12  6.79e-12  2.37e-10
  2e+03       ***       ***  7.65e-12  7.65e-12  2.39e-10

______________________________________________________________________________________

Temperature-Pressure Rate Tables:

W1->W2

P\T           500       600       700       800       900     1e+03   1.1e+03   1.2e+03   1.3e+03   1.4e+03   1.5e+03   1.6e+03   1.7e+03   1.8e+03   1.9e+03     2e+03
0.1      5.46e-06       ***       ***       ***       ***       ***       ***       ***       ***       ***       ***       ***       ***       ***       ***       ***
1        4.37e-06       ***       ***       ***       ***       ***       ***       ***       ***       ***       ***       ***       ***       ***       ***       ***
10      -9.44e-06       ***       ***       ***       ***       ***       ***       ***       ***       ***       ***       ***       ***       ***       ***       ***
100      9.99e-07 -0.000139       ***       ***       ***       ***       ***       ***       ***       ***       ***       ***       ***       ***       ***       ***
O-O           149  1.88e+04  6.08e+05  8.36e+06  6.48e+07  3.35e+08  1.29e+09  3.96e+09  1.02e+10  2.31e+10  4.68e+10  8.65e+10  1.49e+11  2.41e+11  3.69e+11  5.43e+11

W1->P1

P\T           500       600       700       800       900     1e+03   1.1e+03   1.2e+03   1.3e+03   1.4e+03   1.5e+03   1.6e+03   1.7e+03   1.8e+03   1.9e+03     2e+03
0.1       4.8e+10       ***       ***       ***       ***       ***       ***       ***       ***       ***       ***       ***       ***       ***       ***       ***
1        3.88e+11       ***       ***       ***       ***       ***       ***       ***       ***       ***       ***       ***       ***       ***       ***       ***
10       2.73e+12       ***       ***       ***       ***       ***       ***       ***       ***       ***       ***       ***       ***       ***       ***       ***
100      1.59e+13  5.69e+13  1.24e+14       ***       ***       ***       ***       ***       ***       ***       ***       ***       ***       ***       ***       ***
O-O      4.91e+15   6.3e+15  7.05e+15  7.31e+15  7.23e+15  6.95e+15  6.56e+15  6.12e+15  5.66e+15  5.22e+15   4.8e+15  4.41e+15  4.05e+15  3.72e+15  3.42e+15  3.14e+15

W1->P2

P\T           500       600       700       800       900     1e+03   1.1e+03   1.2e+03   1.3e+03   1.4e+03   1.5e+03   1.6e+03   1.7e+03   1.8e+03   1.9e+03     2e+03
0.1      0.000304       ***       ***       ***       ***       ***       ***       ***       ***       ***       ***       ***       ***       ***       ***       ***
1          0.0015       ***       ***       ***       ***       ***       ***       ***       ***       ***       ***       ***       ***       ***       ***       ***
10       -5.9e-05       ***       ***       ***       ***       ***       ***       ***       ***       ***       ***       ***       ***       ***       ***       ***
100      0.000236  -0.00602    0.0087       ***       ***       ***       ***       ***       ***       ***       ***       ***       ***       ***       ***       ***
O-O           ***       ***       ***       ***       ***       ***       ***       ***       ***       ***       ***       ***       ***       ***       ***       ***

W2->W1

P\T           500       600       700       800       900     1e+03   1.1e+03   1.2e+03   1.3e+03   1.4e+03   1.5e+03   1.6e+03   1.7e+03   1.8e+03   1.9e+03     2e+03
0.1      1.73e+06       ***       ***       ***       ***       ***       ***       ***       ***       ***       ***       ***       ***       ***       ***       ***
1       -1.46e+06       ***       ***       ***       ***       ***       ***       ***       ***       ***       ***       ***       ***       ***       ***       ***
10      -2.71e+06       ***       ***       ***       ***       ***       ***       ***       ***       ***       ***       ***       ***       ***       ***       ***
100     -2.94e+05 -1.79e+06       ***       ***       ***       ***       ***       ***       ***       ***       ***       ***       ***       ***       ***       ***
O-O      4.54e+13  5.89e+13  7.23e+13  8.52e+13  9.76e+13  1.09e+14  1.21e+14  1.31e+14  1.41e+14  1.51e+14   1.6e+14  1.68e+14  1.76e+14  1.83e+14   1.9e+14  1.96e+14

W2->P1

P\T           500       600       700       800       900     1e+03   1.1e+03   1.2e+03   1.3e+03   1.4e+03   1.5e+03   1.6e+03   1.7e+03   1.8e+03   1.9e+03     2e+03
0.1      1.03e+11       ***       ***       ***       ***       ***       ***       ***       ***       ***       ***       ***       ***       ***       ***       ***
1        1.89e+11       ***       ***       ***       ***       ***       ***       ***       ***       ***       ***       ***       ***       ***       ***       ***
10       3.32e+11       ***       ***       ***       ***       ***       ***       ***       ***       ***       ***       ***       ***       ***       ***       ***
100       6.6e+11  7.62e+11       ***       ***       ***       ***       ***       ***       ***       ***       ***       ***       ***       ***       ***       ***
O-O           ***       ***       ***       ***       ***       ***       ***       ***       ***       ***       ***       ***       ***       ***       ***       ***

W2->P2

P\T           500       600       700       800       900     1e+03   1.1e+03   1.2e+03   1.3e+03   1.4e+03   1.5e+03   1.6e+03   1.7e+03   1.8e+03   1.9e+03     2e+03
0.1       5.2e+10       ***       ***       ***       ***       ***       ***       ***       ***       ***       ***       ***       ***       ***       ***       ***
1        5.28e+11       ***       ***       ***       ***       ***       ***       ***       ***       ***       ***       ***       ***       ***       ***       ***
10       3.85e+12       ***       ***       ***       ***       ***       ***       ***       ***       ***       ***       ***       ***       ***       ***       ***
100      2.23e+13   8.9e+13       ***       ***       ***       ***       ***       ***       ***       ***       ***       ***       ***       ***       ***       ***
O-O      8.93e+15  1.15e+16  1.28e+16  1.33e+16  1.32e+16  1.26e+16  1.19e+16  1.11e+16  1.03e+16   9.5e+15  8.74e+15  8.02e+15  7.37e+15  6.77e+15  6.22e+15  5.72e+15

P1->W1

P\T           500       600       700       800       900     1e+03   1.1e+03   1.2e+03   1.3e+03   1.4e+03   1.5e+03   1.6e+03   1.7e+03   1.8e+03   1.9e+03     2e+03
0.1       1.7e-15       ***       ***       ***       ***       ***       ***       ***       ***       ***       ***       ***       ***       ***       ***       ***
1         1.4e-14       ***       ***       ***       ***       ***       ***       ***       ***       ***       ***       ***       ***       ***       ***       ***
10       1.01e-13       ***       ***       ***       ***       ***       ***       ***       ***       ***       ***       ***       ***       ***       ***       ***
100      6.04e-13  1.62e-12  2.98e-12       ***       ***       ***       ***       ***       ***       ***       ***       ***       ***       ***       ***       ***
O-O      1.91e-10  1.97e-10  2.03e-10  2.07e-10  2.11e-10  2.15e-10  2.18e-10  2.22e-10  2.25e-10  2.27e-10   2.3e-10  2.32e-10  2.35e-10  2.37e-10  2.39e-10  2.41e-10

P1->W2

P\T           500       600       700       800       900     1e+03   1.1e+03   1.2e+03   1.3e+03   1.4e+03   1.5e+03   1.6e+03   1.7e+03   1.8e+03   1.9e+03     2e+03
0.1      1.07e-26       ***       ***       ***       ***       ***       ***       ***       ***       ***       ***       ***       ***       ***       ***       ***
1        2.14e-26       ***       ***       ***       ***       ***       ***       ***       ***       ***       ***       ***       ***       ***       ***       ***
10       3.94e-26       ***       ***       ***       ***       ***       ***       ***       ***       ***       ***       ***       ***       ***       ***       ***
100      8.11e-26  6.59e-24       ***       ***       ***       ***       ***       ***       ***       ***       ***       ***       ***       ***       ***       ***
O-O           ***       ***       ***       ***       ***       ***       ***       ***       ***       ***       ***       ***       ***       ***       ***       ***

P1->P2

P\T           500       600       700       800       900     1e+03   1.1e+03   1.2e+03   1.3e+03   1.4e+03   1.5e+03   1.6e+03   1.7e+03   1.8e+03   1.9e+03     2e+03
0.1      5.73e-24  5.82e-22  1.72e-20  2.34e-19  1.86e-18  1.01e-17  4.18e-17  1.39e-16  3.91e-16  9.67e-16  2.14e-15  4.34e-15  8.19e-15  1.45e-14  2.42e-14  3.88e-14
1        5.73e-24  5.82e-22  1.72e-20  2.34e-19  1.86e-18  1.01e-17  4.18e-17  1.39e-16  3.91e-16  9.67e-16  2.14e-15  4.34e-15  8.19e-15  1.45e-14  2.42e-14  3.88e-14
10       5.71e-24  5.82e-22  1.72e-20  2.34e-19  1.86e-18  1.01e-17  4.18e-17  1.39e-16  3.91e-16  9.67e-16  2.14e-15  4.34e-15  8.19e-15  1.45e-14  2.42e-14  3.88e-14
100      5.67e-24  5.76e-22  1.72e-20  2.34e-19  1.86e-18  1.01e-17  4.18e-17  1.39e-16  3.91e-16  9.67e-16  2.14e-15  4.34e-15  8.19e-15  1.45e-14  2.42e-14  3.88e-14
O-O           ***       ***       ***       ***       ***       ***       ***       ***       ***       ***       ***       ***       ***       ***       ***       ***

P2->W1

P\T           500       600       700       800       900     1e+03   1.1e+03   1.2e+03   1.3e+03   1.4e+03   1.5e+03   1.6e+03   1.7e+03   1.8e+03   1.9e+03     2e+03
0.1       1.8e-18       ***       ***       ***       ***       ***       ***       ***       ***       ***       ***       ***       ***       ***       ***       ***
1        9.08e-18       ***       ***       ***       ***       ***       ***       ***       ***       ***       ***       ***       ***       ***       ***       ***
10      -3.76e-19       ***       ***       ***       ***       ***       ***       ***       ***       ***       ***       ***       ***       ***       ***       ***
100      1.53e-18 -2.41e-19  1.36e-20       ***       ***       ***       ***       ***       ***       ***       ***       ***       ***       ***       ***       ***
O-O           ***       ***       ***       ***       ***       ***       ***       ***       ***       ***       ***       ***       ***       ***       ***       ***

P2->W2

P\T           500       600       700       800       900     1e+03   1.1e+03   1.2e+03   1.3e+03   1.4e+03   1.5e+03   1.6e+03   1.7e+03   1.8e+03   1.9e+03     2e+03
0.1         9e-16       ***       ***       ***       ***       ***       ***       ***       ***       ***       ***       ***       ***       ***       ***       ***
1        9.96e-15       ***       ***       ***       ***       ***       ***       ***       ***       ***       ***       ***       ***       ***       ***       ***
10       7.61e-14       ***       ***       ***       ***       ***       ***       ***       ***       ***       ***       ***       ***       ***       ***       ***
100      4.56e-13  1.32e-12       ***       ***       ***       ***       ***       ***       ***       ***       ***       ***       ***       ***       ***       ***
O-O       1.9e-10  1.96e-10  2.01e-10  2.06e-10   2.1e-10  2.13e-10  2.17e-10   2.2e-10  2.23e-10  2.26e-10  2.28e-10  2.31e-10  2.33e-10  2.35e-10  2.37e-10  2.39e-10

P2->P1

P\T           500       600       700       800       900     1e+03   1.1e+03   1.2e+03   1.3e+03   1.4e+03   1.5e+03   1.6e+03   1.7e+03   1.8e+03   1.9e+03     2e+03
0.1      9.54e-13  9.98e-13  1.12e-12   1.3e-12  1.53e-12  1.81e-12  2.14e-12  2.52e-12  2.95e-12  3.45e-12  3.99e-12   4.6e-12  5.28e-12     6e-12  6.79e-12  7.65e-12
1        9.53e-13  9.98e-13  1.12e-12   1.3e-12  1.53e-12  1.81e-12  2.14e-12  2.52e-12  2.95e-12  3.45e-12  3.99e-12   4.6e-12  5.28e-12     6e-12  6.79e-12  7.65e-12
10        9.5e-13  9.98e-13  1.12e-12   1.3e-12  1.53e-12  1.81e-12  2.14e-12  2.52e-12  2.95e-12  3.45e-12  3.99e-12   4.6e-12  5.28e-12     6e-12  6.79e-12  7.65e-12
100      9.44e-13  9.87e-13  1.12e-12   1.3e-12  1.53e-12  1.81e-12  2.14e-12  2.52e-12  2.95e-12  3.45e-12  3.99e-12   4.6e-12  5.28e-12     6e-12  6.79e-12  7.65e-12
O-O           ***       ***       ***       ***       ***       ***       ***       ***       ***       ***       ***       ***       ***       ***       ***       ***

W1-> 

P\T           500       600       700       800       900     1e+03   1.1e+03   1.2e+03   1.3e+03   1.4e+03   1.5e+03   1.6e+03   1.7e+03   1.8e+03   1.9e+03     2e+03
0.1       4.8e+10       ***       ***       ***       ***       ***       ***       ***       ***       ***       ***       ***       ***       ***       ***       ***
1        3.88e+11       ***       ***       ***       ***       ***       ***       ***       ***       ***       ***       ***       ***       ***       ***       ***
10       2.73e+12       ***       ***       ***       ***       ***       ***       ***       ***       ***       ***       ***       ***       ***       ***       ***
100      1.59e+13  5.69e+13  1.24e+14       ***       ***       ***       ***       ***       ***       ***       ***       ***       ***       ***       ***       ***
O-O      4.91e+15   6.3e+15  7.05e+15  7.31e+15  7.23e+15  6.95e+15  6.56e+15  6.12e+15  5.66e+15  5.22e+15   4.8e+15  4.41e+15  4.05e+15  3.72e+15  3.42e+15  3.14e+15

W2-> 

P\T           500       600       700       800       900     1e+03   1.1e+03   1.2e+03   1.3e+03   1.4e+03   1.5e+03   1.6e+03   1.7e+03   1.8e+03   1.9e+03     2e+03
0.1      1.55e+11       ***       ***       ***       ***       ***       ***       ***       ***       ***       ***       ***       ***       ***       ***       ***
1        7.17e+11       ***       ***       ***       ***       ***       ***       ***       ***       ***       ***       ***       ***       ***       ***       ***
10       4.19e+12       ***       ***       ***       ***       ***       ***       ***       ***       ***       ***       ***       ***       ***       ***       ***
100       2.3e+13  8.97e+13       ***       ***       ***       ***       ***       ***       ***       ***       ***       ***       ***       ***       ***       ***
O-O      8.98e+15  1.15e+16  1.29e+16  1.34e+16  1.33e+16  1.28e+16  1.21e+16  1.13e+16  1.04e+16  9.65e+15   8.9e+15  8.19e+15  7.54e+15  6.95e+15  6.41e+15  5.92e+15

P1-> 

P\T           500       600       700       800       900     1e+03   1.1e+03   1.2e+03   1.3e+03   1.4e+03   1.5e+03   1.6e+03   1.7e+03   1.8e+03   1.9e+03     2e+03
0.1       1.7e-15  5.62e-22  1.72e-20  2.33e-19  1.86e-18  1.01e-17  4.18e-17  1.39e-16  3.91e-16  9.67e-16  2.14e-15  4.34e-15  8.19e-15  1.45e-14  2.42e-14  3.88e-14
1         1.4e-14  7.71e-22  1.71e-20  2.34e-19  1.86e-18  1.01e-17  4.18e-17  1.39e-16  3.91e-16  9.67e-16  2.14e-15  4.34e-15  8.19e-15  1.45e-14  2.42e-14  3.88e-14
10       1.01e-13  7.22e-22  1.71e-20  2.34e-19  1.86e-18  1.01e-17  4.18e-17  1.39e-16  3.91e-16  9.67e-16  2.14e-15  4.34e-15  8.19e-15  1.45e-14  2.42e-14  3.88e-14
100      6.04e-13  1.62e-12  2.98e-12  2.34e-19  1.86e-18  1.01e-17  4.18e-17  1.39e-16  3.91e-16  9.67e-16  2.14e-15  4.34e-15  8.19e-15  1.45e-14  2.42e-14  3.88e-14
O-O      1.91e-10  1.97e-10  2.03e-10  2.07e-10  2.11e-10  2.15e-10  2.18e-10  2.22e-10  2.25e-10  2.27e-10   2.3e-10  2.32e-10  2.35e-10  2.37e-10  2.39e-10  2.41e-10

P2-> 

P\T           500       600       700       800       900     1e+03   1.1e+03   1.2e+03   1.3e+03   1.4e+03   1.5e+03   1.6e+03   1.7e+03   1.8e+03   1.9e+03     2e+03
0.1      9.55e-13  9.98e-13  1.12e-12   1.3e-12  1.53e-12  1.81e-12  2.14e-12  2.52e-12  2.95e-12  3.45e-12  3.99e-12   4.6e-12  5.28e-12     6e-12  6.79e-12  7.65e-12
1        9.63e-13  9.98e-13  1.12e-12   1.3e-12  1.53e-12  1.81e-12  2.14e-12  2.52e-12  2.95e-12  3.45e-12  3.99e-12   4.6e-12  5.28e-12     6e-12  6.79e-12  7.65e-12
10       1.03e-12  9.98e-13  1.12e-12   1.3e-12  1.53e-12  1.81e-12  2.14e-12  2.52e-12  2.95e-12  3.45e-12  3.99e-12   4.6e-12  5.28e-12     6e-12  6.79e-12  7.65e-12
100       1.4e-12  2.31e-12  1.12e-12   1.3e-12  1.53e-12  1.81e-12  2.14e-12  2.52e-12  2.95e-12  3.45e-12  3.99e-12   4.6e-12  5.28e-12     6e-12  6.79e-12  7.65e-12
O-O       1.9e-10  1.96e-10  2.01e-10  2.06e-10   2.1e-10  2.13e-10  2.17e-10   2.2e-10  2.23e-10  2.26e-10  2.28e-10  2.31e-10  2.33e-10  2.35e-10  2.37e-10  2.39e-10

