Wells (G - ground energy, D - dissociation limit, kcal/mol):
                             W         G         D
         FakeW-CPT(563)+HO2(8)        -3         0
      FakeW-C5H9(553)+H2O2(10)       5.7       8.7

Bimolecular Products (G - ground energy, kcal/mol):
                       P         G
         CPT(563)+HO2(8)         0
      C5H9(553)+H2O2(10)       8.7

Well-to-Bimolecular Barriers (H/G - barrier height/well depth, kcal/mol)
                             B         H                        W         G                  P
         FakeB-CPT(563)+HO2(8)         0    FakeW-CPT(563)+HO2(8)        -3    CPT(563)+HO2(8)
      FakeB-C5H9(553)+H2O2(10)       8.7 FakeW-C5H9(553)+H2O2(10)       5.7 C5H9(553)+H2O2(10)

Well-to-Well Barriers (H/G - barrier height/well depth, kcal/mol):
           B         H                       W1        G1                       W2        G2
      ts_1_1      14.5    FakeW-CPT(563)+HO2(8)        -3 FakeW-C5H9(553)+H2O2(10)       5.7

Bound Groups: dissociation barrier (name/ground energy, kcal/mol): wells (name/ground energy, kcal/mol):
     C1/0:  FakeW-CPT(563)+HO2(8)/-3

     C2/8.7:  FakeW-C5H9(553)+H2O2(10)/5.7

________________________________________________________________________________________

Names Translation Tables (<short name> - <original name>):
Wells:
   W1 - FakeW-CPT(563)+HO2(8)
   W2 - FakeW-C5H9(553)+H2O2(10)
Bimolecular products:
   P1 - CPT(563)+HO2(8)
   P2 - C5H9(553)+H2O2(10)
Inner Barriers:
   B1 - ts_1_1
Outer Barriers:
   C1 - FakeB-CPT(563)+HO2(8)
   C2 - FakeB-C5H9(553)+H2O2(10)
Unimolecular Rate Units: 1/sec;  Bimolecular Rate Units: cm^3/sec

______________________________________________________________________________________

Species-Species Rate Tables:

Temperature = 500 K

High Pressure Rate Coefficients:

From\To         W1        W2        P1        P2
W1             ***      38.8  2.07e+11       ***
W2        1.61e+06       ***       ***   3.7e+11
P1        1.91e-10       ***       ***       ***
P2             ***  1.89e-10       ***       ***

Temperature = 500 K    Pressure = 0.1 atm

From\To         W1        W2        P1        P2
W1        1.18e+10  1.85e-06  1.18e+10  3.73e-06
W2         -0.0692  1.89e+10  8.78e+03  1.89e+10
P1        1.07e-11   1.9e-22  1.11e-11  3.54e-20
P2        2.66e-22  9.44e-12  8.16e-16  9.78e-12

Temperature = 500 K    Pressure = 1 atm

From\To         W1        W2        P1        P2
W1        2.95e+10  9.68e-05  2.95e+10  8.68e-05
W2            2.87  4.63e+10  2.89e+04  4.63e+10
P1        2.71e-11  6.38e-22  2.76e-11  3.49e-20
P2         3.4e-21  2.35e-11  8.05e-16   2.4e-11

Temperature = 500 K    Pressure = 10 atm

From\To         W1        W2        P1        P2
W1        5.98e+10   0.00551  5.98e+10   0.00348
W2             222  9.44e+10  8.63e+04  9.44e+10
P1        5.51e-11  1.91e-21  5.51e-11  3.37e-20
P2        8.35e-20  4.82e-11  7.76e-16  4.82e-11

Temperature = 500 K    Pressure = 100 atm

From\To         W1        W2        P1        P2
W1        1.06e+11     0.326  1.06e+11     0.389
W2        1.35e+04  1.67e+11  2.43e+05  1.67e+11
P1        9.75e-11  5.39e-21  9.75e-11  2.96e-20
P2         8.3e-18  8.51e-11  6.81e-16  8.51e-11

Temperature = 600 K

High Pressure Rate Coefficients:

From\To         W1        W2        P1        P2
W1             ***       480  2.14e+11       ***
W2        4.01e+06       ***       ***  3.84e+11
P1        1.96e-10       ***       ***       ***
P2             ***  1.95e-10       ***       ***

Temperature = 600 K    Pressure = 0.1 atm

From\To         W1        W2        P1        P2
W1        1.87e+10  0.000126  1.87e+10   7.6e-05
W2           0.275  2.75e+10  2.72e+04  2.75e+10
P1        1.68e-11  2.89e-21  1.72e-11  4.35e-19
P2        1.51e-21  1.35e-11  2.01e-15  1.39e-11

Temperature = 600 K    Pressure = 1 atm

From\To         W1        W2        P1        P2
W1         3.9e+10    0.0057   3.9e+10   0.00197
W2            42.8  5.82e+10  8.84e+04  5.82e+10
P1        3.56e-11  9.64e-21  3.61e-11  4.28e-19
P2        1.56e-20  2.93e-11  1.98e-15  2.98e-11

Temperature = 600 K    Pressure = 10 atm

From\To         W1        W2        P1        P2
W1        7.03e+10     0.203  7.03e+10    0.0672
W2        1.67e+03  1.08e+11   2.5e+05  1.08e+11
P1        6.44e-11  2.74e-20  6.44e-11  4.11e-19
P2        3.22e-19  5.48e-11   1.9e-15  5.48e-11

Temperature = 600 K    Pressure = 100 atm

From\To         W1        W2        P1        P2
W1        1.13e+11      5.69  1.13e+11      4.63
W2        4.74e+04  1.77e+11  6.15e+05  1.77e+11
P1        1.04e-10  6.75e-20  1.04e-10  3.61e-19
P2        1.98e-17  8.99e-11  1.67e-15  8.99e-11

Temperature = 700 K

High Pressure Rate Coefficients:

From\To         W1        W2        P1        P2
W1             ***   3.1e+03  2.06e+11       ***
W2        8.07e+06       ***       ***  3.68e+11
P1        2.02e-10       ***       ***       ***
P2             ***     2e-10       ***       ***

Temperature = 700 K    Pressure = 0.1 atm

From\To         W1        W2        P1        P2
W1        2.07e+10   0.00634  2.07e+10  0.000837
W2            9.64   3.1e+10  8.12e+04   3.1e+10
P1        1.97e-11  2.93e-20  2.02e-11     3e-18
P2        1.21e-20  1.61e-11  4.33e-15  1.65e-11

Temperature = 700 K    Pressure = 1 atm

From\To         W1        W2        P1        P2
W1        4.03e+10     0.232  4.03e+10    0.0208
W2             580  6.13e+10  2.38e+05  6.13e+10
P1        3.93e-11   8.9e-20  3.98e-11  2.94e-18
P2        6.83e-20   3.3e-11  4.24e-15  3.35e-11

Temperature = 700 K    Pressure = 10 atm

From\To         W1        W2        P1        P2
W1        6.94e+10      4.42  6.94e+10     0.637
W2        1.14e+04  1.08e+11  6.07e+05  1.08e+11
P1         6.8e-11  2.29e-19   6.8e-11   2.8e-18
P2        1.02e-18  5.88e-11  4.04e-15  5.88e-11

Temperature = 700 K    Pressure = 100 atm

From\To         W1        W2        P1        P2
W1        1.08e+11      57.2  1.08e+11      30.3
W2        1.49e+05  1.71e+11  1.31e+06  1.71e+11
P1        1.06e-10  4.94e-19  1.06e-10  2.46e-18
P2        4.31e-17   9.3e-11  3.54e-15   9.3e-11

Temperature = 800 K

High Pressure Rate Coefficients:

From\To         W1        W2        P1        P2
W1             ***  1.31e+04  1.89e+11       ***
W2         1.4e+07       ***       ***  3.39e+11
P1        2.06e-10       ***       ***       ***
P2             ***  2.05e-10       ***       ***

Temperature = 800 K    Pressure = 0.1 atm

From\To         W1        W2        P1        P2
W1        2.15e+10     0.184  2.15e+10   0.00677
W2             139  3.24e+10  2.14e+05  3.24e+10
P1        2.26e-11  2.07e-19  2.31e-11   1.4e-17
P2        1.09e-19  1.86e-11   8.3e-15   1.9e-11

Temperature = 800 K    Pressure = 1 atm

From\To         W1        W2        P1        P2
W1           4e+10      5.24     4e+10     0.158
W2        5.48e+03  6.13e+10  5.59e+05  6.13e+10
P1        4.32e-11  5.62e-19  4.37e-11  1.36e-17
P2        3.49e-19  3.66e-11  8.07e-15  3.71e-11

Temperature = 800 K    Pressure = 10 atm

From\To         W1        W2        P1        P2
W1        6.64e+10      58.2  6.64e+10      4.33
W2        6.22e+04  1.05e+11  1.27e+06  1.05e+11
P1        7.22e-11  1.29e-18  7.22e-11  1.28e-17
P2         3.2e-18  6.31e-11  7.62e-15  6.31e-11

Temperature = 800 K    Pressure = 100 atm

From\To         W1        W2        P1        P2
W1           1e+11       406     1e+11       142
W2        4.34e+05  1.61e+11  2.43e+06  1.61e+11
P1        1.09e-10  2.47e-18  1.09e-10  1.11e-17
P2        9.28e-17  9.68e-11   6.6e-15  9.68e-11

Temperature = 900 K

High Pressure Rate Coefficients:

From\To         W1        W2        P1        P2
W1             ***  4.09e+04  1.71e+11       ***
W2        2.19e+07       ***       ***  3.06e+11
P1         2.1e-10       ***       ***       ***
P2             ***  2.09e-10       ***       ***

Temperature = 900 K    Pressure = 0.1 atm

From\To         W1        W2        P1        P2
W1        2.06e+10      2.35  2.06e+10    0.0366
W2             957  3.14e+10  4.49e+05  3.14e+10
P1        2.44e-11  9.81e-19  2.49e-11  4.91e-17
P2        6.13e-19  2.03e-11  1.45e-14  2.08e-11

Temperature = 900 K    Pressure = 1 atm

From\To         W1        W2        P1        P2
W1        3.72e+10      51.8  3.72e+10      1.02
W2        2.72e+04  5.79e+10  1.07e+06  5.79e+10
P1        4.55e-11  2.44e-18   4.6e-11  4.75e-17
P2        1.45e-18  3.91e-11  1.41e-14  3.95e-11

Temperature = 900 K    Pressure = 10 atm

From\To         W1        W2        P1        P2
W1        6.06e+10       393  6.06e+10      21.4
W2         2.1e+05  9.68e+10  2.22e+06  9.68e+10
P1        7.45e-11  5.11e-18  7.45e-11  4.45e-17
P2        8.89e-18  6.59e-11  1.32e-14  6.59e-11

Temperature = 900 K    Pressure = 100 atm

From\To         W1        W2        P1        P2
W1        8.97e+10  1.89e+03  8.97e+10       498
W2        1.01e+06  1.46e+11   3.9e+06  1.46e+11
P1         1.1e-10  8.97e-18   1.1e-10  3.82e-17
P2        1.83e-16  9.93e-11  1.13e-14  9.94e-11

Temperature = 1e+03 K

High Pressure Rate Coefficients:

From\To         W1        W2        P1        P2
W1             ***  1.03e+05  1.52e+11       ***
W2        3.15e+07       ***       ***  2.73e+11
P1        2.14e-10       ***       ***       ***
P2             ***  2.12e-10       ***       ***

Temperature = 1e+03 K    Pressure = 0.1 atm

From\To         W1        W2        P1        P2
W1        1.93e+10        21  1.93e+10     0.204
W2        5.32e+03  2.93e+10  7.95e+05  2.93e+10
P1        2.61e-11  3.47e-18  2.66e-11   1.4e-16
P2        2.67e-18  2.16e-11  2.38e-14   2.2e-11

Temperature = 1e+03 K    Pressure = 1 atm

From\To         W1        W2        P1        P2
W1        3.42e+10       326  3.42e+10      7.49
W2        9.85e+04  5.29e+10  1.75e+06  5.29e+10
P1        4.77e-11  7.98e-18  4.82e-11  1.35e-16
P2        5.29e-18  4.08e-11  2.29e-14  4.13e-11

Temperature = 1e+03 K    Pressure = 10 atm

From\To         W1        W2        P1        P2
W1        5.48e+10   1.8e+03  5.48e+10      93.4
W2        5.49e+05  8.72e+10  3.36e+06  8.72e+10
P1        7.69e-11  1.54e-17  7.69e-11  1.26e-16
P2        2.46e-17  6.78e-11  2.13e-14  6.78e-11

Temperature = 1e+03 K    Pressure = 100 atm

From\To         W1        W2        P1        P2
W1           8e+10  6.63e+03     8e+10  1.48e+03
W2        2.02e+06   1.3e+11  5.51e+06   1.3e+11
P1        1.12e-10  2.53e-17  1.12e-10  1.07e-16
P2        3.54e-16  1.01e-10  1.81e-14  1.01e-10

Temperature = 1.1e+03 K

High Pressure Rate Coefficients:

From\To         W1        W2        P1        P2
W1             ***  2.21e+05  1.35e+11       ***
W2        4.27e+07       ***       ***  2.42e+11
P1        2.17e-10       ***       ***       ***
P2             ***  2.16e-10       ***       ***

Temperature = 1.1e+03 K    Pressure = 0.1 atm

From\To         W1        W2        P1        P2
W1        1.79e+10       113  1.79e+10     0.949
W2        1.86e+04  2.75e+10  1.33e+06  2.75e+10
P1        2.77e-11  1.05e-17  2.81e-11  3.42e-16
P2        8.79e-18  2.32e-11  3.66e-14  2.36e-11

Temperature = 1.1e+03 K    Pressure = 1 atm

From\To         W1        W2        P1        P2
W1        3.13e+10  1.34e+03  3.13e+10      37.2
W2        2.55e+05  4.89e+10  2.71e+06  4.89e+10
P1        4.99e-11  2.24e-17  5.04e-11  3.28e-16
P2        1.56e-17  4.31e-11   3.5e-14  4.36e-11

Temperature = 1.1e+03 K    Pressure = 10 atm

From\To         W1        W2        P1        P2
W1        4.93e+10  6.01e+03  4.93e+10       315
W2        1.16e+06  7.93e+10  4.84e+06  7.93e+10
P1        7.92e-11  4.03e-17  7.92e-11  3.02e-16
P2        5.92e-17  7.06e-11  3.24e-14  7.06e-11

Temperature = 1.1e+03 K    Pressure = 100 atm

From\To         W1        W2        P1        P2
W1        7.12e+10  1.87e+04  7.12e+10  3.64e+03
W2        3.61e+06  1.16e+11   7.5e+06  1.16e+11
P1        1.14e-10  6.25e-17  1.14e-10  2.55e-16
P2        6.31e-16  1.04e-10  2.72e-14  1.04e-10

Temperature = 1.2e+03 K

High Pressure Rate Coefficients:

From\To         W1        W2        P1        P2
W1             ***  4.21e+05   1.2e+11       ***
W2        5.54e+07       ***       ***  2.14e+11
P1        2.21e-10       ***       ***       ***
P2             ***  2.19e-10       ***       ***

Temperature = 1.2e+03 K    Pressure = 0.1 atm

From\To         W1        W2        P1        P2
W1         1.6e+10       450   1.6e+10      5.72
W2        5.28e+04  2.46e+10  1.87e+06  2.46e+10
P1        2.84e-11  2.49e-17  2.88e-11   7.4e-16
P2        2.18e-17  2.38e-11   5.4e-14  2.42e-11

Temperature = 1.2e+03 K    Pressure = 1 atm

From\To         W1        W2        P1        P2
W1        2.77e+10  3.98e+03  2.77e+10       148
W2         5.2e+05  4.34e+10   3.6e+06  4.34e+10
P1        5.07e-11     5e-17  5.11e-11  7.07e-16
P2        3.77e-17  4.38e-11  5.16e-14  4.43e-11

Temperature = 1.2e+03 K    Pressure = 10 atm

From\To         W1        W2        P1        P2
W1        4.35e+10  1.52e+04  4.35e+10       886
W2        1.99e+06  6.99e+10  6.14e+06  6.99e+10
P1        7.99e-11  8.59e-17  7.99e-11  6.51e-16
P2        1.27e-16  7.12e-11  4.75e-14  7.13e-11

Temperature = 1.2e+03 K    Pressure = 100 atm

From\To         W1        W2        P1        P2
W1        6.24e+10  4.19e+04  6.24e+10  7.87e+03
W2        5.51e+06  1.02e+11  9.23e+06  1.02e+11
P1        1.15e-10  1.29e-16  1.15e-10  5.46e-16
P2        1.06e-15  1.04e-10  3.98e-14  1.04e-10

Temperature = 1.3e+03 K

High Pressure Rate Coefficients:

From\To         W1        W2        P1        P2
W1             ***  7.26e+05  1.06e+11       ***
W2        6.91e+07       ***       ***   1.9e+11
P1        2.23e-10       ***       ***       ***
P2             ***  2.22e-10       ***       ***

Temperature = 1.3e+03 K    Pressure = 0.1 atm

From\To         W1        W2        P1        P2
W1        1.48e+10  1.57e+03  1.48e+10        34
W2        1.37e+05  2.25e+10  2.57e+06  2.25e+10
P1        2.99e-11  5.44e-17  3.04e-11  1.45e-15
P2        5.27e-17  2.48e-11  7.64e-14  2.54e-11

Temperature = 1.3e+03 K    Pressure = 1 atm

From\To         W1        W2        P1        P2
W1        2.52e+10  1.06e+04  2.52e+10       524
W2           1e+06  3.93e+10  4.66e+06  3.93e+10
P1        5.27e-11  1.02e-16  5.31e-11  1.38e-15
P2        9.21e-17  4.53e-11  7.28e-14  4.58e-11

Temperature = 1.3e+03 K    Pressure = 10 atm

From\To         W1        W2        P1        P2
W1        3.91e+10   3.5e+04  3.91e+10  2.35e+03
W2        3.33e+06  6.27e+10  7.59e+06  6.27e+10
P1        8.22e-11  1.68e-16  8.22e-11  1.26e-15
P2        2.75e-16   7.3e-11  6.66e-14  7.31e-11

Temperature = 1.3e+03 K    Pressure = 100 atm

From\To         W1        W2        P1        P2
W1        5.56e+10  8.72e+04  5.56e+10   1.6e+04
W2         8.3e+06  9.09e+10   1.1e+07  9.09e+10
P1        1.17e-10  2.43e-16  1.17e-10  1.05e-15
P2        1.79e-15  1.06e-10  5.53e-14  1.06e-10

Temperature = 1.4e+03 K

High Pressure Rate Coefficients:

From\To         W1        W2        P1        P2
W1             ***  1.16e+06  9.43e+10       ***
W2        8.38e+07       ***       ***  1.69e+11
P1        2.26e-10       ***       ***       ***
P2             ***  2.25e-10       ***       ***

Temperature = 1.4e+03 K    Pressure = 0.1 atm

From\To         W1        W2        P1        P2
W1        1.32e+10  3.73e+03  1.32e+10      99.4
W2        2.49e+05  2.05e+10  3.36e+06  2.04e+10
P1        3.05e-11  1.07e-16  3.09e-11  2.62e-15
P2        9.79e-17  2.57e-11  1.05e-13  2.62e-11

Temperature = 1.4e+03 K    Pressure = 1 atm

From\To         W1        W2        P1        P2
W1        2.24e+10  2.17e+04  2.24e+10  1.21e+03
W2        1.55e+06  3.54e+10  5.83e+06  3.54e+10
P1        5.34e-11  1.93e-16  5.39e-11  2.49e-15
P2        1.71e-16  4.65e-11  9.96e-14  4.71e-11

Temperature = 1.4e+03 K    Pressure = 10 atm

From\To         W1        W2        P1        P2
W1        3.46e+10  6.61e+04  3.46e+10   4.7e+03
W2        4.77e+06  5.61e+10  9.19e+06   5.6e+10
P1        8.29e-11  3.05e-16  8.29e-11  2.27e-15
P2        4.72e-16  7.44e-11  9.07e-14  7.45e-11

Temperature = 1.4e+03 K    Pressure = 100 atm

From\To         W1        W2        P1        P2
W1        4.91e+10  1.55e+05  4.91e+10  2.78e+04
W2        1.12e+07  8.08e+10   1.3e+07  8.08e+10
P1        1.18e-10  4.34e-16  1.18e-10  1.87e-15
P2        2.68e-15  1.07e-10  7.48e-14  1.07e-10

Temperature = 1.5e+03 K

High Pressure Rate Coefficients:

From\To         W1        W2        P1        P2
W1             ***  1.74e+06   8.4e+10       ***
W2        9.91e+07       ***       ***   1.5e+11
P1        2.29e-10       ***       ***       ***
P2             ***  2.27e-10       ***       ***

Temperature = 1.5e+03 K    Pressure = 0.1 atm

From\To         W1        W2        P1        P2
W1        1.21e+10  9.58e+03  1.21e+10       424
W2        5.16e+05  1.85e+10  4.07e+06  1.85e+10
P1        3.19e-11  1.89e-16  3.24e-11  4.45e-15
P2        1.97e-16  2.65e-11   1.4e-13   2.7e-11

Temperature = 1.5e+03 K    Pressure = 1 atm

From\To         W1        W2        P1        P2
W1        2.04e+10  4.43e+04  2.04e+10  3.29e+03
W2        2.51e+06  3.18e+10  6.73e+06  3.18e+10
P1        5.53e-11  3.22e-16  5.57e-11  4.21e-15
P2        3.68e-16  4.75e-11  1.33e-13  4.81e-11

Temperature = 1.5e+03 K    Pressure = 10 atm

From\To         W1        W2        P1        P2
W1        3.12e+10  1.22e+05  3.12e+10  1.04e+04
W2        6.93e+06  5.01e+10  1.03e+07  5.01e+10
P1        8.51e-11  4.92e-16  8.51e-11  3.82e-15
P2        9.23e-16  7.55e-11   1.2e-13  7.57e-11

Temperature = 1.5e+03 K    Pressure = 100 atm

From\To         W1        W2        P1        P2
W1         4.4e+10  2.67e+05   4.4e+10  4.98e+04
W2        1.51e+07  7.19e+10  1.43e+07  7.19e+10
P1         1.2e-10  6.87e-16   1.2e-10  3.12e-15
P2        4.29e-15  1.09e-10  9.84e-14  1.09e-10

Temperature = 1.6e+03 K

High Pressure Rate Coefficients:

From\To         W1        W2        P1        P2
W1             ***  2.49e+06  7.49e+10       ***
W2        1.15e+08       ***       ***  1.34e+11
P1        2.31e-10       ***       ***       ***
P2             ***   2.3e-10       ***       ***

Temperature = 1.6e+03 K    Pressure = 0.1 atm

From\To         W1        W2        P1        P2
W1        1.09e+10  1.61e+04  1.09e+10       676
W2        7.03e+05  1.71e+10  5.22e+06  1.71e+10
P1        3.25e-11  3.38e-16  3.29e-11  7.13e-15
P2        2.99e-16  2.78e-11  1.82e-13  2.84e-11

Temperature = 1.6e+03 K    Pressure = 1 atm

From\To         W1        W2        P1        P2
W1        1.82e+10  7.21e+04  1.82e+10  5.19e+03
W2        3.31e+06  2.92e+10  8.38e+06  2.92e+10
P1         5.6e-11  5.59e-16  5.64e-11  6.72e-15
P2        5.34e-16  4.94e-11  1.72e-13     5e-11

Temperature = 1.6e+03 K    Pressure = 10 atm

From\To         W1        W2        P1        P2
W1        2.78e+10  1.93e+05  2.78e+10  1.58e+04
W2        8.89e+06  4.56e+10  1.25e+07  4.56e+10
P1        8.58e-11  8.33e-16  8.58e-11  6.05e-15
P2        1.29e-15  7.78e-11  1.55e-13   7.8e-11

Temperature = 1.6e+03 K    Pressure = 100 atm

From\To         W1        W2        P1        P2
W1        3.91e+10   4.1e+05  3.91e+10  7.22e+04
W2        1.89e+07  6.49e+10   1.7e+07  6.49e+10
P1        1.21e-10  1.14e-15  1.21e-10  4.91e-15
P2        5.72e-15  1.11e-10  1.25e-13  1.11e-10

Temperature = 1.7e+03 K

High Pressure Rate Coefficients:

From\To         W1        W2        P1        P2
W1             ***  3.41e+06  6.71e+10       ***
W2        1.31e+08       ***       ***   1.2e+11
P1        2.34e-10       ***       ***       ***
P2             ***  2.32e-10       ***       ***

Temperature = 1.7e+03 K    Pressure = 0.1 atm

From\To         W1        W2        P1        P2
W1           1e+10  3.17e+04     1e+10   1.8e+03
W2        1.17e+06  1.58e+10  5.91e+06  1.57e+10
P1        3.39e-11  5.22e-16  3.43e-11   1.1e-14
P2        4.45e-16  2.91e-11  2.34e-13  2.97e-11

Temperature = 1.7e+03 K    Pressure = 1 atm

From\To         W1        W2        P1        P2
W1        1.66e+10  1.19e+05  1.66e+10  9.93e+03
W2        4.56e+06  2.67e+10  9.31e+06  2.67e+10
P1        5.77e-11  8.42e-16  5.82e-11  1.03e-14
P2        8.79e-16  5.11e-11   2.2e-13  5.18e-11

Temperature = 1.7e+03 K    Pressure = 10 atm

From\To         W1        W2        P1        P2
W1        2.52e+10  2.96e+05  2.52e+10  2.64e+04
W2        1.14e+07  4.14e+10  1.37e+07  4.14e+10
P1        8.78e-11  1.24e-15  8.78e-11  9.28e-15
P2           2e-15  7.98e-11  1.98e-13     8e-11

Temperature = 1.7e+03 K    Pressure = 100 atm

From\To         W1        W2        P1        P2
W1        3.53e+10  6.03e+05  3.53e+10  1.08e+05
W2        2.32e+07  5.87e+10  1.85e+07  5.86e+10
P1        1.23e-10  1.68e-15  1.23e-10  7.48e-15
P2        8.03e-15  1.13e-10  1.59e-13  1.13e-10

Temperature = 1.8e+03 K

High Pressure Rate Coefficients:

From\To         W1        W2        P1        P2
W1             ***   4.5e+06  6.02e+10       ***
W2        1.47e+08       ***       ***  1.08e+11
P1        2.36e-10       ***       ***       ***
P2             ***  2.34e-10       ***       ***

Temperature = 1.8e+03 K    Pressure = 0.1 atm

From\To         W1        W2        P1        P2
W1        9.06e+09  5.04e+04  9.06e+09  3.23e+03
W2        1.58e+06  1.43e+10  6.96e+06  1.42e+10
P1        3.44e-11  8.12e-16  3.48e-11  1.62e-14
P2        7.56e-16  2.94e-11  2.93e-13  3.01e-11

Temperature = 1.8e+03 K    Pressure = 1 atm

From\To         W1        W2        P1        P2
W1         1.5e+10  1.81e+05   1.5e+10  1.68e+04
W2        5.91e+06   2.4e+10  1.06e+07   2.4e+10
P1        5.84e-11  1.26e-15  5.89e-11  1.51e-14
P2        1.42e-15  5.16e-11  2.74e-13  5.23e-11

Temperature = 1.8e+03 K    Pressure = 10 atm

From\To         W1        W2        P1        P2
W1        2.27e+10  4.37e+05  2.27e+10  4.24e+04
W2        1.43e+07  3.72e+10  1.51e+07  3.71e+10
P1        8.87e-11  1.81e-15  8.87e-11  1.35e-14
P2        3.08e-15  8.05e-11  2.45e-13  8.07e-11

Temperature = 1.8e+03 K    Pressure = 100 atm

From\To         W1        W2        P1        P2
W1        3.16e+10  8.64e+05  3.16e+10  1.58e+05
W2        2.82e+07  5.25e+10  2.01e+07  5.25e+10
P1        1.24e-10  2.41e-15  1.24e-10  1.08e-14
P2        1.13e-14  1.14e-10  1.95e-13  1.14e-10

Temperature = 1.9e+03 K

High Pressure Rate Coefficients:

From\To         W1        W2        P1        P2
W1             ***  5.77e+06  5.42e+10       ***
W2        1.64e+08       ***       ***  9.71e+10
P1        2.38e-10       ***       ***       ***
P2             ***  2.36e-10       ***       ***

Temperature = 1.9e+03 K    Pressure = 0.1 atm

From\To         W1        W2        P1        P2
W1         8.2e+09  7.92e+04   8.2e+09   6.2e+03
W2        2.17e+06  1.28e+10  7.52e+06  1.28e+10
P1        3.49e-11  1.14e-15  3.53e-11  2.31e-14
P2        1.11e-15  2.98e-11  3.63e-13  3.06e-11

Temperature = 1.9e+03 K    Pressure = 1 atm

From\To         W1        W2        P1        P2
W1        1.35e+10   2.6e+05  1.35e+10  2.72e+04
W2        7.33e+06  2.16e+10  1.12e+07  2.16e+10
P1         5.9e-11  1.74e-15  5.95e-11  2.16e-14
P2        2.16e-15   5.2e-11  3.39e-13  5.28e-11

Temperature = 1.9e+03 K    Pressure = 10 atm

From\To         W1        W2        P1        P2
W1        2.04e+10  6.01e+05  2.04e+10  6.39e+04
W2         1.7e+07  3.34e+10  1.59e+07  3.33e+10
P1        8.94e-11  2.46e-15  8.94e-11  1.93e-14
P2        4.49e-15  8.09e-11  3.03e-13  8.12e-11

Temperature = 1.9e+03 K    Pressure = 100 atm

From\To         W1        W2        P1        P2
W1        2.84e+10  1.16e+06  2.84e+10  2.21e+05
W2        3.28e+07  4.71e+10  2.12e+07  4.71e+10
P1        1.25e-10  3.29e-15  1.25e-10  1.53e-14
P2        1.53e-14  1.14e-10  2.41e-13  1.15e-10

Temperature = 2e+03 K

High Pressure Rate Coefficients:

From\To         W1        W2        P1        P2
W1             ***  7.22e+06   4.9e+10       ***
W2         1.8e+08       ***       ***  8.77e+10
P1         2.4e-10       ***       ***       ***
P2             ***  2.38e-10       ***       ***

Temperature = 2e+03 K    Pressure = 0.1 atm

From\To         W1        W2        P1        P2
W1        7.61e+09  1.24e+05  7.61e+09  1.16e+04
W2           3e+06  1.19e+10   8.3e+06  1.19e+10
P1        3.61e-11   1.6e-15  3.66e-11   3.2e-14
P2        1.72e-15  3.07e-11  4.42e-13  3.16e-11

Temperature = 2e+03 K    Pressure = 1 atm

From\To         W1        W2        P1        P2
W1        1.25e+10  3.74e+05  1.25e+10  4.41e+04
W2         9.3e+06  1.98e+10  1.21e+07  1.98e+10
P1        6.08e-11  2.38e-15  6.13e-11  2.98e-14
P2        3.36e-15  5.34e-11  4.11e-13  5.42e-11

Temperature = 2e+03 K    Pressure = 10 atm

From\To         W1        W2        P1        P2
W1        1.87e+10  8.33e+05  1.87e+10  9.65e+04
W2        2.07e+07  3.05e+10  1.68e+07  3.05e+10
P1        9.14e-11  3.31e-15  9.15e-11  2.65e-14
P2        6.64e-15  8.26e-11  3.65e-13   8.3e-11

Temperature = 2e+03 K    Pressure = 100 atm

From\To         W1        W2        P1        P2
W1        2.59e+10  1.56e+06  2.59e+10  3.05e+05
W2        3.88e+07  4.29e+10  2.23e+07  4.28e+10
P1        1.27e-10  4.39e-15  1.27e-10  2.08e-14
P2        2.07e-14  1.16e-10  2.88e-13  1.17e-10

______________________________________________________________________________________

High Pressure Rate Coefficients (Temperature-Species Rate Tables):

Reactant = W1
   T(K)        W1        W2        P1        P2
    500       ***      38.8  2.07e+11       ***
    600       ***       480  2.14e+11       ***
    700       ***   3.1e+03  2.06e+11       ***
    800       ***  1.31e+04  1.89e+11       ***
    900       ***  4.09e+04  1.71e+11       ***
  1e+03       ***  1.03e+05  1.52e+11       ***
1.1e+03       ***  2.21e+05  1.35e+11       ***
1.2e+03       ***  4.21e+05   1.2e+11       ***
1.3e+03       ***  7.26e+05  1.06e+11       ***
1.4e+03       ***  1.16e+06  9.43e+10       ***
1.5e+03       ***  1.74e+06   8.4e+10       ***
1.6e+03       ***  2.49e+06  7.49e+10       ***
1.7e+03       ***  3.41e+06  6.71e+10       ***
1.8e+03       ***   4.5e+06  6.02e+10       ***
1.9e+03       ***  5.77e+06  5.42e+10       ***
  2e+03       ***  7.22e+06   4.9e+10       ***

Reactant = W2
   T(K)        W1        W2        P1        P2
    500  1.61e+06       ***       ***   3.7e+11
    600  4.01e+06       ***       ***  3.84e+11
    700  8.07e+06       ***       ***  3.68e+11
    800   1.4e+07       ***       ***  3.39e+11
    900  2.19e+07       ***       ***  3.06e+11
  1e+03  3.15e+07       ***       ***  2.73e+11
1.1e+03  4.27e+07       ***       ***  2.42e+11
1.2e+03  5.54e+07       ***       ***  2.14e+11
1.3e+03  6.91e+07       ***       ***   1.9e+11
1.4e+03  8.38e+07       ***       ***  1.69e+11
1.5e+03  9.91e+07       ***       ***   1.5e+11
1.6e+03  1.15e+08       ***       ***  1.34e+11
1.7e+03  1.31e+08       ***       ***   1.2e+11
1.8e+03  1.47e+08       ***       ***  1.08e+11
1.9e+03  1.64e+08       ***       ***  9.71e+10
  2e+03   1.8e+08       ***       ***  8.77e+10

Reactant = P1
   T(K)        W1        W2        P1        P2
    500  1.91e-10       ***       ***       ***
    600  1.96e-10       ***       ***       ***
    700  2.02e-10       ***       ***       ***
    800  2.06e-10       ***       ***       ***
    900   2.1e-10       ***       ***       ***
  1e+03  2.14e-10       ***       ***       ***
1.1e+03  2.17e-10       ***       ***       ***
1.2e+03  2.21e-10       ***       ***       ***
1.3e+03  2.23e-10       ***       ***       ***
1.4e+03  2.26e-10       ***       ***       ***
1.5e+03  2.29e-10       ***       ***       ***
1.6e+03  2.31e-10       ***       ***       ***
1.7e+03  2.34e-10       ***       ***       ***
1.8e+03  2.36e-10       ***       ***       ***
1.9e+03  2.38e-10       ***       ***       ***
  2e+03   2.4e-10       ***       ***       ***

Reactant = P2
   T(K)        W1        W2        P1        P2
    500       ***  1.89e-10       ***       ***
    600       ***  1.95e-10       ***       ***
    700       ***     2e-10       ***       ***
    800       ***  2.05e-10       ***       ***
    900       ***  2.09e-10       ***       ***
  1e+03       ***  2.12e-10       ***       ***
1.1e+03       ***  2.16e-10       ***       ***
1.2e+03       ***  2.19e-10       ***       ***
1.3e+03       ***  2.22e-10       ***       ***
1.4e+03       ***  2.25e-10       ***       ***
1.5e+03       ***  2.27e-10       ***       ***
1.6e+03       ***   2.3e-10       ***       ***
1.7e+03       ***  2.32e-10       ***       ***
1.8e+03       ***  2.34e-10       ***       ***
1.9e+03       ***  2.36e-10       ***       ***
  2e+03       ***  2.38e-10       ***       ***

Capture/Escape Rate Coefficients:

   T(K)        W1        W2        P1        P2
    500  2.07e+11   3.7e+11  1.91e-10  1.89e-10
    600  2.14e+11  3.84e+11  1.96e-10  1.95e-10
    700  2.06e+11  3.68e+11  2.02e-10     2e-10
    800  1.89e+11  3.39e+11  2.06e-10  2.05e-10
    900  1.71e+11  3.06e+11   2.1e-10  2.09e-10
  1e+03  1.52e+11  2.73e+11  2.14e-10  2.12e-10
1.1e+03  1.35e+11  2.42e+11  2.17e-10  2.16e-10
1.2e+03   1.2e+11  2.15e+11  2.21e-10  2.19e-10
1.3e+03  1.06e+11   1.9e+11  2.23e-10  2.22e-10
1.4e+03  9.43e+10  1.69e+11  2.26e-10  2.25e-10
1.5e+03   8.4e+10   1.5e+11  2.29e-10  2.27e-10
1.6e+03  7.49e+10  1.34e+11  2.31e-10   2.3e-10
1.7e+03  6.71e+10   1.2e+11  2.34e-10  2.32e-10
1.8e+03  6.02e+10  1.08e+11  2.36e-10  2.34e-10
1.9e+03  5.42e+10  9.73e+10  2.38e-10  2.36e-10
  2e+03   4.9e+10  8.79e+10   2.4e-10  2.38e-10

______________________________________________________________________________________

Pressure-Species Rate Tables:

Reactant = W1   Temperature = 500 K

   P(atm)        W2        P1        P2      Loss
      0.1  1.85e-06  1.18e+10  3.73e-06  1.18e+10
        1  9.68e-05  2.95e+10  8.68e-05  2.95e+10
       10   0.00551  5.98e+10   0.00348  5.98e+10
      100     0.326  1.06e+11     0.389  1.06e+11
      O-O      38.8  2.07e+11       ***  2.07e+11

Reactant = W1   Temperature = 600 K

   P(atm)        W2        P1        P2      Loss
      0.1  0.000126  1.87e+10   7.6e-05  1.87e+10
        1    0.0057   3.9e+10   0.00197   3.9e+10
       10     0.203  7.03e+10    0.0672  7.03e+10
      100      5.69  1.13e+11      4.63  1.13e+11
      O-O       480  2.14e+11       ***  2.14e+11

Reactant = W1   Temperature = 700 K

   P(atm)        W2        P1        P2      Loss
      0.1   0.00634  2.07e+10  0.000837  2.07e+10
        1     0.232  4.03e+10    0.0208  4.03e+10
       10      4.42  6.94e+10     0.637  6.94e+10
      100      57.2  1.08e+11      30.3  1.08e+11
      O-O   3.1e+03  2.06e+11       ***  2.06e+11

Reactant = W1   Temperature = 800 K

   P(atm)        W2        P1        P2      Loss
      0.1     0.184  2.15e+10   0.00677  2.15e+10
        1      5.24     4e+10     0.158     4e+10
       10      58.2  6.64e+10      4.33  6.64e+10
      100       406     1e+11       142     1e+11
      O-O  1.31e+04  1.89e+11       ***  1.89e+11

Reactant = W1   Temperature = 900 K

   P(atm)        W2        P1        P2      Loss
      0.1      2.35  2.06e+10    0.0366  2.06e+10
        1      51.8  3.72e+10      1.02  3.72e+10
       10       393  6.06e+10      21.4  6.06e+10
      100  1.89e+03  8.97e+10       498  8.97e+10
      O-O  4.09e+04  1.71e+11       ***  1.71e+11

Reactant = W1   Temperature = 1e+03 K

   P(atm)        W2        P1        P2      Loss
      0.1        21  1.93e+10     0.204  1.93e+10
        1       326  3.42e+10      7.49  3.42e+10
       10   1.8e+03  5.48e+10      93.4  5.48e+10
      100  6.63e+03     8e+10  1.48e+03     8e+10
      O-O  1.03e+05  1.52e+11       ***  1.52e+11

Reactant = W1   Temperature = 1.1e+03 K

   P(atm)        W2        P1        P2      Loss
      0.1       113  1.79e+10     0.949  1.79e+10
        1  1.34e+03  3.13e+10      37.2  3.13e+10
       10  6.01e+03  4.93e+10       315  4.93e+10
      100  1.87e+04  7.12e+10  3.64e+03  7.12e+10
      O-O  2.21e+05  1.35e+11       ***  1.35e+11

Reactant = W1   Temperature = 1.2e+03 K

   P(atm)        W2        P1        P2      Loss
      0.1       450   1.6e+10      5.72   1.6e+10
        1  3.98e+03  2.77e+10       148  2.77e+10
       10  1.52e+04  4.35e+10       886  4.35e+10
      100  4.19e+04  6.24e+10  7.87e+03  6.24e+10
      O-O  4.21e+05   1.2e+11       ***   1.2e+11

Reactant = W1   Temperature = 1.3e+03 K

   P(atm)        W2        P1        P2      Loss
      0.1  1.57e+03  1.48e+10        34  1.48e+10
        1  1.06e+04  2.52e+10       524  2.52e+10
       10   3.5e+04  3.91e+10  2.35e+03  3.91e+10
      100  8.72e+04  5.56e+10   1.6e+04  5.56e+10
      O-O  7.26e+05  1.06e+11       ***  1.06e+11

Reactant = W1   Temperature = 1.4e+03 K

   P(atm)        W2        P1        P2      Loss
      0.1  3.73e+03  1.32e+10      99.4  1.32e+10
        1  2.17e+04  2.24e+10  1.21e+03  2.24e+10
       10  6.61e+04  3.46e+10   4.7e+03  3.46e+10
      100  1.55e+05  4.91e+10  2.78e+04  4.91e+10
      O-O  1.16e+06  9.43e+10       ***  9.43e+10

Reactant = W1   Temperature = 1.5e+03 K

   P(atm)        W2        P1        P2      Loss
      0.1  9.58e+03  1.21e+10       424  1.21e+10
        1  4.43e+04  2.04e+10  3.29e+03  2.04e+10
       10  1.22e+05  3.12e+10  1.04e+04  3.12e+10
      100  2.67e+05   4.4e+10  4.98e+04   4.4e+10
      O-O  1.74e+06   8.4e+10       ***   8.4e+10

Reactant = W1   Temperature = 1.6e+03 K

   P(atm)        W2        P1        P2      Loss
      0.1  1.61e+04  1.09e+10       676  1.09e+10
        1  7.21e+04  1.82e+10  5.19e+03  1.82e+10
       10  1.93e+05  2.78e+10  1.58e+04  2.78e+10
      100   4.1e+05  3.91e+10  7.22e+04  3.91e+10
      O-O  2.49e+06  7.49e+10       ***  7.49e+10

Reactant = W1   Temperature = 1.7e+03 K

   P(atm)        W2        P1        P2      Loss
      0.1  3.17e+04     1e+10   1.8e+03     1e+10
        1  1.19e+05  1.66e+10  9.93e+03  1.66e+10
       10  2.96e+05  2.52e+10  2.64e+04  2.52e+10
      100  6.03e+05  3.53e+10  1.08e+05  3.53e+10
      O-O  3.41e+06  6.71e+10       ***  6.71e+10

Reactant = W1   Temperature = 1.8e+03 K

   P(atm)        W2        P1        P2      Loss
      0.1  5.04e+04  9.06e+09  3.23e+03  9.06e+09
        1  1.81e+05   1.5e+10  1.68e+04   1.5e+10
       10  4.37e+05  2.27e+10  4.24e+04  2.27e+10
      100  8.64e+05  3.16e+10  1.58e+05  3.16e+10
      O-O   4.5e+06  6.02e+10       ***  6.02e+10

Reactant = W1   Temperature = 1.9e+03 K

   P(atm)        W2        P1        P2      Loss
      0.1  7.92e+04   8.2e+09   6.2e+03   8.2e+09
        1   2.6e+05  1.35e+10  2.72e+04  1.35e+10
       10  6.01e+05  2.04e+10  6.39e+04  2.04e+10
      100  1.16e+06  2.84e+10  2.21e+05  2.84e+10
      O-O  5.77e+06  5.42e+10       ***  5.42e+10

Reactant = W1   Temperature = 2e+03 K

   P(atm)        W2        P1        P2      Loss
      0.1  1.24e+05  7.61e+09  1.16e+04  7.61e+09
        1  3.74e+05  1.25e+10  4.41e+04  1.25e+10
       10  8.33e+05  1.87e+10  9.65e+04  1.87e+10
      100  1.56e+06  2.59e+10  3.05e+05  2.59e+10
      O-O  7.22e+06   4.9e+10       ***   4.9e+10

Reactant = W2   Temperature = 500 K

   P(atm)        W1        P1        P2      Loss
      0.1   -0.0692  8.78e+03  1.89e+10  1.89e+10
        1      2.87  2.89e+04  4.63e+10  4.63e+10
       10       222  8.63e+04  9.44e+10  9.44e+10
      100  1.35e+04  2.43e+05  1.67e+11  1.67e+11
      O-O  1.61e+06       ***   3.7e+11   3.7e+11

Reactant = W2   Temperature = 600 K

   P(atm)        W1        P1        P2      Loss
      0.1     0.275  2.72e+04  2.75e+10  2.75e+10
        1      42.8  8.84e+04  5.82e+10  5.82e+10
       10  1.67e+03   2.5e+05  1.08e+11  1.08e+11
      100  4.74e+04  6.15e+05  1.77e+11  1.77e+11
      O-O  4.01e+06       ***  3.84e+11  3.84e+11

Reactant = W2   Temperature = 700 K

   P(atm)        W1        P1        P2      Loss
      0.1      9.64  8.12e+04   3.1e+10   3.1e+10
        1       580  2.38e+05  6.13e+10  6.13e+10
       10  1.14e+04  6.07e+05  1.08e+11  1.08e+11
      100  1.49e+05  1.31e+06  1.71e+11  1.71e+11
      O-O  8.07e+06       ***  3.68e+11  3.68e+11

Reactant = W2   Temperature = 800 K

   P(atm)        W1        P1        P2      Loss
      0.1       139  2.14e+05  3.24e+10  3.24e+10
        1  5.48e+03  5.59e+05  6.13e+10  6.13e+10
       10  6.22e+04  1.27e+06  1.05e+11  1.05e+11
      100  4.34e+05  2.43e+06  1.61e+11  1.61e+11
      O-O   1.4e+07       ***  3.39e+11  3.39e+11

Reactant = W2   Temperature = 900 K

   P(atm)        W1        P1        P2      Loss
      0.1       957  4.49e+05  3.14e+10  3.14e+10
        1  2.72e+04  1.07e+06  5.79e+10  5.79e+10
       10   2.1e+05  2.22e+06  9.68e+10  9.68e+10
      100  1.01e+06   3.9e+06  1.46e+11  1.46e+11
      O-O  2.19e+07       ***  3.06e+11  3.06e+11

Reactant = W2   Temperature = 1e+03 K

   P(atm)        W1        P1        P2      Loss
      0.1  5.32e+03  7.95e+05  2.93e+10  2.93e+10
        1  9.85e+04  1.75e+06  5.29e+10  5.29e+10
       10  5.49e+05  3.36e+06  8.72e+10  8.72e+10
      100  2.02e+06  5.51e+06   1.3e+11   1.3e+11
      O-O  3.15e+07       ***  2.73e+11  2.73e+11

Reactant = W2   Temperature = 1.1e+03 K

   P(atm)        W1        P1        P2      Loss
      0.1  1.86e+04  1.33e+06  2.75e+10  2.75e+10
        1  2.55e+05  2.71e+06  4.89e+10  4.89e+10
       10  1.16e+06  4.84e+06  7.93e+10  7.93e+10
      100  3.61e+06   7.5e+06  1.16e+11  1.16e+11
      O-O  4.27e+07       ***  2.42e+11  2.42e+11

Reactant = W2   Temperature = 1.2e+03 K

   P(atm)        W1        P1        P2      Loss
      0.1  5.28e+04  1.87e+06  2.46e+10  2.46e+10
        1   5.2e+05   3.6e+06  4.34e+10  4.34e+10
       10  1.99e+06  6.14e+06  6.99e+10  6.99e+10
      100  5.51e+06  9.23e+06  1.02e+11  1.02e+11
      O-O  5.54e+07       ***  2.14e+11  2.15e+11

Reactant = W2   Temperature = 1.3e+03 K

   P(atm)        W1        P1        P2      Loss
      0.1  1.37e+05  2.57e+06  2.25e+10  2.25e+10
        1     1e+06  4.66e+06  3.93e+10  3.93e+10
       10  3.33e+06  7.59e+06  6.27e+10  6.27e+10
      100   8.3e+06   1.1e+07  9.09e+10  9.09e+10
      O-O  6.91e+07       ***   1.9e+11   1.9e+11

Reactant = W2   Temperature = 1.4e+03 K

   P(atm)        W1        P1        P2      Loss
      0.1  2.49e+05  3.36e+06  2.04e+10  2.05e+10
        1  1.55e+06  5.83e+06  3.54e+10  3.54e+10
       10  4.77e+06  9.19e+06   5.6e+10  5.61e+10
      100  1.12e+07   1.3e+07  8.08e+10  8.08e+10
      O-O  8.38e+07       ***  1.69e+11  1.69e+11

Reactant = W2   Temperature = 1.5e+03 K

   P(atm)        W1        P1        P2      Loss
      0.1  5.16e+05  4.07e+06  1.85e+10  1.85e+10
        1  2.51e+06  6.73e+06  3.18e+10  3.18e+10
       10  6.93e+06  1.03e+07  5.01e+10  5.01e+10
      100  1.51e+07  1.43e+07  7.19e+10  7.19e+10
      O-O  9.91e+07       ***   1.5e+11   1.5e+11

Reactant = W2   Temperature = 1.6e+03 K

   P(atm)        W1        P1        P2      Loss
      0.1  7.03e+05  5.22e+06  1.71e+10  1.71e+10
        1  3.31e+06  8.38e+06  2.92e+10  2.92e+10
       10  8.89e+06  1.25e+07  4.56e+10  4.56e+10
      100  1.89e+07   1.7e+07  6.49e+10  6.49e+10
      O-O  1.15e+08       ***  1.34e+11  1.34e+11

Reactant = W2   Temperature = 1.7e+03 K

   P(atm)        W1        P1        P2      Loss
      0.1  1.17e+06  5.91e+06  1.57e+10  1.58e+10
        1  4.56e+06  9.31e+06  2.67e+10  2.67e+10
       10  1.14e+07  1.37e+07  4.14e+10  4.14e+10
      100  2.32e+07  1.85e+07  5.86e+10  5.87e+10
      O-O  1.31e+08       ***   1.2e+11   1.2e+11

Reactant = W2   Temperature = 1.8e+03 K

   P(atm)        W1        P1        P2      Loss
      0.1  1.58e+06  6.96e+06  1.42e+10  1.43e+10
        1  5.91e+06  1.06e+07   2.4e+10   2.4e+10
       10  1.43e+07  1.51e+07  3.71e+10  3.72e+10
      100  2.82e+07  2.01e+07  5.25e+10  5.25e+10
      O-O  1.47e+08       ***  1.08e+11  1.08e+11

Reactant = W2   Temperature = 1.9e+03 K

   P(atm)        W1        P1        P2      Loss
      0.1  2.17e+06  7.52e+06  1.28e+10  1.28e+10
        1  7.33e+06  1.12e+07  2.16e+10  2.16e+10
       10   1.7e+07  1.59e+07  3.33e+10  3.34e+10
      100  3.28e+07  2.12e+07  4.71e+10  4.71e+10
      O-O  1.64e+08       ***  9.71e+10  9.73e+10

Reactant = W2   Temperature = 2e+03 K

   P(atm)        W1        P1        P2      Loss
      0.1     3e+06   8.3e+06  1.19e+10  1.19e+10
        1   9.3e+06  1.21e+07  1.98e+10  1.98e+10
       10  2.07e+07  1.68e+07  3.05e+10  3.05e+10
      100  3.88e+07  2.23e+07  4.28e+10  4.29e+10
      O-O   1.8e+08       ***  8.77e+10  8.79e+10

Reactant = P1   Temperature = 500 K

   P(atm)        W1        W2        P2      Loss
      0.1  1.07e-11   1.9e-22  3.54e-20  1.11e-11
        1  2.71e-11  6.38e-22  3.49e-20  2.76e-11
       10  5.51e-11  1.91e-21  3.37e-20  5.51e-11
      100  9.75e-11  5.39e-21  2.96e-20  9.75e-11
      O-O  1.91e-10       ***       ***  1.91e-10

Reactant = P1   Temperature = 600 K

   P(atm)        W1        W2        P2      Loss
      0.1  1.68e-11  2.89e-21  4.35e-19  1.72e-11
        1  3.56e-11  9.64e-21  4.28e-19  3.61e-11
       10  6.44e-11  2.74e-20  4.11e-19  6.44e-11
      100  1.04e-10  6.75e-20  3.61e-19  1.04e-10
      O-O  1.96e-10       ***       ***  1.96e-10

Reactant = P1   Temperature = 700 K

   P(atm)        W1        W2        P2      Loss
      0.1  1.97e-11  2.93e-20     3e-18  2.02e-11
        1  3.93e-11   8.9e-20  2.94e-18  3.98e-11
       10   6.8e-11  2.29e-19   2.8e-18   6.8e-11
      100  1.06e-10  4.94e-19  2.46e-18  1.06e-10
      O-O  2.02e-10       ***       ***  2.02e-10

Reactant = P1   Temperature = 800 K

   P(atm)        W1        W2        P2      Loss
      0.1  2.26e-11  2.07e-19   1.4e-17  2.31e-11
        1  4.32e-11  5.62e-19  1.36e-17  4.37e-11
       10  7.22e-11  1.29e-18  1.28e-17  7.22e-11
      100  1.09e-10  2.47e-18  1.11e-17  1.09e-10
      O-O  2.06e-10       ***       ***  2.06e-10

Reactant = P1   Temperature = 900 K

   P(atm)        W1        W2        P2      Loss
      0.1  2.44e-11  9.81e-19  4.91e-17  2.49e-11
        1  4.55e-11  2.44e-18  4.75e-17   4.6e-11
       10  7.45e-11  5.11e-18  4.45e-17  7.45e-11
      100   1.1e-10  8.97e-18  3.82e-17   1.1e-10
      O-O   2.1e-10       ***       ***   2.1e-10

Reactant = P1   Temperature = 1e+03 K

   P(atm)        W1        W2        P2      Loss
      0.1  2.61e-11  3.47e-18   1.4e-16  2.66e-11
        1  4.77e-11  7.98e-18  1.35e-16  4.82e-11
       10  7.69e-11  1.54e-17  1.26e-16  7.69e-11
      100  1.12e-10  2.53e-17  1.07e-16  1.12e-10
      O-O  2.14e-10       ***       ***  2.14e-10

Reactant = P1   Temperature = 1.1e+03 K

   P(atm)        W1        W2        P2      Loss
      0.1  2.77e-11  1.05e-17  3.42e-16  2.81e-11
        1  4.99e-11  2.24e-17  3.28e-16  5.04e-11
       10  7.92e-11  4.03e-17  3.02e-16  7.92e-11
      100  1.14e-10  6.25e-17  2.55e-16  1.14e-10
      O-O  2.17e-10       ***       ***  2.17e-10

Reactant = P1   Temperature = 1.2e+03 K

   P(atm)        W1        W2        P2      Loss
      0.1  2.84e-11  2.49e-17   7.4e-16  2.88e-11
        1  5.07e-11     5e-17  7.07e-16  5.11e-11
       10  7.99e-11  8.59e-17  6.51e-16  7.99e-11
      100  1.15e-10  1.29e-16  5.46e-16  1.15e-10
      O-O  2.21e-10       ***       ***  2.21e-10

Reactant = P1   Temperature = 1.3e+03 K

   P(atm)        W1        W2        P2      Loss
      0.1  2.99e-11  5.44e-17  1.45e-15  3.04e-11
        1  5.27e-11  1.02e-16  1.38e-15  5.31e-11
       10  8.22e-11  1.68e-16  1.26e-15  8.22e-11
      100  1.17e-10  2.43e-16  1.05e-15  1.17e-10
      O-O  2.23e-10       ***       ***  2.23e-10

Reactant = P1   Temperature = 1.4e+03 K

   P(atm)        W1        W2        P2      Loss
      0.1  3.05e-11  1.07e-16  2.62e-15  3.09e-11
        1  5.34e-11  1.93e-16  2.49e-15  5.39e-11
       10  8.29e-11  3.05e-16  2.27e-15  8.29e-11
      100  1.18e-10  4.34e-16  1.87e-15  1.18e-10
      O-O  2.26e-10       ***       ***  2.26e-10

Reactant = P1   Temperature = 1.5e+03 K

   P(atm)        W1        W2        P2      Loss
      0.1  3.19e-11  1.89e-16  4.45e-15  3.24e-11
        1  5.53e-11  3.22e-16  4.21e-15  5.57e-11
       10  8.51e-11  4.92e-16  3.82e-15  8.51e-11
      100   1.2e-10  6.87e-16  3.12e-15   1.2e-10
      O-O  2.29e-10       ***       ***  2.29e-10

Reactant = P1   Temperature = 1.6e+03 K

   P(atm)        W1        W2        P2      Loss
      0.1  3.25e-11  3.38e-16  7.13e-15  3.29e-11
        1   5.6e-11  5.59e-16  6.72e-15  5.64e-11
       10  8.58e-11  8.33e-16  6.05e-15  8.58e-11
      100  1.21e-10  1.14e-15  4.91e-15  1.21e-10
      O-O  2.31e-10       ***       ***  2.31e-10

Reactant = P1   Temperature = 1.7e+03 K

   P(atm)        W1        W2        P2      Loss
      0.1  3.39e-11  5.22e-16   1.1e-14  3.43e-11
        1  5.77e-11  8.42e-16  1.03e-14  5.82e-11
       10  8.78e-11  1.24e-15  9.28e-15  8.78e-11
      100  1.23e-10  1.68e-15  7.48e-15  1.23e-10
      O-O  2.34e-10       ***       ***  2.34e-10

Reactant = P1   Temperature = 1.8e+03 K

   P(atm)        W1        W2        P2      Loss
      0.1  3.44e-11  8.12e-16  1.62e-14  3.48e-11
        1  5.84e-11  1.26e-15  1.51e-14  5.89e-11
       10  8.87e-11  1.81e-15  1.35e-14  8.87e-11
      100  1.24e-10  2.41e-15  1.08e-14  1.24e-10
      O-O  2.36e-10       ***       ***  2.36e-10

Reactant = P1   Temperature = 1.9e+03 K

   P(atm)        W1        W2        P2      Loss
      0.1  3.49e-11  1.14e-15  2.31e-14  3.53e-11
        1   5.9e-11  1.74e-15  2.16e-14  5.95e-11
       10  8.94e-11  2.46e-15  1.93e-14  8.94e-11
      100  1.25e-10  3.29e-15  1.53e-14  1.25e-10
      O-O  2.38e-10       ***       ***  2.38e-10

Reactant = P1   Temperature = 2e+03 K

   P(atm)        W1        W2        P2      Loss
      0.1  3.61e-11   1.6e-15   3.2e-14  3.66e-11
        1  6.08e-11  2.38e-15  2.98e-14  6.13e-11
       10  9.14e-11  3.31e-15  2.65e-14  9.15e-11
      100  1.27e-10  4.39e-15  2.08e-14  1.27e-10
      O-O   2.4e-10       ***       ***   2.4e-10

Reactant = P2   Temperature = 500 K

   P(atm)        W1        W2        P1      Loss
      0.1  2.66e-22  9.44e-12  8.16e-16  9.78e-12
        1   3.4e-21  2.35e-11  8.05e-16   2.4e-11
       10  8.35e-20  4.82e-11  7.76e-16  4.82e-11
      100   8.3e-18  8.51e-11  6.81e-16  8.51e-11
      O-O       ***  1.89e-10       ***  1.89e-10

Reactant = P2   Temperature = 600 K

   P(atm)        W1        W2        P1      Loss
      0.1  1.51e-21  1.35e-11  2.01e-15  1.39e-11
        1  1.56e-20  2.93e-11  1.98e-15  2.98e-11
       10  3.22e-19  5.48e-11   1.9e-15  5.48e-11
      100  1.98e-17  8.99e-11  1.67e-15  8.99e-11
      O-O       ***  1.95e-10       ***  1.95e-10

Reactant = P2   Temperature = 700 K

   P(atm)        W1        W2        P1      Loss
      0.1  1.21e-20  1.61e-11  4.33e-15  1.65e-11
        1  6.83e-20   3.3e-11  4.24e-15  3.35e-11
       10  1.02e-18  5.88e-11  4.04e-15  5.88e-11
      100  4.31e-17   9.3e-11  3.54e-15   9.3e-11
      O-O       ***     2e-10       ***     2e-10

Reactant = P2   Temperature = 800 K

   P(atm)        W1        W2        P1      Loss
      0.1  1.09e-19  1.86e-11   8.3e-15   1.9e-11
        1  3.49e-19  3.66e-11  8.07e-15  3.71e-11
       10   3.2e-18  6.31e-11  7.62e-15  6.31e-11
      100  9.28e-17  9.68e-11   6.6e-15  9.68e-11
      O-O       ***  2.05e-10       ***  2.05e-10

Reactant = P2   Temperature = 900 K

   P(atm)        W1        W2        P1      Loss
      0.1  6.13e-19  2.03e-11  1.45e-14  2.08e-11
        1  1.45e-18  3.91e-11  1.41e-14  3.95e-11
       10  8.89e-18  6.59e-11  1.32e-14  6.59e-11
      100  1.83e-16  9.93e-11  1.13e-14  9.94e-11
      O-O       ***  2.09e-10       ***  2.09e-10

Reactant = P2   Temperature = 1e+03 K

   P(atm)        W1        W2        P1      Loss
      0.1  2.67e-18  2.16e-11  2.38e-14   2.2e-11
        1  5.29e-18  4.08e-11  2.29e-14  4.13e-11
       10  2.46e-17  6.78e-11  2.13e-14  6.78e-11
      100  3.54e-16  1.01e-10  1.81e-14  1.01e-10
      O-O       ***  2.12e-10       ***  2.12e-10

Reactant = P2   Temperature = 1.1e+03 K

   P(atm)        W1        W2        P1      Loss
      0.1  8.79e-18  2.32e-11  3.66e-14  2.36e-11
        1  1.56e-17  4.31e-11   3.5e-14  4.36e-11
       10  5.92e-17  7.06e-11  3.24e-14  7.06e-11
      100  6.31e-16  1.04e-10  2.72e-14  1.04e-10
      O-O       ***  2.16e-10       ***  2.16e-10

Reactant = P2   Temperature = 1.2e+03 K

   P(atm)        W1        W2        P1      Loss
      0.1  2.18e-17  2.38e-11   5.4e-14  2.42e-11
        1  3.77e-17  4.38e-11  5.16e-14  4.43e-11
       10  1.27e-16  7.12e-11  4.75e-14  7.13e-11
      100  1.06e-15  1.04e-10  3.98e-14  1.04e-10
      O-O       ***  2.19e-10       ***  2.19e-10

Reactant = P2   Temperature = 1.3e+03 K

   P(atm)        W1        W2        P1      Loss
      0.1  5.27e-17  2.48e-11  7.64e-14  2.54e-11
        1  9.21e-17  4.53e-11  7.28e-14  4.58e-11
       10  2.75e-16   7.3e-11  6.66e-14  7.31e-11
      100  1.79e-15  1.06e-10  5.53e-14  1.06e-10
      O-O       ***  2.22e-10       ***  2.22e-10

Reactant = P2   Temperature = 1.4e+03 K

   P(atm)        W1        W2        P1      Loss
      0.1  9.79e-17  2.57e-11  1.05e-13  2.62e-11
        1  1.71e-16  4.65e-11  9.96e-14  4.71e-11
       10  4.72e-16  7.44e-11  9.07e-14  7.45e-11
      100  2.68e-15  1.07e-10  7.48e-14  1.07e-10
      O-O       ***  2.25e-10       ***  2.25e-10

Reactant = P2   Temperature = 1.5e+03 K

   P(atm)        W1        W2        P1      Loss
      0.1  1.97e-16  2.65e-11   1.4e-13   2.7e-11
        1  3.68e-16  4.75e-11  1.33e-13  4.81e-11
       10  9.23e-16  7.55e-11   1.2e-13  7.57e-11
      100  4.29e-15  1.09e-10  9.84e-14  1.09e-10
      O-O       ***  2.27e-10       ***  2.27e-10

Reactant = P2   Temperature = 1.6e+03 K

   P(atm)        W1        W2        P1      Loss
      0.1  2.99e-16  2.78e-11  1.82e-13  2.84e-11
        1  5.34e-16  4.94e-11  1.72e-13     5e-11
       10  1.29e-15  7.78e-11  1.55e-13   7.8e-11
      100  5.72e-15  1.11e-10  1.25e-13  1.11e-10
      O-O       ***   2.3e-10       ***   2.3e-10

Reactant = P2   Temperature = 1.7e+03 K

   P(atm)        W1        W2        P1      Loss
      0.1  4.45e-16  2.91e-11  2.34e-13  2.97e-11
        1  8.79e-16  5.11e-11   2.2e-13  5.18e-11
       10     2e-15  7.98e-11  1.98e-13     8e-11
      100  8.03e-15  1.13e-10  1.59e-13  1.13e-10
      O-O       ***  2.32e-10       ***  2.32e-10

Reactant = P2   Temperature = 1.8e+03 K

   P(atm)        W1        W2        P1      Loss
      0.1  7.56e-16  2.94e-11  2.93e-13  3.01e-11
        1  1.42e-15  5.16e-11  2.74e-13  5.23e-11
       10  3.08e-15  8.05e-11  2.45e-13  8.07e-11
      100  1.13e-14  1.14e-10  1.95e-13  1.14e-10
      O-O       ***  2.34e-10       ***  2.34e-10

Reactant = P2   Temperature = 1.9e+03 K

   P(atm)        W1        W2        P1      Loss
      0.1  1.11e-15  2.98e-11  3.63e-13  3.06e-11
        1  2.16e-15   5.2e-11  3.39e-13  5.28e-11
       10  4.49e-15  8.09e-11  3.03e-13  8.12e-11
      100  1.53e-14  1.14e-10  2.41e-13  1.15e-10
      O-O       ***  2.36e-10       ***  2.36e-10

Reactant = P2   Temperature = 2e+03 K

   P(atm)        W1        W2        P1      Loss
      0.1  1.72e-15  3.07e-11  4.42e-13  3.16e-11
        1  3.36e-15  5.34e-11  4.11e-13  5.42e-11
       10  6.64e-15  8.26e-11  3.65e-13   8.3e-11
      100  2.07e-14  1.16e-10  2.88e-13  1.17e-10
      O-O       ***  2.38e-10       ***  2.38e-10

______________________________________________________________________________________

Temperature-Species Rate Tables:

Reactant = W1   Pressure = 0.1 atm

   T(K)        W2        P1        P2      Loss   Capture
    500  1.85e-06  1.18e+10  3.73e-06  1.18e+10  2.07e+11
    600  0.000126  1.87e+10   7.6e-05  1.87e+10  2.14e+11
    700   0.00634  2.07e+10  0.000837  2.07e+10  2.06e+11
    800     0.184  2.15e+10   0.00677  2.15e+10  1.89e+11
    900      2.35  2.06e+10    0.0366  2.06e+10  1.71e+11
  1e+03        21  1.93e+10     0.204  1.93e+10  1.52e+11
1.1e+03       113  1.79e+10     0.949  1.79e+10  1.35e+11
1.2e+03       450   1.6e+10      5.72   1.6e+10   1.2e+11
1.3e+03  1.57e+03  1.48e+10        34  1.48e+10  1.06e+11
1.4e+03  3.73e+03  1.32e+10      99.4  1.32e+10  9.43e+10
1.5e+03  9.58e+03  1.21e+10       424  1.21e+10   8.4e+10
1.6e+03  1.61e+04  1.09e+10       676  1.09e+10  7.49e+10
1.7e+03  3.17e+04     1e+10   1.8e+03     1e+10  6.71e+10
1.8e+03  5.04e+04  9.06e+09  3.23e+03  9.06e+09  6.02e+10
1.9e+03  7.92e+04   8.2e+09   6.2e+03   8.2e+09  5.42e+10
  2e+03  1.24e+05  7.61e+09  1.16e+04  7.61e+09   4.9e+10

Reactant = W1   Pressure = 1 atm

   T(K)        W2        P1        P2      Loss   Capture
    500  9.68e-05  2.95e+10  8.68e-05  2.95e+10  2.07e+11
    600    0.0057   3.9e+10   0.00197   3.9e+10  2.14e+11
    700     0.232  4.03e+10    0.0208  4.03e+10  2.06e+11
    800      5.24     4e+10     0.158     4e+10  1.89e+11
    900      51.8  3.72e+10      1.02  3.72e+10  1.71e+11
  1e+03       326  3.42e+10      7.49  3.42e+10  1.52e+11
1.1e+03  1.34e+03  3.13e+10      37.2  3.13e+10  1.35e+11
1.2e+03  3.98e+03  2.77e+10       148  2.77e+10   1.2e+11
1.3e+03  1.06e+04  2.52e+10       524  2.52e+10  1.06e+11
1.4e+03  2.17e+04  2.24e+10  1.21e+03  2.24e+10  9.43e+10
1.5e+03  4.43e+04  2.04e+10  3.29e+03  2.04e+10   8.4e+10
1.6e+03  7.21e+04  1.82e+10  5.19e+03  1.82e+10  7.49e+10
1.7e+03  1.19e+05  1.66e+10  9.93e+03  1.66e+10  6.71e+10
1.8e+03  1.81e+05   1.5e+10  1.68e+04   1.5e+10  6.02e+10
1.9e+03   2.6e+05  1.35e+10  2.72e+04  1.35e+10  5.42e+10
  2e+03  3.74e+05  1.25e+10  4.41e+04  1.25e+10   4.9e+10

Reactant = W1   Pressure = 10 atm

   T(K)        W2        P1        P2      Loss   Capture
    500   0.00551  5.98e+10   0.00348  5.98e+10  2.07e+11
    600     0.203  7.03e+10    0.0672  7.03e+10  2.14e+11
    700      4.42  6.94e+10     0.637  6.94e+10  2.06e+11
    800      58.2  6.64e+10      4.33  6.64e+10  1.89e+11
    900       393  6.06e+10      21.4  6.06e+10  1.71e+11
  1e+03   1.8e+03  5.48e+10      93.4  5.48e+10  1.52e+11
1.1e+03  6.01e+03  4.93e+10       315  4.93e+10  1.35e+11
1.2e+03  1.52e+04  4.35e+10       886  4.35e+10   1.2e+11
1.3e+03   3.5e+04  3.91e+10  2.35e+03  3.91e+10  1.06e+11
1.4e+03  6.61e+04  3.46e+10   4.7e+03  3.46e+10  9.43e+10
1.5e+03  1.22e+05  3.12e+10  1.04e+04  3.12e+10   8.4e+10
1.6e+03  1.93e+05  2.78e+10  1.58e+04  2.78e+10  7.49e+10
1.7e+03  2.96e+05  2.52e+10  2.64e+04  2.52e+10  6.71e+10
1.8e+03  4.37e+05  2.27e+10  4.24e+04  2.27e+10  6.02e+10
1.9e+03  6.01e+05  2.04e+10  6.39e+04  2.04e+10  5.42e+10
  2e+03  8.33e+05  1.87e+10  9.65e+04  1.87e+10   4.9e+10

Reactant = W1   Pressure = 100 atm

   T(K)        W2        P1        P2      Loss   Capture
    500     0.326  1.06e+11     0.389  1.06e+11  2.07e+11
    600      5.69  1.13e+11      4.63  1.13e+11  2.14e+11
    700      57.2  1.08e+11      30.3  1.08e+11  2.06e+11
    800       406     1e+11       142     1e+11  1.89e+11
    900  1.89e+03  8.97e+10       498  8.97e+10  1.71e+11
  1e+03  6.63e+03     8e+10  1.48e+03     8e+10  1.52e+11
1.1e+03  1.87e+04  7.12e+10  3.64e+03  7.12e+10  1.35e+11
1.2e+03  4.19e+04  6.24e+10  7.87e+03  6.24e+10   1.2e+11
1.3e+03  8.72e+04  5.56e+10   1.6e+04  5.56e+10  1.06e+11
1.4e+03  1.55e+05  4.91e+10  2.78e+04  4.91e+10  9.43e+10
1.5e+03  2.67e+05   4.4e+10  4.98e+04   4.4e+10   8.4e+10
1.6e+03   4.1e+05  3.91e+10  7.22e+04  3.91e+10  7.49e+10
1.7e+03  6.03e+05  3.53e+10  1.08e+05  3.53e+10  6.71e+10
1.8e+03  8.64e+05  3.16e+10  1.58e+05  3.16e+10  6.02e+10
1.9e+03  1.16e+06  2.84e+10  2.21e+05  2.84e+10  5.42e+10
  2e+03  1.56e+06  2.59e+10  3.05e+05  2.59e+10   4.9e+10

Reactant = W2   Pressure = 0.1 atm

   T(K)        W1        P1        P2      Loss   Capture
    500   -0.0692  8.78e+03  1.89e+10  1.89e+10   3.7e+11
    600     0.275  2.72e+04  2.75e+10  2.75e+10  3.84e+11
    700      9.64  8.12e+04   3.1e+10   3.1e+10  3.68e+11
    800       139  2.14e+05  3.24e+10  3.24e+10  3.39e+11
    900       957  4.49e+05  3.14e+10  3.14e+10  3.06e+11
  1e+03  5.32e+03  7.95e+05  2.93e+10  2.93e+10  2.73e+11
1.1e+03  1.86e+04  1.33e+06  2.75e+10  2.75e+10  2.42e+11
1.2e+03  5.28e+04  1.87e+06  2.46e+10  2.46e+10  2.15e+11
1.3e+03  1.37e+05  2.57e+06  2.25e+10  2.25e+10   1.9e+11
1.4e+03  2.49e+05  3.36e+06  2.04e+10  2.05e+10  1.69e+11
1.5e+03  5.16e+05  4.07e+06  1.85e+10  1.85e+10   1.5e+11
1.6e+03  7.03e+05  5.22e+06  1.71e+10  1.71e+10  1.34e+11
1.7e+03  1.17e+06  5.91e+06  1.57e+10  1.58e+10   1.2e+11
1.8e+03  1.58e+06  6.96e+06  1.42e+10  1.43e+10  1.08e+11
1.9e+03  2.17e+06  7.52e+06  1.28e+10  1.28e+10  9.73e+10
  2e+03     3e+06   8.3e+06  1.19e+10  1.19e+10  8.79e+10

Reactant = W2   Pressure = 1 atm

   T(K)        W1        P1        P2      Loss   Capture
    500      2.87  2.89e+04  4.63e+10  4.63e+10   3.7e+11
    600      42.8  8.84e+04  5.82e+10  5.82e+10  3.84e+11
    700       580  2.38e+05  6.13e+10  6.13e+10  3.68e+11
    800  5.48e+03  5.59e+05  6.13e+10  6.13e+10  3.39e+11
    900  2.72e+04  1.07e+06  5.79e+10  5.79e+10  3.06e+11
  1e+03  9.85e+04  1.75e+06  5.29e+10  5.29e+10  2.73e+11
1.1e+03  2.55e+05  2.71e+06  4.89e+10  4.89e+10  2.42e+11
1.2e+03   5.2e+05   3.6e+06  4.34e+10  4.34e+10  2.15e+11
1.3e+03     1e+06  4.66e+06  3.93e+10  3.93e+10   1.9e+11
1.4e+03  1.55e+06  5.83e+06  3.54e+10  3.54e+10  1.69e+11
1.5e+03  2.51e+06  6.73e+06  3.18e+10  3.18e+10   1.5e+11
1.6e+03  3.31e+06  8.38e+06  2.92e+10  2.92e+10  1.34e+11
1.7e+03  4.56e+06  9.31e+06  2.67e+10  2.67e+10   1.2e+11
1.8e+03  5.91e+06  1.06e+07   2.4e+10   2.4e+10  1.08e+11
1.9e+03  7.33e+06  1.12e+07  2.16e+10  2.16e+10  9.73e+10
  2e+03   9.3e+06  1.21e+07  1.98e+10  1.98e+10  8.79e+10

Reactant = W2   Pressure = 10 atm

   T(K)        W1        P1        P2      Loss   Capture
    500       222  8.63e+04  9.44e+10  9.44e+10   3.7e+11
    600  1.67e+03   2.5e+05  1.08e+11  1.08e+11  3.84e+11
    700  1.14e+04  6.07e+05  1.08e+11  1.08e+11  3.68e+11
    800  6.22e+04  1.27e+06  1.05e+11  1.05e+11  3.39e+11
    900   2.1e+05  2.22e+06  9.68e+10  9.68e+10  3.06e+11
  1e+03  5.49e+05  3.36e+06  8.72e+10  8.72e+10  2.73e+11
1.1e+03  1.16e+06  4.84e+06  7.93e+10  7.93e+10  2.42e+11
1.2e+03  1.99e+06  6.14e+06  6.99e+10  6.99e+10  2.15e+11
1.3e+03  3.33e+06  7.59e+06  6.27e+10  6.27e+10   1.9e+11
1.4e+03  4.77e+06  9.19e+06   5.6e+10  5.61e+10  1.69e+11
1.5e+03  6.93e+06  1.03e+07  5.01e+10  5.01e+10   1.5e+11
1.6e+03  8.89e+06  1.25e+07  4.56e+10  4.56e+10  1.34e+11
1.7e+03  1.14e+07  1.37e+07  4.14e+10  4.14e+10   1.2e+11
1.8e+03  1.43e+07  1.51e+07  3.71e+10  3.72e+10  1.08e+11
1.9e+03   1.7e+07  1.59e+07  3.33e+10  3.34e+10  9.73e+10
  2e+03  2.07e+07  1.68e+07  3.05e+10  3.05e+10  8.79e+10

Reactant = W2   Pressure = 100 atm

   T(K)        W1        P1        P2      Loss   Capture
    500  1.35e+04  2.43e+05  1.67e+11  1.67e+11   3.7e+11
    600  4.74e+04  6.15e+05  1.77e+11  1.77e+11  3.84e+11
    700  1.49e+05  1.31e+06  1.71e+11  1.71e+11  3.68e+11
    800  4.34e+05  2.43e+06  1.61e+11  1.61e+11  3.39e+11
    900  1.01e+06   3.9e+06  1.46e+11  1.46e+11  3.06e+11
  1e+03  2.02e+06  5.51e+06   1.3e+11   1.3e+11  2.73e+11
1.1e+03  3.61e+06   7.5e+06  1.16e+11  1.16e+11  2.42e+11
1.2e+03  5.51e+06  9.23e+06  1.02e+11  1.02e+11  2.15e+11
1.3e+03   8.3e+06   1.1e+07  9.09e+10  9.09e+10   1.9e+11
1.4e+03  1.12e+07   1.3e+07  8.08e+10  8.08e+10  1.69e+11
1.5e+03  1.51e+07  1.43e+07  7.19e+10  7.19e+10   1.5e+11
1.6e+03  1.89e+07   1.7e+07  6.49e+10  6.49e+10  1.34e+11
1.7e+03  2.32e+07  1.85e+07  5.86e+10  5.87e+10   1.2e+11
1.8e+03  2.82e+07  2.01e+07  5.25e+10  5.25e+10  1.08e+11
1.9e+03  3.28e+07  2.12e+07  4.71e+10  4.71e+10  9.73e+10
  2e+03  3.88e+07  2.23e+07  4.28e+10  4.29e+10  8.79e+10

Reactant = P1   Pressure = 0.1 atm

   T(K)        W1        W2        P2      Loss   Capture
    500  1.07e-11   1.9e-22  3.54e-20  1.11e-11  1.91e-10
    600  1.68e-11  2.89e-21  4.35e-19  1.72e-11  1.96e-10
    700  1.97e-11  2.93e-20     3e-18  2.02e-11  2.02e-10
    800  2.26e-11  2.07e-19   1.4e-17  2.31e-11  2.06e-10
    900  2.44e-11  9.81e-19  4.91e-17  2.49e-11   2.1e-10
  1e+03  2.61e-11  3.47e-18   1.4e-16  2.66e-11  2.14e-10
1.1e+03  2.77e-11  1.05e-17  3.42e-16  2.81e-11  2.17e-10
1.2e+03  2.84e-11  2.49e-17   7.4e-16  2.88e-11  2.21e-10
1.3e+03  2.99e-11  5.44e-17  1.45e-15  3.04e-11  2.23e-10
1.4e+03  3.05e-11  1.07e-16  2.62e-15  3.09e-11  2.26e-10
1.5e+03  3.19e-11  1.89e-16  4.45e-15  3.24e-11  2.29e-10
1.6e+03  3.25e-11  3.38e-16  7.13e-15  3.29e-11  2.31e-10
1.7e+03  3.39e-11  5.22e-16   1.1e-14  3.43e-11  2.34e-10
1.8e+03  3.44e-11  8.12e-16  1.62e-14  3.48e-11  2.36e-10
1.9e+03  3.49e-11  1.14e-15  2.31e-14  3.53e-11  2.38e-10
  2e+03  3.61e-11   1.6e-15   3.2e-14  3.66e-11   2.4e-10

Reactant = P1   Pressure = 1 atm

   T(K)        W1        W2        P2      Loss   Capture
    500  2.71e-11  6.38e-22  3.49e-20  2.76e-11  1.91e-10
    600  3.56e-11  9.64e-21  4.28e-19  3.61e-11  1.96e-10
    700  3.93e-11   8.9e-20  2.94e-18  3.98e-11  2.02e-10
    800  4.32e-11  5.62e-19  1.36e-17  4.37e-11  2.06e-10
    900  4.55e-11  2.44e-18  4.75e-17   4.6e-11   2.1e-10
  1e+03  4.77e-11  7.98e-18  1.35e-16  4.82e-11  2.14e-10
1.1e+03  4.99e-11  2.24e-17  3.28e-16  5.04e-11  2.17e-10
1.2e+03  5.07e-11     5e-17  7.07e-16  5.11e-11  2.21e-10
1.3e+03  5.27e-11  1.02e-16  1.38e-15  5.31e-11  2.23e-10
1.4e+03  5.34e-11  1.93e-16  2.49e-15  5.39e-11  2.26e-10
1.5e+03  5.53e-11  3.22e-16  4.21e-15  5.57e-11  2.29e-10
1.6e+03   5.6e-11  5.59e-16  6.72e-15  5.64e-11  2.31e-10
1.7e+03  5.77e-11  8.42e-16  1.03e-14  5.82e-11  2.34e-10
1.8e+03  5.84e-11  1.26e-15  1.51e-14  5.89e-11  2.36e-10
1.9e+03   5.9e-11  1.74e-15  2.16e-14  5.95e-11  2.38e-10
  2e+03  6.08e-11  2.38e-15  2.98e-14  6.13e-11   2.4e-10

Reactant = P1   Pressure = 10 atm

   T(K)        W1        W2        P2      Loss   Capture
    500  5.51e-11  1.91e-21  3.37e-20  5.51e-11  1.91e-10
    600  6.44e-11  2.74e-20  4.11e-19  6.44e-11  1.96e-10
    700   6.8e-11  2.29e-19   2.8e-18   6.8e-11  2.02e-10
    800  7.22e-11  1.29e-18  1.28e-17  7.22e-11  2.06e-10
    900  7.45e-11  5.11e-18  4.45e-17  7.45e-11   2.1e-10
  1e+03  7.69e-11  1.54e-17  1.26e-16  7.69e-11  2.14e-10
1.1e+03  7.92e-11  4.03e-17  3.02e-16  7.92e-11  2.17e-10
1.2e+03  7.99e-11  8.59e-17  6.51e-16  7.99e-11  2.21e-10
1.3e+03  8.22e-11  1.68e-16  1.26e-15  8.22e-11  2.23e-10
1.4e+03  8.29e-11  3.05e-16  2.27e-15  8.29e-11  2.26e-10
1.5e+03  8.51e-11  4.92e-16  3.82e-15  8.51e-11  2.29e-10
1.6e+03  8.58e-11  8.33e-16  6.05e-15  8.58e-11  2.31e-10
1.7e+03  8.78e-11  1.24e-15  9.28e-15  8.78e-11  2.34e-10
1.8e+03  8.87e-11  1.81e-15  1.35e-14  8.87e-11  2.36e-10
1.9e+03  8.94e-11  2.46e-15  1.93e-14  8.94e-11  2.38e-10
  2e+03  9.14e-11  3.31e-15  2.65e-14  9.15e-11   2.4e-10

Reactant = P1   Pressure = 100 atm

   T(K)        W1        W2        P2      Loss   Capture
    500  9.75e-11  5.39e-21  2.96e-20  9.75e-11  1.91e-10
    600  1.04e-10  6.75e-20  3.61e-19  1.04e-10  1.96e-10
    700  1.06e-10  4.94e-19  2.46e-18  1.06e-10  2.02e-10
    800  1.09e-10  2.47e-18  1.11e-17  1.09e-10  2.06e-10
    900   1.1e-10  8.97e-18  3.82e-17   1.1e-10   2.1e-10
  1e+03  1.12e-10  2.53e-17  1.07e-16  1.12e-10  2.14e-10
1.1e+03  1.14e-10  6.25e-17  2.55e-16  1.14e-10  2.17e-10
1.2e+03  1.15e-10  1.29e-16  5.46e-16  1.15e-10  2.21e-10
1.3e+03  1.17e-10  2.43e-16  1.05e-15  1.17e-10  2.23e-10
1.4e+03  1.18e-10  4.34e-16  1.87e-15  1.18e-10  2.26e-10
1.5e+03   1.2e-10  6.87e-16  3.12e-15   1.2e-10  2.29e-10
1.6e+03  1.21e-10  1.14e-15  4.91e-15  1.21e-10  2.31e-10
1.7e+03  1.23e-10  1.68e-15  7.48e-15  1.23e-10  2.34e-10
1.8e+03  1.24e-10  2.41e-15  1.08e-14  1.24e-10  2.36e-10
1.9e+03  1.25e-10  3.29e-15  1.53e-14  1.25e-10  2.38e-10
  2e+03  1.27e-10  4.39e-15  2.08e-14  1.27e-10   2.4e-10

Reactant = P2   Pressure = 0.1 atm

   T(K)        W1        W2        P1      Loss   Capture
    500  2.66e-22  9.44e-12  8.16e-16  9.78e-12  1.89e-10
    600  1.51e-21  1.35e-11  2.01e-15  1.39e-11  1.95e-10
    700  1.21e-20  1.61e-11  4.33e-15  1.65e-11     2e-10
    800  1.09e-19  1.86e-11   8.3e-15   1.9e-11  2.05e-10
    900  6.13e-19  2.03e-11  1.45e-14  2.08e-11  2.09e-10
  1e+03  2.67e-18  2.16e-11  2.38e-14   2.2e-11  2.12e-10
1.1e+03  8.79e-18  2.32e-11  3.66e-14  2.36e-11  2.16e-10
1.2e+03  2.18e-17  2.38e-11   5.4e-14  2.42e-11  2.19e-10
1.3e+03  5.27e-17  2.48e-11  7.64e-14  2.54e-11  2.22e-10
1.4e+03  9.79e-17  2.57e-11  1.05e-13  2.62e-11  2.25e-10
1.5e+03  1.97e-16  2.65e-11   1.4e-13   2.7e-11  2.27e-10
1.6e+03  2.99e-16  2.78e-11  1.82e-13  2.84e-11   2.3e-10
1.7e+03  4.45e-16  2.91e-11  2.34e-13  2.97e-11  2.32e-10
1.8e+03  7.56e-16  2.94e-11  2.93e-13  3.01e-11  2.34e-10
1.9e+03  1.11e-15  2.98e-11  3.63e-13  3.06e-11  2.36e-10
  2e+03  1.72e-15  3.07e-11  4.42e-13  3.16e-11  2.38e-10

Reactant = P2   Pressure = 1 atm

   T(K)        W1        W2        P1      Loss   Capture
    500   3.4e-21  2.35e-11  8.05e-16   2.4e-11  1.89e-10
    600  1.56e-20  2.93e-11  1.98e-15  2.98e-11  1.95e-10
    700  6.83e-20   3.3e-11  4.24e-15  3.35e-11     2e-10
    800  3.49e-19  3.66e-11  8.07e-15  3.71e-11  2.05e-10
    900  1.45e-18  3.91e-11  1.41e-14  3.95e-11  2.09e-10
  1e+03  5.29e-18  4.08e-11  2.29e-14  4.13e-11  2.12e-10
1.1e+03  1.56e-17  4.31e-11   3.5e-14  4.36e-11  2.16e-10
1.2e+03  3.77e-17  4.38e-11  5.16e-14  4.43e-11  2.19e-10
1.3e+03  9.21e-17  4.53e-11  7.28e-14  4.58e-11  2.22e-10
1.4e+03  1.71e-16  4.65e-11  9.96e-14  4.71e-11  2.25e-10
1.5e+03  3.68e-16  4.75e-11  1.33e-13  4.81e-11  2.27e-10
1.6e+03  5.34e-16  4.94e-11  1.72e-13     5e-11   2.3e-10
1.7e+03  8.79e-16  5.11e-11   2.2e-13  5.18e-11  2.32e-10
1.8e+03  1.42e-15  5.16e-11  2.74e-13  5.23e-11  2.34e-10
1.9e+03  2.16e-15   5.2e-11  3.39e-13  5.28e-11  2.36e-10
  2e+03  3.36e-15  5.34e-11  4.11e-13  5.42e-11  2.38e-10

Reactant = P2   Pressure = 10 atm

   T(K)        W1        W2        P1      Loss   Capture
    500  8.35e-20  4.82e-11  7.76e-16  4.82e-11  1.89e-10
    600  3.22e-19  5.48e-11   1.9e-15  5.48e-11  1.95e-10
    700  1.02e-18  5.88e-11  4.04e-15  5.88e-11     2e-10
    800   3.2e-18  6.31e-11  7.62e-15  6.31e-11  2.05e-10
    900  8.89e-18  6.59e-11  1.32e-14  6.59e-11  2.09e-10
  1e+03  2.46e-17  6.78e-11  2.13e-14  6.78e-11  2.12e-10
1.1e+03  5.92e-17  7.06e-11  3.24e-14  7.06e-11  2.16e-10
1.2e+03  1.27e-16  7.12e-11  4.75e-14  7.13e-11  2.19e-10
1.3e+03  2.75e-16   7.3e-11  6.66e-14  7.31e-11  2.22e-10
1.4e+03  4.72e-16  7.44e-11  9.07e-14  7.45e-11  2.25e-10
1.5e+03  9.23e-16  7.55e-11   1.2e-13  7.57e-11  2.27e-10
1.6e+03  1.29e-15  7.78e-11  1.55e-13   7.8e-11   2.3e-10
1.7e+03     2e-15  7.98e-11  1.98e-13     8e-11  2.32e-10
1.8e+03  3.08e-15  8.05e-11  2.45e-13  8.07e-11  2.34e-10
1.9e+03  4.49e-15  8.09e-11  3.03e-13  8.12e-11  2.36e-10
  2e+03  6.64e-15  8.26e-11  3.65e-13   8.3e-11  2.38e-10

Reactant = P2   Pressure = 100 atm

   T(K)        W1        W2        P1      Loss   Capture
    500   8.3e-18  8.51e-11  6.81e-16  8.51e-11  1.89e-10
    600  1.98e-17  8.99e-11  1.67e-15  8.99e-11  1.95e-10
    700  4.31e-17   9.3e-11  3.54e-15   9.3e-11     2e-10
    800  9.28e-17  9.68e-11   6.6e-15  9.68e-11  2.05e-10
    900  1.83e-16  9.93e-11  1.13e-14  9.94e-11  2.09e-10
  1e+03  3.54e-16  1.01e-10  1.81e-14  1.01e-10  2.12e-10
1.1e+03  6.31e-16  1.04e-10  2.72e-14  1.04e-10  2.16e-10
1.2e+03  1.06e-15  1.04e-10  3.98e-14  1.04e-10  2.19e-10
1.3e+03  1.79e-15  1.06e-10  5.53e-14  1.06e-10  2.22e-10
1.4e+03  2.68e-15  1.07e-10  7.48e-14  1.07e-10  2.25e-10
1.5e+03  4.29e-15  1.09e-10  9.84e-14  1.09e-10  2.27e-10
1.6e+03  5.72e-15  1.11e-10  1.25e-13  1.11e-10   2.3e-10
1.7e+03  8.03e-15  1.13e-10  1.59e-13  1.13e-10  2.32e-10
1.8e+03  1.13e-14  1.14e-10  1.95e-13  1.14e-10  2.34e-10
1.9e+03  1.53e-14  1.14e-10  2.41e-13  1.15e-10  2.36e-10
  2e+03  2.07e-14  1.16e-10  2.88e-13  1.17e-10  2.38e-10

______________________________________________________________________________________

Temperature-Pressure Rate Tables:

W1->W2

P\T           500       600       700       800       900     1e+03   1.1e+03   1.2e+03   1.3e+03   1.4e+03   1.5e+03   1.6e+03   1.7e+03   1.8e+03   1.9e+03     2e+03
0.1      1.85e-06  0.000126   0.00634     0.184      2.35        21       113       450  1.57e+03  3.73e+03  9.58e+03  1.61e+04  3.17e+04  5.04e+04  7.92e+04  1.24e+05
1        9.68e-05    0.0057     0.232      5.24      51.8       326  1.34e+03  3.98e+03  1.06e+04  2.17e+04  4.43e+04  7.21e+04  1.19e+05  1.81e+05   2.6e+05  3.74e+05
10        0.00551     0.203      4.42      58.2       393   1.8e+03  6.01e+03  1.52e+04   3.5e+04  6.61e+04  1.22e+05  1.93e+05  2.96e+05  4.37e+05  6.01e+05  8.33e+05
100         0.326      5.69      57.2       406  1.89e+03  6.63e+03  1.87e+04  4.19e+04  8.72e+04  1.55e+05  2.67e+05   4.1e+05  6.03e+05  8.64e+05  1.16e+06  1.56e+06
O-O          38.8       480   3.1e+03  1.31e+04  4.09e+04  1.03e+05  2.21e+05  4.21e+05  7.26e+05  1.16e+06  1.74e+06  2.49e+06  3.41e+06   4.5e+06  5.77e+06  7.22e+06

W1->P1

P\T           500       600       700       800       900     1e+03   1.1e+03   1.2e+03   1.3e+03   1.4e+03   1.5e+03   1.6e+03   1.7e+03   1.8e+03   1.9e+03     2e+03
0.1      1.18e+10  1.87e+10  2.07e+10  2.15e+10  2.06e+10  1.93e+10  1.79e+10   1.6e+10  1.48e+10  1.32e+10  1.21e+10  1.09e+10     1e+10  9.06e+09   8.2e+09  7.61e+09
1        2.95e+10   3.9e+10  4.03e+10     4e+10  3.72e+10  3.42e+10  3.13e+10  2.77e+10  2.52e+10  2.24e+10  2.04e+10  1.82e+10  1.66e+10   1.5e+10  1.35e+10  1.25e+10
10       5.98e+10  7.03e+10  6.94e+10  6.64e+10  6.06e+10  5.48e+10  4.93e+10  4.35e+10  3.91e+10  3.46e+10  3.12e+10  2.78e+10  2.52e+10  2.27e+10  2.04e+10  1.87e+10
100      1.06e+11  1.13e+11  1.08e+11     1e+11  8.97e+10     8e+10  7.12e+10  6.24e+10  5.56e+10  4.91e+10   4.4e+10  3.91e+10  3.53e+10  3.16e+10  2.84e+10  2.59e+10
O-O      2.07e+11  2.14e+11  2.06e+11  1.89e+11  1.71e+11  1.52e+11  1.35e+11   1.2e+11  1.06e+11  9.43e+10   8.4e+10  7.49e+10  6.71e+10  6.02e+10  5.42e+10   4.9e+10

W1->P2

P\T           500       600       700       800       900     1e+03   1.1e+03   1.2e+03   1.3e+03   1.4e+03   1.5e+03   1.6e+03   1.7e+03   1.8e+03   1.9e+03     2e+03
0.1      3.73e-06   7.6e-05  0.000837   0.00677    0.0366     0.204     0.949      5.72        34      99.4       424       676   1.8e+03  3.23e+03   6.2e+03  1.16e+04
1        8.68e-05   0.00197    0.0208     0.158      1.02      7.49      37.2       148       524  1.21e+03  3.29e+03  5.19e+03  9.93e+03  1.68e+04  2.72e+04  4.41e+04
10        0.00348    0.0672     0.637      4.33      21.4      93.4       315       886  2.35e+03   4.7e+03  1.04e+04  1.58e+04  2.64e+04  4.24e+04  6.39e+04  9.65e+04
100         0.389      4.63      30.3       142       498  1.48e+03  3.64e+03  7.87e+03   1.6e+04  2.78e+04  4.98e+04  7.22e+04  1.08e+05  1.58e+05  2.21e+05  3.05e+05
O-O           ***       ***       ***       ***       ***       ***       ***       ***       ***       ***       ***       ***       ***       ***       ***       ***

W2->W1

P\T           500       600       700       800       900     1e+03   1.1e+03   1.2e+03   1.3e+03   1.4e+03   1.5e+03   1.6e+03   1.7e+03   1.8e+03   1.9e+03     2e+03
0.1       -0.0692     0.275      9.64       139       957  5.32e+03  1.86e+04  5.28e+04  1.37e+05  2.49e+05  5.16e+05  7.03e+05  1.17e+06  1.58e+06  2.17e+06     3e+06
1            2.87      42.8       580  5.48e+03  2.72e+04  9.85e+04  2.55e+05   5.2e+05     1e+06  1.55e+06  2.51e+06  3.31e+06  4.56e+06  5.91e+06  7.33e+06   9.3e+06
10            222  1.67e+03  1.14e+04  6.22e+04   2.1e+05  5.49e+05  1.16e+06  1.99e+06  3.33e+06  4.77e+06  6.93e+06  8.89e+06  1.14e+07  1.43e+07   1.7e+07  2.07e+07
100      1.35e+04  4.74e+04  1.49e+05  4.34e+05  1.01e+06  2.02e+06  3.61e+06  5.51e+06   8.3e+06  1.12e+07  1.51e+07  1.89e+07  2.32e+07  2.82e+07  3.28e+07  3.88e+07
O-O      1.61e+06  4.01e+06  8.07e+06   1.4e+07  2.19e+07  3.15e+07  4.27e+07  5.54e+07  6.91e+07  8.38e+07  9.91e+07  1.15e+08  1.31e+08  1.47e+08  1.64e+08   1.8e+08

W2->P1

P\T           500       600       700       800       900     1e+03   1.1e+03   1.2e+03   1.3e+03   1.4e+03   1.5e+03   1.6e+03   1.7e+03   1.8e+03   1.9e+03     2e+03
0.1      8.78e+03  2.72e+04  8.12e+04  2.14e+05  4.49e+05  7.95e+05  1.33e+06  1.87e+06  2.57e+06  3.36e+06  4.07e+06  5.22e+06  5.91e+06  6.96e+06  7.52e+06   8.3e+06
1        2.89e+04  8.84e+04  2.38e+05  5.59e+05  1.07e+06  1.75e+06  2.71e+06   3.6e+06  4.66e+06  5.83e+06  6.73e+06  8.38e+06  9.31e+06  1.06e+07  1.12e+07  1.21e+07
10       8.63e+04   2.5e+05  6.07e+05  1.27e+06  2.22e+06  3.36e+06  4.84e+06  6.14e+06  7.59e+06  9.19e+06  1.03e+07  1.25e+07  1.37e+07  1.51e+07  1.59e+07  1.68e+07
100      2.43e+05  6.15e+05  1.31e+06  2.43e+06   3.9e+06  5.51e+06   7.5e+06  9.23e+06   1.1e+07   1.3e+07  1.43e+07   1.7e+07  1.85e+07  2.01e+07  2.12e+07  2.23e+07
O-O           ***       ***       ***       ***       ***       ***       ***       ***       ***       ***       ***       ***       ***       ***       ***       ***

W2->P2

P\T           500       600       700       800       900     1e+03   1.1e+03   1.2e+03   1.3e+03   1.4e+03   1.5e+03   1.6e+03   1.7e+03   1.8e+03   1.9e+03     2e+03
0.1      1.89e+10  2.75e+10   3.1e+10  3.24e+10  3.14e+10  2.93e+10  2.75e+10  2.46e+10  2.25e+10  2.04e+10  1.85e+10  1.71e+10  1.57e+10  1.42e+10  1.28e+10  1.19e+10
1        4.63e+10  5.82e+10  6.13e+10  6.13e+10  5.79e+10  5.29e+10  4.89e+10  4.34e+10  3.93e+10  3.54e+10  3.18e+10  2.92e+10  2.67e+10   2.4e+10  2.16e+10  1.98e+10
10       9.44e+10  1.08e+11  1.08e+11  1.05e+11  9.68e+10  8.72e+10  7.93e+10  6.99e+10  6.27e+10   5.6e+10  5.01e+10  4.56e+10  4.14e+10  3.71e+10  3.33e+10  3.05e+10
100      1.67e+11  1.77e+11  1.71e+11  1.61e+11  1.46e+11   1.3e+11  1.16e+11  1.02e+11  9.09e+10  8.08e+10  7.19e+10  6.49e+10  5.86e+10  5.25e+10  4.71e+10  4.28e+10
O-O       3.7e+11  3.84e+11  3.68e+11  3.39e+11  3.06e+11  2.73e+11  2.42e+11  2.14e+11   1.9e+11  1.69e+11   1.5e+11  1.34e+11   1.2e+11  1.08e+11  9.71e+10  8.77e+10

P1->W1

P\T           500       600       700       800       900     1e+03   1.1e+03   1.2e+03   1.3e+03   1.4e+03   1.5e+03   1.6e+03   1.7e+03   1.8e+03   1.9e+03     2e+03
0.1      1.07e-11  1.68e-11  1.97e-11  2.26e-11  2.44e-11  2.61e-11  2.77e-11  2.84e-11  2.99e-11  3.05e-11  3.19e-11  3.25e-11  3.39e-11  3.44e-11  3.49e-11  3.61e-11
1        2.71e-11  3.56e-11  3.93e-11  4.32e-11  4.55e-11  4.77e-11  4.99e-11  5.07e-11  5.27e-11  5.34e-11  5.53e-11   5.6e-11  5.77e-11  5.84e-11   5.9e-11  6.08e-11
10       5.51e-11  6.44e-11   6.8e-11  7.22e-11  7.45e-11  7.69e-11  7.92e-11  7.99e-11  8.22e-11  8.29e-11  8.51e-11  8.58e-11  8.78e-11  8.87e-11  8.94e-11  9.14e-11
100      9.75e-11  1.04e-10  1.06e-10  1.09e-10   1.1e-10  1.12e-10  1.14e-10  1.15e-10  1.17e-10  1.18e-10   1.2e-10  1.21e-10  1.23e-10  1.24e-10  1.25e-10  1.27e-10
O-O      1.91e-10  1.96e-10  2.02e-10  2.06e-10   2.1e-10  2.14e-10  2.17e-10  2.21e-10  2.23e-10  2.26e-10  2.29e-10  2.31e-10  2.34e-10  2.36e-10  2.38e-10   2.4e-10

P1->W2

P\T           500       600       700       800       900     1e+03   1.1e+03   1.2e+03   1.3e+03   1.4e+03   1.5e+03   1.6e+03   1.7e+03   1.8e+03   1.9e+03     2e+03
0.1       1.9e-22  2.89e-21  2.93e-20  2.07e-19  9.81e-19  3.47e-18  1.05e-17  2.49e-17  5.44e-17  1.07e-16  1.89e-16  3.38e-16  5.22e-16  8.12e-16  1.14e-15   1.6e-15
1        6.38e-22  9.64e-21   8.9e-20  5.62e-19  2.44e-18  7.98e-18  2.24e-17     5e-17  1.02e-16  1.93e-16  3.22e-16  5.59e-16  8.42e-16  1.26e-15  1.74e-15  2.38e-15
10       1.91e-21  2.74e-20  2.29e-19  1.29e-18  5.11e-18  1.54e-17  4.03e-17  8.59e-17  1.68e-16  3.05e-16  4.92e-16  8.33e-16  1.24e-15  1.81e-15  2.46e-15  3.31e-15
100      5.39e-21  6.75e-20  4.94e-19  2.47e-18  8.97e-18  2.53e-17  6.25e-17  1.29e-16  2.43e-16  4.34e-16  6.87e-16  1.14e-15  1.68e-15  2.41e-15  3.29e-15  4.39e-15
O-O           ***       ***       ***       ***       ***       ***       ***       ***       ***       ***       ***       ***       ***       ***       ***       ***

P1->P2

P\T           500       600       700       800       900     1e+03   1.1e+03   1.2e+03   1.3e+03   1.4e+03   1.5e+03   1.6e+03   1.7e+03   1.8e+03   1.9e+03     2e+03
0.1      3.54e-20  4.35e-19     3e-18   1.4e-17  4.91e-17   1.4e-16  3.42e-16   7.4e-16  1.45e-15  2.62e-15  4.45e-15  7.13e-15   1.1e-14  1.62e-14  2.31e-14   3.2e-14
1        3.49e-20  4.28e-19  2.94e-18  1.36e-17  4.75e-17  1.35e-16  3.28e-16  7.07e-16  1.38e-15  2.49e-15  4.21e-15  6.72e-15  1.03e-14  1.51e-14  2.16e-14  2.98e-14
10       3.37e-20  4.11e-19   2.8e-18  1.28e-17  4.45e-17  1.26e-16  3.02e-16  6.51e-16  1.26e-15  2.27e-15  3.82e-15  6.05e-15  9.28e-15  1.35e-14  1.93e-14  2.65e-14
100      2.96e-20  3.61e-19  2.46e-18  1.11e-17  3.82e-17  1.07e-16  2.55e-16  5.46e-16  1.05e-15  1.87e-15  3.12e-15  4.91e-15  7.48e-15  1.08e-14  1.53e-14  2.08e-14
O-O           ***       ***       ***       ***       ***       ***       ***       ***       ***       ***       ***       ***       ***       ***       ***       ***

P2->W1

P\T           500       600       700       800       900     1e+03   1.1e+03   1.2e+03   1.3e+03   1.4e+03   1.5e+03   1.6e+03   1.7e+03   1.8e+03   1.9e+03     2e+03
0.1      2.66e-22  1.51e-21  1.21e-20  1.09e-19  6.13e-19  2.67e-18  8.79e-18  2.18e-17  5.27e-17  9.79e-17  1.97e-16  2.99e-16  4.45e-16  7.56e-16  1.11e-15  1.72e-15
1         3.4e-21  1.56e-20  6.83e-20  3.49e-19  1.45e-18  5.29e-18  1.56e-17  3.77e-17  9.21e-17  1.71e-16  3.68e-16  5.34e-16  8.79e-16  1.42e-15  2.16e-15  3.36e-15
10       8.35e-20  3.22e-19  1.02e-18   3.2e-18  8.89e-18  2.46e-17  5.92e-17  1.27e-16  2.75e-16  4.72e-16  9.23e-16  1.29e-15     2e-15  3.08e-15  4.49e-15  6.64e-15
100       8.3e-18  1.98e-17  4.31e-17  9.28e-17  1.83e-16  3.54e-16  6.31e-16  1.06e-15  1.79e-15  2.68e-15  4.29e-15  5.72e-15  8.03e-15  1.13e-14  1.53e-14  2.07e-14
O-O           ***       ***       ***       ***       ***       ***       ***       ***       ***       ***       ***       ***       ***       ***       ***       ***

P2->W2

P\T           500       600       700       800       900     1e+03   1.1e+03   1.2e+03   1.3e+03   1.4e+03   1.5e+03   1.6e+03   1.7e+03   1.8e+03   1.9e+03     2e+03
0.1      9.44e-12  1.35e-11  1.61e-11  1.86e-11  2.03e-11  2.16e-11  2.32e-11  2.38e-11  2.48e-11  2.57e-11  2.65e-11  2.78e-11  2.91e-11  2.94e-11  2.98e-11  3.07e-11
1        2.35e-11  2.93e-11   3.3e-11  3.66e-11  3.91e-11  4.08e-11  4.31e-11  4.38e-11  4.53e-11  4.65e-11  4.75e-11  4.94e-11  5.11e-11  5.16e-11   5.2e-11  5.34e-11
10       4.82e-11  5.48e-11  5.88e-11  6.31e-11  6.59e-11  6.78e-11  7.06e-11  7.12e-11   7.3e-11  7.44e-11  7.55e-11  7.78e-11  7.98e-11  8.05e-11  8.09e-11  8.26e-11
100      8.51e-11  8.99e-11   9.3e-11  9.68e-11  9.93e-11  1.01e-10  1.04e-10  1.04e-10  1.06e-10  1.07e-10  1.09e-10  1.11e-10  1.13e-10  1.14e-10  1.14e-10  1.16e-10
O-O      1.89e-10  1.95e-10     2e-10  2.05e-10  2.09e-10  2.12e-10  2.16e-10  2.19e-10  2.22e-10  2.25e-10  2.27e-10   2.3e-10  2.32e-10  2.34e-10  2.36e-10  2.38e-10

P2->P1

P\T           500       600       700       800       900     1e+03   1.1e+03   1.2e+03   1.3e+03   1.4e+03   1.5e+03   1.6e+03   1.7e+03   1.8e+03   1.9e+03     2e+03
0.1      8.16e-16  2.01e-15  4.33e-15   8.3e-15  1.45e-14  2.38e-14  3.66e-14   5.4e-14  7.64e-14  1.05e-13   1.4e-13  1.82e-13  2.34e-13  2.93e-13  3.63e-13  4.42e-13
1        8.05e-16  1.98e-15  4.24e-15  8.07e-15  1.41e-14  2.29e-14   3.5e-14  5.16e-14  7.28e-14  9.96e-14  1.33e-13  1.72e-13   2.2e-13  2.74e-13  3.39e-13  4.11e-13
10       7.76e-16   1.9e-15  4.04e-15  7.62e-15  1.32e-14  2.13e-14  3.24e-14  4.75e-14  6.66e-14  9.07e-14   1.2e-13  1.55e-13  1.98e-13  2.45e-13  3.03e-13  3.65e-13
100      6.81e-16  1.67e-15  3.54e-15   6.6e-15  1.13e-14  1.81e-14  2.72e-14  3.98e-14  5.53e-14  7.48e-14  9.84e-14  1.25e-13  1.59e-13  1.95e-13  2.41e-13  2.88e-13
O-O           ***       ***       ***       ***       ***       ***       ***       ***       ***       ***       ***       ***       ***       ***       ***       ***

W1-> 

P\T           500       600       700       800       900     1e+03   1.1e+03   1.2e+03   1.3e+03   1.4e+03   1.5e+03   1.6e+03   1.7e+03   1.8e+03   1.9e+03     2e+03
0.1      1.18e+10  1.87e+10  2.07e+10  2.15e+10  2.06e+10  1.93e+10  1.79e+10   1.6e+10  1.48e+10  1.32e+10  1.21e+10  1.09e+10     1e+10  9.06e+09   8.2e+09  7.61e+09
1        2.95e+10   3.9e+10  4.03e+10     4e+10  3.72e+10  3.42e+10  3.13e+10  2.77e+10  2.52e+10  2.24e+10  2.04e+10  1.82e+10  1.66e+10   1.5e+10  1.35e+10  1.25e+10
10       5.98e+10  7.03e+10  6.94e+10  6.64e+10  6.06e+10  5.48e+10  4.93e+10  4.35e+10  3.91e+10  3.46e+10  3.12e+10  2.78e+10  2.52e+10  2.27e+10  2.04e+10  1.87e+10
100      1.06e+11  1.13e+11  1.08e+11     1e+11  8.97e+10     8e+10  7.12e+10  6.24e+10  5.56e+10  4.91e+10   4.4e+10  3.91e+10  3.53e+10  3.16e+10  2.84e+10  2.59e+10
O-O      2.07e+11  2.14e+11  2.06e+11  1.89e+11  1.71e+11  1.52e+11  1.35e+11   1.2e+11  1.06e+11  9.43e+10   8.4e+10  7.49e+10  6.71e+10  6.02e+10  5.42e+10   4.9e+10

W2-> 

P\T           500       600       700       800       900     1e+03   1.1e+03   1.2e+03   1.3e+03   1.4e+03   1.5e+03   1.6e+03   1.7e+03   1.8e+03   1.9e+03     2e+03
0.1      1.89e+10  2.75e+10   3.1e+10  3.24e+10  3.14e+10  2.93e+10  2.75e+10  2.46e+10  2.25e+10  2.05e+10  1.85e+10  1.71e+10  1.58e+10  1.43e+10  1.28e+10  1.19e+10
1        4.63e+10  5.82e+10  6.13e+10  6.13e+10  5.79e+10  5.29e+10  4.89e+10  4.34e+10  3.93e+10  3.54e+10  3.18e+10  2.92e+10  2.67e+10   2.4e+10  2.16e+10  1.98e+10
10       9.44e+10  1.08e+11  1.08e+11  1.05e+11  9.68e+10  8.72e+10  7.93e+10  6.99e+10  6.27e+10  5.61e+10  5.01e+10  4.56e+10  4.14e+10  3.72e+10  3.34e+10  3.05e+10
100      1.67e+11  1.77e+11  1.71e+11  1.61e+11  1.46e+11   1.3e+11  1.16e+11  1.02e+11  9.09e+10  8.08e+10  7.19e+10  6.49e+10  5.87e+10  5.25e+10  4.71e+10  4.29e+10
O-O       3.7e+11  3.84e+11  3.68e+11  3.39e+11  3.06e+11  2.73e+11  2.42e+11  2.15e+11   1.9e+11  1.69e+11   1.5e+11  1.34e+11   1.2e+11  1.08e+11  9.73e+10  8.79e+10

P1-> 

P\T           500       600       700       800       900     1e+03   1.1e+03   1.2e+03   1.3e+03   1.4e+03   1.5e+03   1.6e+03   1.7e+03   1.8e+03   1.9e+03     2e+03
0.1      1.11e-11  1.72e-11  2.02e-11  2.31e-11  2.49e-11  2.66e-11  2.81e-11  2.88e-11  3.04e-11  3.09e-11  3.24e-11  3.29e-11  3.43e-11  3.48e-11  3.53e-11  3.66e-11
1        2.76e-11  3.61e-11  3.98e-11  4.37e-11   4.6e-11  4.82e-11  5.04e-11  5.11e-11  5.31e-11  5.39e-11  5.57e-11  5.64e-11  5.82e-11  5.89e-11  5.95e-11  6.13e-11
10       5.51e-11  6.44e-11   6.8e-11  7.22e-11  7.45e-11  7.69e-11  7.92e-11  7.99e-11  8.22e-11  8.29e-11  8.51e-11  8.58e-11  8.78e-11  8.87e-11  8.94e-11  9.15e-11
100      9.75e-11  1.04e-10  1.06e-10  1.09e-10   1.1e-10  1.12e-10  1.14e-10  1.15e-10  1.17e-10  1.18e-10   1.2e-10  1.21e-10  1.23e-10  1.24e-10  1.25e-10  1.27e-10
O-O      1.91e-10  1.96e-10  2.02e-10  2.06e-10   2.1e-10  2.14e-10  2.17e-10  2.21e-10  2.23e-10  2.26e-10  2.29e-10  2.31e-10  2.34e-10  2.36e-10  2.38e-10   2.4e-10

P2-> 

P\T           500       600       700       800       900     1e+03   1.1e+03   1.2e+03   1.3e+03   1.4e+03   1.5e+03   1.6e+03   1.7e+03   1.8e+03   1.9e+03     2e+03
0.1      9.78e-12  1.39e-11  1.65e-11   1.9e-11  2.08e-11   2.2e-11  2.36e-11  2.42e-11  2.54e-11  2.62e-11   2.7e-11  2.84e-11  2.97e-11  3.01e-11  3.06e-11  3.16e-11
1         2.4e-11  2.98e-11  3.35e-11  3.71e-11  3.95e-11  4.13e-11  4.36e-11  4.43e-11  4.58e-11  4.71e-11  4.81e-11     5e-11  5.18e-11  5.23e-11  5.28e-11  5.42e-11
10       4.82e-11  5.48e-11  5.88e-11  6.31e-11  6.59e-11  6.78e-11  7.06e-11  7.13e-11  7.31e-11  7.45e-11  7.57e-11   7.8e-11     8e-11  8.07e-11  8.12e-11   8.3e-11
100      8.51e-11  8.99e-11   9.3e-11  9.68e-11  9.94e-11  1.01e-10  1.04e-10  1.04e-10  1.06e-10  1.07e-10  1.09e-10  1.11e-10  1.13e-10  1.14e-10  1.15e-10  1.17e-10
O-O      1.89e-10  1.95e-10     2e-10  2.05e-10  2.09e-10  2.12e-10  2.16e-10  2.19e-10  2.22e-10  2.25e-10  2.27e-10   2.3e-10  2.32e-10  2.34e-10  2.36e-10  2.38e-10

