Wells (G - ground energy, D - dissociation limit, kcal/mol):
                            W         G         D
                C5O2nexammeee         0      1.41
      FakeW-C5H6O(645)e+OH(4)     -27.1     -24.1

Bimolecular Products (G - ground energy, kcal/mol):
                      P         G
      C5H6O(645)e+OH(4)     -24.1

Well-to-Bimolecular Barriers (H/G - barrier height/well depth, kcal/mol)
                            B         H                       W         G                 P
      FakeB-C5H6O(645)e+OH(4)     -24.1 FakeW-C5H6O(645)e+OH(4)     -27.1 C5H6O(645)e+OH(4)

Well-to-Well Barriers (H/G - barrier height/well depth, kcal/mol):
            B         H                      W1        G1                      W2        G2
      ts_3_43      1.41           C5O2nexammeee         0 FakeW-C5H6O(645)e+OH(4)     -27.1

Bound Groups: dissociation barrier (name/ground energy, kcal/mol): wells (name/ground energy, kcal/mol):
     C1/-24.1:  FakeW-C5H6O(645)e+OH(4)/-27.1

     B1/1.41:  C5O2nexammeee/0

________________________________________________________________________________________

Names Translation Tables (<short name> - <original name>):
Wells:
   W1 - C5O2nexammeee
   W2 - FakeW-C5H6O(645)e+OH(4)
Bimolecular products:
   P1 - C5H6O(645)e+OH(4)
Inner Barriers:
   B1 - ts_3_43
Outer Barriers:
   C1 - FakeB-C5H6O(645)e+OH(4)
Unimolecular Rate Units: 1/sec;  Bimolecular Rate Units: cm^3/sec

______________________________________________________________________________________

Species-Species Rate Tables:

Temperature = 500 K

High Pressure Rate Coefficients:

From\To         W1        W2        P1
W1             ***  2.11e+12       ***
W2        3.07e-05       ***  1.02e+10
P1             ***  2.41e-10       ***

Temperature = 500 K    Pressure = 0.1 atm

From\To         W1        W2        P1
W1         3.4e+10 -4.55e+07   3.4e+10
W2        7.69e-13  1.66e+09  1.66e+09
P1        1.12e-26  3.91e-11  3.91e-11

Temperature = 500 K    Pressure = 1 atm

From\To         W1        W2        P1
W1        9.93e+10 -3.88e+08  9.97e+10
W2        1.76e-10  3.27e+09  3.27e+09
P1        3.39e-26  7.72e-11  7.72e-11

Temperature = 500 K    Pressure = 10 atm

From\To         W1        W2        P1
W1        2.46e+11  8.24e+09  2.38e+11
W2        1.51e-07  6.08e+09  6.08e+09
P1        8.17e-26  1.43e-10  1.43e-10

Temperature = 500 K    Pressure = 100 atm

From\To         W1        W2        P1
W1        5.15e+11  3.11e+11  2.05e+11
W2        4.54e-06  9.17e+09  9.17e+09
P1        7.03e-26  2.16e-10  2.16e-10

Temperature = 600 K

High Pressure Rate Coefficients:

From\To         W1        W2        P1
W1             ***  2.68e+12       ***
W2         0.00215       ***  1.14e+10
P1             ***  2.48e-10       ***

Temperature = 600 K    Pressure = 0.1 atm

From\To         W1        W2        P1
W1        2.53e+10 -2.42e+07  2.53e+10
W2        1.97e-10  2.12e+09  2.12e+09
P1        4.24e-25   4.6e-11   4.6e-11

Temperature = 600 K    Pressure = 1 atm

From\To         W1        W2        P1
W1        7.57e+10 -1.97e+08  7.59e+10
W2        2.68e-08  3.91e+09  3.91e+09
P1        1.31e-24  8.49e-11  8.49e-11

Temperature = 600 K    Pressure = 10 atm

From\To         W1        W2        P1
W1        1.96e+11  8.92e+09  1.87e+11
W2        8.22e-06  6.72e+09  6.72e+09
P1        3.24e-24  1.46e-10  1.46e-10

Temperature = 600 K    Pressure = 100 atm

From\To         W1        W2        P1
W1        4.34e+11  2.57e+11  1.76e+11
W2        0.000207  1.01e+10  1.01e+10
P1        3.06e-24  2.19e-10  2.19e-10

Temperature = 700 K

High Pressure Rate Coefficients:

From\To         W1        W2        P1
W1             ***  3.19e+12       ***
W2          0.0432       ***  1.17e+10
P1             ***  2.54e-10       ***

Temperature = 700 K    Pressure = 0.1 atm

From\To         W1        W2        P1
W1        1.85e+10 -1.33e+07  1.85e+10
W2        7.04e-09  2.33e+09  2.33e+09
P1        5.26e-24  5.05e-11  5.05e-11

Temperature = 700 K    Pressure = 1 atm

From\To         W1        W2        P1
W1        5.64e+10 -5.38e+07  5.64e+10
W2        1.13e-06  4.14e+09  4.14e+09
P1        1.64e-23  8.99e-11  8.99e-11

Temperature = 700 K    Pressure = 10 atm

From\To         W1        W2        P1
W1         1.5e+11  1.02e+10   1.4e+11
W2        0.000149  6.81e+09  6.81e+09
P1        4.11e-23  1.48e-10  1.48e-10

Temperature = 700 K    Pressure = 100 atm

From\To         W1        W2        P1
W1        3.49e+11   2.1e+11  1.38e+11
W2         0.00285  1.02e+10  1.02e+10
P1        4.06e-23  2.21e-10  2.21e-10

Temperature = 800 K

High Pressure Rate Coefficients:

From\To         W1        W2        P1
W1             ***  3.66e+12       ***
W2           0.403       ***  1.14e+10
P1             ***   2.6e-10       ***

Temperature = 800 K    Pressure = 0.1 atm

From\To         W1        W2        P1
W1        1.44e+10 -8.28e+06  1.44e+10
W2        9.82e-08  2.42e+09  2.42e+09
P1        3.48e-23  5.49e-11  5.49e-11

Temperature = 800 K    Pressure = 1 atm

From\To         W1        W2        P1
W1         4.4e+10  1.16e+08  4.39e+10
W2         2.3e-05  4.18e+09  4.18e+09
P1        1.09e-22  9.49e-11  9.49e-11

Temperature = 800 K    Pressure = 10 atm

From\To         W1        W2        P1
W1         1.2e+11  1.28e+10  1.07e+11
W2         0.00147  6.66e+09  6.66e+09
P1        2.66e-22  1.51e-10  1.51e-10

Temperature = 800 K    Pressure = 100 atm

From\To         W1        W2        P1
W1        2.86e+11   1.8e+11  1.06e+11
W2          0.0199  9.84e+09  9.84e+09
P1        2.64e-22  2.24e-10  2.24e-10

Temperature = 900 K

High Pressure Rate Coefficients:

From\To         W1        W2        P1
W1             ***  4.09e+12       ***
W2            2.27       ***  1.09e+10
P1             ***  2.65e-10       ***

Temperature = 900 K    Pressure = 0.1 atm

From\To         W1        W2        P1
W1        1.25e+10  2.26e+06  1.25e+10
W2         5.7e-06  2.42e+09  2.42e+09
P1        1.63e-22  5.88e-11  5.88e-11

Temperature = 900 K    Pressure = 1 atm

From\To         W1        W2        P1
W1         3.8e+10  4.88e+08  3.75e+10
W2        0.000314  4.08e+09  4.08e+09
P1        5.01e-22  9.95e-11  9.95e-11

Temperature = 900 K    Pressure = 10 atm

From\To         W1        W2        P1
W1        1.03e+11  1.75e+10   8.6e+10
W2         0.00993  6.35e+09  6.35e+09
P1        1.16e-21  1.55e-10  1.55e-10

Temperature = 900 K    Pressure = 100 atm

From\To         W1        W2        P1
W1         2.5e+11  1.67e+11  8.28e+10
W2           0.093  9.28e+09  9.28e+09
P1        1.12e-21  2.26e-10  2.26e-10

Temperature = 1e+03 K

High Pressure Rate Coefficients:

From\To         W1        W2        P1
W1             ***  4.48e+12       ***
W2            8.98       ***  1.02e+10
P1             ***   2.7e-10       ***

Temperature = 1e+03 K    Pressure = 0.1 atm

From\To         W1        W2        P1
W1        9.89e+09  7.33e+07  9.82e+09
W2        0.000169   2.3e+09   2.3e+09
P1        5.03e-22  6.08e-11  6.08e-11

Temperature = 1e+03 K    Pressure = 1 atm

From\To         W1        W2        P1
W1        3.02e+10  1.69e+09  2.85e+10
W2         0.00351  3.84e+09  3.84e+09
P1         1.5e-21  1.02e-10  1.02e-10

Temperature = 1e+03 K    Pressure = 10 atm

From\To         W1        W2        P1
W1        8.34e+10  2.26e+10  6.08e+10
W2          0.0458   5.9e+09   5.9e+09
P1        3.22e-21  1.56e-10  1.56e-10

Temperature = 1e+03 K    Pressure = 100 atm

From\To         W1        W2        P1
W1        2.06e+11  1.48e+11  5.83e+10
W2           0.296  8.59e+09  8.59e+09
P1        3.09e-21  2.28e-10  2.28e-10

Temperature = 1.1e+03 K

High Pressure Rate Coefficients:

From\To         W1        W2        P1
W1             ***  4.85e+12       ***
W2            27.6       ***  9.44e+09
P1             ***  2.74e-10       ***

Temperature = 1.1e+03 K    Pressure = 0.1 atm

From\To         W1        W2        P1
W1        8.18e+09  5.68e+08  7.61e+09
W2         0.00339  2.24e+09  2.24e+09
P1        1.22e-21  6.48e-11  6.48e-11

Temperature = 1.1e+03 K    Pressure = 1 atm

From\To         W1        W2        P1
W1         2.5e+10  5.39e+09  1.96e+10
W2           0.031  3.67e+09  3.67e+09
P1        3.21e-21  1.06e-10  1.06e-10

Temperature = 1.1e+03 K    Pressure = 10 atm

From\To         W1        W2        P1
W1        6.97e+10  3.17e+10   3.8e+10
W2           0.181  5.53e+09  5.53e+09
P1        6.27e-21  1.61e-10  1.61e-10

Temperature = 1.1e+03 K    Pressure = 100 atm

From\To         W1        W2        P1
W1        1.75e+11  1.37e+11  3.74e+10
W2           0.783  7.94e+09  7.94e+09
P1        6.18e-21  2.31e-10  2.31e-10

Temperature = 1.2e+03 K

High Pressure Rate Coefficients:

From\To         W1        W2        P1
W1             ***  5.19e+12       ***
W2            70.4       ***  8.71e+09
P1             ***  2.78e-10       ***

Temperature = 1.2e+03 K    Pressure = 0.1 atm

From\To         W1        W2        P1
W1        7.22e+09  1.54e+09  5.68e+09
W2          0.0213  2.05e+09  2.05e+09
P1        2.37e-21  6.53e-11  6.53e-11

Temperature = 1.2e+03 K    Pressure = 1 atm

From\To         W1        W2        P1
W1         2.2e+10  9.42e+09  1.25e+10
W2           0.128  3.35e+09  3.35e+09
P1        5.37e-21  1.07e-10  1.07e-10

Temperature = 1.2e+03 K    Pressure = 10 atm

From\To         W1        W2        P1
W1        6.14e+10  3.88e+10  2.26e+10
W2           0.527  5.04e+09  5.04e+09
P1        9.73e-21  1.61e-10  1.61e-10

Temperature = 1.2e+03 K    Pressure = 100 atm

From\To         W1        W2        P1
W1        1.55e+11   1.3e+11  2.45e+10
W2            1.77  7.26e+09  7.26e+09
P1        1.06e-20  2.32e-10  2.32e-10

Temperature = 1.3e+03 K

High Pressure Rate Coefficients:

From\To         W1        W2        P1
W1             ***  5.52e+12       ***
W2             155       ***  8.02e+09
P1             ***  2.82e-10       ***

Temperature = 1.3e+03 K    Pressure = 0.1 atm

From\To         W1        W2        P1
W1        6.03e+09   2.9e+09  3.13e+09
W2          0.0823  1.97e+09  1.97e+09
P1        3.01e-21  6.92e-11  6.92e-11

Temperature = 1.3e+03 K    Pressure = 1 atm

From\To         W1        W2        P1
W1        1.84e+10  1.27e+10  5.75e+09
W2           0.356  3.17e+09  3.17e+09
P1        5.63e-21  1.12e-10  1.12e-10

Temperature = 1.3e+03 K    Pressure = 10 atm

From\To         W1        W2        P1
W1        5.18e+10  4.26e+10  9.26e+09
W2             1.2   4.7e+09   4.7e+09
P1        9.14e-21  1.65e-10  1.65e-10

Temperature = 1.3e+03 K    Pressure = 100 atm

From\To         W1        W2        P1
W1        1.32e+11  1.21e+11  1.16e+10
W2             3.4  6.67e+09  6.67e+09
P1        1.15e-20  2.35e-10  2.35e-10

Temperature = 1.4e+03 K

High Pressure Rate Coefficients:

From\To         W1        W2        P1
W1             ***  5.82e+12       ***
W2             305       ***  7.37e+09
P1             ***  2.86e-10       ***

Temperature = 1.4e+03 K    Pressure = 0.1 atm

From\To         W1        W2        P1
W1         4.8e+09  3.42e+09  1.37e+09
W2            0.18  1.85e+09  1.85e+09
P1        2.75e-21  7.13e-11  7.13e-11

Temperature = 1.4e+03 K    Pressure = 1 atm

From\To         W1        W2        P1
W1        1.48e+10  1.25e+10  2.27e+09
W2           0.656  2.95e+09  2.95e+09
P1        4.59e-21  1.14e-10  1.14e-10

Temperature = 1.4e+03 K    Pressure = 10 atm

From\To         W1        W2        P1
W1        4.22e+10  3.88e+10   3.4e+09
W2            2.03  4.33e+09  4.33e+09
P1         6.9e-21  1.68e-10  1.68e-10

Temperature = 1.4e+03 K    Pressure = 100 atm

From\To         W1        W2        P1
W1         1.1e+11  1.05e+11  4.69e+09
W2             5.5  6.11e+09  6.11e+09
P1        9.52e-21  2.37e-10  2.37e-10

Temperature = 1.5e+03 K

High Pressure Rate Coefficients:

From\To         W1        W2        P1
W1             ***  6.12e+12       ***
W2             550       ***  6.78e+09
P1             ***  2.89e-10       ***

Temperature = 1.5e+03 K    Pressure = 0.1 atm

From\To         W1        W2        P1
W1        4.19e+09  3.52e+09  6.73e+08
W2           0.316  1.69e+09  1.69e+09
P1        2.59e-21  7.17e-11  7.17e-11

Temperature = 1.5e+03 K    Pressure = 1 atm

From\To         W1        W2        P1
W1        1.29e+10  1.18e+10  1.08e+09
W2            1.06  2.69e+09  2.69e+09
P1        4.14e-21  1.14e-10  1.14e-10

Temperature = 1.5e+03 K    Pressure = 10 atm

From\To         W1        W2        P1
W1         3.7e+10  3.54e+10  1.58e+09
W2            3.18  3.94e+09  3.94e+09
P1        6.05e-21  1.68e-10  1.68e-10

Temperature = 1.5e+03 K    Pressure = 100 atm

From\To         W1        W2        P1
W1        9.68e+10  9.45e+10  2.28e+09
W2             8.5  5.59e+09  5.59e+09
P1        8.75e-21  2.38e-10  2.38e-10

Temperature = 1.6e+03 K

High Pressure Rate Coefficients:

From\To         W1        W2        P1
W1             ***  6.39e+12       ***
W2             920       ***  6.24e+09
P1             ***  2.92e-10       ***

Temperature = 1.6e+03 K    Pressure = 0.1 atm

From\To         W1        W2        P1
W1        3.48e+09  3.25e+09  2.35e+08
W2           0.465   1.6e+09   1.6e+09
P1         1.7e-21  7.47e-11  7.47e-11

Temperature = 1.6e+03 K    Pressure = 1 atm

From\To         W1        W2        P1
W1        1.09e+10  1.05e+10  3.96e+08
W2            1.51  2.52e+09  2.52e+09
P1        2.73e-21  1.18e-10  1.18e-10

Temperature = 1.6e+03 K    Pressure = 10 atm

From\To         W1        W2        P1
W1        3.15e+10  3.09e+10  5.85e+08
W2            4.45  3.67e+09  3.67e+09
P1        3.96e-21  1.72e-10  1.72e-10

Temperature = 1.6e+03 K    Pressure = 100 atm

From\To         W1        W2        P1
W1        8.35e+10  8.26e+10  8.83e+08
W2            11.9  5.14e+09  5.14e+09
P1        5.96e-21  2.41e-10  2.41e-10

Temperature = 1.7e+03 K

High Pressure Rate Coefficients:

From\To         W1        W2        P1
W1             ***  6.66e+12       ***
W2        1.45e+03       ***  5.74e+09
P1             ***  2.95e-10       ***

Temperature = 1.7e+03 K    Pressure = 0.1 atm

From\To         W1        W2        P1
W1        3.15e+09  3.04e+09  1.07e+08
W2           0.659   1.5e+09   1.5e+09
P1        1.39e-21  7.68e-11  7.68e-11

Temperature = 1.7e+03 K    Pressure = 1 atm

From\To         W1        W2        P1
W1        1.01e+10  9.85e+09  1.99e+08
W2            2.14  2.35e+09  2.35e+09
P1        2.32e-21   1.2e-10   1.2e-10

Temperature = 1.7e+03 K    Pressure = 10 atm

From\To         W1        W2        P1
W1        2.93e+10   2.9e+10  3.04e+08
W2             6.3  3.39e+09  3.39e+09
P1        3.44e-21  1.74e-10  1.74e-10

Temperature = 1.7e+03 K    Pressure = 100 atm

From\To         W1        W2        P1
W1        7.79e+10  7.74e+10  4.76e+08
W2            16.8  4.75e+09  4.75e+09
P1        5.34e-21  2.44e-10  2.44e-10

Temperature = 1.8e+03 K

High Pressure Rate Coefficients:

From\To         W1        W2        P1
W1             ***  6.92e+12       ***
W2        2.17e+03       ***   5.3e+09
P1             ***  2.98e-10       ***

Temperature = 1.8e+03 K    Pressure = 0.1 atm

From\To         W1        W2        P1
W1        2.63e+09   2.6e+09  2.75e+07
W2           0.812  1.38e+09  1.38e+09
P1        8.57e-22  7.71e-11  7.71e-11

Temperature = 1.8e+03 K    Pressure = 1 atm

From\To         W1        W2        P1
W1        8.93e+09  8.85e+09  8.39e+07
W2            2.77  2.15e+09  2.15e+09
P1        1.66e-21  1.21e-10  1.21e-10

Temperature = 1.8e+03 K    Pressure = 10 atm

From\To         W1        W2        P1
W1        2.66e+10  2.64e+10  1.48e+08
W2            8.29  3.11e+09  3.11e+09
P1        2.68e-21  1.75e-10  1.75e-10

Temperature = 1.8e+03 K    Pressure = 100 atm

From\To         W1        W2        P1
W1        7.13e+10  7.11e+10  2.47e+08
W2            22.3  4.35e+09  4.35e+09
P1        4.41e-21  2.45e-10  2.45e-10

Temperature = 1.9e+03 K

High Pressure Rate Coefficients:

From\To         W1        W2        P1
W1             ***  7.17e+12       ***
W2        3.12e+03       ***   4.9e+09
P1             ***     3e-10       ***

Temperature = 1.9e+03 K    Pressure = 0.1 atm

From\To         W1        W2        P1
W1           2e+09     2e+09 -2.48e+06
W2           0.866  1.29e+09  1.29e+09
P1        4.35e-22  7.86e-11  7.86e-11

Temperature = 1.9e+03 K    Pressure = 1 atm

From\To         W1        W2        P1
W1        7.56e+09  7.53e+09  2.83e+07
W2            3.28     2e+09     2e+09
P1        1.02e-21  1.23e-10  1.23e-10

Temperature = 1.9e+03 K    Pressure = 10 atm

From\To         W1        W2        P1
W1        2.34e+10  2.34e+10   6.7e+07
W2            10.2  2.88e+09  2.88e+09
P1         1.9e-21  1.77e-10  1.77e-10

Temperature = 1.9e+03 K    Pressure = 100 atm

From\To         W1        W2        P1
W1         6.4e+10  6.39e+10  1.24e+08
W2            27.8  4.02e+09  4.02e+09
P1        3.39e-21  2.47e-10  2.47e-10

Temperature = 2e+03 K

High Pressure Rate Coefficients:

From\To         W1        W2        P1
W1             ***  7.41e+12       ***
W2        4.33e+03       ***  4.53e+09
P1             ***  3.03e-10       ***

Temperature = 2e+03 K    Pressure = 0.1 atm

From\To         W1        W2        P1
W1        1.34e+09  1.35e+09 -9.87e+06
W2           0.785   1.2e+09   1.2e+09
P1        1.77e-22  8.02e-11  8.02e-11

Temperature = 2e+03 K    Pressure = 1 atm

From\To         W1        W2        P1
W1        6.01e+09  6.01e+09  3.39e+06
W2            3.51  1.87e+09  1.87e+09
P1        4.71e-22  1.25e-10  1.25e-10

Temperature = 2e+03 K    Pressure = 10 atm

From\To         W1        W2        P1
W1           2e+10     2e+10  2.66e+07
W2            11.7  2.68e+09  2.68e+09
P1        1.19e-21  1.79e-10  1.79e-10

Temperature = 2e+03 K    Pressure = 100 atm

From\To         W1        W2        P1
W1        5.63e+10  5.63e+10  5.95e+07
W2            32.9  3.72e+09  3.72e+09
P1        2.42e-21  2.49e-10  2.49e-10

______________________________________________________________________________________

High Pressure Rate Coefficients (Temperature-Species Rate Tables):

Reactant = W1
   T(K)        W1        W2        P1
    500       ***  2.11e+12       ***
    600       ***  2.68e+12       ***
    700       ***  3.19e+12       ***
    800       ***  3.66e+12       ***
    900       ***  4.09e+12       ***
  1e+03       ***  4.48e+12       ***
1.1e+03       ***  4.85e+12       ***
1.2e+03       ***  5.19e+12       ***
1.3e+03       ***  5.52e+12       ***
1.4e+03       ***  5.82e+12       ***
1.5e+03       ***  6.12e+12       ***
1.6e+03       ***  6.39e+12       ***
1.7e+03       ***  6.66e+12       ***
1.8e+03       ***  6.92e+12       ***
1.9e+03       ***  7.17e+12       ***
  2e+03       ***  7.41e+12       ***

Reactant = W2
   T(K)        W1        W2        P1
    500  3.07e-05       ***  1.02e+10
    600   0.00215       ***  1.14e+10
    700    0.0432       ***  1.17e+10
    800     0.403       ***  1.14e+10
    900      2.27       ***  1.09e+10
  1e+03      8.98       ***  1.02e+10
1.1e+03      27.6       ***  9.44e+09
1.2e+03      70.4       ***  8.71e+09
1.3e+03       155       ***  8.02e+09
1.4e+03       305       ***  7.37e+09
1.5e+03       550       ***  6.78e+09
1.6e+03       920       ***  6.24e+09
1.7e+03  1.45e+03       ***  5.74e+09
1.8e+03  2.17e+03       ***   5.3e+09
1.9e+03  3.12e+03       ***   4.9e+09
  2e+03  4.33e+03       ***  4.53e+09

Reactant = P1
   T(K)        W1        W2        P1
    500       ***  2.41e-10       ***
    600       ***  2.48e-10       ***
    700       ***  2.54e-10       ***
    800       ***   2.6e-10       ***
    900       ***  2.65e-10       ***
  1e+03       ***   2.7e-10       ***
1.1e+03       ***  2.74e-10       ***
1.2e+03       ***  2.78e-10       ***
1.3e+03       ***  2.82e-10       ***
1.4e+03       ***  2.86e-10       ***
1.5e+03       ***  2.89e-10       ***
1.6e+03       ***  2.92e-10       ***
1.7e+03       ***  2.95e-10       ***
1.8e+03       ***  2.98e-10       ***
1.9e+03       ***     3e-10       ***
  2e+03       ***  3.03e-10       ***

Capture/Escape Rate Coefficients:

   T(K)        W1        W2        P1
    500  2.11e+12  1.02e+10  2.41e-10
    600  2.68e+12  1.14e+10  2.48e-10
    700  3.19e+12  1.17e+10  2.54e-10
    800  3.66e+12  1.14e+10   2.6e-10
    900  4.09e+12  1.09e+10  2.65e-10
  1e+03  4.48e+12  1.02e+10   2.7e-10
1.1e+03  4.85e+12  9.44e+09  2.74e-10
1.2e+03  5.19e+12  8.71e+09  2.78e-10
1.3e+03  5.52e+12  8.02e+09  2.82e-10
1.4e+03  5.82e+12  7.37e+09  2.86e-10
1.5e+03  6.12e+12  6.78e+09  2.89e-10
1.6e+03  6.39e+12  6.24e+09  2.92e-10
1.7e+03  6.66e+12  5.74e+09  2.95e-10
1.8e+03  6.92e+12   5.3e+09  2.98e-10
1.9e+03  7.17e+12   4.9e+09     3e-10
  2e+03  7.41e+12  4.53e+09  3.03e-10

______________________________________________________________________________________

Pressure-Species Rate Tables:

Reactant = W1   Temperature = 500 K

   P(atm)        W2        P1      Loss
      0.1 -4.55e+07   3.4e+10   3.4e+10
        1 -3.88e+08  9.97e+10  9.93e+10
       10  8.24e+09  2.38e+11  2.46e+11
      100  3.11e+11  2.05e+11  5.15e+11
      O-O  2.11e+12       ***  2.11e+12

Reactant = W1   Temperature = 600 K

   P(atm)        W2        P1      Loss
      0.1 -2.42e+07  2.53e+10  2.53e+10
        1 -1.97e+08  7.59e+10  7.57e+10
       10  8.92e+09  1.87e+11  1.96e+11
      100  2.57e+11  1.76e+11  4.34e+11
      O-O  2.68e+12       ***  2.68e+12

Reactant = W1   Temperature = 700 K

   P(atm)        W2        P1      Loss
      0.1 -1.33e+07  1.85e+10  1.85e+10
        1 -5.38e+07  5.64e+10  5.64e+10
       10  1.02e+10   1.4e+11   1.5e+11
      100   2.1e+11  1.38e+11  3.49e+11
      O-O  3.19e+12       ***  3.19e+12

Reactant = W1   Temperature = 800 K

   P(atm)        W2        P1      Loss
      0.1 -8.28e+06  1.44e+10  1.44e+10
        1  1.16e+08  4.39e+10   4.4e+10
       10  1.28e+10  1.07e+11   1.2e+11
      100   1.8e+11  1.06e+11  2.86e+11
      O-O  3.66e+12       ***  3.66e+12

Reactant = W1   Temperature = 900 K

   P(atm)        W2        P1      Loss
      0.1  2.26e+06  1.25e+10  1.25e+10
        1  4.88e+08  3.75e+10   3.8e+10
       10  1.75e+10   8.6e+10  1.03e+11
      100  1.67e+11  8.28e+10   2.5e+11
      O-O  4.09e+12       ***  4.09e+12

Reactant = W1   Temperature = 1e+03 K

   P(atm)        W2        P1      Loss
      0.1  7.33e+07  9.82e+09  9.89e+09
        1  1.69e+09  2.85e+10  3.02e+10
       10  2.26e+10  6.08e+10  8.34e+10
      100  1.48e+11  5.83e+10  2.06e+11
      O-O  4.48e+12       ***  4.48e+12

Reactant = W1   Temperature = 1.1e+03 K

   P(atm)        W2        P1      Loss
      0.1  5.68e+08  7.61e+09  8.18e+09
        1  5.39e+09  1.96e+10   2.5e+10
       10  3.17e+10   3.8e+10  6.97e+10
      100  1.37e+11  3.74e+10  1.75e+11
      O-O  4.85e+12       ***  4.85e+12

Reactant = W1   Temperature = 1.2e+03 K

   P(atm)        W2        P1      Loss
      0.1  1.54e+09  5.68e+09  7.22e+09
        1  9.42e+09  1.25e+10   2.2e+10
       10  3.88e+10  2.26e+10  6.14e+10
      100   1.3e+11  2.45e+10  1.55e+11
      O-O  5.19e+12       ***  5.19e+12

Reactant = W1   Temperature = 1.3e+03 K

   P(atm)        W2        P1      Loss
      0.1   2.9e+09  3.13e+09  6.03e+09
        1  1.27e+10  5.75e+09  1.84e+10
       10  4.26e+10  9.26e+09  5.18e+10
      100  1.21e+11  1.16e+10  1.32e+11
      O-O  5.52e+12       ***  5.52e+12

Reactant = W1   Temperature = 1.4e+03 K

   P(atm)        W2        P1      Loss
      0.1  3.42e+09  1.37e+09   4.8e+09
        1  1.25e+10  2.27e+09  1.48e+10
       10  3.88e+10   3.4e+09  4.22e+10
      100  1.05e+11  4.69e+09   1.1e+11
      O-O  5.82e+12       ***  5.82e+12

Reactant = W1   Temperature = 1.5e+03 K

   P(atm)        W2        P1      Loss
      0.1  3.52e+09  6.73e+08  4.19e+09
        1  1.18e+10  1.08e+09  1.29e+10
       10  3.54e+10  1.58e+09   3.7e+10
      100  9.45e+10  2.28e+09  9.68e+10
      O-O  6.12e+12       ***  6.12e+12

Reactant = W1   Temperature = 1.6e+03 K

   P(atm)        W2        P1      Loss
      0.1  3.25e+09  2.35e+08  3.48e+09
        1  1.05e+10  3.96e+08  1.09e+10
       10  3.09e+10  5.85e+08  3.15e+10
      100  8.26e+10  8.83e+08  8.35e+10
      O-O  6.39e+12       ***  6.39e+12

Reactant = W1   Temperature = 1.7e+03 K

   P(atm)        W2        P1      Loss
      0.1  3.04e+09  1.07e+08  3.15e+09
        1  9.85e+09  1.99e+08  1.01e+10
       10   2.9e+10  3.04e+08  2.93e+10
      100  7.74e+10  4.76e+08  7.79e+10
      O-O  6.66e+12       ***  6.66e+12

Reactant = W1   Temperature = 1.8e+03 K

   P(atm)        W2        P1      Loss
      0.1   2.6e+09  2.75e+07  2.63e+09
        1  8.85e+09  8.39e+07  8.93e+09
       10  2.64e+10  1.48e+08  2.66e+10
      100  7.11e+10  2.47e+08  7.13e+10
      O-O  6.92e+12       ***  6.92e+12

Reactant = W1   Temperature = 1.9e+03 K

   P(atm)        W2        P1      Loss
      0.1     2e+09 -2.48e+06     2e+09
        1  7.53e+09  2.83e+07  7.56e+09
       10  2.34e+10   6.7e+07  2.34e+10
      100  6.39e+10  1.24e+08   6.4e+10
      O-O  7.17e+12       ***  7.17e+12

Reactant = W1   Temperature = 2e+03 K

   P(atm)        W2        P1      Loss
      0.1  1.35e+09 -9.87e+06  1.34e+09
        1  6.01e+09  3.39e+06  6.01e+09
       10     2e+10  2.66e+07     2e+10
      100  5.63e+10  5.95e+07  5.63e+10
      O-O  7.41e+12       ***  7.41e+12

Reactant = W2   Temperature = 500 K

   P(atm)        W1        P1      Loss
      0.1  7.69e-13  1.66e+09  1.66e+09
        1  1.76e-10  3.27e+09  3.27e+09
       10  1.51e-07  6.08e+09  6.08e+09
      100  4.54e-06  9.17e+09  9.17e+09
      O-O  3.07e-05  1.02e+10  1.02e+10

Reactant = W2   Temperature = 600 K

   P(atm)        W1        P1      Loss
      0.1  1.97e-10  2.12e+09  2.12e+09
        1  2.68e-08  3.91e+09  3.91e+09
       10  8.22e-06  6.72e+09  6.72e+09
      100  0.000207  1.01e+10  1.01e+10
      O-O   0.00215  1.14e+10  1.14e+10

Reactant = W2   Temperature = 700 K

   P(atm)        W1        P1      Loss
      0.1  7.04e-09  2.33e+09  2.33e+09
        1  1.13e-06  4.14e+09  4.14e+09
       10  0.000149  6.81e+09  6.81e+09
      100   0.00285  1.02e+10  1.02e+10
      O-O    0.0432  1.17e+10  1.17e+10

Reactant = W2   Temperature = 800 K

   P(atm)        W1        P1      Loss
      0.1  9.82e-08  2.42e+09  2.42e+09
        1   2.3e-05  4.18e+09  4.18e+09
       10   0.00147  6.66e+09  6.66e+09
      100    0.0199  9.84e+09  9.84e+09
      O-O     0.403  1.14e+10  1.14e+10

Reactant = W2   Temperature = 900 K

   P(atm)        W1        P1      Loss
      0.1   5.7e-06  2.42e+09  2.42e+09
        1  0.000314  4.08e+09  4.08e+09
       10   0.00993  6.35e+09  6.35e+09
      100     0.093  9.28e+09  9.28e+09
      O-O      2.27  1.09e+10  1.09e+10

Reactant = W2   Temperature = 1e+03 K

   P(atm)        W1        P1      Loss
      0.1  0.000169   2.3e+09   2.3e+09
        1   0.00351  3.84e+09  3.84e+09
       10    0.0458   5.9e+09   5.9e+09
      100     0.296  8.59e+09  8.59e+09
      O-O      8.98  1.02e+10  1.02e+10

Reactant = W2   Temperature = 1.1e+03 K

   P(atm)        W1        P1      Loss
      0.1   0.00339  2.24e+09  2.24e+09
        1     0.031  3.67e+09  3.67e+09
       10     0.181  5.53e+09  5.53e+09
      100     0.783  7.94e+09  7.94e+09
      O-O      27.6  9.44e+09  9.44e+09

Reactant = W2   Temperature = 1.2e+03 K

   P(atm)        W1        P1      Loss
      0.1    0.0213  2.05e+09  2.05e+09
        1     0.128  3.35e+09  3.35e+09
       10     0.527  5.04e+09  5.04e+09
      100      1.77  7.26e+09  7.26e+09
      O-O      70.4  8.71e+09  8.71e+09

Reactant = W2   Temperature = 1.3e+03 K

   P(atm)        W1        P1      Loss
      0.1    0.0823  1.97e+09  1.97e+09
        1     0.356  3.17e+09  3.17e+09
       10       1.2   4.7e+09   4.7e+09
      100       3.4  6.67e+09  6.67e+09
      O-O       155  8.02e+09  8.02e+09

Reactant = W2   Temperature = 1.4e+03 K

   P(atm)        W1        P1      Loss
      0.1      0.18  1.85e+09  1.85e+09
        1     0.656  2.95e+09  2.95e+09
       10      2.03  4.33e+09  4.33e+09
      100       5.5  6.11e+09  6.11e+09
      O-O       305  7.37e+09  7.37e+09

Reactant = W2   Temperature = 1.5e+03 K

   P(atm)        W1        P1      Loss
      0.1     0.316  1.69e+09  1.69e+09
        1      1.06  2.69e+09  2.69e+09
       10      3.18  3.94e+09  3.94e+09
      100       8.5  5.59e+09  5.59e+09
      O-O       550  6.78e+09  6.78e+09

Reactant = W2   Temperature = 1.6e+03 K

   P(atm)        W1        P1      Loss
      0.1     0.465   1.6e+09   1.6e+09
        1      1.51  2.52e+09  2.52e+09
       10      4.45  3.67e+09  3.67e+09
      100      11.9  5.14e+09  5.14e+09
      O-O       920  6.24e+09  6.24e+09

Reactant = W2   Temperature = 1.7e+03 K

   P(atm)        W1        P1      Loss
      0.1     0.659   1.5e+09   1.5e+09
        1      2.14  2.35e+09  2.35e+09
       10       6.3  3.39e+09  3.39e+09
      100      16.8  4.75e+09  4.75e+09
      O-O  1.45e+03  5.74e+09  5.74e+09

Reactant = W2   Temperature = 1.8e+03 K

   P(atm)        W1        P1      Loss
      0.1     0.812  1.38e+09  1.38e+09
        1      2.77  2.15e+09  2.15e+09
       10      8.29  3.11e+09  3.11e+09
      100      22.3  4.35e+09  4.35e+09
      O-O  2.17e+03   5.3e+09   5.3e+09

Reactant = W2   Temperature = 1.9e+03 K

   P(atm)        W1        P1      Loss
      0.1     0.866  1.29e+09  1.29e+09
        1      3.28     2e+09     2e+09
       10      10.2  2.88e+09  2.88e+09
      100      27.8  4.02e+09  4.02e+09
      O-O  3.12e+03   4.9e+09   4.9e+09

Reactant = W2   Temperature = 2e+03 K

   P(atm)        W1        P1      Loss
      0.1     0.785   1.2e+09   1.2e+09
        1      3.51  1.87e+09  1.87e+09
       10      11.7  2.68e+09  2.68e+09
      100      32.9  3.72e+09  3.72e+09
      O-O  4.33e+03  4.53e+09  4.53e+09

Reactant = P1   Temperature = 500 K

   P(atm)        W1        W2      Loss
      0.1  1.12e-26  3.91e-11  3.91e-11
        1  3.39e-26  7.72e-11  7.72e-11
       10  8.17e-26  1.43e-10  1.43e-10
      100  7.03e-26  2.16e-10  2.16e-10
      O-O       ***  2.41e-10  2.41e-10

Reactant = P1   Temperature = 600 K

   P(atm)        W1        W2      Loss
      0.1  4.24e-25   4.6e-11   4.6e-11
        1  1.31e-24  8.49e-11  8.49e-11
       10  3.24e-24  1.46e-10  1.46e-10
      100  3.06e-24  2.19e-10  2.19e-10
      O-O       ***  2.48e-10  2.48e-10

Reactant = P1   Temperature = 700 K

   P(atm)        W1        W2      Loss
      0.1  5.26e-24  5.05e-11  5.05e-11
        1  1.64e-23  8.99e-11  8.99e-11
       10  4.11e-23  1.48e-10  1.48e-10
      100  4.06e-23  2.21e-10  2.21e-10
      O-O       ***  2.54e-10  2.54e-10

Reactant = P1   Temperature = 800 K

   P(atm)        W1        W2      Loss
      0.1  3.48e-23  5.49e-11  5.49e-11
        1  1.09e-22  9.49e-11  9.49e-11
       10  2.66e-22  1.51e-10  1.51e-10
      100  2.64e-22  2.24e-10  2.24e-10
      O-O       ***   2.6e-10   2.6e-10

Reactant = P1   Temperature = 900 K

   P(atm)        W1        W2      Loss
      0.1  1.63e-22  5.88e-11  5.88e-11
        1  5.01e-22  9.95e-11  9.95e-11
       10  1.16e-21  1.55e-10  1.55e-10
      100  1.12e-21  2.26e-10  2.26e-10
      O-O       ***  2.65e-10  2.65e-10

Reactant = P1   Temperature = 1e+03 K

   P(atm)        W1        W2      Loss
      0.1  5.03e-22  6.08e-11  6.08e-11
        1   1.5e-21  1.02e-10  1.02e-10
       10  3.22e-21  1.56e-10  1.56e-10
      100  3.09e-21  2.28e-10  2.28e-10
      O-O       ***   2.7e-10   2.7e-10

Reactant = P1   Temperature = 1.1e+03 K

   P(atm)        W1        W2      Loss
      0.1  1.22e-21  6.48e-11  6.48e-11
        1  3.21e-21  1.06e-10  1.06e-10
       10  6.27e-21  1.61e-10  1.61e-10
      100  6.18e-21  2.31e-10  2.31e-10
      O-O       ***  2.74e-10  2.74e-10

Reactant = P1   Temperature = 1.2e+03 K

   P(atm)        W1        W2      Loss
      0.1  2.37e-21  6.53e-11  6.53e-11
        1  5.37e-21  1.07e-10  1.07e-10
       10  9.73e-21  1.61e-10  1.61e-10
      100  1.06e-20  2.32e-10  2.32e-10
      O-O       ***  2.78e-10  2.78e-10

Reactant = P1   Temperature = 1.3e+03 K

   P(atm)        W1        W2      Loss
      0.1  3.01e-21  6.92e-11  6.92e-11
        1  5.63e-21  1.12e-10  1.12e-10
       10  9.14e-21  1.65e-10  1.65e-10
      100  1.15e-20  2.35e-10  2.35e-10
      O-O       ***  2.82e-10  2.82e-10

Reactant = P1   Temperature = 1.4e+03 K

   P(atm)        W1        W2      Loss
      0.1  2.75e-21  7.13e-11  7.13e-11
        1  4.59e-21  1.14e-10  1.14e-10
       10   6.9e-21  1.68e-10  1.68e-10
      100  9.52e-21  2.37e-10  2.37e-10
      O-O       ***  2.86e-10  2.86e-10

Reactant = P1   Temperature = 1.5e+03 K

   P(atm)        W1        W2      Loss
      0.1  2.59e-21  7.17e-11  7.17e-11
        1  4.14e-21  1.14e-10  1.14e-10
       10  6.05e-21  1.68e-10  1.68e-10
      100  8.75e-21  2.38e-10  2.38e-10
      O-O       ***  2.89e-10  2.89e-10

Reactant = P1   Temperature = 1.6e+03 K

   P(atm)        W1        W2      Loss
      0.1   1.7e-21  7.47e-11  7.47e-11
        1  2.73e-21  1.18e-10  1.18e-10
       10  3.96e-21  1.72e-10  1.72e-10
      100  5.96e-21  2.41e-10  2.41e-10
      O-O       ***  2.92e-10  2.92e-10

Reactant = P1   Temperature = 1.7e+03 K

   P(atm)        W1        W2      Loss
      0.1  1.39e-21  7.68e-11  7.68e-11
        1  2.32e-21   1.2e-10   1.2e-10
       10  3.44e-21  1.74e-10  1.74e-10
      100  5.34e-21  2.44e-10  2.44e-10
      O-O       ***  2.95e-10  2.95e-10

Reactant = P1   Temperature = 1.8e+03 K

   P(atm)        W1        W2      Loss
      0.1  8.57e-22  7.71e-11  7.71e-11
        1  1.66e-21  1.21e-10  1.21e-10
       10  2.68e-21  1.75e-10  1.75e-10
      100  4.41e-21  2.45e-10  2.45e-10
      O-O       ***  2.98e-10  2.98e-10

Reactant = P1   Temperature = 1.9e+03 K

   P(atm)        W1        W2      Loss
      0.1  4.35e-22  7.86e-11  7.86e-11
        1  1.02e-21  1.23e-10  1.23e-10
       10   1.9e-21  1.77e-10  1.77e-10
      100  3.39e-21  2.47e-10  2.47e-10
      O-O       ***     3e-10     3e-10

Reactant = P1   Temperature = 2e+03 K

   P(atm)        W1        W2      Loss
      0.1  1.77e-22  8.02e-11  8.02e-11
        1  4.71e-22  1.25e-10  1.25e-10
       10  1.19e-21  1.79e-10  1.79e-10
      100  2.42e-21  2.49e-10  2.49e-10
      O-O       ***  3.03e-10  3.03e-10

______________________________________________________________________________________

Temperature-Species Rate Tables:

Reactant = W1   Pressure = 0.1 atm

   T(K)        W2        P1      Loss   Capture
    500 -4.55e+07   3.4e+10   3.4e+10  2.11e+12
    600 -2.42e+07  2.53e+10  2.53e+10  2.68e+12
    700 -1.33e+07  1.85e+10  1.85e+10  3.19e+12
    800 -8.28e+06  1.44e+10  1.44e+10  3.66e+12
    900  2.26e+06  1.25e+10  1.25e+10  4.09e+12
  1e+03  7.33e+07  9.82e+09  9.89e+09  4.48e+12
1.1e+03  5.68e+08  7.61e+09  8.18e+09  4.85e+12
1.2e+03  1.54e+09  5.68e+09  7.22e+09  5.19e+12
1.3e+03   2.9e+09  3.13e+09  6.03e+09  5.52e+12
1.4e+03  3.42e+09  1.37e+09   4.8e+09  5.82e+12
1.5e+03  3.52e+09  6.73e+08  4.19e+09  6.12e+12
1.6e+03  3.25e+09  2.35e+08  3.48e+09  6.39e+12
1.7e+03  3.04e+09  1.07e+08  3.15e+09  6.66e+12
1.8e+03   2.6e+09  2.75e+07  2.63e+09  6.92e+12
1.9e+03     2e+09 -2.48e+06     2e+09  7.17e+12
  2e+03  1.35e+09 -9.87e+06  1.34e+09  7.41e+12

Reactant = W1   Pressure = 1 atm

   T(K)        W2        P1      Loss   Capture
    500 -3.88e+08  9.97e+10  9.93e+10  2.11e+12
    600 -1.97e+08  7.59e+10  7.57e+10  2.68e+12
    700 -5.38e+07  5.64e+10  5.64e+10  3.19e+12
    800  1.16e+08  4.39e+10   4.4e+10  3.66e+12
    900  4.88e+08  3.75e+10   3.8e+10  4.09e+12
  1e+03  1.69e+09  2.85e+10  3.02e+10  4.48e+12
1.1e+03  5.39e+09  1.96e+10   2.5e+10  4.85e+12
1.2e+03  9.42e+09  1.25e+10   2.2e+10  5.19e+12
1.3e+03  1.27e+10  5.75e+09  1.84e+10  5.52e+12
1.4e+03  1.25e+10  2.27e+09  1.48e+10  5.82e+12
1.5e+03  1.18e+10  1.08e+09  1.29e+10  6.12e+12
1.6e+03  1.05e+10  3.96e+08  1.09e+10  6.39e+12
1.7e+03  9.85e+09  1.99e+08  1.01e+10  6.66e+12
1.8e+03  8.85e+09  8.39e+07  8.93e+09  6.92e+12
1.9e+03  7.53e+09  2.83e+07  7.56e+09  7.17e+12
  2e+03  6.01e+09  3.39e+06  6.01e+09  7.41e+12

Reactant = W1   Pressure = 10 atm

   T(K)        W2        P1      Loss   Capture
    500  8.24e+09  2.38e+11  2.46e+11  2.11e+12
    600  8.92e+09  1.87e+11  1.96e+11  2.68e+12
    700  1.02e+10   1.4e+11   1.5e+11  3.19e+12
    800  1.28e+10  1.07e+11   1.2e+11  3.66e+12
    900  1.75e+10   8.6e+10  1.03e+11  4.09e+12
  1e+03  2.26e+10  6.08e+10  8.34e+10  4.48e+12
1.1e+03  3.17e+10   3.8e+10  6.97e+10  4.85e+12
1.2e+03  3.88e+10  2.26e+10  6.14e+10  5.19e+12
1.3e+03  4.26e+10  9.26e+09  5.18e+10  5.52e+12
1.4e+03  3.88e+10   3.4e+09  4.22e+10  5.82e+12
1.5e+03  3.54e+10  1.58e+09   3.7e+10  6.12e+12
1.6e+03  3.09e+10  5.85e+08  3.15e+10  6.39e+12
1.7e+03   2.9e+10  3.04e+08  2.93e+10  6.66e+12
1.8e+03  2.64e+10  1.48e+08  2.66e+10  6.92e+12
1.9e+03  2.34e+10   6.7e+07  2.34e+10  7.17e+12
  2e+03     2e+10  2.66e+07     2e+10  7.41e+12

Reactant = W1   Pressure = 100 atm

   T(K)        W2        P1      Loss   Capture
    500  3.11e+11  2.05e+11  5.15e+11  2.11e+12
    600  2.57e+11  1.76e+11  4.34e+11  2.68e+12
    700   2.1e+11  1.38e+11  3.49e+11  3.19e+12
    800   1.8e+11  1.06e+11  2.86e+11  3.66e+12
    900  1.67e+11  8.28e+10   2.5e+11  4.09e+12
  1e+03  1.48e+11  5.83e+10  2.06e+11  4.48e+12
1.1e+03  1.37e+11  3.74e+10  1.75e+11  4.85e+12
1.2e+03   1.3e+11  2.45e+10  1.55e+11  5.19e+12
1.3e+03  1.21e+11  1.16e+10  1.32e+11  5.52e+12
1.4e+03  1.05e+11  4.69e+09   1.1e+11  5.82e+12
1.5e+03  9.45e+10  2.28e+09  9.68e+10  6.12e+12
1.6e+03  8.26e+10  8.83e+08  8.35e+10  6.39e+12
1.7e+03  7.74e+10  4.76e+08  7.79e+10  6.66e+12
1.8e+03  7.11e+10  2.47e+08  7.13e+10  6.92e+12
1.9e+03  6.39e+10  1.24e+08   6.4e+10  7.17e+12
  2e+03  5.63e+10  5.95e+07  5.63e+10  7.41e+12

Reactant = W2   Pressure = 0.1 atm

   T(K)        W1        P1      Loss   Capture
    500  7.69e-13  1.66e+09  1.66e+09  1.02e+10
    600  1.97e-10  2.12e+09  2.12e+09  1.14e+10
    700  7.04e-09  2.33e+09  2.33e+09  1.17e+10
    800  9.82e-08  2.42e+09  2.42e+09  1.14e+10
    900   5.7e-06  2.42e+09  2.42e+09  1.09e+10
  1e+03  0.000169   2.3e+09   2.3e+09  1.02e+10
1.1e+03   0.00339  2.24e+09  2.24e+09  9.44e+09
1.2e+03    0.0213  2.05e+09  2.05e+09  8.71e+09
1.3e+03    0.0823  1.97e+09  1.97e+09  8.02e+09
1.4e+03      0.18  1.85e+09  1.85e+09  7.37e+09
1.5e+03     0.316  1.69e+09  1.69e+09  6.78e+09
1.6e+03     0.465   1.6e+09   1.6e+09  6.24e+09
1.7e+03     0.659   1.5e+09   1.5e+09  5.74e+09
1.8e+03     0.812  1.38e+09  1.38e+09   5.3e+09
1.9e+03     0.866  1.29e+09  1.29e+09   4.9e+09
  2e+03     0.785   1.2e+09   1.2e+09  4.53e+09

Reactant = W2   Pressure = 1 atm

   T(K)        W1        P1      Loss   Capture
    500  1.76e-10  3.27e+09  3.27e+09  1.02e+10
    600  2.68e-08  3.91e+09  3.91e+09  1.14e+10
    700  1.13e-06  4.14e+09  4.14e+09  1.17e+10
    800   2.3e-05  4.18e+09  4.18e+09  1.14e+10
    900  0.000314  4.08e+09  4.08e+09  1.09e+10
  1e+03   0.00351  3.84e+09  3.84e+09  1.02e+10
1.1e+03     0.031  3.67e+09  3.67e+09  9.44e+09
1.2e+03     0.128  3.35e+09  3.35e+09  8.71e+09
1.3e+03     0.356  3.17e+09  3.17e+09  8.02e+09
1.4e+03     0.656  2.95e+09  2.95e+09  7.37e+09
1.5e+03      1.06  2.69e+09  2.69e+09  6.78e+09
1.6e+03      1.51  2.52e+09  2.52e+09  6.24e+09
1.7e+03      2.14  2.35e+09  2.35e+09  5.74e+09
1.8e+03      2.77  2.15e+09  2.15e+09   5.3e+09
1.9e+03      3.28     2e+09     2e+09   4.9e+09
  2e+03      3.51  1.87e+09  1.87e+09  4.53e+09

Reactant = W2   Pressure = 10 atm

   T(K)        W1        P1      Loss   Capture
    500  1.51e-07  6.08e+09  6.08e+09  1.02e+10
    600  8.22e-06  6.72e+09  6.72e+09  1.14e+10
    700  0.000149  6.81e+09  6.81e+09  1.17e+10
    800   0.00147  6.66e+09  6.66e+09  1.14e+10
    900   0.00993  6.35e+09  6.35e+09  1.09e+10
  1e+03    0.0458   5.9e+09   5.9e+09  1.02e+10
1.1e+03     0.181  5.53e+09  5.53e+09  9.44e+09
1.2e+03     0.527  5.04e+09  5.04e+09  8.71e+09
1.3e+03       1.2   4.7e+09   4.7e+09  8.02e+09
1.4e+03      2.03  4.33e+09  4.33e+09  7.37e+09
1.5e+03      3.18  3.94e+09  3.94e+09  6.78e+09
1.6e+03      4.45  3.67e+09  3.67e+09  6.24e+09
1.7e+03       6.3  3.39e+09  3.39e+09  5.74e+09
1.8e+03      8.29  3.11e+09  3.11e+09   5.3e+09
1.9e+03      10.2  2.88e+09  2.88e+09   4.9e+09
  2e+03      11.7  2.68e+09  2.68e+09  4.53e+09

Reactant = W2   Pressure = 100 atm

   T(K)        W1        P1      Loss   Capture
    500  4.54e-06  9.17e+09  9.17e+09  1.02e+10
    600  0.000207  1.01e+10  1.01e+10  1.14e+10
    700   0.00285  1.02e+10  1.02e+10  1.17e+10
    800    0.0199  9.84e+09  9.84e+09  1.14e+10
    900     0.093  9.28e+09  9.28e+09  1.09e+10
  1e+03     0.296  8.59e+09  8.59e+09  1.02e+10
1.1e+03     0.783  7.94e+09  7.94e+09  9.44e+09
1.2e+03      1.77  7.26e+09  7.26e+09  8.71e+09
1.3e+03       3.4  6.67e+09  6.67e+09  8.02e+09
1.4e+03       5.5  6.11e+09  6.11e+09  7.37e+09
1.5e+03       8.5  5.59e+09  5.59e+09  6.78e+09
1.6e+03      11.9  5.14e+09  5.14e+09  6.24e+09
1.7e+03      16.8  4.75e+09  4.75e+09  5.74e+09
1.8e+03      22.3  4.35e+09  4.35e+09   5.3e+09
1.9e+03      27.8  4.02e+09  4.02e+09   4.9e+09
  2e+03      32.9  3.72e+09  3.72e+09  4.53e+09

Reactant = P1   Pressure = 0.1 atm

   T(K)        W1        W2      Loss   Capture
    500  1.12e-26  3.91e-11  3.91e-11  2.41e-10
    600  4.24e-25   4.6e-11   4.6e-11  2.48e-10
    700  5.26e-24  5.05e-11  5.05e-11  2.54e-10
    800  3.48e-23  5.49e-11  5.49e-11   2.6e-10
    900  1.63e-22  5.88e-11  5.88e-11  2.65e-10
  1e+03  5.03e-22  6.08e-11  6.08e-11   2.7e-10
1.1e+03  1.22e-21  6.48e-11  6.48e-11  2.74e-10
1.2e+03  2.37e-21  6.53e-11  6.53e-11  2.78e-10
1.3e+03  3.01e-21  6.92e-11  6.92e-11  2.82e-10
1.4e+03  2.75e-21  7.13e-11  7.13e-11  2.86e-10
1.5e+03  2.59e-21  7.17e-11  7.17e-11  2.89e-10
1.6e+03   1.7e-21  7.47e-11  7.47e-11  2.92e-10
1.7e+03  1.39e-21  7.68e-11  7.68e-11  2.95e-10
1.8e+03  8.57e-22  7.71e-11  7.71e-11  2.98e-10
1.9e+03  4.35e-22  7.86e-11  7.86e-11     3e-10
  2e+03  1.77e-22  8.02e-11  8.02e-11  3.03e-10

Reactant = P1   Pressure = 1 atm

   T(K)        W1        W2      Loss   Capture
    500  3.39e-26  7.72e-11  7.72e-11  2.41e-10
    600  1.31e-24  8.49e-11  8.49e-11  2.48e-10
    700  1.64e-23  8.99e-11  8.99e-11  2.54e-10
    800  1.09e-22  9.49e-11  9.49e-11   2.6e-10
    900  5.01e-22  9.95e-11  9.95e-11  2.65e-10
  1e+03   1.5e-21  1.02e-10  1.02e-10   2.7e-10
1.1e+03  3.21e-21  1.06e-10  1.06e-10  2.74e-10
1.2e+03  5.37e-21  1.07e-10  1.07e-10  2.78e-10
1.3e+03  5.63e-21  1.12e-10  1.12e-10  2.82e-10
1.4e+03  4.59e-21  1.14e-10  1.14e-10  2.86e-10
1.5e+03  4.14e-21  1.14e-10  1.14e-10  2.89e-10
1.6e+03  2.73e-21  1.18e-10  1.18e-10  2.92e-10
1.7e+03  2.32e-21   1.2e-10   1.2e-10  2.95e-10
1.8e+03  1.66e-21  1.21e-10  1.21e-10  2.98e-10
1.9e+03  1.02e-21  1.23e-10  1.23e-10     3e-10
  2e+03  4.71e-22  1.25e-10  1.25e-10  3.03e-10

Reactant = P1   Pressure = 10 atm

   T(K)        W1        W2      Loss   Capture
    500  8.17e-26  1.43e-10  1.43e-10  2.41e-10
    600  3.24e-24  1.46e-10  1.46e-10  2.48e-10
    700  4.11e-23  1.48e-10  1.48e-10  2.54e-10
    800  2.66e-22  1.51e-10  1.51e-10   2.6e-10
    900  1.16e-21  1.55e-10  1.55e-10  2.65e-10
  1e+03  3.22e-21  1.56e-10  1.56e-10   2.7e-10
1.1e+03  6.27e-21  1.61e-10  1.61e-10  2.74e-10
1.2e+03  9.73e-21  1.61e-10  1.61e-10  2.78e-10
1.3e+03  9.14e-21  1.65e-10  1.65e-10  2.82e-10
1.4e+03   6.9e-21  1.68e-10  1.68e-10  2.86e-10
1.5e+03  6.05e-21  1.68e-10  1.68e-10  2.89e-10
1.6e+03  3.96e-21  1.72e-10  1.72e-10  2.92e-10
1.7e+03  3.44e-21  1.74e-10  1.74e-10  2.95e-10
1.8e+03  2.68e-21  1.75e-10  1.75e-10  2.98e-10
1.9e+03   1.9e-21  1.77e-10  1.77e-10     3e-10
  2e+03  1.19e-21  1.79e-10  1.79e-10  3.03e-10

Reactant = P1   Pressure = 100 atm

   T(K)        W1        W2      Loss   Capture
    500  7.03e-26  2.16e-10  2.16e-10  2.41e-10
    600  3.06e-24  2.19e-10  2.19e-10  2.48e-10
    700  4.06e-23  2.21e-10  2.21e-10  2.54e-10
    800  2.64e-22  2.24e-10  2.24e-10   2.6e-10
    900  1.12e-21  2.26e-10  2.26e-10  2.65e-10
  1e+03  3.09e-21  2.28e-10  2.28e-10   2.7e-10
1.1e+03  6.18e-21  2.31e-10  2.31e-10  2.74e-10
1.2e+03  1.06e-20  2.32e-10  2.32e-10  2.78e-10
1.3e+03  1.15e-20  2.35e-10  2.35e-10  2.82e-10
1.4e+03  9.52e-21  2.37e-10  2.37e-10  2.86e-10
1.5e+03  8.75e-21  2.38e-10  2.38e-10  2.89e-10
1.6e+03  5.96e-21  2.41e-10  2.41e-10  2.92e-10
1.7e+03  5.34e-21  2.44e-10  2.44e-10  2.95e-10
1.8e+03  4.41e-21  2.45e-10  2.45e-10  2.98e-10
1.9e+03  3.39e-21  2.47e-10  2.47e-10     3e-10
  2e+03  2.42e-21  2.49e-10  2.49e-10  3.03e-10

______________________________________________________________________________________

Temperature-Pressure Rate Tables:

W1->W2

P\T           500       600       700       800       900     1e+03   1.1e+03   1.2e+03   1.3e+03   1.4e+03   1.5e+03   1.6e+03   1.7e+03   1.8e+03   1.9e+03     2e+03
0.1     -4.55e+07 -2.42e+07 -1.33e+07 -8.28e+06  2.26e+06  7.33e+07  5.68e+08  1.54e+09   2.9e+09  3.42e+09  3.52e+09  3.25e+09  3.04e+09   2.6e+09     2e+09  1.35e+09
1       -3.88e+08 -1.97e+08 -5.38e+07  1.16e+08  4.88e+08  1.69e+09  5.39e+09  9.42e+09  1.27e+10  1.25e+10  1.18e+10  1.05e+10  9.85e+09  8.85e+09  7.53e+09  6.01e+09
10       8.24e+09  8.92e+09  1.02e+10  1.28e+10  1.75e+10  2.26e+10  3.17e+10  3.88e+10  4.26e+10  3.88e+10  3.54e+10  3.09e+10   2.9e+10  2.64e+10  2.34e+10     2e+10
100      3.11e+11  2.57e+11   2.1e+11   1.8e+11  1.67e+11  1.48e+11  1.37e+11   1.3e+11  1.21e+11  1.05e+11  9.45e+10  8.26e+10  7.74e+10  7.11e+10  6.39e+10  5.63e+10
O-O      2.11e+12  2.68e+12  3.19e+12  3.66e+12  4.09e+12  4.48e+12  4.85e+12  5.19e+12  5.52e+12  5.82e+12  6.12e+12  6.39e+12  6.66e+12  6.92e+12  7.17e+12  7.41e+12

W1->P1

P\T           500       600       700       800       900     1e+03   1.1e+03   1.2e+03   1.3e+03   1.4e+03   1.5e+03   1.6e+03   1.7e+03   1.8e+03   1.9e+03     2e+03
0.1       3.4e+10  2.53e+10  1.85e+10  1.44e+10  1.25e+10  9.82e+09  7.61e+09  5.68e+09  3.13e+09  1.37e+09  6.73e+08  2.35e+08  1.07e+08  2.75e+07 -2.48e+06 -9.87e+06
1        9.97e+10  7.59e+10  5.64e+10  4.39e+10  3.75e+10  2.85e+10  1.96e+10  1.25e+10  5.75e+09  2.27e+09  1.08e+09  3.96e+08  1.99e+08  8.39e+07  2.83e+07  3.39e+06
10       2.38e+11  1.87e+11   1.4e+11  1.07e+11   8.6e+10  6.08e+10   3.8e+10  2.26e+10  9.26e+09   3.4e+09  1.58e+09  5.85e+08  3.04e+08  1.48e+08   6.7e+07  2.66e+07
100      2.05e+11  1.76e+11  1.38e+11  1.06e+11  8.28e+10  5.83e+10  3.74e+10  2.45e+10  1.16e+10  4.69e+09  2.28e+09  8.83e+08  4.76e+08  2.47e+08  1.24e+08  5.95e+07
O-O           ***       ***       ***       ***       ***       ***       ***       ***       ***       ***       ***       ***       ***       ***       ***       ***

W2->W1

P\T           500       600       700       800       900     1e+03   1.1e+03   1.2e+03   1.3e+03   1.4e+03   1.5e+03   1.6e+03   1.7e+03   1.8e+03   1.9e+03     2e+03
0.1      7.69e-13  1.97e-10  7.04e-09  9.82e-08   5.7e-06  0.000169   0.00339    0.0213    0.0823      0.18     0.316     0.465     0.659     0.812     0.866     0.785
1        1.76e-10  2.68e-08  1.13e-06   2.3e-05  0.000314   0.00351     0.031     0.128     0.356     0.656      1.06      1.51      2.14      2.77      3.28      3.51
10       1.51e-07  8.22e-06  0.000149   0.00147   0.00993    0.0458     0.181     0.527       1.2      2.03      3.18      4.45       6.3      8.29      10.2      11.7
100      4.54e-06  0.000207   0.00285    0.0199     0.093     0.296     0.783      1.77       3.4       5.5       8.5      11.9      16.8      22.3      27.8      32.9
O-O      3.07e-05   0.00215    0.0432     0.403      2.27      8.98      27.6      70.4       155       305       550       920  1.45e+03  2.17e+03  3.12e+03  4.33e+03

W2->P1

P\T           500       600       700       800       900     1e+03   1.1e+03   1.2e+03   1.3e+03   1.4e+03   1.5e+03   1.6e+03   1.7e+03   1.8e+03   1.9e+03     2e+03
0.1      1.66e+09  2.12e+09  2.33e+09  2.42e+09  2.42e+09   2.3e+09  2.24e+09  2.05e+09  1.97e+09  1.85e+09  1.69e+09   1.6e+09   1.5e+09  1.38e+09  1.29e+09   1.2e+09
1        3.27e+09  3.91e+09  4.14e+09  4.18e+09  4.08e+09  3.84e+09  3.67e+09  3.35e+09  3.17e+09  2.95e+09  2.69e+09  2.52e+09  2.35e+09  2.15e+09     2e+09  1.87e+09
10       6.08e+09  6.72e+09  6.81e+09  6.66e+09  6.35e+09   5.9e+09  5.53e+09  5.04e+09   4.7e+09  4.33e+09  3.94e+09  3.67e+09  3.39e+09  3.11e+09  2.88e+09  2.68e+09
100      9.17e+09  1.01e+10  1.02e+10  9.84e+09  9.28e+09  8.59e+09  7.94e+09  7.26e+09  6.67e+09  6.11e+09  5.59e+09  5.14e+09  4.75e+09  4.35e+09  4.02e+09  3.72e+09
O-O      1.02e+10  1.14e+10  1.17e+10  1.14e+10  1.09e+10  1.02e+10  9.44e+09  8.71e+09  8.02e+09  7.37e+09  6.78e+09  6.24e+09  5.74e+09   5.3e+09   4.9e+09  4.53e+09

P1->W1

P\T           500       600       700       800       900     1e+03   1.1e+03   1.2e+03   1.3e+03   1.4e+03   1.5e+03   1.6e+03   1.7e+03   1.8e+03   1.9e+03     2e+03
0.1      1.12e-26  4.24e-25  5.26e-24  3.48e-23  1.63e-22  5.03e-22  1.22e-21  2.37e-21  3.01e-21  2.75e-21  2.59e-21   1.7e-21  1.39e-21  8.57e-22  4.35e-22  1.77e-22
1        3.39e-26  1.31e-24  1.64e-23  1.09e-22  5.01e-22   1.5e-21  3.21e-21  5.37e-21  5.63e-21  4.59e-21  4.14e-21  2.73e-21  2.32e-21  1.66e-21  1.02e-21  4.71e-22
10       8.17e-26  3.24e-24  4.11e-23  2.66e-22  1.16e-21  3.22e-21  6.27e-21  9.73e-21  9.14e-21   6.9e-21  6.05e-21  3.96e-21  3.44e-21  2.68e-21   1.9e-21  1.19e-21
100      7.03e-26  3.06e-24  4.06e-23  2.64e-22  1.12e-21  3.09e-21  6.18e-21  1.06e-20  1.15e-20  9.52e-21  8.75e-21  5.96e-21  5.34e-21  4.41e-21  3.39e-21  2.42e-21
O-O           ***       ***       ***       ***       ***       ***       ***       ***       ***       ***       ***       ***       ***       ***       ***       ***

P1->W2

P\T           500       600       700       800       900     1e+03   1.1e+03   1.2e+03   1.3e+03   1.4e+03   1.5e+03   1.6e+03   1.7e+03   1.8e+03   1.9e+03     2e+03
0.1      3.91e-11   4.6e-11  5.05e-11  5.49e-11  5.88e-11  6.08e-11  6.48e-11  6.53e-11  6.92e-11  7.13e-11  7.17e-11  7.47e-11  7.68e-11  7.71e-11  7.86e-11  8.02e-11
1        7.72e-11  8.49e-11  8.99e-11  9.49e-11  9.95e-11  1.02e-10  1.06e-10  1.07e-10  1.12e-10  1.14e-10  1.14e-10  1.18e-10   1.2e-10  1.21e-10  1.23e-10  1.25e-10
10       1.43e-10  1.46e-10  1.48e-10  1.51e-10  1.55e-10  1.56e-10  1.61e-10  1.61e-10  1.65e-10  1.68e-10  1.68e-10  1.72e-10  1.74e-10  1.75e-10  1.77e-10  1.79e-10
100      2.16e-10  2.19e-10  2.21e-10  2.24e-10  2.26e-10  2.28e-10  2.31e-10  2.32e-10  2.35e-10  2.37e-10  2.38e-10  2.41e-10  2.44e-10  2.45e-10  2.47e-10  2.49e-10
O-O      2.41e-10  2.48e-10  2.54e-10   2.6e-10  2.65e-10   2.7e-10  2.74e-10  2.78e-10  2.82e-10  2.86e-10  2.89e-10  2.92e-10  2.95e-10  2.98e-10     3e-10  3.03e-10

W1-> 

P\T           500       600       700       800       900     1e+03   1.1e+03   1.2e+03   1.3e+03   1.4e+03   1.5e+03   1.6e+03   1.7e+03   1.8e+03   1.9e+03     2e+03
0.1       3.4e+10  2.53e+10  1.85e+10  1.44e+10  1.25e+10  9.89e+09  8.18e+09  7.22e+09  6.03e+09   4.8e+09  4.19e+09  3.48e+09  3.15e+09  2.63e+09     2e+09  1.34e+09
1        9.93e+10  7.57e+10  5.64e+10   4.4e+10   3.8e+10  3.02e+10   2.5e+10   2.2e+10  1.84e+10  1.48e+10  1.29e+10  1.09e+10  1.01e+10  8.93e+09  7.56e+09  6.01e+09
10       2.46e+11  1.96e+11   1.5e+11   1.2e+11  1.03e+11  8.34e+10  6.97e+10  6.14e+10  5.18e+10  4.22e+10   3.7e+10  3.15e+10  2.93e+10  2.66e+10  2.34e+10     2e+10
100      5.15e+11  4.34e+11  3.49e+11  2.86e+11   2.5e+11  2.06e+11  1.75e+11  1.55e+11  1.32e+11   1.1e+11  9.68e+10  8.35e+10  7.79e+10  7.13e+10   6.4e+10  5.63e+10
O-O      2.11e+12  2.68e+12  3.19e+12  3.66e+12  4.09e+12  4.48e+12  4.85e+12  5.19e+12  5.52e+12  5.82e+12  6.12e+12  6.39e+12  6.66e+12  6.92e+12  7.17e+12  7.41e+12

W2-> 

P\T           500       600       700       800       900     1e+03   1.1e+03   1.2e+03   1.3e+03   1.4e+03   1.5e+03   1.6e+03   1.7e+03   1.8e+03   1.9e+03     2e+03
0.1      1.66e+09  2.12e+09  2.33e+09  2.42e+09  2.42e+09   2.3e+09  2.24e+09  2.05e+09  1.97e+09  1.85e+09  1.69e+09   1.6e+09   1.5e+09  1.38e+09  1.29e+09   1.2e+09
1        3.27e+09  3.91e+09  4.14e+09  4.18e+09  4.08e+09  3.84e+09  3.67e+09  3.35e+09  3.17e+09  2.95e+09  2.69e+09  2.52e+09  2.35e+09  2.15e+09     2e+09  1.87e+09
10       6.08e+09  6.72e+09  6.81e+09  6.66e+09  6.35e+09   5.9e+09  5.53e+09  5.04e+09   4.7e+09  4.33e+09  3.94e+09  3.67e+09  3.39e+09  3.11e+09  2.88e+09  2.68e+09
100      9.17e+09  1.01e+10  1.02e+10  9.84e+09  9.28e+09  8.59e+09  7.94e+09  7.26e+09  6.67e+09  6.11e+09  5.59e+09  5.14e+09  4.75e+09  4.35e+09  4.02e+09  3.72e+09
O-O      1.02e+10  1.14e+10  1.17e+10  1.14e+10  1.09e+10  1.02e+10  9.44e+09  8.71e+09  8.02e+09  7.37e+09  6.78e+09  6.24e+09  5.74e+09   5.3e+09   4.9e+09  4.53e+09

P1-> 

P\T           500       600       700       800       900     1e+03   1.1e+03   1.2e+03   1.3e+03   1.4e+03   1.5e+03   1.6e+03   1.7e+03   1.8e+03   1.9e+03     2e+03
0.1      3.91e-11   4.6e-11  5.05e-11  5.49e-11  5.88e-11  6.08e-11  6.48e-11  6.53e-11  6.92e-11  7.13e-11  7.17e-11  7.47e-11  7.68e-11  7.71e-11  7.86e-11  8.02e-11
1        7.72e-11  8.49e-11  8.99e-11  9.49e-11  9.95e-11  1.02e-10  1.06e-10  1.07e-10  1.12e-10  1.14e-10  1.14e-10  1.18e-10   1.2e-10  1.21e-10  1.23e-10  1.25e-10
10       1.43e-10  1.46e-10  1.48e-10  1.51e-10  1.55e-10  1.56e-10  1.61e-10  1.61e-10  1.65e-10  1.68e-10  1.68e-10  1.72e-10  1.74e-10  1.75e-10  1.77e-10  1.79e-10
100      2.16e-10  2.19e-10  2.21e-10  2.24e-10  2.26e-10  2.28e-10  2.31e-10  2.32e-10  2.35e-10  2.37e-10  2.38e-10  2.41e-10  2.44e-10  2.45e-10  2.47e-10  2.49e-10
O-O      2.41e-10  2.48e-10  2.54e-10   2.6e-10  2.65e-10   2.7e-10  2.74e-10  2.78e-10  2.82e-10  2.86e-10  2.89e-10  2.92e-10  2.95e-10  2.98e-10     3e-10  3.03e-10

