Wells (G - ground energy, D - dissociation limit, kcal/mol):
                           W         G         D
                    S(2258)z         0       0.4
      FakeW-C3H4O(165)+OH(4)     -30.4     -27.4

Bimolecular Products (G - ground energy, kcal/mol):
                     P         G
      C3H4O(165)+OH(4)     -27.4

Well-to-Bimolecular Barriers (H/G - barrier height/well depth, kcal/mol)
                           B         H                      W         G                P
      FakeB-C3H4O(165)+OH(4)     -27.4 FakeW-C3H4O(165)+OH(4)     -30.4 C3H4O(165)+OH(4)

Well-to-Well Barriers (H/G - barrier height/well depth, kcal/mol):
           B         H                     W1        G1                     W2        G2
      ts_1_2       0.4               S(2258)z         0 FakeW-C3H4O(165)+OH(4)     -30.4

Bound Groups: dissociation barrier (name/ground energy, kcal/mol): wells (name/ground energy, kcal/mol):
     C1/-27.4:  FakeW-C3H4O(165)+OH(4)/-30.4

     B1/0.4:  S(2258)z/0

________________________________________________________________________________________

Names Translation Tables (<short name> - <original name>):
Wells:
   W1 - S(2258)z
   W2 - FakeW-C3H4O(165)+OH(4)
Bimolecular products:
   P1 - C3H4O(165)+OH(4)
Inner Barriers:
   B1 - ts_1_2
Outer Barriers:
   C1 - FakeB-C3H4O(165)+OH(4)
Unimolecular Rate Units: 1/sec;  Bimolecular Rate Units: cm^3/sec

______________________________________________________________________________________

Species-Species Rate Tables:

Temperature = 500 K

High Pressure Rate Coefficients:

From\To         W1        W2        P1
W1             ***  3.26e+12       ***
W2          0.0175       ***  4.83e+13
P1             ***   2.5e-10       ***

Temperature = 500 K    Pressure = 0.1 atm

From\To         W1        W2        P1
W1        1.33e+10 -8.55e+03  1.33e+10
W2       -1.03e-15  7.02e+09  7.02e+09
P1        3.62e-28  3.58e-14  3.58e-14

Temperature = 500 K    Pressure = 1 atm

From\To         W1        W2        P1
W1         5.9e+10 -3.27e+03   5.9e+10
W2       -1.72e-17  4.85e+10  4.85e+10
P1        1.63e-27  2.49e-13  2.49e-13

Temperature = 500 K    Pressure = 10 atm

From\To         W1        W2        P1
W1        2.06e+11  7.88e+04  2.06e+11
W2        1.12e-16  2.77e+11  2.77e+11
P1        5.73e-27  1.42e-12  1.42e-12

Temperature = 500 K    Pressure = 100 atm

From\To         W1        W2        P1
W1         5.6e+11  1.95e+06   5.6e+11
W2       -3.74e-16  1.24e+12  1.24e+12
P1        1.56e-26  6.41e-12  6.41e-12

Temperature = 600 K

High Pressure Rate Coefficients:

From\To         W1        W2        P1
W1             ***   3.9e+12       ***
W2            2.62       ***   6.5e+13
P1             ***  2.58e-10       ***

Temperature = 600 K    Pressure = 0.1 atm

From\To         W1        W2        P1
W1        1.19e+10 -3.16e+03  1.19e+10
W2       -4.66e-13  1.97e+10  1.97e+10
P1         3.1e-26  7.46e-14  7.46e-14

Temperature = 600 K    Pressure = 1 atm

From\To         W1        W2        P1
W1        5.17e+10  2.44e+04  5.17e+10
W2       -6.21e-15   1.2e+11   1.2e+11
P1        1.36e-25  4.63e-13  4.63e-13

Temperature = 600 K    Pressure = 10 atm

From\To         W1        W2        P1
W1         1.8e+11  3.96e+05   1.8e+11
W2        1.38e-11  5.91e+11  5.91e+11
P1        4.77e-25  2.32e-12  2.32e-12

Temperature = 600 K    Pressure = 100 atm

From\To         W1        W2        P1
W1        4.98e+11  4.85e+06  4.98e+11
W2       -6.38e-12  2.31e+12  2.31e+12
P1        1.32e-24  9.11e-12  9.11e-12

Temperature = 700 K

High Pressure Rate Coefficients:

From\To         W1        W2        P1
W1             ***  4.46e+12       ***
W2            92.2       ***  7.61e+13
P1             ***  2.64e-10       ***

Temperature = 700 K    Pressure = 0.1 atm

From\To         W1        W2        P1
W1        9.98e+09  3.14e+03  9.98e+09
W2        1.14e-09     4e+10     4e+10
P1           7e-25  1.25e-13  1.25e-13

Temperature = 700 K    Pressure = 1 atm

From\To         W1        W2        P1
W1        4.26e+10  3.75e+04  4.26e+10
W2       -4.27e-12  2.13e+11  2.13e+11
P1        3.03e-24  7.04e-13  7.04e-13

Temperature = 700 K    Pressure = 10 atm

From\To         W1        W2        P1
W1        1.49e+11  6.33e+05  1.49e+11
W2        1.41e-09   9.3e+11   9.3e+11
P1        1.06e-23  3.16e-12  3.16e-12

Temperature = 700 K    Pressure = 100 atm

From\To         W1        W2        P1
W1        4.22e+11  6.68e+06  4.22e+11
W2        6.15e-08  3.27e+12  3.27e+12
P1        3.03e-23  1.13e-11  1.13e-11

Temperature = 800 K

High Pressure Rate Coefficients:

From\To         W1        W2        P1
W1             ***  4.96e+12       ***
W2        1.32e+03       ***  8.23e+13
P1             ***   2.7e-10       ***

Temperature = 800 K    Pressure = 0.1 atm

From\To         W1        W2        P1
W1        8.23e+09  4.43e+03  8.23e+09
W2       -1.57e-08  8.24e+10  8.24e+10
P1        7.05e-24  2.19e-13  2.19e-13

Temperature = 800 K    Pressure = 1 atm

From\To         W1        W2        P1
W1        3.47e+10  6.55e+04  3.47e+10
W2       -3.94e-10  3.68e+11  3.68e+11
P1        3.02e-23   1.1e-12   1.1e-12

Temperature = 800 K    Pressure = 10 atm

From\To         W1        W2        P1
W1        1.22e+11   8.8e+05  1.22e+11
W2        6.48e-08   1.4e+12   1.4e+12
P1        1.06e-22  4.44e-12  4.44e-12

Temperature = 800 K    Pressure = 100 atm

From\To         W1        W2        P1
W1        3.53e+11  8.38e+06  3.53e+11
W2        3.03e-06  4.44e+12  4.44e+12
P1        3.09e-22  1.44e-11  1.44e-11

Temperature = 900 K

High Pressure Rate Coefficients:

From\To         W1        W2        P1
W1             ***  5.39e+12       ***
W2        1.05e+04       ***  8.47e+13
P1             ***  2.76e-10       ***

Temperature = 900 K    Pressure = 0.1 atm

From\To         W1        W2        P1
W1        6.97e+09       ***  6.97e+09
W2             ***       ***       ***
P1         4.3e-23       ***  2.13e-23

Temperature = 900 K    Pressure = 1 atm

From\To         W1        W2        P1
W1         2.9e+10  8.51e+04   2.9e+10
W2       -1.07e-08  5.42e+11  5.42e+11
P1        1.82e-22  1.54e-12  1.54e-12

Temperature = 900 K    Pressure = 10 atm

From\To         W1        W2        P1
W1        1.02e+11  1.02e+06  1.02e+11
W2        1.22e-06  1.82e+12  1.82e+12
P1        6.41e-22  5.65e-12  5.65e-12

Temperature = 900 K    Pressure = 100 atm

From\To         W1        W2        P1
W1           3e+11  9.12e+06     3e+11
W2        6.15e-05  5.32e+12  5.32e+12
P1        1.89e-21  1.71e-11  1.71e-11

Temperature = 1e+03 K

High Pressure Rate Coefficients:

From\To         W1        W2        P1
W1             ***  5.77e+12       ***
W2        5.45e+04       ***  8.45e+13
P1             ***  2.81e-10       ***

Temperature = 1e+03 K    Pressure = 0.1 atm

From\To         W1        W2        P1
W1        6.24e+09       ***  6.24e+09
W2             ***       ***       ***
P1        1.91e-22       ***  1.92e-22

Temperature = 1e+03 K    Pressure = 1 atm

From\To         W1        W2        P1
W1        2.56e+10  1.02e+05  2.56e+10
W2       -1.84e-07  7.07e+11  7.07e+11
P1        7.95e-22  1.98e-12  1.98e-12

Temperature = 1e+03 K    Pressure = 10 atm

From\To         W1        W2        P1
W1        8.94e+10  1.12e+06  8.94e+10
W2        1.34e-05  2.15e+12  2.15e+12
P1         2.8e-21  6.74e-12  6.74e-12

Temperature = 1e+03 K    Pressure = 100 atm

From\To         W1        W2        P1
W1        2.65e+11  9.44e+06  2.65e+11
W2        0.000713  5.91e+12  5.91e+12
P1        8.32e-21  1.93e-11  1.93e-11

Temperature = 1.1e+03 K

High Pressure Rate Coefficients:

From\To         W1        W2        P1
W1             ***  6.11e+12       ***
W2         2.1e+05       ***  8.26e+13
P1             ***  2.85e-10       ***

Temperature = 1.1e+03 K    Pressure = 0.1 atm

From\To         W1        W2        P1
W1         5.2e+09       ***   5.2e+09
W2             ***       ***       ***
P1        6.03e-22       ***  5.93e-22

Temperature = 1.1e+03 K    Pressure = 1 atm

From\To         W1        W2        P1
W1        2.12e+10  1.11e+05  2.12e+10
W2        1.47e-06  8.82e+11  8.82e+11
P1        2.49e-21  2.47e-12  2.47e-12

Temperature = 1.1e+03 K    Pressure = 10 atm

From\To         W1        W2        P1
W1        7.46e+10  1.12e+06  7.46e+10
W2        9.87e-05  2.46e+12  2.46e+12
P1        8.83e-21  7.96e-12  7.96e-12

Temperature = 1.1e+03 K    Pressure = 100 atm

From\To         W1        W2        P1
W1        2.25e+11  9.19e+06  2.25e+11
W2         0.00558  6.42e+12  6.42e+12
P1        2.66e-20  2.18e-11  2.18e-11

Temperature = 1.2e+03 K

High Pressure Rate Coefficients:

From\To         W1        W2        P1
W1             ***  6.42e+12       ***
W2        6.47e+05       ***  7.97e+13
P1             ***  2.89e-10       ***

Temperature = 1.2e+03 K    Pressure = 0.1 atm

From\To         W1        W2        P1
W1        4.75e+09       ***  4.75e+09
W2             ***       ***       ***
P1        1.69e-21       ***   1.7e-21

Temperature = 1.2e+03 K    Pressure = 1 atm

From\To         W1        W2        P1
W1        1.92e+10       ***  1.92e+10
W2             ***       ***       ***
P1        6.94e-21       ***  6.93e-21

Temperature = 1.2e+03 K    Pressure = 10 atm

From\To         W1        W2        P1
W1        6.72e+10  1.15e+06  6.72e+10
W2        0.000579  2.68e+12  2.68e+12
P1        2.45e-20  9.06e-12  9.06e-12

Temperature = 1.2e+03 K    Pressure = 100 atm

From\To         W1        W2        P1
W1        2.03e+11  9.23e+06  2.03e+11
W2          0.0337  6.71e+12  6.71e+12
P1        7.42e-20  2.39e-11  2.39e-11

Temperature = 1.3e+03 K

High Pressure Rate Coefficients:

From\To         W1        W2        P1
W1             ***   6.7e+12       ***
W2        1.67e+06       ***  7.61e+13
P1             ***  2.93e-10       ***

Temperature = 1.3e+03 K    Pressure = 0.1 atm

From\To         W1        W2        P1
W1        4.13e+09       ***  4.13e+09
W2             ***       ***       ***
P1        3.87e-21       ***  3.86e-21

Temperature = 1.3e+03 K    Pressure = 1 atm

From\To         W1        W2        P1
W1        1.66e+10       ***  1.66e+10
W2             ***       ***       ***
P1        1.58e-20       ***  1.57e-20

Temperature = 1.3e+03 K    Pressure = 10 atm

From\To         W1        W2        P1
W1        5.83e+10  1.08e+06  5.83e+10
W2         0.00313  2.76e+12  2.76e+12
P1        5.58e-20  9.82e-12  9.82e-12

Temperature = 1.3e+03 K    Pressure = 100 atm

From\To         W1        W2        P1
W1        1.78e+11  8.79e+06  1.78e+11
W2           0.174  6.69e+12  6.69e+12
P1        1.71e-19  2.53e-11  2.53e-11

Temperature = 1.4e+03 K

High Pressure Rate Coefficients:

From\To         W1        W2        P1
W1             ***  6.96e+12       ***
W2        3.77e+06       ***  7.23e+13
P1             ***  2.97e-10       ***

Temperature = 1.4e+03 K    Pressure = 0.1 atm

From\To         W1        W2        P1
W1        4.02e+09       ***  4.02e+09
W2             ***       ***       ***
P1        8.71e-21       ***  8.71e-21

Temperature = 1.4e+03 K    Pressure = 1 atm

From\To         W1        W2        P1
W1        1.59e+10       ***  1.59e+10
W2             ***       ***       ***
P1        3.51e-20       ***   3.5e-20

Temperature = 1.4e+03 K    Pressure = 10 atm

From\To         W1        W2        P1
W1        5.56e+10  1.34e+06  5.56e+10
W2           0.025   2.9e+12   2.9e+12
P1        1.23e-19  1.09e-11  1.09e-11

Temperature = 1.4e+03 K    Pressure = 100 atm

From\To         W1        W2        P1
W1        1.69e+11  1.08e+07  1.69e+11
W2            1.19  6.81e+12  6.81e+12
P1        3.75e-19  2.74e-11  2.74e-11

Temperature = 1.5e+03 K

High Pressure Rate Coefficients:

From\To         W1        W2        P1
W1             ***   7.2e+12       ***
W2        7.62e+06       ***  6.83e+13
P1             ***     3e-10       ***

Temperature = 1.5e+03 K    Pressure = 0.1 atm

From\To         W1        W2        P1
W1        3.78e+09       ***  3.78e+09
W2             ***       ***       ***
P1        1.71e-20       ***  1.71e-20

Temperature = 1.5e+03 K    Pressure = 1 atm

From\To         W1        W2        P1
W1        1.49e+10       ***  1.49e+10
W2             ***       ***       ***
P1        6.83e-20       ***  6.83e-20

Temperature = 1.5e+03 K    Pressure = 10 atm

From\To         W1        W2        P1
W1        5.17e+10  2.51e+06  5.17e+10
W2           0.251  3.09e+12  3.09e+12
P1        2.39e-19  1.24e-11  1.24e-11

Temperature = 1.5e+03 K    Pressure = 100 atm

From\To         W1        W2        P1
W1        1.57e+11   2.1e+07  1.57e+11
W2            10.5  7.02e+12  7.02e+12
P1         7.3e-19  3.02e-11  3.02e-11

Temperature = 1.6e+03 K

High Pressure Rate Coefficients:

From\To         W1        W2        P1
W1             ***  7.43e+12       ***
W2        1.41e+07       ***  6.45e+13
P1             ***  3.03e-10       ***

Temperature = 1.6e+03 K    Pressure = 0.1 atm

From\To         W1        W2        P1
W1        3.45e+09       ***  3.45e+09
W2             ***       ***       ***
P1           3e-20       ***     3e-20

Temperature = 1.6e+03 K    Pressure = 1 atm

From\To         W1        W2        P1
W1        1.35e+10       ***  1.35e+10
W2             ***       ***       ***
P1        1.19e-19       ***  1.19e-19

Temperature = 1.6e+03 K    Pressure = 10 atm

From\To         W1        W2        P1
W1        4.69e+10  5.37e+06  4.69e+10
W2            1.81  3.06e+12  3.06e+12
P1        4.18e-19  1.31e-11  1.31e-11

Temperature = 1.6e+03 K    Pressure = 100 atm

From\To         W1        W2        P1
W1        1.44e+11  5.19e+07  1.43e+11
W2            67.5  6.85e+12  6.85e+12
P1        1.28e-18  3.15e-11  3.15e-11

Temperature = 1.7e+03 K

High Pressure Rate Coefficients:

From\To         W1        W2        P1
W1             ***  7.64e+12       ***
W2        2.43e+07       ***  6.07e+13
P1             ***  3.06e-10       ***

Temperature = 1.7e+03 K    Pressure = 0.1 atm

From\To         W1        W2        P1
W1        3.03e+09       ***  3.03e+09
W2             ***       ***       ***
P1        4.76e-20       ***  4.75e-20

Temperature = 1.7e+03 K    Pressure = 1 atm

From\To         W1        W2        P1
W1        1.19e+10       ***  1.19e+10
W2             ***       ***       ***
P1        1.89e-19       ***  1.89e-19

Temperature = 1.7e+03 K    Pressure = 10 atm

From\To         W1        W2        P1
W1        4.17e+10  1.12e+07  4.16e+10
W2            11.5  3.04e+12  3.04e+12
P1        6.67e-19  1.41e-11  1.41e-11

Temperature = 1.7e+03 K    Pressure = 100 atm

From\To         W1        W2        P1
W1        1.29e+11  1.39e+08  1.28e+11
W2             368  6.74e+12  6.74e+12
P1        2.06e-18  3.34e-11  3.34e-11

Temperature = 1.8e+03 K

High Pressure Rate Coefficients:

From\To         W1        W2        P1
W1             ***  7.84e+12       ***
W2        3.94e+07       ***  5.71e+13
P1             ***  3.09e-10       ***

Temperature = 1.8e+03 K    Pressure = 0.1 atm

From\To         W1        W2        P1
W1        2.64e+09       ***  2.64e+09
W2             ***       ***       ***
P1        6.99e-20       ***  6.99e-20

Temperature = 1.8e+03 K    Pressure = 1 atm

From\To         W1        W2        P1
W1        1.04e+10       ***  1.04e+10
W2             ***       ***       ***
P1        2.79e-19       ***  2.79e-19

Temperature = 1.8e+03 K    Pressure = 10 atm

From\To         W1        W2        P1
W1        3.64e+10  2.51e+07  3.64e+10
W2            49.6  2.87e+12  2.87e+12
P1        9.86e-19  1.42e-11  1.42e-11

Temperature = 1.8e+03 K    Pressure = 100 atm

From\To         W1        W2        P1
W1        1.13e+11  3.02e+08  1.13e+11
W2         1.3e+03  6.28e+12  6.28e+12
P1        3.07e-18  3.33e-11  3.33e-11

Temperature = 1.9e+03 K

High Pressure Rate Coefficients:

From\To         W1        W2        P1
W1             ***  8.04e+12       ***
W2        6.06e+07       ***  5.37e+13
P1             ***  3.12e-10       ***

Temperature = 1.9e+03 K    Pressure = 0.1 atm

From\To         W1        W2        P1
W1        2.63e+09       ***  2.63e+09
W2             ***       ***       ***
P1        1.12e-19       ***  1.12e-19

Temperature = 1.9e+03 K    Pressure = 1 atm

From\To         W1        W2        P1
W1        1.02e+10       ***  1.02e+10
W2             ***       ***       ***
P1        4.44e-19       ***  4.44e-19

Temperature = 1.9e+03 K    Pressure = 10 atm

From\To         W1        W2        P1
W1        3.57e+10  6.58e+07  3.56e+10
W2             247  2.92e+12  2.92e+12
P1        1.56e-18  1.54e-11  1.54e-11

Temperature = 1.9e+03 K    Pressure = 100 atm

From\To         W1        W2        P1
W1        1.11e+11  7.48e+08   1.1e+11
W2        5.03e+03  6.27e+12  6.27e+12
P1        4.82e-18  3.56e-11  3.56e-11

Temperature = 2e+03 K

High Pressure Rate Coefficients:

From\To         W1        W2        P1
W1             ***  8.22e+12       ***
W2        8.94e+07       ***  5.05e+13
P1             ***  3.15e-10       ***

Temperature = 2e+03 K    Pressure = 0.1 atm

From\To         W1        W2        P1
W1        2.18e+09       ***  2.18e+09
W2             ***       ***       ***
P1        1.44e-19       ***  1.44e-19

Temperature = 2e+03 K    Pressure = 1 atm

From\To         W1        W2        P1
W1        8.56e+09       ***  8.56e+09
W2             ***       ***       ***
P1        5.74e-19       ***  5.74e-19

Temperature = 2e+03 K    Pressure = 10 atm

From\To         W1        W2        P1
W1        3.02e+10  1.23e+08  3.01e+10
W2             792  2.78e+12  2.78e+12
P1        2.04e-18  1.57e-11  1.57e-11

Temperature = 2e+03 K    Pressure = 100 atm

From\To         W1        W2        P1
W1        9.49e+10  1.32e+09  9.36e+10
W2        1.31e+04  5.93e+12  5.93e+12
P1        6.35e-18  3.61e-11  3.61e-11

______________________________________________________________________________________

High Pressure Rate Coefficients (Temperature-Species Rate Tables):

Reactant = W1
   T(K)        W1        W2        P1
    500       ***  3.26e+12       ***
    600       ***   3.9e+12       ***
    700       ***  4.46e+12       ***
    800       ***  4.96e+12       ***
    900       ***  5.39e+12       ***
  1e+03       ***  5.77e+12       ***
1.1e+03       ***  6.11e+12       ***
1.2e+03       ***  6.42e+12       ***
1.3e+03       ***   6.7e+12       ***
1.4e+03       ***  6.96e+12       ***
1.5e+03       ***   7.2e+12       ***
1.6e+03       ***  7.43e+12       ***
1.7e+03       ***  7.64e+12       ***
1.8e+03       ***  7.84e+12       ***
1.9e+03       ***  8.04e+12       ***
  2e+03       ***  8.22e+12       ***

Reactant = W2
   T(K)        W1        W2        P1
    500    0.0175       ***  4.83e+13
    600      2.62       ***   6.5e+13
    700      92.2       ***  7.61e+13
    800  1.32e+03       ***  8.23e+13
    900  1.05e+04       ***  8.47e+13
  1e+03  5.45e+04       ***  8.45e+13
1.1e+03   2.1e+05       ***  8.26e+13
1.2e+03  6.47e+05       ***  7.97e+13
1.3e+03  1.67e+06       ***  7.61e+13
1.4e+03  3.77e+06       ***  7.23e+13
1.5e+03  7.62e+06       ***  6.83e+13
1.6e+03  1.41e+07       ***  6.45e+13
1.7e+03  2.43e+07       ***  6.07e+13
1.8e+03  3.94e+07       ***  5.71e+13
1.9e+03  6.06e+07       ***  5.37e+13
  2e+03  8.94e+07       ***  5.05e+13

Reactant = P1
   T(K)        W1        W2        P1
    500       ***   2.5e-10       ***
    600       ***  2.58e-10       ***
    700       ***  2.64e-10       ***
    800       ***   2.7e-10       ***
    900       ***  2.76e-10       ***
  1e+03       ***  2.81e-10       ***
1.1e+03       ***  2.85e-10       ***
1.2e+03       ***  2.89e-10       ***
1.3e+03       ***  2.93e-10       ***
1.4e+03       ***  2.97e-10       ***
1.5e+03       ***     3e-10       ***
1.6e+03       ***  3.03e-10       ***
1.7e+03       ***  3.06e-10       ***
1.8e+03       ***  3.09e-10       ***
1.9e+03       ***  3.12e-10       ***
  2e+03       ***  3.15e-10       ***

Capture/Escape Rate Coefficients:

   T(K)        W1        W2        P1
    500  3.26e+12  4.83e+13   2.5e-10
    600   3.9e+12   6.5e+13  2.58e-10
    700  4.46e+12  7.61e+13  2.64e-10
    800  4.96e+12  8.23e+13   2.7e-10
    900  5.39e+12  8.47e+13  2.76e-10
  1e+03  5.77e+12  8.45e+13  2.81e-10
1.1e+03  6.11e+12  8.26e+13  2.85e-10
1.2e+03  6.42e+12  7.97e+13  2.89e-10
1.3e+03   6.7e+12  7.61e+13  2.93e-10
1.4e+03  6.96e+12  7.23e+13  2.97e-10
1.5e+03   7.2e+12  6.83e+13     3e-10
1.6e+03  7.43e+12  6.45e+13  3.03e-10
1.7e+03  7.64e+12  6.07e+13  3.06e-10
1.8e+03  7.84e+12  5.71e+13  3.09e-10
1.9e+03  8.04e+12  5.37e+13  3.12e-10
  2e+03  8.22e+12  5.05e+13  3.15e-10

______________________________________________________________________________________

Pressure-Species Rate Tables:

Reactant = W1   Temperature = 500 K

   P(atm)        W2        P1      Loss
      0.1 -8.55e+03  1.33e+10  1.33e+10
        1 -3.27e+03   5.9e+10   5.9e+10
       10  7.88e+04  2.06e+11  2.06e+11
      100  1.95e+06   5.6e+11   5.6e+11
      O-O  3.26e+12       ***  3.26e+12

Reactant = W1   Temperature = 600 K

   P(atm)        W2        P1      Loss
      0.1 -3.16e+03  1.19e+10  1.19e+10
        1  2.44e+04  5.17e+10  5.17e+10
       10  3.96e+05   1.8e+11   1.8e+11
      100  4.85e+06  4.98e+11  4.98e+11
      O-O   3.9e+12       ***   3.9e+12

Reactant = W1   Temperature = 700 K

   P(atm)        W2        P1      Loss
      0.1  3.14e+03  9.98e+09  9.98e+09
        1  3.75e+04  4.26e+10  4.26e+10
       10  6.33e+05  1.49e+11  1.49e+11
      100  6.68e+06  4.22e+11  4.22e+11
      O-O  4.46e+12       ***  4.46e+12

Reactant = W1   Temperature = 800 K

   P(atm)        W2        P1      Loss
      0.1  4.43e+03  8.23e+09  8.23e+09
        1  6.55e+04  3.47e+10  3.47e+10
       10   8.8e+05  1.22e+11  1.22e+11
      100  8.38e+06  3.53e+11  3.53e+11
      O-O  4.96e+12       ***  4.96e+12

Reactant = W1   Temperature = 900 K

   P(atm)        W2        P1      Loss
      0.1       ***  6.97e+09  6.97e+09
        1  8.51e+04   2.9e+10   2.9e+10
       10  1.02e+06  1.02e+11  1.02e+11
      100  9.12e+06     3e+11     3e+11
      O-O  5.39e+12       ***  5.39e+12

Reactant = W1   Temperature = 1e+03 K

   P(atm)        W2        P1      Loss
      0.1       ***  6.24e+09  6.24e+09
        1  1.02e+05  2.56e+10  2.56e+10
       10  1.12e+06  8.94e+10  8.94e+10
      100  9.44e+06  2.65e+11  2.65e+11
      O-O  5.77e+12       ***  5.77e+12

Reactant = W1   Temperature = 1.1e+03 K

   P(atm)        W2        P1      Loss
      0.1       ***   5.2e+09   5.2e+09
        1  1.11e+05  2.12e+10  2.12e+10
       10  1.12e+06  7.46e+10  7.46e+10
      100  9.19e+06  2.25e+11  2.25e+11
      O-O  6.11e+12       ***  6.11e+12

Reactant = W1   Temperature = 1.2e+03 K

   P(atm)        W2        P1      Loss
      0.1       ***  4.75e+09  4.75e+09
        1       ***  1.92e+10  1.92e+10
       10  1.15e+06  6.72e+10  6.72e+10
      100  9.23e+06  2.03e+11  2.03e+11
      O-O  6.42e+12       ***  6.42e+12

Reactant = W1   Temperature = 1.3e+03 K

   P(atm)        W2        P1      Loss
      0.1       ***  4.13e+09  4.13e+09
        1       ***  1.66e+10  1.66e+10
       10  1.08e+06  5.83e+10  5.83e+10
      100  8.79e+06  1.78e+11  1.78e+11
      O-O   6.7e+12       ***   6.7e+12

Reactant = W1   Temperature = 1.4e+03 K

   P(atm)        W2        P1      Loss
      0.1       ***  4.02e+09  4.02e+09
        1       ***  1.59e+10  1.59e+10
       10  1.34e+06  5.56e+10  5.56e+10
      100  1.08e+07  1.69e+11  1.69e+11
      O-O  6.96e+12       ***  6.96e+12

Reactant = W1   Temperature = 1.5e+03 K

   P(atm)        W2        P1      Loss
      0.1       ***  3.78e+09  3.78e+09
        1       ***  1.49e+10  1.49e+10
       10  2.51e+06  5.17e+10  5.17e+10
      100   2.1e+07  1.57e+11  1.57e+11
      O-O   7.2e+12       ***   7.2e+12

Reactant = W1   Temperature = 1.6e+03 K

   P(atm)        W2        P1      Loss
      0.1       ***  3.45e+09  3.45e+09
        1       ***  1.35e+10  1.35e+10
       10  5.37e+06  4.69e+10  4.69e+10
      100  5.19e+07  1.43e+11  1.44e+11
      O-O  7.43e+12       ***  7.43e+12

Reactant = W1   Temperature = 1.7e+03 K

   P(atm)        W2        P1      Loss
      0.1       ***  3.03e+09  3.03e+09
        1       ***  1.19e+10  1.19e+10
       10  1.12e+07  4.16e+10  4.17e+10
      100  1.39e+08  1.28e+11  1.29e+11
      O-O  7.64e+12       ***  7.64e+12

Reactant = W1   Temperature = 1.8e+03 K

   P(atm)        W2        P1      Loss
      0.1       ***  2.64e+09  2.64e+09
        1       ***  1.04e+10  1.04e+10
       10  2.51e+07  3.64e+10  3.64e+10
      100  3.02e+08  1.13e+11  1.13e+11
      O-O  7.84e+12       ***  7.84e+12

Reactant = W1   Temperature = 1.9e+03 K

   P(atm)        W2        P1      Loss
      0.1       ***  2.63e+09  2.63e+09
        1       ***  1.02e+10  1.02e+10
       10  6.58e+07  3.56e+10  3.57e+10
      100  7.48e+08   1.1e+11  1.11e+11
      O-O  8.04e+12       ***  8.04e+12

Reactant = W1   Temperature = 2e+03 K

   P(atm)        W2        P1      Loss
      0.1       ***  2.18e+09  2.18e+09
        1       ***  8.56e+09  8.56e+09
       10  1.23e+08  3.01e+10  3.02e+10
      100  1.32e+09  9.36e+10  9.49e+10
      O-O  8.22e+12       ***  8.22e+12

Reactant = W2   Temperature = 500 K

   P(atm)        W1        P1      Loss
      0.1 -1.03e-15  7.02e+09  7.02e+09
        1 -1.72e-17  4.85e+10  4.85e+10
       10  1.12e-16  2.77e+11  2.77e+11
      100 -3.74e-16  1.24e+12  1.24e+12
      O-O    0.0175  4.83e+13  4.83e+13

Reactant = W2   Temperature = 600 K

   P(atm)        W1        P1      Loss
      0.1 -4.66e-13  1.97e+10  1.97e+10
        1 -6.21e-15   1.2e+11   1.2e+11
       10  1.38e-11  5.91e+11  5.91e+11
      100 -6.38e-12  2.31e+12  2.31e+12
      O-O      2.62   6.5e+13   6.5e+13

Reactant = W2   Temperature = 700 K

   P(atm)        W1        P1      Loss
      0.1  1.14e-09     4e+10     4e+10
        1 -4.27e-12  2.13e+11  2.13e+11
       10  1.41e-09   9.3e+11   9.3e+11
      100  6.15e-08  3.27e+12  3.27e+12
      O-O      92.2  7.61e+13  7.61e+13

Reactant = W2   Temperature = 800 K

   P(atm)        W1        P1      Loss
      0.1 -1.57e-08  8.24e+10  8.24e+10
        1 -3.94e-10  3.68e+11  3.68e+11
       10  6.48e-08   1.4e+12   1.4e+12
      100  3.03e-06  4.44e+12  4.44e+12
      O-O  1.32e+03  8.23e+13  8.23e+13

Reactant = W2   Temperature = 900 K

   P(atm)        W1        P1      Loss
      0.1       ***       ***       ***
        1 -1.07e-08  5.42e+11  5.42e+11
       10  1.22e-06  1.82e+12  1.82e+12
      100  6.15e-05  5.32e+12  5.32e+12
      O-O  1.05e+04  8.47e+13  8.47e+13

Reactant = W2   Temperature = 1e+03 K

   P(atm)        W1        P1      Loss
      0.1       ***       ***       ***
        1 -1.84e-07  7.07e+11  7.07e+11
       10  1.34e-05  2.15e+12  2.15e+12
      100  0.000713  5.91e+12  5.91e+12
      O-O  5.45e+04  8.45e+13  8.45e+13

Reactant = W2   Temperature = 1.1e+03 K

   P(atm)        W1        P1      Loss
      0.1       ***       ***       ***
        1  1.47e-06  8.82e+11  8.82e+11
       10  9.87e-05  2.46e+12  2.46e+12
      100   0.00558  6.42e+12  6.42e+12
      O-O   2.1e+05  8.26e+13  8.26e+13

Reactant = W2   Temperature = 1.2e+03 K

   P(atm)        W1        P1      Loss
      0.1       ***       ***       ***
        1       ***       ***       ***
       10  0.000579  2.68e+12  2.68e+12
      100    0.0337  6.71e+12  6.71e+12
      O-O  6.47e+05  7.97e+13  7.97e+13

Reactant = W2   Temperature = 1.3e+03 K

   P(atm)        W1        P1      Loss
      0.1       ***       ***       ***
        1       ***       ***       ***
       10   0.00313  2.76e+12  2.76e+12
      100     0.174  6.69e+12  6.69e+12
      O-O  1.67e+06  7.61e+13  7.61e+13

Reactant = W2   Temperature = 1.4e+03 K

   P(atm)        W1        P1      Loss
      0.1       ***       ***       ***
        1       ***       ***       ***
       10     0.025   2.9e+12   2.9e+12
      100      1.19  6.81e+12  6.81e+12
      O-O  3.77e+06  7.23e+13  7.23e+13

Reactant = W2   Temperature = 1.5e+03 K

   P(atm)        W1        P1      Loss
      0.1       ***       ***       ***
        1       ***       ***       ***
       10     0.251  3.09e+12  3.09e+12
      100      10.5  7.02e+12  7.02e+12
      O-O  7.62e+06  6.83e+13  6.83e+13

Reactant = W2   Temperature = 1.6e+03 K

   P(atm)        W1        P1      Loss
      0.1       ***       ***       ***
        1       ***       ***       ***
       10      1.81  3.06e+12  3.06e+12
      100      67.5  6.85e+12  6.85e+12
      O-O  1.41e+07  6.45e+13  6.45e+13

Reactant = W2   Temperature = 1.7e+03 K

   P(atm)        W1        P1      Loss
      0.1       ***       ***       ***
        1       ***       ***       ***
       10      11.5  3.04e+12  3.04e+12
      100       368  6.74e+12  6.74e+12
      O-O  2.43e+07  6.07e+13  6.07e+13

Reactant = W2   Temperature = 1.8e+03 K

   P(atm)        W1        P1      Loss
      0.1       ***       ***       ***
        1       ***       ***       ***
       10      49.6  2.87e+12  2.87e+12
      100   1.3e+03  6.28e+12  6.28e+12
      O-O  3.94e+07  5.71e+13  5.71e+13

Reactant = W2   Temperature = 1.9e+03 K

   P(atm)        W1        P1      Loss
      0.1       ***       ***       ***
        1       ***       ***       ***
       10       247  2.92e+12  2.92e+12
      100  5.03e+03  6.27e+12  6.27e+12
      O-O  6.06e+07  5.37e+13  5.37e+13

Reactant = W2   Temperature = 2e+03 K

   P(atm)        W1        P1      Loss
      0.1       ***       ***       ***
        1       ***       ***       ***
       10       792  2.78e+12  2.78e+12
      100  1.31e+04  5.93e+12  5.93e+12
      O-O  8.94e+07  5.05e+13  5.05e+13

Reactant = P1   Temperature = 500 K

   P(atm)        W1        W2      Loss
      0.1  3.62e-28  3.58e-14  3.58e-14
        1  1.63e-27  2.49e-13  2.49e-13
       10  5.73e-27  1.42e-12  1.42e-12
      100  1.56e-26  6.41e-12  6.41e-12
      O-O       ***   2.5e-10   2.5e-10

Reactant = P1   Temperature = 600 K

   P(atm)        W1        W2      Loss
      0.1   3.1e-26  7.46e-14  7.46e-14
        1  1.36e-25  4.63e-13  4.63e-13
       10  4.77e-25  2.32e-12  2.32e-12
      100  1.32e-24  9.11e-12  9.11e-12
      O-O       ***  2.58e-10  2.58e-10

Reactant = P1   Temperature = 700 K

   P(atm)        W1        W2      Loss
      0.1     7e-25  1.25e-13  1.25e-13
        1  3.03e-24  7.04e-13  7.04e-13
       10  1.06e-23  3.16e-12  3.16e-12
      100  3.03e-23  1.13e-11  1.13e-11
      O-O       ***  2.64e-10  2.64e-10

Reactant = P1   Temperature = 800 K

   P(atm)        W1        W2      Loss
      0.1  7.05e-24  2.19e-13  2.19e-13
        1  3.02e-23   1.1e-12   1.1e-12
       10  1.06e-22  4.44e-12  4.44e-12
      100  3.09e-22  1.44e-11  1.44e-11
      O-O       ***   2.7e-10   2.7e-10

Reactant = P1   Temperature = 900 K

   P(atm)        W1        W2      Loss
      0.1   4.3e-23       ***  2.13e-23
        1  1.82e-22  1.54e-12  1.54e-12
       10  6.41e-22  5.65e-12  5.65e-12
      100  1.89e-21  1.71e-11  1.71e-11
      O-O       ***  2.76e-10  2.76e-10

Reactant = P1   Temperature = 1e+03 K

   P(atm)        W1        W2      Loss
      0.1  1.91e-22       ***  1.92e-22
        1  7.95e-22  1.98e-12  1.98e-12
       10   2.8e-21  6.74e-12  6.74e-12
      100  8.32e-21  1.93e-11  1.93e-11
      O-O       ***  2.81e-10  2.81e-10

Reactant = P1   Temperature = 1.1e+03 K

   P(atm)        W1        W2      Loss
      0.1  6.03e-22       ***  5.93e-22
        1  2.49e-21  2.47e-12  2.47e-12
       10  8.83e-21  7.96e-12  7.96e-12
      100  2.66e-20  2.18e-11  2.18e-11
      O-O       ***  2.85e-10  2.85e-10

Reactant = P1   Temperature = 1.2e+03 K

   P(atm)        W1        W2      Loss
      0.1  1.69e-21       ***   1.7e-21
        1  6.94e-21       ***  6.93e-21
       10  2.45e-20  9.06e-12  9.06e-12
      100  7.42e-20  2.39e-11  2.39e-11
      O-O       ***  2.89e-10  2.89e-10

Reactant = P1   Temperature = 1.3e+03 K

   P(atm)        W1        W2      Loss
      0.1  3.87e-21       ***  3.86e-21
        1  1.58e-20       ***  1.57e-20
       10  5.58e-20  9.82e-12  9.82e-12
      100  1.71e-19  2.53e-11  2.53e-11
      O-O       ***  2.93e-10  2.93e-10

Reactant = P1   Temperature = 1.4e+03 K

   P(atm)        W1        W2      Loss
      0.1  8.71e-21       ***  8.71e-21
        1  3.51e-20       ***   3.5e-20
       10  1.23e-19  1.09e-11  1.09e-11
      100  3.75e-19  2.74e-11  2.74e-11
      O-O       ***  2.97e-10  2.97e-10

Reactant = P1   Temperature = 1.5e+03 K

   P(atm)        W1        W2      Loss
      0.1  1.71e-20       ***  1.71e-20
        1  6.83e-20       ***  6.83e-20
       10  2.39e-19  1.24e-11  1.24e-11
      100   7.3e-19  3.02e-11  3.02e-11
      O-O       ***     3e-10     3e-10

Reactant = P1   Temperature = 1.6e+03 K

   P(atm)        W1        W2      Loss
      0.1     3e-20       ***     3e-20
        1  1.19e-19       ***  1.19e-19
       10  4.18e-19  1.31e-11  1.31e-11
      100  1.28e-18  3.15e-11  3.15e-11
      O-O       ***  3.03e-10  3.03e-10

Reactant = P1   Temperature = 1.7e+03 K

   P(atm)        W1        W2      Loss
      0.1  4.76e-20       ***  4.75e-20
        1  1.89e-19       ***  1.89e-19
       10  6.67e-19  1.41e-11  1.41e-11
      100  2.06e-18  3.34e-11  3.34e-11
      O-O       ***  3.06e-10  3.06e-10

Reactant = P1   Temperature = 1.8e+03 K

   P(atm)        W1        W2      Loss
      0.1  6.99e-20       ***  6.99e-20
        1  2.79e-19       ***  2.79e-19
       10  9.86e-19  1.42e-11  1.42e-11
      100  3.07e-18  3.33e-11  3.33e-11
      O-O       ***  3.09e-10  3.09e-10

Reactant = P1   Temperature = 1.9e+03 K

   P(atm)        W1        W2      Loss
      0.1  1.12e-19       ***  1.12e-19
        1  4.44e-19       ***  4.44e-19
       10  1.56e-18  1.54e-11  1.54e-11
      100  4.82e-18  3.56e-11  3.56e-11
      O-O       ***  3.12e-10  3.12e-10

Reactant = P1   Temperature = 2e+03 K

   P(atm)        W1        W2      Loss
      0.1  1.44e-19       ***  1.44e-19
        1  5.74e-19       ***  5.74e-19
       10  2.04e-18  1.57e-11  1.57e-11
      100  6.35e-18  3.61e-11  3.61e-11
      O-O       ***  3.15e-10  3.15e-10

______________________________________________________________________________________

Temperature-Species Rate Tables:

Reactant = W1   Pressure = 0.1 atm

   T(K)        W2        P1      Loss   Capture
    500 -8.55e+03  1.33e+10  1.33e+10  3.26e+12
    600 -3.16e+03  1.19e+10  1.19e+10   3.9e+12
    700  3.14e+03  9.98e+09  9.98e+09  4.46e+12
    800  4.43e+03  8.23e+09  8.23e+09  4.96e+12
    900       ***  6.97e+09  6.97e+09  5.39e+12
  1e+03       ***  6.24e+09  6.24e+09  5.77e+12
1.1e+03       ***   5.2e+09   5.2e+09  6.11e+12
1.2e+03       ***  4.75e+09  4.75e+09  6.42e+12
1.3e+03       ***  4.13e+09  4.13e+09   6.7e+12
1.4e+03       ***  4.02e+09  4.02e+09  6.96e+12
1.5e+03       ***  3.78e+09  3.78e+09   7.2e+12
1.6e+03       ***  3.45e+09  3.45e+09  7.43e+12
1.7e+03       ***  3.03e+09  3.03e+09  7.64e+12
1.8e+03       ***  2.64e+09  2.64e+09  7.84e+12
1.9e+03       ***  2.63e+09  2.63e+09  8.04e+12
  2e+03       ***  2.18e+09  2.18e+09  8.22e+12

Reactant = W1   Pressure = 1 atm

   T(K)        W2        P1      Loss   Capture
    500 -3.27e+03   5.9e+10   5.9e+10  3.26e+12
    600  2.44e+04  5.17e+10  5.17e+10   3.9e+12
    700  3.75e+04  4.26e+10  4.26e+10  4.46e+12
    800  6.55e+04  3.47e+10  3.47e+10  4.96e+12
    900  8.51e+04   2.9e+10   2.9e+10  5.39e+12
  1e+03  1.02e+05  2.56e+10  2.56e+10  5.77e+12
1.1e+03  1.11e+05  2.12e+10  2.12e+10  6.11e+12
1.2e+03       ***  1.92e+10  1.92e+10  6.42e+12
1.3e+03       ***  1.66e+10  1.66e+10   6.7e+12
1.4e+03       ***  1.59e+10  1.59e+10  6.96e+12
1.5e+03       ***  1.49e+10  1.49e+10   7.2e+12
1.6e+03       ***  1.35e+10  1.35e+10  7.43e+12
1.7e+03       ***  1.19e+10  1.19e+10  7.64e+12
1.8e+03       ***  1.04e+10  1.04e+10  7.84e+12
1.9e+03       ***  1.02e+10  1.02e+10  8.04e+12
  2e+03       ***  8.56e+09  8.56e+09  8.22e+12

Reactant = W1   Pressure = 10 atm

   T(K)        W2        P1      Loss   Capture
    500  7.88e+04  2.06e+11  2.06e+11  3.26e+12
    600  3.96e+05   1.8e+11   1.8e+11   3.9e+12
    700  6.33e+05  1.49e+11  1.49e+11  4.46e+12
    800   8.8e+05  1.22e+11  1.22e+11  4.96e+12
    900  1.02e+06  1.02e+11  1.02e+11  5.39e+12
  1e+03  1.12e+06  8.94e+10  8.94e+10  5.77e+12
1.1e+03  1.12e+06  7.46e+10  7.46e+10  6.11e+12
1.2e+03  1.15e+06  6.72e+10  6.72e+10  6.42e+12
1.3e+03  1.08e+06  5.83e+10  5.83e+10   6.7e+12
1.4e+03  1.34e+06  5.56e+10  5.56e+10  6.96e+12
1.5e+03  2.51e+06  5.17e+10  5.17e+10   7.2e+12
1.6e+03  5.37e+06  4.69e+10  4.69e+10  7.43e+12
1.7e+03  1.12e+07  4.16e+10  4.17e+10  7.64e+12
1.8e+03  2.51e+07  3.64e+10  3.64e+10  7.84e+12
1.9e+03  6.58e+07  3.56e+10  3.57e+10  8.04e+12
  2e+03  1.23e+08  3.01e+10  3.02e+10  8.22e+12

Reactant = W1   Pressure = 100 atm

   T(K)        W2        P1      Loss   Capture
    500  1.95e+06   5.6e+11   5.6e+11  3.26e+12
    600  4.85e+06  4.98e+11  4.98e+11   3.9e+12
    700  6.68e+06  4.22e+11  4.22e+11  4.46e+12
    800  8.38e+06  3.53e+11  3.53e+11  4.96e+12
    900  9.12e+06     3e+11     3e+11  5.39e+12
  1e+03  9.44e+06  2.65e+11  2.65e+11  5.77e+12
1.1e+03  9.19e+06  2.25e+11  2.25e+11  6.11e+12
1.2e+03  9.23e+06  2.03e+11  2.03e+11  6.42e+12
1.3e+03  8.79e+06  1.78e+11  1.78e+11   6.7e+12
1.4e+03  1.08e+07  1.69e+11  1.69e+11  6.96e+12
1.5e+03   2.1e+07  1.57e+11  1.57e+11   7.2e+12
1.6e+03  5.19e+07  1.43e+11  1.44e+11  7.43e+12
1.7e+03  1.39e+08  1.28e+11  1.29e+11  7.64e+12
1.8e+03  3.02e+08  1.13e+11  1.13e+11  7.84e+12
1.9e+03  7.48e+08   1.1e+11  1.11e+11  8.04e+12
  2e+03  1.32e+09  9.36e+10  9.49e+10  8.22e+12

Reactant = W2   Pressure = 0.1 atm

   T(K)        W1        P1      Loss   Capture
    500 -1.03e-15  7.02e+09  7.02e+09  4.83e+13
    600 -4.66e-13  1.97e+10  1.97e+10   6.5e+13
    700  1.14e-09     4e+10     4e+10  7.61e+13
    800 -1.57e-08  8.24e+10  8.24e+10  8.23e+13
    900       ***       ***       ***  8.47e+13
  1e+03       ***       ***       ***  8.45e+13
1.1e+03       ***       ***       ***  8.26e+13
1.2e+03       ***       ***       ***  7.97e+13
1.3e+03       ***       ***       ***  7.61e+13
1.4e+03       ***       ***       ***  7.23e+13
1.5e+03       ***       ***       ***  6.83e+13
1.6e+03       ***       ***       ***  6.45e+13
1.7e+03       ***       ***       ***  6.07e+13
1.8e+03       ***       ***       ***  5.71e+13
1.9e+03       ***       ***       ***  5.37e+13
  2e+03       ***       ***       ***  5.05e+13

Reactant = W2   Pressure = 1 atm

   T(K)        W1        P1      Loss   Capture
    500 -1.72e-17  4.85e+10  4.85e+10  4.83e+13
    600 -6.21e-15   1.2e+11   1.2e+11   6.5e+13
    700 -4.27e-12  2.13e+11  2.13e+11  7.61e+13
    800 -3.94e-10  3.68e+11  3.68e+11  8.23e+13
    900 -1.07e-08  5.42e+11  5.42e+11  8.47e+13
  1e+03 -1.84e-07  7.07e+11  7.07e+11  8.45e+13
1.1e+03  1.47e-06  8.82e+11  8.82e+11  8.26e+13
1.2e+03       ***       ***       ***  7.97e+13
1.3e+03       ***       ***       ***  7.61e+13
1.4e+03       ***       ***       ***  7.23e+13
1.5e+03       ***       ***       ***  6.83e+13
1.6e+03       ***       ***       ***  6.45e+13
1.7e+03       ***       ***       ***  6.07e+13
1.8e+03       ***       ***       ***  5.71e+13
1.9e+03       ***       ***       ***  5.37e+13
  2e+03       ***       ***       ***  5.05e+13

Reactant = W2   Pressure = 10 atm

   T(K)        W1        P1      Loss   Capture
    500  1.12e-16  2.77e+11  2.77e+11  4.83e+13
    600  1.38e-11  5.91e+11  5.91e+11   6.5e+13
    700  1.41e-09   9.3e+11   9.3e+11  7.61e+13
    800  6.48e-08   1.4e+12   1.4e+12  8.23e+13
    900  1.22e-06  1.82e+12  1.82e+12  8.47e+13
  1e+03  1.34e-05  2.15e+12  2.15e+12  8.45e+13
1.1e+03  9.87e-05  2.46e+12  2.46e+12  8.26e+13
1.2e+03  0.000579  2.68e+12  2.68e+12  7.97e+13
1.3e+03   0.00313  2.76e+12  2.76e+12  7.61e+13
1.4e+03     0.025   2.9e+12   2.9e+12  7.23e+13
1.5e+03     0.251  3.09e+12  3.09e+12  6.83e+13
1.6e+03      1.81  3.06e+12  3.06e+12  6.45e+13
1.7e+03      11.5  3.04e+12  3.04e+12  6.07e+13
1.8e+03      49.6  2.87e+12  2.87e+12  5.71e+13
1.9e+03       247  2.92e+12  2.92e+12  5.37e+13
  2e+03       792  2.78e+12  2.78e+12  5.05e+13

Reactant = W2   Pressure = 100 atm

   T(K)        W1        P1      Loss   Capture
    500 -3.74e-16  1.24e+12  1.24e+12  4.83e+13
    600 -6.38e-12  2.31e+12  2.31e+12   6.5e+13
    700  6.15e-08  3.27e+12  3.27e+12  7.61e+13
    800  3.03e-06  4.44e+12  4.44e+12  8.23e+13
    900  6.15e-05  5.32e+12  5.32e+12  8.47e+13
  1e+03  0.000713  5.91e+12  5.91e+12  8.45e+13
1.1e+03   0.00558  6.42e+12  6.42e+12  8.26e+13
1.2e+03    0.0337  6.71e+12  6.71e+12  7.97e+13
1.3e+03     0.174  6.69e+12  6.69e+12  7.61e+13
1.4e+03      1.19  6.81e+12  6.81e+12  7.23e+13
1.5e+03      10.5  7.02e+12  7.02e+12  6.83e+13
1.6e+03      67.5  6.85e+12  6.85e+12  6.45e+13
1.7e+03       368  6.74e+12  6.74e+12  6.07e+13
1.8e+03   1.3e+03  6.28e+12  6.28e+12  5.71e+13
1.9e+03  5.03e+03  6.27e+12  6.27e+12  5.37e+13
  2e+03  1.31e+04  5.93e+12  5.93e+12  5.05e+13

Reactant = P1   Pressure = 0.1 atm

   T(K)        W1        W2      Loss   Capture
    500  3.62e-28  3.58e-14  3.58e-14   2.5e-10
    600   3.1e-26  7.46e-14  7.46e-14  2.58e-10
    700     7e-25  1.25e-13  1.25e-13  2.64e-10
    800  7.05e-24  2.19e-13  2.19e-13   2.7e-10
    900   4.3e-23       ***  2.13e-23  2.76e-10
  1e+03  1.91e-22       ***  1.92e-22  2.81e-10
1.1e+03  6.03e-22       ***  5.93e-22  2.85e-10
1.2e+03  1.69e-21       ***   1.7e-21  2.89e-10
1.3e+03  3.87e-21       ***  3.86e-21  2.93e-10
1.4e+03  8.71e-21       ***  8.71e-21  2.97e-10
1.5e+03  1.71e-20       ***  1.71e-20     3e-10
1.6e+03     3e-20       ***     3e-20  3.03e-10
1.7e+03  4.76e-20       ***  4.75e-20  3.06e-10
1.8e+03  6.99e-20       ***  6.99e-20  3.09e-10
1.9e+03  1.12e-19       ***  1.12e-19  3.12e-10
  2e+03  1.44e-19       ***  1.44e-19  3.15e-10

Reactant = P1   Pressure = 1 atm

   T(K)        W1        W2      Loss   Capture
    500  1.63e-27  2.49e-13  2.49e-13   2.5e-10
    600  1.36e-25  4.63e-13  4.63e-13  2.58e-10
    700  3.03e-24  7.04e-13  7.04e-13  2.64e-10
    800  3.02e-23   1.1e-12   1.1e-12   2.7e-10
    900  1.82e-22  1.54e-12  1.54e-12  2.76e-10
  1e+03  7.95e-22  1.98e-12  1.98e-12  2.81e-10
1.1e+03  2.49e-21  2.47e-12  2.47e-12  2.85e-10
1.2e+03  6.94e-21       ***  6.93e-21  2.89e-10
1.3e+03  1.58e-20       ***  1.57e-20  2.93e-10
1.4e+03  3.51e-20       ***   3.5e-20  2.97e-10
1.5e+03  6.83e-20       ***  6.83e-20     3e-10
1.6e+03  1.19e-19       ***  1.19e-19  3.03e-10
1.7e+03  1.89e-19       ***  1.89e-19  3.06e-10
1.8e+03  2.79e-19       ***  2.79e-19  3.09e-10
1.9e+03  4.44e-19       ***  4.44e-19  3.12e-10
  2e+03  5.74e-19       ***  5.74e-19  3.15e-10

Reactant = P1   Pressure = 10 atm

   T(K)        W1        W2      Loss   Capture
    500  5.73e-27  1.42e-12  1.42e-12   2.5e-10
    600  4.77e-25  2.32e-12  2.32e-12  2.58e-10
    700  1.06e-23  3.16e-12  3.16e-12  2.64e-10
    800  1.06e-22  4.44e-12  4.44e-12   2.7e-10
    900  6.41e-22  5.65e-12  5.65e-12  2.76e-10
  1e+03   2.8e-21  6.74e-12  6.74e-12  2.81e-10
1.1e+03  8.83e-21  7.96e-12  7.96e-12  2.85e-10
1.2e+03  2.45e-20  9.06e-12  9.06e-12  2.89e-10
1.3e+03  5.58e-20  9.82e-12  9.82e-12  2.93e-10
1.4e+03  1.23e-19  1.09e-11  1.09e-11  2.97e-10
1.5e+03  2.39e-19  1.24e-11  1.24e-11     3e-10
1.6e+03  4.18e-19  1.31e-11  1.31e-11  3.03e-10
1.7e+03  6.67e-19  1.41e-11  1.41e-11  3.06e-10
1.8e+03  9.86e-19  1.42e-11  1.42e-11  3.09e-10
1.9e+03  1.56e-18  1.54e-11  1.54e-11  3.12e-10
  2e+03  2.04e-18  1.57e-11  1.57e-11  3.15e-10

Reactant = P1   Pressure = 100 atm

   T(K)        W1        W2      Loss   Capture
    500  1.56e-26  6.41e-12  6.41e-12   2.5e-10
    600  1.32e-24  9.11e-12  9.11e-12  2.58e-10
    700  3.03e-23  1.13e-11  1.13e-11  2.64e-10
    800  3.09e-22  1.44e-11  1.44e-11   2.7e-10
    900  1.89e-21  1.71e-11  1.71e-11  2.76e-10
  1e+03  8.32e-21  1.93e-11  1.93e-11  2.81e-10
1.1e+03  2.66e-20  2.18e-11  2.18e-11  2.85e-10
1.2e+03  7.42e-20  2.39e-11  2.39e-11  2.89e-10
1.3e+03  1.71e-19  2.53e-11  2.53e-11  2.93e-10
1.4e+03  3.75e-19  2.74e-11  2.74e-11  2.97e-10
1.5e+03   7.3e-19  3.02e-11  3.02e-11     3e-10
1.6e+03  1.28e-18  3.15e-11  3.15e-11  3.03e-10
1.7e+03  2.06e-18  3.34e-11  3.34e-11  3.06e-10
1.8e+03  3.07e-18  3.33e-11  3.33e-11  3.09e-10
1.9e+03  4.82e-18  3.56e-11  3.56e-11  3.12e-10
  2e+03  6.35e-18  3.61e-11  3.61e-11  3.15e-10

______________________________________________________________________________________

Temperature-Pressure Rate Tables:

W1->W2

P\T           500       600       700       800       900     1e+03   1.1e+03   1.2e+03   1.3e+03   1.4e+03   1.5e+03   1.6e+03   1.7e+03   1.8e+03   1.9e+03     2e+03
0.1     -8.55e+03 -3.16e+03  3.14e+03  4.43e+03       ***       ***       ***       ***       ***       ***       ***       ***       ***       ***       ***       ***
1       -3.27e+03  2.44e+04  3.75e+04  6.55e+04  8.51e+04  1.02e+05  1.11e+05       ***       ***       ***       ***       ***       ***       ***       ***       ***
10       7.88e+04  3.96e+05  6.33e+05   8.8e+05  1.02e+06  1.12e+06  1.12e+06  1.15e+06  1.08e+06  1.34e+06  2.51e+06  5.37e+06  1.12e+07  2.51e+07  6.58e+07  1.23e+08
100      1.95e+06  4.85e+06  6.68e+06  8.38e+06  9.12e+06  9.44e+06  9.19e+06  9.23e+06  8.79e+06  1.08e+07   2.1e+07  5.19e+07  1.39e+08  3.02e+08  7.48e+08  1.32e+09
O-O      3.26e+12   3.9e+12  4.46e+12  4.96e+12  5.39e+12  5.77e+12  6.11e+12  6.42e+12   6.7e+12  6.96e+12   7.2e+12  7.43e+12  7.64e+12  7.84e+12  8.04e+12  8.22e+12

W1->P1

P\T           500       600       700       800       900     1e+03   1.1e+03   1.2e+03   1.3e+03   1.4e+03   1.5e+03   1.6e+03   1.7e+03   1.8e+03   1.9e+03     2e+03
0.1      1.33e+10  1.19e+10  9.98e+09  8.23e+09  6.97e+09  6.24e+09   5.2e+09  4.75e+09  4.13e+09  4.02e+09  3.78e+09  3.45e+09  3.03e+09  2.64e+09  2.63e+09  2.18e+09
1         5.9e+10  5.17e+10  4.26e+10  3.47e+10   2.9e+10  2.56e+10  2.12e+10  1.92e+10  1.66e+10  1.59e+10  1.49e+10  1.35e+10  1.19e+10  1.04e+10  1.02e+10  8.56e+09
10       2.06e+11   1.8e+11  1.49e+11  1.22e+11  1.02e+11  8.94e+10  7.46e+10  6.72e+10  5.83e+10  5.56e+10  5.17e+10  4.69e+10  4.16e+10  3.64e+10  3.56e+10  3.01e+10
100       5.6e+11  4.98e+11  4.22e+11  3.53e+11     3e+11  2.65e+11  2.25e+11  2.03e+11  1.78e+11  1.69e+11  1.57e+11  1.43e+11  1.28e+11  1.13e+11   1.1e+11  9.36e+10
O-O           ***       ***       ***       ***       ***       ***       ***       ***       ***       ***       ***       ***       ***       ***       ***       ***

W2->W1

P\T           500       600       700       800       900     1e+03   1.1e+03   1.2e+03   1.3e+03   1.4e+03   1.5e+03   1.6e+03   1.7e+03   1.8e+03   1.9e+03     2e+03
0.1     -1.03e-15 -4.66e-13  1.14e-09 -1.57e-08       ***       ***       ***       ***       ***       ***       ***       ***       ***       ***       ***       ***
1       -1.72e-17 -6.21e-15 -4.27e-12 -3.94e-10 -1.07e-08 -1.84e-07  1.47e-06       ***       ***       ***       ***       ***       ***       ***       ***       ***
10       1.12e-16  1.38e-11  1.41e-09  6.48e-08  1.22e-06  1.34e-05  9.87e-05  0.000579   0.00313     0.025     0.251      1.81      11.5      49.6       247       792
100     -3.74e-16 -6.38e-12  6.15e-08  3.03e-06  6.15e-05  0.000713   0.00558    0.0337     0.174      1.19      10.5      67.5       368   1.3e+03  5.03e+03  1.31e+04
O-O        0.0175      2.62      92.2  1.32e+03  1.05e+04  5.45e+04   2.1e+05  6.47e+05  1.67e+06  3.77e+06  7.62e+06  1.41e+07  2.43e+07  3.94e+07  6.06e+07  8.94e+07

W2->P1

P\T           500       600       700       800       900     1e+03   1.1e+03   1.2e+03   1.3e+03   1.4e+03   1.5e+03   1.6e+03   1.7e+03   1.8e+03   1.9e+03     2e+03
0.1      7.02e+09  1.97e+10     4e+10  8.24e+10       ***       ***       ***       ***       ***       ***       ***       ***       ***       ***       ***       ***
1        4.85e+10   1.2e+11  2.13e+11  3.68e+11  5.42e+11  7.07e+11  8.82e+11       ***       ***       ***       ***       ***       ***       ***       ***       ***
10       2.77e+11  5.91e+11   9.3e+11   1.4e+12  1.82e+12  2.15e+12  2.46e+12  2.68e+12  2.76e+12   2.9e+12  3.09e+12  3.06e+12  3.04e+12  2.87e+12  2.92e+12  2.78e+12
100      1.24e+12  2.31e+12  3.27e+12  4.44e+12  5.32e+12  5.91e+12  6.42e+12  6.71e+12  6.69e+12  6.81e+12  7.02e+12  6.85e+12  6.74e+12  6.28e+12  6.27e+12  5.93e+12
O-O      4.83e+13   6.5e+13  7.61e+13  8.23e+13  8.47e+13  8.45e+13  8.26e+13  7.97e+13  7.61e+13  7.23e+13  6.83e+13  6.45e+13  6.07e+13  5.71e+13  5.37e+13  5.05e+13

P1->W1

P\T           500       600       700       800       900     1e+03   1.1e+03   1.2e+03   1.3e+03   1.4e+03   1.5e+03   1.6e+03   1.7e+03   1.8e+03   1.9e+03     2e+03
0.1      3.62e-28   3.1e-26     7e-25  7.05e-24   4.3e-23  1.91e-22  6.03e-22  1.69e-21  3.87e-21  8.71e-21  1.71e-20     3e-20  4.76e-20  6.99e-20  1.12e-19  1.44e-19
1        1.63e-27  1.36e-25  3.03e-24  3.02e-23  1.82e-22  7.95e-22  2.49e-21  6.94e-21  1.58e-20  3.51e-20  6.83e-20  1.19e-19  1.89e-19  2.79e-19  4.44e-19  5.74e-19
10       5.73e-27  4.77e-25  1.06e-23  1.06e-22  6.41e-22   2.8e-21  8.83e-21  2.45e-20  5.58e-20  1.23e-19  2.39e-19  4.18e-19  6.67e-19  9.86e-19  1.56e-18  2.04e-18
100      1.56e-26  1.32e-24  3.03e-23  3.09e-22  1.89e-21  8.32e-21  2.66e-20  7.42e-20  1.71e-19  3.75e-19   7.3e-19  1.28e-18  2.06e-18  3.07e-18  4.82e-18  6.35e-18
O-O           ***       ***       ***       ***       ***       ***       ***       ***       ***       ***       ***       ***       ***       ***       ***       ***

P1->W2

P\T           500       600       700       800       900     1e+03   1.1e+03   1.2e+03   1.3e+03   1.4e+03   1.5e+03   1.6e+03   1.7e+03   1.8e+03   1.9e+03     2e+03
0.1      3.58e-14  7.46e-14  1.25e-13  2.19e-13       ***       ***       ***       ***       ***       ***       ***       ***       ***       ***       ***       ***
1        2.49e-13  4.63e-13  7.04e-13   1.1e-12  1.54e-12  1.98e-12  2.47e-12       ***       ***       ***       ***       ***       ***       ***       ***       ***
10       1.42e-12  2.32e-12  3.16e-12  4.44e-12  5.65e-12  6.74e-12  7.96e-12  9.06e-12  9.82e-12  1.09e-11  1.24e-11  1.31e-11  1.41e-11  1.42e-11  1.54e-11  1.57e-11
100      6.41e-12  9.11e-12  1.13e-11  1.44e-11  1.71e-11  1.93e-11  2.18e-11  2.39e-11  2.53e-11  2.74e-11  3.02e-11  3.15e-11  3.34e-11  3.33e-11  3.56e-11  3.61e-11
O-O       2.5e-10  2.58e-10  2.64e-10   2.7e-10  2.76e-10  2.81e-10  2.85e-10  2.89e-10  2.93e-10  2.97e-10     3e-10  3.03e-10  3.06e-10  3.09e-10  3.12e-10  3.15e-10

W1-> 

P\T           500       600       700       800       900     1e+03   1.1e+03   1.2e+03   1.3e+03   1.4e+03   1.5e+03   1.6e+03   1.7e+03   1.8e+03   1.9e+03     2e+03
0.1      1.33e+10  1.19e+10  9.98e+09  8.23e+09  6.97e+09  6.24e+09   5.2e+09  4.75e+09  4.13e+09  4.02e+09  3.78e+09  3.45e+09  3.03e+09  2.64e+09  2.63e+09  2.18e+09
1         5.9e+10  5.17e+10  4.26e+10  3.47e+10   2.9e+10  2.56e+10  2.12e+10  1.92e+10  1.66e+10  1.59e+10  1.49e+10  1.35e+10  1.19e+10  1.04e+10  1.02e+10  8.56e+09
10       2.06e+11   1.8e+11  1.49e+11  1.22e+11  1.02e+11  8.94e+10  7.46e+10  6.72e+10  5.83e+10  5.56e+10  5.17e+10  4.69e+10  4.17e+10  3.64e+10  3.57e+10  3.02e+10
100       5.6e+11  4.98e+11  4.22e+11  3.53e+11     3e+11  2.65e+11  2.25e+11  2.03e+11  1.78e+11  1.69e+11  1.57e+11  1.44e+11  1.29e+11  1.13e+11  1.11e+11  9.49e+10
O-O      3.26e+12   3.9e+12  4.46e+12  4.96e+12  5.39e+12  5.77e+12  6.11e+12  6.42e+12   6.7e+12  6.96e+12   7.2e+12  7.43e+12  7.64e+12  7.84e+12  8.04e+12  8.22e+12

W2-> 

P\T           500       600       700       800       900     1e+03   1.1e+03   1.2e+03   1.3e+03   1.4e+03   1.5e+03   1.6e+03   1.7e+03   1.8e+03   1.9e+03     2e+03
0.1      7.02e+09  1.97e+10     4e+10  8.24e+10       ***       ***       ***       ***       ***       ***       ***       ***       ***       ***       ***       ***
1        4.85e+10   1.2e+11  2.13e+11  3.68e+11  5.42e+11  7.07e+11  8.82e+11       ***       ***       ***       ***       ***       ***       ***       ***       ***
10       2.77e+11  5.91e+11   9.3e+11   1.4e+12  1.82e+12  2.15e+12  2.46e+12  2.68e+12  2.76e+12   2.9e+12  3.09e+12  3.06e+12  3.04e+12  2.87e+12  2.92e+12  2.78e+12
100      1.24e+12  2.31e+12  3.27e+12  4.44e+12  5.32e+12  5.91e+12  6.42e+12  6.71e+12  6.69e+12  6.81e+12  7.02e+12  6.85e+12  6.74e+12  6.28e+12  6.27e+12  5.93e+12
O-O      4.83e+13   6.5e+13  7.61e+13  8.23e+13  8.47e+13  8.45e+13  8.26e+13  7.97e+13  7.61e+13  7.23e+13  6.83e+13  6.45e+13  6.07e+13  5.71e+13  5.37e+13  5.05e+13

P1-> 

P\T           500       600       700       800       900     1e+03   1.1e+03   1.2e+03   1.3e+03   1.4e+03   1.5e+03   1.6e+03   1.7e+03   1.8e+03   1.9e+03     2e+03
0.1      3.58e-14  7.46e-14  1.25e-13  2.19e-13  2.13e-23  1.92e-22  5.93e-22   1.7e-21  3.86e-21  8.71e-21  1.71e-20     3e-20  4.75e-20  6.99e-20  1.12e-19  1.44e-19
1        2.49e-13  4.63e-13  7.04e-13   1.1e-12  1.54e-12  1.98e-12  2.47e-12  6.93e-21  1.57e-20   3.5e-20  6.83e-20  1.19e-19  1.89e-19  2.79e-19  4.44e-19  5.74e-19
10       1.42e-12  2.32e-12  3.16e-12  4.44e-12  5.65e-12  6.74e-12  7.96e-12  9.06e-12  9.82e-12  1.09e-11  1.24e-11  1.31e-11  1.41e-11  1.42e-11  1.54e-11  1.57e-11
100      6.41e-12  9.11e-12  1.13e-11  1.44e-11  1.71e-11  1.93e-11  2.18e-11  2.39e-11  2.53e-11  2.74e-11  3.02e-11  3.15e-11  3.34e-11  3.33e-11  3.56e-11  3.61e-11
O-O       2.5e-10  2.58e-10  2.64e-10   2.7e-10  2.76e-10  2.81e-10  2.85e-10  2.89e-10  2.93e-10  2.97e-10     3e-10  3.03e-10  3.06e-10  3.09e-10  3.12e-10  3.15e-10

