Wells (G - ground energy, D - dissociation limit, kcal/mol):
                             W         G         D
                    C5H7(487)z      -9.5      16.5
      FakeW-C2H2(40)+C3H5(122)        -3         0

Bimolecular Products (G - ground energy, kcal/mol):
                       P         G
      C2H2(40)+C3H5(122)         0

Well-to-Bimolecular Barriers (H/G - barrier height/well depth, kcal/mol)
                             B         H                        W         G                  P
      FakeB-C2H2(40)+C3H5(122)         0 FakeW-C2H2(40)+C3H5(122)        -3 C2H2(40)+C3H5(122)

Well-to-Well Barriers (H/G - barrier height/well depth, kcal/mol):
           B         H                       W1        G1                       W2        G2
      ts_2_5      16.5 FakeW-C2H2(40)+C3H5(122)        -3               C5H7(487)z      -9.5

Bound Groups: dissociation barrier (name/ground energy, kcal/mol): wells (name/ground energy, kcal/mol):
     C1/0:  FakeW-C2H2(40)+C3H5(122)/-3

     B1/16.5:  C5H7(487)z/-9.5

________________________________________________________________________________________

Names Translation Tables (<short name> - <original name>):
Wells:
   W1 - C5H7(487)z
   W2 - FakeW-C2H2(40)+C3H5(122)
Bimolecular products:
   P1 - C2H2(40)+C3H5(122)
Inner Barriers:
   B1 - ts_2_5
Outer Barriers:
   C1 - FakeB-C2H2(40)+C3H5(122)
Unimolecular Rate Units: 1/sec;  Bimolecular Rate Units: cm^3/sec

______________________________________________________________________________________

Species-Species Rate Tables:

Temperature = 500 K

High Pressure Rate Coefficients:

From\To         W1        W2        P1
W1             ***      90.2       ***
W2        2.41e+05       ***  3.79e+14
P1             ***  2.26e-10       ***

Temperature = 500 K    Pressure = 0.1 atm

From\To         W1        W2        P1
W1            77.8  1.14e-06      77.8
W2       -4.63e-08  1.17e+10  1.17e+10
P1        1.24e-19  6.86e-15  6.86e-15

Temperature = 500 K    Pressure = 1 atm

From\To         W1        W2        P1
W1            87.7  2.91e-06      87.7
W2       -4.45e-07  9.77e+10  9.77e+10
P1         1.4e-19  5.75e-14  5.75e-14

Temperature = 500 K    Pressure = 10 atm

From\To         W1        W2        P1
W1            89.6  3.94e-05      89.6
W2       -5.16e-06  6.99e+11  6.99e+11
P1        1.43e-19  4.13e-13  4.13e-13

Temperature = 500 K    Pressure = 100 atm

From\To         W1        W2        P1
W1            89.8  0.000219      89.9
W2        4.82e-05  3.93e+12  3.93e+12
P1        1.44e-19  2.33e-12  2.33e-12

Temperature = 600 K

High Pressure Rate Coefficients:

From\To         W1        W2        P1
W1             ***  7.59e+03       ***
W2        5.67e+06       ***   5.1e+14
P1             ***  2.33e-10       ***

Temperature = 600 K    Pressure = 0.1 atm

From\To         W1        W2        P1
W1        4.94e+03  0.000158  4.94e+03
W2       -8.51e-06  4.95e+10  4.95e+10
P1        1.69e-18  2.05e-14  2.05e-14

Temperature = 600 K    Pressure = 1 atm

From\To         W1        W2        P1
W1        6.82e+03    0.0016  6.82e+03
W2       -3.25e-05  3.56e+11  3.56e+11
P1        2.33e-18  1.52e-13  1.52e-13

Temperature = 600 K    Pressure = 10 atm

From\To         W1        W2        P1
W1        7.45e+03    0.0101  7.45e+03
W2          0.0035  2.04e+12  2.04e+12
P1        2.55e-18  8.99e-13  8.99e-13

Temperature = 600 K    Pressure = 100 atm

From\To         W1        W2        P1
W1        7.55e+03     0.044  7.55e+03
W2        -0.00741  8.79e+12  8.79e+12
P1        2.58e-18  3.97e-12  3.97e-12

Temperature = 700 K

High Pressure Rate Coefficients:

From\To         W1        W2        P1
W1             ***  1.88e+05       ***
W2        5.37e+07       ***  5.97e+14
P1             ***  2.39e-10       ***

Temperature = 700 K    Pressure = 0.1 atm

From\To         W1        W2        P1
W1        7.69e+04       ***  7.69e+04
W2             ***       ***       ***
P1        8.81e-18       ***  8.81e-18

Temperature = 700 K    Pressure = 1 atm

From\To         W1        W2        P1
W1         1.4e+05    0.0879   1.4e+05
W2       -0.000594  9.08e+11  9.08e+11
P1        1.61e-17  3.05e-13  3.05e-13

Temperature = 700 K    Pressure = 10 atm

From\To         W1        W2        P1
W1        1.77e+05      0.49  1.77e+05
W2        -0.00802  3.95e+12  3.95e+12
P1        2.03e-17  1.47e-12  1.47e-12

Temperature = 700 K    Pressure = 100 atm

From\To         W1        W2        P1
W1        1.86e+05      1.85  1.86e+05
W2            1.12   1.4e+13   1.4e+13
P1        2.13e-17  5.49e-12  5.49e-12

Temperature = 800 K

High Pressure Rate Coefficients:

From\To         W1        W2        P1
W1             ***  2.14e+06       ***
W2        2.88e+08       ***  6.46e+14
P1             ***  2.45e-10       ***

Temperature = 800 K    Pressure = 0.1 atm

From\To         W1        W2        P1
W1        4.59e+05       ***  4.59e+05
W2             ***       ***       ***
P1        2.33e-17       ***  2.33e-17

Temperature = 800 K    Pressure = 1 atm

From\To         W1        W2        P1
W1        1.15e+06       ***  1.15e+06
W2             ***       ***       ***
P1        5.87e-17       ***  5.87e-17

Temperature = 800 K    Pressure = 10 atm

From\To         W1        W2        P1
W1        1.83e+06       ***  1.83e+06
W2             ***       ***       ***
P1         9.3e-17       ***   9.3e-17

Temperature = 800 K    Pressure = 100 atm

From\To         W1        W2        P1
W1        2.09e+06      34.1  2.09e+06
W2            11.2  2.13e+13  2.13e+13
P1        1.06e-16  7.78e-12  7.78e-12

Temperature = 900 K

High Pressure Rate Coefficients:

From\To         W1        W2        P1
W1             ***  1.45e+07       ***
W2        1.06e+09       ***  6.65e+14
P1             ***   2.5e-10       ***

Temperature = 900 K    Pressure = 0.1 atm

From\To         W1        W2        P1
W1        1.44e+06       ***  1.44e+06
W2             ***       ***       ***
P1        3.93e-17       ***  3.93e-17

Temperature = 900 K    Pressure = 1 atm

From\To         W1        W2        P1
W1        4.89e+06       ***  4.89e+06
W2             ***       ***       ***
P1        1.34e-16       ***  1.34e-16

Temperature = 900 K    Pressure = 10 atm

From\To         W1        W2        P1
W1        1.02e+07       ***  1.02e+07
W2             ***       ***       ***
P1         2.8e-16       ***   2.8e-16

Temperature = 900 K    Pressure = 100 atm

From\To         W1        W2        P1
W1        1.36e+07       275  1.36e+07
W2            91.5  2.48e+13  2.48e+13
P1        3.72e-16  8.91e-12  8.91e-12

Temperature = 1e+03 K

High Pressure Rate Coefficients:

From\To         W1        W2        P1
W1             ***  6.78e+07       ***
W2        2.98e+09       ***  6.63e+14
P1             ***  2.54e-10       ***

Temperature = 1e+03 K    Pressure = 0.1 atm

From\To         W1        W2        P1
W1        3.02e+06       ***  3.02e+06
W2             ***       ***       ***
P1        5.08e-17       ***  5.08e-17

Temperature = 1e+03 K    Pressure = 1 atm

From\To         W1        W2        P1
W1        1.29e+07       ***  1.29e+07
W2             ***       ***       ***
P1        2.17e-16       ***  2.17e-16

Temperature = 1e+03 K    Pressure = 10 atm

From\To         W1        W2        P1
W1        3.59e+07       ***  3.59e+07
W2             ***       ***       ***
P1        6.04e-16       ***  6.04e-16

Temperature = 1e+03 K    Pressure = 100 atm

From\To         W1        W2        P1
W1        5.85e+07  1.54e+03  5.85e+07
W2        1.43e+03  2.92e+13  2.92e+13
P1        9.84e-16  1.06e-11  1.06e-11

Temperature = 1.1e+03 K

High Pressure Rate Coefficients:

From\To         W1        W2        P1
W1             ***  2.42e+08       ***
W2        6.93e+09       ***  6.48e+14
P1             ***  2.58e-10       ***

Temperature = 1.1e+03 K    Pressure = 0.1 atm

From\To         W1        W2        P1
W1        5.12e+06       ***  5.12e+06
W2             ***       ***       ***
P1        5.84e-17       ***  5.84e-17

Temperature = 1.1e+03 K    Pressure = 1 atm

From\To         W1        W2        P1
W1        2.51e+07       ***  2.51e+07
W2             ***       ***       ***
P1        2.86e-16       ***  2.86e-16

Temperature = 1.1e+03 K    Pressure = 10 atm

From\To         W1        W2        P1
W1        8.79e+07       ***  8.79e+07
W2             ***       ***       ***
P1           1e-15       ***     1e-15

Temperature = 1.1e+03 K    Pressure = 100 atm

From\To         W1        W2        P1
W1        1.82e+08  6.63e+03  1.82e+08
W2        1.93e+04  3.15e+13  3.15e+13
P1        2.07e-15  1.18e-11  1.18e-11

Temperature = 1.2e+03 K

High Pressure Rate Coefficients:

From\To         W1        W2        P1
W1             ***  7.01e+08       ***
W2        1.39e+10       ***  6.25e+14
P1             ***  2.62e-10       ***

Temperature = 1.2e+03 K    Pressure = 0.1 atm

From\To         W1        W2        P1
W1        8.03e+06       ***  8.03e+06
W2             ***       ***       ***
P1        6.69e-17       ***  6.69e-17

Temperature = 1.2e+03 K    Pressure = 1 atm

From\To         W1        W2        P1
W1        4.08e+07       ***  4.08e+07
W2             ***       ***       ***
P1         3.4e-16       ***   3.4e-16

Temperature = 1.2e+03 K    Pressure = 10 atm

From\To         W1        W2        P1
W1        1.67e+08       ***  1.67e+08
W2             ***       ***       ***
P1        1.39e-15       ***  1.39e-15

Temperature = 1.2e+03 K    Pressure = 100 atm

From\To         W1        W2        P1
W1        4.33e+08  3.42e+04  4.33e+08
W2        7.36e+04  3.39e+13  3.39e+13
P1         3.6e-15  1.32e-11  1.32e-11

Temperature = 1.3e+03 K

High Pressure Rate Coefficients:

From\To         W1        W2        P1
W1             ***  1.74e+09       ***
W2        2.51e+10       ***  5.97e+14
P1             ***  2.65e-10       ***

Temperature = 1.3e+03 K    Pressure = 0.1 atm

From\To         W1        W2        P1
W1        1.09e+07       ***  1.09e+07
W2             ***       ***       ***
P1        6.99e-17       ***  6.99e-17

Temperature = 1.3e+03 K    Pressure = 1 atm

From\To         W1        W2        P1
W1         5.6e+07       ***   5.6e+07
W2             ***       ***       ***
P1         3.6e-16       ***   3.6e-16

Temperature = 1.3e+03 K    Pressure = 10 atm

From\To         W1        W2        P1
W1        2.57e+08       ***  2.57e+08
W2             ***       ***       ***
P1        1.65e-15       ***  1.65e-15

Temperature = 1.3e+03 K    Pressure = 100 atm

From\To         W1        W2        P1
W1        8.24e+08  1.78e+05  8.24e+08
W2       -1.34e+06  3.39e+13  3.39e+13
P1         5.3e-15   1.4e-11   1.4e-11

Temperature = 1.4e+03 K

High Pressure Rate Coefficients:

From\To         W1        W2        P1
W1             ***  3.79e+09       ***
W2        4.15e+10       ***  5.67e+14
P1             ***  2.69e-10       ***

Temperature = 1.4e+03 K    Pressure = 0.1 atm

From\To         W1        W2        P1
W1        1.43e+07       ***  1.43e+07
W2             ***       ***       ***
P1        7.44e-17       ***  7.44e-17

Temperature = 1.4e+03 K    Pressure = 1 atm

From\To         W1        W2        P1
W1         7.1e+07       ***   7.1e+07
W2             ***       ***       ***
P1        3.68e-16       ***  3.68e-16

Temperature = 1.4e+03 K    Pressure = 10 atm

From\To         W1        W2        P1
W1        3.46e+08       ***  3.46e+08
W2             ***       ***       ***
P1         1.8e-15       ***   1.8e-15

Temperature = 1.4e+03 K    Pressure = 100 atm

From\To         W1        W2        P1
W1        1.32e+09       ***  1.32e+09
W2             ***       ***       ***
P1        6.83e-15       ***  6.83e-15

Temperature = 1.5e+03 K

High Pressure Rate Coefficients:

From\To         W1        W2        P1
W1             ***  7.48e+09       ***
W2         6.4e+10       ***  5.36e+14
P1             ***  2.72e-10       ***

Temperature = 1.5e+03 K    Pressure = 0.1 atm

From\To         W1        W2        P1
W1        1.88e+07       ***  1.88e+07
W2             ***       ***       ***
P1        8.15e-17       ***  8.15e-17

Temperature = 1.5e+03 K    Pressure = 1 atm

From\To         W1        W2        P1
W1        8.62e+07       ***  8.62e+07
W2             ***       ***       ***
P1        3.74e-16       ***  3.74e-16

Temperature = 1.5e+03 K    Pressure = 10 atm

From\To         W1        W2        P1
W1        4.28e+08       ***  4.28e+08
W2             ***       ***       ***
P1        1.86e-15       ***  1.86e-15

Temperature = 1.5e+03 K    Pressure = 100 atm

From\To         W1        W2        P1
W1        1.84e+09  4.15e+06  1.83e+09
W2        3.92e+06  3.57e+13  3.57e+13
P1        7.96e-15  1.66e-11  1.66e-11

Temperature = 1.6e+03 K

High Pressure Rate Coefficients:

From\To         W1        W2        P1
W1             ***  1.36e+10       ***
W2        9.34e+10       ***  5.06e+14
P1             ***  2.75e-10       ***

Temperature = 1.6e+03 K    Pressure = 0.1 atm

From\To         W1        W2        P1
W1        2.43e+07       ***  2.43e+07
W2             ***       ***       ***
P1        9.07e-17       ***  9.07e-17

Temperature = 1.6e+03 K    Pressure = 1 atm

From\To         W1        W2        P1
W1        1.03e+08       ***  1.03e+08
W2             ***       ***       ***
P1        3.82e-16       ***  3.82e-16

Temperature = 1.6e+03 K    Pressure = 10 atm

From\To         W1        W2        P1
W1           5e+08       ***     5e+08
W2             ***       ***       ***
P1        1.86e-15       ***  1.86e-15

Temperature = 1.6e+03 K    Pressure = 100 atm

From\To         W1        W2        P1
W1        2.32e+09  1.13e+07  2.31e+09
W2         4.4e+07  3.33e+13  3.33e+13
P1        8.62e-15  1.66e-11  1.66e-11

Temperature = 1.7e+03 K

High Pressure Rate Coefficients:

From\To         W1        W2        P1
W1             ***  2.31e+10       ***
W2         1.3e+11       ***  4.76e+14
P1             ***  2.77e-10       ***

Temperature = 1.7e+03 K    Pressure = 0.1 atm

From\To         W1        W2        P1
W1        3.06e+07       ***  3.06e+07
W2             ***       ***       ***
P1           1e-16       ***     1e-16

Temperature = 1.7e+03 K    Pressure = 1 atm

From\To         W1        W2        P1
W1         1.2e+08       ***   1.2e+08
W2             ***       ***       ***
P1        3.95e-16       ***  3.95e-16

Temperature = 1.7e+03 K    Pressure = 10 atm

From\To         W1        W2        P1
W1        5.62e+08       ***  5.62e+08
W2             ***       ***       ***
P1        1.84e-15       ***  1.84e-15

Temperature = 1.7e+03 K    Pressure = 100 atm

From\To         W1        W2        P1
W1        2.72e+09  2.96e+07   2.7e+09
W2        1.23e+08   3.3e+13   3.3e+13
P1        8.87e-15  1.78e-11  1.78e-11

Temperature = 1.8e+03 K

High Pressure Rate Coefficients:

From\To         W1        W2        P1
W1             ***  3.71e+10       ***
W2        1.74e+11       ***  4.48e+14
P1             ***   2.8e-10       ***

Temperature = 1.8e+03 K    Pressure = 0.1 atm

From\To         W1        W2        P1
W1        3.63e+07       ***  3.63e+07
W2             ***       ***       ***
P1        1.07e-16       ***  1.07e-16

Temperature = 1.8e+03 K    Pressure = 1 atm

From\To         W1        W2        P1
W1        1.39e+08       ***  1.39e+08
W2             ***       ***       ***
P1        4.08e-16       ***  4.08e-16

Temperature = 1.8e+03 K    Pressure = 10 atm

From\To         W1        W2        P1
W1        6.16e+08       ***  6.16e+08
W2             ***       ***       ***
P1        1.81e-15       ***  1.81e-15

Temperature = 1.8e+03 K    Pressure = 100 atm

From\To         W1        W2        P1
W1        3.04e+09  7.36e+07  2.97e+09
W2        2.17e+08  3.25e+13  3.25e+13
P1        8.82e-15  1.86e-11  1.86e-11

Temperature = 1.9e+03 K

High Pressure Rate Coefficients:

From\To         W1        W2        P1
W1             ***  5.67e+10       ***
W2        2.26e+11       ***  4.21e+14
P1             ***  2.83e-10       ***

Temperature = 1.9e+03 K    Pressure = 0.1 atm

From\To         W1        W2        P1
W1        3.99e+07       ***  3.99e+07
W2             ***       ***       ***
P1        1.07e-16       ***  1.07e-16

Temperature = 1.9e+03 K    Pressure = 1 atm

From\To         W1        W2        P1
W1        1.56e+08       ***  1.56e+08
W2             ***       ***       ***
P1        4.18e-16       ***  4.18e-16

Temperature = 1.9e+03 K    Pressure = 10 atm

From\To         W1        W2        P1
W1        6.62e+08       ***  6.62e+08
W2             ***       ***       ***
P1        1.77e-15       ***  1.77e-15

Temperature = 1.9e+03 K    Pressure = 100 atm

From\To         W1        W2        P1
W1        3.27e+09  1.53e+08  3.12e+09
W2        3.81e+08   3.2e+13   3.2e+13
P1        8.53e-15  1.96e-11  1.96e-11

Temperature = 2e+03 K

High Pressure Rate Coefficients:

From\To         W1        W2        P1
W1             ***  8.32e+10       ***
W2        2.86e+11       ***  3.96e+14
P1             ***  2.85e-10       ***

Temperature = 2e+03 K    Pressure = 0.1 atm

From\To         W1        W2        P1
W1        4.15e+07       ***  4.15e+07
W2             ***       ***       ***
P1        1.02e-16       ***  1.02e-16

Temperature = 2e+03 K    Pressure = 1 atm

From\To         W1        W2        P1
W1        1.71e+08       ***  1.71e+08
W2             ***       ***       ***
P1        4.21e-16       ***  4.21e-16

Temperature = 2e+03 K    Pressure = 10 atm

From\To         W1        W2        P1
W1        7.02e+08       ***  7.02e+08
W2             ***       ***       ***
P1        1.73e-15       ***  1.73e-15

Temperature = 2e+03 K    Pressure = 100 atm

From\To         W1        W2        P1
W1        3.42e+09  2.55e+08  3.17e+09
W2        5.83e+08  2.99e+13  2.99e+13
P1        8.08e-15  1.97e-11  1.97e-11

______________________________________________________________________________________

High Pressure Rate Coefficients (Temperature-Species Rate Tables):

Reactant = W1
   T(K)        W1        W2        P1
    500       ***      90.2       ***
    600       ***  7.59e+03       ***
    700       ***  1.88e+05       ***
    800       ***  2.14e+06       ***
    900       ***  1.45e+07       ***
  1e+03       ***  6.78e+07       ***
1.1e+03       ***  2.42e+08       ***
1.2e+03       ***  7.01e+08       ***
1.3e+03       ***  1.74e+09       ***
1.4e+03       ***  3.79e+09       ***
1.5e+03       ***  7.48e+09       ***
1.6e+03       ***  1.36e+10       ***
1.7e+03       ***  2.31e+10       ***
1.8e+03       ***  3.71e+10       ***
1.9e+03       ***  5.67e+10       ***
  2e+03       ***  8.32e+10       ***

Reactant = W2
   T(K)        W1        W2        P1
    500  2.41e+05       ***  3.79e+14
    600  5.67e+06       ***   5.1e+14
    700  5.37e+07       ***  5.97e+14
    800  2.88e+08       ***  6.46e+14
    900  1.06e+09       ***  6.65e+14
  1e+03  2.98e+09       ***  6.63e+14
1.1e+03  6.93e+09       ***  6.48e+14
1.2e+03  1.39e+10       ***  6.25e+14
1.3e+03  2.51e+10       ***  5.97e+14
1.4e+03  4.15e+10       ***  5.67e+14
1.5e+03   6.4e+10       ***  5.36e+14
1.6e+03  9.34e+10       ***  5.06e+14
1.7e+03   1.3e+11       ***  4.76e+14
1.8e+03  1.74e+11       ***  4.48e+14
1.9e+03  2.26e+11       ***  4.21e+14
  2e+03  2.86e+11       ***  3.96e+14

Reactant = P1
   T(K)        W1        W2        P1
    500       ***  2.26e-10       ***
    600       ***  2.33e-10       ***
    700       ***  2.39e-10       ***
    800       ***  2.45e-10       ***
    900       ***   2.5e-10       ***
  1e+03       ***  2.54e-10       ***
1.1e+03       ***  2.58e-10       ***
1.2e+03       ***  2.62e-10       ***
1.3e+03       ***  2.65e-10       ***
1.4e+03       ***  2.69e-10       ***
1.5e+03       ***  2.72e-10       ***
1.6e+03       ***  2.75e-10       ***
1.7e+03       ***  2.77e-10       ***
1.8e+03       ***   2.8e-10       ***
1.9e+03       ***  2.83e-10       ***
  2e+03       ***  2.85e-10       ***

Capture/Escape Rate Coefficients:

   T(K)        W1        W2        P1
    500      90.2  3.79e+14  2.26e-10
    600  7.59e+03   5.1e+14  2.33e-10
    700  1.88e+05  5.97e+14  2.39e-10
    800  2.14e+06  6.46e+14  2.45e-10
    900  1.45e+07  6.65e+14   2.5e-10
  1e+03  6.78e+07  6.63e+14  2.54e-10
1.1e+03  2.42e+08  6.48e+14  2.58e-10
1.2e+03  7.01e+08  6.25e+14  2.62e-10
1.3e+03  1.74e+09  5.97e+14  2.65e-10
1.4e+03  3.79e+09  5.67e+14  2.69e-10
1.5e+03  7.48e+09  5.36e+14  2.72e-10
1.6e+03  1.36e+10  5.06e+14  2.75e-10
1.7e+03  2.31e+10  4.76e+14  2.77e-10
1.8e+03  3.71e+10  4.48e+14   2.8e-10
1.9e+03  5.67e+10  4.21e+14  2.83e-10
  2e+03  8.32e+10  3.96e+14  2.85e-10

______________________________________________________________________________________

Pressure-Species Rate Tables:

Reactant = W1   Temperature = 500 K

   P(atm)        W2        P1      Loss
      0.1  1.14e-06      77.8      77.8
        1  2.91e-06      87.7      87.7
       10  3.94e-05      89.6      89.6
      100  0.000219      89.9      89.8
      O-O      90.2       ***      90.2

Reactant = W1   Temperature = 600 K

   P(atm)        W2        P1      Loss
      0.1  0.000158  4.94e+03  4.94e+03
        1    0.0016  6.82e+03  6.82e+03
       10    0.0101  7.45e+03  7.45e+03
      100     0.044  7.55e+03  7.55e+03
      O-O  7.59e+03       ***  7.59e+03

Reactant = W1   Temperature = 700 K

   P(atm)        W2        P1      Loss
      0.1       ***  7.69e+04  7.69e+04
        1    0.0879   1.4e+05   1.4e+05
       10      0.49  1.77e+05  1.77e+05
      100      1.85  1.86e+05  1.86e+05
      O-O  1.88e+05       ***  1.88e+05

Reactant = W1   Temperature = 800 K

   P(atm)        W2        P1      Loss
      0.1       ***  4.59e+05  4.59e+05
        1       ***  1.15e+06  1.15e+06
       10       ***  1.83e+06  1.83e+06
      100      34.1  2.09e+06  2.09e+06
      O-O  2.14e+06       ***  2.14e+06

Reactant = W1   Temperature = 900 K

   P(atm)        W2        P1      Loss
      0.1       ***  1.44e+06  1.44e+06
        1       ***  4.89e+06  4.89e+06
       10       ***  1.02e+07  1.02e+07
      100       275  1.36e+07  1.36e+07
      O-O  1.45e+07       ***  1.45e+07

Reactant = W1   Temperature = 1e+03 K

   P(atm)        W2        P1      Loss
      0.1       ***  3.02e+06  3.02e+06
        1       ***  1.29e+07  1.29e+07
       10       ***  3.59e+07  3.59e+07
      100  1.54e+03  5.85e+07  5.85e+07
      O-O  6.78e+07       ***  6.78e+07

Reactant = W1   Temperature = 1.1e+03 K

   P(atm)        W2        P1      Loss
      0.1       ***  5.12e+06  5.12e+06
        1       ***  2.51e+07  2.51e+07
       10       ***  8.79e+07  8.79e+07
      100  6.63e+03  1.82e+08  1.82e+08
      O-O  2.42e+08       ***  2.42e+08

Reactant = W1   Temperature = 1.2e+03 K

   P(atm)        W2        P1      Loss
      0.1       ***  8.03e+06  8.03e+06
        1       ***  4.08e+07  4.08e+07
       10       ***  1.67e+08  1.67e+08
      100  3.42e+04  4.33e+08  4.33e+08
      O-O  7.01e+08       ***  7.01e+08

Reactant = W1   Temperature = 1.3e+03 K

   P(atm)        W2        P1      Loss
      0.1       ***  1.09e+07  1.09e+07
        1       ***   5.6e+07   5.6e+07
       10       ***  2.57e+08  2.57e+08
      100  1.78e+05  8.24e+08  8.24e+08
      O-O  1.74e+09       ***  1.74e+09

Reactant = W1   Temperature = 1.4e+03 K

   P(atm)        W2        P1      Loss
      0.1       ***  1.43e+07  1.43e+07
        1       ***   7.1e+07   7.1e+07
       10       ***  3.46e+08  3.46e+08
      100       ***  1.32e+09  1.32e+09
      O-O  3.79e+09       ***  3.79e+09

Reactant = W1   Temperature = 1.5e+03 K

   P(atm)        W2        P1      Loss
      0.1       ***  1.88e+07  1.88e+07
        1       ***  8.62e+07  8.62e+07
       10       ***  4.28e+08  4.28e+08
      100  4.15e+06  1.83e+09  1.84e+09
      O-O  7.48e+09       ***  7.48e+09

Reactant = W1   Temperature = 1.6e+03 K

   P(atm)        W2        P1      Loss
      0.1       ***  2.43e+07  2.43e+07
        1       ***  1.03e+08  1.03e+08
       10       ***     5e+08     5e+08
      100  1.13e+07  2.31e+09  2.32e+09
      O-O  1.36e+10       ***  1.36e+10

Reactant = W1   Temperature = 1.7e+03 K

   P(atm)        W2        P1      Loss
      0.1       ***  3.06e+07  3.06e+07
        1       ***   1.2e+08   1.2e+08
       10       ***  5.62e+08  5.62e+08
      100  2.96e+07   2.7e+09  2.72e+09
      O-O  2.31e+10       ***  2.31e+10

Reactant = W1   Temperature = 1.8e+03 K

   P(atm)        W2        P1      Loss
      0.1       ***  3.63e+07  3.63e+07
        1       ***  1.39e+08  1.39e+08
       10       ***  6.16e+08  6.16e+08
      100  7.36e+07  2.97e+09  3.04e+09
      O-O  3.71e+10       ***  3.71e+10

Reactant = W1   Temperature = 1.9e+03 K

   P(atm)        W2        P1      Loss
      0.1       ***  3.99e+07  3.99e+07
        1       ***  1.56e+08  1.56e+08
       10       ***  6.62e+08  6.62e+08
      100  1.53e+08  3.12e+09  3.27e+09
      O-O  5.67e+10       ***  5.67e+10

Reactant = W1   Temperature = 2e+03 K

   P(atm)        W2        P1      Loss
      0.1       ***  4.15e+07  4.15e+07
        1       ***  1.71e+08  1.71e+08
       10       ***  7.02e+08  7.02e+08
      100  2.55e+08  3.17e+09  3.42e+09
      O-O  8.32e+10       ***  8.32e+10

Reactant = W2   Temperature = 500 K

   P(atm)        W1        P1      Loss
      0.1 -4.63e-08  1.17e+10  1.17e+10
        1 -4.45e-07  9.77e+10  9.77e+10
       10 -5.16e-06  6.99e+11  6.99e+11
      100  4.82e-05  3.93e+12  3.93e+12
      O-O  2.41e+05  3.79e+14  3.79e+14

Reactant = W2   Temperature = 600 K

   P(atm)        W1        P1      Loss
      0.1 -8.51e-06  4.95e+10  4.95e+10
        1 -3.25e-05  3.56e+11  3.56e+11
       10    0.0035  2.04e+12  2.04e+12
      100  -0.00741  8.79e+12  8.79e+12
      O-O  5.67e+06   5.1e+14   5.1e+14

Reactant = W2   Temperature = 700 K

   P(atm)        W1        P1      Loss
      0.1       ***       ***       ***
        1 -0.000594  9.08e+11  9.08e+11
       10  -0.00802  3.95e+12  3.95e+12
      100      1.12   1.4e+13   1.4e+13
      O-O  5.37e+07  5.97e+14  5.97e+14

Reactant = W2   Temperature = 800 K

   P(atm)        W1        P1      Loss
      0.1       ***       ***       ***
        1       ***       ***       ***
       10       ***       ***       ***
      100      11.2  2.13e+13  2.13e+13
      O-O  2.88e+08  6.46e+14  6.46e+14

Reactant = W2   Temperature = 900 K

   P(atm)        W1        P1      Loss
      0.1       ***       ***       ***
        1       ***       ***       ***
       10       ***       ***       ***
      100      91.5  2.48e+13  2.48e+13
      O-O  1.06e+09  6.65e+14  6.65e+14

Reactant = W2   Temperature = 1e+03 K

   P(atm)        W1        P1      Loss
      0.1       ***       ***       ***
        1       ***       ***       ***
       10       ***       ***       ***
      100  1.43e+03  2.92e+13  2.92e+13
      O-O  2.98e+09  6.63e+14  6.63e+14

Reactant = W2   Temperature = 1.1e+03 K

   P(atm)        W1        P1      Loss
      0.1       ***       ***       ***
        1       ***       ***       ***
       10       ***       ***       ***
      100  1.93e+04  3.15e+13  3.15e+13
      O-O  6.93e+09  6.48e+14  6.48e+14

Reactant = W2   Temperature = 1.2e+03 K

   P(atm)        W1        P1      Loss
      0.1       ***       ***       ***
        1       ***       ***       ***
       10       ***       ***       ***
      100  7.36e+04  3.39e+13  3.39e+13
      O-O  1.39e+10  6.25e+14  6.25e+14

Reactant = W2   Temperature = 1.3e+03 K

   P(atm)        W1        P1      Loss
      0.1       ***       ***       ***
        1       ***       ***       ***
       10       ***       ***       ***
      100 -1.34e+06  3.39e+13  3.39e+13
      O-O  2.51e+10  5.97e+14  5.97e+14

Reactant = W2   Temperature = 1.4e+03 K

   P(atm)        W1        P1      Loss
      0.1       ***       ***       ***
        1       ***       ***       ***
       10       ***       ***       ***
      100       ***       ***       ***
      O-O  4.15e+10  5.67e+14  5.67e+14

Reactant = W2   Temperature = 1.5e+03 K

   P(atm)        W1        P1      Loss
      0.1       ***       ***       ***
        1       ***       ***       ***
       10       ***       ***       ***
      100  3.92e+06  3.57e+13  3.57e+13
      O-O   6.4e+10  5.36e+14  5.36e+14

Reactant = W2   Temperature = 1.6e+03 K

   P(atm)        W1        P1      Loss
      0.1       ***       ***       ***
        1       ***       ***       ***
       10       ***       ***       ***
      100   4.4e+07  3.33e+13  3.33e+13
      O-O  9.34e+10  5.06e+14  5.06e+14

Reactant = W2   Temperature = 1.7e+03 K

   P(atm)        W1        P1      Loss
      0.1       ***       ***       ***
        1       ***       ***       ***
       10       ***       ***       ***
      100  1.23e+08   3.3e+13   3.3e+13
      O-O   1.3e+11  4.76e+14  4.76e+14

Reactant = W2   Temperature = 1.8e+03 K

   P(atm)        W1        P1      Loss
      0.1       ***       ***       ***
        1       ***       ***       ***
       10       ***       ***       ***
      100  2.17e+08  3.25e+13  3.25e+13
      O-O  1.74e+11  4.48e+14  4.48e+14

Reactant = W2   Temperature = 1.9e+03 K

   P(atm)        W1        P1      Loss
      0.1       ***       ***       ***
        1       ***       ***       ***
       10       ***       ***       ***
      100  3.81e+08   3.2e+13   3.2e+13
      O-O  2.26e+11  4.21e+14  4.21e+14

Reactant = W2   Temperature = 2e+03 K

   P(atm)        W1        P1      Loss
      0.1       ***       ***       ***
        1       ***       ***       ***
       10       ***       ***       ***
      100  5.83e+08  2.99e+13  2.99e+13
      O-O  2.86e+11  3.96e+14  3.96e+14

Reactant = P1   Temperature = 500 K

   P(atm)        W1        W2      Loss
      0.1  1.24e-19  6.86e-15  6.86e-15
        1   1.4e-19  5.75e-14  5.75e-14
       10  1.43e-19  4.13e-13  4.13e-13
      100  1.44e-19  2.33e-12  2.33e-12
      O-O       ***  2.26e-10  2.26e-10

Reactant = P1   Temperature = 600 K

   P(atm)        W1        W2      Loss
      0.1  1.69e-18  2.05e-14  2.05e-14
        1  2.33e-18  1.52e-13  1.52e-13
       10  2.55e-18  8.99e-13  8.99e-13
      100  2.58e-18  3.97e-12  3.97e-12
      O-O       ***  2.33e-10  2.33e-10

Reactant = P1   Temperature = 700 K

   P(atm)        W1        W2      Loss
      0.1  8.81e-18       ***  8.81e-18
        1  1.61e-17  3.05e-13  3.05e-13
       10  2.03e-17  1.47e-12  1.47e-12
      100  2.13e-17  5.49e-12  5.49e-12
      O-O       ***  2.39e-10  2.39e-10

Reactant = P1   Temperature = 800 K

   P(atm)        W1        W2      Loss
      0.1  2.33e-17       ***  2.33e-17
        1  5.87e-17       ***  5.87e-17
       10   9.3e-17       ***   9.3e-17
      100  1.06e-16  7.78e-12  7.78e-12
      O-O       ***  2.45e-10  2.45e-10

Reactant = P1   Temperature = 900 K

   P(atm)        W1        W2      Loss
      0.1  3.93e-17       ***  3.93e-17
        1  1.34e-16       ***  1.34e-16
       10   2.8e-16       ***   2.8e-16
      100  3.72e-16  8.91e-12  8.91e-12
      O-O       ***   2.5e-10   2.5e-10

Reactant = P1   Temperature = 1e+03 K

   P(atm)        W1        W2      Loss
      0.1  5.08e-17       ***  5.08e-17
        1  2.17e-16       ***  2.17e-16
       10  6.04e-16       ***  6.04e-16
      100  9.84e-16  1.06e-11  1.06e-11
      O-O       ***  2.54e-10  2.54e-10

Reactant = P1   Temperature = 1.1e+03 K

   P(atm)        W1        W2      Loss
      0.1  5.84e-17       ***  5.84e-17
        1  2.86e-16       ***  2.86e-16
       10     1e-15       ***     1e-15
      100  2.07e-15  1.18e-11  1.18e-11
      O-O       ***  2.58e-10  2.58e-10

Reactant = P1   Temperature = 1.2e+03 K

   P(atm)        W1        W2      Loss
      0.1  6.69e-17       ***  6.69e-17
        1   3.4e-16       ***   3.4e-16
       10  1.39e-15       ***  1.39e-15
      100   3.6e-15  1.32e-11  1.32e-11
      O-O       ***  2.62e-10  2.62e-10

Reactant = P1   Temperature = 1.3e+03 K

   P(atm)        W1        W2      Loss
      0.1  6.99e-17       ***  6.99e-17
        1   3.6e-16       ***   3.6e-16
       10  1.65e-15       ***  1.65e-15
      100   5.3e-15   1.4e-11   1.4e-11
      O-O       ***  2.65e-10  2.65e-10

Reactant = P1   Temperature = 1.4e+03 K

   P(atm)        W1        W2      Loss
      0.1  7.44e-17       ***  7.44e-17
        1  3.68e-16       ***  3.68e-16
       10   1.8e-15       ***   1.8e-15
      100  6.83e-15       ***  6.83e-15
      O-O       ***  2.69e-10  2.69e-10

Reactant = P1   Temperature = 1.5e+03 K

   P(atm)        W1        W2      Loss
      0.1  8.15e-17       ***  8.15e-17
        1  3.74e-16       ***  3.74e-16
       10  1.86e-15       ***  1.86e-15
      100  7.96e-15  1.66e-11  1.66e-11
      O-O       ***  2.72e-10  2.72e-10

Reactant = P1   Temperature = 1.6e+03 K

   P(atm)        W1        W2      Loss
      0.1  9.07e-17       ***  9.07e-17
        1  3.82e-16       ***  3.82e-16
       10  1.86e-15       ***  1.86e-15
      100  8.62e-15  1.66e-11  1.66e-11
      O-O       ***  2.75e-10  2.75e-10

Reactant = P1   Temperature = 1.7e+03 K

   P(atm)        W1        W2      Loss
      0.1     1e-16       ***     1e-16
        1  3.95e-16       ***  3.95e-16
       10  1.84e-15       ***  1.84e-15
      100  8.87e-15  1.78e-11  1.78e-11
      O-O       ***  2.77e-10  2.77e-10

Reactant = P1   Temperature = 1.8e+03 K

   P(atm)        W1        W2      Loss
      0.1  1.07e-16       ***  1.07e-16
        1  4.08e-16       ***  4.08e-16
       10  1.81e-15       ***  1.81e-15
      100  8.82e-15  1.86e-11  1.86e-11
      O-O       ***   2.8e-10   2.8e-10

Reactant = P1   Temperature = 1.9e+03 K

   P(atm)        W1        W2      Loss
      0.1  1.07e-16       ***  1.07e-16
        1  4.18e-16       ***  4.18e-16
       10  1.77e-15       ***  1.77e-15
      100  8.53e-15  1.96e-11  1.96e-11
      O-O       ***  2.83e-10  2.83e-10

Reactant = P1   Temperature = 2e+03 K

   P(atm)        W1        W2      Loss
      0.1  1.02e-16       ***  1.02e-16
        1  4.21e-16       ***  4.21e-16
       10  1.73e-15       ***  1.73e-15
      100  8.08e-15  1.97e-11  1.97e-11
      O-O       ***  2.85e-10  2.85e-10

______________________________________________________________________________________

Temperature-Species Rate Tables:

Reactant = W1   Pressure = 0.1 atm

   T(K)        W2        P1      Loss   Capture
    500  1.14e-06      77.8      77.8      90.2
    600  0.000158  4.94e+03  4.94e+03  7.59e+03
    700       ***  7.69e+04  7.69e+04  1.88e+05
    800       ***  4.59e+05  4.59e+05  2.14e+06
    900       ***  1.44e+06  1.44e+06  1.45e+07
  1e+03       ***  3.02e+06  3.02e+06  6.78e+07
1.1e+03       ***  5.12e+06  5.12e+06  2.42e+08
1.2e+03       ***  8.03e+06  8.03e+06  7.01e+08
1.3e+03       ***  1.09e+07  1.09e+07  1.74e+09
1.4e+03       ***  1.43e+07  1.43e+07  3.79e+09
1.5e+03       ***  1.88e+07  1.88e+07  7.48e+09
1.6e+03       ***  2.43e+07  2.43e+07  1.36e+10
1.7e+03       ***  3.06e+07  3.06e+07  2.31e+10
1.8e+03       ***  3.63e+07  3.63e+07  3.71e+10
1.9e+03       ***  3.99e+07  3.99e+07  5.67e+10
  2e+03       ***  4.15e+07  4.15e+07  8.32e+10

Reactant = W1   Pressure = 1 atm

   T(K)        W2        P1      Loss   Capture
    500  2.91e-06      87.7      87.7      90.2
    600    0.0016  6.82e+03  6.82e+03  7.59e+03
    700    0.0879   1.4e+05   1.4e+05  1.88e+05
    800       ***  1.15e+06  1.15e+06  2.14e+06
    900       ***  4.89e+06  4.89e+06  1.45e+07
  1e+03       ***  1.29e+07  1.29e+07  6.78e+07
1.1e+03       ***  2.51e+07  2.51e+07  2.42e+08
1.2e+03       ***  4.08e+07  4.08e+07  7.01e+08
1.3e+03       ***   5.6e+07   5.6e+07  1.74e+09
1.4e+03       ***   7.1e+07   7.1e+07  3.79e+09
1.5e+03       ***  8.62e+07  8.62e+07  7.48e+09
1.6e+03       ***  1.03e+08  1.03e+08  1.36e+10
1.7e+03       ***   1.2e+08   1.2e+08  2.31e+10
1.8e+03       ***  1.39e+08  1.39e+08  3.71e+10
1.9e+03       ***  1.56e+08  1.56e+08  5.67e+10
  2e+03       ***  1.71e+08  1.71e+08  8.32e+10

Reactant = W1   Pressure = 10 atm

   T(K)        W2        P1      Loss   Capture
    500  3.94e-05      89.6      89.6      90.2
    600    0.0101  7.45e+03  7.45e+03  7.59e+03
    700      0.49  1.77e+05  1.77e+05  1.88e+05
    800       ***  1.83e+06  1.83e+06  2.14e+06
    900       ***  1.02e+07  1.02e+07  1.45e+07
  1e+03       ***  3.59e+07  3.59e+07  6.78e+07
1.1e+03       ***  8.79e+07  8.79e+07  2.42e+08
1.2e+03       ***  1.67e+08  1.67e+08  7.01e+08
1.3e+03       ***  2.57e+08  2.57e+08  1.74e+09
1.4e+03       ***  3.46e+08  3.46e+08  3.79e+09
1.5e+03       ***  4.28e+08  4.28e+08  7.48e+09
1.6e+03       ***     5e+08     5e+08  1.36e+10
1.7e+03       ***  5.62e+08  5.62e+08  2.31e+10
1.8e+03       ***  6.16e+08  6.16e+08  3.71e+10
1.9e+03       ***  6.62e+08  6.62e+08  5.67e+10
  2e+03       ***  7.02e+08  7.02e+08  8.32e+10

Reactant = W1   Pressure = 100 atm

   T(K)        W2        P1      Loss   Capture
    500  0.000219      89.9      89.8      90.2
    600     0.044  7.55e+03  7.55e+03  7.59e+03
    700      1.85  1.86e+05  1.86e+05  1.88e+05
    800      34.1  2.09e+06  2.09e+06  2.14e+06
    900       275  1.36e+07  1.36e+07  1.45e+07
  1e+03  1.54e+03  5.85e+07  5.85e+07  6.78e+07
1.1e+03  6.63e+03  1.82e+08  1.82e+08  2.42e+08
1.2e+03  3.42e+04  4.33e+08  4.33e+08  7.01e+08
1.3e+03  1.78e+05  8.24e+08  8.24e+08  1.74e+09
1.4e+03       ***  1.32e+09  1.32e+09  3.79e+09
1.5e+03  4.15e+06  1.83e+09  1.84e+09  7.48e+09
1.6e+03  1.13e+07  2.31e+09  2.32e+09  1.36e+10
1.7e+03  2.96e+07   2.7e+09  2.72e+09  2.31e+10
1.8e+03  7.36e+07  2.97e+09  3.04e+09  3.71e+10
1.9e+03  1.53e+08  3.12e+09  3.27e+09  5.67e+10
  2e+03  2.55e+08  3.17e+09  3.42e+09  8.32e+10

Reactant = W2   Pressure = 0.1 atm

   T(K)        W1        P1      Loss   Capture
    500 -4.63e-08  1.17e+10  1.17e+10  3.79e+14
    600 -8.51e-06  4.95e+10  4.95e+10   5.1e+14
    700       ***       ***       ***  5.97e+14
    800       ***       ***       ***  6.46e+14
    900       ***       ***       ***  6.65e+14
  1e+03       ***       ***       ***  6.63e+14
1.1e+03       ***       ***       ***  6.48e+14
1.2e+03       ***       ***       ***  6.25e+14
1.3e+03       ***       ***       ***  5.97e+14
1.4e+03       ***       ***       ***  5.67e+14
1.5e+03       ***       ***       ***  5.36e+14
1.6e+03       ***       ***       ***  5.06e+14
1.7e+03       ***       ***       ***  4.76e+14
1.8e+03       ***       ***       ***  4.48e+14
1.9e+03       ***       ***       ***  4.21e+14
  2e+03       ***       ***       ***  3.96e+14

Reactant = W2   Pressure = 1 atm

   T(K)        W1        P1      Loss   Capture
    500 -4.45e-07  9.77e+10  9.77e+10  3.79e+14
    600 -3.25e-05  3.56e+11  3.56e+11   5.1e+14
    700 -0.000594  9.08e+11  9.08e+11  5.97e+14
    800       ***       ***       ***  6.46e+14
    900       ***       ***       ***  6.65e+14
  1e+03       ***       ***       ***  6.63e+14
1.1e+03       ***       ***       ***  6.48e+14
1.2e+03       ***       ***       ***  6.25e+14
1.3e+03       ***       ***       ***  5.97e+14
1.4e+03       ***       ***       ***  5.67e+14
1.5e+03       ***       ***       ***  5.36e+14
1.6e+03       ***       ***       ***  5.06e+14
1.7e+03       ***       ***       ***  4.76e+14
1.8e+03       ***       ***       ***  4.48e+14
1.9e+03       ***       ***       ***  4.21e+14
  2e+03       ***       ***       ***  3.96e+14

Reactant = W2   Pressure = 10 atm

   T(K)        W1        P1      Loss   Capture
    500 -5.16e-06  6.99e+11  6.99e+11  3.79e+14
    600    0.0035  2.04e+12  2.04e+12   5.1e+14
    700  -0.00802  3.95e+12  3.95e+12  5.97e+14
    800       ***       ***       ***  6.46e+14
    900       ***       ***       ***  6.65e+14
  1e+03       ***       ***       ***  6.63e+14
1.1e+03       ***       ***       ***  6.48e+14
1.2e+03       ***       ***       ***  6.25e+14
1.3e+03       ***       ***       ***  5.97e+14
1.4e+03       ***       ***       ***  5.67e+14
1.5e+03       ***       ***       ***  5.36e+14
1.6e+03       ***       ***       ***  5.06e+14
1.7e+03       ***       ***       ***  4.76e+14
1.8e+03       ***       ***       ***  4.48e+14
1.9e+03       ***       ***       ***  4.21e+14
  2e+03       ***       ***       ***  3.96e+14

Reactant = W2   Pressure = 100 atm

   T(K)        W1        P1      Loss   Capture
    500  4.82e-05  3.93e+12  3.93e+12  3.79e+14
    600  -0.00741  8.79e+12  8.79e+12   5.1e+14
    700      1.12   1.4e+13   1.4e+13  5.97e+14
    800      11.2  2.13e+13  2.13e+13  6.46e+14
    900      91.5  2.48e+13  2.48e+13  6.65e+14
  1e+03  1.43e+03  2.92e+13  2.92e+13  6.63e+14
1.1e+03  1.93e+04  3.15e+13  3.15e+13  6.48e+14
1.2e+03  7.36e+04  3.39e+13  3.39e+13  6.25e+14
1.3e+03 -1.34e+06  3.39e+13  3.39e+13  5.97e+14
1.4e+03       ***       ***       ***  5.67e+14
1.5e+03  3.92e+06  3.57e+13  3.57e+13  5.36e+14
1.6e+03   4.4e+07  3.33e+13  3.33e+13  5.06e+14
1.7e+03  1.23e+08   3.3e+13   3.3e+13  4.76e+14
1.8e+03  2.17e+08  3.25e+13  3.25e+13  4.48e+14
1.9e+03  3.81e+08   3.2e+13   3.2e+13  4.21e+14
  2e+03  5.83e+08  2.99e+13  2.99e+13  3.96e+14

Reactant = P1   Pressure = 0.1 atm

   T(K)        W1        W2      Loss   Capture
    500  1.24e-19  6.86e-15  6.86e-15  2.26e-10
    600  1.69e-18  2.05e-14  2.05e-14  2.33e-10
    700  8.81e-18       ***  8.81e-18  2.39e-10
    800  2.33e-17       ***  2.33e-17  2.45e-10
    900  3.93e-17       ***  3.93e-17   2.5e-10
  1e+03  5.08e-17       ***  5.08e-17  2.54e-10
1.1e+03  5.84e-17       ***  5.84e-17  2.58e-10
1.2e+03  6.69e-17       ***  6.69e-17  2.62e-10
1.3e+03  6.99e-17       ***  6.99e-17  2.65e-10
1.4e+03  7.44e-17       ***  7.44e-17  2.69e-10
1.5e+03  8.15e-17       ***  8.15e-17  2.72e-10
1.6e+03  9.07e-17       ***  9.07e-17  2.75e-10
1.7e+03     1e-16       ***     1e-16  2.77e-10
1.8e+03  1.07e-16       ***  1.07e-16   2.8e-10
1.9e+03  1.07e-16       ***  1.07e-16  2.83e-10
  2e+03  1.02e-16       ***  1.02e-16  2.85e-10

Reactant = P1   Pressure = 1 atm

   T(K)        W1        W2      Loss   Capture
    500   1.4e-19  5.75e-14  5.75e-14  2.26e-10
    600  2.33e-18  1.52e-13  1.52e-13  2.33e-10
    700  1.61e-17  3.05e-13  3.05e-13  2.39e-10
    800  5.87e-17       ***  5.87e-17  2.45e-10
    900  1.34e-16       ***  1.34e-16   2.5e-10
  1e+03  2.17e-16       ***  2.17e-16  2.54e-10
1.1e+03  2.86e-16       ***  2.86e-16  2.58e-10
1.2e+03   3.4e-16       ***   3.4e-16  2.62e-10
1.3e+03   3.6e-16       ***   3.6e-16  2.65e-10
1.4e+03  3.68e-16       ***  3.68e-16  2.69e-10
1.5e+03  3.74e-16       ***  3.74e-16  2.72e-10
1.6e+03  3.82e-16       ***  3.82e-16  2.75e-10
1.7e+03  3.95e-16       ***  3.95e-16  2.77e-10
1.8e+03  4.08e-16       ***  4.08e-16   2.8e-10
1.9e+03  4.18e-16       ***  4.18e-16  2.83e-10
  2e+03  4.21e-16       ***  4.21e-16  2.85e-10

Reactant = P1   Pressure = 10 atm

   T(K)        W1        W2      Loss   Capture
    500  1.43e-19  4.13e-13  4.13e-13  2.26e-10
    600  2.55e-18  8.99e-13  8.99e-13  2.33e-10
    700  2.03e-17  1.47e-12  1.47e-12  2.39e-10
    800   9.3e-17       ***   9.3e-17  2.45e-10
    900   2.8e-16       ***   2.8e-16   2.5e-10
  1e+03  6.04e-16       ***  6.04e-16  2.54e-10
1.1e+03     1e-15       ***     1e-15  2.58e-10
1.2e+03  1.39e-15       ***  1.39e-15  2.62e-10
1.3e+03  1.65e-15       ***  1.65e-15  2.65e-10
1.4e+03   1.8e-15       ***   1.8e-15  2.69e-10
1.5e+03  1.86e-15       ***  1.86e-15  2.72e-10
1.6e+03  1.86e-15       ***  1.86e-15  2.75e-10
1.7e+03  1.84e-15       ***  1.84e-15  2.77e-10
1.8e+03  1.81e-15       ***  1.81e-15   2.8e-10
1.9e+03  1.77e-15       ***  1.77e-15  2.83e-10
  2e+03  1.73e-15       ***  1.73e-15  2.85e-10

Reactant = P1   Pressure = 100 atm

   T(K)        W1        W2      Loss   Capture
    500  1.44e-19  2.33e-12  2.33e-12  2.26e-10
    600  2.58e-18  3.97e-12  3.97e-12  2.33e-10
    700  2.13e-17  5.49e-12  5.49e-12  2.39e-10
    800  1.06e-16  7.78e-12  7.78e-12  2.45e-10
    900  3.72e-16  8.91e-12  8.91e-12   2.5e-10
  1e+03  9.84e-16  1.06e-11  1.06e-11  2.54e-10
1.1e+03  2.07e-15  1.18e-11  1.18e-11  2.58e-10
1.2e+03   3.6e-15  1.32e-11  1.32e-11  2.62e-10
1.3e+03   5.3e-15   1.4e-11   1.4e-11  2.65e-10
1.4e+03  6.83e-15       ***  6.83e-15  2.69e-10
1.5e+03  7.96e-15  1.66e-11  1.66e-11  2.72e-10
1.6e+03  8.62e-15  1.66e-11  1.66e-11  2.75e-10
1.7e+03  8.87e-15  1.78e-11  1.78e-11  2.77e-10
1.8e+03  8.82e-15  1.86e-11  1.86e-11   2.8e-10
1.9e+03  8.53e-15  1.96e-11  1.96e-11  2.83e-10
  2e+03  8.08e-15  1.97e-11  1.97e-11  2.85e-10

______________________________________________________________________________________

Temperature-Pressure Rate Tables:

W1->W2

P\T           500       600       700       800       900     1e+03   1.1e+03   1.2e+03   1.3e+03   1.4e+03   1.5e+03   1.6e+03   1.7e+03   1.8e+03   1.9e+03     2e+03
0.1      1.14e-06  0.000158       ***       ***       ***       ***       ***       ***       ***       ***       ***       ***       ***       ***       ***       ***
1        2.91e-06    0.0016    0.0879       ***       ***       ***       ***       ***       ***       ***       ***       ***       ***       ***       ***       ***
10       3.94e-05    0.0101      0.49       ***       ***       ***       ***       ***       ***       ***       ***       ***       ***       ***       ***       ***
100      0.000219     0.044      1.85      34.1       275  1.54e+03  6.63e+03  3.42e+04  1.78e+05       ***  4.15e+06  1.13e+07  2.96e+07  7.36e+07  1.53e+08  2.55e+08
O-O          90.2  7.59e+03  1.88e+05  2.14e+06  1.45e+07  6.78e+07  2.42e+08  7.01e+08  1.74e+09  3.79e+09  7.48e+09  1.36e+10  2.31e+10  3.71e+10  5.67e+10  8.32e+10

W1->P1

P\T           500       600       700       800       900     1e+03   1.1e+03   1.2e+03   1.3e+03   1.4e+03   1.5e+03   1.6e+03   1.7e+03   1.8e+03   1.9e+03     2e+03
0.1          77.8  4.94e+03  7.69e+04  4.59e+05  1.44e+06  3.02e+06  5.12e+06  8.03e+06  1.09e+07  1.43e+07  1.88e+07  2.43e+07  3.06e+07  3.63e+07  3.99e+07  4.15e+07
1            87.7  6.82e+03   1.4e+05  1.15e+06  4.89e+06  1.29e+07  2.51e+07  4.08e+07   5.6e+07   7.1e+07  8.62e+07  1.03e+08   1.2e+08  1.39e+08  1.56e+08  1.71e+08
10           89.6  7.45e+03  1.77e+05  1.83e+06  1.02e+07  3.59e+07  8.79e+07  1.67e+08  2.57e+08  3.46e+08  4.28e+08     5e+08  5.62e+08  6.16e+08  6.62e+08  7.02e+08
100          89.9  7.55e+03  1.86e+05  2.09e+06  1.36e+07  5.85e+07  1.82e+08  4.33e+08  8.24e+08  1.32e+09  1.83e+09  2.31e+09   2.7e+09  2.97e+09  3.12e+09  3.17e+09
O-O           ***       ***       ***       ***       ***       ***       ***       ***       ***       ***       ***       ***       ***       ***       ***       ***

W2->W1

P\T           500       600       700       800       900     1e+03   1.1e+03   1.2e+03   1.3e+03   1.4e+03   1.5e+03   1.6e+03   1.7e+03   1.8e+03   1.9e+03     2e+03
0.1     -4.63e-08 -8.51e-06       ***       ***       ***       ***       ***       ***       ***       ***       ***       ***       ***       ***       ***       ***
1       -4.45e-07 -3.25e-05 -0.000594       ***       ***       ***       ***       ***       ***       ***       ***       ***       ***       ***       ***       ***
10      -5.16e-06    0.0035  -0.00802       ***       ***       ***       ***       ***       ***       ***       ***       ***       ***       ***       ***       ***
100      4.82e-05  -0.00741      1.12      11.2      91.5  1.43e+03  1.93e+04  7.36e+04 -1.34e+06       ***  3.92e+06   4.4e+07  1.23e+08  2.17e+08  3.81e+08  5.83e+08
O-O      2.41e+05  5.67e+06  5.37e+07  2.88e+08  1.06e+09  2.98e+09  6.93e+09  1.39e+10  2.51e+10  4.15e+10   6.4e+10  9.34e+10   1.3e+11  1.74e+11  2.26e+11  2.86e+11

W2->P1

P\T           500       600       700       800       900     1e+03   1.1e+03   1.2e+03   1.3e+03   1.4e+03   1.5e+03   1.6e+03   1.7e+03   1.8e+03   1.9e+03     2e+03
0.1      1.17e+10  4.95e+10       ***       ***       ***       ***       ***       ***       ***       ***       ***       ***       ***       ***       ***       ***
1        9.77e+10  3.56e+11  9.08e+11       ***       ***       ***       ***       ***       ***       ***       ***       ***       ***       ***       ***       ***
10       6.99e+11  2.04e+12  3.95e+12       ***       ***       ***       ***       ***       ***       ***       ***       ***       ***       ***       ***       ***
100      3.93e+12  8.79e+12   1.4e+13  2.13e+13  2.48e+13  2.92e+13  3.15e+13  3.39e+13  3.39e+13       ***  3.57e+13  3.33e+13   3.3e+13  3.25e+13   3.2e+13  2.99e+13
O-O      3.79e+14   5.1e+14  5.97e+14  6.46e+14  6.65e+14  6.63e+14  6.48e+14  6.25e+14  5.97e+14  5.67e+14  5.36e+14  5.06e+14  4.76e+14  4.48e+14  4.21e+14  3.96e+14

P1->W1

P\T           500       600       700       800       900     1e+03   1.1e+03   1.2e+03   1.3e+03   1.4e+03   1.5e+03   1.6e+03   1.7e+03   1.8e+03   1.9e+03     2e+03
0.1      1.24e-19  1.69e-18  8.81e-18  2.33e-17  3.93e-17  5.08e-17  5.84e-17  6.69e-17  6.99e-17  7.44e-17  8.15e-17  9.07e-17     1e-16  1.07e-16  1.07e-16  1.02e-16
1         1.4e-19  2.33e-18  1.61e-17  5.87e-17  1.34e-16  2.17e-16  2.86e-16   3.4e-16   3.6e-16  3.68e-16  3.74e-16  3.82e-16  3.95e-16  4.08e-16  4.18e-16  4.21e-16
10       1.43e-19  2.55e-18  2.03e-17   9.3e-17   2.8e-16  6.04e-16     1e-15  1.39e-15  1.65e-15   1.8e-15  1.86e-15  1.86e-15  1.84e-15  1.81e-15  1.77e-15  1.73e-15
100      1.44e-19  2.58e-18  2.13e-17  1.06e-16  3.72e-16  9.84e-16  2.07e-15   3.6e-15   5.3e-15  6.83e-15  7.96e-15  8.62e-15  8.87e-15  8.82e-15  8.53e-15  8.08e-15
O-O           ***       ***       ***       ***       ***       ***       ***       ***       ***       ***       ***       ***       ***       ***       ***       ***

P1->W2

P\T           500       600       700       800       900     1e+03   1.1e+03   1.2e+03   1.3e+03   1.4e+03   1.5e+03   1.6e+03   1.7e+03   1.8e+03   1.9e+03     2e+03
0.1      6.86e-15  2.05e-14       ***       ***       ***       ***       ***       ***       ***       ***       ***       ***       ***       ***       ***       ***
1        5.75e-14  1.52e-13  3.05e-13       ***       ***       ***       ***       ***       ***       ***       ***       ***       ***       ***       ***       ***
10       4.13e-13  8.99e-13  1.47e-12       ***       ***       ***       ***       ***       ***       ***       ***       ***       ***       ***       ***       ***
100      2.33e-12  3.97e-12  5.49e-12  7.78e-12  8.91e-12  1.06e-11  1.18e-11  1.32e-11   1.4e-11       ***  1.66e-11  1.66e-11  1.78e-11  1.86e-11  1.96e-11  1.97e-11
O-O      2.26e-10  2.33e-10  2.39e-10  2.45e-10   2.5e-10  2.54e-10  2.58e-10  2.62e-10  2.65e-10  2.69e-10  2.72e-10  2.75e-10  2.77e-10   2.8e-10  2.83e-10  2.85e-10

W1-> 

P\T           500       600       700       800       900     1e+03   1.1e+03   1.2e+03   1.3e+03   1.4e+03   1.5e+03   1.6e+03   1.7e+03   1.8e+03   1.9e+03     2e+03
0.1          77.8  4.94e+03  7.69e+04  4.59e+05  1.44e+06  3.02e+06  5.12e+06  8.03e+06  1.09e+07  1.43e+07  1.88e+07  2.43e+07  3.06e+07  3.63e+07  3.99e+07  4.15e+07
1            87.7  6.82e+03   1.4e+05  1.15e+06  4.89e+06  1.29e+07  2.51e+07  4.08e+07   5.6e+07   7.1e+07  8.62e+07  1.03e+08   1.2e+08  1.39e+08  1.56e+08  1.71e+08
10           89.6  7.45e+03  1.77e+05  1.83e+06  1.02e+07  3.59e+07  8.79e+07  1.67e+08  2.57e+08  3.46e+08  4.28e+08     5e+08  5.62e+08  6.16e+08  6.62e+08  7.02e+08
100          89.8  7.55e+03  1.86e+05  2.09e+06  1.36e+07  5.85e+07  1.82e+08  4.33e+08  8.24e+08  1.32e+09  1.84e+09  2.32e+09  2.72e+09  3.04e+09  3.27e+09  3.42e+09
O-O          90.2  7.59e+03  1.88e+05  2.14e+06  1.45e+07  6.78e+07  2.42e+08  7.01e+08  1.74e+09  3.79e+09  7.48e+09  1.36e+10  2.31e+10  3.71e+10  5.67e+10  8.32e+10

W2-> 

P\T           500       600       700       800       900     1e+03   1.1e+03   1.2e+03   1.3e+03   1.4e+03   1.5e+03   1.6e+03   1.7e+03   1.8e+03   1.9e+03     2e+03
0.1      1.17e+10  4.95e+10       ***       ***       ***       ***       ***       ***       ***       ***       ***       ***       ***       ***       ***       ***
1        9.77e+10  3.56e+11  9.08e+11       ***       ***       ***       ***       ***       ***       ***       ***       ***       ***       ***       ***       ***
10       6.99e+11  2.04e+12  3.95e+12       ***       ***       ***       ***       ***       ***       ***       ***       ***       ***       ***       ***       ***
100      3.93e+12  8.79e+12   1.4e+13  2.13e+13  2.48e+13  2.92e+13  3.15e+13  3.39e+13  3.39e+13       ***  3.57e+13  3.33e+13   3.3e+13  3.25e+13   3.2e+13  2.99e+13
O-O      3.79e+14   5.1e+14  5.97e+14  6.46e+14  6.65e+14  6.63e+14  6.48e+14  6.25e+14  5.97e+14  5.67e+14  5.36e+14  5.06e+14  4.76e+14  4.48e+14  4.21e+14  3.96e+14

P1-> 

P\T           500       600       700       800       900     1e+03   1.1e+03   1.2e+03   1.3e+03   1.4e+03   1.5e+03   1.6e+03   1.7e+03   1.8e+03   1.9e+03     2e+03
0.1      6.86e-15  2.05e-14  8.81e-18  2.33e-17  3.93e-17  5.08e-17  5.84e-17  6.69e-17  6.99e-17  7.44e-17  8.15e-17  9.07e-17     1e-16  1.07e-16  1.07e-16  1.02e-16
1        5.75e-14  1.52e-13  3.05e-13  5.87e-17  1.34e-16  2.17e-16  2.86e-16   3.4e-16   3.6e-16  3.68e-16  3.74e-16  3.82e-16  3.95e-16  4.08e-16  4.18e-16  4.21e-16
10       4.13e-13  8.99e-13  1.47e-12   9.3e-17   2.8e-16  6.04e-16     1e-15  1.39e-15  1.65e-15   1.8e-15  1.86e-15  1.86e-15  1.84e-15  1.81e-15  1.77e-15  1.73e-15
100      2.33e-12  3.97e-12  5.49e-12  7.78e-12  8.91e-12  1.06e-11  1.18e-11  1.32e-11   1.4e-11  6.83e-15  1.66e-11  1.66e-11  1.78e-11  1.86e-11  1.96e-11  1.97e-11
O-O      2.26e-10  2.33e-10  2.39e-10  2.45e-10   2.5e-10  2.54e-10  2.58e-10  2.62e-10  2.65e-10  2.69e-10  2.72e-10  2.75e-10  2.77e-10   2.8e-10  2.83e-10  2.85e-10

