Wells (G - ground energy, D - dissociation limit, kcal/mol):
                             W         G         D
                    C5H7(487)z      -9.5      16.5
      FakeW-C2H2(40)+C3H5(122)        -3         0

Bimolecular Products (G - ground energy, kcal/mol):
                       P         G
      C2H2(40)+C3H5(122)         0

Well-to-Bimolecular Barriers (H/G - barrier height/well depth, kcal/mol)
                             B         H                        W         G                  P
      FakeB-C2H2(40)+C3H5(122)         0 FakeW-C2H2(40)+C3H5(122)        -3 C2H2(40)+C3H5(122)

Well-to-Well Barriers (H/G - barrier height/well depth, kcal/mol):
           B         H                       W1        G1                       W2        G2
      ts_2_5      16.5 FakeW-C2H2(40)+C3H5(122)        -3               C5H7(487)z      -9.5

Bound Groups: dissociation barrier (name/ground energy, kcal/mol): wells (name/ground energy, kcal/mol):
     C1/0:  FakeW-C2H2(40)+C3H5(122)/-3

     B1/16.5:  C5H7(487)z/-9.5

________________________________________________________________________________________

Names Translation Tables (<short name> - <original name>):
Wells:
   W1 - C5H7(487)z
   W2 - FakeW-C2H2(40)+C3H5(122)
Bimolecular products:
   P1 - C2H2(40)+C3H5(122)
Inner Barriers:
   B1 - ts_2_5
Outer Barriers:
   C1 - FakeB-C2H2(40)+C3H5(122)
Unimolecular Rate Units: 1/sec;  Bimolecular Rate Units: cm^3/sec

______________________________________________________________________________________

Species-Species Rate Tables:

Temperature = 500 K

High Pressure Rate Coefficients:

From\To         W1        W2        P1
W1             ***      90.2       ***
W2            28.8       ***  4.51e+10
P1             ***  2.26e-10       ***

Temperature = 500 K    Pressure = 0.1 atm

From\To         W1        W2        P1
W1            77.8   0.00206      77.8
W2        7.98e-06  2.92e+09  2.92e+09
P1        1.24e-19  1.46e-11  1.46e-11

Temperature = 500 K    Pressure = 1 atm

From\To         W1        W2        P1
W1            87.7    0.0063      87.7
W2       -5.37e-06  7.95e+09  7.95e+09
P1         1.4e-19  3.98e-11  3.98e-11

Temperature = 500 K    Pressure = 10 atm

From\To         W1        W2        P1
W1            89.6     0.184      89.5
W2          0.0542  1.74e+10  1.74e+10
P1        1.43e-19  8.72e-11  8.72e-11

Temperature = 500 K    Pressure = 100 atm

From\To         W1        W2        P1
W1            89.9        19      70.9
W2            6.05  3.31e+10  3.31e+10
P1        1.13e-19  1.66e-10  1.66e-10

Temperature = 600 K

High Pressure Rate Coefficients:

From\To         W1        W2        P1
W1             ***  7.59e+03       ***
W2             562       ***  5.06e+10
P1             ***  2.33e-10       ***

Temperature = 600 K    Pressure = 0.1 atm

From\To         W1        W2        P1
W1        4.94e+03     0.219  4.94e+03
W2        -3.4e-05  4.54e+09  4.54e+09
P1        1.69e-18  2.08e-11  2.08e-11

Temperature = 600 K    Pressure = 1 atm

From\To         W1        W2        P1
W1        6.82e+03      0.93  6.81e+03
W2          0.0143  1.07e+10  1.07e+10
P1        2.33e-18  4.94e-11  4.94e-11

Temperature = 600 K    Pressure = 10 atm

From\To         W1        W2        P1
W1        7.45e+03      21.2  7.43e+03
W2            1.46  2.09e+10  2.09e+10
P1        2.54e-18  9.63e-11  9.63e-11

Temperature = 600 K    Pressure = 100 atm

From\To         W1        W2        P1
W1        7.55e+03  1.48e+03  6.07e+03
W2             110  3.65e+10  3.65e+10
P1        2.08e-18  1.69e-10  1.69e-10

Temperature = 700 K

High Pressure Rate Coefficients:

From\To         W1        W2        P1
W1             ***  1.88e+05       ***
W2        4.66e+03       ***  5.18e+10
P1             ***  2.39e-10       ***

Temperature = 700 K    Pressure = 0.1 atm

From\To         W1        W2        P1
W1        7.69e+04      4.28  7.69e+04
W2         0.00529  5.26e+09  5.26e+09
P1        8.81e-18  2.41e-11  2.41e-11

Temperature = 700 K    Pressure = 1 atm

From\To         W1        W2        P1
W1         1.4e+05      26.5   1.4e+05
W2            0.23  1.16e+10  1.16e+10
P1        1.61e-17  5.35e-11  5.35e-11

Temperature = 700 K    Pressure = 10 atm

From\To         W1        W2        P1
W1        1.77e+05       705  1.76e+05
W2            16.5  2.15e+10  2.15e+10
P1        2.02e-17  9.94e-11  9.94e-11

Temperature = 700 K    Pressure = 100 atm

From\To         W1        W2        P1
W1        1.86e+05   3.5e+04  1.51e+05
W2             869  3.65e+10  3.65e+10
P1        1.73e-17  1.69e-10  1.69e-10

Temperature = 800 K

High Pressure Rate Coefficients:

From\To         W1        W2        P1
W1             ***  2.14e+06       ***
W2        2.26e+04       ***  5.07e+10
P1             ***  2.45e-10       ***

Temperature = 800 K    Pressure = 0.1 atm

From\To         W1        W2        P1
W1        4.59e+05      34.5  4.58e+05
W2          0.0472  5.99e+09  5.99e+09
P1        2.33e-17  2.87e-11  2.87e-11

Temperature = 800 K    Pressure = 1 atm

From\To         W1        W2        P1
W1        1.15e+06       388  1.15e+06
W2            2.34  1.24e+10  1.24e+10
P1        5.87e-17  5.98e-11  5.98e-11

Temperature = 800 K    Pressure = 10 atm

From\To         W1        W2        P1
W1        1.83e+06  1.22e+04  1.81e+06
W2             124  2.19e+10  2.19e+10
P1        9.24e-17  1.06e-10  1.06e-10

Temperature = 800 K    Pressure = 100 atm

From\To         W1        W2        P1
W1        2.09e+06   4.1e+05  1.68e+06
W2        4.32e+03  3.57e+10  3.57e+10
P1        8.55e-17  1.72e-10  1.72e-10

Temperature = 900 K

High Pressure Rate Coefficients:

From\To         W1        W2        P1
W1             ***  1.45e+07       ***
W2        7.67e+04       ***  4.82e+10
P1             ***   2.5e-10       ***

Temperature = 900 K    Pressure = 0.1 atm

From\To         W1        W2        P1
W1        1.44e+06       232  1.44e+06
W2           0.601  6.51e+09  6.51e+09
P1        3.93e-17  3.33e-11  3.33e-11

Temperature = 900 K    Pressure = 1 atm

From\To         W1        W2        P1
W1        4.89e+06   5.2e+03  4.88e+06
W2            23.2  1.28e+10  1.28e+10
P1        1.34e-16  6.63e-11  6.63e-11

Temperature = 900 K    Pressure = 10 atm

From\To         W1        W2        P1
W1        1.02e+07  1.36e+05  1.01e+07
W2             701  2.18e+10  2.18e+10
P1        2.77e-16  1.13e-10  1.13e-10

Temperature = 900 K    Pressure = 100 atm

From\To         W1        W2        P1
W1        1.36e+07  2.94e+06  1.06e+07
W2        1.55e+04  3.42e+10  3.42e+10
P1        2.91e-16  1.77e-10  1.77e-10

Temperature = 1e+03 K

High Pressure Rate Coefficients:

From\To         W1        W2        P1
W1             ***  6.78e+07       ***
W2        2.03e+05       ***  4.51e+10
P1             ***  2.54e-10       ***

Temperature = 1e+03 K    Pressure = 0.1 atm

From\To         W1        W2        P1
W1        3.02e+06  3.15e+03  3.01e+06
W2            8.03  6.34e+09  6.34e+09
P1        5.07e-17  3.53e-11  3.53e-11

Temperature = 1e+03 K    Pressure = 1 atm

From\To         W1        W2        P1
W1        1.29e+07  6.07e+04  1.29e+07
W2             174  1.22e+10  1.22e+10
P1        2.17e-16  6.87e-11  6.87e-11

Temperature = 1e+03 K    Pressure = 10 atm

From\To         W1        W2        P1
W1        3.59e+07  9.32e+05  3.49e+07
W2        2.75e+03  2.04e+10  2.04e+10
P1        5.88e-16  1.15e-10  1.15e-10

Temperature = 1e+03 K    Pressure = 100 atm

From\To         W1        W2        P1
W1        5.85e+07  1.39e+07  4.46e+07
W2        4.13e+04  3.17e+10  3.17e+10
P1        7.52e-16  1.78e-10  1.78e-10

Temperature = 1.1e+03 K

High Pressure Rate Coefficients:

From\To         W1        W2        P1
W1             ***  2.42e+08       ***
W2        4.47e+05       ***  4.18e+10
P1             ***  2.58e-10       ***

Temperature = 1.1e+03 K    Pressure = 0.1 atm

From\To         W1        W2        P1
W1        5.12e+06  4.44e+04  5.08e+06
W2            76.4  6.25e+09  6.25e+09
P1         5.8e-17  3.81e-11  3.81e-11

Temperature = 1.1e+03 K    Pressure = 1 atm

From\To         W1        W2        P1
W1        2.51e+07  5.24e+05  2.46e+07
W2             952  1.17e+10  1.17e+10
P1         2.8e-16  7.23e-11  7.23e-11

Temperature = 1.1e+03 K    Pressure = 10 atm

From\To         W1        W2        P1
W1        8.79e+07  4.84e+06   8.3e+07
W2         8.9e+03  1.93e+10  1.93e+10
P1        9.48e-16  1.19e-10  1.19e-10

Temperature = 1.1e+03 K    Pressure = 100 atm

From\To         W1        W2        P1
W1        1.82e+08  4.96e+07  1.32e+08
W2        9.17e+04  2.94e+10  2.94e+10
P1        1.51e-15  1.81e-10  1.81e-10

Temperature = 1.2e+03 K

High Pressure Rate Coefficients:

From\To         W1        W2        P1
W1             ***  7.01e+08       ***
W2         8.6e+05       ***  3.86e+10
P1             ***  2.62e-10       ***

Temperature = 1.2e+03 K    Pressure = 0.1 atm

From\To         W1        W2        P1
W1        8.03e+06  3.28e+05  7.71e+06
W2             386  5.88e+09  5.88e+09
P1        6.43e-17  3.94e-11  3.94e-11

Temperature = 1.2e+03 K    Pressure = 1 atm

From\To         W1        W2        P1
W1        4.08e+07  2.63e+06  3.82e+07
W2         3.2e+03  1.09e+10  1.09e+10
P1        3.18e-16  7.37e-11  7.37e-11

Temperature = 1.2e+03 K    Pressure = 10 atm

From\To         W1        W2        P1
W1        1.67e+08  1.74e+07  1.49e+08
W2        2.13e+04  1.77e+10  1.77e+10
P1        1.24e-15   1.2e-10   1.2e-10

Temperature = 1.2e+03 K    Pressure = 100 atm

From\To         W1        W2        P1
W1        4.33e+08  1.36e+08  2.97e+08
W2        1.67e+05  2.68e+10  2.68e+10
P1        2.47e-15  1.82e-10  1.82e-10

Temperature = 1.3e+03 K

High Pressure Rate Coefficients:

From\To         W1        W2        P1
W1             ***  1.74e+09       ***
W2        1.49e+06       ***  3.55e+10
P1             ***  2.65e-10       ***

Temperature = 1.3e+03 K    Pressure = 0.1 atm

From\To         W1        W2        P1
W1        1.09e+07  1.64e+06  9.23e+06
W2        1.36e+03  5.83e+09  5.83e+09
P1        5.98e-17   4.3e-11   4.3e-11

Temperature = 1.3e+03 K    Pressure = 1 atm

From\To         W1        W2        P1
W1         5.6e+07  9.93e+06   4.6e+07
W2        8.46e+03  1.06e+10  1.06e+10
P1        2.97e-16  7.87e-11  7.87e-11

Temperature = 1.3e+03 K    Pressure = 10 atm

From\To         W1        W2        P1
W1        2.57e+08  5.25e+07  2.04e+08
W2        4.51e+04  1.68e+10  1.68e+10
P1        1.31e-15  1.26e-10  1.26e-10

Temperature = 1.3e+03 K    Pressure = 100 atm

From\To         W1        W2        P1
W1        8.24e+08  3.17e+08  5.07e+08
W2        2.73e+05   2.5e+10   2.5e+10
P1        3.26e-15  1.86e-10  1.86e-10

Temperature = 1.4e+03 K

High Pressure Rate Coefficients:

From\To         W1        W2        P1
W1             ***  3.79e+09       ***
W2        2.39e+06       ***  3.26e+10
P1             ***  2.69e-10       ***

Temperature = 1.4e+03 K    Pressure = 0.1 atm

From\To         W1        W2        P1
W1        1.43e+07  4.79e+06  9.54e+06
W2        2.94e+03  5.52e+09  5.52e+09
P1        5.05e-17  4.48e-11  4.48e-11

Temperature = 1.4e+03 K    Pressure = 1 atm

From\To         W1        W2        P1
W1         7.1e+07  2.43e+07  4.67e+07
W2        1.52e+04  9.86e+09  9.86e+09
P1        2.44e-16   8.1e-11   8.1e-11

Temperature = 1.4e+03 K    Pressure = 10 atm

From\To         W1        W2        P1
W1        3.46e+08  1.16e+08  2.31e+08
W2        7.28e+04  1.56e+10  1.56e+10
P1         1.2e-15  1.28e-10  1.28e-10

Temperature = 1.4e+03 K    Pressure = 100 atm

From\To         W1        W2        P1
W1        1.32e+09  6.03e+08  7.12e+08
W2         3.8e+05  2.29e+10  2.29e+10
P1         3.7e-15  1.89e-10  1.89e-10

Temperature = 1.5e+03 K

High Pressure Rate Coefficients:

From\To         W1        W2        P1
W1             ***  7.48e+09       ***
W2        3.58e+06       ***     3e+10
P1             ***  2.72e-10       ***

Temperature = 1.5e+03 K    Pressure = 0.1 atm

From\To         W1        W2        P1
W1        1.88e+07  1.04e+07  8.38e+06
W2        4.87e+03  5.24e+09  5.24e+09
P1        3.79e-17  4.68e-11  4.68e-11

Temperature = 1.5e+03 K    Pressure = 1 atm

From\To         W1        W2        P1
W1        8.62e+07  4.63e+07  3.99e+07
W2         2.2e+04  9.24e+09  9.24e+09
P1        1.75e-16  8.35e-11  8.35e-11

Temperature = 1.5e+03 K    Pressure = 10 atm

From\To         W1        W2        P1
W1        4.28e+08   2.1e+08  2.18e+08
W2           1e+05  1.44e+10  1.44e+10
P1        9.48e-16  1.31e-10  1.31e-10

Temperature = 1.5e+03 K    Pressure = 100 atm

From\To         W1        W2        P1
W1        1.84e+09  9.99e+08  8.36e+08
W2        4.78e+05  2.11e+10  2.11e+10
P1        3.63e-15  1.91e-10  1.91e-10

Temperature = 1.6e+03 K

High Pressure Rate Coefficients:

From\To         W1        W2        P1
W1             ***  1.36e+10       ***
W2         5.1e+06       ***  2.76e+10
P1             ***  2.75e-10       ***

Temperature = 1.6e+03 K    Pressure = 0.1 atm

From\To         W1        W2        P1
W1        2.43e+07  1.73e+07  6.94e+06
W2        6.37e+03  4.77e+09  4.77e+09
P1        2.79e-17  4.68e-11  4.68e-11

Temperature = 1.6e+03 K    Pressure = 1 atm

From\To         W1        W2        P1
W1        1.02e+08  7.07e+07  3.17e+07
W2        2.63e+04  8.39e+09  8.39e+09
P1        1.21e-16  8.33e-11  8.33e-11

Temperature = 1.6e+03 K    Pressure = 10 atm

From\To         W1        W2        P1
W1        4.99e+08  3.12e+08  1.87e+08
W2        1.17e+05  1.31e+10  1.31e+10
P1        7.01e-16   1.3e-10   1.3e-10

Temperature = 1.6e+03 K    Pressure = 100 atm

From\To         W1        W2        P1
W1        2.32e+09  1.44e+09  8.82e+08
W2        5.38e+05  1.92e+10  1.92e+10
P1        3.29e-15  1.91e-10  1.91e-10

Temperature = 1.7e+03 K

High Pressure Rate Coefficients:

From\To         W1        W2        P1
W1             ***  2.31e+10       ***
W2        6.95e+06       ***  2.54e+10
P1             ***  2.77e-10       ***

Temperature = 1.7e+03 K    Pressure = 0.1 atm

From\To         W1        W2        P1
W1        3.04e+07  2.56e+07  4.72e+06
W2         7.6e+03  4.58e+09  4.58e+09
P1        1.76e-17  4.94e-11  4.94e-11

Temperature = 1.7e+03 K    Pressure = 1 atm

From\To         W1        W2        P1
W1         1.2e+08  9.89e+07  2.13e+07
W2        2.95e+04  7.97e+09  7.97e+09
P1        7.24e-17  8.68e-11  8.68e-11

Temperature = 1.7e+03 K    Pressure = 10 atm

From\To         W1        W2        P1
W1        5.61e+08  4.28e+08  1.34e+08
W2        1.28e+05  1.23e+10  1.23e+10
P1        4.43e-16  1.34e-10  1.34e-10

Temperature = 1.7e+03 K    Pressure = 100 atm

From\To         W1        W2        P1
W1        2.72e+09  1.94e+09  7.84e+08
W2        5.83e+05  1.79e+10  1.79e+10
P1        2.58e-15  1.95e-10  1.95e-10

Temperature = 1.8e+03 K

High Pressure Rate Coefficients:

From\To         W1        W2        P1
W1             ***  3.71e+10       ***
W2        9.13e+06       ***  2.35e+10
P1             ***   2.8e-10       ***

Temperature = 1.8e+03 K    Pressure = 0.1 atm

From\To         W1        W2        P1
W1         3.5e+07  3.26e+07  2.38e+06
W2        7.88e+03  4.33e+09  4.33e+09
P1        1.01e-17   5.1e-11   5.1e-11

Temperature = 1.8e+03 K    Pressure = 1 atm

From\To         W1        W2        P1
W1        1.37e+08  1.25e+08  1.27e+07
W2        3.05e+04  7.47e+09  7.47e+09
P1        4.07e-17  8.89e-11  8.89e-11

Temperature = 1.8e+03 K    Pressure = 10 atm

From\To         W1        W2        P1
W1        6.14e+08  5.29e+08  8.54e+07
W2         1.3e+05  1.15e+10  1.15e+10
P1        2.56e-16  1.37e-10  1.37e-10

Temperature = 1.8e+03 K    Pressure = 100 atm

From\To         W1        W2        P1
W1        3.04e+09  2.42e+09  6.19e+08
W2        5.96e+05  1.65e+10  1.65e+10
P1        1.83e-15  1.97e-10  1.97e-10

Temperature = 1.9e+03 K

High Pressure Rate Coefficients:

From\To         W1        W2        P1
W1             ***  5.67e+10       ***
W2        1.16e+07       ***  2.17e+10
P1             ***  2.83e-10       ***

Temperature = 1.9e+03 K    Pressure = 0.1 atm

From\To         W1        W2        P1
W1        3.84e+07  3.72e+07  1.16e+06
W2        7.49e+03  3.98e+09  3.98e+09
P1        6.32e-18  5.12e-11  5.12e-11

Temperature = 1.9e+03 K    Pressure = 1 atm

From\To         W1        W2        P1
W1        1.54e+08  1.46e+08  7.96e+06
W2        2.98e+04  6.85e+09  6.85e+09
P1        2.48e-17   8.9e-11   8.9e-11

Temperature = 1.9e+03 K    Pressure = 10 atm

From\To         W1        W2        P1
W1         6.6e+08  6.04e+08  5.59e+07
W2        1.24e+05  1.05e+10  1.05e+10
P1        1.55e-16  1.37e-10  1.37e-10

Temperature = 1.9e+03 K    Pressure = 100 atm

From\To         W1        W2        P1
W1        3.27e+09  2.79e+09  4.78e+08
W2        5.73e+05  1.52e+10  1.52e+10
P1        1.29e-15  1.98e-10  1.98e-10

Temperature = 2e+03 K

High Pressure Rate Coefficients:

From\To         W1        W2        P1
W1             ***  8.32e+10       ***
W2        1.45e+07       ***  2.01e+10
P1             ***  2.85e-10       ***

Temperature = 2e+03 K    Pressure = 0.1 atm

From\To         W1        W2        P1
W1        3.63e+07  3.62e+07  1.16e+05
W2        6.14e+03  3.81e+09  3.81e+09
P1        3.55e-18  5.34e-11  5.34e-11

Temperature = 2e+03 K    Pressure = 1 atm

From\To         W1        W2        P1
W1        1.63e+08  1.59e+08   3.9e+06
W2        2.74e+04  6.49e+09  6.49e+09
P1        1.33e-17   9.2e-11   9.2e-11

Temperature = 2e+03 K    Pressure = 10 atm

From\To         W1        W2        P1
W1        6.93e+08  6.61e+08  3.11e+07
W2        1.15e+05  9.88e+09  9.88e+09
P1         8.2e-17   1.4e-10   1.4e-10

Temperature = 2e+03 K    Pressure = 100 atm

From\To         W1        W2        P1
W1        3.41e+09   3.1e+09  3.14e+08
W2        5.39e+05  1.41e+10  1.41e+10
P1        7.83e-16  2.01e-10  2.01e-10

______________________________________________________________________________________

High Pressure Rate Coefficients (Temperature-Species Rate Tables):

Reactant = W1
   T(K)        W1        W2        P1
    500       ***      90.2       ***
    600       ***  7.59e+03       ***
    700       ***  1.88e+05       ***
    800       ***  2.14e+06       ***
    900       ***  1.45e+07       ***
  1e+03       ***  6.78e+07       ***
1.1e+03       ***  2.42e+08       ***
1.2e+03       ***  7.01e+08       ***
1.3e+03       ***  1.74e+09       ***
1.4e+03       ***  3.79e+09       ***
1.5e+03       ***  7.48e+09       ***
1.6e+03       ***  1.36e+10       ***
1.7e+03       ***  2.31e+10       ***
1.8e+03       ***  3.71e+10       ***
1.9e+03       ***  5.67e+10       ***
  2e+03       ***  8.32e+10       ***

Reactant = W2
   T(K)        W1        W2        P1
    500      28.8       ***  4.51e+10
    600       562       ***  5.06e+10
    700  4.66e+03       ***  5.18e+10
    800  2.26e+04       ***  5.07e+10
    900  7.67e+04       ***  4.82e+10
  1e+03  2.03e+05       ***  4.51e+10
1.1e+03  4.47e+05       ***  4.18e+10
1.2e+03   8.6e+05       ***  3.86e+10
1.3e+03  1.49e+06       ***  3.55e+10
1.4e+03  2.39e+06       ***  3.26e+10
1.5e+03  3.58e+06       ***     3e+10
1.6e+03   5.1e+06       ***  2.76e+10
1.7e+03  6.95e+06       ***  2.54e+10
1.8e+03  9.13e+06       ***  2.35e+10
1.9e+03  1.16e+07       ***  2.17e+10
  2e+03  1.45e+07       ***  2.01e+10

Reactant = P1
   T(K)        W1        W2        P1
    500       ***  2.26e-10       ***
    600       ***  2.33e-10       ***
    700       ***  2.39e-10       ***
    800       ***  2.45e-10       ***
    900       ***   2.5e-10       ***
  1e+03       ***  2.54e-10       ***
1.1e+03       ***  2.58e-10       ***
1.2e+03       ***  2.62e-10       ***
1.3e+03       ***  2.65e-10       ***
1.4e+03       ***  2.69e-10       ***
1.5e+03       ***  2.72e-10       ***
1.6e+03       ***  2.75e-10       ***
1.7e+03       ***  2.77e-10       ***
1.8e+03       ***   2.8e-10       ***
1.9e+03       ***  2.83e-10       ***
  2e+03       ***  2.85e-10       ***

Capture/Escape Rate Coefficients:

   T(K)        W1        W2        P1
    500      90.2  4.51e+10  2.26e-10
    600  7.59e+03  5.06e+10  2.33e-10
    700  1.88e+05  5.18e+10  2.39e-10
    800  2.14e+06  5.07e+10  2.45e-10
    900  1.45e+07  4.82e+10   2.5e-10
  1e+03  6.78e+07  4.51e+10  2.54e-10
1.1e+03  2.42e+08  4.18e+10  2.58e-10
1.2e+03  7.01e+08  3.86e+10  2.62e-10
1.3e+03  1.74e+09  3.55e+10  2.65e-10
1.4e+03  3.79e+09  3.26e+10  2.69e-10
1.5e+03  7.48e+09     3e+10  2.72e-10
1.6e+03  1.36e+10  2.76e+10  2.75e-10
1.7e+03  2.31e+10  2.54e+10  2.77e-10
1.8e+03  3.71e+10  2.35e+10   2.8e-10
1.9e+03  5.67e+10  2.17e+10  2.83e-10
  2e+03  8.32e+10  2.01e+10  2.85e-10

______________________________________________________________________________________

Pressure-Species Rate Tables:

Reactant = W1   Temperature = 500 K

   P(atm)        W2        P1      Loss
      0.1   0.00206      77.8      77.8
        1    0.0063      87.7      87.7
       10     0.184      89.5      89.6
      100        19      70.9      89.9
      O-O      90.2       ***      90.2

Reactant = W1   Temperature = 600 K

   P(atm)        W2        P1      Loss
      0.1     0.219  4.94e+03  4.94e+03
        1      0.93  6.81e+03  6.82e+03
       10      21.2  7.43e+03  7.45e+03
      100  1.48e+03  6.07e+03  7.55e+03
      O-O  7.59e+03       ***  7.59e+03

Reactant = W1   Temperature = 700 K

   P(atm)        W2        P1      Loss
      0.1      4.28  7.69e+04  7.69e+04
        1      26.5   1.4e+05   1.4e+05
       10       705  1.76e+05  1.77e+05
      100   3.5e+04  1.51e+05  1.86e+05
      O-O  1.88e+05       ***  1.88e+05

Reactant = W1   Temperature = 800 K

   P(atm)        W2        P1      Loss
      0.1      34.5  4.58e+05  4.59e+05
        1       388  1.15e+06  1.15e+06
       10  1.22e+04  1.81e+06  1.83e+06
      100   4.1e+05  1.68e+06  2.09e+06
      O-O  2.14e+06       ***  2.14e+06

Reactant = W1   Temperature = 900 K

   P(atm)        W2        P1      Loss
      0.1       232  1.44e+06  1.44e+06
        1   5.2e+03  4.88e+06  4.89e+06
       10  1.36e+05  1.01e+07  1.02e+07
      100  2.94e+06  1.06e+07  1.36e+07
      O-O  1.45e+07       ***  1.45e+07

Reactant = W1   Temperature = 1e+03 K

   P(atm)        W2        P1      Loss
      0.1  3.15e+03  3.01e+06  3.02e+06
        1  6.07e+04  1.29e+07  1.29e+07
       10  9.32e+05  3.49e+07  3.59e+07
      100  1.39e+07  4.46e+07  5.85e+07
      O-O  6.78e+07       ***  6.78e+07

Reactant = W1   Temperature = 1.1e+03 K

   P(atm)        W2        P1      Loss
      0.1  4.44e+04  5.08e+06  5.12e+06
        1  5.24e+05  2.46e+07  2.51e+07
       10  4.84e+06   8.3e+07  8.79e+07
      100  4.96e+07  1.32e+08  1.82e+08
      O-O  2.42e+08       ***  2.42e+08

Reactant = W1   Temperature = 1.2e+03 K

   P(atm)        W2        P1      Loss
      0.1  3.28e+05  7.71e+06  8.03e+06
        1  2.63e+06  3.82e+07  4.08e+07
       10  1.74e+07  1.49e+08  1.67e+08
      100  1.36e+08  2.97e+08  4.33e+08
      O-O  7.01e+08       ***  7.01e+08

Reactant = W1   Temperature = 1.3e+03 K

   P(atm)        W2        P1      Loss
      0.1  1.64e+06  9.23e+06  1.09e+07
        1  9.93e+06   4.6e+07   5.6e+07
       10  5.25e+07  2.04e+08  2.57e+08
      100  3.17e+08  5.07e+08  8.24e+08
      O-O  1.74e+09       ***  1.74e+09

Reactant = W1   Temperature = 1.4e+03 K

   P(atm)        W2        P1      Loss
      0.1  4.79e+06  9.54e+06  1.43e+07
        1  2.43e+07  4.67e+07   7.1e+07
       10  1.16e+08  2.31e+08  3.46e+08
      100  6.03e+08  7.12e+08  1.32e+09
      O-O  3.79e+09       ***  3.79e+09

Reactant = W1   Temperature = 1.5e+03 K

   P(atm)        W2        P1      Loss
      0.1  1.04e+07  8.38e+06  1.88e+07
        1  4.63e+07  3.99e+07  8.62e+07
       10   2.1e+08  2.18e+08  4.28e+08
      100  9.99e+08  8.36e+08  1.84e+09
      O-O  7.48e+09       ***  7.48e+09

Reactant = W1   Temperature = 1.6e+03 K

   P(atm)        W2        P1      Loss
      0.1  1.73e+07  6.94e+06  2.43e+07
        1  7.07e+07  3.17e+07  1.02e+08
       10  3.12e+08  1.87e+08  4.99e+08
      100  1.44e+09  8.82e+08  2.32e+09
      O-O  1.36e+10       ***  1.36e+10

Reactant = W1   Temperature = 1.7e+03 K

   P(atm)        W2        P1      Loss
      0.1  2.56e+07  4.72e+06  3.04e+07
        1  9.89e+07  2.13e+07   1.2e+08
       10  4.28e+08  1.34e+08  5.61e+08
      100  1.94e+09  7.84e+08  2.72e+09
      O-O  2.31e+10       ***  2.31e+10

Reactant = W1   Temperature = 1.8e+03 K

   P(atm)        W2        P1      Loss
      0.1  3.26e+07  2.38e+06   3.5e+07
        1  1.25e+08  1.27e+07  1.37e+08
       10  5.29e+08  8.54e+07  6.14e+08
      100  2.42e+09  6.19e+08  3.04e+09
      O-O  3.71e+10       ***  3.71e+10

Reactant = W1   Temperature = 1.9e+03 K

   P(atm)        W2        P1      Loss
      0.1  3.72e+07  1.16e+06  3.84e+07
        1  1.46e+08  7.96e+06  1.54e+08
       10  6.04e+08  5.59e+07   6.6e+08
      100  2.79e+09  4.78e+08  3.27e+09
      O-O  5.67e+10       ***  5.67e+10

Reactant = W1   Temperature = 2e+03 K

   P(atm)        W2        P1      Loss
      0.1  3.62e+07  1.16e+05  3.63e+07
        1  1.59e+08   3.9e+06  1.63e+08
       10  6.61e+08  3.11e+07  6.93e+08
      100   3.1e+09  3.14e+08  3.41e+09
      O-O  8.32e+10       ***  8.32e+10

Reactant = W2   Temperature = 500 K

   P(atm)        W1        P1      Loss
      0.1  7.98e-06  2.92e+09  2.92e+09
        1 -5.37e-06  7.95e+09  7.95e+09
       10    0.0542  1.74e+10  1.74e+10
      100      6.05  3.31e+10  3.31e+10
      O-O      28.8  4.51e+10  4.51e+10

Reactant = W2   Temperature = 600 K

   P(atm)        W1        P1      Loss
      0.1  -3.4e-05  4.54e+09  4.54e+09
        1    0.0143  1.07e+10  1.07e+10
       10      1.46  2.09e+10  2.09e+10
      100       110  3.65e+10  3.65e+10
      O-O       562  5.06e+10  5.06e+10

Reactant = W2   Temperature = 700 K

   P(atm)        W1        P1      Loss
      0.1   0.00529  5.26e+09  5.26e+09
        1      0.23  1.16e+10  1.16e+10
       10      16.5  2.15e+10  2.15e+10
      100       869  3.65e+10  3.65e+10
      O-O  4.66e+03  5.18e+10  5.18e+10

Reactant = W2   Temperature = 800 K

   P(atm)        W1        P1      Loss
      0.1    0.0472  5.99e+09  5.99e+09
        1      2.34  1.24e+10  1.24e+10
       10       124  2.19e+10  2.19e+10
      100  4.32e+03  3.57e+10  3.57e+10
      O-O  2.26e+04  5.07e+10  5.07e+10

Reactant = W2   Temperature = 900 K

   P(atm)        W1        P1      Loss
      0.1     0.601  6.51e+09  6.51e+09
        1      23.2  1.28e+10  1.28e+10
       10       701  2.18e+10  2.18e+10
      100  1.55e+04  3.42e+10  3.42e+10
      O-O  7.67e+04  4.82e+10  4.82e+10

Reactant = W2   Temperature = 1e+03 K

   P(atm)        W1        P1      Loss
      0.1      8.03  6.34e+09  6.34e+09
        1       174  1.22e+10  1.22e+10
       10  2.75e+03  2.04e+10  2.04e+10
      100  4.13e+04  3.17e+10  3.17e+10
      O-O  2.03e+05  4.51e+10  4.51e+10

Reactant = W2   Temperature = 1.1e+03 K

   P(atm)        W1        P1      Loss
      0.1      76.4  6.25e+09  6.25e+09
        1       952  1.17e+10  1.17e+10
       10   8.9e+03  1.93e+10  1.93e+10
      100  9.17e+04  2.94e+10  2.94e+10
      O-O  4.47e+05  4.18e+10  4.18e+10

Reactant = W2   Temperature = 1.2e+03 K

   P(atm)        W1        P1      Loss
      0.1       386  5.88e+09  5.88e+09
        1   3.2e+03  1.09e+10  1.09e+10
       10  2.13e+04  1.77e+10  1.77e+10
      100  1.67e+05  2.68e+10  2.68e+10
      O-O   8.6e+05  3.86e+10  3.86e+10

Reactant = W2   Temperature = 1.3e+03 K

   P(atm)        W1        P1      Loss
      0.1  1.36e+03  5.83e+09  5.83e+09
        1  8.46e+03  1.06e+10  1.06e+10
       10  4.51e+04  1.68e+10  1.68e+10
      100  2.73e+05   2.5e+10   2.5e+10
      O-O  1.49e+06  3.55e+10  3.55e+10

Reactant = W2   Temperature = 1.4e+03 K

   P(atm)        W1        P1      Loss
      0.1  2.94e+03  5.52e+09  5.52e+09
        1  1.52e+04  9.86e+09  9.86e+09
       10  7.28e+04  1.56e+10  1.56e+10
      100   3.8e+05  2.29e+10  2.29e+10
      O-O  2.39e+06  3.26e+10  3.26e+10

Reactant = W2   Temperature = 1.5e+03 K

   P(atm)        W1        P1      Loss
      0.1  4.87e+03  5.24e+09  5.24e+09
        1   2.2e+04  9.24e+09  9.24e+09
       10     1e+05  1.44e+10  1.44e+10
      100  4.78e+05  2.11e+10  2.11e+10
      O-O  3.58e+06     3e+10     3e+10

Reactant = W2   Temperature = 1.6e+03 K

   P(atm)        W1        P1      Loss
      0.1  6.37e+03  4.77e+09  4.77e+09
        1  2.63e+04  8.39e+09  8.39e+09
       10  1.17e+05  1.31e+10  1.31e+10
      100  5.38e+05  1.92e+10  1.92e+10
      O-O   5.1e+06  2.76e+10  2.76e+10

Reactant = W2   Temperature = 1.7e+03 K

   P(atm)        W1        P1      Loss
      0.1   7.6e+03  4.58e+09  4.58e+09
        1  2.95e+04  7.97e+09  7.97e+09
       10  1.28e+05  1.23e+10  1.23e+10
      100  5.83e+05  1.79e+10  1.79e+10
      O-O  6.95e+06  2.54e+10  2.54e+10

Reactant = W2   Temperature = 1.8e+03 K

   P(atm)        W1        P1      Loss
      0.1  7.88e+03  4.33e+09  4.33e+09
        1  3.05e+04  7.47e+09  7.47e+09
       10   1.3e+05  1.15e+10  1.15e+10
      100  5.96e+05  1.65e+10  1.65e+10
      O-O  9.13e+06  2.35e+10  2.35e+10

Reactant = W2   Temperature = 1.9e+03 K

   P(atm)        W1        P1      Loss
      0.1  7.49e+03  3.98e+09  3.98e+09
        1  2.98e+04  6.85e+09  6.85e+09
       10  1.24e+05  1.05e+10  1.05e+10
      100  5.73e+05  1.52e+10  1.52e+10
      O-O  1.16e+07  2.17e+10  2.17e+10

Reactant = W2   Temperature = 2e+03 K

   P(atm)        W1        P1      Loss
      0.1  6.14e+03  3.81e+09  3.81e+09
        1  2.74e+04  6.49e+09  6.49e+09
       10  1.15e+05  9.88e+09  9.88e+09
      100  5.39e+05  1.41e+10  1.41e+10
      O-O  1.45e+07  2.01e+10  2.01e+10

Reactant = P1   Temperature = 500 K

   P(atm)        W1        W2      Loss
      0.1  1.24e-19  1.46e-11  1.46e-11
        1   1.4e-19  3.98e-11  3.98e-11
       10  1.43e-19  8.72e-11  8.72e-11
      100  1.13e-19  1.66e-10  1.66e-10
      O-O       ***  2.26e-10  2.26e-10

Reactant = P1   Temperature = 600 K

   P(atm)        W1        W2      Loss
      0.1  1.69e-18  2.08e-11  2.08e-11
        1  2.33e-18  4.94e-11  4.94e-11
       10  2.54e-18  9.63e-11  9.63e-11
      100  2.08e-18  1.69e-10  1.69e-10
      O-O       ***  2.33e-10  2.33e-10

Reactant = P1   Temperature = 700 K

   P(atm)        W1        W2      Loss
      0.1  8.81e-18  2.41e-11  2.41e-11
        1  1.61e-17  5.35e-11  5.35e-11
       10  2.02e-17  9.94e-11  9.94e-11
      100  1.73e-17  1.69e-10  1.69e-10
      O-O       ***  2.39e-10  2.39e-10

Reactant = P1   Temperature = 800 K

   P(atm)        W1        W2      Loss
      0.1  2.33e-17  2.87e-11  2.87e-11
        1  5.87e-17  5.98e-11  5.98e-11
       10  9.24e-17  1.06e-10  1.06e-10
      100  8.55e-17  1.72e-10  1.72e-10
      O-O       ***  2.45e-10  2.45e-10

Reactant = P1   Temperature = 900 K

   P(atm)        W1        W2      Loss
      0.1  3.93e-17  3.33e-11  3.33e-11
        1  1.34e-16  6.63e-11  6.63e-11
       10  2.77e-16  1.13e-10  1.13e-10
      100  2.91e-16  1.77e-10  1.77e-10
      O-O       ***   2.5e-10   2.5e-10

Reactant = P1   Temperature = 1e+03 K

   P(atm)        W1        W2      Loss
      0.1  5.07e-17  3.53e-11  3.53e-11
        1  2.17e-16  6.87e-11  6.87e-11
       10  5.88e-16  1.15e-10  1.15e-10
      100  7.52e-16  1.78e-10  1.78e-10
      O-O       ***  2.54e-10  2.54e-10

Reactant = P1   Temperature = 1.1e+03 K

   P(atm)        W1        W2      Loss
      0.1   5.8e-17  3.81e-11  3.81e-11
        1   2.8e-16  7.23e-11  7.23e-11
       10  9.48e-16  1.19e-10  1.19e-10
      100  1.51e-15  1.81e-10  1.81e-10
      O-O       ***  2.58e-10  2.58e-10

Reactant = P1   Temperature = 1.2e+03 K

   P(atm)        W1        W2      Loss
      0.1  6.43e-17  3.94e-11  3.94e-11
        1  3.18e-16  7.37e-11  7.37e-11
       10  1.24e-15   1.2e-10   1.2e-10
      100  2.47e-15  1.82e-10  1.82e-10
      O-O       ***  2.62e-10  2.62e-10

Reactant = P1   Temperature = 1.3e+03 K

   P(atm)        W1        W2      Loss
      0.1  5.98e-17   4.3e-11   4.3e-11
        1  2.97e-16  7.87e-11  7.87e-11
       10  1.31e-15  1.26e-10  1.26e-10
      100  3.26e-15  1.86e-10  1.86e-10
      O-O       ***  2.65e-10  2.65e-10

Reactant = P1   Temperature = 1.4e+03 K

   P(atm)        W1        W2      Loss
      0.1  5.05e-17  4.48e-11  4.48e-11
        1  2.44e-16   8.1e-11   8.1e-11
       10   1.2e-15  1.28e-10  1.28e-10
      100   3.7e-15  1.89e-10  1.89e-10
      O-O       ***  2.69e-10  2.69e-10

Reactant = P1   Temperature = 1.5e+03 K

   P(atm)        W1        W2      Loss
      0.1  3.79e-17  4.68e-11  4.68e-11
        1  1.75e-16  8.35e-11  8.35e-11
       10  9.48e-16  1.31e-10  1.31e-10
      100  3.63e-15  1.91e-10  1.91e-10
      O-O       ***  2.72e-10  2.72e-10

Reactant = P1   Temperature = 1.6e+03 K

   P(atm)        W1        W2      Loss
      0.1  2.79e-17  4.68e-11  4.68e-11
        1  1.21e-16  8.33e-11  8.33e-11
       10  7.01e-16   1.3e-10   1.3e-10
      100  3.29e-15  1.91e-10  1.91e-10
      O-O       ***  2.75e-10  2.75e-10

Reactant = P1   Temperature = 1.7e+03 K

   P(atm)        W1        W2      Loss
      0.1  1.76e-17  4.94e-11  4.94e-11
        1  7.24e-17  8.68e-11  8.68e-11
       10  4.43e-16  1.34e-10  1.34e-10
      100  2.58e-15  1.95e-10  1.95e-10
      O-O       ***  2.77e-10  2.77e-10

Reactant = P1   Temperature = 1.8e+03 K

   P(atm)        W1        W2      Loss
      0.1  1.01e-17   5.1e-11   5.1e-11
        1  4.07e-17  8.89e-11  8.89e-11
       10  2.56e-16  1.37e-10  1.37e-10
      100  1.83e-15  1.97e-10  1.97e-10
      O-O       ***   2.8e-10   2.8e-10

Reactant = P1   Temperature = 1.9e+03 K

   P(atm)        W1        W2      Loss
      0.1  6.32e-18  5.12e-11  5.12e-11
        1  2.48e-17   8.9e-11   8.9e-11
       10  1.55e-16  1.37e-10  1.37e-10
      100  1.29e-15  1.98e-10  1.98e-10
      O-O       ***  2.83e-10  2.83e-10

Reactant = P1   Temperature = 2e+03 K

   P(atm)        W1        W2      Loss
      0.1  3.55e-18  5.34e-11  5.34e-11
        1  1.33e-17   9.2e-11   9.2e-11
       10   8.2e-17   1.4e-10   1.4e-10
      100  7.83e-16  2.01e-10  2.01e-10
      O-O       ***  2.85e-10  2.85e-10

______________________________________________________________________________________

Temperature-Species Rate Tables:

Reactant = W1   Pressure = 0.1 atm

   T(K)        W2        P1      Loss   Capture
    500   0.00206      77.8      77.8      90.2
    600     0.219  4.94e+03  4.94e+03  7.59e+03
    700      4.28  7.69e+04  7.69e+04  1.88e+05
    800      34.5  4.58e+05  4.59e+05  2.14e+06
    900       232  1.44e+06  1.44e+06  1.45e+07
  1e+03  3.15e+03  3.01e+06  3.02e+06  6.78e+07
1.1e+03  4.44e+04  5.08e+06  5.12e+06  2.42e+08
1.2e+03  3.28e+05  7.71e+06  8.03e+06  7.01e+08
1.3e+03  1.64e+06  9.23e+06  1.09e+07  1.74e+09
1.4e+03  4.79e+06  9.54e+06  1.43e+07  3.79e+09
1.5e+03  1.04e+07  8.38e+06  1.88e+07  7.48e+09
1.6e+03  1.73e+07  6.94e+06  2.43e+07  1.36e+10
1.7e+03  2.56e+07  4.72e+06  3.04e+07  2.31e+10
1.8e+03  3.26e+07  2.38e+06   3.5e+07  3.71e+10
1.9e+03  3.72e+07  1.16e+06  3.84e+07  5.67e+10
  2e+03  3.62e+07  1.16e+05  3.63e+07  8.32e+10

Reactant = W1   Pressure = 1 atm

   T(K)        W2        P1      Loss   Capture
    500    0.0063      87.7      87.7      90.2
    600      0.93  6.81e+03  6.82e+03  7.59e+03
    700      26.5   1.4e+05   1.4e+05  1.88e+05
    800       388  1.15e+06  1.15e+06  2.14e+06
    900   5.2e+03  4.88e+06  4.89e+06  1.45e+07
  1e+03  6.07e+04  1.29e+07  1.29e+07  6.78e+07
1.1e+03  5.24e+05  2.46e+07  2.51e+07  2.42e+08
1.2e+03  2.63e+06  3.82e+07  4.08e+07  7.01e+08
1.3e+03  9.93e+06   4.6e+07   5.6e+07  1.74e+09
1.4e+03  2.43e+07  4.67e+07   7.1e+07  3.79e+09
1.5e+03  4.63e+07  3.99e+07  8.62e+07  7.48e+09
1.6e+03  7.07e+07  3.17e+07  1.02e+08  1.36e+10
1.7e+03  9.89e+07  2.13e+07   1.2e+08  2.31e+10
1.8e+03  1.25e+08  1.27e+07  1.37e+08  3.71e+10
1.9e+03  1.46e+08  7.96e+06  1.54e+08  5.67e+10
  2e+03  1.59e+08   3.9e+06  1.63e+08  8.32e+10

Reactant = W1   Pressure = 10 atm

   T(K)        W2        P1      Loss   Capture
    500     0.184      89.5      89.6      90.2
    600      21.2  7.43e+03  7.45e+03  7.59e+03
    700       705  1.76e+05  1.77e+05  1.88e+05
    800  1.22e+04  1.81e+06  1.83e+06  2.14e+06
    900  1.36e+05  1.01e+07  1.02e+07  1.45e+07
  1e+03  9.32e+05  3.49e+07  3.59e+07  6.78e+07
1.1e+03  4.84e+06   8.3e+07  8.79e+07  2.42e+08
1.2e+03  1.74e+07  1.49e+08  1.67e+08  7.01e+08
1.3e+03  5.25e+07  2.04e+08  2.57e+08  1.74e+09
1.4e+03  1.16e+08  2.31e+08  3.46e+08  3.79e+09
1.5e+03   2.1e+08  2.18e+08  4.28e+08  7.48e+09
1.6e+03  3.12e+08  1.87e+08  4.99e+08  1.36e+10
1.7e+03  4.28e+08  1.34e+08  5.61e+08  2.31e+10
1.8e+03  5.29e+08  8.54e+07  6.14e+08  3.71e+10
1.9e+03  6.04e+08  5.59e+07   6.6e+08  5.67e+10
  2e+03  6.61e+08  3.11e+07  6.93e+08  8.32e+10

Reactant = W1   Pressure = 100 atm

   T(K)        W2        P1      Loss   Capture
    500        19      70.9      89.9      90.2
    600  1.48e+03  6.07e+03  7.55e+03  7.59e+03
    700   3.5e+04  1.51e+05  1.86e+05  1.88e+05
    800   4.1e+05  1.68e+06  2.09e+06  2.14e+06
    900  2.94e+06  1.06e+07  1.36e+07  1.45e+07
  1e+03  1.39e+07  4.46e+07  5.85e+07  6.78e+07
1.1e+03  4.96e+07  1.32e+08  1.82e+08  2.42e+08
1.2e+03  1.36e+08  2.97e+08  4.33e+08  7.01e+08
1.3e+03  3.17e+08  5.07e+08  8.24e+08  1.74e+09
1.4e+03  6.03e+08  7.12e+08  1.32e+09  3.79e+09
1.5e+03  9.99e+08  8.36e+08  1.84e+09  7.48e+09
1.6e+03  1.44e+09  8.82e+08  2.32e+09  1.36e+10
1.7e+03  1.94e+09  7.84e+08  2.72e+09  2.31e+10
1.8e+03  2.42e+09  6.19e+08  3.04e+09  3.71e+10
1.9e+03  2.79e+09  4.78e+08  3.27e+09  5.67e+10
  2e+03   3.1e+09  3.14e+08  3.41e+09  8.32e+10

Reactant = W2   Pressure = 0.1 atm

   T(K)        W1        P1      Loss   Capture
    500  7.98e-06  2.92e+09  2.92e+09  4.51e+10
    600  -3.4e-05  4.54e+09  4.54e+09  5.06e+10
    700   0.00529  5.26e+09  5.26e+09  5.18e+10
    800    0.0472  5.99e+09  5.99e+09  5.07e+10
    900     0.601  6.51e+09  6.51e+09  4.82e+10
  1e+03      8.03  6.34e+09  6.34e+09  4.51e+10
1.1e+03      76.4  6.25e+09  6.25e+09  4.18e+10
1.2e+03       386  5.88e+09  5.88e+09  3.86e+10
1.3e+03  1.36e+03  5.83e+09  5.83e+09  3.55e+10
1.4e+03  2.94e+03  5.52e+09  5.52e+09  3.26e+10
1.5e+03  4.87e+03  5.24e+09  5.24e+09     3e+10
1.6e+03  6.37e+03  4.77e+09  4.77e+09  2.76e+10
1.7e+03   7.6e+03  4.58e+09  4.58e+09  2.54e+10
1.8e+03  7.88e+03  4.33e+09  4.33e+09  2.35e+10
1.9e+03  7.49e+03  3.98e+09  3.98e+09  2.17e+10
  2e+03  6.14e+03  3.81e+09  3.81e+09  2.01e+10

Reactant = W2   Pressure = 1 atm

   T(K)        W1        P1      Loss   Capture
    500 -5.37e-06  7.95e+09  7.95e+09  4.51e+10
    600    0.0143  1.07e+10  1.07e+10  5.06e+10
    700      0.23  1.16e+10  1.16e+10  5.18e+10
    800      2.34  1.24e+10  1.24e+10  5.07e+10
    900      23.2  1.28e+10  1.28e+10  4.82e+10
  1e+03       174  1.22e+10  1.22e+10  4.51e+10
1.1e+03       952  1.17e+10  1.17e+10  4.18e+10
1.2e+03   3.2e+03  1.09e+10  1.09e+10  3.86e+10
1.3e+03  8.46e+03  1.06e+10  1.06e+10  3.55e+10
1.4e+03  1.52e+04  9.86e+09  9.86e+09  3.26e+10
1.5e+03   2.2e+04  9.24e+09  9.24e+09     3e+10
1.6e+03  2.63e+04  8.39e+09  8.39e+09  2.76e+10
1.7e+03  2.95e+04  7.97e+09  7.97e+09  2.54e+10
1.8e+03  3.05e+04  7.47e+09  7.47e+09  2.35e+10
1.9e+03  2.98e+04  6.85e+09  6.85e+09  2.17e+10
  2e+03  2.74e+04  6.49e+09  6.49e+09  2.01e+10

Reactant = W2   Pressure = 10 atm

   T(K)        W1        P1      Loss   Capture
    500    0.0542  1.74e+10  1.74e+10  4.51e+10
    600      1.46  2.09e+10  2.09e+10  5.06e+10
    700      16.5  2.15e+10  2.15e+10  5.18e+10
    800       124  2.19e+10  2.19e+10  5.07e+10
    900       701  2.18e+10  2.18e+10  4.82e+10
  1e+03  2.75e+03  2.04e+10  2.04e+10  4.51e+10
1.1e+03   8.9e+03  1.93e+10  1.93e+10  4.18e+10
1.2e+03  2.13e+04  1.77e+10  1.77e+10  3.86e+10
1.3e+03  4.51e+04  1.68e+10  1.68e+10  3.55e+10
1.4e+03  7.28e+04  1.56e+10  1.56e+10  3.26e+10
1.5e+03     1e+05  1.44e+10  1.44e+10     3e+10
1.6e+03  1.17e+05  1.31e+10  1.31e+10  2.76e+10
1.7e+03  1.28e+05  1.23e+10  1.23e+10  2.54e+10
1.8e+03   1.3e+05  1.15e+10  1.15e+10  2.35e+10
1.9e+03  1.24e+05  1.05e+10  1.05e+10  2.17e+10
  2e+03  1.15e+05  9.88e+09  9.88e+09  2.01e+10

Reactant = W2   Pressure = 100 atm

   T(K)        W1        P1      Loss   Capture
    500      6.05  3.31e+10  3.31e+10  4.51e+10
    600       110  3.65e+10  3.65e+10  5.06e+10
    700       869  3.65e+10  3.65e+10  5.18e+10
    800  4.32e+03  3.57e+10  3.57e+10  5.07e+10
    900  1.55e+04  3.42e+10  3.42e+10  4.82e+10
  1e+03  4.13e+04  3.17e+10  3.17e+10  4.51e+10
1.1e+03  9.17e+04  2.94e+10  2.94e+10  4.18e+10
1.2e+03  1.67e+05  2.68e+10  2.68e+10  3.86e+10
1.3e+03  2.73e+05   2.5e+10   2.5e+10  3.55e+10
1.4e+03   3.8e+05  2.29e+10  2.29e+10  3.26e+10
1.5e+03  4.78e+05  2.11e+10  2.11e+10     3e+10
1.6e+03  5.38e+05  1.92e+10  1.92e+10  2.76e+10
1.7e+03  5.83e+05  1.79e+10  1.79e+10  2.54e+10
1.8e+03  5.96e+05  1.65e+10  1.65e+10  2.35e+10
1.9e+03  5.73e+05  1.52e+10  1.52e+10  2.17e+10
  2e+03  5.39e+05  1.41e+10  1.41e+10  2.01e+10

Reactant = P1   Pressure = 0.1 atm

   T(K)        W1        W2      Loss   Capture
    500  1.24e-19  1.46e-11  1.46e-11  2.26e-10
    600  1.69e-18  2.08e-11  2.08e-11  2.33e-10
    700  8.81e-18  2.41e-11  2.41e-11  2.39e-10
    800  2.33e-17  2.87e-11  2.87e-11  2.45e-10
    900  3.93e-17  3.33e-11  3.33e-11   2.5e-10
  1e+03  5.07e-17  3.53e-11  3.53e-11  2.54e-10
1.1e+03   5.8e-17  3.81e-11  3.81e-11  2.58e-10
1.2e+03  6.43e-17  3.94e-11  3.94e-11  2.62e-10
1.3e+03  5.98e-17   4.3e-11   4.3e-11  2.65e-10
1.4e+03  5.05e-17  4.48e-11  4.48e-11  2.69e-10
1.5e+03  3.79e-17  4.68e-11  4.68e-11  2.72e-10
1.6e+03  2.79e-17  4.68e-11  4.68e-11  2.75e-10
1.7e+03  1.76e-17  4.94e-11  4.94e-11  2.77e-10
1.8e+03  1.01e-17   5.1e-11   5.1e-11   2.8e-10
1.9e+03  6.32e-18  5.12e-11  5.12e-11  2.83e-10
  2e+03  3.55e-18  5.34e-11  5.34e-11  2.85e-10

Reactant = P1   Pressure = 1 atm

   T(K)        W1        W2      Loss   Capture
    500   1.4e-19  3.98e-11  3.98e-11  2.26e-10
    600  2.33e-18  4.94e-11  4.94e-11  2.33e-10
    700  1.61e-17  5.35e-11  5.35e-11  2.39e-10
    800  5.87e-17  5.98e-11  5.98e-11  2.45e-10
    900  1.34e-16  6.63e-11  6.63e-11   2.5e-10
  1e+03  2.17e-16  6.87e-11  6.87e-11  2.54e-10
1.1e+03   2.8e-16  7.23e-11  7.23e-11  2.58e-10
1.2e+03  3.18e-16  7.37e-11  7.37e-11  2.62e-10
1.3e+03  2.97e-16  7.87e-11  7.87e-11  2.65e-10
1.4e+03  2.44e-16   8.1e-11   8.1e-11  2.69e-10
1.5e+03  1.75e-16  8.35e-11  8.35e-11  2.72e-10
1.6e+03  1.21e-16  8.33e-11  8.33e-11  2.75e-10
1.7e+03  7.24e-17  8.68e-11  8.68e-11  2.77e-10
1.8e+03  4.07e-17  8.89e-11  8.89e-11   2.8e-10
1.9e+03  2.48e-17   8.9e-11   8.9e-11  2.83e-10
  2e+03  1.33e-17   9.2e-11   9.2e-11  2.85e-10

Reactant = P1   Pressure = 10 atm

   T(K)        W1        W2      Loss   Capture
    500  1.43e-19  8.72e-11  8.72e-11  2.26e-10
    600  2.54e-18  9.63e-11  9.63e-11  2.33e-10
    700  2.02e-17  9.94e-11  9.94e-11  2.39e-10
    800  9.24e-17  1.06e-10  1.06e-10  2.45e-10
    900  2.77e-16  1.13e-10  1.13e-10   2.5e-10
  1e+03  5.88e-16  1.15e-10  1.15e-10  2.54e-10
1.1e+03  9.48e-16  1.19e-10  1.19e-10  2.58e-10
1.2e+03  1.24e-15   1.2e-10   1.2e-10  2.62e-10
1.3e+03  1.31e-15  1.26e-10  1.26e-10  2.65e-10
1.4e+03   1.2e-15  1.28e-10  1.28e-10  2.69e-10
1.5e+03  9.48e-16  1.31e-10  1.31e-10  2.72e-10
1.6e+03  7.01e-16   1.3e-10   1.3e-10  2.75e-10
1.7e+03  4.43e-16  1.34e-10  1.34e-10  2.77e-10
1.8e+03  2.56e-16  1.37e-10  1.37e-10   2.8e-10
1.9e+03  1.55e-16  1.37e-10  1.37e-10  2.83e-10
  2e+03   8.2e-17   1.4e-10   1.4e-10  2.85e-10

Reactant = P1   Pressure = 100 atm

   T(K)        W1        W2      Loss   Capture
    500  1.13e-19  1.66e-10  1.66e-10  2.26e-10
    600  2.08e-18  1.69e-10  1.69e-10  2.33e-10
    700  1.73e-17  1.69e-10  1.69e-10  2.39e-10
    800  8.55e-17  1.72e-10  1.72e-10  2.45e-10
    900  2.91e-16  1.77e-10  1.77e-10   2.5e-10
  1e+03  7.52e-16  1.78e-10  1.78e-10  2.54e-10
1.1e+03  1.51e-15  1.81e-10  1.81e-10  2.58e-10
1.2e+03  2.47e-15  1.82e-10  1.82e-10  2.62e-10
1.3e+03  3.26e-15  1.86e-10  1.86e-10  2.65e-10
1.4e+03   3.7e-15  1.89e-10  1.89e-10  2.69e-10
1.5e+03  3.63e-15  1.91e-10  1.91e-10  2.72e-10
1.6e+03  3.29e-15  1.91e-10  1.91e-10  2.75e-10
1.7e+03  2.58e-15  1.95e-10  1.95e-10  2.77e-10
1.8e+03  1.83e-15  1.97e-10  1.97e-10   2.8e-10
1.9e+03  1.29e-15  1.98e-10  1.98e-10  2.83e-10
  2e+03  7.83e-16  2.01e-10  2.01e-10  2.85e-10

______________________________________________________________________________________

Temperature-Pressure Rate Tables:

W1->W2

P\T           500       600       700       800       900     1e+03   1.1e+03   1.2e+03   1.3e+03   1.4e+03   1.5e+03   1.6e+03   1.7e+03   1.8e+03   1.9e+03     2e+03
0.1       0.00206     0.219      4.28      34.5       232  3.15e+03  4.44e+04  3.28e+05  1.64e+06  4.79e+06  1.04e+07  1.73e+07  2.56e+07  3.26e+07  3.72e+07  3.62e+07
1          0.0063      0.93      26.5       388   5.2e+03  6.07e+04  5.24e+05  2.63e+06  9.93e+06  2.43e+07  4.63e+07  7.07e+07  9.89e+07  1.25e+08  1.46e+08  1.59e+08
10          0.184      21.2       705  1.22e+04  1.36e+05  9.32e+05  4.84e+06  1.74e+07  5.25e+07  1.16e+08   2.1e+08  3.12e+08  4.28e+08  5.29e+08  6.04e+08  6.61e+08
100            19  1.48e+03   3.5e+04   4.1e+05  2.94e+06  1.39e+07  4.96e+07  1.36e+08  3.17e+08  6.03e+08  9.99e+08  1.44e+09  1.94e+09  2.42e+09  2.79e+09   3.1e+09
O-O          90.2  7.59e+03  1.88e+05  2.14e+06  1.45e+07  6.78e+07  2.42e+08  7.01e+08  1.74e+09  3.79e+09  7.48e+09  1.36e+10  2.31e+10  3.71e+10  5.67e+10  8.32e+10

W1->P1

P\T           500       600       700       800       900     1e+03   1.1e+03   1.2e+03   1.3e+03   1.4e+03   1.5e+03   1.6e+03   1.7e+03   1.8e+03   1.9e+03     2e+03
0.1          77.8  4.94e+03  7.69e+04  4.58e+05  1.44e+06  3.01e+06  5.08e+06  7.71e+06  9.23e+06  9.54e+06  8.38e+06  6.94e+06  4.72e+06  2.38e+06  1.16e+06  1.16e+05
1            87.7  6.81e+03   1.4e+05  1.15e+06  4.88e+06  1.29e+07  2.46e+07  3.82e+07   4.6e+07  4.67e+07  3.99e+07  3.17e+07  2.13e+07  1.27e+07  7.96e+06   3.9e+06
10           89.5  7.43e+03  1.76e+05  1.81e+06  1.01e+07  3.49e+07   8.3e+07  1.49e+08  2.04e+08  2.31e+08  2.18e+08  1.87e+08  1.34e+08  8.54e+07  5.59e+07  3.11e+07
100          70.9  6.07e+03  1.51e+05  1.68e+06  1.06e+07  4.46e+07  1.32e+08  2.97e+08  5.07e+08  7.12e+08  8.36e+08  8.82e+08  7.84e+08  6.19e+08  4.78e+08  3.14e+08
O-O           ***       ***       ***       ***       ***       ***       ***       ***       ***       ***       ***       ***       ***       ***       ***       ***

W2->W1

P\T           500       600       700       800       900     1e+03   1.1e+03   1.2e+03   1.3e+03   1.4e+03   1.5e+03   1.6e+03   1.7e+03   1.8e+03   1.9e+03     2e+03
0.1      7.98e-06  -3.4e-05   0.00529    0.0472     0.601      8.03      76.4       386  1.36e+03  2.94e+03  4.87e+03  6.37e+03   7.6e+03  7.88e+03  7.49e+03  6.14e+03
1       -5.37e-06    0.0143      0.23      2.34      23.2       174       952   3.2e+03  8.46e+03  1.52e+04   2.2e+04  2.63e+04  2.95e+04  3.05e+04  2.98e+04  2.74e+04
10         0.0542      1.46      16.5       124       701  2.75e+03   8.9e+03  2.13e+04  4.51e+04  7.28e+04     1e+05  1.17e+05  1.28e+05   1.3e+05  1.24e+05  1.15e+05
100          6.05       110       869  4.32e+03  1.55e+04  4.13e+04  9.17e+04  1.67e+05  2.73e+05   3.8e+05  4.78e+05  5.38e+05  5.83e+05  5.96e+05  5.73e+05  5.39e+05
O-O          28.8       562  4.66e+03  2.26e+04  7.67e+04  2.03e+05  4.47e+05   8.6e+05  1.49e+06  2.39e+06  3.58e+06   5.1e+06  6.95e+06  9.13e+06  1.16e+07  1.45e+07

W2->P1

P\T           500       600       700       800       900     1e+03   1.1e+03   1.2e+03   1.3e+03   1.4e+03   1.5e+03   1.6e+03   1.7e+03   1.8e+03   1.9e+03     2e+03
0.1      2.92e+09  4.54e+09  5.26e+09  5.99e+09  6.51e+09  6.34e+09  6.25e+09  5.88e+09  5.83e+09  5.52e+09  5.24e+09  4.77e+09  4.58e+09  4.33e+09  3.98e+09  3.81e+09
1        7.95e+09  1.07e+10  1.16e+10  1.24e+10  1.28e+10  1.22e+10  1.17e+10  1.09e+10  1.06e+10  9.86e+09  9.24e+09  8.39e+09  7.97e+09  7.47e+09  6.85e+09  6.49e+09
10       1.74e+10  2.09e+10  2.15e+10  2.19e+10  2.18e+10  2.04e+10  1.93e+10  1.77e+10  1.68e+10  1.56e+10  1.44e+10  1.31e+10  1.23e+10  1.15e+10  1.05e+10  9.88e+09
100      3.31e+10  3.65e+10  3.65e+10  3.57e+10  3.42e+10  3.17e+10  2.94e+10  2.68e+10   2.5e+10  2.29e+10  2.11e+10  1.92e+10  1.79e+10  1.65e+10  1.52e+10  1.41e+10
O-O      4.51e+10  5.06e+10  5.18e+10  5.07e+10  4.82e+10  4.51e+10  4.18e+10  3.86e+10  3.55e+10  3.26e+10     3e+10  2.76e+10  2.54e+10  2.35e+10  2.17e+10  2.01e+10

P1->W1

P\T           500       600       700       800       900     1e+03   1.1e+03   1.2e+03   1.3e+03   1.4e+03   1.5e+03   1.6e+03   1.7e+03   1.8e+03   1.9e+03     2e+03
0.1      1.24e-19  1.69e-18  8.81e-18  2.33e-17  3.93e-17  5.07e-17   5.8e-17  6.43e-17  5.98e-17  5.05e-17  3.79e-17  2.79e-17  1.76e-17  1.01e-17  6.32e-18  3.55e-18
1         1.4e-19  2.33e-18  1.61e-17  5.87e-17  1.34e-16  2.17e-16   2.8e-16  3.18e-16  2.97e-16  2.44e-16  1.75e-16  1.21e-16  7.24e-17  4.07e-17  2.48e-17  1.33e-17
10       1.43e-19  2.54e-18  2.02e-17  9.24e-17  2.77e-16  5.88e-16  9.48e-16  1.24e-15  1.31e-15   1.2e-15  9.48e-16  7.01e-16  4.43e-16  2.56e-16  1.55e-16   8.2e-17
100      1.13e-19  2.08e-18  1.73e-17  8.55e-17  2.91e-16  7.52e-16  1.51e-15  2.47e-15  3.26e-15   3.7e-15  3.63e-15  3.29e-15  2.58e-15  1.83e-15  1.29e-15  7.83e-16
O-O           ***       ***       ***       ***       ***       ***       ***       ***       ***       ***       ***       ***       ***       ***       ***       ***

P1->W2

P\T           500       600       700       800       900     1e+03   1.1e+03   1.2e+03   1.3e+03   1.4e+03   1.5e+03   1.6e+03   1.7e+03   1.8e+03   1.9e+03     2e+03
0.1      1.46e-11  2.08e-11  2.41e-11  2.87e-11  3.33e-11  3.53e-11  3.81e-11  3.94e-11   4.3e-11  4.48e-11  4.68e-11  4.68e-11  4.94e-11   5.1e-11  5.12e-11  5.34e-11
1        3.98e-11  4.94e-11  5.35e-11  5.98e-11  6.63e-11  6.87e-11  7.23e-11  7.37e-11  7.87e-11   8.1e-11  8.35e-11  8.33e-11  8.68e-11  8.89e-11   8.9e-11   9.2e-11
10       8.72e-11  9.63e-11  9.94e-11  1.06e-10  1.13e-10  1.15e-10  1.19e-10   1.2e-10  1.26e-10  1.28e-10  1.31e-10   1.3e-10  1.34e-10  1.37e-10  1.37e-10   1.4e-10
100      1.66e-10  1.69e-10  1.69e-10  1.72e-10  1.77e-10  1.78e-10  1.81e-10  1.82e-10  1.86e-10  1.89e-10  1.91e-10  1.91e-10  1.95e-10  1.97e-10  1.98e-10  2.01e-10
O-O      2.26e-10  2.33e-10  2.39e-10  2.45e-10   2.5e-10  2.54e-10  2.58e-10  2.62e-10  2.65e-10  2.69e-10  2.72e-10  2.75e-10  2.77e-10   2.8e-10  2.83e-10  2.85e-10

W1-> 

P\T           500       600       700       800       900     1e+03   1.1e+03   1.2e+03   1.3e+03   1.4e+03   1.5e+03   1.6e+03   1.7e+03   1.8e+03   1.9e+03     2e+03
0.1          77.8  4.94e+03  7.69e+04  4.59e+05  1.44e+06  3.02e+06  5.12e+06  8.03e+06  1.09e+07  1.43e+07  1.88e+07  2.43e+07  3.04e+07   3.5e+07  3.84e+07  3.63e+07
1            87.7  6.82e+03   1.4e+05  1.15e+06  4.89e+06  1.29e+07  2.51e+07  4.08e+07   5.6e+07   7.1e+07  8.62e+07  1.02e+08   1.2e+08  1.37e+08  1.54e+08  1.63e+08
10           89.6  7.45e+03  1.77e+05  1.83e+06  1.02e+07  3.59e+07  8.79e+07  1.67e+08  2.57e+08  3.46e+08  4.28e+08  4.99e+08  5.61e+08  6.14e+08   6.6e+08  6.93e+08
100          89.9  7.55e+03  1.86e+05  2.09e+06  1.36e+07  5.85e+07  1.82e+08  4.33e+08  8.24e+08  1.32e+09  1.84e+09  2.32e+09  2.72e+09  3.04e+09  3.27e+09  3.41e+09
O-O          90.2  7.59e+03  1.88e+05  2.14e+06  1.45e+07  6.78e+07  2.42e+08  7.01e+08  1.74e+09  3.79e+09  7.48e+09  1.36e+10  2.31e+10  3.71e+10  5.67e+10  8.32e+10

W2-> 

P\T           500       600       700       800       900     1e+03   1.1e+03   1.2e+03   1.3e+03   1.4e+03   1.5e+03   1.6e+03   1.7e+03   1.8e+03   1.9e+03     2e+03
0.1      2.92e+09  4.54e+09  5.26e+09  5.99e+09  6.51e+09  6.34e+09  6.25e+09  5.88e+09  5.83e+09  5.52e+09  5.24e+09  4.77e+09  4.58e+09  4.33e+09  3.98e+09  3.81e+09
1        7.95e+09  1.07e+10  1.16e+10  1.24e+10  1.28e+10  1.22e+10  1.17e+10  1.09e+10  1.06e+10  9.86e+09  9.24e+09  8.39e+09  7.97e+09  7.47e+09  6.85e+09  6.49e+09
10       1.74e+10  2.09e+10  2.15e+10  2.19e+10  2.18e+10  2.04e+10  1.93e+10  1.77e+10  1.68e+10  1.56e+10  1.44e+10  1.31e+10  1.23e+10  1.15e+10  1.05e+10  9.88e+09
100      3.31e+10  3.65e+10  3.65e+10  3.57e+10  3.42e+10  3.17e+10  2.94e+10  2.68e+10   2.5e+10  2.29e+10  2.11e+10  1.92e+10  1.79e+10  1.65e+10  1.52e+10  1.41e+10
O-O      4.51e+10  5.06e+10  5.18e+10  5.07e+10  4.82e+10  4.51e+10  4.18e+10  3.86e+10  3.55e+10  3.26e+10     3e+10  2.76e+10  2.54e+10  2.35e+10  2.17e+10  2.01e+10

P1-> 

P\T           500       600       700       800       900     1e+03   1.1e+03   1.2e+03   1.3e+03   1.4e+03   1.5e+03   1.6e+03   1.7e+03   1.8e+03   1.9e+03     2e+03
0.1      1.46e-11  2.08e-11  2.41e-11  2.87e-11  3.33e-11  3.53e-11  3.81e-11  3.94e-11   4.3e-11  4.48e-11  4.68e-11  4.68e-11  4.94e-11   5.1e-11  5.12e-11  5.34e-11
1        3.98e-11  4.94e-11  5.35e-11  5.98e-11  6.63e-11  6.87e-11  7.23e-11  7.37e-11  7.87e-11   8.1e-11  8.35e-11  8.33e-11  8.68e-11  8.89e-11   8.9e-11   9.2e-11
10       8.72e-11  9.63e-11  9.94e-11  1.06e-10  1.13e-10  1.15e-10  1.19e-10   1.2e-10  1.26e-10  1.28e-10  1.31e-10   1.3e-10  1.34e-10  1.37e-10  1.37e-10   1.4e-10
100      1.66e-10  1.69e-10  1.69e-10  1.72e-10  1.77e-10  1.78e-10  1.81e-10  1.82e-10  1.86e-10  1.89e-10  1.91e-10  1.91e-10  1.95e-10  1.97e-10  1.98e-10  2.01e-10
O-O      2.26e-10  2.33e-10  2.39e-10  2.45e-10   2.5e-10  2.54e-10  2.58e-10  2.62e-10  2.65e-10  2.69e-10  2.72e-10  2.75e-10  2.77e-10   2.8e-10  2.83e-10  2.85e-10

