Wells (G - ground energy, D - dissociation limit, kcal/mol):
                             W         G         D
        FakeW-C5H8(522)+HO2(8)        -3         0
      FakeW-C5H7(504)+H2O2(10)      6.14      9.14

Bimolecular Products (G - ground energy, kcal/mol):
                       P         G
        C5H8(522)+HO2(8)         0
      C5H7(504)+H2O2(10)      9.14

Well-to-Bimolecular Barriers (H/G - barrier height/well depth, kcal/mol)
                             B         H                        W         G                  P
        FakeB-C5H8(522)+HO2(8)         0   FakeW-C5H8(522)+HO2(8)        -3   C5H8(522)+HO2(8)
      FakeB-C5H7(504)+H2O2(10)      9.14 FakeW-C5H7(504)+H2O2(10)      6.14 C5H7(504)+H2O2(10)

Well-to-Well Barriers (H/G - barrier height/well depth, kcal/mol):
            B         H                       W1        G1                       W2        G2
      ts_6_37      15.3   FakeW-C5H8(522)+HO2(8)        -3 FakeW-C5H7(504)+H2O2(10)      6.14

Bound Groups: dissociation barrier (name/ground energy, kcal/mol): wells (name/ground energy, kcal/mol):
     C1/0:  FakeW-C5H8(522)+HO2(8)/-3

     C2/9.14:  FakeW-C5H7(504)+H2O2(10)/6.14

________________________________________________________________________________________

Names Translation Tables (<short name> - <original name>):
Wells:
   W1 - FakeW-C5H8(522)+HO2(8)
   W2 - FakeW-C5H7(504)+H2O2(10)
Bimolecular products:
   P1 - C5H8(522)+HO2(8)
   P2 - C5H7(504)+H2O2(10)
Inner Barriers:
   B1 - ts_6_37
Outer Barriers:
   C1 - FakeB-C5H8(522)+HO2(8)
   C2 - FakeB-C5H7(504)+H2O2(10)
Unimolecular Rate Units: 1/sec;  Bimolecular Rate Units: cm^3/sec

______________________________________________________________________________________

Species-Species Rate Tables:

Temperature = 500 K

High Pressure Rate Coefficients:

From\To         W1        W2        P1        P2
W1             ***  3.97e+06  4.91e+15       ***
W2         9.4e+10       ***       ***  1.17e+16
P1        1.91e-10       ***       ***       ***
P2             ***   1.9e-10       ***       ***

Temperature = 500 K    Pressure = 0.1 atm

From\To         W1        W2        P1        P2
W1        5.05e+10       ***  5.05e+10     -2.78
W2             ***       ***       ***       ***
P1        1.78e-15       ***  1.78e-15  1.54e-19
P2       -9.64e-22       ***  1.52e-15  1.52e-15

Temperature = 500 K    Pressure = 1 atm

From\To         W1        W2        P1        P2
W1        4.07e+11    0.0379  4.07e+11     0.397
W2        2.76e+03  9.95e+11  8.09e+06  9.95e+11
P1        1.47e-14  1.11e-23  1.47e-14  1.54e-19
P2        1.01e-22  1.34e-14  1.52e-15  1.49e-14

Temperature = 500 K    Pressure = 10 atm

From\To         W1        W2        P1        P2
W1        2.85e+12      4.81  2.85e+12    -0.593
W2        1.21e+05  6.35e+12  1.69e+07  6.35e+12
P1        1.05e-13  2.49e-23  1.05e-13  1.54e-19
P2       -2.16e-22  9.19e-14  1.52e-15  9.34e-14

Temperature = 500 K    Pressure = 100 atm

From\To         W1        W2        P1        P2
W1        1.66e+13  -0.00232  1.66e+13    -0.265
W2           -52.1  3.35e+13  4.49e+07  3.35e+13
P1        6.28e-13  6.99e-23  6.28e-13  1.54e-19
P2       -9.91e-23  5.13e-13  1.52e-15  5.15e-13

Temperature = 600 K

High Pressure Rate Coefficients:

From\To         W1        W2        P1        P2
W1             ***  6.59e+07   6.3e+15       ***
W2        2.83e+11       ***       ***   1.5e+16
P1        1.97e-10       ***       ***       ***
P2             ***  1.96e-10       ***       ***

Temperature = 600 K    Pressure = 0.1 atm

From\To         W1        W2        P1        P2
W1             ***       ***       ***       ***
W2             ***       ***       ***       ***
P1             ***       ***  2.06e-18  2.06e-18
P2             ***       ***  3.68e-15  3.68e-15

Temperature = 600 K    Pressure = 1 atm

From\To         W1        W2        P1        P2
W1             ***       ***       ***       ***
W2             ***       ***       ***       ***
P1             ***       ***  2.06e-18  2.06e-18
P2             ***       ***  3.68e-15  3.68e-15

Temperature = 600 K    Pressure = 10 atm

From\To         W1        W2        P1        P2
W1             ***       ***       ***       ***
W2             ***       ***       ***       ***
P1             ***       ***  2.06e-18  2.06e-18
P2             ***       ***  3.68e-15  3.68e-15

Temperature = 600 K    Pressure = 100 atm

From\To         W1        W2        P1        P2
W1        5.77e+13    -0.162  5.77e+13     -4.25
W2            -557  1.13e+14  1.05e+08  1.13e+14
P1        1.64e-12  6.51e-22  1.64e-12  2.06e-18
P2        -2.2e-22  1.25e-12  3.68e-15  1.25e-12

Temperature = 700 K

High Pressure Rate Coefficients:

From\To         W1        W2        P1        P2
W1             ***  5.31e+08  7.05e+15       ***
W2        6.61e+11       ***       ***  1.68e+16
P1        2.03e-10       ***       ***       ***
P2             ***  2.01e-10       ***       ***

Temperature = 700 K    Pressure = 0.1 atm

From\To         W1        W2        P1        P2
W1             ***       ***       ***       ***
W2             ***       ***       ***       ***
P1             ***       ***  1.52e-17  1.52e-17
P2             ***       ***  7.87e-15  7.87e-15

Temperature = 700 K    Pressure = 1 atm

From\To         W1        W2        P1        P2
W1             ***       ***       ***       ***
W2             ***       ***       ***       ***
P1             ***       ***  1.52e-17  1.52e-17
P2             ***       ***  7.87e-15  7.87e-15

Temperature = 700 K    Pressure = 10 atm

From\To         W1        W2        P1        P2
W1             ***       ***       ***       ***
W2             ***       ***       ***       ***
P1             ***       ***  1.52e-17  1.52e-17
P2             ***       ***  7.87e-15  7.87e-15

Temperature = 700 K    Pressure = 100 atm

From\To         W1        W2        P1        P2
W1        1.18e+14       ***  1.18e+14      -7.8
W2             ***       ***       ***       ***
P1        2.86e-12       ***  2.86e-12  1.52e-17
P2        -9.8e-23       ***  7.87e-15  7.87e-15

Temperature = 800 K

High Pressure Rate Coefficients:

From\To         W1        W2        P1        P2
W1             ***  2.64e+09  7.31e+15       ***
W2        1.28e+12       ***       ***  1.74e+16
P1        2.07e-10       ***       ***       ***
P2             ***  2.06e-10       ***       ***

Temperature = 800 K    Pressure = 0.1 atm

From\To         W1        W2        P1        P2
W1             ***       ***       ***       ***
W2             ***       ***       ***       ***
P1             ***       ***  7.47e-17  7.47e-17
P2             ***       ***  1.51e-14  1.51e-14

Temperature = 800 K    Pressure = 1 atm

From\To         W1        W2        P1        P2
W1             ***       ***       ***       ***
W2             ***       ***       ***       ***
P1             ***       ***  7.47e-17  7.47e-17
P2             ***       ***  1.51e-14  1.51e-14

Temperature = 800 K    Pressure = 10 atm

From\To         W1        W2        P1        P2
W1             ***       ***       ***       ***
W2             ***       ***       ***       ***
P1             ***       ***  7.47e-17  7.47e-17
P2             ***       ***  1.51e-14  1.51e-14

Temperature = 800 K    Pressure = 100 atm

From\To         W1        W2        P1        P2
W1             ***       ***       ***       ***
W2             ***       ***       ***       ***
P1             ***       ***  7.47e-17  7.47e-17
P2             ***       ***  1.51e-14  1.51e-14

Temperature = 900 K

High Pressure Rate Coefficients:

From\To         W1        W2        P1        P2
W1             ***  9.44e+09  7.23e+15       ***
W2        2.19e+12       ***       ***  1.72e+16
P1        2.11e-10       ***       ***       ***
P2             ***   2.1e-10       ***       ***

Temperature = 900 K    Pressure = 0.1 atm

From\To         W1        W2        P1        P2
W1             ***       ***       ***       ***
W2             ***       ***       ***       ***
P1             ***       ***  2.75e-16  2.75e-16
P2             ***       ***  2.66e-14  2.66e-14

Temperature = 900 K    Pressure = 1 atm

From\To         W1        W2        P1        P2
W1             ***       ***       ***       ***
W2             ***       ***       ***       ***
P1             ***       ***  2.75e-16  2.75e-16
P2             ***       ***  2.66e-14  2.66e-14

Temperature = 900 K    Pressure = 10 atm

From\To         W1        W2        P1        P2
W1             ***       ***       ***       ***
W2             ***       ***       ***       ***
P1             ***       ***  2.75e-16  2.75e-16
P2             ***       ***  2.66e-14  2.66e-14

Temperature = 900 K    Pressure = 100 atm

From\To         W1        W2        P1        P2
W1             ***       ***       ***       ***
W2             ***       ***       ***       ***
P1             ***       ***  2.75e-16  2.75e-16
P2             ***       ***  2.66e-14  2.66e-14

Temperature = 1e+03 K

High Pressure Rate Coefficients:

From\To         W1        W2        P1        P2
W1             ***  2.65e+10  6.95e+15       ***
W2         3.4e+12       ***       ***  1.66e+16
P1        2.15e-10       ***       ***       ***
P2             ***  2.13e-10       ***       ***

Temperature = 1e+03 K    Pressure = 0.1 atm

From\To         W1        W2        P1        P2
W1             ***       ***       ***       ***
W2             ***       ***       ***       ***
P1             ***       ***  8.16e-16  8.16e-16
P2             ***       ***  4.36e-14  4.36e-14

Temperature = 1e+03 K    Pressure = 1 atm

From\To         W1        W2        P1        P2
W1             ***       ***       ***       ***
W2             ***       ***       ***       ***
P1             ***       ***  8.16e-16  8.16e-16
P2             ***       ***  4.36e-14  4.36e-14

Temperature = 1e+03 K    Pressure = 10 atm

From\To         W1        W2        P1        P2
W1             ***       ***       ***       ***
W2             ***       ***       ***       ***
P1             ***       ***  8.16e-16  8.16e-16
P2             ***       ***  4.36e-14  4.36e-14

Temperature = 1e+03 K    Pressure = 100 atm

From\To         W1        W2        P1        P2
W1             ***       ***       ***       ***
W2             ***       ***       ***       ***
P1             ***       ***  8.16e-16  8.16e-16
P2             ***       ***  4.36e-14  4.36e-14

Temperature = 1.1e+03 K

High Pressure Rate Coefficients:

From\To         W1        W2        P1        P2
W1             ***  6.22e+10  6.56e+15       ***
W2        4.91e+12       ***       ***  1.56e+16
P1        2.18e-10       ***       ***       ***
P2             ***  2.17e-10       ***       ***

Temperature = 1.1e+03 K    Pressure = 0.1 atm

From\To         W1        W2        P1        P2
W1             ***       ***       ***       ***
W2             ***       ***       ***       ***
P1             ***       ***  2.06e-15  2.06e-15
P2             ***       ***  6.77e-14  6.77e-14

Temperature = 1.1e+03 K    Pressure = 1 atm

From\To         W1        W2        P1        P2
W1             ***       ***       ***       ***
W2             ***       ***       ***       ***
P1             ***       ***  2.06e-15  2.06e-15
P2             ***       ***  6.77e-14  6.77e-14

Temperature = 1.1e+03 K    Pressure = 10 atm

From\To         W1        W2        P1        P2
W1             ***       ***       ***       ***
W2             ***       ***       ***       ***
P1             ***       ***  2.06e-15  2.06e-15
P2             ***       ***  6.77e-14  6.77e-14

Temperature = 1.1e+03 K    Pressure = 100 atm

From\To         W1        W2        P1        P2
W1             ***       ***       ***       ***
W2             ***       ***       ***       ***
P1             ***       ***  2.06e-15  2.06e-15
P2             ***       ***  6.77e-14  6.77e-14

Temperature = 1.2e+03 K

High Pressure Rate Coefficients:

From\To         W1        W2        P1        P2
W1             ***  1.27e+11  6.12e+15       ***
W2        6.69e+12       ***       ***  1.46e+16
P1        2.22e-10       ***       ***       ***
P2             ***   2.2e-10       ***       ***

Temperature = 1.2e+03 K    Pressure = 0.1 atm

From\To         W1        W2        P1        P2
W1             ***       ***       ***       ***
W2             ***       ***       ***       ***
P1             ***       ***  4.59e-15  4.59e-15
P2             ***       ***     1e-13     1e-13

Temperature = 1.2e+03 K    Pressure = 1 atm

From\To         W1        W2        P1        P2
W1             ***       ***       ***       ***
W2             ***       ***       ***       ***
P1             ***       ***  4.59e-15  4.59e-15
P2             ***       ***     1e-13     1e-13

Temperature = 1.2e+03 K    Pressure = 10 atm

From\To         W1        W2        P1        P2
W1             ***       ***       ***       ***
W2             ***       ***       ***       ***
P1             ***       ***  4.59e-15  4.59e-15
P2             ***       ***     1e-13     1e-13

Temperature = 1.2e+03 K    Pressure = 100 atm

From\To         W1        W2        P1        P2
W1             ***       ***       ***       ***
W2             ***       ***       ***       ***
P1             ***       ***  4.59e-15  4.59e-15
P2             ***       ***     1e-13     1e-13

Temperature = 1.3e+03 K

High Pressure Rate Coefficients:

From\To         W1        W2        P1        P2
W1             ***  2.34e+11  5.66e+15       ***
W2        8.74e+12       ***       ***  1.35e+16
P1        2.25e-10       ***       ***       ***
P2             ***  2.23e-10       ***       ***

Temperature = 1.3e+03 K    Pressure = 0.1 atm

From\To         W1        W2        P1        P2
W1             ***       ***       ***       ***
W2             ***       ***       ***       ***
P1             ***       ***  9.22e-15  9.22e-15
P2             ***       ***  1.43e-13  1.43e-13

Temperature = 1.3e+03 K    Pressure = 1 atm

From\To         W1        W2        P1        P2
W1             ***       ***       ***       ***
W2             ***       ***       ***       ***
P1             ***       ***  9.22e-15  9.22e-15
P2             ***       ***  1.43e-13  1.43e-13

Temperature = 1.3e+03 K    Pressure = 10 atm

From\To         W1        W2        P1        P2
W1             ***       ***       ***       ***
W2             ***       ***       ***       ***
P1             ***       ***  9.22e-15  9.22e-15
P2             ***       ***  1.43e-13  1.43e-13

Temperature = 1.3e+03 K    Pressure = 100 atm

From\To         W1        W2        P1        P2
W1             ***       ***       ***       ***
W2             ***       ***       ***       ***
P1             ***       ***  9.22e-15  9.22e-15
P2             ***       ***  1.43e-13  1.43e-13

Temperature = 1.4e+03 K

High Pressure Rate Coefficients:

From\To         W1        W2        P1        P2
W1             ***  3.96e+11  5.22e+15       ***
W2         1.1e+13       ***       ***  1.25e+16
P1        2.27e-10       ***       ***       ***
P2             ***  2.26e-10       ***       ***

Temperature = 1.4e+03 K    Pressure = 0.1 atm

From\To         W1        W2        P1        P2
W1             ***       ***       ***       ***
W2             ***       ***       ***       ***
P1             ***       ***  1.71e-14  1.71e-14
P2             ***       ***  1.97e-13  1.97e-13

Temperature = 1.4e+03 K    Pressure = 1 atm

From\To         W1        W2        P1        P2
W1             ***       ***       ***       ***
W2             ***       ***       ***       ***
P1             ***       ***  1.71e-14  1.71e-14
P2             ***       ***  1.97e-13  1.97e-13

Temperature = 1.4e+03 K    Pressure = 10 atm

From\To         W1        W2        P1        P2
W1             ***       ***       ***       ***
W2             ***       ***       ***       ***
P1             ***       ***  1.71e-14  1.71e-14
P2             ***       ***  1.97e-13  1.97e-13

Temperature = 1.4e+03 K    Pressure = 100 atm

From\To         W1        W2        P1        P2
W1             ***       ***       ***       ***
W2             ***       ***       ***       ***
P1             ***       ***  1.71e-14  1.71e-14
P2             ***       ***  1.97e-13  1.97e-13

Temperature = 1.5e+03 K

High Pressure Rate Coefficients:

From\To         W1        W2        P1        P2
W1             ***  6.24e+11   4.8e+15       ***
W2        1.35e+13       ***       ***  1.15e+16
P1         2.3e-10       ***       ***       ***
P2             ***  2.28e-10       ***       ***

Temperature = 1.5e+03 K    Pressure = 0.1 atm

From\To         W1        W2        P1        P2
W1             ***       ***       ***       ***
W2             ***       ***       ***       ***
P1             ***       ***  2.96e-14  2.96e-14
P2             ***       ***  2.65e-13  2.65e-13

Temperature = 1.5e+03 K    Pressure = 1 atm

From\To         W1        W2        P1        P2
W1             ***       ***       ***       ***
W2             ***       ***       ***       ***
P1             ***       ***  2.96e-14  2.96e-14
P2             ***       ***  2.65e-13  2.65e-13

Temperature = 1.5e+03 K    Pressure = 10 atm

From\To         W1        W2        P1        P2
W1             ***       ***       ***       ***
W2             ***       ***       ***       ***
P1             ***       ***  2.96e-14  2.96e-14
P2             ***       ***  2.65e-13  2.65e-13

Temperature = 1.5e+03 K    Pressure = 100 atm

From\To         W1        W2        P1        P2
W1             ***       ***       ***       ***
W2             ***       ***       ***       ***
P1             ***       ***  2.96e-14  2.96e-14
P2             ***       ***  2.65e-13  2.65e-13

Temperature = 1.6e+03 K

High Pressure Rate Coefficients:

From\To         W1        W2        P1        P2
W1             ***  9.29e+11  4.41e+15       ***
W2        1.61e+13       ***       ***  1.05e+16
P1        2.32e-10       ***       ***       ***
P2             ***  2.31e-10       ***       ***

Temperature = 1.6e+03 K    Pressure = 0.1 atm

From\To         W1        W2        P1        P2
W1             ***       ***       ***       ***
W2             ***       ***       ***       ***
P1             ***       ***  4.84e-14  4.84e-14
P2             ***       ***  3.48e-13  3.48e-13

Temperature = 1.6e+03 K    Pressure = 1 atm

From\To         W1        W2        P1        P2
W1             ***       ***       ***       ***
W2             ***       ***       ***       ***
P1             ***       ***  4.84e-14  4.84e-14
P2             ***       ***  3.48e-13  3.48e-13

Temperature = 1.6e+03 K    Pressure = 10 atm

From\To         W1        W2        P1        P2
W1             ***       ***       ***       ***
W2             ***       ***       ***       ***
P1             ***       ***  4.84e-14  4.84e-14
P2             ***       ***  3.48e-13  3.48e-13

Temperature = 1.6e+03 K    Pressure = 100 atm

From\To         W1        W2        P1        P2
W1             ***       ***       ***       ***
W2             ***       ***       ***       ***
P1             ***       ***  4.84e-14  4.84e-14
P2             ***       ***  3.48e-13  3.48e-13

Temperature = 1.7e+03 K

High Pressure Rate Coefficients:

From\To         W1        W2        P1        P2
W1             ***  1.32e+12  4.05e+15       ***
W2        1.88e+13       ***       ***  9.66e+15
P1        2.35e-10       ***       ***       ***
P2             ***  2.33e-10       ***       ***

Temperature = 1.7e+03 K    Pressure = 0.1 atm

From\To         W1        W2        P1        P2
W1             ***       ***       ***       ***
W2             ***       ***       ***       ***
P1             ***       ***  7.55e-14  7.55e-14
P2             ***       ***  4.47e-13  4.47e-13

Temperature = 1.7e+03 K    Pressure = 1 atm

From\To         W1        W2        P1        P2
W1             ***       ***       ***       ***
W2             ***       ***       ***       ***
P1             ***       ***  7.55e-14  7.55e-14
P2             ***       ***  4.47e-13  4.47e-13

Temperature = 1.7e+03 K    Pressure = 10 atm

From\To         W1        W2        P1        P2
W1             ***       ***       ***       ***
W2             ***       ***       ***       ***
P1             ***       ***  7.55e-14  7.55e-14
P2             ***       ***  4.47e-13  4.47e-13

Temperature = 1.7e+03 K    Pressure = 100 atm

From\To         W1        W2        P1        P2
W1             ***       ***       ***       ***
W2             ***       ***       ***       ***
P1             ***       ***  7.55e-14  7.55e-14
P2             ***       ***  4.47e-13  4.47e-13

Temperature = 1.8e+03 K

High Pressure Rate Coefficients:

From\To         W1        W2        P1        P2
W1             ***   1.8e+12  3.72e+15       ***
W2        2.17e+13       ***       ***  8.87e+15
P1        2.37e-10       ***       ***       ***
P2             ***  2.35e-10       ***       ***

Temperature = 1.8e+03 K    Pressure = 0.1 atm

From\To         W1        W2        P1        P2
W1             ***       ***       ***       ***
W2             ***       ***       ***       ***
P1             ***       ***  1.13e-13  1.13e-13
P2             ***       ***  5.65e-13  5.65e-13

Temperature = 1.8e+03 K    Pressure = 1 atm

From\To         W1        W2        P1        P2
W1             ***       ***       ***       ***
W2             ***       ***       ***       ***
P1             ***       ***  1.13e-13  1.13e-13
P2             ***       ***  5.65e-13  5.65e-13

Temperature = 1.8e+03 K    Pressure = 10 atm

From\To         W1        W2        P1        P2
W1             ***       ***       ***       ***
W2             ***       ***       ***       ***
P1             ***       ***  1.13e-13  1.13e-13
P2             ***       ***  5.65e-13  5.65e-13

Temperature = 1.8e+03 K    Pressure = 100 atm

From\To         W1        W2        P1        P2
W1             ***       ***       ***       ***
W2             ***       ***       ***       ***
P1             ***       ***  1.13e-13  1.13e-13
P2             ***       ***  5.65e-13  5.65e-13

Temperature = 1.9e+03 K

High Pressure Rate Coefficients:

From\To         W1        W2        P1        P2
W1             ***  2.38e+12  3.42e+15       ***
W2        2.46e+13       ***       ***  8.15e+15
P1        2.39e-10       ***       ***       ***
P2             ***  2.37e-10       ***       ***

Temperature = 1.9e+03 K    Pressure = 0.1 atm

From\To         W1        W2        P1        P2
W1             ***       ***       ***       ***
W2             ***       ***       ***       ***
P1             ***       ***  1.64e-13  1.64e-13
P2             ***       ***  7.01e-13  7.01e-13

Temperature = 1.9e+03 K    Pressure = 1 atm

From\To         W1        W2        P1        P2
W1             ***       ***       ***       ***
W2             ***       ***       ***       ***
P1             ***       ***  1.64e-13  1.64e-13
P2             ***       ***  7.01e-13  7.01e-13

Temperature = 1.9e+03 K    Pressure = 10 atm

From\To         W1        W2        P1        P2
W1             ***       ***       ***       ***
W2             ***       ***       ***       ***
P1             ***       ***  1.64e-13  1.64e-13
P2             ***       ***  7.01e-13  7.01e-13

Temperature = 1.9e+03 K    Pressure = 100 atm

From\To         W1        W2        P1        P2
W1             ***       ***       ***       ***
W2             ***       ***       ***       ***
P1             ***       ***  1.64e-13  1.64e-13
P2             ***       ***  7.01e-13  7.01e-13

Temperature = 2e+03 K

High Pressure Rate Coefficients:

From\To         W1        W2        P1        P2
W1             ***  3.06e+12  3.14e+15       ***
W2        2.75e+13       ***       ***   7.5e+15
P1        2.41e-10       ***       ***       ***
P2             ***  2.39e-10       ***       ***

Temperature = 2e+03 K    Pressure = 0.1 atm

From\To         W1        W2        P1        P2
W1             ***       ***       ***       ***
W2             ***       ***       ***       ***
P1             ***       ***   2.3e-13   2.3e-13
P2             ***       ***  8.59e-13  8.59e-13

Temperature = 2e+03 K    Pressure = 1 atm

From\To         W1        W2        P1        P2
W1             ***       ***       ***       ***
W2             ***       ***       ***       ***
P1             ***       ***   2.3e-13   2.3e-13
P2             ***       ***  8.59e-13  8.59e-13

Temperature = 2e+03 K    Pressure = 10 atm

From\To         W1        W2        P1        P2
W1             ***       ***       ***       ***
W2             ***       ***       ***       ***
P1             ***       ***   2.3e-13   2.3e-13
P2             ***       ***  8.59e-13  8.59e-13

Temperature = 2e+03 K    Pressure = 100 atm

From\To         W1        W2        P1        P2
W1             ***       ***       ***       ***
W2             ***       ***       ***       ***
P1             ***       ***   2.3e-13   2.3e-13
P2             ***       ***  8.59e-13  8.59e-13

______________________________________________________________________________________

High Pressure Rate Coefficients (Temperature-Species Rate Tables):

Reactant = W1
   T(K)        W1        W2        P1        P2
    500       ***  3.97e+06  4.91e+15       ***
    600       ***  6.59e+07   6.3e+15       ***
    700       ***  5.31e+08  7.05e+15       ***
    800       ***  2.64e+09  7.31e+15       ***
    900       ***  9.44e+09  7.23e+15       ***
  1e+03       ***  2.65e+10  6.95e+15       ***
1.1e+03       ***  6.22e+10  6.56e+15       ***
1.2e+03       ***  1.27e+11  6.12e+15       ***
1.3e+03       ***  2.34e+11  5.66e+15       ***
1.4e+03       ***  3.96e+11  5.22e+15       ***
1.5e+03       ***  6.24e+11   4.8e+15       ***
1.6e+03       ***  9.29e+11  4.41e+15       ***
1.7e+03       ***  1.32e+12  4.05e+15       ***
1.8e+03       ***   1.8e+12  3.72e+15       ***
1.9e+03       ***  2.38e+12  3.42e+15       ***
  2e+03       ***  3.06e+12  3.14e+15       ***

Reactant = W2
   T(K)        W1        W2        P1        P2
    500   9.4e+10       ***       ***  1.17e+16
    600  2.83e+11       ***       ***   1.5e+16
    700  6.61e+11       ***       ***  1.68e+16
    800  1.28e+12       ***       ***  1.74e+16
    900  2.19e+12       ***       ***  1.72e+16
  1e+03   3.4e+12       ***       ***  1.66e+16
1.1e+03  4.91e+12       ***       ***  1.56e+16
1.2e+03  6.69e+12       ***       ***  1.46e+16
1.3e+03  8.74e+12       ***       ***  1.35e+16
1.4e+03   1.1e+13       ***       ***  1.25e+16
1.5e+03  1.35e+13       ***       ***  1.15e+16
1.6e+03  1.61e+13       ***       ***  1.05e+16
1.7e+03  1.88e+13       ***       ***  9.66e+15
1.8e+03  2.17e+13       ***       ***  8.87e+15
1.9e+03  2.46e+13       ***       ***  8.15e+15
  2e+03  2.75e+13       ***       ***   7.5e+15

Reactant = P1
   T(K)        W1        W2        P1        P2
    500  1.91e-10       ***       ***       ***
    600  1.97e-10       ***       ***       ***
    700  2.03e-10       ***       ***       ***
    800  2.07e-10       ***       ***       ***
    900  2.11e-10       ***       ***       ***
  1e+03  2.15e-10       ***       ***       ***
1.1e+03  2.18e-10       ***       ***       ***
1.2e+03  2.22e-10       ***       ***       ***
1.3e+03  2.25e-10       ***       ***       ***
1.4e+03  2.27e-10       ***       ***       ***
1.5e+03   2.3e-10       ***       ***       ***
1.6e+03  2.32e-10       ***       ***       ***
1.7e+03  2.35e-10       ***       ***       ***
1.8e+03  2.37e-10       ***       ***       ***
1.9e+03  2.39e-10       ***       ***       ***
  2e+03  2.41e-10       ***       ***       ***

Reactant = P2
   T(K)        W1        W2        P1        P2
    500       ***   1.9e-10       ***       ***
    600       ***  1.96e-10       ***       ***
    700       ***  2.01e-10       ***       ***
    800       ***  2.06e-10       ***       ***
    900       ***   2.1e-10       ***       ***
  1e+03       ***  2.13e-10       ***       ***
1.1e+03       ***  2.17e-10       ***       ***
1.2e+03       ***   2.2e-10       ***       ***
1.3e+03       ***  2.23e-10       ***       ***
1.4e+03       ***  2.26e-10       ***       ***
1.5e+03       ***  2.28e-10       ***       ***
1.6e+03       ***  2.31e-10       ***       ***
1.7e+03       ***  2.33e-10       ***       ***
1.8e+03       ***  2.35e-10       ***       ***
1.9e+03       ***  2.37e-10       ***       ***
  2e+03       ***  2.39e-10       ***       ***

Capture/Escape Rate Coefficients:

   T(K)        W1        W2        P1        P2
    500  4.91e+15  1.17e+16  1.91e-10   1.9e-10
    600   6.3e+15   1.5e+16  1.97e-10  1.96e-10
    700  7.05e+15  1.68e+16  2.03e-10  2.01e-10
    800  7.31e+15  1.74e+16  2.07e-10  2.06e-10
    900  7.23e+15  1.73e+16  2.11e-10   2.1e-10
  1e+03  6.95e+15  1.66e+16  2.15e-10  2.13e-10
1.1e+03  6.56e+15  1.56e+16  2.18e-10  2.17e-10
1.2e+03  6.12e+15  1.46e+16  2.22e-10   2.2e-10
1.3e+03  5.67e+15  1.35e+16  2.25e-10  2.23e-10
1.4e+03  5.22e+15  1.25e+16  2.27e-10  2.26e-10
1.5e+03   4.8e+15  1.15e+16   2.3e-10  2.28e-10
1.6e+03  4.41e+15  1.05e+16  2.32e-10  2.31e-10
1.7e+03  4.05e+15  9.68e+15  2.35e-10  2.33e-10
1.8e+03  3.72e+15  8.89e+15  2.37e-10  2.35e-10
1.9e+03  3.42e+15  8.18e+15  2.39e-10  2.37e-10
  2e+03  3.15e+15  7.53e+15  2.41e-10  2.39e-10

______________________________________________________________________________________

Pressure-Species Rate Tables:

Reactant = W1   Temperature = 500 K

   P(atm)        W2        P1        P2      Loss
      0.1       ***  5.05e+10     -2.78  5.05e+10
        1    0.0379  4.07e+11     0.397  4.07e+11
       10      4.81  2.85e+12    -0.593  2.85e+12
      100  -0.00232  1.66e+13    -0.265  1.66e+13
      O-O  3.97e+06  4.91e+15       ***  4.91e+15

Reactant = W1   Temperature = 600 K

   P(atm)        W2        P1        P2      Loss
      0.1       ***       ***       ***       ***
        1       ***       ***       ***       ***
       10       ***       ***       ***       ***
      100    -0.162  5.77e+13     -4.25  5.77e+13
      O-O  6.59e+07   6.3e+15       ***   6.3e+15

Reactant = W1   Temperature = 700 K

   P(atm)        W2        P1        P2      Loss
      0.1       ***       ***       ***       ***
        1       ***       ***       ***       ***
       10       ***       ***       ***       ***
      100       ***  1.18e+14      -7.8  1.18e+14
      O-O  5.31e+08  7.05e+15       ***  7.05e+15

Reactant = W1   Temperature = 800 K

   P(atm)        W2        P1        P2      Loss
      0.1       ***       ***       ***       ***
        1       ***       ***       ***       ***
       10       ***       ***       ***       ***
      100       ***       ***       ***       ***
      O-O  2.64e+09  7.31e+15       ***  7.31e+15

Reactant = W1   Temperature = 900 K

   P(atm)        W2        P1        P2      Loss
      0.1       ***       ***       ***       ***
        1       ***       ***       ***       ***
       10       ***       ***       ***       ***
      100       ***       ***       ***       ***
      O-O  9.44e+09  7.23e+15       ***  7.23e+15

Reactant = W1   Temperature = 1e+03 K

   P(atm)        W2        P1        P2      Loss
      0.1       ***       ***       ***       ***
        1       ***       ***       ***       ***
       10       ***       ***       ***       ***
      100       ***       ***       ***       ***
      O-O  2.65e+10  6.95e+15       ***  6.95e+15

Reactant = W1   Temperature = 1.1e+03 K

   P(atm)        W2        P1        P2      Loss
      0.1       ***       ***       ***       ***
        1       ***       ***       ***       ***
       10       ***       ***       ***       ***
      100       ***       ***       ***       ***
      O-O  6.22e+10  6.56e+15       ***  6.56e+15

Reactant = W1   Temperature = 1.2e+03 K

   P(atm)        W2        P1        P2      Loss
      0.1       ***       ***       ***       ***
        1       ***       ***       ***       ***
       10       ***       ***       ***       ***
      100       ***       ***       ***       ***
      O-O  1.27e+11  6.12e+15       ***  6.12e+15

Reactant = W1   Temperature = 1.3e+03 K

   P(atm)        W2        P1        P2      Loss
      0.1       ***       ***       ***       ***
        1       ***       ***       ***       ***
       10       ***       ***       ***       ***
      100       ***       ***       ***       ***
      O-O  2.34e+11  5.66e+15       ***  5.67e+15

Reactant = W1   Temperature = 1.4e+03 K

   P(atm)        W2        P1        P2      Loss
      0.1       ***       ***       ***       ***
        1       ***       ***       ***       ***
       10       ***       ***       ***       ***
      100       ***       ***       ***       ***
      O-O  3.96e+11  5.22e+15       ***  5.22e+15

Reactant = W1   Temperature = 1.5e+03 K

   P(atm)        W2        P1        P2      Loss
      0.1       ***       ***       ***       ***
        1       ***       ***       ***       ***
       10       ***       ***       ***       ***
      100       ***       ***       ***       ***
      O-O  6.24e+11   4.8e+15       ***   4.8e+15

Reactant = W1   Temperature = 1.6e+03 K

   P(atm)        W2        P1        P2      Loss
      0.1       ***       ***       ***       ***
        1       ***       ***       ***       ***
       10       ***       ***       ***       ***
      100       ***       ***       ***       ***
      O-O  9.29e+11  4.41e+15       ***  4.41e+15

Reactant = W1   Temperature = 1.7e+03 K

   P(atm)        W2        P1        P2      Loss
      0.1       ***       ***       ***       ***
        1       ***       ***       ***       ***
       10       ***       ***       ***       ***
      100       ***       ***       ***       ***
      O-O  1.32e+12  4.05e+15       ***  4.05e+15

Reactant = W1   Temperature = 1.8e+03 K

   P(atm)        W2        P1        P2      Loss
      0.1       ***       ***       ***       ***
        1       ***       ***       ***       ***
       10       ***       ***       ***       ***
      100       ***       ***       ***       ***
      O-O   1.8e+12  3.72e+15       ***  3.72e+15

Reactant = W1   Temperature = 1.9e+03 K

   P(atm)        W2        P1        P2      Loss
      0.1       ***       ***       ***       ***
        1       ***       ***       ***       ***
       10       ***       ***       ***       ***
      100       ***       ***       ***       ***
      O-O  2.38e+12  3.42e+15       ***  3.42e+15

Reactant = W1   Temperature = 2e+03 K

   P(atm)        W2        P1        P2      Loss
      0.1       ***       ***       ***       ***
        1       ***       ***       ***       ***
       10       ***       ***       ***       ***
      100       ***       ***       ***       ***
      O-O  3.06e+12  3.14e+15       ***  3.15e+15

Reactant = W2   Temperature = 500 K

   P(atm)        W1        P1        P2      Loss
      0.1       ***       ***       ***       ***
        1  2.76e+03  8.09e+06  9.95e+11  9.95e+11
       10  1.21e+05  1.69e+07  6.35e+12  6.35e+12
      100     -52.1  4.49e+07  3.35e+13  3.35e+13
      O-O   9.4e+10       ***  1.17e+16  1.17e+16

Reactant = W2   Temperature = 600 K

   P(atm)        W1        P1        P2      Loss
      0.1       ***       ***       ***       ***
        1       ***       ***       ***       ***
       10       ***       ***       ***       ***
      100      -557  1.05e+08  1.13e+14  1.13e+14
      O-O  2.83e+11       ***   1.5e+16   1.5e+16

Reactant = W2   Temperature = 700 K

   P(atm)        W1        P1        P2      Loss
      0.1       ***       ***       ***       ***
        1       ***       ***       ***       ***
       10       ***       ***       ***       ***
      100       ***       ***       ***       ***
      O-O  6.61e+11       ***  1.68e+16  1.68e+16

Reactant = W2   Temperature = 800 K

   P(atm)        W1        P1        P2      Loss
      0.1       ***       ***       ***       ***
        1       ***       ***       ***       ***
       10       ***       ***       ***       ***
      100       ***       ***       ***       ***
      O-O  1.28e+12       ***  1.74e+16  1.74e+16

Reactant = W2   Temperature = 900 K

   P(atm)        W1        P1        P2      Loss
      0.1       ***       ***       ***       ***
        1       ***       ***       ***       ***
       10       ***       ***       ***       ***
      100       ***       ***       ***       ***
      O-O  2.19e+12       ***  1.72e+16  1.73e+16

Reactant = W2   Temperature = 1e+03 K

   P(atm)        W1        P1        P2      Loss
      0.1       ***       ***       ***       ***
        1       ***       ***       ***       ***
       10       ***       ***       ***       ***
      100       ***       ***       ***       ***
      O-O   3.4e+12       ***  1.66e+16  1.66e+16

Reactant = W2   Temperature = 1.1e+03 K

   P(atm)        W1        P1        P2      Loss
      0.1       ***       ***       ***       ***
        1       ***       ***       ***       ***
       10       ***       ***       ***       ***
      100       ***       ***       ***       ***
      O-O  4.91e+12       ***  1.56e+16  1.56e+16

Reactant = W2   Temperature = 1.2e+03 K

   P(atm)        W1        P1        P2      Loss
      0.1       ***       ***       ***       ***
        1       ***       ***       ***       ***
       10       ***       ***       ***       ***
      100       ***       ***       ***       ***
      O-O  6.69e+12       ***  1.46e+16  1.46e+16

Reactant = W2   Temperature = 1.3e+03 K

   P(atm)        W1        P1        P2      Loss
      0.1       ***       ***       ***       ***
        1       ***       ***       ***       ***
       10       ***       ***       ***       ***
      100       ***       ***       ***       ***
      O-O  8.74e+12       ***  1.35e+16  1.35e+16

Reactant = W2   Temperature = 1.4e+03 K

   P(atm)        W1        P1        P2      Loss
      0.1       ***       ***       ***       ***
        1       ***       ***       ***       ***
       10       ***       ***       ***       ***
      100       ***       ***       ***       ***
      O-O   1.1e+13       ***  1.25e+16  1.25e+16

Reactant = W2   Temperature = 1.5e+03 K

   P(atm)        W1        P1        P2      Loss
      0.1       ***       ***       ***       ***
        1       ***       ***       ***       ***
       10       ***       ***       ***       ***
      100       ***       ***       ***       ***
      O-O  1.35e+13       ***  1.15e+16  1.15e+16

Reactant = W2   Temperature = 1.6e+03 K

   P(atm)        W1        P1        P2      Loss
      0.1       ***       ***       ***       ***
        1       ***       ***       ***       ***
       10       ***       ***       ***       ***
      100       ***       ***       ***       ***
      O-O  1.61e+13       ***  1.05e+16  1.05e+16

Reactant = W2   Temperature = 1.7e+03 K

   P(atm)        W1        P1        P2      Loss
      0.1       ***       ***       ***       ***
        1       ***       ***       ***       ***
       10       ***       ***       ***       ***
      100       ***       ***       ***       ***
      O-O  1.88e+13       ***  9.66e+15  9.68e+15

Reactant = W2   Temperature = 1.8e+03 K

   P(atm)        W1        P1        P2      Loss
      0.1       ***       ***       ***       ***
        1       ***       ***       ***       ***
       10       ***       ***       ***       ***
      100       ***       ***       ***       ***
      O-O  2.17e+13       ***  8.87e+15  8.89e+15

Reactant = W2   Temperature = 1.9e+03 K

   P(atm)        W1        P1        P2      Loss
      0.1       ***       ***       ***       ***
        1       ***       ***       ***       ***
       10       ***       ***       ***       ***
      100       ***       ***       ***       ***
      O-O  2.46e+13       ***  8.15e+15  8.18e+15

Reactant = W2   Temperature = 2e+03 K

   P(atm)        W1        P1        P2      Loss
      0.1       ***       ***       ***       ***
        1       ***       ***       ***       ***
       10       ***       ***       ***       ***
      100       ***       ***       ***       ***
      O-O  2.75e+13       ***   7.5e+15  7.53e+15

Reactant = P1   Temperature = 500 K

   P(atm)        W1        W2        P2      Loss
      0.1  1.78e-15       ***  1.54e-19  1.78e-15
        1  1.47e-14  1.11e-23  1.54e-19  1.47e-14
       10  1.05e-13  2.49e-23  1.54e-19  1.05e-13
      100  6.28e-13  6.99e-23  1.54e-19  6.28e-13
      O-O  1.91e-10       ***       ***  1.91e-10

Reactant = P1   Temperature = 600 K

   P(atm)        W1        W2        P2      Loss
      0.1       ***       ***  2.06e-18  2.06e-18
        1       ***       ***  2.06e-18  2.06e-18
       10       ***       ***  2.06e-18  2.06e-18
      100  1.64e-12  6.51e-22  2.06e-18  1.64e-12
      O-O  1.97e-10       ***       ***  1.97e-10

Reactant = P1   Temperature = 700 K

   P(atm)        W1        W2        P2      Loss
      0.1       ***       ***  1.52e-17  1.52e-17
        1       ***       ***  1.52e-17  1.52e-17
       10       ***       ***  1.52e-17  1.52e-17
      100  2.86e-12       ***  1.52e-17  2.86e-12
      O-O  2.03e-10       ***       ***  2.03e-10

Reactant = P1   Temperature = 800 K

   P(atm)        W1        W2        P2      Loss
      0.1       ***       ***  7.47e-17  7.47e-17
        1       ***       ***  7.47e-17  7.47e-17
       10       ***       ***  7.47e-17  7.47e-17
      100       ***       ***  7.47e-17  7.47e-17
      O-O  2.07e-10       ***       ***  2.07e-10

Reactant = P1   Temperature = 900 K

   P(atm)        W1        W2        P2      Loss
      0.1       ***       ***  2.75e-16  2.75e-16
        1       ***       ***  2.75e-16  2.75e-16
       10       ***       ***  2.75e-16  2.75e-16
      100       ***       ***  2.75e-16  2.75e-16
      O-O  2.11e-10       ***       ***  2.11e-10

Reactant = P1   Temperature = 1e+03 K

   P(atm)        W1        W2        P2      Loss
      0.1       ***       ***  8.16e-16  8.16e-16
        1       ***       ***  8.16e-16  8.16e-16
       10       ***       ***  8.16e-16  8.16e-16
      100       ***       ***  8.16e-16  8.16e-16
      O-O  2.15e-10       ***       ***  2.15e-10

Reactant = P1   Temperature = 1.1e+03 K

   P(atm)        W1        W2        P2      Loss
      0.1       ***       ***  2.06e-15  2.06e-15
        1       ***       ***  2.06e-15  2.06e-15
       10       ***       ***  2.06e-15  2.06e-15
      100       ***       ***  2.06e-15  2.06e-15
      O-O  2.18e-10       ***       ***  2.18e-10

Reactant = P1   Temperature = 1.2e+03 K

   P(atm)        W1        W2        P2      Loss
      0.1       ***       ***  4.59e-15  4.59e-15
        1       ***       ***  4.59e-15  4.59e-15
       10       ***       ***  4.59e-15  4.59e-15
      100       ***       ***  4.59e-15  4.59e-15
      O-O  2.22e-10       ***       ***  2.22e-10

Reactant = P1   Temperature = 1.3e+03 K

   P(atm)        W1        W2        P2      Loss
      0.1       ***       ***  9.22e-15  9.22e-15
        1       ***       ***  9.22e-15  9.22e-15
       10       ***       ***  9.22e-15  9.22e-15
      100       ***       ***  9.22e-15  9.22e-15
      O-O  2.25e-10       ***       ***  2.25e-10

Reactant = P1   Temperature = 1.4e+03 K

   P(atm)        W1        W2        P2      Loss
      0.1       ***       ***  1.71e-14  1.71e-14
        1       ***       ***  1.71e-14  1.71e-14
       10       ***       ***  1.71e-14  1.71e-14
      100       ***       ***  1.71e-14  1.71e-14
      O-O  2.27e-10       ***       ***  2.27e-10

Reactant = P1   Temperature = 1.5e+03 K

   P(atm)        W1        W2        P2      Loss
      0.1       ***       ***  2.96e-14  2.96e-14
        1       ***       ***  2.96e-14  2.96e-14
       10       ***       ***  2.96e-14  2.96e-14
      100       ***       ***  2.96e-14  2.96e-14
      O-O   2.3e-10       ***       ***   2.3e-10

Reactant = P1   Temperature = 1.6e+03 K

   P(atm)        W1        W2        P2      Loss
      0.1       ***       ***  4.84e-14  4.84e-14
        1       ***       ***  4.84e-14  4.84e-14
       10       ***       ***  4.84e-14  4.84e-14
      100       ***       ***  4.84e-14  4.84e-14
      O-O  2.32e-10       ***       ***  2.32e-10

Reactant = P1   Temperature = 1.7e+03 K

   P(atm)        W1        W2        P2      Loss
      0.1       ***       ***  7.55e-14  7.55e-14
        1       ***       ***  7.55e-14  7.55e-14
       10       ***       ***  7.55e-14  7.55e-14
      100       ***       ***  7.55e-14  7.55e-14
      O-O  2.35e-10       ***       ***  2.35e-10

Reactant = P1   Temperature = 1.8e+03 K

   P(atm)        W1        W2        P2      Loss
      0.1       ***       ***  1.13e-13  1.13e-13
        1       ***       ***  1.13e-13  1.13e-13
       10       ***       ***  1.13e-13  1.13e-13
      100       ***       ***  1.13e-13  1.13e-13
      O-O  2.37e-10       ***       ***  2.37e-10

Reactant = P1   Temperature = 1.9e+03 K

   P(atm)        W1        W2        P2      Loss
      0.1       ***       ***  1.64e-13  1.64e-13
        1       ***       ***  1.64e-13  1.64e-13
       10       ***       ***  1.64e-13  1.64e-13
      100       ***       ***  1.64e-13  1.64e-13
      O-O  2.39e-10       ***       ***  2.39e-10

Reactant = P1   Temperature = 2e+03 K

   P(atm)        W1        W2        P2      Loss
      0.1       ***       ***   2.3e-13   2.3e-13
        1       ***       ***   2.3e-13   2.3e-13
       10       ***       ***   2.3e-13   2.3e-13
      100       ***       ***   2.3e-13   2.3e-13
      O-O  2.41e-10       ***       ***  2.41e-10

Reactant = P2   Temperature = 500 K

   P(atm)        W1        W2        P1      Loss
      0.1 -9.64e-22       ***  1.52e-15  1.52e-15
        1  1.01e-22  1.34e-14  1.52e-15  1.49e-14
       10 -2.16e-22  9.19e-14  1.52e-15  9.34e-14
      100 -9.91e-23  5.13e-13  1.52e-15  5.15e-13
      O-O       ***   1.9e-10       ***   1.9e-10

Reactant = P2   Temperature = 600 K

   P(atm)        W1        W2        P1      Loss
      0.1       ***       ***  3.68e-15  3.68e-15
        1       ***       ***  3.68e-15  3.68e-15
       10       ***       ***  3.68e-15  3.68e-15
      100  -2.2e-22  1.25e-12  3.68e-15  1.25e-12
      O-O       ***  1.96e-10       ***  1.96e-10

Reactant = P2   Temperature = 700 K

   P(atm)        W1        W2        P1      Loss
      0.1       ***       ***  7.87e-15  7.87e-15
        1       ***       ***  7.87e-15  7.87e-15
       10       ***       ***  7.87e-15  7.87e-15
      100  -9.8e-23       ***  7.87e-15  7.87e-15
      O-O       ***  2.01e-10       ***  2.01e-10

Reactant = P2   Temperature = 800 K

   P(atm)        W1        W2        P1      Loss
      0.1       ***       ***  1.51e-14  1.51e-14
        1       ***       ***  1.51e-14  1.51e-14
       10       ***       ***  1.51e-14  1.51e-14
      100       ***       ***  1.51e-14  1.51e-14
      O-O       ***  2.06e-10       ***  2.06e-10

Reactant = P2   Temperature = 900 K

   P(atm)        W1        W2        P1      Loss
      0.1       ***       ***  2.66e-14  2.66e-14
        1       ***       ***  2.66e-14  2.66e-14
       10       ***       ***  2.66e-14  2.66e-14
      100       ***       ***  2.66e-14  2.66e-14
      O-O       ***   2.1e-10       ***   2.1e-10

Reactant = P2   Temperature = 1e+03 K

   P(atm)        W1        W2        P1      Loss
      0.1       ***       ***  4.36e-14  4.36e-14
        1       ***       ***  4.36e-14  4.36e-14
       10       ***       ***  4.36e-14  4.36e-14
      100       ***       ***  4.36e-14  4.36e-14
      O-O       ***  2.13e-10       ***  2.13e-10

Reactant = P2   Temperature = 1.1e+03 K

   P(atm)        W1        W2        P1      Loss
      0.1       ***       ***  6.77e-14  6.77e-14
        1       ***       ***  6.77e-14  6.77e-14
       10       ***       ***  6.77e-14  6.77e-14
      100       ***       ***  6.77e-14  6.77e-14
      O-O       ***  2.17e-10       ***  2.17e-10

Reactant = P2   Temperature = 1.2e+03 K

   P(atm)        W1        W2        P1      Loss
      0.1       ***       ***     1e-13     1e-13
        1       ***       ***     1e-13     1e-13
       10       ***       ***     1e-13     1e-13
      100       ***       ***     1e-13     1e-13
      O-O       ***   2.2e-10       ***   2.2e-10

Reactant = P2   Temperature = 1.3e+03 K

   P(atm)        W1        W2        P1      Loss
      0.1       ***       ***  1.43e-13  1.43e-13
        1       ***       ***  1.43e-13  1.43e-13
       10       ***       ***  1.43e-13  1.43e-13
      100       ***       ***  1.43e-13  1.43e-13
      O-O       ***  2.23e-10       ***  2.23e-10

Reactant = P2   Temperature = 1.4e+03 K

   P(atm)        W1        W2        P1      Loss
      0.1       ***       ***  1.97e-13  1.97e-13
        1       ***       ***  1.97e-13  1.97e-13
       10       ***       ***  1.97e-13  1.97e-13
      100       ***       ***  1.97e-13  1.97e-13
      O-O       ***  2.26e-10       ***  2.26e-10

Reactant = P2   Temperature = 1.5e+03 K

   P(atm)        W1        W2        P1      Loss
      0.1       ***       ***  2.65e-13  2.65e-13
        1       ***       ***  2.65e-13  2.65e-13
       10       ***       ***  2.65e-13  2.65e-13
      100       ***       ***  2.65e-13  2.65e-13
      O-O       ***  2.28e-10       ***  2.28e-10

Reactant = P2   Temperature = 1.6e+03 K

   P(atm)        W1        W2        P1      Loss
      0.1       ***       ***  3.48e-13  3.48e-13
        1       ***       ***  3.48e-13  3.48e-13
       10       ***       ***  3.48e-13  3.48e-13
      100       ***       ***  3.48e-13  3.48e-13
      O-O       ***  2.31e-10       ***  2.31e-10

Reactant = P2   Temperature = 1.7e+03 K

   P(atm)        W1        W2        P1      Loss
      0.1       ***       ***  4.47e-13  4.47e-13
        1       ***       ***  4.47e-13  4.47e-13
       10       ***       ***  4.47e-13  4.47e-13
      100       ***       ***  4.47e-13  4.47e-13
      O-O       ***  2.33e-10       ***  2.33e-10

Reactant = P2   Temperature = 1.8e+03 K

   P(atm)        W1        W2        P1      Loss
      0.1       ***       ***  5.65e-13  5.65e-13
        1       ***       ***  5.65e-13  5.65e-13
       10       ***       ***  5.65e-13  5.65e-13
      100       ***       ***  5.65e-13  5.65e-13
      O-O       ***  2.35e-10       ***  2.35e-10

Reactant = P2   Temperature = 1.9e+03 K

   P(atm)        W1        W2        P1      Loss
      0.1       ***       ***  7.01e-13  7.01e-13
        1       ***       ***  7.01e-13  7.01e-13
       10       ***       ***  7.01e-13  7.01e-13
      100       ***       ***  7.01e-13  7.01e-13
      O-O       ***  2.37e-10       ***  2.37e-10

Reactant = P2   Temperature = 2e+03 K

   P(atm)        W1        W2        P1      Loss
      0.1       ***       ***  8.59e-13  8.59e-13
        1       ***       ***  8.59e-13  8.59e-13
       10       ***       ***  8.59e-13  8.59e-13
      100       ***       ***  8.59e-13  8.59e-13
      O-O       ***  2.39e-10       ***  2.39e-10

______________________________________________________________________________________

Temperature-Species Rate Tables:

Reactant = W1   Pressure = 0.1 atm

   T(K)        W2        P1        P2      Loss   Capture
    500       ***  5.05e+10     -2.78  5.05e+10  4.91e+15
    600       ***       ***       ***       ***   6.3e+15
    700       ***       ***       ***       ***  7.05e+15
    800       ***       ***       ***       ***  7.31e+15
    900       ***       ***       ***       ***  7.23e+15
  1e+03       ***       ***       ***       ***  6.95e+15
1.1e+03       ***       ***       ***       ***  6.56e+15
1.2e+03       ***       ***       ***       ***  6.12e+15
1.3e+03       ***       ***       ***       ***  5.67e+15
1.4e+03       ***       ***       ***       ***  5.22e+15
1.5e+03       ***       ***       ***       ***   4.8e+15
1.6e+03       ***       ***       ***       ***  4.41e+15
1.7e+03       ***       ***       ***       ***  4.05e+15
1.8e+03       ***       ***       ***       ***  3.72e+15
1.9e+03       ***       ***       ***       ***  3.42e+15
  2e+03       ***       ***       ***       ***  3.15e+15

Reactant = W1   Pressure = 1 atm

   T(K)        W2        P1        P2      Loss   Capture
    500    0.0379  4.07e+11     0.397  4.07e+11  4.91e+15
    600       ***       ***       ***       ***   6.3e+15
    700       ***       ***       ***       ***  7.05e+15
    800       ***       ***       ***       ***  7.31e+15
    900       ***       ***       ***       ***  7.23e+15
  1e+03       ***       ***       ***       ***  6.95e+15
1.1e+03       ***       ***       ***       ***  6.56e+15
1.2e+03       ***       ***       ***       ***  6.12e+15
1.3e+03       ***       ***       ***       ***  5.67e+15
1.4e+03       ***       ***       ***       ***  5.22e+15
1.5e+03       ***       ***       ***       ***   4.8e+15
1.6e+03       ***       ***       ***       ***  4.41e+15
1.7e+03       ***       ***       ***       ***  4.05e+15
1.8e+03       ***       ***       ***       ***  3.72e+15
1.9e+03       ***       ***       ***       ***  3.42e+15
  2e+03       ***       ***       ***       ***  3.15e+15

Reactant = W1   Pressure = 10 atm

   T(K)        W2        P1        P2      Loss   Capture
    500      4.81  2.85e+12    -0.593  2.85e+12  4.91e+15
    600       ***       ***       ***       ***   6.3e+15
    700       ***       ***       ***       ***  7.05e+15
    800       ***       ***       ***       ***  7.31e+15
    900       ***       ***       ***       ***  7.23e+15
  1e+03       ***       ***       ***       ***  6.95e+15
1.1e+03       ***       ***       ***       ***  6.56e+15
1.2e+03       ***       ***       ***       ***  6.12e+15
1.3e+03       ***       ***       ***       ***  5.67e+15
1.4e+03       ***       ***       ***       ***  5.22e+15
1.5e+03       ***       ***       ***       ***   4.8e+15
1.6e+03       ***       ***       ***       ***  4.41e+15
1.7e+03       ***       ***       ***       ***  4.05e+15
1.8e+03       ***       ***       ***       ***  3.72e+15
1.9e+03       ***       ***       ***       ***  3.42e+15
  2e+03       ***       ***       ***       ***  3.15e+15

Reactant = W1   Pressure = 100 atm

   T(K)        W2        P1        P2      Loss   Capture
    500  -0.00232  1.66e+13    -0.265  1.66e+13  4.91e+15
    600    -0.162  5.77e+13     -4.25  5.77e+13   6.3e+15
    700       ***  1.18e+14      -7.8  1.18e+14  7.05e+15
    800       ***       ***       ***       ***  7.31e+15
    900       ***       ***       ***       ***  7.23e+15
  1e+03       ***       ***       ***       ***  6.95e+15
1.1e+03       ***       ***       ***       ***  6.56e+15
1.2e+03       ***       ***       ***       ***  6.12e+15
1.3e+03       ***       ***       ***       ***  5.67e+15
1.4e+03       ***       ***       ***       ***  5.22e+15
1.5e+03       ***       ***       ***       ***   4.8e+15
1.6e+03       ***       ***       ***       ***  4.41e+15
1.7e+03       ***       ***       ***       ***  4.05e+15
1.8e+03       ***       ***       ***       ***  3.72e+15
1.9e+03       ***       ***       ***       ***  3.42e+15
  2e+03       ***       ***       ***       ***  3.15e+15

Reactant = W2   Pressure = 0.1 atm

   T(K)        W1        P1        P2      Loss   Capture
    500       ***       ***       ***       ***  1.17e+16
    600       ***       ***       ***       ***   1.5e+16
    700       ***       ***       ***       ***  1.68e+16
    800       ***       ***       ***       ***  1.74e+16
    900       ***       ***       ***       ***  1.73e+16
  1e+03       ***       ***       ***       ***  1.66e+16
1.1e+03       ***       ***       ***       ***  1.56e+16
1.2e+03       ***       ***       ***       ***  1.46e+16
1.3e+03       ***       ***       ***       ***  1.35e+16
1.4e+03       ***       ***       ***       ***  1.25e+16
1.5e+03       ***       ***       ***       ***  1.15e+16
1.6e+03       ***       ***       ***       ***  1.05e+16
1.7e+03       ***       ***       ***       ***  9.68e+15
1.8e+03       ***       ***       ***       ***  8.89e+15
1.9e+03       ***       ***       ***       ***  8.18e+15
  2e+03       ***       ***       ***       ***  7.53e+15

Reactant = W2   Pressure = 1 atm

   T(K)        W1        P1        P2      Loss   Capture
    500  2.76e+03  8.09e+06  9.95e+11  9.95e+11  1.17e+16
    600       ***       ***       ***       ***   1.5e+16
    700       ***       ***       ***       ***  1.68e+16
    800       ***       ***       ***       ***  1.74e+16
    900       ***       ***       ***       ***  1.73e+16
  1e+03       ***       ***       ***       ***  1.66e+16
1.1e+03       ***       ***       ***       ***  1.56e+16
1.2e+03       ***       ***       ***       ***  1.46e+16
1.3e+03       ***       ***       ***       ***  1.35e+16
1.4e+03       ***       ***       ***       ***  1.25e+16
1.5e+03       ***       ***       ***       ***  1.15e+16
1.6e+03       ***       ***       ***       ***  1.05e+16
1.7e+03       ***       ***       ***       ***  9.68e+15
1.8e+03       ***       ***       ***       ***  8.89e+15
1.9e+03       ***       ***       ***       ***  8.18e+15
  2e+03       ***       ***       ***       ***  7.53e+15

Reactant = W2   Pressure = 10 atm

   T(K)        W1        P1        P2      Loss   Capture
    500  1.21e+05  1.69e+07  6.35e+12  6.35e+12  1.17e+16
    600       ***       ***       ***       ***   1.5e+16
    700       ***       ***       ***       ***  1.68e+16
    800       ***       ***       ***       ***  1.74e+16
    900       ***       ***       ***       ***  1.73e+16
  1e+03       ***       ***       ***       ***  1.66e+16
1.1e+03       ***       ***       ***       ***  1.56e+16
1.2e+03       ***       ***       ***       ***  1.46e+16
1.3e+03       ***       ***       ***       ***  1.35e+16
1.4e+03       ***       ***       ***       ***  1.25e+16
1.5e+03       ***       ***       ***       ***  1.15e+16
1.6e+03       ***       ***       ***       ***  1.05e+16
1.7e+03       ***       ***       ***       ***  9.68e+15
1.8e+03       ***       ***       ***       ***  8.89e+15
1.9e+03       ***       ***       ***       ***  8.18e+15
  2e+03       ***       ***       ***       ***  7.53e+15

Reactant = W2   Pressure = 100 atm

   T(K)        W1        P1        P2      Loss   Capture
    500     -52.1  4.49e+07  3.35e+13  3.35e+13  1.17e+16
    600      -557  1.05e+08  1.13e+14  1.13e+14   1.5e+16
    700       ***       ***       ***       ***  1.68e+16
    800       ***       ***       ***       ***  1.74e+16
    900       ***       ***       ***       ***  1.73e+16
  1e+03       ***       ***       ***       ***  1.66e+16
1.1e+03       ***       ***       ***       ***  1.56e+16
1.2e+03       ***       ***       ***       ***  1.46e+16
1.3e+03       ***       ***       ***       ***  1.35e+16
1.4e+03       ***       ***       ***       ***  1.25e+16
1.5e+03       ***       ***       ***       ***  1.15e+16
1.6e+03       ***       ***       ***       ***  1.05e+16
1.7e+03       ***       ***       ***       ***  9.68e+15
1.8e+03       ***       ***       ***       ***  8.89e+15
1.9e+03       ***       ***       ***       ***  8.18e+15
  2e+03       ***       ***       ***       ***  7.53e+15

Reactant = P1   Pressure = 0.1 atm

   T(K)        W1        W2        P2      Loss   Capture
    500  1.78e-15       ***  1.54e-19  1.78e-15  1.91e-10
    600       ***       ***  2.06e-18  2.06e-18  1.97e-10
    700       ***       ***  1.52e-17  1.52e-17  2.03e-10
    800       ***       ***  7.47e-17  7.47e-17  2.07e-10
    900       ***       ***  2.75e-16  2.75e-16  2.11e-10
  1e+03       ***       ***  8.16e-16  8.16e-16  2.15e-10
1.1e+03       ***       ***  2.06e-15  2.06e-15  2.18e-10
1.2e+03       ***       ***  4.59e-15  4.59e-15  2.22e-10
1.3e+03       ***       ***  9.22e-15  9.22e-15  2.25e-10
1.4e+03       ***       ***  1.71e-14  1.71e-14  2.27e-10
1.5e+03       ***       ***  2.96e-14  2.96e-14   2.3e-10
1.6e+03       ***       ***  4.84e-14  4.84e-14  2.32e-10
1.7e+03       ***       ***  7.55e-14  7.55e-14  2.35e-10
1.8e+03       ***       ***  1.13e-13  1.13e-13  2.37e-10
1.9e+03       ***       ***  1.64e-13  1.64e-13  2.39e-10
  2e+03       ***       ***   2.3e-13   2.3e-13  2.41e-10

Reactant = P1   Pressure = 1 atm

   T(K)        W1        W2        P2      Loss   Capture
    500  1.47e-14  1.11e-23  1.54e-19  1.47e-14  1.91e-10
    600       ***       ***  2.06e-18  2.06e-18  1.97e-10
    700       ***       ***  1.52e-17  1.52e-17  2.03e-10
    800       ***       ***  7.47e-17  7.47e-17  2.07e-10
    900       ***       ***  2.75e-16  2.75e-16  2.11e-10
  1e+03       ***       ***  8.16e-16  8.16e-16  2.15e-10
1.1e+03       ***       ***  2.06e-15  2.06e-15  2.18e-10
1.2e+03       ***       ***  4.59e-15  4.59e-15  2.22e-10
1.3e+03       ***       ***  9.22e-15  9.22e-15  2.25e-10
1.4e+03       ***       ***  1.71e-14  1.71e-14  2.27e-10
1.5e+03       ***       ***  2.96e-14  2.96e-14   2.3e-10
1.6e+03       ***       ***  4.84e-14  4.84e-14  2.32e-10
1.7e+03       ***       ***  7.55e-14  7.55e-14  2.35e-10
1.8e+03       ***       ***  1.13e-13  1.13e-13  2.37e-10
1.9e+03       ***       ***  1.64e-13  1.64e-13  2.39e-10
  2e+03       ***       ***   2.3e-13   2.3e-13  2.41e-10

Reactant = P1   Pressure = 10 atm

   T(K)        W1        W2        P2      Loss   Capture
    500  1.05e-13  2.49e-23  1.54e-19  1.05e-13  1.91e-10
    600       ***       ***  2.06e-18  2.06e-18  1.97e-10
    700       ***       ***  1.52e-17  1.52e-17  2.03e-10
    800       ***       ***  7.47e-17  7.47e-17  2.07e-10
    900       ***       ***  2.75e-16  2.75e-16  2.11e-10
  1e+03       ***       ***  8.16e-16  8.16e-16  2.15e-10
1.1e+03       ***       ***  2.06e-15  2.06e-15  2.18e-10
1.2e+03       ***       ***  4.59e-15  4.59e-15  2.22e-10
1.3e+03       ***       ***  9.22e-15  9.22e-15  2.25e-10
1.4e+03       ***       ***  1.71e-14  1.71e-14  2.27e-10
1.5e+03       ***       ***  2.96e-14  2.96e-14   2.3e-10
1.6e+03       ***       ***  4.84e-14  4.84e-14  2.32e-10
1.7e+03       ***       ***  7.55e-14  7.55e-14  2.35e-10
1.8e+03       ***       ***  1.13e-13  1.13e-13  2.37e-10
1.9e+03       ***       ***  1.64e-13  1.64e-13  2.39e-10
  2e+03       ***       ***   2.3e-13   2.3e-13  2.41e-10

Reactant = P1   Pressure = 100 atm

   T(K)        W1        W2        P2      Loss   Capture
    500  6.28e-13  6.99e-23  1.54e-19  6.28e-13  1.91e-10
    600  1.64e-12  6.51e-22  2.06e-18  1.64e-12  1.97e-10
    700  2.86e-12       ***  1.52e-17  2.86e-12  2.03e-10
    800       ***       ***  7.47e-17  7.47e-17  2.07e-10
    900       ***       ***  2.75e-16  2.75e-16  2.11e-10
  1e+03       ***       ***  8.16e-16  8.16e-16  2.15e-10
1.1e+03       ***       ***  2.06e-15  2.06e-15  2.18e-10
1.2e+03       ***       ***  4.59e-15  4.59e-15  2.22e-10
1.3e+03       ***       ***  9.22e-15  9.22e-15  2.25e-10
1.4e+03       ***       ***  1.71e-14  1.71e-14  2.27e-10
1.5e+03       ***       ***  2.96e-14  2.96e-14   2.3e-10
1.6e+03       ***       ***  4.84e-14  4.84e-14  2.32e-10
1.7e+03       ***       ***  7.55e-14  7.55e-14  2.35e-10
1.8e+03       ***       ***  1.13e-13  1.13e-13  2.37e-10
1.9e+03       ***       ***  1.64e-13  1.64e-13  2.39e-10
  2e+03       ***       ***   2.3e-13   2.3e-13  2.41e-10

Reactant = P2   Pressure = 0.1 atm

   T(K)        W1        W2        P1      Loss   Capture
    500 -9.64e-22       ***  1.52e-15  1.52e-15   1.9e-10
    600       ***       ***  3.68e-15  3.68e-15  1.96e-10
    700       ***       ***  7.87e-15  7.87e-15  2.01e-10
    800       ***       ***  1.51e-14  1.51e-14  2.06e-10
    900       ***       ***  2.66e-14  2.66e-14   2.1e-10
  1e+03       ***       ***  4.36e-14  4.36e-14  2.13e-10
1.1e+03       ***       ***  6.77e-14  6.77e-14  2.17e-10
1.2e+03       ***       ***     1e-13     1e-13   2.2e-10
1.3e+03       ***       ***  1.43e-13  1.43e-13  2.23e-10
1.4e+03       ***       ***  1.97e-13  1.97e-13  2.26e-10
1.5e+03       ***       ***  2.65e-13  2.65e-13  2.28e-10
1.6e+03       ***       ***  3.48e-13  3.48e-13  2.31e-10
1.7e+03       ***       ***  4.47e-13  4.47e-13  2.33e-10
1.8e+03       ***       ***  5.65e-13  5.65e-13  2.35e-10
1.9e+03       ***       ***  7.01e-13  7.01e-13  2.37e-10
  2e+03       ***       ***  8.59e-13  8.59e-13  2.39e-10

Reactant = P2   Pressure = 1 atm

   T(K)        W1        W2        P1      Loss   Capture
    500  1.01e-22  1.34e-14  1.52e-15  1.49e-14   1.9e-10
    600       ***       ***  3.68e-15  3.68e-15  1.96e-10
    700       ***       ***  7.87e-15  7.87e-15  2.01e-10
    800       ***       ***  1.51e-14  1.51e-14  2.06e-10
    900       ***       ***  2.66e-14  2.66e-14   2.1e-10
  1e+03       ***       ***  4.36e-14  4.36e-14  2.13e-10
1.1e+03       ***       ***  6.77e-14  6.77e-14  2.17e-10
1.2e+03       ***       ***     1e-13     1e-13   2.2e-10
1.3e+03       ***       ***  1.43e-13  1.43e-13  2.23e-10
1.4e+03       ***       ***  1.97e-13  1.97e-13  2.26e-10
1.5e+03       ***       ***  2.65e-13  2.65e-13  2.28e-10
1.6e+03       ***       ***  3.48e-13  3.48e-13  2.31e-10
1.7e+03       ***       ***  4.47e-13  4.47e-13  2.33e-10
1.8e+03       ***       ***  5.65e-13  5.65e-13  2.35e-10
1.9e+03       ***       ***  7.01e-13  7.01e-13  2.37e-10
  2e+03       ***       ***  8.59e-13  8.59e-13  2.39e-10

Reactant = P2   Pressure = 10 atm

   T(K)        W1        W2        P1      Loss   Capture
    500 -2.16e-22  9.19e-14  1.52e-15  9.34e-14   1.9e-10
    600       ***       ***  3.68e-15  3.68e-15  1.96e-10
    700       ***       ***  7.87e-15  7.87e-15  2.01e-10
    800       ***       ***  1.51e-14  1.51e-14  2.06e-10
    900       ***       ***  2.66e-14  2.66e-14   2.1e-10
  1e+03       ***       ***  4.36e-14  4.36e-14  2.13e-10
1.1e+03       ***       ***  6.77e-14  6.77e-14  2.17e-10
1.2e+03       ***       ***     1e-13     1e-13   2.2e-10
1.3e+03       ***       ***  1.43e-13  1.43e-13  2.23e-10
1.4e+03       ***       ***  1.97e-13  1.97e-13  2.26e-10
1.5e+03       ***       ***  2.65e-13  2.65e-13  2.28e-10
1.6e+03       ***       ***  3.48e-13  3.48e-13  2.31e-10
1.7e+03       ***       ***  4.47e-13  4.47e-13  2.33e-10
1.8e+03       ***       ***  5.65e-13  5.65e-13  2.35e-10
1.9e+03       ***       ***  7.01e-13  7.01e-13  2.37e-10
  2e+03       ***       ***  8.59e-13  8.59e-13  2.39e-10

Reactant = P2   Pressure = 100 atm

   T(K)        W1        W2        P1      Loss   Capture
    500 -9.91e-23  5.13e-13  1.52e-15  5.15e-13   1.9e-10
    600  -2.2e-22  1.25e-12  3.68e-15  1.25e-12  1.96e-10
    700  -9.8e-23       ***  7.87e-15  7.87e-15  2.01e-10
    800       ***       ***  1.51e-14  1.51e-14  2.06e-10
    900       ***       ***  2.66e-14  2.66e-14   2.1e-10
  1e+03       ***       ***  4.36e-14  4.36e-14  2.13e-10
1.1e+03       ***       ***  6.77e-14  6.77e-14  2.17e-10
1.2e+03       ***       ***     1e-13     1e-13   2.2e-10
1.3e+03       ***       ***  1.43e-13  1.43e-13  2.23e-10
1.4e+03       ***       ***  1.97e-13  1.97e-13  2.26e-10
1.5e+03       ***       ***  2.65e-13  2.65e-13  2.28e-10
1.6e+03       ***       ***  3.48e-13  3.48e-13  2.31e-10
1.7e+03       ***       ***  4.47e-13  4.47e-13  2.33e-10
1.8e+03       ***       ***  5.65e-13  5.65e-13  2.35e-10
1.9e+03       ***       ***  7.01e-13  7.01e-13  2.37e-10
  2e+03       ***       ***  8.59e-13  8.59e-13  2.39e-10

______________________________________________________________________________________

Temperature-Pressure Rate Tables:

W1->W2

P\T           500       600       700       800       900     1e+03   1.1e+03   1.2e+03   1.3e+03   1.4e+03   1.5e+03   1.6e+03   1.7e+03   1.8e+03   1.9e+03     2e+03
0.1           ***       ***       ***       ***       ***       ***       ***       ***       ***       ***       ***       ***       ***       ***       ***       ***
1          0.0379       ***       ***       ***       ***       ***       ***       ***       ***       ***       ***       ***       ***       ***       ***       ***
10           4.81       ***       ***       ***       ***       ***       ***       ***       ***       ***       ***       ***       ***       ***       ***       ***
100      -0.00232    -0.162       ***       ***       ***       ***       ***       ***       ***       ***       ***       ***       ***       ***       ***       ***
O-O      3.97e+06  6.59e+07  5.31e+08  2.64e+09  9.44e+09  2.65e+10  6.22e+10  1.27e+11  2.34e+11  3.96e+11  6.24e+11  9.29e+11  1.32e+12   1.8e+12  2.38e+12  3.06e+12

W1->P1

P\T           500       600       700       800       900     1e+03   1.1e+03   1.2e+03   1.3e+03   1.4e+03   1.5e+03   1.6e+03   1.7e+03   1.8e+03   1.9e+03     2e+03
0.1      5.05e+10       ***       ***       ***       ***       ***       ***       ***       ***       ***       ***       ***       ***       ***       ***       ***
1        4.07e+11       ***       ***       ***       ***       ***       ***       ***       ***       ***       ***       ***       ***       ***       ***       ***
10       2.85e+12       ***       ***       ***       ***       ***       ***       ***       ***       ***       ***       ***       ***       ***       ***       ***
100      1.66e+13  5.77e+13  1.18e+14       ***       ***       ***       ***       ***       ***       ***       ***       ***       ***       ***       ***       ***
O-O      4.91e+15   6.3e+15  7.05e+15  7.31e+15  7.23e+15  6.95e+15  6.56e+15  6.12e+15  5.66e+15  5.22e+15   4.8e+15  4.41e+15  4.05e+15  3.72e+15  3.42e+15  3.14e+15

W1->P2

P\T           500       600       700       800       900     1e+03   1.1e+03   1.2e+03   1.3e+03   1.4e+03   1.5e+03   1.6e+03   1.7e+03   1.8e+03   1.9e+03     2e+03
0.1         -2.78       ***       ***       ***       ***       ***       ***       ***       ***       ***       ***       ***       ***       ***       ***       ***
1           0.397       ***       ***       ***       ***       ***       ***       ***       ***       ***       ***       ***       ***       ***       ***       ***
10         -0.593       ***       ***       ***       ***       ***       ***       ***       ***       ***       ***       ***       ***       ***       ***       ***
100        -0.265     -4.25      -7.8       ***       ***       ***       ***       ***       ***       ***       ***       ***       ***       ***       ***       ***
O-O           ***       ***       ***       ***       ***       ***       ***       ***       ***       ***       ***       ***       ***       ***       ***       ***

W2->W1

P\T           500       600       700       800       900     1e+03   1.1e+03   1.2e+03   1.3e+03   1.4e+03   1.5e+03   1.6e+03   1.7e+03   1.8e+03   1.9e+03     2e+03
0.1           ***       ***       ***       ***       ***       ***       ***       ***       ***       ***       ***       ***       ***       ***       ***       ***
1        2.76e+03       ***       ***       ***       ***       ***       ***       ***       ***       ***       ***       ***       ***       ***       ***       ***
10       1.21e+05       ***       ***       ***       ***       ***       ***       ***       ***       ***       ***       ***       ***       ***       ***       ***
100         -52.1      -557       ***       ***       ***       ***       ***       ***       ***       ***       ***       ***       ***       ***       ***       ***
O-O       9.4e+10  2.83e+11  6.61e+11  1.28e+12  2.19e+12   3.4e+12  4.91e+12  6.69e+12  8.74e+12   1.1e+13  1.35e+13  1.61e+13  1.88e+13  2.17e+13  2.46e+13  2.75e+13

W2->P1

P\T           500       600       700       800       900     1e+03   1.1e+03   1.2e+03   1.3e+03   1.4e+03   1.5e+03   1.6e+03   1.7e+03   1.8e+03   1.9e+03     2e+03
0.1           ***       ***       ***       ***       ***       ***       ***       ***       ***       ***       ***       ***       ***       ***       ***       ***
1        8.09e+06       ***       ***       ***       ***       ***       ***       ***       ***       ***       ***       ***       ***       ***       ***       ***
10       1.69e+07       ***       ***       ***       ***       ***       ***       ***       ***       ***       ***       ***       ***       ***       ***       ***
100      4.49e+07  1.05e+08       ***       ***       ***       ***       ***       ***       ***       ***       ***       ***       ***       ***       ***       ***
O-O           ***       ***       ***       ***       ***       ***       ***       ***       ***       ***       ***       ***       ***       ***       ***       ***

W2->P2

P\T           500       600       700       800       900     1e+03   1.1e+03   1.2e+03   1.3e+03   1.4e+03   1.5e+03   1.6e+03   1.7e+03   1.8e+03   1.9e+03     2e+03
0.1           ***       ***       ***       ***       ***       ***       ***       ***       ***       ***       ***       ***       ***       ***       ***       ***
1        9.95e+11       ***       ***       ***       ***       ***       ***       ***       ***       ***       ***       ***       ***       ***       ***       ***
10       6.35e+12       ***       ***       ***       ***       ***       ***       ***       ***       ***       ***       ***       ***       ***       ***       ***
100      3.35e+13  1.13e+14       ***       ***       ***       ***       ***       ***       ***       ***       ***       ***       ***       ***       ***       ***
O-O      1.17e+16   1.5e+16  1.68e+16  1.74e+16  1.72e+16  1.66e+16  1.56e+16  1.46e+16  1.35e+16  1.25e+16  1.15e+16  1.05e+16  9.66e+15  8.87e+15  8.15e+15   7.5e+15

P1->W1

P\T           500       600       700       800       900     1e+03   1.1e+03   1.2e+03   1.3e+03   1.4e+03   1.5e+03   1.6e+03   1.7e+03   1.8e+03   1.9e+03     2e+03
0.1      1.78e-15       ***       ***       ***       ***       ***       ***       ***       ***       ***       ***       ***       ***       ***       ***       ***
1        1.47e-14       ***       ***       ***       ***       ***       ***       ***       ***       ***       ***       ***       ***       ***       ***       ***
10       1.05e-13       ***       ***       ***       ***       ***       ***       ***       ***       ***       ***       ***       ***       ***       ***       ***
100      6.28e-13  1.64e-12  2.86e-12       ***       ***       ***       ***       ***       ***       ***       ***       ***       ***       ***       ***       ***
O-O      1.91e-10  1.97e-10  2.03e-10  2.07e-10  2.11e-10  2.15e-10  2.18e-10  2.22e-10  2.25e-10  2.27e-10   2.3e-10  2.32e-10  2.35e-10  2.37e-10  2.39e-10  2.41e-10

P1->W2

P\T           500       600       700       800       900     1e+03   1.1e+03   1.2e+03   1.3e+03   1.4e+03   1.5e+03   1.6e+03   1.7e+03   1.8e+03   1.9e+03     2e+03
0.1           ***       ***       ***       ***       ***       ***       ***       ***       ***       ***       ***       ***       ***       ***       ***       ***
1        1.11e-23       ***       ***       ***       ***       ***       ***       ***       ***       ***       ***       ***       ***       ***       ***       ***
10       2.49e-23       ***       ***       ***       ***       ***       ***       ***       ***       ***       ***       ***       ***       ***       ***       ***
100      6.99e-23  6.51e-22       ***       ***       ***       ***       ***       ***       ***       ***       ***       ***       ***       ***       ***       ***
O-O           ***       ***       ***       ***       ***       ***       ***       ***       ***       ***       ***       ***       ***       ***       ***       ***

P1->P2

P\T           500       600       700       800       900     1e+03   1.1e+03   1.2e+03   1.3e+03   1.4e+03   1.5e+03   1.6e+03   1.7e+03   1.8e+03   1.9e+03     2e+03
0.1      1.54e-19  2.06e-18  1.52e-17  7.47e-17  2.75e-16  8.16e-16  2.06e-15  4.59e-15  9.22e-15  1.71e-14  2.96e-14  4.84e-14  7.55e-14  1.13e-13  1.64e-13   2.3e-13
1        1.54e-19  2.06e-18  1.52e-17  7.47e-17  2.75e-16  8.16e-16  2.06e-15  4.59e-15  9.22e-15  1.71e-14  2.96e-14  4.84e-14  7.55e-14  1.13e-13  1.64e-13   2.3e-13
10       1.54e-19  2.06e-18  1.52e-17  7.47e-17  2.75e-16  8.16e-16  2.06e-15  4.59e-15  9.22e-15  1.71e-14  2.96e-14  4.84e-14  7.55e-14  1.13e-13  1.64e-13   2.3e-13
100      1.54e-19  2.06e-18  1.52e-17  7.47e-17  2.75e-16  8.16e-16  2.06e-15  4.59e-15  9.22e-15  1.71e-14  2.96e-14  4.84e-14  7.55e-14  1.13e-13  1.64e-13   2.3e-13
O-O           ***       ***       ***       ***       ***       ***       ***       ***       ***       ***       ***       ***       ***       ***       ***       ***

P2->W1

P\T           500       600       700       800       900     1e+03   1.1e+03   1.2e+03   1.3e+03   1.4e+03   1.5e+03   1.6e+03   1.7e+03   1.8e+03   1.9e+03     2e+03
0.1     -9.64e-22       ***       ***       ***       ***       ***       ***       ***       ***       ***       ***       ***       ***       ***       ***       ***
1        1.01e-22       ***       ***       ***       ***       ***       ***       ***       ***       ***       ***       ***       ***       ***       ***       ***
10      -2.16e-22       ***       ***       ***       ***       ***       ***       ***       ***       ***       ***       ***       ***       ***       ***       ***
100     -9.91e-23  -2.2e-22  -9.8e-23       ***       ***       ***       ***       ***       ***       ***       ***       ***       ***       ***       ***       ***
O-O           ***       ***       ***       ***       ***       ***       ***       ***       ***       ***       ***       ***       ***       ***       ***       ***

P2->W2

P\T           500       600       700       800       900     1e+03   1.1e+03   1.2e+03   1.3e+03   1.4e+03   1.5e+03   1.6e+03   1.7e+03   1.8e+03   1.9e+03     2e+03
0.1           ***       ***       ***       ***       ***       ***       ***       ***       ***       ***       ***       ***       ***       ***       ***       ***
1        1.34e-14       ***       ***       ***       ***       ***       ***       ***       ***       ***       ***       ***       ***       ***       ***       ***
10       9.19e-14       ***       ***       ***       ***       ***       ***       ***       ***       ***       ***       ***       ***       ***       ***       ***
100      5.13e-13  1.25e-12       ***       ***       ***       ***       ***       ***       ***       ***       ***       ***       ***       ***       ***       ***
O-O       1.9e-10  1.96e-10  2.01e-10  2.06e-10   2.1e-10  2.13e-10  2.17e-10   2.2e-10  2.23e-10  2.26e-10  2.28e-10  2.31e-10  2.33e-10  2.35e-10  2.37e-10  2.39e-10

P2->P1

P\T           500       600       700       800       900     1e+03   1.1e+03   1.2e+03   1.3e+03   1.4e+03   1.5e+03   1.6e+03   1.7e+03   1.8e+03   1.9e+03     2e+03
0.1      1.52e-15  3.68e-15  7.87e-15  1.51e-14  2.66e-14  4.36e-14  6.77e-14     1e-13  1.43e-13  1.97e-13  2.65e-13  3.48e-13  4.47e-13  5.65e-13  7.01e-13  8.59e-13
1        1.52e-15  3.68e-15  7.87e-15  1.51e-14  2.66e-14  4.36e-14  6.77e-14     1e-13  1.43e-13  1.97e-13  2.65e-13  3.48e-13  4.47e-13  5.65e-13  7.01e-13  8.59e-13
10       1.52e-15  3.68e-15  7.87e-15  1.51e-14  2.66e-14  4.36e-14  6.77e-14     1e-13  1.43e-13  1.97e-13  2.65e-13  3.48e-13  4.47e-13  5.65e-13  7.01e-13  8.59e-13
100      1.52e-15  3.68e-15  7.87e-15  1.51e-14  2.66e-14  4.36e-14  6.77e-14     1e-13  1.43e-13  1.97e-13  2.65e-13  3.48e-13  4.47e-13  5.65e-13  7.01e-13  8.59e-13
O-O           ***       ***       ***       ***       ***       ***       ***       ***       ***       ***       ***       ***       ***       ***       ***       ***

W1-> 

P\T           500       600       700       800       900     1e+03   1.1e+03   1.2e+03   1.3e+03   1.4e+03   1.5e+03   1.6e+03   1.7e+03   1.8e+03   1.9e+03     2e+03
0.1      5.05e+10       ***       ***       ***       ***       ***       ***       ***       ***       ***       ***       ***       ***       ***       ***       ***
1        4.07e+11       ***       ***       ***       ***       ***       ***       ***       ***       ***       ***       ***       ***       ***       ***       ***
10       2.85e+12       ***       ***       ***       ***       ***       ***       ***       ***       ***       ***       ***       ***       ***       ***       ***
100      1.66e+13  5.77e+13  1.18e+14       ***       ***       ***       ***       ***       ***       ***       ***       ***       ***       ***       ***       ***
O-O      4.91e+15   6.3e+15  7.05e+15  7.31e+15  7.23e+15  6.95e+15  6.56e+15  6.12e+15  5.67e+15  5.22e+15   4.8e+15  4.41e+15  4.05e+15  3.72e+15  3.42e+15  3.15e+15

W2-> 

P\T           500       600       700       800       900     1e+03   1.1e+03   1.2e+03   1.3e+03   1.4e+03   1.5e+03   1.6e+03   1.7e+03   1.8e+03   1.9e+03     2e+03
0.1           ***       ***       ***       ***       ***       ***       ***       ***       ***       ***       ***       ***       ***       ***       ***       ***
1        9.95e+11       ***       ***       ***       ***       ***       ***       ***       ***       ***       ***       ***       ***       ***       ***       ***
10       6.35e+12       ***       ***       ***       ***       ***       ***       ***       ***       ***       ***       ***       ***       ***       ***       ***
100      3.35e+13  1.13e+14       ***       ***       ***       ***       ***       ***       ***       ***       ***       ***       ***       ***       ***       ***
O-O      1.17e+16   1.5e+16  1.68e+16  1.74e+16  1.73e+16  1.66e+16  1.56e+16  1.46e+16  1.35e+16  1.25e+16  1.15e+16  1.05e+16  9.68e+15  8.89e+15  8.18e+15  7.53e+15

P1-> 

P\T           500       600       700       800       900     1e+03   1.1e+03   1.2e+03   1.3e+03   1.4e+03   1.5e+03   1.6e+03   1.7e+03   1.8e+03   1.9e+03     2e+03
0.1      1.78e-15  2.06e-18  1.52e-17  7.47e-17  2.75e-16  8.16e-16  2.06e-15  4.59e-15  9.22e-15  1.71e-14  2.96e-14  4.84e-14  7.55e-14  1.13e-13  1.64e-13   2.3e-13
1        1.47e-14  2.06e-18  1.52e-17  7.47e-17  2.75e-16  8.16e-16  2.06e-15  4.59e-15  9.22e-15  1.71e-14  2.96e-14  4.84e-14  7.55e-14  1.13e-13  1.64e-13   2.3e-13
10       1.05e-13  2.06e-18  1.52e-17  7.47e-17  2.75e-16  8.16e-16  2.06e-15  4.59e-15  9.22e-15  1.71e-14  2.96e-14  4.84e-14  7.55e-14  1.13e-13  1.64e-13   2.3e-13
100      6.28e-13  1.64e-12  2.86e-12  7.47e-17  2.75e-16  8.16e-16  2.06e-15  4.59e-15  9.22e-15  1.71e-14  2.96e-14  4.84e-14  7.55e-14  1.13e-13  1.64e-13   2.3e-13
O-O      1.91e-10  1.97e-10  2.03e-10  2.07e-10  2.11e-10  2.15e-10  2.18e-10  2.22e-10  2.25e-10  2.27e-10   2.3e-10  2.32e-10  2.35e-10  2.37e-10  2.39e-10  2.41e-10

P2-> 

P\T           500       600       700       800       900     1e+03   1.1e+03   1.2e+03   1.3e+03   1.4e+03   1.5e+03   1.6e+03   1.7e+03   1.8e+03   1.9e+03     2e+03
0.1      1.52e-15  3.68e-15  7.87e-15  1.51e-14  2.66e-14  4.36e-14  6.77e-14     1e-13  1.43e-13  1.97e-13  2.65e-13  3.48e-13  4.47e-13  5.65e-13  7.01e-13  8.59e-13
1        1.49e-14  3.68e-15  7.87e-15  1.51e-14  2.66e-14  4.36e-14  6.77e-14     1e-13  1.43e-13  1.97e-13  2.65e-13  3.48e-13  4.47e-13  5.65e-13  7.01e-13  8.59e-13
10       9.34e-14  3.68e-15  7.87e-15  1.51e-14  2.66e-14  4.36e-14  6.77e-14     1e-13  1.43e-13  1.97e-13  2.65e-13  3.48e-13  4.47e-13  5.65e-13  7.01e-13  8.59e-13
100      5.15e-13  1.25e-12  7.87e-15  1.51e-14  2.66e-14  4.36e-14  6.77e-14     1e-13  1.43e-13  1.97e-13  2.65e-13  3.48e-13  4.47e-13  5.65e-13  7.01e-13  8.59e-13
O-O       1.9e-10  1.96e-10  2.01e-10  2.06e-10   2.1e-10  2.13e-10  2.17e-10   2.2e-10  2.23e-10  2.26e-10  2.28e-10  2.31e-10  2.33e-10  2.35e-10  2.37e-10  2.39e-10

