Wells (G - ground energy, D - dissociation limit, kcal/mol):
                            W         G         D
                C5O2nexammzzz         0      2.78
      FakeW-C5H6O(645)z+OH(4)     -30.1     -27.1

Bimolecular Products (G - ground energy, kcal/mol):
                      P         G
      C5H6O(645)z+OH(4)     -27.1

Well-to-Bimolecular Barriers (H/G - barrier height/well depth, kcal/mol)
                            B         H                       W         G                 P
      FakeB-C5H6O(645)z+OH(4)     -27.1 FakeW-C5H6O(645)z+OH(4)     -30.1 C5H6O(645)z+OH(4)

Well-to-Well Barriers (H/G - barrier height/well depth, kcal/mol):
            B         H                      W1        G1                      W2        G2
      ts_3_49      2.78           C5O2nexammzzz         0 FakeW-C5H6O(645)z+OH(4)     -30.1

Bound Groups: dissociation barrier (name/ground energy, kcal/mol): wells (name/ground energy, kcal/mol):
     C1/-27.1:  FakeW-C5H6O(645)z+OH(4)/-30.1

     B1/2.78:  C5O2nexammzzz/0

________________________________________________________________________________________

Names Translation Tables (<short name> - <original name>):
Wells:
   W1 - C5O2nexammzzz
   W2 - FakeW-C5H6O(645)z+OH(4)
Bimolecular products:
   P1 - C5H6O(645)z+OH(4)
Inner Barriers:
   B1 - ts_3_49
Outer Barriers:
   C1 - FakeB-C5H6O(645)z+OH(4)
Unimolecular Rate Units: 1/sec;  Bimolecular Rate Units: cm^3/sec

______________________________________________________________________________________

Species-Species Rate Tables:

Temperature = 500 K

High Pressure Rate Coefficients:

From\To         W1        W2        P1
W1             ***  3.46e+11       ***
W2        4.87e-07       ***  1.62e+10
P1             ***  2.41e-10       ***

Temperature = 500 K    Pressure = 0.1 atm

From\To         W1        W2        P1
W1        7.66e+09 -1.12e+06  7.67e+09
W2        2.39e-17  2.28e+09  2.28e+09
P1        1.59e-28  3.39e-11  3.39e-11

Temperature = 500 K    Pressure = 1 atm

From\To         W1        W2        P1
W1        2.13e+10 -9.66e+06  2.13e+10
W2        1.85e-13   4.7e+09   4.7e+09
P1        4.46e-28     7e-11     7e-11

Temperature = 500 K    Pressure = 10 atm

From\To         W1        W2        P1
W1        5.04e+10  1.67e+09  5.01e+10
W2        2.43e-09  8.75e+09  8.75e+09
P1        1.05e-27   1.3e-10   1.3e-10

Temperature = 500 K    Pressure = 100 atm

From\To         W1        W2        P1
W1        1.09e+11  4.52e+10  6.34e+10
W2        6.37e-08  1.39e+10  1.39e+10
P1        1.33e-27  2.08e-10  2.08e-10

Temperature = 600 K

High Pressure Rate Coefficients:

From\To         W1        W2        P1
W1             ***  5.52e+11       ***
W2        7.58e-05       ***  1.81e+10
P1             ***  2.48e-10       ***

Temperature = 600 K    Pressure = 0.1 atm

From\To         W1        W2        P1
W1        6.63e+09 -6.41e+05  6.63e+09
W2        5.28e-13  2.94e+09  2.94e+09
P1        1.23e-26  4.02e-11  4.02e-11

Temperature = 600 K    Pressure = 1 atm

From\To         W1        W2        P1
W1        1.93e+10 -6.76e+06  1.93e+10
W2         7.4e-11   5.6e+09   5.6e+09
P1        3.61e-26  7.68e-11  7.68e-11

Temperature = 600 K    Pressure = 10 atm

From\To         W1        W2        P1
W1        4.82e+10  4.19e+08  4.78e+10
W2        6.44e-08  9.67e+09  9.67e+09
P1        8.98e-26  1.32e-10  1.32e-10

Temperature = 600 K    Pressure = 100 atm

From\To         W1        W2        P1
W1         1.1e+11  4.43e+10  6.61e+10
W2        6.08e-06  1.52e+10  1.52e+10
P1        1.24e-25  2.09e-10  2.09e-10

Temperature = 700 K

High Pressure Rate Coefficients:

From\To         W1        W2        P1
W1             ***  7.88e+11       ***
W2         0.00275       ***  1.85e+10
P1             ***  2.54e-10       ***

Temperature = 700 K    Pressure = 0.1 atm

From\To         W1        W2        P1
W1        5.62e+09 -3.67e+05  5.62e+09
W2        3.14e-12  3.32e+09  3.32e+09
P1        2.66e-25  4.53e-11  4.53e-11

Temperature = 700 K    Pressure = 1 atm

From\To         W1        W2        P1
W1        1.68e+10 -3.61e+06  1.68e+10
W2        6.88e-09  6.03e+09  6.03e+09
P1           8e-25  8.26e-11  8.26e-11

Temperature = 700 K    Pressure = 10 atm

From\To         W1        W2        P1
W1        4.37e+10  6.38e+08   4.3e+10
W2        2.37e-06  9.92e+09  9.92e+09
P1        2.06e-24  1.36e-10  1.36e-10

Temperature = 700 K    Pressure = 100 atm

From\To         W1        W2        P1
W1        1.04e+11  4.24e+10  6.14e+10
W2        0.000148  1.53e+10  1.53e+10
P1        2.94e-24   2.1e-10   2.1e-10

Temperature = 800 K

High Pressure Rate Coefficients:

From\To         W1        W2        P1
W1             ***  1.04e+12       ***
W2          0.0402       ***  1.81e+10
P1             ***   2.6e-10       ***

Temperature = 800 K    Pressure = 0.1 atm

From\To         W1        W2        P1
W1        5.02e+09 -3.01e+05  5.02e+09
W2        9.71e-11  3.43e+09  3.43e+09
P1        2.74e-24  4.89e-11  4.89e-11

Temperature = 800 K    Pressure = 1 atm

From\To         W1        W2        P1
W1        1.52e+10  1.42e+06  1.52e+10
W2         2.5e-07  6.05e+09  6.05e+09
P1        8.36e-24  8.67e-11  8.67e-11

Temperature = 800 K    Pressure = 10 atm

From\To         W1        W2        P1
W1        4.03e+10  1.02e+09  3.93e+10
W2         4.1e-05  9.67e+09  9.67e+09
P1        2.17e-23  1.39e-10  1.39e-10

Temperature = 800 K    Pressure = 100 atm

From\To         W1        W2        P1
W1        9.77e+10  4.21e+10  5.56e+10
W2         0.00162  1.47e+10  1.47e+10
P1        3.07e-23  2.12e-10  2.12e-10

Temperature = 900 K

High Pressure Rate Coefficients:

From\To         W1        W2        P1
W1             ***   1.3e+12       ***
W2           0.321       ***  1.72e+10
P1             ***  2.65e-10       ***

Temperature = 900 K    Pressure = 0.1 atm

From\To         W1        W2        P1
W1        4.46e+09  2.16e+06  4.46e+09
W2        5.95e-07  3.32e+09  3.32e+09
P1        1.67e-23  5.08e-11  5.08e-11

Temperature = 900 K    Pressure = 1 atm

From\To         W1        W2        P1
W1        1.36e+10  1.35e+07  1.36e+10
W2         4.5e-06  5.76e+09  5.76e+09
P1        5.11e-23  8.86e-11  8.86e-11

Temperature = 900 K    Pressure = 10 atm

From\To         W1        W2        P1
W1        3.67e+10   1.6e+09  3.51e+10
W2        0.000402  9.09e+09  9.09e+09
P1        1.33e-22   1.4e-10   1.4e-10

Temperature = 900 K    Pressure = 100 atm

From\To         W1        W2        P1
W1        9.02e+10  4.16e+10  4.85e+10
W2          0.0103  1.38e+10  1.38e+10
P1        1.84e-22  2.12e-10  2.12e-10

Temperature = 1e+03 K

High Pressure Rate Coefficients:

From\To         W1        W2        P1
W1             ***  1.57e+12       ***
W2            1.68       ***  1.61e+10
P1             ***   2.7e-10       ***

Temperature = 1e+03 K    Pressure = 0.1 atm

From\To         W1        W2        P1
W1        4.06e+09 -2.05e+05  4.06e+09
W2        7.91e-08  3.23e+09  3.23e+09
P1        7.18e-23  5.38e-11  5.38e-11

Temperature = 1e+03 K    Pressure = 1 atm

From\To         W1        W2        P1
W1        1.24e+10  5.04e+07  1.23e+10
W2        5.91e-05  5.52e+09  5.52e+09
P1         2.2e-22  9.23e-11  9.23e-11

Temperature = 1e+03 K    Pressure = 10 atm

From\To         W1        W2        P1
W1        3.38e+10  2.64e+09  3.12e+10
W2         0.00287  8.55e+09  8.55e+09
P1        5.59e-22  1.43e-10  1.43e-10

Temperature = 1e+03 K    Pressure = 100 atm

From\To         W1        W2        P1
W1        8.39e+10  4.28e+10  4.11e+10
W2           0.046  1.28e+10  1.28e+10
P1        7.38e-22  2.14e-10  2.14e-10

Temperature = 1.1e+03 K

High Pressure Rate Coefficients:

From\To         W1        W2        P1
W1             ***  1.83e+12       ***
W2            6.51       ***   1.5e+10
P1             ***  2.74e-10       ***

Temperature = 1.1e+03 K    Pressure = 0.1 atm

From\To         W1        W2        P1
W1        3.42e+09   7.1e+06  3.41e+09
W2        2.63e-05  3.12e+09  3.12e+09
P1        2.19e-22  5.69e-11  5.69e-11

Temperature = 1.1e+03 K    Pressure = 1 atm

From\To         W1        W2        P1
W1        1.05e+10  2.09e+08  1.03e+10
W2        0.000757  5.25e+09  5.25e+09
P1        6.69e-22  9.61e-11  9.61e-11

Temperature = 1.1e+03 K    Pressure = 10 atm

From\To         W1        W2        P1
W1        2.92e+10  4.32e+09  2.49e+10
W2          0.0155     8e+09     8e+09
P1        1.62e-21  1.47e-10  1.47e-10

Temperature = 1.1e+03 K    Pressure = 100 atm

From\To         W1        W2        P1
W1        7.37e+10  4.25e+10  3.12e+10
W2           0.151  1.18e+10  1.18e+10
P1        2.04e-21  2.17e-10  2.17e-10

Temperature = 1.2e+03 K

High Pressure Rate Coefficients:

From\To         W1        W2        P1
W1             ***  2.08e+12       ***
W2            20.1       ***  1.38e+10
P1             ***  2.78e-10       ***

Temperature = 1.2e+03 K    Pressure = 0.1 atm

From\To         W1        W2        P1
W1        3.05e+09  6.07e+07  2.99e+09
W2        0.000591  2.97e+09  2.97e+09
P1         5.7e-22  5.95e-11  5.95e-11

Temperature = 1.2e+03 K    Pressure = 1 atm

From\To         W1        W2        P1
W1        9.41e+09   8.1e+08   8.6e+09
W2         0.00783  4.93e+09  4.93e+09
P1        1.66e-21  9.93e-11  9.93e-11

Temperature = 1.2e+03 K    Pressure = 10 atm

From\To         W1        W2        P1
W1        2.63e+10  7.18e+09  1.92e+10
W2          0.0693  7.43e+09  7.43e+09
P1        3.71e-21   1.5e-10   1.5e-10

Temperature = 1.2e+03 K    Pressure = 100 atm

From\To         W1        W2        P1
W1        6.72e+10  4.39e+10  2.33e+10
W2           0.422  1.09e+10  1.09e+10
P1        4.52e-21  2.19e-10  2.19e-10

Temperature = 1.3e+03 K

High Pressure Rate Coefficients:

From\To         W1        W2        P1
W1             ***  2.33e+12       ***
W2            51.9       ***  1.27e+10
P1             ***  2.82e-10       ***

Temperature = 1.3e+03 K    Pressure = 0.1 atm

From\To         W1        W2        P1
W1        2.93e+09  2.51e+08  2.68e+09
W2         0.00562  2.77e+09  2.77e+09
P1         1.3e-21  6.12e-11  6.12e-11

Temperature = 1.3e+03 K    Pressure = 1 atm

From\To         W1        W2        P1
W1           9e+09  2.08e+09  6.92e+09
W2          0.0463  4.57e+09  4.57e+09
P1         3.4e-21  1.01e-10  1.01e-10

Temperature = 1.3e+03 K    Pressure = 10 atm

From\To         W1        W2        P1
W1        2.52e+10  1.11e+10  1.41e+10
W2           0.248  6.83e+09  6.83e+09
P1        6.93e-21  1.52e-10  1.52e-10

Temperature = 1.3e+03 K    Pressure = 100 atm

From\To         W1        W2        P1
W1        6.44e+10   4.7e+10  1.74e+10
W2            1.05  9.95e+09  9.95e+09
P1        8.57e-21  2.21e-10  2.21e-10

Temperature = 1.4e+03 K

High Pressure Rate Coefficients:

From\To         W1        W2        P1
W1             ***  2.57e+12       ***
W2             117       ***  1.17e+10
P1             ***  2.86e-10       ***

Temperature = 1.4e+03 K    Pressure = 0.1 atm

From\To         W1        W2        P1
W1        2.36e+09  6.27e+08  1.73e+09
W2          0.0285  2.62e+09  2.62e+09
P1         1.9e-21  6.38e-11  6.38e-11

Temperature = 1.4e+03 K    Pressure = 1 atm

From\To         W1        W2        P1
W1        7.33e+09  3.52e+09  3.82e+09
W2            0.16  4.28e+09  4.28e+09
P1        4.23e-21  1.04e-10  1.04e-10

Temperature = 1.4e+03 K    Pressure = 10 atm

From\To         W1        W2        P1
W1        2.09e+10   1.4e+10   6.9e+09
W2           0.637  6.34e+09  6.34e+09
P1        7.67e-21  1.55e-10  1.55e-10

Temperature = 1.4e+03 K    Pressure = 100 atm

From\To         W1        W2        P1
W1        5.43e+10   4.5e+10  9.37e+09
W2            2.05  9.14e+09  9.14e+09
P1        1.04e-20  2.23e-10  2.23e-10

Temperature = 1.5e+03 K

High Pressure Rate Coefficients:

From\To         W1        W2        P1
W1             ***   2.8e+12       ***
W2             237       ***  1.07e+10
P1             ***  2.89e-10       ***

Temperature = 1.5e+03 K    Pressure = 0.1 atm

From\To         W1        W2        P1
W1        2.38e+09  1.08e+09   1.3e+09
W2           0.091  2.43e+09  2.43e+09
P1        2.93e-21  6.49e-11  6.49e-11

Temperature = 1.5e+03 K    Pressure = 1 atm

From\To         W1        W2        P1
W1        7.31e+09  4.79e+09  2.52e+09
W2           0.405  3.94e+09  3.94e+09
P1        5.72e-21  1.06e-10  1.06e-10

Temperature = 1.5e+03 K    Pressure = 10 atm

From\To         W1        W2        P1
W1        2.07e+10  1.66e+10  4.17e+09
W2             1.4  5.81e+09  5.81e+09
P1        9.47e-21  1.56e-10  1.56e-10

Temperature = 1.5e+03 K    Pressure = 100 atm

From\To         W1        W2        P1
W1        5.38e+10  4.78e+10  6.03e+09
W2            4.04  8.37e+09  8.37e+09
P1        1.37e-20  2.25e-10  2.25e-10

Temperature = 1.6e+03 K

High Pressure Rate Coefficients:

From\To         W1        W2        P1
W1             ***  3.02e+12       ***
W2             439       ***  9.88e+09
P1             ***  2.92e-10       ***

Temperature = 1.6e+03 K    Pressure = 0.1 atm

From\To         W1        W2        P1
W1        2.02e+09  1.35e+09  6.75e+08
W2           0.195  2.27e+09  2.27e+09
P1        2.91e-21  6.65e-11  6.65e-11

Temperature = 1.6e+03 K    Pressure = 1 atm

From\To         W1        W2        P1
W1        6.27e+09  5.07e+09  1.19e+09
W2           0.736  3.65e+09  3.65e+09
P1        5.13e-21  1.08e-10  1.08e-10

Temperature = 1.6e+03 K    Pressure = 10 atm

From\To         W1        W2        P1
W1         1.8e+10  1.61e+10  1.84e+09
W2            2.34  5.36e+09  5.36e+09
P1        7.89e-21  1.58e-10  1.58e-10

Temperature = 1.6e+03 K    Pressure = 100 atm

From\To         W1        W2        P1
W1        4.72e+10  4.43e+10  2.83e+09
W2            6.44  7.69e+09  7.69e+09
P1        1.22e-20  2.27e-10  2.27e-10

Temperature = 1.7e+03 K

High Pressure Rate Coefficients:

From\To         W1        W2        P1
W1             ***  3.24e+12       ***
W2             757       ***   9.1e+09
P1             ***  2.95e-10       ***

Temperature = 1.7e+03 K    Pressure = 0.1 atm

From\To         W1        W2        P1
W1        1.89e+09  1.53e+09  3.61e+08
W2           0.356  2.16e+09  2.16e+09
P1        2.81e-21  6.96e-11  6.96e-11

Temperature = 1.7e+03 K    Pressure = 1 atm

From\To         W1        W2        P1
W1        5.88e+09  5.27e+09  6.11e+08
W2            1.23  3.44e+09  3.44e+09
P1        4.67e-21  1.12e-10  1.12e-10

Temperature = 1.7e+03 K    Pressure = 10 atm

From\To         W1        W2        P1
W1        1.69e+10   1.6e+10  9.07e+08
W2            3.74  5.01e+09  5.01e+09
P1        6.89e-21  1.62e-10  1.62e-10

Temperature = 1.7e+03 K    Pressure = 100 atm

From\To         W1        W2        P1
W1        4.46e+10  4.31e+10  1.44e+09
W2            10.1  7.12e+09  7.12e+09
P1        1.09e-20  2.31e-10  2.31e-10

Temperature = 1.8e+03 K

High Pressure Rate Coefficients:

From\To         W1        W2        P1
W1             ***  3.44e+12       ***
W2        1.23e+03       ***   8.4e+09
P1             ***  2.98e-10       ***

Temperature = 1.8e+03 K    Pressure = 0.1 atm

From\To         W1        W2        P1
W1        1.73e+09  1.55e+09  1.88e+08
W2           0.549  1.96e+09  1.96e+09
P1        2.55e-21  6.89e-11  6.89e-11

Temperature = 1.8e+03 K    Pressure = 1 atm

From\To         W1        W2        P1
W1        5.41e+09  5.09e+09  3.27e+08
W2            1.81  3.13e+09  3.13e+09
P1        4.22e-21  1.11e-10  1.11e-10

Temperature = 1.8e+03 K    Pressure = 10 atm

From\To         W1        W2        P1
W1        1.56e+10  1.51e+10  4.89e+08
W2             5.4  4.56e+09  4.56e+09
P1        6.23e-21  1.62e-10  1.62e-10

Temperature = 1.8e+03 K    Pressure = 100 atm

From\To         W1        W2        P1
W1        4.14e+10  4.06e+10  8.06e+08
W2            14.5  6.51e+09  6.51e+09
P1        1.02e-20  2.31e-10  2.31e-10

Temperature = 1.9e+03 K

High Pressure Rate Coefficients:

From\To         W1        W2        P1
W1             ***  3.64e+12       ***
W2         1.9e+03       ***  7.76e+09
P1             ***     3e-10       ***

Temperature = 1.9e+03 K    Pressure = 0.1 atm

From\To         W1        W2        P1
W1        1.52e+09  1.43e+09  8.56e+07
W2            0.74  1.81e+09  1.81e+09
P1        2.02e-21  6.95e-11  6.95e-11

Temperature = 1.9e+03 K    Pressure = 1 atm

From\To         W1        W2        P1
W1        4.84e+09  4.67e+09  1.63e+08
W2            2.43  2.88e+09  2.88e+09
P1        3.43e-21  1.11e-10  1.11e-10

Temperature = 1.9e+03 K    Pressure = 10 atm

From\To         W1        W2        P1
W1        1.41e+10  1.39e+10  2.53e+08
W2            7.21   4.2e+09   4.2e+09
P1        5.17e-21  1.63e-10  1.63e-10

Temperature = 1.9e+03 K    Pressure = 100 atm

From\To         W1        W2        P1
W1        3.77e+10  3.73e+10  4.37e+08
W2            19.4     6e+09     6e+09
P1        8.87e-21  2.32e-10  2.32e-10

Temperature = 2e+03 K

High Pressure Rate Coefficients:

From\To         W1        W2        P1
W1             ***  3.83e+12       ***
W2         2.8e+03       ***  7.19e+09
P1             ***  3.03e-10       ***

Temperature = 2e+03 K    Pressure = 0.1 atm

From\To         W1        W2        P1
W1        1.22e+09   1.2e+09  2.14e+07
W2           0.869  1.73e+09  1.73e+09
P1        1.11e-21  7.24e-11  7.24e-11

Temperature = 2e+03 K    Pressure = 1 atm

From\To         W1        W2        P1
W1        4.15e+09  4.09e+09  5.94e+07
W2            2.99  2.73e+09  2.73e+09
P1        2.06e-21  1.15e-10  1.15e-10

Temperature = 2e+03 K    Pressure = 10 atm

From\To         W1        W2        P1
W1        1.24e+10  1.23e+10  1.05e+08
W2            9.02  3.95e+09  3.95e+09
P1        3.33e-21  1.66e-10  1.66e-10

Temperature = 2e+03 K    Pressure = 100 atm

From\To         W1        W2        P1
W1        3.38e+10  3.36e+10  1.95e+08
W2            24.6  5.58e+09  5.58e+09
P1         6.1e-21  2.35e-10  2.35e-10

______________________________________________________________________________________

High Pressure Rate Coefficients (Temperature-Species Rate Tables):

Reactant = W1
   T(K)        W1        W2        P1
    500       ***  3.46e+11       ***
    600       ***  5.52e+11       ***
    700       ***  7.88e+11       ***
    800       ***  1.04e+12       ***
    900       ***   1.3e+12       ***
  1e+03       ***  1.57e+12       ***
1.1e+03       ***  1.83e+12       ***
1.2e+03       ***  2.08e+12       ***
1.3e+03       ***  2.33e+12       ***
1.4e+03       ***  2.57e+12       ***
1.5e+03       ***   2.8e+12       ***
1.6e+03       ***  3.02e+12       ***
1.7e+03       ***  3.24e+12       ***
1.8e+03       ***  3.44e+12       ***
1.9e+03       ***  3.64e+12       ***
  2e+03       ***  3.83e+12       ***

Reactant = W2
   T(K)        W1        W2        P1
    500  4.87e-07       ***  1.62e+10
    600  7.58e-05       ***  1.81e+10
    700   0.00275       ***  1.85e+10
    800    0.0402       ***  1.81e+10
    900     0.321       ***  1.72e+10
  1e+03      1.68       ***  1.61e+10
1.1e+03      6.51       ***   1.5e+10
1.2e+03      20.1       ***  1.38e+10
1.3e+03      51.9       ***  1.27e+10
1.4e+03       117       ***  1.17e+10
1.5e+03       237       ***  1.07e+10
1.6e+03       439       ***  9.88e+09
1.7e+03       757       ***   9.1e+09
1.8e+03  1.23e+03       ***   8.4e+09
1.9e+03   1.9e+03       ***  7.76e+09
  2e+03   2.8e+03       ***  7.19e+09

Reactant = P1
   T(K)        W1        W2        P1
    500       ***  2.41e-10       ***
    600       ***  2.48e-10       ***
    700       ***  2.54e-10       ***
    800       ***   2.6e-10       ***
    900       ***  2.65e-10       ***
  1e+03       ***   2.7e-10       ***
1.1e+03       ***  2.74e-10       ***
1.2e+03       ***  2.78e-10       ***
1.3e+03       ***  2.82e-10       ***
1.4e+03       ***  2.86e-10       ***
1.5e+03       ***  2.89e-10       ***
1.6e+03       ***  2.92e-10       ***
1.7e+03       ***  2.95e-10       ***
1.8e+03       ***  2.98e-10       ***
1.9e+03       ***     3e-10       ***
  2e+03       ***  3.03e-10       ***

Capture/Escape Rate Coefficients:

   T(K)        W1        W2        P1
    500  3.46e+11  1.62e+10  2.41e-10
    600  5.52e+11  1.81e+10  2.48e-10
    700  7.88e+11  1.85e+10  2.54e-10
    800  1.04e+12  1.81e+10   2.6e-10
    900   1.3e+12  1.72e+10  2.65e-10
  1e+03  1.57e+12  1.61e+10   2.7e-10
1.1e+03  1.83e+12   1.5e+10  2.74e-10
1.2e+03  2.08e+12  1.38e+10  2.78e-10
1.3e+03  2.33e+12  1.27e+10  2.82e-10
1.4e+03  2.57e+12  1.17e+10  2.86e-10
1.5e+03   2.8e+12  1.07e+10  2.89e-10
1.6e+03  3.02e+12  9.88e+09  2.92e-10
1.7e+03  3.24e+12   9.1e+09  2.95e-10
1.8e+03  3.44e+12   8.4e+09  2.98e-10
1.9e+03  3.64e+12  7.76e+09     3e-10
  2e+03  3.83e+12  7.19e+09  3.03e-10

______________________________________________________________________________________

Pressure-Species Rate Tables:

Reactant = W1   Temperature = 500 K

   P(atm)        W2        P1      Loss
      0.1 -1.12e+06  7.67e+09  7.66e+09
        1 -9.66e+06  2.13e+10  2.13e+10
       10  1.67e+09  5.01e+10  5.04e+10
      100  4.52e+10  6.34e+10  1.09e+11
      O-O  3.46e+11       ***  3.46e+11

Reactant = W1   Temperature = 600 K

   P(atm)        W2        P1      Loss
      0.1 -6.41e+05  6.63e+09  6.63e+09
        1 -6.76e+06  1.93e+10  1.93e+10
       10  4.19e+08  4.78e+10  4.82e+10
      100  4.43e+10  6.61e+10   1.1e+11
      O-O  5.52e+11       ***  5.52e+11

Reactant = W1   Temperature = 700 K

   P(atm)        W2        P1      Loss
      0.1 -3.67e+05  5.62e+09  5.62e+09
        1 -3.61e+06  1.68e+10  1.68e+10
       10  6.38e+08   4.3e+10  4.37e+10
      100  4.24e+10  6.14e+10  1.04e+11
      O-O  7.88e+11       ***  7.88e+11

Reactant = W1   Temperature = 800 K

   P(atm)        W2        P1      Loss
      0.1 -3.01e+05  5.02e+09  5.02e+09
        1  1.42e+06  1.52e+10  1.52e+10
       10  1.02e+09  3.93e+10  4.03e+10
      100  4.21e+10  5.56e+10  9.77e+10
      O-O  1.04e+12       ***  1.04e+12

Reactant = W1   Temperature = 900 K

   P(atm)        W2        P1      Loss
      0.1  2.16e+06  4.46e+09  4.46e+09
        1  1.35e+07  1.36e+10  1.36e+10
       10   1.6e+09  3.51e+10  3.67e+10
      100  4.16e+10  4.85e+10  9.02e+10
      O-O   1.3e+12       ***   1.3e+12

Reactant = W1   Temperature = 1e+03 K

   P(atm)        W2        P1      Loss
      0.1 -2.05e+05  4.06e+09  4.06e+09
        1  5.04e+07  1.23e+10  1.24e+10
       10  2.64e+09  3.12e+10  3.38e+10
      100  4.28e+10  4.11e+10  8.39e+10
      O-O  1.57e+12       ***  1.57e+12

Reactant = W1   Temperature = 1.1e+03 K

   P(atm)        W2        P1      Loss
      0.1   7.1e+06  3.41e+09  3.42e+09
        1  2.09e+08  1.03e+10  1.05e+10
       10  4.32e+09  2.49e+10  2.92e+10
      100  4.25e+10  3.12e+10  7.37e+10
      O-O  1.83e+12       ***  1.83e+12

Reactant = W1   Temperature = 1.2e+03 K

   P(atm)        W2        P1      Loss
      0.1  6.07e+07  2.99e+09  3.05e+09
        1   8.1e+08   8.6e+09  9.41e+09
       10  7.18e+09  1.92e+10  2.63e+10
      100  4.39e+10  2.33e+10  6.72e+10
      O-O  2.08e+12       ***  2.08e+12

Reactant = W1   Temperature = 1.3e+03 K

   P(atm)        W2        P1      Loss
      0.1  2.51e+08  2.68e+09  2.93e+09
        1  2.08e+09  6.92e+09     9e+09
       10  1.11e+10  1.41e+10  2.52e+10
      100   4.7e+10  1.74e+10  6.44e+10
      O-O  2.33e+12       ***  2.33e+12

Reactant = W1   Temperature = 1.4e+03 K

   P(atm)        W2        P1      Loss
      0.1  6.27e+08  1.73e+09  2.36e+09
        1  3.52e+09  3.82e+09  7.33e+09
       10   1.4e+10   6.9e+09  2.09e+10
      100   4.5e+10  9.37e+09  5.43e+10
      O-O  2.57e+12       ***  2.57e+12

Reactant = W1   Temperature = 1.5e+03 K

   P(atm)        W2        P1      Loss
      0.1  1.08e+09   1.3e+09  2.38e+09
        1  4.79e+09  2.52e+09  7.31e+09
       10  1.66e+10  4.17e+09  2.07e+10
      100  4.78e+10  6.03e+09  5.38e+10
      O-O   2.8e+12       ***   2.8e+12

Reactant = W1   Temperature = 1.6e+03 K

   P(atm)        W2        P1      Loss
      0.1  1.35e+09  6.75e+08  2.02e+09
        1  5.07e+09  1.19e+09  6.27e+09
       10  1.61e+10  1.84e+09   1.8e+10
      100  4.43e+10  2.83e+09  4.72e+10
      O-O  3.02e+12       ***  3.02e+12

Reactant = W1   Temperature = 1.7e+03 K

   P(atm)        W2        P1      Loss
      0.1  1.53e+09  3.61e+08  1.89e+09
        1  5.27e+09  6.11e+08  5.88e+09
       10   1.6e+10  9.07e+08  1.69e+10
      100  4.31e+10  1.44e+09  4.46e+10
      O-O  3.24e+12       ***  3.24e+12

Reactant = W1   Temperature = 1.8e+03 K

   P(atm)        W2        P1      Loss
      0.1  1.55e+09  1.88e+08  1.73e+09
        1  5.09e+09  3.27e+08  5.41e+09
       10  1.51e+10  4.89e+08  1.56e+10
      100  4.06e+10  8.06e+08  4.14e+10
      O-O  3.44e+12       ***  3.44e+12

Reactant = W1   Temperature = 1.9e+03 K

   P(atm)        W2        P1      Loss
      0.1  1.43e+09  8.56e+07  1.52e+09
        1  4.67e+09  1.63e+08  4.84e+09
       10  1.39e+10  2.53e+08  1.41e+10
      100  3.73e+10  4.37e+08  3.77e+10
      O-O  3.64e+12       ***  3.64e+12

Reactant = W1   Temperature = 2e+03 K

   P(atm)        W2        P1      Loss
      0.1   1.2e+09  2.14e+07  1.22e+09
        1  4.09e+09  5.94e+07  4.15e+09
       10  1.23e+10  1.05e+08  1.24e+10
      100  3.36e+10  1.95e+08  3.38e+10
      O-O  3.83e+12       ***  3.83e+12

Reactant = W2   Temperature = 500 K

   P(atm)        W1        P1      Loss
      0.1  2.39e-17  2.28e+09  2.28e+09
        1  1.85e-13   4.7e+09   4.7e+09
       10  2.43e-09  8.75e+09  8.75e+09
      100  6.37e-08  1.39e+10  1.39e+10
      O-O  4.87e-07  1.62e+10  1.62e+10

Reactant = W2   Temperature = 600 K

   P(atm)        W1        P1      Loss
      0.1  5.28e-13  2.94e+09  2.94e+09
        1   7.4e-11   5.6e+09   5.6e+09
       10  6.44e-08  9.67e+09  9.67e+09
      100  6.08e-06  1.52e+10  1.52e+10
      O-O  7.58e-05  1.81e+10  1.81e+10

Reactant = W2   Temperature = 700 K

   P(atm)        W1        P1      Loss
      0.1  3.14e-12  3.32e+09  3.32e+09
        1  6.88e-09  6.03e+09  6.03e+09
       10  2.37e-06  9.92e+09  9.92e+09
      100  0.000148  1.53e+10  1.53e+10
      O-O   0.00275  1.85e+10  1.85e+10

Reactant = W2   Temperature = 800 K

   P(atm)        W1        P1      Loss
      0.1  9.71e-11  3.43e+09  3.43e+09
        1   2.5e-07  6.05e+09  6.05e+09
       10   4.1e-05  9.67e+09  9.67e+09
      100   0.00162  1.47e+10  1.47e+10
      O-O    0.0402  1.81e+10  1.81e+10

Reactant = W2   Temperature = 900 K

   P(atm)        W1        P1      Loss
      0.1  5.95e-07  3.32e+09  3.32e+09
        1   4.5e-06  5.76e+09  5.76e+09
       10  0.000402  9.09e+09  9.09e+09
      100    0.0103  1.38e+10  1.38e+10
      O-O     0.321  1.72e+10  1.72e+10

Reactant = W2   Temperature = 1e+03 K

   P(atm)        W1        P1      Loss
      0.1  7.91e-08  3.23e+09  3.23e+09
        1  5.91e-05  5.52e+09  5.52e+09
       10   0.00287  8.55e+09  8.55e+09
      100     0.046  1.28e+10  1.28e+10
      O-O      1.68  1.61e+10  1.61e+10

Reactant = W2   Temperature = 1.1e+03 K

   P(atm)        W1        P1      Loss
      0.1  2.63e-05  3.12e+09  3.12e+09
        1  0.000757  5.25e+09  5.25e+09
       10    0.0155     8e+09     8e+09
      100     0.151  1.18e+10  1.18e+10
      O-O      6.51   1.5e+10   1.5e+10

Reactant = W2   Temperature = 1.2e+03 K

   P(atm)        W1        P1      Loss
      0.1  0.000591  2.97e+09  2.97e+09
        1   0.00783  4.93e+09  4.93e+09
       10    0.0693  7.43e+09  7.43e+09
      100     0.422  1.09e+10  1.09e+10
      O-O      20.1  1.38e+10  1.38e+10

Reactant = W2   Temperature = 1.3e+03 K

   P(atm)        W1        P1      Loss
      0.1   0.00562  2.77e+09  2.77e+09
        1    0.0463  4.57e+09  4.57e+09
       10     0.248  6.83e+09  6.83e+09
      100      1.05  9.95e+09  9.95e+09
      O-O      51.9  1.27e+10  1.27e+10

Reactant = W2   Temperature = 1.4e+03 K

   P(atm)        W1        P1      Loss
      0.1    0.0285  2.62e+09  2.62e+09
        1      0.16  4.28e+09  4.28e+09
       10     0.637  6.34e+09  6.34e+09
      100      2.05  9.14e+09  9.14e+09
      O-O       117  1.17e+10  1.17e+10

Reactant = W2   Temperature = 1.5e+03 K

   P(atm)        W1        P1      Loss
      0.1     0.091  2.43e+09  2.43e+09
        1     0.405  3.94e+09  3.94e+09
       10       1.4  5.81e+09  5.81e+09
      100      4.04  8.37e+09  8.37e+09
      O-O       237  1.07e+10  1.07e+10

Reactant = W2   Temperature = 1.6e+03 K

   P(atm)        W1        P1      Loss
      0.1     0.195  2.27e+09  2.27e+09
        1     0.736  3.65e+09  3.65e+09
       10      2.34  5.36e+09  5.36e+09
      100      6.44  7.69e+09  7.69e+09
      O-O       439  9.88e+09  9.88e+09

Reactant = W2   Temperature = 1.7e+03 K

   P(atm)        W1        P1      Loss
      0.1     0.356  2.16e+09  2.16e+09
        1      1.23  3.44e+09  3.44e+09
       10      3.74  5.01e+09  5.01e+09
      100      10.1  7.12e+09  7.12e+09
      O-O       757   9.1e+09   9.1e+09

Reactant = W2   Temperature = 1.8e+03 K

   P(atm)        W1        P1      Loss
      0.1     0.549  1.96e+09  1.96e+09
        1      1.81  3.13e+09  3.13e+09
       10       5.4  4.56e+09  4.56e+09
      100      14.5  6.51e+09  6.51e+09
      O-O  1.23e+03   8.4e+09   8.4e+09

Reactant = W2   Temperature = 1.9e+03 K

   P(atm)        W1        P1      Loss
      0.1      0.74  1.81e+09  1.81e+09
        1      2.43  2.88e+09  2.88e+09
       10      7.21   4.2e+09   4.2e+09
      100      19.4     6e+09     6e+09
      O-O   1.9e+03  7.76e+09  7.76e+09

Reactant = W2   Temperature = 2e+03 K

   P(atm)        W1        P1      Loss
      0.1     0.869  1.73e+09  1.73e+09
        1      2.99  2.73e+09  2.73e+09
       10      9.02  3.95e+09  3.95e+09
      100      24.6  5.58e+09  5.58e+09
      O-O   2.8e+03  7.19e+09  7.19e+09

Reactant = P1   Temperature = 500 K

   P(atm)        W1        W2      Loss
      0.1  1.59e-28  3.39e-11  3.39e-11
        1  4.46e-28     7e-11     7e-11
       10  1.05e-27   1.3e-10   1.3e-10
      100  1.33e-27  2.08e-10  2.08e-10
      O-O       ***  2.41e-10  2.41e-10

Reactant = P1   Temperature = 600 K

   P(atm)        W1        W2      Loss
      0.1  1.23e-26  4.02e-11  4.02e-11
        1  3.61e-26  7.68e-11  7.68e-11
       10  8.98e-26  1.32e-10  1.32e-10
      100  1.24e-25  2.09e-10  2.09e-10
      O-O       ***  2.48e-10  2.48e-10

Reactant = P1   Temperature = 700 K

   P(atm)        W1        W2      Loss
      0.1  2.66e-25  4.53e-11  4.53e-11
        1     8e-25  8.26e-11  8.26e-11
       10  2.06e-24  1.36e-10  1.36e-10
      100  2.94e-24   2.1e-10   2.1e-10
      O-O       ***  2.54e-10  2.54e-10

Reactant = P1   Temperature = 800 K

   P(atm)        W1        W2      Loss
      0.1  2.74e-24  4.89e-11  4.89e-11
        1  8.36e-24  8.67e-11  8.67e-11
       10  2.17e-23  1.39e-10  1.39e-10
      100  3.07e-23  2.12e-10  2.12e-10
      O-O       ***   2.6e-10   2.6e-10

Reactant = P1   Temperature = 900 K

   P(atm)        W1        W2      Loss
      0.1  1.67e-23  5.08e-11  5.08e-11
        1  5.11e-23  8.86e-11  8.86e-11
       10  1.33e-22   1.4e-10   1.4e-10
      100  1.84e-22  2.12e-10  2.12e-10
      O-O       ***  2.65e-10  2.65e-10

Reactant = P1   Temperature = 1e+03 K

   P(atm)        W1        W2      Loss
      0.1  7.18e-23  5.38e-11  5.38e-11
        1   2.2e-22  9.23e-11  9.23e-11
       10  5.59e-22  1.43e-10  1.43e-10
      100  7.38e-22  2.14e-10  2.14e-10
      O-O       ***   2.7e-10   2.7e-10

Reactant = P1   Temperature = 1.1e+03 K

   P(atm)        W1        W2      Loss
      0.1  2.19e-22  5.69e-11  5.69e-11
        1  6.69e-22  9.61e-11  9.61e-11
       10  1.62e-21  1.47e-10  1.47e-10
      100  2.04e-21  2.17e-10  2.17e-10
      O-O       ***  2.74e-10  2.74e-10

Reactant = P1   Temperature = 1.2e+03 K

   P(atm)        W1        W2      Loss
      0.1   5.7e-22  5.95e-11  5.95e-11
        1  1.66e-21  9.93e-11  9.93e-11
       10  3.71e-21   1.5e-10   1.5e-10
      100  4.52e-21  2.19e-10  2.19e-10
      O-O       ***  2.78e-10  2.78e-10

Reactant = P1   Temperature = 1.3e+03 K

   P(atm)        W1        W2      Loss
      0.1   1.3e-21  6.12e-11  6.12e-11
        1   3.4e-21  1.01e-10  1.01e-10
       10  6.93e-21  1.52e-10  1.52e-10
      100  8.57e-21  2.21e-10  2.21e-10
      O-O       ***  2.82e-10  2.82e-10

Reactant = P1   Temperature = 1.4e+03 K

   P(atm)        W1        W2      Loss
      0.1   1.9e-21  6.38e-11  6.38e-11
        1  4.23e-21  1.04e-10  1.04e-10
       10  7.67e-21  1.55e-10  1.55e-10
      100  1.04e-20  2.23e-10  2.23e-10
      O-O       ***  2.86e-10  2.86e-10

Reactant = P1   Temperature = 1.5e+03 K

   P(atm)        W1        W2      Loss
      0.1  2.93e-21  6.49e-11  6.49e-11
        1  5.72e-21  1.06e-10  1.06e-10
       10  9.47e-21  1.56e-10  1.56e-10
      100  1.37e-20  2.25e-10  2.25e-10
      O-O       ***  2.89e-10  2.89e-10

Reactant = P1   Temperature = 1.6e+03 K

   P(atm)        W1        W2      Loss
      0.1  2.91e-21  6.65e-11  6.65e-11
        1  5.13e-21  1.08e-10  1.08e-10
       10  7.89e-21  1.58e-10  1.58e-10
      100  1.22e-20  2.27e-10  2.27e-10
      O-O       ***  2.92e-10  2.92e-10

Reactant = P1   Temperature = 1.7e+03 K

   P(atm)        W1        W2      Loss
      0.1  2.81e-21  6.96e-11  6.96e-11
        1  4.67e-21  1.12e-10  1.12e-10
       10  6.89e-21  1.62e-10  1.62e-10
      100  1.09e-20  2.31e-10  2.31e-10
      O-O       ***  2.95e-10  2.95e-10

Reactant = P1   Temperature = 1.8e+03 K

   P(atm)        W1        W2      Loss
      0.1  2.55e-21  6.89e-11  6.89e-11
        1  4.22e-21  1.11e-10  1.11e-10
       10  6.23e-21  1.62e-10  1.62e-10
      100  1.02e-20  2.31e-10  2.31e-10
      O-O       ***  2.98e-10  2.98e-10

Reactant = P1   Temperature = 1.9e+03 K

   P(atm)        W1        W2      Loss
      0.1  2.02e-21  6.95e-11  6.95e-11
        1  3.43e-21  1.11e-10  1.11e-10
       10  5.17e-21  1.63e-10  1.63e-10
      100  8.87e-21  2.32e-10  2.32e-10
      O-O       ***     3e-10     3e-10

Reactant = P1   Temperature = 2e+03 K

   P(atm)        W1        W2      Loss
      0.1  1.11e-21  7.24e-11  7.24e-11
        1  2.06e-21  1.15e-10  1.15e-10
       10  3.33e-21  1.66e-10  1.66e-10
      100   6.1e-21  2.35e-10  2.35e-10
      O-O       ***  3.03e-10  3.03e-10

______________________________________________________________________________________

Temperature-Species Rate Tables:

Reactant = W1   Pressure = 0.1 atm

   T(K)        W2        P1      Loss   Capture
    500 -1.12e+06  7.67e+09  7.66e+09  3.46e+11
    600 -6.41e+05  6.63e+09  6.63e+09  5.52e+11
    700 -3.67e+05  5.62e+09  5.62e+09  7.88e+11
    800 -3.01e+05  5.02e+09  5.02e+09  1.04e+12
    900  2.16e+06  4.46e+09  4.46e+09   1.3e+12
  1e+03 -2.05e+05  4.06e+09  4.06e+09  1.57e+12
1.1e+03   7.1e+06  3.41e+09  3.42e+09  1.83e+12
1.2e+03  6.07e+07  2.99e+09  3.05e+09  2.08e+12
1.3e+03  2.51e+08  2.68e+09  2.93e+09  2.33e+12
1.4e+03  6.27e+08  1.73e+09  2.36e+09  2.57e+12
1.5e+03  1.08e+09   1.3e+09  2.38e+09   2.8e+12
1.6e+03  1.35e+09  6.75e+08  2.02e+09  3.02e+12
1.7e+03  1.53e+09  3.61e+08  1.89e+09  3.24e+12
1.8e+03  1.55e+09  1.88e+08  1.73e+09  3.44e+12
1.9e+03  1.43e+09  8.56e+07  1.52e+09  3.64e+12
  2e+03   1.2e+09  2.14e+07  1.22e+09  3.83e+12

Reactant = W1   Pressure = 1 atm

   T(K)        W2        P1      Loss   Capture
    500 -9.66e+06  2.13e+10  2.13e+10  3.46e+11
    600 -6.76e+06  1.93e+10  1.93e+10  5.52e+11
    700 -3.61e+06  1.68e+10  1.68e+10  7.88e+11
    800  1.42e+06  1.52e+10  1.52e+10  1.04e+12
    900  1.35e+07  1.36e+10  1.36e+10   1.3e+12
  1e+03  5.04e+07  1.23e+10  1.24e+10  1.57e+12
1.1e+03  2.09e+08  1.03e+10  1.05e+10  1.83e+12
1.2e+03   8.1e+08   8.6e+09  9.41e+09  2.08e+12
1.3e+03  2.08e+09  6.92e+09     9e+09  2.33e+12
1.4e+03  3.52e+09  3.82e+09  7.33e+09  2.57e+12
1.5e+03  4.79e+09  2.52e+09  7.31e+09   2.8e+12
1.6e+03  5.07e+09  1.19e+09  6.27e+09  3.02e+12
1.7e+03  5.27e+09  6.11e+08  5.88e+09  3.24e+12
1.8e+03  5.09e+09  3.27e+08  5.41e+09  3.44e+12
1.9e+03  4.67e+09  1.63e+08  4.84e+09  3.64e+12
  2e+03  4.09e+09  5.94e+07  4.15e+09  3.83e+12

Reactant = W1   Pressure = 10 atm

   T(K)        W2        P1      Loss   Capture
    500  1.67e+09  5.01e+10  5.04e+10  3.46e+11
    600  4.19e+08  4.78e+10  4.82e+10  5.52e+11
    700  6.38e+08   4.3e+10  4.37e+10  7.88e+11
    800  1.02e+09  3.93e+10  4.03e+10  1.04e+12
    900   1.6e+09  3.51e+10  3.67e+10   1.3e+12
  1e+03  2.64e+09  3.12e+10  3.38e+10  1.57e+12
1.1e+03  4.32e+09  2.49e+10  2.92e+10  1.83e+12
1.2e+03  7.18e+09  1.92e+10  2.63e+10  2.08e+12
1.3e+03  1.11e+10  1.41e+10  2.52e+10  2.33e+12
1.4e+03   1.4e+10   6.9e+09  2.09e+10  2.57e+12
1.5e+03  1.66e+10  4.17e+09  2.07e+10   2.8e+12
1.6e+03  1.61e+10  1.84e+09   1.8e+10  3.02e+12
1.7e+03   1.6e+10  9.07e+08  1.69e+10  3.24e+12
1.8e+03  1.51e+10  4.89e+08  1.56e+10  3.44e+12
1.9e+03  1.39e+10  2.53e+08  1.41e+10  3.64e+12
  2e+03  1.23e+10  1.05e+08  1.24e+10  3.83e+12

Reactant = W1   Pressure = 100 atm

   T(K)        W2        P1      Loss   Capture
    500  4.52e+10  6.34e+10  1.09e+11  3.46e+11
    600  4.43e+10  6.61e+10   1.1e+11  5.52e+11
    700  4.24e+10  6.14e+10  1.04e+11  7.88e+11
    800  4.21e+10  5.56e+10  9.77e+10  1.04e+12
    900  4.16e+10  4.85e+10  9.02e+10   1.3e+12
  1e+03  4.28e+10  4.11e+10  8.39e+10  1.57e+12
1.1e+03  4.25e+10  3.12e+10  7.37e+10  1.83e+12
1.2e+03  4.39e+10  2.33e+10  6.72e+10  2.08e+12
1.3e+03   4.7e+10  1.74e+10  6.44e+10  2.33e+12
1.4e+03   4.5e+10  9.37e+09  5.43e+10  2.57e+12
1.5e+03  4.78e+10  6.03e+09  5.38e+10   2.8e+12
1.6e+03  4.43e+10  2.83e+09  4.72e+10  3.02e+12
1.7e+03  4.31e+10  1.44e+09  4.46e+10  3.24e+12
1.8e+03  4.06e+10  8.06e+08  4.14e+10  3.44e+12
1.9e+03  3.73e+10  4.37e+08  3.77e+10  3.64e+12
  2e+03  3.36e+10  1.95e+08  3.38e+10  3.83e+12

Reactant = W2   Pressure = 0.1 atm

   T(K)        W1        P1      Loss   Capture
    500  2.39e-17  2.28e+09  2.28e+09  1.62e+10
    600  5.28e-13  2.94e+09  2.94e+09  1.81e+10
    700  3.14e-12  3.32e+09  3.32e+09  1.85e+10
    800  9.71e-11  3.43e+09  3.43e+09  1.81e+10
    900  5.95e-07  3.32e+09  3.32e+09  1.72e+10
  1e+03  7.91e-08  3.23e+09  3.23e+09  1.61e+10
1.1e+03  2.63e-05  3.12e+09  3.12e+09   1.5e+10
1.2e+03  0.000591  2.97e+09  2.97e+09  1.38e+10
1.3e+03   0.00562  2.77e+09  2.77e+09  1.27e+10
1.4e+03    0.0285  2.62e+09  2.62e+09  1.17e+10
1.5e+03     0.091  2.43e+09  2.43e+09  1.07e+10
1.6e+03     0.195  2.27e+09  2.27e+09  9.88e+09
1.7e+03     0.356  2.16e+09  2.16e+09   9.1e+09
1.8e+03     0.549  1.96e+09  1.96e+09   8.4e+09
1.9e+03      0.74  1.81e+09  1.81e+09  7.76e+09
  2e+03     0.869  1.73e+09  1.73e+09  7.19e+09

Reactant = W2   Pressure = 1 atm

   T(K)        W1        P1      Loss   Capture
    500  1.85e-13   4.7e+09   4.7e+09  1.62e+10
    600   7.4e-11   5.6e+09   5.6e+09  1.81e+10
    700  6.88e-09  6.03e+09  6.03e+09  1.85e+10
    800   2.5e-07  6.05e+09  6.05e+09  1.81e+10
    900   4.5e-06  5.76e+09  5.76e+09  1.72e+10
  1e+03  5.91e-05  5.52e+09  5.52e+09  1.61e+10
1.1e+03  0.000757  5.25e+09  5.25e+09   1.5e+10
1.2e+03   0.00783  4.93e+09  4.93e+09  1.38e+10
1.3e+03    0.0463  4.57e+09  4.57e+09  1.27e+10
1.4e+03      0.16  4.28e+09  4.28e+09  1.17e+10
1.5e+03     0.405  3.94e+09  3.94e+09  1.07e+10
1.6e+03     0.736  3.65e+09  3.65e+09  9.88e+09
1.7e+03      1.23  3.44e+09  3.44e+09   9.1e+09
1.8e+03      1.81  3.13e+09  3.13e+09   8.4e+09
1.9e+03      2.43  2.88e+09  2.88e+09  7.76e+09
  2e+03      2.99  2.73e+09  2.73e+09  7.19e+09

Reactant = W2   Pressure = 10 atm

   T(K)        W1        P1      Loss   Capture
    500  2.43e-09  8.75e+09  8.75e+09  1.62e+10
    600  6.44e-08  9.67e+09  9.67e+09  1.81e+10
    700  2.37e-06  9.92e+09  9.92e+09  1.85e+10
    800   4.1e-05  9.67e+09  9.67e+09  1.81e+10
    900  0.000402  9.09e+09  9.09e+09  1.72e+10
  1e+03   0.00287  8.55e+09  8.55e+09  1.61e+10
1.1e+03    0.0155     8e+09     8e+09   1.5e+10
1.2e+03    0.0693  7.43e+09  7.43e+09  1.38e+10
1.3e+03     0.248  6.83e+09  6.83e+09  1.27e+10
1.4e+03     0.637  6.34e+09  6.34e+09  1.17e+10
1.5e+03       1.4  5.81e+09  5.81e+09  1.07e+10
1.6e+03      2.34  5.36e+09  5.36e+09  9.88e+09
1.7e+03      3.74  5.01e+09  5.01e+09   9.1e+09
1.8e+03       5.4  4.56e+09  4.56e+09   8.4e+09
1.9e+03      7.21   4.2e+09   4.2e+09  7.76e+09
  2e+03      9.02  3.95e+09  3.95e+09  7.19e+09

Reactant = W2   Pressure = 100 atm

   T(K)        W1        P1      Loss   Capture
    500  6.37e-08  1.39e+10  1.39e+10  1.62e+10
    600  6.08e-06  1.52e+10  1.52e+10  1.81e+10
    700  0.000148  1.53e+10  1.53e+10  1.85e+10
    800   0.00162  1.47e+10  1.47e+10  1.81e+10
    900    0.0103  1.38e+10  1.38e+10  1.72e+10
  1e+03     0.046  1.28e+10  1.28e+10  1.61e+10
1.1e+03     0.151  1.18e+10  1.18e+10   1.5e+10
1.2e+03     0.422  1.09e+10  1.09e+10  1.38e+10
1.3e+03      1.05  9.95e+09  9.95e+09  1.27e+10
1.4e+03      2.05  9.14e+09  9.14e+09  1.17e+10
1.5e+03      4.04  8.37e+09  8.37e+09  1.07e+10
1.6e+03      6.44  7.69e+09  7.69e+09  9.88e+09
1.7e+03      10.1  7.12e+09  7.12e+09   9.1e+09
1.8e+03      14.5  6.51e+09  6.51e+09   8.4e+09
1.9e+03      19.4     6e+09     6e+09  7.76e+09
  2e+03      24.6  5.58e+09  5.58e+09  7.19e+09

Reactant = P1   Pressure = 0.1 atm

   T(K)        W1        W2      Loss   Capture
    500  1.59e-28  3.39e-11  3.39e-11  2.41e-10
    600  1.23e-26  4.02e-11  4.02e-11  2.48e-10
    700  2.66e-25  4.53e-11  4.53e-11  2.54e-10
    800  2.74e-24  4.89e-11  4.89e-11   2.6e-10
    900  1.67e-23  5.08e-11  5.08e-11  2.65e-10
  1e+03  7.18e-23  5.38e-11  5.38e-11   2.7e-10
1.1e+03  2.19e-22  5.69e-11  5.69e-11  2.74e-10
1.2e+03   5.7e-22  5.95e-11  5.95e-11  2.78e-10
1.3e+03   1.3e-21  6.12e-11  6.12e-11  2.82e-10
1.4e+03   1.9e-21  6.38e-11  6.38e-11  2.86e-10
1.5e+03  2.93e-21  6.49e-11  6.49e-11  2.89e-10
1.6e+03  2.91e-21  6.65e-11  6.65e-11  2.92e-10
1.7e+03  2.81e-21  6.96e-11  6.96e-11  2.95e-10
1.8e+03  2.55e-21  6.89e-11  6.89e-11  2.98e-10
1.9e+03  2.02e-21  6.95e-11  6.95e-11     3e-10
  2e+03  1.11e-21  7.24e-11  7.24e-11  3.03e-10

Reactant = P1   Pressure = 1 atm

   T(K)        W1        W2      Loss   Capture
    500  4.46e-28     7e-11     7e-11  2.41e-10
    600  3.61e-26  7.68e-11  7.68e-11  2.48e-10
    700     8e-25  8.26e-11  8.26e-11  2.54e-10
    800  8.36e-24  8.67e-11  8.67e-11   2.6e-10
    900  5.11e-23  8.86e-11  8.86e-11  2.65e-10
  1e+03   2.2e-22  9.23e-11  9.23e-11   2.7e-10
1.1e+03  6.69e-22  9.61e-11  9.61e-11  2.74e-10
1.2e+03  1.66e-21  9.93e-11  9.93e-11  2.78e-10
1.3e+03   3.4e-21  1.01e-10  1.01e-10  2.82e-10
1.4e+03  4.23e-21  1.04e-10  1.04e-10  2.86e-10
1.5e+03  5.72e-21  1.06e-10  1.06e-10  2.89e-10
1.6e+03  5.13e-21  1.08e-10  1.08e-10  2.92e-10
1.7e+03  4.67e-21  1.12e-10  1.12e-10  2.95e-10
1.8e+03  4.22e-21  1.11e-10  1.11e-10  2.98e-10
1.9e+03  3.43e-21  1.11e-10  1.11e-10     3e-10
  2e+03  2.06e-21  1.15e-10  1.15e-10  3.03e-10

Reactant = P1   Pressure = 10 atm

   T(K)        W1        W2      Loss   Capture
    500  1.05e-27   1.3e-10   1.3e-10  2.41e-10
    600  8.98e-26  1.32e-10  1.32e-10  2.48e-10
    700  2.06e-24  1.36e-10  1.36e-10  2.54e-10
    800  2.17e-23  1.39e-10  1.39e-10   2.6e-10
    900  1.33e-22   1.4e-10   1.4e-10  2.65e-10
  1e+03  5.59e-22  1.43e-10  1.43e-10   2.7e-10
1.1e+03  1.62e-21  1.47e-10  1.47e-10  2.74e-10
1.2e+03  3.71e-21   1.5e-10   1.5e-10  2.78e-10
1.3e+03  6.93e-21  1.52e-10  1.52e-10  2.82e-10
1.4e+03  7.67e-21  1.55e-10  1.55e-10  2.86e-10
1.5e+03  9.47e-21  1.56e-10  1.56e-10  2.89e-10
1.6e+03  7.89e-21  1.58e-10  1.58e-10  2.92e-10
1.7e+03  6.89e-21  1.62e-10  1.62e-10  2.95e-10
1.8e+03  6.23e-21  1.62e-10  1.62e-10  2.98e-10
1.9e+03  5.17e-21  1.63e-10  1.63e-10     3e-10
  2e+03  3.33e-21  1.66e-10  1.66e-10  3.03e-10

Reactant = P1   Pressure = 100 atm

   T(K)        W1        W2      Loss   Capture
    500  1.33e-27  2.08e-10  2.08e-10  2.41e-10
    600  1.24e-25  2.09e-10  2.09e-10  2.48e-10
    700  2.94e-24   2.1e-10   2.1e-10  2.54e-10
    800  3.07e-23  2.12e-10  2.12e-10   2.6e-10
    900  1.84e-22  2.12e-10  2.12e-10  2.65e-10
  1e+03  7.38e-22  2.14e-10  2.14e-10   2.7e-10
1.1e+03  2.04e-21  2.17e-10  2.17e-10  2.74e-10
1.2e+03  4.52e-21  2.19e-10  2.19e-10  2.78e-10
1.3e+03  8.57e-21  2.21e-10  2.21e-10  2.82e-10
1.4e+03  1.04e-20  2.23e-10  2.23e-10  2.86e-10
1.5e+03  1.37e-20  2.25e-10  2.25e-10  2.89e-10
1.6e+03  1.22e-20  2.27e-10  2.27e-10  2.92e-10
1.7e+03  1.09e-20  2.31e-10  2.31e-10  2.95e-10
1.8e+03  1.02e-20  2.31e-10  2.31e-10  2.98e-10
1.9e+03  8.87e-21  2.32e-10  2.32e-10     3e-10
  2e+03   6.1e-21  2.35e-10  2.35e-10  3.03e-10

______________________________________________________________________________________

Temperature-Pressure Rate Tables:

W1->W2

P\T           500       600       700       800       900     1e+03   1.1e+03   1.2e+03   1.3e+03   1.4e+03   1.5e+03   1.6e+03   1.7e+03   1.8e+03   1.9e+03     2e+03
0.1     -1.12e+06 -6.41e+05 -3.67e+05 -3.01e+05  2.16e+06 -2.05e+05   7.1e+06  6.07e+07  2.51e+08  6.27e+08  1.08e+09  1.35e+09  1.53e+09  1.55e+09  1.43e+09   1.2e+09
1       -9.66e+06 -6.76e+06 -3.61e+06  1.42e+06  1.35e+07  5.04e+07  2.09e+08   8.1e+08  2.08e+09  3.52e+09  4.79e+09  5.07e+09  5.27e+09  5.09e+09  4.67e+09  4.09e+09
10       1.67e+09  4.19e+08  6.38e+08  1.02e+09   1.6e+09  2.64e+09  4.32e+09  7.18e+09  1.11e+10   1.4e+10  1.66e+10  1.61e+10   1.6e+10  1.51e+10  1.39e+10  1.23e+10
100      4.52e+10  4.43e+10  4.24e+10  4.21e+10  4.16e+10  4.28e+10  4.25e+10  4.39e+10   4.7e+10   4.5e+10  4.78e+10  4.43e+10  4.31e+10  4.06e+10  3.73e+10  3.36e+10
O-O      3.46e+11  5.52e+11  7.88e+11  1.04e+12   1.3e+12  1.57e+12  1.83e+12  2.08e+12  2.33e+12  2.57e+12   2.8e+12  3.02e+12  3.24e+12  3.44e+12  3.64e+12  3.83e+12

W1->P1

P\T           500       600       700       800       900     1e+03   1.1e+03   1.2e+03   1.3e+03   1.4e+03   1.5e+03   1.6e+03   1.7e+03   1.8e+03   1.9e+03     2e+03
0.1      7.67e+09  6.63e+09  5.62e+09  5.02e+09  4.46e+09  4.06e+09  3.41e+09  2.99e+09  2.68e+09  1.73e+09   1.3e+09  6.75e+08  3.61e+08  1.88e+08  8.56e+07  2.14e+07
1        2.13e+10  1.93e+10  1.68e+10  1.52e+10  1.36e+10  1.23e+10  1.03e+10   8.6e+09  6.92e+09  3.82e+09  2.52e+09  1.19e+09  6.11e+08  3.27e+08  1.63e+08  5.94e+07
10       5.01e+10  4.78e+10   4.3e+10  3.93e+10  3.51e+10  3.12e+10  2.49e+10  1.92e+10  1.41e+10   6.9e+09  4.17e+09  1.84e+09  9.07e+08  4.89e+08  2.53e+08  1.05e+08
100      6.34e+10  6.61e+10  6.14e+10  5.56e+10  4.85e+10  4.11e+10  3.12e+10  2.33e+10  1.74e+10  9.37e+09  6.03e+09  2.83e+09  1.44e+09  8.06e+08  4.37e+08  1.95e+08
O-O           ***       ***       ***       ***       ***       ***       ***       ***       ***       ***       ***       ***       ***       ***       ***       ***

W2->W1

P\T           500       600       700       800       900     1e+03   1.1e+03   1.2e+03   1.3e+03   1.4e+03   1.5e+03   1.6e+03   1.7e+03   1.8e+03   1.9e+03     2e+03
0.1      2.39e-17  5.28e-13  3.14e-12  9.71e-11  5.95e-07  7.91e-08  2.63e-05  0.000591   0.00562    0.0285     0.091     0.195     0.356     0.549      0.74     0.869
1        1.85e-13   7.4e-11  6.88e-09   2.5e-07   4.5e-06  5.91e-05  0.000757   0.00783    0.0463      0.16     0.405     0.736      1.23      1.81      2.43      2.99
10       2.43e-09  6.44e-08  2.37e-06   4.1e-05  0.000402   0.00287    0.0155    0.0693     0.248     0.637       1.4      2.34      3.74       5.4      7.21      9.02
100      6.37e-08  6.08e-06  0.000148   0.00162    0.0103     0.046     0.151     0.422      1.05      2.05      4.04      6.44      10.1      14.5      19.4      24.6
O-O      4.87e-07  7.58e-05   0.00275    0.0402     0.321      1.68      6.51      20.1      51.9       117       237       439       757  1.23e+03   1.9e+03   2.8e+03

W2->P1

P\T           500       600       700       800       900     1e+03   1.1e+03   1.2e+03   1.3e+03   1.4e+03   1.5e+03   1.6e+03   1.7e+03   1.8e+03   1.9e+03     2e+03
0.1      2.28e+09  2.94e+09  3.32e+09  3.43e+09  3.32e+09  3.23e+09  3.12e+09  2.97e+09  2.77e+09  2.62e+09  2.43e+09  2.27e+09  2.16e+09  1.96e+09  1.81e+09  1.73e+09
1         4.7e+09   5.6e+09  6.03e+09  6.05e+09  5.76e+09  5.52e+09  5.25e+09  4.93e+09  4.57e+09  4.28e+09  3.94e+09  3.65e+09  3.44e+09  3.13e+09  2.88e+09  2.73e+09
10       8.75e+09  9.67e+09  9.92e+09  9.67e+09  9.09e+09  8.55e+09     8e+09  7.43e+09  6.83e+09  6.34e+09  5.81e+09  5.36e+09  5.01e+09  4.56e+09   4.2e+09  3.95e+09
100      1.39e+10  1.52e+10  1.53e+10  1.47e+10  1.38e+10  1.28e+10  1.18e+10  1.09e+10  9.95e+09  9.14e+09  8.37e+09  7.69e+09  7.12e+09  6.51e+09     6e+09  5.58e+09
O-O      1.62e+10  1.81e+10  1.85e+10  1.81e+10  1.72e+10  1.61e+10   1.5e+10  1.38e+10  1.27e+10  1.17e+10  1.07e+10  9.88e+09   9.1e+09   8.4e+09  7.76e+09  7.19e+09

P1->W1

P\T           500       600       700       800       900     1e+03   1.1e+03   1.2e+03   1.3e+03   1.4e+03   1.5e+03   1.6e+03   1.7e+03   1.8e+03   1.9e+03     2e+03
0.1      1.59e-28  1.23e-26  2.66e-25  2.74e-24  1.67e-23  7.18e-23  2.19e-22   5.7e-22   1.3e-21   1.9e-21  2.93e-21  2.91e-21  2.81e-21  2.55e-21  2.02e-21  1.11e-21
1        4.46e-28  3.61e-26     8e-25  8.36e-24  5.11e-23   2.2e-22  6.69e-22  1.66e-21   3.4e-21  4.23e-21  5.72e-21  5.13e-21  4.67e-21  4.22e-21  3.43e-21  2.06e-21
10       1.05e-27  8.98e-26  2.06e-24  2.17e-23  1.33e-22  5.59e-22  1.62e-21  3.71e-21  6.93e-21  7.67e-21  9.47e-21  7.89e-21  6.89e-21  6.23e-21  5.17e-21  3.33e-21
100      1.33e-27  1.24e-25  2.94e-24  3.07e-23  1.84e-22  7.38e-22  2.04e-21  4.52e-21  8.57e-21  1.04e-20  1.37e-20  1.22e-20  1.09e-20  1.02e-20  8.87e-21   6.1e-21
O-O           ***       ***       ***       ***       ***       ***       ***       ***       ***       ***       ***       ***       ***       ***       ***       ***

P1->W2

P\T           500       600       700       800       900     1e+03   1.1e+03   1.2e+03   1.3e+03   1.4e+03   1.5e+03   1.6e+03   1.7e+03   1.8e+03   1.9e+03     2e+03
0.1      3.39e-11  4.02e-11  4.53e-11  4.89e-11  5.08e-11  5.38e-11  5.69e-11  5.95e-11  6.12e-11  6.38e-11  6.49e-11  6.65e-11  6.96e-11  6.89e-11  6.95e-11  7.24e-11
1           7e-11  7.68e-11  8.26e-11  8.67e-11  8.86e-11  9.23e-11  9.61e-11  9.93e-11  1.01e-10  1.04e-10  1.06e-10  1.08e-10  1.12e-10  1.11e-10  1.11e-10  1.15e-10
10        1.3e-10  1.32e-10  1.36e-10  1.39e-10   1.4e-10  1.43e-10  1.47e-10   1.5e-10  1.52e-10  1.55e-10  1.56e-10  1.58e-10  1.62e-10  1.62e-10  1.63e-10  1.66e-10
100      2.08e-10  2.09e-10   2.1e-10  2.12e-10  2.12e-10  2.14e-10  2.17e-10  2.19e-10  2.21e-10  2.23e-10  2.25e-10  2.27e-10  2.31e-10  2.31e-10  2.32e-10  2.35e-10
O-O      2.41e-10  2.48e-10  2.54e-10   2.6e-10  2.65e-10   2.7e-10  2.74e-10  2.78e-10  2.82e-10  2.86e-10  2.89e-10  2.92e-10  2.95e-10  2.98e-10     3e-10  3.03e-10

W1-> 

P\T           500       600       700       800       900     1e+03   1.1e+03   1.2e+03   1.3e+03   1.4e+03   1.5e+03   1.6e+03   1.7e+03   1.8e+03   1.9e+03     2e+03
0.1      7.66e+09  6.63e+09  5.62e+09  5.02e+09  4.46e+09  4.06e+09  3.42e+09  3.05e+09  2.93e+09  2.36e+09  2.38e+09  2.02e+09  1.89e+09  1.73e+09  1.52e+09  1.22e+09
1        2.13e+10  1.93e+10  1.68e+10  1.52e+10  1.36e+10  1.24e+10  1.05e+10  9.41e+09     9e+09  7.33e+09  7.31e+09  6.27e+09  5.88e+09  5.41e+09  4.84e+09  4.15e+09
10       5.04e+10  4.82e+10  4.37e+10  4.03e+10  3.67e+10  3.38e+10  2.92e+10  2.63e+10  2.52e+10  2.09e+10  2.07e+10   1.8e+10  1.69e+10  1.56e+10  1.41e+10  1.24e+10
100      1.09e+11   1.1e+11  1.04e+11  9.77e+10  9.02e+10  8.39e+10  7.37e+10  6.72e+10  6.44e+10  5.43e+10  5.38e+10  4.72e+10  4.46e+10  4.14e+10  3.77e+10  3.38e+10
O-O      3.46e+11  5.52e+11  7.88e+11  1.04e+12   1.3e+12  1.57e+12  1.83e+12  2.08e+12  2.33e+12  2.57e+12   2.8e+12  3.02e+12  3.24e+12  3.44e+12  3.64e+12  3.83e+12

W2-> 

P\T           500       600       700       800       900     1e+03   1.1e+03   1.2e+03   1.3e+03   1.4e+03   1.5e+03   1.6e+03   1.7e+03   1.8e+03   1.9e+03     2e+03
0.1      2.28e+09  2.94e+09  3.32e+09  3.43e+09  3.32e+09  3.23e+09  3.12e+09  2.97e+09  2.77e+09  2.62e+09  2.43e+09  2.27e+09  2.16e+09  1.96e+09  1.81e+09  1.73e+09
1         4.7e+09   5.6e+09  6.03e+09  6.05e+09  5.76e+09  5.52e+09  5.25e+09  4.93e+09  4.57e+09  4.28e+09  3.94e+09  3.65e+09  3.44e+09  3.13e+09  2.88e+09  2.73e+09
10       8.75e+09  9.67e+09  9.92e+09  9.67e+09  9.09e+09  8.55e+09     8e+09  7.43e+09  6.83e+09  6.34e+09  5.81e+09  5.36e+09  5.01e+09  4.56e+09   4.2e+09  3.95e+09
100      1.39e+10  1.52e+10  1.53e+10  1.47e+10  1.38e+10  1.28e+10  1.18e+10  1.09e+10  9.95e+09  9.14e+09  8.37e+09  7.69e+09  7.12e+09  6.51e+09     6e+09  5.58e+09
O-O      1.62e+10  1.81e+10  1.85e+10  1.81e+10  1.72e+10  1.61e+10   1.5e+10  1.38e+10  1.27e+10  1.17e+10  1.07e+10  9.88e+09   9.1e+09   8.4e+09  7.76e+09  7.19e+09

P1-> 

P\T           500       600       700       800       900     1e+03   1.1e+03   1.2e+03   1.3e+03   1.4e+03   1.5e+03   1.6e+03   1.7e+03   1.8e+03   1.9e+03     2e+03
0.1      3.39e-11  4.02e-11  4.53e-11  4.89e-11  5.08e-11  5.38e-11  5.69e-11  5.95e-11  6.12e-11  6.38e-11  6.49e-11  6.65e-11  6.96e-11  6.89e-11  6.95e-11  7.24e-11
1           7e-11  7.68e-11  8.26e-11  8.67e-11  8.86e-11  9.23e-11  9.61e-11  9.93e-11  1.01e-10  1.04e-10  1.06e-10  1.08e-10  1.12e-10  1.11e-10  1.11e-10  1.15e-10
10        1.3e-10  1.32e-10  1.36e-10  1.39e-10   1.4e-10  1.43e-10  1.47e-10   1.5e-10  1.52e-10  1.55e-10  1.56e-10  1.58e-10  1.62e-10  1.62e-10  1.63e-10  1.66e-10
100      2.08e-10  2.09e-10   2.1e-10  2.12e-10  2.12e-10  2.14e-10  2.17e-10  2.19e-10  2.21e-10  2.23e-10  2.25e-10  2.27e-10  2.31e-10  2.31e-10  2.32e-10  2.35e-10
O-O      2.41e-10  2.48e-10  2.54e-10   2.6e-10  2.65e-10   2.7e-10  2.74e-10  2.78e-10  2.82e-10  2.86e-10  2.89e-10  2.92e-10  2.95e-10  2.98e-10     3e-10  3.03e-10

