Wells (G - ground energy, D - dissociation limit, kcal/mol):
                           W         G         D
       FakeW-C5H8(522)+OH(4)        -3     -0.86
      FakeW-C5H7(504)+H2O(5)     -25.6     -22.6

Bimolecular Products (G - ground energy, kcal/mol):
                     P         G
       C5H8(522)+OH(4)         0
      C5H7(504)+H2O(5)     -22.6

Well-to-Bimolecular Barriers (H/G - barrier height/well depth, kcal/mol)
                           B         H                      W         G                P
       FakeB-C5H8(522)+OH(4)         0  FakeW-C5H8(522)+OH(4)        -3  C5H8(522)+OH(4)
      FakeB-C5H7(504)+H2O(5)     -22.6 FakeW-C5H7(504)+H2O(5)     -25.6 C5H7(504)+H2O(5)

Well-to-Well Barriers (H/G - barrier height/well depth, kcal/mol):
           B         H                     W1        G1                     W2        G2
      ts_1_3     -0.86  FakeW-C5H8(522)+OH(4)        -3 FakeW-C5H7(504)+H2O(5)     -25.6

Bound Groups: dissociation barrier (name/ground energy, kcal/mol): wells (name/ground energy, kcal/mol):
     C2/-22.6:  FakeW-C5H7(504)+H2O(5)/-25.6

     B1/-0.86:  FakeW-C5H8(522)+OH(4)/-3

________________________________________________________________________________________

Names Translation Tables (<short name> - <original name>):
Wells:
   W1 - FakeW-C5H8(522)+OH(4)
   W2 - FakeW-C5H7(504)+H2O(5)
Bimolecular products:
   P1 - C5H8(522)+OH(4)
   P2 - C5H7(504)+H2O(5)
Inner Barriers:
   B1 - ts_1_3
Outer Barriers:
   C1 - FakeB-C5H8(522)+OH(4)
   C2 - FakeB-C5H7(504)+H2O(5)
Unimolecular Rate Units: 1/sec;  Bimolecular Rate Units: cm^3/sec

______________________________________________________________________________________

Species-Species Rate Tables:

Temperature = 500 K

High Pressure Rate Coefficients:

From\To         W1        W2        P1        P2
W1             ***  1.64e+08  8.68e+09       ***
W2          0.0475       ***       ***  1.83e+10
P1        2.45e-10       ***       ***       ***
P2             ***   2.4e-10       ***       ***

Temperature = 500 K    Pressure = 0.1 atm

From\To         W1        W2        P1        P2
W1             ***       ***       ***       ***
W2             ***       ***       ***       ***
P1             ***       ***  4.52e-12  4.52e-12
P2             ***       ***  6.07e-22  6.07e-22

Temperature = 500 K    Pressure = 1 atm

From\To         W1        W2        P1        P2
W1             ***       ***       ***       ***
W2             ***       ***       ***       ***
P1             ***       ***  4.52e-12  4.52e-12
P2             ***       ***  6.07e-22  6.07e-22

Temperature = 500 K    Pressure = 10 atm

From\To         W1        W2        P1        P2
W1             ***       ***       ***       ***
W2             ***       ***       ***       ***
P1             ***       ***  4.53e-12  4.53e-12
P2             ***       ***  6.08e-22  6.08e-22

Temperature = 500 K    Pressure = 100 atm

From\To         W1        W2        P1        P2
W1             ***       ***       ***       ***
W2             ***       ***       ***       ***
P1             ***       ***  4.53e-12  4.53e-12
P2             ***       ***  6.08e-22  5.77e-22

Temperature = 600 K

High Pressure Rate Coefficients:

From\To         W1        W2        P1        P2
W1             ***  1.85e+08  9.72e+09       ***
W2            1.98       ***       ***   1.9e+10
P1        2.52e-10       ***       ***       ***
P2             ***  2.47e-10       ***       ***

Temperature = 600 K    Pressure = 0.1 atm

From\To         W1        W2        P1        P2
W1             ***       ***       ***       ***
W2             ***       ***       ***       ***
P1             ***       ***  4.69e-12  4.69e-12
P2             ***       ***  2.52e-20  2.52e-20

Temperature = 600 K    Pressure = 1 atm

From\To         W1        W2        P1        P2
W1             ***       ***       ***       ***
W2             ***       ***       ***       ***
P1             ***       ***  4.69e-12  4.69e-12
P2             ***       ***  2.52e-20  2.52e-20

Temperature = 600 K    Pressure = 10 atm

From\To         W1        W2        P1        P2
W1             ***       ***       ***       ***
W2             ***       ***       ***       ***
P1             ***       ***  4.69e-12  4.69e-12
P2             ***       ***  2.52e-20  2.52e-20

Temperature = 600 K    Pressure = 100 atm

From\To         W1        W2        P1        P2
W1             ***       ***       ***       ***
W2             ***       ***       ***       ***
P1             ***       ***  4.69e-12  4.69e-12
P2             ***       ***  2.52e-20  2.52e-20

Temperature = 700 K

High Pressure Rate Coefficients:

From\To         W1        W2        P1        P2
W1             ***     2e+08  9.97e+09       ***
W2            27.8       ***       ***  1.82e+10
P1        2.59e-10       ***       ***       ***
P2             ***  2.53e-10       ***       ***

Temperature = 700 K    Pressure = 0.1 atm

From\To         W1        W2        P1        P2
W1             ***       ***       ***       ***
W2             ***       ***       ***       ***
P1             ***       ***  5.09e-12  5.09e-12
P2             ***       ***  3.78e-19  3.78e-19

Temperature = 700 K    Pressure = 1 atm

From\To         W1        W2        P1        P2
W1             ***       ***       ***       ***
W2             ***       ***       ***       ***
P1             ***       ***  5.09e-12  5.09e-12
P2             ***       ***  3.78e-19  3.78e-19

Temperature = 700 K    Pressure = 10 atm

From\To         W1        W2        P1        P2
W1             ***       ***       ***       ***
W2             ***       ***       ***       ***
P1             ***       ***  5.09e-12  5.09e-12
P2             ***       ***  3.78e-19  3.78e-19

Temperature = 700 K    Pressure = 100 atm

From\To         W1        W2        P1        P2
W1             ***       ***       ***       ***
W2             ***       ***       ***       ***
P1             ***       ***  5.09e-12  5.09e-12
P2             ***       ***  3.78e-19  3.78e-19

Temperature = 800 K

High Pressure Rate Coefficients:

From\To         W1        W2        P1        P2
W1             ***  2.13e+08  9.74e+09       ***
W2             200       ***       ***  1.68e+10
P1        2.65e-10       ***       ***       ***
P2             ***  2.59e-10       ***       ***

Temperature = 800 K    Pressure = 0.1 atm

From\To         W1        W2        P1        P2
W1             ***       ***       ***       ***
W2             ***       ***       ***       ***
P1             ***       ***  5.64e-12  5.64e-12
P2             ***       ***  3.01e-18  3.01e-18

Temperature = 800 K    Pressure = 1 atm

From\To         W1        W2        P1        P2
W1             ***       ***       ***       ***
W2             ***       ***       ***       ***
P1             ***       ***  5.64e-12  5.64e-12
P2             ***       ***  3.01e-18  3.01e-18

Temperature = 800 K    Pressure = 10 atm

From\To         W1        W2        P1        P2
W1             ***       ***       ***       ***
W2             ***       ***       ***       ***
P1             ***       ***  5.64e-12  5.64e-12
P2             ***       ***  3.01e-18  3.01e-18

Temperature = 800 K    Pressure = 100 atm

From\To         W1        W2        P1        P2
W1             ***       ***       ***       ***
W2             ***       ***       ***       ***
P1             ***       ***  5.65e-12  5.65e-12
P2             ***       ***  3.01e-18  3.01e-18

Temperature = 900 K

High Pressure Rate Coefficients:

From\To         W1        W2        P1        P2
W1             ***  2.23e+08  9.26e+09       ***
W2             921       ***       ***  1.51e+10
P1         2.7e-10       ***       ***       ***
P2             ***  2.64e-10       ***       ***

Temperature = 900 K    Pressure = 0.1 atm

From\To         W1        W2        P1        P2
W1             ***       ***       ***       ***
W2             ***       ***       ***       ***
P1             ***       ***  6.33e-12  6.33e-12
P2             ***       ***  1.57e-17  1.57e-17

Temperature = 900 K    Pressure = 1 atm

From\To         W1        W2        P1        P2
W1             ***       ***       ***       ***
W2             ***       ***       ***       ***
P1             ***       ***  6.33e-12  6.33e-12
P2             ***       ***  1.57e-17  1.57e-17

Temperature = 900 K    Pressure = 10 atm

From\To         W1        W2        P1        P2
W1             ***       ***       ***       ***
W2             ***       ***       ***       ***
P1             ***       ***  6.33e-12  6.33e-12
P2             ***       ***  1.57e-17  1.57e-17

Temperature = 900 K    Pressure = 100 atm

From\To         W1        W2        P1        P2
W1             ***       ***       ***       ***
W2             ***       ***       ***       ***
P1             ***       ***  6.33e-12  6.33e-12
P2             ***       ***  1.57e-17  1.57e-17

Temperature = 1e+03 K

High Pressure Rate Coefficients:

From\To         W1        W2        P1        P2
W1             ***  2.32e+08  8.67e+09       ***
W2        3.12e+03       ***       ***  1.35e+10
P1        2.75e-10       ***       ***       ***
P2             ***  2.69e-10       ***       ***

Temperature = 1e+03 K    Pressure = 0.1 atm

From\To         W1        W2        P1        P2
W1             ***       ***       ***       ***
W2             ***       ***       ***       ***
P1             ***       ***  7.13e-12  7.13e-12
P2             ***       ***  6.04e-17  6.04e-17

Temperature = 1e+03 K    Pressure = 1 atm

From\To         W1        W2        P1        P2
W1             ***       ***       ***       ***
W2             ***       ***       ***       ***
P1             ***       ***  7.13e-12  7.13e-12
P2             ***       ***  6.04e-17  6.04e-17

Temperature = 1e+03 K    Pressure = 10 atm

From\To         W1        W2        P1        P2
W1             ***       ***       ***       ***
W2             ***       ***       ***       ***
P1             ***       ***  7.13e-12  7.13e-12
P2             ***       ***  6.04e-17  6.04e-17

Temperature = 1e+03 K    Pressure = 100 atm

From\To         W1        W2        P1        P2
W1             ***       ***       ***       ***
W2             ***       ***       ***       ***
P1             ***       ***  7.14e-12  7.14e-12
P2             ***       ***  6.04e-17  6.04e-17

Temperature = 1.1e+03 K

High Pressure Rate Coefficients:

From\To         W1        W2        P1        P2
W1             ***  2.39e+08  8.04e+09       ***
W2        8.44e+03       ***       ***   1.2e+10
P1        2.79e-10       ***       ***       ***
P2             ***  2.73e-10       ***       ***

Temperature = 1.1e+03 K    Pressure = 0.1 atm

From\To         W1        W2        P1        P2
W1             ***       ***       ***       ***
W2             ***       ***       ***       ***
P1             ***       ***  8.04e-12  8.04e-12
P2             ***       ***  1.86e-16  1.86e-16

Temperature = 1.1e+03 K    Pressure = 1 atm

From\To         W1        W2        P1        P2
W1             ***       ***       ***       ***
W2             ***       ***       ***       ***
P1             ***       ***  8.04e-12  8.04e-12
P2             ***       ***  1.86e-16  1.86e-16

Temperature = 1.1e+03 K    Pressure = 10 atm

From\To         W1        W2        P1        P2
W1             ***       ***       ***       ***
W2             ***       ***       ***       ***
P1             ***       ***  8.04e-12  8.04e-12
P2             ***       ***  1.87e-16  1.87e-16

Temperature = 1.1e+03 K    Pressure = 100 atm

From\To         W1        W2        P1        P2
W1             ***       ***       ***       ***
W2             ***       ***       ***       ***
P1             ***       ***  8.04e-12  8.04e-12
P2             ***       ***  1.87e-16  1.87e-16

Temperature = 1.2e+03 K

High Pressure Rate Coefficients:

From\To         W1        W2        P1        P2
W1             ***  2.45e+08  7.42e+09       ***
W2        1.93e+04       ***       ***  1.06e+10
P1        2.83e-10       ***       ***       ***
P2             ***  2.77e-10       ***       ***

Temperature = 1.2e+03 K    Pressure = 0.1 atm

From\To         W1        W2        P1        P2
W1             ***       ***       ***       ***
W2             ***       ***       ***       ***
P1             ***       ***  9.04e-12  9.04e-12
P2             ***       ***  4.87e-16  4.87e-16

Temperature = 1.2e+03 K    Pressure = 1 atm

From\To         W1        W2        P1        P2
W1             ***       ***       ***       ***
W2             ***       ***       ***       ***
P1             ***       ***  9.04e-12  9.04e-12
P2             ***       ***  4.87e-16  4.87e-16

Temperature = 1.2e+03 K    Pressure = 10 atm

From\To         W1        W2        P1        P2
W1             ***       ***       ***       ***
W2             ***       ***       ***       ***
P1             ***       ***  9.04e-12  9.04e-12
P2             ***       ***  4.87e-16  4.87e-16

Temperature = 1.2e+03 K    Pressure = 100 atm

From\To         W1        W2        P1        P2
W1        7.44e+09       ***  7.19e+09  1.32e+09
W2             ***       ***       ***       ***
P1        2.65e-10       ***  2.66e-10 -3.79e-11
P2        2.62e-15       *** -2.04e-15  9.51e-16

Temperature = 1.3e+03 K

High Pressure Rate Coefficients:

From\To         W1        W2        P1        P2
W1             ***  2.51e+08  6.83e+09       ***
W2         3.9e+04       ***       ***  9.41e+09
P1        2.87e-10       ***       ***       ***
P2             ***  2.81e-10       ***       ***

Temperature = 1.3e+03 K    Pressure = 0.1 atm

From\To         W1        W2        P1        P2
W1             ***       ***       ***       ***
W2             ***       ***       ***       ***
P1             ***       ***  1.01e-11  1.01e-11
P2             ***       ***  1.12e-15  1.12e-15

Temperature = 1.3e+03 K    Pressure = 1 atm

From\To         W1        W2        P1        P2
W1             ***       ***       ***       ***
W2             ***       ***       ***       ***
P1             ***       ***  1.01e-11  1.01e-11
P2             ***       ***  1.12e-15  1.12e-15

Temperature = 1.3e+03 K    Pressure = 10 atm

From\To         W1        W2        P1        P2
W1             ***       ***       ***       ***
W2             ***       ***       ***       ***
P1             ***       ***  1.01e-11  1.01e-11
P2             ***       ***  1.12e-15  1.12e-15

Temperature = 1.3e+03 K    Pressure = 100 atm

From\To         W1        W2        P1        P2
W1        6.86e+09  3.41e+08  6.61e+09 -8.89e+07
W2        6.14e+04  8.65e+09 -2.28e+03  8.65e+09
P1         2.7e-10 -5.04e-12   2.7e-10  5.27e-12
P2       -1.05e-15  2.35e-10  5.81e-16  2.35e-10

Temperature = 1.4e+03 K

High Pressure Rate Coefficients:

From\To         W1        W2        P1        P2
W1             ***  2.56e+08  6.27e+09       ***
W2         7.1e+04       ***       ***  8.35e+09
P1        2.91e-10       ***       ***       ***
P2             ***  2.84e-10       ***       ***

Temperature = 1.4e+03 K    Pressure = 0.1 atm

From\To         W1        W2        P1        P2
W1             ***       ***       ***       ***
W2             ***       ***       ***       ***
P1             ***       ***  1.13e-11  1.13e-11
P2             ***       ***  2.31e-15  2.31e-15

Temperature = 1.4e+03 K    Pressure = 1 atm

From\To         W1        W2        P1        P2
W1             ***       ***       ***       ***
W2             ***       ***       ***       ***
P1             ***       ***  1.13e-11  1.13e-11
P2             ***       ***  2.31e-15  2.31e-15

Temperature = 1.4e+03 K    Pressure = 10 atm

From\To         W1        W2        P1        P2
W1             ***       ***       ***       ***
W2             ***       ***       ***       ***
P1             ***       ***  1.13e-11  1.13e-11
P2             ***       ***  2.31e-15  2.31e-15

Temperature = 1.4e+03 K    Pressure = 100 atm

From\To         W1        W2        P1        P2
W1        6.31e+09  3.44e+08  6.06e+09 -8.74e+07
W2        1.09e+05  7.66e+09 -4.21e+03  7.66e+09
P1        2.72e-10 -5.59e-12  2.72e-10  5.86e-12
P2       -2.08e-15  2.37e-10   1.2e-15  2.37e-10

Temperature = 1.5e+03 K

High Pressure Rate Coefficients:

From\To         W1        W2        P1        P2
W1             ***  2.59e+08  5.77e+09       ***
W2        1.19e+05       ***       ***  7.44e+09
P1        2.94e-10       ***       ***       ***
P2             ***  2.88e-10       ***       ***

Temperature = 1.5e+03 K    Pressure = 0.1 atm

From\To         W1        W2        P1        P2
W1             ***       ***       ***       ***
W2             ***       ***       ***       ***
P1             ***       ***  1.26e-11  1.26e-11
P2             ***       ***   4.4e-15   4.4e-15

Temperature = 1.5e+03 K    Pressure = 1 atm

From\To         W1        W2        P1        P2
W1             ***       ***       ***       ***
W2             ***       ***       ***       ***
P1             ***       ***  1.26e-11  1.26e-11
P2             ***       ***   4.4e-15   4.4e-15

Temperature = 1.5e+03 K    Pressure = 10 atm

From\To         W1        W2        P1        P2
W1             ***       ***       ***       ***
W2             ***       ***       ***       ***
P1             ***       ***  1.26e-11  1.26e-11
P2             ***       ***   4.4e-15   4.4e-15

Temperature = 1.5e+03 K    Pressure = 100 atm

From\To         W1        W2        P1        P2
W1        5.81e+09  3.46e+08  5.55e+09 -8.53e+07
W2        1.79e+05  6.79e+09 -6.79e+03  6.79e+09
P1        2.74e-10 -6.02e-12  2.74e-10  6.36e-12
P2       -3.75e-15  2.38e-10  2.22e-15  2.38e-10

Temperature = 1.6e+03 K

High Pressure Rate Coefficients:

From\To         W1        W2        P1        P2
W1             ***  2.63e+08  5.31e+09       ***
W2        1.88e+05       ***       ***  6.64e+09
P1        2.97e-10       ***       ***       ***
P2             ***  2.91e-10       ***       ***

Temperature = 1.6e+03 K    Pressure = 0.1 atm

From\To         W1        W2        P1        P2
W1             ***       ***       ***       ***
W2             ***       ***       ***       ***
P1             ***       ***   1.4e-11   1.4e-11
P2             ***       ***   7.8e-15   7.8e-15

Temperature = 1.6e+03 K    Pressure = 1 atm

From\To         W1        W2        P1        P2
W1             ***       ***       ***       ***
W2             ***       ***       ***       ***
P1             ***       ***   1.4e-11   1.4e-11
P2             ***       ***   7.8e-15   7.8e-15

Temperature = 1.6e+03 K    Pressure = 10 atm

From\To         W1        W2        P1        P2
W1             ***       ***       ***       ***
W2             ***       ***       ***       ***
P1             ***       ***   1.4e-11   1.4e-11
P2             ***       ***   7.8e-15   7.8e-15

Temperature = 1.6e+03 K    Pressure = 100 atm

From\To         W1        W2        P1        P2
W1        5.36e+09  3.47e+08  5.09e+09 -8.29e+07
W2        2.75e+05  6.05e+09 -9.92e+03  6.05e+09
P1        2.75e-10 -6.37e-12  2.76e-10  6.78e-12
P2       -6.26e-15   2.4e-10  3.79e-15   2.4e-10

Temperature = 1.7e+03 K

High Pressure Rate Coefficients:

From\To         W1        W2        P1        P2
W1             ***  2.66e+08  4.89e+09       ***
W2         2.8e+05       ***       ***  5.94e+09
P1           3e-10       ***       ***       ***
P2             ***  2.94e-10       ***       ***

Temperature = 1.7e+03 K    Pressure = 0.1 atm

From\To         W1        W2        P1        P2
W1             ***       ***       ***       ***
W2             ***       ***       ***       ***
P1             ***       ***  1.54e-11  1.54e-11
P2             ***       ***  1.31e-14  1.31e-14

Temperature = 1.7e+03 K    Pressure = 1 atm

From\To         W1        W2        P1        P2
W1             ***       ***       ***       ***
W2             ***       ***       ***       ***
P1             ***       ***  1.54e-11  1.54e-11
P2             ***       ***  1.31e-14  1.31e-14

Temperature = 1.7e+03 K    Pressure = 10 atm

From\To         W1        W2        P1        P2
W1             ***       ***       ***       ***
W2             ***       ***       ***       ***
P1             ***       ***  1.54e-11  1.54e-11
P2             ***       ***  1.31e-14  1.31e-14

Temperature = 1.7e+03 K    Pressure = 100 atm

From\To         W1        W2        P1        P2
W1        4.95e+09  3.47e+08  4.68e+09 -8.02e+07
W2        3.99e+05   5.4e+09 -1.34e+04   5.4e+09
P1        2.76e-10 -6.64e-12  2.77e-10  7.15e-12
P2       -9.84e-15  2.42e-10  6.07e-15  2.42e-10

Temperature = 1.8e+03 K

High Pressure Rate Coefficients:

From\To         W1        W2        P1        P2
W1             ***  2.68e+08  4.51e+09       ***
W2        3.99e+05       ***       ***  5.33e+09
P1        3.03e-10       ***       ***       ***
P2             ***  2.97e-10       ***       ***

Temperature = 1.8e+03 K    Pressure = 0.1 atm

From\To         W1        W2        P1        P2
W1             ***       ***       ***       ***
W2             ***       ***       ***       ***
P1             ***       ***  1.69e-11  1.69e-11
P2             ***       ***  2.08e-14  2.08e-14

Temperature = 1.8e+03 K    Pressure = 1 atm

From\To         W1        W2        P1        P2
W1             ***       ***       ***       ***
W2             ***       ***       ***       ***
P1             ***       ***  1.69e-11  1.69e-11
P2             ***       ***  2.08e-14  2.08e-14

Temperature = 1.8e+03 K    Pressure = 10 atm

From\To         W1        W2        P1        P2
W1             ***       ***       ***       ***
W2             ***       ***       ***       ***
P1             ***       ***  1.69e-11  1.69e-11
P2             ***       ***  2.09e-14  2.09e-14

Temperature = 1.8e+03 K    Pressure = 100 atm

From\To         W1        W2        P1        P2
W1        4.57e+09  3.47e+08  4.31e+09 -7.75e+07
W2        5.56e+05  4.84e+09 -1.71e+04  4.84e+09
P1        2.78e-10 -6.85e-12  2.78e-10  7.47e-12
P2       -1.47e-14  2.44e-10  9.21e-15  2.44e-10

Temperature = 1.9e+03 K

High Pressure Rate Coefficients:

From\To         W1        W2        P1        P2
W1             ***   2.7e+08  4.17e+09       ***
W2        5.48e+05       ***       ***   4.8e+09
P1        3.06e-10       ***       ***       ***
P2             ***  2.99e-10       ***       ***

Temperature = 1.9e+03 K    Pressure = 0.1 atm

From\To         W1        W2        P1        P2
W1             ***       ***       ***       ***
W2             ***       ***       ***       ***
P1             ***       ***  1.85e-11  1.85e-11
P2             ***       ***  3.19e-14  3.19e-14

Temperature = 1.9e+03 K    Pressure = 1 atm

From\To         W1        W2        P1        P2
W1             ***       ***       ***       ***
W2             ***       ***       ***       ***
P1             ***       ***  1.85e-11  1.85e-11
P2             ***       ***  3.19e-14  3.19e-14

Temperature = 1.9e+03 K    Pressure = 10 atm

From\To         W1        W2        P1        P2
W1             ***       ***       ***       ***
W2             ***       ***       ***       ***
P1             ***       ***  1.85e-11  1.85e-11
P2             ***       ***  3.19e-14  3.19e-14

Temperature = 1.9e+03 K    Pressure = 100 atm

From\To         W1        W2        P1        P2
W1        4.24e+09  3.46e+08  3.97e+09 -7.47e+07
W2        7.45e+05  4.36e+09 -2.07e+04  4.36e+09
P1        2.79e-10 -7.01e-12  2.79e-10  7.75e-12
P2        -2.1e-14  2.47e-10  1.34e-14  2.47e-10

Temperature = 2e+03 K

High Pressure Rate Coefficients:

From\To         W1        W2        P1        P2
W1             ***  2.72e+08  3.86e+09       ***
W2        7.29e+05       ***       ***  4.34e+09
P1        3.08e-10       ***       ***       ***
P2             ***  3.02e-10       ***       ***

Temperature = 2e+03 K    Pressure = 0.1 atm

From\To         W1        W2        P1        P2
W1             ***       ***       ***       ***
W2             ***       ***       ***       ***
P1             ***       ***  2.02e-11  2.02e-11
P2             ***       ***  4.71e-14  4.71e-14

Temperature = 2e+03 K    Pressure = 1 atm

From\To         W1        W2        P1        P2
W1             ***       ***       ***       ***
W2             ***       ***       ***       ***
P1             ***       ***  2.02e-11  2.02e-11
P2             ***       ***  4.71e-14  4.71e-14

Temperature = 2e+03 K    Pressure = 10 atm

From\To         W1        W2        P1        P2
W1             ***       ***       ***       ***
W2             ***       ***       ***       ***
P1             ***       ***  2.02e-11  2.02e-11
P2             ***       ***  4.71e-14  4.71e-14

Temperature = 2e+03 K    Pressure = 100 atm

From\To         W1        W2        P1        P2
W1        3.94e+09  3.44e+08  3.67e+09  -7.2e+07
W2         9.7e+05  3.93e+09  -2.4e+04  3.93e+09
P1         2.8e-10 -7.14e-12  2.81e-10  7.99e-12
P2       -2.91e-14  2.49e-10  1.87e-14  2.49e-10

______________________________________________________________________________________

High Pressure Rate Coefficients (Temperature-Species Rate Tables):

Reactant = W1
   T(K)        W1        W2        P1        P2
    500       ***  1.64e+08  8.68e+09       ***
    600       ***  1.85e+08  9.72e+09       ***
    700       ***     2e+08  9.97e+09       ***
    800       ***  2.13e+08  9.74e+09       ***
    900       ***  2.23e+08  9.26e+09       ***
  1e+03       ***  2.32e+08  8.67e+09       ***
1.1e+03       ***  2.39e+08  8.04e+09       ***
1.2e+03       ***  2.45e+08  7.42e+09       ***
1.3e+03       ***  2.51e+08  6.83e+09       ***
1.4e+03       ***  2.56e+08  6.27e+09       ***
1.5e+03       ***  2.59e+08  5.77e+09       ***
1.6e+03       ***  2.63e+08  5.31e+09       ***
1.7e+03       ***  2.66e+08  4.89e+09       ***
1.8e+03       ***  2.68e+08  4.51e+09       ***
1.9e+03       ***   2.7e+08  4.17e+09       ***
  2e+03       ***  2.72e+08  3.86e+09       ***

Reactant = W2
   T(K)        W1        W2        P1        P2
    500    0.0475       ***       ***  1.83e+10
    600      1.98       ***       ***   1.9e+10
    700      27.8       ***       ***  1.82e+10
    800       200       ***       ***  1.68e+10
    900       921       ***       ***  1.51e+10
  1e+03  3.12e+03       ***       ***  1.35e+10
1.1e+03  8.44e+03       ***       ***   1.2e+10
1.2e+03  1.93e+04       ***       ***  1.06e+10
1.3e+03   3.9e+04       ***       ***  9.41e+09
1.4e+03   7.1e+04       ***       ***  8.35e+09
1.5e+03  1.19e+05       ***       ***  7.44e+09
1.6e+03  1.88e+05       ***       ***  6.64e+09
1.7e+03   2.8e+05       ***       ***  5.94e+09
1.8e+03  3.99e+05       ***       ***  5.33e+09
1.9e+03  5.48e+05       ***       ***   4.8e+09
  2e+03  7.29e+05       ***       ***  4.34e+09

Reactant = P1
   T(K)        W1        W2        P1        P2
    500  2.45e-10       ***       ***       ***
    600  2.52e-10       ***       ***       ***
    700  2.59e-10       ***       ***       ***
    800  2.65e-10       ***       ***       ***
    900   2.7e-10       ***       ***       ***
  1e+03  2.75e-10       ***       ***       ***
1.1e+03  2.79e-10       ***       ***       ***
1.2e+03  2.83e-10       ***       ***       ***
1.3e+03  2.87e-10       ***       ***       ***
1.4e+03  2.91e-10       ***       ***       ***
1.5e+03  2.94e-10       ***       ***       ***
1.6e+03  2.97e-10       ***       ***       ***
1.7e+03     3e-10       ***       ***       ***
1.8e+03  3.03e-10       ***       ***       ***
1.9e+03  3.06e-10       ***       ***       ***
  2e+03  3.08e-10       ***       ***       ***

Reactant = P2
   T(K)        W1        W2        P1        P2
    500       ***   2.4e-10       ***       ***
    600       ***  2.47e-10       ***       ***
    700       ***  2.53e-10       ***       ***
    800       ***  2.59e-10       ***       ***
    900       ***  2.64e-10       ***       ***
  1e+03       ***  2.69e-10       ***       ***
1.1e+03       ***  2.73e-10       ***       ***
1.2e+03       ***  2.77e-10       ***       ***
1.3e+03       ***  2.81e-10       ***       ***
1.4e+03       ***  2.84e-10       ***       ***
1.5e+03       ***  2.88e-10       ***       ***
1.6e+03       ***  2.91e-10       ***       ***
1.7e+03       ***  2.94e-10       ***       ***
1.8e+03       ***  2.97e-10       ***       ***
1.9e+03       ***  2.99e-10       ***       ***
  2e+03       ***  3.02e-10       ***       ***

Capture/Escape Rate Coefficients:

   T(K)        W1        W2        P1        P2
    500  8.84e+09  1.83e+10  2.45e-10   2.4e-10
    600   9.9e+09   1.9e+10  2.52e-10  2.47e-10
    700  1.02e+10  1.82e+10  2.59e-10  2.53e-10
    800  9.95e+09  1.68e+10  2.65e-10  2.59e-10
    900  9.49e+09  1.51e+10   2.7e-10  2.64e-10
  1e+03   8.9e+09  1.35e+10  2.75e-10  2.69e-10
1.1e+03  8.28e+09   1.2e+10  2.79e-10  2.73e-10
1.2e+03  7.66e+09  1.06e+10  2.83e-10  2.77e-10
1.3e+03  7.08e+09  9.41e+09  2.87e-10  2.81e-10
1.4e+03  6.53e+09  8.35e+09  2.91e-10  2.84e-10
1.5e+03  6.03e+09  7.44e+09  2.94e-10  2.88e-10
1.6e+03  5.57e+09  6.64e+09  2.97e-10  2.91e-10
1.7e+03  5.16e+09  5.94e+09     3e-10  2.94e-10
1.8e+03  4.78e+09  5.34e+09  3.03e-10  2.97e-10
1.9e+03  4.44e+09  4.81e+09  3.06e-10  2.99e-10
  2e+03  4.13e+09  4.34e+09  3.08e-10  3.02e-10

______________________________________________________________________________________

Pressure-Species Rate Tables:

Reactant = W1   Temperature = 500 K

   P(atm)        W2        P1        P2      Loss
      0.1       ***       ***       ***       ***
        1       ***       ***       ***       ***
       10       ***       ***       ***       ***
      100       ***       ***       ***       ***
      O-O  1.64e+08  8.68e+09       ***  8.84e+09

Reactant = W1   Temperature = 600 K

   P(atm)        W2        P1        P2      Loss
      0.1       ***       ***       ***       ***
        1       ***       ***       ***       ***
       10       ***       ***       ***       ***
      100       ***       ***       ***       ***
      O-O  1.85e+08  9.72e+09       ***   9.9e+09

Reactant = W1   Temperature = 700 K

   P(atm)        W2        P1        P2      Loss
      0.1       ***       ***       ***       ***
        1       ***       ***       ***       ***
       10       ***       ***       ***       ***
      100       ***       ***       ***       ***
      O-O     2e+08  9.97e+09       ***  1.02e+10

Reactant = W1   Temperature = 800 K

   P(atm)        W2        P1        P2      Loss
      0.1       ***       ***       ***       ***
        1       ***       ***       ***       ***
       10       ***       ***       ***       ***
      100       ***       ***       ***       ***
      O-O  2.13e+08  9.74e+09       ***  9.95e+09

Reactant = W1   Temperature = 900 K

   P(atm)        W2        P1        P2      Loss
      0.1       ***       ***       ***       ***
        1       ***       ***       ***       ***
       10       ***       ***       ***       ***
      100       ***       ***       ***       ***
      O-O  2.23e+08  9.26e+09       ***  9.49e+09

Reactant = W1   Temperature = 1e+03 K

   P(atm)        W2        P1        P2      Loss
      0.1       ***       ***       ***       ***
        1       ***       ***       ***       ***
       10       ***       ***       ***       ***
      100       ***       ***       ***       ***
      O-O  2.32e+08  8.67e+09       ***   8.9e+09

Reactant = W1   Temperature = 1.1e+03 K

   P(atm)        W2        P1        P2      Loss
      0.1       ***       ***       ***       ***
        1       ***       ***       ***       ***
       10       ***       ***       ***       ***
      100       ***       ***       ***       ***
      O-O  2.39e+08  8.04e+09       ***  8.28e+09

Reactant = W1   Temperature = 1.2e+03 K

   P(atm)        W2        P1        P2      Loss
      0.1       ***       ***       ***       ***
        1       ***       ***       ***       ***
       10       ***       ***       ***       ***
      100       ***  7.19e+09  1.32e+09  7.44e+09
      O-O  2.45e+08  7.42e+09       ***  7.66e+09

Reactant = W1   Temperature = 1.3e+03 K

   P(atm)        W2        P1        P2      Loss
      0.1       ***       ***       ***       ***
        1       ***       ***       ***       ***
       10       ***       ***       ***       ***
      100  3.41e+08  6.61e+09 -8.89e+07  6.86e+09
      O-O  2.51e+08  6.83e+09       ***  7.08e+09

Reactant = W1   Temperature = 1.4e+03 K

   P(atm)        W2        P1        P2      Loss
      0.1       ***       ***       ***       ***
        1       ***       ***       ***       ***
       10       ***       ***       ***       ***
      100  3.44e+08  6.06e+09 -8.74e+07  6.31e+09
      O-O  2.56e+08  6.27e+09       ***  6.53e+09

Reactant = W1   Temperature = 1.5e+03 K

   P(atm)        W2        P1        P2      Loss
      0.1       ***       ***       ***       ***
        1       ***       ***       ***       ***
       10       ***       ***       ***       ***
      100  3.46e+08  5.55e+09 -8.53e+07  5.81e+09
      O-O  2.59e+08  5.77e+09       ***  6.03e+09

Reactant = W1   Temperature = 1.6e+03 K

   P(atm)        W2        P1        P2      Loss
      0.1       ***       ***       ***       ***
        1       ***       ***       ***       ***
       10       ***       ***       ***       ***
      100  3.47e+08  5.09e+09 -8.29e+07  5.36e+09
      O-O  2.63e+08  5.31e+09       ***  5.57e+09

Reactant = W1   Temperature = 1.7e+03 K

   P(atm)        W2        P1        P2      Loss
      0.1       ***       ***       ***       ***
        1       ***       ***       ***       ***
       10       ***       ***       ***       ***
      100  3.47e+08  4.68e+09 -8.02e+07  4.95e+09
      O-O  2.66e+08  4.89e+09       ***  5.16e+09

Reactant = W1   Temperature = 1.8e+03 K

   P(atm)        W2        P1        P2      Loss
      0.1       ***       ***       ***       ***
        1       ***       ***       ***       ***
       10       ***       ***       ***       ***
      100  3.47e+08  4.31e+09 -7.75e+07  4.57e+09
      O-O  2.68e+08  4.51e+09       ***  4.78e+09

Reactant = W1   Temperature = 1.9e+03 K

   P(atm)        W2        P1        P2      Loss
      0.1       ***       ***       ***       ***
        1       ***       ***       ***       ***
       10       ***       ***       ***       ***
      100  3.46e+08  3.97e+09 -7.47e+07  4.24e+09
      O-O   2.7e+08  4.17e+09       ***  4.44e+09

Reactant = W1   Temperature = 2e+03 K

   P(atm)        W2        P1        P2      Loss
      0.1       ***       ***       ***       ***
        1       ***       ***       ***       ***
       10       ***       ***       ***       ***
      100  3.44e+08  3.67e+09  -7.2e+07  3.94e+09
      O-O  2.72e+08  3.86e+09       ***  4.13e+09

Reactant = W2   Temperature = 500 K

   P(atm)        W1        P1        P2      Loss
      0.1       ***       ***       ***       ***
        1       ***       ***       ***       ***
       10       ***       ***       ***       ***
      100       ***       ***       ***       ***
      O-O    0.0475       ***  1.83e+10  1.83e+10

Reactant = W2   Temperature = 600 K

   P(atm)        W1        P1        P2      Loss
      0.1       ***       ***       ***       ***
        1       ***       ***       ***       ***
       10       ***       ***       ***       ***
      100       ***       ***       ***       ***
      O-O      1.98       ***   1.9e+10   1.9e+10

Reactant = W2   Temperature = 700 K

   P(atm)        W1        P1        P2      Loss
      0.1       ***       ***       ***       ***
        1       ***       ***       ***       ***
       10       ***       ***       ***       ***
      100       ***       ***       ***       ***
      O-O      27.8       ***  1.82e+10  1.82e+10

Reactant = W2   Temperature = 800 K

   P(atm)        W1        P1        P2      Loss
      0.1       ***       ***       ***       ***
        1       ***       ***       ***       ***
       10       ***       ***       ***       ***
      100       ***       ***       ***       ***
      O-O       200       ***  1.68e+10  1.68e+10

Reactant = W2   Temperature = 900 K

   P(atm)        W1        P1        P2      Loss
      0.1       ***       ***       ***       ***
        1       ***       ***       ***       ***
       10       ***       ***       ***       ***
      100       ***       ***       ***       ***
      O-O       921       ***  1.51e+10  1.51e+10

Reactant = W2   Temperature = 1e+03 K

   P(atm)        W1        P1        P2      Loss
      0.1       ***       ***       ***       ***
        1       ***       ***       ***       ***
       10       ***       ***       ***       ***
      100       ***       ***       ***       ***
      O-O  3.12e+03       ***  1.35e+10  1.35e+10

Reactant = W2   Temperature = 1.1e+03 K

   P(atm)        W1        P1        P2      Loss
      0.1       ***       ***       ***       ***
        1       ***       ***       ***       ***
       10       ***       ***       ***       ***
      100       ***       ***       ***       ***
      O-O  8.44e+03       ***   1.2e+10   1.2e+10

Reactant = W2   Temperature = 1.2e+03 K

   P(atm)        W1        P1        P2      Loss
      0.1       ***       ***       ***       ***
        1       ***       ***       ***       ***
       10       ***       ***       ***       ***
      100       ***       ***       ***       ***
      O-O  1.93e+04       ***  1.06e+10  1.06e+10

Reactant = W2   Temperature = 1.3e+03 K

   P(atm)        W1        P1        P2      Loss
      0.1       ***       ***       ***       ***
        1       ***       ***       ***       ***
       10       ***       ***       ***       ***
      100  6.14e+04 -2.28e+03  8.65e+09  8.65e+09
      O-O   3.9e+04       ***  9.41e+09  9.41e+09

Reactant = W2   Temperature = 1.4e+03 K

   P(atm)        W1        P1        P2      Loss
      0.1       ***       ***       ***       ***
        1       ***       ***       ***       ***
       10       ***       ***       ***       ***
      100  1.09e+05 -4.21e+03  7.66e+09  7.66e+09
      O-O   7.1e+04       ***  8.35e+09  8.35e+09

Reactant = W2   Temperature = 1.5e+03 K

   P(atm)        W1        P1        P2      Loss
      0.1       ***       ***       ***       ***
        1       ***       ***       ***       ***
       10       ***       ***       ***       ***
      100  1.79e+05 -6.79e+03  6.79e+09  6.79e+09
      O-O  1.19e+05       ***  7.44e+09  7.44e+09

Reactant = W2   Temperature = 1.6e+03 K

   P(atm)        W1        P1        P2      Loss
      0.1       ***       ***       ***       ***
        1       ***       ***       ***       ***
       10       ***       ***       ***       ***
      100  2.75e+05 -9.92e+03  6.05e+09  6.05e+09
      O-O  1.88e+05       ***  6.64e+09  6.64e+09

Reactant = W2   Temperature = 1.7e+03 K

   P(atm)        W1        P1        P2      Loss
      0.1       ***       ***       ***       ***
        1       ***       ***       ***       ***
       10       ***       ***       ***       ***
      100  3.99e+05 -1.34e+04   5.4e+09   5.4e+09
      O-O   2.8e+05       ***  5.94e+09  5.94e+09

Reactant = W2   Temperature = 1.8e+03 K

   P(atm)        W1        P1        P2      Loss
      0.1       ***       ***       ***       ***
        1       ***       ***       ***       ***
       10       ***       ***       ***       ***
      100  5.56e+05 -1.71e+04  4.84e+09  4.84e+09
      O-O  3.99e+05       ***  5.33e+09  5.34e+09

Reactant = W2   Temperature = 1.9e+03 K

   P(atm)        W1        P1        P2      Loss
      0.1       ***       ***       ***       ***
        1       ***       ***       ***       ***
       10       ***       ***       ***       ***
      100  7.45e+05 -2.07e+04  4.36e+09  4.36e+09
      O-O  5.48e+05       ***   4.8e+09  4.81e+09

Reactant = W2   Temperature = 2e+03 K

   P(atm)        W1        P1        P2      Loss
      0.1       ***       ***       ***       ***
        1       ***       ***       ***       ***
       10       ***       ***       ***       ***
      100   9.7e+05  -2.4e+04  3.93e+09  3.93e+09
      O-O  7.29e+05       ***  4.34e+09  4.34e+09

Reactant = P1   Temperature = 500 K

   P(atm)        W1        W2        P2      Loss
      0.1       ***       ***  4.52e-12  4.52e-12
        1       ***       ***  4.52e-12  4.52e-12
       10       ***       ***  4.53e-12  4.53e-12
      100       ***       ***  4.53e-12  4.53e-12
      O-O  2.45e-10       ***       ***  2.45e-10

Reactant = P1   Temperature = 600 K

   P(atm)        W1        W2        P2      Loss
      0.1       ***       ***  4.69e-12  4.69e-12
        1       ***       ***  4.69e-12  4.69e-12
       10       ***       ***  4.69e-12  4.69e-12
      100       ***       ***  4.69e-12  4.69e-12
      O-O  2.52e-10       ***       ***  2.52e-10

Reactant = P1   Temperature = 700 K

   P(atm)        W1        W2        P2      Loss
      0.1       ***       ***  5.09e-12  5.09e-12
        1       ***       ***  5.09e-12  5.09e-12
       10       ***       ***  5.09e-12  5.09e-12
      100       ***       ***  5.09e-12  5.09e-12
      O-O  2.59e-10       ***       ***  2.59e-10

Reactant = P1   Temperature = 800 K

   P(atm)        W1        W2        P2      Loss
      0.1       ***       ***  5.64e-12  5.64e-12
        1       ***       ***  5.64e-12  5.64e-12
       10       ***       ***  5.64e-12  5.64e-12
      100       ***       ***  5.65e-12  5.65e-12
      O-O  2.65e-10       ***       ***  2.65e-10

Reactant = P1   Temperature = 900 K

   P(atm)        W1        W2        P2      Loss
      0.1       ***       ***  6.33e-12  6.33e-12
        1       ***       ***  6.33e-12  6.33e-12
       10       ***       ***  6.33e-12  6.33e-12
      100       ***       ***  6.33e-12  6.33e-12
      O-O   2.7e-10       ***       ***   2.7e-10

Reactant = P1   Temperature = 1e+03 K

   P(atm)        W1        W2        P2      Loss
      0.1       ***       ***  7.13e-12  7.13e-12
        1       ***       ***  7.13e-12  7.13e-12
       10       ***       ***  7.13e-12  7.13e-12
      100       ***       ***  7.14e-12  7.14e-12
      O-O  2.75e-10       ***       ***  2.75e-10

Reactant = P1   Temperature = 1.1e+03 K

   P(atm)        W1        W2        P2      Loss
      0.1       ***       ***  8.04e-12  8.04e-12
        1       ***       ***  8.04e-12  8.04e-12
       10       ***       ***  8.04e-12  8.04e-12
      100       ***       ***  8.04e-12  8.04e-12
      O-O  2.79e-10       ***       ***  2.79e-10

Reactant = P1   Temperature = 1.2e+03 K

   P(atm)        W1        W2        P2      Loss
      0.1       ***       ***  9.04e-12  9.04e-12
        1       ***       ***  9.04e-12  9.04e-12
       10       ***       ***  9.04e-12  9.04e-12
      100  2.65e-10       *** -3.79e-11  2.66e-10
      O-O  2.83e-10       ***       ***  2.83e-10

Reactant = P1   Temperature = 1.3e+03 K

   P(atm)        W1        W2        P2      Loss
      0.1       ***       ***  1.01e-11  1.01e-11
        1       ***       ***  1.01e-11  1.01e-11
       10       ***       ***  1.01e-11  1.01e-11
      100   2.7e-10 -5.04e-12  5.27e-12   2.7e-10
      O-O  2.87e-10       ***       ***  2.87e-10

Reactant = P1   Temperature = 1.4e+03 K

   P(atm)        W1        W2        P2      Loss
      0.1       ***       ***  1.13e-11  1.13e-11
        1       ***       ***  1.13e-11  1.13e-11
       10       ***       ***  1.13e-11  1.13e-11
      100  2.72e-10 -5.59e-12  5.86e-12  2.72e-10
      O-O  2.91e-10       ***       ***  2.91e-10

Reactant = P1   Temperature = 1.5e+03 K

   P(atm)        W1        W2        P2      Loss
      0.1       ***       ***  1.26e-11  1.26e-11
        1       ***       ***  1.26e-11  1.26e-11
       10       ***       ***  1.26e-11  1.26e-11
      100  2.74e-10 -6.02e-12  6.36e-12  2.74e-10
      O-O  2.94e-10       ***       ***  2.94e-10

Reactant = P1   Temperature = 1.6e+03 K

   P(atm)        W1        W2        P2      Loss
      0.1       ***       ***   1.4e-11   1.4e-11
        1       ***       ***   1.4e-11   1.4e-11
       10       ***       ***   1.4e-11   1.4e-11
      100  2.75e-10 -6.37e-12  6.78e-12  2.76e-10
      O-O  2.97e-10       ***       ***  2.97e-10

Reactant = P1   Temperature = 1.7e+03 K

   P(atm)        W1        W2        P2      Loss
      0.1       ***       ***  1.54e-11  1.54e-11
        1       ***       ***  1.54e-11  1.54e-11
       10       ***       ***  1.54e-11  1.54e-11
      100  2.76e-10 -6.64e-12  7.15e-12  2.77e-10
      O-O     3e-10       ***       ***     3e-10

Reactant = P1   Temperature = 1.8e+03 K

   P(atm)        W1        W2        P2      Loss
      0.1       ***       ***  1.69e-11  1.69e-11
        1       ***       ***  1.69e-11  1.69e-11
       10       ***       ***  1.69e-11  1.69e-11
      100  2.78e-10 -6.85e-12  7.47e-12  2.78e-10
      O-O  3.03e-10       ***       ***  3.03e-10

Reactant = P1   Temperature = 1.9e+03 K

   P(atm)        W1        W2        P2      Loss
      0.1       ***       ***  1.85e-11  1.85e-11
        1       ***       ***  1.85e-11  1.85e-11
       10       ***       ***  1.85e-11  1.85e-11
      100  2.79e-10 -7.01e-12  7.75e-12  2.79e-10
      O-O  3.06e-10       ***       ***  3.06e-10

Reactant = P1   Temperature = 2e+03 K

   P(atm)        W1        W2        P2      Loss
      0.1       ***       ***  2.02e-11  2.02e-11
        1       ***       ***  2.02e-11  2.02e-11
       10       ***       ***  2.02e-11  2.02e-11
      100   2.8e-10 -7.14e-12  7.99e-12  2.81e-10
      O-O  3.08e-10       ***       ***  3.08e-10

Reactant = P2   Temperature = 500 K

   P(atm)        W1        W2        P1      Loss
      0.1       ***       ***  6.07e-22  6.07e-22
        1       ***       ***  6.07e-22  6.07e-22
       10       ***       ***  6.08e-22  6.08e-22
      100       ***       ***  6.08e-22  5.77e-22
      O-O       ***   2.4e-10       ***   2.4e-10

Reactant = P2   Temperature = 600 K

   P(atm)        W1        W2        P1      Loss
      0.1       ***       ***  2.52e-20  2.52e-20
        1       ***       ***  2.52e-20  2.52e-20
       10       ***       ***  2.52e-20  2.52e-20
      100       ***       ***  2.52e-20  2.52e-20
      O-O       ***  2.47e-10       ***  2.47e-10

Reactant = P2   Temperature = 700 K

   P(atm)        W1        W2        P1      Loss
      0.1       ***       ***  3.78e-19  3.78e-19
        1       ***       ***  3.78e-19  3.78e-19
       10       ***       ***  3.78e-19  3.78e-19
      100       ***       ***  3.78e-19  3.78e-19
      O-O       ***  2.53e-10       ***  2.53e-10

Reactant = P2   Temperature = 800 K

   P(atm)        W1        W2        P1      Loss
      0.1       ***       ***  3.01e-18  3.01e-18
        1       ***       ***  3.01e-18  3.01e-18
       10       ***       ***  3.01e-18  3.01e-18
      100       ***       ***  3.01e-18  3.01e-18
      O-O       ***  2.59e-10       ***  2.59e-10

Reactant = P2   Temperature = 900 K

   P(atm)        W1        W2        P1      Loss
      0.1       ***       ***  1.57e-17  1.57e-17
        1       ***       ***  1.57e-17  1.57e-17
       10       ***       ***  1.57e-17  1.57e-17
      100       ***       ***  1.57e-17  1.57e-17
      O-O       ***  2.64e-10       ***  2.64e-10

Reactant = P2   Temperature = 1e+03 K

   P(atm)        W1        W2        P1      Loss
      0.1       ***       ***  6.04e-17  6.04e-17
        1       ***       ***  6.04e-17  6.04e-17
       10       ***       ***  6.04e-17  6.04e-17
      100       ***       ***  6.04e-17  6.04e-17
      O-O       ***  2.69e-10       ***  2.69e-10

Reactant = P2   Temperature = 1.1e+03 K

   P(atm)        W1        W2        P1      Loss
      0.1       ***       ***  1.86e-16  1.86e-16
        1       ***       ***  1.86e-16  1.86e-16
       10       ***       ***  1.87e-16  1.87e-16
      100       ***       ***  1.87e-16  1.87e-16
      O-O       ***  2.73e-10       ***  2.73e-10

Reactant = P2   Temperature = 1.2e+03 K

   P(atm)        W1        W2        P1      Loss
      0.1       ***       ***  4.87e-16  4.87e-16
        1       ***       ***  4.87e-16  4.87e-16
       10       ***       ***  4.87e-16  4.87e-16
      100  2.62e-15       *** -2.04e-15  9.51e-16
      O-O       ***  2.77e-10       ***  2.77e-10

Reactant = P2   Temperature = 1.3e+03 K

   P(atm)        W1        W2        P1      Loss
      0.1       ***       ***  1.12e-15  1.12e-15
        1       ***       ***  1.12e-15  1.12e-15
       10       ***       ***  1.12e-15  1.12e-15
      100 -1.05e-15  2.35e-10  5.81e-16  2.35e-10
      O-O       ***  2.81e-10       ***  2.81e-10

Reactant = P2   Temperature = 1.4e+03 K

   P(atm)        W1        W2        P1      Loss
      0.1       ***       ***  2.31e-15  2.31e-15
        1       ***       ***  2.31e-15  2.31e-15
       10       ***       ***  2.31e-15  2.31e-15
      100 -2.08e-15  2.37e-10   1.2e-15  2.37e-10
      O-O       ***  2.84e-10       ***  2.84e-10

Reactant = P2   Temperature = 1.5e+03 K

   P(atm)        W1        W2        P1      Loss
      0.1       ***       ***   4.4e-15   4.4e-15
        1       ***       ***   4.4e-15   4.4e-15
       10       ***       ***   4.4e-15   4.4e-15
      100 -3.75e-15  2.38e-10  2.22e-15  2.38e-10
      O-O       ***  2.88e-10       ***  2.88e-10

Reactant = P2   Temperature = 1.6e+03 K

   P(atm)        W1        W2        P1      Loss
      0.1       ***       ***   7.8e-15   7.8e-15
        1       ***       ***   7.8e-15   7.8e-15
       10       ***       ***   7.8e-15   7.8e-15
      100 -6.26e-15   2.4e-10  3.79e-15   2.4e-10
      O-O       ***  2.91e-10       ***  2.91e-10

Reactant = P2   Temperature = 1.7e+03 K

   P(atm)        W1        W2        P1      Loss
      0.1       ***       ***  1.31e-14  1.31e-14
        1       ***       ***  1.31e-14  1.31e-14
       10       ***       ***  1.31e-14  1.31e-14
      100 -9.84e-15  2.42e-10  6.07e-15  2.42e-10
      O-O       ***  2.94e-10       ***  2.94e-10

Reactant = P2   Temperature = 1.8e+03 K

   P(atm)        W1        W2        P1      Loss
      0.1       ***       ***  2.08e-14  2.08e-14
        1       ***       ***  2.08e-14  2.08e-14
       10       ***       ***  2.09e-14  2.09e-14
      100 -1.47e-14  2.44e-10  9.21e-15  2.44e-10
      O-O       ***  2.97e-10       ***  2.97e-10

Reactant = P2   Temperature = 1.9e+03 K

   P(atm)        W1        W2        P1      Loss
      0.1       ***       ***  3.19e-14  3.19e-14
        1       ***       ***  3.19e-14  3.19e-14
       10       ***       ***  3.19e-14  3.19e-14
      100  -2.1e-14  2.47e-10  1.34e-14  2.47e-10
      O-O       ***  2.99e-10       ***  2.99e-10

Reactant = P2   Temperature = 2e+03 K

   P(atm)        W1        W2        P1      Loss
      0.1       ***       ***  4.71e-14  4.71e-14
        1       ***       ***  4.71e-14  4.71e-14
       10       ***       ***  4.71e-14  4.71e-14
      100 -2.91e-14  2.49e-10  1.87e-14  2.49e-10
      O-O       ***  3.02e-10       ***  3.02e-10

______________________________________________________________________________________

Temperature-Species Rate Tables:

Reactant = W1   Pressure = 0.1 atm

   T(K)        W2        P1        P2      Loss   Capture
    500       ***       ***       ***       ***  8.84e+09
    600       ***       ***       ***       ***   9.9e+09
    700       ***       ***       ***       ***  1.02e+10
    800       ***       ***       ***       ***  9.95e+09
    900       ***       ***       ***       ***  9.49e+09
  1e+03       ***       ***       ***       ***   8.9e+09
1.1e+03       ***       ***       ***       ***  8.28e+09
1.2e+03       ***       ***       ***       ***  7.66e+09
1.3e+03       ***       ***       ***       ***  7.08e+09
1.4e+03       ***       ***       ***       ***  6.53e+09
1.5e+03       ***       ***       ***       ***  6.03e+09
1.6e+03       ***       ***       ***       ***  5.57e+09
1.7e+03       ***       ***       ***       ***  5.16e+09
1.8e+03       ***       ***       ***       ***  4.78e+09
1.9e+03       ***       ***       ***       ***  4.44e+09
  2e+03       ***       ***       ***       ***  4.13e+09

Reactant = W1   Pressure = 1 atm

   T(K)        W2        P1        P2      Loss   Capture
    500       ***       ***       ***       ***  8.84e+09
    600       ***       ***       ***       ***   9.9e+09
    700       ***       ***       ***       ***  1.02e+10
    800       ***       ***       ***       ***  9.95e+09
    900       ***       ***       ***       ***  9.49e+09
  1e+03       ***       ***       ***       ***   8.9e+09
1.1e+03       ***       ***       ***       ***  8.28e+09
1.2e+03       ***       ***       ***       ***  7.66e+09
1.3e+03       ***       ***       ***       ***  7.08e+09
1.4e+03       ***       ***       ***       ***  6.53e+09
1.5e+03       ***       ***       ***       ***  6.03e+09
1.6e+03       ***       ***       ***       ***  5.57e+09
1.7e+03       ***       ***       ***       ***  5.16e+09
1.8e+03       ***       ***       ***       ***  4.78e+09
1.9e+03       ***       ***       ***       ***  4.44e+09
  2e+03       ***       ***       ***       ***  4.13e+09

Reactant = W1   Pressure = 10 atm

   T(K)        W2        P1        P2      Loss   Capture
    500       ***       ***       ***       ***  8.84e+09
    600       ***       ***       ***       ***   9.9e+09
    700       ***       ***       ***       ***  1.02e+10
    800       ***       ***       ***       ***  9.95e+09
    900       ***       ***       ***       ***  9.49e+09
  1e+03       ***       ***       ***       ***   8.9e+09
1.1e+03       ***       ***       ***       ***  8.28e+09
1.2e+03       ***       ***       ***       ***  7.66e+09
1.3e+03       ***       ***       ***       ***  7.08e+09
1.4e+03       ***       ***       ***       ***  6.53e+09
1.5e+03       ***       ***       ***       ***  6.03e+09
1.6e+03       ***       ***       ***       ***  5.57e+09
1.7e+03       ***       ***       ***       ***  5.16e+09
1.8e+03       ***       ***       ***       ***  4.78e+09
1.9e+03       ***       ***       ***       ***  4.44e+09
  2e+03       ***       ***       ***       ***  4.13e+09

Reactant = W1   Pressure = 100 atm

   T(K)        W2        P1        P2      Loss   Capture
    500       ***       ***       ***       ***  8.84e+09
    600       ***       ***       ***       ***   9.9e+09
    700       ***       ***       ***       ***  1.02e+10
    800       ***       ***       ***       ***  9.95e+09
    900       ***       ***       ***       ***  9.49e+09
  1e+03       ***       ***       ***       ***   8.9e+09
1.1e+03       ***       ***       ***       ***  8.28e+09
1.2e+03       ***  7.19e+09  1.32e+09  7.44e+09  7.66e+09
1.3e+03  3.41e+08  6.61e+09 -8.89e+07  6.86e+09  7.08e+09
1.4e+03  3.44e+08  6.06e+09 -8.74e+07  6.31e+09  6.53e+09
1.5e+03  3.46e+08  5.55e+09 -8.53e+07  5.81e+09  6.03e+09
1.6e+03  3.47e+08  5.09e+09 -8.29e+07  5.36e+09  5.57e+09
1.7e+03  3.47e+08  4.68e+09 -8.02e+07  4.95e+09  5.16e+09
1.8e+03  3.47e+08  4.31e+09 -7.75e+07  4.57e+09  4.78e+09
1.9e+03  3.46e+08  3.97e+09 -7.47e+07  4.24e+09  4.44e+09
  2e+03  3.44e+08  3.67e+09  -7.2e+07  3.94e+09  4.13e+09

Reactant = W2   Pressure = 0.1 atm

   T(K)        W1        P1        P2      Loss   Capture
    500       ***       ***       ***       ***  1.83e+10
    600       ***       ***       ***       ***   1.9e+10
    700       ***       ***       ***       ***  1.82e+10
    800       ***       ***       ***       ***  1.68e+10
    900       ***       ***       ***       ***  1.51e+10
  1e+03       ***       ***       ***       ***  1.35e+10
1.1e+03       ***       ***       ***       ***   1.2e+10
1.2e+03       ***       ***       ***       ***  1.06e+10
1.3e+03       ***       ***       ***       ***  9.41e+09
1.4e+03       ***       ***       ***       ***  8.35e+09
1.5e+03       ***       ***       ***       ***  7.44e+09
1.6e+03       ***       ***       ***       ***  6.64e+09
1.7e+03       ***       ***       ***       ***  5.94e+09
1.8e+03       ***       ***       ***       ***  5.34e+09
1.9e+03       ***       ***       ***       ***  4.81e+09
  2e+03       ***       ***       ***       ***  4.34e+09

Reactant = W2   Pressure = 1 atm

   T(K)        W1        P1        P2      Loss   Capture
    500       ***       ***       ***       ***  1.83e+10
    600       ***       ***       ***       ***   1.9e+10
    700       ***       ***       ***       ***  1.82e+10
    800       ***       ***       ***       ***  1.68e+10
    900       ***       ***       ***       ***  1.51e+10
  1e+03       ***       ***       ***       ***  1.35e+10
1.1e+03       ***       ***       ***       ***   1.2e+10
1.2e+03       ***       ***       ***       ***  1.06e+10
1.3e+03       ***       ***       ***       ***  9.41e+09
1.4e+03       ***       ***       ***       ***  8.35e+09
1.5e+03       ***       ***       ***       ***  7.44e+09
1.6e+03       ***       ***       ***       ***  6.64e+09
1.7e+03       ***       ***       ***       ***  5.94e+09
1.8e+03       ***       ***       ***       ***  5.34e+09
1.9e+03       ***       ***       ***       ***  4.81e+09
  2e+03       ***       ***       ***       ***  4.34e+09

Reactant = W2   Pressure = 10 atm

   T(K)        W1        P1        P2      Loss   Capture
    500       ***       ***       ***       ***  1.83e+10
    600       ***       ***       ***       ***   1.9e+10
    700       ***       ***       ***       ***  1.82e+10
    800       ***       ***       ***       ***  1.68e+10
    900       ***       ***       ***       ***  1.51e+10
  1e+03       ***       ***       ***       ***  1.35e+10
1.1e+03       ***       ***       ***       ***   1.2e+10
1.2e+03       ***       ***       ***       ***  1.06e+10
1.3e+03       ***       ***       ***       ***  9.41e+09
1.4e+03       ***       ***       ***       ***  8.35e+09
1.5e+03       ***       ***       ***       ***  7.44e+09
1.6e+03       ***       ***       ***       ***  6.64e+09
1.7e+03       ***       ***       ***       ***  5.94e+09
1.8e+03       ***       ***       ***       ***  5.34e+09
1.9e+03       ***       ***       ***       ***  4.81e+09
  2e+03       ***       ***       ***       ***  4.34e+09

Reactant = W2   Pressure = 100 atm

   T(K)        W1        P1        P2      Loss   Capture
    500       ***       ***       ***       ***  1.83e+10
    600       ***       ***       ***       ***   1.9e+10
    700       ***       ***       ***       ***  1.82e+10
    800       ***       ***       ***       ***  1.68e+10
    900       ***       ***       ***       ***  1.51e+10
  1e+03       ***       ***       ***       ***  1.35e+10
1.1e+03       ***       ***       ***       ***   1.2e+10
1.2e+03       ***       ***       ***       ***  1.06e+10
1.3e+03  6.14e+04 -2.28e+03  8.65e+09  8.65e+09  9.41e+09
1.4e+03  1.09e+05 -4.21e+03  7.66e+09  7.66e+09  8.35e+09
1.5e+03  1.79e+05 -6.79e+03  6.79e+09  6.79e+09  7.44e+09
1.6e+03  2.75e+05 -9.92e+03  6.05e+09  6.05e+09  6.64e+09
1.7e+03  3.99e+05 -1.34e+04   5.4e+09   5.4e+09  5.94e+09
1.8e+03  5.56e+05 -1.71e+04  4.84e+09  4.84e+09  5.34e+09
1.9e+03  7.45e+05 -2.07e+04  4.36e+09  4.36e+09  4.81e+09
  2e+03   9.7e+05  -2.4e+04  3.93e+09  3.93e+09  4.34e+09

Reactant = P1   Pressure = 0.1 atm

   T(K)        W1        W2        P2      Loss   Capture
    500       ***       ***  4.52e-12  4.52e-12  2.45e-10
    600       ***       ***  4.69e-12  4.69e-12  2.52e-10
    700       ***       ***  5.09e-12  5.09e-12  2.59e-10
    800       ***       ***  5.64e-12  5.64e-12  2.65e-10
    900       ***       ***  6.33e-12  6.33e-12   2.7e-10
  1e+03       ***       ***  7.13e-12  7.13e-12  2.75e-10
1.1e+03       ***       ***  8.04e-12  8.04e-12  2.79e-10
1.2e+03       ***       ***  9.04e-12  9.04e-12  2.83e-10
1.3e+03       ***       ***  1.01e-11  1.01e-11  2.87e-10
1.4e+03       ***       ***  1.13e-11  1.13e-11  2.91e-10
1.5e+03       ***       ***  1.26e-11  1.26e-11  2.94e-10
1.6e+03       ***       ***   1.4e-11   1.4e-11  2.97e-10
1.7e+03       ***       ***  1.54e-11  1.54e-11     3e-10
1.8e+03       ***       ***  1.69e-11  1.69e-11  3.03e-10
1.9e+03       ***       ***  1.85e-11  1.85e-11  3.06e-10
  2e+03       ***       ***  2.02e-11  2.02e-11  3.08e-10

Reactant = P1   Pressure = 1 atm

   T(K)        W1        W2        P2      Loss   Capture
    500       ***       ***  4.52e-12  4.52e-12  2.45e-10
    600       ***       ***  4.69e-12  4.69e-12  2.52e-10
    700       ***       ***  5.09e-12  5.09e-12  2.59e-10
    800       ***       ***  5.64e-12  5.64e-12  2.65e-10
    900       ***       ***  6.33e-12  6.33e-12   2.7e-10
  1e+03       ***       ***  7.13e-12  7.13e-12  2.75e-10
1.1e+03       ***       ***  8.04e-12  8.04e-12  2.79e-10
1.2e+03       ***       ***  9.04e-12  9.04e-12  2.83e-10
1.3e+03       ***       ***  1.01e-11  1.01e-11  2.87e-10
1.4e+03       ***       ***  1.13e-11  1.13e-11  2.91e-10
1.5e+03       ***       ***  1.26e-11  1.26e-11  2.94e-10
1.6e+03       ***       ***   1.4e-11   1.4e-11  2.97e-10
1.7e+03       ***       ***  1.54e-11  1.54e-11     3e-10
1.8e+03       ***       ***  1.69e-11  1.69e-11  3.03e-10
1.9e+03       ***       ***  1.85e-11  1.85e-11  3.06e-10
  2e+03       ***       ***  2.02e-11  2.02e-11  3.08e-10

Reactant = P1   Pressure = 10 atm

   T(K)        W1        W2        P2      Loss   Capture
    500       ***       ***  4.53e-12  4.53e-12  2.45e-10
    600       ***       ***  4.69e-12  4.69e-12  2.52e-10
    700       ***       ***  5.09e-12  5.09e-12  2.59e-10
    800       ***       ***  5.64e-12  5.64e-12  2.65e-10
    900       ***       ***  6.33e-12  6.33e-12   2.7e-10
  1e+03       ***       ***  7.13e-12  7.13e-12  2.75e-10
1.1e+03       ***       ***  8.04e-12  8.04e-12  2.79e-10
1.2e+03       ***       ***  9.04e-12  9.04e-12  2.83e-10
1.3e+03       ***       ***  1.01e-11  1.01e-11  2.87e-10
1.4e+03       ***       ***  1.13e-11  1.13e-11  2.91e-10
1.5e+03       ***       ***  1.26e-11  1.26e-11  2.94e-10
1.6e+03       ***       ***   1.4e-11   1.4e-11  2.97e-10
1.7e+03       ***       ***  1.54e-11  1.54e-11     3e-10
1.8e+03       ***       ***  1.69e-11  1.69e-11  3.03e-10
1.9e+03       ***       ***  1.85e-11  1.85e-11  3.06e-10
  2e+03       ***       ***  2.02e-11  2.02e-11  3.08e-10

Reactant = P1   Pressure = 100 atm

   T(K)        W1        W2        P2      Loss   Capture
    500       ***       ***  4.53e-12  4.53e-12  2.45e-10
    600       ***       ***  4.69e-12  4.69e-12  2.52e-10
    700       ***       ***  5.09e-12  5.09e-12  2.59e-10
    800       ***       ***  5.65e-12  5.65e-12  2.65e-10
    900       ***       ***  6.33e-12  6.33e-12   2.7e-10
  1e+03       ***       ***  7.14e-12  7.14e-12  2.75e-10
1.1e+03       ***       ***  8.04e-12  8.04e-12  2.79e-10
1.2e+03  2.65e-10       *** -3.79e-11  2.66e-10  2.83e-10
1.3e+03   2.7e-10 -5.04e-12  5.27e-12   2.7e-10  2.87e-10
1.4e+03  2.72e-10 -5.59e-12  5.86e-12  2.72e-10  2.91e-10
1.5e+03  2.74e-10 -6.02e-12  6.36e-12  2.74e-10  2.94e-10
1.6e+03  2.75e-10 -6.37e-12  6.78e-12  2.76e-10  2.97e-10
1.7e+03  2.76e-10 -6.64e-12  7.15e-12  2.77e-10     3e-10
1.8e+03  2.78e-10 -6.85e-12  7.47e-12  2.78e-10  3.03e-10
1.9e+03  2.79e-10 -7.01e-12  7.75e-12  2.79e-10  3.06e-10
  2e+03   2.8e-10 -7.14e-12  7.99e-12  2.81e-10  3.08e-10

Reactant = P2   Pressure = 0.1 atm

   T(K)        W1        W2        P1      Loss   Capture
    500       ***       ***  6.07e-22  6.07e-22   2.4e-10
    600       ***       ***  2.52e-20  2.52e-20  2.47e-10
    700       ***       ***  3.78e-19  3.78e-19  2.53e-10
    800       ***       ***  3.01e-18  3.01e-18  2.59e-10
    900       ***       ***  1.57e-17  1.57e-17  2.64e-10
  1e+03       ***       ***  6.04e-17  6.04e-17  2.69e-10
1.1e+03       ***       ***  1.86e-16  1.86e-16  2.73e-10
1.2e+03       ***       ***  4.87e-16  4.87e-16  2.77e-10
1.3e+03       ***       ***  1.12e-15  1.12e-15  2.81e-10
1.4e+03       ***       ***  2.31e-15  2.31e-15  2.84e-10
1.5e+03       ***       ***   4.4e-15   4.4e-15  2.88e-10
1.6e+03       ***       ***   7.8e-15   7.8e-15  2.91e-10
1.7e+03       ***       ***  1.31e-14  1.31e-14  2.94e-10
1.8e+03       ***       ***  2.08e-14  2.08e-14  2.97e-10
1.9e+03       ***       ***  3.19e-14  3.19e-14  2.99e-10
  2e+03       ***       ***  4.71e-14  4.71e-14  3.02e-10

Reactant = P2   Pressure = 1 atm

   T(K)        W1        W2        P1      Loss   Capture
    500       ***       ***  6.07e-22  6.07e-22   2.4e-10
    600       ***       ***  2.52e-20  2.52e-20  2.47e-10
    700       ***       ***  3.78e-19  3.78e-19  2.53e-10
    800       ***       ***  3.01e-18  3.01e-18  2.59e-10
    900       ***       ***  1.57e-17  1.57e-17  2.64e-10
  1e+03       ***       ***  6.04e-17  6.04e-17  2.69e-10
1.1e+03       ***       ***  1.86e-16  1.86e-16  2.73e-10
1.2e+03       ***       ***  4.87e-16  4.87e-16  2.77e-10
1.3e+03       ***       ***  1.12e-15  1.12e-15  2.81e-10
1.4e+03       ***       ***  2.31e-15  2.31e-15  2.84e-10
1.5e+03       ***       ***   4.4e-15   4.4e-15  2.88e-10
1.6e+03       ***       ***   7.8e-15   7.8e-15  2.91e-10
1.7e+03       ***       ***  1.31e-14  1.31e-14  2.94e-10
1.8e+03       ***       ***  2.08e-14  2.08e-14  2.97e-10
1.9e+03       ***       ***  3.19e-14  3.19e-14  2.99e-10
  2e+03       ***       ***  4.71e-14  4.71e-14  3.02e-10

Reactant = P2   Pressure = 10 atm

   T(K)        W1        W2        P1      Loss   Capture
    500       ***       ***  6.08e-22  6.08e-22   2.4e-10
    600       ***       ***  2.52e-20  2.52e-20  2.47e-10
    700       ***       ***  3.78e-19  3.78e-19  2.53e-10
    800       ***       ***  3.01e-18  3.01e-18  2.59e-10
    900       ***       ***  1.57e-17  1.57e-17  2.64e-10
  1e+03       ***       ***  6.04e-17  6.04e-17  2.69e-10
1.1e+03       ***       ***  1.87e-16  1.87e-16  2.73e-10
1.2e+03       ***       ***  4.87e-16  4.87e-16  2.77e-10
1.3e+03       ***       ***  1.12e-15  1.12e-15  2.81e-10
1.4e+03       ***       ***  2.31e-15  2.31e-15  2.84e-10
1.5e+03       ***       ***   4.4e-15   4.4e-15  2.88e-10
1.6e+03       ***       ***   7.8e-15   7.8e-15  2.91e-10
1.7e+03       ***       ***  1.31e-14  1.31e-14  2.94e-10
1.8e+03       ***       ***  2.09e-14  2.09e-14  2.97e-10
1.9e+03       ***       ***  3.19e-14  3.19e-14  2.99e-10
  2e+03       ***       ***  4.71e-14  4.71e-14  3.02e-10

Reactant = P2   Pressure = 100 atm

   T(K)        W1        W2        P1      Loss   Capture
    500       ***       ***  6.08e-22  5.77e-22   2.4e-10
    600       ***       ***  2.52e-20  2.52e-20  2.47e-10
    700       ***       ***  3.78e-19  3.78e-19  2.53e-10
    800       ***       ***  3.01e-18  3.01e-18  2.59e-10
    900       ***       ***  1.57e-17  1.57e-17  2.64e-10
  1e+03       ***       ***  6.04e-17  6.04e-17  2.69e-10
1.1e+03       ***       ***  1.87e-16  1.87e-16  2.73e-10
1.2e+03  2.62e-15       *** -2.04e-15  9.51e-16  2.77e-10
1.3e+03 -1.05e-15  2.35e-10  5.81e-16  2.35e-10  2.81e-10
1.4e+03 -2.08e-15  2.37e-10   1.2e-15  2.37e-10  2.84e-10
1.5e+03 -3.75e-15  2.38e-10  2.22e-15  2.38e-10  2.88e-10
1.6e+03 -6.26e-15   2.4e-10  3.79e-15   2.4e-10  2.91e-10
1.7e+03 -9.84e-15  2.42e-10  6.07e-15  2.42e-10  2.94e-10
1.8e+03 -1.47e-14  2.44e-10  9.21e-15  2.44e-10  2.97e-10
1.9e+03  -2.1e-14  2.47e-10  1.34e-14  2.47e-10  2.99e-10
  2e+03 -2.91e-14  2.49e-10  1.87e-14  2.49e-10  3.02e-10

______________________________________________________________________________________

Temperature-Pressure Rate Tables:

W1->W2

P\T           500       600       700       800       900     1e+03   1.1e+03   1.2e+03   1.3e+03   1.4e+03   1.5e+03   1.6e+03   1.7e+03   1.8e+03   1.9e+03     2e+03
0.1           ***       ***       ***       ***       ***       ***       ***       ***       ***       ***       ***       ***       ***       ***       ***       ***
1             ***       ***       ***       ***       ***       ***       ***       ***       ***       ***       ***       ***       ***       ***       ***       ***
10            ***       ***       ***       ***       ***       ***       ***       ***       ***       ***       ***       ***       ***       ***       ***       ***
100           ***       ***       ***       ***       ***       ***       ***       ***  3.41e+08  3.44e+08  3.46e+08  3.47e+08  3.47e+08  3.47e+08  3.46e+08  3.44e+08
O-O      1.64e+08  1.85e+08     2e+08  2.13e+08  2.23e+08  2.32e+08  2.39e+08  2.45e+08  2.51e+08  2.56e+08  2.59e+08  2.63e+08  2.66e+08  2.68e+08   2.7e+08  2.72e+08

W1->P1

P\T           500       600       700       800       900     1e+03   1.1e+03   1.2e+03   1.3e+03   1.4e+03   1.5e+03   1.6e+03   1.7e+03   1.8e+03   1.9e+03     2e+03
0.1           ***       ***       ***       ***       ***       ***       ***       ***       ***       ***       ***       ***       ***       ***       ***       ***
1             ***       ***       ***       ***       ***       ***       ***       ***       ***       ***       ***       ***       ***       ***       ***       ***
10            ***       ***       ***       ***       ***       ***       ***       ***       ***       ***       ***       ***       ***       ***       ***       ***
100           ***       ***       ***       ***       ***       ***       ***  7.19e+09  6.61e+09  6.06e+09  5.55e+09  5.09e+09  4.68e+09  4.31e+09  3.97e+09  3.67e+09
O-O      8.68e+09  9.72e+09  9.97e+09  9.74e+09  9.26e+09  8.67e+09  8.04e+09  7.42e+09  6.83e+09  6.27e+09  5.77e+09  5.31e+09  4.89e+09  4.51e+09  4.17e+09  3.86e+09

W1->P2

P\T           500       600       700       800       900     1e+03   1.1e+03   1.2e+03   1.3e+03   1.4e+03   1.5e+03   1.6e+03   1.7e+03   1.8e+03   1.9e+03     2e+03
0.1           ***       ***       ***       ***       ***       ***       ***       ***       ***       ***       ***       ***       ***       ***       ***       ***
1             ***       ***       ***       ***       ***       ***       ***       ***       ***       ***       ***       ***       ***       ***       ***       ***
10            ***       ***       ***       ***       ***       ***       ***       ***       ***       ***       ***       ***       ***       ***       ***       ***
100           ***       ***       ***       ***       ***       ***       ***  1.32e+09 -8.89e+07 -8.74e+07 -8.53e+07 -8.29e+07 -8.02e+07 -7.75e+07 -7.47e+07  -7.2e+07
O-O           ***       ***       ***       ***       ***       ***       ***       ***       ***       ***       ***       ***       ***       ***       ***       ***

W2->W1

P\T           500       600       700       800       900     1e+03   1.1e+03   1.2e+03   1.3e+03   1.4e+03   1.5e+03   1.6e+03   1.7e+03   1.8e+03   1.9e+03     2e+03
0.1           ***       ***       ***       ***       ***       ***       ***       ***       ***       ***       ***       ***       ***       ***       ***       ***
1             ***       ***       ***       ***       ***       ***       ***       ***       ***       ***       ***       ***       ***       ***       ***       ***
10            ***       ***       ***       ***       ***       ***       ***       ***       ***       ***       ***       ***       ***       ***       ***       ***
100           ***       ***       ***       ***       ***       ***       ***       ***  6.14e+04  1.09e+05  1.79e+05  2.75e+05  3.99e+05  5.56e+05  7.45e+05   9.7e+05
O-O        0.0475      1.98      27.8       200       921  3.12e+03  8.44e+03  1.93e+04   3.9e+04   7.1e+04  1.19e+05  1.88e+05   2.8e+05  3.99e+05  5.48e+05  7.29e+05

W2->P1

P\T           500       600       700       800       900     1e+03   1.1e+03   1.2e+03   1.3e+03   1.4e+03   1.5e+03   1.6e+03   1.7e+03   1.8e+03   1.9e+03     2e+03
0.1           ***       ***       ***       ***       ***       ***       ***       ***       ***       ***       ***       ***       ***       ***       ***       ***
1             ***       ***       ***       ***       ***       ***       ***       ***       ***       ***       ***       ***       ***       ***       ***       ***
10            ***       ***       ***       ***       ***       ***       ***       ***       ***       ***       ***       ***       ***       ***       ***       ***
100           ***       ***       ***       ***       ***       ***       ***       *** -2.28e+03 -4.21e+03 -6.79e+03 -9.92e+03 -1.34e+04 -1.71e+04 -2.07e+04  -2.4e+04
O-O           ***       ***       ***       ***       ***       ***       ***       ***       ***       ***       ***       ***       ***       ***       ***       ***

W2->P2

P\T           500       600       700       800       900     1e+03   1.1e+03   1.2e+03   1.3e+03   1.4e+03   1.5e+03   1.6e+03   1.7e+03   1.8e+03   1.9e+03     2e+03
0.1           ***       ***       ***       ***       ***       ***       ***       ***       ***       ***       ***       ***       ***       ***       ***       ***
1             ***       ***       ***       ***       ***       ***       ***       ***       ***       ***       ***       ***       ***       ***       ***       ***
10            ***       ***       ***       ***       ***       ***       ***       ***       ***       ***       ***       ***       ***       ***       ***       ***
100           ***       ***       ***       ***       ***       ***       ***       ***  8.65e+09  7.66e+09  6.79e+09  6.05e+09   5.4e+09  4.84e+09  4.36e+09  3.93e+09
O-O      1.83e+10   1.9e+10  1.82e+10  1.68e+10  1.51e+10  1.35e+10   1.2e+10  1.06e+10  9.41e+09  8.35e+09  7.44e+09  6.64e+09  5.94e+09  5.33e+09   4.8e+09  4.34e+09

P1->W1

P\T           500       600       700       800       900     1e+03   1.1e+03   1.2e+03   1.3e+03   1.4e+03   1.5e+03   1.6e+03   1.7e+03   1.8e+03   1.9e+03     2e+03
0.1           ***       ***       ***       ***       ***       ***       ***       ***       ***       ***       ***       ***       ***       ***       ***       ***
1             ***       ***       ***       ***       ***       ***       ***       ***       ***       ***       ***       ***       ***       ***       ***       ***
10            ***       ***       ***       ***       ***       ***       ***       ***       ***       ***       ***       ***       ***       ***       ***       ***
100           ***       ***       ***       ***       ***       ***       ***  2.65e-10   2.7e-10  2.72e-10  2.74e-10  2.75e-10  2.76e-10  2.78e-10  2.79e-10   2.8e-10
O-O      2.45e-10  2.52e-10  2.59e-10  2.65e-10   2.7e-10  2.75e-10  2.79e-10  2.83e-10  2.87e-10  2.91e-10  2.94e-10  2.97e-10     3e-10  3.03e-10  3.06e-10  3.08e-10

P1->W2

P\T           500       600       700       800       900     1e+03   1.1e+03   1.2e+03   1.3e+03   1.4e+03   1.5e+03   1.6e+03   1.7e+03   1.8e+03   1.9e+03     2e+03
0.1           ***       ***       ***       ***       ***       ***       ***       ***       ***       ***       ***       ***       ***       ***       ***       ***
1             ***       ***       ***       ***       ***       ***       ***       ***       ***       ***       ***       ***       ***       ***       ***       ***
10            ***       ***       ***       ***       ***       ***       ***       ***       ***       ***       ***       ***       ***       ***       ***       ***
100           ***       ***       ***       ***       ***       ***       ***       *** -5.04e-12 -5.59e-12 -6.02e-12 -6.37e-12 -6.64e-12 -6.85e-12 -7.01e-12 -7.14e-12
O-O           ***       ***       ***       ***       ***       ***       ***       ***       ***       ***       ***       ***       ***       ***       ***       ***

P1->P2

P\T           500       600       700       800       900     1e+03   1.1e+03   1.2e+03   1.3e+03   1.4e+03   1.5e+03   1.6e+03   1.7e+03   1.8e+03   1.9e+03     2e+03
0.1      4.52e-12  4.69e-12  5.09e-12  5.64e-12  6.33e-12  7.13e-12  8.04e-12  9.04e-12  1.01e-11  1.13e-11  1.26e-11   1.4e-11  1.54e-11  1.69e-11  1.85e-11  2.02e-11
1        4.52e-12  4.69e-12  5.09e-12  5.64e-12  6.33e-12  7.13e-12  8.04e-12  9.04e-12  1.01e-11  1.13e-11  1.26e-11   1.4e-11  1.54e-11  1.69e-11  1.85e-11  2.02e-11
10       4.53e-12  4.69e-12  5.09e-12  5.64e-12  6.33e-12  7.13e-12  8.04e-12  9.04e-12  1.01e-11  1.13e-11  1.26e-11   1.4e-11  1.54e-11  1.69e-11  1.85e-11  2.02e-11
100      4.53e-12  4.69e-12  5.09e-12  5.65e-12  6.33e-12  7.14e-12  8.04e-12 -3.79e-11  5.27e-12  5.86e-12  6.36e-12  6.78e-12  7.15e-12  7.47e-12  7.75e-12  7.99e-12
O-O           ***       ***       ***       ***       ***       ***       ***       ***       ***       ***       ***       ***       ***       ***       ***       ***

P2->W1

P\T           500       600       700       800       900     1e+03   1.1e+03   1.2e+03   1.3e+03   1.4e+03   1.5e+03   1.6e+03   1.7e+03   1.8e+03   1.9e+03     2e+03
0.1           ***       ***       ***       ***       ***       ***       ***       ***       ***       ***       ***       ***       ***       ***       ***       ***
1             ***       ***       ***       ***       ***       ***       ***       ***       ***       ***       ***       ***       ***       ***       ***       ***
10            ***       ***       ***       ***       ***       ***       ***       ***       ***       ***       ***       ***       ***       ***       ***       ***
100           ***       ***       ***       ***       ***       ***       ***  2.62e-15 -1.05e-15 -2.08e-15 -3.75e-15 -6.26e-15 -9.84e-15 -1.47e-14  -2.1e-14 -2.91e-14
O-O           ***       ***       ***       ***       ***       ***       ***       ***       ***       ***       ***       ***       ***       ***       ***       ***

P2->W2

P\T           500       600       700       800       900     1e+03   1.1e+03   1.2e+03   1.3e+03   1.4e+03   1.5e+03   1.6e+03   1.7e+03   1.8e+03   1.9e+03     2e+03
0.1           ***       ***       ***       ***       ***       ***       ***       ***       ***       ***       ***       ***       ***       ***       ***       ***
1             ***       ***       ***       ***       ***       ***       ***       ***       ***       ***       ***       ***       ***       ***       ***       ***
10            ***       ***       ***       ***       ***       ***       ***       ***       ***       ***       ***       ***       ***       ***       ***       ***
100           ***       ***       ***       ***       ***       ***       ***       ***  2.35e-10  2.37e-10  2.38e-10   2.4e-10  2.42e-10  2.44e-10  2.47e-10  2.49e-10
O-O       2.4e-10  2.47e-10  2.53e-10  2.59e-10  2.64e-10  2.69e-10  2.73e-10  2.77e-10  2.81e-10  2.84e-10  2.88e-10  2.91e-10  2.94e-10  2.97e-10  2.99e-10  3.02e-10

P2->P1

P\T           500       600       700       800       900     1e+03   1.1e+03   1.2e+03   1.3e+03   1.4e+03   1.5e+03   1.6e+03   1.7e+03   1.8e+03   1.9e+03     2e+03
0.1      6.07e-22  2.52e-20  3.78e-19  3.01e-18  1.57e-17  6.04e-17  1.86e-16  4.87e-16  1.12e-15  2.31e-15   4.4e-15   7.8e-15  1.31e-14  2.08e-14  3.19e-14  4.71e-14
1        6.07e-22  2.52e-20  3.78e-19  3.01e-18  1.57e-17  6.04e-17  1.86e-16  4.87e-16  1.12e-15  2.31e-15   4.4e-15   7.8e-15  1.31e-14  2.08e-14  3.19e-14  4.71e-14
10       6.08e-22  2.52e-20  3.78e-19  3.01e-18  1.57e-17  6.04e-17  1.87e-16  4.87e-16  1.12e-15  2.31e-15   4.4e-15   7.8e-15  1.31e-14  2.09e-14  3.19e-14  4.71e-14
100      6.08e-22  2.52e-20  3.78e-19  3.01e-18  1.57e-17  6.04e-17  1.87e-16 -2.04e-15  5.81e-16   1.2e-15  2.22e-15  3.79e-15  6.07e-15  9.21e-15  1.34e-14  1.87e-14
O-O           ***       ***       ***       ***       ***       ***       ***       ***       ***       ***       ***       ***       ***       ***       ***       ***

W1-> 

P\T           500       600       700       800       900     1e+03   1.1e+03   1.2e+03   1.3e+03   1.4e+03   1.5e+03   1.6e+03   1.7e+03   1.8e+03   1.9e+03     2e+03
0.1           ***       ***       ***       ***       ***       ***       ***       ***       ***       ***       ***       ***       ***       ***       ***       ***
1             ***       ***       ***       ***       ***       ***       ***       ***       ***       ***       ***       ***       ***       ***       ***       ***
10            ***       ***       ***       ***       ***       ***       ***       ***       ***       ***       ***       ***       ***       ***       ***       ***
100           ***       ***       ***       ***       ***       ***       ***  7.44e+09  6.86e+09  6.31e+09  5.81e+09  5.36e+09  4.95e+09  4.57e+09  4.24e+09  3.94e+09
O-O      8.84e+09   9.9e+09  1.02e+10  9.95e+09  9.49e+09   8.9e+09  8.28e+09  7.66e+09  7.08e+09  6.53e+09  6.03e+09  5.57e+09  5.16e+09  4.78e+09  4.44e+09  4.13e+09

W2-> 

P\T           500       600       700       800       900     1e+03   1.1e+03   1.2e+03   1.3e+03   1.4e+03   1.5e+03   1.6e+03   1.7e+03   1.8e+03   1.9e+03     2e+03
0.1           ***       ***       ***       ***       ***       ***       ***       ***       ***       ***       ***       ***       ***       ***       ***       ***
1             ***       ***       ***       ***       ***       ***       ***       ***       ***       ***       ***       ***       ***       ***       ***       ***
10            ***       ***       ***       ***       ***       ***       ***       ***       ***       ***       ***       ***       ***       ***       ***       ***
100           ***       ***       ***       ***       ***       ***       ***       ***  8.65e+09  7.66e+09  6.79e+09  6.05e+09   5.4e+09  4.84e+09  4.36e+09  3.93e+09
O-O      1.83e+10   1.9e+10  1.82e+10  1.68e+10  1.51e+10  1.35e+10   1.2e+10  1.06e+10  9.41e+09  8.35e+09  7.44e+09  6.64e+09  5.94e+09  5.34e+09  4.81e+09  4.34e+09

P1-> 

P\T           500       600       700       800       900     1e+03   1.1e+03   1.2e+03   1.3e+03   1.4e+03   1.5e+03   1.6e+03   1.7e+03   1.8e+03   1.9e+03     2e+03
0.1      4.52e-12  4.69e-12  5.09e-12  5.64e-12  6.33e-12  7.13e-12  8.04e-12  9.04e-12  1.01e-11  1.13e-11  1.26e-11   1.4e-11  1.54e-11  1.69e-11  1.85e-11  2.02e-11
1        4.52e-12  4.69e-12  5.09e-12  5.64e-12  6.33e-12  7.13e-12  8.04e-12  9.04e-12  1.01e-11  1.13e-11  1.26e-11   1.4e-11  1.54e-11  1.69e-11  1.85e-11  2.02e-11
10       4.53e-12  4.69e-12  5.09e-12  5.64e-12  6.33e-12  7.13e-12  8.04e-12  9.04e-12  1.01e-11  1.13e-11  1.26e-11   1.4e-11  1.54e-11  1.69e-11  1.85e-11  2.02e-11
100      4.53e-12  4.69e-12  5.09e-12  5.65e-12  6.33e-12  7.14e-12  8.04e-12  2.66e-10   2.7e-10  2.72e-10  2.74e-10  2.76e-10  2.77e-10  2.78e-10  2.79e-10  2.81e-10
O-O      2.45e-10  2.52e-10  2.59e-10  2.65e-10   2.7e-10  2.75e-10  2.79e-10  2.83e-10  2.87e-10  2.91e-10  2.94e-10  2.97e-10     3e-10  3.03e-10  3.06e-10  3.08e-10

P2-> 

P\T           500       600       700       800       900     1e+03   1.1e+03   1.2e+03   1.3e+03   1.4e+03   1.5e+03   1.6e+03   1.7e+03   1.8e+03   1.9e+03     2e+03
0.1      6.07e-22  2.52e-20  3.78e-19  3.01e-18  1.57e-17  6.04e-17  1.86e-16  4.87e-16  1.12e-15  2.31e-15   4.4e-15   7.8e-15  1.31e-14  2.08e-14  3.19e-14  4.71e-14
1        6.07e-22  2.52e-20  3.78e-19  3.01e-18  1.57e-17  6.04e-17  1.86e-16  4.87e-16  1.12e-15  2.31e-15   4.4e-15   7.8e-15  1.31e-14  2.08e-14  3.19e-14  4.71e-14
10       6.08e-22  2.52e-20  3.78e-19  3.01e-18  1.57e-17  6.04e-17  1.87e-16  4.87e-16  1.12e-15  2.31e-15   4.4e-15   7.8e-15  1.31e-14  2.09e-14  3.19e-14  4.71e-14
100      5.77e-22  2.52e-20  3.78e-19  3.01e-18  1.57e-17  6.04e-17  1.87e-16  9.51e-16  2.35e-10  2.37e-10  2.38e-10   2.4e-10  2.42e-10  2.44e-10  2.47e-10  2.49e-10
O-O       2.4e-10  2.47e-10  2.53e-10  2.59e-10  2.64e-10  2.69e-10  2.73e-10  2.77e-10  2.81e-10  2.84e-10  2.88e-10  2.91e-10  2.94e-10  2.97e-10  2.99e-10  3.02e-10

