Wells (G - ground energy, D - dissociation limit, kcal/mol):
                            W         G         D
                C5O2nexammeez         0      2.47
      FakeW-C5H6O(645)e+OH(4)     -26.9     -23.9

Bimolecular Products (G - ground energy, kcal/mol):
                      P         G
      C5H6O(645)e+OH(4)     -23.9

Well-to-Bimolecular Barriers (H/G - barrier height/well depth, kcal/mol)
                            B         H                       W         G                 P
      FakeB-C5H6O(645)e+OH(4)     -23.9 FakeW-C5H6O(645)e+OH(4)     -26.9 C5H6O(645)e+OH(4)

Well-to-Well Barriers (H/G - barrier height/well depth, kcal/mol):
            B         H                      W1        G1                      W2        G2
      ts_3_44      2.47           C5O2nexammeez         0 FakeW-C5H6O(645)e+OH(4)     -26.9

Bound Groups: dissociation barrier (name/ground energy, kcal/mol): wells (name/ground energy, kcal/mol):
     C1/-23.9:  FakeW-C5H6O(645)e+OH(4)/-26.9

     B1/2.47:  C5O2nexammeez/0

________________________________________________________________________________________

Names Translation Tables (<short name> - <original name>):
Wells:
   W1 - C5O2nexammeez
   W2 - FakeW-C5H6O(645)e+OH(4)
Bimolecular products:
   P1 - C5H6O(645)e+OH(4)
Inner Barriers:
   B1 - ts_3_44
Outer Barriers:
   C1 - FakeB-C5H6O(645)e+OH(4)
Unimolecular Rate Units: 1/sec;  Bimolecular Rate Units: cm^3/sec

______________________________________________________________________________________

Species-Species Rate Tables:

Temperature = 500 K

High Pressure Rate Coefficients:

From\To         W1        W2        P1
W1             ***  7.79e+11       ***
W2        1.92e-05       ***  1.02e+10
P1             ***  2.41e-10       ***

Temperature = 500 K    Pressure = 0.1 atm

From\To         W1        W2        P1
W1        1.14e+10 -4.52e+06  1.14e+10
W2        3.53e-13  1.67e+09  1.67e+09
P1        6.55e-27  3.93e-11  3.93e-11

Temperature = 500 K    Pressure = 1 atm

From\To         W1        W2        P1
W1         3.4e+10 -3.96e+07  3.41e+10
W2        8.58e-11  3.29e+09  3.29e+09
P1        1.97e-26  7.76e-11  7.76e-11

Temperature = 500 K    Pressure = 10 atm

From\To         W1        W2        P1
W1        8.56e+10  3.15e+09  8.24e+10
W2        8.36e-08  6.09e+09  6.09e+09
P1        4.78e-26  1.44e-10  1.44e-10

Temperature = 500 K    Pressure = 100 atm

From\To         W1        W2        P1
W1        1.88e+11  1.12e+11  7.57e+10
W2        2.77e-06  9.18e+09  9.18e+09
P1        4.39e-26  2.16e-10  2.16e-10

Temperature = 600 K

High Pressure Rate Coefficients:

From\To         W1        W2        P1
W1             ***   1.2e+12       ***
W2         0.00151       ***  1.14e+10
P1             ***  2.48e-10       ***

Temperature = 600 K    Pressure = 0.1 atm

From\To         W1        W2        P1
W1        9.79e+09 -2.99e+06   9.8e+09
W2        1.01e-10  2.17e+09  2.17e+09
P1        2.63e-25   4.7e-11   4.7e-11

Temperature = 600 K    Pressure = 1 atm

From\To         W1        W2        P1
W1        3.01e+10 -2.16e+07  3.02e+10
W2        1.46e-08  3.97e+09  3.97e+09
P1        8.18e-25  8.63e-11  8.63e-11

Temperature = 600 K    Pressure = 10 atm

From\To         W1        W2        P1
W1        7.95e+10  3.77e+09  7.58e+10
W2        4.99e-06  6.78e+09  6.78e+09
P1        2.06e-24  1.47e-10  1.47e-10

Temperature = 600 K    Pressure = 100 atm

From\To         W1        W2        P1
W1        1.85e+11  1.09e+11  7.57e+10
W2        0.000137  1.01e+10  1.01e+10
P1        2.06e-24   2.2e-10   2.2e-10

Temperature = 700 K

High Pressure Rate Coefficients:

From\To         W1        W2        P1
W1             ***  1.66e+12       ***
W2          0.0331       ***  1.17e+10
P1             ***  2.54e-10       ***

Temperature = 700 K    Pressure = 0.1 atm

From\To         W1        W2        P1
W1        9.28e+09 -2.61e+06  9.28e+09
W2        6.55e-09  2.32e+09  2.32e+09
P1        3.94e-24  5.03e-11  5.03e-11

Temperature = 700 K    Pressure = 1 atm

From\To         W1        W2        P1
W1        2.86e+10  1.89e+06  2.86e+10
W2        6.85e-07  4.12e+09  4.12e+09
P1        1.23e-23  8.95e-11  8.95e-11

Temperature = 700 K    Pressure = 10 atm

From\To         W1        W2        P1
W1        7.67e+10  4.96e+09  7.18e+10
W2        0.000103   6.8e+09   6.8e+09
P1         3.1e-23  1.48e-10  1.48e-10

Temperature = 700 K    Pressure = 100 atm

From\To         W1        W2        P1
W1        1.82e+11  1.08e+11  7.38e+10
W2         0.00215  1.02e+10  1.02e+10
P1        3.19e-23  2.21e-10  2.21e-10

Temperature = 800 K

High Pressure Rate Coefficients:

From\To         W1        W2        P1
W1             ***  2.14e+12       ***
W2            0.33       ***  1.14e+10
P1             ***   2.6e-10       ***

Temperature = 800 K    Pressure = 0.1 atm

From\To         W1        W2        P1
W1        7.44e+09 -1.87e+06  7.44e+09
W2        2.01e-08  2.48e+09  2.48e+09
P1        2.57e-23  5.61e-11  5.61e-11

Temperature = 800 K    Pressure = 1 atm

From\To         W1        W2        P1
W1        2.33e+10  7.46e+07  2.32e+10
W2        1.52e-05  4.25e+09  4.25e+09
P1        8.13e-23  9.66e-11  9.66e-11

Temperature = 800 K    Pressure = 10 atm

From\To         W1        W2        P1
W1        6.44e+10   6.7e+09  5.77e+10
W2         0.00106  6.73e+09  6.73e+09
P1        2.03e-22  1.53e-10  1.53e-10

Temperature = 800 K    Pressure = 100 atm

From\To         W1        W2        P1
W1        1.58e+11  9.89e+10  5.91e+10
W2          0.0153  9.87e+09  9.87e+09
P1        2.08e-22  2.24e-10  2.24e-10

Temperature = 900 K

High Pressure Rate Coefficients:

From\To         W1        W2        P1
W1             ***  2.61e+12       ***
W2            1.96       ***  1.09e+10
P1             ***  2.65e-10       ***

Temperature = 900 K    Pressure = 0.1 atm

From\To         W1        W2        P1
W1        6.62e+09 -1.46e+06  6.62e+09
W2         3.4e-07  2.44e+09  2.44e+09
P1        1.19e-22  5.93e-11  5.93e-11

Temperature = 900 K    Pressure = 1 atm

From\To         W1        W2        P1
W1        2.08e+10  2.52e+08  2.05e+10
W2        0.000206  4.11e+09  4.11e+09
P1        3.74e-22     1e-10     1e-10

Temperature = 900 K    Pressure = 10 atm

From\To         W1        W2        P1
W1        5.79e+10  9.43e+09  4.85e+10
W2         0.00718  6.38e+09  6.38e+09
P1        8.88e-22  1.56e-10  1.56e-10

Temperature = 900 K    Pressure = 100 atm

From\To         W1        W2        P1
W1        1.44e+11  9.58e+10  4.86e+10
W2          0.0722  9.29e+09  9.29e+09
P1        8.91e-22  2.26e-10  2.26e-10

Temperature = 1e+03 K

High Pressure Rate Coefficients:

From\To         W1        W2        P1
W1             ***  3.07e+12       ***
W2            8.11       ***  1.02e+10
P1             ***   2.7e-10       ***

Temperature = 1e+03 K    Pressure = 0.1 atm

From\To         W1        W2        P1
W1        6.04e+09  3.46e+07     6e+09
W2        9.91e-05   2.3e+09   2.3e+09
P1        4.11e-22  6.08e-11  6.08e-11

Temperature = 1e+03 K    Pressure = 1 atm

From\To         W1        W2        P1
W1        1.89e+10  8.55e+08   1.8e+10
W2         0.00231  3.84e+09  3.84e+09
P1        1.25e-21  1.02e-10  1.02e-10

Temperature = 1e+03 K    Pressure = 10 atm

From\To         W1        W2        P1
W1        5.29e+10  1.33e+10  3.96e+10
W2          0.0354   5.9e+09   5.9e+09
P1        2.77e-21  1.56e-10  1.56e-10

Temperature = 1e+03 K    Pressure = 100 atm

From\To         W1        W2        P1
W1        1.33e+11  9.42e+10  3.91e+10
W2           0.249  8.59e+09  8.59e+09
P1        2.74e-21  2.28e-10  2.28e-10

Temperature = 1.1e+03 K

High Pressure Rate Coefficients:

From\To         W1        W2        P1
W1             ***  3.51e+12       ***
W2            25.8       ***  9.44e+09
P1             ***  2.74e-10       ***

Temperature = 1.1e+03 K    Pressure = 0.1 atm

From\To         W1        W2        P1
W1        5.07e+09  2.79e+08  4.79e+09
W2          0.0021  2.22e+09  2.22e+09
P1           1e-21  6.43e-11  6.43e-11

Temperature = 1.1e+03 K    Pressure = 1 atm

From\To         W1        W2        P1
W1        1.59e+10   2.9e+09   1.3e+10
W2          0.0215  3.65e+09  3.65e+09
P1        2.77e-21  1.06e-10  1.06e-10

Temperature = 1.1e+03 K    Pressure = 10 atm

From\To         W1        W2        P1
W1        4.53e+10  1.91e+10  2.62e+10
W2           0.141  5.51e+09  5.51e+09
P1        5.58e-21   1.6e-10   1.6e-10

Temperature = 1.1e+03 K    Pressure = 100 atm

From\To         W1        W2        P1
W1        1.16e+11  8.98e+10  2.63e+10
W2           0.661  7.93e+09  7.93e+09
P1        5.62e-21   2.3e-10   2.3e-10

Temperature = 1.2e+03 K

High Pressure Rate Coefficients:

From\To         W1        W2        P1
W1             ***  3.93e+12       ***
W2            67.7       ***  8.71e+09
P1             ***  2.78e-10       ***

Temperature = 1.2e+03 K    Pressure = 0.1 atm

From\To         W1        W2        P1
W1        4.53e+09  9.46e+08  3.58e+09
W2          0.0165   2.1e+09   2.1e+09
P1        1.93e-21  6.68e-11  6.68e-11

Temperature = 1.2e+03 K    Pressure = 1 atm

From\To         W1        W2        P1
W1        1.42e+10  6.02e+09  8.19e+09
W2           0.104  3.41e+09  3.41e+09
P1        4.47e-21  1.09e-10  1.09e-10

Temperature = 1.2e+03 K    Pressure = 10 atm

From\To         W1        W2        P1
W1        4.06e+10  2.56e+10   1.5e+10
W2           0.442  5.09e+09  5.09e+09
P1        8.22e-21  1.63e-10  1.63e-10

Temperature = 1.2e+03 K    Pressure = 100 atm

From\To         W1        W2        P1
W1        1.05e+11  8.85e+10  1.66e+10
W2            1.52  7.28e+09  7.28e+09
P1        9.12e-21  2.33e-10  2.33e-10

Temperature = 1.3e+03 K

High Pressure Rate Coefficients:

From\To         W1        W2        P1
W1             ***  4.34e+12       ***
W2             153       ***  8.02e+09
P1             ***  2.82e-10       ***

Temperature = 1.3e+03 K    Pressure = 0.1 atm

From\To         W1        W2        P1
W1        3.82e+09  1.69e+09  2.13e+09
W2          0.0598  1.94e+09  1.94e+09
P1        2.59e-21   6.8e-11   6.8e-11

Temperature = 1.3e+03 K    Pressure = 1 atm

From\To         W1        W2        P1
W1         1.2e+10   7.9e+09  4.14e+09
W2           0.279  3.13e+09  3.13e+09
P1         5.1e-21   1.1e-10   1.1e-10

Temperature = 1.3e+03 K    Pressure = 10 atm

From\To         W1        W2        P1
W1        3.48e+10  2.79e+10  6.91e+09
W2           0.983  4.66e+09  4.66e+09
P1        8.56e-21  1.64e-10  1.64e-10

Temperature = 1.3e+03 K    Pressure = 100 atm

From\To         W1        W2        P1
W1        9.12e+10  8.23e+10  8.83e+09
W2            2.91  6.66e+09  6.66e+09
P1         1.1e-20  2.34e-10  2.34e-10

Temperature = 1.4e+03 K

High Pressure Rate Coefficients:

From\To         W1        W2        P1
W1             ***  4.72e+12       ***
W2             308       ***  7.37e+09
P1             ***  2.86e-10       ***

Temperature = 1.4e+03 K    Pressure = 0.1 atm

From\To         W1        W2        P1
W1         3.5e+09  2.33e+09  1.18e+09
W2           0.152  1.81e+09  1.81e+09
P1        2.94e-21  6.99e-11  6.99e-11

Temperature = 1.4e+03 K    Pressure = 1 atm

From\To         W1        W2        P1
W1         1.1e+10  8.98e+09  2.03e+09
W2           0.585   2.9e+09   2.9e+09
P1        5.12e-21  1.12e-10  1.12e-10

Temperature = 1.4e+03 K    Pressure = 10 atm

From\To         W1        W2        P1
W1        3.19e+10  2.87e+10  3.15e+09
W2            1.87  4.28e+09  4.28e+09
P1        7.93e-21  1.66e-10  1.66e-10

Temperature = 1.4e+03 K    Pressure = 100 atm

From\To         W1        W2        P1
W1         8.4e+10  7.96e+10  4.41e+09
W2            5.19   6.1e+09   6.1e+09
P1        1.11e-20  2.36e-10  2.36e-10

Temperature = 1.5e+03 K

High Pressure Rate Coefficients:

From\To         W1        W2        P1
W1             ***  5.09e+12       ***
W2             564       ***  6.78e+09
P1             ***  2.89e-10       ***

Temperature = 1.5e+03 K    Pressure = 0.1 atm

From\To         W1        W2        P1
W1        3.08e+09  2.56e+09  5.25e+08
W2           0.283  1.71e+09  1.71e+09
P1        2.51e-21  7.24e-11  7.24e-11

Temperature = 1.5e+03 K    Pressure = 1 atm

From\To         W1        W2        P1
W1         9.7e+09  8.84e+09  8.59e+08
W2           0.979  2.71e+09  2.71e+09
P1        4.08e-21  1.15e-10  1.15e-10

Temperature = 1.5e+03 K    Pressure = 10 atm

From\To         W1        W2        P1
W1        2.82e+10   2.7e+10  1.27e+09
W2            2.99  3.96e+09  3.96e+09
P1        6.02e-21  1.69e-10  1.69e-10

Temperature = 1.5e+03 K    Pressure = 100 atm

From\To         W1        W2        P1
W1        7.51e+10  7.32e+10  1.88e+09
W2            8.11   5.6e+09   5.6e+09
P1         8.9e-21  2.39e-10  2.39e-10

Temperature = 1.6e+03 K

High Pressure Rate Coefficients:

From\To         W1        W2        P1
W1             ***  5.45e+12       ***
W2             960       ***  6.24e+09
P1             ***  2.92e-10       ***

Temperature = 1.6e+03 K    Pressure = 0.1 atm

From\To         W1        W2        P1
W1        2.99e+09   2.7e+09  2.84e+08
W2           0.475  1.56e+09  1.56e+09
P1        2.45e-21   7.3e-11   7.3e-11

Temperature = 1.6e+03 K    Pressure = 1 atm

From\To         W1        W2        P1
W1        9.37e+09   8.9e+09   4.7e+08
W2            1.57  2.48e+09  2.48e+09
P1        3.93e-21  1.16e-10  1.16e-10

Temperature = 1.6e+03 K    Pressure = 10 atm

From\To         W1        W2        P1
W1        2.72e+10  2.65e+10  6.95e+08
W2            4.67  3.62e+09  3.62e+09
P1        5.75e-21   1.7e-10   1.7e-10

Temperature = 1.6e+03 K    Pressure = 100 atm

From\To         W1        W2        P1
W1        7.24e+10  7.13e+10  1.06e+09
W2            12.6  5.13e+09  5.13e+09
P1        8.78e-21   2.4e-10   2.4e-10

Temperature = 1.7e+03 K

High Pressure Rate Coefficients:

From\To         W1        W2        P1
W1             ***  5.78e+12       ***
W2        1.53e+03       ***  5.74e+09
P1             ***  2.95e-10       ***

Temperature = 1.7e+03 K    Pressure = 0.1 atm

From\To         W1        W2        P1
W1        2.36e+09  2.27e+09   8.5e+07
W2             0.6  1.51e+09  1.51e+09
P1        1.35e-21  7.71e-11  7.71e-11

Temperature = 1.7e+03 K    Pressure = 1 atm

From\To         W1        W2        P1
W1        7.66e+09   7.5e+09  1.58e+08
W2            1.99  2.36e+09  2.36e+09
P1        2.25e-21  1.21e-10  1.21e-10

Temperature = 1.7e+03 K    Pressure = 10 atm

From\To         W1        W2        P1
W1        2.27e+10  2.25e+10  2.44e+08
W2            5.95   3.4e+09   3.4e+09
P1        3.36e-21  1.75e-10  1.75e-10

Temperature = 1.7e+03 K    Pressure = 100 atm

From\To         W1        W2        P1
W1        6.14e+10   6.1e+10  3.98e+08
W2            16.2  4.75e+09  4.75e+09
P1        5.44e-21  2.44e-10  2.44e-10

Temperature = 1.8e+03 K

High Pressure Rate Coefficients:

From\To         W1        W2        P1
W1             ***  6.11e+12       ***
W2        2.33e+03       ***   5.3e+09
P1             ***  2.98e-10       ***

Temperature = 1.8e+03 K    Pressure = 0.1 atm

From\To         W1        W2        P1
W1        1.99e+09  1.97e+09  2.26e+07
W2           0.746  1.38e+09  1.38e+09
P1        8.38e-22  7.72e-11  7.72e-11

Temperature = 1.8e+03 K    Pressure = 1 atm

From\To         W1        W2        P1
W1        6.85e+09  6.79e+09  6.65e+07
W2            2.58  2.16e+09  2.16e+09
P1         1.6e-21  1.21e-10  1.21e-10

Temperature = 1.8e+03 K    Pressure = 10 atm

From\To         W1        W2        P1
W1        2.07e+10  2.06e+10  1.18e+08
W2            7.85  3.11e+09  3.11e+09
P1         2.6e-21  1.75e-10  1.75e-10

Temperature = 1.8e+03 K    Pressure = 100 atm

From\To         W1        W2        P1
W1        5.66e+10  5.64e+10  2.06e+08
W2            21.5  4.35e+09  4.35e+09
P1        4.47e-21  2.45e-10  2.45e-10

Temperature = 1.9e+03 K

High Pressure Rate Coefficients:

From\To         W1        W2        P1
W1             ***  6.41e+12       ***
W2        3.39e+03       ***   4.9e+09
P1             ***     3e-10       ***

Temperature = 1.9e+03 K    Pressure = 0.1 atm

From\To         W1        W2        P1
W1        1.53e+09  1.53e+09 -1.37e+06
W2           0.802  1.29e+09  1.29e+09
P1        4.29e-22  7.86e-11  7.86e-11

Temperature = 1.9e+03 K    Pressure = 1 atm

From\To         W1        W2        P1
W1        5.84e+09  5.82e+09  2.23e+07
W2            3.07     2e+09     2e+09
P1        9.75e-22  1.23e-10  1.23e-10

Temperature = 1.9e+03 K    Pressure = 10 atm

From\To         W1        W2        P1
W1        1.84e+10  1.83e+10  5.31e+07
W2            9.65  2.88e+09  2.88e+09
P1        1.83e-21  1.77e-10  1.77e-10

Temperature = 1.9e+03 K    Pressure = 100 atm

From\To         W1        W2        P1
W1        5.11e+10   5.1e+10  1.03e+08
W2            26.9  4.02e+09  4.02e+09
P1        3.43e-21  2.47e-10  2.47e-10

Temperature = 2e+03 K

High Pressure Rate Coefficients:

From\To         W1        W2        P1
W1             ***  6.71e+12       ***
W2        4.75e+03       ***  4.53e+09
P1             ***  3.03e-10       ***

Temperature = 2e+03 K    Pressure = 0.1 atm

From\To         W1        W2        P1
W1        1.27e+09  1.27e+09  -7.9e+06
W2           0.893   1.2e+09   1.2e+09
P1        2.53e-22  8.01e-11  8.01e-11

Temperature = 2e+03 K    Pressure = 1 atm

From\To         W1        W2        P1
W1        5.44e+09  5.44e+09  6.08e+06
W2            3.84  1.86e+09  1.86e+09
P1        6.53e-22  1.25e-10  1.25e-10

Temperature = 2e+03 K    Pressure = 10 atm

From\To         W1        W2        P1
W1        1.79e+10  1.79e+10  2.86e+07
W2            12.6  2.67e+09  2.67e+09
P1        1.51e-21  1.79e-10  1.79e-10

Temperature = 2e+03 K    Pressure = 100 atm

From\To         W1        W2        P1
W1        5.05e+10  5.04e+10  6.24e+07
W2            35.6  3.72e+09  3.72e+09
P1        3.06e-21  2.48e-10  2.48e-10

______________________________________________________________________________________

High Pressure Rate Coefficients (Temperature-Species Rate Tables):

Reactant = W1
   T(K)        W1        W2        P1
    500       ***  7.79e+11       ***
    600       ***   1.2e+12       ***
    700       ***  1.66e+12       ***
    800       ***  2.14e+12       ***
    900       ***  2.61e+12       ***
  1e+03       ***  3.07e+12       ***
1.1e+03       ***  3.51e+12       ***
1.2e+03       ***  3.93e+12       ***
1.3e+03       ***  4.34e+12       ***
1.4e+03       ***  4.72e+12       ***
1.5e+03       ***  5.09e+12       ***
1.6e+03       ***  5.45e+12       ***
1.7e+03       ***  5.78e+12       ***
1.8e+03       ***  6.11e+12       ***
1.9e+03       ***  6.41e+12       ***
  2e+03       ***  6.71e+12       ***

Reactant = W2
   T(K)        W1        W2        P1
    500  1.92e-05       ***  1.02e+10
    600   0.00151       ***  1.14e+10
    700    0.0331       ***  1.17e+10
    800      0.33       ***  1.14e+10
    900      1.96       ***  1.09e+10
  1e+03      8.11       ***  1.02e+10
1.1e+03      25.8       ***  9.44e+09
1.2e+03      67.7       ***  8.71e+09
1.3e+03       153       ***  8.02e+09
1.4e+03       308       ***  7.37e+09
1.5e+03       564       ***  6.78e+09
1.6e+03       960       ***  6.24e+09
1.7e+03  1.53e+03       ***  5.74e+09
1.8e+03  2.33e+03       ***   5.3e+09
1.9e+03  3.39e+03       ***   4.9e+09
  2e+03  4.75e+03       ***  4.53e+09

Reactant = P1
   T(K)        W1        W2        P1
    500       ***  2.41e-10       ***
    600       ***  2.48e-10       ***
    700       ***  2.54e-10       ***
    800       ***   2.6e-10       ***
    900       ***  2.65e-10       ***
  1e+03       ***   2.7e-10       ***
1.1e+03       ***  2.74e-10       ***
1.2e+03       ***  2.78e-10       ***
1.3e+03       ***  2.82e-10       ***
1.4e+03       ***  2.86e-10       ***
1.5e+03       ***  2.89e-10       ***
1.6e+03       ***  2.92e-10       ***
1.7e+03       ***  2.95e-10       ***
1.8e+03       ***  2.98e-10       ***
1.9e+03       ***     3e-10       ***
  2e+03       ***  3.03e-10       ***

Capture/Escape Rate Coefficients:

   T(K)        W1        W2        P1
    500  7.79e+11  1.02e+10  2.41e-10
    600   1.2e+12  1.14e+10  2.48e-10
    700  1.66e+12  1.17e+10  2.54e-10
    800  2.14e+12  1.14e+10   2.6e-10
    900  2.61e+12  1.09e+10  2.65e-10
  1e+03  3.07e+12  1.02e+10   2.7e-10
1.1e+03  3.51e+12  9.44e+09  2.74e-10
1.2e+03  3.93e+12  8.71e+09  2.78e-10
1.3e+03  4.34e+12  8.02e+09  2.82e-10
1.4e+03  4.72e+12  7.37e+09  2.86e-10
1.5e+03  5.09e+12  6.78e+09  2.89e-10
1.6e+03  5.45e+12  6.24e+09  2.92e-10
1.7e+03  5.78e+12  5.74e+09  2.95e-10
1.8e+03  6.11e+12   5.3e+09  2.98e-10
1.9e+03  6.41e+12   4.9e+09     3e-10
  2e+03  6.71e+12  4.53e+09  3.03e-10

______________________________________________________________________________________

Pressure-Species Rate Tables:

Reactant = W1   Temperature = 500 K

   P(atm)        W2        P1      Loss
      0.1 -4.52e+06  1.14e+10  1.14e+10
        1 -3.96e+07  3.41e+10   3.4e+10
       10  3.15e+09  8.24e+10  8.56e+10
      100  1.12e+11  7.57e+10  1.88e+11
      O-O  7.79e+11       ***  7.79e+11

Reactant = W1   Temperature = 600 K

   P(atm)        W2        P1      Loss
      0.1 -2.99e+06   9.8e+09  9.79e+09
        1 -2.16e+07  3.02e+10  3.01e+10
       10  3.77e+09  7.58e+10  7.95e+10
      100  1.09e+11  7.57e+10  1.85e+11
      O-O   1.2e+12       ***   1.2e+12

Reactant = W1   Temperature = 700 K

   P(atm)        W2        P1      Loss
      0.1 -2.61e+06  9.28e+09  9.28e+09
        1  1.89e+06  2.86e+10  2.86e+10
       10  4.96e+09  7.18e+10  7.67e+10
      100  1.08e+11  7.38e+10  1.82e+11
      O-O  1.66e+12       ***  1.66e+12

Reactant = W1   Temperature = 800 K

   P(atm)        W2        P1      Loss
      0.1 -1.87e+06  7.44e+09  7.44e+09
        1  7.46e+07  2.32e+10  2.33e+10
       10   6.7e+09  5.77e+10  6.44e+10
      100  9.89e+10  5.91e+10  1.58e+11
      O-O  2.14e+12       ***  2.14e+12

Reactant = W1   Temperature = 900 K

   P(atm)        W2        P1      Loss
      0.1 -1.46e+06  6.62e+09  6.62e+09
        1  2.52e+08  2.05e+10  2.08e+10
       10  9.43e+09  4.85e+10  5.79e+10
      100  9.58e+10  4.86e+10  1.44e+11
      O-O  2.61e+12       ***  2.61e+12

Reactant = W1   Temperature = 1e+03 K

   P(atm)        W2        P1      Loss
      0.1  3.46e+07     6e+09  6.04e+09
        1  8.55e+08   1.8e+10  1.89e+10
       10  1.33e+10  3.96e+10  5.29e+10
      100  9.42e+10  3.91e+10  1.33e+11
      O-O  3.07e+12       ***  3.07e+12

Reactant = W1   Temperature = 1.1e+03 K

   P(atm)        W2        P1      Loss
      0.1  2.79e+08  4.79e+09  5.07e+09
        1   2.9e+09   1.3e+10  1.59e+10
       10  1.91e+10  2.62e+10  4.53e+10
      100  8.98e+10  2.63e+10  1.16e+11
      O-O  3.51e+12       ***  3.51e+12

Reactant = W1   Temperature = 1.2e+03 K

   P(atm)        W2        P1      Loss
      0.1  9.46e+08  3.58e+09  4.53e+09
        1  6.02e+09  8.19e+09  1.42e+10
       10  2.56e+10   1.5e+10  4.06e+10
      100  8.85e+10  1.66e+10  1.05e+11
      O-O  3.93e+12       ***  3.93e+12

Reactant = W1   Temperature = 1.3e+03 K

   P(atm)        W2        P1      Loss
      0.1  1.69e+09  2.13e+09  3.82e+09
        1   7.9e+09  4.14e+09   1.2e+10
       10  2.79e+10  6.91e+09  3.48e+10
      100  8.23e+10  8.83e+09  9.12e+10
      O-O  4.34e+12       ***  4.34e+12

Reactant = W1   Temperature = 1.4e+03 K

   P(atm)        W2        P1      Loss
      0.1  2.33e+09  1.18e+09   3.5e+09
        1  8.98e+09  2.03e+09   1.1e+10
       10  2.87e+10  3.15e+09  3.19e+10
      100  7.96e+10  4.41e+09   8.4e+10
      O-O  4.72e+12       ***  4.72e+12

Reactant = W1   Temperature = 1.5e+03 K

   P(atm)        W2        P1      Loss
      0.1  2.56e+09  5.25e+08  3.08e+09
        1  8.84e+09  8.59e+08   9.7e+09
       10   2.7e+10  1.27e+09  2.82e+10
      100  7.32e+10  1.88e+09  7.51e+10
      O-O  5.09e+12       ***  5.09e+12

Reactant = W1   Temperature = 1.6e+03 K

   P(atm)        W2        P1      Loss
      0.1   2.7e+09  2.84e+08  2.99e+09
        1   8.9e+09   4.7e+08  9.37e+09
       10  2.65e+10  6.95e+08  2.72e+10
      100  7.13e+10  1.06e+09  7.24e+10
      O-O  5.45e+12       ***  5.45e+12

Reactant = W1   Temperature = 1.7e+03 K

   P(atm)        W2        P1      Loss
      0.1  2.27e+09   8.5e+07  2.36e+09
        1   7.5e+09  1.58e+08  7.66e+09
       10  2.25e+10  2.44e+08  2.27e+10
      100   6.1e+10  3.98e+08  6.14e+10
      O-O  5.78e+12       ***  5.78e+12

Reactant = W1   Temperature = 1.8e+03 K

   P(atm)        W2        P1      Loss
      0.1  1.97e+09  2.26e+07  1.99e+09
        1  6.79e+09  6.65e+07  6.85e+09
       10  2.06e+10  1.18e+08  2.07e+10
      100  5.64e+10  2.06e+08  5.66e+10
      O-O  6.11e+12       ***  6.11e+12

Reactant = W1   Temperature = 1.9e+03 K

   P(atm)        W2        P1      Loss
      0.1  1.53e+09 -1.37e+06  1.53e+09
        1  5.82e+09  2.23e+07  5.84e+09
       10  1.83e+10  5.31e+07  1.84e+10
      100   5.1e+10  1.03e+08  5.11e+10
      O-O  6.41e+12       ***  6.41e+12

Reactant = W1   Temperature = 2e+03 K

   P(atm)        W2        P1      Loss
      0.1  1.27e+09  -7.9e+06  1.27e+09
        1  5.44e+09  6.08e+06  5.44e+09
       10  1.79e+10  2.86e+07  1.79e+10
      100  5.04e+10  6.24e+07  5.05e+10
      O-O  6.71e+12       ***  6.71e+12

Reactant = W2   Temperature = 500 K

   P(atm)        W1        P1      Loss
      0.1  3.53e-13  1.67e+09  1.67e+09
        1  8.58e-11  3.29e+09  3.29e+09
       10  8.36e-08  6.09e+09  6.09e+09
      100  2.77e-06  9.18e+09  9.18e+09
      O-O  1.92e-05  1.02e+10  1.02e+10

Reactant = W2   Temperature = 600 K

   P(atm)        W1        P1      Loss
      0.1  1.01e-10  2.17e+09  2.17e+09
        1  1.46e-08  3.97e+09  3.97e+09
       10  4.99e-06  6.78e+09  6.78e+09
      100  0.000137  1.01e+10  1.01e+10
      O-O   0.00151  1.14e+10  1.14e+10

Reactant = W2   Temperature = 700 K

   P(atm)        W1        P1      Loss
      0.1  6.55e-09  2.32e+09  2.32e+09
        1  6.85e-07  4.12e+09  4.12e+09
       10  0.000103   6.8e+09   6.8e+09
      100   0.00215  1.02e+10  1.02e+10
      O-O    0.0331  1.17e+10  1.17e+10

Reactant = W2   Temperature = 800 K

   P(atm)        W1        P1      Loss
      0.1  2.01e-08  2.48e+09  2.48e+09
        1  1.52e-05  4.25e+09  4.25e+09
       10   0.00106  6.73e+09  6.73e+09
      100    0.0153  9.87e+09  9.87e+09
      O-O      0.33  1.14e+10  1.14e+10

Reactant = W2   Temperature = 900 K

   P(atm)        W1        P1      Loss
      0.1   3.4e-07  2.44e+09  2.44e+09
        1  0.000206  4.11e+09  4.11e+09
       10   0.00718  6.38e+09  6.38e+09
      100    0.0722  9.29e+09  9.29e+09
      O-O      1.96  1.09e+10  1.09e+10

Reactant = W2   Temperature = 1e+03 K

   P(atm)        W1        P1      Loss
      0.1  9.91e-05   2.3e+09   2.3e+09
        1   0.00231  3.84e+09  3.84e+09
       10    0.0354   5.9e+09   5.9e+09
      100     0.249  8.59e+09  8.59e+09
      O-O      8.11  1.02e+10  1.02e+10

Reactant = W2   Temperature = 1.1e+03 K

   P(atm)        W1        P1      Loss
      0.1    0.0021  2.22e+09  2.22e+09
        1    0.0215  3.65e+09  3.65e+09
       10     0.141  5.51e+09  5.51e+09
      100     0.661  7.93e+09  7.93e+09
      O-O      25.8  9.44e+09  9.44e+09

Reactant = W2   Temperature = 1.2e+03 K

   P(atm)        W1        P1      Loss
      0.1    0.0165   2.1e+09   2.1e+09
        1     0.104  3.41e+09  3.41e+09
       10     0.442  5.09e+09  5.09e+09
      100      1.52  7.28e+09  7.28e+09
      O-O      67.7  8.71e+09  8.71e+09

Reactant = W2   Temperature = 1.3e+03 K

   P(atm)        W1        P1      Loss
      0.1    0.0598  1.94e+09  1.94e+09
        1     0.279  3.13e+09  3.13e+09
       10     0.983  4.66e+09  4.66e+09
      100      2.91  6.66e+09  6.66e+09
      O-O       153  8.02e+09  8.02e+09

Reactant = W2   Temperature = 1.4e+03 K

   P(atm)        W1        P1      Loss
      0.1     0.152  1.81e+09  1.81e+09
        1     0.585   2.9e+09   2.9e+09
       10      1.87  4.28e+09  4.28e+09
      100      5.19   6.1e+09   6.1e+09
      O-O       308  7.37e+09  7.37e+09

Reactant = W2   Temperature = 1.5e+03 K

   P(atm)        W1        P1      Loss
      0.1     0.283  1.71e+09  1.71e+09
        1     0.979  2.71e+09  2.71e+09
       10      2.99  3.96e+09  3.96e+09
      100      8.11   5.6e+09   5.6e+09
      O-O       564  6.78e+09  6.78e+09

Reactant = W2   Temperature = 1.6e+03 K

   P(atm)        W1        P1      Loss
      0.1     0.475  1.56e+09  1.56e+09
        1      1.57  2.48e+09  2.48e+09
       10      4.67  3.62e+09  3.62e+09
      100      12.6  5.13e+09  5.13e+09
      O-O       960  6.24e+09  6.24e+09

Reactant = W2   Temperature = 1.7e+03 K

   P(atm)        W1        P1      Loss
      0.1       0.6  1.51e+09  1.51e+09
        1      1.99  2.36e+09  2.36e+09
       10      5.95   3.4e+09   3.4e+09
      100      16.2  4.75e+09  4.75e+09
      O-O  1.53e+03  5.74e+09  5.74e+09

Reactant = W2   Temperature = 1.8e+03 K

   P(atm)        W1        P1      Loss
      0.1     0.746  1.38e+09  1.38e+09
        1      2.58  2.16e+09  2.16e+09
       10      7.85  3.11e+09  3.11e+09
      100      21.5  4.35e+09  4.35e+09
      O-O  2.33e+03   5.3e+09   5.3e+09

Reactant = W2   Temperature = 1.9e+03 K

   P(atm)        W1        P1      Loss
      0.1     0.802  1.29e+09  1.29e+09
        1      3.07     2e+09     2e+09
       10      9.65  2.88e+09  2.88e+09
      100      26.9  4.02e+09  4.02e+09
      O-O  3.39e+03   4.9e+09   4.9e+09

Reactant = W2   Temperature = 2e+03 K

   P(atm)        W1        P1      Loss
      0.1     0.893   1.2e+09   1.2e+09
        1      3.84  1.86e+09  1.86e+09
       10      12.6  2.67e+09  2.67e+09
      100      35.6  3.72e+09  3.72e+09
      O-O  4.75e+03  4.53e+09  4.53e+09

Reactant = P1   Temperature = 500 K

   P(atm)        W1        W2      Loss
      0.1  6.55e-27  3.93e-11  3.93e-11
        1  1.97e-26  7.76e-11  7.76e-11
       10  4.78e-26  1.44e-10  1.44e-10
      100  4.39e-26  2.16e-10  2.16e-10
      O-O       ***  2.41e-10  2.41e-10

Reactant = P1   Temperature = 600 K

   P(atm)        W1        W2      Loss
      0.1  2.63e-25   4.7e-11   4.7e-11
        1  8.18e-25  8.63e-11  8.63e-11
       10  2.06e-24  1.47e-10  1.47e-10
      100  2.06e-24   2.2e-10   2.2e-10
      O-O       ***  2.48e-10  2.48e-10

Reactant = P1   Temperature = 700 K

   P(atm)        W1        W2      Loss
      0.1  3.94e-24  5.03e-11  5.03e-11
        1  1.23e-23  8.95e-11  8.95e-11
       10   3.1e-23  1.48e-10  1.48e-10
      100  3.19e-23  2.21e-10  2.21e-10
      O-O       ***  2.54e-10  2.54e-10

Reactant = P1   Temperature = 800 K

   P(atm)        W1        W2      Loss
      0.1  2.57e-23  5.61e-11  5.61e-11
        1  8.13e-23  9.66e-11  9.66e-11
       10  2.03e-22  1.53e-10  1.53e-10
      100  2.08e-22  2.24e-10  2.24e-10
      O-O       ***   2.6e-10   2.6e-10

Reactant = P1   Temperature = 900 K

   P(atm)        W1        W2      Loss
      0.1  1.19e-22  5.93e-11  5.93e-11
        1  3.74e-22     1e-10     1e-10
       10  8.88e-22  1.56e-10  1.56e-10
      100  8.91e-22  2.26e-10  2.26e-10
      O-O       ***  2.65e-10  2.65e-10

Reactant = P1   Temperature = 1e+03 K

   P(atm)        W1        W2      Loss
      0.1  4.11e-22  6.08e-11  6.08e-11
        1  1.25e-21  1.02e-10  1.02e-10
       10  2.77e-21  1.56e-10  1.56e-10
      100  2.74e-21  2.28e-10  2.28e-10
      O-O       ***   2.7e-10   2.7e-10

Reactant = P1   Temperature = 1.1e+03 K

   P(atm)        W1        W2      Loss
      0.1     1e-21  6.43e-11  6.43e-11
        1  2.77e-21  1.06e-10  1.06e-10
       10  5.58e-21   1.6e-10   1.6e-10
      100  5.62e-21   2.3e-10   2.3e-10
      O-O       ***  2.74e-10  2.74e-10

Reactant = P1   Temperature = 1.2e+03 K

   P(atm)        W1        W2      Loss
      0.1  1.93e-21  6.68e-11  6.68e-11
        1  4.47e-21  1.09e-10  1.09e-10
       10  8.22e-21  1.63e-10  1.63e-10
      100  9.12e-21  2.33e-10  2.33e-10
      O-O       ***  2.78e-10  2.78e-10

Reactant = P1   Temperature = 1.3e+03 K

   P(atm)        W1        W2      Loss
      0.1  2.59e-21   6.8e-11   6.8e-11
        1   5.1e-21   1.1e-10   1.1e-10
       10  8.56e-21  1.64e-10  1.64e-10
      100   1.1e-20  2.34e-10  2.34e-10
      O-O       ***  2.82e-10  2.82e-10

Reactant = P1   Temperature = 1.4e+03 K

   P(atm)        W1        W2      Loss
      0.1  2.94e-21  6.99e-11  6.99e-11
        1  5.12e-21  1.12e-10  1.12e-10
       10  7.93e-21  1.66e-10  1.66e-10
      100  1.11e-20  2.36e-10  2.36e-10
      O-O       ***  2.86e-10  2.86e-10

Reactant = P1   Temperature = 1.5e+03 K

   P(atm)        W1        W2      Loss
      0.1  2.51e-21  7.24e-11  7.24e-11
        1  4.08e-21  1.15e-10  1.15e-10
       10  6.02e-21  1.69e-10  1.69e-10
      100   8.9e-21  2.39e-10  2.39e-10
      O-O       ***  2.89e-10  2.89e-10

Reactant = P1   Temperature = 1.6e+03 K

   P(atm)        W1        W2      Loss
      0.1  2.45e-21   7.3e-11   7.3e-11
        1  3.93e-21  1.16e-10  1.16e-10
       10  5.75e-21   1.7e-10   1.7e-10
      100  8.78e-21   2.4e-10   2.4e-10
      O-O       ***  2.92e-10  2.92e-10

Reactant = P1   Temperature = 1.7e+03 K

   P(atm)        W1        W2      Loss
      0.1  1.35e-21  7.71e-11  7.71e-11
        1  2.25e-21  1.21e-10  1.21e-10
       10  3.36e-21  1.75e-10  1.75e-10
      100  5.44e-21  2.44e-10  2.44e-10
      O-O       ***  2.95e-10  2.95e-10

Reactant = P1   Temperature = 1.8e+03 K

   P(atm)        W1        W2      Loss
      0.1  8.38e-22  7.72e-11  7.72e-11
        1   1.6e-21  1.21e-10  1.21e-10
       10   2.6e-21  1.75e-10  1.75e-10
      100  4.47e-21  2.45e-10  2.45e-10
      O-O       ***  2.98e-10  2.98e-10

Reactant = P1   Temperature = 1.9e+03 K

   P(atm)        W1        W2      Loss
      0.1  4.29e-22  7.86e-11  7.86e-11
        1  9.75e-22  1.23e-10  1.23e-10
       10  1.83e-21  1.77e-10  1.77e-10
      100  3.43e-21  2.47e-10  2.47e-10
      O-O       ***     3e-10     3e-10

Reactant = P1   Temperature = 2e+03 K

   P(atm)        W1        W2      Loss
      0.1  2.53e-22  8.01e-11  8.01e-11
        1  6.53e-22  1.25e-10  1.25e-10
       10  1.51e-21  1.79e-10  1.79e-10
      100  3.06e-21  2.48e-10  2.48e-10
      O-O       ***  3.03e-10  3.03e-10

______________________________________________________________________________________

Temperature-Species Rate Tables:

Reactant = W1   Pressure = 0.1 atm

   T(K)        W2        P1      Loss   Capture
    500 -4.52e+06  1.14e+10  1.14e+10  7.79e+11
    600 -2.99e+06   9.8e+09  9.79e+09   1.2e+12
    700 -2.61e+06  9.28e+09  9.28e+09  1.66e+12
    800 -1.87e+06  7.44e+09  7.44e+09  2.14e+12
    900 -1.46e+06  6.62e+09  6.62e+09  2.61e+12
  1e+03  3.46e+07     6e+09  6.04e+09  3.07e+12
1.1e+03  2.79e+08  4.79e+09  5.07e+09  3.51e+12
1.2e+03  9.46e+08  3.58e+09  4.53e+09  3.93e+12
1.3e+03  1.69e+09  2.13e+09  3.82e+09  4.34e+12
1.4e+03  2.33e+09  1.18e+09   3.5e+09  4.72e+12
1.5e+03  2.56e+09  5.25e+08  3.08e+09  5.09e+12
1.6e+03   2.7e+09  2.84e+08  2.99e+09  5.45e+12
1.7e+03  2.27e+09   8.5e+07  2.36e+09  5.78e+12
1.8e+03  1.97e+09  2.26e+07  1.99e+09  6.11e+12
1.9e+03  1.53e+09 -1.37e+06  1.53e+09  6.41e+12
  2e+03  1.27e+09  -7.9e+06  1.27e+09  6.71e+12

Reactant = W1   Pressure = 1 atm

   T(K)        W2        P1      Loss   Capture
    500 -3.96e+07  3.41e+10   3.4e+10  7.79e+11
    600 -2.16e+07  3.02e+10  3.01e+10   1.2e+12
    700  1.89e+06  2.86e+10  2.86e+10  1.66e+12
    800  7.46e+07  2.32e+10  2.33e+10  2.14e+12
    900  2.52e+08  2.05e+10  2.08e+10  2.61e+12
  1e+03  8.55e+08   1.8e+10  1.89e+10  3.07e+12
1.1e+03   2.9e+09   1.3e+10  1.59e+10  3.51e+12
1.2e+03  6.02e+09  8.19e+09  1.42e+10  3.93e+12
1.3e+03   7.9e+09  4.14e+09   1.2e+10  4.34e+12
1.4e+03  8.98e+09  2.03e+09   1.1e+10  4.72e+12
1.5e+03  8.84e+09  8.59e+08   9.7e+09  5.09e+12
1.6e+03   8.9e+09   4.7e+08  9.37e+09  5.45e+12
1.7e+03   7.5e+09  1.58e+08  7.66e+09  5.78e+12
1.8e+03  6.79e+09  6.65e+07  6.85e+09  6.11e+12
1.9e+03  5.82e+09  2.23e+07  5.84e+09  6.41e+12
  2e+03  5.44e+09  6.08e+06  5.44e+09  6.71e+12

Reactant = W1   Pressure = 10 atm

   T(K)        W2        P1      Loss   Capture
    500  3.15e+09  8.24e+10  8.56e+10  7.79e+11
    600  3.77e+09  7.58e+10  7.95e+10   1.2e+12
    700  4.96e+09  7.18e+10  7.67e+10  1.66e+12
    800   6.7e+09  5.77e+10  6.44e+10  2.14e+12
    900  9.43e+09  4.85e+10  5.79e+10  2.61e+12
  1e+03  1.33e+10  3.96e+10  5.29e+10  3.07e+12
1.1e+03  1.91e+10  2.62e+10  4.53e+10  3.51e+12
1.2e+03  2.56e+10   1.5e+10  4.06e+10  3.93e+12
1.3e+03  2.79e+10  6.91e+09  3.48e+10  4.34e+12
1.4e+03  2.87e+10  3.15e+09  3.19e+10  4.72e+12
1.5e+03   2.7e+10  1.27e+09  2.82e+10  5.09e+12
1.6e+03  2.65e+10  6.95e+08  2.72e+10  5.45e+12
1.7e+03  2.25e+10  2.44e+08  2.27e+10  5.78e+12
1.8e+03  2.06e+10  1.18e+08  2.07e+10  6.11e+12
1.9e+03  1.83e+10  5.31e+07  1.84e+10  6.41e+12
  2e+03  1.79e+10  2.86e+07  1.79e+10  6.71e+12

Reactant = W1   Pressure = 100 atm

   T(K)        W2        P1      Loss   Capture
    500  1.12e+11  7.57e+10  1.88e+11  7.79e+11
    600  1.09e+11  7.57e+10  1.85e+11   1.2e+12
    700  1.08e+11  7.38e+10  1.82e+11  1.66e+12
    800  9.89e+10  5.91e+10  1.58e+11  2.14e+12
    900  9.58e+10  4.86e+10  1.44e+11  2.61e+12
  1e+03  9.42e+10  3.91e+10  1.33e+11  3.07e+12
1.1e+03  8.98e+10  2.63e+10  1.16e+11  3.51e+12
1.2e+03  8.85e+10  1.66e+10  1.05e+11  3.93e+12
1.3e+03  8.23e+10  8.83e+09  9.12e+10  4.34e+12
1.4e+03  7.96e+10  4.41e+09   8.4e+10  4.72e+12
1.5e+03  7.32e+10  1.88e+09  7.51e+10  5.09e+12
1.6e+03  7.13e+10  1.06e+09  7.24e+10  5.45e+12
1.7e+03   6.1e+10  3.98e+08  6.14e+10  5.78e+12
1.8e+03  5.64e+10  2.06e+08  5.66e+10  6.11e+12
1.9e+03   5.1e+10  1.03e+08  5.11e+10  6.41e+12
  2e+03  5.04e+10  6.24e+07  5.05e+10  6.71e+12

Reactant = W2   Pressure = 0.1 atm

   T(K)        W1        P1      Loss   Capture
    500  3.53e-13  1.67e+09  1.67e+09  1.02e+10
    600  1.01e-10  2.17e+09  2.17e+09  1.14e+10
    700  6.55e-09  2.32e+09  2.32e+09  1.17e+10
    800  2.01e-08  2.48e+09  2.48e+09  1.14e+10
    900   3.4e-07  2.44e+09  2.44e+09  1.09e+10
  1e+03  9.91e-05   2.3e+09   2.3e+09  1.02e+10
1.1e+03    0.0021  2.22e+09  2.22e+09  9.44e+09
1.2e+03    0.0165   2.1e+09   2.1e+09  8.71e+09
1.3e+03    0.0598  1.94e+09  1.94e+09  8.02e+09
1.4e+03     0.152  1.81e+09  1.81e+09  7.37e+09
1.5e+03     0.283  1.71e+09  1.71e+09  6.78e+09
1.6e+03     0.475  1.56e+09  1.56e+09  6.24e+09
1.7e+03       0.6  1.51e+09  1.51e+09  5.74e+09
1.8e+03     0.746  1.38e+09  1.38e+09   5.3e+09
1.9e+03     0.802  1.29e+09  1.29e+09   4.9e+09
  2e+03     0.893   1.2e+09   1.2e+09  4.53e+09

Reactant = W2   Pressure = 1 atm

   T(K)        W1        P1      Loss   Capture
    500  8.58e-11  3.29e+09  3.29e+09  1.02e+10
    600  1.46e-08  3.97e+09  3.97e+09  1.14e+10
    700  6.85e-07  4.12e+09  4.12e+09  1.17e+10
    800  1.52e-05  4.25e+09  4.25e+09  1.14e+10
    900  0.000206  4.11e+09  4.11e+09  1.09e+10
  1e+03   0.00231  3.84e+09  3.84e+09  1.02e+10
1.1e+03    0.0215  3.65e+09  3.65e+09  9.44e+09
1.2e+03     0.104  3.41e+09  3.41e+09  8.71e+09
1.3e+03     0.279  3.13e+09  3.13e+09  8.02e+09
1.4e+03     0.585   2.9e+09   2.9e+09  7.37e+09
1.5e+03     0.979  2.71e+09  2.71e+09  6.78e+09
1.6e+03      1.57  2.48e+09  2.48e+09  6.24e+09
1.7e+03      1.99  2.36e+09  2.36e+09  5.74e+09
1.8e+03      2.58  2.16e+09  2.16e+09   5.3e+09
1.9e+03      3.07     2e+09     2e+09   4.9e+09
  2e+03      3.84  1.86e+09  1.86e+09  4.53e+09

Reactant = W2   Pressure = 10 atm

   T(K)        W1        P1      Loss   Capture
    500  8.36e-08  6.09e+09  6.09e+09  1.02e+10
    600  4.99e-06  6.78e+09  6.78e+09  1.14e+10
    700  0.000103   6.8e+09   6.8e+09  1.17e+10
    800   0.00106  6.73e+09  6.73e+09  1.14e+10
    900   0.00718  6.38e+09  6.38e+09  1.09e+10
  1e+03    0.0354   5.9e+09   5.9e+09  1.02e+10
1.1e+03     0.141  5.51e+09  5.51e+09  9.44e+09
1.2e+03     0.442  5.09e+09  5.09e+09  8.71e+09
1.3e+03     0.983  4.66e+09  4.66e+09  8.02e+09
1.4e+03      1.87  4.28e+09  4.28e+09  7.37e+09
1.5e+03      2.99  3.96e+09  3.96e+09  6.78e+09
1.6e+03      4.67  3.62e+09  3.62e+09  6.24e+09
1.7e+03      5.95   3.4e+09   3.4e+09  5.74e+09
1.8e+03      7.85  3.11e+09  3.11e+09   5.3e+09
1.9e+03      9.65  2.88e+09  2.88e+09   4.9e+09
  2e+03      12.6  2.67e+09  2.67e+09  4.53e+09

Reactant = W2   Pressure = 100 atm

   T(K)        W1        P1      Loss   Capture
    500  2.77e-06  9.18e+09  9.18e+09  1.02e+10
    600  0.000137  1.01e+10  1.01e+10  1.14e+10
    700   0.00215  1.02e+10  1.02e+10  1.17e+10
    800    0.0153  9.87e+09  9.87e+09  1.14e+10
    900    0.0722  9.29e+09  9.29e+09  1.09e+10
  1e+03     0.249  8.59e+09  8.59e+09  1.02e+10
1.1e+03     0.661  7.93e+09  7.93e+09  9.44e+09
1.2e+03      1.52  7.28e+09  7.28e+09  8.71e+09
1.3e+03      2.91  6.66e+09  6.66e+09  8.02e+09
1.4e+03      5.19   6.1e+09   6.1e+09  7.37e+09
1.5e+03      8.11   5.6e+09   5.6e+09  6.78e+09
1.6e+03      12.6  5.13e+09  5.13e+09  6.24e+09
1.7e+03      16.2  4.75e+09  4.75e+09  5.74e+09
1.8e+03      21.5  4.35e+09  4.35e+09   5.3e+09
1.9e+03      26.9  4.02e+09  4.02e+09   4.9e+09
  2e+03      35.6  3.72e+09  3.72e+09  4.53e+09

Reactant = P1   Pressure = 0.1 atm

   T(K)        W1        W2      Loss   Capture
    500  6.55e-27  3.93e-11  3.93e-11  2.41e-10
    600  2.63e-25   4.7e-11   4.7e-11  2.48e-10
    700  3.94e-24  5.03e-11  5.03e-11  2.54e-10
    800  2.57e-23  5.61e-11  5.61e-11   2.6e-10
    900  1.19e-22  5.93e-11  5.93e-11  2.65e-10
  1e+03  4.11e-22  6.08e-11  6.08e-11   2.7e-10
1.1e+03     1e-21  6.43e-11  6.43e-11  2.74e-10
1.2e+03  1.93e-21  6.68e-11  6.68e-11  2.78e-10
1.3e+03  2.59e-21   6.8e-11   6.8e-11  2.82e-10
1.4e+03  2.94e-21  6.99e-11  6.99e-11  2.86e-10
1.5e+03  2.51e-21  7.24e-11  7.24e-11  2.89e-10
1.6e+03  2.45e-21   7.3e-11   7.3e-11  2.92e-10
1.7e+03  1.35e-21  7.71e-11  7.71e-11  2.95e-10
1.8e+03  8.38e-22  7.72e-11  7.72e-11  2.98e-10
1.9e+03  4.29e-22  7.86e-11  7.86e-11     3e-10
  2e+03  2.53e-22  8.01e-11  8.01e-11  3.03e-10

Reactant = P1   Pressure = 1 atm

   T(K)        W1        W2      Loss   Capture
    500  1.97e-26  7.76e-11  7.76e-11  2.41e-10
    600  8.18e-25  8.63e-11  8.63e-11  2.48e-10
    700  1.23e-23  8.95e-11  8.95e-11  2.54e-10
    800  8.13e-23  9.66e-11  9.66e-11   2.6e-10
    900  3.74e-22     1e-10     1e-10  2.65e-10
  1e+03  1.25e-21  1.02e-10  1.02e-10   2.7e-10
1.1e+03  2.77e-21  1.06e-10  1.06e-10  2.74e-10
1.2e+03  4.47e-21  1.09e-10  1.09e-10  2.78e-10
1.3e+03   5.1e-21   1.1e-10   1.1e-10  2.82e-10
1.4e+03  5.12e-21  1.12e-10  1.12e-10  2.86e-10
1.5e+03  4.08e-21  1.15e-10  1.15e-10  2.89e-10
1.6e+03  3.93e-21  1.16e-10  1.16e-10  2.92e-10
1.7e+03  2.25e-21  1.21e-10  1.21e-10  2.95e-10
1.8e+03   1.6e-21  1.21e-10  1.21e-10  2.98e-10
1.9e+03  9.75e-22  1.23e-10  1.23e-10     3e-10
  2e+03  6.53e-22  1.25e-10  1.25e-10  3.03e-10

Reactant = P1   Pressure = 10 atm

   T(K)        W1        W2      Loss   Capture
    500  4.78e-26  1.44e-10  1.44e-10  2.41e-10
    600  2.06e-24  1.47e-10  1.47e-10  2.48e-10
    700   3.1e-23  1.48e-10  1.48e-10  2.54e-10
    800  2.03e-22  1.53e-10  1.53e-10   2.6e-10
    900  8.88e-22  1.56e-10  1.56e-10  2.65e-10
  1e+03  2.77e-21  1.56e-10  1.56e-10   2.7e-10
1.1e+03  5.58e-21   1.6e-10   1.6e-10  2.74e-10
1.2e+03  8.22e-21  1.63e-10  1.63e-10  2.78e-10
1.3e+03  8.56e-21  1.64e-10  1.64e-10  2.82e-10
1.4e+03  7.93e-21  1.66e-10  1.66e-10  2.86e-10
1.5e+03  6.02e-21  1.69e-10  1.69e-10  2.89e-10
1.6e+03  5.75e-21   1.7e-10   1.7e-10  2.92e-10
1.7e+03  3.36e-21  1.75e-10  1.75e-10  2.95e-10
1.8e+03   2.6e-21  1.75e-10  1.75e-10  2.98e-10
1.9e+03  1.83e-21  1.77e-10  1.77e-10     3e-10
  2e+03  1.51e-21  1.79e-10  1.79e-10  3.03e-10

Reactant = P1   Pressure = 100 atm

   T(K)        W1        W2      Loss   Capture
    500  4.39e-26  2.16e-10  2.16e-10  2.41e-10
    600  2.06e-24   2.2e-10   2.2e-10  2.48e-10
    700  3.19e-23  2.21e-10  2.21e-10  2.54e-10
    800  2.08e-22  2.24e-10  2.24e-10   2.6e-10
    900  8.91e-22  2.26e-10  2.26e-10  2.65e-10
  1e+03  2.74e-21  2.28e-10  2.28e-10   2.7e-10
1.1e+03  5.62e-21   2.3e-10   2.3e-10  2.74e-10
1.2e+03  9.12e-21  2.33e-10  2.33e-10  2.78e-10
1.3e+03   1.1e-20  2.34e-10  2.34e-10  2.82e-10
1.4e+03  1.11e-20  2.36e-10  2.36e-10  2.86e-10
1.5e+03   8.9e-21  2.39e-10  2.39e-10  2.89e-10
1.6e+03  8.78e-21   2.4e-10   2.4e-10  2.92e-10
1.7e+03  5.44e-21  2.44e-10  2.44e-10  2.95e-10
1.8e+03  4.47e-21  2.45e-10  2.45e-10  2.98e-10
1.9e+03  3.43e-21  2.47e-10  2.47e-10     3e-10
  2e+03  3.06e-21  2.48e-10  2.48e-10  3.03e-10

______________________________________________________________________________________

Temperature-Pressure Rate Tables:

W1->W2

P\T           500       600       700       800       900     1e+03   1.1e+03   1.2e+03   1.3e+03   1.4e+03   1.5e+03   1.6e+03   1.7e+03   1.8e+03   1.9e+03     2e+03
0.1     -4.52e+06 -2.99e+06 -2.61e+06 -1.87e+06 -1.46e+06  3.46e+07  2.79e+08  9.46e+08  1.69e+09  2.33e+09  2.56e+09   2.7e+09  2.27e+09  1.97e+09  1.53e+09  1.27e+09
1       -3.96e+07 -2.16e+07  1.89e+06  7.46e+07  2.52e+08  8.55e+08   2.9e+09  6.02e+09   7.9e+09  8.98e+09  8.84e+09   8.9e+09   7.5e+09  6.79e+09  5.82e+09  5.44e+09
10       3.15e+09  3.77e+09  4.96e+09   6.7e+09  9.43e+09  1.33e+10  1.91e+10  2.56e+10  2.79e+10  2.87e+10   2.7e+10  2.65e+10  2.25e+10  2.06e+10  1.83e+10  1.79e+10
100      1.12e+11  1.09e+11  1.08e+11  9.89e+10  9.58e+10  9.42e+10  8.98e+10  8.85e+10  8.23e+10  7.96e+10  7.32e+10  7.13e+10   6.1e+10  5.64e+10   5.1e+10  5.04e+10
O-O      7.79e+11   1.2e+12  1.66e+12  2.14e+12  2.61e+12  3.07e+12  3.51e+12  3.93e+12  4.34e+12  4.72e+12  5.09e+12  5.45e+12  5.78e+12  6.11e+12  6.41e+12  6.71e+12

W1->P1

P\T           500       600       700       800       900     1e+03   1.1e+03   1.2e+03   1.3e+03   1.4e+03   1.5e+03   1.6e+03   1.7e+03   1.8e+03   1.9e+03     2e+03
0.1      1.14e+10   9.8e+09  9.28e+09  7.44e+09  6.62e+09     6e+09  4.79e+09  3.58e+09  2.13e+09  1.18e+09  5.25e+08  2.84e+08   8.5e+07  2.26e+07 -1.37e+06  -7.9e+06
1        3.41e+10  3.02e+10  2.86e+10  2.32e+10  2.05e+10   1.8e+10   1.3e+10  8.19e+09  4.14e+09  2.03e+09  8.59e+08   4.7e+08  1.58e+08  6.65e+07  2.23e+07  6.08e+06
10       8.24e+10  7.58e+10  7.18e+10  5.77e+10  4.85e+10  3.96e+10  2.62e+10   1.5e+10  6.91e+09  3.15e+09  1.27e+09  6.95e+08  2.44e+08  1.18e+08  5.31e+07  2.86e+07
100      7.57e+10  7.57e+10  7.38e+10  5.91e+10  4.86e+10  3.91e+10  2.63e+10  1.66e+10  8.83e+09  4.41e+09  1.88e+09  1.06e+09  3.98e+08  2.06e+08  1.03e+08  6.24e+07
O-O           ***       ***       ***       ***       ***       ***       ***       ***       ***       ***       ***       ***       ***       ***       ***       ***

W2->W1

P\T           500       600       700       800       900     1e+03   1.1e+03   1.2e+03   1.3e+03   1.4e+03   1.5e+03   1.6e+03   1.7e+03   1.8e+03   1.9e+03     2e+03
0.1      3.53e-13  1.01e-10  6.55e-09  2.01e-08   3.4e-07  9.91e-05    0.0021    0.0165    0.0598     0.152     0.283     0.475       0.6     0.746     0.802     0.893
1        8.58e-11  1.46e-08  6.85e-07  1.52e-05  0.000206   0.00231    0.0215     0.104     0.279     0.585     0.979      1.57      1.99      2.58      3.07      3.84
10       8.36e-08  4.99e-06  0.000103   0.00106   0.00718    0.0354     0.141     0.442     0.983      1.87      2.99      4.67      5.95      7.85      9.65      12.6
100      2.77e-06  0.000137   0.00215    0.0153    0.0722     0.249     0.661      1.52      2.91      5.19      8.11      12.6      16.2      21.5      26.9      35.6
O-O      1.92e-05   0.00151    0.0331      0.33      1.96      8.11      25.8      67.7       153       308       564       960  1.53e+03  2.33e+03  3.39e+03  4.75e+03

W2->P1

P\T           500       600       700       800       900     1e+03   1.1e+03   1.2e+03   1.3e+03   1.4e+03   1.5e+03   1.6e+03   1.7e+03   1.8e+03   1.9e+03     2e+03
0.1      1.67e+09  2.17e+09  2.32e+09  2.48e+09  2.44e+09   2.3e+09  2.22e+09   2.1e+09  1.94e+09  1.81e+09  1.71e+09  1.56e+09  1.51e+09  1.38e+09  1.29e+09   1.2e+09
1        3.29e+09  3.97e+09  4.12e+09  4.25e+09  4.11e+09  3.84e+09  3.65e+09  3.41e+09  3.13e+09   2.9e+09  2.71e+09  2.48e+09  2.36e+09  2.16e+09     2e+09  1.86e+09
10       6.09e+09  6.78e+09   6.8e+09  6.73e+09  6.38e+09   5.9e+09  5.51e+09  5.09e+09  4.66e+09  4.28e+09  3.96e+09  3.62e+09   3.4e+09  3.11e+09  2.88e+09  2.67e+09
100      9.18e+09  1.01e+10  1.02e+10  9.87e+09  9.29e+09  8.59e+09  7.93e+09  7.28e+09  6.66e+09   6.1e+09   5.6e+09  5.13e+09  4.75e+09  4.35e+09  4.02e+09  3.72e+09
O-O      1.02e+10  1.14e+10  1.17e+10  1.14e+10  1.09e+10  1.02e+10  9.44e+09  8.71e+09  8.02e+09  7.37e+09  6.78e+09  6.24e+09  5.74e+09   5.3e+09   4.9e+09  4.53e+09

P1->W1

P\T           500       600       700       800       900     1e+03   1.1e+03   1.2e+03   1.3e+03   1.4e+03   1.5e+03   1.6e+03   1.7e+03   1.8e+03   1.9e+03     2e+03
0.1      6.55e-27  2.63e-25  3.94e-24  2.57e-23  1.19e-22  4.11e-22     1e-21  1.93e-21  2.59e-21  2.94e-21  2.51e-21  2.45e-21  1.35e-21  8.38e-22  4.29e-22  2.53e-22
1        1.97e-26  8.18e-25  1.23e-23  8.13e-23  3.74e-22  1.25e-21  2.77e-21  4.47e-21   5.1e-21  5.12e-21  4.08e-21  3.93e-21  2.25e-21   1.6e-21  9.75e-22  6.53e-22
10       4.78e-26  2.06e-24   3.1e-23  2.03e-22  8.88e-22  2.77e-21  5.58e-21  8.22e-21  8.56e-21  7.93e-21  6.02e-21  5.75e-21  3.36e-21   2.6e-21  1.83e-21  1.51e-21
100      4.39e-26  2.06e-24  3.19e-23  2.08e-22  8.91e-22  2.74e-21  5.62e-21  9.12e-21   1.1e-20  1.11e-20   8.9e-21  8.78e-21  5.44e-21  4.47e-21  3.43e-21  3.06e-21
O-O           ***       ***       ***       ***       ***       ***       ***       ***       ***       ***       ***       ***       ***       ***       ***       ***

P1->W2

P\T           500       600       700       800       900     1e+03   1.1e+03   1.2e+03   1.3e+03   1.4e+03   1.5e+03   1.6e+03   1.7e+03   1.8e+03   1.9e+03     2e+03
0.1      3.93e-11   4.7e-11  5.03e-11  5.61e-11  5.93e-11  6.08e-11  6.43e-11  6.68e-11   6.8e-11  6.99e-11  7.24e-11   7.3e-11  7.71e-11  7.72e-11  7.86e-11  8.01e-11
1        7.76e-11  8.63e-11  8.95e-11  9.66e-11     1e-10  1.02e-10  1.06e-10  1.09e-10   1.1e-10  1.12e-10  1.15e-10  1.16e-10  1.21e-10  1.21e-10  1.23e-10  1.25e-10
10       1.44e-10  1.47e-10  1.48e-10  1.53e-10  1.56e-10  1.56e-10   1.6e-10  1.63e-10  1.64e-10  1.66e-10  1.69e-10   1.7e-10  1.75e-10  1.75e-10  1.77e-10  1.79e-10
100      2.16e-10   2.2e-10  2.21e-10  2.24e-10  2.26e-10  2.28e-10   2.3e-10  2.33e-10  2.34e-10  2.36e-10  2.39e-10   2.4e-10  2.44e-10  2.45e-10  2.47e-10  2.48e-10
O-O      2.41e-10  2.48e-10  2.54e-10   2.6e-10  2.65e-10   2.7e-10  2.74e-10  2.78e-10  2.82e-10  2.86e-10  2.89e-10  2.92e-10  2.95e-10  2.98e-10     3e-10  3.03e-10

W1-> 

P\T           500       600       700       800       900     1e+03   1.1e+03   1.2e+03   1.3e+03   1.4e+03   1.5e+03   1.6e+03   1.7e+03   1.8e+03   1.9e+03     2e+03
0.1      1.14e+10  9.79e+09  9.28e+09  7.44e+09  6.62e+09  6.04e+09  5.07e+09  4.53e+09  3.82e+09   3.5e+09  3.08e+09  2.99e+09  2.36e+09  1.99e+09  1.53e+09  1.27e+09
1         3.4e+10  3.01e+10  2.86e+10  2.33e+10  2.08e+10  1.89e+10  1.59e+10  1.42e+10   1.2e+10   1.1e+10   9.7e+09  9.37e+09  7.66e+09  6.85e+09  5.84e+09  5.44e+09
10       8.56e+10  7.95e+10  7.67e+10  6.44e+10  5.79e+10  5.29e+10  4.53e+10  4.06e+10  3.48e+10  3.19e+10  2.82e+10  2.72e+10  2.27e+10  2.07e+10  1.84e+10  1.79e+10
100      1.88e+11  1.85e+11  1.82e+11  1.58e+11  1.44e+11  1.33e+11  1.16e+11  1.05e+11  9.12e+10   8.4e+10  7.51e+10  7.24e+10  6.14e+10  5.66e+10  5.11e+10  5.05e+10
O-O      7.79e+11   1.2e+12  1.66e+12  2.14e+12  2.61e+12  3.07e+12  3.51e+12  3.93e+12  4.34e+12  4.72e+12  5.09e+12  5.45e+12  5.78e+12  6.11e+12  6.41e+12  6.71e+12

W2-> 

P\T           500       600       700       800       900     1e+03   1.1e+03   1.2e+03   1.3e+03   1.4e+03   1.5e+03   1.6e+03   1.7e+03   1.8e+03   1.9e+03     2e+03
0.1      1.67e+09  2.17e+09  2.32e+09  2.48e+09  2.44e+09   2.3e+09  2.22e+09   2.1e+09  1.94e+09  1.81e+09  1.71e+09  1.56e+09  1.51e+09  1.38e+09  1.29e+09   1.2e+09
1        3.29e+09  3.97e+09  4.12e+09  4.25e+09  4.11e+09  3.84e+09  3.65e+09  3.41e+09  3.13e+09   2.9e+09  2.71e+09  2.48e+09  2.36e+09  2.16e+09     2e+09  1.86e+09
10       6.09e+09  6.78e+09   6.8e+09  6.73e+09  6.38e+09   5.9e+09  5.51e+09  5.09e+09  4.66e+09  4.28e+09  3.96e+09  3.62e+09   3.4e+09  3.11e+09  2.88e+09  2.67e+09
100      9.18e+09  1.01e+10  1.02e+10  9.87e+09  9.29e+09  8.59e+09  7.93e+09  7.28e+09  6.66e+09   6.1e+09   5.6e+09  5.13e+09  4.75e+09  4.35e+09  4.02e+09  3.72e+09
O-O      1.02e+10  1.14e+10  1.17e+10  1.14e+10  1.09e+10  1.02e+10  9.44e+09  8.71e+09  8.02e+09  7.37e+09  6.78e+09  6.24e+09  5.74e+09   5.3e+09   4.9e+09  4.53e+09

P1-> 

P\T           500       600       700       800       900     1e+03   1.1e+03   1.2e+03   1.3e+03   1.4e+03   1.5e+03   1.6e+03   1.7e+03   1.8e+03   1.9e+03     2e+03
0.1      3.93e-11   4.7e-11  5.03e-11  5.61e-11  5.93e-11  6.08e-11  6.43e-11  6.68e-11   6.8e-11  6.99e-11  7.24e-11   7.3e-11  7.71e-11  7.72e-11  7.86e-11  8.01e-11
1        7.76e-11  8.63e-11  8.95e-11  9.66e-11     1e-10  1.02e-10  1.06e-10  1.09e-10   1.1e-10  1.12e-10  1.15e-10  1.16e-10  1.21e-10  1.21e-10  1.23e-10  1.25e-10
10       1.44e-10  1.47e-10  1.48e-10  1.53e-10  1.56e-10  1.56e-10   1.6e-10  1.63e-10  1.64e-10  1.66e-10  1.69e-10   1.7e-10  1.75e-10  1.75e-10  1.77e-10  1.79e-10
100      2.16e-10   2.2e-10  2.21e-10  2.24e-10  2.26e-10  2.28e-10   2.3e-10  2.33e-10  2.34e-10  2.36e-10  2.39e-10   2.4e-10  2.44e-10  2.45e-10  2.47e-10  2.48e-10
O-O      2.41e-10  2.48e-10  2.54e-10   2.6e-10  2.65e-10   2.7e-10  2.74e-10  2.78e-10  2.82e-10  2.86e-10  2.89e-10  2.92e-10  2.95e-10  2.98e-10     3e-10  3.03e-10

