Wells (G - ground energy, D - dissociation limit, kcal/mol):
                            W         G         D
                C5O2nexammezz         0      4.02
      FakeW-C5H6O(645)z+OH(4)     -25.4     -22.4

Bimolecular Products (G - ground energy, kcal/mol):
                      P         G
      C5H6O(645)z+OH(4)     -22.4

Well-to-Bimolecular Barriers (H/G - barrier height/well depth, kcal/mol)
                            B         H                       W         G                 P
      FakeB-C5H6O(645)z+OH(4)     -22.4 FakeW-C5H6O(645)z+OH(4)     -25.4 C5H6O(645)z+OH(4)

Well-to-Well Barriers (H/G - barrier height/well depth, kcal/mol):
            B         H                      W1        G1                      W2        G2
      ts_3_46      4.02           C5O2nexammezz         0 FakeW-C5H6O(645)z+OH(4)     -25.4

Bound Groups: dissociation barrier (name/ground energy, kcal/mol): wells (name/ground energy, kcal/mol):
     C1/-22.4:  FakeW-C5H6O(645)z+OH(4)/-25.4

     B1/4.02:  C5O2nexammezz/0

________________________________________________________________________________________

Names Translation Tables (<short name> - <original name>):
Wells:
   W1 - C5O2nexammezz
   W2 - FakeW-C5H6O(645)z+OH(4)
Bimolecular products:
   P1 - C5H6O(645)z+OH(4)
Inner Barriers:
   B1 - ts_3_46
Outer Barriers:
   C1 - FakeB-C5H6O(645)z+OH(4)
Unimolecular Rate Units: 1/sec;  Bimolecular Rate Units: cm^3/sec

______________________________________________________________________________________

Species-Species Rate Tables:

Temperature = 500 K

High Pressure Rate Coefficients:

From\To         W1        W2        P1
W1             ***  4.15e+11       ***
W2        4.64e-05       ***  1.62e+10
P1             ***  2.41e-10       ***

Temperature = 500 K    Pressure = 0.1 atm

From\To         W1        W2        P1
W1        4.39e+09 -2.44e+05  4.39e+09
W2        2.95e-15  2.16e+09  2.16e+09
P1        7.27e-27  3.22e-11  3.22e-11

Temperature = 500 K    Pressure = 1 atm

From\To         W1        W2        P1
W1        1.37e+10 -2.78e+06  1.37e+10
W2        4.88e-11  4.52e+09  4.52e+09
P1        2.27e-26  6.73e-11  6.73e-11

Temperature = 500 K    Pressure = 10 atm

From\To         W1        W2        P1
W1        3.65e+10 -2.26e+07  3.61e+10
W2         2.9e-10  8.56e+09  8.56e+09
P1           6e-26  1.27e-10  1.27e-10

Temperature = 500 K    Pressure = 100 atm

From\To         W1        W2        P1
W1        9.09e+10  4.14e+10  4.95e+10
W2        4.63e-06  1.39e+10  1.39e+10
P1        8.24e-26  2.06e-10  2.06e-10

Temperature = 600 K

High Pressure Rate Coefficients:

From\To         W1        W2        P1
W1             ***  7.92e+11       ***
W2         0.00384       ***  1.81e+10
P1             ***  2.48e-10       ***

Temperature = 600 K    Pressure = 0.1 atm

From\To         W1        W2        P1
W1        4.95e+09 -2.31e+05  4.95e+09
W2        2.46e-12  2.96e+09  2.96e+09
P1        3.26e-25  4.05e-11  4.05e-11

Temperature = 600 K    Pressure = 1 atm

From\To         W1        W2        P1
W1        1.59e+10 -2.01e+06  1.59e+10
W2        1.06e-08  5.63e+09  5.63e+09
P1        1.05e-24  7.72e-11  7.72e-11

Temperature = 600 K    Pressure = 10 atm

From\To         W1        W2        P1
W1        4.37e+10  8.15e+08  4.28e+10
W2        4.12e-06   9.7e+09   9.7e+09
P1        2.84e-24  1.33e-10  1.33e-10

Temperature = 600 K    Pressure = 100 atm

From\To         W1        W2        P1
W1        1.09e+11  4.92e+10  6.03e+10
W2        0.000239  1.52e+10  1.52e+10
P1           4e-24  2.09e-10  2.09e-10

Temperature = 700 K

High Pressure Rate Coefficients:

From\To         W1        W2        P1
W1             ***  1.27e+12       ***
W2          0.0879       ***  1.85e+10
P1             ***  2.54e-10       ***

Temperature = 700 K    Pressure = 0.1 atm

From\To         W1        W2        P1
W1        4.99e+09 -2.41e+05  4.99e+09
W2        1.65e-10  3.21e+09  3.21e+09
P1        4.68e-24  4.38e-11  4.38e-11

Temperature = 700 K    Pressure = 1 atm

From\To         W1        W2        P1
W1        1.62e+10  3.15e+06  1.62e+10
W2        5.52e-07  5.87e+09  5.87e+09
P1        1.53e-23  8.05e-11  8.05e-11

Temperature = 700 K    Pressure = 10 atm

From\To         W1        W2        P1
W1        4.56e+10  1.35e+09  4.43e+10
W2        9.62e-05  9.75e+09  9.75e+09
P1        4.19e-23  1.34e-10  1.34e-10

Temperature = 700 K    Pressure = 100 atm

From\To         W1        W2        P1
W1        1.16e+11  5.32e+10  6.27e+10
W2         0.00368  1.52e+10  1.52e+10
P1        5.94e-23  2.09e-10  2.09e-10

Temperature = 800 K

High Pressure Rate Coefficients:

From\To         W1        W2        P1
W1             ***  1.82e+12       ***
W2           0.905       ***  1.81e+10
P1             ***   2.6e-10       ***

Temperature = 800 K    Pressure = 0.1 atm

From\To         W1        W2        P1
W1        4.71e+09  7.38e+04  4.71e+09
W2        1.44e-07  3.44e+09  3.44e+09
P1        3.32e-23  4.91e-11  4.91e-11

Temperature = 800 K    Pressure = 1 atm

From\To         W1        W2        P1
W1        1.54e+10  2.37e+07  1.54e+10
W2        1.42e-05  6.06e+09  6.06e+09
P1        1.09e-22  8.69e-11  8.69e-11

Temperature = 800 K    Pressure = 10 atm

From\To         W1        W2        P1
W1        4.42e+10   2.4e+09  4.18e+10
W2         0.00122  9.69e+09  9.69e+09
P1        2.98e-22  1.39e-10  1.39e-10

Temperature = 800 K    Pressure = 100 atm

From\To         W1        W2        P1
W1        1.14e+11  5.67e+10  5.72e+10
W2          0.0282  1.48e+10  1.48e+10
P1        4.08e-22  2.12e-10  2.12e-10

Temperature = 900 K

High Pressure Rate Coefficients:

From\To         W1        W2        P1
W1             ***  2.41e+12       ***
W2            5.49       ***  1.72e+10
P1             ***  2.65e-10       ***

Temperature = 900 K    Pressure = 0.1 atm

From\To         W1        W2        P1
W1        4.35e+09  1.17e+06  4.35e+09
W2        3.19e-06  3.38e+09  3.38e+09
P1         1.5e-22  5.18e-11  5.18e-11

Temperature = 900 K    Pressure = 1 atm

From\To         W1        W2        P1
W1        1.43e+10   8.6e+07  1.42e+10
W2        0.000207  5.85e+09  5.85e+09
P1        4.95e-22     9e-11     9e-11

Temperature = 900 K    Pressure = 10 atm

From\To         W1        W2        P1
W1        4.15e+10  4.06e+09  3.74e+10
W2         0.00935  9.18e+09  9.18e+09
P1        1.31e-21  1.41e-10  1.41e-10

Temperature = 900 K    Pressure = 100 atm

From\To         W1        W2        P1
W1        1.08e+11  5.92e+10  4.92e+10
W2           0.135  1.38e+10  1.38e+10
P1        1.72e-21  2.13e-10  2.13e-10

Temperature = 1e+03 K

High Pressure Rate Coefficients:

From\To         W1        W2        P1
W1             ***  3.02e+12       ***
W2            23.1       ***  1.61e+10
P1             ***   2.7e-10       ***

Temperature = 1e+03 K    Pressure = 0.1 atm

From\To         W1        W2        P1
W1        4.08e+09  1.59e+07  4.07e+09
W2        0.000125  3.31e+09  3.31e+09
P1        5.11e-22   5.5e-11   5.5e-11

Temperature = 1e+03 K    Pressure = 1 atm

From\To         W1        W2        P1
W1        1.34e+10  4.17e+08  1.29e+10
W2         0.00323  5.62e+09  5.62e+09
P1        1.64e-21  9.39e-11  9.39e-11

Temperature = 1e+03 K    Pressure = 10 atm

From\To         W1        W2        P1
W1        3.91e+10  7.33e+09  3.18e+10
W2          0.0562  8.65e+09  8.65e+09
P1        4.05e-21  1.45e-10  1.45e-10

Temperature = 1e+03 K    Pressure = 100 atm

From\To         W1        W2        P1
W1        1.03e+11  6.35e+10  3.95e+10
W2           0.485  1.29e+10  1.29e+10
P1        5.05e-21  2.15e-10  2.15e-10

Temperature = 1.1e+03 K

High Pressure Rate Coefficients:

From\To         W1        W2        P1
W1             ***  3.64e+12       ***
W2            74.3       ***   1.5e+10
P1             ***  2.74e-10       ***

Temperature = 1.1e+03 K    Pressure = 0.1 atm

From\To         W1        W2        P1
W1        3.99e+09  1.54e+08  3.84e+09
W2         0.00318  3.18e+09  3.18e+09
P1        1.41e-21   5.8e-11   5.8e-11

Temperature = 1.1e+03 K    Pressure = 1 atm

From\To         W1        W2        P1
W1         1.3e+10  1.85e+09  1.11e+10
W2          0.0379  5.32e+09  5.32e+09
P1        4.13e-21  9.75e-11  9.75e-11

Temperature = 1.1e+03 K    Pressure = 10 atm

From\To         W1        W2        P1
W1         3.8e+10  1.35e+10  2.45e+10
W2           0.276  8.08e+09  8.08e+09
P1        9.14e-21  1.48e-10  1.48e-10

Temperature = 1.1e+03 K    Pressure = 100 atm

From\To         W1        W2        P1
W1           1e+11  7.04e+10  2.99e+10
W2            1.44  1.19e+10  1.19e+10
P1        1.12e-20  2.18e-10  2.18e-10

Temperature = 1.2e+03 K

High Pressure Rate Coefficients:

From\To         W1        W2        P1
W1             ***  4.24e+12       ***
W2             196       ***  1.38e+10
P1             ***  2.78e-10       ***

Temperature = 1.2e+03 K    Pressure = 0.1 atm

From\To         W1        W2        P1
W1        3.63e+09  6.17e+08  3.01e+09
W2          0.0286     3e+09     3e+09
P1        2.76e-21  6.01e-11  6.01e-11

Temperature = 1.2e+03 K    Pressure = 1 atm

From\To         W1        W2        P1
W1        1.18e+10   4.4e+09  7.38e+09
W2           0.204  4.97e+09  4.97e+09
P1        6.83e-21     1e-10     1e-10

Temperature = 1.2e+03 K    Pressure = 10 atm

From\To         W1        W2        P1
W1        3.47e+10  2.04e+10  1.43e+10
W2           0.943  7.47e+09  7.47e+09
P1        1.33e-20   1.5e-10   1.5e-10

Temperature = 1.2e+03 K    Pressure = 100 atm

From\To         W1        W2        P1
W1        9.26e+10  7.38e+10  1.87e+10
W2            3.41  1.09e+10  1.09e+10
P1        1.74e-20  2.19e-10  2.19e-10

Temperature = 1.3e+03 K

High Pressure Rate Coefficients:

From\To         W1        W2        P1
W1             ***  4.84e+12       ***
W2             445       ***  1.27e+10
P1             ***  2.82e-10       ***

Temperature = 1.3e+03 K    Pressure = 0.1 atm

From\To         W1        W2        P1
W1        3.55e+09  1.33e+09  2.22e+09
W2           0.123  2.76e+09  2.76e+09
P1        4.47e-21   6.1e-11   6.1e-11

Temperature = 1.3e+03 K    Pressure = 1 atm

From\To         W1        W2        P1
W1        1.14e+10  6.81e+09  4.61e+09
W2           0.627  4.55e+09  4.55e+09
P1        9.38e-21  1.01e-10  1.01e-10

Temperature = 1.3e+03 K    Pressure = 10 atm

From\To         W1        W2        P1
W1        3.36e+10  2.56e+10  7.97e+09
W2            2.36  6.82e+09  6.82e+09
P1        1.63e-20  1.51e-10  1.51e-10

Temperature = 1.3e+03 K    Pressure = 100 atm

From\To         W1        W2        P1
W1        8.98e+10  7.84e+10  1.14e+10
W2            7.21  9.94e+09  9.94e+09
P1        2.32e-20  2.21e-10  2.21e-10

Temperature = 1.4e+03 K

High Pressure Rate Coefficients:

From\To         W1        W2        P1
W1             ***  5.41e+12       ***
W2             897       ***  1.17e+10
P1             ***  2.86e-10       ***

Temperature = 1.4e+03 K    Pressure = 0.1 atm

From\To         W1        W2        P1
W1         3.3e+09  2.01e+09  1.29e+09
W2           0.333  2.58e+09  2.58e+09
P1         5.2e-21  6.26e-11  6.26e-11

Temperature = 1.4e+03 K    Pressure = 1 atm

From\To         W1        W2        P1
W1        1.06e+10  8.24e+09  2.36e+09
W2            1.36  4.22e+09  4.22e+09
P1        9.54e-21  1.03e-10  1.03e-10

Temperature = 1.4e+03 K    Pressure = 10 atm

From\To         W1        W2        P1
W1        3.12e+10  2.75e+10  3.72e+09
W2            4.56  6.28e+09  6.28e+09
P1        1.51e-20  1.53e-10  1.53e-10

Temperature = 1.4e+03 K    Pressure = 100 atm

From\To         W1        W2        P1
W1        8.39e+10  7.83e+10  5.61e+09
W2              13  9.11e+09  9.11e+09
P1        2.27e-20  2.23e-10  2.23e-10

Temperature = 1.5e+03 K

High Pressure Rate Coefficients:

From\To         W1        W2        P1
W1             ***  5.96e+12       ***
W2        1.65e+03       ***  1.07e+10
P1             ***  2.89e-10       ***

Temperature = 1.5e+03 K    Pressure = 0.1 atm

From\To         W1        W2        P1
W1        2.94e+09  2.34e+09   5.9e+08
W2           0.644  2.42e+09  2.42e+09
P1        4.48e-21  6.48e-11  6.48e-11

Temperature = 1.5e+03 K    Pressure = 1 atm

From\To         W1        W2        P1
W1        9.43e+09  8.41e+09  1.02e+09
W2            2.32  3.93e+09  3.93e+09
P1        7.59e-21  1.06e-10  1.06e-10

Temperature = 1.5e+03 K    Pressure = 10 atm

From\To         W1        W2        P1
W1         2.8e+10  2.64e+10  1.53e+09
W2             7.3  5.81e+09  5.81e+09
P1        1.14e-20  1.56e-10  1.56e-10

Temperature = 1.5e+03 K    Pressure = 100 atm

From\To         W1        W2        P1
W1        7.58e+10  7.34e+10  2.38e+09
W2            20.3  8.36e+09  8.36e+09
P1        1.77e-20  2.25e-10  2.25e-10

Temperature = 1.6e+03 K

High Pressure Rate Coefficients:

From\To         W1        W2        P1
W1             ***  6.49e+12       ***
W2         2.8e+03       ***  9.88e+09
P1             ***  2.92e-10       ***

Temperature = 1.6e+03 K    Pressure = 0.1 atm

From\To         W1        W2        P1
W1        2.48e+09  2.23e+09  2.48e+08
W2           0.955  2.22e+09  2.22e+09
P1        3.41e-21  6.52e-11  6.52e-11

Temperature = 1.6e+03 K    Pressure = 1 atm

From\To         W1        W2        P1
W1        8.07e+09  7.63e+09  4.38e+08
W2            3.28   3.6e+09   3.6e+09
P1        5.72e-21  1.06e-10  1.06e-10

Temperature = 1.6e+03 K    Pressure = 10 atm

From\To         W1        W2        P1
W1        2.42e+10  2.35e+10  6.65e+08
W2            10.1  5.31e+09  5.31e+09
P1        8.53e-21  1.57e-10  1.57e-10

Temperature = 1.6e+03 K    Pressure = 100 atm

From\To         W1        W2        P1
W1        6.64e+10  6.53e+10  1.08e+09
W2            28.1  7.66e+09  7.66e+09
P1        1.38e-20  2.26e-10  2.26e-10

Temperature = 1.7e+03 K

High Pressure Rate Coefficients:

From\To         W1        W2        P1
W1             ***     7e+12       ***
W2        4.47e+03       ***   9.1e+09
P1             ***  2.95e-10       ***

Temperature = 1.7e+03 K    Pressure = 0.1 atm

From\To         W1        W2        P1
W1        2.26e+09  2.17e+09  9.34e+07
W2            1.37  2.14e+09  2.14e+09
P1        2.34e-21  6.91e-11  6.91e-11

Temperature = 1.7e+03 K    Pressure = 1 atm

From\To         W1        W2        P1
W1        7.53e+09  7.35e+09  1.86e+08
W2            4.68  3.43e+09  3.43e+09
P1        4.05e-21  1.11e-10  1.11e-10

Temperature = 1.7e+03 K    Pressure = 10 atm

From\To         W1        W2        P1
W1        2.28e+10  2.25e+10  2.93e+08
W2            14.4  4.99e+09  4.99e+09
P1        6.15e-21  1.62e-10  1.62e-10

Temperature = 1.7e+03 K    Pressure = 100 atm

From\To         W1        W2        P1
W1        6.29e+10  6.24e+10  4.94e+08
W2            39.8  7.11e+09  7.11e+09
P1        1.03e-20   2.3e-10   2.3e-10

Temperature = 1.8e+03 K

High Pressure Rate Coefficients:

From\To         W1        W2        P1
W1             ***  7.49e+12       ***
W2        6.78e+03       ***   8.4e+09
P1             ***  2.98e-10       ***

Temperature = 1.8e+03 K    Pressure = 0.1 atm

From\To         W1        W2        P1
W1        1.88e+09  1.86e+09  2.14e+07
W2            1.67  1.96e+09  1.96e+09
P1        1.43e-21  6.91e-11  6.91e-11

Temperature = 1.8e+03 K    Pressure = 1 atm

From\To         W1        W2        P1
W1        6.73e+09  6.66e+09  7.44e+07
W2            6.01  3.13e+09  3.13e+09
P1        2.78e-21  1.11e-10  1.11e-10

Temperature = 1.8e+03 K    Pressure = 10 atm

From\To         W1        W2        P1
W1        2.09e+10  2.07e+10  1.39e+08
W2            18.7  4.57e+09  4.57e+09
P1        4.63e-21  1.62e-10  1.62e-10

Temperature = 1.8e+03 K    Pressure = 100 atm

From\To         W1        W2        P1
W1        5.82e+10   5.8e+10  2.53e+08
W2            52.4  6.51e+09  6.51e+09
P1        8.23e-21  2.31e-10  2.31e-10

Temperature = 1.9e+03 K

High Pressure Rate Coefficients:

From\To         W1        W2        P1
W1             ***  7.96e+12       ***
W2        9.84e+03       ***  7.76e+09
P1             ***     3e-10       ***

Temperature = 1.9e+03 K    Pressure = 0.1 atm

From\To         W1        W2        P1
W1        1.41e+09  1.42e+09 -4.33e+06
W2            1.73  1.83e+09  1.83e+09
P1        7.46e-22  7.03e-11  7.03e-11

Temperature = 1.9e+03 K    Pressure = 1 atm

From\To         W1        W2        P1
W1         5.7e+09  5.68e+09  2.22e+07
W2               7  2.91e+09  2.91e+09
P1        1.61e-21  1.13e-10  1.13e-10

Temperature = 1.9e+03 K    Pressure = 10 atm

From\To         W1        W2        P1
W1        1.85e+10  1.84e+10  6.08e+07
W2            22.8  4.23e+09  4.23e+09
P1        3.16e-21  1.64e-10  1.64e-10

Temperature = 1.9e+03 K    Pressure = 100 atm

From\To         W1        W2        P1
W1        5.27e+10  5.25e+10  1.25e+08
W2            64.9  6.02e+09  6.02e+09
P1        6.14e-21  2.33e-10  2.33e-10

Temperature = 2e+03 K

High Pressure Rate Coefficients:

From\To         W1        W2        P1
W1             ***   8.4e+12       ***
W2        1.38e+04       ***  7.19e+09
P1             ***  3.03e-10       ***

Temperature = 2e+03 K    Pressure = 0.1 atm

From\To         W1        W2        P1
W1        1.13e+09  1.14e+09 -1.04e+07
W2            1.85  1.71e+09  1.71e+09
P1        4.89e-22  7.17e-11  7.17e-11

Temperature = 2e+03 K    Pressure = 1 atm

From\To         W1        W2        P1
W1        5.25e+09  5.25e+09  3.35e+06
W2            8.58  2.71e+09  2.71e+09
P1        1.01e-21  1.14e-10  1.14e-10

Temperature = 2e+03 K    Pressure = 10 atm

From\To         W1        W2        P1
W1         1.8e+10   1.8e+10  3.11e+07
W2            29.4  3.93e+09  3.93e+09
P1        2.51e-21  1.66e-10  1.66e-10

Temperature = 2e+03 K    Pressure = 100 atm

From\To         W1        W2        P1
W1        5.21e+10  5.21e+10   7.4e+07
W2            85.3  5.57e+09  5.57e+09
P1        5.34e-21  2.35e-10  2.35e-10

______________________________________________________________________________________

High Pressure Rate Coefficients (Temperature-Species Rate Tables):

Reactant = W1
   T(K)        W1        W2        P1
    500       ***  4.15e+11       ***
    600       ***  7.92e+11       ***
    700       ***  1.27e+12       ***
    800       ***  1.82e+12       ***
    900       ***  2.41e+12       ***
  1e+03       ***  3.02e+12       ***
1.1e+03       ***  3.64e+12       ***
1.2e+03       ***  4.24e+12       ***
1.3e+03       ***  4.84e+12       ***
1.4e+03       ***  5.41e+12       ***
1.5e+03       ***  5.96e+12       ***
1.6e+03       ***  6.49e+12       ***
1.7e+03       ***     7e+12       ***
1.8e+03       ***  7.49e+12       ***
1.9e+03       ***  7.96e+12       ***
  2e+03       ***   8.4e+12       ***

Reactant = W2
   T(K)        W1        W2        P1
    500  4.64e-05       ***  1.62e+10
    600   0.00384       ***  1.81e+10
    700    0.0879       ***  1.85e+10
    800     0.905       ***  1.81e+10
    900      5.49       ***  1.72e+10
  1e+03      23.1       ***  1.61e+10
1.1e+03      74.3       ***   1.5e+10
1.2e+03       196       ***  1.38e+10
1.3e+03       445       ***  1.27e+10
1.4e+03       897       ***  1.17e+10
1.5e+03  1.65e+03       ***  1.07e+10
1.6e+03   2.8e+03       ***  9.88e+09
1.7e+03  4.47e+03       ***   9.1e+09
1.8e+03  6.78e+03       ***   8.4e+09
1.9e+03  9.84e+03       ***  7.76e+09
  2e+03  1.38e+04       ***  7.19e+09

Reactant = P1
   T(K)        W1        W2        P1
    500       ***  2.41e-10       ***
    600       ***  2.48e-10       ***
    700       ***  2.54e-10       ***
    800       ***   2.6e-10       ***
    900       ***  2.65e-10       ***
  1e+03       ***   2.7e-10       ***
1.1e+03       ***  2.74e-10       ***
1.2e+03       ***  2.78e-10       ***
1.3e+03       ***  2.82e-10       ***
1.4e+03       ***  2.86e-10       ***
1.5e+03       ***  2.89e-10       ***
1.6e+03       ***  2.92e-10       ***
1.7e+03       ***  2.95e-10       ***
1.8e+03       ***  2.98e-10       ***
1.9e+03       ***     3e-10       ***
  2e+03       ***  3.03e-10       ***

Capture/Escape Rate Coefficients:

   T(K)        W1        W2        P1
    500  4.15e+11  1.62e+10  2.41e-10
    600  7.92e+11  1.81e+10  2.48e-10
    700  1.27e+12  1.85e+10  2.54e-10
    800  1.82e+12  1.81e+10   2.6e-10
    900  2.41e+12  1.72e+10  2.65e-10
  1e+03  3.02e+12  1.61e+10   2.7e-10
1.1e+03  3.64e+12   1.5e+10  2.74e-10
1.2e+03  4.24e+12  1.38e+10  2.78e-10
1.3e+03  4.84e+12  1.27e+10  2.82e-10
1.4e+03  5.41e+12  1.17e+10  2.86e-10
1.5e+03  5.96e+12  1.07e+10  2.89e-10
1.6e+03  6.49e+12  9.88e+09  2.92e-10
1.7e+03     7e+12   9.1e+09  2.95e-10
1.8e+03  7.49e+12   8.4e+09  2.98e-10
1.9e+03  7.96e+12  7.76e+09     3e-10
  2e+03   8.4e+12  7.19e+09  3.03e-10

______________________________________________________________________________________

Pressure-Species Rate Tables:

Reactant = W1   Temperature = 500 K

   P(atm)        W2        P1      Loss
      0.1 -2.44e+05  4.39e+09  4.39e+09
        1 -2.78e+06  1.37e+10  1.37e+10
       10 -2.26e+07  3.61e+10  3.65e+10
      100  4.14e+10  4.95e+10  9.09e+10
      O-O  4.15e+11       ***  4.15e+11

Reactant = W1   Temperature = 600 K

   P(atm)        W2        P1      Loss
      0.1 -2.31e+05  4.95e+09  4.95e+09
        1 -2.01e+06  1.59e+10  1.59e+10
       10  8.15e+08  4.28e+10  4.37e+10
      100  4.92e+10  6.03e+10  1.09e+11
      O-O  7.92e+11       ***  7.92e+11

Reactant = W1   Temperature = 700 K

   P(atm)        W2        P1      Loss
      0.1 -2.41e+05  4.99e+09  4.99e+09
        1  3.15e+06  1.62e+10  1.62e+10
       10  1.35e+09  4.43e+10  4.56e+10
      100  5.32e+10  6.27e+10  1.16e+11
      O-O  1.27e+12       ***  1.27e+12

Reactant = W1   Temperature = 800 K

   P(atm)        W2        P1      Loss
      0.1  7.38e+04  4.71e+09  4.71e+09
        1  2.37e+07  1.54e+10  1.54e+10
       10   2.4e+09  4.18e+10  4.42e+10
      100  5.67e+10  5.72e+10  1.14e+11
      O-O  1.82e+12       ***  1.82e+12

Reactant = W1   Temperature = 900 K

   P(atm)        W2        P1      Loss
      0.1  1.17e+06  4.35e+09  4.35e+09
        1   8.6e+07  1.42e+10  1.43e+10
       10  4.06e+09  3.74e+10  4.15e+10
      100  5.92e+10  4.92e+10  1.08e+11
      O-O  2.41e+12       ***  2.41e+12

Reactant = W1   Temperature = 1e+03 K

   P(atm)        W2        P1      Loss
      0.1  1.59e+07  4.07e+09  4.08e+09
        1  4.17e+08  1.29e+10  1.34e+10
       10  7.33e+09  3.18e+10  3.91e+10
      100  6.35e+10  3.95e+10  1.03e+11
      O-O  3.02e+12       ***  3.02e+12

Reactant = W1   Temperature = 1.1e+03 K

   P(atm)        W2        P1      Loss
      0.1  1.54e+08  3.84e+09  3.99e+09
        1  1.85e+09  1.11e+10   1.3e+10
       10  1.35e+10  2.45e+10   3.8e+10
      100  7.04e+10  2.99e+10     1e+11
      O-O  3.64e+12       ***  3.64e+12

Reactant = W1   Temperature = 1.2e+03 K

   P(atm)        W2        P1      Loss
      0.1  6.17e+08  3.01e+09  3.63e+09
        1   4.4e+09  7.38e+09  1.18e+10
       10  2.04e+10  1.43e+10  3.47e+10
      100  7.38e+10  1.87e+10  9.26e+10
      O-O  4.24e+12       ***  4.24e+12

Reactant = W1   Temperature = 1.3e+03 K

   P(atm)        W2        P1      Loss
      0.1  1.33e+09  2.22e+09  3.55e+09
        1  6.81e+09  4.61e+09  1.14e+10
       10  2.56e+10  7.97e+09  3.36e+10
      100  7.84e+10  1.14e+10  8.98e+10
      O-O  4.84e+12       ***  4.84e+12

Reactant = W1   Temperature = 1.4e+03 K

   P(atm)        W2        P1      Loss
      0.1  2.01e+09  1.29e+09   3.3e+09
        1  8.24e+09  2.36e+09  1.06e+10
       10  2.75e+10  3.72e+09  3.12e+10
      100  7.83e+10  5.61e+09  8.39e+10
      O-O  5.41e+12       ***  5.41e+12

Reactant = W1   Temperature = 1.5e+03 K

   P(atm)        W2        P1      Loss
      0.1  2.34e+09   5.9e+08  2.94e+09
        1  8.41e+09  1.02e+09  9.43e+09
       10  2.64e+10  1.53e+09   2.8e+10
      100  7.34e+10  2.38e+09  7.58e+10
      O-O  5.96e+12       ***  5.96e+12

Reactant = W1   Temperature = 1.6e+03 K

   P(atm)        W2        P1      Loss
      0.1  2.23e+09  2.48e+08  2.48e+09
        1  7.63e+09  4.38e+08  8.07e+09
       10  2.35e+10  6.65e+08  2.42e+10
      100  6.53e+10  1.08e+09  6.64e+10
      O-O  6.49e+12       ***  6.49e+12

Reactant = W1   Temperature = 1.7e+03 K

   P(atm)        W2        P1      Loss
      0.1  2.17e+09  9.34e+07  2.26e+09
        1  7.35e+09  1.86e+08  7.53e+09
       10  2.25e+10  2.93e+08  2.28e+10
      100  6.24e+10  4.94e+08  6.29e+10
      O-O     7e+12       ***     7e+12

Reactant = W1   Temperature = 1.8e+03 K

   P(atm)        W2        P1      Loss
      0.1  1.86e+09  2.14e+07  1.88e+09
        1  6.66e+09  7.44e+07  6.73e+09
       10  2.07e+10  1.39e+08  2.09e+10
      100   5.8e+10  2.53e+08  5.82e+10
      O-O  7.49e+12       ***  7.49e+12

Reactant = W1   Temperature = 1.9e+03 K

   P(atm)        W2        P1      Loss
      0.1  1.42e+09 -4.33e+06  1.41e+09
        1  5.68e+09  2.22e+07   5.7e+09
       10  1.84e+10  6.08e+07  1.85e+10
      100  5.25e+10  1.25e+08  5.27e+10
      O-O  7.96e+12       ***  7.96e+12

Reactant = W1   Temperature = 2e+03 K

   P(atm)        W2        P1      Loss
      0.1  1.14e+09 -1.04e+07  1.13e+09
        1  5.25e+09  3.35e+06  5.25e+09
       10   1.8e+10  3.11e+07   1.8e+10
      100  5.21e+10   7.4e+07  5.21e+10
      O-O   8.4e+12       ***   8.4e+12

Reactant = W2   Temperature = 500 K

   P(atm)        W1        P1      Loss
      0.1  2.95e-15  2.16e+09  2.16e+09
        1  4.88e-11  4.52e+09  4.52e+09
       10   2.9e-10  8.56e+09  8.56e+09
      100  4.63e-06  1.39e+10  1.39e+10
      O-O  4.64e-05  1.62e+10  1.62e+10

Reactant = W2   Temperature = 600 K

   P(atm)        W1        P1      Loss
      0.1  2.46e-12  2.96e+09  2.96e+09
        1  1.06e-08  5.63e+09  5.63e+09
       10  4.12e-06   9.7e+09   9.7e+09
      100  0.000239  1.52e+10  1.52e+10
      O-O   0.00384  1.81e+10  1.81e+10

Reactant = W2   Temperature = 700 K

   P(atm)        W1        P1      Loss
      0.1  1.65e-10  3.21e+09  3.21e+09
        1  5.52e-07  5.87e+09  5.87e+09
       10  9.62e-05  9.75e+09  9.75e+09
      100   0.00368  1.52e+10  1.52e+10
      O-O    0.0879  1.85e+10  1.85e+10

Reactant = W2   Temperature = 800 K

   P(atm)        W1        P1      Loss
      0.1  1.44e-07  3.44e+09  3.44e+09
        1  1.42e-05  6.06e+09  6.06e+09
       10   0.00122  9.69e+09  9.69e+09
      100    0.0282  1.48e+10  1.48e+10
      O-O     0.905  1.81e+10  1.81e+10

Reactant = W2   Temperature = 900 K

   P(atm)        W1        P1      Loss
      0.1  3.19e-06  3.38e+09  3.38e+09
        1  0.000207  5.85e+09  5.85e+09
       10   0.00935  9.18e+09  9.18e+09
      100     0.135  1.38e+10  1.38e+10
      O-O      5.49  1.72e+10  1.72e+10

Reactant = W2   Temperature = 1e+03 K

   P(atm)        W1        P1      Loss
      0.1  0.000125  3.31e+09  3.31e+09
        1   0.00323  5.62e+09  5.62e+09
       10    0.0562  8.65e+09  8.65e+09
      100     0.485  1.29e+10  1.29e+10
      O-O      23.1  1.61e+10  1.61e+10

Reactant = W2   Temperature = 1.1e+03 K

   P(atm)        W1        P1      Loss
      0.1   0.00318  3.18e+09  3.18e+09
        1    0.0379  5.32e+09  5.32e+09
       10     0.276  8.08e+09  8.08e+09
      100      1.44  1.19e+10  1.19e+10
      O-O      74.3   1.5e+10   1.5e+10

Reactant = W2   Temperature = 1.2e+03 K

   P(atm)        W1        P1      Loss
      0.1    0.0286     3e+09     3e+09
        1     0.204  4.97e+09  4.97e+09
       10     0.943  7.47e+09  7.47e+09
      100      3.41  1.09e+10  1.09e+10
      O-O       196  1.38e+10  1.38e+10

Reactant = W2   Temperature = 1.3e+03 K

   P(atm)        W1        P1      Loss
      0.1     0.123  2.76e+09  2.76e+09
        1     0.627  4.55e+09  4.55e+09
       10      2.36  6.82e+09  6.82e+09
      100      7.21  9.94e+09  9.94e+09
      O-O       445  1.27e+10  1.27e+10

Reactant = W2   Temperature = 1.4e+03 K

   P(atm)        W1        P1      Loss
      0.1     0.333  2.58e+09  2.58e+09
        1      1.36  4.22e+09  4.22e+09
       10      4.56  6.28e+09  6.28e+09
      100        13  9.11e+09  9.11e+09
      O-O       897  1.17e+10  1.17e+10

Reactant = W2   Temperature = 1.5e+03 K

   P(atm)        W1        P1      Loss
      0.1     0.644  2.42e+09  2.42e+09
        1      2.32  3.93e+09  3.93e+09
       10       7.3  5.81e+09  5.81e+09
      100      20.3  8.36e+09  8.36e+09
      O-O  1.65e+03  1.07e+10  1.07e+10

Reactant = W2   Temperature = 1.6e+03 K

   P(atm)        W1        P1      Loss
      0.1     0.955  2.22e+09  2.22e+09
        1      3.28   3.6e+09   3.6e+09
       10      10.1  5.31e+09  5.31e+09
      100      28.1  7.66e+09  7.66e+09
      O-O   2.8e+03  9.88e+09  9.88e+09

Reactant = W2   Temperature = 1.7e+03 K

   P(atm)        W1        P1      Loss
      0.1      1.37  2.14e+09  2.14e+09
        1      4.68  3.43e+09  3.43e+09
       10      14.4  4.99e+09  4.99e+09
      100      39.8  7.11e+09  7.11e+09
      O-O  4.47e+03   9.1e+09   9.1e+09

Reactant = W2   Temperature = 1.8e+03 K

   P(atm)        W1        P1      Loss
      0.1      1.67  1.96e+09  1.96e+09
        1      6.01  3.13e+09  3.13e+09
       10      18.7  4.57e+09  4.57e+09
      100      52.4  6.51e+09  6.51e+09
      O-O  6.78e+03   8.4e+09   8.4e+09

Reactant = W2   Temperature = 1.9e+03 K

   P(atm)        W1        P1      Loss
      0.1      1.73  1.83e+09  1.83e+09
        1         7  2.91e+09  2.91e+09
       10      22.8  4.23e+09  4.23e+09
      100      64.9  6.02e+09  6.02e+09
      O-O  9.84e+03  7.76e+09  7.76e+09

Reactant = W2   Temperature = 2e+03 K

   P(atm)        W1        P1      Loss
      0.1      1.85  1.71e+09  1.71e+09
        1      8.58  2.71e+09  2.71e+09
       10      29.4  3.93e+09  3.93e+09
      100      85.3  5.57e+09  5.57e+09
      O-O  1.38e+04  7.19e+09  7.19e+09

Reactant = P1   Temperature = 500 K

   P(atm)        W1        W2      Loss
      0.1  7.27e-27  3.22e-11  3.22e-11
        1  2.27e-26  6.73e-11  6.73e-11
       10     6e-26  1.27e-10  1.27e-10
      100  8.24e-26  2.06e-10  2.06e-10
      O-O       ***  2.41e-10  2.41e-10

Reactant = P1   Temperature = 600 K

   P(atm)        W1        W2      Loss
      0.1  3.26e-25  4.05e-11  4.05e-11
        1  1.05e-24  7.72e-11  7.72e-11
       10  2.84e-24  1.33e-10  1.33e-10
      100     4e-24  2.09e-10  2.09e-10
      O-O       ***  2.48e-10  2.48e-10

Reactant = P1   Temperature = 700 K

   P(atm)        W1        W2      Loss
      0.1  4.68e-24  4.38e-11  4.38e-11
        1  1.53e-23  8.05e-11  8.05e-11
       10  4.19e-23  1.34e-10  1.34e-10
      100  5.94e-23  2.09e-10  2.09e-10
      O-O       ***  2.54e-10  2.54e-10

Reactant = P1   Temperature = 800 K

   P(atm)        W1        W2      Loss
      0.1  3.32e-23  4.91e-11  4.91e-11
        1  1.09e-22  8.69e-11  8.69e-11
       10  2.98e-22  1.39e-10  1.39e-10
      100  4.08e-22  2.12e-10  2.12e-10
      O-O       ***   2.6e-10   2.6e-10

Reactant = P1   Temperature = 900 K

   P(atm)        W1        W2      Loss
      0.1   1.5e-22  5.18e-11  5.18e-11
        1  4.95e-22     9e-11     9e-11
       10  1.31e-21  1.41e-10  1.41e-10
      100  1.72e-21  2.13e-10  2.13e-10
      O-O       ***  2.65e-10  2.65e-10

Reactant = P1   Temperature = 1e+03 K

   P(atm)        W1        W2      Loss
      0.1  5.11e-22   5.5e-11   5.5e-11
        1  1.64e-21  9.39e-11  9.39e-11
       10  4.05e-21  1.45e-10  1.45e-10
      100  5.05e-21  2.15e-10  2.15e-10
      O-O       ***   2.7e-10   2.7e-10

Reactant = P1   Temperature = 1.1e+03 K

   P(atm)        W1        W2      Loss
      0.1  1.41e-21   5.8e-11   5.8e-11
        1  4.13e-21  9.75e-11  9.75e-11
       10  9.14e-21  1.48e-10  1.48e-10
      100  1.12e-20  2.18e-10  2.18e-10
      O-O       ***  2.74e-10  2.74e-10

Reactant = P1   Temperature = 1.2e+03 K

   P(atm)        W1        W2      Loss
      0.1  2.76e-21  6.01e-11  6.01e-11
        1  6.83e-21     1e-10     1e-10
       10  1.33e-20   1.5e-10   1.5e-10
      100  1.74e-20  2.19e-10  2.19e-10
      O-O       ***  2.78e-10  2.78e-10

Reactant = P1   Temperature = 1.3e+03 K

   P(atm)        W1        W2      Loss
      0.1  4.47e-21   6.1e-11   6.1e-11
        1  9.38e-21  1.01e-10  1.01e-10
       10  1.63e-20  1.51e-10  1.51e-10
      100  2.32e-20  2.21e-10  2.21e-10
      O-O       ***  2.82e-10  2.82e-10

Reactant = P1   Temperature = 1.4e+03 K

   P(atm)        W1        W2      Loss
      0.1   5.2e-21  6.26e-11  6.26e-11
        1  9.54e-21  1.03e-10  1.03e-10
       10  1.51e-20  1.53e-10  1.53e-10
      100  2.27e-20  2.23e-10  2.23e-10
      O-O       ***  2.86e-10  2.86e-10

Reactant = P1   Temperature = 1.5e+03 K

   P(atm)        W1        W2      Loss
      0.1  4.48e-21  6.48e-11  6.48e-11
        1  7.59e-21  1.06e-10  1.06e-10
       10  1.14e-20  1.56e-10  1.56e-10
      100  1.77e-20  2.25e-10  2.25e-10
      O-O       ***  2.89e-10  2.89e-10

Reactant = P1   Temperature = 1.6e+03 K

   P(atm)        W1        W2      Loss
      0.1  3.41e-21  6.52e-11  6.52e-11
        1  5.72e-21  1.06e-10  1.06e-10
       10  8.53e-21  1.57e-10  1.57e-10
      100  1.38e-20  2.26e-10  2.26e-10
      O-O       ***  2.92e-10  2.92e-10

Reactant = P1   Temperature = 1.7e+03 K

   P(atm)        W1        W2      Loss
      0.1  2.34e-21  6.91e-11  6.91e-11
        1  4.05e-21  1.11e-10  1.11e-10
       10  6.15e-21  1.62e-10  1.62e-10
      100  1.03e-20   2.3e-10   2.3e-10
      O-O       ***  2.95e-10  2.95e-10

Reactant = P1   Temperature = 1.8e+03 K

   P(atm)        W1        W2      Loss
      0.1  1.43e-21  6.91e-11  6.91e-11
        1  2.78e-21  1.11e-10  1.11e-10
       10  4.63e-21  1.62e-10  1.62e-10
      100  8.23e-21  2.31e-10  2.31e-10
      O-O       ***  2.98e-10  2.98e-10

Reactant = P1   Temperature = 1.9e+03 K

   P(atm)        W1        W2      Loss
      0.1  7.46e-22  7.03e-11  7.03e-11
        1  1.61e-21  1.13e-10  1.13e-10
       10  3.16e-21  1.64e-10  1.64e-10
      100  6.14e-21  2.33e-10  2.33e-10
      O-O       ***     3e-10     3e-10

Reactant = P1   Temperature = 2e+03 K

   P(atm)        W1        W2      Loss
      0.1  4.89e-22  7.17e-11  7.17e-11
        1  1.01e-21  1.14e-10  1.14e-10
       10  2.51e-21  1.66e-10  1.66e-10
      100  5.34e-21  2.35e-10  2.35e-10
      O-O       ***  3.03e-10  3.03e-10

______________________________________________________________________________________

Temperature-Species Rate Tables:

Reactant = W1   Pressure = 0.1 atm

   T(K)        W2        P1      Loss   Capture
    500 -2.44e+05  4.39e+09  4.39e+09  4.15e+11
    600 -2.31e+05  4.95e+09  4.95e+09  7.92e+11
    700 -2.41e+05  4.99e+09  4.99e+09  1.27e+12
    800  7.38e+04  4.71e+09  4.71e+09  1.82e+12
    900  1.17e+06  4.35e+09  4.35e+09  2.41e+12
  1e+03  1.59e+07  4.07e+09  4.08e+09  3.02e+12
1.1e+03  1.54e+08  3.84e+09  3.99e+09  3.64e+12
1.2e+03  6.17e+08  3.01e+09  3.63e+09  4.24e+12
1.3e+03  1.33e+09  2.22e+09  3.55e+09  4.84e+12
1.4e+03  2.01e+09  1.29e+09   3.3e+09  5.41e+12
1.5e+03  2.34e+09   5.9e+08  2.94e+09  5.96e+12
1.6e+03  2.23e+09  2.48e+08  2.48e+09  6.49e+12
1.7e+03  2.17e+09  9.34e+07  2.26e+09     7e+12
1.8e+03  1.86e+09  2.14e+07  1.88e+09  7.49e+12
1.9e+03  1.42e+09 -4.33e+06  1.41e+09  7.96e+12
  2e+03  1.14e+09 -1.04e+07  1.13e+09   8.4e+12

Reactant = W1   Pressure = 1 atm

   T(K)        W2        P1      Loss   Capture
    500 -2.78e+06  1.37e+10  1.37e+10  4.15e+11
    600 -2.01e+06  1.59e+10  1.59e+10  7.92e+11
    700  3.15e+06  1.62e+10  1.62e+10  1.27e+12
    800  2.37e+07  1.54e+10  1.54e+10  1.82e+12
    900   8.6e+07  1.42e+10  1.43e+10  2.41e+12
  1e+03  4.17e+08  1.29e+10  1.34e+10  3.02e+12
1.1e+03  1.85e+09  1.11e+10   1.3e+10  3.64e+12
1.2e+03   4.4e+09  7.38e+09  1.18e+10  4.24e+12
1.3e+03  6.81e+09  4.61e+09  1.14e+10  4.84e+12
1.4e+03  8.24e+09  2.36e+09  1.06e+10  5.41e+12
1.5e+03  8.41e+09  1.02e+09  9.43e+09  5.96e+12
1.6e+03  7.63e+09  4.38e+08  8.07e+09  6.49e+12
1.7e+03  7.35e+09  1.86e+08  7.53e+09     7e+12
1.8e+03  6.66e+09  7.44e+07  6.73e+09  7.49e+12
1.9e+03  5.68e+09  2.22e+07   5.7e+09  7.96e+12
  2e+03  5.25e+09  3.35e+06  5.25e+09   8.4e+12

Reactant = W1   Pressure = 10 atm

   T(K)        W2        P1      Loss   Capture
    500 -2.26e+07  3.61e+10  3.65e+10  4.15e+11
    600  8.15e+08  4.28e+10  4.37e+10  7.92e+11
    700  1.35e+09  4.43e+10  4.56e+10  1.27e+12
    800   2.4e+09  4.18e+10  4.42e+10  1.82e+12
    900  4.06e+09  3.74e+10  4.15e+10  2.41e+12
  1e+03  7.33e+09  3.18e+10  3.91e+10  3.02e+12
1.1e+03  1.35e+10  2.45e+10   3.8e+10  3.64e+12
1.2e+03  2.04e+10  1.43e+10  3.47e+10  4.24e+12
1.3e+03  2.56e+10  7.97e+09  3.36e+10  4.84e+12
1.4e+03  2.75e+10  3.72e+09  3.12e+10  5.41e+12
1.5e+03  2.64e+10  1.53e+09   2.8e+10  5.96e+12
1.6e+03  2.35e+10  6.65e+08  2.42e+10  6.49e+12
1.7e+03  2.25e+10  2.93e+08  2.28e+10     7e+12
1.8e+03  2.07e+10  1.39e+08  2.09e+10  7.49e+12
1.9e+03  1.84e+10  6.08e+07  1.85e+10  7.96e+12
  2e+03   1.8e+10  3.11e+07   1.8e+10   8.4e+12

Reactant = W1   Pressure = 100 atm

   T(K)        W2        P1      Loss   Capture
    500  4.14e+10  4.95e+10  9.09e+10  4.15e+11
    600  4.92e+10  6.03e+10  1.09e+11  7.92e+11
    700  5.32e+10  6.27e+10  1.16e+11  1.27e+12
    800  5.67e+10  5.72e+10  1.14e+11  1.82e+12
    900  5.92e+10  4.92e+10  1.08e+11  2.41e+12
  1e+03  6.35e+10  3.95e+10  1.03e+11  3.02e+12
1.1e+03  7.04e+10  2.99e+10     1e+11  3.64e+12
1.2e+03  7.38e+10  1.87e+10  9.26e+10  4.24e+12
1.3e+03  7.84e+10  1.14e+10  8.98e+10  4.84e+12
1.4e+03  7.83e+10  5.61e+09  8.39e+10  5.41e+12
1.5e+03  7.34e+10  2.38e+09  7.58e+10  5.96e+12
1.6e+03  6.53e+10  1.08e+09  6.64e+10  6.49e+12
1.7e+03  6.24e+10  4.94e+08  6.29e+10     7e+12
1.8e+03   5.8e+10  2.53e+08  5.82e+10  7.49e+12
1.9e+03  5.25e+10  1.25e+08  5.27e+10  7.96e+12
  2e+03  5.21e+10   7.4e+07  5.21e+10   8.4e+12

Reactant = W2   Pressure = 0.1 atm

   T(K)        W1        P1      Loss   Capture
    500  2.95e-15  2.16e+09  2.16e+09  1.62e+10
    600  2.46e-12  2.96e+09  2.96e+09  1.81e+10
    700  1.65e-10  3.21e+09  3.21e+09  1.85e+10
    800  1.44e-07  3.44e+09  3.44e+09  1.81e+10
    900  3.19e-06  3.38e+09  3.38e+09  1.72e+10
  1e+03  0.000125  3.31e+09  3.31e+09  1.61e+10
1.1e+03   0.00318  3.18e+09  3.18e+09   1.5e+10
1.2e+03    0.0286     3e+09     3e+09  1.38e+10
1.3e+03     0.123  2.76e+09  2.76e+09  1.27e+10
1.4e+03     0.333  2.58e+09  2.58e+09  1.17e+10
1.5e+03     0.644  2.42e+09  2.42e+09  1.07e+10
1.6e+03     0.955  2.22e+09  2.22e+09  9.88e+09
1.7e+03      1.37  2.14e+09  2.14e+09   9.1e+09
1.8e+03      1.67  1.96e+09  1.96e+09   8.4e+09
1.9e+03      1.73  1.83e+09  1.83e+09  7.76e+09
  2e+03      1.85  1.71e+09  1.71e+09  7.19e+09

Reactant = W2   Pressure = 1 atm

   T(K)        W1        P1      Loss   Capture
    500  4.88e-11  4.52e+09  4.52e+09  1.62e+10
    600  1.06e-08  5.63e+09  5.63e+09  1.81e+10
    700  5.52e-07  5.87e+09  5.87e+09  1.85e+10
    800  1.42e-05  6.06e+09  6.06e+09  1.81e+10
    900  0.000207  5.85e+09  5.85e+09  1.72e+10
  1e+03   0.00323  5.62e+09  5.62e+09  1.61e+10
1.1e+03    0.0379  5.32e+09  5.32e+09   1.5e+10
1.2e+03     0.204  4.97e+09  4.97e+09  1.38e+10
1.3e+03     0.627  4.55e+09  4.55e+09  1.27e+10
1.4e+03      1.36  4.22e+09  4.22e+09  1.17e+10
1.5e+03      2.32  3.93e+09  3.93e+09  1.07e+10
1.6e+03      3.28   3.6e+09   3.6e+09  9.88e+09
1.7e+03      4.68  3.43e+09  3.43e+09   9.1e+09
1.8e+03      6.01  3.13e+09  3.13e+09   8.4e+09
1.9e+03         7  2.91e+09  2.91e+09  7.76e+09
  2e+03      8.58  2.71e+09  2.71e+09  7.19e+09

Reactant = W2   Pressure = 10 atm

   T(K)        W1        P1      Loss   Capture
    500   2.9e-10  8.56e+09  8.56e+09  1.62e+10
    600  4.12e-06   9.7e+09   9.7e+09  1.81e+10
    700  9.62e-05  9.75e+09  9.75e+09  1.85e+10
    800   0.00122  9.69e+09  9.69e+09  1.81e+10
    900   0.00935  9.18e+09  9.18e+09  1.72e+10
  1e+03    0.0562  8.65e+09  8.65e+09  1.61e+10
1.1e+03     0.276  8.08e+09  8.08e+09   1.5e+10
1.2e+03     0.943  7.47e+09  7.47e+09  1.38e+10
1.3e+03      2.36  6.82e+09  6.82e+09  1.27e+10
1.4e+03      4.56  6.28e+09  6.28e+09  1.17e+10
1.5e+03       7.3  5.81e+09  5.81e+09  1.07e+10
1.6e+03      10.1  5.31e+09  5.31e+09  9.88e+09
1.7e+03      14.4  4.99e+09  4.99e+09   9.1e+09
1.8e+03      18.7  4.57e+09  4.57e+09   8.4e+09
1.9e+03      22.8  4.23e+09  4.23e+09  7.76e+09
  2e+03      29.4  3.93e+09  3.93e+09  7.19e+09

Reactant = W2   Pressure = 100 atm

   T(K)        W1        P1      Loss   Capture
    500  4.63e-06  1.39e+10  1.39e+10  1.62e+10
    600  0.000239  1.52e+10  1.52e+10  1.81e+10
    700   0.00368  1.52e+10  1.52e+10  1.85e+10
    800    0.0282  1.48e+10  1.48e+10  1.81e+10
    900     0.135  1.38e+10  1.38e+10  1.72e+10
  1e+03     0.485  1.29e+10  1.29e+10  1.61e+10
1.1e+03      1.44  1.19e+10  1.19e+10   1.5e+10
1.2e+03      3.41  1.09e+10  1.09e+10  1.38e+10
1.3e+03      7.21  9.94e+09  9.94e+09  1.27e+10
1.4e+03        13  9.11e+09  9.11e+09  1.17e+10
1.5e+03      20.3  8.36e+09  8.36e+09  1.07e+10
1.6e+03      28.1  7.66e+09  7.66e+09  9.88e+09
1.7e+03      39.8  7.11e+09  7.11e+09   9.1e+09
1.8e+03      52.4  6.51e+09  6.51e+09   8.4e+09
1.9e+03      64.9  6.02e+09  6.02e+09  7.76e+09
  2e+03      85.3  5.57e+09  5.57e+09  7.19e+09

Reactant = P1   Pressure = 0.1 atm

   T(K)        W1        W2      Loss   Capture
    500  7.27e-27  3.22e-11  3.22e-11  2.41e-10
    600  3.26e-25  4.05e-11  4.05e-11  2.48e-10
    700  4.68e-24  4.38e-11  4.38e-11  2.54e-10
    800  3.32e-23  4.91e-11  4.91e-11   2.6e-10
    900   1.5e-22  5.18e-11  5.18e-11  2.65e-10
  1e+03  5.11e-22   5.5e-11   5.5e-11   2.7e-10
1.1e+03  1.41e-21   5.8e-11   5.8e-11  2.74e-10
1.2e+03  2.76e-21  6.01e-11  6.01e-11  2.78e-10
1.3e+03  4.47e-21   6.1e-11   6.1e-11  2.82e-10
1.4e+03   5.2e-21  6.26e-11  6.26e-11  2.86e-10
1.5e+03  4.48e-21  6.48e-11  6.48e-11  2.89e-10
1.6e+03  3.41e-21  6.52e-11  6.52e-11  2.92e-10
1.7e+03  2.34e-21  6.91e-11  6.91e-11  2.95e-10
1.8e+03  1.43e-21  6.91e-11  6.91e-11  2.98e-10
1.9e+03  7.46e-22  7.03e-11  7.03e-11     3e-10
  2e+03  4.89e-22  7.17e-11  7.17e-11  3.03e-10

Reactant = P1   Pressure = 1 atm

   T(K)        W1        W2      Loss   Capture
    500  2.27e-26  6.73e-11  6.73e-11  2.41e-10
    600  1.05e-24  7.72e-11  7.72e-11  2.48e-10
    700  1.53e-23  8.05e-11  8.05e-11  2.54e-10
    800  1.09e-22  8.69e-11  8.69e-11   2.6e-10
    900  4.95e-22     9e-11     9e-11  2.65e-10
  1e+03  1.64e-21  9.39e-11  9.39e-11   2.7e-10
1.1e+03  4.13e-21  9.75e-11  9.75e-11  2.74e-10
1.2e+03  6.83e-21     1e-10     1e-10  2.78e-10
1.3e+03  9.38e-21  1.01e-10  1.01e-10  2.82e-10
1.4e+03  9.54e-21  1.03e-10  1.03e-10  2.86e-10
1.5e+03  7.59e-21  1.06e-10  1.06e-10  2.89e-10
1.6e+03  5.72e-21  1.06e-10  1.06e-10  2.92e-10
1.7e+03  4.05e-21  1.11e-10  1.11e-10  2.95e-10
1.8e+03  2.78e-21  1.11e-10  1.11e-10  2.98e-10
1.9e+03  1.61e-21  1.13e-10  1.13e-10     3e-10
  2e+03  1.01e-21  1.14e-10  1.14e-10  3.03e-10

Reactant = P1   Pressure = 10 atm

   T(K)        W1        W2      Loss   Capture
    500     6e-26  1.27e-10  1.27e-10  2.41e-10
    600  2.84e-24  1.33e-10  1.33e-10  2.48e-10
    700  4.19e-23  1.34e-10  1.34e-10  2.54e-10
    800  2.98e-22  1.39e-10  1.39e-10   2.6e-10
    900  1.31e-21  1.41e-10  1.41e-10  2.65e-10
  1e+03  4.05e-21  1.45e-10  1.45e-10   2.7e-10
1.1e+03  9.14e-21  1.48e-10  1.48e-10  2.74e-10
1.2e+03  1.33e-20   1.5e-10   1.5e-10  2.78e-10
1.3e+03  1.63e-20  1.51e-10  1.51e-10  2.82e-10
1.4e+03  1.51e-20  1.53e-10  1.53e-10  2.86e-10
1.5e+03  1.14e-20  1.56e-10  1.56e-10  2.89e-10
1.6e+03  8.53e-21  1.57e-10  1.57e-10  2.92e-10
1.7e+03  6.15e-21  1.62e-10  1.62e-10  2.95e-10
1.8e+03  4.63e-21  1.62e-10  1.62e-10  2.98e-10
1.9e+03  3.16e-21  1.64e-10  1.64e-10     3e-10
  2e+03  2.51e-21  1.66e-10  1.66e-10  3.03e-10

Reactant = P1   Pressure = 100 atm

   T(K)        W1        W2      Loss   Capture
    500  8.24e-26  2.06e-10  2.06e-10  2.41e-10
    600     4e-24  2.09e-10  2.09e-10  2.48e-10
    700  5.94e-23  2.09e-10  2.09e-10  2.54e-10
    800  4.08e-22  2.12e-10  2.12e-10   2.6e-10
    900  1.72e-21  2.13e-10  2.13e-10  2.65e-10
  1e+03  5.05e-21  2.15e-10  2.15e-10   2.7e-10
1.1e+03  1.12e-20  2.18e-10  2.18e-10  2.74e-10
1.2e+03  1.74e-20  2.19e-10  2.19e-10  2.78e-10
1.3e+03  2.32e-20  2.21e-10  2.21e-10  2.82e-10
1.4e+03  2.27e-20  2.23e-10  2.23e-10  2.86e-10
1.5e+03  1.77e-20  2.25e-10  2.25e-10  2.89e-10
1.6e+03  1.38e-20  2.26e-10  2.26e-10  2.92e-10
1.7e+03  1.03e-20   2.3e-10   2.3e-10  2.95e-10
1.8e+03  8.23e-21  2.31e-10  2.31e-10  2.98e-10
1.9e+03  6.14e-21  2.33e-10  2.33e-10     3e-10
  2e+03  5.34e-21  2.35e-10  2.35e-10  3.03e-10

______________________________________________________________________________________

Temperature-Pressure Rate Tables:

W1->W2

P\T           500       600       700       800       900     1e+03   1.1e+03   1.2e+03   1.3e+03   1.4e+03   1.5e+03   1.6e+03   1.7e+03   1.8e+03   1.9e+03     2e+03
0.1     -2.44e+05 -2.31e+05 -2.41e+05  7.38e+04  1.17e+06  1.59e+07  1.54e+08  6.17e+08  1.33e+09  2.01e+09  2.34e+09  2.23e+09  2.17e+09  1.86e+09  1.42e+09  1.14e+09
1       -2.78e+06 -2.01e+06  3.15e+06  2.37e+07   8.6e+07  4.17e+08  1.85e+09   4.4e+09  6.81e+09  8.24e+09  8.41e+09  7.63e+09  7.35e+09  6.66e+09  5.68e+09  5.25e+09
10      -2.26e+07  8.15e+08  1.35e+09   2.4e+09  4.06e+09  7.33e+09  1.35e+10  2.04e+10  2.56e+10  2.75e+10  2.64e+10  2.35e+10  2.25e+10  2.07e+10  1.84e+10   1.8e+10
100      4.14e+10  4.92e+10  5.32e+10  5.67e+10  5.92e+10  6.35e+10  7.04e+10  7.38e+10  7.84e+10  7.83e+10  7.34e+10  6.53e+10  6.24e+10   5.8e+10  5.25e+10  5.21e+10
O-O      4.15e+11  7.92e+11  1.27e+12  1.82e+12  2.41e+12  3.02e+12  3.64e+12  4.24e+12  4.84e+12  5.41e+12  5.96e+12  6.49e+12     7e+12  7.49e+12  7.96e+12   8.4e+12

W1->P1

P\T           500       600       700       800       900     1e+03   1.1e+03   1.2e+03   1.3e+03   1.4e+03   1.5e+03   1.6e+03   1.7e+03   1.8e+03   1.9e+03     2e+03
0.1      4.39e+09  4.95e+09  4.99e+09  4.71e+09  4.35e+09  4.07e+09  3.84e+09  3.01e+09  2.22e+09  1.29e+09   5.9e+08  2.48e+08  9.34e+07  2.14e+07 -4.33e+06 -1.04e+07
1        1.37e+10  1.59e+10  1.62e+10  1.54e+10  1.42e+10  1.29e+10  1.11e+10  7.38e+09  4.61e+09  2.36e+09  1.02e+09  4.38e+08  1.86e+08  7.44e+07  2.22e+07  3.35e+06
10       3.61e+10  4.28e+10  4.43e+10  4.18e+10  3.74e+10  3.18e+10  2.45e+10  1.43e+10  7.97e+09  3.72e+09  1.53e+09  6.65e+08  2.93e+08  1.39e+08  6.08e+07  3.11e+07
100      4.95e+10  6.03e+10  6.27e+10  5.72e+10  4.92e+10  3.95e+10  2.99e+10  1.87e+10  1.14e+10  5.61e+09  2.38e+09  1.08e+09  4.94e+08  2.53e+08  1.25e+08   7.4e+07
O-O           ***       ***       ***       ***       ***       ***       ***       ***       ***       ***       ***       ***       ***       ***       ***       ***

W2->W1

P\T           500       600       700       800       900     1e+03   1.1e+03   1.2e+03   1.3e+03   1.4e+03   1.5e+03   1.6e+03   1.7e+03   1.8e+03   1.9e+03     2e+03
0.1      2.95e-15  2.46e-12  1.65e-10  1.44e-07  3.19e-06  0.000125   0.00318    0.0286     0.123     0.333     0.644     0.955      1.37      1.67      1.73      1.85
1        4.88e-11  1.06e-08  5.52e-07  1.42e-05  0.000207   0.00323    0.0379     0.204     0.627      1.36      2.32      3.28      4.68      6.01         7      8.58
10        2.9e-10  4.12e-06  9.62e-05   0.00122   0.00935    0.0562     0.276     0.943      2.36      4.56       7.3      10.1      14.4      18.7      22.8      29.4
100      4.63e-06  0.000239   0.00368    0.0282     0.135     0.485      1.44      3.41      7.21        13      20.3      28.1      39.8      52.4      64.9      85.3
O-O      4.64e-05   0.00384    0.0879     0.905      5.49      23.1      74.3       196       445       897  1.65e+03   2.8e+03  4.47e+03  6.78e+03  9.84e+03  1.38e+04

W2->P1

P\T           500       600       700       800       900     1e+03   1.1e+03   1.2e+03   1.3e+03   1.4e+03   1.5e+03   1.6e+03   1.7e+03   1.8e+03   1.9e+03     2e+03
0.1      2.16e+09  2.96e+09  3.21e+09  3.44e+09  3.38e+09  3.31e+09  3.18e+09     3e+09  2.76e+09  2.58e+09  2.42e+09  2.22e+09  2.14e+09  1.96e+09  1.83e+09  1.71e+09
1        4.52e+09  5.63e+09  5.87e+09  6.06e+09  5.85e+09  5.62e+09  5.32e+09  4.97e+09  4.55e+09  4.22e+09  3.93e+09   3.6e+09  3.43e+09  3.13e+09  2.91e+09  2.71e+09
10       8.56e+09   9.7e+09  9.75e+09  9.69e+09  9.18e+09  8.65e+09  8.08e+09  7.47e+09  6.82e+09  6.28e+09  5.81e+09  5.31e+09  4.99e+09  4.57e+09  4.23e+09  3.93e+09
100      1.39e+10  1.52e+10  1.52e+10  1.48e+10  1.38e+10  1.29e+10  1.19e+10  1.09e+10  9.94e+09  9.11e+09  8.36e+09  7.66e+09  7.11e+09  6.51e+09  6.02e+09  5.57e+09
O-O      1.62e+10  1.81e+10  1.85e+10  1.81e+10  1.72e+10  1.61e+10   1.5e+10  1.38e+10  1.27e+10  1.17e+10  1.07e+10  9.88e+09   9.1e+09   8.4e+09  7.76e+09  7.19e+09

P1->W1

P\T           500       600       700       800       900     1e+03   1.1e+03   1.2e+03   1.3e+03   1.4e+03   1.5e+03   1.6e+03   1.7e+03   1.8e+03   1.9e+03     2e+03
0.1      7.27e-27  3.26e-25  4.68e-24  3.32e-23   1.5e-22  5.11e-22  1.41e-21  2.76e-21  4.47e-21   5.2e-21  4.48e-21  3.41e-21  2.34e-21  1.43e-21  7.46e-22  4.89e-22
1        2.27e-26  1.05e-24  1.53e-23  1.09e-22  4.95e-22  1.64e-21  4.13e-21  6.83e-21  9.38e-21  9.54e-21  7.59e-21  5.72e-21  4.05e-21  2.78e-21  1.61e-21  1.01e-21
10          6e-26  2.84e-24  4.19e-23  2.98e-22  1.31e-21  4.05e-21  9.14e-21  1.33e-20  1.63e-20  1.51e-20  1.14e-20  8.53e-21  6.15e-21  4.63e-21  3.16e-21  2.51e-21
100      8.24e-26     4e-24  5.94e-23  4.08e-22  1.72e-21  5.05e-21  1.12e-20  1.74e-20  2.32e-20  2.27e-20  1.77e-20  1.38e-20  1.03e-20  8.23e-21  6.14e-21  5.34e-21
O-O           ***       ***       ***       ***       ***       ***       ***       ***       ***       ***       ***       ***       ***       ***       ***       ***

P1->W2

P\T           500       600       700       800       900     1e+03   1.1e+03   1.2e+03   1.3e+03   1.4e+03   1.5e+03   1.6e+03   1.7e+03   1.8e+03   1.9e+03     2e+03
0.1      3.22e-11  4.05e-11  4.38e-11  4.91e-11  5.18e-11   5.5e-11   5.8e-11  6.01e-11   6.1e-11  6.26e-11  6.48e-11  6.52e-11  6.91e-11  6.91e-11  7.03e-11  7.17e-11
1        6.73e-11  7.72e-11  8.05e-11  8.69e-11     9e-11  9.39e-11  9.75e-11     1e-10  1.01e-10  1.03e-10  1.06e-10  1.06e-10  1.11e-10  1.11e-10  1.13e-10  1.14e-10
10       1.27e-10  1.33e-10  1.34e-10  1.39e-10  1.41e-10  1.45e-10  1.48e-10   1.5e-10  1.51e-10  1.53e-10  1.56e-10  1.57e-10  1.62e-10  1.62e-10  1.64e-10  1.66e-10
100      2.06e-10  2.09e-10  2.09e-10  2.12e-10  2.13e-10  2.15e-10  2.18e-10  2.19e-10  2.21e-10  2.23e-10  2.25e-10  2.26e-10   2.3e-10  2.31e-10  2.33e-10  2.35e-10
O-O      2.41e-10  2.48e-10  2.54e-10   2.6e-10  2.65e-10   2.7e-10  2.74e-10  2.78e-10  2.82e-10  2.86e-10  2.89e-10  2.92e-10  2.95e-10  2.98e-10     3e-10  3.03e-10

W1-> 

P\T           500       600       700       800       900     1e+03   1.1e+03   1.2e+03   1.3e+03   1.4e+03   1.5e+03   1.6e+03   1.7e+03   1.8e+03   1.9e+03     2e+03
0.1      4.39e+09  4.95e+09  4.99e+09  4.71e+09  4.35e+09  4.08e+09  3.99e+09  3.63e+09  3.55e+09   3.3e+09  2.94e+09  2.48e+09  2.26e+09  1.88e+09  1.41e+09  1.13e+09
1        1.37e+10  1.59e+10  1.62e+10  1.54e+10  1.43e+10  1.34e+10   1.3e+10  1.18e+10  1.14e+10  1.06e+10  9.43e+09  8.07e+09  7.53e+09  6.73e+09   5.7e+09  5.25e+09
10       3.65e+10  4.37e+10  4.56e+10  4.42e+10  4.15e+10  3.91e+10   3.8e+10  3.47e+10  3.36e+10  3.12e+10   2.8e+10  2.42e+10  2.28e+10  2.09e+10  1.85e+10   1.8e+10
100      9.09e+10  1.09e+11  1.16e+11  1.14e+11  1.08e+11  1.03e+11     1e+11  9.26e+10  8.98e+10  8.39e+10  7.58e+10  6.64e+10  6.29e+10  5.82e+10  5.27e+10  5.21e+10
O-O      4.15e+11  7.92e+11  1.27e+12  1.82e+12  2.41e+12  3.02e+12  3.64e+12  4.24e+12  4.84e+12  5.41e+12  5.96e+12  6.49e+12     7e+12  7.49e+12  7.96e+12   8.4e+12

W2-> 

P\T           500       600       700       800       900     1e+03   1.1e+03   1.2e+03   1.3e+03   1.4e+03   1.5e+03   1.6e+03   1.7e+03   1.8e+03   1.9e+03     2e+03
0.1      2.16e+09  2.96e+09  3.21e+09  3.44e+09  3.38e+09  3.31e+09  3.18e+09     3e+09  2.76e+09  2.58e+09  2.42e+09  2.22e+09  2.14e+09  1.96e+09  1.83e+09  1.71e+09
1        4.52e+09  5.63e+09  5.87e+09  6.06e+09  5.85e+09  5.62e+09  5.32e+09  4.97e+09  4.55e+09  4.22e+09  3.93e+09   3.6e+09  3.43e+09  3.13e+09  2.91e+09  2.71e+09
10       8.56e+09   9.7e+09  9.75e+09  9.69e+09  9.18e+09  8.65e+09  8.08e+09  7.47e+09  6.82e+09  6.28e+09  5.81e+09  5.31e+09  4.99e+09  4.57e+09  4.23e+09  3.93e+09
100      1.39e+10  1.52e+10  1.52e+10  1.48e+10  1.38e+10  1.29e+10  1.19e+10  1.09e+10  9.94e+09  9.11e+09  8.36e+09  7.66e+09  7.11e+09  6.51e+09  6.02e+09  5.57e+09
O-O      1.62e+10  1.81e+10  1.85e+10  1.81e+10  1.72e+10  1.61e+10   1.5e+10  1.38e+10  1.27e+10  1.17e+10  1.07e+10  9.88e+09   9.1e+09   8.4e+09  7.76e+09  7.19e+09

P1-> 

P\T           500       600       700       800       900     1e+03   1.1e+03   1.2e+03   1.3e+03   1.4e+03   1.5e+03   1.6e+03   1.7e+03   1.8e+03   1.9e+03     2e+03
0.1      3.22e-11  4.05e-11  4.38e-11  4.91e-11  5.18e-11   5.5e-11   5.8e-11  6.01e-11   6.1e-11  6.26e-11  6.48e-11  6.52e-11  6.91e-11  6.91e-11  7.03e-11  7.17e-11
1        6.73e-11  7.72e-11  8.05e-11  8.69e-11     9e-11  9.39e-11  9.75e-11     1e-10  1.01e-10  1.03e-10  1.06e-10  1.06e-10  1.11e-10  1.11e-10  1.13e-10  1.14e-10
10       1.27e-10  1.33e-10  1.34e-10  1.39e-10  1.41e-10  1.45e-10  1.48e-10   1.5e-10  1.51e-10  1.53e-10  1.56e-10  1.57e-10  1.62e-10  1.62e-10  1.64e-10  1.66e-10
100      2.06e-10  2.09e-10  2.09e-10  2.12e-10  2.13e-10  2.15e-10  2.18e-10  2.19e-10  2.21e-10  2.23e-10  2.25e-10  2.26e-10   2.3e-10  2.31e-10  2.33e-10  2.35e-10
O-O      2.41e-10  2.48e-10  2.54e-10   2.6e-10  2.65e-10   2.7e-10  2.74e-10  2.78e-10  2.82e-10  2.86e-10  2.89e-10  2.92e-10  2.95e-10  2.98e-10     3e-10  3.03e-10

