Wells (G - ground energy, D - dissociation limit, kcal/mol):
                           W         G         D
       FakeW-C5H8(522)+OH(4)        -3     -2.03
      FakeW-C5H7(500)+H2O(5)     -37.4     -34.4

Bimolecular Products (G - ground energy, kcal/mol):
                     P         G
       C5H8(522)+OH(4)         0
      C5H7(500)+H2O(5)     -34.4

Well-to-Bimolecular Barriers (H/G - barrier height/well depth, kcal/mol)
                           B         H                      W         G                P
       FakeB-C5H8(522)+OH(4)         0  FakeW-C5H8(522)+OH(4)        -3  C5H8(522)+OH(4)
      FakeB-C5H7(500)+H2O(5)     -34.4 FakeW-C5H7(500)+H2O(5)     -37.4 C5H7(500)+H2O(5)

Well-to-Well Barriers (H/G - barrier height/well depth, kcal/mol):
            B         H                     W1        G1                     W2        G2
      ts_5_16     -2.03  FakeW-C5H8(522)+OH(4)        -3 FakeW-C5H7(500)+H2O(5)     -37.4

Bound Groups: dissociation barrier (name/ground energy, kcal/mol): wells (name/ground energy, kcal/mol):
     C2/-34.4:  FakeW-C5H7(500)+H2O(5)/-37.4

     B1/-2.03:  FakeW-C5H8(522)+OH(4)/-3

________________________________________________________________________________________

Names Translation Tables (<short name> - <original name>):
Wells:
   W1 - FakeW-C5H8(522)+OH(4)
   W2 - FakeW-C5H7(500)+H2O(5)
Bimolecular products:
   P1 - C5H8(522)+OH(4)
   P2 - C5H7(500)+H2O(5)
Inner Barriers:
   B1 - ts_5_16
Outer Barriers:
   C1 - FakeB-C5H8(522)+OH(4)
   C2 - FakeB-C5H7(500)+H2O(5)
Unimolecular Rate Units: 1/sec;  Bimolecular Rate Units: cm^3/sec

______________________________________________________________________________________

Species-Species Rate Tables:

Temperature = 500 K

High Pressure Rate Coefficients:

From\To         W1        W2        P1        P2
W1             ***  6.84e+12  7.26e+13       ***
W2          0.0158       ***       ***  3.86e+14
P1        2.45e-10       ***       ***       ***
P2             ***   2.4e-10       ***       ***

Temperature = 500 K    Pressure = 0.1 atm

From\To         W1        W2        P1        P2
W1        5.21e+10 -4.76e+05  7.79e+09  4.43e+10
W2        8.84e-14  3.66e+10  4.61e-09  3.66e+10
P1        2.44e-14  7.07e-18  2.05e-11  2.05e-11
P2        5.88e-29  2.12e-14  8.68e-27  2.12e-14

Temperature = 500 K    Pressure = 1 atm

From\To         W1        W2        P1        P2
W1        2.08e+11  2.43e+05  8.64e+10  1.22e+11
W2        1.89e-15  2.53e+11 -3.13e-09  2.53e+11
P1        2.82e-13 -2.97e-18  2.07e-11  2.04e-11
P2        1.69e-28   1.5e-13  8.65e-27   1.5e-13

Temperature = 500 K    Pressure = 10 atm

From\To         W1        W2        P1        P2
W1        8.44e+11  1.87e+05  5.63e+11  2.82e+11
W2        1.26e-16  1.45e+12 -3.26e-11  1.45e+12
P1        1.87e-12  5.08e-19  2.19e-11  2.01e-11
P2        3.97e-28  8.79e-13  8.51e-27  8.79e-13

Temperature = 500 K    Pressure = 100 atm

From\To         W1        W2        P1        P2
W1        3.06e+12  1.97e+06  2.44e+12  6.25e+11
W2       -2.89e-16  6.56e+12  6.61e-12  6.56e+12
P1        8.18e-12  4.48e-18  2.73e-11  1.91e-11
P2         8.9e-28  4.03e-12  8.11e-27  4.03e-12

Temperature = 600 K

High Pressure Rate Coefficients:

From\To         W1        W2        P1        P2
W1             ***  7.98e+12  9.76e+13       ***
W2            5.24       ***       ***  4.96e+14
P1        2.52e-10       ***       ***       ***
P2             ***  2.47e-10       ***       ***

Temperature = 600 K    Pressure = 0.1 atm

From\To         W1        W2        P1        P2
W1        1.15e+11       ***  6.36e+10  5.16e+10
W2             ***       ***       ***       ***
P1        1.35e-13       ***   1.9e-11  1.89e-11
P2        1.39e-26       ***  2.39e-24  2.13e-23

Temperature = 600 K    Pressure = 1 atm

From\To         W1        W2        P1        P2
W1        4.77e+11 -4.12e+04  3.59e+11  1.18e+11
W2        -2.6e-13  9.83e+11  2.14e-08  9.83e+11
P1         8.5e-13  2.61e-21  1.96e-11  1.87e-11
P2        3.54e-26  4.07e-13  2.37e-24  4.07e-13

Temperature = 600 K    Pressure = 10 atm

From\To         W1        W2        P1        P2
W1        1.77e+12   6.6e+05  1.49e+12  2.83e+11
W2        4.25e-14   4.1e+12 -6.24e-09   4.1e+12
P1        3.72e-12  1.01e-18  2.21e-11  1.84e-11
P2        8.97e-26   1.9e-12  2.33e-24   1.9e-12

Temperature = 600 K    Pressure = 100 atm

From\To         W1        W2        P1        P2
W1        5.39e+12  5.27e+06  4.74e+12  6.51e+11
W2        3.88e-16  1.39e+13 -3.55e-11  1.39e+13
P1        1.21e-11  7.41e-18  2.97e-11  1.75e-11
P2        2.11e-25  6.75e-12  2.22e-24  6.75e-12

Temperature = 700 K

High Pressure Rate Coefficients:

From\To         W1        W2        P1        P2
W1             ***  8.89e+12  1.14e+14       ***
W2             326       ***       ***  5.55e+14
P1        2.59e-10       ***       ***       ***
P2             ***  2.53e-10       ***       ***

Temperature = 700 K    Pressure = 0.1 atm

From\To         W1        W2        P1        P2
W1             ***       ***       ***       ***
W2             ***       ***       ***       ***
P1             ***       ***  1.86e-11  1.86e-11
P2             ***       ***  1.38e-22  1.28e-22

Temperature = 700 K    Pressure = 1 atm

From\To         W1        W2        P1        P2
W1        1.24e+12       ***  1.09e+12  1.47e+11
W2             ***       ***       ***       ***
P1        2.04e-12       ***  2.04e-11  1.83e-11
P2        2.04e-24       ***  1.36e-22  1.29e-22

Temperature = 700 K    Pressure = 10 atm

From\To         W1        W2        P1        P2
W1        3.36e+12  1.82e+06  3.03e+12  3.36e+11
W2        1.82e-12  8.77e+12  -8.5e-08  8.77e+12
P1        6.48e-12  2.17e-18  2.44e-11  1.79e-11
P2        5.33e-24   3.5e-12  1.33e-22   3.5e-12

Temperature = 700 K    Pressure = 100 atm

From\To         W1        W2        P1        P2
W1        8.49e+12   1.1e+07  7.74e+12  7.47e+11
W2       -1.01e-11  2.29e+13  1.73e-09  2.29e+13
P1        1.73e-11  1.32e-17  3.43e-11  1.71e-11
P2        1.23e-23  1.01e-11  1.26e-22  1.01e-11

Temperature = 800 K

High Pressure Rate Coefficients:

From\To         W1        W2        P1        P2
W1             ***  9.64e+12  1.24e+14       ***
W2        7.17e+03       ***       ***  5.75e+14
P1        2.65e-10       ***       ***       ***
P2             ***  2.59e-10       ***       ***

Temperature = 800 K    Pressure = 0.1 atm

From\To         W1        W2        P1        P2
W1             ***       ***       ***       ***
W2             ***       ***       ***       ***
P1             ***       ***   1.9e-11   1.9e-11
P2             ***       ***  2.98e-21  2.98e-21

Temperature = 800 K    Pressure = 1 atm

From\To         W1        W2        P1        P2
W1             ***       ***       ***       ***
W2             ***       ***       ***       ***
P1             ***       ***   1.9e-11   1.9e-11
P2             ***       ***  2.98e-21     3e-21

Temperature = 800 K    Pressure = 10 atm

From\To         W1        W2        P1        P2
W1        4.52e+12  3.42e+06  4.16e+12  3.62e+11
W2           7e-11  1.32e+13  7.79e-08  1.32e+13
P1        8.23e-12  3.19e-18  2.66e-11  1.83e-11
P2        1.12e-22  4.92e-12  2.88e-21  4.92e-12

Temperature = 800 K    Pressure = 100 atm

From\To         W1        W2        P1        P2
W1        1.04e+13  1.73e+07  9.61e+12  7.84e+11
W2        -4.1e-09  3.03e+13  4.87e-09  3.03e+13
P1        2.02e-11  1.74e-17  3.77e-11  1.75e-11
P2        2.58e-22   1.3e-11  2.74e-21   1.3e-11

Temperature = 900 K

High Pressure Rate Coefficients:

From\To         W1        W2        P1        P2
W1             ***  1.03e+13  1.27e+14       ***
W2         7.9e+04       ***       ***  5.69e+14
P1         2.7e-10       ***       ***       ***
P2             ***  2.64e-10       ***       ***

Temperature = 900 K    Pressure = 0.1 atm

From\To         W1        W2        P1        P2
W1             ***       ***       ***       ***
W2             ***       ***       ***       ***
P1             ***       ***  1.99e-11  1.99e-11
P2             ***       ***  3.37e-20  3.37e-20

Temperature = 900 K    Pressure = 1 atm

From\To         W1        W2        P1        P2
W1             ***       ***       ***       ***
W2             ***       ***       ***       ***
P1             ***       ***  1.99e-11  1.99e-11
P2             ***       ***  3.37e-20  3.37e-20

Temperature = 900 K    Pressure = 10 atm

From\To         W1        W2        P1        P2
W1         5.4e+12       ***  5.01e+12  3.89e+11
W2             ***       ***       ***       ***
P1        9.65e-12       ***  2.89e-11  1.92e-11
P2        1.26e-21       ***  3.25e-20  3.37e-20

Temperature = 900 K    Pressure = 100 atm

From\To         W1        W2        P1        P2
W1        1.17e+13  2.24e+07  1.09e+13  8.24e+11
W2       -3.78e-07  3.45e+13  4.84e-08  3.45e+13
P1        2.26e-11  2.19e-17  4.09e-11  1.83e-11
P2        2.88e-21  1.51e-11   3.1e-20  1.51e-11

Temperature = 1e+03 K

High Pressure Rate Coefficients:

From\To         W1        W2        P1        P2
W1             ***  1.08e+13  1.27e+14       ***
W2        5.37e+05       ***       ***  5.47e+14
P1        2.75e-10       ***       ***       ***
P2             ***  2.69e-10       ***       ***

Temperature = 1e+03 K    Pressure = 0.1 atm

From\To         W1        W2        P1        P2
W1             ***       ***       ***       ***
W2             ***       ***       ***       ***
P1             ***       ***  2.12e-11  2.12e-11
P2             ***       ***   2.4e-19   2.4e-19

Temperature = 1e+03 K    Pressure = 1 atm

From\To         W1        W2        P1        P2
W1             ***       ***       ***       ***
W2             ***       ***       ***       ***
P1             ***       ***  2.12e-11  2.12e-11
P2             ***       ***   2.4e-19   2.4e-19

Temperature = 1e+03 K    Pressure = 10 atm

From\To         W1        W2        P1        P2
W1        6.12e+12       ***   5.7e+12  4.22e+11
W2             ***       ***       ***       ***
P1         1.1e-11       ***  3.14e-11  2.04e-11
P2        9.24e-21       ***  2.32e-19  2.41e-19

Temperature = 1e+03 K    Pressure = 100 atm

From\To         W1        W2        P1        P2
W1        1.27e+13  2.63e+07  1.18e+13  8.75e+11
W2       -1.08e-05  3.62e+13  1.15e-06  3.62e+13
P1        2.49e-11  2.78e-17  4.44e-11  1.95e-11
P2        2.09e-20  1.66e-11  2.21e-19  1.66e-11

Temperature = 1.1e+03 K

High Pressure Rate Coefficients:

From\To         W1        W2        P1        P2
W1             ***  1.12e+13  1.24e+14       ***
W2        2.57e+06       ***       ***  5.16e+14
P1        2.79e-10       ***       ***       ***
P2             ***  2.73e-10       ***       ***

Temperature = 1.1e+03 K    Pressure = 0.1 atm

From\To         W1        W2        P1        P2
W1             ***       ***       ***       ***
W2             ***       ***       ***       ***
P1             ***       ***  2.27e-11  2.27e-11
P2             ***       ***  1.23e-18  1.23e-18

Temperature = 1.1e+03 K    Pressure = 1 atm

From\To         W1        W2        P1        P2
W1             ***       ***       ***       ***
W2             ***       ***       ***       ***
P1             ***       ***  2.27e-11  2.27e-11
P2             ***       ***  1.23e-18  1.23e-18

Temperature = 1.1e+03 K    Pressure = 10 atm

From\To         W1        W2        P1        P2
W1        6.77e+12       ***   6.3e+12  4.67e+11
W2             ***       ***       ***       ***
P1        1.24e-11       ***  3.43e-11  2.18e-11
P2        4.98e-20       ***  1.18e-18  1.23e-18

Temperature = 1.1e+03 K    Pressure = 100 atm

From\To         W1        W2        P1        P2
W1        1.35e+13  3.04e+07  1.26e+13  9.46e+11
W2       -0.000172  3.69e+13  4.77e-05  3.69e+13
P1        2.75e-11  3.61e-17  4.82e-11  2.08e-11
P2        1.12e-19  1.81e-11  1.12e-18  1.81e-11

Temperature = 1.2e+03 K

High Pressure Rate Coefficients:

From\To         W1        W2        P1        P2
W1             ***  1.16e+13   1.2e+14       ***
W2        9.47e+06       ***       ***  4.81e+14
P1        2.83e-10       ***       ***       ***
P2             ***  2.77e-10       ***       ***

Temperature = 1.2e+03 K    Pressure = 0.1 atm

From\To         W1        W2        P1        P2
W1             ***       ***       ***       ***
W2             ***       ***       ***       ***
P1             ***       ***  2.45e-11  2.45e-11
P2             ***       ***  4.88e-18  4.88e-18

Temperature = 1.2e+03 K    Pressure = 1 atm

From\To         W1        W2        P1        P2
W1             ***       ***       ***       ***
W2             ***       ***       ***       ***
P1             ***       ***  2.45e-11  2.45e-11
P2             ***       ***  4.88e-18  4.88e-18

Temperature = 1.2e+03 K    Pressure = 10 atm

From\To         W1        W2        P1        P2
W1        6.67e+12       ***   6.2e+12  4.71e+11
W2             ***       ***       ***       ***
P1        1.28e-11       ***  3.64e-11  2.36e-11
P2        1.93e-19       ***   4.7e-18   4.9e-18

Temperature = 1.2e+03 K    Pressure = 100 atm

From\To         W1        W2        P1        P2
W1        1.31e+13  3.55e+07  1.22e+13  9.46e+11
W2         -0.0006  3.81e+13  0.000514  3.81e+13
P1        2.79e-11  3.92e-17  5.04e-11  2.25e-11
P2        4.32e-19  2.02e-11  4.48e-18  2.02e-11

Temperature = 1.3e+03 K

High Pressure Rate Coefficients:

From\To         W1        W2        P1        P2
W1             ***  1.19e+13  1.14e+14       ***
W2        2.85e+07       ***       ***  4.46e+14
P1        2.87e-10       ***       ***       ***
P2             ***  2.81e-10       ***       ***

Temperature = 1.3e+03 K    Pressure = 0.1 atm

From\To         W1        W2        P1        P2
W1             ***       ***       ***       ***
W2             ***       ***       ***       ***
P1             ***       ***  2.64e-11  2.64e-11
P2             ***       ***  1.59e-17  1.59e-17

Temperature = 1.3e+03 K    Pressure = 1 atm

From\To         W1        W2        P1        P2
W1             ***       ***       ***       ***
W2             ***       ***       ***       ***
P1             ***       ***  2.64e-11  2.64e-11
P2             ***       ***  1.59e-17  1.59e-17

Temperature = 1.3e+03 K    Pressure = 10 atm

From\To         W1        W2        P1        P2
W1        7.04e+12       ***  6.53e+12  5.19e+11
W2             ***       ***       ***       ***
P1        1.41e-11       ***  3.94e-11  2.54e-11
P2        6.74e-19       ***  1.53e-17   1.6e-17

Temperature = 1.3e+03 K    Pressure = 100 atm

From\To         W1        W2        P1        P2
W1        1.35e+13  3.74e+07  1.25e+13  1.02e+12
W2        -0.00872  3.62e+13   0.00143  3.62e+13
P1        3.03e-11  5.03e-17  5.44e-11  2.41e-11
P2        1.49e-18   2.1e-11  1.45e-17   2.1e-11

Temperature = 1.4e+03 K

High Pressure Rate Coefficients:

From\To         W1        W2        P1        P2
W1             ***  1.22e+13  1.09e+14       ***
W2        7.34e+07       ***       ***  4.11e+14
P1        2.91e-10       ***       ***       ***
P2             ***  2.84e-10       ***       ***

Temperature = 1.4e+03 K    Pressure = 0.1 atm

From\To         W1        W2        P1        P2
W1             ***       ***       ***       ***
W2             ***       ***       ***       ***
P1             ***       ***  2.85e-11  2.85e-11
P2             ***       ***  4.45e-17  4.45e-17

Temperature = 1.4e+03 K    Pressure = 1 atm

From\To         W1        W2        P1        P2
W1             ***       ***       ***       ***
W2             ***       ***       ***       ***
P1             ***       ***  2.85e-11  2.85e-11
P2             ***       ***  4.45e-17  4.45e-17

Temperature = 1.4e+03 K    Pressure = 10 atm

From\To         W1        W2        P1        P2
W1        6.85e+12       ***  6.32e+12  5.28e+11
W2             ***       ***       ***       ***
P1        1.45e-11       ***  4.19e-11  2.74e-11
P2        1.89e-18       ***  4.28e-17  4.47e-17

Temperature = 1.4e+03 K    Pressure = 100 atm

From\To         W1        W2        P1        P2
W1         1.3e+13  3.92e+07   1.2e+13  1.03e+12
W2          0.0751  3.48e+13   0.00544  3.48e+13
P1        3.09e-11  5.57e-17   5.7e-11  2.61e-11
P2        4.16e-18  2.21e-11  4.07e-17  2.21e-11

Temperature = 1.5e+03 K

High Pressure Rate Coefficients:

From\To         W1        W2        P1        P2
W1             ***  1.24e+13  1.03e+14       ***
W2        1.66e+08       ***       ***  3.78e+14
P1        2.94e-10       ***       ***       ***
P2             ***  2.88e-10       ***       ***

Temperature = 1.5e+03 K    Pressure = 0.1 atm

From\To         W1        W2        P1        P2
W1             ***       ***       ***       ***
W2             ***       ***       ***       ***
P1             ***       ***  3.07e-11  3.07e-11
P2             ***       ***   1.1e-16   1.1e-16

Temperature = 1.5e+03 K    Pressure = 1 atm

From\To         W1        W2        P1        P2
W1             ***       ***       ***       ***
W2             ***       ***       ***       ***
P1             ***       ***  3.07e-11  3.07e-11
P2             ***       ***   1.1e-16   1.1e-16

Temperature = 1.5e+03 K    Pressure = 10 atm

From\To         W1        W2        P1        P2
W1        6.84e+12       ***  6.29e+12  5.58e+11
W2             ***       ***       ***       ***
P1        1.53e-11       ***  4.48e-11  2.95e-11
P2        4.85e-18       ***  1.05e-16   1.1e-16

Temperature = 1.5e+03 K    Pressure = 100 atm

From\To         W1        W2        P1        P2
W1        1.28e+13  4.25e+07  1.17e+13  1.08e+12
W2           0.293  3.37e+13    0.0267  3.37e+13
P1        3.23e-11  6.61e-17  6.03e-11   2.8e-11
P2        1.06e-17  2.34e-11     1e-16  2.34e-11

Temperature = 1.6e+03 K

High Pressure Rate Coefficients:

From\To         W1        W2        P1        P2
W1             ***  1.26e+13  9.69e+13       ***
W2         3.4e+08       ***       ***  3.47e+14
P1        2.97e-10       ***       ***       ***
P2             ***  2.91e-10       ***       ***

Temperature = 1.6e+03 K    Pressure = 0.1 atm

From\To         W1        W2        P1        P2
W1             ***       ***       ***       ***
W2             ***       ***       ***       ***
P1             ***       ***  3.32e-11  3.32e-11
P2             ***       ***  2.45e-16  2.45e-16

Temperature = 1.6e+03 K    Pressure = 1 atm

From\To         W1        W2        P1        P2
W1             ***       ***       ***       ***
W2             ***       ***       ***       ***
P1             ***       ***  3.32e-11  3.32e-11
P2             ***       ***  2.45e-16  2.45e-16

Temperature = 1.6e+03 K    Pressure = 10 atm

From\To         W1        W2        P1        P2
W1        6.42e+12       ***  5.87e+12  5.52e+11
W2             ***       ***       ***       ***
P1        1.53e-11       ***  4.72e-11  3.19e-11
P2        1.06e-17       ***  2.35e-16  2.46e-16

Temperature = 1.6e+03 K    Pressure = 100 atm

From\To         W1        W2        P1        P2
W1         1.2e+13  4.21e+07  1.09e+13  1.07e+12
W2            1.13  3.15e+13     0.104  3.15e+13
P1        3.22e-11  6.94e-17  6.25e-11  3.03e-11
P2        2.32e-17  2.41e-11  2.24e-16  2.41e-11

Temperature = 1.7e+03 K

High Pressure Rate Coefficients:

From\To         W1        W2        P1        P2
W1             ***  1.28e+13  9.12e+13       ***
W2         6.4e+08       ***       ***  3.19e+14
P1           3e-10       ***       ***       ***
P2             ***  2.94e-10       ***       ***

Temperature = 1.7e+03 K    Pressure = 0.1 atm

From\To         W1        W2        P1        P2
W1             ***       ***       ***       ***
W2             ***       ***       ***       ***
P1             ***       ***  3.58e-11  3.58e-11
P2             ***       ***  5.02e-16  5.02e-16

Temperature = 1.7e+03 K    Pressure = 1 atm

From\To         W1        W2        P1        P2
W1             ***       ***       ***       ***
W2             ***       ***       ***       ***
P1             ***       ***  3.58e-11  3.58e-11
P2             ***       ***  5.02e-16  5.02e-16

Temperature = 1.7e+03 K    Pressure = 10 atm

From\To         W1        W2        P1        P2
W1        6.28e+12       ***  5.71e+12   5.7e+11
W2             ***       ***       ***       ***
P1        1.63e-11       ***  5.06e-11  3.43e-11
P2        2.28e-17       ***  4.81e-16  5.04e-16

Temperature = 1.7e+03 K    Pressure = 100 atm

From\To         W1        W2        P1        P2
W1        1.17e+13  3.67e+07  1.06e+13   1.1e+12
W2            4.81     3e+13     0.249     3e+13
P1        3.37e-11  6.74e-17  6.63e-11  3.26e-11
P2        4.92e-17  2.56e-11  4.58e-16  2.56e-11

Temperature = 1.8e+03 K

High Pressure Rate Coefficients:

From\To         W1        W2        P1        P2
W1             ***  1.29e+13  8.58e+13       ***
W2        1.12e+09       ***       ***  2.93e+14
P1        3.03e-10       ***       ***       ***
P2             ***  2.97e-10       ***       ***

Temperature = 1.8e+03 K    Pressure = 0.1 atm

From\To         W1        W2        P1        P2
W1             ***       ***       ***       ***
W2             ***       ***       ***       ***
P1             ***       ***  3.83e-11  3.83e-11
P2             ***       ***  9.53e-16  9.53e-16

Temperature = 1.8e+03 K    Pressure = 1 atm

From\To         W1        W2        P1        P2
W1             ***       ***       ***       ***
W2             ***       ***       ***       ***
P1             ***       ***  3.83e-11  3.83e-11
P2             ***       ***  9.53e-16  9.53e-16

Temperature = 1.8e+03 K    Pressure = 10 atm

From\To         W1        W2        P1        P2
W1           6e+12       ***  5.42e+12  5.79e+11
W2             ***       ***       ***       ***
P1        1.62e-11       ***  5.29e-11  3.67e-11
P2        4.31e-17       ***  9.14e-16  9.57e-16

Temperature = 1.8e+03 K    Pressure = 100 atm

From\To         W1        W2        P1        P2
W1         1.1e+13  4.88e+07  9.93e+12  1.11e+12
W2            16.8   2.8e+13     0.454   2.8e+13
P1        3.37e-11  9.59e-17  6.86e-11  3.49e-11
P2        9.34e-17   2.6e-11  8.69e-16   2.6e-11

Temperature = 1.9e+03 K

High Pressure Rate Coefficients:

From\To         W1        W2        P1        P2
W1             ***   1.3e+13  8.07e+13       ***
W2        1.85e+09       ***       ***  2.69e+14
P1        3.06e-10       ***       ***       ***
P2             ***  2.99e-10       ***       ***

Temperature = 1.9e+03 K    Pressure = 0.1 atm

From\To         W1        W2        P1        P2
W1             ***       ***       ***       ***
W2             ***       ***       ***       ***
P1             ***       ***  4.09e-11  4.09e-11
P2             ***       ***   1.7e-15   1.7e-15

Temperature = 1.9e+03 K    Pressure = 1 atm

From\To         W1        W2        P1        P2
W1             ***       ***       ***       ***
W2             ***       ***       ***       ***
P1             ***       ***  4.09e-11  4.09e-11
P2             ***       ***   1.7e-15   1.7e-15

Temperature = 1.9e+03 K    Pressure = 10 atm

From\To         W1        W2        P1        P2
W1        5.98e+12       ***  5.36e+12  6.15e+11
W2             ***       ***       ***       ***
P1        1.71e-11       ***  5.62e-11  3.91e-11
P2        8.17e-17       ***  1.63e-15  1.71e-15

Temperature = 1.9e+03 K    Pressure = 100 atm

From\To         W1        W2        P1        P2
W1        1.09e+13  5.11e+07  9.72e+12  1.16e+12
W2            40.3  2.57e+13     0.371  2.57e+13
P1        3.53e-11  1.23e-16  7.24e-11  3.71e-11
P2        1.76e-16  2.63e-11  1.55e-15  2.63e-11

Temperature = 2e+03 K

High Pressure Rate Coefficients:

From\To         W1        W2        P1        P2
W1             ***  1.31e+13  7.59e+13       ***
W2         2.9e+09       ***       ***  2.47e+14
P1        3.08e-10       ***       ***       ***
P2             ***  3.02e-10       ***       ***

Temperature = 2e+03 K    Pressure = 0.1 atm

From\To         W1        W2        P1        P2
W1             ***       ***       ***       ***
W2             ***       ***       ***       ***
P1             ***       ***  4.37e-11  4.37e-11
P2             ***       ***   2.9e-15   2.9e-15

Temperature = 2e+03 K    Pressure = 1 atm

From\To         W1        W2        P1        P2
W1             ***       ***       ***       ***
W2             ***       ***       ***       ***
P1             ***       ***  4.37e-11  4.37e-11
P2             ***       ***   2.9e-15   2.9e-15

Temperature = 2e+03 K    Pressure = 10 atm

From\To         W1        W2        P1        P2
W1        5.67e+12       ***  5.05e+12  6.17e+11
W2             ***       ***       ***       ***
P1        1.73e-11       ***  5.91e-11  4.18e-11
P2         1.4e-16       ***  2.77e-15  2.91e-15

Temperature = 2e+03 K    Pressure = 100 atm

From\To         W1        W2        P1        P2
W1        1.03e+13  7.11e+07  9.13e+12  1.16e+12
W2             196  2.45e+13     -3.25  2.45e+13
P1        3.56e-11  1.76e-16  7.53e-11  3.97e-11
P2        3.01e-16  2.75e-11  2.63e-15  2.75e-11

______________________________________________________________________________________

High Pressure Rate Coefficients (Temperature-Species Rate Tables):

Reactant = W1
   T(K)        W1        W2        P1        P2
    500       ***  6.84e+12  7.26e+13       ***
    600       ***  7.98e+12  9.76e+13       ***
    700       ***  8.89e+12  1.14e+14       ***
    800       ***  9.64e+12  1.24e+14       ***
    900       ***  1.03e+13  1.27e+14       ***
  1e+03       ***  1.08e+13  1.27e+14       ***
1.1e+03       ***  1.12e+13  1.24e+14       ***
1.2e+03       ***  1.16e+13   1.2e+14       ***
1.3e+03       ***  1.19e+13  1.14e+14       ***
1.4e+03       ***  1.22e+13  1.09e+14       ***
1.5e+03       ***  1.24e+13  1.03e+14       ***
1.6e+03       ***  1.26e+13  9.69e+13       ***
1.7e+03       ***  1.28e+13  9.12e+13       ***
1.8e+03       ***  1.29e+13  8.58e+13       ***
1.9e+03       ***   1.3e+13  8.07e+13       ***
  2e+03       ***  1.31e+13  7.59e+13       ***

Reactant = W2
   T(K)        W1        W2        P1        P2
    500    0.0158       ***       ***  3.86e+14
    600      5.24       ***       ***  4.96e+14
    700       326       ***       ***  5.55e+14
    800  7.17e+03       ***       ***  5.75e+14
    900   7.9e+04       ***       ***  5.69e+14
  1e+03  5.37e+05       ***       ***  5.47e+14
1.1e+03  2.57e+06       ***       ***  5.16e+14
1.2e+03  9.47e+06       ***       ***  4.81e+14
1.3e+03  2.85e+07       ***       ***  4.46e+14
1.4e+03  7.34e+07       ***       ***  4.11e+14
1.5e+03  1.66e+08       ***       ***  3.78e+14
1.6e+03   3.4e+08       ***       ***  3.47e+14
1.7e+03   6.4e+08       ***       ***  3.19e+14
1.8e+03  1.12e+09       ***       ***  2.93e+14
1.9e+03  1.85e+09       ***       ***  2.69e+14
  2e+03   2.9e+09       ***       ***  2.47e+14

Reactant = P1
   T(K)        W1        W2        P1        P2
    500  2.45e-10       ***       ***       ***
    600  2.52e-10       ***       ***       ***
    700  2.59e-10       ***       ***       ***
    800  2.65e-10       ***       ***       ***
    900   2.7e-10       ***       ***       ***
  1e+03  2.75e-10       ***       ***       ***
1.1e+03  2.79e-10       ***       ***       ***
1.2e+03  2.83e-10       ***       ***       ***
1.3e+03  2.87e-10       ***       ***       ***
1.4e+03  2.91e-10       ***       ***       ***
1.5e+03  2.94e-10       ***       ***       ***
1.6e+03  2.97e-10       ***       ***       ***
1.7e+03     3e-10       ***       ***       ***
1.8e+03  3.03e-10       ***       ***       ***
1.9e+03  3.06e-10       ***       ***       ***
  2e+03  3.08e-10       ***       ***       ***

Reactant = P2
   T(K)        W1        W2        P1        P2
    500       ***   2.4e-10       ***       ***
    600       ***  2.47e-10       ***       ***
    700       ***  2.53e-10       ***       ***
    800       ***  2.59e-10       ***       ***
    900       ***  2.64e-10       ***       ***
  1e+03       ***  2.69e-10       ***       ***
1.1e+03       ***  2.73e-10       ***       ***
1.2e+03       ***  2.77e-10       ***       ***
1.3e+03       ***  2.81e-10       ***       ***
1.4e+03       ***  2.84e-10       ***       ***
1.5e+03       ***  2.88e-10       ***       ***
1.6e+03       ***  2.91e-10       ***       ***
1.7e+03       ***  2.94e-10       ***       ***
1.8e+03       ***  2.97e-10       ***       ***
1.9e+03       ***  2.99e-10       ***       ***
  2e+03       ***  3.02e-10       ***       ***

Capture/Escape Rate Coefficients:

   T(K)        W1        W2        P1        P2
    500  7.94e+13  3.86e+14  2.45e-10   2.4e-10
    600  1.06e+14  4.96e+14  2.52e-10  2.47e-10
    700  1.23e+14  5.55e+14  2.59e-10  2.53e-10
    800  1.33e+14  5.75e+14  2.65e-10  2.59e-10
    900  1.38e+14  5.69e+14   2.7e-10  2.64e-10
  1e+03  1.38e+14  5.47e+14  2.75e-10  2.69e-10
1.1e+03  1.35e+14  5.16e+14  2.79e-10  2.73e-10
1.2e+03  1.31e+14  4.81e+14  2.83e-10  2.77e-10
1.3e+03  1.26e+14  4.46e+14  2.87e-10  2.81e-10
1.4e+03  1.21e+14  4.11e+14  2.91e-10  2.84e-10
1.5e+03  1.15e+14  3.78e+14  2.94e-10  2.88e-10
1.6e+03   1.1e+14  3.47e+14  2.97e-10  2.91e-10
1.7e+03  1.04e+14  3.19e+14     3e-10  2.94e-10
1.8e+03  9.87e+13  2.93e+14  3.03e-10  2.97e-10
1.9e+03  9.37e+13  2.69e+14  3.06e-10  2.99e-10
  2e+03   8.9e+13  2.47e+14  3.08e-10  3.02e-10

______________________________________________________________________________________

Pressure-Species Rate Tables:

Reactant = W1   Temperature = 500 K

   P(atm)        W2        P1        P2      Loss
      0.1 -4.76e+05  7.79e+09  4.43e+10  5.21e+10
        1  2.43e+05  8.64e+10  1.22e+11  2.08e+11
       10  1.87e+05  5.63e+11  2.82e+11  8.44e+11
      100  1.97e+06  2.44e+12  6.25e+11  3.06e+12
      O-O  6.84e+12  7.26e+13       ***  7.94e+13

Reactant = W1   Temperature = 600 K

   P(atm)        W2        P1        P2      Loss
      0.1       ***  6.36e+10  5.16e+10  1.15e+11
        1 -4.12e+04  3.59e+11  1.18e+11  4.77e+11
       10   6.6e+05  1.49e+12  2.83e+11  1.77e+12
      100  5.27e+06  4.74e+12  6.51e+11  5.39e+12
      O-O  7.98e+12  9.76e+13       ***  1.06e+14

Reactant = W1   Temperature = 700 K

   P(atm)        W2        P1        P2      Loss
      0.1       ***       ***       ***       ***
        1       ***  1.09e+12  1.47e+11  1.24e+12
       10  1.82e+06  3.03e+12  3.36e+11  3.36e+12
      100   1.1e+07  7.74e+12  7.47e+11  8.49e+12
      O-O  8.89e+12  1.14e+14       ***  1.23e+14

Reactant = W1   Temperature = 800 K

   P(atm)        W2        P1        P2      Loss
      0.1       ***       ***       ***       ***
        1       ***       ***       ***       ***
       10  3.42e+06  4.16e+12  3.62e+11  4.52e+12
      100  1.73e+07  9.61e+12  7.84e+11  1.04e+13
      O-O  9.64e+12  1.24e+14       ***  1.33e+14

Reactant = W1   Temperature = 900 K

   P(atm)        W2        P1        P2      Loss
      0.1       ***       ***       ***       ***
        1       ***       ***       ***       ***
       10       ***  5.01e+12  3.89e+11   5.4e+12
      100  2.24e+07  1.09e+13  8.24e+11  1.17e+13
      O-O  1.03e+13  1.27e+14       ***  1.38e+14

Reactant = W1   Temperature = 1e+03 K

   P(atm)        W2        P1        P2      Loss
      0.1       ***       ***       ***       ***
        1       ***       ***       ***       ***
       10       ***   5.7e+12  4.22e+11  6.12e+12
      100  2.63e+07  1.18e+13  8.75e+11  1.27e+13
      O-O  1.08e+13  1.27e+14       ***  1.38e+14

Reactant = W1   Temperature = 1.1e+03 K

   P(atm)        W2        P1        P2      Loss
      0.1       ***       ***       ***       ***
        1       ***       ***       ***       ***
       10       ***   6.3e+12  4.67e+11  6.77e+12
      100  3.04e+07  1.26e+13  9.46e+11  1.35e+13
      O-O  1.12e+13  1.24e+14       ***  1.35e+14

Reactant = W1   Temperature = 1.2e+03 K

   P(atm)        W2        P1        P2      Loss
      0.1       ***       ***       ***       ***
        1       ***       ***       ***       ***
       10       ***   6.2e+12  4.71e+11  6.67e+12
      100  3.55e+07  1.22e+13  9.46e+11  1.31e+13
      O-O  1.16e+13   1.2e+14       ***  1.31e+14

Reactant = W1   Temperature = 1.3e+03 K

   P(atm)        W2        P1        P2      Loss
      0.1       ***       ***       ***       ***
        1       ***       ***       ***       ***
       10       ***  6.53e+12  5.19e+11  7.04e+12
      100  3.74e+07  1.25e+13  1.02e+12  1.35e+13
      O-O  1.19e+13  1.14e+14       ***  1.26e+14

Reactant = W1   Temperature = 1.4e+03 K

   P(atm)        W2        P1        P2      Loss
      0.1       ***       ***       ***       ***
        1       ***       ***       ***       ***
       10       ***  6.32e+12  5.28e+11  6.85e+12
      100  3.92e+07   1.2e+13  1.03e+12   1.3e+13
      O-O  1.22e+13  1.09e+14       ***  1.21e+14

Reactant = W1   Temperature = 1.5e+03 K

   P(atm)        W2        P1        P2      Loss
      0.1       ***       ***       ***       ***
        1       ***       ***       ***       ***
       10       ***  6.29e+12  5.58e+11  6.84e+12
      100  4.25e+07  1.17e+13  1.08e+12  1.28e+13
      O-O  1.24e+13  1.03e+14       ***  1.15e+14

Reactant = W1   Temperature = 1.6e+03 K

   P(atm)        W2        P1        P2      Loss
      0.1       ***       ***       ***       ***
        1       ***       ***       ***       ***
       10       ***  5.87e+12  5.52e+11  6.42e+12
      100  4.21e+07  1.09e+13  1.07e+12   1.2e+13
      O-O  1.26e+13  9.69e+13       ***   1.1e+14

Reactant = W1   Temperature = 1.7e+03 K

   P(atm)        W2        P1        P2      Loss
      0.1       ***       ***       ***       ***
        1       ***       ***       ***       ***
       10       ***  5.71e+12   5.7e+11  6.28e+12
      100  3.67e+07  1.06e+13   1.1e+12  1.17e+13
      O-O  1.28e+13  9.12e+13       ***  1.04e+14

Reactant = W1   Temperature = 1.8e+03 K

   P(atm)        W2        P1        P2      Loss
      0.1       ***       ***       ***       ***
        1       ***       ***       ***       ***
       10       ***  5.42e+12  5.79e+11     6e+12
      100  4.88e+07  9.93e+12  1.11e+12   1.1e+13
      O-O  1.29e+13  8.58e+13       ***  9.87e+13

Reactant = W1   Temperature = 1.9e+03 K

   P(atm)        W2        P1        P2      Loss
      0.1       ***       ***       ***       ***
        1       ***       ***       ***       ***
       10       ***  5.36e+12  6.15e+11  5.98e+12
      100  5.11e+07  9.72e+12  1.16e+12  1.09e+13
      O-O   1.3e+13  8.07e+13       ***  9.37e+13

Reactant = W1   Temperature = 2e+03 K

   P(atm)        W2        P1        P2      Loss
      0.1       ***       ***       ***       ***
        1       ***       ***       ***       ***
       10       ***  5.05e+12  6.17e+11  5.67e+12
      100  7.11e+07  9.13e+12  1.16e+12  1.03e+13
      O-O  1.31e+13  7.59e+13       ***   8.9e+13

Reactant = W2   Temperature = 500 K

   P(atm)        W1        P1        P2      Loss
      0.1  8.84e-14  4.61e-09  3.66e+10  3.66e+10
        1  1.89e-15 -3.13e-09  2.53e+11  2.53e+11
       10  1.26e-16 -3.26e-11  1.45e+12  1.45e+12
      100 -2.89e-16  6.61e-12  6.56e+12  6.56e+12
      O-O    0.0158       ***  3.86e+14  3.86e+14

Reactant = W2   Temperature = 600 K

   P(atm)        W1        P1        P2      Loss
      0.1       ***       ***       ***       ***
        1  -2.6e-13  2.14e-08  9.83e+11  9.83e+11
       10  4.25e-14 -6.24e-09   4.1e+12   4.1e+12
      100  3.88e-16 -3.55e-11  1.39e+13  1.39e+13
      O-O      5.24       ***  4.96e+14  4.96e+14

Reactant = W2   Temperature = 700 K

   P(atm)        W1        P1        P2      Loss
      0.1       ***       ***       ***       ***
        1       ***       ***       ***       ***
       10  1.82e-12  -8.5e-08  8.77e+12  8.77e+12
      100 -1.01e-11  1.73e-09  2.29e+13  2.29e+13
      O-O       326       ***  5.55e+14  5.55e+14

Reactant = W2   Temperature = 800 K

   P(atm)        W1        P1        P2      Loss
      0.1       ***       ***       ***       ***
        1       ***       ***       ***       ***
       10     7e-11  7.79e-08  1.32e+13  1.32e+13
      100  -4.1e-09  4.87e-09  3.03e+13  3.03e+13
      O-O  7.17e+03       ***  5.75e+14  5.75e+14

Reactant = W2   Temperature = 900 K

   P(atm)        W1        P1        P2      Loss
      0.1       ***       ***       ***       ***
        1       ***       ***       ***       ***
       10       ***       ***       ***       ***
      100 -3.78e-07  4.84e-08  3.45e+13  3.45e+13
      O-O   7.9e+04       ***  5.69e+14  5.69e+14

Reactant = W2   Temperature = 1e+03 K

   P(atm)        W1        P1        P2      Loss
      0.1       ***       ***       ***       ***
        1       ***       ***       ***       ***
       10       ***       ***       ***       ***
      100 -1.08e-05  1.15e-06  3.62e+13  3.62e+13
      O-O  5.37e+05       ***  5.47e+14  5.47e+14

Reactant = W2   Temperature = 1.1e+03 K

   P(atm)        W1        P1        P2      Loss
      0.1       ***       ***       ***       ***
        1       ***       ***       ***       ***
       10       ***       ***       ***       ***
      100 -0.000172  4.77e-05  3.69e+13  3.69e+13
      O-O  2.57e+06       ***  5.16e+14  5.16e+14

Reactant = W2   Temperature = 1.2e+03 K

   P(atm)        W1        P1        P2      Loss
      0.1       ***       ***       ***       ***
        1       ***       ***       ***       ***
       10       ***       ***       ***       ***
      100   -0.0006  0.000514  3.81e+13  3.81e+13
      O-O  9.47e+06       ***  4.81e+14  4.81e+14

Reactant = W2   Temperature = 1.3e+03 K

   P(atm)        W1        P1        P2      Loss
      0.1       ***       ***       ***       ***
        1       ***       ***       ***       ***
       10       ***       ***       ***       ***
      100  -0.00872   0.00143  3.62e+13  3.62e+13
      O-O  2.85e+07       ***  4.46e+14  4.46e+14

Reactant = W2   Temperature = 1.4e+03 K

   P(atm)        W1        P1        P2      Loss
      0.1       ***       ***       ***       ***
        1       ***       ***       ***       ***
       10       ***       ***       ***       ***
      100    0.0751   0.00544  3.48e+13  3.48e+13
      O-O  7.34e+07       ***  4.11e+14  4.11e+14

Reactant = W2   Temperature = 1.5e+03 K

   P(atm)        W1        P1        P2      Loss
      0.1       ***       ***       ***       ***
        1       ***       ***       ***       ***
       10       ***       ***       ***       ***
      100     0.293    0.0267  3.37e+13  3.37e+13
      O-O  1.66e+08       ***  3.78e+14  3.78e+14

Reactant = W2   Temperature = 1.6e+03 K

   P(atm)        W1        P1        P2      Loss
      0.1       ***       ***       ***       ***
        1       ***       ***       ***       ***
       10       ***       ***       ***       ***
      100      1.13     0.104  3.15e+13  3.15e+13
      O-O   3.4e+08       ***  3.47e+14  3.47e+14

Reactant = W2   Temperature = 1.7e+03 K

   P(atm)        W1        P1        P2      Loss
      0.1       ***       ***       ***       ***
        1       ***       ***       ***       ***
       10       ***       ***       ***       ***
      100      4.81     0.249     3e+13     3e+13
      O-O   6.4e+08       ***  3.19e+14  3.19e+14

Reactant = W2   Temperature = 1.8e+03 K

   P(atm)        W1        P1        P2      Loss
      0.1       ***       ***       ***       ***
        1       ***       ***       ***       ***
       10       ***       ***       ***       ***
      100      16.8     0.454   2.8e+13   2.8e+13
      O-O  1.12e+09       ***  2.93e+14  2.93e+14

Reactant = W2   Temperature = 1.9e+03 K

   P(atm)        W1        P1        P2      Loss
      0.1       ***       ***       ***       ***
        1       ***       ***       ***       ***
       10       ***       ***       ***       ***
      100      40.3     0.371  2.57e+13  2.57e+13
      O-O  1.85e+09       ***  2.69e+14  2.69e+14

Reactant = W2   Temperature = 2e+03 K

   P(atm)        W1        P1        P2      Loss
      0.1       ***       ***       ***       ***
        1       ***       ***       ***       ***
       10       ***       ***       ***       ***
      100       196     -3.25  2.45e+13  2.45e+13
      O-O   2.9e+09       ***  2.47e+14  2.47e+14

Reactant = P1   Temperature = 500 K

   P(atm)        W1        W2        P2      Loss
      0.1  2.44e-14  7.07e-18  2.05e-11  2.05e-11
        1  2.82e-13 -2.97e-18  2.04e-11  2.07e-11
       10  1.87e-12  5.08e-19  2.01e-11  2.19e-11
      100  8.18e-12  4.48e-18  1.91e-11  2.73e-11
      O-O  2.45e-10       ***       ***  2.45e-10

Reactant = P1   Temperature = 600 K

   P(atm)        W1        W2        P2      Loss
      0.1  1.35e-13       ***  1.89e-11   1.9e-11
        1   8.5e-13  2.61e-21  1.87e-11  1.96e-11
       10  3.72e-12  1.01e-18  1.84e-11  2.21e-11
      100  1.21e-11  7.41e-18  1.75e-11  2.97e-11
      O-O  2.52e-10       ***       ***  2.52e-10

Reactant = P1   Temperature = 700 K

   P(atm)        W1        W2        P2      Loss
      0.1       ***       ***  1.86e-11  1.86e-11
        1  2.04e-12       ***  1.83e-11  2.04e-11
       10  6.48e-12  2.17e-18  1.79e-11  2.44e-11
      100  1.73e-11  1.32e-17  1.71e-11  3.43e-11
      O-O  2.59e-10       ***       ***  2.59e-10

Reactant = P1   Temperature = 800 K

   P(atm)        W1        W2        P2      Loss
      0.1       ***       ***   1.9e-11   1.9e-11
        1       ***       ***   1.9e-11   1.9e-11
       10  8.23e-12  3.19e-18  1.83e-11  2.66e-11
      100  2.02e-11  1.74e-17  1.75e-11  3.77e-11
      O-O  2.65e-10       ***       ***  2.65e-10

Reactant = P1   Temperature = 900 K

   P(atm)        W1        W2        P2      Loss
      0.1       ***       ***  1.99e-11  1.99e-11
        1       ***       ***  1.99e-11  1.99e-11
       10  9.65e-12       ***  1.92e-11  2.89e-11
      100  2.26e-11  2.19e-17  1.83e-11  4.09e-11
      O-O   2.7e-10       ***       ***   2.7e-10

Reactant = P1   Temperature = 1e+03 K

   P(atm)        W1        W2        P2      Loss
      0.1       ***       ***  2.12e-11  2.12e-11
        1       ***       ***  2.12e-11  2.12e-11
       10   1.1e-11       ***  2.04e-11  3.14e-11
      100  2.49e-11  2.78e-17  1.95e-11  4.44e-11
      O-O  2.75e-10       ***       ***  2.75e-10

Reactant = P1   Temperature = 1.1e+03 K

   P(atm)        W1        W2        P2      Loss
      0.1       ***       ***  2.27e-11  2.27e-11
        1       ***       ***  2.27e-11  2.27e-11
       10  1.24e-11       ***  2.18e-11  3.43e-11
      100  2.75e-11  3.61e-17  2.08e-11  4.82e-11
      O-O  2.79e-10       ***       ***  2.79e-10

Reactant = P1   Temperature = 1.2e+03 K

   P(atm)        W1        W2        P2      Loss
      0.1       ***       ***  2.45e-11  2.45e-11
        1       ***       ***  2.45e-11  2.45e-11
       10  1.28e-11       ***  2.36e-11  3.64e-11
      100  2.79e-11  3.92e-17  2.25e-11  5.04e-11
      O-O  2.83e-10       ***       ***  2.83e-10

Reactant = P1   Temperature = 1.3e+03 K

   P(atm)        W1        W2        P2      Loss
      0.1       ***       ***  2.64e-11  2.64e-11
        1       ***       ***  2.64e-11  2.64e-11
       10  1.41e-11       ***  2.54e-11  3.94e-11
      100  3.03e-11  5.03e-17  2.41e-11  5.44e-11
      O-O  2.87e-10       ***       ***  2.87e-10

Reactant = P1   Temperature = 1.4e+03 K

   P(atm)        W1        W2        P2      Loss
      0.1       ***       ***  2.85e-11  2.85e-11
        1       ***       ***  2.85e-11  2.85e-11
       10  1.45e-11       ***  2.74e-11  4.19e-11
      100  3.09e-11  5.57e-17  2.61e-11   5.7e-11
      O-O  2.91e-10       ***       ***  2.91e-10

Reactant = P1   Temperature = 1.5e+03 K

   P(atm)        W1        W2        P2      Loss
      0.1       ***       ***  3.07e-11  3.07e-11
        1       ***       ***  3.07e-11  3.07e-11
       10  1.53e-11       ***  2.95e-11  4.48e-11
      100  3.23e-11  6.61e-17   2.8e-11  6.03e-11
      O-O  2.94e-10       ***       ***  2.94e-10

Reactant = P1   Temperature = 1.6e+03 K

   P(atm)        W1        W2        P2      Loss
      0.1       ***       ***  3.32e-11  3.32e-11
        1       ***       ***  3.32e-11  3.32e-11
       10  1.53e-11       ***  3.19e-11  4.72e-11
      100  3.22e-11  6.94e-17  3.03e-11  6.25e-11
      O-O  2.97e-10       ***       ***  2.97e-10

Reactant = P1   Temperature = 1.7e+03 K

   P(atm)        W1        W2        P2      Loss
      0.1       ***       ***  3.58e-11  3.58e-11
        1       ***       ***  3.58e-11  3.58e-11
       10  1.63e-11       ***  3.43e-11  5.06e-11
      100  3.37e-11  6.74e-17  3.26e-11  6.63e-11
      O-O     3e-10       ***       ***     3e-10

Reactant = P1   Temperature = 1.8e+03 K

   P(atm)        W1        W2        P2      Loss
      0.1       ***       ***  3.83e-11  3.83e-11
        1       ***       ***  3.83e-11  3.83e-11
       10  1.62e-11       ***  3.67e-11  5.29e-11
      100  3.37e-11  9.59e-17  3.49e-11  6.86e-11
      O-O  3.03e-10       ***       ***  3.03e-10

Reactant = P1   Temperature = 1.9e+03 K

   P(atm)        W1        W2        P2      Loss
      0.1       ***       ***  4.09e-11  4.09e-11
        1       ***       ***  4.09e-11  4.09e-11
       10  1.71e-11       ***  3.91e-11  5.62e-11
      100  3.53e-11  1.23e-16  3.71e-11  7.24e-11
      O-O  3.06e-10       ***       ***  3.06e-10

Reactant = P1   Temperature = 2e+03 K

   P(atm)        W1        W2        P2      Loss
      0.1       ***       ***  4.37e-11  4.37e-11
        1       ***       ***  4.37e-11  4.37e-11
       10  1.73e-11       ***  4.18e-11  5.91e-11
      100  3.56e-11  1.76e-16  3.97e-11  7.53e-11
      O-O  3.08e-10       ***       ***  3.08e-10

Reactant = P2   Temperature = 500 K

   P(atm)        W1        W2        P1      Loss
      0.1  5.88e-29  2.12e-14  8.68e-27  2.12e-14
        1  1.69e-28   1.5e-13  8.65e-27   1.5e-13
       10  3.97e-28  8.79e-13  8.51e-27  8.79e-13
      100   8.9e-28  4.03e-12  8.11e-27  4.03e-12
      O-O       ***   2.4e-10       ***   2.4e-10

Reactant = P2   Temperature = 600 K

   P(atm)        W1        W2        P1      Loss
      0.1  1.39e-26       ***  2.39e-24  2.13e-23
        1  3.54e-26  4.07e-13  2.37e-24  4.07e-13
       10  8.97e-26   1.9e-12  2.33e-24   1.9e-12
      100  2.11e-25  6.75e-12  2.22e-24  6.75e-12
      O-O       ***  2.47e-10       ***  2.47e-10

Reactant = P2   Temperature = 700 K

   P(atm)        W1        W2        P1      Loss
      0.1       ***       ***  1.38e-22  1.28e-22
        1  2.04e-24       ***  1.36e-22  1.29e-22
       10  5.33e-24   3.5e-12  1.33e-22   3.5e-12
      100  1.23e-23  1.01e-11  1.26e-22  1.01e-11
      O-O       ***  2.53e-10       ***  2.53e-10

Reactant = P2   Temperature = 800 K

   P(atm)        W1        W2        P1      Loss
      0.1       ***       ***  2.98e-21  2.98e-21
        1       ***       ***  2.98e-21     3e-21
       10  1.12e-22  4.92e-12  2.88e-21  4.92e-12
      100  2.58e-22   1.3e-11  2.74e-21   1.3e-11
      O-O       ***  2.59e-10       ***  2.59e-10

Reactant = P2   Temperature = 900 K

   P(atm)        W1        W2        P1      Loss
      0.1       ***       ***  3.37e-20  3.37e-20
        1       ***       ***  3.37e-20  3.37e-20
       10  1.26e-21       ***  3.25e-20  3.37e-20
      100  2.88e-21  1.51e-11   3.1e-20  1.51e-11
      O-O       ***  2.64e-10       ***  2.64e-10

Reactant = P2   Temperature = 1e+03 K

   P(atm)        W1        W2        P1      Loss
      0.1       ***       ***   2.4e-19   2.4e-19
        1       ***       ***   2.4e-19   2.4e-19
       10  9.24e-21       ***  2.32e-19  2.41e-19
      100  2.09e-20  1.66e-11  2.21e-19  1.66e-11
      O-O       ***  2.69e-10       ***  2.69e-10

Reactant = P2   Temperature = 1.1e+03 K

   P(atm)        W1        W2        P1      Loss
      0.1       ***       ***  1.23e-18  1.23e-18
        1       ***       ***  1.23e-18  1.23e-18
       10  4.98e-20       ***  1.18e-18  1.23e-18
      100  1.12e-19  1.81e-11  1.12e-18  1.81e-11
      O-O       ***  2.73e-10       ***  2.73e-10

Reactant = P2   Temperature = 1.2e+03 K

   P(atm)        W1        W2        P1      Loss
      0.1       ***       ***  4.88e-18  4.88e-18
        1       ***       ***  4.88e-18  4.88e-18
       10  1.93e-19       ***   4.7e-18   4.9e-18
      100  4.32e-19  2.02e-11  4.48e-18  2.02e-11
      O-O       ***  2.77e-10       ***  2.77e-10

Reactant = P2   Temperature = 1.3e+03 K

   P(atm)        W1        W2        P1      Loss
      0.1       ***       ***  1.59e-17  1.59e-17
        1       ***       ***  1.59e-17  1.59e-17
       10  6.74e-19       ***  1.53e-17   1.6e-17
      100  1.49e-18   2.1e-11  1.45e-17   2.1e-11
      O-O       ***  2.81e-10       ***  2.81e-10

Reactant = P2   Temperature = 1.4e+03 K

   P(atm)        W1        W2        P1      Loss
      0.1       ***       ***  4.45e-17  4.45e-17
        1       ***       ***  4.45e-17  4.45e-17
       10  1.89e-18       ***  4.28e-17  4.47e-17
      100  4.16e-18  2.21e-11  4.07e-17  2.21e-11
      O-O       ***  2.84e-10       ***  2.84e-10

Reactant = P2   Temperature = 1.5e+03 K

   P(atm)        W1        W2        P1      Loss
      0.1       ***       ***   1.1e-16   1.1e-16
        1       ***       ***   1.1e-16   1.1e-16
       10  4.85e-18       ***  1.05e-16   1.1e-16
      100  1.06e-17  2.34e-11     1e-16  2.34e-11
      O-O       ***  2.88e-10       ***  2.88e-10

Reactant = P2   Temperature = 1.6e+03 K

   P(atm)        W1        W2        P1      Loss
      0.1       ***       ***  2.45e-16  2.45e-16
        1       ***       ***  2.45e-16  2.45e-16
       10  1.06e-17       ***  2.35e-16  2.46e-16
      100  2.32e-17  2.41e-11  2.24e-16  2.41e-11
      O-O       ***  2.91e-10       ***  2.91e-10

Reactant = P2   Temperature = 1.7e+03 K

   P(atm)        W1        W2        P1      Loss
      0.1       ***       ***  5.02e-16  5.02e-16
        1       ***       ***  5.02e-16  5.02e-16
       10  2.28e-17       ***  4.81e-16  5.04e-16
      100  4.92e-17  2.56e-11  4.58e-16  2.56e-11
      O-O       ***  2.94e-10       ***  2.94e-10

Reactant = P2   Temperature = 1.8e+03 K

   P(atm)        W1        W2        P1      Loss
      0.1       ***       ***  9.53e-16  9.53e-16
        1       ***       ***  9.53e-16  9.53e-16
       10  4.31e-17       ***  9.14e-16  9.57e-16
      100  9.34e-17   2.6e-11  8.69e-16   2.6e-11
      O-O       ***  2.97e-10       ***  2.97e-10

Reactant = P2   Temperature = 1.9e+03 K

   P(atm)        W1        W2        P1      Loss
      0.1       ***       ***   1.7e-15   1.7e-15
        1       ***       ***   1.7e-15   1.7e-15
       10  8.17e-17       ***  1.63e-15  1.71e-15
      100  1.76e-16  2.63e-11  1.55e-15  2.63e-11
      O-O       ***  2.99e-10       ***  2.99e-10

Reactant = P2   Temperature = 2e+03 K

   P(atm)        W1        W2        P1      Loss
      0.1       ***       ***   2.9e-15   2.9e-15
        1       ***       ***   2.9e-15   2.9e-15
       10   1.4e-16       ***  2.77e-15  2.91e-15
      100  3.01e-16  2.75e-11  2.63e-15  2.75e-11
      O-O       ***  3.02e-10       ***  3.02e-10

______________________________________________________________________________________

Temperature-Species Rate Tables:

Reactant = W1   Pressure = 0.1 atm

   T(K)        W2        P1        P2      Loss   Capture
    500 -4.76e+05  7.79e+09  4.43e+10  5.21e+10  7.94e+13
    600       ***  6.36e+10  5.16e+10  1.15e+11  1.06e+14
    700       ***       ***       ***       ***  1.23e+14
    800       ***       ***       ***       ***  1.33e+14
    900       ***       ***       ***       ***  1.38e+14
  1e+03       ***       ***       ***       ***  1.38e+14
1.1e+03       ***       ***       ***       ***  1.35e+14
1.2e+03       ***       ***       ***       ***  1.31e+14
1.3e+03       ***       ***       ***       ***  1.26e+14
1.4e+03       ***       ***       ***       ***  1.21e+14
1.5e+03       ***       ***       ***       ***  1.15e+14
1.6e+03       ***       ***       ***       ***   1.1e+14
1.7e+03       ***       ***       ***       ***  1.04e+14
1.8e+03       ***       ***       ***       ***  9.87e+13
1.9e+03       ***       ***       ***       ***  9.37e+13
  2e+03       ***       ***       ***       ***   8.9e+13

Reactant = W1   Pressure = 1 atm

   T(K)        W2        P1        P2      Loss   Capture
    500  2.43e+05  8.64e+10  1.22e+11  2.08e+11  7.94e+13
    600 -4.12e+04  3.59e+11  1.18e+11  4.77e+11  1.06e+14
    700       ***  1.09e+12  1.47e+11  1.24e+12  1.23e+14
    800       ***       ***       ***       ***  1.33e+14
    900       ***       ***       ***       ***  1.38e+14
  1e+03       ***       ***       ***       ***  1.38e+14
1.1e+03       ***       ***       ***       ***  1.35e+14
1.2e+03       ***       ***       ***       ***  1.31e+14
1.3e+03       ***       ***       ***       ***  1.26e+14
1.4e+03       ***       ***       ***       ***  1.21e+14
1.5e+03       ***       ***       ***       ***  1.15e+14
1.6e+03       ***       ***       ***       ***   1.1e+14
1.7e+03       ***       ***       ***       ***  1.04e+14
1.8e+03       ***       ***       ***       ***  9.87e+13
1.9e+03       ***       ***       ***       ***  9.37e+13
  2e+03       ***       ***       ***       ***   8.9e+13

Reactant = W1   Pressure = 10 atm

   T(K)        W2        P1        P2      Loss   Capture
    500  1.87e+05  5.63e+11  2.82e+11  8.44e+11  7.94e+13
    600   6.6e+05  1.49e+12  2.83e+11  1.77e+12  1.06e+14
    700  1.82e+06  3.03e+12  3.36e+11  3.36e+12  1.23e+14
    800  3.42e+06  4.16e+12  3.62e+11  4.52e+12  1.33e+14
    900       ***  5.01e+12  3.89e+11   5.4e+12  1.38e+14
  1e+03       ***   5.7e+12  4.22e+11  6.12e+12  1.38e+14
1.1e+03       ***   6.3e+12  4.67e+11  6.77e+12  1.35e+14
1.2e+03       ***   6.2e+12  4.71e+11  6.67e+12  1.31e+14
1.3e+03       ***  6.53e+12  5.19e+11  7.04e+12  1.26e+14
1.4e+03       ***  6.32e+12  5.28e+11  6.85e+12  1.21e+14
1.5e+03       ***  6.29e+12  5.58e+11  6.84e+12  1.15e+14
1.6e+03       ***  5.87e+12  5.52e+11  6.42e+12   1.1e+14
1.7e+03       ***  5.71e+12   5.7e+11  6.28e+12  1.04e+14
1.8e+03       ***  5.42e+12  5.79e+11     6e+12  9.87e+13
1.9e+03       ***  5.36e+12  6.15e+11  5.98e+12  9.37e+13
  2e+03       ***  5.05e+12  6.17e+11  5.67e+12   8.9e+13

Reactant = W1   Pressure = 100 atm

   T(K)        W2        P1        P2      Loss   Capture
    500  1.97e+06  2.44e+12  6.25e+11  3.06e+12  7.94e+13
    600  5.27e+06  4.74e+12  6.51e+11  5.39e+12  1.06e+14
    700   1.1e+07  7.74e+12  7.47e+11  8.49e+12  1.23e+14
    800  1.73e+07  9.61e+12  7.84e+11  1.04e+13  1.33e+14
    900  2.24e+07  1.09e+13  8.24e+11  1.17e+13  1.38e+14
  1e+03  2.63e+07  1.18e+13  8.75e+11  1.27e+13  1.38e+14
1.1e+03  3.04e+07  1.26e+13  9.46e+11  1.35e+13  1.35e+14
1.2e+03  3.55e+07  1.22e+13  9.46e+11  1.31e+13  1.31e+14
1.3e+03  3.74e+07  1.25e+13  1.02e+12  1.35e+13  1.26e+14
1.4e+03  3.92e+07   1.2e+13  1.03e+12   1.3e+13  1.21e+14
1.5e+03  4.25e+07  1.17e+13  1.08e+12  1.28e+13  1.15e+14
1.6e+03  4.21e+07  1.09e+13  1.07e+12   1.2e+13   1.1e+14
1.7e+03  3.67e+07  1.06e+13   1.1e+12  1.17e+13  1.04e+14
1.8e+03  4.88e+07  9.93e+12  1.11e+12   1.1e+13  9.87e+13
1.9e+03  5.11e+07  9.72e+12  1.16e+12  1.09e+13  9.37e+13
  2e+03  7.11e+07  9.13e+12  1.16e+12  1.03e+13   8.9e+13

Reactant = W2   Pressure = 0.1 atm

   T(K)        W1        P1        P2      Loss   Capture
    500  8.84e-14  4.61e-09  3.66e+10  3.66e+10  3.86e+14
    600       ***       ***       ***       ***  4.96e+14
    700       ***       ***       ***       ***  5.55e+14
    800       ***       ***       ***       ***  5.75e+14
    900       ***       ***       ***       ***  5.69e+14
  1e+03       ***       ***       ***       ***  5.47e+14
1.1e+03       ***       ***       ***       ***  5.16e+14
1.2e+03       ***       ***       ***       ***  4.81e+14
1.3e+03       ***       ***       ***       ***  4.46e+14
1.4e+03       ***       ***       ***       ***  4.11e+14
1.5e+03       ***       ***       ***       ***  3.78e+14
1.6e+03       ***       ***       ***       ***  3.47e+14
1.7e+03       ***       ***       ***       ***  3.19e+14
1.8e+03       ***       ***       ***       ***  2.93e+14
1.9e+03       ***       ***       ***       ***  2.69e+14
  2e+03       ***       ***       ***       ***  2.47e+14

Reactant = W2   Pressure = 1 atm

   T(K)        W1        P1        P2      Loss   Capture
    500  1.89e-15 -3.13e-09  2.53e+11  2.53e+11  3.86e+14
    600  -2.6e-13  2.14e-08  9.83e+11  9.83e+11  4.96e+14
    700       ***       ***       ***       ***  5.55e+14
    800       ***       ***       ***       ***  5.75e+14
    900       ***       ***       ***       ***  5.69e+14
  1e+03       ***       ***       ***       ***  5.47e+14
1.1e+03       ***       ***       ***       ***  5.16e+14
1.2e+03       ***       ***       ***       ***  4.81e+14
1.3e+03       ***       ***       ***       ***  4.46e+14
1.4e+03       ***       ***       ***       ***  4.11e+14
1.5e+03       ***       ***       ***       ***  3.78e+14
1.6e+03       ***       ***       ***       ***  3.47e+14
1.7e+03       ***       ***       ***       ***  3.19e+14
1.8e+03       ***       ***       ***       ***  2.93e+14
1.9e+03       ***       ***       ***       ***  2.69e+14
  2e+03       ***       ***       ***       ***  2.47e+14

Reactant = W2   Pressure = 10 atm

   T(K)        W1        P1        P2      Loss   Capture
    500  1.26e-16 -3.26e-11  1.45e+12  1.45e+12  3.86e+14
    600  4.25e-14 -6.24e-09   4.1e+12   4.1e+12  4.96e+14
    700  1.82e-12  -8.5e-08  8.77e+12  8.77e+12  5.55e+14
    800     7e-11  7.79e-08  1.32e+13  1.32e+13  5.75e+14
    900       ***       ***       ***       ***  5.69e+14
  1e+03       ***       ***       ***       ***  5.47e+14
1.1e+03       ***       ***       ***       ***  5.16e+14
1.2e+03       ***       ***       ***       ***  4.81e+14
1.3e+03       ***       ***       ***       ***  4.46e+14
1.4e+03       ***       ***       ***       ***  4.11e+14
1.5e+03       ***       ***       ***       ***  3.78e+14
1.6e+03       ***       ***       ***       ***  3.47e+14
1.7e+03       ***       ***       ***       ***  3.19e+14
1.8e+03       ***       ***       ***       ***  2.93e+14
1.9e+03       ***       ***       ***       ***  2.69e+14
  2e+03       ***       ***       ***       ***  2.47e+14

Reactant = W2   Pressure = 100 atm

   T(K)        W1        P1        P2      Loss   Capture
    500 -2.89e-16  6.61e-12  6.56e+12  6.56e+12  3.86e+14
    600  3.88e-16 -3.55e-11  1.39e+13  1.39e+13  4.96e+14
    700 -1.01e-11  1.73e-09  2.29e+13  2.29e+13  5.55e+14
    800  -4.1e-09  4.87e-09  3.03e+13  3.03e+13  5.75e+14
    900 -3.78e-07  4.84e-08  3.45e+13  3.45e+13  5.69e+14
  1e+03 -1.08e-05  1.15e-06  3.62e+13  3.62e+13  5.47e+14
1.1e+03 -0.000172  4.77e-05  3.69e+13  3.69e+13  5.16e+14
1.2e+03   -0.0006  0.000514  3.81e+13  3.81e+13  4.81e+14
1.3e+03  -0.00872   0.00143  3.62e+13  3.62e+13  4.46e+14
1.4e+03    0.0751   0.00544  3.48e+13  3.48e+13  4.11e+14
1.5e+03     0.293    0.0267  3.37e+13  3.37e+13  3.78e+14
1.6e+03      1.13     0.104  3.15e+13  3.15e+13  3.47e+14
1.7e+03      4.81     0.249     3e+13     3e+13  3.19e+14
1.8e+03      16.8     0.454   2.8e+13   2.8e+13  2.93e+14
1.9e+03      40.3     0.371  2.57e+13  2.57e+13  2.69e+14
  2e+03       196     -3.25  2.45e+13  2.45e+13  2.47e+14

Reactant = P1   Pressure = 0.1 atm

   T(K)        W1        W2        P2      Loss   Capture
    500  2.44e-14  7.07e-18  2.05e-11  2.05e-11  2.45e-10
    600  1.35e-13       ***  1.89e-11   1.9e-11  2.52e-10
    700       ***       ***  1.86e-11  1.86e-11  2.59e-10
    800       ***       ***   1.9e-11   1.9e-11  2.65e-10
    900       ***       ***  1.99e-11  1.99e-11   2.7e-10
  1e+03       ***       ***  2.12e-11  2.12e-11  2.75e-10
1.1e+03       ***       ***  2.27e-11  2.27e-11  2.79e-10
1.2e+03       ***       ***  2.45e-11  2.45e-11  2.83e-10
1.3e+03       ***       ***  2.64e-11  2.64e-11  2.87e-10
1.4e+03       ***       ***  2.85e-11  2.85e-11  2.91e-10
1.5e+03       ***       ***  3.07e-11  3.07e-11  2.94e-10
1.6e+03       ***       ***  3.32e-11  3.32e-11  2.97e-10
1.7e+03       ***       ***  3.58e-11  3.58e-11     3e-10
1.8e+03       ***       ***  3.83e-11  3.83e-11  3.03e-10
1.9e+03       ***       ***  4.09e-11  4.09e-11  3.06e-10
  2e+03       ***       ***  4.37e-11  4.37e-11  3.08e-10

Reactant = P1   Pressure = 1 atm

   T(K)        W1        W2        P2      Loss   Capture
    500  2.82e-13 -2.97e-18  2.04e-11  2.07e-11  2.45e-10
    600   8.5e-13  2.61e-21  1.87e-11  1.96e-11  2.52e-10
    700  2.04e-12       ***  1.83e-11  2.04e-11  2.59e-10
    800       ***       ***   1.9e-11   1.9e-11  2.65e-10
    900       ***       ***  1.99e-11  1.99e-11   2.7e-10
  1e+03       ***       ***  2.12e-11  2.12e-11  2.75e-10
1.1e+03       ***       ***  2.27e-11  2.27e-11  2.79e-10
1.2e+03       ***       ***  2.45e-11  2.45e-11  2.83e-10
1.3e+03       ***       ***  2.64e-11  2.64e-11  2.87e-10
1.4e+03       ***       ***  2.85e-11  2.85e-11  2.91e-10
1.5e+03       ***       ***  3.07e-11  3.07e-11  2.94e-10
1.6e+03       ***       ***  3.32e-11  3.32e-11  2.97e-10
1.7e+03       ***       ***  3.58e-11  3.58e-11     3e-10
1.8e+03       ***       ***  3.83e-11  3.83e-11  3.03e-10
1.9e+03       ***       ***  4.09e-11  4.09e-11  3.06e-10
  2e+03       ***       ***  4.37e-11  4.37e-11  3.08e-10

Reactant = P1   Pressure = 10 atm

   T(K)        W1        W2        P2      Loss   Capture
    500  1.87e-12  5.08e-19  2.01e-11  2.19e-11  2.45e-10
    600  3.72e-12  1.01e-18  1.84e-11  2.21e-11  2.52e-10
    700  6.48e-12  2.17e-18  1.79e-11  2.44e-11  2.59e-10
    800  8.23e-12  3.19e-18  1.83e-11  2.66e-11  2.65e-10
    900  9.65e-12       ***  1.92e-11  2.89e-11   2.7e-10
  1e+03   1.1e-11       ***  2.04e-11  3.14e-11  2.75e-10
1.1e+03  1.24e-11       ***  2.18e-11  3.43e-11  2.79e-10
1.2e+03  1.28e-11       ***  2.36e-11  3.64e-11  2.83e-10
1.3e+03  1.41e-11       ***  2.54e-11  3.94e-11  2.87e-10
1.4e+03  1.45e-11       ***  2.74e-11  4.19e-11  2.91e-10
1.5e+03  1.53e-11       ***  2.95e-11  4.48e-11  2.94e-10
1.6e+03  1.53e-11       ***  3.19e-11  4.72e-11  2.97e-10
1.7e+03  1.63e-11       ***  3.43e-11  5.06e-11     3e-10
1.8e+03  1.62e-11       ***  3.67e-11  5.29e-11  3.03e-10
1.9e+03  1.71e-11       ***  3.91e-11  5.62e-11  3.06e-10
  2e+03  1.73e-11       ***  4.18e-11  5.91e-11  3.08e-10

Reactant = P1   Pressure = 100 atm

   T(K)        W1        W2        P2      Loss   Capture
    500  8.18e-12  4.48e-18  1.91e-11  2.73e-11  2.45e-10
    600  1.21e-11  7.41e-18  1.75e-11  2.97e-11  2.52e-10
    700  1.73e-11  1.32e-17  1.71e-11  3.43e-11  2.59e-10
    800  2.02e-11  1.74e-17  1.75e-11  3.77e-11  2.65e-10
    900  2.26e-11  2.19e-17  1.83e-11  4.09e-11   2.7e-10
  1e+03  2.49e-11  2.78e-17  1.95e-11  4.44e-11  2.75e-10
1.1e+03  2.75e-11  3.61e-17  2.08e-11  4.82e-11  2.79e-10
1.2e+03  2.79e-11  3.92e-17  2.25e-11  5.04e-11  2.83e-10
1.3e+03  3.03e-11  5.03e-17  2.41e-11  5.44e-11  2.87e-10
1.4e+03  3.09e-11  5.57e-17  2.61e-11   5.7e-11  2.91e-10
1.5e+03  3.23e-11  6.61e-17   2.8e-11  6.03e-11  2.94e-10
1.6e+03  3.22e-11  6.94e-17  3.03e-11  6.25e-11  2.97e-10
1.7e+03  3.37e-11  6.74e-17  3.26e-11  6.63e-11     3e-10
1.8e+03  3.37e-11  9.59e-17  3.49e-11  6.86e-11  3.03e-10
1.9e+03  3.53e-11  1.23e-16  3.71e-11  7.24e-11  3.06e-10
  2e+03  3.56e-11  1.76e-16  3.97e-11  7.53e-11  3.08e-10

Reactant = P2   Pressure = 0.1 atm

   T(K)        W1        W2        P1      Loss   Capture
    500  5.88e-29  2.12e-14  8.68e-27  2.12e-14   2.4e-10
    600  1.39e-26       ***  2.39e-24  2.13e-23  2.47e-10
    700       ***       ***  1.38e-22  1.28e-22  2.53e-10
    800       ***       ***  2.98e-21  2.98e-21  2.59e-10
    900       ***       ***  3.37e-20  3.37e-20  2.64e-10
  1e+03       ***       ***   2.4e-19   2.4e-19  2.69e-10
1.1e+03       ***       ***  1.23e-18  1.23e-18  2.73e-10
1.2e+03       ***       ***  4.88e-18  4.88e-18  2.77e-10
1.3e+03       ***       ***  1.59e-17  1.59e-17  2.81e-10
1.4e+03       ***       ***  4.45e-17  4.45e-17  2.84e-10
1.5e+03       ***       ***   1.1e-16   1.1e-16  2.88e-10
1.6e+03       ***       ***  2.45e-16  2.45e-16  2.91e-10
1.7e+03       ***       ***  5.02e-16  5.02e-16  2.94e-10
1.8e+03       ***       ***  9.53e-16  9.53e-16  2.97e-10
1.9e+03       ***       ***   1.7e-15   1.7e-15  2.99e-10
  2e+03       ***       ***   2.9e-15   2.9e-15  3.02e-10

Reactant = P2   Pressure = 1 atm

   T(K)        W1        W2        P1      Loss   Capture
    500  1.69e-28   1.5e-13  8.65e-27   1.5e-13   2.4e-10
    600  3.54e-26  4.07e-13  2.37e-24  4.07e-13  2.47e-10
    700  2.04e-24       ***  1.36e-22  1.29e-22  2.53e-10
    800       ***       ***  2.98e-21     3e-21  2.59e-10
    900       ***       ***  3.37e-20  3.37e-20  2.64e-10
  1e+03       ***       ***   2.4e-19   2.4e-19  2.69e-10
1.1e+03       ***       ***  1.23e-18  1.23e-18  2.73e-10
1.2e+03       ***       ***  4.88e-18  4.88e-18  2.77e-10
1.3e+03       ***       ***  1.59e-17  1.59e-17  2.81e-10
1.4e+03       ***       ***  4.45e-17  4.45e-17  2.84e-10
1.5e+03       ***       ***   1.1e-16   1.1e-16  2.88e-10
1.6e+03       ***       ***  2.45e-16  2.45e-16  2.91e-10
1.7e+03       ***       ***  5.02e-16  5.02e-16  2.94e-10
1.8e+03       ***       ***  9.53e-16  9.53e-16  2.97e-10
1.9e+03       ***       ***   1.7e-15   1.7e-15  2.99e-10
  2e+03       ***       ***   2.9e-15   2.9e-15  3.02e-10

Reactant = P2   Pressure = 10 atm

   T(K)        W1        W2        P1      Loss   Capture
    500  3.97e-28  8.79e-13  8.51e-27  8.79e-13   2.4e-10
    600  8.97e-26   1.9e-12  2.33e-24   1.9e-12  2.47e-10
    700  5.33e-24   3.5e-12  1.33e-22   3.5e-12  2.53e-10
    800  1.12e-22  4.92e-12  2.88e-21  4.92e-12  2.59e-10
    900  1.26e-21       ***  3.25e-20  3.37e-20  2.64e-10
  1e+03  9.24e-21       ***  2.32e-19  2.41e-19  2.69e-10
1.1e+03  4.98e-20       ***  1.18e-18  1.23e-18  2.73e-10
1.2e+03  1.93e-19       ***   4.7e-18   4.9e-18  2.77e-10
1.3e+03  6.74e-19       ***  1.53e-17   1.6e-17  2.81e-10
1.4e+03  1.89e-18       ***  4.28e-17  4.47e-17  2.84e-10
1.5e+03  4.85e-18       ***  1.05e-16   1.1e-16  2.88e-10
1.6e+03  1.06e-17       ***  2.35e-16  2.46e-16  2.91e-10
1.7e+03  2.28e-17       ***  4.81e-16  5.04e-16  2.94e-10
1.8e+03  4.31e-17       ***  9.14e-16  9.57e-16  2.97e-10
1.9e+03  8.17e-17       ***  1.63e-15  1.71e-15  2.99e-10
  2e+03   1.4e-16       ***  2.77e-15  2.91e-15  3.02e-10

Reactant = P2   Pressure = 100 atm

   T(K)        W1        W2        P1      Loss   Capture
    500   8.9e-28  4.03e-12  8.11e-27  4.03e-12   2.4e-10
    600  2.11e-25  6.75e-12  2.22e-24  6.75e-12  2.47e-10
    700  1.23e-23  1.01e-11  1.26e-22  1.01e-11  2.53e-10
    800  2.58e-22   1.3e-11  2.74e-21   1.3e-11  2.59e-10
    900  2.88e-21  1.51e-11   3.1e-20  1.51e-11  2.64e-10
  1e+03  2.09e-20  1.66e-11  2.21e-19  1.66e-11  2.69e-10
1.1e+03  1.12e-19  1.81e-11  1.12e-18  1.81e-11  2.73e-10
1.2e+03  4.32e-19  2.02e-11  4.48e-18  2.02e-11  2.77e-10
1.3e+03  1.49e-18   2.1e-11  1.45e-17   2.1e-11  2.81e-10
1.4e+03  4.16e-18  2.21e-11  4.07e-17  2.21e-11  2.84e-10
1.5e+03  1.06e-17  2.34e-11     1e-16  2.34e-11  2.88e-10
1.6e+03  2.32e-17  2.41e-11  2.24e-16  2.41e-11  2.91e-10
1.7e+03  4.92e-17  2.56e-11  4.58e-16  2.56e-11  2.94e-10
1.8e+03  9.34e-17   2.6e-11  8.69e-16   2.6e-11  2.97e-10
1.9e+03  1.76e-16  2.63e-11  1.55e-15  2.63e-11  2.99e-10
  2e+03  3.01e-16  2.75e-11  2.63e-15  2.75e-11  3.02e-10

______________________________________________________________________________________

Temperature-Pressure Rate Tables:

W1->W2

P\T           500       600       700       800       900     1e+03   1.1e+03   1.2e+03   1.3e+03   1.4e+03   1.5e+03   1.6e+03   1.7e+03   1.8e+03   1.9e+03     2e+03
0.1     -4.76e+05       ***       ***       ***       ***       ***       ***       ***       ***       ***       ***       ***       ***       ***       ***       ***
1        2.43e+05 -4.12e+04       ***       ***       ***       ***       ***       ***       ***       ***       ***       ***       ***       ***       ***       ***
10       1.87e+05   6.6e+05  1.82e+06  3.42e+06       ***       ***       ***       ***       ***       ***       ***       ***       ***       ***       ***       ***
100      1.97e+06  5.27e+06   1.1e+07  1.73e+07  2.24e+07  2.63e+07  3.04e+07  3.55e+07  3.74e+07  3.92e+07  4.25e+07  4.21e+07  3.67e+07  4.88e+07  5.11e+07  7.11e+07
O-O      6.84e+12  7.98e+12  8.89e+12  9.64e+12  1.03e+13  1.08e+13  1.12e+13  1.16e+13  1.19e+13  1.22e+13  1.24e+13  1.26e+13  1.28e+13  1.29e+13   1.3e+13  1.31e+13

W1->P1

P\T           500       600       700       800       900     1e+03   1.1e+03   1.2e+03   1.3e+03   1.4e+03   1.5e+03   1.6e+03   1.7e+03   1.8e+03   1.9e+03     2e+03
0.1      7.79e+09  6.36e+10       ***       ***       ***       ***       ***       ***       ***       ***       ***       ***       ***       ***       ***       ***
1        8.64e+10  3.59e+11  1.09e+12       ***       ***       ***       ***       ***       ***       ***       ***       ***       ***       ***       ***       ***
10       5.63e+11  1.49e+12  3.03e+12  4.16e+12  5.01e+12   5.7e+12   6.3e+12   6.2e+12  6.53e+12  6.32e+12  6.29e+12  5.87e+12  5.71e+12  5.42e+12  5.36e+12  5.05e+12
100      2.44e+12  4.74e+12  7.74e+12  9.61e+12  1.09e+13  1.18e+13  1.26e+13  1.22e+13  1.25e+13   1.2e+13  1.17e+13  1.09e+13  1.06e+13  9.93e+12  9.72e+12  9.13e+12
O-O      7.26e+13  9.76e+13  1.14e+14  1.24e+14  1.27e+14  1.27e+14  1.24e+14   1.2e+14  1.14e+14  1.09e+14  1.03e+14  9.69e+13  9.12e+13  8.58e+13  8.07e+13  7.59e+13

W1->P2

P\T           500       600       700       800       900     1e+03   1.1e+03   1.2e+03   1.3e+03   1.4e+03   1.5e+03   1.6e+03   1.7e+03   1.8e+03   1.9e+03     2e+03
0.1      4.43e+10  5.16e+10       ***       ***       ***       ***       ***       ***       ***       ***       ***       ***       ***       ***       ***       ***
1        1.22e+11  1.18e+11  1.47e+11       ***       ***       ***       ***       ***       ***       ***       ***       ***       ***       ***       ***       ***
10       2.82e+11  2.83e+11  3.36e+11  3.62e+11  3.89e+11  4.22e+11  4.67e+11  4.71e+11  5.19e+11  5.28e+11  5.58e+11  5.52e+11   5.7e+11  5.79e+11  6.15e+11  6.17e+11
100      6.25e+11  6.51e+11  7.47e+11  7.84e+11  8.24e+11  8.75e+11  9.46e+11  9.46e+11  1.02e+12  1.03e+12  1.08e+12  1.07e+12   1.1e+12  1.11e+12  1.16e+12  1.16e+12
O-O           ***       ***       ***       ***       ***       ***       ***       ***       ***       ***       ***       ***       ***       ***       ***       ***

W2->W1

P\T           500       600       700       800       900     1e+03   1.1e+03   1.2e+03   1.3e+03   1.4e+03   1.5e+03   1.6e+03   1.7e+03   1.8e+03   1.9e+03     2e+03
0.1      8.84e-14       ***       ***       ***       ***       ***       ***       ***       ***       ***       ***       ***       ***       ***       ***       ***
1        1.89e-15  -2.6e-13       ***       ***       ***       ***       ***       ***       ***       ***       ***       ***       ***       ***       ***       ***
10       1.26e-16  4.25e-14  1.82e-12     7e-11       ***       ***       ***       ***       ***       ***       ***       ***       ***       ***       ***       ***
100     -2.89e-16  3.88e-16 -1.01e-11  -4.1e-09 -3.78e-07 -1.08e-05 -0.000172   -0.0006  -0.00872    0.0751     0.293      1.13      4.81      16.8      40.3       196
O-O        0.0158      5.24       326  7.17e+03   7.9e+04  5.37e+05  2.57e+06  9.47e+06  2.85e+07  7.34e+07  1.66e+08   3.4e+08   6.4e+08  1.12e+09  1.85e+09   2.9e+09

W2->P1

P\T           500       600       700       800       900     1e+03   1.1e+03   1.2e+03   1.3e+03   1.4e+03   1.5e+03   1.6e+03   1.7e+03   1.8e+03   1.9e+03     2e+03
0.1      4.61e-09       ***       ***       ***       ***       ***       ***       ***       ***       ***       ***       ***       ***       ***       ***       ***
1       -3.13e-09  2.14e-08       ***       ***       ***       ***       ***       ***       ***       ***       ***       ***       ***       ***       ***       ***
10      -3.26e-11 -6.24e-09  -8.5e-08  7.79e-08       ***       ***       ***       ***       ***       ***       ***       ***       ***       ***       ***       ***
100      6.61e-12 -3.55e-11  1.73e-09  4.87e-09  4.84e-08  1.15e-06  4.77e-05  0.000514   0.00143   0.00544    0.0267     0.104     0.249     0.454     0.371     -3.25
O-O           ***       ***       ***       ***       ***       ***       ***       ***       ***       ***       ***       ***       ***       ***       ***       ***

W2->P2

P\T           500       600       700       800       900     1e+03   1.1e+03   1.2e+03   1.3e+03   1.4e+03   1.5e+03   1.6e+03   1.7e+03   1.8e+03   1.9e+03     2e+03
0.1      3.66e+10       ***       ***       ***       ***       ***       ***       ***       ***       ***       ***       ***       ***       ***       ***       ***
1        2.53e+11  9.83e+11       ***       ***       ***       ***       ***       ***       ***       ***       ***       ***       ***       ***       ***       ***
10       1.45e+12   4.1e+12  8.77e+12  1.32e+13       ***       ***       ***       ***       ***       ***       ***       ***       ***       ***       ***       ***
100      6.56e+12  1.39e+13  2.29e+13  3.03e+13  3.45e+13  3.62e+13  3.69e+13  3.81e+13  3.62e+13  3.48e+13  3.37e+13  3.15e+13     3e+13   2.8e+13  2.57e+13  2.45e+13
O-O      3.86e+14  4.96e+14  5.55e+14  5.75e+14  5.69e+14  5.47e+14  5.16e+14  4.81e+14  4.46e+14  4.11e+14  3.78e+14  3.47e+14  3.19e+14  2.93e+14  2.69e+14  2.47e+14

P1->W1

P\T           500       600       700       800       900     1e+03   1.1e+03   1.2e+03   1.3e+03   1.4e+03   1.5e+03   1.6e+03   1.7e+03   1.8e+03   1.9e+03     2e+03
0.1      2.44e-14  1.35e-13       ***       ***       ***       ***       ***       ***       ***       ***       ***       ***       ***       ***       ***       ***
1        2.82e-13   8.5e-13  2.04e-12       ***       ***       ***       ***       ***       ***       ***       ***       ***       ***       ***       ***       ***
10       1.87e-12  3.72e-12  6.48e-12  8.23e-12  9.65e-12   1.1e-11  1.24e-11  1.28e-11  1.41e-11  1.45e-11  1.53e-11  1.53e-11  1.63e-11  1.62e-11  1.71e-11  1.73e-11
100      8.18e-12  1.21e-11  1.73e-11  2.02e-11  2.26e-11  2.49e-11  2.75e-11  2.79e-11  3.03e-11  3.09e-11  3.23e-11  3.22e-11  3.37e-11  3.37e-11  3.53e-11  3.56e-11
O-O      2.45e-10  2.52e-10  2.59e-10  2.65e-10   2.7e-10  2.75e-10  2.79e-10  2.83e-10  2.87e-10  2.91e-10  2.94e-10  2.97e-10     3e-10  3.03e-10  3.06e-10  3.08e-10

P1->W2

P\T           500       600       700       800       900     1e+03   1.1e+03   1.2e+03   1.3e+03   1.4e+03   1.5e+03   1.6e+03   1.7e+03   1.8e+03   1.9e+03     2e+03
0.1      7.07e-18       ***       ***       ***       ***       ***       ***       ***       ***       ***       ***       ***       ***       ***       ***       ***
1       -2.97e-18  2.61e-21       ***       ***       ***       ***       ***       ***       ***       ***       ***       ***       ***       ***       ***       ***
10       5.08e-19  1.01e-18  2.17e-18  3.19e-18       ***       ***       ***       ***       ***       ***       ***       ***       ***       ***       ***       ***
100      4.48e-18  7.41e-18  1.32e-17  1.74e-17  2.19e-17  2.78e-17  3.61e-17  3.92e-17  5.03e-17  5.57e-17  6.61e-17  6.94e-17  6.74e-17  9.59e-17  1.23e-16  1.76e-16
O-O           ***       ***       ***       ***       ***       ***       ***       ***       ***       ***       ***       ***       ***       ***       ***       ***

P1->P2

P\T           500       600       700       800       900     1e+03   1.1e+03   1.2e+03   1.3e+03   1.4e+03   1.5e+03   1.6e+03   1.7e+03   1.8e+03   1.9e+03     2e+03
0.1      2.05e-11  1.89e-11  1.86e-11   1.9e-11  1.99e-11  2.12e-11  2.27e-11  2.45e-11  2.64e-11  2.85e-11  3.07e-11  3.32e-11  3.58e-11  3.83e-11  4.09e-11  4.37e-11
1        2.04e-11  1.87e-11  1.83e-11   1.9e-11  1.99e-11  2.12e-11  2.27e-11  2.45e-11  2.64e-11  2.85e-11  3.07e-11  3.32e-11  3.58e-11  3.83e-11  4.09e-11  4.37e-11
10       2.01e-11  1.84e-11  1.79e-11  1.83e-11  1.92e-11  2.04e-11  2.18e-11  2.36e-11  2.54e-11  2.74e-11  2.95e-11  3.19e-11  3.43e-11  3.67e-11  3.91e-11  4.18e-11
100      1.91e-11  1.75e-11  1.71e-11  1.75e-11  1.83e-11  1.95e-11  2.08e-11  2.25e-11  2.41e-11  2.61e-11   2.8e-11  3.03e-11  3.26e-11  3.49e-11  3.71e-11  3.97e-11
O-O           ***       ***       ***       ***       ***       ***       ***       ***       ***       ***       ***       ***       ***       ***       ***       ***

P2->W1

P\T           500       600       700       800       900     1e+03   1.1e+03   1.2e+03   1.3e+03   1.4e+03   1.5e+03   1.6e+03   1.7e+03   1.8e+03   1.9e+03     2e+03
0.1      5.88e-29  1.39e-26       ***       ***       ***       ***       ***       ***       ***       ***       ***       ***       ***       ***       ***       ***
1        1.69e-28  3.54e-26  2.04e-24       ***       ***       ***       ***       ***       ***       ***       ***       ***       ***       ***       ***       ***
10       3.97e-28  8.97e-26  5.33e-24  1.12e-22  1.26e-21  9.24e-21  4.98e-20  1.93e-19  6.74e-19  1.89e-18  4.85e-18  1.06e-17  2.28e-17  4.31e-17  8.17e-17   1.4e-16
100       8.9e-28  2.11e-25  1.23e-23  2.58e-22  2.88e-21  2.09e-20  1.12e-19  4.32e-19  1.49e-18  4.16e-18  1.06e-17  2.32e-17  4.92e-17  9.34e-17  1.76e-16  3.01e-16
O-O           ***       ***       ***       ***       ***       ***       ***       ***       ***       ***       ***       ***       ***       ***       ***       ***

P2->W2

P\T           500       600       700       800       900     1e+03   1.1e+03   1.2e+03   1.3e+03   1.4e+03   1.5e+03   1.6e+03   1.7e+03   1.8e+03   1.9e+03     2e+03
0.1      2.12e-14       ***       ***       ***       ***       ***       ***       ***       ***       ***       ***       ***       ***       ***       ***       ***
1         1.5e-13  4.07e-13       ***       ***       ***       ***       ***       ***       ***       ***       ***       ***       ***       ***       ***       ***
10       8.79e-13   1.9e-12   3.5e-12  4.92e-12       ***       ***       ***       ***       ***       ***       ***       ***       ***       ***       ***       ***
100      4.03e-12  6.75e-12  1.01e-11   1.3e-11  1.51e-11  1.66e-11  1.81e-11  2.02e-11   2.1e-11  2.21e-11  2.34e-11  2.41e-11  2.56e-11   2.6e-11  2.63e-11  2.75e-11
O-O       2.4e-10  2.47e-10  2.53e-10  2.59e-10  2.64e-10  2.69e-10  2.73e-10  2.77e-10  2.81e-10  2.84e-10  2.88e-10  2.91e-10  2.94e-10  2.97e-10  2.99e-10  3.02e-10

P2->P1

P\T           500       600       700       800       900     1e+03   1.1e+03   1.2e+03   1.3e+03   1.4e+03   1.5e+03   1.6e+03   1.7e+03   1.8e+03   1.9e+03     2e+03
0.1      8.68e-27  2.39e-24  1.38e-22  2.98e-21  3.37e-20   2.4e-19  1.23e-18  4.88e-18  1.59e-17  4.45e-17   1.1e-16  2.45e-16  5.02e-16  9.53e-16   1.7e-15   2.9e-15
1        8.65e-27  2.37e-24  1.36e-22  2.98e-21  3.37e-20   2.4e-19  1.23e-18  4.88e-18  1.59e-17  4.45e-17   1.1e-16  2.45e-16  5.02e-16  9.53e-16   1.7e-15   2.9e-15
10       8.51e-27  2.33e-24  1.33e-22  2.88e-21  3.25e-20  2.32e-19  1.18e-18   4.7e-18  1.53e-17  4.28e-17  1.05e-16  2.35e-16  4.81e-16  9.14e-16  1.63e-15  2.77e-15
100      8.11e-27  2.22e-24  1.26e-22  2.74e-21   3.1e-20  2.21e-19  1.12e-18  4.48e-18  1.45e-17  4.07e-17     1e-16  2.24e-16  4.58e-16  8.69e-16  1.55e-15  2.63e-15
O-O           ***       ***       ***       ***       ***       ***       ***       ***       ***       ***       ***       ***       ***       ***       ***       ***

W1-> 

P\T           500       600       700       800       900     1e+03   1.1e+03   1.2e+03   1.3e+03   1.4e+03   1.5e+03   1.6e+03   1.7e+03   1.8e+03   1.9e+03     2e+03
0.1      5.21e+10  1.15e+11       ***       ***       ***       ***       ***       ***       ***       ***       ***       ***       ***       ***       ***       ***
1        2.08e+11  4.77e+11  1.24e+12       ***       ***       ***       ***       ***       ***       ***       ***       ***       ***       ***       ***       ***
10       8.44e+11  1.77e+12  3.36e+12  4.52e+12   5.4e+12  6.12e+12  6.77e+12  6.67e+12  7.04e+12  6.85e+12  6.84e+12  6.42e+12  6.28e+12     6e+12  5.98e+12  5.67e+12
100      3.06e+12  5.39e+12  8.49e+12  1.04e+13  1.17e+13  1.27e+13  1.35e+13  1.31e+13  1.35e+13   1.3e+13  1.28e+13   1.2e+13  1.17e+13   1.1e+13  1.09e+13  1.03e+13
O-O      7.94e+13  1.06e+14  1.23e+14  1.33e+14  1.38e+14  1.38e+14  1.35e+14  1.31e+14  1.26e+14  1.21e+14  1.15e+14   1.1e+14  1.04e+14  9.87e+13  9.37e+13   8.9e+13

W2-> 

P\T           500       600       700       800       900     1e+03   1.1e+03   1.2e+03   1.3e+03   1.4e+03   1.5e+03   1.6e+03   1.7e+03   1.8e+03   1.9e+03     2e+03
0.1      3.66e+10       ***       ***       ***       ***       ***       ***       ***       ***       ***       ***       ***       ***       ***       ***       ***
1        2.53e+11  9.83e+11       ***       ***       ***       ***       ***       ***       ***       ***       ***       ***       ***       ***       ***       ***
10       1.45e+12   4.1e+12  8.77e+12  1.32e+13       ***       ***       ***       ***       ***       ***       ***       ***       ***       ***       ***       ***
100      6.56e+12  1.39e+13  2.29e+13  3.03e+13  3.45e+13  3.62e+13  3.69e+13  3.81e+13  3.62e+13  3.48e+13  3.37e+13  3.15e+13     3e+13   2.8e+13  2.57e+13  2.45e+13
O-O      3.86e+14  4.96e+14  5.55e+14  5.75e+14  5.69e+14  5.47e+14  5.16e+14  4.81e+14  4.46e+14  4.11e+14  3.78e+14  3.47e+14  3.19e+14  2.93e+14  2.69e+14  2.47e+14

P1-> 

P\T           500       600       700       800       900     1e+03   1.1e+03   1.2e+03   1.3e+03   1.4e+03   1.5e+03   1.6e+03   1.7e+03   1.8e+03   1.9e+03     2e+03
0.1      2.05e-11   1.9e-11  1.86e-11   1.9e-11  1.99e-11  2.12e-11  2.27e-11  2.45e-11  2.64e-11  2.85e-11  3.07e-11  3.32e-11  3.58e-11  3.83e-11  4.09e-11  4.37e-11
1        2.07e-11  1.96e-11  2.04e-11   1.9e-11  1.99e-11  2.12e-11  2.27e-11  2.45e-11  2.64e-11  2.85e-11  3.07e-11  3.32e-11  3.58e-11  3.83e-11  4.09e-11  4.37e-11
10       2.19e-11  2.21e-11  2.44e-11  2.66e-11  2.89e-11  3.14e-11  3.43e-11  3.64e-11  3.94e-11  4.19e-11  4.48e-11  4.72e-11  5.06e-11  5.29e-11  5.62e-11  5.91e-11
100      2.73e-11  2.97e-11  3.43e-11  3.77e-11  4.09e-11  4.44e-11  4.82e-11  5.04e-11  5.44e-11   5.7e-11  6.03e-11  6.25e-11  6.63e-11  6.86e-11  7.24e-11  7.53e-11
O-O      2.45e-10  2.52e-10  2.59e-10  2.65e-10   2.7e-10  2.75e-10  2.79e-10  2.83e-10  2.87e-10  2.91e-10  2.94e-10  2.97e-10     3e-10  3.03e-10  3.06e-10  3.08e-10

P2-> 

P\T           500       600       700       800       900     1e+03   1.1e+03   1.2e+03   1.3e+03   1.4e+03   1.5e+03   1.6e+03   1.7e+03   1.8e+03   1.9e+03     2e+03
0.1      2.12e-14  2.13e-23  1.28e-22  2.98e-21  3.37e-20   2.4e-19  1.23e-18  4.88e-18  1.59e-17  4.45e-17   1.1e-16  2.45e-16  5.02e-16  9.53e-16   1.7e-15   2.9e-15
1         1.5e-13  4.07e-13  1.29e-22     3e-21  3.37e-20   2.4e-19  1.23e-18  4.88e-18  1.59e-17  4.45e-17   1.1e-16  2.45e-16  5.02e-16  9.53e-16   1.7e-15   2.9e-15
10       8.79e-13   1.9e-12   3.5e-12  4.92e-12  3.37e-20  2.41e-19  1.23e-18   4.9e-18   1.6e-17  4.47e-17   1.1e-16  2.46e-16  5.04e-16  9.57e-16  1.71e-15  2.91e-15
100      4.03e-12  6.75e-12  1.01e-11   1.3e-11  1.51e-11  1.66e-11  1.81e-11  2.02e-11   2.1e-11  2.21e-11  2.34e-11  2.41e-11  2.56e-11   2.6e-11  2.63e-11  2.75e-11
O-O       2.4e-10  2.47e-10  2.53e-10  2.59e-10  2.64e-10  2.69e-10  2.73e-10  2.77e-10  2.81e-10  2.84e-10  2.88e-10  2.91e-10  2.94e-10  2.97e-10  2.99e-10  3.02e-10

