Wells (G - ground energy, D - dissociation limit, kcal/mol):
                           W         G         D
       FakeW-C5H8(522)+OH(4)        -3     -0.94
      FakeW-C5H7(504)+H2O(5)     -25.6     -22.6

Bimolecular Products (G - ground energy, kcal/mol):
                     P         G
       C5H8(522)+OH(4)         0
      C5H7(504)+H2O(5)     -22.6

Well-to-Bimolecular Barriers (H/G - barrier height/well depth, kcal/mol)
                           B         H                      W         G                P
       FakeB-C5H8(522)+OH(4)         0  FakeW-C5H8(522)+OH(4)        -3  C5H8(522)+OH(4)
      FakeB-C5H7(504)+H2O(5)     -22.6 FakeW-C5H7(504)+H2O(5)     -25.6 C5H7(504)+H2O(5)

Well-to-Well Barriers (H/G - barrier height/well depth, kcal/mol):
            B         H                     W1        G1                     W2        G2
      ts_5_17     -0.94  FakeW-C5H8(522)+OH(4)        -3 FakeW-C5H7(504)+H2O(5)     -25.6

Bound Groups: dissociation barrier (name/ground energy, kcal/mol): wells (name/ground energy, kcal/mol):
     C2/-22.6:  FakeW-C5H7(504)+H2O(5)/-25.6

     B1/-0.94:  FakeW-C5H8(522)+OH(4)/-3

________________________________________________________________________________________

Names Translation Tables (<short name> - <original name>):
Wells:
   W1 - FakeW-C5H8(522)+OH(4)
   W2 - FakeW-C5H7(504)+H2O(5)
Bimolecular products:
   P1 - C5H8(522)+OH(4)
   P2 - C5H7(504)+H2O(5)
Inner Barriers:
   B1 - ts_5_17
Outer Barriers:
   C1 - FakeB-C5H8(522)+OH(4)
   C2 - FakeB-C5H7(504)+H2O(5)
Unimolecular Rate Units: 1/sec;  Bimolecular Rate Units: cm^3/sec

______________________________________________________________________________________

Species-Species Rate Tables:

Temperature = 500 K

High Pressure Rate Coefficients:

From\To         W1        W2        P1        P2
W1             ***  1.49e+12  7.26e+13       ***
W2        1.22e+03       ***       ***  4.22e+14
P1        2.45e-10       ***       ***       ***
P2             ***   2.4e-10       ***       ***

Temperature = 500 K    Pressure = 0.1 atm

From\To         W1        W2        P1        P2
W1        2.05e+10  2.35e+03  1.49e+10  5.59e+09
W2        -1.3e-10  4.27e+10 -3.07e-05  4.27e+10
P1        4.84e-14 -1.12e-19  4.92e-12  4.87e-12
P2        2.51e-24  2.23e-14  6.72e-22  2.23e-14

Temperature = 500 K    Pressure = 1 atm

From\To         W1        W2        P1        P2
W1         1.2e+11  2.64e+03  1.07e+11  1.31e+10
W2       -1.82e-11  2.87e+11 -2.09e-07  2.87e+11
P1        3.54e-13  4.51e-21   5.2e-12  4.85e-12
P2        5.97e-24  1.55e-13  6.69e-22  1.55e-13

Temperature = 500 K    Pressure = 10 atm

From\To         W1        W2        P1        P2
W1         6.2e+11  2.33e+04  5.87e+11   3.3e+10
W2        3.38e-10  1.59e+12  3.35e-07  1.59e+12
P1        1.96e-12  4.63e-20  6.74e-12  4.79e-12
P2        1.52e-23   8.8e-13  6.61e-22   8.8e-13

Temperature = 500 K    Pressure = 100 atm

From\To         W1        W2        P1        P2
W1         2.5e+12  2.76e+05  2.41e+12  8.49e+10
W2       -7.84e-10  6.99e+12  3.55e-09  6.99e+12
P1        8.11e-12  4.79e-19  1.27e-11  4.62e-12
P2        3.94e-23  3.92e-12  6.37e-22  3.92e-12

Temperature = 600 K

High Pressure Rate Coefficients:

From\To         W1        W2        P1        P2
W1             ***  1.98e+12  9.76e+13       ***
W2        6.16e+04       ***       ***  5.41e+14
P1        2.52e-10       ***       ***       ***
P2             ***  2.47e-10       ***       ***

Temperature = 600 K    Pressure = 0.1 atm

From\To         W1        W2        P1        P2
W1         9.5e+10       ***  8.83e+10  6.63e+09
W2             ***       ***       ***       ***
P1        1.89e-13       ***  5.17e-12  4.99e-12
P2        7.78e-23       ***  2.74e-20  2.74e-20

Temperature = 600 K    Pressure = 1 atm

From\To         W1        W2        P1        P2
W1        4.56e+11  1.25e+04  4.38e+11  1.75e+10
W2        7.77e-09  1.16e+12  5.52e-07  1.16e+12
P1        1.04e-12  1.82e-20     6e-12  4.96e-12
P2        2.28e-22  4.31e-13  2.72e-20  4.31e-13

Temperature = 600 K    Pressure = 10 atm

From\To         W1        W2        P1        P2
W1        1.75e+12  1.04e+05   1.7e+12  4.81e+10
W2        1.61e-07   4.6e+12 -6.18e-06   4.6e+12
P1        4.27e-12  1.54e-19  9.15e-12  4.88e-12
P2        6.61e-22  1.94e-12  2.68e-20  1.94e-12

Temperature = 600 K    Pressure = 100 atm

From\To         W1        W2        P1        P2
W1        5.36e+12  9.31e+05  5.23e+12  1.23e+11
W2       -9.15e-07  1.52e+13  2.19e-06  1.52e+13
P1        1.34e-11  1.25e-18  1.81e-11  4.69e-12
P2        1.73e-21  6.77e-12  2.58e-20  6.77e-12

Temperature = 700 K

High Pressure Rate Coefficients:

From\To         W1        W2        P1        P2
W1             ***  2.43e+12  1.14e+14       ***
W2        9.99e+05       ***       ***  6.06e+14
P1        2.59e-10       ***       ***       ***
P2             ***  2.53e-10       ***       ***

Temperature = 700 K    Pressure = 0.1 atm

From\To         W1        W2        P1        P2
W1             ***       ***       ***       ***
W2             ***       ***       ***       ***
P1             ***       ***  5.37e-12  5.37e-12
P2             ***       ***  4.08e-19  4.08e-19

Temperature = 700 K    Pressure = 1 atm

From\To         W1        W2        P1        P2
W1        1.06e+12       ***  1.04e+12  2.47e+10
W2             ***       ***       ***       ***
P1        1.98e-12       ***  7.31e-12  5.33e-12
P2        3.58e-21       ***  4.04e-19  4.08e-19

Temperature = 700 K    Pressure = 10 atm

From\To         W1        W2        P1        P2
W1        2.99e+12  3.24e+05  2.93e+12  6.26e+10
W2        9.83e-06  9.39e+12  1.48e-05  9.39e+12
P1        6.29e-12  3.14e-19  1.15e-11  5.24e-12
P2        1.02e-20   3.4e-12  3.98e-19   3.4e-12

Temperature = 700 K    Pressure = 100 atm

From\To         W1        W2        P1        P2
W1        7.69e+12  2.07e+06  7.54e+12  1.51e+11
W2       -0.000112  2.44e+13  0.000124  2.44e+13
P1        1.68e-11  2.06e-18  2.19e-11  5.04e-12
P2        2.57e-20   9.8e-12  3.82e-19   9.8e-12

Temperature = 800 K

High Pressure Rate Coefficients:

From\To         W1        W2        P1        P2
W1             ***  2.84e+12  1.24e+14       ***
W2        8.01e+06       ***       ***  6.28e+14
P1        2.65e-10       ***       ***       ***
P2             ***  2.59e-10       ***       ***

Temperature = 800 K    Pressure = 0.1 atm

From\To         W1        W2        P1        P2
W1             ***       ***       ***       ***
W2             ***       ***       ***       ***
P1             ***       ***  5.92e-12  5.92e-12
P2             ***       ***  3.21e-18  3.21e-18

Temperature = 800 K    Pressure = 1 atm

From\To         W1        W2        P1        P2
W1             ***       ***       ***       ***
W2             ***       ***       ***       ***
P1             ***       ***  5.92e-12  5.92e-12
P2             ***       ***  3.21e-18  3.21e-18

Temperature = 800 K    Pressure = 10 atm

From\To         W1        W2        P1        P2
W1        4.34e+12  6.97e+05  4.26e+12  8.22e+10
W2        0.000213  1.42e+13  0.000104  1.42e+13
P1        8.46e-12   5.9e-19  1.42e-11  5.76e-12
P2        8.86e-20  4.78e-12  3.13e-18  4.78e-12

Temperature = 800 K    Pressure = 100 atm

From\To         W1        W2        P1        P2
W1           1e+13  3.67e+06  9.82e+12  1.88e+11
W2         -0.0797  3.24e+13    0.0035  3.24e+13
P1        2.06e-11  3.36e-18  2.62e-11  5.53e-12
P2        2.15e-19  1.27e-11     3e-18  1.27e-11

Temperature = 900 K

High Pressure Rate Coefficients:

From\To         W1        W2        P1        P2
W1             ***  3.22e+12  1.27e+14       ***
W2        4.03e+07       ***       ***  6.21e+14
P1         2.7e-10       ***       ***       ***
P2             ***  2.64e-10       ***       ***

Temperature = 900 K    Pressure = 0.1 atm

From\To         W1        W2        P1        P2
W1             ***       ***       ***       ***
W2             ***       ***       ***       ***
P1             ***       ***   6.6e-12   6.6e-12
P2             ***       ***  1.66e-17  1.66e-17

Temperature = 900 K    Pressure = 1 atm

From\To         W1        W2        P1        P2
W1             ***       ***       ***       ***
W2             ***       ***       ***       ***
P1             ***       ***   6.6e-12   6.6e-12
P2             ***       ***  1.66e-17  1.66e-17

Temperature = 900 K    Pressure = 10 atm

From\To         W1        W2        P1        P2
W1         5.5e+12       ***   5.4e+12  1.04e+11
W2             ***       ***       ***       ***
P1        1.04e-11       ***  1.68e-11   6.4e-12
P2           5e-19       ***  1.61e-17  1.66e-17

Temperature = 900 K    Pressure = 100 atm

From\To         W1        W2        P1        P2
W1        1.18e+13  5.27e+06  1.16e+13  2.27e+11
W2         -0.0524  3.67e+13   0.00548  3.67e+13
P1         2.4e-11  5.09e-18  3.02e-11  6.13e-12
P2        1.18e-18  1.46e-11  1.54e-17  1.46e-11

Temperature = 1e+03 K

High Pressure Rate Coefficients:

From\To         W1        W2        P1        P2
W1             ***  3.55e+12  1.27e+14       ***
W2        1.46e+08       ***       ***  5.97e+14
P1        2.75e-10       ***       ***       ***
P2             ***  2.69e-10       ***       ***

Temperature = 1e+03 K    Pressure = 0.1 atm

From\To         W1        W2        P1        P2
W1             ***       ***       ***       ***
W2             ***       ***       ***       ***
P1             ***       ***  7.39e-12  7.39e-12
P2             ***       ***  6.34e-17  6.34e-17

Temperature = 1e+03 K    Pressure = 1 atm

From\To         W1        W2        P1        P2
W1             ***       ***       ***       ***
W2             ***       ***       ***       ***
P1             ***       ***  7.39e-12  7.39e-12
P2             ***       ***  6.34e-17  6.34e-17

Temperature = 1e+03 K    Pressure = 10 atm

From\To         W1        W2        P1        P2
W1        6.12e+12       ***     6e+12   1.2e+11
W2             ***       ***       ***       ***
P1        1.16e-11       ***  1.87e-11  7.16e-12
P2        1.99e-18       ***  6.14e-17  6.34e-17

Temperature = 1e+03 K    Pressure = 100 atm

From\To         W1        W2        P1        P2
W1        1.26e+13  6.69e+06  1.24e+13  2.57e+11
W2          -0.406  3.88e+13     0.151  3.88e+13
P1         2.6e-11  6.69e-18  3.29e-11  6.86e-12
P2        4.63e-18  1.62e-11  5.89e-17  1.62e-11

Temperature = 1.1e+03 K

High Pressure Rate Coefficients:

From\To         W1        W2        P1        P2
W1             ***  3.86e+12  1.24e+14       ***
W2         4.2e+08       ***       ***  5.64e+14
P1        2.79e-10       ***       ***       ***
P2             ***  2.73e-10       ***       ***

Temperature = 1.1e+03 K    Pressure = 0.1 atm

From\To         W1        W2        P1        P2
W1             ***       ***       ***       ***
W2             ***       ***       ***       ***
P1             ***       ***   8.3e-12   8.3e-12
P2             ***       ***  1.95e-16  1.95e-16

Temperature = 1.1e+03 K    Pressure = 1 atm

From\To         W1        W2        P1        P2
W1             ***       ***       ***       ***
W2             ***       ***       ***       ***
P1             ***       ***   8.3e-12   8.3e-12
P2             ***       ***  1.95e-16  1.95e-16

Temperature = 1.1e+03 K    Pressure = 10 atm

From\To         W1        W2        P1        P2
W1         6.3e+12       ***  6.17e+12  1.32e+11
W2             ***       ***       ***       ***
P1        1.22e-11       ***  2.03e-11  8.04e-12
P2        6.14e-18       ***  1.89e-16  1.95e-16

Temperature = 1.1e+03 K    Pressure = 100 atm

From\To         W1        W2        P1        P2
W1        1.27e+13  8.54e+06  1.24e+13  2.76e+11
W2            5.85  4.07e+13     0.912  4.07e+13
P1        2.71e-11  8.16e-18  3.48e-11  7.71e-12
P2        1.42e-17  1.81e-11  1.81e-16  1.81e-11

Temperature = 1.2e+03 K

High Pressure Rate Coefficients:

From\To         W1        W2        P1        P2
W1             ***  4.13e+12   1.2e+14       ***
W2        1.01e+09       ***       ***  5.26e+14
P1        2.83e-10       ***       ***       ***
P2             ***  2.77e-10       ***       ***

Temperature = 1.2e+03 K    Pressure = 0.1 atm

From\To         W1        W2        P1        P2
W1             ***       ***       ***       ***
W2             ***       ***       ***       ***
P1             ***       ***  9.29e-12  9.29e-12
P2             ***       ***  5.07e-16  5.07e-16

Temperature = 1.2e+03 K    Pressure = 1 atm

From\To         W1        W2        P1        P2
W1             ***       ***       ***       ***
W2             ***       ***       ***       ***
P1             ***       ***  9.29e-12  9.29e-12
P2             ***       ***  5.07e-16  5.07e-16

Temperature = 1.2e+03 K    Pressure = 10 atm

From\To         W1        W2        P1        P2
W1        6.52e+12       ***  6.37e+12  1.48e+11
W2             ***       ***       ***       ***
P1        1.32e-11       ***  2.22e-11     9e-12
P2        1.66e-17       ***   4.9e-16  5.07e-16

Temperature = 1.2e+03 K    Pressure = 100 atm

From\To         W1        W2        P1        P2
W1        1.28e+13  1.17e+07  1.25e+13  3.04e+11
W2              42  4.02e+13      2.53  4.02e+13
P1        2.86e-11   1.2e-17  3.73e-11  8.61e-12
P2        3.79e-17  1.94e-11  4.69e-16  1.94e-11

Temperature = 1.3e+03 K

High Pressure Rate Coefficients:

From\To         W1        W2        P1        P2
W1             ***  4.38e+12  1.14e+14       ***
W2        2.12e+09       ***       ***  4.87e+14
P1        2.87e-10       ***       ***       ***
P2             ***  2.81e-10       ***       ***

Temperature = 1.3e+03 K    Pressure = 0.1 atm

From\To         W1        W2        P1        P2
W1             ***       ***       ***       ***
W2             ***       ***       ***       ***
P1             ***       ***  1.04e-11  1.04e-11
P2             ***       ***  1.16e-15  1.16e-15

Temperature = 1.3e+03 K    Pressure = 1 atm

From\To         W1        W2        P1        P2
W1             ***       ***       ***       ***
W2             ***       ***       ***       ***
P1             ***       ***  1.04e-11  1.04e-11
P2             ***       ***  1.16e-15  1.16e-15

Temperature = 1.3e+03 K    Pressure = 10 atm

From\To         W1        W2        P1        P2
W1        6.82e+12       ***  6.65e+12   1.7e+11
W2             ***       ***       ***       ***
P1        1.44e-11       ***  2.44e-11     1e-11
P2        4.09e-17       ***  1.12e-15  1.16e-15

Temperature = 1.3e+03 K    Pressure = 100 atm

From\To         W1        W2        P1        P2
W1        1.31e+13  1.57e+07  1.27e+13  3.42e+11
W2             179  3.78e+13      3.26  3.78e+13
P1        3.09e-11  1.94e-17  4.04e-11  9.56e-12
P2        9.22e-17     2e-11  1.07e-15     2e-11

Temperature = 1.4e+03 K

High Pressure Rate Coefficients:

From\To         W1        W2        P1        P2
W1             ***   4.6e+12  1.09e+14       ***
W2           4e+09       ***       ***  4.49e+14
P1        2.91e-10       ***       ***       ***
P2             ***  2.84e-10       ***       ***

Temperature = 1.4e+03 K    Pressure = 0.1 atm

From\To         W1        W2        P1        P2
W1             ***       ***       ***       ***
W2             ***       ***       ***       ***
P1             ***       ***  1.16e-11  1.16e-11
P2             ***       ***  2.38e-15  2.38e-15

Temperature = 1.4e+03 K    Pressure = 1 atm

From\To         W1        W2        P1        P2
W1             ***       ***       ***       ***
W2             ***       ***       ***       ***
P1             ***       ***  1.16e-11  1.16e-11
P2             ***       ***  2.38e-15  2.38e-15

Temperature = 1.4e+03 K    Pressure = 10 atm

From\To         W1        W2        P1        P2
W1        6.58e+12       ***   6.4e+12  1.78e+11
W2             ***       ***       ***       ***
P1        1.47e-11       ***  2.59e-11  1.12e-11
P2        8.45e-17       ***   2.3e-15  2.38e-15

Temperature = 1.4e+03 K    Pressure = 100 atm

From\To         W1        W2        P1        P2
W1        1.25e+13  3.23e+07  1.21e+13  3.56e+11
W2        1.39e+03  3.73e+13     -21.1  3.73e+13
P1        3.14e-11  3.89e-17   4.2e-11  1.07e-11
P2         1.9e-16  2.15e-11   2.2e-15  2.15e-11

Temperature = 1.5e+03 K

High Pressure Rate Coefficients:

From\To         W1        W2        P1        P2
W1             ***   4.8e+12  1.03e+14       ***
W2        6.94e+09       ***       ***  4.13e+14
P1        2.94e-10       ***       ***       ***
P2             ***  2.88e-10       ***       ***

Temperature = 1.5e+03 K    Pressure = 0.1 atm

From\To         W1        W2        P1        P2
W1             ***       ***       ***       ***
W2             ***       ***       ***       ***
P1             ***       ***  1.28e-11  1.28e-11
P2             ***       ***  4.51e-15  4.51e-15

Temperature = 1.5e+03 K    Pressure = 1 atm

From\To         W1        W2        P1        P2
W1             ***       ***       ***       ***
W2             ***       ***       ***       ***
P1             ***       ***  1.28e-11  1.28e-11
P2             ***       ***  4.51e-15  4.51e-15

Temperature = 1.5e+03 K    Pressure = 10 atm

From\To         W1        W2        P1        P2
W1        6.53e+12       ***  6.34e+12  1.94e+11
W2             ***       ***       ***       ***
P1        1.55e-11       ***  2.78e-11  1.23e-11
P2        1.67e-16       ***  4.35e-15  4.52e-15

Temperature = 1.5e+03 K    Pressure = 100 atm

From\To         W1        W2        P1        P2
W1        1.22e+13  5.21e+07  1.19e+13  3.83e+11
W2        5.27e+03  3.51e+13      -132  3.51e+13
P1        3.27e-11  6.99e-17  4.45e-11  1.18e-11
P2        3.72e-16  2.23e-11  4.15e-15  2.23e-11

Temperature = 1.6e+03 K

High Pressure Rate Coefficients:

From\To         W1        W2        P1        P2
W1             ***  4.98e+12  9.69e+13       ***
W2        1.12e+10       ***       ***  3.79e+14
P1        2.97e-10       ***       ***       ***
P2             ***  2.91e-10       ***       ***

Temperature = 1.6e+03 K    Pressure = 0.1 atm

From\To         W1        W2        P1        P2
W1             ***       ***       ***       ***
W2             ***       ***       ***       ***
P1             ***       ***  1.41e-11  1.41e-11
P2             ***       ***  7.98e-15  7.98e-15

Temperature = 1.6e+03 K    Pressure = 1 atm

From\To         W1        W2        P1        P2
W1             ***       ***       ***       ***
W2             ***       ***       ***       ***
P1             ***       ***  1.41e-11  1.41e-11
P2             ***       ***  7.98e-15  7.98e-15

Temperature = 1.6e+03 K    Pressure = 10 atm

From\To         W1        W2        P1        P2
W1        6.37e+12       ***  6.17e+12  2.07e+11
W2             ***       ***       ***       ***
P1        1.61e-11       ***  2.97e-11  1.36e-11
P2        3.05e-16       ***  7.68e-15  7.99e-15

Temperature = 1.6e+03 K    Pressure = 100 atm

From\To         W1        W2        P1        P2
W1        1.18e+13  8.64e+07  1.14e+13  4.05e+11
W2         1.9e+04   3.3e+13      -582   3.3e+13
P1        3.37e-11  1.25e-16  4.67e-11   1.3e-11
P2        6.75e-16  2.31e-11  7.33e-15  2.31e-11

Temperature = 1.7e+03 K

High Pressure Rate Coefficients:

From\To         W1        W2        P1        P2
W1             ***  5.15e+12  9.12e+13       ***
W2        1.72e+10       ***       ***  3.48e+14
P1           3e-10       ***       ***       ***
P2             ***  2.94e-10       ***       ***

Temperature = 1.7e+03 K    Pressure = 0.1 atm

From\To         W1        W2        P1        P2
W1             ***       ***       ***       ***
W2             ***       ***       ***       ***
P1             ***       ***  1.56e-11  1.56e-11
P2             ***       ***  1.34e-14  1.34e-14

Temperature = 1.7e+03 K    Pressure = 1 atm

From\To         W1        W2        P1        P2
W1             ***       ***       ***       ***
W2             ***       ***       ***       ***
P1             ***       ***  1.56e-11  1.56e-11
P2             ***       ***  1.34e-14  1.34e-14

Temperature = 1.7e+03 K    Pressure = 10 atm

From\To         W1        W2        P1        P2
W1        6.19e+12       ***  5.97e+12  2.19e+11
W2             ***       ***       ***       ***
P1        1.71e-11       ***  3.21e-11   1.5e-11
P2        5.34e-16       ***  1.28e-14  1.34e-14

Temperature = 1.7e+03 K    Pressure = 100 atm

From\To         W1        W2        P1        P2
W1        1.15e+13  1.47e+08   1.1e+13  4.27e+11
W2        8.82e+04  3.15e+13 -2.79e+03  3.15e+13
P1        3.52e-11  2.12e-16  4.95e-11  1.43e-11
P2        1.16e-15  2.46e-11  1.22e-14  2.46e-11

Temperature = 1.8e+03 K

High Pressure Rate Coefficients:

From\To         W1        W2        P1        P2
W1             ***  5.29e+12  8.58e+13       ***
W2         2.5e+10       ***       ***   3.2e+14
P1        3.03e-10       ***       ***       ***
P2             ***  2.97e-10       ***       ***

Temperature = 1.8e+03 K    Pressure = 0.1 atm

From\To         W1        W2        P1        P2
W1             ***       ***       ***       ***
W2             ***       ***       ***       ***
P1             ***       ***  1.71e-11  1.71e-11
P2             ***       ***  2.12e-14  2.12e-14

Temperature = 1.8e+03 K    Pressure = 1 atm

From\To         W1        W2        P1        P2
W1             ***       ***       ***       ***
W2             ***       ***       ***       ***
P1             ***       ***  1.71e-11  1.71e-11
P2             ***       ***  2.12e-14  2.12e-14

Temperature = 1.8e+03 K    Pressure = 10 atm

From\To         W1        W2        P1        P2
W1        5.87e+12       ***  5.65e+12  2.27e+11
W2             ***       ***       ***       ***
P1        1.69e-11       ***  3.33e-11  1.64e-11
P2        8.44e-16       ***  2.04e-14  2.12e-14

Temperature = 1.8e+03 K    Pressure = 100 atm

From\To         W1        W2        P1        P2
W1        1.08e+13   2.5e+08  1.03e+13  4.37e+11
W2        2.17e+05  2.94e+13  -7.8e+03  2.94e+13
P1        3.51e-11  3.85e-16  5.07e-11  1.56e-11
P2        1.85e-15  2.49e-11  1.94e-14  2.49e-11

Temperature = 1.9e+03 K

High Pressure Rate Coefficients:

From\To         W1        W2        P1        P2
W1             ***  5.43e+12  8.07e+13       ***
W2         3.5e+10       ***       ***  2.94e+14
P1        3.06e-10       ***       ***       ***
P2             ***  2.99e-10       ***       ***

Temperature = 1.9e+03 K    Pressure = 0.1 atm

From\To         W1        W2        P1        P2
W1             ***       ***       ***       ***
W2             ***       ***       ***       ***
P1             ***       ***  1.86e-11  1.86e-11
P2             ***       ***  3.24e-14  3.24e-14

Temperature = 1.9e+03 K    Pressure = 1 atm

From\To         W1        W2        P1        P2
W1             ***       ***       ***       ***
W2             ***       ***       ***       ***
P1             ***       ***  1.86e-11  1.86e-11
P2             ***       ***  3.24e-14  3.24e-14

Temperature = 1.9e+03 K    Pressure = 10 atm

From\To         W1        W2        P1        P2
W1        5.58e+12       ***  5.34e+12  2.33e+11
W2             ***       ***       ***       ***
P1        1.72e-11       ***  3.51e-11  1.79e-11
P2         1.3e-15       ***  3.11e-14  3.24e-14

Temperature = 1.9e+03 K    Pressure = 100 atm

From\To         W1        W2        P1        P2
W1        1.02e+13  4.37e+08  9.73e+12  4.47e+11
W2        6.96e+05  2.78e+13 -2.58e+04  2.78e+13
P1        3.54e-11  6.61e-16  5.25e-11  1.71e-11
P2        2.83e-15  2.58e-11  2.97e-14  2.58e-11

Temperature = 2e+03 K

High Pressure Rate Coefficients:

From\To         W1        W2        P1        P2
W1             ***  5.54e+12  7.59e+13       ***
W2        4.74e+10       ***       ***   2.7e+14
P1        3.08e-10       ***       ***       ***
P2             ***  3.02e-10       ***       ***

Temperature = 2e+03 K    Pressure = 0.1 atm

From\To         W1        W2        P1        P2
W1             ***       ***       ***       ***
W2             ***       ***       ***       ***
P1             ***       ***  2.02e-11  2.02e-11
P2             ***       ***  4.76e-14  4.76e-14

Temperature = 2e+03 K    Pressure = 1 atm

From\To         W1        W2        P1        P2
W1             ***       ***       ***       ***
W2             ***       ***       ***       ***
P1             ***       ***  2.02e-11  2.02e-11
P2             ***       ***  4.76e-14  4.76e-14

Temperature = 2e+03 K    Pressure = 10 atm

From\To         W1        W2        P1        P2
W1        5.49e+12       ***  5.24e+12   2.5e+11
W2             ***       ***       ***       ***
P1         1.8e-11       ***  3.74e-11  1.94e-11
P2        2.02e-15       ***  4.57e-14  4.77e-14

Temperature = 2e+03 K    Pressure = 100 atm

From\To         W1        W2        P1        P2
W1        9.92e+12  6.25e+08  9.44e+12  4.75e+11
W2        1.52e+06  2.63e+13 -5.84e+04  2.63e+13
P1        3.69e-11  1.01e-15  5.54e-11  1.85e-11
P2        4.37e-15  2.68e-11  4.35e-14  2.68e-11

______________________________________________________________________________________

High Pressure Rate Coefficients (Temperature-Species Rate Tables):

Reactant = W1
   T(K)        W1        W2        P1        P2
    500       ***  1.49e+12  7.26e+13       ***
    600       ***  1.98e+12  9.76e+13       ***
    700       ***  2.43e+12  1.14e+14       ***
    800       ***  2.84e+12  1.24e+14       ***
    900       ***  3.22e+12  1.27e+14       ***
  1e+03       ***  3.55e+12  1.27e+14       ***
1.1e+03       ***  3.86e+12  1.24e+14       ***
1.2e+03       ***  4.13e+12   1.2e+14       ***
1.3e+03       ***  4.38e+12  1.14e+14       ***
1.4e+03       ***   4.6e+12  1.09e+14       ***
1.5e+03       ***   4.8e+12  1.03e+14       ***
1.6e+03       ***  4.98e+12  9.69e+13       ***
1.7e+03       ***  5.15e+12  9.12e+13       ***
1.8e+03       ***  5.29e+12  8.58e+13       ***
1.9e+03       ***  5.43e+12  8.07e+13       ***
  2e+03       ***  5.54e+12  7.59e+13       ***

Reactant = W2
   T(K)        W1        W2        P1        P2
    500  1.22e+03       ***       ***  4.22e+14
    600  6.16e+04       ***       ***  5.41e+14
    700  9.99e+05       ***       ***  6.06e+14
    800  8.01e+06       ***       ***  6.28e+14
    900  4.03e+07       ***       ***  6.21e+14
  1e+03  1.46e+08       ***       ***  5.97e+14
1.1e+03   4.2e+08       ***       ***  5.64e+14
1.2e+03  1.01e+09       ***       ***  5.26e+14
1.3e+03  2.12e+09       ***       ***  4.87e+14
1.4e+03     4e+09       ***       ***  4.49e+14
1.5e+03  6.94e+09       ***       ***  4.13e+14
1.6e+03  1.12e+10       ***       ***  3.79e+14
1.7e+03  1.72e+10       ***       ***  3.48e+14
1.8e+03   2.5e+10       ***       ***   3.2e+14
1.9e+03   3.5e+10       ***       ***  2.94e+14
  2e+03  4.74e+10       ***       ***   2.7e+14

Reactant = P1
   T(K)        W1        W2        P1        P2
    500  2.45e-10       ***       ***       ***
    600  2.52e-10       ***       ***       ***
    700  2.59e-10       ***       ***       ***
    800  2.65e-10       ***       ***       ***
    900   2.7e-10       ***       ***       ***
  1e+03  2.75e-10       ***       ***       ***
1.1e+03  2.79e-10       ***       ***       ***
1.2e+03  2.83e-10       ***       ***       ***
1.3e+03  2.87e-10       ***       ***       ***
1.4e+03  2.91e-10       ***       ***       ***
1.5e+03  2.94e-10       ***       ***       ***
1.6e+03  2.97e-10       ***       ***       ***
1.7e+03     3e-10       ***       ***       ***
1.8e+03  3.03e-10       ***       ***       ***
1.9e+03  3.06e-10       ***       ***       ***
  2e+03  3.08e-10       ***       ***       ***

Reactant = P2
   T(K)        W1        W2        P1        P2
    500       ***   2.4e-10       ***       ***
    600       ***  2.47e-10       ***       ***
    700       ***  2.53e-10       ***       ***
    800       ***  2.59e-10       ***       ***
    900       ***  2.64e-10       ***       ***
  1e+03       ***  2.69e-10       ***       ***
1.1e+03       ***  2.73e-10       ***       ***
1.2e+03       ***  2.77e-10       ***       ***
1.3e+03       ***  2.81e-10       ***       ***
1.4e+03       ***  2.84e-10       ***       ***
1.5e+03       ***  2.88e-10       ***       ***
1.6e+03       ***  2.91e-10       ***       ***
1.7e+03       ***  2.94e-10       ***       ***
1.8e+03       ***  2.97e-10       ***       ***
1.9e+03       ***  2.99e-10       ***       ***
  2e+03       ***  3.02e-10       ***       ***

Capture/Escape Rate Coefficients:

   T(K)        W1        W2        P1        P2
    500  7.41e+13  4.22e+14  2.45e-10   2.4e-10
    600  9.96e+13  5.41e+14  2.52e-10  2.47e-10
    700  1.17e+14  6.06e+14  2.59e-10  2.53e-10
    800  1.27e+14  6.28e+14  2.65e-10  2.59e-10
    900  1.31e+14  6.21e+14   2.7e-10  2.64e-10
  1e+03  1.31e+14  5.97e+14  2.75e-10  2.69e-10
1.1e+03  1.28e+14  5.64e+14  2.79e-10  2.73e-10
1.2e+03  1.24e+14  5.26e+14  2.83e-10  2.77e-10
1.3e+03  1.19e+14  4.87e+14  2.87e-10  2.81e-10
1.4e+03  1.13e+14  4.49e+14  2.91e-10  2.84e-10
1.5e+03  1.08e+14  4.13e+14  2.94e-10  2.88e-10
1.6e+03  1.02e+14  3.79e+14  2.97e-10  2.91e-10
1.7e+03  9.64e+13  3.48e+14     3e-10  2.94e-10
1.8e+03  9.11e+13   3.2e+14  3.03e-10  2.97e-10
1.9e+03  8.61e+13  2.94e+14  3.06e-10  2.99e-10
  2e+03  8.14e+13   2.7e+14  3.08e-10  3.02e-10

______________________________________________________________________________________

Pressure-Species Rate Tables:

Reactant = W1   Temperature = 500 K

   P(atm)        W2        P1        P2      Loss
      0.1  2.35e+03  1.49e+10  5.59e+09  2.05e+10
        1  2.64e+03  1.07e+11  1.31e+10   1.2e+11
       10  2.33e+04  5.87e+11   3.3e+10   6.2e+11
      100  2.76e+05  2.41e+12  8.49e+10   2.5e+12
      O-O  1.49e+12  7.26e+13       ***  7.41e+13

Reactant = W1   Temperature = 600 K

   P(atm)        W2        P1        P2      Loss
      0.1       ***  8.83e+10  6.63e+09   9.5e+10
        1  1.25e+04  4.38e+11  1.75e+10  4.56e+11
       10  1.04e+05   1.7e+12  4.81e+10  1.75e+12
      100  9.31e+05  5.23e+12  1.23e+11  5.36e+12
      O-O  1.98e+12  9.76e+13       ***  9.96e+13

Reactant = W1   Temperature = 700 K

   P(atm)        W2        P1        P2      Loss
      0.1       ***       ***       ***       ***
        1       ***  1.04e+12  2.47e+10  1.06e+12
       10  3.24e+05  2.93e+12  6.26e+10  2.99e+12
      100  2.07e+06  7.54e+12  1.51e+11  7.69e+12
      O-O  2.43e+12  1.14e+14       ***  1.17e+14

Reactant = W1   Temperature = 800 K

   P(atm)        W2        P1        P2      Loss
      0.1       ***       ***       ***       ***
        1       ***       ***       ***       ***
       10  6.97e+05  4.26e+12  8.22e+10  4.34e+12
      100  3.67e+06  9.82e+12  1.88e+11     1e+13
      O-O  2.84e+12  1.24e+14       ***  1.27e+14

Reactant = W1   Temperature = 900 K

   P(atm)        W2        P1        P2      Loss
      0.1       ***       ***       ***       ***
        1       ***       ***       ***       ***
       10       ***   5.4e+12  1.04e+11   5.5e+12
      100  5.27e+06  1.16e+13  2.27e+11  1.18e+13
      O-O  3.22e+12  1.27e+14       ***  1.31e+14

Reactant = W1   Temperature = 1e+03 K

   P(atm)        W2        P1        P2      Loss
      0.1       ***       ***       ***       ***
        1       ***       ***       ***       ***
       10       ***     6e+12   1.2e+11  6.12e+12
      100  6.69e+06  1.24e+13  2.57e+11  1.26e+13
      O-O  3.55e+12  1.27e+14       ***  1.31e+14

Reactant = W1   Temperature = 1.1e+03 K

   P(atm)        W2        P1        P2      Loss
      0.1       ***       ***       ***       ***
        1       ***       ***       ***       ***
       10       ***  6.17e+12  1.32e+11   6.3e+12
      100  8.54e+06  1.24e+13  2.76e+11  1.27e+13
      O-O  3.86e+12  1.24e+14       ***  1.28e+14

Reactant = W1   Temperature = 1.2e+03 K

   P(atm)        W2        P1        P2      Loss
      0.1       ***       ***       ***       ***
        1       ***       ***       ***       ***
       10       ***  6.37e+12  1.48e+11  6.52e+12
      100  1.17e+07  1.25e+13  3.04e+11  1.28e+13
      O-O  4.13e+12   1.2e+14       ***  1.24e+14

Reactant = W1   Temperature = 1.3e+03 K

   P(atm)        W2        P1        P2      Loss
      0.1       ***       ***       ***       ***
        1       ***       ***       ***       ***
       10       ***  6.65e+12   1.7e+11  6.82e+12
      100  1.57e+07  1.27e+13  3.42e+11  1.31e+13
      O-O  4.38e+12  1.14e+14       ***  1.19e+14

Reactant = W1   Temperature = 1.4e+03 K

   P(atm)        W2        P1        P2      Loss
      0.1       ***       ***       ***       ***
        1       ***       ***       ***       ***
       10       ***   6.4e+12  1.78e+11  6.58e+12
      100  3.23e+07  1.21e+13  3.56e+11  1.25e+13
      O-O   4.6e+12  1.09e+14       ***  1.13e+14

Reactant = W1   Temperature = 1.5e+03 K

   P(atm)        W2        P1        P2      Loss
      0.1       ***       ***       ***       ***
        1       ***       ***       ***       ***
       10       ***  6.34e+12  1.94e+11  6.53e+12
      100  5.21e+07  1.19e+13  3.83e+11  1.22e+13
      O-O   4.8e+12  1.03e+14       ***  1.08e+14

Reactant = W1   Temperature = 1.6e+03 K

   P(atm)        W2        P1        P2      Loss
      0.1       ***       ***       ***       ***
        1       ***       ***       ***       ***
       10       ***  6.17e+12  2.07e+11  6.37e+12
      100  8.64e+07  1.14e+13  4.05e+11  1.18e+13
      O-O  4.98e+12  9.69e+13       ***  1.02e+14

Reactant = W1   Temperature = 1.7e+03 K

   P(atm)        W2        P1        P2      Loss
      0.1       ***       ***       ***       ***
        1       ***       ***       ***       ***
       10       ***  5.97e+12  2.19e+11  6.19e+12
      100  1.47e+08   1.1e+13  4.27e+11  1.15e+13
      O-O  5.15e+12  9.12e+13       ***  9.64e+13

Reactant = W1   Temperature = 1.8e+03 K

   P(atm)        W2        P1        P2      Loss
      0.1       ***       ***       ***       ***
        1       ***       ***       ***       ***
       10       ***  5.65e+12  2.27e+11  5.87e+12
      100   2.5e+08  1.03e+13  4.37e+11  1.08e+13
      O-O  5.29e+12  8.58e+13       ***  9.11e+13

Reactant = W1   Temperature = 1.9e+03 K

   P(atm)        W2        P1        P2      Loss
      0.1       ***       ***       ***       ***
        1       ***       ***       ***       ***
       10       ***  5.34e+12  2.33e+11  5.58e+12
      100  4.37e+08  9.73e+12  4.47e+11  1.02e+13
      O-O  5.43e+12  8.07e+13       ***  8.61e+13

Reactant = W1   Temperature = 2e+03 K

   P(atm)        W2        P1        P2      Loss
      0.1       ***       ***       ***       ***
        1       ***       ***       ***       ***
       10       ***  5.24e+12   2.5e+11  5.49e+12
      100  6.25e+08  9.44e+12  4.75e+11  9.92e+12
      O-O  5.54e+12  7.59e+13       ***  8.14e+13

Reactant = W2   Temperature = 500 K

   P(atm)        W1        P1        P2      Loss
      0.1  -1.3e-10 -3.07e-05  4.27e+10  4.27e+10
        1 -1.82e-11 -2.09e-07  2.87e+11  2.87e+11
       10  3.38e-10  3.35e-07  1.59e+12  1.59e+12
      100 -7.84e-10  3.55e-09  6.99e+12  6.99e+12
      O-O  1.22e+03       ***  4.22e+14  4.22e+14

Reactant = W2   Temperature = 600 K

   P(atm)        W1        P1        P2      Loss
      0.1       ***       ***       ***       ***
        1  7.77e-09  5.52e-07  1.16e+12  1.16e+12
       10  1.61e-07 -6.18e-06   4.6e+12   4.6e+12
      100 -9.15e-07  2.19e-06  1.52e+13  1.52e+13
      O-O  6.16e+04       ***  5.41e+14  5.41e+14

Reactant = W2   Temperature = 700 K

   P(atm)        W1        P1        P2      Loss
      0.1       ***       ***       ***       ***
        1       ***       ***       ***       ***
       10  9.83e-06  1.48e-05  9.39e+12  9.39e+12
      100 -0.000112  0.000124  2.44e+13  2.44e+13
      O-O  9.99e+05       ***  6.06e+14  6.06e+14

Reactant = W2   Temperature = 800 K

   P(atm)        W1        P1        P2      Loss
      0.1       ***       ***       ***       ***
        1       ***       ***       ***       ***
       10  0.000213  0.000104  1.42e+13  1.42e+13
      100   -0.0797    0.0035  3.24e+13  3.24e+13
      O-O  8.01e+06       ***  6.28e+14  6.28e+14

Reactant = W2   Temperature = 900 K

   P(atm)        W1        P1        P2      Loss
      0.1       ***       ***       ***       ***
        1       ***       ***       ***       ***
       10       ***       ***       ***       ***
      100   -0.0524   0.00548  3.67e+13  3.67e+13
      O-O  4.03e+07       ***  6.21e+14  6.21e+14

Reactant = W2   Temperature = 1e+03 K

   P(atm)        W1        P1        P2      Loss
      0.1       ***       ***       ***       ***
        1       ***       ***       ***       ***
       10       ***       ***       ***       ***
      100    -0.406     0.151  3.88e+13  3.88e+13
      O-O  1.46e+08       ***  5.97e+14  5.97e+14

Reactant = W2   Temperature = 1.1e+03 K

   P(atm)        W1        P1        P2      Loss
      0.1       ***       ***       ***       ***
        1       ***       ***       ***       ***
       10       ***       ***       ***       ***
      100      5.85     0.912  4.07e+13  4.07e+13
      O-O   4.2e+08       ***  5.64e+14  5.64e+14

Reactant = W2   Temperature = 1.2e+03 K

   P(atm)        W1        P1        P2      Loss
      0.1       ***       ***       ***       ***
        1       ***       ***       ***       ***
       10       ***       ***       ***       ***
      100        42      2.53  4.02e+13  4.02e+13
      O-O  1.01e+09       ***  5.26e+14  5.26e+14

Reactant = W2   Temperature = 1.3e+03 K

   P(atm)        W1        P1        P2      Loss
      0.1       ***       ***       ***       ***
        1       ***       ***       ***       ***
       10       ***       ***       ***       ***
      100       179      3.26  3.78e+13  3.78e+13
      O-O  2.12e+09       ***  4.87e+14  4.87e+14

Reactant = W2   Temperature = 1.4e+03 K

   P(atm)        W1        P1        P2      Loss
      0.1       ***       ***       ***       ***
        1       ***       ***       ***       ***
       10       ***       ***       ***       ***
      100  1.39e+03     -21.1  3.73e+13  3.73e+13
      O-O     4e+09       ***  4.49e+14  4.49e+14

Reactant = W2   Temperature = 1.5e+03 K

   P(atm)        W1        P1        P2      Loss
      0.1       ***       ***       ***       ***
        1       ***       ***       ***       ***
       10       ***       ***       ***       ***
      100  5.27e+03      -132  3.51e+13  3.51e+13
      O-O  6.94e+09       ***  4.13e+14  4.13e+14

Reactant = W2   Temperature = 1.6e+03 K

   P(atm)        W1        P1        P2      Loss
      0.1       ***       ***       ***       ***
        1       ***       ***       ***       ***
       10       ***       ***       ***       ***
      100   1.9e+04      -582   3.3e+13   3.3e+13
      O-O  1.12e+10       ***  3.79e+14  3.79e+14

Reactant = W2   Temperature = 1.7e+03 K

   P(atm)        W1        P1        P2      Loss
      0.1       ***       ***       ***       ***
        1       ***       ***       ***       ***
       10       ***       ***       ***       ***
      100  8.82e+04 -2.79e+03  3.15e+13  3.15e+13
      O-O  1.72e+10       ***  3.48e+14  3.48e+14

Reactant = W2   Temperature = 1.8e+03 K

   P(atm)        W1        P1        P2      Loss
      0.1       ***       ***       ***       ***
        1       ***       ***       ***       ***
       10       ***       ***       ***       ***
      100  2.17e+05  -7.8e+03  2.94e+13  2.94e+13
      O-O   2.5e+10       ***   3.2e+14   3.2e+14

Reactant = W2   Temperature = 1.9e+03 K

   P(atm)        W1        P1        P2      Loss
      0.1       ***       ***       ***       ***
        1       ***       ***       ***       ***
       10       ***       ***       ***       ***
      100  6.96e+05 -2.58e+04  2.78e+13  2.78e+13
      O-O   3.5e+10       ***  2.94e+14  2.94e+14

Reactant = W2   Temperature = 2e+03 K

   P(atm)        W1        P1        P2      Loss
      0.1       ***       ***       ***       ***
        1       ***       ***       ***       ***
       10       ***       ***       ***       ***
      100  1.52e+06 -5.84e+04  2.63e+13  2.63e+13
      O-O  4.74e+10       ***   2.7e+14   2.7e+14

Reactant = P1   Temperature = 500 K

   P(atm)        W1        W2        P2      Loss
      0.1  4.84e-14 -1.12e-19  4.87e-12  4.92e-12
        1  3.54e-13  4.51e-21  4.85e-12   5.2e-12
       10  1.96e-12  4.63e-20  4.79e-12  6.74e-12
      100  8.11e-12  4.79e-19  4.62e-12  1.27e-11
      O-O  2.45e-10       ***       ***  2.45e-10

Reactant = P1   Temperature = 600 K

   P(atm)        W1        W2        P2      Loss
      0.1  1.89e-13       ***  4.99e-12  5.17e-12
        1  1.04e-12  1.82e-20  4.96e-12     6e-12
       10  4.27e-12  1.54e-19  4.88e-12  9.15e-12
      100  1.34e-11  1.25e-18  4.69e-12  1.81e-11
      O-O  2.52e-10       ***       ***  2.52e-10

Reactant = P1   Temperature = 700 K

   P(atm)        W1        W2        P2      Loss
      0.1       ***       ***  5.37e-12  5.37e-12
        1  1.98e-12       ***  5.33e-12  7.31e-12
       10  6.29e-12  3.14e-19  5.24e-12  1.15e-11
      100  1.68e-11  2.06e-18  5.04e-12  2.19e-11
      O-O  2.59e-10       ***       ***  2.59e-10

Reactant = P1   Temperature = 800 K

   P(atm)        W1        W2        P2      Loss
      0.1       ***       ***  5.92e-12  5.92e-12
        1       ***       ***  5.92e-12  5.92e-12
       10  8.46e-12   5.9e-19  5.76e-12  1.42e-11
      100  2.06e-11  3.36e-18  5.53e-12  2.62e-11
      O-O  2.65e-10       ***       ***  2.65e-10

Reactant = P1   Temperature = 900 K

   P(atm)        W1        W2        P2      Loss
      0.1       ***       ***   6.6e-12   6.6e-12
        1       ***       ***   6.6e-12   6.6e-12
       10  1.04e-11       ***   6.4e-12  1.68e-11
      100   2.4e-11  5.09e-18  6.13e-12  3.02e-11
      O-O   2.7e-10       ***       ***   2.7e-10

Reactant = P1   Temperature = 1e+03 K

   P(atm)        W1        W2        P2      Loss
      0.1       ***       ***  7.39e-12  7.39e-12
        1       ***       ***  7.39e-12  7.39e-12
       10  1.16e-11       ***  7.16e-12  1.87e-11
      100   2.6e-11  6.69e-18  6.86e-12  3.29e-11
      O-O  2.75e-10       ***       ***  2.75e-10

Reactant = P1   Temperature = 1.1e+03 K

   P(atm)        W1        W2        P2      Loss
      0.1       ***       ***   8.3e-12   8.3e-12
        1       ***       ***   8.3e-12   8.3e-12
       10  1.22e-11       ***  8.04e-12  2.03e-11
      100  2.71e-11  8.16e-18  7.71e-12  3.48e-11
      O-O  2.79e-10       ***       ***  2.79e-10

Reactant = P1   Temperature = 1.2e+03 K

   P(atm)        W1        W2        P2      Loss
      0.1       ***       ***  9.29e-12  9.29e-12
        1       ***       ***  9.29e-12  9.29e-12
       10  1.32e-11       ***     9e-12  2.22e-11
      100  2.86e-11   1.2e-17  8.61e-12  3.73e-11
      O-O  2.83e-10       ***       ***  2.83e-10

Reactant = P1   Temperature = 1.3e+03 K

   P(atm)        W1        W2        P2      Loss
      0.1       ***       ***  1.04e-11  1.04e-11
        1       ***       ***  1.04e-11  1.04e-11
       10  1.44e-11       ***     1e-11  2.44e-11
      100  3.09e-11  1.94e-17  9.56e-12  4.04e-11
      O-O  2.87e-10       ***       ***  2.87e-10

Reactant = P1   Temperature = 1.4e+03 K

   P(atm)        W1        W2        P2      Loss
      0.1       ***       ***  1.16e-11  1.16e-11
        1       ***       ***  1.16e-11  1.16e-11
       10  1.47e-11       ***  1.12e-11  2.59e-11
      100  3.14e-11  3.89e-17  1.07e-11   4.2e-11
      O-O  2.91e-10       ***       ***  2.91e-10

Reactant = P1   Temperature = 1.5e+03 K

   P(atm)        W1        W2        P2      Loss
      0.1       ***       ***  1.28e-11  1.28e-11
        1       ***       ***  1.28e-11  1.28e-11
       10  1.55e-11       ***  1.23e-11  2.78e-11
      100  3.27e-11  6.99e-17  1.18e-11  4.45e-11
      O-O  2.94e-10       ***       ***  2.94e-10

Reactant = P1   Temperature = 1.6e+03 K

   P(atm)        W1        W2        P2      Loss
      0.1       ***       ***  1.41e-11  1.41e-11
        1       ***       ***  1.41e-11  1.41e-11
       10  1.61e-11       ***  1.36e-11  2.97e-11
      100  3.37e-11  1.25e-16   1.3e-11  4.67e-11
      O-O  2.97e-10       ***       ***  2.97e-10

Reactant = P1   Temperature = 1.7e+03 K

   P(atm)        W1        W2        P2      Loss
      0.1       ***       ***  1.56e-11  1.56e-11
        1       ***       ***  1.56e-11  1.56e-11
       10  1.71e-11       ***   1.5e-11  3.21e-11
      100  3.52e-11  2.12e-16  1.43e-11  4.95e-11
      O-O     3e-10       ***       ***     3e-10

Reactant = P1   Temperature = 1.8e+03 K

   P(atm)        W1        W2        P2      Loss
      0.1       ***       ***  1.71e-11  1.71e-11
        1       ***       ***  1.71e-11  1.71e-11
       10  1.69e-11       ***  1.64e-11  3.33e-11
      100  3.51e-11  3.85e-16  1.56e-11  5.07e-11
      O-O  3.03e-10       ***       ***  3.03e-10

Reactant = P1   Temperature = 1.9e+03 K

   P(atm)        W1        W2        P2      Loss
      0.1       ***       ***  1.86e-11  1.86e-11
        1       ***       ***  1.86e-11  1.86e-11
       10  1.72e-11       ***  1.79e-11  3.51e-11
      100  3.54e-11  6.61e-16  1.71e-11  5.25e-11
      O-O  3.06e-10       ***       ***  3.06e-10

Reactant = P1   Temperature = 2e+03 K

   P(atm)        W1        W2        P2      Loss
      0.1       ***       ***  2.02e-11  2.02e-11
        1       ***       ***  2.02e-11  2.02e-11
       10   1.8e-11       ***  1.94e-11  3.74e-11
      100  3.69e-11  1.01e-15  1.85e-11  5.54e-11
      O-O  3.08e-10       ***       ***  3.08e-10

Reactant = P2   Temperature = 500 K

   P(atm)        W1        W2        P1      Loss
      0.1  2.51e-24  2.23e-14  6.72e-22  2.23e-14
        1  5.97e-24  1.55e-13  6.69e-22  1.55e-13
       10  1.52e-23   8.8e-13  6.61e-22   8.8e-13
      100  3.94e-23  3.92e-12  6.37e-22  3.92e-12
      O-O       ***   2.4e-10       ***   2.4e-10

Reactant = P2   Temperature = 600 K

   P(atm)        W1        W2        P1      Loss
      0.1  7.78e-23       ***  2.74e-20  2.74e-20
        1  2.28e-22  4.31e-13  2.72e-20  4.31e-13
       10  6.61e-22  1.94e-12  2.68e-20  1.94e-12
      100  1.73e-21  6.77e-12  2.58e-20  6.77e-12
      O-O       ***  2.47e-10       ***  2.47e-10

Reactant = P2   Temperature = 700 K

   P(atm)        W1        W2        P1      Loss
      0.1       ***       ***  4.08e-19  4.08e-19
        1  3.58e-21       ***  4.04e-19  4.08e-19
       10  1.02e-20   3.4e-12  3.98e-19   3.4e-12
      100  2.57e-20   9.8e-12  3.82e-19   9.8e-12
      O-O       ***  2.53e-10       ***  2.53e-10

Reactant = P2   Temperature = 800 K

   P(atm)        W1        W2        P1      Loss
      0.1       ***       ***  3.21e-18  3.21e-18
        1       ***       ***  3.21e-18  3.21e-18
       10  8.86e-20  4.78e-12  3.13e-18  4.78e-12
      100  2.15e-19  1.27e-11     3e-18  1.27e-11
      O-O       ***  2.59e-10       ***  2.59e-10

Reactant = P2   Temperature = 900 K

   P(atm)        W1        W2        P1      Loss
      0.1       ***       ***  1.66e-17  1.66e-17
        1       ***       ***  1.66e-17  1.66e-17
       10     5e-19       ***  1.61e-17  1.66e-17
      100  1.18e-18  1.46e-11  1.54e-17  1.46e-11
      O-O       ***  2.64e-10       ***  2.64e-10

Reactant = P2   Temperature = 1e+03 K

   P(atm)        W1        W2        P1      Loss
      0.1       ***       ***  6.34e-17  6.34e-17
        1       ***       ***  6.34e-17  6.34e-17
       10  1.99e-18       ***  6.14e-17  6.34e-17
      100  4.63e-18  1.62e-11  5.89e-17  1.62e-11
      O-O       ***  2.69e-10       ***  2.69e-10

Reactant = P2   Temperature = 1.1e+03 K

   P(atm)        W1        W2        P1      Loss
      0.1       ***       ***  1.95e-16  1.95e-16
        1       ***       ***  1.95e-16  1.95e-16
       10  6.14e-18       ***  1.89e-16  1.95e-16
      100  1.42e-17  1.81e-11  1.81e-16  1.81e-11
      O-O       ***  2.73e-10       ***  2.73e-10

Reactant = P2   Temperature = 1.2e+03 K

   P(atm)        W1        W2        P1      Loss
      0.1       ***       ***  5.07e-16  5.07e-16
        1       ***       ***  5.07e-16  5.07e-16
       10  1.66e-17       ***   4.9e-16  5.07e-16
      100  3.79e-17  1.94e-11  4.69e-16  1.94e-11
      O-O       ***  2.77e-10       ***  2.77e-10

Reactant = P2   Temperature = 1.3e+03 K

   P(atm)        W1        W2        P1      Loss
      0.1       ***       ***  1.16e-15  1.16e-15
        1       ***       ***  1.16e-15  1.16e-15
       10  4.09e-17       ***  1.12e-15  1.16e-15
      100  9.22e-17     2e-11  1.07e-15     2e-11
      O-O       ***  2.81e-10       ***  2.81e-10

Reactant = P2   Temperature = 1.4e+03 K

   P(atm)        W1        W2        P1      Loss
      0.1       ***       ***  2.38e-15  2.38e-15
        1       ***       ***  2.38e-15  2.38e-15
       10  8.45e-17       ***   2.3e-15  2.38e-15
      100   1.9e-16  2.15e-11   2.2e-15  2.15e-11
      O-O       ***  2.84e-10       ***  2.84e-10

Reactant = P2   Temperature = 1.5e+03 K

   P(atm)        W1        W2        P1      Loss
      0.1       ***       ***  4.51e-15  4.51e-15
        1       ***       ***  4.51e-15  4.51e-15
       10  1.67e-16       ***  4.35e-15  4.52e-15
      100  3.72e-16  2.23e-11  4.15e-15  2.23e-11
      O-O       ***  2.88e-10       ***  2.88e-10

Reactant = P2   Temperature = 1.6e+03 K

   P(atm)        W1        W2        P1      Loss
      0.1       ***       ***  7.98e-15  7.98e-15
        1       ***       ***  7.98e-15  7.98e-15
       10  3.05e-16       ***  7.68e-15  7.99e-15
      100  6.75e-16  2.31e-11  7.33e-15  2.31e-11
      O-O       ***  2.91e-10       ***  2.91e-10

Reactant = P2   Temperature = 1.7e+03 K

   P(atm)        W1        W2        P1      Loss
      0.1       ***       ***  1.34e-14  1.34e-14
        1       ***       ***  1.34e-14  1.34e-14
       10  5.34e-16       ***  1.28e-14  1.34e-14
      100  1.16e-15  2.46e-11  1.22e-14  2.46e-11
      O-O       ***  2.94e-10       ***  2.94e-10

Reactant = P2   Temperature = 1.8e+03 K

   P(atm)        W1        W2        P1      Loss
      0.1       ***       ***  2.12e-14  2.12e-14
        1       ***       ***  2.12e-14  2.12e-14
       10  8.44e-16       ***  2.04e-14  2.12e-14
      100  1.85e-15  2.49e-11  1.94e-14  2.49e-11
      O-O       ***  2.97e-10       ***  2.97e-10

Reactant = P2   Temperature = 1.9e+03 K

   P(atm)        W1        W2        P1      Loss
      0.1       ***       ***  3.24e-14  3.24e-14
        1       ***       ***  3.24e-14  3.24e-14
       10   1.3e-15       ***  3.11e-14  3.24e-14
      100  2.83e-15  2.58e-11  2.97e-14  2.58e-11
      O-O       ***  2.99e-10       ***  2.99e-10

Reactant = P2   Temperature = 2e+03 K

   P(atm)        W1        W2        P1      Loss
      0.1       ***       ***  4.76e-14  4.76e-14
        1       ***       ***  4.76e-14  4.76e-14
       10  2.02e-15       ***  4.57e-14  4.77e-14
      100  4.37e-15  2.68e-11  4.35e-14  2.68e-11
      O-O       ***  3.02e-10       ***  3.02e-10

______________________________________________________________________________________

Temperature-Species Rate Tables:

Reactant = W1   Pressure = 0.1 atm

   T(K)        W2        P1        P2      Loss   Capture
    500  2.35e+03  1.49e+10  5.59e+09  2.05e+10  7.41e+13
    600       ***  8.83e+10  6.63e+09   9.5e+10  9.96e+13
    700       ***       ***       ***       ***  1.17e+14
    800       ***       ***       ***       ***  1.27e+14
    900       ***       ***       ***       ***  1.31e+14
  1e+03       ***       ***       ***       ***  1.31e+14
1.1e+03       ***       ***       ***       ***  1.28e+14
1.2e+03       ***       ***       ***       ***  1.24e+14
1.3e+03       ***       ***       ***       ***  1.19e+14
1.4e+03       ***       ***       ***       ***  1.13e+14
1.5e+03       ***       ***       ***       ***  1.08e+14
1.6e+03       ***       ***       ***       ***  1.02e+14
1.7e+03       ***       ***       ***       ***  9.64e+13
1.8e+03       ***       ***       ***       ***  9.11e+13
1.9e+03       ***       ***       ***       ***  8.61e+13
  2e+03       ***       ***       ***       ***  8.14e+13

Reactant = W1   Pressure = 1 atm

   T(K)        W2        P1        P2      Loss   Capture
    500  2.64e+03  1.07e+11  1.31e+10   1.2e+11  7.41e+13
    600  1.25e+04  4.38e+11  1.75e+10  4.56e+11  9.96e+13
    700       ***  1.04e+12  2.47e+10  1.06e+12  1.17e+14
    800       ***       ***       ***       ***  1.27e+14
    900       ***       ***       ***       ***  1.31e+14
  1e+03       ***       ***       ***       ***  1.31e+14
1.1e+03       ***       ***       ***       ***  1.28e+14
1.2e+03       ***       ***       ***       ***  1.24e+14
1.3e+03       ***       ***       ***       ***  1.19e+14
1.4e+03       ***       ***       ***       ***  1.13e+14
1.5e+03       ***       ***       ***       ***  1.08e+14
1.6e+03       ***       ***       ***       ***  1.02e+14
1.7e+03       ***       ***       ***       ***  9.64e+13
1.8e+03       ***       ***       ***       ***  9.11e+13
1.9e+03       ***       ***       ***       ***  8.61e+13
  2e+03       ***       ***       ***       ***  8.14e+13

Reactant = W1   Pressure = 10 atm

   T(K)        W2        P1        P2      Loss   Capture
    500  2.33e+04  5.87e+11   3.3e+10   6.2e+11  7.41e+13
    600  1.04e+05   1.7e+12  4.81e+10  1.75e+12  9.96e+13
    700  3.24e+05  2.93e+12  6.26e+10  2.99e+12  1.17e+14
    800  6.97e+05  4.26e+12  8.22e+10  4.34e+12  1.27e+14
    900       ***   5.4e+12  1.04e+11   5.5e+12  1.31e+14
  1e+03       ***     6e+12   1.2e+11  6.12e+12  1.31e+14
1.1e+03       ***  6.17e+12  1.32e+11   6.3e+12  1.28e+14
1.2e+03       ***  6.37e+12  1.48e+11  6.52e+12  1.24e+14
1.3e+03       ***  6.65e+12   1.7e+11  6.82e+12  1.19e+14
1.4e+03       ***   6.4e+12  1.78e+11  6.58e+12  1.13e+14
1.5e+03       ***  6.34e+12  1.94e+11  6.53e+12  1.08e+14
1.6e+03       ***  6.17e+12  2.07e+11  6.37e+12  1.02e+14
1.7e+03       ***  5.97e+12  2.19e+11  6.19e+12  9.64e+13
1.8e+03       ***  5.65e+12  2.27e+11  5.87e+12  9.11e+13
1.9e+03       ***  5.34e+12  2.33e+11  5.58e+12  8.61e+13
  2e+03       ***  5.24e+12   2.5e+11  5.49e+12  8.14e+13

Reactant = W1   Pressure = 100 atm

   T(K)        W2        P1        P2      Loss   Capture
    500  2.76e+05  2.41e+12  8.49e+10   2.5e+12  7.41e+13
    600  9.31e+05  5.23e+12  1.23e+11  5.36e+12  9.96e+13
    700  2.07e+06  7.54e+12  1.51e+11  7.69e+12  1.17e+14
    800  3.67e+06  9.82e+12  1.88e+11     1e+13  1.27e+14
    900  5.27e+06  1.16e+13  2.27e+11  1.18e+13  1.31e+14
  1e+03  6.69e+06  1.24e+13  2.57e+11  1.26e+13  1.31e+14
1.1e+03  8.54e+06  1.24e+13  2.76e+11  1.27e+13  1.28e+14
1.2e+03  1.17e+07  1.25e+13  3.04e+11  1.28e+13  1.24e+14
1.3e+03  1.57e+07  1.27e+13  3.42e+11  1.31e+13  1.19e+14
1.4e+03  3.23e+07  1.21e+13  3.56e+11  1.25e+13  1.13e+14
1.5e+03  5.21e+07  1.19e+13  3.83e+11  1.22e+13  1.08e+14
1.6e+03  8.64e+07  1.14e+13  4.05e+11  1.18e+13  1.02e+14
1.7e+03  1.47e+08   1.1e+13  4.27e+11  1.15e+13  9.64e+13
1.8e+03   2.5e+08  1.03e+13  4.37e+11  1.08e+13  9.11e+13
1.9e+03  4.37e+08  9.73e+12  4.47e+11  1.02e+13  8.61e+13
  2e+03  6.25e+08  9.44e+12  4.75e+11  9.92e+12  8.14e+13

Reactant = W2   Pressure = 0.1 atm

   T(K)        W1        P1        P2      Loss   Capture
    500  -1.3e-10 -3.07e-05  4.27e+10  4.27e+10  4.22e+14
    600       ***       ***       ***       ***  5.41e+14
    700       ***       ***       ***       ***  6.06e+14
    800       ***       ***       ***       ***  6.28e+14
    900       ***       ***       ***       ***  6.21e+14
  1e+03       ***       ***       ***       ***  5.97e+14
1.1e+03       ***       ***       ***       ***  5.64e+14
1.2e+03       ***       ***       ***       ***  5.26e+14
1.3e+03       ***       ***       ***       ***  4.87e+14
1.4e+03       ***       ***       ***       ***  4.49e+14
1.5e+03       ***       ***       ***       ***  4.13e+14
1.6e+03       ***       ***       ***       ***  3.79e+14
1.7e+03       ***       ***       ***       ***  3.48e+14
1.8e+03       ***       ***       ***       ***   3.2e+14
1.9e+03       ***       ***       ***       ***  2.94e+14
  2e+03       ***       ***       ***       ***   2.7e+14

Reactant = W2   Pressure = 1 atm

   T(K)        W1        P1        P2      Loss   Capture
    500 -1.82e-11 -2.09e-07  2.87e+11  2.87e+11  4.22e+14
    600  7.77e-09  5.52e-07  1.16e+12  1.16e+12  5.41e+14
    700       ***       ***       ***       ***  6.06e+14
    800       ***       ***       ***       ***  6.28e+14
    900       ***       ***       ***       ***  6.21e+14
  1e+03       ***       ***       ***       ***  5.97e+14
1.1e+03       ***       ***       ***       ***  5.64e+14
1.2e+03       ***       ***       ***       ***  5.26e+14
1.3e+03       ***       ***       ***       ***  4.87e+14
1.4e+03       ***       ***       ***       ***  4.49e+14
1.5e+03       ***       ***       ***       ***  4.13e+14
1.6e+03       ***       ***       ***       ***  3.79e+14
1.7e+03       ***       ***       ***       ***  3.48e+14
1.8e+03       ***       ***       ***       ***   3.2e+14
1.9e+03       ***       ***       ***       ***  2.94e+14
  2e+03       ***       ***       ***       ***   2.7e+14

Reactant = W2   Pressure = 10 atm

   T(K)        W1        P1        P2      Loss   Capture
    500  3.38e-10  3.35e-07  1.59e+12  1.59e+12  4.22e+14
    600  1.61e-07 -6.18e-06   4.6e+12   4.6e+12  5.41e+14
    700  9.83e-06  1.48e-05  9.39e+12  9.39e+12  6.06e+14
    800  0.000213  0.000104  1.42e+13  1.42e+13  6.28e+14
    900       ***       ***       ***       ***  6.21e+14
  1e+03       ***       ***       ***       ***  5.97e+14
1.1e+03       ***       ***       ***       ***  5.64e+14
1.2e+03       ***       ***       ***       ***  5.26e+14
1.3e+03       ***       ***       ***       ***  4.87e+14
1.4e+03       ***       ***       ***       ***  4.49e+14
1.5e+03       ***       ***       ***       ***  4.13e+14
1.6e+03       ***       ***       ***       ***  3.79e+14
1.7e+03       ***       ***       ***       ***  3.48e+14
1.8e+03       ***       ***       ***       ***   3.2e+14
1.9e+03       ***       ***       ***       ***  2.94e+14
  2e+03       ***       ***       ***       ***   2.7e+14

Reactant = W2   Pressure = 100 atm

   T(K)        W1        P1        P2      Loss   Capture
    500 -7.84e-10  3.55e-09  6.99e+12  6.99e+12  4.22e+14
    600 -9.15e-07  2.19e-06  1.52e+13  1.52e+13  5.41e+14
    700 -0.000112  0.000124  2.44e+13  2.44e+13  6.06e+14
    800   -0.0797    0.0035  3.24e+13  3.24e+13  6.28e+14
    900   -0.0524   0.00548  3.67e+13  3.67e+13  6.21e+14
  1e+03    -0.406     0.151  3.88e+13  3.88e+13  5.97e+14
1.1e+03      5.85     0.912  4.07e+13  4.07e+13  5.64e+14
1.2e+03        42      2.53  4.02e+13  4.02e+13  5.26e+14
1.3e+03       179      3.26  3.78e+13  3.78e+13  4.87e+14
1.4e+03  1.39e+03     -21.1  3.73e+13  3.73e+13  4.49e+14
1.5e+03  5.27e+03      -132  3.51e+13  3.51e+13  4.13e+14
1.6e+03   1.9e+04      -582   3.3e+13   3.3e+13  3.79e+14
1.7e+03  8.82e+04 -2.79e+03  3.15e+13  3.15e+13  3.48e+14
1.8e+03  2.17e+05  -7.8e+03  2.94e+13  2.94e+13   3.2e+14
1.9e+03  6.96e+05 -2.58e+04  2.78e+13  2.78e+13  2.94e+14
  2e+03  1.52e+06 -5.84e+04  2.63e+13  2.63e+13   2.7e+14

Reactant = P1   Pressure = 0.1 atm

   T(K)        W1        W2        P2      Loss   Capture
    500  4.84e-14 -1.12e-19  4.87e-12  4.92e-12  2.45e-10
    600  1.89e-13       ***  4.99e-12  5.17e-12  2.52e-10
    700       ***       ***  5.37e-12  5.37e-12  2.59e-10
    800       ***       ***  5.92e-12  5.92e-12  2.65e-10
    900       ***       ***   6.6e-12   6.6e-12   2.7e-10
  1e+03       ***       ***  7.39e-12  7.39e-12  2.75e-10
1.1e+03       ***       ***   8.3e-12   8.3e-12  2.79e-10
1.2e+03       ***       ***  9.29e-12  9.29e-12  2.83e-10
1.3e+03       ***       ***  1.04e-11  1.04e-11  2.87e-10
1.4e+03       ***       ***  1.16e-11  1.16e-11  2.91e-10
1.5e+03       ***       ***  1.28e-11  1.28e-11  2.94e-10
1.6e+03       ***       ***  1.41e-11  1.41e-11  2.97e-10
1.7e+03       ***       ***  1.56e-11  1.56e-11     3e-10
1.8e+03       ***       ***  1.71e-11  1.71e-11  3.03e-10
1.9e+03       ***       ***  1.86e-11  1.86e-11  3.06e-10
  2e+03       ***       ***  2.02e-11  2.02e-11  3.08e-10

Reactant = P1   Pressure = 1 atm

   T(K)        W1        W2        P2      Loss   Capture
    500  3.54e-13  4.51e-21  4.85e-12   5.2e-12  2.45e-10
    600  1.04e-12  1.82e-20  4.96e-12     6e-12  2.52e-10
    700  1.98e-12       ***  5.33e-12  7.31e-12  2.59e-10
    800       ***       ***  5.92e-12  5.92e-12  2.65e-10
    900       ***       ***   6.6e-12   6.6e-12   2.7e-10
  1e+03       ***       ***  7.39e-12  7.39e-12  2.75e-10
1.1e+03       ***       ***   8.3e-12   8.3e-12  2.79e-10
1.2e+03       ***       ***  9.29e-12  9.29e-12  2.83e-10
1.3e+03       ***       ***  1.04e-11  1.04e-11  2.87e-10
1.4e+03       ***       ***  1.16e-11  1.16e-11  2.91e-10
1.5e+03       ***       ***  1.28e-11  1.28e-11  2.94e-10
1.6e+03       ***       ***  1.41e-11  1.41e-11  2.97e-10
1.7e+03       ***       ***  1.56e-11  1.56e-11     3e-10
1.8e+03       ***       ***  1.71e-11  1.71e-11  3.03e-10
1.9e+03       ***       ***  1.86e-11  1.86e-11  3.06e-10
  2e+03       ***       ***  2.02e-11  2.02e-11  3.08e-10

Reactant = P1   Pressure = 10 atm

   T(K)        W1        W2        P2      Loss   Capture
    500  1.96e-12  4.63e-20  4.79e-12  6.74e-12  2.45e-10
    600  4.27e-12  1.54e-19  4.88e-12  9.15e-12  2.52e-10
    700  6.29e-12  3.14e-19  5.24e-12  1.15e-11  2.59e-10
    800  8.46e-12   5.9e-19  5.76e-12  1.42e-11  2.65e-10
    900  1.04e-11       ***   6.4e-12  1.68e-11   2.7e-10
  1e+03  1.16e-11       ***  7.16e-12  1.87e-11  2.75e-10
1.1e+03  1.22e-11       ***  8.04e-12  2.03e-11  2.79e-10
1.2e+03  1.32e-11       ***     9e-12  2.22e-11  2.83e-10
1.3e+03  1.44e-11       ***     1e-11  2.44e-11  2.87e-10
1.4e+03  1.47e-11       ***  1.12e-11  2.59e-11  2.91e-10
1.5e+03  1.55e-11       ***  1.23e-11  2.78e-11  2.94e-10
1.6e+03  1.61e-11       ***  1.36e-11  2.97e-11  2.97e-10
1.7e+03  1.71e-11       ***   1.5e-11  3.21e-11     3e-10
1.8e+03  1.69e-11       ***  1.64e-11  3.33e-11  3.03e-10
1.9e+03  1.72e-11       ***  1.79e-11  3.51e-11  3.06e-10
  2e+03   1.8e-11       ***  1.94e-11  3.74e-11  3.08e-10

Reactant = P1   Pressure = 100 atm

   T(K)        W1        W2        P2      Loss   Capture
    500  8.11e-12  4.79e-19  4.62e-12  1.27e-11  2.45e-10
    600  1.34e-11  1.25e-18  4.69e-12  1.81e-11  2.52e-10
    700  1.68e-11  2.06e-18  5.04e-12  2.19e-11  2.59e-10
    800  2.06e-11  3.36e-18  5.53e-12  2.62e-11  2.65e-10
    900   2.4e-11  5.09e-18  6.13e-12  3.02e-11   2.7e-10
  1e+03   2.6e-11  6.69e-18  6.86e-12  3.29e-11  2.75e-10
1.1e+03  2.71e-11  8.16e-18  7.71e-12  3.48e-11  2.79e-10
1.2e+03  2.86e-11   1.2e-17  8.61e-12  3.73e-11  2.83e-10
1.3e+03  3.09e-11  1.94e-17  9.56e-12  4.04e-11  2.87e-10
1.4e+03  3.14e-11  3.89e-17  1.07e-11   4.2e-11  2.91e-10
1.5e+03  3.27e-11  6.99e-17  1.18e-11  4.45e-11  2.94e-10
1.6e+03  3.37e-11  1.25e-16   1.3e-11  4.67e-11  2.97e-10
1.7e+03  3.52e-11  2.12e-16  1.43e-11  4.95e-11     3e-10
1.8e+03  3.51e-11  3.85e-16  1.56e-11  5.07e-11  3.03e-10
1.9e+03  3.54e-11  6.61e-16  1.71e-11  5.25e-11  3.06e-10
  2e+03  3.69e-11  1.01e-15  1.85e-11  5.54e-11  3.08e-10

Reactant = P2   Pressure = 0.1 atm

   T(K)        W1        W2        P1      Loss   Capture
    500  2.51e-24  2.23e-14  6.72e-22  2.23e-14   2.4e-10
    600  7.78e-23       ***  2.74e-20  2.74e-20  2.47e-10
    700       ***       ***  4.08e-19  4.08e-19  2.53e-10
    800       ***       ***  3.21e-18  3.21e-18  2.59e-10
    900       ***       ***  1.66e-17  1.66e-17  2.64e-10
  1e+03       ***       ***  6.34e-17  6.34e-17  2.69e-10
1.1e+03       ***       ***  1.95e-16  1.95e-16  2.73e-10
1.2e+03       ***       ***  5.07e-16  5.07e-16  2.77e-10
1.3e+03       ***       ***  1.16e-15  1.16e-15  2.81e-10
1.4e+03       ***       ***  2.38e-15  2.38e-15  2.84e-10
1.5e+03       ***       ***  4.51e-15  4.51e-15  2.88e-10
1.6e+03       ***       ***  7.98e-15  7.98e-15  2.91e-10
1.7e+03       ***       ***  1.34e-14  1.34e-14  2.94e-10
1.8e+03       ***       ***  2.12e-14  2.12e-14  2.97e-10
1.9e+03       ***       ***  3.24e-14  3.24e-14  2.99e-10
  2e+03       ***       ***  4.76e-14  4.76e-14  3.02e-10

Reactant = P2   Pressure = 1 atm

   T(K)        W1        W2        P1      Loss   Capture
    500  5.97e-24  1.55e-13  6.69e-22  1.55e-13   2.4e-10
    600  2.28e-22  4.31e-13  2.72e-20  4.31e-13  2.47e-10
    700  3.58e-21       ***  4.04e-19  4.08e-19  2.53e-10
    800       ***       ***  3.21e-18  3.21e-18  2.59e-10
    900       ***       ***  1.66e-17  1.66e-17  2.64e-10
  1e+03       ***       ***  6.34e-17  6.34e-17  2.69e-10
1.1e+03       ***       ***  1.95e-16  1.95e-16  2.73e-10
1.2e+03       ***       ***  5.07e-16  5.07e-16  2.77e-10
1.3e+03       ***       ***  1.16e-15  1.16e-15  2.81e-10
1.4e+03       ***       ***  2.38e-15  2.38e-15  2.84e-10
1.5e+03       ***       ***  4.51e-15  4.51e-15  2.88e-10
1.6e+03       ***       ***  7.98e-15  7.98e-15  2.91e-10
1.7e+03       ***       ***  1.34e-14  1.34e-14  2.94e-10
1.8e+03       ***       ***  2.12e-14  2.12e-14  2.97e-10
1.9e+03       ***       ***  3.24e-14  3.24e-14  2.99e-10
  2e+03       ***       ***  4.76e-14  4.76e-14  3.02e-10

Reactant = P2   Pressure = 10 atm

   T(K)        W1        W2        P1      Loss   Capture
    500  1.52e-23   8.8e-13  6.61e-22   8.8e-13   2.4e-10
    600  6.61e-22  1.94e-12  2.68e-20  1.94e-12  2.47e-10
    700  1.02e-20   3.4e-12  3.98e-19   3.4e-12  2.53e-10
    800  8.86e-20  4.78e-12  3.13e-18  4.78e-12  2.59e-10
    900     5e-19       ***  1.61e-17  1.66e-17  2.64e-10
  1e+03  1.99e-18       ***  6.14e-17  6.34e-17  2.69e-10
1.1e+03  6.14e-18       ***  1.89e-16  1.95e-16  2.73e-10
1.2e+03  1.66e-17       ***   4.9e-16  5.07e-16  2.77e-10
1.3e+03  4.09e-17       ***  1.12e-15  1.16e-15  2.81e-10
1.4e+03  8.45e-17       ***   2.3e-15  2.38e-15  2.84e-10
1.5e+03  1.67e-16       ***  4.35e-15  4.52e-15  2.88e-10
1.6e+03  3.05e-16       ***  7.68e-15  7.99e-15  2.91e-10
1.7e+03  5.34e-16       ***  1.28e-14  1.34e-14  2.94e-10
1.8e+03  8.44e-16       ***  2.04e-14  2.12e-14  2.97e-10
1.9e+03   1.3e-15       ***  3.11e-14  3.24e-14  2.99e-10
  2e+03  2.02e-15       ***  4.57e-14  4.77e-14  3.02e-10

Reactant = P2   Pressure = 100 atm

   T(K)        W1        W2        P1      Loss   Capture
    500  3.94e-23  3.92e-12  6.37e-22  3.92e-12   2.4e-10
    600  1.73e-21  6.77e-12  2.58e-20  6.77e-12  2.47e-10
    700  2.57e-20   9.8e-12  3.82e-19   9.8e-12  2.53e-10
    800  2.15e-19  1.27e-11     3e-18  1.27e-11  2.59e-10
    900  1.18e-18  1.46e-11  1.54e-17  1.46e-11  2.64e-10
  1e+03  4.63e-18  1.62e-11  5.89e-17  1.62e-11  2.69e-10
1.1e+03  1.42e-17  1.81e-11  1.81e-16  1.81e-11  2.73e-10
1.2e+03  3.79e-17  1.94e-11  4.69e-16  1.94e-11  2.77e-10
1.3e+03  9.22e-17     2e-11  1.07e-15     2e-11  2.81e-10
1.4e+03   1.9e-16  2.15e-11   2.2e-15  2.15e-11  2.84e-10
1.5e+03  3.72e-16  2.23e-11  4.15e-15  2.23e-11  2.88e-10
1.6e+03  6.75e-16  2.31e-11  7.33e-15  2.31e-11  2.91e-10
1.7e+03  1.16e-15  2.46e-11  1.22e-14  2.46e-11  2.94e-10
1.8e+03  1.85e-15  2.49e-11  1.94e-14  2.49e-11  2.97e-10
1.9e+03  2.83e-15  2.58e-11  2.97e-14  2.58e-11  2.99e-10
  2e+03  4.37e-15  2.68e-11  4.35e-14  2.68e-11  3.02e-10

______________________________________________________________________________________

Temperature-Pressure Rate Tables:

W1->W2

P\T           500       600       700       800       900     1e+03   1.1e+03   1.2e+03   1.3e+03   1.4e+03   1.5e+03   1.6e+03   1.7e+03   1.8e+03   1.9e+03     2e+03
0.1      2.35e+03       ***       ***       ***       ***       ***       ***       ***       ***       ***       ***       ***       ***       ***       ***       ***
1        2.64e+03  1.25e+04       ***       ***       ***       ***       ***       ***       ***       ***       ***       ***       ***       ***       ***       ***
10       2.33e+04  1.04e+05  3.24e+05  6.97e+05       ***       ***       ***       ***       ***       ***       ***       ***       ***       ***       ***       ***
100      2.76e+05  9.31e+05  2.07e+06  3.67e+06  5.27e+06  6.69e+06  8.54e+06  1.17e+07  1.57e+07  3.23e+07  5.21e+07  8.64e+07  1.47e+08   2.5e+08  4.37e+08  6.25e+08
O-O      1.49e+12  1.98e+12  2.43e+12  2.84e+12  3.22e+12  3.55e+12  3.86e+12  4.13e+12  4.38e+12   4.6e+12   4.8e+12  4.98e+12  5.15e+12  5.29e+12  5.43e+12  5.54e+12

W1->P1

P\T           500       600       700       800       900     1e+03   1.1e+03   1.2e+03   1.3e+03   1.4e+03   1.5e+03   1.6e+03   1.7e+03   1.8e+03   1.9e+03     2e+03
0.1      1.49e+10  8.83e+10       ***       ***       ***       ***       ***       ***       ***       ***       ***       ***       ***       ***       ***       ***
1        1.07e+11  4.38e+11  1.04e+12       ***       ***       ***       ***       ***       ***       ***       ***       ***       ***       ***       ***       ***
10       5.87e+11   1.7e+12  2.93e+12  4.26e+12   5.4e+12     6e+12  6.17e+12  6.37e+12  6.65e+12   6.4e+12  6.34e+12  6.17e+12  5.97e+12  5.65e+12  5.34e+12  5.24e+12
100      2.41e+12  5.23e+12  7.54e+12  9.82e+12  1.16e+13  1.24e+13  1.24e+13  1.25e+13  1.27e+13  1.21e+13  1.19e+13  1.14e+13   1.1e+13  1.03e+13  9.73e+12  9.44e+12
O-O      7.26e+13  9.76e+13  1.14e+14  1.24e+14  1.27e+14  1.27e+14  1.24e+14   1.2e+14  1.14e+14  1.09e+14  1.03e+14  9.69e+13  9.12e+13  8.58e+13  8.07e+13  7.59e+13

W1->P2

P\T           500       600       700       800       900     1e+03   1.1e+03   1.2e+03   1.3e+03   1.4e+03   1.5e+03   1.6e+03   1.7e+03   1.8e+03   1.9e+03     2e+03
0.1      5.59e+09  6.63e+09       ***       ***       ***       ***       ***       ***       ***       ***       ***       ***       ***       ***       ***       ***
1        1.31e+10  1.75e+10  2.47e+10       ***       ***       ***       ***       ***       ***       ***       ***       ***       ***       ***       ***       ***
10        3.3e+10  4.81e+10  6.26e+10  8.22e+10  1.04e+11   1.2e+11  1.32e+11  1.48e+11   1.7e+11  1.78e+11  1.94e+11  2.07e+11  2.19e+11  2.27e+11  2.33e+11   2.5e+11
100      8.49e+10  1.23e+11  1.51e+11  1.88e+11  2.27e+11  2.57e+11  2.76e+11  3.04e+11  3.42e+11  3.56e+11  3.83e+11  4.05e+11  4.27e+11  4.37e+11  4.47e+11  4.75e+11
O-O           ***       ***       ***       ***       ***       ***       ***       ***       ***       ***       ***       ***       ***       ***       ***       ***

W2->W1

P\T           500       600       700       800       900     1e+03   1.1e+03   1.2e+03   1.3e+03   1.4e+03   1.5e+03   1.6e+03   1.7e+03   1.8e+03   1.9e+03     2e+03
0.1      -1.3e-10       ***       ***       ***       ***       ***       ***       ***       ***       ***       ***       ***       ***       ***       ***       ***
1       -1.82e-11  7.77e-09       ***       ***       ***       ***       ***       ***       ***       ***       ***       ***       ***       ***       ***       ***
10       3.38e-10  1.61e-07  9.83e-06  0.000213       ***       ***       ***       ***       ***       ***       ***       ***       ***       ***       ***       ***
100     -7.84e-10 -9.15e-07 -0.000112   -0.0797   -0.0524    -0.406      5.85        42       179  1.39e+03  5.27e+03   1.9e+04  8.82e+04  2.17e+05  6.96e+05  1.52e+06
O-O      1.22e+03  6.16e+04  9.99e+05  8.01e+06  4.03e+07  1.46e+08   4.2e+08  1.01e+09  2.12e+09     4e+09  6.94e+09  1.12e+10  1.72e+10   2.5e+10   3.5e+10  4.74e+10

W2->P1

P\T           500       600       700       800       900     1e+03   1.1e+03   1.2e+03   1.3e+03   1.4e+03   1.5e+03   1.6e+03   1.7e+03   1.8e+03   1.9e+03     2e+03
0.1     -3.07e-05       ***       ***       ***       ***       ***       ***       ***       ***       ***       ***       ***       ***       ***       ***       ***
1       -2.09e-07  5.52e-07       ***       ***       ***       ***       ***       ***       ***       ***       ***       ***       ***       ***       ***       ***
10       3.35e-07 -6.18e-06  1.48e-05  0.000104       ***       ***       ***       ***       ***       ***       ***       ***       ***       ***       ***       ***
100      3.55e-09  2.19e-06  0.000124    0.0035   0.00548     0.151     0.912      2.53      3.26     -21.1      -132      -582 -2.79e+03  -7.8e+03 -2.58e+04 -5.84e+04
O-O           ***       ***       ***       ***       ***       ***       ***       ***       ***       ***       ***       ***       ***       ***       ***       ***

W2->P2

P\T           500       600       700       800       900     1e+03   1.1e+03   1.2e+03   1.3e+03   1.4e+03   1.5e+03   1.6e+03   1.7e+03   1.8e+03   1.9e+03     2e+03
0.1      4.27e+10       ***       ***       ***       ***       ***       ***       ***       ***       ***       ***       ***       ***       ***       ***       ***
1        2.87e+11  1.16e+12       ***       ***       ***       ***       ***       ***       ***       ***       ***       ***       ***       ***       ***       ***
10       1.59e+12   4.6e+12  9.39e+12  1.42e+13       ***       ***       ***       ***       ***       ***       ***       ***       ***       ***       ***       ***
100      6.99e+12  1.52e+13  2.44e+13  3.24e+13  3.67e+13  3.88e+13  4.07e+13  4.02e+13  3.78e+13  3.73e+13  3.51e+13   3.3e+13  3.15e+13  2.94e+13  2.78e+13  2.63e+13
O-O      4.22e+14  5.41e+14  6.06e+14  6.28e+14  6.21e+14  5.97e+14  5.64e+14  5.26e+14  4.87e+14  4.49e+14  4.13e+14  3.79e+14  3.48e+14   3.2e+14  2.94e+14   2.7e+14

P1->W1

P\T           500       600       700       800       900     1e+03   1.1e+03   1.2e+03   1.3e+03   1.4e+03   1.5e+03   1.6e+03   1.7e+03   1.8e+03   1.9e+03     2e+03
0.1      4.84e-14  1.89e-13       ***       ***       ***       ***       ***       ***       ***       ***       ***       ***       ***       ***       ***       ***
1        3.54e-13  1.04e-12  1.98e-12       ***       ***       ***       ***       ***       ***       ***       ***       ***       ***       ***       ***       ***
10       1.96e-12  4.27e-12  6.29e-12  8.46e-12  1.04e-11  1.16e-11  1.22e-11  1.32e-11  1.44e-11  1.47e-11  1.55e-11  1.61e-11  1.71e-11  1.69e-11  1.72e-11   1.8e-11
100      8.11e-12  1.34e-11  1.68e-11  2.06e-11   2.4e-11   2.6e-11  2.71e-11  2.86e-11  3.09e-11  3.14e-11  3.27e-11  3.37e-11  3.52e-11  3.51e-11  3.54e-11  3.69e-11
O-O      2.45e-10  2.52e-10  2.59e-10  2.65e-10   2.7e-10  2.75e-10  2.79e-10  2.83e-10  2.87e-10  2.91e-10  2.94e-10  2.97e-10     3e-10  3.03e-10  3.06e-10  3.08e-10

P1->W2

P\T           500       600       700       800       900     1e+03   1.1e+03   1.2e+03   1.3e+03   1.4e+03   1.5e+03   1.6e+03   1.7e+03   1.8e+03   1.9e+03     2e+03
0.1     -1.12e-19       ***       ***       ***       ***       ***       ***       ***       ***       ***       ***       ***       ***       ***       ***       ***
1        4.51e-21  1.82e-20       ***       ***       ***       ***       ***       ***       ***       ***       ***       ***       ***       ***       ***       ***
10       4.63e-20  1.54e-19  3.14e-19   5.9e-19       ***       ***       ***       ***       ***       ***       ***       ***       ***       ***       ***       ***
100      4.79e-19  1.25e-18  2.06e-18  3.36e-18  5.09e-18  6.69e-18  8.16e-18   1.2e-17  1.94e-17  3.89e-17  6.99e-17  1.25e-16  2.12e-16  3.85e-16  6.61e-16  1.01e-15
O-O           ***       ***       ***       ***       ***       ***       ***       ***       ***       ***       ***       ***       ***       ***       ***       ***

P1->P2

P\T           500       600       700       800       900     1e+03   1.1e+03   1.2e+03   1.3e+03   1.4e+03   1.5e+03   1.6e+03   1.7e+03   1.8e+03   1.9e+03     2e+03
0.1      4.87e-12  4.99e-12  5.37e-12  5.92e-12   6.6e-12  7.39e-12   8.3e-12  9.29e-12  1.04e-11  1.16e-11  1.28e-11  1.41e-11  1.56e-11  1.71e-11  1.86e-11  2.02e-11
1        4.85e-12  4.96e-12  5.33e-12  5.92e-12   6.6e-12  7.39e-12   8.3e-12  9.29e-12  1.04e-11  1.16e-11  1.28e-11  1.41e-11  1.56e-11  1.71e-11  1.86e-11  2.02e-11
10       4.79e-12  4.88e-12  5.24e-12  5.76e-12   6.4e-12  7.16e-12  8.04e-12     9e-12     1e-11  1.12e-11  1.23e-11  1.36e-11   1.5e-11  1.64e-11  1.79e-11  1.94e-11
100      4.62e-12  4.69e-12  5.04e-12  5.53e-12  6.13e-12  6.86e-12  7.71e-12  8.61e-12  9.56e-12  1.07e-11  1.18e-11   1.3e-11  1.43e-11  1.56e-11  1.71e-11  1.85e-11
O-O           ***       ***       ***       ***       ***       ***       ***       ***       ***       ***       ***       ***       ***       ***       ***       ***

P2->W1

P\T           500       600       700       800       900     1e+03   1.1e+03   1.2e+03   1.3e+03   1.4e+03   1.5e+03   1.6e+03   1.7e+03   1.8e+03   1.9e+03     2e+03
0.1      2.51e-24  7.78e-23       ***       ***       ***       ***       ***       ***       ***       ***       ***       ***       ***       ***       ***       ***
1        5.97e-24  2.28e-22  3.58e-21       ***       ***       ***       ***       ***       ***       ***       ***       ***       ***       ***       ***       ***
10       1.52e-23  6.61e-22  1.02e-20  8.86e-20     5e-19  1.99e-18  6.14e-18  1.66e-17  4.09e-17  8.45e-17  1.67e-16  3.05e-16  5.34e-16  8.44e-16   1.3e-15  2.02e-15
100      3.94e-23  1.73e-21  2.57e-20  2.15e-19  1.18e-18  4.63e-18  1.42e-17  3.79e-17  9.22e-17   1.9e-16  3.72e-16  6.75e-16  1.16e-15  1.85e-15  2.83e-15  4.37e-15
O-O           ***       ***       ***       ***       ***       ***       ***       ***       ***       ***       ***       ***       ***       ***       ***       ***

P2->W2

P\T           500       600       700       800       900     1e+03   1.1e+03   1.2e+03   1.3e+03   1.4e+03   1.5e+03   1.6e+03   1.7e+03   1.8e+03   1.9e+03     2e+03
0.1      2.23e-14       ***       ***       ***       ***       ***       ***       ***       ***       ***       ***       ***       ***       ***       ***       ***
1        1.55e-13  4.31e-13       ***       ***       ***       ***       ***       ***       ***       ***       ***       ***       ***       ***       ***       ***
10        8.8e-13  1.94e-12   3.4e-12  4.78e-12       ***       ***       ***       ***       ***       ***       ***       ***       ***       ***       ***       ***
100      3.92e-12  6.77e-12   9.8e-12  1.27e-11  1.46e-11  1.62e-11  1.81e-11  1.94e-11     2e-11  2.15e-11  2.23e-11  2.31e-11  2.46e-11  2.49e-11  2.58e-11  2.68e-11
O-O       2.4e-10  2.47e-10  2.53e-10  2.59e-10  2.64e-10  2.69e-10  2.73e-10  2.77e-10  2.81e-10  2.84e-10  2.88e-10  2.91e-10  2.94e-10  2.97e-10  2.99e-10  3.02e-10

P2->P1

P\T           500       600       700       800       900     1e+03   1.1e+03   1.2e+03   1.3e+03   1.4e+03   1.5e+03   1.6e+03   1.7e+03   1.8e+03   1.9e+03     2e+03
0.1      6.72e-22  2.74e-20  4.08e-19  3.21e-18  1.66e-17  6.34e-17  1.95e-16  5.07e-16  1.16e-15  2.38e-15  4.51e-15  7.98e-15  1.34e-14  2.12e-14  3.24e-14  4.76e-14
1        6.69e-22  2.72e-20  4.04e-19  3.21e-18  1.66e-17  6.34e-17  1.95e-16  5.07e-16  1.16e-15  2.38e-15  4.51e-15  7.98e-15  1.34e-14  2.12e-14  3.24e-14  4.76e-14
10       6.61e-22  2.68e-20  3.98e-19  3.13e-18  1.61e-17  6.14e-17  1.89e-16   4.9e-16  1.12e-15   2.3e-15  4.35e-15  7.68e-15  1.28e-14  2.04e-14  3.11e-14  4.57e-14
100      6.37e-22  2.58e-20  3.82e-19     3e-18  1.54e-17  5.89e-17  1.81e-16  4.69e-16  1.07e-15   2.2e-15  4.15e-15  7.33e-15  1.22e-14  1.94e-14  2.97e-14  4.35e-14
O-O           ***       ***       ***       ***       ***       ***       ***       ***       ***       ***       ***       ***       ***       ***       ***       ***

W1-> 

P\T           500       600       700       800       900     1e+03   1.1e+03   1.2e+03   1.3e+03   1.4e+03   1.5e+03   1.6e+03   1.7e+03   1.8e+03   1.9e+03     2e+03
0.1      2.05e+10   9.5e+10       ***       ***       ***       ***       ***       ***       ***       ***       ***       ***       ***       ***       ***       ***
1         1.2e+11  4.56e+11  1.06e+12       ***       ***       ***       ***       ***       ***       ***       ***       ***       ***       ***       ***       ***
10        6.2e+11  1.75e+12  2.99e+12  4.34e+12   5.5e+12  6.12e+12   6.3e+12  6.52e+12  6.82e+12  6.58e+12  6.53e+12  6.37e+12  6.19e+12  5.87e+12  5.58e+12  5.49e+12
100       2.5e+12  5.36e+12  7.69e+12     1e+13  1.18e+13  1.26e+13  1.27e+13  1.28e+13  1.31e+13  1.25e+13  1.22e+13  1.18e+13  1.15e+13  1.08e+13  1.02e+13  9.92e+12
O-O      7.41e+13  9.96e+13  1.17e+14  1.27e+14  1.31e+14  1.31e+14  1.28e+14  1.24e+14  1.19e+14  1.13e+14  1.08e+14  1.02e+14  9.64e+13  9.11e+13  8.61e+13  8.14e+13

W2-> 

P\T           500       600       700       800       900     1e+03   1.1e+03   1.2e+03   1.3e+03   1.4e+03   1.5e+03   1.6e+03   1.7e+03   1.8e+03   1.9e+03     2e+03
0.1      4.27e+10       ***       ***       ***       ***       ***       ***       ***       ***       ***       ***       ***       ***       ***       ***       ***
1        2.87e+11  1.16e+12       ***       ***       ***       ***       ***       ***       ***       ***       ***       ***       ***       ***       ***       ***
10       1.59e+12   4.6e+12  9.39e+12  1.42e+13       ***       ***       ***       ***       ***       ***       ***       ***       ***       ***       ***       ***
100      6.99e+12  1.52e+13  2.44e+13  3.24e+13  3.67e+13  3.88e+13  4.07e+13  4.02e+13  3.78e+13  3.73e+13  3.51e+13   3.3e+13  3.15e+13  2.94e+13  2.78e+13  2.63e+13
O-O      4.22e+14  5.41e+14  6.06e+14  6.28e+14  6.21e+14  5.97e+14  5.64e+14  5.26e+14  4.87e+14  4.49e+14  4.13e+14  3.79e+14  3.48e+14   3.2e+14  2.94e+14   2.7e+14

P1-> 

P\T           500       600       700       800       900     1e+03   1.1e+03   1.2e+03   1.3e+03   1.4e+03   1.5e+03   1.6e+03   1.7e+03   1.8e+03   1.9e+03     2e+03
0.1      4.92e-12  5.17e-12  5.37e-12  5.92e-12   6.6e-12  7.39e-12   8.3e-12  9.29e-12  1.04e-11  1.16e-11  1.28e-11  1.41e-11  1.56e-11  1.71e-11  1.86e-11  2.02e-11
1         5.2e-12     6e-12  7.31e-12  5.92e-12   6.6e-12  7.39e-12   8.3e-12  9.29e-12  1.04e-11  1.16e-11  1.28e-11  1.41e-11  1.56e-11  1.71e-11  1.86e-11  2.02e-11
10       6.74e-12  9.15e-12  1.15e-11  1.42e-11  1.68e-11  1.87e-11  2.03e-11  2.22e-11  2.44e-11  2.59e-11  2.78e-11  2.97e-11  3.21e-11  3.33e-11  3.51e-11  3.74e-11
100      1.27e-11  1.81e-11  2.19e-11  2.62e-11  3.02e-11  3.29e-11  3.48e-11  3.73e-11  4.04e-11   4.2e-11  4.45e-11  4.67e-11  4.95e-11  5.07e-11  5.25e-11  5.54e-11
O-O      2.45e-10  2.52e-10  2.59e-10  2.65e-10   2.7e-10  2.75e-10  2.79e-10  2.83e-10  2.87e-10  2.91e-10  2.94e-10  2.97e-10     3e-10  3.03e-10  3.06e-10  3.08e-10

P2-> 

P\T           500       600       700       800       900     1e+03   1.1e+03   1.2e+03   1.3e+03   1.4e+03   1.5e+03   1.6e+03   1.7e+03   1.8e+03   1.9e+03     2e+03
0.1      2.23e-14  2.74e-20  4.08e-19  3.21e-18  1.66e-17  6.34e-17  1.95e-16  5.07e-16  1.16e-15  2.38e-15  4.51e-15  7.98e-15  1.34e-14  2.12e-14  3.24e-14  4.76e-14
1        1.55e-13  4.31e-13  4.08e-19  3.21e-18  1.66e-17  6.34e-17  1.95e-16  5.07e-16  1.16e-15  2.38e-15  4.51e-15  7.98e-15  1.34e-14  2.12e-14  3.24e-14  4.76e-14
10        8.8e-13  1.94e-12   3.4e-12  4.78e-12  1.66e-17  6.34e-17  1.95e-16  5.07e-16  1.16e-15  2.38e-15  4.52e-15  7.99e-15  1.34e-14  2.12e-14  3.24e-14  4.77e-14
100      3.92e-12  6.77e-12   9.8e-12  1.27e-11  1.46e-11  1.62e-11  1.81e-11  1.94e-11     2e-11  2.15e-11  2.23e-11  2.31e-11  2.46e-11  2.49e-11  2.58e-11  2.68e-11
O-O       2.4e-10  2.47e-10  2.53e-10  2.59e-10  2.64e-10  2.69e-10  2.73e-10  2.77e-10  2.81e-10  2.84e-10  2.88e-10  2.91e-10  2.94e-10  2.97e-10  2.99e-10  3.02e-10

