Wells (G - ground energy, D - dissociation limit, kcal/mol):
                                 W         G         D
         FakeW-C5H8O(825)rs+HO2(8)        -3         0
      FakeW-C5H7O(758)rs0+H2O2(10)       6.9       9.9

Bimolecular Products (G - ground energy, kcal/mol):
                           P         G
         C5H8O(825)rs+HO2(8)         0
      C5H7O(758)rs0+H2O2(10)       9.9

Well-to-Bimolecular Barriers (H/G - barrier height/well depth, kcal/mol)
                                 B         H                            W         G                      P
         FakeB-C5H8O(825)rs+HO2(8)         0    FakeW-C5H8O(825)rs+HO2(8)        -3    C5H8O(825)rs+HO2(8)
      FakeB-C5H7O(758)rs0+H2O2(10)       9.9 FakeW-C5H7O(758)rs0+H2O2(10)       6.9 C5H7O(758)rs0+H2O2(10)

Well-to-Well Barriers (H/G - barrier height/well depth, kcal/mol):
           B         H                           W1        G1                           W2        G2
      ts_1_1      15.8    FakeW-C5H8O(825)rs+HO2(8)        -3 FakeW-C5H7O(758)rs0+H2O2(10)       6.9

Bound Groups: dissociation barrier (name/ground energy, kcal/mol): wells (name/ground energy, kcal/mol):
     C1/0:  FakeW-C5H8O(825)rs+HO2(8)/-3

     C2/9.9:  FakeW-C5H7O(758)rs0+H2O2(10)/6.9

________________________________________________________________________________________

Names Translation Tables (<short name> - <original name>):
Wells:
   W1 - FakeW-C5H8O(825)rs+HO2(8)
   W2 - FakeW-C5H7O(758)rs0+H2O2(10)
Bimolecular products:
   P1 - C5H8O(825)rs+HO2(8)
   P2 - C5H7O(758)rs0+H2O2(10)
Inner Barriers:
   B1 - ts_1_1
Outer Barriers:
   C1 - FakeB-C5H8O(825)rs+HO2(8)
   C2 - FakeB-C5H7O(758)rs0+H2O2(10)
Unimolecular Rate Units: 1/sec;  Bimolecular Rate Units: cm^3/sec

______________________________________________________________________________________

Species-Species Rate Tables:

Temperature = 500 K

High Pressure Rate Coefficients:

From\To         W1        W2        P1        P2
W1             ***       233  2.66e+11       ***
W2        1.12e+06       ***       ***  5.35e+11
P1        1.85e-10       ***       ***       ***
P2             ***  1.84e-10       ***       ***

Temperature = 500 K    Pressure = 0.1 atm

From\To         W1        W2        P1        P2
W1        1.38e+10  2.22e-07  1.38e+10  8.92e-06
W2         -0.0858  2.21e+10  5.85e+03  2.21e+10
P1        9.44e-12  8.18e-22  9.77e-12   1.6e-19
P2        9.01e-23  7.37e-12  3.83e-16  7.63e-12

Temperature = 500 K    Pressure = 1 atm

From\To         W1        W2        P1        P2
W1        3.48e+10  0.000195  3.48e+10  0.000202
W2           0.251  5.57e+10  1.82e+04  5.57e+10
P1        2.41e-11   2.6e-21  2.46e-11  1.59e-19
P2        9.48e-22   1.9e-11  3.78e-16  1.94e-11

Temperature = 500 K    Pressure = 10 atm

From\To         W1        W2        P1        P2
W1        7.15e+10  3.05e-05  7.15e+10   0.00742
W2           -4.32  1.18e+11  5.22e+04  1.18e+11
P1        4.97e-11  7.51e-21  4.97e-11  1.54e-19
P2        1.61e-20  4.04e-11  3.67e-16  4.04e-11

Temperature = 500 K    Pressure = 100 atm

From\To         W1        W2        P1        P2
W1        1.27e+11     0.842  1.27e+11     0.933
W2        4.05e+03  2.13e+11  1.42e+05  2.13e+11
P1        8.85e-11  2.04e-20  8.85e-11   1.4e-19
P2        1.57e-18  7.32e-11  3.33e-16  7.32e-11

Temperature = 600 K

High Pressure Rate Coefficients:

From\To         W1        W2        P1        P2
W1             ***  3.64e+03  2.76e+11       ***
W2        2.82e+06       ***       ***  5.54e+11
P1        1.91e-10       ***       ***       ***
P2             ***  1.89e-10       ***       ***

Temperature = 600 K    Pressure = 0.1 atm

From\To         W1        W2        P1        P2
W1        2.13e+10  3.69e-05  2.13e+10  0.000356
W2           -0.42  3.44e+10  1.68e+04  3.44e+10
P1        1.43e-11  1.43e-20  1.47e-11   2.5e-18
P2        4.69e-22  1.12e-11  9.55e-16  1.15e-11

Temperature = 600 K    Pressure = 1 atm

From\To         W1        W2        P1        P2
W1        4.54e+10    0.0104  4.54e+10   0.00861
W2            4.94  7.44e+10  5.31e+04  7.44e+10
P1        3.12e-11   4.7e-20  3.17e-11  2.46e-18
P2        4.97e-21  2.52e-11  9.41e-16  2.56e-11

Temperature = 600 K    Pressure = 10 atm

From\To         W1        W2        P1        P2
W1        8.38e+10      0.52  8.38e+10     0.271
W2             385  1.42e+11   1.5e+05  1.42e+11
P1         5.8e-11  1.34e-19   5.8e-11  2.39e-18
P2        8.66e-20  4.83e-11  9.14e-16  4.97e-11

Temperature = 600 K    Pressure = 100 atm

From\To         W1        W2        P1        P2
W1        1.38e+11      22.1  1.38e+11      19.6
W2        1.71e+04  2.37e+11  3.78e+05  2.37e+11
P1        9.53e-11  3.38e-19  9.53e-11  2.15e-18
P2        5.25e-18   8.1e-11   8.2e-16   8.1e-11

Temperature = 700 K

High Pressure Rate Coefficients:

From\To         W1        W2        P1        P2
W1             ***  2.83e+04  2.65e+11       ***
W2        5.81e+06       ***       ***  5.32e+11
P1        1.96e-10       ***       ***       ***
P2             ***  1.94e-10       ***       ***

Temperature = 700 K    Pressure = 0.1 atm

From\To         W1        W2        P1        P2
W1        2.48e+10    0.0113  2.48e+10   0.00664
W2          -0.242  4.02e+10  4.87e+04  4.02e+10
P1        1.77e-11  1.66e-19  1.81e-11  2.07e-17
P2         2.8e-21  1.39e-11   2.1e-15  1.42e-11

Temperature = 700 K    Pressure = 1 atm

From\To         W1        W2        P1        P2
W1        4.91e+10     0.463  4.91e+10     0.157
W2            82.6  8.13e+10  1.45e+05  8.13e+10
P1        3.61e-11  5.16e-19  3.66e-11  2.04e-17
P2        2.33e-20  2.94e-11  2.06e-15  2.98e-11

Temperature = 700 K    Pressure = 10 atm

From\To         W1        W2        P1        P2
W1         8.6e+10      14.6   8.6e+10      4.37
W2        2.95e+03  1.47e+11   3.8e+05  1.47e+11
P1        6.36e-11  1.37e-18  6.36e-11  1.96e-17
P2        3.79e-19  5.37e-11  1.99e-15   5.5e-11

Temperature = 700 K    Pressure = 100 atm

From\To         W1        W2        P1        P2
W1        1.35e+11       316  1.35e+11       211
W2        6.47e+04  2.36e+11   8.6e+05  2.36e+11
P1           1e-10   3.1e-18     1e-10  1.74e-17
P2         1.6e-17  8.64e-11  1.76e-15  8.64e-11

Temperature = 800 K

High Pressure Rate Coefficients:

From\To         W1        W2        P1        P2
W1             ***  1.38e+05  2.44e+11       ***
W2        1.03e+07       ***       ***   4.9e+11
P1        2.01e-10       ***       ***       ***
P2             ***  1.99e-10       ***       ***

Temperature = 800 K    Pressure = 0.1 atm

From\To         W1        W2        P1        P2
W1        2.57e+10     0.427  2.57e+10    0.0761
W2            14.4  4.13e+10   1.2e+05  4.13e+10
P1        2.04e-11  1.24e-18  2.07e-11  1.12e-16
P2        2.07e-20  1.58e-11  4.14e-15  1.61e-11

Temperature = 800 K    Pressure = 1 atm

From\To         W1        W2        P1        P2
W1        4.89e+10        14  4.89e+10       1.6
W2           1e+03  8.05e+10  3.29e+05  8.05e+10
P1        3.99e-11  3.57e-18  4.04e-11  1.09e-16
P2        1.07e-19  3.23e-11  4.05e-15  3.27e-11

Temperature = 800 K    Pressure = 10 atm

From\To         W1        W2        P1        P2
W1        8.29e+10       253  8.29e+10      40.9
W2        1.88e+04  1.41e+11  7.99e+05  1.41e+11
P1        6.81e-11  8.74e-18  6.81e-11  1.05e-16
P2         1.4e-18  5.73e-11  3.88e-15  5.86e-11

Temperature = 800 K    Pressure = 100 atm

From\To         W1        W2        P1        P2
W1        1.27e+11  2.76e+03  1.27e+11  1.43e+03
W2        2.07e+05  2.22e+11  1.64e+06  2.22e+11
P1        1.04e-10  1.79e-17  1.04e-10  9.16e-17
P2        4.39e-17     9e-11  3.39e-15     9e-11

Temperature = 900 K

High Pressure Rate Coefficients:

From\To         W1        W2        P1        P2
W1             ***  4.85e+05   2.2e+11       ***
W2        1.66e+07       ***       ***  4.42e+11
P1        2.05e-10       ***       ***       ***
P2             ***  2.03e-10       ***       ***

Temperature = 900 K    Pressure = 0.1 atm

From\To         W1        W2        P1        P2
W1        2.49e+10      6.75  2.49e+10     0.572
W2             131  4.15e+10  2.69e+05  4.15e+10
P1        2.22e-11  6.86e-18  2.26e-11  4.42e-16
P2         1.2e-19  1.78e-11  7.44e-15  1.82e-11

Temperature = 900 K    Pressure = 1 atm

From\To         W1        W2        P1        P2
W1        4.61e+10       184  4.61e+10      10.2
W2        6.06e+03  7.85e+10  6.82e+05  7.85e+10
P1        4.26e-11  1.84e-17   4.3e-11   4.3e-16
P2        4.31e-19  3.56e-11  7.24e-15   3.6e-11

Temperature = 900 K    Pressure = 10 atm

From\To         W1        W2        P1        P2
W1        7.65e+10  2.22e+03  7.65e+10       237
W2        7.53e+04  1.34e+11  1.52e+06  1.34e+11
P1        7.11e-11  4.14e-17  7.11e-11  4.08e-16
P2        4.14e-18  6.16e-11  6.86e-15  6.27e-11

Temperature = 900 K    Pressure = 100 atm

From\To         W1        W2        P1        P2
W1        1.15e+11  1.56e+04  1.15e+11  6.44e+03
W2        5.33e+05  2.06e+11  2.85e+06  2.06e+11
P1        1.07e-10  7.76e-17  1.07e-10  3.51e-16
P2        1.02e-16  9.46e-11  5.91e-15  9.46e-11

Temperature = 1e+03 K

High Pressure Rate Coefficients:

From\To         W1        W2        P1        P2
W1             ***  1.35e+06  1.96e+11       ***
W2        2.44e+07       ***       ***  3.94e+11
P1        2.08e-10       ***       ***       ***
P2             ***  2.06e-10       ***       ***

Temperature = 1e+03 K    Pressure = 0.1 atm

From\To         W1        W2        P1        P2
W1        2.38e+10      72.3  2.38e+10      3.85
W2             891  3.99e+10  5.12e+05  3.99e+10
P1        2.42e-11  2.81e-17  2.46e-11  1.39e-15
P2        5.78e-19  1.95e-11  1.25e-14  1.99e-11

Temperature = 1e+03 K    Pressure = 1 atm

From\To         W1        W2        P1        P2
W1        4.31e+10  1.57e+03  4.31e+10      58.5
W2        2.77e+04  7.39e+10  1.21e+06  7.39e+10
P1        4.54e-11  7.04e-17  4.59e-11  1.35e-15
P2         1.6e-18  3.82e-11  1.21e-14  3.87e-11

Temperature = 1e+03 K    Pressure = 10 atm

From\To         W1        W2        P1        P2
W1        7.02e+10   1.3e+04  7.02e+10  1.11e+03
W2        2.34e+05  1.24e+11  2.51e+06  1.24e+11
P1        7.44e-11  1.47e-16  7.44e-11  1.26e-15
P2        1.15e-17  6.49e-11  1.13e-14  6.49e-11

Temperature = 1e+03 K    Pressure = 100 atm

From\To         W1        W2        P1        P2
W1        1.04e+11  6.54e+04  1.04e+11  2.32e+04
W2        1.18e+06  1.88e+11  4.36e+06  1.88e+11
P1        1.11e-10  2.55e-16  1.11e-10  1.07e-15
P2        2.21e-16  9.81e-11   9.6e-15  9.81e-11

Temperature = 1.1e+03 K

High Pressure Rate Coefficients:

From\To         W1        W2        P1        P2
W1             ***  3.15e+06  1.74e+11       ***
W2        3.39e+07       ***       ***   3.5e+11
P1        2.11e-10       ***       ***       ***
P2             ***   2.1e-10       ***       ***

Temperature = 1.1e+03 K    Pressure = 0.1 atm

From\To         W1        W2        P1        P2
W1        2.17e+10       530  2.17e+10      23.2
W2         4.5e+03   3.6e+10  7.98e+05   3.6e+10
P1        2.54e-11  8.45e-17  2.57e-11  3.71e-15
P2        2.06e-18  2.02e-11  1.97e-14  2.06e-11

Temperature = 1.1e+03 K    Pressure = 1 atm

From\To         W1        W2        P1        P2
W1         3.9e+10   8.5e+03   3.9e+10       322
W2           9e+04  6.62e+10   1.8e+06  6.62e+10
P1         4.7e-11  2.01e-16  4.75e-11  3.58e-15
P2         4.9e-18  3.92e-11   1.9e-14  3.96e-11

Temperature = 1.1e+03 K    Pressure = 10 atm

From\To         W1        W2        P1        P2
W1        6.28e+10  5.05e+04  6.28e+10  4.19e+03
W2        5.42e+05   1.1e+11  3.51e+06   1.1e+11
P1        7.62e-11  3.95e-16  7.62e-11  3.34e-15
P2        2.91e-17   6.6e-11  1.77e-14   6.6e-11

Temperature = 1.1e+03 K    Pressure = 100 atm

From\To         W1        W2        P1        P2
W1        9.27e+10  2.01e+05  9.27e+10  6.86e+04
W2        2.16e+06  1.66e+11  5.84e+06  1.66e+11
P1        1.12e-10  6.58e-16  1.12e-10  2.81e-15
P2        4.44e-16  9.93e-11  1.49e-14  9.93e-11

Temperature = 1.2e+03 K

High Pressure Rate Coefficients:

From\To         W1        W2        P1        P2
W1             ***  6.41e+06  1.54e+11       ***
W2        4.48e+07       ***       ***   3.1e+11
P1        2.15e-10       ***       ***       ***
P2             ***  2.13e-10       ***       ***

Temperature = 1.2e+03 K    Pressure = 0.1 atm

From\To         W1        W2        P1        P2
W1        2.05e+10  2.72e+03  2.05e+10       111
W2        1.56e+04  3.44e+10  1.31e+06  3.44e+10
P1        2.74e-11  2.45e-16  2.78e-11  8.58e-15
P2        6.69e-18  2.21e-11  2.96e-14  2.25e-11

Temperature = 1.2e+03 K    Pressure = 1 atm

From\To         W1        W2        P1        P2
W1        3.63e+10  3.41e+04  3.63e+10  1.43e+03
W2        2.35e+05  6.22e+10  2.76e+06  6.22e+10
P1        5.01e-11  5.44e-16  5.05e-11  8.23e-15
P2        1.41e-17  4.21e-11  2.84e-14  4.26e-11

Temperature = 1.2e+03 K    Pressure = 10 atm

From\To         W1        W2        P1        P2
W1        5.75e+10  1.64e+05  5.75e+10  1.33e+04
W2        1.14e+06  1.02e+11  5.04e+06  1.02e+11
P1        7.98e-11     1e-15  7.98e-11  7.59e-15
P2         6.8e-17  6.98e-11  2.61e-14  6.98e-11

Temperature = 1.2e+03 K    Pressure = 100 atm

From\To         W1        W2        P1        P2
W1        8.37e+10  5.51e+05  8.37e+10  1.73e+05
W2        3.85e+06  1.51e+11   7.9e+06  1.51e+11
P1        1.16e-10  1.57e-15  1.16e-10  6.26e-15
P2        8.31e-16  1.03e-10  2.16e-14  1.03e-10

Temperature = 1.3e+03 K

High Pressure Rate Coefficients:

From\To         W1        W2        P1        P2
W1             ***  1.18e+07  1.37e+11       ***
W2        5.69e+07       ***       ***  2.75e+11
P1        2.17e-10       ***       ***       ***
P2             ***  2.16e-10       ***       ***

Temperature = 1.3e+03 K    Pressure = 0.1 atm

From\To         W1        W2        P1        P2
W1        1.88e+10  1.07e+04  1.88e+10       468
W2        4.48e+04  3.14e+10  1.85e+06  3.14e+10
P1        2.87e-11  5.73e-16  2.91e-11  1.79e-14
P2         1.7e-17  2.31e-11  4.27e-14  2.35e-11

Temperature = 1.3e+03 K    Pressure = 1 atm

From\To         W1        W2        P1        P2
W1        3.28e+10  1.03e+05  3.28e+10  5.24e+03
W2        4.91e+05  5.63e+10  3.69e+06  5.63e+10
P1        5.18e-11   1.2e-15  5.23e-11  1.71e-14
P2         3.4e-17  4.36e-11  4.08e-14  4.41e-11

Temperature = 1.3e+03 K    Pressure = 10 atm

From\To         W1        W2        P1        P2
W1        5.16e+10  4.13e+05  5.16e+10  3.58e+04
W2           2e+06  9.15e+10  6.42e+06  9.15e+10
P1        8.19e-11  2.11e-15  8.19e-11  1.57e-14
P2        1.43e-16  7.16e-11  3.74e-14  7.17e-11

Temperature = 1.3e+03 K    Pressure = 100 atm

From\To         W1        W2        P1        P2
W1        7.47e+10  1.23e+06  7.47e+10  3.81e+05
W2        5.93e+06  1.35e+11  9.76e+06  1.35e+11
P1        1.19e-10   3.2e-15  1.19e-10  1.27e-14
P2        1.45e-15  1.05e-10  3.04e-14  1.06e-10

Temperature = 1.4e+03 K

High Pressure Rate Coefficients:

From\To         W1        W2        P1        P2
W1             ***  1.98e+07  1.22e+11       ***
W2        7.02e+07       ***       ***  2.44e+11
P1         2.2e-10       ***       ***       ***
P2             ***  2.18e-10       ***       ***

Temperature = 1.4e+03 K    Pressure = 0.1 atm

From\To         W1        W2        P1        P2
W1        1.72e+10  3.54e+04  1.72e+10  1.85e+03
W2        1.13e+05  2.85e+10  2.44e+06  2.85e+10
P1           3e-11  1.19e-15  3.04e-11  3.42e-14
P2        3.89e-17  2.39e-11  5.97e-14  2.44e-11

Temperature = 1.4e+03 K    Pressure = 1 atm

From\To         W1        W2        P1        P2
W1        2.98e+10   2.6e+05  2.98e+10  1.68e+04
W2        9.15e+05  5.07e+10  4.62e+06  5.07e+10
P1        5.36e-11  2.35e-15  5.41e-11  3.25e-14
P2        7.78e-17  4.49e-11  5.69e-14  4.54e-11

Temperature = 1.4e+03 K    Pressure = 10 atm

From\To         W1        W2        P1        P2
W1        4.64e+10  9.06e+05  4.64e+10  8.71e+04
W2        3.21e+06   8.2e+10  7.74e+06   8.2e+10
P1         8.4e-11  3.96e-15   8.4e-11  2.97e-14
P2        2.86e-16  7.32e-11  5.19e-14  7.32e-11

Temperature = 1.4e+03 K    Pressure = 100 atm

From\To         W1        W2        P1        P2
W1        6.69e+10  2.43e+06  6.68e+10  7.68e+05
W2         8.6e+06   1.2e+11  1.15e+07   1.2e+11
P1        1.21e-10  5.89e-15  1.21e-10  2.38e-14
P2        2.44e-15  1.07e-10  4.16e-14  1.07e-10

Temperature = 1.5e+03 K

High Pressure Rate Coefficients:

From\To         W1        W2        P1        P2
W1             ***  3.12e+07  1.08e+11       ***
W2        8.43e+07       ***       ***  2.17e+11
P1        2.23e-10       ***       ***       ***
P2             ***  2.21e-10       ***       ***

Temperature = 1.5e+03 K    Pressure = 0.1 atm

From\To         W1        W2        P1        P2
W1        1.58e+10   8.7e+04  1.58e+10  4.95e+03
W2        2.15e+05  2.65e+10  3.28e+06  2.65e+10
P1        3.13e-11  2.38e-15  3.18e-11  6.06e-14
P2        7.59e-17  2.54e-11  8.09e-14  2.58e-11

Temperature = 1.5e+03 K    Pressure = 1 atm

From\To         W1        W2        P1        P2
W1        2.71e+10  5.51e+05  2.71e+10  3.92e+04
W2        1.48e+06  4.68e+10  5.92e+06  4.68e+10
P1        5.54e-11  4.48e-15   5.6e-11  5.74e-14
P2        1.49e-16  4.71e-11  7.66e-14  4.76e-11

Temperature = 1.5e+03 K    Pressure = 10 atm

From\To         W1        W2        P1        P2
W1        4.19e+10  1.76e+06  4.19e+10  1.75e+05
W2        4.75e+06  7.48e+10  9.56e+06  7.48e+10
P1        8.62e-11  7.28e-15  8.62e-11  5.19e-14
P2        4.97e-16  7.59e-11  6.93e-14   7.6e-11

Temperature = 1.5e+03 K    Pressure = 100 atm

From\To         W1        W2        P1        P2
W1        6.01e+10  4.41e+06  6.01e+10  1.37e+06
W2        1.19e+07  1.09e+11  1.38e+07  1.09e+11
P1        1.24e-10  1.05e-14  1.24e-10  4.08e-14
P2        3.77e-15   1.1e-10  5.44e-14   1.1e-10

Temperature = 1.6e+03 K

High Pressure Rate Coefficients:

From\To         W1        W2        P1        P2
W1             ***  4.64e+07  9.65e+10       ***
W2        9.91e+07       ***       ***  1.94e+11
P1        2.25e-10       ***       ***       ***
P2             ***  2.23e-10       ***       ***

Temperature = 1.6e+03 K    Pressure = 0.1 atm

From\To         W1        W2        P1        P2
W1        1.45e+10  2.19e+05  1.45e+10  1.64e+04
W2        4.39e+05  2.39e+10  3.89e+06  2.39e+10
P1        3.26e-11  4.07e-15  3.32e-11  1.02e-13
P2         1.5e-16   2.6e-11  1.07e-13  2.65e-11

Temperature = 1.6e+03 K    Pressure = 1 atm

From\To         W1        W2        P1        P2
W1        2.47e+10   1.1e+06  2.47e+10     1e+05
W2        2.35e+06  4.21e+10  6.74e+06  4.21e+10
P1        5.73e-11  7.31e-15  5.79e-11   9.6e-14
P2        3.07e-16   4.8e-11  1.01e-13  4.85e-11

Temperature = 1.6e+03 K    Pressure = 10 atm

From\To         W1        W2        P1        P2
W1        3.79e+10  3.17e+06  3.79e+10  3.63e+05
W2        6.77e+06   6.7e+10  1.06e+07   6.7e+10
P1        8.84e-11  1.15e-14  8.85e-11  8.65e-14
P2        9.15e-16   7.7e-11  9.13e-14  7.71e-11

Temperature = 1.6e+03 K    Pressure = 100 atm

From\To         W1        W2        P1        P2
W1        5.41e+10  7.39e+06  5.41e+10   2.4e+06
W2        1.58e+07  9.72e+10  1.52e+07  9.72e+10
P1        1.26e-10  1.66e-14  1.26e-10  6.69e-14
P2        5.93e-15  1.12e-10  7.06e-14  1.12e-10

Temperature = 1.7e+03 K

High Pressure Rate Coefficients:

From\To         W1        W2        P1        P2
W1             ***  6.58e+07  8.64e+10       ***
W2        1.14e+08       ***       ***  1.74e+11
P1        2.27e-10       ***       ***       ***
P2             ***  2.25e-10       ***       ***

Temperature = 1.7e+03 K    Pressure = 0.1 atm

From\To         W1        W2        P1        P2
W1        1.33e+10  4.13e+05  1.33e+10  3.08e+04
W2        6.84e+05  2.27e+10  4.87e+06  2.27e+10
P1         3.4e-11  7.13e-15  3.46e-11  1.62e-13
P2        2.12e-16  2.81e-11  1.39e-13  2.87e-11

Temperature = 1.7e+03 K    Pressure = 1 atm

From\To         W1        W2        P1        P2
W1        2.26e+10  1.85e+06  2.25e+10  1.66e+05
W2        3.21e+06  3.95e+10  8.27e+06  3.95e+10
P1        5.91e-11  1.25e-14  5.97e-11  1.52e-13
P2        4.47e-16  5.09e-11   1.3e-13  5.15e-11

Temperature = 1.7e+03 K    Pressure = 10 atm

From\To         W1        W2        P1        P2
W1        3.44e+10  5.04e+06  3.44e+10  5.59e+05
W2        8.77e+06  6.22e+10  1.27e+07  6.21e+10
P1        9.04e-11  1.93e-14  9.05e-11  1.36e-13
P2        1.29e-15  8.06e-11  1.17e-13  8.07e-11

Temperature = 1.7e+03 K    Pressure = 100 atm

From\To         W1        W2        P1        P2
W1         4.9e+10  1.14e+07   4.9e+10  3.59e+06
W2        1.98e+07  8.92e+10   1.8e+07  8.92e+10
P1        1.29e-10  2.72e-14  1.29e-10  1.04e-13
P2        8.13e-15  1.16e-10  8.89e-14  1.16e-10

Temperature = 1.8e+03 K

High Pressure Rate Coefficients:

From\To         W1        W2        P1        P2
W1             ***  8.98e+07  7.76e+10       ***
W2         1.3e+08       ***       ***  1.56e+11
P1         2.3e-10       ***       ***       ***
P2             ***  2.28e-10       ***       ***

Temperature = 1.8e+03 K    Pressure = 0.1 atm

From\To         W1        W2        P1        P2
W1         1.2e+10  7.65e+05   1.2e+10  7.49e+04
W2        1.06e+06     2e+10   5.4e+06     2e+10
P1        3.45e-11  1.07e-14  3.52e-11  2.47e-13
P2        4.02e-16  2.77e-11  1.77e-13  2.83e-11

Temperature = 1.8e+03 K    Pressure = 1 atm

From\To         W1        W2        P1        P2
W1        2.03e+10  3.05e+06  2.03e+10  3.44e+05
W2        4.41e+06  3.49e+10  8.82e+06  3.49e+10
P1        5.98e-11  1.79e-14  6.06e-11  2.32e-13
P2        8.41e-16  5.05e-11  1.66e-13  5.11e-11

Temperature = 1.8e+03 K    Pressure = 10 atm

From\To         W1        W2        P1        P2
W1        3.09e+10  7.84e+06  3.09e+10  1.03e+06
W2        1.14e+07   5.5e+10  1.33e+07   5.5e+10
P1        9.14e-11  2.72e-14  9.16e-11  2.07e-13
P2        2.21e-15  8.01e-11  1.48e-13  8.03e-11

Temperature = 1.8e+03 K    Pressure = 100 atm

From\To         W1        W2        P1        P2
W1        4.41e+10  1.68e+07   4.4e+10  5.72e+06
W2        2.44e+07  7.93e+10  1.89e+07  7.92e+10
P1         1.3e-10  3.86e-14   1.3e-10  1.55e-13
P2        1.21e-14  1.16e-10  1.11e-13  1.16e-10

Temperature = 1.9e+03 K

High Pressure Rate Coefficients:

From\To         W1        W2        P1        P2
W1             ***  1.19e+08  6.99e+10       ***
W2        1.46e+08       ***       ***   1.4e+11
P1        2.32e-10       ***       ***       ***
P2             ***   2.3e-10       ***       ***

Temperature = 1.9e+03 K    Pressure = 0.1 atm

From\To         W1        W2        P1        P2
W1        1.11e+10  1.32e+06  1.11e+10  1.49e+05
W2        1.57e+06  1.86e+10  6.24e+06  1.85e+10
P1        3.58e-11  1.63e-14  3.66e-11  3.62e-13
P2        6.52e-16  2.89e-11   2.2e-13  2.95e-11

Temperature = 1.9e+03 K    Pressure = 1 atm

From\To         W1        W2        P1        P2
W1        1.87e+10  4.79e+06  1.87e+10  5.99e+05
W2        5.89e+06  3.22e+10  9.92e+06  3.21e+10
P1        6.17e-11  2.66e-14  6.26e-11  3.38e-13
P2        1.36e-15  5.21e-11  2.06e-13  5.28e-11

Temperature = 1.9e+03 K    Pressure = 10 atm

From\To         W1        W2        P1        P2
W1        2.83e+10  1.17e+07  2.83e+10  1.64e+06
W2        1.45e+07  5.03e+10  1.47e+07  5.03e+10
P1        9.36e-11  3.94e-14   9.4e-11     3e-13
P2        3.35e-15  8.22e-11  1.82e-13  8.24e-11

Temperature = 1.9e+03 K    Pressure = 100 atm

From\To         W1        W2        P1        P2
W1        4.01e+10  2.43e+07  4.01e+10  8.36e+06
W2        2.99e+07  7.23e+10  2.07e+07  7.22e+10
P1        1.33e-10  5.56e-14  1.33e-10   2.2e-13
P2        1.69e-14  1.18e-10  1.34e-13  1.18e-10

Temperature = 2e+03 K

High Pressure Rate Coefficients:

From\To         W1        W2        P1        P2
W1             ***  1.52e+08  6.31e+10       ***
W2        1.62e+08       ***       ***  1.27e+11
P1        2.34e-10       ***       ***       ***
P2             ***  2.32e-10       ***       ***

Temperature = 2e+03 K    Pressure = 0.1 atm

From\To         W1        W2        P1        P2
W1        1.01e+10   1.9e+06  1.01e+10  2.12e+05
W2        1.95e+06  1.72e+10  7.31e+06  1.72e+10
P1        3.64e-11  2.47e-14  3.73e-11  5.14e-13
P2        8.73e-16  2.99e-11  2.71e-13  3.07e-11

Temperature = 2e+03 K    Pressure = 1 atm

From\To         W1        W2        P1        P2
W1         1.7e+10  6.67e+06  1.69e+10  8.22e+05
W2         7.1e+06  2.97e+10  1.15e+07  2.96e+10
P1        6.24e-11  3.96e-14  6.35e-11  4.79e-13
P2         1.8e-15  5.37e-11  2.52e-13  5.44e-11

Temperature = 2e+03 K    Pressure = 10 atm

From\To         W1        W2        P1        P2
W1        2.56e+10   1.6e+07  2.56e+10   2.2e+06
W2        1.71e+07  4.62e+10  1.67e+07  4.61e+10
P1        9.45e-11  5.79e-14   9.5e-11  4.22e-13
P2        4.35e-15  8.42e-11  2.22e-13  8.44e-11

Temperature = 2e+03 K    Pressure = 100 atm

From\To         W1        W2        P1        P2
W1        3.64e+10  3.26e+07  3.63e+10  1.12e+07
W2        3.48e+07   6.6e+10  2.34e+07  6.59e+10
P1        1.34e-10   8.1e-14  1.35e-10  3.05e-13
P2        2.18e-14   1.2e-10  1.61e-13  1.21e-10

______________________________________________________________________________________

High Pressure Rate Coefficients (Temperature-Species Rate Tables):

Reactant = W1
   T(K)        W1        W2        P1        P2
    500       ***       233  2.66e+11       ***
    600       ***  3.64e+03  2.76e+11       ***
    700       ***  2.83e+04  2.65e+11       ***
    800       ***  1.38e+05  2.44e+11       ***
    900       ***  4.85e+05   2.2e+11       ***
  1e+03       ***  1.35e+06  1.96e+11       ***
1.1e+03       ***  3.15e+06  1.74e+11       ***
1.2e+03       ***  6.41e+06  1.54e+11       ***
1.3e+03       ***  1.18e+07  1.37e+11       ***
1.4e+03       ***  1.98e+07  1.22e+11       ***
1.5e+03       ***  3.12e+07  1.08e+11       ***
1.6e+03       ***  4.64e+07  9.65e+10       ***
1.7e+03       ***  6.58e+07  8.64e+10       ***
1.8e+03       ***  8.98e+07  7.76e+10       ***
1.9e+03       ***  1.19e+08  6.99e+10       ***
  2e+03       ***  1.52e+08  6.31e+10       ***

Reactant = W2
   T(K)        W1        W2        P1        P2
    500  1.12e+06       ***       ***  5.35e+11
    600  2.82e+06       ***       ***  5.54e+11
    700  5.81e+06       ***       ***  5.32e+11
    800  1.03e+07       ***       ***   4.9e+11
    900  1.66e+07       ***       ***  4.42e+11
  1e+03  2.44e+07       ***       ***  3.94e+11
1.1e+03  3.39e+07       ***       ***   3.5e+11
1.2e+03  4.48e+07       ***       ***   3.1e+11
1.3e+03  5.69e+07       ***       ***  2.75e+11
1.4e+03  7.02e+07       ***       ***  2.44e+11
1.5e+03  8.43e+07       ***       ***  2.17e+11
1.6e+03  9.91e+07       ***       ***  1.94e+11
1.7e+03  1.14e+08       ***       ***  1.74e+11
1.8e+03   1.3e+08       ***       ***  1.56e+11
1.9e+03  1.46e+08       ***       ***   1.4e+11
  2e+03  1.62e+08       ***       ***  1.27e+11

Reactant = P1
   T(K)        W1        W2        P1        P2
    500  1.85e-10       ***       ***       ***
    600  1.91e-10       ***       ***       ***
    700  1.96e-10       ***       ***       ***
    800  2.01e-10       ***       ***       ***
    900  2.05e-10       ***       ***       ***
  1e+03  2.08e-10       ***       ***       ***
1.1e+03  2.11e-10       ***       ***       ***
1.2e+03  2.15e-10       ***       ***       ***
1.3e+03  2.17e-10       ***       ***       ***
1.4e+03   2.2e-10       ***       ***       ***
1.5e+03  2.23e-10       ***       ***       ***
1.6e+03  2.25e-10       ***       ***       ***
1.7e+03  2.27e-10       ***       ***       ***
1.8e+03   2.3e-10       ***       ***       ***
1.9e+03  2.32e-10       ***       ***       ***
  2e+03  2.34e-10       ***       ***       ***

Reactant = P2
   T(K)        W1        W2        P1        P2
    500       ***  1.84e-10       ***       ***
    600       ***  1.89e-10       ***       ***
    700       ***  1.94e-10       ***       ***
    800       ***  1.99e-10       ***       ***
    900       ***  2.03e-10       ***       ***
  1e+03       ***  2.06e-10       ***       ***
1.1e+03       ***   2.1e-10       ***       ***
1.2e+03       ***  2.13e-10       ***       ***
1.3e+03       ***  2.16e-10       ***       ***
1.4e+03       ***  2.18e-10       ***       ***
1.5e+03       ***  2.21e-10       ***       ***
1.6e+03       ***  2.23e-10       ***       ***
1.7e+03       ***  2.25e-10       ***       ***
1.8e+03       ***  2.28e-10       ***       ***
1.9e+03       ***   2.3e-10       ***       ***
  2e+03       ***  2.32e-10       ***       ***

Capture/Escape Rate Coefficients:

   T(K)        W1        W2        P1        P2
    500  2.66e+11  5.35e+11  1.85e-10  1.84e-10
    600  2.76e+11  5.54e+11  1.91e-10  1.89e-10
    700  2.65e+11  5.32e+11  1.96e-10  1.94e-10
    800  2.44e+11   4.9e+11  2.01e-10  1.99e-10
    900   2.2e+11  4.42e+11  2.05e-10  2.03e-10
  1e+03  1.96e+11  3.94e+11  2.08e-10  2.06e-10
1.1e+03  1.74e+11   3.5e+11  2.11e-10   2.1e-10
1.2e+03  1.54e+11   3.1e+11  2.15e-10  2.13e-10
1.3e+03  1.37e+11  2.75e+11  2.17e-10  2.16e-10
1.4e+03  1.22e+11  2.44e+11   2.2e-10  2.18e-10
1.5e+03  1.08e+11  2.17e+11  2.23e-10  2.21e-10
1.6e+03  9.66e+10  1.94e+11  2.25e-10  2.23e-10
1.7e+03  8.65e+10  1.74e+11  2.27e-10  2.25e-10
1.8e+03  7.77e+10  1.56e+11   2.3e-10  2.28e-10
1.9e+03     7e+10   1.4e+11  2.32e-10   2.3e-10
  2e+03  6.33e+10  1.27e+11  2.34e-10  2.32e-10

______________________________________________________________________________________

Pressure-Species Rate Tables:

Reactant = W1   Temperature = 500 K

   P(atm)        W2        P1        P2      Loss
      0.1  2.22e-07  1.38e+10  8.92e-06  1.38e+10
        1  0.000195  3.48e+10  0.000202  3.48e+10
       10  3.05e-05  7.15e+10   0.00742  7.15e+10
      100     0.842  1.27e+11     0.933  1.27e+11
      O-O       233  2.66e+11       ***  2.66e+11

Reactant = W1   Temperature = 600 K

   P(atm)        W2        P1        P2      Loss
      0.1  3.69e-05  2.13e+10  0.000356  2.13e+10
        1    0.0104  4.54e+10   0.00861  4.54e+10
       10      0.52  8.38e+10     0.271  8.38e+10
      100      22.1  1.38e+11      19.6  1.38e+11
      O-O  3.64e+03  2.76e+11       ***  2.76e+11

Reactant = W1   Temperature = 700 K

   P(atm)        W2        P1        P2      Loss
      0.1    0.0113  2.48e+10   0.00664  2.48e+10
        1     0.463  4.91e+10     0.157  4.91e+10
       10      14.6   8.6e+10      4.37   8.6e+10
      100       316  1.35e+11       211  1.35e+11
      O-O  2.83e+04  2.65e+11       ***  2.65e+11

Reactant = W1   Temperature = 800 K

   P(atm)        W2        P1        P2      Loss
      0.1     0.427  2.57e+10    0.0761  2.57e+10
        1        14  4.89e+10       1.6  4.89e+10
       10       253  8.29e+10      40.9  8.29e+10
      100  2.76e+03  1.27e+11  1.43e+03  1.27e+11
      O-O  1.38e+05  2.44e+11       ***  2.44e+11

Reactant = W1   Temperature = 900 K

   P(atm)        W2        P1        P2      Loss
      0.1      6.75  2.49e+10     0.572  2.49e+10
        1       184  4.61e+10      10.2  4.61e+10
       10  2.22e+03  7.65e+10       237  7.65e+10
      100  1.56e+04  1.15e+11  6.44e+03  1.15e+11
      O-O  4.85e+05   2.2e+11       ***   2.2e+11

Reactant = W1   Temperature = 1e+03 K

   P(atm)        W2        P1        P2      Loss
      0.1      72.3  2.38e+10      3.85  2.38e+10
        1  1.57e+03  4.31e+10      58.5  4.31e+10
       10   1.3e+04  7.02e+10  1.11e+03  7.02e+10
      100  6.54e+04  1.04e+11  2.32e+04  1.04e+11
      O-O  1.35e+06  1.96e+11       ***  1.96e+11

Reactant = W1   Temperature = 1.1e+03 K

   P(atm)        W2        P1        P2      Loss
      0.1       530  2.17e+10      23.2  2.17e+10
        1   8.5e+03   3.9e+10       322   3.9e+10
       10  5.05e+04  6.28e+10  4.19e+03  6.28e+10
      100  2.01e+05  9.27e+10  6.86e+04  9.27e+10
      O-O  3.15e+06  1.74e+11       ***  1.74e+11

Reactant = W1   Temperature = 1.2e+03 K

   P(atm)        W2        P1        P2      Loss
      0.1  2.72e+03  2.05e+10       111  2.05e+10
        1  3.41e+04  3.63e+10  1.43e+03  3.63e+10
       10  1.64e+05  5.75e+10  1.33e+04  5.75e+10
      100  5.51e+05  8.37e+10  1.73e+05  8.37e+10
      O-O  6.41e+06  1.54e+11       ***  1.54e+11

Reactant = W1   Temperature = 1.3e+03 K

   P(atm)        W2        P1        P2      Loss
      0.1  1.07e+04  1.88e+10       468  1.88e+10
        1  1.03e+05  3.28e+10  5.24e+03  3.28e+10
       10  4.13e+05  5.16e+10  3.58e+04  5.16e+10
      100  1.23e+06  7.47e+10  3.81e+05  7.47e+10
      O-O  1.18e+07  1.37e+11       ***  1.37e+11

Reactant = W1   Temperature = 1.4e+03 K

   P(atm)        W2        P1        P2      Loss
      0.1  3.54e+04  1.72e+10  1.85e+03  1.72e+10
        1   2.6e+05  2.98e+10  1.68e+04  2.98e+10
       10  9.06e+05  4.64e+10  8.71e+04  4.64e+10
      100  2.43e+06  6.68e+10  7.68e+05  6.69e+10
      O-O  1.98e+07  1.22e+11       ***  1.22e+11

Reactant = W1   Temperature = 1.5e+03 K

   P(atm)        W2        P1        P2      Loss
      0.1   8.7e+04  1.58e+10  4.95e+03  1.58e+10
        1  5.51e+05  2.71e+10  3.92e+04  2.71e+10
       10  1.76e+06  4.19e+10  1.75e+05  4.19e+10
      100  4.41e+06  6.01e+10  1.37e+06  6.01e+10
      O-O  3.12e+07  1.08e+11       ***  1.08e+11

Reactant = W1   Temperature = 1.6e+03 K

   P(atm)        W2        P1        P2      Loss
      0.1  2.19e+05  1.45e+10  1.64e+04  1.45e+10
        1   1.1e+06  2.47e+10     1e+05  2.47e+10
       10  3.17e+06  3.79e+10  3.63e+05  3.79e+10
      100  7.39e+06  5.41e+10   2.4e+06  5.41e+10
      O-O  4.64e+07  9.65e+10       ***  9.66e+10

Reactant = W1   Temperature = 1.7e+03 K

   P(atm)        W2        P1        P2      Loss
      0.1  4.13e+05  1.33e+10  3.08e+04  1.33e+10
        1  1.85e+06  2.25e+10  1.66e+05  2.26e+10
       10  5.04e+06  3.44e+10  5.59e+05  3.44e+10
      100  1.14e+07   4.9e+10  3.59e+06   4.9e+10
      O-O  6.58e+07  8.64e+10       ***  8.65e+10

Reactant = W1   Temperature = 1.8e+03 K

   P(atm)        W2        P1        P2      Loss
      0.1  7.65e+05   1.2e+10  7.49e+04   1.2e+10
        1  3.05e+06  2.03e+10  3.44e+05  2.03e+10
       10  7.84e+06  3.09e+10  1.03e+06  3.09e+10
      100  1.68e+07   4.4e+10  5.72e+06  4.41e+10
      O-O  8.98e+07  7.76e+10       ***  7.77e+10

Reactant = W1   Temperature = 1.9e+03 K

   P(atm)        W2        P1        P2      Loss
      0.1  1.32e+06  1.11e+10  1.49e+05  1.11e+10
        1  4.79e+06  1.87e+10  5.99e+05  1.87e+10
       10  1.17e+07  2.83e+10  1.64e+06  2.83e+10
      100  2.43e+07  4.01e+10  8.36e+06  4.01e+10
      O-O  1.19e+08  6.99e+10       ***     7e+10

Reactant = W1   Temperature = 2e+03 K

   P(atm)        W2        P1        P2      Loss
      0.1   1.9e+06  1.01e+10  2.12e+05  1.01e+10
        1  6.67e+06  1.69e+10  8.22e+05   1.7e+10
       10   1.6e+07  2.56e+10   2.2e+06  2.56e+10
      100  3.26e+07  3.63e+10  1.12e+07  3.64e+10
      O-O  1.52e+08  6.31e+10       ***  6.33e+10

Reactant = W2   Temperature = 500 K

   P(atm)        W1        P1        P2      Loss
      0.1   -0.0858  5.85e+03  2.21e+10  2.21e+10
        1     0.251  1.82e+04  5.57e+10  5.57e+10
       10     -4.32  5.22e+04  1.18e+11  1.18e+11
      100  4.05e+03  1.42e+05  2.13e+11  2.13e+11
      O-O  1.12e+06       ***  5.35e+11  5.35e+11

Reactant = W2   Temperature = 600 K

   P(atm)        W1        P1        P2      Loss
      0.1     -0.42  1.68e+04  3.44e+10  3.44e+10
        1      4.94  5.31e+04  7.44e+10  7.44e+10
       10       385   1.5e+05  1.42e+11  1.42e+11
      100  1.71e+04  3.78e+05  2.37e+11  2.37e+11
      O-O  2.82e+06       ***  5.54e+11  5.54e+11

Reactant = W2   Temperature = 700 K

   P(atm)        W1        P1        P2      Loss
      0.1    -0.242  4.87e+04  4.02e+10  4.02e+10
        1      82.6  1.45e+05  8.13e+10  8.13e+10
       10  2.95e+03   3.8e+05  1.47e+11  1.47e+11
      100  6.47e+04   8.6e+05  2.36e+11  2.36e+11
      O-O  5.81e+06       ***  5.32e+11  5.32e+11

Reactant = W2   Temperature = 800 K

   P(atm)        W1        P1        P2      Loss
      0.1      14.4   1.2e+05  4.13e+10  4.13e+10
        1     1e+03  3.29e+05  8.05e+10  8.05e+10
       10  1.88e+04  7.99e+05  1.41e+11  1.41e+11
      100  2.07e+05  1.64e+06  2.22e+11  2.22e+11
      O-O  1.03e+07       ***   4.9e+11   4.9e+11

Reactant = W2   Temperature = 900 K

   P(atm)        W1        P1        P2      Loss
      0.1       131  2.69e+05  4.15e+10  4.15e+10
        1  6.06e+03  6.82e+05  7.85e+10  7.85e+10
       10  7.53e+04  1.52e+06  1.34e+11  1.34e+11
      100  5.33e+05  2.85e+06  2.06e+11  2.06e+11
      O-O  1.66e+07       ***  4.42e+11  4.42e+11

Reactant = W2   Temperature = 1e+03 K

   P(atm)        W1        P1        P2      Loss
      0.1       891  5.12e+05  3.99e+10  3.99e+10
        1  2.77e+04  1.21e+06  7.39e+10  7.39e+10
       10  2.34e+05  2.51e+06  1.24e+11  1.24e+11
      100  1.18e+06  4.36e+06  1.88e+11  1.88e+11
      O-O  2.44e+07       ***  3.94e+11  3.94e+11

Reactant = W2   Temperature = 1.1e+03 K

   P(atm)        W1        P1        P2      Loss
      0.1   4.5e+03  7.98e+05   3.6e+10   3.6e+10
        1     9e+04   1.8e+06  6.62e+10  6.62e+10
       10  5.42e+05  3.51e+06   1.1e+11   1.1e+11
      100  2.16e+06  5.84e+06  1.66e+11  1.66e+11
      O-O  3.39e+07       ***   3.5e+11   3.5e+11

Reactant = W2   Temperature = 1.2e+03 K

   P(atm)        W1        P1        P2      Loss
      0.1  1.56e+04  1.31e+06  3.44e+10  3.44e+10
        1  2.35e+05  2.76e+06  6.22e+10  6.22e+10
       10  1.14e+06  5.04e+06  1.02e+11  1.02e+11
      100  3.85e+06   7.9e+06  1.51e+11  1.51e+11
      O-O  4.48e+07       ***   3.1e+11   3.1e+11

Reactant = W2   Temperature = 1.3e+03 K

   P(atm)        W1        P1        P2      Loss
      0.1  4.48e+04  1.85e+06  3.14e+10  3.14e+10
        1  4.91e+05  3.69e+06  5.63e+10  5.63e+10
       10     2e+06  6.42e+06  9.15e+10  9.15e+10
      100  5.93e+06  9.76e+06  1.35e+11  1.35e+11
      O-O  5.69e+07       ***  2.75e+11  2.75e+11

Reactant = W2   Temperature = 1.4e+03 K

   P(atm)        W1        P1        P2      Loss
      0.1  1.13e+05  2.44e+06  2.85e+10  2.85e+10
        1  9.15e+05  4.62e+06  5.07e+10  5.07e+10
       10  3.21e+06  7.74e+06   8.2e+10   8.2e+10
      100   8.6e+06  1.15e+07   1.2e+11   1.2e+11
      O-O  7.02e+07       ***  2.44e+11  2.44e+11

Reactant = W2   Temperature = 1.5e+03 K

   P(atm)        W1        P1        P2      Loss
      0.1  2.15e+05  3.28e+06  2.65e+10  2.65e+10
        1  1.48e+06  5.92e+06  4.68e+10  4.68e+10
       10  4.75e+06  9.56e+06  7.48e+10  7.48e+10
      100  1.19e+07  1.38e+07  1.09e+11  1.09e+11
      O-O  8.43e+07       ***  2.17e+11  2.17e+11

Reactant = W2   Temperature = 1.6e+03 K

   P(atm)        W1        P1        P2      Loss
      0.1  4.39e+05  3.89e+06  2.39e+10  2.39e+10
        1  2.35e+06  6.74e+06  4.21e+10  4.21e+10
       10  6.77e+06  1.06e+07   6.7e+10   6.7e+10
      100  1.58e+07  1.52e+07  9.72e+10  9.72e+10
      O-O  9.91e+07       ***  1.94e+11  1.94e+11

Reactant = W2   Temperature = 1.7e+03 K

   P(atm)        W1        P1        P2      Loss
      0.1  6.84e+05  4.87e+06  2.27e+10  2.27e+10
        1  3.21e+06  8.27e+06  3.95e+10  3.95e+10
       10  8.77e+06  1.27e+07  6.21e+10  6.22e+10
      100  1.98e+07   1.8e+07  8.92e+10  8.92e+10
      O-O  1.14e+08       ***  1.74e+11  1.74e+11

Reactant = W2   Temperature = 1.8e+03 K

   P(atm)        W1        P1        P2      Loss
      0.1  1.06e+06   5.4e+06     2e+10     2e+10
        1  4.41e+06  8.82e+06  3.49e+10  3.49e+10
       10  1.14e+07  1.33e+07   5.5e+10   5.5e+10
      100  2.44e+07  1.89e+07  7.92e+10  7.93e+10
      O-O   1.3e+08       ***  1.56e+11  1.56e+11

Reactant = W2   Temperature = 1.9e+03 K

   P(atm)        W1        P1        P2      Loss
      0.1  1.57e+06  6.24e+06  1.85e+10  1.86e+10
        1  5.89e+06  9.92e+06  3.21e+10  3.22e+10
       10  1.45e+07  1.47e+07  5.03e+10  5.03e+10
      100  2.99e+07  2.07e+07  7.22e+10  7.23e+10
      O-O  1.46e+08       ***   1.4e+11   1.4e+11

Reactant = W2   Temperature = 2e+03 K

   P(atm)        W1        P1        P2      Loss
      0.1  1.95e+06  7.31e+06  1.72e+10  1.72e+10
        1   7.1e+06  1.15e+07  2.96e+10  2.97e+10
       10  1.71e+07  1.67e+07  4.61e+10  4.62e+10
      100  3.48e+07  2.34e+07  6.59e+10   6.6e+10
      O-O  1.62e+08       ***  1.27e+11  1.27e+11

Reactant = P1   Temperature = 500 K

   P(atm)        W1        W2        P2      Loss
      0.1  9.44e-12  8.18e-22   1.6e-19  9.77e-12
        1  2.41e-11   2.6e-21  1.59e-19  2.46e-11
       10  4.97e-11  7.51e-21  1.54e-19  4.97e-11
      100  8.85e-11  2.04e-20   1.4e-19  8.85e-11
      O-O  1.85e-10       ***       ***  1.85e-10

Reactant = P1   Temperature = 600 K

   P(atm)        W1        W2        P2      Loss
      0.1  1.43e-11  1.43e-20   2.5e-18  1.47e-11
        1  3.12e-11   4.7e-20  2.46e-18  3.17e-11
       10   5.8e-11  1.34e-19  2.39e-18   5.8e-11
      100  9.53e-11  3.38e-19  2.15e-18  9.53e-11
      O-O  1.91e-10       ***       ***  1.91e-10

Reactant = P1   Temperature = 700 K

   P(atm)        W1        W2        P2      Loss
      0.1  1.77e-11  1.66e-19  2.07e-17  1.81e-11
        1  3.61e-11  5.16e-19  2.04e-17  3.66e-11
       10  6.36e-11  1.37e-18  1.96e-17  6.36e-11
      100     1e-10   3.1e-18  1.74e-17     1e-10
      O-O  1.96e-10       ***       ***  1.96e-10

Reactant = P1   Temperature = 800 K

   P(atm)        W1        W2        P2      Loss
      0.1  2.04e-11  1.24e-18  1.12e-16  2.07e-11
        1  3.99e-11  3.57e-18  1.09e-16  4.04e-11
       10  6.81e-11  8.74e-18  1.05e-16  6.81e-11
      100  1.04e-10  1.79e-17  9.16e-17  1.04e-10
      O-O  2.01e-10       ***       ***  2.01e-10

Reactant = P1   Temperature = 900 K

   P(atm)        W1        W2        P2      Loss
      0.1  2.22e-11  6.86e-18  4.42e-16  2.26e-11
        1  4.26e-11  1.84e-17   4.3e-16   4.3e-11
       10  7.11e-11  4.14e-17  4.08e-16  7.11e-11
      100  1.07e-10  7.76e-17  3.51e-16  1.07e-10
      O-O  2.05e-10       ***       ***  2.05e-10

Reactant = P1   Temperature = 1e+03 K

   P(atm)        W1        W2        P2      Loss
      0.1  2.42e-11  2.81e-17  1.39e-15  2.46e-11
        1  4.54e-11  7.04e-17  1.35e-15  4.59e-11
       10  7.44e-11  1.47e-16  1.26e-15  7.44e-11
      100  1.11e-10  2.55e-16  1.07e-15  1.11e-10
      O-O  2.08e-10       ***       ***  2.08e-10

Reactant = P1   Temperature = 1.1e+03 K

   P(atm)        W1        W2        P2      Loss
      0.1  2.54e-11  8.45e-17  3.71e-15  2.57e-11
        1   4.7e-11  2.01e-16  3.58e-15  4.75e-11
       10  7.62e-11  3.95e-16  3.34e-15  7.62e-11
      100  1.12e-10  6.58e-16  2.81e-15  1.12e-10
      O-O  2.11e-10       ***       ***  2.11e-10

Reactant = P1   Temperature = 1.2e+03 K

   P(atm)        W1        W2        P2      Loss
      0.1  2.74e-11  2.45e-16  8.58e-15  2.78e-11
        1  5.01e-11  5.44e-16  8.23e-15  5.05e-11
       10  7.98e-11     1e-15  7.59e-15  7.98e-11
      100  1.16e-10  1.57e-15  6.26e-15  1.16e-10
      O-O  2.15e-10       ***       ***  2.15e-10

Reactant = P1   Temperature = 1.3e+03 K

   P(atm)        W1        W2        P2      Loss
      0.1  2.87e-11  5.73e-16  1.79e-14  2.91e-11
        1  5.18e-11   1.2e-15  1.71e-14  5.23e-11
       10  8.19e-11  2.11e-15  1.57e-14  8.19e-11
      100  1.19e-10   3.2e-15  1.27e-14  1.19e-10
      O-O  2.17e-10       ***       ***  2.17e-10

Reactant = P1   Temperature = 1.4e+03 K

   P(atm)        W1        W2        P2      Loss
      0.1     3e-11  1.19e-15  3.42e-14  3.04e-11
        1  5.36e-11  2.35e-15  3.25e-14  5.41e-11
       10   8.4e-11  3.96e-15  2.97e-14   8.4e-11
      100  1.21e-10  5.89e-15  2.38e-14  1.21e-10
      O-O   2.2e-10       ***       ***   2.2e-10

Reactant = P1   Temperature = 1.5e+03 K

   P(atm)        W1        W2        P2      Loss
      0.1  3.13e-11  2.38e-15  6.06e-14  3.18e-11
        1  5.54e-11  4.48e-15  5.74e-14   5.6e-11
       10  8.62e-11  7.28e-15  5.19e-14  8.62e-11
      100  1.24e-10  1.05e-14  4.08e-14  1.24e-10
      O-O  2.23e-10       ***       ***  2.23e-10

Reactant = P1   Temperature = 1.6e+03 K

   P(atm)        W1        W2        P2      Loss
      0.1  3.26e-11  4.07e-15  1.02e-13  3.32e-11
        1  5.73e-11  7.31e-15   9.6e-14  5.79e-11
       10  8.84e-11  1.15e-14  8.65e-14  8.85e-11
      100  1.26e-10  1.66e-14  6.69e-14  1.26e-10
      O-O  2.25e-10       ***       ***  2.25e-10

Reactant = P1   Temperature = 1.7e+03 K

   P(atm)        W1        W2        P2      Loss
      0.1   3.4e-11  7.13e-15  1.62e-13  3.46e-11
        1  5.91e-11  1.25e-14  1.52e-13  5.97e-11
       10  9.04e-11  1.93e-14  1.36e-13  9.05e-11
      100  1.29e-10  2.72e-14  1.04e-13  1.29e-10
      O-O  2.27e-10       ***       ***  2.27e-10

Reactant = P1   Temperature = 1.8e+03 K

   P(atm)        W1        W2        P2      Loss
      0.1  3.45e-11  1.07e-14  2.47e-13  3.52e-11
        1  5.98e-11  1.79e-14  2.32e-13  6.06e-11
       10  9.14e-11  2.72e-14  2.07e-13  9.16e-11
      100   1.3e-10  3.86e-14  1.55e-13   1.3e-10
      O-O   2.3e-10       ***       ***   2.3e-10

Reactant = P1   Temperature = 1.9e+03 K

   P(atm)        W1        W2        P2      Loss
      0.1  3.58e-11  1.63e-14  3.62e-13  3.66e-11
        1  6.17e-11  2.66e-14  3.38e-13  6.26e-11
       10  9.36e-11  3.94e-14     3e-13   9.4e-11
      100  1.33e-10  5.56e-14   2.2e-13  1.33e-10
      O-O  2.32e-10       ***       ***  2.32e-10

Reactant = P1   Temperature = 2e+03 K

   P(atm)        W1        W2        P2      Loss
      0.1  3.64e-11  2.47e-14  5.14e-13  3.73e-11
        1  6.24e-11  3.96e-14  4.79e-13  6.35e-11
       10  9.45e-11  5.79e-14  4.22e-13   9.5e-11
      100  1.34e-10   8.1e-14  3.05e-13  1.35e-10
      O-O  2.34e-10       ***       ***  2.34e-10

Reactant = P2   Temperature = 500 K

   P(atm)        W1        W2        P1      Loss
      0.1  9.01e-23  7.37e-12  3.83e-16  7.63e-12
        1  9.48e-22   1.9e-11  3.78e-16  1.94e-11
       10  1.61e-20  4.04e-11  3.67e-16  4.04e-11
      100  1.57e-18  7.32e-11  3.33e-16  7.32e-11
      O-O       ***  1.84e-10       ***  1.84e-10

Reactant = P2   Temperature = 600 K

   P(atm)        W1        W2        P1      Loss
      0.1  4.69e-22  1.12e-11  9.55e-16  1.15e-11
        1  4.97e-21  2.52e-11  9.41e-16  2.56e-11
       10  8.66e-20  4.83e-11  9.14e-16  4.97e-11
      100  5.25e-18   8.1e-11   8.2e-16   8.1e-11
      O-O       ***  1.89e-10       ***  1.89e-10

Reactant = P2   Temperature = 700 K

   P(atm)        W1        W2        P1      Loss
      0.1   2.8e-21  1.39e-11   2.1e-15  1.42e-11
        1  2.33e-20  2.94e-11  2.06e-15  2.98e-11
       10  3.79e-19  5.37e-11  1.99e-15   5.5e-11
      100   1.6e-17  8.64e-11  1.76e-15  8.64e-11
      O-O       ***  1.94e-10       ***  1.94e-10

Reactant = P2   Temperature = 800 K

   P(atm)        W1        W2        P1      Loss
      0.1  2.07e-20  1.58e-11  4.14e-15  1.61e-11
        1  1.07e-19  3.23e-11  4.05e-15  3.27e-11
       10   1.4e-18  5.73e-11  3.88e-15  5.86e-11
      100  4.39e-17     9e-11  3.39e-15     9e-11
      O-O       ***  1.99e-10       ***  1.99e-10

Reactant = P2   Temperature = 900 K

   P(atm)        W1        W2        P1      Loss
      0.1   1.2e-19  1.78e-11  7.44e-15  1.82e-11
        1  4.31e-19  3.56e-11  7.24e-15   3.6e-11
       10  4.14e-18  6.16e-11  6.86e-15  6.27e-11
      100  1.02e-16  9.46e-11  5.91e-15  9.46e-11
      O-O       ***  2.03e-10       ***  2.03e-10

Reactant = P2   Temperature = 1e+03 K

   P(atm)        W1        W2        P1      Loss
      0.1  5.78e-19  1.95e-11  1.25e-14  1.99e-11
        1   1.6e-18  3.82e-11  1.21e-14  3.87e-11
       10  1.15e-17  6.49e-11  1.13e-14  6.49e-11
      100  2.21e-16  9.81e-11   9.6e-15  9.81e-11
      O-O       ***  2.06e-10       ***  2.06e-10

Reactant = P2   Temperature = 1.1e+03 K

   P(atm)        W1        W2        P1      Loss
      0.1  2.06e-18  2.02e-11  1.97e-14  2.06e-11
        1   4.9e-18  3.92e-11   1.9e-14  3.96e-11
       10  2.91e-17   6.6e-11  1.77e-14   6.6e-11
      100  4.44e-16  9.93e-11  1.49e-14  9.93e-11
      O-O       ***   2.1e-10       ***   2.1e-10

Reactant = P2   Temperature = 1.2e+03 K

   P(atm)        W1        W2        P1      Loss
      0.1  6.69e-18  2.21e-11  2.96e-14  2.25e-11
        1  1.41e-17  4.21e-11  2.84e-14  4.26e-11
       10   6.8e-17  6.98e-11  2.61e-14  6.98e-11
      100  8.31e-16  1.03e-10  2.16e-14  1.03e-10
      O-O       ***  2.13e-10       ***  2.13e-10

Reactant = P2   Temperature = 1.3e+03 K

   P(atm)        W1        W2        P1      Loss
      0.1   1.7e-17  2.31e-11  4.27e-14  2.35e-11
        1   3.4e-17  4.36e-11  4.08e-14  4.41e-11
       10  1.43e-16  7.16e-11  3.74e-14  7.17e-11
      100  1.45e-15  1.05e-10  3.04e-14  1.06e-10
      O-O       ***  2.16e-10       ***  2.16e-10

Reactant = P2   Temperature = 1.4e+03 K

   P(atm)        W1        W2        P1      Loss
      0.1  3.89e-17  2.39e-11  5.97e-14  2.44e-11
        1  7.78e-17  4.49e-11  5.69e-14  4.54e-11
       10  2.86e-16  7.32e-11  5.19e-14  7.32e-11
      100  2.44e-15  1.07e-10  4.16e-14  1.07e-10
      O-O       ***  2.18e-10       ***  2.18e-10

Reactant = P2   Temperature = 1.5e+03 K

   P(atm)        W1        W2        P1      Loss
      0.1  7.59e-17  2.54e-11  8.09e-14  2.58e-11
        1  1.49e-16  4.71e-11  7.66e-14  4.76e-11
       10  4.97e-16  7.59e-11  6.93e-14   7.6e-11
      100  3.77e-15   1.1e-10  5.44e-14   1.1e-10
      O-O       ***  2.21e-10       ***  2.21e-10

Reactant = P2   Temperature = 1.6e+03 K

   P(atm)        W1        W2        P1      Loss
      0.1   1.5e-16   2.6e-11  1.07e-13  2.65e-11
        1  3.07e-16   4.8e-11  1.01e-13  4.85e-11
       10  9.15e-16   7.7e-11  9.13e-14  7.71e-11
      100  5.93e-15  1.12e-10  7.06e-14  1.12e-10
      O-O       ***  2.23e-10       ***  2.23e-10

Reactant = P2   Temperature = 1.7e+03 K

   P(atm)        W1        W2        P1      Loss
      0.1  2.12e-16  2.81e-11  1.39e-13  2.87e-11
        1  4.47e-16  5.09e-11   1.3e-13  5.15e-11
       10  1.29e-15  8.06e-11  1.17e-13  8.07e-11
      100  8.13e-15  1.16e-10  8.89e-14  1.16e-10
      O-O       ***  2.25e-10       ***  2.25e-10

Reactant = P2   Temperature = 1.8e+03 K

   P(atm)        W1        W2        P1      Loss
      0.1  4.02e-16  2.77e-11  1.77e-13  2.83e-11
        1  8.41e-16  5.05e-11  1.66e-13  5.11e-11
       10  2.21e-15  8.01e-11  1.48e-13  8.03e-11
      100  1.21e-14  1.16e-10  1.11e-13  1.16e-10
      O-O       ***  2.28e-10       ***  2.28e-10

Reactant = P2   Temperature = 1.9e+03 K

   P(atm)        W1        W2        P1      Loss
      0.1  6.52e-16  2.89e-11   2.2e-13  2.95e-11
        1  1.36e-15  5.21e-11  2.06e-13  5.28e-11
       10  3.35e-15  8.22e-11  1.82e-13  8.24e-11
      100  1.69e-14  1.18e-10  1.34e-13  1.18e-10
      O-O       ***   2.3e-10       ***   2.3e-10

Reactant = P2   Temperature = 2e+03 K

   P(atm)        W1        W2        P1      Loss
      0.1  8.73e-16  2.99e-11  2.71e-13  3.07e-11
        1   1.8e-15  5.37e-11  2.52e-13  5.44e-11
       10  4.35e-15  8.42e-11  2.22e-13  8.44e-11
      100  2.18e-14   1.2e-10  1.61e-13  1.21e-10
      O-O       ***  2.32e-10       ***  2.32e-10

______________________________________________________________________________________

Temperature-Species Rate Tables:

Reactant = W1   Pressure = 0.1 atm

   T(K)        W2        P1        P2      Loss   Capture
    500  2.22e-07  1.38e+10  8.92e-06  1.38e+10  2.66e+11
    600  3.69e-05  2.13e+10  0.000356  2.13e+10  2.76e+11
    700    0.0113  2.48e+10   0.00664  2.48e+10  2.65e+11
    800     0.427  2.57e+10    0.0761  2.57e+10  2.44e+11
    900      6.75  2.49e+10     0.572  2.49e+10   2.2e+11
  1e+03      72.3  2.38e+10      3.85  2.38e+10  1.96e+11
1.1e+03       530  2.17e+10      23.2  2.17e+10  1.74e+11
1.2e+03  2.72e+03  2.05e+10       111  2.05e+10  1.54e+11
1.3e+03  1.07e+04  1.88e+10       468  1.88e+10  1.37e+11
1.4e+03  3.54e+04  1.72e+10  1.85e+03  1.72e+10  1.22e+11
1.5e+03   8.7e+04  1.58e+10  4.95e+03  1.58e+10  1.08e+11
1.6e+03  2.19e+05  1.45e+10  1.64e+04  1.45e+10  9.66e+10
1.7e+03  4.13e+05  1.33e+10  3.08e+04  1.33e+10  8.65e+10
1.8e+03  7.65e+05   1.2e+10  7.49e+04   1.2e+10  7.77e+10
1.9e+03  1.32e+06  1.11e+10  1.49e+05  1.11e+10     7e+10
  2e+03   1.9e+06  1.01e+10  2.12e+05  1.01e+10  6.33e+10

Reactant = W1   Pressure = 1 atm

   T(K)        W2        P1        P2      Loss   Capture
    500  0.000195  3.48e+10  0.000202  3.48e+10  2.66e+11
    600    0.0104  4.54e+10   0.00861  4.54e+10  2.76e+11
    700     0.463  4.91e+10     0.157  4.91e+10  2.65e+11
    800        14  4.89e+10       1.6  4.89e+10  2.44e+11
    900       184  4.61e+10      10.2  4.61e+10   2.2e+11
  1e+03  1.57e+03  4.31e+10      58.5  4.31e+10  1.96e+11
1.1e+03   8.5e+03   3.9e+10       322   3.9e+10  1.74e+11
1.2e+03  3.41e+04  3.63e+10  1.43e+03  3.63e+10  1.54e+11
1.3e+03  1.03e+05  3.28e+10  5.24e+03  3.28e+10  1.37e+11
1.4e+03   2.6e+05  2.98e+10  1.68e+04  2.98e+10  1.22e+11
1.5e+03  5.51e+05  2.71e+10  3.92e+04  2.71e+10  1.08e+11
1.6e+03   1.1e+06  2.47e+10     1e+05  2.47e+10  9.66e+10
1.7e+03  1.85e+06  2.25e+10  1.66e+05  2.26e+10  8.65e+10
1.8e+03  3.05e+06  2.03e+10  3.44e+05  2.03e+10  7.77e+10
1.9e+03  4.79e+06  1.87e+10  5.99e+05  1.87e+10     7e+10
  2e+03  6.67e+06  1.69e+10  8.22e+05   1.7e+10  6.33e+10

Reactant = W1   Pressure = 10 atm

   T(K)        W2        P1        P2      Loss   Capture
    500  3.05e-05  7.15e+10   0.00742  7.15e+10  2.66e+11
    600      0.52  8.38e+10     0.271  8.38e+10  2.76e+11
    700      14.6   8.6e+10      4.37   8.6e+10  2.65e+11
    800       253  8.29e+10      40.9  8.29e+10  2.44e+11
    900  2.22e+03  7.65e+10       237  7.65e+10   2.2e+11
  1e+03   1.3e+04  7.02e+10  1.11e+03  7.02e+10  1.96e+11
1.1e+03  5.05e+04  6.28e+10  4.19e+03  6.28e+10  1.74e+11
1.2e+03  1.64e+05  5.75e+10  1.33e+04  5.75e+10  1.54e+11
1.3e+03  4.13e+05  5.16e+10  3.58e+04  5.16e+10  1.37e+11
1.4e+03  9.06e+05  4.64e+10  8.71e+04  4.64e+10  1.22e+11
1.5e+03  1.76e+06  4.19e+10  1.75e+05  4.19e+10  1.08e+11
1.6e+03  3.17e+06  3.79e+10  3.63e+05  3.79e+10  9.66e+10
1.7e+03  5.04e+06  3.44e+10  5.59e+05  3.44e+10  8.65e+10
1.8e+03  7.84e+06  3.09e+10  1.03e+06  3.09e+10  7.77e+10
1.9e+03  1.17e+07  2.83e+10  1.64e+06  2.83e+10     7e+10
  2e+03   1.6e+07  2.56e+10   2.2e+06  2.56e+10  6.33e+10

Reactant = W1   Pressure = 100 atm

   T(K)        W2        P1        P2      Loss   Capture
    500     0.842  1.27e+11     0.933  1.27e+11  2.66e+11
    600      22.1  1.38e+11      19.6  1.38e+11  2.76e+11
    700       316  1.35e+11       211  1.35e+11  2.65e+11
    800  2.76e+03  1.27e+11  1.43e+03  1.27e+11  2.44e+11
    900  1.56e+04  1.15e+11  6.44e+03  1.15e+11   2.2e+11
  1e+03  6.54e+04  1.04e+11  2.32e+04  1.04e+11  1.96e+11
1.1e+03  2.01e+05  9.27e+10  6.86e+04  9.27e+10  1.74e+11
1.2e+03  5.51e+05  8.37e+10  1.73e+05  8.37e+10  1.54e+11
1.3e+03  1.23e+06  7.47e+10  3.81e+05  7.47e+10  1.37e+11
1.4e+03  2.43e+06  6.68e+10  7.68e+05  6.69e+10  1.22e+11
1.5e+03  4.41e+06  6.01e+10  1.37e+06  6.01e+10  1.08e+11
1.6e+03  7.39e+06  5.41e+10   2.4e+06  5.41e+10  9.66e+10
1.7e+03  1.14e+07   4.9e+10  3.59e+06   4.9e+10  8.65e+10
1.8e+03  1.68e+07   4.4e+10  5.72e+06  4.41e+10  7.77e+10
1.9e+03  2.43e+07  4.01e+10  8.36e+06  4.01e+10     7e+10
  2e+03  3.26e+07  3.63e+10  1.12e+07  3.64e+10  6.33e+10

Reactant = W2   Pressure = 0.1 atm

   T(K)        W1        P1        P2      Loss   Capture
    500   -0.0858  5.85e+03  2.21e+10  2.21e+10  5.35e+11
    600     -0.42  1.68e+04  3.44e+10  3.44e+10  5.54e+11
    700    -0.242  4.87e+04  4.02e+10  4.02e+10  5.32e+11
    800      14.4   1.2e+05  4.13e+10  4.13e+10   4.9e+11
    900       131  2.69e+05  4.15e+10  4.15e+10  4.42e+11
  1e+03       891  5.12e+05  3.99e+10  3.99e+10  3.94e+11
1.1e+03   4.5e+03  7.98e+05   3.6e+10   3.6e+10   3.5e+11
1.2e+03  1.56e+04  1.31e+06  3.44e+10  3.44e+10   3.1e+11
1.3e+03  4.48e+04  1.85e+06  3.14e+10  3.14e+10  2.75e+11
1.4e+03  1.13e+05  2.44e+06  2.85e+10  2.85e+10  2.44e+11
1.5e+03  2.15e+05  3.28e+06  2.65e+10  2.65e+10  2.17e+11
1.6e+03  4.39e+05  3.89e+06  2.39e+10  2.39e+10  1.94e+11
1.7e+03  6.84e+05  4.87e+06  2.27e+10  2.27e+10  1.74e+11
1.8e+03  1.06e+06   5.4e+06     2e+10     2e+10  1.56e+11
1.9e+03  1.57e+06  6.24e+06  1.85e+10  1.86e+10   1.4e+11
  2e+03  1.95e+06  7.31e+06  1.72e+10  1.72e+10  1.27e+11

Reactant = W2   Pressure = 1 atm

   T(K)        W1        P1        P2      Loss   Capture
    500     0.251  1.82e+04  5.57e+10  5.57e+10  5.35e+11
    600      4.94  5.31e+04  7.44e+10  7.44e+10  5.54e+11
    700      82.6  1.45e+05  8.13e+10  8.13e+10  5.32e+11
    800     1e+03  3.29e+05  8.05e+10  8.05e+10   4.9e+11
    900  6.06e+03  6.82e+05  7.85e+10  7.85e+10  4.42e+11
  1e+03  2.77e+04  1.21e+06  7.39e+10  7.39e+10  3.94e+11
1.1e+03     9e+04   1.8e+06  6.62e+10  6.62e+10   3.5e+11
1.2e+03  2.35e+05  2.76e+06  6.22e+10  6.22e+10   3.1e+11
1.3e+03  4.91e+05  3.69e+06  5.63e+10  5.63e+10  2.75e+11
1.4e+03  9.15e+05  4.62e+06  5.07e+10  5.07e+10  2.44e+11
1.5e+03  1.48e+06  5.92e+06  4.68e+10  4.68e+10  2.17e+11
1.6e+03  2.35e+06  6.74e+06  4.21e+10  4.21e+10  1.94e+11
1.7e+03  3.21e+06  8.27e+06  3.95e+10  3.95e+10  1.74e+11
1.8e+03  4.41e+06  8.82e+06  3.49e+10  3.49e+10  1.56e+11
1.9e+03  5.89e+06  9.92e+06  3.21e+10  3.22e+10   1.4e+11
  2e+03   7.1e+06  1.15e+07  2.96e+10  2.97e+10  1.27e+11

Reactant = W2   Pressure = 10 atm

   T(K)        W1        P1        P2      Loss   Capture
    500     -4.32  5.22e+04  1.18e+11  1.18e+11  5.35e+11
    600       385   1.5e+05  1.42e+11  1.42e+11  5.54e+11
    700  2.95e+03   3.8e+05  1.47e+11  1.47e+11  5.32e+11
    800  1.88e+04  7.99e+05  1.41e+11  1.41e+11   4.9e+11
    900  7.53e+04  1.52e+06  1.34e+11  1.34e+11  4.42e+11
  1e+03  2.34e+05  2.51e+06  1.24e+11  1.24e+11  3.94e+11
1.1e+03  5.42e+05  3.51e+06   1.1e+11   1.1e+11   3.5e+11
1.2e+03  1.14e+06  5.04e+06  1.02e+11  1.02e+11   3.1e+11
1.3e+03     2e+06  6.42e+06  9.15e+10  9.15e+10  2.75e+11
1.4e+03  3.21e+06  7.74e+06   8.2e+10   8.2e+10  2.44e+11
1.5e+03  4.75e+06  9.56e+06  7.48e+10  7.48e+10  2.17e+11
1.6e+03  6.77e+06  1.06e+07   6.7e+10   6.7e+10  1.94e+11
1.7e+03  8.77e+06  1.27e+07  6.21e+10  6.22e+10  1.74e+11
1.8e+03  1.14e+07  1.33e+07   5.5e+10   5.5e+10  1.56e+11
1.9e+03  1.45e+07  1.47e+07  5.03e+10  5.03e+10   1.4e+11
  2e+03  1.71e+07  1.67e+07  4.61e+10  4.62e+10  1.27e+11

Reactant = W2   Pressure = 100 atm

   T(K)        W1        P1        P2      Loss   Capture
    500  4.05e+03  1.42e+05  2.13e+11  2.13e+11  5.35e+11
    600  1.71e+04  3.78e+05  2.37e+11  2.37e+11  5.54e+11
    700  6.47e+04   8.6e+05  2.36e+11  2.36e+11  5.32e+11
    800  2.07e+05  1.64e+06  2.22e+11  2.22e+11   4.9e+11
    900  5.33e+05  2.85e+06  2.06e+11  2.06e+11  4.42e+11
  1e+03  1.18e+06  4.36e+06  1.88e+11  1.88e+11  3.94e+11
1.1e+03  2.16e+06  5.84e+06  1.66e+11  1.66e+11   3.5e+11
1.2e+03  3.85e+06   7.9e+06  1.51e+11  1.51e+11   3.1e+11
1.3e+03  5.93e+06  9.76e+06  1.35e+11  1.35e+11  2.75e+11
1.4e+03   8.6e+06  1.15e+07   1.2e+11   1.2e+11  2.44e+11
1.5e+03  1.19e+07  1.38e+07  1.09e+11  1.09e+11  2.17e+11
1.6e+03  1.58e+07  1.52e+07  9.72e+10  9.72e+10  1.94e+11
1.7e+03  1.98e+07   1.8e+07  8.92e+10  8.92e+10  1.74e+11
1.8e+03  2.44e+07  1.89e+07  7.92e+10  7.93e+10  1.56e+11
1.9e+03  2.99e+07  2.07e+07  7.22e+10  7.23e+10   1.4e+11
  2e+03  3.48e+07  2.34e+07  6.59e+10   6.6e+10  1.27e+11

Reactant = P1   Pressure = 0.1 atm

   T(K)        W1        W2        P2      Loss   Capture
    500  9.44e-12  8.18e-22   1.6e-19  9.77e-12  1.85e-10
    600  1.43e-11  1.43e-20   2.5e-18  1.47e-11  1.91e-10
    700  1.77e-11  1.66e-19  2.07e-17  1.81e-11  1.96e-10
    800  2.04e-11  1.24e-18  1.12e-16  2.07e-11  2.01e-10
    900  2.22e-11  6.86e-18  4.42e-16  2.26e-11  2.05e-10
  1e+03  2.42e-11  2.81e-17  1.39e-15  2.46e-11  2.08e-10
1.1e+03  2.54e-11  8.45e-17  3.71e-15  2.57e-11  2.11e-10
1.2e+03  2.74e-11  2.45e-16  8.58e-15  2.78e-11  2.15e-10
1.3e+03  2.87e-11  5.73e-16  1.79e-14  2.91e-11  2.17e-10
1.4e+03     3e-11  1.19e-15  3.42e-14  3.04e-11   2.2e-10
1.5e+03  3.13e-11  2.38e-15  6.06e-14  3.18e-11  2.23e-10
1.6e+03  3.26e-11  4.07e-15  1.02e-13  3.32e-11  2.25e-10
1.7e+03   3.4e-11  7.13e-15  1.62e-13  3.46e-11  2.27e-10
1.8e+03  3.45e-11  1.07e-14  2.47e-13  3.52e-11   2.3e-10
1.9e+03  3.58e-11  1.63e-14  3.62e-13  3.66e-11  2.32e-10
  2e+03  3.64e-11  2.47e-14  5.14e-13  3.73e-11  2.34e-10

Reactant = P1   Pressure = 1 atm

   T(K)        W1        W2        P2      Loss   Capture
    500  2.41e-11   2.6e-21  1.59e-19  2.46e-11  1.85e-10
    600  3.12e-11   4.7e-20  2.46e-18  3.17e-11  1.91e-10
    700  3.61e-11  5.16e-19  2.04e-17  3.66e-11  1.96e-10
    800  3.99e-11  3.57e-18  1.09e-16  4.04e-11  2.01e-10
    900  4.26e-11  1.84e-17   4.3e-16   4.3e-11  2.05e-10
  1e+03  4.54e-11  7.04e-17  1.35e-15  4.59e-11  2.08e-10
1.1e+03   4.7e-11  2.01e-16  3.58e-15  4.75e-11  2.11e-10
1.2e+03  5.01e-11  5.44e-16  8.23e-15  5.05e-11  2.15e-10
1.3e+03  5.18e-11   1.2e-15  1.71e-14  5.23e-11  2.17e-10
1.4e+03  5.36e-11  2.35e-15  3.25e-14  5.41e-11   2.2e-10
1.5e+03  5.54e-11  4.48e-15  5.74e-14   5.6e-11  2.23e-10
1.6e+03  5.73e-11  7.31e-15   9.6e-14  5.79e-11  2.25e-10
1.7e+03  5.91e-11  1.25e-14  1.52e-13  5.97e-11  2.27e-10
1.8e+03  5.98e-11  1.79e-14  2.32e-13  6.06e-11   2.3e-10
1.9e+03  6.17e-11  2.66e-14  3.38e-13  6.26e-11  2.32e-10
  2e+03  6.24e-11  3.96e-14  4.79e-13  6.35e-11  2.34e-10

Reactant = P1   Pressure = 10 atm

   T(K)        W1        W2        P2      Loss   Capture
    500  4.97e-11  7.51e-21  1.54e-19  4.97e-11  1.85e-10
    600   5.8e-11  1.34e-19  2.39e-18   5.8e-11  1.91e-10
    700  6.36e-11  1.37e-18  1.96e-17  6.36e-11  1.96e-10
    800  6.81e-11  8.74e-18  1.05e-16  6.81e-11  2.01e-10
    900  7.11e-11  4.14e-17  4.08e-16  7.11e-11  2.05e-10
  1e+03  7.44e-11  1.47e-16  1.26e-15  7.44e-11  2.08e-10
1.1e+03  7.62e-11  3.95e-16  3.34e-15  7.62e-11  2.11e-10
1.2e+03  7.98e-11     1e-15  7.59e-15  7.98e-11  2.15e-10
1.3e+03  8.19e-11  2.11e-15  1.57e-14  8.19e-11  2.17e-10
1.4e+03   8.4e-11  3.96e-15  2.97e-14   8.4e-11   2.2e-10
1.5e+03  8.62e-11  7.28e-15  5.19e-14  8.62e-11  2.23e-10
1.6e+03  8.84e-11  1.15e-14  8.65e-14  8.85e-11  2.25e-10
1.7e+03  9.04e-11  1.93e-14  1.36e-13  9.05e-11  2.27e-10
1.8e+03  9.14e-11  2.72e-14  2.07e-13  9.16e-11   2.3e-10
1.9e+03  9.36e-11  3.94e-14     3e-13   9.4e-11  2.32e-10
  2e+03  9.45e-11  5.79e-14  4.22e-13   9.5e-11  2.34e-10

Reactant = P1   Pressure = 100 atm

   T(K)        W1        W2        P2      Loss   Capture
    500  8.85e-11  2.04e-20   1.4e-19  8.85e-11  1.85e-10
    600  9.53e-11  3.38e-19  2.15e-18  9.53e-11  1.91e-10
    700     1e-10   3.1e-18  1.74e-17     1e-10  1.96e-10
    800  1.04e-10  1.79e-17  9.16e-17  1.04e-10  2.01e-10
    900  1.07e-10  7.76e-17  3.51e-16  1.07e-10  2.05e-10
  1e+03  1.11e-10  2.55e-16  1.07e-15  1.11e-10  2.08e-10
1.1e+03  1.12e-10  6.58e-16  2.81e-15  1.12e-10  2.11e-10
1.2e+03  1.16e-10  1.57e-15  6.26e-15  1.16e-10  2.15e-10
1.3e+03  1.19e-10   3.2e-15  1.27e-14  1.19e-10  2.17e-10
1.4e+03  1.21e-10  5.89e-15  2.38e-14  1.21e-10   2.2e-10
1.5e+03  1.24e-10  1.05e-14  4.08e-14  1.24e-10  2.23e-10
1.6e+03  1.26e-10  1.66e-14  6.69e-14  1.26e-10  2.25e-10
1.7e+03  1.29e-10  2.72e-14  1.04e-13  1.29e-10  2.27e-10
1.8e+03   1.3e-10  3.86e-14  1.55e-13   1.3e-10   2.3e-10
1.9e+03  1.33e-10  5.56e-14   2.2e-13  1.33e-10  2.32e-10
  2e+03  1.34e-10   8.1e-14  3.05e-13  1.35e-10  2.34e-10

Reactant = P2   Pressure = 0.1 atm

   T(K)        W1        W2        P1      Loss   Capture
    500  9.01e-23  7.37e-12  3.83e-16  7.63e-12  1.84e-10
    600  4.69e-22  1.12e-11  9.55e-16  1.15e-11  1.89e-10
    700   2.8e-21  1.39e-11   2.1e-15  1.42e-11  1.94e-10
    800  2.07e-20  1.58e-11  4.14e-15  1.61e-11  1.99e-10
    900   1.2e-19  1.78e-11  7.44e-15  1.82e-11  2.03e-10
  1e+03  5.78e-19  1.95e-11  1.25e-14  1.99e-11  2.06e-10
1.1e+03  2.06e-18  2.02e-11  1.97e-14  2.06e-11   2.1e-10
1.2e+03  6.69e-18  2.21e-11  2.96e-14  2.25e-11  2.13e-10
1.3e+03   1.7e-17  2.31e-11  4.27e-14  2.35e-11  2.16e-10
1.4e+03  3.89e-17  2.39e-11  5.97e-14  2.44e-11  2.18e-10
1.5e+03  7.59e-17  2.54e-11  8.09e-14  2.58e-11  2.21e-10
1.6e+03   1.5e-16   2.6e-11  1.07e-13  2.65e-11  2.23e-10
1.7e+03  2.12e-16  2.81e-11  1.39e-13  2.87e-11  2.25e-10
1.8e+03  4.02e-16  2.77e-11  1.77e-13  2.83e-11  2.28e-10
1.9e+03  6.52e-16  2.89e-11   2.2e-13  2.95e-11   2.3e-10
  2e+03  8.73e-16  2.99e-11  2.71e-13  3.07e-11  2.32e-10

Reactant = P2   Pressure = 1 atm

   T(K)        W1        W2        P1      Loss   Capture
    500  9.48e-22   1.9e-11  3.78e-16  1.94e-11  1.84e-10
    600  4.97e-21  2.52e-11  9.41e-16  2.56e-11  1.89e-10
    700  2.33e-20  2.94e-11  2.06e-15  2.98e-11  1.94e-10
    800  1.07e-19  3.23e-11  4.05e-15  3.27e-11  1.99e-10
    900  4.31e-19  3.56e-11  7.24e-15   3.6e-11  2.03e-10
  1e+03   1.6e-18  3.82e-11  1.21e-14  3.87e-11  2.06e-10
1.1e+03   4.9e-18  3.92e-11   1.9e-14  3.96e-11   2.1e-10
1.2e+03  1.41e-17  4.21e-11  2.84e-14  4.26e-11  2.13e-10
1.3e+03   3.4e-17  4.36e-11  4.08e-14  4.41e-11  2.16e-10
1.4e+03  7.78e-17  4.49e-11  5.69e-14  4.54e-11  2.18e-10
1.5e+03  1.49e-16  4.71e-11  7.66e-14  4.76e-11  2.21e-10
1.6e+03  3.07e-16   4.8e-11  1.01e-13  4.85e-11  2.23e-10
1.7e+03  4.47e-16  5.09e-11   1.3e-13  5.15e-11  2.25e-10
1.8e+03  8.41e-16  5.05e-11  1.66e-13  5.11e-11  2.28e-10
1.9e+03  1.36e-15  5.21e-11  2.06e-13  5.28e-11   2.3e-10
  2e+03   1.8e-15  5.37e-11  2.52e-13  5.44e-11  2.32e-10

Reactant = P2   Pressure = 10 atm

   T(K)        W1        W2        P1      Loss   Capture
    500  1.61e-20  4.04e-11  3.67e-16  4.04e-11  1.84e-10
    600  8.66e-20  4.83e-11  9.14e-16  4.97e-11  1.89e-10
    700  3.79e-19  5.37e-11  1.99e-15   5.5e-11  1.94e-10
    800   1.4e-18  5.73e-11  3.88e-15  5.86e-11  1.99e-10
    900  4.14e-18  6.16e-11  6.86e-15  6.27e-11  2.03e-10
  1e+03  1.15e-17  6.49e-11  1.13e-14  6.49e-11  2.06e-10
1.1e+03  2.91e-17   6.6e-11  1.77e-14   6.6e-11   2.1e-10
1.2e+03   6.8e-17  6.98e-11  2.61e-14  6.98e-11  2.13e-10
1.3e+03  1.43e-16  7.16e-11  3.74e-14  7.17e-11  2.16e-10
1.4e+03  2.86e-16  7.32e-11  5.19e-14  7.32e-11  2.18e-10
1.5e+03  4.97e-16  7.59e-11  6.93e-14   7.6e-11  2.21e-10
1.6e+03  9.15e-16   7.7e-11  9.13e-14  7.71e-11  2.23e-10
1.7e+03  1.29e-15  8.06e-11  1.17e-13  8.07e-11  2.25e-10
1.8e+03  2.21e-15  8.01e-11  1.48e-13  8.03e-11  2.28e-10
1.9e+03  3.35e-15  8.22e-11  1.82e-13  8.24e-11   2.3e-10
  2e+03  4.35e-15  8.42e-11  2.22e-13  8.44e-11  2.32e-10

Reactant = P2   Pressure = 100 atm

   T(K)        W1        W2        P1      Loss   Capture
    500  1.57e-18  7.32e-11  3.33e-16  7.32e-11  1.84e-10
    600  5.25e-18   8.1e-11   8.2e-16   8.1e-11  1.89e-10
    700   1.6e-17  8.64e-11  1.76e-15  8.64e-11  1.94e-10
    800  4.39e-17     9e-11  3.39e-15     9e-11  1.99e-10
    900  1.02e-16  9.46e-11  5.91e-15  9.46e-11  2.03e-10
  1e+03  2.21e-16  9.81e-11   9.6e-15  9.81e-11  2.06e-10
1.1e+03  4.44e-16  9.93e-11  1.49e-14  9.93e-11   2.1e-10
1.2e+03  8.31e-16  1.03e-10  2.16e-14  1.03e-10  2.13e-10
1.3e+03  1.45e-15  1.05e-10  3.04e-14  1.06e-10  2.16e-10
1.4e+03  2.44e-15  1.07e-10  4.16e-14  1.07e-10  2.18e-10
1.5e+03  3.77e-15   1.1e-10  5.44e-14   1.1e-10  2.21e-10
1.6e+03  5.93e-15  1.12e-10  7.06e-14  1.12e-10  2.23e-10
1.7e+03  8.13e-15  1.16e-10  8.89e-14  1.16e-10  2.25e-10
1.8e+03  1.21e-14  1.16e-10  1.11e-13  1.16e-10  2.28e-10
1.9e+03  1.69e-14  1.18e-10  1.34e-13  1.18e-10   2.3e-10
  2e+03  2.18e-14   1.2e-10  1.61e-13  1.21e-10  2.32e-10

______________________________________________________________________________________

Temperature-Pressure Rate Tables:

W1->W2

P\T           500       600       700       800       900     1e+03   1.1e+03   1.2e+03   1.3e+03   1.4e+03   1.5e+03   1.6e+03   1.7e+03   1.8e+03   1.9e+03     2e+03
0.1      2.22e-07  3.69e-05    0.0113     0.427      6.75      72.3       530  2.72e+03  1.07e+04  3.54e+04   8.7e+04  2.19e+05  4.13e+05  7.65e+05  1.32e+06   1.9e+06
1        0.000195    0.0104     0.463        14       184  1.57e+03   8.5e+03  3.41e+04  1.03e+05   2.6e+05  5.51e+05   1.1e+06  1.85e+06  3.05e+06  4.79e+06  6.67e+06
10       3.05e-05      0.52      14.6       253  2.22e+03   1.3e+04  5.05e+04  1.64e+05  4.13e+05  9.06e+05  1.76e+06  3.17e+06  5.04e+06  7.84e+06  1.17e+07   1.6e+07
100         0.842      22.1       316  2.76e+03  1.56e+04  6.54e+04  2.01e+05  5.51e+05  1.23e+06  2.43e+06  4.41e+06  7.39e+06  1.14e+07  1.68e+07  2.43e+07  3.26e+07
O-O           233  3.64e+03  2.83e+04  1.38e+05  4.85e+05  1.35e+06  3.15e+06  6.41e+06  1.18e+07  1.98e+07  3.12e+07  4.64e+07  6.58e+07  8.98e+07  1.19e+08  1.52e+08

W1->P1

P\T           500       600       700       800       900     1e+03   1.1e+03   1.2e+03   1.3e+03   1.4e+03   1.5e+03   1.6e+03   1.7e+03   1.8e+03   1.9e+03     2e+03
0.1      1.38e+10  2.13e+10  2.48e+10  2.57e+10  2.49e+10  2.38e+10  2.17e+10  2.05e+10  1.88e+10  1.72e+10  1.58e+10  1.45e+10  1.33e+10   1.2e+10  1.11e+10  1.01e+10
1        3.48e+10  4.54e+10  4.91e+10  4.89e+10  4.61e+10  4.31e+10   3.9e+10  3.63e+10  3.28e+10  2.98e+10  2.71e+10  2.47e+10  2.25e+10  2.03e+10  1.87e+10  1.69e+10
10       7.15e+10  8.38e+10   8.6e+10  8.29e+10  7.65e+10  7.02e+10  6.28e+10  5.75e+10  5.16e+10  4.64e+10  4.19e+10  3.79e+10  3.44e+10  3.09e+10  2.83e+10  2.56e+10
100      1.27e+11  1.38e+11  1.35e+11  1.27e+11  1.15e+11  1.04e+11  9.27e+10  8.37e+10  7.47e+10  6.68e+10  6.01e+10  5.41e+10   4.9e+10   4.4e+10  4.01e+10  3.63e+10
O-O      2.66e+11  2.76e+11  2.65e+11  2.44e+11   2.2e+11  1.96e+11  1.74e+11  1.54e+11  1.37e+11  1.22e+11  1.08e+11  9.65e+10  8.64e+10  7.76e+10  6.99e+10  6.31e+10

W1->P2

P\T           500       600       700       800       900     1e+03   1.1e+03   1.2e+03   1.3e+03   1.4e+03   1.5e+03   1.6e+03   1.7e+03   1.8e+03   1.9e+03     2e+03
0.1      8.92e-06  0.000356   0.00664    0.0761     0.572      3.85      23.2       111       468  1.85e+03  4.95e+03  1.64e+04  3.08e+04  7.49e+04  1.49e+05  2.12e+05
1        0.000202   0.00861     0.157       1.6      10.2      58.5       322  1.43e+03  5.24e+03  1.68e+04  3.92e+04     1e+05  1.66e+05  3.44e+05  5.99e+05  8.22e+05
10        0.00742     0.271      4.37      40.9       237  1.11e+03  4.19e+03  1.33e+04  3.58e+04  8.71e+04  1.75e+05  3.63e+05  5.59e+05  1.03e+06  1.64e+06   2.2e+06
100         0.933      19.6       211  1.43e+03  6.44e+03  2.32e+04  6.86e+04  1.73e+05  3.81e+05  7.68e+05  1.37e+06   2.4e+06  3.59e+06  5.72e+06  8.36e+06  1.12e+07
O-O           ***       ***       ***       ***       ***       ***       ***       ***       ***       ***       ***       ***       ***       ***       ***       ***

W2->W1

P\T           500       600       700       800       900     1e+03   1.1e+03   1.2e+03   1.3e+03   1.4e+03   1.5e+03   1.6e+03   1.7e+03   1.8e+03   1.9e+03     2e+03
0.1       -0.0858     -0.42    -0.242      14.4       131       891   4.5e+03  1.56e+04  4.48e+04  1.13e+05  2.15e+05  4.39e+05  6.84e+05  1.06e+06  1.57e+06  1.95e+06
1           0.251      4.94      82.6     1e+03  6.06e+03  2.77e+04     9e+04  2.35e+05  4.91e+05  9.15e+05  1.48e+06  2.35e+06  3.21e+06  4.41e+06  5.89e+06   7.1e+06
10          -4.32       385  2.95e+03  1.88e+04  7.53e+04  2.34e+05  5.42e+05  1.14e+06     2e+06  3.21e+06  4.75e+06  6.77e+06  8.77e+06  1.14e+07  1.45e+07  1.71e+07
100      4.05e+03  1.71e+04  6.47e+04  2.07e+05  5.33e+05  1.18e+06  2.16e+06  3.85e+06  5.93e+06   8.6e+06  1.19e+07  1.58e+07  1.98e+07  2.44e+07  2.99e+07  3.48e+07
O-O      1.12e+06  2.82e+06  5.81e+06  1.03e+07  1.66e+07  2.44e+07  3.39e+07  4.48e+07  5.69e+07  7.02e+07  8.43e+07  9.91e+07  1.14e+08   1.3e+08  1.46e+08  1.62e+08

W2->P1

P\T           500       600       700       800       900     1e+03   1.1e+03   1.2e+03   1.3e+03   1.4e+03   1.5e+03   1.6e+03   1.7e+03   1.8e+03   1.9e+03     2e+03
0.1      5.85e+03  1.68e+04  4.87e+04   1.2e+05  2.69e+05  5.12e+05  7.98e+05  1.31e+06  1.85e+06  2.44e+06  3.28e+06  3.89e+06  4.87e+06   5.4e+06  6.24e+06  7.31e+06
1        1.82e+04  5.31e+04  1.45e+05  3.29e+05  6.82e+05  1.21e+06   1.8e+06  2.76e+06  3.69e+06  4.62e+06  5.92e+06  6.74e+06  8.27e+06  8.82e+06  9.92e+06  1.15e+07
10       5.22e+04   1.5e+05   3.8e+05  7.99e+05  1.52e+06  2.51e+06  3.51e+06  5.04e+06  6.42e+06  7.74e+06  9.56e+06  1.06e+07  1.27e+07  1.33e+07  1.47e+07  1.67e+07
100      1.42e+05  3.78e+05   8.6e+05  1.64e+06  2.85e+06  4.36e+06  5.84e+06   7.9e+06  9.76e+06  1.15e+07  1.38e+07  1.52e+07   1.8e+07  1.89e+07  2.07e+07  2.34e+07
O-O           ***       ***       ***       ***       ***       ***       ***       ***       ***       ***       ***       ***       ***       ***       ***       ***

W2->P2

P\T           500       600       700       800       900     1e+03   1.1e+03   1.2e+03   1.3e+03   1.4e+03   1.5e+03   1.6e+03   1.7e+03   1.8e+03   1.9e+03     2e+03
0.1      2.21e+10  3.44e+10  4.02e+10  4.13e+10  4.15e+10  3.99e+10   3.6e+10  3.44e+10  3.14e+10  2.85e+10  2.65e+10  2.39e+10  2.27e+10     2e+10  1.85e+10  1.72e+10
1        5.57e+10  7.44e+10  8.13e+10  8.05e+10  7.85e+10  7.39e+10  6.62e+10  6.22e+10  5.63e+10  5.07e+10  4.68e+10  4.21e+10  3.95e+10  3.49e+10  3.21e+10  2.96e+10
10       1.18e+11  1.42e+11  1.47e+11  1.41e+11  1.34e+11  1.24e+11   1.1e+11  1.02e+11  9.15e+10   8.2e+10  7.48e+10   6.7e+10  6.21e+10   5.5e+10  5.03e+10  4.61e+10
100      2.13e+11  2.37e+11  2.36e+11  2.22e+11  2.06e+11  1.88e+11  1.66e+11  1.51e+11  1.35e+11   1.2e+11  1.09e+11  9.72e+10  8.92e+10  7.92e+10  7.22e+10  6.59e+10
O-O      5.35e+11  5.54e+11  5.32e+11   4.9e+11  4.42e+11  3.94e+11   3.5e+11   3.1e+11  2.75e+11  2.44e+11  2.17e+11  1.94e+11  1.74e+11  1.56e+11   1.4e+11  1.27e+11

P1->W1

P\T           500       600       700       800       900     1e+03   1.1e+03   1.2e+03   1.3e+03   1.4e+03   1.5e+03   1.6e+03   1.7e+03   1.8e+03   1.9e+03     2e+03
0.1      9.44e-12  1.43e-11  1.77e-11  2.04e-11  2.22e-11  2.42e-11  2.54e-11  2.74e-11  2.87e-11     3e-11  3.13e-11  3.26e-11   3.4e-11  3.45e-11  3.58e-11  3.64e-11
1        2.41e-11  3.12e-11  3.61e-11  3.99e-11  4.26e-11  4.54e-11   4.7e-11  5.01e-11  5.18e-11  5.36e-11  5.54e-11  5.73e-11  5.91e-11  5.98e-11  6.17e-11  6.24e-11
10       4.97e-11   5.8e-11  6.36e-11  6.81e-11  7.11e-11  7.44e-11  7.62e-11  7.98e-11  8.19e-11   8.4e-11  8.62e-11  8.84e-11  9.04e-11  9.14e-11  9.36e-11  9.45e-11
100      8.85e-11  9.53e-11     1e-10  1.04e-10  1.07e-10  1.11e-10  1.12e-10  1.16e-10  1.19e-10  1.21e-10  1.24e-10  1.26e-10  1.29e-10   1.3e-10  1.33e-10  1.34e-10
O-O      1.85e-10  1.91e-10  1.96e-10  2.01e-10  2.05e-10  2.08e-10  2.11e-10  2.15e-10  2.17e-10   2.2e-10  2.23e-10  2.25e-10  2.27e-10   2.3e-10  2.32e-10  2.34e-10

P1->W2

P\T           500       600       700       800       900     1e+03   1.1e+03   1.2e+03   1.3e+03   1.4e+03   1.5e+03   1.6e+03   1.7e+03   1.8e+03   1.9e+03     2e+03
0.1      8.18e-22  1.43e-20  1.66e-19  1.24e-18  6.86e-18  2.81e-17  8.45e-17  2.45e-16  5.73e-16  1.19e-15  2.38e-15  4.07e-15  7.13e-15  1.07e-14  1.63e-14  2.47e-14
1         2.6e-21   4.7e-20  5.16e-19  3.57e-18  1.84e-17  7.04e-17  2.01e-16  5.44e-16   1.2e-15  2.35e-15  4.48e-15  7.31e-15  1.25e-14  1.79e-14  2.66e-14  3.96e-14
10       7.51e-21  1.34e-19  1.37e-18  8.74e-18  4.14e-17  1.47e-16  3.95e-16     1e-15  2.11e-15  3.96e-15  7.28e-15  1.15e-14  1.93e-14  2.72e-14  3.94e-14  5.79e-14
100      2.04e-20  3.38e-19   3.1e-18  1.79e-17  7.76e-17  2.55e-16  6.58e-16  1.57e-15   3.2e-15  5.89e-15  1.05e-14  1.66e-14  2.72e-14  3.86e-14  5.56e-14   8.1e-14
O-O           ***       ***       ***       ***       ***       ***       ***       ***       ***       ***       ***       ***       ***       ***       ***       ***

P1->P2

P\T           500       600       700       800       900     1e+03   1.1e+03   1.2e+03   1.3e+03   1.4e+03   1.5e+03   1.6e+03   1.7e+03   1.8e+03   1.9e+03     2e+03
0.1       1.6e-19   2.5e-18  2.07e-17  1.12e-16  4.42e-16  1.39e-15  3.71e-15  8.58e-15  1.79e-14  3.42e-14  6.06e-14  1.02e-13  1.62e-13  2.47e-13  3.62e-13  5.14e-13
1        1.59e-19  2.46e-18  2.04e-17  1.09e-16   4.3e-16  1.35e-15  3.58e-15  8.23e-15  1.71e-14  3.25e-14  5.74e-14   9.6e-14  1.52e-13  2.32e-13  3.38e-13  4.79e-13
10       1.54e-19  2.39e-18  1.96e-17  1.05e-16  4.08e-16  1.26e-15  3.34e-15  7.59e-15  1.57e-14  2.97e-14  5.19e-14  8.65e-14  1.36e-13  2.07e-13     3e-13  4.22e-13
100       1.4e-19  2.15e-18  1.74e-17  9.16e-17  3.51e-16  1.07e-15  2.81e-15  6.26e-15  1.27e-14  2.38e-14  4.08e-14  6.69e-14  1.04e-13  1.55e-13   2.2e-13  3.05e-13
O-O           ***       ***       ***       ***       ***       ***       ***       ***       ***       ***       ***       ***       ***       ***       ***       ***

P2->W1

P\T           500       600       700       800       900     1e+03   1.1e+03   1.2e+03   1.3e+03   1.4e+03   1.5e+03   1.6e+03   1.7e+03   1.8e+03   1.9e+03     2e+03
0.1      9.01e-23  4.69e-22   2.8e-21  2.07e-20   1.2e-19  5.78e-19  2.06e-18  6.69e-18   1.7e-17  3.89e-17  7.59e-17   1.5e-16  2.12e-16  4.02e-16  6.52e-16  8.73e-16
1        9.48e-22  4.97e-21  2.33e-20  1.07e-19  4.31e-19   1.6e-18   4.9e-18  1.41e-17   3.4e-17  7.78e-17  1.49e-16  3.07e-16  4.47e-16  8.41e-16  1.36e-15   1.8e-15
10       1.61e-20  8.66e-20  3.79e-19   1.4e-18  4.14e-18  1.15e-17  2.91e-17   6.8e-17  1.43e-16  2.86e-16  4.97e-16  9.15e-16  1.29e-15  2.21e-15  3.35e-15  4.35e-15
100      1.57e-18  5.25e-18   1.6e-17  4.39e-17  1.02e-16  2.21e-16  4.44e-16  8.31e-16  1.45e-15  2.44e-15  3.77e-15  5.93e-15  8.13e-15  1.21e-14  1.69e-14  2.18e-14
O-O           ***       ***       ***       ***       ***       ***       ***       ***       ***       ***       ***       ***       ***       ***       ***       ***

P2->W2

P\T           500       600       700       800       900     1e+03   1.1e+03   1.2e+03   1.3e+03   1.4e+03   1.5e+03   1.6e+03   1.7e+03   1.8e+03   1.9e+03     2e+03
0.1      7.37e-12  1.12e-11  1.39e-11  1.58e-11  1.78e-11  1.95e-11  2.02e-11  2.21e-11  2.31e-11  2.39e-11  2.54e-11   2.6e-11  2.81e-11  2.77e-11  2.89e-11  2.99e-11
1         1.9e-11  2.52e-11  2.94e-11  3.23e-11  3.56e-11  3.82e-11  3.92e-11  4.21e-11  4.36e-11  4.49e-11  4.71e-11   4.8e-11  5.09e-11  5.05e-11  5.21e-11  5.37e-11
10       4.04e-11  4.83e-11  5.37e-11  5.73e-11  6.16e-11  6.49e-11   6.6e-11  6.98e-11  7.16e-11  7.32e-11  7.59e-11   7.7e-11  8.06e-11  8.01e-11  8.22e-11  8.42e-11
100      7.32e-11   8.1e-11  8.64e-11     9e-11  9.46e-11  9.81e-11  9.93e-11  1.03e-10  1.05e-10  1.07e-10   1.1e-10  1.12e-10  1.16e-10  1.16e-10  1.18e-10   1.2e-10
O-O      1.84e-10  1.89e-10  1.94e-10  1.99e-10  2.03e-10  2.06e-10   2.1e-10  2.13e-10  2.16e-10  2.18e-10  2.21e-10  2.23e-10  2.25e-10  2.28e-10   2.3e-10  2.32e-10

P2->P1

P\T           500       600       700       800       900     1e+03   1.1e+03   1.2e+03   1.3e+03   1.4e+03   1.5e+03   1.6e+03   1.7e+03   1.8e+03   1.9e+03     2e+03
0.1      3.83e-16  9.55e-16   2.1e-15  4.14e-15  7.44e-15  1.25e-14  1.97e-14  2.96e-14  4.27e-14  5.97e-14  8.09e-14  1.07e-13  1.39e-13  1.77e-13   2.2e-13  2.71e-13
1        3.78e-16  9.41e-16  2.06e-15  4.05e-15  7.24e-15  1.21e-14   1.9e-14  2.84e-14  4.08e-14  5.69e-14  7.66e-14  1.01e-13   1.3e-13  1.66e-13  2.06e-13  2.52e-13
10       3.67e-16  9.14e-16  1.99e-15  3.88e-15  6.86e-15  1.13e-14  1.77e-14  2.61e-14  3.74e-14  5.19e-14  6.93e-14  9.13e-14  1.17e-13  1.48e-13  1.82e-13  2.22e-13
100      3.33e-16   8.2e-16  1.76e-15  3.39e-15  5.91e-15   9.6e-15  1.49e-14  2.16e-14  3.04e-14  4.16e-14  5.44e-14  7.06e-14  8.89e-14  1.11e-13  1.34e-13  1.61e-13
O-O           ***       ***       ***       ***       ***       ***       ***       ***       ***       ***       ***       ***       ***       ***       ***       ***

W1-> 

P\T           500       600       700       800       900     1e+03   1.1e+03   1.2e+03   1.3e+03   1.4e+03   1.5e+03   1.6e+03   1.7e+03   1.8e+03   1.9e+03     2e+03
0.1      1.38e+10  2.13e+10  2.48e+10  2.57e+10  2.49e+10  2.38e+10  2.17e+10  2.05e+10  1.88e+10  1.72e+10  1.58e+10  1.45e+10  1.33e+10   1.2e+10  1.11e+10  1.01e+10
1        3.48e+10  4.54e+10  4.91e+10  4.89e+10  4.61e+10  4.31e+10   3.9e+10  3.63e+10  3.28e+10  2.98e+10  2.71e+10  2.47e+10  2.26e+10  2.03e+10  1.87e+10   1.7e+10
10       7.15e+10  8.38e+10   8.6e+10  8.29e+10  7.65e+10  7.02e+10  6.28e+10  5.75e+10  5.16e+10  4.64e+10  4.19e+10  3.79e+10  3.44e+10  3.09e+10  2.83e+10  2.56e+10
100      1.27e+11  1.38e+11  1.35e+11  1.27e+11  1.15e+11  1.04e+11  9.27e+10  8.37e+10  7.47e+10  6.69e+10  6.01e+10  5.41e+10   4.9e+10  4.41e+10  4.01e+10  3.64e+10
O-O      2.66e+11  2.76e+11  2.65e+11  2.44e+11   2.2e+11  1.96e+11  1.74e+11  1.54e+11  1.37e+11  1.22e+11  1.08e+11  9.66e+10  8.65e+10  7.77e+10     7e+10  6.33e+10

W2-> 

P\T           500       600       700       800       900     1e+03   1.1e+03   1.2e+03   1.3e+03   1.4e+03   1.5e+03   1.6e+03   1.7e+03   1.8e+03   1.9e+03     2e+03
0.1      2.21e+10  3.44e+10  4.02e+10  4.13e+10  4.15e+10  3.99e+10   3.6e+10  3.44e+10  3.14e+10  2.85e+10  2.65e+10  2.39e+10  2.27e+10     2e+10  1.86e+10  1.72e+10
1        5.57e+10  7.44e+10  8.13e+10  8.05e+10  7.85e+10  7.39e+10  6.62e+10  6.22e+10  5.63e+10  5.07e+10  4.68e+10  4.21e+10  3.95e+10  3.49e+10  3.22e+10  2.97e+10
10       1.18e+11  1.42e+11  1.47e+11  1.41e+11  1.34e+11  1.24e+11   1.1e+11  1.02e+11  9.15e+10   8.2e+10  7.48e+10   6.7e+10  6.22e+10   5.5e+10  5.03e+10  4.62e+10
100      2.13e+11  2.37e+11  2.36e+11  2.22e+11  2.06e+11  1.88e+11  1.66e+11  1.51e+11  1.35e+11   1.2e+11  1.09e+11  9.72e+10  8.92e+10  7.93e+10  7.23e+10   6.6e+10
O-O      5.35e+11  5.54e+11  5.32e+11   4.9e+11  4.42e+11  3.94e+11   3.5e+11   3.1e+11  2.75e+11  2.44e+11  2.17e+11  1.94e+11  1.74e+11  1.56e+11   1.4e+11  1.27e+11

P1-> 

P\T           500       600       700       800       900     1e+03   1.1e+03   1.2e+03   1.3e+03   1.4e+03   1.5e+03   1.6e+03   1.7e+03   1.8e+03   1.9e+03     2e+03
0.1      9.77e-12  1.47e-11  1.81e-11  2.07e-11  2.26e-11  2.46e-11  2.57e-11  2.78e-11  2.91e-11  3.04e-11  3.18e-11  3.32e-11  3.46e-11  3.52e-11  3.66e-11  3.73e-11
1        2.46e-11  3.17e-11  3.66e-11  4.04e-11   4.3e-11  4.59e-11  4.75e-11  5.05e-11  5.23e-11  5.41e-11   5.6e-11  5.79e-11  5.97e-11  6.06e-11  6.26e-11  6.35e-11
10       4.97e-11   5.8e-11  6.36e-11  6.81e-11  7.11e-11  7.44e-11  7.62e-11  7.98e-11  8.19e-11   8.4e-11  8.62e-11  8.85e-11  9.05e-11  9.16e-11   9.4e-11   9.5e-11
100      8.85e-11  9.53e-11     1e-10  1.04e-10  1.07e-10  1.11e-10  1.12e-10  1.16e-10  1.19e-10  1.21e-10  1.24e-10  1.26e-10  1.29e-10   1.3e-10  1.33e-10  1.35e-10
O-O      1.85e-10  1.91e-10  1.96e-10  2.01e-10  2.05e-10  2.08e-10  2.11e-10  2.15e-10  2.17e-10   2.2e-10  2.23e-10  2.25e-10  2.27e-10   2.3e-10  2.32e-10  2.34e-10

P2-> 

P\T           500       600       700       800       900     1e+03   1.1e+03   1.2e+03   1.3e+03   1.4e+03   1.5e+03   1.6e+03   1.7e+03   1.8e+03   1.9e+03     2e+03
0.1      7.63e-12  1.15e-11  1.42e-11  1.61e-11  1.82e-11  1.99e-11  2.06e-11  2.25e-11  2.35e-11  2.44e-11  2.58e-11  2.65e-11  2.87e-11  2.83e-11  2.95e-11  3.07e-11
1        1.94e-11  2.56e-11  2.98e-11  3.27e-11   3.6e-11  3.87e-11  3.96e-11  4.26e-11  4.41e-11  4.54e-11  4.76e-11  4.85e-11  5.15e-11  5.11e-11  5.28e-11  5.44e-11
10       4.04e-11  4.97e-11   5.5e-11  5.86e-11  6.27e-11  6.49e-11   6.6e-11  6.98e-11  7.17e-11  7.32e-11   7.6e-11  7.71e-11  8.07e-11  8.03e-11  8.24e-11  8.44e-11
100      7.32e-11   8.1e-11  8.64e-11     9e-11  9.46e-11  9.81e-11  9.93e-11  1.03e-10  1.06e-10  1.07e-10   1.1e-10  1.12e-10  1.16e-10  1.16e-10  1.18e-10  1.21e-10
O-O      1.84e-10  1.89e-10  1.94e-10  1.99e-10  2.03e-10  2.06e-10   2.1e-10  2.13e-10  2.16e-10  2.18e-10  2.21e-10  2.23e-10  2.25e-10  2.28e-10   2.3e-10  2.32e-10

