Wells (G - ground energy, D - dissociation limit, kcal/mol):
                            W         G         D
                 C5O2sidwaoze         0      25.5
      FakeW-C2H2(40)+S(2258)e      6.64      9.64

Bimolecular Products (G - ground energy, kcal/mol):
                      P         G
      C2H2(40)+S(2258)e      9.64

Well-to-Bimolecular Barriers (H/G - barrier height/well depth, kcal/mol)
                            B         H                       W         G                 P
      FakeB-C2H2(40)+S(2258)e      9.64 FakeW-C2H2(40)+S(2258)e      6.64 C2H2(40)+S(2258)e

Well-to-Well Barriers (H/G - barrier height/well depth, kcal/mol):
            B         H                      W1        G1                      W2        G2
      ts_3_54      25.5            C5O2sidwaoze         0 FakeW-C2H2(40)+S(2258)e      6.64

Bound Groups: dissociation barrier (name/ground energy, kcal/mol): wells (name/ground energy, kcal/mol):
     C1/9.64:  FakeW-C2H2(40)+S(2258)e/6.64

     B1/25.5:  C5O2sidwaoze/0

________________________________________________________________________________________

Names Translation Tables (<short name> - <original name>):
Wells:
   W1 - C5O2sidwaoze
   W2 - FakeW-C2H2(40)+S(2258)e
Bimolecular products:
   P1 - C2H2(40)+S(2258)e
Inner Barriers:
   B1 - ts_3_54
Outer Barriers:
   C1 - FakeB-C2H2(40)+S(2258)e
Unimolecular Rate Units: 1/sec;  Bimolecular Rate Units: cm^3/sec

______________________________________________________________________________________

Species-Species Rate Tables:

Temperature = 500 K

High Pressure Rate Coefficients:

From\To         W1        W2        P1
W1             ***       112       ***
W2            47.1       ***  1.42e+11
P1             ***  2.06e-10       ***

Temperature = 500 K    Pressure = 0.1 atm

From\To         W1        W2        P1
W1             103   0.00277       103
W2        7.09e-06  8.66e+09  8.66e+09
P1        6.32e-20  1.24e-11  1.24e-11

Temperature = 500 K    Pressure = 1 atm

From\To         W1        W2        P1
W1             110   0.00701       110
W2        -5.5e-06  2.06e+10  2.06e+10
P1        6.73e-20  2.99e-11  2.99e-11

Temperature = 500 K    Pressure = 10 atm

From\To         W1        W2        P1
W1             111    0.0385       111
W2          0.0102  4.16e+10  4.16e+10
P1        6.79e-20  6.04e-11  6.04e-11

Temperature = 500 K    Pressure = 100 atm

From\To         W1        W2        P1
W1             111      3.62       108
W2            1.51  7.78e+10  7.78e+10
P1        6.58e-20  1.13e-10  1.13e-10

Temperature = 600 K

High Pressure Rate Coefficients:

From\To         W1        W2        P1
W1             ***  9.61e+03       ***
W2             894       ***  1.59e+11
P1             ***  2.12e-10       ***

Temperature = 600 K    Pressure = 0.1 atm

From\To         W1        W2        P1
W1        7.14e+03     0.288  7.14e+03
W2       -0.000169  1.22e+10  1.22e+10
P1        8.86e-19  1.61e-11  1.61e-11

Temperature = 600 K    Pressure = 1 atm

From\To         W1        W2        P1
W1        8.99e+03     0.905  8.99e+03
W2         0.00846  2.67e+10  2.67e+10
P1        1.12e-18  3.56e-11  3.56e-11

Temperature = 600 K    Pressure = 10 atm

From\To         W1        W2        P1
W1        9.49e+03      5.57  9.49e+03
W2           0.367  5.03e+10  5.03e+10
P1        1.18e-18  6.71e-11  6.71e-11

Temperature = 600 K    Pressure = 100 atm

From\To         W1        W2        P1
W1        9.56e+03       316  9.25e+03
W2            29.2  8.68e+10  8.68e+10
P1        1.15e-18  1.16e-10  1.16e-10

Temperature = 700 K

High Pressure Rate Coefficients:

From\To         W1        W2        P1
W1             ***  2.39e+05       ***
W2        7.26e+03       ***  1.63e+11
P1             ***  2.18e-10       ***

Temperature = 700 K    Pressure = 0.1 atm

From\To         W1        W2        P1
W1        1.14e+05      5.86  1.14e+05
W2         0.00462  1.42e+10  1.42e+10
P1        4.61e-18  1.86e-11  1.86e-11

Temperature = 700 K    Pressure = 1 atm

From\To         W1        W2        P1
W1        1.92e+05      25.9  1.91e+05
W2           0.158  2.95e+10  2.95e+10
P1        7.76e-18  3.93e-11  3.93e-11

Temperature = 700 K    Pressure = 10 atm

From\To         W1        W2        P1
W1        2.29e+05       236  2.29e+05
W2            5.78  5.35e+10  5.35e+10
P1        9.29e-18  7.14e-11  7.14e-11

Temperature = 700 K    Pressure = 100 atm

From\To         W1        W2        P1
W1        2.37e+05  8.91e+03  2.28e+05
W2             268  8.85e+10  8.85e+10
P1        9.26e-18  1.18e-10  1.18e-10

Temperature = 800 K

High Pressure Rate Coefficients:

From\To         W1        W2        P1
W1             ***  2.72e+06       ***
W2        3.47e+04       ***  1.59e+11
P1             ***  2.23e-10       ***

Temperature = 800 K    Pressure = 0.1 atm

From\To         W1        W2        P1
W1        6.63e+05      48.2  6.63e+05
W2           0.115  1.52e+10  1.52e+10
P1        1.18e-17  2.08e-11  2.08e-11

Temperature = 800 K    Pressure = 1 atm

From\To         W1        W2        P1
W1        1.59e+06       433  1.59e+06
W2            3.04  3.06e+10  3.06e+10
P1        2.83e-17  4.25e-11  4.25e-11

Temperature = 800 K    Pressure = 10 atm

From\To         W1        W2        P1
W1        2.39e+06  5.54e+03  2.39e+06
W2            63.9  5.39e+10  5.39e+10
P1        4.25e-17  7.53e-11  7.53e-11

Temperature = 800 K    Pressure = 100 atm

From\To         W1        W2        P1
W1        2.67e+06  1.24e+05  2.54e+06
W2        1.57e+03  8.66e+10  8.66e+10
P1        4.53e-17  1.21e-10  1.21e-10

Temperature = 900 K

High Pressure Rate Coefficients:

From\To         W1        W2        P1
W1             ***  1.83e+07       ***
W2        1.16e+05       ***  1.52e+11
P1             ***  2.27e-10       ***

Temperature = 900 K    Pressure = 0.1 atm

From\To         W1        W2        P1
W1        1.98e+06       747  1.97e+06
W2            3.34  1.58e+10  1.58e+10
P1        1.88e-17  2.31e-11  2.31e-11

Temperature = 900 K    Pressure = 1 atm

From\To         W1        W2        P1
W1         6.6e+06  8.91e+03  6.59e+06
W2            50.4  3.09e+10  3.09e+10
P1        6.28e-17   4.6e-11   4.6e-11

Temperature = 900 K    Pressure = 10 atm

From\To         W1        W2        P1
W1        1.34e+07  8.79e+04  1.33e+07
W2             539  5.31e+10  5.31e+10
P1        1.27e-16  7.95e-11  7.95e-11

Temperature = 900 K    Pressure = 100 atm

From\To         W1        W2        P1
W1        1.73e+07  1.08e+06  1.62e+07
W2        6.82e+03  8.32e+10  8.32e+10
P1        1.54e-16  1.25e-10  1.25e-10

Temperature = 1e+03 K

High Pressure Rate Coefficients:

From\To         W1        W2        P1
W1             ***  8.46e+07       ***
W2        3.04e+05       ***  1.42e+11
P1             ***  2.31e-10       ***

Temperature = 1e+03 K    Pressure = 0.1 atm

From\To         W1        W2        P1
W1        3.99e+06  1.46e+04  3.98e+06
W2            45.4  1.59e+10  1.59e+10
P1        2.33e-17  2.51e-11  2.51e-11

Temperature = 1e+03 K    Pressure = 1 atm

From\To         W1        W2        P1
W1        1.68e+07  1.21e+05  1.67e+07
W2             421  3.02e+10  3.02e+10
P1        9.77e-17  4.89e-11  4.89e-11

Temperature = 1e+03 K    Pressure = 10 atm

From\To         W1        W2        P1
W1        4.62e+07  8.26e+05  4.54e+07
W2        2.93e+03   5.1e+10   5.1e+10
P1        2.66e-16  8.31e-11  8.31e-11

Temperature = 1e+03 K    Pressure = 100 atm

From\To         W1        W2        P1
W1         7.4e+07  6.36e+06  6.76e+07
W2        2.28e+04  7.84e+10  7.84e+10
P1        3.97e-16  1.28e-10  1.28e-10

Temperature = 1.1e+03 K

High Pressure Rate Coefficients:

From\To         W1        W2        P1
W1             ***  2.98e+08       ***
W2        6.67e+05       ***  1.32e+11
P1             ***  2.35e-10       ***

Temperature = 1.1e+03 K    Pressure = 0.1 atm

From\To         W1        W2        P1
W1        6.84e+06  1.51e+05  6.69e+06
W2             309  1.53e+10  1.53e+10
P1        2.67e-17  2.65e-11  2.65e-11

Temperature = 1.1e+03 K    Pressure = 1 atm

From\To         W1        W2        P1
W1        3.17e+07  9.02e+05  3.08e+07
W2        1.97e+03  2.86e+10  2.86e+10
P1        1.23e-16  5.09e-11  5.09e-11

Temperature = 1.1e+03 K    Pressure = 10 atm

From\To         W1        W2        P1
W1         1.1e+08   4.7e+06  1.05e+08
W2        1.04e+04  4.78e+10  4.78e+10
P1         4.2e-16  8.53e-11  8.53e-11

Temperature = 1.1e+03 K    Pressure = 100 atm

From\To         W1        W2        P1
W1        2.27e+08  2.67e+07     2e+08
W2        5.94e+04  7.27e+10  7.27e+10
P1           8e-16   1.3e-10   1.3e-10

Temperature = 1.2e+03 K

High Pressure Rate Coefficients:

From\To         W1        W2        P1
W1             ***  8.57e+08       ***
W2        1.28e+06       ***  1.21e+11
P1             ***  2.38e-10       ***

Temperature = 1.2e+03 K    Pressure = 0.1 atm

From\To         W1        W2        P1
W1        9.36e+06  7.72e+05  8.59e+06
W2        1.07e+03  1.42e+10  1.42e+10
P1        2.53e-17   2.7e-11   2.7e-11

Temperature = 1.2e+03 K    Pressure = 1 atm

From\To         W1        W2        P1
W1        4.64e+07  3.77e+06  4.26e+07
W2        5.51e+03  2.64e+10  2.64e+10
P1        1.25e-16  5.15e-11  5.15e-11

Temperature = 1.2e+03 K    Pressure = 10 atm

From\To         W1        W2        P1
W1        1.95e+08  1.71e+07  1.78e+08
W2        2.53e+04  4.38e+10  4.38e+10
P1         5.2e-16  8.59e-11  8.59e-11

Temperature = 1.2e+03 K    Pressure = 100 atm

From\To         W1        W2        P1
W1        5.24e+08  8.21e+07  4.42e+08
W2        1.22e+05  6.63e+10  6.63e+10
P1        1.29e-15   1.3e-10   1.3e-10

Temperature = 1.3e+03 K

High Pressure Rate Coefficients:

From\To         W1        W2        P1
W1             ***   2.1e+09       ***
W2        2.21e+06       ***  1.12e+11
P1             ***  2.42e-10       ***

Temperature = 1.3e+03 K    Pressure = 0.1 atm

From\To         W1        W2        P1
W1        1.25e+07  3.04e+06  9.49e+06
W2        3.01e+03  1.38e+10  1.38e+10
P1        2.22e-17   2.9e-11   2.9e-11

Temperature = 1.3e+03 K    Pressure = 1 atm

From\To         W1        W2        P1
W1        6.09e+07  1.26e+07  4.83e+07
W2         1.3e+04  2.53e+10  2.53e+10
P1         1.1e-16  5.44e-11  5.44e-11

Temperature = 1.3e+03 K    Pressure = 10 atm

From\To         W1        W2        P1
W1        2.84e+08  5.16e+07  2.33e+08
W2        5.39e+04  4.15e+10  4.15e+10
P1         5.3e-16  8.96e-11  8.96e-11

Temperature = 1.3e+03 K    Pressure = 100 atm

From\To         W1        W2        P1
W1        9.61e+08  2.17e+08  7.44e+08
W2        2.27e+05  6.18e+10  6.18e+10
P1        1.69e-15  1.34e-10  1.34e-10

Temperature = 1.4e+03 K

High Pressure Rate Coefficients:

From\To         W1        W2        P1
W1             ***  4.54e+09       ***
W2        3.52e+06       ***  1.03e+11
P1             ***  2.45e-10       ***

Temperature = 1.4e+03 K    Pressure = 0.1 atm

From\To         W1        W2        P1
W1        1.65e+07   7.6e+06  8.92e+06
W2        5.61e+03   1.3e+10   1.3e+10
P1        1.75e-17  2.99e-11  2.99e-11

Temperature = 1.4e+03 K    Pressure = 1 atm

From\To         W1        W2        P1
W1         7.5e+07  2.88e+07  4.62e+07
W2        2.19e+04  2.35e+10  2.35e+10
P1        8.66e-17  5.58e-11  5.58e-11

Temperature = 1.4e+03 K    Pressure = 10 atm

From\To         W1        W2        P1
W1        3.66e+08  1.13e+08  2.53e+08
W2        8.71e+04  3.83e+10  3.83e+10
P1        4.68e-16  9.11e-11  9.11e-11

Temperature = 1.4e+03 K    Pressure = 100 atm

From\To         W1        W2        P1
W1        1.47e+09  4.49e+08  1.02e+09
W2        3.47e+05  5.68e+10  5.68e+10
P1        1.88e-15  1.35e-10  1.35e-10

Temperature = 1.5e+03 K

High Pressure Rate Coefficients:

From\To         W1        W2        P1
W1             ***  8.88e+09       ***
W2        5.26e+06       ***  9.45e+10
P1             ***  2.48e-10       ***

Temperature = 1.5e+03 K    Pressure = 0.1 atm

From\To         W1        W2        P1
W1        2.12e+07  1.43e+07  6.86e+06
W2         8.1e+03  1.22e+10  1.22e+10
P1        1.23e-17   3.1e-11   3.1e-11

Temperature = 1.5e+03 K    Pressure = 1 atm

From\To         W1        W2        P1
W1        8.92e+07   5.2e+07  3.72e+07
W2        3.02e+04   2.2e+10   2.2e+10
P1        5.98e-17  5.73e-11  5.73e-11

Temperature = 1.5e+03 K    Pressure = 10 atm

From\To         W1        W2        P1
W1        4.35e+08  2.04e+08  2.31e+08
W2         1.2e+05  3.55e+10  3.55e+10
P1        3.61e-16   9.3e-11   9.3e-11

Temperature = 1.5e+03 K    Pressure = 100 atm

From\To         W1        W2        P1
W1        1.95e+09  7.95e+08  1.16e+09
W2         4.7e+05  5.24e+10  5.24e+10
P1         1.8e-15  1.37e-10  1.37e-10

Temperature = 1.6e+03 K

High Pressure Rate Coefficients:

From\To         W1        W2        P1
W1             ***   1.6e+10       ***
W2        7.46e+06       ***  8.69e+10
P1             ***   2.5e-10       ***

Temperature = 1.6e+03 K    Pressure = 0.1 atm

From\To         W1        W2        P1
W1        2.26e+07   1.9e+07  3.61e+06
W2         8.4e+03  1.16e+10  1.16e+10
P1        6.94e-18  3.22e-11  3.22e-11

Temperature = 1.6e+03 K    Pressure = 1 atm

From\To         W1        W2        P1
W1        9.62e+07  7.24e+07  2.38e+07
W2         3.3e+04  2.06e+10  2.06e+10
P1        3.46e-17   5.9e-11   5.9e-11

Temperature = 1.6e+03 K    Pressure = 10 atm

From\To         W1        W2        P1
W1        4.72e+08  2.98e+08  1.74e+08
W2        1.38e+05   3.3e+10   3.3e+10
P1        2.37e-16   9.5e-11   9.5e-11

Temperature = 1.6e+03 K    Pressure = 100 atm

From\To         W1        W2        P1
W1        2.31e+09  1.21e+09  1.11e+09
W2        5.63e+05  4.84e+10  4.84e+10
P1        1.49e-15  1.39e-10  1.39e-10

Temperature = 1.7e+03 K

High Pressure Rate Coefficients:

From\To         W1        W2        P1
W1             ***  2.69e+10       ***
W2        1.01e+07       ***  8.01e+10
P1             ***  2.53e-10       ***

Temperature = 1.7e+03 K    Pressure = 0.1 atm

From\To         W1        W2        P1
W1        2.62e+07  2.41e+07  2.15e+06
W2        8.69e+03  1.07e+10  1.07e+10
P1         4.5e-18  3.28e-11  3.28e-11

Temperature = 1.7e+03 K    Pressure = 1 atm

From\To         W1        W2        P1
W1        1.09e+08  9.33e+07  1.59e+07
W2        3.46e+04   1.9e+10   1.9e+10
P1        2.13e-17  5.97e-11  5.97e-11

Temperature = 1.7e+03 K    Pressure = 10 atm

From\To         W1        W2        P1
W1        5.13e+08  3.86e+08  1.27e+08
W2        1.44e+05  3.04e+10  3.04e+10
P1        1.54e-16  9.58e-11  9.58e-11

Temperature = 1.7e+03 K    Pressure = 100 atm

From\To         W1        W2        P1
W1         2.6e+09  1.62e+09  9.85e+08
W2        6.09e+05  4.44e+10  4.44e+10
P1        1.17e-15   1.4e-10   1.4e-10

Temperature = 1.8e+03 K

High Pressure Rate Coefficients:

From\To         W1        W2        P1
W1             ***  4.29e+10       ***
W2        1.33e+07       ***  7.39e+10
P1             ***  2.55e-10       ***

Temperature = 1.8e+03 K    Pressure = 0.1 atm

From\To         W1        W2        P1
W1        2.65e+07  2.58e+07  6.86e+05
W2        7.51e+03     1e+10     1e+10
P1        3.26e-18  3.35e-11  3.35e-11

Temperature = 1.8e+03 K    Pressure = 1 atm

From\To         W1        W2        P1
W1        1.24e+08  1.15e+08  9.23e+06
W2         3.5e+04  1.77e+10  1.77e+10
P1         1.3e-17  6.08e-11  6.08e-11

Temperature = 1.8e+03 K    Pressure = 10 atm

From\To         W1        W2        P1
W1        5.68e+08  4.85e+08  8.25e+07
W2         1.5e+05  2.82e+10  2.82e+10
P1        9.29e-17  9.72e-11  9.72e-11

Temperature = 1.8e+03 K    Pressure = 100 atm

From\To         W1        W2        P1
W1        2.88e+09  2.11e+09  7.74e+08
W2        6.53e+05   4.1e+10   4.1e+10
P1        8.35e-16  1.42e-10  1.42e-10

Temperature = 1.9e+03 K

High Pressure Rate Coefficients:

From\To         W1        W2        P1
W1             ***   6.5e+10       ***
W2         1.7e+07       ***  6.83e+10
P1             ***  2.57e-10       ***

Temperature = 1.9e+03 K    Pressure = 0.1 atm

From\To         W1        W2        P1
W1        2.08e+07  2.08e+07   3.4e+04
W2        4.99e+03  9.54e+09  9.54e+09
P1         2.2e-18  3.48e-11  3.48e-11

Temperature = 1.9e+03 K    Pressure = 1 atm

From\To         W1        W2        P1
W1         1.2e+08  1.16e+08  4.33e+06
W2        2.96e+04  1.67e+10  1.67e+10
P1        7.37e-18  6.27e-11  6.27e-11

Temperature = 1.9e+03 K    Pressure = 10 atm

From\To         W1        W2        P1
W1         5.8e+08  5.33e+08  4.68e+07
W2        1.38e+05  2.64e+10  2.64e+10
P1        5.08e-17  9.95e-11  9.95e-11

Temperature = 1.9e+03 K    Pressure = 100 atm

From\To         W1        W2        P1
W1        2.99e+09  2.46e+09  5.33e+08
W2         6.4e+05  3.82e+10  3.82e+10
P1         5.3e-16  1.44e-10  1.44e-10

Temperature = 2e+03 K

High Pressure Rate Coefficients:

From\To         W1        W2        P1
W1             ***  9.47e+10       ***
W2         2.1e+07       ***  6.32e+10
P1             ***   2.6e-10       ***

Temperature = 2e+03 K    Pressure = 0.1 atm

From\To         W1        W2        P1
W1        1.68e+07  1.69e+07 -1.05e+05
W2        3.43e+03  8.79e+09  8.79e+09
P1        1.63e-18   3.5e-11   3.5e-11

Temperature = 2e+03 K    Pressure = 1 atm

From\To         W1        W2        P1
W1        1.14e+08  1.11e+08  2.11e+06
W2        2.42e+04  1.54e+10  1.54e+10
P1        4.79e-18  6.28e-11  6.28e-11

Temperature = 2e+03 K    Pressure = 10 atm

From\To         W1        W2        P1
W1        5.81e+08  5.53e+08  2.79e+07
W2        1.22e+05  2.43e+10  2.43e+10
P1           3e-17  9.97e-11  9.97e-11

Temperature = 2e+03 K    Pressure = 100 atm

From\To         W1        W2        P1
W1        3.04e+09  2.67e+09  3.65e+08
W2        5.92e+05  3.52e+10  3.52e+10
P1         3.4e-16  1.45e-10  1.45e-10

______________________________________________________________________________________

High Pressure Rate Coefficients (Temperature-Species Rate Tables):

Reactant = W1
   T(K)        W1        W2        P1
    500       ***       112       ***
    600       ***  9.61e+03       ***
    700       ***  2.39e+05       ***
    800       ***  2.72e+06       ***
    900       ***  1.83e+07       ***
  1e+03       ***  8.46e+07       ***
1.1e+03       ***  2.98e+08       ***
1.2e+03       ***  8.57e+08       ***
1.3e+03       ***   2.1e+09       ***
1.4e+03       ***  4.54e+09       ***
1.5e+03       ***  8.88e+09       ***
1.6e+03       ***   1.6e+10       ***
1.7e+03       ***  2.69e+10       ***
1.8e+03       ***  4.29e+10       ***
1.9e+03       ***   6.5e+10       ***
  2e+03       ***  9.47e+10       ***

Reactant = W2
   T(K)        W1        W2        P1
    500      47.1       ***  1.42e+11
    600       894       ***  1.59e+11
    700  7.26e+03       ***  1.63e+11
    800  3.47e+04       ***  1.59e+11
    900  1.16e+05       ***  1.52e+11
  1e+03  3.04e+05       ***  1.42e+11
1.1e+03  6.67e+05       ***  1.32e+11
1.2e+03  1.28e+06       ***  1.21e+11
1.3e+03  2.21e+06       ***  1.12e+11
1.4e+03  3.52e+06       ***  1.03e+11
1.5e+03  5.26e+06       ***  9.45e+10
1.6e+03  7.46e+06       ***  8.69e+10
1.7e+03  1.01e+07       ***  8.01e+10
1.8e+03  1.33e+07       ***  7.39e+10
1.9e+03   1.7e+07       ***  6.83e+10
  2e+03   2.1e+07       ***  6.32e+10

Reactant = P1
   T(K)        W1        W2        P1
    500       ***  2.06e-10       ***
    600       ***  2.12e-10       ***
    700       ***  2.18e-10       ***
    800       ***  2.23e-10       ***
    900       ***  2.27e-10       ***
  1e+03       ***  2.31e-10       ***
1.1e+03       ***  2.35e-10       ***
1.2e+03       ***  2.38e-10       ***
1.3e+03       ***  2.42e-10       ***
1.4e+03       ***  2.45e-10       ***
1.5e+03       ***  2.48e-10       ***
1.6e+03       ***   2.5e-10       ***
1.7e+03       ***  2.53e-10       ***
1.8e+03       ***  2.55e-10       ***
1.9e+03       ***  2.57e-10       ***
  2e+03       ***   2.6e-10       ***

Capture/Escape Rate Coefficients:

   T(K)        W1        W2        P1
    500       112  1.42e+11  2.06e-10
    600  9.61e+03  1.59e+11  2.12e-10
    700  2.39e+05  1.63e+11  2.18e-10
    800  2.72e+06  1.59e+11  2.23e-10
    900  1.83e+07  1.52e+11  2.27e-10
  1e+03  8.46e+07  1.42e+11  2.31e-10
1.1e+03  2.98e+08  1.32e+11  2.35e-10
1.2e+03  8.57e+08  1.21e+11  2.38e-10
1.3e+03   2.1e+09  1.12e+11  2.42e-10
1.4e+03  4.54e+09  1.03e+11  2.45e-10
1.5e+03  8.88e+09  9.45e+10  2.48e-10
1.6e+03   1.6e+10  8.69e+10   2.5e-10
1.7e+03  2.69e+10  8.01e+10  2.53e-10
1.8e+03  4.29e+10  7.39e+10  2.55e-10
1.9e+03   6.5e+10  6.83e+10  2.57e-10
  2e+03  9.47e+10  6.32e+10   2.6e-10

______________________________________________________________________________________

Pressure-Species Rate Tables:

Reactant = W1   Temperature = 500 K

   P(atm)        W2        P1      Loss
      0.1   0.00277       103       103
        1   0.00701       110       110
       10    0.0385       111       111
      100      3.62       108       111
      O-O       112       ***       112

Reactant = W1   Temperature = 600 K

   P(atm)        W2        P1      Loss
      0.1     0.288  7.14e+03  7.14e+03
        1     0.905  8.99e+03  8.99e+03
       10      5.57  9.49e+03  9.49e+03
      100       316  9.25e+03  9.56e+03
      O-O  9.61e+03       ***  9.61e+03

Reactant = W1   Temperature = 700 K

   P(atm)        W2        P1      Loss
      0.1      5.86  1.14e+05  1.14e+05
        1      25.9  1.91e+05  1.92e+05
       10       236  2.29e+05  2.29e+05
      100  8.91e+03  2.28e+05  2.37e+05
      O-O  2.39e+05       ***  2.39e+05

Reactant = W1   Temperature = 800 K

   P(atm)        W2        P1      Loss
      0.1      48.2  6.63e+05  6.63e+05
        1       433  1.59e+06  1.59e+06
       10  5.54e+03  2.39e+06  2.39e+06
      100  1.24e+05  2.54e+06  2.67e+06
      O-O  2.72e+06       ***  2.72e+06

Reactant = W1   Temperature = 900 K

   P(atm)        W2        P1      Loss
      0.1       747  1.97e+06  1.98e+06
        1  8.91e+03  6.59e+06   6.6e+06
       10  8.79e+04  1.33e+07  1.34e+07
      100  1.08e+06  1.62e+07  1.73e+07
      O-O  1.83e+07       ***  1.83e+07

Reactant = W1   Temperature = 1e+03 K

   P(atm)        W2        P1      Loss
      0.1  1.46e+04  3.98e+06  3.99e+06
        1  1.21e+05  1.67e+07  1.68e+07
       10  8.26e+05  4.54e+07  4.62e+07
      100  6.36e+06  6.76e+07   7.4e+07
      O-O  8.46e+07       ***  8.46e+07

Reactant = W1   Temperature = 1.1e+03 K

   P(atm)        W2        P1      Loss
      0.1  1.51e+05  6.69e+06  6.84e+06
        1  9.02e+05  3.08e+07  3.17e+07
       10   4.7e+06  1.05e+08   1.1e+08
      100  2.67e+07     2e+08  2.27e+08
      O-O  2.98e+08       ***  2.98e+08

Reactant = W1   Temperature = 1.2e+03 K

   P(atm)        W2        P1      Loss
      0.1  7.72e+05  8.59e+06  9.36e+06
        1  3.77e+06  4.26e+07  4.64e+07
       10  1.71e+07  1.78e+08  1.95e+08
      100  8.21e+07  4.42e+08  5.24e+08
      O-O  8.57e+08       ***  8.57e+08

Reactant = W1   Temperature = 1.3e+03 K

   P(atm)        W2        P1      Loss
      0.1  3.04e+06  9.49e+06  1.25e+07
        1  1.26e+07  4.83e+07  6.09e+07
       10  5.16e+07  2.33e+08  2.84e+08
      100  2.17e+08  7.44e+08  9.61e+08
      O-O   2.1e+09       ***   2.1e+09

Reactant = W1   Temperature = 1.4e+03 K

   P(atm)        W2        P1      Loss
      0.1   7.6e+06  8.92e+06  1.65e+07
        1  2.88e+07  4.62e+07   7.5e+07
       10  1.13e+08  2.53e+08  3.66e+08
      100  4.49e+08  1.02e+09  1.47e+09
      O-O  4.54e+09       ***  4.54e+09

Reactant = W1   Temperature = 1.5e+03 K

   P(atm)        W2        P1      Loss
      0.1  1.43e+07  6.86e+06  2.12e+07
        1   5.2e+07  3.72e+07  8.92e+07
       10  2.04e+08  2.31e+08  4.35e+08
      100  7.95e+08  1.16e+09  1.95e+09
      O-O  8.88e+09       ***  8.88e+09

Reactant = W1   Temperature = 1.6e+03 K

   P(atm)        W2        P1      Loss
      0.1   1.9e+07  3.61e+06  2.26e+07
        1  7.24e+07  2.38e+07  9.62e+07
       10  2.98e+08  1.74e+08  4.72e+08
      100  1.21e+09  1.11e+09  2.31e+09
      O-O   1.6e+10       ***   1.6e+10

Reactant = W1   Temperature = 1.7e+03 K

   P(atm)        W2        P1      Loss
      0.1  2.41e+07  2.15e+06  2.62e+07
        1  9.33e+07  1.59e+07  1.09e+08
       10  3.86e+08  1.27e+08  5.13e+08
      100  1.62e+09  9.85e+08   2.6e+09
      O-O  2.69e+10       ***  2.69e+10

Reactant = W1   Temperature = 1.8e+03 K

   P(atm)        W2        P1      Loss
      0.1  2.58e+07  6.86e+05  2.65e+07
        1  1.15e+08  9.23e+06  1.24e+08
       10  4.85e+08  8.25e+07  5.68e+08
      100  2.11e+09  7.74e+08  2.88e+09
      O-O  4.29e+10       ***  4.29e+10

Reactant = W1   Temperature = 1.9e+03 K

   P(atm)        W2        P1      Loss
      0.1  2.08e+07   3.4e+04  2.08e+07
        1  1.16e+08  4.33e+06   1.2e+08
       10  5.33e+08  4.68e+07   5.8e+08
      100  2.46e+09  5.33e+08  2.99e+09
      O-O   6.5e+10       ***   6.5e+10

Reactant = W1   Temperature = 2e+03 K

   P(atm)        W2        P1      Loss
      0.1  1.69e+07 -1.05e+05  1.68e+07
        1  1.11e+08  2.11e+06  1.14e+08
       10  5.53e+08  2.79e+07  5.81e+08
      100  2.67e+09  3.65e+08  3.04e+09
      O-O  9.47e+10       ***  9.47e+10

Reactant = W2   Temperature = 500 K

   P(atm)        W1        P1      Loss
      0.1  7.09e-06  8.66e+09  8.66e+09
        1  -5.5e-06  2.06e+10  2.06e+10
       10    0.0102  4.16e+10  4.16e+10
      100      1.51  7.78e+10  7.78e+10
      O-O      47.1  1.42e+11  1.42e+11

Reactant = W2   Temperature = 600 K

   P(atm)        W1        P1      Loss
      0.1 -0.000169  1.22e+10  1.22e+10
        1   0.00846  2.67e+10  2.67e+10
       10     0.367  5.03e+10  5.03e+10
      100      29.2  8.68e+10  8.68e+10
      O-O       894  1.59e+11  1.59e+11

Reactant = W2   Temperature = 700 K

   P(atm)        W1        P1      Loss
      0.1   0.00462  1.42e+10  1.42e+10
        1     0.158  2.95e+10  2.95e+10
       10      5.78  5.35e+10  5.35e+10
      100       268  8.85e+10  8.85e+10
      O-O  7.26e+03  1.63e+11  1.63e+11

Reactant = W2   Temperature = 800 K

   P(atm)        W1        P1      Loss
      0.1     0.115  1.52e+10  1.52e+10
        1      3.04  3.06e+10  3.06e+10
       10      63.9  5.39e+10  5.39e+10
      100  1.57e+03  8.66e+10  8.66e+10
      O-O  3.47e+04  1.59e+11  1.59e+11

Reactant = W2   Temperature = 900 K

   P(atm)        W1        P1      Loss
      0.1      3.34  1.58e+10  1.58e+10
        1      50.4  3.09e+10  3.09e+10
       10       539  5.31e+10  5.31e+10
      100  6.82e+03  8.32e+10  8.32e+10
      O-O  1.16e+05  1.52e+11  1.52e+11

Reactant = W2   Temperature = 1e+03 K

   P(atm)        W1        P1      Loss
      0.1      45.4  1.59e+10  1.59e+10
        1       421  3.02e+10  3.02e+10
       10  2.93e+03   5.1e+10   5.1e+10
      100  2.28e+04  7.84e+10  7.84e+10
      O-O  3.04e+05  1.42e+11  1.42e+11

Reactant = W2   Temperature = 1.1e+03 K

   P(atm)        W1        P1      Loss
      0.1       309  1.53e+10  1.53e+10
        1  1.97e+03  2.86e+10  2.86e+10
       10  1.04e+04  4.78e+10  4.78e+10
      100  5.94e+04  7.27e+10  7.27e+10
      O-O  6.67e+05  1.32e+11  1.32e+11

Reactant = W2   Temperature = 1.2e+03 K

   P(atm)        W1        P1      Loss
      0.1  1.07e+03  1.42e+10  1.42e+10
        1  5.51e+03  2.64e+10  2.64e+10
       10  2.53e+04  4.38e+10  4.38e+10
      100  1.22e+05  6.63e+10  6.63e+10
      O-O  1.28e+06  1.21e+11  1.21e+11

Reactant = W2   Temperature = 1.3e+03 K

   P(atm)        W1        P1      Loss
      0.1  3.01e+03  1.38e+10  1.38e+10
        1   1.3e+04  2.53e+10  2.53e+10
       10  5.39e+04  4.15e+10  4.15e+10
      100  2.27e+05  6.18e+10  6.18e+10
      O-O  2.21e+06  1.12e+11  1.12e+11

Reactant = W2   Temperature = 1.4e+03 K

   P(atm)        W1        P1      Loss
      0.1  5.61e+03   1.3e+10   1.3e+10
        1  2.19e+04  2.35e+10  2.35e+10
       10  8.71e+04  3.83e+10  3.83e+10
      100  3.47e+05  5.68e+10  5.68e+10
      O-O  3.52e+06  1.03e+11  1.03e+11

Reactant = W2   Temperature = 1.5e+03 K

   P(atm)        W1        P1      Loss
      0.1   8.1e+03  1.22e+10  1.22e+10
        1  3.02e+04   2.2e+10   2.2e+10
       10   1.2e+05  3.55e+10  3.55e+10
      100   4.7e+05  5.24e+10  5.24e+10
      O-O  5.26e+06  9.45e+10  9.45e+10

Reactant = W2   Temperature = 1.6e+03 K

   P(atm)        W1        P1      Loss
      0.1   8.4e+03  1.16e+10  1.16e+10
        1   3.3e+04  2.06e+10  2.06e+10
       10  1.38e+05   3.3e+10   3.3e+10
      100  5.63e+05  4.84e+10  4.84e+10
      O-O  7.46e+06  8.69e+10  8.69e+10

Reactant = W2   Temperature = 1.7e+03 K

   P(atm)        W1        P1      Loss
      0.1  8.69e+03  1.07e+10  1.07e+10
        1  3.46e+04   1.9e+10   1.9e+10
       10  1.44e+05  3.04e+10  3.04e+10
      100  6.09e+05  4.44e+10  4.44e+10
      O-O  1.01e+07  8.01e+10  8.01e+10

Reactant = W2   Temperature = 1.8e+03 K

   P(atm)        W1        P1      Loss
      0.1  7.51e+03     1e+10     1e+10
        1   3.5e+04  1.77e+10  1.77e+10
       10   1.5e+05  2.82e+10  2.82e+10
      100  6.53e+05   4.1e+10   4.1e+10
      O-O  1.33e+07  7.39e+10  7.39e+10

Reactant = W2   Temperature = 1.9e+03 K

   P(atm)        W1        P1      Loss
      0.1  4.99e+03  9.54e+09  9.54e+09
        1  2.96e+04  1.67e+10  1.67e+10
       10  1.38e+05  2.64e+10  2.64e+10
      100   6.4e+05  3.82e+10  3.82e+10
      O-O   1.7e+07  6.83e+10  6.83e+10

Reactant = W2   Temperature = 2e+03 K

   P(atm)        W1        P1      Loss
      0.1  3.43e+03  8.79e+09  8.79e+09
        1  2.42e+04  1.54e+10  1.54e+10
       10  1.22e+05  2.43e+10  2.43e+10
      100  5.92e+05  3.52e+10  3.52e+10
      O-O   2.1e+07  6.32e+10  6.32e+10

Reactant = P1   Temperature = 500 K

   P(atm)        W1        W2      Loss
      0.1  6.32e-20  1.24e-11  1.24e-11
        1  6.73e-20  2.99e-11  2.99e-11
       10  6.79e-20  6.04e-11  6.04e-11
      100  6.58e-20  1.13e-10  1.13e-10
      O-O       ***  2.06e-10  2.06e-10

Reactant = P1   Temperature = 600 K

   P(atm)        W1        W2      Loss
      0.1  8.86e-19  1.61e-11  1.61e-11
        1  1.12e-18  3.56e-11  3.56e-11
       10  1.18e-18  6.71e-11  6.71e-11
      100  1.15e-18  1.16e-10  1.16e-10
      O-O       ***  2.12e-10  2.12e-10

Reactant = P1   Temperature = 700 K

   P(atm)        W1        W2      Loss
      0.1  4.61e-18  1.86e-11  1.86e-11
        1  7.76e-18  3.93e-11  3.93e-11
       10  9.29e-18  7.14e-11  7.14e-11
      100  9.26e-18  1.18e-10  1.18e-10
      O-O       ***  2.18e-10  2.18e-10

Reactant = P1   Temperature = 800 K

   P(atm)        W1        W2      Loss
      0.1  1.18e-17  2.08e-11  2.08e-11
        1  2.83e-17  4.25e-11  4.25e-11
       10  4.25e-17  7.53e-11  7.53e-11
      100  4.53e-17  1.21e-10  1.21e-10
      O-O       ***  2.23e-10  2.23e-10

Reactant = P1   Temperature = 900 K

   P(atm)        W1        W2      Loss
      0.1  1.88e-17  2.31e-11  2.31e-11
        1  6.28e-17   4.6e-11   4.6e-11
       10  1.27e-16  7.95e-11  7.95e-11
      100  1.54e-16  1.25e-10  1.25e-10
      O-O       ***  2.27e-10  2.27e-10

Reactant = P1   Temperature = 1e+03 K

   P(atm)        W1        W2      Loss
      0.1  2.33e-17  2.51e-11  2.51e-11
        1  9.77e-17  4.89e-11  4.89e-11
       10  2.66e-16  8.31e-11  8.31e-11
      100  3.97e-16  1.28e-10  1.28e-10
      O-O       ***  2.31e-10  2.31e-10

Reactant = P1   Temperature = 1.1e+03 K

   P(atm)        W1        W2      Loss
      0.1  2.67e-17  2.65e-11  2.65e-11
        1  1.23e-16  5.09e-11  5.09e-11
       10   4.2e-16  8.53e-11  8.53e-11
      100     8e-16   1.3e-10   1.3e-10
      O-O       ***  2.35e-10  2.35e-10

Reactant = P1   Temperature = 1.2e+03 K

   P(atm)        W1        W2      Loss
      0.1  2.53e-17   2.7e-11   2.7e-11
        1  1.25e-16  5.15e-11  5.15e-11
       10   5.2e-16  8.59e-11  8.59e-11
      100  1.29e-15   1.3e-10   1.3e-10
      O-O       ***  2.38e-10  2.38e-10

Reactant = P1   Temperature = 1.3e+03 K

   P(atm)        W1        W2      Loss
      0.1  2.22e-17   2.9e-11   2.9e-11
        1   1.1e-16  5.44e-11  5.44e-11
       10   5.3e-16  8.96e-11  8.96e-11
      100  1.69e-15  1.34e-10  1.34e-10
      O-O       ***  2.42e-10  2.42e-10

Reactant = P1   Temperature = 1.4e+03 K

   P(atm)        W1        W2      Loss
      0.1  1.75e-17  2.99e-11  2.99e-11
        1  8.66e-17  5.58e-11  5.58e-11
       10  4.68e-16  9.11e-11  9.11e-11
      100  1.88e-15  1.35e-10  1.35e-10
      O-O       ***  2.45e-10  2.45e-10

Reactant = P1   Temperature = 1.5e+03 K

   P(atm)        W1        W2      Loss
      0.1  1.23e-17   3.1e-11   3.1e-11
        1  5.98e-17  5.73e-11  5.73e-11
       10  3.61e-16   9.3e-11   9.3e-11
      100   1.8e-15  1.37e-10  1.37e-10
      O-O       ***  2.48e-10  2.48e-10

Reactant = P1   Temperature = 1.6e+03 K

   P(atm)        W1        W2      Loss
      0.1  6.94e-18  3.22e-11  3.22e-11
        1  3.46e-17   5.9e-11   5.9e-11
       10  2.37e-16   9.5e-11   9.5e-11
      100  1.49e-15  1.39e-10  1.39e-10
      O-O       ***   2.5e-10   2.5e-10

Reactant = P1   Temperature = 1.7e+03 K

   P(atm)        W1        W2      Loss
      0.1   4.5e-18  3.28e-11  3.28e-11
        1  2.13e-17  5.97e-11  5.97e-11
       10  1.54e-16  9.58e-11  9.58e-11
      100  1.17e-15   1.4e-10   1.4e-10
      O-O       ***  2.53e-10  2.53e-10

Reactant = P1   Temperature = 1.8e+03 K

   P(atm)        W1        W2      Loss
      0.1  3.26e-18  3.35e-11  3.35e-11
        1   1.3e-17  6.08e-11  6.08e-11
       10  9.29e-17  9.72e-11  9.72e-11
      100  8.35e-16  1.42e-10  1.42e-10
      O-O       ***  2.55e-10  2.55e-10

Reactant = P1   Temperature = 1.9e+03 K

   P(atm)        W1        W2      Loss
      0.1   2.2e-18  3.48e-11  3.48e-11
        1  7.37e-18  6.27e-11  6.27e-11
       10  5.08e-17  9.95e-11  9.95e-11
      100   5.3e-16  1.44e-10  1.44e-10
      O-O       ***  2.57e-10  2.57e-10

Reactant = P1   Temperature = 2e+03 K

   P(atm)        W1        W2      Loss
      0.1  1.63e-18   3.5e-11   3.5e-11
        1  4.79e-18  6.28e-11  6.28e-11
       10     3e-17  9.97e-11  9.97e-11
      100   3.4e-16  1.45e-10  1.45e-10
      O-O       ***   2.6e-10   2.6e-10

______________________________________________________________________________________

Temperature-Species Rate Tables:

Reactant = W1   Pressure = 0.1 atm

   T(K)        W2        P1      Loss   Capture
    500   0.00277       103       103       112
    600     0.288  7.14e+03  7.14e+03  9.61e+03
    700      5.86  1.14e+05  1.14e+05  2.39e+05
    800      48.2  6.63e+05  6.63e+05  2.72e+06
    900       747  1.97e+06  1.98e+06  1.83e+07
  1e+03  1.46e+04  3.98e+06  3.99e+06  8.46e+07
1.1e+03  1.51e+05  6.69e+06  6.84e+06  2.98e+08
1.2e+03  7.72e+05  8.59e+06  9.36e+06  8.57e+08
1.3e+03  3.04e+06  9.49e+06  1.25e+07   2.1e+09
1.4e+03   7.6e+06  8.92e+06  1.65e+07  4.54e+09
1.5e+03  1.43e+07  6.86e+06  2.12e+07  8.88e+09
1.6e+03   1.9e+07  3.61e+06  2.26e+07   1.6e+10
1.7e+03  2.41e+07  2.15e+06  2.62e+07  2.69e+10
1.8e+03  2.58e+07  6.86e+05  2.65e+07  4.29e+10
1.9e+03  2.08e+07   3.4e+04  2.08e+07   6.5e+10
  2e+03  1.69e+07 -1.05e+05  1.68e+07  9.47e+10

Reactant = W1   Pressure = 1 atm

   T(K)        W2        P1      Loss   Capture
    500   0.00701       110       110       112
    600     0.905  8.99e+03  8.99e+03  9.61e+03
    700      25.9  1.91e+05  1.92e+05  2.39e+05
    800       433  1.59e+06  1.59e+06  2.72e+06
    900  8.91e+03  6.59e+06   6.6e+06  1.83e+07
  1e+03  1.21e+05  1.67e+07  1.68e+07  8.46e+07
1.1e+03  9.02e+05  3.08e+07  3.17e+07  2.98e+08
1.2e+03  3.77e+06  4.26e+07  4.64e+07  8.57e+08
1.3e+03  1.26e+07  4.83e+07  6.09e+07   2.1e+09
1.4e+03  2.88e+07  4.62e+07   7.5e+07  4.54e+09
1.5e+03   5.2e+07  3.72e+07  8.92e+07  8.88e+09
1.6e+03  7.24e+07  2.38e+07  9.62e+07   1.6e+10
1.7e+03  9.33e+07  1.59e+07  1.09e+08  2.69e+10
1.8e+03  1.15e+08  9.23e+06  1.24e+08  4.29e+10
1.9e+03  1.16e+08  4.33e+06   1.2e+08   6.5e+10
  2e+03  1.11e+08  2.11e+06  1.14e+08  9.47e+10

Reactant = W1   Pressure = 10 atm

   T(K)        W2        P1      Loss   Capture
    500    0.0385       111       111       112
    600      5.57  9.49e+03  9.49e+03  9.61e+03
    700       236  2.29e+05  2.29e+05  2.39e+05
    800  5.54e+03  2.39e+06  2.39e+06  2.72e+06
    900  8.79e+04  1.33e+07  1.34e+07  1.83e+07
  1e+03  8.26e+05  4.54e+07  4.62e+07  8.46e+07
1.1e+03   4.7e+06  1.05e+08   1.1e+08  2.98e+08
1.2e+03  1.71e+07  1.78e+08  1.95e+08  8.57e+08
1.3e+03  5.16e+07  2.33e+08  2.84e+08   2.1e+09
1.4e+03  1.13e+08  2.53e+08  3.66e+08  4.54e+09
1.5e+03  2.04e+08  2.31e+08  4.35e+08  8.88e+09
1.6e+03  2.98e+08  1.74e+08  4.72e+08   1.6e+10
1.7e+03  3.86e+08  1.27e+08  5.13e+08  2.69e+10
1.8e+03  4.85e+08  8.25e+07  5.68e+08  4.29e+10
1.9e+03  5.33e+08  4.68e+07   5.8e+08   6.5e+10
  2e+03  5.53e+08  2.79e+07  5.81e+08  9.47e+10

Reactant = W1   Pressure = 100 atm

   T(K)        W2        P1      Loss   Capture
    500      3.62       108       111       112
    600       316  9.25e+03  9.56e+03  9.61e+03
    700  8.91e+03  2.28e+05  2.37e+05  2.39e+05
    800  1.24e+05  2.54e+06  2.67e+06  2.72e+06
    900  1.08e+06  1.62e+07  1.73e+07  1.83e+07
  1e+03  6.36e+06  6.76e+07   7.4e+07  8.46e+07
1.1e+03  2.67e+07     2e+08  2.27e+08  2.98e+08
1.2e+03  8.21e+07  4.42e+08  5.24e+08  8.57e+08
1.3e+03  2.17e+08  7.44e+08  9.61e+08   2.1e+09
1.4e+03  4.49e+08  1.02e+09  1.47e+09  4.54e+09
1.5e+03  7.95e+08  1.16e+09  1.95e+09  8.88e+09
1.6e+03  1.21e+09  1.11e+09  2.31e+09   1.6e+10
1.7e+03  1.62e+09  9.85e+08   2.6e+09  2.69e+10
1.8e+03  2.11e+09  7.74e+08  2.88e+09  4.29e+10
1.9e+03  2.46e+09  5.33e+08  2.99e+09   6.5e+10
  2e+03  2.67e+09  3.65e+08  3.04e+09  9.47e+10

Reactant = W2   Pressure = 0.1 atm

   T(K)        W1        P1      Loss   Capture
    500  7.09e-06  8.66e+09  8.66e+09  1.42e+11
    600 -0.000169  1.22e+10  1.22e+10  1.59e+11
    700   0.00462  1.42e+10  1.42e+10  1.63e+11
    800     0.115  1.52e+10  1.52e+10  1.59e+11
    900      3.34  1.58e+10  1.58e+10  1.52e+11
  1e+03      45.4  1.59e+10  1.59e+10  1.42e+11
1.1e+03       309  1.53e+10  1.53e+10  1.32e+11
1.2e+03  1.07e+03  1.42e+10  1.42e+10  1.21e+11
1.3e+03  3.01e+03  1.38e+10  1.38e+10  1.12e+11
1.4e+03  5.61e+03   1.3e+10   1.3e+10  1.03e+11
1.5e+03   8.1e+03  1.22e+10  1.22e+10  9.45e+10
1.6e+03   8.4e+03  1.16e+10  1.16e+10  8.69e+10
1.7e+03  8.69e+03  1.07e+10  1.07e+10  8.01e+10
1.8e+03  7.51e+03     1e+10     1e+10  7.39e+10
1.9e+03  4.99e+03  9.54e+09  9.54e+09  6.83e+10
  2e+03  3.43e+03  8.79e+09  8.79e+09  6.32e+10

Reactant = W2   Pressure = 1 atm

   T(K)        W1        P1      Loss   Capture
    500  -5.5e-06  2.06e+10  2.06e+10  1.42e+11
    600   0.00846  2.67e+10  2.67e+10  1.59e+11
    700     0.158  2.95e+10  2.95e+10  1.63e+11
    800      3.04  3.06e+10  3.06e+10  1.59e+11
    900      50.4  3.09e+10  3.09e+10  1.52e+11
  1e+03       421  3.02e+10  3.02e+10  1.42e+11
1.1e+03  1.97e+03  2.86e+10  2.86e+10  1.32e+11
1.2e+03  5.51e+03  2.64e+10  2.64e+10  1.21e+11
1.3e+03   1.3e+04  2.53e+10  2.53e+10  1.12e+11
1.4e+03  2.19e+04  2.35e+10  2.35e+10  1.03e+11
1.5e+03  3.02e+04   2.2e+10   2.2e+10  9.45e+10
1.6e+03   3.3e+04  2.06e+10  2.06e+10  8.69e+10
1.7e+03  3.46e+04   1.9e+10   1.9e+10  8.01e+10
1.8e+03   3.5e+04  1.77e+10  1.77e+10  7.39e+10
1.9e+03  2.96e+04  1.67e+10  1.67e+10  6.83e+10
  2e+03  2.42e+04  1.54e+10  1.54e+10  6.32e+10

Reactant = W2   Pressure = 10 atm

   T(K)        W1        P1      Loss   Capture
    500    0.0102  4.16e+10  4.16e+10  1.42e+11
    600     0.367  5.03e+10  5.03e+10  1.59e+11
    700      5.78  5.35e+10  5.35e+10  1.63e+11
    800      63.9  5.39e+10  5.39e+10  1.59e+11
    900       539  5.31e+10  5.31e+10  1.52e+11
  1e+03  2.93e+03   5.1e+10   5.1e+10  1.42e+11
1.1e+03  1.04e+04  4.78e+10  4.78e+10  1.32e+11
1.2e+03  2.53e+04  4.38e+10  4.38e+10  1.21e+11
1.3e+03  5.39e+04  4.15e+10  4.15e+10  1.12e+11
1.4e+03  8.71e+04  3.83e+10  3.83e+10  1.03e+11
1.5e+03   1.2e+05  3.55e+10  3.55e+10  9.45e+10
1.6e+03  1.38e+05   3.3e+10   3.3e+10  8.69e+10
1.7e+03  1.44e+05  3.04e+10  3.04e+10  8.01e+10
1.8e+03   1.5e+05  2.82e+10  2.82e+10  7.39e+10
1.9e+03  1.38e+05  2.64e+10  2.64e+10  6.83e+10
  2e+03  1.22e+05  2.43e+10  2.43e+10  6.32e+10

Reactant = W2   Pressure = 100 atm

   T(K)        W1        P1      Loss   Capture
    500      1.51  7.78e+10  7.78e+10  1.42e+11
    600      29.2  8.68e+10  8.68e+10  1.59e+11
    700       268  8.85e+10  8.85e+10  1.63e+11
    800  1.57e+03  8.66e+10  8.66e+10  1.59e+11
    900  6.82e+03  8.32e+10  8.32e+10  1.52e+11
  1e+03  2.28e+04  7.84e+10  7.84e+10  1.42e+11
1.1e+03  5.94e+04  7.27e+10  7.27e+10  1.32e+11
1.2e+03  1.22e+05  6.63e+10  6.63e+10  1.21e+11
1.3e+03  2.27e+05  6.18e+10  6.18e+10  1.12e+11
1.4e+03  3.47e+05  5.68e+10  5.68e+10  1.03e+11
1.5e+03   4.7e+05  5.24e+10  5.24e+10  9.45e+10
1.6e+03  5.63e+05  4.84e+10  4.84e+10  8.69e+10
1.7e+03  6.09e+05  4.44e+10  4.44e+10  8.01e+10
1.8e+03  6.53e+05   4.1e+10   4.1e+10  7.39e+10
1.9e+03   6.4e+05  3.82e+10  3.82e+10  6.83e+10
  2e+03  5.92e+05  3.52e+10  3.52e+10  6.32e+10

Reactant = P1   Pressure = 0.1 atm

   T(K)        W1        W2      Loss   Capture
    500  6.32e-20  1.24e-11  1.24e-11  2.06e-10
    600  8.86e-19  1.61e-11  1.61e-11  2.12e-10
    700  4.61e-18  1.86e-11  1.86e-11  2.18e-10
    800  1.18e-17  2.08e-11  2.08e-11  2.23e-10
    900  1.88e-17  2.31e-11  2.31e-11  2.27e-10
  1e+03  2.33e-17  2.51e-11  2.51e-11  2.31e-10
1.1e+03  2.67e-17  2.65e-11  2.65e-11  2.35e-10
1.2e+03  2.53e-17   2.7e-11   2.7e-11  2.38e-10
1.3e+03  2.22e-17   2.9e-11   2.9e-11  2.42e-10
1.4e+03  1.75e-17  2.99e-11  2.99e-11  2.45e-10
1.5e+03  1.23e-17   3.1e-11   3.1e-11  2.48e-10
1.6e+03  6.94e-18  3.22e-11  3.22e-11   2.5e-10
1.7e+03   4.5e-18  3.28e-11  3.28e-11  2.53e-10
1.8e+03  3.26e-18  3.35e-11  3.35e-11  2.55e-10
1.9e+03   2.2e-18  3.48e-11  3.48e-11  2.57e-10
  2e+03  1.63e-18   3.5e-11   3.5e-11   2.6e-10

Reactant = P1   Pressure = 1 atm

   T(K)        W1        W2      Loss   Capture
    500  6.73e-20  2.99e-11  2.99e-11  2.06e-10
    600  1.12e-18  3.56e-11  3.56e-11  2.12e-10
    700  7.76e-18  3.93e-11  3.93e-11  2.18e-10
    800  2.83e-17  4.25e-11  4.25e-11  2.23e-10
    900  6.28e-17   4.6e-11   4.6e-11  2.27e-10
  1e+03  9.77e-17  4.89e-11  4.89e-11  2.31e-10
1.1e+03  1.23e-16  5.09e-11  5.09e-11  2.35e-10
1.2e+03  1.25e-16  5.15e-11  5.15e-11  2.38e-10
1.3e+03   1.1e-16  5.44e-11  5.44e-11  2.42e-10
1.4e+03  8.66e-17  5.58e-11  5.58e-11  2.45e-10
1.5e+03  5.98e-17  5.73e-11  5.73e-11  2.48e-10
1.6e+03  3.46e-17   5.9e-11   5.9e-11   2.5e-10
1.7e+03  2.13e-17  5.97e-11  5.97e-11  2.53e-10
1.8e+03   1.3e-17  6.08e-11  6.08e-11  2.55e-10
1.9e+03  7.37e-18  6.27e-11  6.27e-11  2.57e-10
  2e+03  4.79e-18  6.28e-11  6.28e-11   2.6e-10

Reactant = P1   Pressure = 10 atm

   T(K)        W1        W2      Loss   Capture
    500  6.79e-20  6.04e-11  6.04e-11  2.06e-10
    600  1.18e-18  6.71e-11  6.71e-11  2.12e-10
    700  9.29e-18  7.14e-11  7.14e-11  2.18e-10
    800  4.25e-17  7.53e-11  7.53e-11  2.23e-10
    900  1.27e-16  7.95e-11  7.95e-11  2.27e-10
  1e+03  2.66e-16  8.31e-11  8.31e-11  2.31e-10
1.1e+03   4.2e-16  8.53e-11  8.53e-11  2.35e-10
1.2e+03   5.2e-16  8.59e-11  8.59e-11  2.38e-10
1.3e+03   5.3e-16  8.96e-11  8.96e-11  2.42e-10
1.4e+03  4.68e-16  9.11e-11  9.11e-11  2.45e-10
1.5e+03  3.61e-16   9.3e-11   9.3e-11  2.48e-10
1.6e+03  2.37e-16   9.5e-11   9.5e-11   2.5e-10
1.7e+03  1.54e-16  9.58e-11  9.58e-11  2.53e-10
1.8e+03  9.29e-17  9.72e-11  9.72e-11  2.55e-10
1.9e+03  5.08e-17  9.95e-11  9.95e-11  2.57e-10
  2e+03     3e-17  9.97e-11  9.97e-11   2.6e-10

Reactant = P1   Pressure = 100 atm

   T(K)        W1        W2      Loss   Capture
    500  6.58e-20  1.13e-10  1.13e-10  2.06e-10
    600  1.15e-18  1.16e-10  1.16e-10  2.12e-10
    700  9.26e-18  1.18e-10  1.18e-10  2.18e-10
    800  4.53e-17  1.21e-10  1.21e-10  2.23e-10
    900  1.54e-16  1.25e-10  1.25e-10  2.27e-10
  1e+03  3.97e-16  1.28e-10  1.28e-10  2.31e-10
1.1e+03     8e-16   1.3e-10   1.3e-10  2.35e-10
1.2e+03  1.29e-15   1.3e-10   1.3e-10  2.38e-10
1.3e+03  1.69e-15  1.34e-10  1.34e-10  2.42e-10
1.4e+03  1.88e-15  1.35e-10  1.35e-10  2.45e-10
1.5e+03   1.8e-15  1.37e-10  1.37e-10  2.48e-10
1.6e+03  1.49e-15  1.39e-10  1.39e-10   2.5e-10
1.7e+03  1.17e-15   1.4e-10   1.4e-10  2.53e-10
1.8e+03  8.35e-16  1.42e-10  1.42e-10  2.55e-10
1.9e+03   5.3e-16  1.44e-10  1.44e-10  2.57e-10
  2e+03   3.4e-16  1.45e-10  1.45e-10   2.6e-10

______________________________________________________________________________________

Temperature-Pressure Rate Tables:

W1->W2

P\T           500       600       700       800       900     1e+03   1.1e+03   1.2e+03   1.3e+03   1.4e+03   1.5e+03   1.6e+03   1.7e+03   1.8e+03   1.9e+03     2e+03
0.1       0.00277     0.288      5.86      48.2       747  1.46e+04  1.51e+05  7.72e+05  3.04e+06   7.6e+06  1.43e+07   1.9e+07  2.41e+07  2.58e+07  2.08e+07  1.69e+07
1         0.00701     0.905      25.9       433  8.91e+03  1.21e+05  9.02e+05  3.77e+06  1.26e+07  2.88e+07   5.2e+07  7.24e+07  9.33e+07  1.15e+08  1.16e+08  1.11e+08
10         0.0385      5.57       236  5.54e+03  8.79e+04  8.26e+05   4.7e+06  1.71e+07  5.16e+07  1.13e+08  2.04e+08  2.98e+08  3.86e+08  4.85e+08  5.33e+08  5.53e+08
100          3.62       316  8.91e+03  1.24e+05  1.08e+06  6.36e+06  2.67e+07  8.21e+07  2.17e+08  4.49e+08  7.95e+08  1.21e+09  1.62e+09  2.11e+09  2.46e+09  2.67e+09
O-O           112  9.61e+03  2.39e+05  2.72e+06  1.83e+07  8.46e+07  2.98e+08  8.57e+08   2.1e+09  4.54e+09  8.88e+09   1.6e+10  2.69e+10  4.29e+10   6.5e+10  9.47e+10

W1->P1

P\T           500       600       700       800       900     1e+03   1.1e+03   1.2e+03   1.3e+03   1.4e+03   1.5e+03   1.6e+03   1.7e+03   1.8e+03   1.9e+03     2e+03
0.1           103  7.14e+03  1.14e+05  6.63e+05  1.97e+06  3.98e+06  6.69e+06  8.59e+06  9.49e+06  8.92e+06  6.86e+06  3.61e+06  2.15e+06  6.86e+05   3.4e+04 -1.05e+05
1             110  8.99e+03  1.91e+05  1.59e+06  6.59e+06  1.67e+07  3.08e+07  4.26e+07  4.83e+07  4.62e+07  3.72e+07  2.38e+07  1.59e+07  9.23e+06  4.33e+06  2.11e+06
10            111  9.49e+03  2.29e+05  2.39e+06  1.33e+07  4.54e+07  1.05e+08  1.78e+08  2.33e+08  2.53e+08  2.31e+08  1.74e+08  1.27e+08  8.25e+07  4.68e+07  2.79e+07
100           108  9.25e+03  2.28e+05  2.54e+06  1.62e+07  6.76e+07     2e+08  4.42e+08  7.44e+08  1.02e+09  1.16e+09  1.11e+09  9.85e+08  7.74e+08  5.33e+08  3.65e+08
O-O           ***       ***       ***       ***       ***       ***       ***       ***       ***       ***       ***       ***       ***       ***       ***       ***

W2->W1

P\T           500       600       700       800       900     1e+03   1.1e+03   1.2e+03   1.3e+03   1.4e+03   1.5e+03   1.6e+03   1.7e+03   1.8e+03   1.9e+03     2e+03
0.1      7.09e-06 -0.000169   0.00462     0.115      3.34      45.4       309  1.07e+03  3.01e+03  5.61e+03   8.1e+03   8.4e+03  8.69e+03  7.51e+03  4.99e+03  3.43e+03
1        -5.5e-06   0.00846     0.158      3.04      50.4       421  1.97e+03  5.51e+03   1.3e+04  2.19e+04  3.02e+04   3.3e+04  3.46e+04   3.5e+04  2.96e+04  2.42e+04
10         0.0102     0.367      5.78      63.9       539  2.93e+03  1.04e+04  2.53e+04  5.39e+04  8.71e+04   1.2e+05  1.38e+05  1.44e+05   1.5e+05  1.38e+05  1.22e+05
100          1.51      29.2       268  1.57e+03  6.82e+03  2.28e+04  5.94e+04  1.22e+05  2.27e+05  3.47e+05   4.7e+05  5.63e+05  6.09e+05  6.53e+05   6.4e+05  5.92e+05
O-O          47.1       894  7.26e+03  3.47e+04  1.16e+05  3.04e+05  6.67e+05  1.28e+06  2.21e+06  3.52e+06  5.26e+06  7.46e+06  1.01e+07  1.33e+07   1.7e+07   2.1e+07

W2->P1

P\T           500       600       700       800       900     1e+03   1.1e+03   1.2e+03   1.3e+03   1.4e+03   1.5e+03   1.6e+03   1.7e+03   1.8e+03   1.9e+03     2e+03
0.1      8.66e+09  1.22e+10  1.42e+10  1.52e+10  1.58e+10  1.59e+10  1.53e+10  1.42e+10  1.38e+10   1.3e+10  1.22e+10  1.16e+10  1.07e+10     1e+10  9.54e+09  8.79e+09
1        2.06e+10  2.67e+10  2.95e+10  3.06e+10  3.09e+10  3.02e+10  2.86e+10  2.64e+10  2.53e+10  2.35e+10   2.2e+10  2.06e+10   1.9e+10  1.77e+10  1.67e+10  1.54e+10
10       4.16e+10  5.03e+10  5.35e+10  5.39e+10  5.31e+10   5.1e+10  4.78e+10  4.38e+10  4.15e+10  3.83e+10  3.55e+10   3.3e+10  3.04e+10  2.82e+10  2.64e+10  2.43e+10
100      7.78e+10  8.68e+10  8.85e+10  8.66e+10  8.32e+10  7.84e+10  7.27e+10  6.63e+10  6.18e+10  5.68e+10  5.24e+10  4.84e+10  4.44e+10   4.1e+10  3.82e+10  3.52e+10
O-O      1.42e+11  1.59e+11  1.63e+11  1.59e+11  1.52e+11  1.42e+11  1.32e+11  1.21e+11  1.12e+11  1.03e+11  9.45e+10  8.69e+10  8.01e+10  7.39e+10  6.83e+10  6.32e+10

P1->W1

P\T           500       600       700       800       900     1e+03   1.1e+03   1.2e+03   1.3e+03   1.4e+03   1.5e+03   1.6e+03   1.7e+03   1.8e+03   1.9e+03     2e+03
0.1      6.32e-20  8.86e-19  4.61e-18  1.18e-17  1.88e-17  2.33e-17  2.67e-17  2.53e-17  2.22e-17  1.75e-17  1.23e-17  6.94e-18   4.5e-18  3.26e-18   2.2e-18  1.63e-18
1        6.73e-20  1.12e-18  7.76e-18  2.83e-17  6.28e-17  9.77e-17  1.23e-16  1.25e-16   1.1e-16  8.66e-17  5.98e-17  3.46e-17  2.13e-17   1.3e-17  7.37e-18  4.79e-18
10       6.79e-20  1.18e-18  9.29e-18  4.25e-17  1.27e-16  2.66e-16   4.2e-16   5.2e-16   5.3e-16  4.68e-16  3.61e-16  2.37e-16  1.54e-16  9.29e-17  5.08e-17     3e-17
100      6.58e-20  1.15e-18  9.26e-18  4.53e-17  1.54e-16  3.97e-16     8e-16  1.29e-15  1.69e-15  1.88e-15   1.8e-15  1.49e-15  1.17e-15  8.35e-16   5.3e-16   3.4e-16
O-O           ***       ***       ***       ***       ***       ***       ***       ***       ***       ***       ***       ***       ***       ***       ***       ***

P1->W2

P\T           500       600       700       800       900     1e+03   1.1e+03   1.2e+03   1.3e+03   1.4e+03   1.5e+03   1.6e+03   1.7e+03   1.8e+03   1.9e+03     2e+03
0.1      1.24e-11  1.61e-11  1.86e-11  2.08e-11  2.31e-11  2.51e-11  2.65e-11   2.7e-11   2.9e-11  2.99e-11   3.1e-11  3.22e-11  3.28e-11  3.35e-11  3.48e-11   3.5e-11
1        2.99e-11  3.56e-11  3.93e-11  4.25e-11   4.6e-11  4.89e-11  5.09e-11  5.15e-11  5.44e-11  5.58e-11  5.73e-11   5.9e-11  5.97e-11  6.08e-11  6.27e-11  6.28e-11
10       6.04e-11  6.71e-11  7.14e-11  7.53e-11  7.95e-11  8.31e-11  8.53e-11  8.59e-11  8.96e-11  9.11e-11   9.3e-11   9.5e-11  9.58e-11  9.72e-11  9.95e-11  9.97e-11
100      1.13e-10  1.16e-10  1.18e-10  1.21e-10  1.25e-10  1.28e-10   1.3e-10   1.3e-10  1.34e-10  1.35e-10  1.37e-10  1.39e-10   1.4e-10  1.42e-10  1.44e-10  1.45e-10
O-O      2.06e-10  2.12e-10  2.18e-10  2.23e-10  2.27e-10  2.31e-10  2.35e-10  2.38e-10  2.42e-10  2.45e-10  2.48e-10   2.5e-10  2.53e-10  2.55e-10  2.57e-10   2.6e-10

W1-> 

P\T           500       600       700       800       900     1e+03   1.1e+03   1.2e+03   1.3e+03   1.4e+03   1.5e+03   1.6e+03   1.7e+03   1.8e+03   1.9e+03     2e+03
0.1           103  7.14e+03  1.14e+05  6.63e+05  1.98e+06  3.99e+06  6.84e+06  9.36e+06  1.25e+07  1.65e+07  2.12e+07  2.26e+07  2.62e+07  2.65e+07  2.08e+07  1.68e+07
1             110  8.99e+03  1.92e+05  1.59e+06   6.6e+06  1.68e+07  3.17e+07  4.64e+07  6.09e+07   7.5e+07  8.92e+07  9.62e+07  1.09e+08  1.24e+08   1.2e+08  1.14e+08
10            111  9.49e+03  2.29e+05  2.39e+06  1.34e+07  4.62e+07   1.1e+08  1.95e+08  2.84e+08  3.66e+08  4.35e+08  4.72e+08  5.13e+08  5.68e+08   5.8e+08  5.81e+08
100           111  9.56e+03  2.37e+05  2.67e+06  1.73e+07   7.4e+07  2.27e+08  5.24e+08  9.61e+08  1.47e+09  1.95e+09  2.31e+09   2.6e+09  2.88e+09  2.99e+09  3.04e+09
O-O           112  9.61e+03  2.39e+05  2.72e+06  1.83e+07  8.46e+07  2.98e+08  8.57e+08   2.1e+09  4.54e+09  8.88e+09   1.6e+10  2.69e+10  4.29e+10   6.5e+10  9.47e+10

W2-> 

P\T           500       600       700       800       900     1e+03   1.1e+03   1.2e+03   1.3e+03   1.4e+03   1.5e+03   1.6e+03   1.7e+03   1.8e+03   1.9e+03     2e+03
0.1      8.66e+09  1.22e+10  1.42e+10  1.52e+10  1.58e+10  1.59e+10  1.53e+10  1.42e+10  1.38e+10   1.3e+10  1.22e+10  1.16e+10  1.07e+10     1e+10  9.54e+09  8.79e+09
1        2.06e+10  2.67e+10  2.95e+10  3.06e+10  3.09e+10  3.02e+10  2.86e+10  2.64e+10  2.53e+10  2.35e+10   2.2e+10  2.06e+10   1.9e+10  1.77e+10  1.67e+10  1.54e+10
10       4.16e+10  5.03e+10  5.35e+10  5.39e+10  5.31e+10   5.1e+10  4.78e+10  4.38e+10  4.15e+10  3.83e+10  3.55e+10   3.3e+10  3.04e+10  2.82e+10  2.64e+10  2.43e+10
100      7.78e+10  8.68e+10  8.85e+10  8.66e+10  8.32e+10  7.84e+10  7.27e+10  6.63e+10  6.18e+10  5.68e+10  5.24e+10  4.84e+10  4.44e+10   4.1e+10  3.82e+10  3.52e+10
O-O      1.42e+11  1.59e+11  1.63e+11  1.59e+11  1.52e+11  1.42e+11  1.32e+11  1.21e+11  1.12e+11  1.03e+11  9.45e+10  8.69e+10  8.01e+10  7.39e+10  6.83e+10  6.32e+10

P1-> 

P\T           500       600       700       800       900     1e+03   1.1e+03   1.2e+03   1.3e+03   1.4e+03   1.5e+03   1.6e+03   1.7e+03   1.8e+03   1.9e+03     2e+03
0.1      1.24e-11  1.61e-11  1.86e-11  2.08e-11  2.31e-11  2.51e-11  2.65e-11   2.7e-11   2.9e-11  2.99e-11   3.1e-11  3.22e-11  3.28e-11  3.35e-11  3.48e-11   3.5e-11
1        2.99e-11  3.56e-11  3.93e-11  4.25e-11   4.6e-11  4.89e-11  5.09e-11  5.15e-11  5.44e-11  5.58e-11  5.73e-11   5.9e-11  5.97e-11  6.08e-11  6.27e-11  6.28e-11
10       6.04e-11  6.71e-11  7.14e-11  7.53e-11  7.95e-11  8.31e-11  8.53e-11  8.59e-11  8.96e-11  9.11e-11   9.3e-11   9.5e-11  9.58e-11  9.72e-11  9.95e-11  9.97e-11
100      1.13e-10  1.16e-10  1.18e-10  1.21e-10  1.25e-10  1.28e-10   1.3e-10   1.3e-10  1.34e-10  1.35e-10  1.37e-10  1.39e-10   1.4e-10  1.42e-10  1.44e-10  1.45e-10
O-O      2.06e-10  2.12e-10  2.18e-10  2.23e-10  2.27e-10  2.31e-10  2.35e-10  2.38e-10  2.42e-10  2.45e-10  2.48e-10   2.5e-10  2.53e-10  2.55e-10  2.57e-10   2.6e-10

