Wells (G - ground energy, D - dissociation limit, kcal/mol):
                             W         G         D
        FakeW-C5H8(522)+HO2(8)        -3         0
      FakeW-C5H7(500)+H2O2(10)     -5.66     -2.66

Bimolecular Products (G - ground energy, kcal/mol):
                       P         G
        C5H8(522)+HO2(8)         0
      C5H7(500)+H2O2(10)     -2.66

Well-to-Bimolecular Barriers (H/G - barrier height/well depth, kcal/mol)
                             B         H                        W         G                  P
        FakeB-C5H8(522)+HO2(8)         0   FakeW-C5H8(522)+HO2(8)        -3   C5H8(522)+HO2(8)
      FakeB-C5H7(500)+H2O2(10)     -2.66 FakeW-C5H7(500)+H2O2(10)     -5.66 C5H7(500)+H2O2(10)

Well-to-Well Barriers (H/G - barrier height/well depth, kcal/mol):
           B         H                       W1        G1                       W2        G2
      ts_1_2      12.4   FakeW-C5H8(522)+HO2(8)        -3 FakeW-C5H7(500)+H2O2(10)     -5.66

Bound Groups: dissociation barrier (name/ground energy, kcal/mol): wells (name/ground energy, kcal/mol):
     C2/-2.66:  FakeW-C5H7(500)+H2O2(10)/-5.66

     C1/0:  FakeW-C5H8(522)+HO2(8)/-3

________________________________________________________________________________________

Names Translation Tables (<short name> - <original name>):
Wells:
   W1 - FakeW-C5H8(522)+HO2(8)
   W2 - FakeW-C5H7(500)+H2O2(10)
Bimolecular products:
   P1 - C5H8(522)+HO2(8)
   P2 - C5H7(500)+H2O2(10)
Inner Barriers:
   B1 - ts_1_2
Outer Barriers:
   C1 - FakeB-C5H8(522)+HO2(8)
   C2 - FakeB-C5H7(500)+H2O2(10)
Unimolecular Rate Units: 1/sec;  Bimolecular Rate Units: cm^3/sec

______________________________________________________________________________________

Species-Species Rate Tables:

Temperature = 500 K

High Pressure Rate Coefficients:

From\To         W1        W2        P1        P2
W1             ***  7.16e+03  2.13e+11       ***
W2             473       ***       ***  4.58e+11
P1        1.91e-10       ***       ***       ***
P2             ***   1.9e-10       ***       ***

Temperature = 500 K    Pressure = 0.1 atm

From\To         W1        W2        P1        P2
W1        1.04e+10    0.0144  1.04e+10     0.458
W2        0.000943  1.68e+10  0.000468  1.68e+10
P1        9.23e-12  6.62e-24  9.59e-12  6.42e-18
P2        1.24e-23  6.82e-12  1.96e-19  7.12e-12

Temperature = 500 K    Pressure = 1 atm

From\To         W1        W2        P1        P2
W1        2.79e+10     0.138  2.79e+10      2.66
W2         0.00909   4.6e+10   0.00487   4.6e+10
P1         2.5e-11   6.7e-23  2.55e-11  6.42e-18
P2        7.29e-23   1.9e-11  1.96e-19  1.95e-11

Temperature = 500 K    Pressure = 10 atm

From\To         W1        W2        P1        P2
W1        5.92e+10      1.16  5.92e+10        18
W2          0.0765  1.02e+11     0.072  1.02e+11
P1        5.33e-11  9.81e-22  5.33e-11   6.4e-18
P2        4.95e-22  4.22e-11  1.95e-19  4.22e-11

Temperature = 500 K    Pressure = 100 atm

From\To         W1        W2        P1        P2
W1        1.08e+11      13.3  1.08e+11       281
W2            0.88  1.89e+11      2.35  1.89e+11
P1        9.71e-11  3.21e-20  9.71e-11  6.13e-18
P2        7.71e-21  7.86e-11  1.87e-19  7.86e-11

Temperature = 600 K

High Pressure Rate Coefficients:

From\To         W1        W2        P1        P2
W1             ***  5.47e+04  2.21e+11       ***
W2        4.92e+03       ***       ***  4.74e+11
P1        1.97e-10       ***       ***       ***
P2             ***  1.96e-10       ***       ***

Temperature = 600 K    Pressure = 0.1 atm

From\To         W1        W2        P1        P2
W1        1.61e+10     0.199  1.61e+10      3.29
W2          0.0174  2.81e+10    0.0117  2.81e+10
P1        1.41e-11  1.22e-22  1.45e-11  4.88e-17
P2         1.2e-22  1.12e-11  2.02e-18  1.16e-11

Temperature = 600 K    Pressure = 1 atm

From\To         W1        W2        P1        P2
W1        3.59e+10      1.82  3.59e+10      21.5
W2           0.162  6.33e+10     0.108  6.33e+10
P1         3.2e-11  1.09e-21  3.25e-11  4.88e-17
P2        7.97e-22  2.59e-11  2.02e-18  2.64e-11

Temperature = 600 K    Pressure = 10 atm

From\To         W1        W2        P1        P2
W1        6.81e+10      15.1  6.81e+10       152
W2            1.35  1.24e+11       1.2  1.24e+11
P1        6.09e-11   1.2e-20  6.09e-11  4.87e-17
P2        5.64e-21   5.1e-11  2.02e-18   5.1e-11

Temperature = 600 K    Pressure = 100 atm

From\To         W1        W2        P1        P2
W1        1.14e+11       142  1.14e+11     2e+03
W2            12.7   2.1e+11        28   2.1e+11
P1        1.02e-10  2.79e-19  1.02e-10  4.66e-17
P2        7.41e-20  8.66e-11  1.93e-18  8.66e-11

Temperature = 700 K

High Pressure Rate Coefficients:

From\To         W1        W2        P1        P2
W1             ***  2.57e+05  2.11e+11       ***
W2        2.82e+04       ***       ***  4.55e+11
P1        2.03e-10       ***       ***       ***
P2             ***  2.01e-10       ***       ***

Temperature = 700 K    Pressure = 0.1 atm

From\To         W1        W2        P1        P2
W1        1.98e+10       2.6  1.98e+10      32.3
W2           0.275  3.34e+10     0.203  3.34e+10
P1        1.84e-11  1.88e-21  1.89e-11  2.45e-16
P2        1.54e-21  1.41e-11  1.24e-17  1.44e-11

Temperature = 700 K    Pressure = 1 atm

From\To         W1        W2        P1        P2
W1           4e+10      22.9     4e+10       215
W2             2.5  6.91e+10      1.73  6.91e+10
P1        3.81e-11  1.53e-20  3.86e-11  2.45e-16
P2        1.04e-20  3.02e-11  1.24e-17  3.07e-11

Temperature = 700 K    Pressure = 10 atm

From\To         W1        W2        P1        P2
W1        7.08e+10       187  7.08e+10  1.32e+03
W2            20.6  1.27e+11      14.6  1.27e+11
P1        6.78e-11  1.27e-19  6.78e-11  2.43e-16
P2        6.42e-20  5.61e-11  1.24e-17  5.61e-11

Temperature = 700 K    Pressure = 100 atm

From\To         W1        W2        P1        P2
W1        1.12e+11  1.41e+03  1.12e+11  1.12e+04
W2             155  2.06e+11       209  2.06e+11
P1        1.07e-10  1.82e-18  1.07e-10  2.31e-16
P2        5.45e-19  9.12e-11  1.17e-17  9.12e-11

Temperature = 800 K

High Pressure Rate Coefficients:

From\To         W1        W2        P1        P2
W1             ***  8.55e+05  1.95e+11       ***
W2        1.08e+05       ***       ***  4.19e+11
P1        2.07e-10       ***       ***       ***
P2             ***  2.06e-10       ***       ***

Temperature = 800 K    Pressure = 0.1 atm

From\To         W1        W2        P1        P2
W1        2.01e+10      33.7  2.01e+10       260
W2            4.06   3.6e+10      3.49   3.6e+10
P1        2.07e-11  3.08e-20  2.11e-11  9.06e-16
P2         1.6e-20  1.67e-11   5.3e-17  1.71e-11

Temperature = 800 K    Pressure = 1 atm

From\To         W1        W2        P1        P2
W1        3.88e+10       271  3.88e+10  1.52e+03
W2              34  7.06e+10      24.8  7.06e+10
P1         4.1e-11  2.11e-19  4.16e-11  9.04e-16
P2        9.48e-20  3.43e-11  5.29e-17  3.47e-11

Temperature = 800 K    Pressure = 10 atm

From\To         W1        W2        P1        P2
W1        6.66e+10  1.89e+03  6.66e+10  7.37e+03
W2             239  1.25e+11       146  1.25e+11
P1        7.07e-11  1.23e-18  7.07e-11  8.95e-16
P2        4.59e-19  6.11e-11  5.24e-17  6.11e-11

Temperature = 800 K    Pressure = 100 atm

From\To         W1        W2        P1        P2
W1        1.03e+11  1.04e+04  1.03e+11  4.31e+04
W2        1.32e+03  1.96e+11  1.17e+03  1.96e+11
P1        1.09e-10  9.85e-18  1.09e-10   8.4e-16
P2        2.68e-18   9.6e-11  4.91e-17   9.6e-11

Temperature = 900 K

High Pressure Rate Coefficients:

From\To         W1        W2        P1        P2
W1             ***  2.23e+06  1.76e+11       ***
W2        3.15e+05       ***       ***  3.78e+11
P1        2.11e-10       ***       ***       ***
P2             ***   2.1e-10       ***       ***

Temperature = 900 K    Pressure = 0.1 atm

From\To         W1        W2        P1        P2
W1        1.97e+10       310  1.97e+10  1.76e+03
W2            41.6  3.42e+10      28.7  3.42e+10
P1        2.29e-11  2.64e-19  2.34e-11  2.67e-15
P2        1.37e-19  1.79e-11  1.74e-16  1.83e-11

Temperature = 900 K    Pressure = 1 atm

From\To         W1        W2        P1        P2
W1        3.69e+10  2.03e+03  3.69e+10  8.27e+03
W2             283  6.54e+10       161  6.54e+10
P1         4.4e-11   1.4e-18  4.45e-11  2.66e-15
P2        6.48e-19  3.59e-11  1.73e-16  3.63e-11

Temperature = 900 K    Pressure = 10 atm

From\To         W1        W2        P1        P2
W1        6.17e+10  1.11e+04  6.17e+10  3.15e+04
W2        1.56e+03  1.13e+11       721  1.13e+11
P1        7.41e-11  6.18e-18  7.41e-11  2.62e-15
P2        2.47e-18  6.28e-11   1.7e-16  6.28e-11

Temperature = 900 K    Pressure = 100 atm

From\To         W1        W2        P1        P2
W1        9.31e+10  4.78e+04  9.31e+10  1.36e+05
W2        6.73e+03  1.76e+11  4.12e+03  1.76e+11
P1        1.12e-10  3.52e-17  1.12e-10  2.42e-15
P2        1.06e-17  9.74e-11  1.57e-16  9.74e-11

Temperature = 1e+03 K

High Pressure Rate Coefficients:

From\To         W1        W2        P1        P2
W1             ***  4.88e+06  1.57e+11       ***
W2        7.46e+05       ***       ***  3.37e+11
P1        2.15e-10       ***       ***       ***
P2             ***  2.13e-10       ***       ***

Temperature = 1e+03 K    Pressure = 0.1 atm

From\To         W1        W2        P1        P2
W1        1.89e+10  2.38e+03  1.89e+10  8.22e+03
W2             349  3.37e+10       203  3.37e+10
P1         2.5e-11  1.97e-18  2.55e-11  6.65e-15
P2           8e-19     2e-11   4.7e-16  2.04e-11

Temperature = 1e+03 K    Pressure = 1 atm

From\To         W1        W2        P1        P2
W1        3.45e+10  1.18e+04  3.45e+10  3.12e+04
W2        1.79e+03  6.27e+10       891  6.27e+10
P1         4.7e-11  8.16e-18  4.75e-11   6.6e-15
P2        3.04e-18  3.92e-11  4.66e-16  3.96e-11

Temperature = 1e+03 K    Pressure = 10 atm

From\To         W1        W2        P1        P2
W1        5.65e+10  5.09e+04  5.65e+10   9.8e+04
W2        7.77e+03  1.06e+11  3.14e+03  1.06e+11
P1        7.74e-11  2.83e-17  7.74e-11  6.44e-15
P2         9.5e-18   6.7e-11  4.54e-16   6.7e-11

Temperature = 1e+03 K    Pressure = 100 atm

From\To         W1        W2        P1        P2
W1        8.38e+10  1.77e+05  8.38e+10  3.39e+05
W2        2.71e+04  1.61e+11  1.31e+04  1.61e+11
P1        1.15e-10  1.17e-16  1.15e-10  5.85e-15
P2        3.28e-17  1.02e-10  4.13e-16  1.02e-10

Temperature = 1.1e+03 K

High Pressure Rate Coefficients:

From\To         W1        W2        P1        P2
W1             ***  9.31e+06  1.39e+11       ***
W2        1.52e+06       ***       ***  2.99e+11
P1        2.18e-10       ***       ***       ***
P2             ***  2.17e-10       ***       ***

Temperature = 1.1e+03 K    Pressure = 0.1 atm

From\To         W1        W2        P1        P2
W1        1.79e+10  9.64e+03  1.79e+10  3.02e+04
W2        1.53e+03  3.03e+10       623  3.03e+10
P1         2.7e-11  6.79e-18  2.75e-11  1.45e-14
P2        3.59e-18  2.06e-11  1.09e-15   2.1e-11

Temperature = 1.1e+03 K    Pressure = 1 atm

From\To         W1        W2        P1        P2
W1        3.19e+10  4.06e+04  3.19e+10  9.72e+04
W2        6.59e+03  5.57e+10  2.42e+03  5.57e+10
P1        4.97e-11   2.4e-17  5.02e-11  1.43e-14
P2        1.16e-17  3.98e-11  1.08e-15  4.03e-11

Temperature = 1.1e+03 K    Pressure = 10 atm

From\To         W1        W2        P1        P2
W1        5.13e+10   1.5e+05  5.13e+10  2.65e+05
W2        2.45e+04  9.35e+10  7.49e+03  9.35e+10
P1        8.05e-11  7.24e-17  8.05e-11  1.39e-14
P2        3.14e-17  6.75e-11  1.05e-15  6.75e-11

Temperature = 1.1e+03 K    Pressure = 100 atm

From\To         W1        W2        P1        P2
W1         7.5e+10  4.61e+05   7.5e+10   7.7e+05
W2        7.53e+04  1.41e+11  2.75e+04  1.41e+11
P1        1.18e-10  2.64e-16  1.18e-10  1.24e-14
P2        9.12e-17  1.02e-10  9.34e-16  1.02e-10

Temperature = 1.2e+03 K

High Pressure Rate Coefficients:

From\To         W1        W2        P1        P2
W1             ***   1.6e+07  1.23e+11       ***
W2        2.77e+06       ***       ***  2.65e+11
P1        2.22e-10       ***       ***       ***
P2             ***   2.2e-10       ***       ***

Temperature = 1.2e+03 K    Pressure = 0.1 atm

From\To         W1        W2        P1        P2
W1        1.61e+10  3.23e+04  1.61e+10  7.27e+04
W2        5.43e+03  2.83e+10  2.14e+03  2.83e+10
P1        2.79e-11  2.48e-17  2.84e-11  2.86e-14
P2        1.06e-17   2.2e-11  2.28e-15  2.24e-11

Temperature = 1.2e+03 K    Pressure = 1 atm

From\To         W1        W2        P1        P2
W1        2.85e+10  1.17e+05  2.85e+10   2.1e+05
W2        2.01e+04  5.12e+10  7.19e+03  5.12e+10
P1        5.08e-11  7.69e-17  5.14e-11  2.81e-14
P2        3.03e-17  4.19e-11  2.24e-15  4.24e-11

Temperature = 1.2e+03 K    Pressure = 10 atm

From\To         W1        W2        P1        P2
W1        4.55e+10  3.81e+05  4.55e+10   5.2e+05
W2        6.58e+04  8.47e+10  1.96e+04  8.47e+10
P1        8.16e-11  2.05e-16  8.16e-11  2.69e-14
P2        7.46e-17  7.01e-11  2.15e-15  7.01e-11

Temperature = 1.2e+03 K    Pressure = 100 atm

From\To         W1        W2        P1        P2
W1        6.61e+10  1.05e+06  6.61e+10  1.38e+06
W2        1.81e+05  1.26e+11   6.1e+04  1.26e+11
P1        1.19e-10  6.35e-16  1.19e-10  2.38e-14
P2        1.97e-16  1.05e-10   1.9e-15  1.05e-10

Temperature = 1.3e+03 K

High Pressure Rate Coefficients:

From\To         W1        W2        P1        P2
W1             ***  2.55e+07  1.09e+11       ***
W2        4.62e+06       ***       ***  2.35e+11
P1        2.25e-10       ***       ***       ***
P2             ***  2.23e-10       ***       ***

Temperature = 1.3e+03 K    Pressure = 0.1 atm

From\To         W1        W2        P1        P2
W1         1.5e+10  8.83e+04   1.5e+10   1.7e+05
W2        1.56e+04  2.63e+10  5.31e+03  2.63e+10
P1        2.97e-11  6.81e-17  3.02e-11  5.16e-14
P2        2.98e-17  2.34e-11  4.31e-15  2.39e-11

Temperature = 1.3e+03 K    Pressure = 1 atm

From\To         W1        W2        P1        P2
W1        2.61e+10  2.87e+05  2.61e+10  4.44e+05
W2        5.17e+04  4.69e+10  1.63e+04  4.69e+10
P1        5.33e-11   1.9e-16  5.38e-11  5.05e-14
P2         7.7e-17   4.4e-11  4.22e-15  4.44e-11

Temperature = 1.3e+03 K    Pressure = 10 atm

From\To         W1        W2        P1        P2
W1        4.12e+10  8.47e+05  4.12e+10  1.01e+06
W2        1.53e+05  7.68e+10  4.04e+04  7.68e+10
P1        8.45e-11  4.61e-16  8.46e-11   4.8e-14
P2        1.73e-16  7.27e-11  4.01e-15  7.27e-11

Temperature = 1.3e+03 K    Pressure = 100 atm

From\To         W1        W2        P1        P2
W1        5.92e+10  2.14e+06  5.92e+10  2.41e+06
W2        3.87e+05  1.13e+11  1.13e+05  1.13e+11
P1        1.22e-10  1.28e-15  1.22e-10  4.16e-14
P2        4.13e-16  1.07e-10  3.48e-15  1.07e-10

Temperature = 1.4e+03 K

High Pressure Rate Coefficients:

From\To         W1        W2        P1        P2
W1             ***   3.8e+07  9.71e+10       ***
W2        7.17e+06       ***       ***  2.09e+11
P1        2.27e-10       ***       ***       ***
P2             ***  2.26e-10       ***       ***

Temperature = 1.4e+03 K    Pressure = 0.1 atm

From\To         W1        W2        P1        P2
W1        1.35e+10  1.82e+05  1.35e+10  3.18e+05
W2        3.36e+04  2.36e+10  1.04e+04  2.36e+10
P1        3.05e-11  1.47e-16   3.1e-11  8.72e-14
P2        6.65e-17   2.4e-11   7.6e-15  2.44e-11

Temperature = 1.4e+03 K    Pressure = 1 atm

From\To         W1        W2        P1        P2
W1        2.33e+10  5.53e+05  2.33e+10  7.79e+05
W2        1.04e+05  4.19e+10  3.01e+04  4.19e+10
P1        5.43e-11  3.85e-16  5.48e-11   8.5e-14
P2         1.6e-16  4.47e-11  7.41e-15  4.52e-11

Temperature = 1.4e+03 K    Pressure = 10 atm

From\To         W1        W2        P1        P2
W1        3.66e+10  1.53e+06  3.66e+10  1.66e+06
W2        2.89e+05  6.81e+10  7.04e+04  6.81e+10
P1        8.55e-11  8.78e-16  8.56e-11  8.02e-14
P2         3.4e-16  7.35e-11  6.99e-15  7.35e-11

Temperature = 1.4e+03 K    Pressure = 100 atm

From\To         W1        W2        P1        P2
W1        5.24e+10  3.66e+06  5.23e+10  3.75e+06
W2        6.91e+05     1e+11  1.85e+05     1e+11
P1        1.23e-10  2.29e-15  1.23e-10  6.89e-14
P2        7.66e-16  1.08e-10  6.01e-15  1.08e-10

Temperature = 1.5e+03 K

High Pressure Rate Coefficients:

From\To         W1        W2        P1        P2
W1             ***  5.36e+07  8.64e+10       ***
W2        1.05e+07       ***       ***  1.86e+11
P1         2.3e-10       ***       ***       ***
P2             ***  2.28e-10       ***       ***

Temperature = 1.5e+03 K    Pressure = 0.1 atm

From\To         W1        W2        P1        P2
W1        1.21e+10  3.69e+05  1.21e+10  5.07e+05
W2        7.09e+04  2.19e+10  2.32e+04  2.19e+10
P1        3.12e-11  3.48e-16  3.18e-11  1.39e-13
P2        1.26e-16  2.53e-11  1.26e-14  2.58e-11

Temperature = 1.5e+03 K    Pressure = 1 atm

From\To         W1        W2        P1        P2
W1        2.09e+10  1.03e+06  2.09e+10  1.19e+06
W2        2.02e+05  3.85e+10  6.08e+04  3.85e+10
P1        5.52e-11  8.47e-16  5.57e-11  1.35e-13
P2        2.89e-16  4.67e-11  1.22e-14  4.72e-11

Temperature = 1.5e+03 K    Pressure = 10 atm

From\To         W1        W2        P1        P2
W1        3.25e+10  2.69e+06  3.25e+10  2.42e+06
W2        5.26e+05   6.2e+10  1.33e+05   6.2e+10
P1        8.65e-11  1.81e-15  8.66e-11  1.27e-13
P2        5.84e-16   7.6e-11  1.15e-14   7.6e-11

Temperature = 1.5e+03 K    Pressure = 100 atm

From\To         W1        W2        P1        P2
W1        4.65e+10  6.07e+06  4.65e+10  5.26e+06
W2        1.19e+06  9.03e+10  3.17e+05  9.03e+10
P1        1.24e-10  4.31e-15  1.24e-10  1.08e-13
P2        1.27e-15  1.11e-10  9.73e-15  1.11e-10

Temperature = 1.6e+03 K

High Pressure Rate Coefficients:

From\To         W1        W2        P1        P2
W1             ***  7.25e+07  7.71e+10       ***
W2        1.47e+07       ***       ***  1.66e+11
P1        2.32e-10       ***       ***       ***
P2             ***  2.31e-10       ***       ***

Temperature = 1.6e+03 K    Pressure = 0.1 atm

From\To         W1        W2        P1        P2
W1        1.13e+10  6.16e+05  1.13e+10  9.18e+05
W2        1.23e+05  1.97e+10  3.25e+04  1.97e+10
P1        3.28e-11  5.54e-16  3.35e-11  2.12e-13
P2        2.66e-16  2.59e-11  1.98e-14  2.64e-11

Temperature = 1.6e+03 K    Pressure = 1 atm

From\To         W1        W2        P1        P2
W1        1.92e+10  1.69e+06  1.92e+10  2.01e+06
W2        3.41e+05  3.45e+10  8.51e+04  3.45e+10
P1        5.74e-11  1.31e-15  5.81e-11  2.05e-13
P2        5.74e-16  4.74e-11  1.91e-14  4.79e-11

Temperature = 1.6e+03 K    Pressure = 10 atm

From\To         W1        W2        P1        P2
W1        2.96e+10  4.22e+06  2.96e+10   3.9e+06
W2        8.55e+05  5.53e+10   1.8e+05  5.53e+10
P1        8.92e-11  2.69e-15  8.94e-11   1.9e-13
P2         1.1e-15  7.68e-11  1.78e-14  7.68e-11

Temperature = 1.6e+03 K    Pressure = 100 atm

From\To         W1        W2        P1        P2
W1        4.19e+10  9.19e+06  4.19e+10  7.92e+06
W2        1.86e+06  8.04e+10  4.24e+05  8.04e+10
P1        1.26e-10  6.31e-15  1.27e-10  1.59e-13
P2        2.24e-15  1.12e-10  1.49e-14  1.12e-10

Temperature = 1.7e+03 K

High Pressure Rate Coefficients:

From\To         W1        W2        P1        P2
W1             ***  9.46e+07   6.9e+10       ***
W2        1.98e+07       ***       ***  1.48e+11
P1        2.35e-10       ***       ***       ***
P2             ***  2.33e-10       ***       ***

Temperature = 1.7e+03 K    Pressure = 0.1 atm

From\To         W1        W2        P1        P2
W1        1.04e+10  1.04e+06  1.04e+10  1.26e+06
W2        2.15e+05  1.87e+10  6.29e+04  1.87e+10
P1        3.42e-11  1.12e-15   3.5e-11  3.11e-13
P2        4.27e-16  2.79e-11     3e-14  2.84e-11

Temperature = 1.7e+03 K    Pressure = 1 atm

From\To         W1        W2        P1        P2
W1        1.75e+10  2.71e+06  1.75e+10  2.71e+06
W2        5.65e+05  3.24e+10  1.51e+05  3.24e+10
P1        5.92e-11  2.51e-15     6e-11  2.98e-13
P2        8.98e-16  5.03e-11  2.88e-14  5.08e-11

Temperature = 1.7e+03 K    Pressure = 10 atm

From\To         W1        W2        P1        P2
W1        2.69e+10  6.47e+06  2.69e+10  5.07e+06
W2        1.35e+06  5.13e+10  3.01e+05  5.13e+10
P1        9.13e-11  4.92e-15  9.16e-11  2.75e-13
P2        1.67e-15  8.04e-11  2.66e-14  8.04e-11

Temperature = 1.7e+03 K    Pressure = 100 atm

From\To         W1        W2        P1        P2
W1        3.79e+10  1.35e+07  3.78e+10  1.01e+07
W2        2.83e+06  7.37e+10  6.59e+05  7.37e+10
P1        1.29e-10  1.07e-14  1.29e-10  2.29e-13
P2        3.32e-15  1.16e-10  2.21e-14  1.16e-10

Temperature = 1.8e+03 K

High Pressure Rate Coefficients:

From\To         W1        W2        P1        P2
W1             ***   1.2e+08   6.2e+10       ***
W2        2.58e+07       ***       ***  1.33e+11
P1        2.37e-10       ***       ***       ***
P2             ***  2.35e-10       ***       ***

Temperature = 1.8e+03 K    Pressure = 0.1 atm

From\To         W1        W2        P1        P2
W1        9.47e+09  1.52e+06  9.46e+09  2.03e+06
W2        3.23e+05  1.66e+10  7.67e+04  1.66e+10
P1         3.5e-11  1.57e-15  3.59e-11  4.38e-13
P2        7.95e-16  2.78e-11  4.35e-14  2.82e-11

Temperature = 1.8e+03 K    Pressure = 1 atm

From\To         W1        W2        P1        P2
W1        1.59e+10  3.89e+06  1.59e+10  4.13e+06
W2        8.36e+05  2.87e+10  1.88e+05  2.87e+10
P1        6.04e-11  3.44e-15  6.13e-11  4.19e-13
P2        1.58e-15  5.01e-11  4.16e-14  5.05e-11

Temperature = 1.8e+03 K    Pressure = 10 atm

From\To         W1        W2        P1        P2
W1        2.43e+10  9.08e+06  2.42e+10  7.43e+06
W2        1.95e+06  4.55e+10  3.69e+05  4.55e+10
P1        9.26e-11   6.6e-15   9.3e-11  3.84e-13
P2        2.83e-15  8.01e-11  3.81e-14  8.01e-11

Temperature = 1.8e+03 K    Pressure = 100 atm

From\To         W1        W2        P1        P2
W1         3.4e+10  1.85e+07   3.4e+10  1.41e+07
W2        3.99e+06  6.54e+10  8.09e+05  6.54e+10
P1         1.3e-10  1.44e-14   1.3e-10  3.15e-13
P2        5.35e-15  1.15e-10  3.12e-14  1.15e-10

Temperature = 1.9e+03 K

High Pressure Rate Coefficients:

From\To         W1        W2        P1        P2
W1             ***  1.48e+08  5.58e+10       ***
W2        3.27e+07       ***       ***   1.2e+11
P1        2.39e-10       ***       ***       ***
P2             ***  2.37e-10       ***       ***

Temperature = 1.9e+03 K    Pressure = 0.1 atm

From\To         W1        W2        P1        P2
W1        8.58e+09  2.13e+06  8.58e+09  2.73e+06
W2        4.64e+05  1.51e+10  1.06e+05  1.51e+10
P1        3.56e-11  2.37e-15  3.66e-11  6.02e-13
P2        1.23e-15  2.83e-11  6.14e-14  2.88e-11

Temperature = 1.9e+03 K    Pressure = 1 atm

From\To         W1        W2        P1        P2
W1        1.44e+10  5.31e+06  1.43e+10  5.41e+06
W2        1.17e+06  2.59e+10  2.54e+05  2.59e+10
P1        6.11e-11  5.07e-15  6.22e-11  5.73e-13
P2        2.39e-15  5.07e-11  5.85e-14  5.12e-11

Temperature = 1.9e+03 K    Pressure = 10 atm

From\To         W1        W2        P1        P2
W1        2.19e+10  1.21e+07  2.18e+10  9.52e+06
W2        2.68e+06   4.1e+10  4.88e+05   4.1e+10
P1        9.35e-11  9.51e-15   9.4e-11  5.23e-13
P2        4.17e-15  8.09e-11  5.34e-14   8.1e-11

Temperature = 1.9e+03 K    Pressure = 100 atm

From\To         W1        W2        P1        P2
W1        3.06e+10  2.42e+07  3.06e+10  1.77e+07
W2        5.35e+06  5.89e+10  1.05e+06  5.89e+10
P1        1.31e-10  2.03e-14  1.32e-10  4.26e-13
P2        7.73e-15  1.16e-10  4.35e-14  1.16e-10

Temperature = 2e+03 K

High Pressure Rate Coefficients:

From\To         W1        W2        P1        P2
W1             ***  1.78e+08  5.04e+10       ***
W2        4.04e+07       ***       ***  1.08e+11
P1        2.41e-10       ***       ***       ***
P2             ***  2.39e-10       ***       ***

Temperature = 2e+03 K    Pressure = 0.1 atm

From\To         W1        W2        P1        P2
W1         7.8e+09  3.12e+06   7.8e+09  3.29e+06
W2        6.98e+05  1.41e+10  1.77e+05  1.41e+10
P1        3.62e-11  4.15e-15  3.74e-11  8.06e-13
P2        1.71e-15  2.95e-11  8.43e-14     3e-11

Temperature = 2e+03 K    Pressure = 1 atm

From\To         W1        W2        P1        P2
W1         1.3e+10  7.42e+06   1.3e+10  6.45e+06
W2        1.68e+06  2.41e+10  3.94e+05  2.41e+10
P1        6.18e-11  8.53e-15  6.32e-11  7.64e-13
P2        3.27e-15  5.26e-11  7.99e-14  5.32e-11

Temperature = 2e+03 K    Pressure = 10 atm

From\To         W1        W2        P1        P2
W1        1.98e+10  1.64e+07  1.97e+10  1.11e+07
W2        3.71e+06  3.78e+10  7.26e+05  3.78e+10
P1        9.44e-11  1.54e-14  9.51e-11  6.94e-13
P2        5.59e-15  8.33e-11  7.26e-14  8.33e-11

Temperature = 2e+03 K    Pressure = 100 atm

From\To         W1        W2        P1        P2
W1        2.77e+10  3.18e+07  2.76e+10  2.06e+07
W2        7.21e+06  5.39e+10  1.48e+06  5.39e+10
P1        1.32e-10  3.12e-14  1.33e-10   5.6e-13
P2        1.03e-14  1.19e-10  5.86e-14  1.19e-10

______________________________________________________________________________________

High Pressure Rate Coefficients (Temperature-Species Rate Tables):

Reactant = W1
   T(K)        W1        W2        P1        P2
    500       ***  7.16e+03  2.13e+11       ***
    600       ***  5.47e+04  2.21e+11       ***
    700       ***  2.57e+05  2.11e+11       ***
    800       ***  8.55e+05  1.95e+11       ***
    900       ***  2.23e+06  1.76e+11       ***
  1e+03       ***  4.88e+06  1.57e+11       ***
1.1e+03       ***  9.31e+06  1.39e+11       ***
1.2e+03       ***   1.6e+07  1.23e+11       ***
1.3e+03       ***  2.55e+07  1.09e+11       ***
1.4e+03       ***   3.8e+07  9.71e+10       ***
1.5e+03       ***  5.36e+07  8.64e+10       ***
1.6e+03       ***  7.25e+07  7.71e+10       ***
1.7e+03       ***  9.46e+07   6.9e+10       ***
1.8e+03       ***   1.2e+08   6.2e+10       ***
1.9e+03       ***  1.48e+08  5.58e+10       ***
  2e+03       ***  1.78e+08  5.04e+10       ***

Reactant = W2
   T(K)        W1        W2        P1        P2
    500       473       ***       ***  4.58e+11
    600  4.92e+03       ***       ***  4.74e+11
    700  2.82e+04       ***       ***  4.55e+11
    800  1.08e+05       ***       ***  4.19e+11
    900  3.15e+05       ***       ***  3.78e+11
  1e+03  7.46e+05       ***       ***  3.37e+11
1.1e+03  1.52e+06       ***       ***  2.99e+11
1.2e+03  2.77e+06       ***       ***  2.65e+11
1.3e+03  4.62e+06       ***       ***  2.35e+11
1.4e+03  7.17e+06       ***       ***  2.09e+11
1.5e+03  1.05e+07       ***       ***  1.86e+11
1.6e+03  1.47e+07       ***       ***  1.66e+11
1.7e+03  1.98e+07       ***       ***  1.48e+11
1.8e+03  2.58e+07       ***       ***  1.33e+11
1.9e+03  3.27e+07       ***       ***   1.2e+11
  2e+03  4.04e+07       ***       ***  1.08e+11

Reactant = P1
   T(K)        W1        W2        P1        P2
    500  1.91e-10       ***       ***       ***
    600  1.97e-10       ***       ***       ***
    700  2.03e-10       ***       ***       ***
    800  2.07e-10       ***       ***       ***
    900  2.11e-10       ***       ***       ***
  1e+03  2.15e-10       ***       ***       ***
1.1e+03  2.18e-10       ***       ***       ***
1.2e+03  2.22e-10       ***       ***       ***
1.3e+03  2.25e-10       ***       ***       ***
1.4e+03  2.27e-10       ***       ***       ***
1.5e+03   2.3e-10       ***       ***       ***
1.6e+03  2.32e-10       ***       ***       ***
1.7e+03  2.35e-10       ***       ***       ***
1.8e+03  2.37e-10       ***       ***       ***
1.9e+03  2.39e-10       ***       ***       ***
  2e+03  2.41e-10       ***       ***       ***

Reactant = P2
   T(K)        W1        W2        P1        P2
    500       ***   1.9e-10       ***       ***
    600       ***  1.96e-10       ***       ***
    700       ***  2.01e-10       ***       ***
    800       ***  2.06e-10       ***       ***
    900       ***   2.1e-10       ***       ***
  1e+03       ***  2.13e-10       ***       ***
1.1e+03       ***  2.17e-10       ***       ***
1.2e+03       ***   2.2e-10       ***       ***
1.3e+03       ***  2.23e-10       ***       ***
1.4e+03       ***  2.26e-10       ***       ***
1.5e+03       ***  2.28e-10       ***       ***
1.6e+03       ***  2.31e-10       ***       ***
1.7e+03       ***  2.33e-10       ***       ***
1.8e+03       ***  2.35e-10       ***       ***
1.9e+03       ***  2.37e-10       ***       ***
  2e+03       ***  2.39e-10       ***       ***

Capture/Escape Rate Coefficients:

   T(K)        W1        W2        P1        P2
    500  2.13e+11  4.58e+11  1.91e-10   1.9e-10
    600  2.21e+11  4.74e+11  1.97e-10  1.96e-10
    700  2.11e+11  4.55e+11  2.03e-10  2.01e-10
    800  1.95e+11  4.19e+11  2.07e-10  2.06e-10
    900  1.76e+11  3.78e+11  2.11e-10   2.1e-10
  1e+03  1.57e+11  3.37e+11  2.15e-10  2.13e-10
1.1e+03  1.39e+11  2.99e+11  2.18e-10  2.17e-10
1.2e+03  1.23e+11  2.65e+11  2.22e-10   2.2e-10
1.3e+03  1.09e+11  2.35e+11  2.25e-10  2.23e-10
1.4e+03  9.71e+10  2.09e+11  2.27e-10  2.26e-10
1.5e+03  8.64e+10  1.86e+11   2.3e-10  2.28e-10
1.6e+03  7.72e+10  1.66e+11  2.32e-10  2.31e-10
1.7e+03  6.91e+10  1.48e+11  2.35e-10  2.33e-10
1.8e+03  6.21e+10  1.33e+11  2.37e-10  2.35e-10
1.9e+03   5.6e+10   1.2e+11  2.39e-10  2.37e-10
  2e+03  5.06e+10  1.09e+11  2.41e-10  2.39e-10

______________________________________________________________________________________

Pressure-Species Rate Tables:

Reactant = W1   Temperature = 500 K

   P(atm)        W2        P1        P2      Loss
      0.1    0.0144  1.04e+10     0.458  1.04e+10
        1     0.138  2.79e+10      2.66  2.79e+10
       10      1.16  5.92e+10        18  5.92e+10
      100      13.3  1.08e+11       281  1.08e+11
      O-O  7.16e+03  2.13e+11       ***  2.13e+11

Reactant = W1   Temperature = 600 K

   P(atm)        W2        P1        P2      Loss
      0.1     0.199  1.61e+10      3.29  1.61e+10
        1      1.82  3.59e+10      21.5  3.59e+10
       10      15.1  6.81e+10       152  6.81e+10
      100       142  1.14e+11     2e+03  1.14e+11
      O-O  5.47e+04  2.21e+11       ***  2.21e+11

Reactant = W1   Temperature = 700 K

   P(atm)        W2        P1        P2      Loss
      0.1       2.6  1.98e+10      32.3  1.98e+10
        1      22.9     4e+10       215     4e+10
       10       187  7.08e+10  1.32e+03  7.08e+10
      100  1.41e+03  1.12e+11  1.12e+04  1.12e+11
      O-O  2.57e+05  2.11e+11       ***  2.11e+11

Reactant = W1   Temperature = 800 K

   P(atm)        W2        P1        P2      Loss
      0.1      33.7  2.01e+10       260  2.01e+10
        1       271  3.88e+10  1.52e+03  3.88e+10
       10  1.89e+03  6.66e+10  7.37e+03  6.66e+10
      100  1.04e+04  1.03e+11  4.31e+04  1.03e+11
      O-O  8.55e+05  1.95e+11       ***  1.95e+11

Reactant = W1   Temperature = 900 K

   P(atm)        W2        P1        P2      Loss
      0.1       310  1.97e+10  1.76e+03  1.97e+10
        1  2.03e+03  3.69e+10  8.27e+03  3.69e+10
       10  1.11e+04  6.17e+10  3.15e+04  6.17e+10
      100  4.78e+04  9.31e+10  1.36e+05  9.31e+10
      O-O  2.23e+06  1.76e+11       ***  1.76e+11

Reactant = W1   Temperature = 1e+03 K

   P(atm)        W2        P1        P2      Loss
      0.1  2.38e+03  1.89e+10  8.22e+03  1.89e+10
        1  1.18e+04  3.45e+10  3.12e+04  3.45e+10
       10  5.09e+04  5.65e+10   9.8e+04  5.65e+10
      100  1.77e+05  8.38e+10  3.39e+05  8.38e+10
      O-O  4.88e+06  1.57e+11       ***  1.57e+11

Reactant = W1   Temperature = 1.1e+03 K

   P(atm)        W2        P1        P2      Loss
      0.1  9.64e+03  1.79e+10  3.02e+04  1.79e+10
        1  4.06e+04  3.19e+10  9.72e+04  3.19e+10
       10   1.5e+05  5.13e+10  2.65e+05  5.13e+10
      100  4.61e+05   7.5e+10   7.7e+05   7.5e+10
      O-O  9.31e+06  1.39e+11       ***  1.39e+11

Reactant = W1   Temperature = 1.2e+03 K

   P(atm)        W2        P1        P2      Loss
      0.1  3.23e+04  1.61e+10  7.27e+04  1.61e+10
        1  1.17e+05  2.85e+10   2.1e+05  2.85e+10
       10  3.81e+05  4.55e+10   5.2e+05  4.55e+10
      100  1.05e+06  6.61e+10  1.38e+06  6.61e+10
      O-O   1.6e+07  1.23e+11       ***  1.23e+11

Reactant = W1   Temperature = 1.3e+03 K

   P(atm)        W2        P1        P2      Loss
      0.1  8.83e+04   1.5e+10   1.7e+05   1.5e+10
        1  2.87e+05  2.61e+10  4.44e+05  2.61e+10
       10  8.47e+05  4.12e+10  1.01e+06  4.12e+10
      100  2.14e+06  5.92e+10  2.41e+06  5.92e+10
      O-O  2.55e+07  1.09e+11       ***  1.09e+11

Reactant = W1   Temperature = 1.4e+03 K

   P(atm)        W2        P1        P2      Loss
      0.1  1.82e+05  1.35e+10  3.18e+05  1.35e+10
        1  5.53e+05  2.33e+10  7.79e+05  2.33e+10
       10  1.53e+06  3.66e+10  1.66e+06  3.66e+10
      100  3.66e+06  5.23e+10  3.75e+06  5.24e+10
      O-O   3.8e+07  9.71e+10       ***  9.71e+10

Reactant = W1   Temperature = 1.5e+03 K

   P(atm)        W2        P1        P2      Loss
      0.1  3.69e+05  1.21e+10  5.07e+05  1.21e+10
        1  1.03e+06  2.09e+10  1.19e+06  2.09e+10
       10  2.69e+06  3.25e+10  2.42e+06  3.25e+10
      100  6.07e+06  4.65e+10  5.26e+06  4.65e+10
      O-O  5.36e+07  8.64e+10       ***  8.64e+10

Reactant = W1   Temperature = 1.6e+03 K

   P(atm)        W2        P1        P2      Loss
      0.1  6.16e+05  1.13e+10  9.18e+05  1.13e+10
        1  1.69e+06  1.92e+10  2.01e+06  1.92e+10
       10  4.22e+06  2.96e+10   3.9e+06  2.96e+10
      100  9.19e+06  4.19e+10  7.92e+06  4.19e+10
      O-O  7.25e+07  7.71e+10       ***  7.72e+10

Reactant = W1   Temperature = 1.7e+03 K

   P(atm)        W2        P1        P2      Loss
      0.1  1.04e+06  1.04e+10  1.26e+06  1.04e+10
        1  2.71e+06  1.75e+10  2.71e+06  1.75e+10
       10  6.47e+06  2.69e+10  5.07e+06  2.69e+10
      100  1.35e+07  3.78e+10  1.01e+07  3.79e+10
      O-O  9.46e+07   6.9e+10       ***  6.91e+10

Reactant = W1   Temperature = 1.8e+03 K

   P(atm)        W2        P1        P2      Loss
      0.1  1.52e+06  9.46e+09  2.03e+06  9.47e+09
        1  3.89e+06  1.59e+10  4.13e+06  1.59e+10
       10  9.08e+06  2.42e+10  7.43e+06  2.43e+10
      100  1.85e+07   3.4e+10  1.41e+07   3.4e+10
      O-O   1.2e+08   6.2e+10       ***  6.21e+10

Reactant = W1   Temperature = 1.9e+03 K

   P(atm)        W2        P1        P2      Loss
      0.1  2.13e+06  8.58e+09  2.73e+06  8.58e+09
        1  5.31e+06  1.43e+10  5.41e+06  1.44e+10
       10  1.21e+07  2.18e+10  9.52e+06  2.19e+10
      100  2.42e+07  3.06e+10  1.77e+07  3.06e+10
      O-O  1.48e+08  5.58e+10       ***   5.6e+10

Reactant = W1   Temperature = 2e+03 K

   P(atm)        W2        P1        P2      Loss
      0.1  3.12e+06   7.8e+09  3.29e+06   7.8e+09
        1  7.42e+06   1.3e+10  6.45e+06   1.3e+10
       10  1.64e+07  1.97e+10  1.11e+07  1.98e+10
      100  3.18e+07  2.76e+10  2.06e+07  2.77e+10
      O-O  1.78e+08  5.04e+10       ***  5.06e+10

Reactant = W2   Temperature = 500 K

   P(atm)        W1        P1        P2      Loss
      0.1  0.000943  0.000468  1.68e+10  1.68e+10
        1   0.00909   0.00487   4.6e+10   4.6e+10
       10    0.0765     0.072  1.02e+11  1.02e+11
      100      0.88      2.35  1.89e+11  1.89e+11
      O-O       473       ***  4.58e+11  4.58e+11

Reactant = W2   Temperature = 600 K

   P(atm)        W1        P1        P2      Loss
      0.1    0.0174    0.0117  2.81e+10  2.81e+10
        1     0.162     0.108  6.33e+10  6.33e+10
       10      1.35       1.2  1.24e+11  1.24e+11
      100      12.7        28   2.1e+11   2.1e+11
      O-O  4.92e+03       ***  4.74e+11  4.74e+11

Reactant = W2   Temperature = 700 K

   P(atm)        W1        P1        P2      Loss
      0.1     0.275     0.203  3.34e+10  3.34e+10
        1       2.5      1.73  6.91e+10  6.91e+10
       10      20.6      14.6  1.27e+11  1.27e+11
      100       155       209  2.06e+11  2.06e+11
      O-O  2.82e+04       ***  4.55e+11  4.55e+11

Reactant = W2   Temperature = 800 K

   P(atm)        W1        P1        P2      Loss
      0.1      4.06      3.49   3.6e+10   3.6e+10
        1        34      24.8  7.06e+10  7.06e+10
       10       239       146  1.25e+11  1.25e+11
      100  1.32e+03  1.17e+03  1.96e+11  1.96e+11
      O-O  1.08e+05       ***  4.19e+11  4.19e+11

Reactant = W2   Temperature = 900 K

   P(atm)        W1        P1        P2      Loss
      0.1      41.6      28.7  3.42e+10  3.42e+10
        1       283       161  6.54e+10  6.54e+10
       10  1.56e+03       721  1.13e+11  1.13e+11
      100  6.73e+03  4.12e+03  1.76e+11  1.76e+11
      O-O  3.15e+05       ***  3.78e+11  3.78e+11

Reactant = W2   Temperature = 1e+03 K

   P(atm)        W1        P1        P2      Loss
      0.1       349       203  3.37e+10  3.37e+10
        1  1.79e+03       891  6.27e+10  6.27e+10
       10  7.77e+03  3.14e+03  1.06e+11  1.06e+11
      100  2.71e+04  1.31e+04  1.61e+11  1.61e+11
      O-O  7.46e+05       ***  3.37e+11  3.37e+11

Reactant = W2   Temperature = 1.1e+03 K

   P(atm)        W1        P1        P2      Loss
      0.1  1.53e+03       623  3.03e+10  3.03e+10
        1  6.59e+03  2.42e+03  5.57e+10  5.57e+10
       10  2.45e+04  7.49e+03  9.35e+10  9.35e+10
      100  7.53e+04  2.75e+04  1.41e+11  1.41e+11
      O-O  1.52e+06       ***  2.99e+11  2.99e+11

Reactant = W2   Temperature = 1.2e+03 K

   P(atm)        W1        P1        P2      Loss
      0.1  5.43e+03  2.14e+03  2.83e+10  2.83e+10
        1  2.01e+04  7.19e+03  5.12e+10  5.12e+10
       10  6.58e+04  1.96e+04  8.47e+10  8.47e+10
      100  1.81e+05   6.1e+04  1.26e+11  1.26e+11
      O-O  2.77e+06       ***  2.65e+11  2.65e+11

Reactant = W2   Temperature = 1.3e+03 K

   P(atm)        W1        P1        P2      Loss
      0.1  1.56e+04  5.31e+03  2.63e+10  2.63e+10
        1  5.17e+04  1.63e+04  4.69e+10  4.69e+10
       10  1.53e+05  4.04e+04  7.68e+10  7.68e+10
      100  3.87e+05  1.13e+05  1.13e+11  1.13e+11
      O-O  4.62e+06       ***  2.35e+11  2.35e+11

Reactant = W2   Temperature = 1.4e+03 K

   P(atm)        W1        P1        P2      Loss
      0.1  3.36e+04  1.04e+04  2.36e+10  2.36e+10
        1  1.04e+05  3.01e+04  4.19e+10  4.19e+10
       10  2.89e+05  7.04e+04  6.81e+10  6.81e+10
      100  6.91e+05  1.85e+05     1e+11     1e+11
      O-O  7.17e+06       ***  2.09e+11  2.09e+11

Reactant = W2   Temperature = 1.5e+03 K

   P(atm)        W1        P1        P2      Loss
      0.1  7.09e+04  2.32e+04  2.19e+10  2.19e+10
        1  2.02e+05  6.08e+04  3.85e+10  3.85e+10
       10  5.26e+05  1.33e+05   6.2e+10   6.2e+10
      100  1.19e+06  3.17e+05  9.03e+10  9.03e+10
      O-O  1.05e+07       ***  1.86e+11  1.86e+11

Reactant = W2   Temperature = 1.6e+03 K

   P(atm)        W1        P1        P2      Loss
      0.1  1.23e+05  3.25e+04  1.97e+10  1.97e+10
        1  3.41e+05  8.51e+04  3.45e+10  3.45e+10
       10  8.55e+05   1.8e+05  5.53e+10  5.53e+10
      100  1.86e+06  4.24e+05  8.04e+10  8.04e+10
      O-O  1.47e+07       ***  1.66e+11  1.66e+11

Reactant = W2   Temperature = 1.7e+03 K

   P(atm)        W1        P1        P2      Loss
      0.1  2.15e+05  6.29e+04  1.87e+10  1.87e+10
        1  5.65e+05  1.51e+05  3.24e+10  3.24e+10
       10  1.35e+06  3.01e+05  5.13e+10  5.13e+10
      100  2.83e+06  6.59e+05  7.37e+10  7.37e+10
      O-O  1.98e+07       ***  1.48e+11  1.48e+11

Reactant = W2   Temperature = 1.8e+03 K

   P(atm)        W1        P1        P2      Loss
      0.1  3.23e+05  7.67e+04  1.66e+10  1.66e+10
        1  8.36e+05  1.88e+05  2.87e+10  2.87e+10
       10  1.95e+06  3.69e+05  4.55e+10  4.55e+10
      100  3.99e+06  8.09e+05  6.54e+10  6.54e+10
      O-O  2.58e+07       ***  1.33e+11  1.33e+11

Reactant = W2   Temperature = 1.9e+03 K

   P(atm)        W1        P1        P2      Loss
      0.1  4.64e+05  1.06e+05  1.51e+10  1.51e+10
        1  1.17e+06  2.54e+05  2.59e+10  2.59e+10
       10  2.68e+06  4.88e+05   4.1e+10   4.1e+10
      100  5.35e+06  1.05e+06  5.89e+10  5.89e+10
      O-O  3.27e+07       ***   1.2e+11   1.2e+11

Reactant = W2   Temperature = 2e+03 K

   P(atm)        W1        P1        P2      Loss
      0.1  6.98e+05  1.77e+05  1.41e+10  1.41e+10
        1  1.68e+06  3.94e+05  2.41e+10  2.41e+10
       10  3.71e+06  7.26e+05  3.78e+10  3.78e+10
      100  7.21e+06  1.48e+06  5.39e+10  5.39e+10
      O-O  4.04e+07       ***  1.08e+11  1.09e+11

Reactant = P1   Temperature = 500 K

   P(atm)        W1        W2        P2      Loss
      0.1  9.23e-12  6.62e-24  6.42e-18  9.59e-12
        1   2.5e-11   6.7e-23  6.42e-18  2.55e-11
       10  5.33e-11  9.81e-22   6.4e-18  5.33e-11
      100  9.71e-11  3.21e-20  6.13e-18  9.71e-11
      O-O  1.91e-10       ***       ***  1.91e-10

Reactant = P1   Temperature = 600 K

   P(atm)        W1        W2        P2      Loss
      0.1  1.41e-11  1.22e-22  4.88e-17  1.45e-11
        1   3.2e-11  1.09e-21  4.88e-17  3.25e-11
       10  6.09e-11   1.2e-20  4.87e-17  6.09e-11
      100  1.02e-10  2.79e-19  4.66e-17  1.02e-10
      O-O  1.97e-10       ***       ***  1.97e-10

Reactant = P1   Temperature = 700 K

   P(atm)        W1        W2        P2      Loss
      0.1  1.84e-11  1.88e-21  2.45e-16  1.89e-11
        1  3.81e-11  1.53e-20  2.45e-16  3.86e-11
       10  6.78e-11  1.27e-19  2.43e-16  6.78e-11
      100  1.07e-10  1.82e-18  2.31e-16  1.07e-10
      O-O  2.03e-10       ***       ***  2.03e-10

Reactant = P1   Temperature = 800 K

   P(atm)        W1        W2        P2      Loss
      0.1  2.07e-11  3.08e-20  9.06e-16  2.11e-11
        1   4.1e-11  2.11e-19  9.04e-16  4.16e-11
       10  7.07e-11  1.23e-18  8.95e-16  7.07e-11
      100  1.09e-10  9.85e-18   8.4e-16  1.09e-10
      O-O  2.07e-10       ***       ***  2.07e-10

Reactant = P1   Temperature = 900 K

   P(atm)        W1        W2        P2      Loss
      0.1  2.29e-11  2.64e-19  2.67e-15  2.34e-11
        1   4.4e-11   1.4e-18  2.66e-15  4.45e-11
       10  7.41e-11  6.18e-18  2.62e-15  7.41e-11
      100  1.12e-10  3.52e-17  2.42e-15  1.12e-10
      O-O  2.11e-10       ***       ***  2.11e-10

Reactant = P1   Temperature = 1e+03 K

   P(atm)        W1        W2        P2      Loss
      0.1   2.5e-11  1.97e-18  6.65e-15  2.55e-11
        1   4.7e-11  8.16e-18   6.6e-15  4.75e-11
       10  7.74e-11  2.83e-17  6.44e-15  7.74e-11
      100  1.15e-10  1.17e-16  5.85e-15  1.15e-10
      O-O  2.15e-10       ***       ***  2.15e-10

Reactant = P1   Temperature = 1.1e+03 K

   P(atm)        W1        W2        P2      Loss
      0.1   2.7e-11  6.79e-18  1.45e-14  2.75e-11
        1  4.97e-11   2.4e-17  1.43e-14  5.02e-11
       10  8.05e-11  7.24e-17  1.39e-14  8.05e-11
      100  1.18e-10  2.64e-16  1.24e-14  1.18e-10
      O-O  2.18e-10       ***       ***  2.18e-10

Reactant = P1   Temperature = 1.2e+03 K

   P(atm)        W1        W2        P2      Loss
      0.1  2.79e-11  2.48e-17  2.86e-14  2.84e-11
        1  5.08e-11  7.69e-17  2.81e-14  5.14e-11
       10  8.16e-11  2.05e-16  2.69e-14  8.16e-11
      100  1.19e-10  6.35e-16  2.38e-14  1.19e-10
      O-O  2.22e-10       ***       ***  2.22e-10

Reactant = P1   Temperature = 1.3e+03 K

   P(atm)        W1        W2        P2      Loss
      0.1  2.97e-11  6.81e-17  5.16e-14  3.02e-11
        1  5.33e-11   1.9e-16  5.05e-14  5.38e-11
       10  8.45e-11  4.61e-16   4.8e-14  8.46e-11
      100  1.22e-10  1.28e-15  4.16e-14  1.22e-10
      O-O  2.25e-10       ***       ***  2.25e-10

Reactant = P1   Temperature = 1.4e+03 K

   P(atm)        W1        W2        P2      Loss
      0.1  3.05e-11  1.47e-16  8.72e-14   3.1e-11
        1  5.43e-11  3.85e-16   8.5e-14  5.48e-11
       10  8.55e-11  8.78e-16  8.02e-14  8.56e-11
      100  1.23e-10  2.29e-15  6.89e-14  1.23e-10
      O-O  2.27e-10       ***       ***  2.27e-10

Reactant = P1   Temperature = 1.5e+03 K

   P(atm)        W1        W2        P2      Loss
      0.1  3.12e-11  3.48e-16  1.39e-13  3.18e-11
        1  5.52e-11  8.47e-16  1.35e-13  5.57e-11
       10  8.65e-11  1.81e-15  1.27e-13  8.66e-11
      100  1.24e-10  4.31e-15  1.08e-13  1.24e-10
      O-O   2.3e-10       ***       ***   2.3e-10

Reactant = P1   Temperature = 1.6e+03 K

   P(atm)        W1        W2        P2      Loss
      0.1  3.28e-11  5.54e-16  2.12e-13  3.35e-11
        1  5.74e-11  1.31e-15  2.05e-13  5.81e-11
       10  8.92e-11  2.69e-15   1.9e-13  8.94e-11
      100  1.26e-10  6.31e-15  1.59e-13  1.27e-10
      O-O  2.32e-10       ***       ***  2.32e-10

Reactant = P1   Temperature = 1.7e+03 K

   P(atm)        W1        W2        P2      Loss
      0.1  3.42e-11  1.12e-15  3.11e-13   3.5e-11
        1  5.92e-11  2.51e-15  2.98e-13     6e-11
       10  9.13e-11  4.92e-15  2.75e-13  9.16e-11
      100  1.29e-10  1.07e-14  2.29e-13  1.29e-10
      O-O  2.35e-10       ***       ***  2.35e-10

Reactant = P1   Temperature = 1.8e+03 K

   P(atm)        W1        W2        P2      Loss
      0.1   3.5e-11  1.57e-15  4.38e-13  3.59e-11
        1  6.04e-11  3.44e-15  4.19e-13  6.13e-11
       10  9.26e-11   6.6e-15  3.84e-13   9.3e-11
      100   1.3e-10  1.44e-14  3.15e-13   1.3e-10
      O-O  2.37e-10       ***       ***  2.37e-10

Reactant = P1   Temperature = 1.9e+03 K

   P(atm)        W1        W2        P2      Loss
      0.1  3.56e-11  2.37e-15  6.02e-13  3.66e-11
        1  6.11e-11  5.07e-15  5.73e-13  6.22e-11
       10  9.35e-11  9.51e-15  5.23e-13   9.4e-11
      100  1.31e-10  2.03e-14  4.26e-13  1.32e-10
      O-O  2.39e-10       ***       ***  2.39e-10

Reactant = P1   Temperature = 2e+03 K

   P(atm)        W1        W2        P2      Loss
      0.1  3.62e-11  4.15e-15  8.06e-13  3.74e-11
        1  6.18e-11  8.53e-15  7.64e-13  6.32e-11
       10  9.44e-11  1.54e-14  6.94e-13  9.51e-11
      100  1.32e-10  3.12e-14   5.6e-13  1.33e-10
      O-O  2.41e-10       ***       ***  2.41e-10

Reactant = P2   Temperature = 500 K

   P(atm)        W1        W2        P1      Loss
      0.1  1.24e-23  6.82e-12  1.96e-19  7.12e-12
        1  7.29e-23   1.9e-11  1.96e-19  1.95e-11
       10  4.95e-22  4.22e-11  1.95e-19  4.22e-11
      100  7.71e-21  7.86e-11  1.87e-19  7.86e-11
      O-O       ***   1.9e-10       ***   1.9e-10

Reactant = P2   Temperature = 600 K

   P(atm)        W1        W2        P1      Loss
      0.1   1.2e-22  1.12e-11  2.02e-18  1.16e-11
        1  7.97e-22  2.59e-11  2.02e-18  2.64e-11
       10  5.64e-21   5.1e-11  2.02e-18   5.1e-11
      100  7.41e-20  8.66e-11  1.93e-18  8.66e-11
      O-O       ***  1.96e-10       ***  1.96e-10

Reactant = P2   Temperature = 700 K

   P(atm)        W1        W2        P1      Loss
      0.1  1.54e-21  1.41e-11  1.24e-17  1.44e-11
        1  1.04e-20  3.02e-11  1.24e-17  3.07e-11
       10  6.42e-20  5.61e-11  1.24e-17  5.61e-11
      100  5.45e-19  9.12e-11  1.17e-17  9.12e-11
      O-O       ***  2.01e-10       ***  2.01e-10

Reactant = P2   Temperature = 800 K

   P(atm)        W1        W2        P1      Loss
      0.1   1.6e-20  1.67e-11   5.3e-17  1.71e-11
        1  9.48e-20  3.43e-11  5.29e-17  3.47e-11
       10  4.59e-19  6.11e-11  5.24e-17  6.11e-11
      100  2.68e-18   9.6e-11  4.91e-17   9.6e-11
      O-O       ***  2.06e-10       ***  2.06e-10

Reactant = P2   Temperature = 900 K

   P(atm)        W1        W2        P1      Loss
      0.1  1.37e-19  1.79e-11  1.74e-16  1.83e-11
        1  6.48e-19  3.59e-11  1.73e-16  3.63e-11
       10  2.47e-18  6.28e-11   1.7e-16  6.28e-11
      100  1.06e-17  9.74e-11  1.57e-16  9.74e-11
      O-O       ***   2.1e-10       ***   2.1e-10

Reactant = P2   Temperature = 1e+03 K

   P(atm)        W1        W2        P1      Loss
      0.1     8e-19     2e-11   4.7e-16  2.04e-11
        1  3.04e-18  3.92e-11  4.66e-16  3.96e-11
       10   9.5e-18   6.7e-11  4.54e-16   6.7e-11
      100  3.28e-17  1.02e-10  4.13e-16  1.02e-10
      O-O       ***  2.13e-10       ***  2.13e-10

Reactant = P2   Temperature = 1.1e+03 K

   P(atm)        W1        W2        P1      Loss
      0.1  3.59e-18  2.06e-11  1.09e-15   2.1e-11
        1  1.16e-17  3.98e-11  1.08e-15  4.03e-11
       10  3.14e-17  6.75e-11  1.05e-15  6.75e-11
      100  9.12e-17  1.02e-10  9.34e-16  1.02e-10
      O-O       ***  2.17e-10       ***  2.17e-10

Reactant = P2   Temperature = 1.2e+03 K

   P(atm)        W1        W2        P1      Loss
      0.1  1.06e-17   2.2e-11  2.28e-15  2.24e-11
        1  3.03e-17  4.19e-11  2.24e-15  4.24e-11
       10  7.46e-17  7.01e-11  2.15e-15  7.01e-11
      100  1.97e-16  1.05e-10   1.9e-15  1.05e-10
      O-O       ***   2.2e-10       ***   2.2e-10

Reactant = P2   Temperature = 1.3e+03 K

   P(atm)        W1        W2        P1      Loss
      0.1  2.98e-17  2.34e-11  4.31e-15  2.39e-11
        1   7.7e-17   4.4e-11  4.22e-15  4.44e-11
       10  1.73e-16  7.27e-11  4.01e-15  7.27e-11
      100  4.13e-16  1.07e-10  3.48e-15  1.07e-10
      O-O       ***  2.23e-10       ***  2.23e-10

Reactant = P2   Temperature = 1.4e+03 K

   P(atm)        W1        W2        P1      Loss
      0.1  6.65e-17   2.4e-11   7.6e-15  2.44e-11
        1   1.6e-16  4.47e-11  7.41e-15  4.52e-11
       10   3.4e-16  7.35e-11  6.99e-15  7.35e-11
      100  7.66e-16  1.08e-10  6.01e-15  1.08e-10
      O-O       ***  2.26e-10       ***  2.26e-10

Reactant = P2   Temperature = 1.5e+03 K

   P(atm)        W1        W2        P1      Loss
      0.1  1.26e-16  2.53e-11  1.26e-14  2.58e-11
        1  2.89e-16  4.67e-11  1.22e-14  4.72e-11
       10  5.84e-16   7.6e-11  1.15e-14   7.6e-11
      100  1.27e-15  1.11e-10  9.73e-15  1.11e-10
      O-O       ***  2.28e-10       ***  2.28e-10

Reactant = P2   Temperature = 1.6e+03 K

   P(atm)        W1        W2        P1      Loss
      0.1  2.66e-16  2.59e-11  1.98e-14  2.64e-11
        1  5.74e-16  4.74e-11  1.91e-14  4.79e-11
       10   1.1e-15  7.68e-11  1.78e-14  7.68e-11
      100  2.24e-15  1.12e-10  1.49e-14  1.12e-10
      O-O       ***  2.31e-10       ***  2.31e-10

Reactant = P2   Temperature = 1.7e+03 K

   P(atm)        W1        W2        P1      Loss
      0.1  4.27e-16  2.79e-11     3e-14  2.84e-11
        1  8.98e-16  5.03e-11  2.88e-14  5.08e-11
       10  1.67e-15  8.04e-11  2.66e-14  8.04e-11
      100  3.32e-15  1.16e-10  2.21e-14  1.16e-10
      O-O       ***  2.33e-10       ***  2.33e-10

Reactant = P2   Temperature = 1.8e+03 K

   P(atm)        W1        W2        P1      Loss
      0.1  7.95e-16  2.78e-11  4.35e-14  2.82e-11
        1  1.58e-15  5.01e-11  4.16e-14  5.05e-11
       10  2.83e-15  8.01e-11  3.81e-14  8.01e-11
      100  5.35e-15  1.15e-10  3.12e-14  1.15e-10
      O-O       ***  2.35e-10       ***  2.35e-10

Reactant = P2   Temperature = 1.9e+03 K

   P(atm)        W1        W2        P1      Loss
      0.1  1.23e-15  2.83e-11  6.14e-14  2.88e-11
        1  2.39e-15  5.07e-11  5.85e-14  5.12e-11
       10  4.17e-15  8.09e-11  5.34e-14   8.1e-11
      100  7.73e-15  1.16e-10  4.35e-14  1.16e-10
      O-O       ***  2.37e-10       ***  2.37e-10

Reactant = P2   Temperature = 2e+03 K

   P(atm)        W1        W2        P1      Loss
      0.1  1.71e-15  2.95e-11  8.43e-14     3e-11
        1  3.27e-15  5.26e-11  7.99e-14  5.32e-11
       10  5.59e-15  8.33e-11  7.26e-14  8.33e-11
      100  1.03e-14  1.19e-10  5.86e-14  1.19e-10
      O-O       ***  2.39e-10       ***  2.39e-10

______________________________________________________________________________________

Temperature-Species Rate Tables:

Reactant = W1   Pressure = 0.1 atm

   T(K)        W2        P1        P2      Loss   Capture
    500    0.0144  1.04e+10     0.458  1.04e+10  2.13e+11
    600     0.199  1.61e+10      3.29  1.61e+10  2.21e+11
    700       2.6  1.98e+10      32.3  1.98e+10  2.11e+11
    800      33.7  2.01e+10       260  2.01e+10  1.95e+11
    900       310  1.97e+10  1.76e+03  1.97e+10  1.76e+11
  1e+03  2.38e+03  1.89e+10  8.22e+03  1.89e+10  1.57e+11
1.1e+03  9.64e+03  1.79e+10  3.02e+04  1.79e+10  1.39e+11
1.2e+03  3.23e+04  1.61e+10  7.27e+04  1.61e+10  1.23e+11
1.3e+03  8.83e+04   1.5e+10   1.7e+05   1.5e+10  1.09e+11
1.4e+03  1.82e+05  1.35e+10  3.18e+05  1.35e+10  9.71e+10
1.5e+03  3.69e+05  1.21e+10  5.07e+05  1.21e+10  8.64e+10
1.6e+03  6.16e+05  1.13e+10  9.18e+05  1.13e+10  7.72e+10
1.7e+03  1.04e+06  1.04e+10  1.26e+06  1.04e+10  6.91e+10
1.8e+03  1.52e+06  9.46e+09  2.03e+06  9.47e+09  6.21e+10
1.9e+03  2.13e+06  8.58e+09  2.73e+06  8.58e+09   5.6e+10
  2e+03  3.12e+06   7.8e+09  3.29e+06   7.8e+09  5.06e+10

Reactant = W1   Pressure = 1 atm

   T(K)        W2        P1        P2      Loss   Capture
    500     0.138  2.79e+10      2.66  2.79e+10  2.13e+11
    600      1.82  3.59e+10      21.5  3.59e+10  2.21e+11
    700      22.9     4e+10       215     4e+10  2.11e+11
    800       271  3.88e+10  1.52e+03  3.88e+10  1.95e+11
    900  2.03e+03  3.69e+10  8.27e+03  3.69e+10  1.76e+11
  1e+03  1.18e+04  3.45e+10  3.12e+04  3.45e+10  1.57e+11
1.1e+03  4.06e+04  3.19e+10  9.72e+04  3.19e+10  1.39e+11
1.2e+03  1.17e+05  2.85e+10   2.1e+05  2.85e+10  1.23e+11
1.3e+03  2.87e+05  2.61e+10  4.44e+05  2.61e+10  1.09e+11
1.4e+03  5.53e+05  2.33e+10  7.79e+05  2.33e+10  9.71e+10
1.5e+03  1.03e+06  2.09e+10  1.19e+06  2.09e+10  8.64e+10
1.6e+03  1.69e+06  1.92e+10  2.01e+06  1.92e+10  7.72e+10
1.7e+03  2.71e+06  1.75e+10  2.71e+06  1.75e+10  6.91e+10
1.8e+03  3.89e+06  1.59e+10  4.13e+06  1.59e+10  6.21e+10
1.9e+03  5.31e+06  1.43e+10  5.41e+06  1.44e+10   5.6e+10
  2e+03  7.42e+06   1.3e+10  6.45e+06   1.3e+10  5.06e+10

Reactant = W1   Pressure = 10 atm

   T(K)        W2        P1        P2      Loss   Capture
    500      1.16  5.92e+10        18  5.92e+10  2.13e+11
    600      15.1  6.81e+10       152  6.81e+10  2.21e+11
    700       187  7.08e+10  1.32e+03  7.08e+10  2.11e+11
    800  1.89e+03  6.66e+10  7.37e+03  6.66e+10  1.95e+11
    900  1.11e+04  6.17e+10  3.15e+04  6.17e+10  1.76e+11
  1e+03  5.09e+04  5.65e+10   9.8e+04  5.65e+10  1.57e+11
1.1e+03   1.5e+05  5.13e+10  2.65e+05  5.13e+10  1.39e+11
1.2e+03  3.81e+05  4.55e+10   5.2e+05  4.55e+10  1.23e+11
1.3e+03  8.47e+05  4.12e+10  1.01e+06  4.12e+10  1.09e+11
1.4e+03  1.53e+06  3.66e+10  1.66e+06  3.66e+10  9.71e+10
1.5e+03  2.69e+06  3.25e+10  2.42e+06  3.25e+10  8.64e+10
1.6e+03  4.22e+06  2.96e+10   3.9e+06  2.96e+10  7.72e+10
1.7e+03  6.47e+06  2.69e+10  5.07e+06  2.69e+10  6.91e+10
1.8e+03  9.08e+06  2.42e+10  7.43e+06  2.43e+10  6.21e+10
1.9e+03  1.21e+07  2.18e+10  9.52e+06  2.19e+10   5.6e+10
  2e+03  1.64e+07  1.97e+10  1.11e+07  1.98e+10  5.06e+10

Reactant = W1   Pressure = 100 atm

   T(K)        W2        P1        P2      Loss   Capture
    500      13.3  1.08e+11       281  1.08e+11  2.13e+11
    600       142  1.14e+11     2e+03  1.14e+11  2.21e+11
    700  1.41e+03  1.12e+11  1.12e+04  1.12e+11  2.11e+11
    800  1.04e+04  1.03e+11  4.31e+04  1.03e+11  1.95e+11
    900  4.78e+04  9.31e+10  1.36e+05  9.31e+10  1.76e+11
  1e+03  1.77e+05  8.38e+10  3.39e+05  8.38e+10  1.57e+11
1.1e+03  4.61e+05   7.5e+10   7.7e+05   7.5e+10  1.39e+11
1.2e+03  1.05e+06  6.61e+10  1.38e+06  6.61e+10  1.23e+11
1.3e+03  2.14e+06  5.92e+10  2.41e+06  5.92e+10  1.09e+11
1.4e+03  3.66e+06  5.23e+10  3.75e+06  5.24e+10  9.71e+10
1.5e+03  6.07e+06  4.65e+10  5.26e+06  4.65e+10  8.64e+10
1.6e+03  9.19e+06  4.19e+10  7.92e+06  4.19e+10  7.72e+10
1.7e+03  1.35e+07  3.78e+10  1.01e+07  3.79e+10  6.91e+10
1.8e+03  1.85e+07   3.4e+10  1.41e+07   3.4e+10  6.21e+10
1.9e+03  2.42e+07  3.06e+10  1.77e+07  3.06e+10   5.6e+10
  2e+03  3.18e+07  2.76e+10  2.06e+07  2.77e+10  5.06e+10

Reactant = W2   Pressure = 0.1 atm

   T(K)        W1        P1        P2      Loss   Capture
    500  0.000943  0.000468  1.68e+10  1.68e+10  4.58e+11
    600    0.0174    0.0117  2.81e+10  2.81e+10  4.74e+11
    700     0.275     0.203  3.34e+10  3.34e+10  4.55e+11
    800      4.06      3.49   3.6e+10   3.6e+10  4.19e+11
    900      41.6      28.7  3.42e+10  3.42e+10  3.78e+11
  1e+03       349       203  3.37e+10  3.37e+10  3.37e+11
1.1e+03  1.53e+03       623  3.03e+10  3.03e+10  2.99e+11
1.2e+03  5.43e+03  2.14e+03  2.83e+10  2.83e+10  2.65e+11
1.3e+03  1.56e+04  5.31e+03  2.63e+10  2.63e+10  2.35e+11
1.4e+03  3.36e+04  1.04e+04  2.36e+10  2.36e+10  2.09e+11
1.5e+03  7.09e+04  2.32e+04  2.19e+10  2.19e+10  1.86e+11
1.6e+03  1.23e+05  3.25e+04  1.97e+10  1.97e+10  1.66e+11
1.7e+03  2.15e+05  6.29e+04  1.87e+10  1.87e+10  1.48e+11
1.8e+03  3.23e+05  7.67e+04  1.66e+10  1.66e+10  1.33e+11
1.9e+03  4.64e+05  1.06e+05  1.51e+10  1.51e+10   1.2e+11
  2e+03  6.98e+05  1.77e+05  1.41e+10  1.41e+10  1.09e+11

Reactant = W2   Pressure = 1 atm

   T(K)        W1        P1        P2      Loss   Capture
    500   0.00909   0.00487   4.6e+10   4.6e+10  4.58e+11
    600     0.162     0.108  6.33e+10  6.33e+10  4.74e+11
    700       2.5      1.73  6.91e+10  6.91e+10  4.55e+11
    800        34      24.8  7.06e+10  7.06e+10  4.19e+11
    900       283       161  6.54e+10  6.54e+10  3.78e+11
  1e+03  1.79e+03       891  6.27e+10  6.27e+10  3.37e+11
1.1e+03  6.59e+03  2.42e+03  5.57e+10  5.57e+10  2.99e+11
1.2e+03  2.01e+04  7.19e+03  5.12e+10  5.12e+10  2.65e+11
1.3e+03  5.17e+04  1.63e+04  4.69e+10  4.69e+10  2.35e+11
1.4e+03  1.04e+05  3.01e+04  4.19e+10  4.19e+10  2.09e+11
1.5e+03  2.02e+05  6.08e+04  3.85e+10  3.85e+10  1.86e+11
1.6e+03  3.41e+05  8.51e+04  3.45e+10  3.45e+10  1.66e+11
1.7e+03  5.65e+05  1.51e+05  3.24e+10  3.24e+10  1.48e+11
1.8e+03  8.36e+05  1.88e+05  2.87e+10  2.87e+10  1.33e+11
1.9e+03  1.17e+06  2.54e+05  2.59e+10  2.59e+10   1.2e+11
  2e+03  1.68e+06  3.94e+05  2.41e+10  2.41e+10  1.09e+11

Reactant = W2   Pressure = 10 atm

   T(K)        W1        P1        P2      Loss   Capture
    500    0.0765     0.072  1.02e+11  1.02e+11  4.58e+11
    600      1.35       1.2  1.24e+11  1.24e+11  4.74e+11
    700      20.6      14.6  1.27e+11  1.27e+11  4.55e+11
    800       239       146  1.25e+11  1.25e+11  4.19e+11
    900  1.56e+03       721  1.13e+11  1.13e+11  3.78e+11
  1e+03  7.77e+03  3.14e+03  1.06e+11  1.06e+11  3.37e+11
1.1e+03  2.45e+04  7.49e+03  9.35e+10  9.35e+10  2.99e+11
1.2e+03  6.58e+04  1.96e+04  8.47e+10  8.47e+10  2.65e+11
1.3e+03  1.53e+05  4.04e+04  7.68e+10  7.68e+10  2.35e+11
1.4e+03  2.89e+05  7.04e+04  6.81e+10  6.81e+10  2.09e+11
1.5e+03  5.26e+05  1.33e+05   6.2e+10   6.2e+10  1.86e+11
1.6e+03  8.55e+05   1.8e+05  5.53e+10  5.53e+10  1.66e+11
1.7e+03  1.35e+06  3.01e+05  5.13e+10  5.13e+10  1.48e+11
1.8e+03  1.95e+06  3.69e+05  4.55e+10  4.55e+10  1.33e+11
1.9e+03  2.68e+06  4.88e+05   4.1e+10   4.1e+10   1.2e+11
  2e+03  3.71e+06  7.26e+05  3.78e+10  3.78e+10  1.09e+11

Reactant = W2   Pressure = 100 atm

   T(K)        W1        P1        P2      Loss   Capture
    500      0.88      2.35  1.89e+11  1.89e+11  4.58e+11
    600      12.7        28   2.1e+11   2.1e+11  4.74e+11
    700       155       209  2.06e+11  2.06e+11  4.55e+11
    800  1.32e+03  1.17e+03  1.96e+11  1.96e+11  4.19e+11
    900  6.73e+03  4.12e+03  1.76e+11  1.76e+11  3.78e+11
  1e+03  2.71e+04  1.31e+04  1.61e+11  1.61e+11  3.37e+11
1.1e+03  7.53e+04  2.75e+04  1.41e+11  1.41e+11  2.99e+11
1.2e+03  1.81e+05   6.1e+04  1.26e+11  1.26e+11  2.65e+11
1.3e+03  3.87e+05  1.13e+05  1.13e+11  1.13e+11  2.35e+11
1.4e+03  6.91e+05  1.85e+05     1e+11     1e+11  2.09e+11
1.5e+03  1.19e+06  3.17e+05  9.03e+10  9.03e+10  1.86e+11
1.6e+03  1.86e+06  4.24e+05  8.04e+10  8.04e+10  1.66e+11
1.7e+03  2.83e+06  6.59e+05  7.37e+10  7.37e+10  1.48e+11
1.8e+03  3.99e+06  8.09e+05  6.54e+10  6.54e+10  1.33e+11
1.9e+03  5.35e+06  1.05e+06  5.89e+10  5.89e+10   1.2e+11
  2e+03  7.21e+06  1.48e+06  5.39e+10  5.39e+10  1.09e+11

Reactant = P1   Pressure = 0.1 atm

   T(K)        W1        W2        P2      Loss   Capture
    500  9.23e-12  6.62e-24  6.42e-18  9.59e-12  1.91e-10
    600  1.41e-11  1.22e-22  4.88e-17  1.45e-11  1.97e-10
    700  1.84e-11  1.88e-21  2.45e-16  1.89e-11  2.03e-10
    800  2.07e-11  3.08e-20  9.06e-16  2.11e-11  2.07e-10
    900  2.29e-11  2.64e-19  2.67e-15  2.34e-11  2.11e-10
  1e+03   2.5e-11  1.97e-18  6.65e-15  2.55e-11  2.15e-10
1.1e+03   2.7e-11  6.79e-18  1.45e-14  2.75e-11  2.18e-10
1.2e+03  2.79e-11  2.48e-17  2.86e-14  2.84e-11  2.22e-10
1.3e+03  2.97e-11  6.81e-17  5.16e-14  3.02e-11  2.25e-10
1.4e+03  3.05e-11  1.47e-16  8.72e-14   3.1e-11  2.27e-10
1.5e+03  3.12e-11  3.48e-16  1.39e-13  3.18e-11   2.3e-10
1.6e+03  3.28e-11  5.54e-16  2.12e-13  3.35e-11  2.32e-10
1.7e+03  3.42e-11  1.12e-15  3.11e-13   3.5e-11  2.35e-10
1.8e+03   3.5e-11  1.57e-15  4.38e-13  3.59e-11  2.37e-10
1.9e+03  3.56e-11  2.37e-15  6.02e-13  3.66e-11  2.39e-10
  2e+03  3.62e-11  4.15e-15  8.06e-13  3.74e-11  2.41e-10

Reactant = P1   Pressure = 1 atm

   T(K)        W1        W2        P2      Loss   Capture
    500   2.5e-11   6.7e-23  6.42e-18  2.55e-11  1.91e-10
    600   3.2e-11  1.09e-21  4.88e-17  3.25e-11  1.97e-10
    700  3.81e-11  1.53e-20  2.45e-16  3.86e-11  2.03e-10
    800   4.1e-11  2.11e-19  9.04e-16  4.16e-11  2.07e-10
    900   4.4e-11   1.4e-18  2.66e-15  4.45e-11  2.11e-10
  1e+03   4.7e-11  8.16e-18   6.6e-15  4.75e-11  2.15e-10
1.1e+03  4.97e-11   2.4e-17  1.43e-14  5.02e-11  2.18e-10
1.2e+03  5.08e-11  7.69e-17  2.81e-14  5.14e-11  2.22e-10
1.3e+03  5.33e-11   1.9e-16  5.05e-14  5.38e-11  2.25e-10
1.4e+03  5.43e-11  3.85e-16   8.5e-14  5.48e-11  2.27e-10
1.5e+03  5.52e-11  8.47e-16  1.35e-13  5.57e-11   2.3e-10
1.6e+03  5.74e-11  1.31e-15  2.05e-13  5.81e-11  2.32e-10
1.7e+03  5.92e-11  2.51e-15  2.98e-13     6e-11  2.35e-10
1.8e+03  6.04e-11  3.44e-15  4.19e-13  6.13e-11  2.37e-10
1.9e+03  6.11e-11  5.07e-15  5.73e-13  6.22e-11  2.39e-10
  2e+03  6.18e-11  8.53e-15  7.64e-13  6.32e-11  2.41e-10

Reactant = P1   Pressure = 10 atm

   T(K)        W1        W2        P2      Loss   Capture
    500  5.33e-11  9.81e-22   6.4e-18  5.33e-11  1.91e-10
    600  6.09e-11   1.2e-20  4.87e-17  6.09e-11  1.97e-10
    700  6.78e-11  1.27e-19  2.43e-16  6.78e-11  2.03e-10
    800  7.07e-11  1.23e-18  8.95e-16  7.07e-11  2.07e-10
    900  7.41e-11  6.18e-18  2.62e-15  7.41e-11  2.11e-10
  1e+03  7.74e-11  2.83e-17  6.44e-15  7.74e-11  2.15e-10
1.1e+03  8.05e-11  7.24e-17  1.39e-14  8.05e-11  2.18e-10
1.2e+03  8.16e-11  2.05e-16  2.69e-14  8.16e-11  2.22e-10
1.3e+03  8.45e-11  4.61e-16   4.8e-14  8.46e-11  2.25e-10
1.4e+03  8.55e-11  8.78e-16  8.02e-14  8.56e-11  2.27e-10
1.5e+03  8.65e-11  1.81e-15  1.27e-13  8.66e-11   2.3e-10
1.6e+03  8.92e-11  2.69e-15   1.9e-13  8.94e-11  2.32e-10
1.7e+03  9.13e-11  4.92e-15  2.75e-13  9.16e-11  2.35e-10
1.8e+03  9.26e-11   6.6e-15  3.84e-13   9.3e-11  2.37e-10
1.9e+03  9.35e-11  9.51e-15  5.23e-13   9.4e-11  2.39e-10
  2e+03  9.44e-11  1.54e-14  6.94e-13  9.51e-11  2.41e-10

Reactant = P1   Pressure = 100 atm

   T(K)        W1        W2        P2      Loss   Capture
    500  9.71e-11  3.21e-20  6.13e-18  9.71e-11  1.91e-10
    600  1.02e-10  2.79e-19  4.66e-17  1.02e-10  1.97e-10
    700  1.07e-10  1.82e-18  2.31e-16  1.07e-10  2.03e-10
    800  1.09e-10  9.85e-18   8.4e-16  1.09e-10  2.07e-10
    900  1.12e-10  3.52e-17  2.42e-15  1.12e-10  2.11e-10
  1e+03  1.15e-10  1.17e-16  5.85e-15  1.15e-10  2.15e-10
1.1e+03  1.18e-10  2.64e-16  1.24e-14  1.18e-10  2.18e-10
1.2e+03  1.19e-10  6.35e-16  2.38e-14  1.19e-10  2.22e-10
1.3e+03  1.22e-10  1.28e-15  4.16e-14  1.22e-10  2.25e-10
1.4e+03  1.23e-10  2.29e-15  6.89e-14  1.23e-10  2.27e-10
1.5e+03  1.24e-10  4.31e-15  1.08e-13  1.24e-10   2.3e-10
1.6e+03  1.26e-10  6.31e-15  1.59e-13  1.27e-10  2.32e-10
1.7e+03  1.29e-10  1.07e-14  2.29e-13  1.29e-10  2.35e-10
1.8e+03   1.3e-10  1.44e-14  3.15e-13   1.3e-10  2.37e-10
1.9e+03  1.31e-10  2.03e-14  4.26e-13  1.32e-10  2.39e-10
  2e+03  1.32e-10  3.12e-14   5.6e-13  1.33e-10  2.41e-10

Reactant = P2   Pressure = 0.1 atm

   T(K)        W1        W2        P1      Loss   Capture
    500  1.24e-23  6.82e-12  1.96e-19  7.12e-12   1.9e-10
    600   1.2e-22  1.12e-11  2.02e-18  1.16e-11  1.96e-10
    700  1.54e-21  1.41e-11  1.24e-17  1.44e-11  2.01e-10
    800   1.6e-20  1.67e-11   5.3e-17  1.71e-11  2.06e-10
    900  1.37e-19  1.79e-11  1.74e-16  1.83e-11   2.1e-10
  1e+03     8e-19     2e-11   4.7e-16  2.04e-11  2.13e-10
1.1e+03  3.59e-18  2.06e-11  1.09e-15   2.1e-11  2.17e-10
1.2e+03  1.06e-17   2.2e-11  2.28e-15  2.24e-11   2.2e-10
1.3e+03  2.98e-17  2.34e-11  4.31e-15  2.39e-11  2.23e-10
1.4e+03  6.65e-17   2.4e-11   7.6e-15  2.44e-11  2.26e-10
1.5e+03  1.26e-16  2.53e-11  1.26e-14  2.58e-11  2.28e-10
1.6e+03  2.66e-16  2.59e-11  1.98e-14  2.64e-11  2.31e-10
1.7e+03  4.27e-16  2.79e-11     3e-14  2.84e-11  2.33e-10
1.8e+03  7.95e-16  2.78e-11  4.35e-14  2.82e-11  2.35e-10
1.9e+03  1.23e-15  2.83e-11  6.14e-14  2.88e-11  2.37e-10
  2e+03  1.71e-15  2.95e-11  8.43e-14     3e-11  2.39e-10

Reactant = P2   Pressure = 1 atm

   T(K)        W1        W2        P1      Loss   Capture
    500  7.29e-23   1.9e-11  1.96e-19  1.95e-11   1.9e-10
    600  7.97e-22  2.59e-11  2.02e-18  2.64e-11  1.96e-10
    700  1.04e-20  3.02e-11  1.24e-17  3.07e-11  2.01e-10
    800  9.48e-20  3.43e-11  5.29e-17  3.47e-11  2.06e-10
    900  6.48e-19  3.59e-11  1.73e-16  3.63e-11   2.1e-10
  1e+03  3.04e-18  3.92e-11  4.66e-16  3.96e-11  2.13e-10
1.1e+03  1.16e-17  3.98e-11  1.08e-15  4.03e-11  2.17e-10
1.2e+03  3.03e-17  4.19e-11  2.24e-15  4.24e-11   2.2e-10
1.3e+03   7.7e-17   4.4e-11  4.22e-15  4.44e-11  2.23e-10
1.4e+03   1.6e-16  4.47e-11  7.41e-15  4.52e-11  2.26e-10
1.5e+03  2.89e-16  4.67e-11  1.22e-14  4.72e-11  2.28e-10
1.6e+03  5.74e-16  4.74e-11  1.91e-14  4.79e-11  2.31e-10
1.7e+03  8.98e-16  5.03e-11  2.88e-14  5.08e-11  2.33e-10
1.8e+03  1.58e-15  5.01e-11  4.16e-14  5.05e-11  2.35e-10
1.9e+03  2.39e-15  5.07e-11  5.85e-14  5.12e-11  2.37e-10
  2e+03  3.27e-15  5.26e-11  7.99e-14  5.32e-11  2.39e-10

Reactant = P2   Pressure = 10 atm

   T(K)        W1        W2        P1      Loss   Capture
    500  4.95e-22  4.22e-11  1.95e-19  4.22e-11   1.9e-10
    600  5.64e-21   5.1e-11  2.02e-18   5.1e-11  1.96e-10
    700  6.42e-20  5.61e-11  1.24e-17  5.61e-11  2.01e-10
    800  4.59e-19  6.11e-11  5.24e-17  6.11e-11  2.06e-10
    900  2.47e-18  6.28e-11   1.7e-16  6.28e-11   2.1e-10
  1e+03   9.5e-18   6.7e-11  4.54e-16   6.7e-11  2.13e-10
1.1e+03  3.14e-17  6.75e-11  1.05e-15  6.75e-11  2.17e-10
1.2e+03  7.46e-17  7.01e-11  2.15e-15  7.01e-11   2.2e-10
1.3e+03  1.73e-16  7.27e-11  4.01e-15  7.27e-11  2.23e-10
1.4e+03   3.4e-16  7.35e-11  6.99e-15  7.35e-11  2.26e-10
1.5e+03  5.84e-16   7.6e-11  1.15e-14   7.6e-11  2.28e-10
1.6e+03   1.1e-15  7.68e-11  1.78e-14  7.68e-11  2.31e-10
1.7e+03  1.67e-15  8.04e-11  2.66e-14  8.04e-11  2.33e-10
1.8e+03  2.83e-15  8.01e-11  3.81e-14  8.01e-11  2.35e-10
1.9e+03  4.17e-15  8.09e-11  5.34e-14   8.1e-11  2.37e-10
  2e+03  5.59e-15  8.33e-11  7.26e-14  8.33e-11  2.39e-10

Reactant = P2   Pressure = 100 atm

   T(K)        W1        W2        P1      Loss   Capture
    500  7.71e-21  7.86e-11  1.87e-19  7.86e-11   1.9e-10
    600  7.41e-20  8.66e-11  1.93e-18  8.66e-11  1.96e-10
    700  5.45e-19  9.12e-11  1.17e-17  9.12e-11  2.01e-10
    800  2.68e-18   9.6e-11  4.91e-17   9.6e-11  2.06e-10
    900  1.06e-17  9.74e-11  1.57e-16  9.74e-11   2.1e-10
  1e+03  3.28e-17  1.02e-10  4.13e-16  1.02e-10  2.13e-10
1.1e+03  9.12e-17  1.02e-10  9.34e-16  1.02e-10  2.17e-10
1.2e+03  1.97e-16  1.05e-10   1.9e-15  1.05e-10   2.2e-10
1.3e+03  4.13e-16  1.07e-10  3.48e-15  1.07e-10  2.23e-10
1.4e+03  7.66e-16  1.08e-10  6.01e-15  1.08e-10  2.26e-10
1.5e+03  1.27e-15  1.11e-10  9.73e-15  1.11e-10  2.28e-10
1.6e+03  2.24e-15  1.12e-10  1.49e-14  1.12e-10  2.31e-10
1.7e+03  3.32e-15  1.16e-10  2.21e-14  1.16e-10  2.33e-10
1.8e+03  5.35e-15  1.15e-10  3.12e-14  1.15e-10  2.35e-10
1.9e+03  7.73e-15  1.16e-10  4.35e-14  1.16e-10  2.37e-10
  2e+03  1.03e-14  1.19e-10  5.86e-14  1.19e-10  2.39e-10

______________________________________________________________________________________

Temperature-Pressure Rate Tables:

W1->W2

P\T           500       600       700       800       900     1e+03   1.1e+03   1.2e+03   1.3e+03   1.4e+03   1.5e+03   1.6e+03   1.7e+03   1.8e+03   1.9e+03     2e+03
0.1        0.0144     0.199       2.6      33.7       310  2.38e+03  9.64e+03  3.23e+04  8.83e+04  1.82e+05  3.69e+05  6.16e+05  1.04e+06  1.52e+06  2.13e+06  3.12e+06
1           0.138      1.82      22.9       271  2.03e+03  1.18e+04  4.06e+04  1.17e+05  2.87e+05  5.53e+05  1.03e+06  1.69e+06  2.71e+06  3.89e+06  5.31e+06  7.42e+06
10           1.16      15.1       187  1.89e+03  1.11e+04  5.09e+04   1.5e+05  3.81e+05  8.47e+05  1.53e+06  2.69e+06  4.22e+06  6.47e+06  9.08e+06  1.21e+07  1.64e+07
100          13.3       142  1.41e+03  1.04e+04  4.78e+04  1.77e+05  4.61e+05  1.05e+06  2.14e+06  3.66e+06  6.07e+06  9.19e+06  1.35e+07  1.85e+07  2.42e+07  3.18e+07
O-O      7.16e+03  5.47e+04  2.57e+05  8.55e+05  2.23e+06  4.88e+06  9.31e+06   1.6e+07  2.55e+07   3.8e+07  5.36e+07  7.25e+07  9.46e+07   1.2e+08  1.48e+08  1.78e+08

W1->P1

P\T           500       600       700       800       900     1e+03   1.1e+03   1.2e+03   1.3e+03   1.4e+03   1.5e+03   1.6e+03   1.7e+03   1.8e+03   1.9e+03     2e+03
0.1      1.04e+10  1.61e+10  1.98e+10  2.01e+10  1.97e+10  1.89e+10  1.79e+10  1.61e+10   1.5e+10  1.35e+10  1.21e+10  1.13e+10  1.04e+10  9.46e+09  8.58e+09   7.8e+09
1        2.79e+10  3.59e+10     4e+10  3.88e+10  3.69e+10  3.45e+10  3.19e+10  2.85e+10  2.61e+10  2.33e+10  2.09e+10  1.92e+10  1.75e+10  1.59e+10  1.43e+10   1.3e+10
10       5.92e+10  6.81e+10  7.08e+10  6.66e+10  6.17e+10  5.65e+10  5.13e+10  4.55e+10  4.12e+10  3.66e+10  3.25e+10  2.96e+10  2.69e+10  2.42e+10  2.18e+10  1.97e+10
100      1.08e+11  1.14e+11  1.12e+11  1.03e+11  9.31e+10  8.38e+10   7.5e+10  6.61e+10  5.92e+10  5.23e+10  4.65e+10  4.19e+10  3.78e+10   3.4e+10  3.06e+10  2.76e+10
O-O      2.13e+11  2.21e+11  2.11e+11  1.95e+11  1.76e+11  1.57e+11  1.39e+11  1.23e+11  1.09e+11  9.71e+10  8.64e+10  7.71e+10   6.9e+10   6.2e+10  5.58e+10  5.04e+10

W1->P2

P\T           500       600       700       800       900     1e+03   1.1e+03   1.2e+03   1.3e+03   1.4e+03   1.5e+03   1.6e+03   1.7e+03   1.8e+03   1.9e+03     2e+03
0.1         0.458      3.29      32.3       260  1.76e+03  8.22e+03  3.02e+04  7.27e+04   1.7e+05  3.18e+05  5.07e+05  9.18e+05  1.26e+06  2.03e+06  2.73e+06  3.29e+06
1            2.66      21.5       215  1.52e+03  8.27e+03  3.12e+04  9.72e+04   2.1e+05  4.44e+05  7.79e+05  1.19e+06  2.01e+06  2.71e+06  4.13e+06  5.41e+06  6.45e+06
10             18       152  1.32e+03  7.37e+03  3.15e+04   9.8e+04  2.65e+05   5.2e+05  1.01e+06  1.66e+06  2.42e+06   3.9e+06  5.07e+06  7.43e+06  9.52e+06  1.11e+07
100           281     2e+03  1.12e+04  4.31e+04  1.36e+05  3.39e+05   7.7e+05  1.38e+06  2.41e+06  3.75e+06  5.26e+06  7.92e+06  1.01e+07  1.41e+07  1.77e+07  2.06e+07
O-O           ***       ***       ***       ***       ***       ***       ***       ***       ***       ***       ***       ***       ***       ***       ***       ***

W2->W1

P\T           500       600       700       800       900     1e+03   1.1e+03   1.2e+03   1.3e+03   1.4e+03   1.5e+03   1.6e+03   1.7e+03   1.8e+03   1.9e+03     2e+03
0.1      0.000943    0.0174     0.275      4.06      41.6       349  1.53e+03  5.43e+03  1.56e+04  3.36e+04  7.09e+04  1.23e+05  2.15e+05  3.23e+05  4.64e+05  6.98e+05
1         0.00909     0.162       2.5        34       283  1.79e+03  6.59e+03  2.01e+04  5.17e+04  1.04e+05  2.02e+05  3.41e+05  5.65e+05  8.36e+05  1.17e+06  1.68e+06
10         0.0765      1.35      20.6       239  1.56e+03  7.77e+03  2.45e+04  6.58e+04  1.53e+05  2.89e+05  5.26e+05  8.55e+05  1.35e+06  1.95e+06  2.68e+06  3.71e+06
100          0.88      12.7       155  1.32e+03  6.73e+03  2.71e+04  7.53e+04  1.81e+05  3.87e+05  6.91e+05  1.19e+06  1.86e+06  2.83e+06  3.99e+06  5.35e+06  7.21e+06
O-O           473  4.92e+03  2.82e+04  1.08e+05  3.15e+05  7.46e+05  1.52e+06  2.77e+06  4.62e+06  7.17e+06  1.05e+07  1.47e+07  1.98e+07  2.58e+07  3.27e+07  4.04e+07

W2->P1

P\T           500       600       700       800       900     1e+03   1.1e+03   1.2e+03   1.3e+03   1.4e+03   1.5e+03   1.6e+03   1.7e+03   1.8e+03   1.9e+03     2e+03
0.1      0.000468    0.0117     0.203      3.49      28.7       203       623  2.14e+03  5.31e+03  1.04e+04  2.32e+04  3.25e+04  6.29e+04  7.67e+04  1.06e+05  1.77e+05
1         0.00487     0.108      1.73      24.8       161       891  2.42e+03  7.19e+03  1.63e+04  3.01e+04  6.08e+04  8.51e+04  1.51e+05  1.88e+05  2.54e+05  3.94e+05
10          0.072       1.2      14.6       146       721  3.14e+03  7.49e+03  1.96e+04  4.04e+04  7.04e+04  1.33e+05   1.8e+05  3.01e+05  3.69e+05  4.88e+05  7.26e+05
100          2.35        28       209  1.17e+03  4.12e+03  1.31e+04  2.75e+04   6.1e+04  1.13e+05  1.85e+05  3.17e+05  4.24e+05  6.59e+05  8.09e+05  1.05e+06  1.48e+06
O-O           ***       ***       ***       ***       ***       ***       ***       ***       ***       ***       ***       ***       ***       ***       ***       ***

W2->P2

P\T           500       600       700       800       900     1e+03   1.1e+03   1.2e+03   1.3e+03   1.4e+03   1.5e+03   1.6e+03   1.7e+03   1.8e+03   1.9e+03     2e+03
0.1      1.68e+10  2.81e+10  3.34e+10   3.6e+10  3.42e+10  3.37e+10  3.03e+10  2.83e+10  2.63e+10  2.36e+10  2.19e+10  1.97e+10  1.87e+10  1.66e+10  1.51e+10  1.41e+10
1         4.6e+10  6.33e+10  6.91e+10  7.06e+10  6.54e+10  6.27e+10  5.57e+10  5.12e+10  4.69e+10  4.19e+10  3.85e+10  3.45e+10  3.24e+10  2.87e+10  2.59e+10  2.41e+10
10       1.02e+11  1.24e+11  1.27e+11  1.25e+11  1.13e+11  1.06e+11  9.35e+10  8.47e+10  7.68e+10  6.81e+10   6.2e+10  5.53e+10  5.13e+10  4.55e+10   4.1e+10  3.78e+10
100      1.89e+11   2.1e+11  2.06e+11  1.96e+11  1.76e+11  1.61e+11  1.41e+11  1.26e+11  1.13e+11     1e+11  9.03e+10  8.04e+10  7.37e+10  6.54e+10  5.89e+10  5.39e+10
O-O      4.58e+11  4.74e+11  4.55e+11  4.19e+11  3.78e+11  3.37e+11  2.99e+11  2.65e+11  2.35e+11  2.09e+11  1.86e+11  1.66e+11  1.48e+11  1.33e+11   1.2e+11  1.08e+11

P1->W1

P\T           500       600       700       800       900     1e+03   1.1e+03   1.2e+03   1.3e+03   1.4e+03   1.5e+03   1.6e+03   1.7e+03   1.8e+03   1.9e+03     2e+03
0.1      9.23e-12  1.41e-11  1.84e-11  2.07e-11  2.29e-11   2.5e-11   2.7e-11  2.79e-11  2.97e-11  3.05e-11  3.12e-11  3.28e-11  3.42e-11   3.5e-11  3.56e-11  3.62e-11
1         2.5e-11   3.2e-11  3.81e-11   4.1e-11   4.4e-11   4.7e-11  4.97e-11  5.08e-11  5.33e-11  5.43e-11  5.52e-11  5.74e-11  5.92e-11  6.04e-11  6.11e-11  6.18e-11
10       5.33e-11  6.09e-11  6.78e-11  7.07e-11  7.41e-11  7.74e-11  8.05e-11  8.16e-11  8.45e-11  8.55e-11  8.65e-11  8.92e-11  9.13e-11  9.26e-11  9.35e-11  9.44e-11
100      9.71e-11  1.02e-10  1.07e-10  1.09e-10  1.12e-10  1.15e-10  1.18e-10  1.19e-10  1.22e-10  1.23e-10  1.24e-10  1.26e-10  1.29e-10   1.3e-10  1.31e-10  1.32e-10
O-O      1.91e-10  1.97e-10  2.03e-10  2.07e-10  2.11e-10  2.15e-10  2.18e-10  2.22e-10  2.25e-10  2.27e-10   2.3e-10  2.32e-10  2.35e-10  2.37e-10  2.39e-10  2.41e-10

P1->W2

P\T           500       600       700       800       900     1e+03   1.1e+03   1.2e+03   1.3e+03   1.4e+03   1.5e+03   1.6e+03   1.7e+03   1.8e+03   1.9e+03     2e+03
0.1      6.62e-24  1.22e-22  1.88e-21  3.08e-20  2.64e-19  1.97e-18  6.79e-18  2.48e-17  6.81e-17  1.47e-16  3.48e-16  5.54e-16  1.12e-15  1.57e-15  2.37e-15  4.15e-15
1         6.7e-23  1.09e-21  1.53e-20  2.11e-19   1.4e-18  8.16e-18   2.4e-17  7.69e-17   1.9e-16  3.85e-16  8.47e-16  1.31e-15  2.51e-15  3.44e-15  5.07e-15  8.53e-15
10       9.81e-22   1.2e-20  1.27e-19  1.23e-18  6.18e-18  2.83e-17  7.24e-17  2.05e-16  4.61e-16  8.78e-16  1.81e-15  2.69e-15  4.92e-15   6.6e-15  9.51e-15  1.54e-14
100      3.21e-20  2.79e-19  1.82e-18  9.85e-18  3.52e-17  1.17e-16  2.64e-16  6.35e-16  1.28e-15  2.29e-15  4.31e-15  6.31e-15  1.07e-14  1.44e-14  2.03e-14  3.12e-14
O-O           ***       ***       ***       ***       ***       ***       ***       ***       ***       ***       ***       ***       ***       ***       ***       ***

P1->P2

P\T           500       600       700       800       900     1e+03   1.1e+03   1.2e+03   1.3e+03   1.4e+03   1.5e+03   1.6e+03   1.7e+03   1.8e+03   1.9e+03     2e+03
0.1      6.42e-18  4.88e-17  2.45e-16  9.06e-16  2.67e-15  6.65e-15  1.45e-14  2.86e-14  5.16e-14  8.72e-14  1.39e-13  2.12e-13  3.11e-13  4.38e-13  6.02e-13  8.06e-13
1        6.42e-18  4.88e-17  2.45e-16  9.04e-16  2.66e-15   6.6e-15  1.43e-14  2.81e-14  5.05e-14   8.5e-14  1.35e-13  2.05e-13  2.98e-13  4.19e-13  5.73e-13  7.64e-13
10        6.4e-18  4.87e-17  2.43e-16  8.95e-16  2.62e-15  6.44e-15  1.39e-14  2.69e-14   4.8e-14  8.02e-14  1.27e-13   1.9e-13  2.75e-13  3.84e-13  5.23e-13  6.94e-13
100      6.13e-18  4.66e-17  2.31e-16   8.4e-16  2.42e-15  5.85e-15  1.24e-14  2.38e-14  4.16e-14  6.89e-14  1.08e-13  1.59e-13  2.29e-13  3.15e-13  4.26e-13   5.6e-13
O-O           ***       ***       ***       ***       ***       ***       ***       ***       ***       ***       ***       ***       ***       ***       ***       ***

P2->W1

P\T           500       600       700       800       900     1e+03   1.1e+03   1.2e+03   1.3e+03   1.4e+03   1.5e+03   1.6e+03   1.7e+03   1.8e+03   1.9e+03     2e+03
0.1      1.24e-23   1.2e-22  1.54e-21   1.6e-20  1.37e-19     8e-19  3.59e-18  1.06e-17  2.98e-17  6.65e-17  1.26e-16  2.66e-16  4.27e-16  7.95e-16  1.23e-15  1.71e-15
1        7.29e-23  7.97e-22  1.04e-20  9.48e-20  6.48e-19  3.04e-18  1.16e-17  3.03e-17   7.7e-17   1.6e-16  2.89e-16  5.74e-16  8.98e-16  1.58e-15  2.39e-15  3.27e-15
10       4.95e-22  5.64e-21  6.42e-20  4.59e-19  2.47e-18   9.5e-18  3.14e-17  7.46e-17  1.73e-16   3.4e-16  5.84e-16   1.1e-15  1.67e-15  2.83e-15  4.17e-15  5.59e-15
100      7.71e-21  7.41e-20  5.45e-19  2.68e-18  1.06e-17  3.28e-17  9.12e-17  1.97e-16  4.13e-16  7.66e-16  1.27e-15  2.24e-15  3.32e-15  5.35e-15  7.73e-15  1.03e-14
O-O           ***       ***       ***       ***       ***       ***       ***       ***       ***       ***       ***       ***       ***       ***       ***       ***

P2->W2

P\T           500       600       700       800       900     1e+03   1.1e+03   1.2e+03   1.3e+03   1.4e+03   1.5e+03   1.6e+03   1.7e+03   1.8e+03   1.9e+03     2e+03
0.1      6.82e-12  1.12e-11  1.41e-11  1.67e-11  1.79e-11     2e-11  2.06e-11   2.2e-11  2.34e-11   2.4e-11  2.53e-11  2.59e-11  2.79e-11  2.78e-11  2.83e-11  2.95e-11
1         1.9e-11  2.59e-11  3.02e-11  3.43e-11  3.59e-11  3.92e-11  3.98e-11  4.19e-11   4.4e-11  4.47e-11  4.67e-11  4.74e-11  5.03e-11  5.01e-11  5.07e-11  5.26e-11
10       4.22e-11   5.1e-11  5.61e-11  6.11e-11  6.28e-11   6.7e-11  6.75e-11  7.01e-11  7.27e-11  7.35e-11   7.6e-11  7.68e-11  8.04e-11  8.01e-11  8.09e-11  8.33e-11
100      7.86e-11  8.66e-11  9.12e-11   9.6e-11  9.74e-11  1.02e-10  1.02e-10  1.05e-10  1.07e-10  1.08e-10  1.11e-10  1.12e-10  1.16e-10  1.15e-10  1.16e-10  1.19e-10
O-O       1.9e-10  1.96e-10  2.01e-10  2.06e-10   2.1e-10  2.13e-10  2.17e-10   2.2e-10  2.23e-10  2.26e-10  2.28e-10  2.31e-10  2.33e-10  2.35e-10  2.37e-10  2.39e-10

P2->P1

P\T           500       600       700       800       900     1e+03   1.1e+03   1.2e+03   1.3e+03   1.4e+03   1.5e+03   1.6e+03   1.7e+03   1.8e+03   1.9e+03     2e+03
0.1      1.96e-19  2.02e-18  1.24e-17   5.3e-17  1.74e-16   4.7e-16  1.09e-15  2.28e-15  4.31e-15   7.6e-15  1.26e-14  1.98e-14     3e-14  4.35e-14  6.14e-14  8.43e-14
1        1.96e-19  2.02e-18  1.24e-17  5.29e-17  1.73e-16  4.66e-16  1.08e-15  2.24e-15  4.22e-15  7.41e-15  1.22e-14  1.91e-14  2.88e-14  4.16e-14  5.85e-14  7.99e-14
10       1.95e-19  2.02e-18  1.24e-17  5.24e-17   1.7e-16  4.54e-16  1.05e-15  2.15e-15  4.01e-15  6.99e-15  1.15e-14  1.78e-14  2.66e-14  3.81e-14  5.34e-14  7.26e-14
100      1.87e-19  1.93e-18  1.17e-17  4.91e-17  1.57e-16  4.13e-16  9.34e-16   1.9e-15  3.48e-15  6.01e-15  9.73e-15  1.49e-14  2.21e-14  3.12e-14  4.35e-14  5.86e-14
O-O           ***       ***       ***       ***       ***       ***       ***       ***       ***       ***       ***       ***       ***       ***       ***       ***

W1-> 

P\T           500       600       700       800       900     1e+03   1.1e+03   1.2e+03   1.3e+03   1.4e+03   1.5e+03   1.6e+03   1.7e+03   1.8e+03   1.9e+03     2e+03
0.1      1.04e+10  1.61e+10  1.98e+10  2.01e+10  1.97e+10  1.89e+10  1.79e+10  1.61e+10   1.5e+10  1.35e+10  1.21e+10  1.13e+10  1.04e+10  9.47e+09  8.58e+09   7.8e+09
1        2.79e+10  3.59e+10     4e+10  3.88e+10  3.69e+10  3.45e+10  3.19e+10  2.85e+10  2.61e+10  2.33e+10  2.09e+10  1.92e+10  1.75e+10  1.59e+10  1.44e+10   1.3e+10
10       5.92e+10  6.81e+10  7.08e+10  6.66e+10  6.17e+10  5.65e+10  5.13e+10  4.55e+10  4.12e+10  3.66e+10  3.25e+10  2.96e+10  2.69e+10  2.43e+10  2.19e+10  1.98e+10
100      1.08e+11  1.14e+11  1.12e+11  1.03e+11  9.31e+10  8.38e+10   7.5e+10  6.61e+10  5.92e+10  5.24e+10  4.65e+10  4.19e+10  3.79e+10   3.4e+10  3.06e+10  2.77e+10
O-O      2.13e+11  2.21e+11  2.11e+11  1.95e+11  1.76e+11  1.57e+11  1.39e+11  1.23e+11  1.09e+11  9.71e+10  8.64e+10  7.72e+10  6.91e+10  6.21e+10   5.6e+10  5.06e+10

W2-> 

P\T           500       600       700       800       900     1e+03   1.1e+03   1.2e+03   1.3e+03   1.4e+03   1.5e+03   1.6e+03   1.7e+03   1.8e+03   1.9e+03     2e+03
0.1      1.68e+10  2.81e+10  3.34e+10   3.6e+10  3.42e+10  3.37e+10  3.03e+10  2.83e+10  2.63e+10  2.36e+10  2.19e+10  1.97e+10  1.87e+10  1.66e+10  1.51e+10  1.41e+10
1         4.6e+10  6.33e+10  6.91e+10  7.06e+10  6.54e+10  6.27e+10  5.57e+10  5.12e+10  4.69e+10  4.19e+10  3.85e+10  3.45e+10  3.24e+10  2.87e+10  2.59e+10  2.41e+10
10       1.02e+11  1.24e+11  1.27e+11  1.25e+11  1.13e+11  1.06e+11  9.35e+10  8.47e+10  7.68e+10  6.81e+10   6.2e+10  5.53e+10  5.13e+10  4.55e+10   4.1e+10  3.78e+10
100      1.89e+11   2.1e+11  2.06e+11  1.96e+11  1.76e+11  1.61e+11  1.41e+11  1.26e+11  1.13e+11     1e+11  9.03e+10  8.04e+10  7.37e+10  6.54e+10  5.89e+10  5.39e+10
O-O      4.58e+11  4.74e+11  4.55e+11  4.19e+11  3.78e+11  3.37e+11  2.99e+11  2.65e+11  2.35e+11  2.09e+11  1.86e+11  1.66e+11  1.48e+11  1.33e+11   1.2e+11  1.09e+11

P1-> 

P\T           500       600       700       800       900     1e+03   1.1e+03   1.2e+03   1.3e+03   1.4e+03   1.5e+03   1.6e+03   1.7e+03   1.8e+03   1.9e+03     2e+03
0.1      9.59e-12  1.45e-11  1.89e-11  2.11e-11  2.34e-11  2.55e-11  2.75e-11  2.84e-11  3.02e-11   3.1e-11  3.18e-11  3.35e-11   3.5e-11  3.59e-11  3.66e-11  3.74e-11
1        2.55e-11  3.25e-11  3.86e-11  4.16e-11  4.45e-11  4.75e-11  5.02e-11  5.14e-11  5.38e-11  5.48e-11  5.57e-11  5.81e-11     6e-11  6.13e-11  6.22e-11  6.32e-11
10       5.33e-11  6.09e-11  6.78e-11  7.07e-11  7.41e-11  7.74e-11  8.05e-11  8.16e-11  8.46e-11  8.56e-11  8.66e-11  8.94e-11  9.16e-11   9.3e-11   9.4e-11  9.51e-11
100      9.71e-11  1.02e-10  1.07e-10  1.09e-10  1.12e-10  1.15e-10  1.18e-10  1.19e-10  1.22e-10  1.23e-10  1.24e-10  1.27e-10  1.29e-10   1.3e-10  1.32e-10  1.33e-10
O-O      1.91e-10  1.97e-10  2.03e-10  2.07e-10  2.11e-10  2.15e-10  2.18e-10  2.22e-10  2.25e-10  2.27e-10   2.3e-10  2.32e-10  2.35e-10  2.37e-10  2.39e-10  2.41e-10

P2-> 

P\T           500       600       700       800       900     1e+03   1.1e+03   1.2e+03   1.3e+03   1.4e+03   1.5e+03   1.6e+03   1.7e+03   1.8e+03   1.9e+03     2e+03
0.1      7.12e-12  1.16e-11  1.44e-11  1.71e-11  1.83e-11  2.04e-11   2.1e-11  2.24e-11  2.39e-11  2.44e-11  2.58e-11  2.64e-11  2.84e-11  2.82e-11  2.88e-11     3e-11
1        1.95e-11  2.64e-11  3.07e-11  3.47e-11  3.63e-11  3.96e-11  4.03e-11  4.24e-11  4.44e-11  4.52e-11  4.72e-11  4.79e-11  5.08e-11  5.05e-11  5.12e-11  5.32e-11
10       4.22e-11   5.1e-11  5.61e-11  6.11e-11  6.28e-11   6.7e-11  6.75e-11  7.01e-11  7.27e-11  7.35e-11   7.6e-11  7.68e-11  8.04e-11  8.01e-11   8.1e-11  8.33e-11
100      7.86e-11  8.66e-11  9.12e-11   9.6e-11  9.74e-11  1.02e-10  1.02e-10  1.05e-10  1.07e-10  1.08e-10  1.11e-10  1.12e-10  1.16e-10  1.15e-10  1.16e-10  1.19e-10
O-O       1.9e-10  1.96e-10  2.01e-10  2.06e-10   2.1e-10  2.13e-10  2.17e-10   2.2e-10  2.23e-10  2.26e-10  2.28e-10  2.31e-10  2.33e-10  2.35e-10  2.37e-10  2.39e-10

